[00000000024d51e8] core interface error: no suitable interface module
[000000000240c338] core libvlc error: interface "globalhotkeys,none" initialization failed
[00000000024d51e8] dbus interface error: Failed to connect to the D-Bus session daemon: Unable to autolaunch a dbus-daemon without a $DISPLAY for X11
[00000000024d51e8] core interface error: no suitable interface module
[000000000240c338] core libvlc error: interface "dbus,none" initialization failed
[000000000240c338] core libvlc: Running vlc with the default interface. Use 'cvlc' to use vlc without interface.
[00000000024d51e8] qt interface error: Could not connect to X server
[00000000024d51e8] skins2 interface error: cannot initialize OSFactory
[00007fbd90003378] ps mux: Open
[00000000024d51e8] [cli] lua interface: Listening on host "*console".
VLC media player 3.0.0-git Vetinari
Command Line Interface initialized. Type `help' for help.
> making a DASHManager
new ratebased adaptionlogic
Chunk bitrate: 0 349952
Buffer size: 0 0
Chunk bitrate: 0 349952
Buffer size: 0 0
[00007fbd90027848] mp4 demux: Fragment sequence discontinuity detected 0 != 2
Download Time: 734672
[00007fbd90018d18] mp4 demux: Fragment sequence discontinuity detected 0 != 2
Download Time: 137498
Startup Time: 1050000
Chunk bitrate: 0 1000000
Buffer size: 0 4001
Chunk bitrate: 0 1000000
Buffer size: 1 4001
Download Time: 2079660
Chunk bitrate: 1 1000000
Buffer size: 2 8001
Download Time: 1273267
Chunk bitrate: 2 1000000
Buffer size: 3 12001
Download Time: 2097844
Download Time: 119914
Chunk bitrate: 3 1000000
Buffer size: 4 16001
Download Time: 1535592
Chunk bitrate: 4 1000000
Buffer size: 5 20001
Download Time: 1762306
Chunk bitrate: 5 1000000
Buffer size: 6 24001
Download Time: 1376824
Chunk bitrate: 6 1000000
Buffer size: 7 28001
Download Time: 1246466
Chunk bitrate: 7 1000000
Buffer size: 8 32001
Download Time: 1832405
Chunk bitrate: 8 1000000
Buffer size: 9 36001
Download Time: 1980033
Chunk bitrate: 9 2000000
Buffer size: 9 40001
Chunk bitrate: 9 2000000
Buffer size: 10 40001
Download Time: 2075892
Chunk bitrate: 10 2000000
Buffer size: 11 44001
Download Time: 2460573
Chunk bitrate: 11 1000000
Buffer size: 11 48001
Chunk bitrate: 11 1000000
Buffer size: 12 48001
Download Time: 1924815
Chunk bitrate: 12 1000000
Buffer size: 13 52001
Download Time: 2122937
Chunk bitrate: 13 1000000
Buffer size: 14 56001
Download Time: 1333179
Chunk bitrate: 14 1000000
Buffer size: 15 60001
Download Time: 1444433
Chunk bitrate: 15 1000000
Buffer size: 16 64001
Download Time: 2025873
Chunk bitrate: 16 1000000
Buffer size: 17 68001
Download Time: 1639895
Chunk bitrate: 17 1000000
Buffer size: 18 72001
Download Time: 2448432
Chunk bitrate: 18 1000000
Buffer size: 19 76001
Download Time: 1278945
Chunk bitrate: 19 1000000
Buffer size: 20 80001
Download Time: 2329185
Chunk bitrate: 20 1000000
Buffer size: 21 84001
Download Time: 1210945
Chunk bitrate: 21 1000000
Buffer size: 22 88001
Download Time: 1811931
Chunk bitrate: 22 1000000
Buffer size: 23 92001
Download Time: 2247878
Chunk bitrate: 23 1000000
Buffer size: 24 96001
Download Time: 2240319
Chunk bitrate: 24 1000000
Buffer size: 25 100001
Download Time: 2192079
Chunk bitrate: 25 1000000
Buffer size: 26 104001
Download Time: 2117091
Download Time: 144273
Chunk bitrate: 26 1000000
Buffer size: 27 108001
Download Time: 1197440
Chunk bitrate: 27 1000000
Buffer size: 28 112001
Download Time: 2317726
Chunk bitrate: 28 1000000
Buffer size: 29 116001
Download Time: 1902262
Chunk bitrate: 29 1000000
Buffer size: 30 120001
Download Time: 1377243
Chunk bitrate: 30 1000000
Buffer size: 31 124001
Download Time: 1707767
Chunk bitrate: 31 1000000
Buffer size: 32 128001
Download Time: 2122455
Chunk bitrate: 32 1000000
Buffer size: 33 132001
Download Time: 1668621
Chunk bitrate: 33 1000000
Buffer size: 34 136001
Download Time: 1797059
Chunk bitrate: 34 1000000
Buffer size: 35 140001
Download Time: 1391956
Chunk bitrate: 35 1000000
Buffer size: 36 144001
Download Time: 1152747
Chunk bitrate: 36 1000000
Buffer size: 37 148001
Download Time: 1633348
Chunk bitrate: 37 1000000
Buffer size: 38 152001
Download Time: 1563356
Chunk bitrate: 38 2000000
Buffer size: 38 156001
Chunk bitrate: 38 2000000
Buffer size: 39 156001
Download Time: 2944977
Chunk bitrate: 39 1000000
Buffer size: 39 160001
Chunk bitrate: 39 1000000
Buffer size: 40 160001
Download Time: 1429570
Chunk bitrate: 40 1000000
Buffer size: 41 164001
Download Time: 2264718
Chunk bitrate: 41 1000000
Buffer size: 42 168001
Download Time: 1529287
Chunk bitrate: 42 2000000
Buffer size: 42 172001
Chunk bitrate: 42 2000000
Buffer size: 43 172001
Download Time: 1947909
Chunk bitrate: 43 2000000
Buffer size: 44 176001
Download Time: 2323254
Chunk bitrate: 44 1000000
Buffer size: 44 180001
Chunk bitrate: 44 1000000
Buffer size: 45 180001
Download Time: 1091814
Chunk bitrate: 45 2000000
Buffer size: 45 184001
Chunk bitrate: 45 2000000
Buffer size: 46 184001
Download Time: 3569989
Chunk bitrate: 46 1000000
Buffer size: 46 188001
Chunk bitrate: 46 1000000
Buffer size: 47 188001
Download Time: 2225031
Chunk bitrate: 47 1000000
Buffer size: 48 192001
Download Time: 1641012
Chunk bitrate: 48 1000000
Buffer size: 49 196001
Download Time: 2214931
Chunk bitrate: 49 1000000
Buffer size: 50 200001
Download Time: 1762257
Chunk bitrate: 50 1000000
Buffer size: 51 204001
Download Time: 1302737
Chunk bitrate: 51 1000000
Buffer size: 52 208001
Download Time: 1820015
Chunk bitrate: 52 1000000
Buffer size: 53 212001
Download Time: 1992043
Chunk bitrate: 53 1000000
Buffer size: 54 216001
Download Time: 2403049
Chunk bitrate: 54 1000000
Buffer size: 55 220001
Download Time: 2185976
Chunk bitrate: 55 1000000
Buffer size: 56 224001
Download Time: 2189899
Chunk bitrate: 56 1000000
Buffer size: 57 228001
Download Time: 1289388
Chunk bitrate: 57 1000000
Buffer size: 58 232001
Download Time: 778701
Chunk bitrate: 58 1000000
Buffer size: 59 236001
Download Time: 3097233
Chunk bitrate: 59 1000000
Buffer size: 60 240001
Download Time: 2387254
Chunk bitrate: 60 600000
Buffer size: 60 244001
Chunk bitrate: 60 600000
Buffer size: 61 244001
Download Time: 1743838
Chunk bitrate: 61 600000
Buffer size: 62 248001
Download Time: 555998
Chunk bitrate: 62 600000
Buffer size: 63 252001
Download Time: 577674
Chunk bitrate: 63 600000
Buffer size: 64 256001
Download Time: 1412536
Chunk bitrate: 64 600000
Buffer size: 65 260001
[00007fbd90003378] ps mux: Close
[00007fbd880010a8] idummy demux: command `quit'
[00000000024d51e8] [cli] lua interface error: Error loading script /home/cs244/vlc/share/lua/intf/cli.luac: lua/intf/modules/host.lua:286: Interrupted.
