[00000000021fd1e8] core interface error: no suitable interface module
[0000000002134338] core libvlc error: interface "globalhotkeys,none" initialization failed
[00000000021fd1e8] dbus interface error: Failed to connect to the D-Bus session daemon: Unable to autolaunch a dbus-daemon without a $DISPLAY for X11
[00000000021fd1e8] core interface error: no suitable interface module
[0000000002134338] core libvlc error: interface "dbus,none" initialization failed
[0000000002134338] core libvlc: Running vlc with the default interface. Use 'cvlc' to use vlc without interface.
[00000000021fd1e8] qt interface error: Could not connect to X server
[00000000021fd1e8] skins2 interface error: cannot initialize OSFactory
[00000000021fd1e8] [cli] lua interface: Listening on host "*console".
VLC media player 3.0.0-git Vetinari
Command Line Interface initialized. Type `help' for help.
> [00007f70a8003378] ps mux: Open
making a DASHManager
new ratebased adaptionlogic
Chunk bitrate: 0 349952
Buffer size: 0 0
Chunk bitrate: 0 349952
Buffer size: 0 0
[00007f70a8016d18] mp4 demux: Fragment sequence discontinuity detected 0 != 2
Download Time: 587806
[00007f70a8018f68] mp4 demux: Fragment sequence discontinuity detected 0 != 2
Startup Time: 1050000
Chunk bitrate: 0 1000000
Buffer size: 0 4001
Chunk bitrate: 0 1000000
Buffer size: 1 4001
Download Time: 1989663
Chunk bitrate: 1 600000
Buffer size: 1 8001
Chunk bitrate: 1 600000
Buffer size: 2 8001
Download Time: 1481501
Chunk bitrate: 2 600000
Buffer size: 3 12001
Download Time: 1690968
Chunk bitrate: 3 1000000
Buffer size: 3 16001
Chunk bitrate: 3 1000000
Buffer size: 4 16001
Download Time: 1639878
Chunk bitrate: 4 1000000
Buffer size: 5 20001
Download Time: 1886606
Chunk bitrate: 5 1000000
Buffer size: 6 24001
Download Time: 1224458
Chunk bitrate: 6 1000000
Buffer size: 7 28001
Download Time: 1593106
Chunk bitrate: 7 1000000
Buffer size: 8 32001
Download Time: 3463896
Chunk bitrate: 8 349952
Buffer size: 8 36001
Chunk bitrate: 8 349952
Buffer size: 9 36001
Download Time: 4811850
Chunk bitrate: 9 600000
Buffer size: 9 40001
Chunk bitrate: 9 600000
Buffer size: 10 40001
Download Time: 1619329
Chunk bitrate: 10 600000
Buffer size: 11 44001
Download Time: 1343357
Chunk bitrate: 11 600000
Buffer size: 12 48001
Download Time: 2112136
Chunk bitrate: 12 600000
Buffer size: 13 52001
Download Time: 2550544
Chunk bitrate: 13 349952
Buffer size: 13 56001
Chunk bitrate: 13 349952
Buffer size: 14 56001
Download Time: 4085348
Chunk bitrate: 14 349952
Buffer size: 15 60001
Download Time: 1666077
Chunk bitrate: 15 600000
Buffer size: 15 64001
Chunk bitrate: 15 600000
Buffer size: 16 64001
Download Time: 1460618
Chunk bitrate: 16 1000000
Buffer size: 16 68001
Chunk bitrate: 16 1000000
Buffer size: 17 68001
Download Time: 1614751
Chunk bitrate: 17 1000000
Buffer size: 18 72001
Download Time: 1974063
Chunk bitrate: 18 1000000
Buffer size: 19 76001
Download Time: 746847
Chunk bitrate: 19 2000000
Buffer size: 19 80001
Chunk bitrate: 19 2000000
Buffer size: 20 80001
Download Time: 2683923
Chunk bitrate: 20 1000000
Buffer size: 20 84001
Chunk bitrate: 20 1000000
Buffer size: 21 84001
Download Time: 1353417
Chunk bitrate: 21 1000000
Buffer size: 22 88001
Download Time: 2429793
Chunk bitrate: 22 1000000
Buffer size: 23 92001
Download Time: 1853934
Chunk bitrate: 23 2000000
Buffer size: 23 96001
Chunk bitrate: 23 2000000
Buffer size: 24 96001
Download Time: 2773112
Chunk bitrate: 24 1000000
Buffer size: 24 100001
Chunk bitrate: 24 1000000
Buffer size: 25 100001
Download Time: 1700712
Chunk bitrate: 25 1000000
Buffer size: 26 104001
Download Time: 1338923
Chunk bitrate: 26 1000000
Buffer size: 27 108001
Download Time: 871197
Chunk bitrate: 27 1000000
Buffer size: 28 112001
Download Time: 1756932
Chunk bitrate: 28 1000000
Buffer size: 29 116001
Download Time: 2869675
Chunk bitrate: 29 600000
Buffer size: 29 120001
Chunk bitrate: 29 600000
Buffer size: 30 120001
Download Time: 1005726
Chunk bitrate: 30 1000000
Buffer size: 30 124001
Chunk bitrate: 30 1000000
Buffer size: 31 124001
Download Time: 1236155
Chunk bitrate: 31 1000000
Buffer size: 32 128001
Download Time: 2081088
Chunk bitrate: 32 2000000
Buffer size: 32 132001
Chunk bitrate: 32 2000000
Buffer size: 33 132001
Download Time: 3476903
Chunk bitrate: 33 1000000
Buffer size: 33 136001
Chunk bitrate: 33 1000000
Buffer size: 34 136001
Download Time: 1932319
[00007f70a8003378] core mux error: cannot add this stream
[00007f70a805b968] core decoder error: cannot create packetizer output (h264)
Chunk bitrate: 34 1000000
Buffer size: 35 140001
Download Time: 2199176
Chunk bitrate: 35 349952
Buffer size: 35 144001
Chunk bitrate: 35 349952
Buffer size: 36 144001
Download Time: 1000565
[00007f70a8003378] core mux error: cannot add this stream
[00007f70a80df4d8] core decoder error: cannot create packetizer output (h264)
Chunk bitrate: 36 1000000
Buffer size: 36 148001
Chunk bitrate: 36 1000000
Buffer size: 37 148001
Download Time: 2805802
[00007f70a8003378] core mux error: cannot add this stream
[00007f70a805b968] core decoder error: cannot create packetizer output (h264)
Chunk bitrate: 37 1000000
Buffer size: 38 152001
Download Time: 2583258
Chunk bitrate: 38 1000000
Buffer size: 39 156001
Download Time: 2558796
Chunk bitrate: 39 1000000
Buffer size: 40 160001
Download Time: 4702469
Chunk bitrate: 40 349952
Buffer size: 40 164001
Chunk bitrate: 40 349952
Buffer size: 41 164001
Download Time: 2914570
[00007f70a8003378] core mux error: cannot add this stream
[00007f70a809a0d8] core decoder error: cannot create packetizer output (h264)
Chunk bitrate: 41 600000
Buffer size: 41 168001
Chunk bitrate: 41 600000
Buffer size: 42 168001
Download Time: 2707398
[00007f70a8003378] core mux error: cannot add this stream
[00007f70a8107a98] core decoder error: cannot create packetizer output (h264)
Chunk bitrate: 42 349952
Buffer size: 42 172001
Chunk bitrate: 42 349952
Buffer size: 43 172001
Download Time: 1685707
[00007f70a8003378] core mux error: cannot add this stream
[00007f70a807edc8] core decoder error: cannot create packetizer output (h264)
Chunk bitrate: 43 349952
Buffer size: 44 176001
Download Time: 1834873
Chunk bitrate: 44 600000
Buffer size: 44 180001
Chunk bitrate: 44 600000
Buffer size: 45 180001
Download Time: 4002005
[00007f70a8003378] core mux error: cannot add this stream
[00007f70a80f8188] core decoder error: cannot create packetizer output (h264)
Chunk bitrate: 45 349952
Buffer size: 45 184001
Chunk bitrate: 45 349952
Buffer size: 46 184001
Download Time: 1022927
[00007f70a8003378] core mux error: cannot add this stream
[00007f70a80af588] core decoder error: cannot create packetizer output (h264)
Chunk bitrate: 46 2000000
Buffer size: 46 188001
Chunk bitrate: 46 2000000
Buffer size: 47 188001
Download Time: 1983137
[00007f70a8003378] core mux error: cannot add this stream
[00007f70a80b7e58] core decoder error: cannot create packetizer output (h264)
Chunk bitrate: 47 1000000
Buffer size: 47 192001
Chunk bitrate: 47 1000000
Buffer size: 48 192001
Download Time: 1001381
[00007f70a8003378] core mux error: cannot add this stream
[00007f70a80f1828] core decoder error: cannot create packetizer output (h264)
Chunk bitrate: 48 2000000
Buffer size: 48 196001
Chunk bitrate: 48 2000000
Buffer size: 49 196001
Download Time: 3203635
[00007f70a8003378] core mux error: cannot add this stream
[00007f70a8088428] core decoder error: cannot create packetizer output (h264)
Chunk bitrate: 49 2000000
Buffer size: 50 200001
Download Time: 3736493
Chunk bitrate: 50 1000000
Buffer size: 50 204001
Chunk bitrate: 50 1000000
Buffer size: 51 204001
Download Time: 2461367
[00007f70a8003378] core mux error: cannot add this stream
[00007f70a812c5c8] core decoder error: cannot create packetizer output (h264)
Chunk bitrate: 51 600000
Buffer size: 51 208001
Chunk bitrate: 51 600000
Buffer size: 52 208001
Download Time: 1545260
[00007f70a8003378] core mux error: cannot add this stream
[00007f70a8059538] core decoder error: cannot create packetizer output (h264)
Chunk bitrate: 52 1000000
Buffer size: 52 212001
Chunk bitrate: 52 1000000
Buffer size: 53 212001
Download Time: 968895
[00007f70a8003378] core mux error: cannot add this stream
[00007f70a8140ec8] core decoder error: cannot create packetizer output (h264)
Chunk bitrate: 53 3000000
Buffer size: 53 216001
Chunk bitrate: 53 3000000
Buffer size: 54 216001
Download Time: 3085179
[00007f70a8003378] core mux error: cannot add this stream
[00007f70a8105a58] core decoder error: cannot create packetizer output (h264)
Chunk bitrate: 54 1000000
Buffer size: 54 220001
Chunk bitrate: 54 1000000
Buffer size: 55 220001
Download Time: 2805205
[00007f70a8003378] core mux error: cannot add this stream
[00007f70a815a0e8] core decoder error: cannot create packetizer output (h264)
Chunk bitrate: 55 1000000
Buffer size: 56 224001
Download Time: 5498138
Chunk bitrate: 56 1000000
Buffer size: 57 228001
Download Time: 960605
Chunk bitrate: 57 3000000
Buffer size: 57 232001
Chunk bitrate: 57 3000000
Buffer size: 58 232001
Download Time: 652487
[00007f70a8003378] core mux error: cannot add this stream
[00007f70a81599a8] core decoder error: cannot create packetizer output (h264)
Chunk bitrate: 58 3000000
Buffer size: 59 236001
Download Time: 12645720
Chunk bitrate: 59 349952
Buffer size: 59 240001
Chunk bitrate: 59 349952
Buffer size: 60 240001
Download Time: 4214610
[00007f70a8003378] core mux error: cannot add this stream
[00007f70a8109e68] core decoder error: cannot create packetizer output (h264)
Chunk bitrate: 60 349952
Buffer size: 61 244001
Download Time: 4023006
Chunk bitrate: 61 349952
Buffer size: 62 248001
Download Time: 1555585
Chunk bitrate: 62 349952
Buffer size: 63 252001
Download Time: 1140603
Chunk bitrate: 63 349952
Buffer size: 64 256001
Download Time: 2621136
Chunk bitrate: 64 600000
Buffer size: 64 260001
Chunk bitrate: 64 600000
Buffer size: 65 260001
[00007f70a8003378] ps mux: Close
[00007f70a40015c8] idummy demux: command `quit'
[00000000021fd1e8] [cli] lua interface error: Error loading script /home/cs244/vlc/share/lua/intf/cli.luac: lua/intf/modules/host.lua:286: Interrupted.
