[0000000001a711e8] core interface error: no suitable interface module
[00000000019a8338] core libvlc error: interface "globalhotkeys,none" initialization failed
[0000000001a711e8] dbus interface error: Failed to connect to the D-Bus session daemon: Unable to autolaunch a dbus-daemon without a $DISPLAY for X11
[0000000001a711e8] core interface error: no suitable interface module
[00000000019a8338] core libvlc error: interface "dbus,none" initialization failed
[00000000019a8338] core libvlc: Running vlc with the default interface. Use 'cvlc' to use vlc without interface.
[0000000001a711e8] qt interface error: Could not connect to X server
[0000000001a711e8] skins2 interface error: cannot initialize OSFactory
[0000000001a711e8] [cli] lua interface: Listening on host "*console".
VLC media player 3.0.0-git Vetinari
Command Line Interface initialized. Type `help' for help.
> [00007fd130003378] ps mux: Open
making a DASHManager
new ratebased adaptionlogic
Chunk bitrate: 0 349952
Buffer size: 0 0
Chunk bitrate: 0 349952
Buffer size: 0 0
[00007fd130025868] mp4 demux: Fragment sequence discontinuity detected 0 != 2
Download Time: 734888
[00007fd130025d78] mp4 demux: Fragment sequence discontinuity detected 0 != 2
Startup Time: 1050000
Chunk bitrate: 0 1000000
Buffer size: 0 4001
Chunk bitrate: 0 1000000
Buffer size: 1 4001
Download Time: 2015713
Chunk bitrate: 1 1000000
Buffer size: 2 8001
Download Time: 1749492
Chunk bitrate: 2 1000000
Buffer size: 3 12001
Download Time: 2290651
Chunk bitrate: 3 1000000
Buffer size: 4 16001
Download Time: 2147719
Chunk bitrate: 4 1000000
Buffer size: 5 20001
Download Time: 2134718
Chunk bitrate: 5 1000000
Buffer size: 6 24001
Download Time: 1153269
Chunk bitrate: 6 1000000
Buffer size: 7 28001
Download Time: 1502112
Chunk bitrate: 7 1000000
Buffer size: 8 32001
Download Time: 2067091
Chunk bitrate: 8 1000000
Buffer size: 9 36001
Download Time: 1836099
Chunk bitrate: 9 1000000
Buffer size: 10 40001
Download Time: 1453783
Chunk bitrate: 10 1000000
Buffer size: 11 44001
Download Time: 1122053
Chunk bitrate: 11 2000000
Buffer size: 11 48001
Chunk bitrate: 11 2000000
Buffer size: 12 48001
Download Time: 4245534
Chunk bitrate: 12 1000000
Buffer size: 12 52001
Chunk bitrate: 12 1000000
Buffer size: 13 52001
Download Time: 1551644
Chunk bitrate: 13 1000000
Buffer size: 14 56001
Download Time: 1648073
Chunk bitrate: 14 1000000
Buffer size: 15 60001
Download Time: 1223949
Chunk bitrate: 15 1000000
Buffer size: 16 64001
Download Time: 1921557
Chunk bitrate: 16 1000000
Buffer size: 17 68001
Download Time: 1289189
Chunk bitrate: 17 1000000
Buffer size: 18 72001
Download Time: 1789272
Chunk bitrate: 18 1000000
Buffer size: 19 76001
Download Time: 975396
Chunk bitrate: 19 1000000
Buffer size: 20 80001
Download Time: 1972296
Chunk bitrate: 20 1000000
Buffer size: 21 84001
Download Time: 1297028
Chunk bitrate: 21 1000000
Buffer size: 22 88001
Download Time: 1646317
Chunk bitrate: 22 1000000
Buffer size: 23 92001
Download Time: 2443580
Chunk bitrate: 23 1000000
Buffer size: 24 96001
Download Time: 2424433
Chunk bitrate: 24 1000000
Buffer size: 25 100001
Download Time: 1980402
Chunk bitrate: 25 1000000
Buffer size: 26 104001
Download Time: 2148791
Chunk bitrate: 26 1000000
Buffer size: 27 108001
Download Time: 1196504
Chunk bitrate: 27 1000000
Buffer size: 28 112001
Download Time: 2161454
Chunk bitrate: 28 1000000
Buffer size: 29 116001
Download Time: 2282101
Chunk bitrate: 29 1000000
Buffer size: 30 120001
Download Time: 1452980
Chunk bitrate: 30 1000000
Buffer size: 31 124001
Download Time: 1683644
Chunk bitrate: 31 1000000
Buffer size: 32 128001
Download Time: 2136515
Chunk bitrate: 32 1000000
Buffer size: 33 132001
Download Time: 2259317
Chunk bitrate: 33 1000000
Buffer size: 34 136001
Download Time: 2240426
Chunk bitrate: 34 1000000
Buffer size: 35 140001
Download Time: 1695662
Chunk bitrate: 35 1000000
Buffer size: 36 144001
Download Time: 1674046
Chunk bitrate: 36 1000000
Buffer size: 37 148001
Download Time: 3032438
Chunk bitrate: 37 1000000
Buffer size: 38 152001
Download Time: 2712293
Chunk bitrate: 38 1000000
Buffer size: 39 156001
Download Time: 3030336
Chunk bitrate: 39 600000
Buffer size: 39 160001
Chunk bitrate: 39 600000
Buffer size: 40 160001
Download Time: 2047913
Chunk bitrate: 40 600000
Buffer size: 41 164001
Download Time: 3207859
Chunk bitrate: 41 349952
Buffer size: 41 168001
Chunk bitrate: 41 349952
Buffer size: 42 168001
Download Time: 2862263
Chunk bitrate: 42 349952
Buffer size: 43 172001
Download Time: 4021650
Chunk bitrate: 43 349952
Buffer size: 44 176001
Download Time: 2394752
Chunk bitrate: 44 349952
Buffer size: 45 180001
Download Time: 1429880
Chunk bitrate: 45 600000
Buffer size: 45 184001
Chunk bitrate: 45 600000
Buffer size: 46 184001
Download Time: 2184066
Chunk bitrate: 46 600000
Buffer size: 47 188001
Download Time: 2053361
Chunk bitrate: 47 600000
Buffer size: 48 192001
Download Time: 2272709
Chunk bitrate: 48 349952
Buffer size: 48 196001
Chunk bitrate: 48 349952
Buffer size: 49 196001
Download Time: 2623061
Chunk bitrate: 49 349952
Buffer size: 50 200001
Download Time: 2036912
Chunk bitrate: 50 349952
Buffer size: 51 204001
Download Time: 1228890
Chunk bitrate: 51 349952
Buffer size: 52 208001
Download Time: 1610629
Chunk bitrate: 52 600000
Buffer size: 52 212001
Chunk bitrate: 52 600000
Buffer size: 53 212001
Download Time: 1926618
Chunk bitrate: 53 600000
Buffer size: 54 216001
Download Time: 1779664
Chunk bitrate: 54 600000
Buffer size: 55 220001
Download Time: 2231587
Chunk bitrate: 55 600000
Buffer size: 56 224001
Download Time: 2141721
Chunk bitrate: 56 349952
Buffer size: 56 228001
Chunk bitrate: 56 349952
Buffer size: 57 228001
Download Time: 977084
Chunk bitrate: 57 600000
Buffer size: 57 232001
Chunk bitrate: 57 600000
Buffer size: 58 232001
Download Time: 620493
Chunk bitrate: 58 600000
Buffer size: 59 236001
Download Time: 1930429
Chunk bitrate: 59 1000000
Buffer size: 59 240001
Chunk bitrate: 59 1000000
Buffer size: 60 240001
Download Time: 2835551
Chunk bitrate: 60 600000
Buffer size: 60 244001
Chunk bitrate: 60 600000
Buffer size: 61 244001
Download Time: 2645217
Chunk bitrate: 61 349952
Buffer size: 61 248001
Chunk bitrate: 61 349952
Buffer size: 62 248001
Download Time: 643953
Chunk bitrate: 62 349952
Buffer size: 63 252001
Download Time: 302778
Chunk bitrate: 63 600000
Buffer size: 63 256001
Chunk bitrate: 63 600000
Buffer size: 64 256001
Download Time: 1043678
Chunk bitrate: 64 600000
Buffer size: 65 260001
[00007fd130003378] ps mux: Close
[00007fd1280010f8] idummy demux: command `quit'
[0000000001a711e8] [cli] lua interface error: Error loading script /home/cs244/vlc/share/lua/intf/cli.luac: lua/intf/modules/host.lua:286: Interrupted.
