[000000000168c1e8] core interface error: no suitable interface module
[00000000015c3338] core libvlc error: interface "globalhotkeys,none" initialization failed
[000000000168c1e8] dbus interface error: Failed to connect to the D-Bus session daemon: Unable to autolaunch a dbus-daemon without a $DISPLAY for X11
[000000000168c1e8] core interface error: no suitable interface module
[00000000015c3338] core libvlc error: interface "dbus,none" initialization failed
[00000000015c3338] core libvlc: Running vlc with the default interface. Use 'cvlc' to use vlc without interface.
[000000000168c1e8] qt interface error: Could not connect to X server
[000000000168c1e8] skins2 interface error: cannot initialize OSFactory
[000000000168c1e8] [cli] lua interface: Listening on host "*console".
VLC media player 3.0.0-git Vetinari
Command Line Interface initialized. Type `help' for help.
> [00007f1328003378] ps mux: Open
making a DASHManager
new ratebased adaptionlogic
Chunk bitrate: 0 349952
Buffer size: 0 0
Chunk bitrate: 0 349952
Buffer size: 0 0
[00007f1328019168] mp4 demux: Fragment sequence discontinuity detected 0 != 2
Download Time: 585853
[00007f1328019938] mp4 demux: Fragment sequence discontinuity detected 0 != 2
Startup Time: 1050000
Chunk bitrate: 0 1000000
Buffer size: 0 4001
Chunk bitrate: 0 1000000
Buffer size: 1 4001
Download Time: 1962352
Chunk bitrate: 1 1000000
Buffer size: 2 8001
Download Time: 1896001
Chunk bitrate: 2 1000000
Buffer size: 3 12001
Download Time: 2215250
Chunk bitrate: 3 1000000
Buffer size: 4 16001
Download Time: 1636580
Chunk bitrate: 4 1000000
Buffer size: 5 20001
Download Time: 4649841
Chunk bitrate: 5 349952
Buffer size: 5 24001
Chunk bitrate: 5 349952
Buffer size: 6 24001
Download Time: 1988412
Chunk bitrate: 6 349952
Buffer size: 7 28001
Download Time: 2335486
Chunk bitrate: 7 600000
Buffer size: 7 32001
Chunk bitrate: 7 600000
Buffer size: 8 32001
Download Time: 1895305
Chunk bitrate: 8 600000
Buffer size: 9 36001
Download Time: 1875998
Chunk bitrate: 9 600000
Buffer size: 10 40001
Download Time: 1515184
Chunk bitrate: 10 1000000
Buffer size: 10 44001
Chunk bitrate: 10 1000000
Buffer size: 11 44001
Download Time: 3297984
Chunk bitrate: 11 600000
Buffer size: 11 48001
Chunk bitrate: 11 600000
Buffer size: 12 48001
Download Time: 2675817
Chunk bitrate: 12 600000
Buffer size: 13 52001
Download Time: 1684939
Chunk bitrate: 13 1000000
Buffer size: 13 56001
Chunk bitrate: 13 1000000
Buffer size: 14 56001
Download Time: 2755841
Chunk bitrate: 14 1000000
Buffer size: 15 60001
Download Time: 1558879
Chunk bitrate: 15 1000000
Buffer size: 16 64001
Download Time: 2070800
Chunk bitrate: 16 1000000
Buffer size: 17 68001
Download Time: 2162988
Chunk bitrate: 17 600000
Buffer size: 17 72001
Chunk bitrate: 17 600000
Buffer size: 18 72001
Download Time: 1699923
Chunk bitrate: 18 1000000
Buffer size: 18 76001
Chunk bitrate: 18 1000000
Buffer size: 19 76001
Download Time: 1332814
Chunk bitrate: 19 1000000
Buffer size: 20 80001
Download Time: 2779613
Chunk bitrate: 20 600000
Buffer size: 20 84001
Chunk bitrate: 20 600000
Buffer size: 21 84001
Download Time: 1359210
Chunk bitrate: 21 600000
Buffer size: 22 88001
Download Time: 1546272
Chunk bitrate: 22 1000000
Buffer size: 22 92001
Chunk bitrate: 22 1000000
Buffer size: 23 92001
Download Time: 6726594
Chunk bitrate: 23 349952
Buffer size: 23 96001
Chunk bitrate: 23 349952
Buffer size: 24 96001
Download Time: 2953628
Chunk bitrate: 24 600000
Buffer size: 24 100001
Chunk bitrate: 24 600000
Buffer size: 25 100001
Download Time: 2970087
Chunk bitrate: 25 600000
Buffer size: 26 104001
Download Time: 1822516
Chunk bitrate: 26 600000
Buffer size: 27 108001
Download Time: 1352254
Chunk bitrate: 27 600000
Buffer size: 28 112001
Download Time: 1914232
Chunk bitrate: 28 600000
Buffer size: 29 116001
Download Time: 1858452
Chunk bitrate: 29 600000
Buffer size: 30 120001
Download Time: 1535960
Chunk bitrate: 30 1000000
Buffer size: 30 124001
Chunk bitrate: 30 1000000
Buffer size: 31 124001
Download Time: 1674390
Chunk bitrate: 31 1000000
Buffer size: 32 128001
Download Time: 3763332
Chunk bitrate: 32 1000000
Buffer size: 33 132001
Download Time: 2062506
Chunk bitrate: 33 1000000
Buffer size: 34 136001
Download Time: 1484067
Chunk bitrate: 34 1000000
Buffer size: 35 140001
Download Time: 1861017
Chunk bitrate: 35 1000000
Buffer size: 36 144001
Download Time: 1522024
Chunk bitrate: 36 1000000
Buffer size: 37 148001
Download Time: 2239594
Chunk bitrate: 37 600000
Buffer size: 37 152001
Chunk bitrate: 37 600000
Buffer size: 38 152001
Download Time: 1761210
Chunk bitrate: 38 600000
Buffer size: 39 156001
Download Time: 1793497
Chunk bitrate: 39 600000
Buffer size: 40 160001
Download Time: 1718617
Chunk bitrate: 40 600000
Buffer size: 41 164001
Download Time: 1586124
Chunk bitrate: 41 1000000
Buffer size: 41 168001
Chunk bitrate: 41 1000000
Buffer size: 42 168001
Download Time: 2480173
Chunk bitrate: 42 1000000
Buffer size: 43 172001
Download Time: 2899705
Chunk bitrate: 43 600000
Buffer size: 43 176001
Chunk bitrate: 43 600000
Buffer size: 44 176001
Download Time: 1524230
[00007f1328003378] core mux error: cannot add this stream
[00007f132810e538] core decoder error: cannot create packetizer output (h264)
Chunk bitrate: 44 1000000
Buffer size: 44 180001
Chunk bitrate: 44 1000000
Buffer size: 45 180001
Download Time: 3157141
[00007f1328003378] core mux error: cannot add this stream
[00007f13281301b8] core decoder error: cannot create packetizer output (h264)
Chunk bitrate: 45 1000000
Buffer size: 46 184001
Download Time: 3030629
Chunk bitrate: 46 1000000
Buffer size: 47 188001
Download Time: 2193694
Chunk bitrate: 47 1000000
Buffer size: 48 192001
Download Time: 1368693
Chunk bitrate: 48 1000000
Buffer size: 49 196001
Download Time: 1878223
Chunk bitrate: 49 1000000
Buffer size: 50 200001
Download Time: 1545925
Chunk bitrate: 50 1000000
Buffer size: 51 204001
Download Time: 1341992
Chunk bitrate: 51 1000000
Buffer size: 52 208001
Download Time: 1226361
Chunk bitrate: 52 2000000
Buffer size: 52 212001
Chunk bitrate: 52 2000000
Buffer size: 53 212001
Download Time: 2922053
[00007f1328003378] core mux error: cannot add this stream
[00007f1328040bc8] core decoder error: cannot create packetizer output (h264)
Chunk bitrate: 53 1000000
Buffer size: 53 216001
Chunk bitrate: 53 1000000
Buffer size: 54 216001
Download Time: 3186776
[00007f1328003378] core mux error: cannot add this stream
[00007f13281518a8] core decoder error: cannot create packetizer output (h264)
Chunk bitrate: 54 349952
Buffer size: 54 220001
Chunk bitrate: 54 349952
Buffer size: 55 220001
Download Time: 1639648
[00007f1328003378] core mux error: cannot add this stream
[00007f1328104f58] core decoder error: cannot create packetizer output (h264)
Chunk bitrate: 55 600000
Buffer size: 55 224001
Chunk bitrate: 55 600000
Buffer size: 56 224001
Download Time: 1352860
[00007f1328003378] core mux error: cannot add this stream
[00007f132804bb98] core decoder error: cannot create packetizer output (h264)
Chunk bitrate: 56 1000000
Buffer size: 56 228001
Chunk bitrate: 56 1000000
Buffer size: 57 228001
Download Time: 1346297
[00007f1328003378] core mux error: cannot add this stream
[00007f1328122d08] core decoder error: cannot create packetizer output (h264)
Chunk bitrate: 57 1000000
Buffer size: 58 232001
Download Time: 445231
Chunk bitrate: 58 1000000
Buffer size: 59 236001
Download Time: 2228590
Chunk bitrate: 59 1000000
Buffer size: 60 240001
Download Time: 1753306
Chunk bitrate: 60 1000000
Buffer size: 61 244001
Download Time: 1672684
Chunk bitrate: 61 1000000
Buffer size: 62 248001
Download Time: 519221
Chunk bitrate: 62 1000000
Buffer size: 63 252001
Download Time: 362362
Chunk bitrate: 63 1000000
Buffer size: 64 256001
Download Time: 666994
Chunk bitrate: 64 1000000
Buffer size: 65 260001
[00007f1328003378] ps mux: Close
[00007f1330001348] idummy demux: command `quit'
[000000000168c1e8] [cli] lua interface error: Error loading script /home/cs244/vlc/share/lua/intf/cli.luac: lua/intf/modules/host.lua:286: Interrupted.
