[0000000001835548] core interface error: no suitable interface module
[000000000176e338] core libvlc error: interface "globalhotkeys,none" initialization failed
[0000000001835548] dbus interface error: Failed to connect to the D-Bus session daemon: Unable to autolaunch a dbus-daemon without a $DISPLAY for X11
[0000000001835548] core interface error: no suitable interface module
[000000000176e338] core libvlc error: interface "dbus,none" initialization failed
[000000000176e338] core libvlc: Running vlc with the default interface. Use 'cvlc' to use vlc without interface.
[0000000001835548] qt interface error: Could not connect to X server
[0000000001835548] skins2 interface error: cannot initialize OSFactory
[0000000001835548] [cli] lua interface: Listening on host "*console".
VLC media player 3.0.0-git Vetinari
Command Line Interface initialized. Type `help' for help.
> [00007efef8003378] ps mux: Open
making a DASHManager
new ratebased adaptionlogic
Chunk bitrate: 0 349952
Buffer size: 0 0
Chunk bitrate: 0 349952
Buffer size: 0 0
[00007efef8023498] mp4 demux: Fragment sequence discontinuity detected 0 != 2
Download Time: 1029196
[00007efef8018ab8] mp4 demux: Fragment sequence discontinuity detected 0 != 2
Startup Time: 1050000
Chunk bitrate: 0 600000
Buffer size: 0 4001
Chunk bitrate: 0 600000
Buffer size: 1 4001
Download Time: 1135472
Chunk bitrate: 1 1000000
Buffer size: 1 8001
Chunk bitrate: 1 1000000
Buffer size: 2 8001
Download Time: 1175460
Chunk bitrate: 2 1000000
Buffer size: 3 12001
Download Time: 1548054
Chunk bitrate: 3 1000000
Buffer size: 4 16001
Download Time: 1312195
Chunk bitrate: 4 1000000
Buffer size: 5 20001
Download Time: 1711923
Chunk bitrate: 5 1000000
Buffer size: 6 24001
Download Time: 1103064
Chunk bitrate: 6 1000000
Buffer size: 7 28001
Download Time: 1502652
Chunk bitrate: 7 1000000
Buffer size: 8 32001
Download Time: 2387929
Chunk bitrate: 8 1000000
Buffer size: 9 36001
Download Time: 1840598
Chunk bitrate: 9 1000000
Buffer size: 10 40001
Download Time: 1606612
Chunk bitrate: 10 1000000
Buffer size: 11 44001
Download Time: 1911855
Chunk bitrate: 11 1000000
Buffer size: 12 48001
Download Time: 1911632
Chunk bitrate: 12 1000000
Buffer size: 13 52001
Download Time: 2102217
Chunk bitrate: 13 1000000
Buffer size: 14 56001
Download Time: 2076514
Chunk bitrate: 14 600000
Buffer size: 14 60001
Chunk bitrate: 14 600000
Buffer size: 15 60001
Download Time: 1278553
Chunk bitrate: 15 1000000
Buffer size: 15 64001
Chunk bitrate: 15 1000000
Buffer size: 16 64001
Download Time: 1539303
Chunk bitrate: 16 1000000
Buffer size: 17 68001
Download Time: 1291559
Chunk bitrate: 17 1000000
Buffer size: 18 72001
Download Time: 1537360
Chunk bitrate: 18 1000000
Buffer size: 19 76001
Download Time: 851685
Chunk bitrate: 19 1000000
Buffer size: 20 80001
Download Time: 1659946
Chunk bitrate: 20 1000000
Buffer size: 21 84001
Download Time: 948097
Chunk bitrate: 21 1000000
Buffer size: 22 88001
Download Time: 1320528
Chunk bitrate: 22 1000000
Buffer size: 23 92001
Download Time: 1668844
Chunk bitrate: 23 1000000
Buffer size: 24 96001
Download Time: 1563483
Chunk bitrate: 24 1000000
Buffer size: 25 100001
Download Time: 1592896
Chunk bitrate: 25 1000000
Buffer size: 26 104001
Download Time: 1479568
Chunk bitrate: 26 1000000
Buffer size: 27 108001
Download Time: 799944
Chunk bitrate: 27 1000000
Buffer size: 28 112001
Download Time: 1576647
Chunk bitrate: 28 1000000
Buffer size: 29 116001
Download Time: 1724818
Chunk bitrate: 29 1000000
Buffer size: 30 120001
Download Time: 1196254
Chunk bitrate: 30 1000000
Buffer size: 31 124001
Download Time: 1317569
Chunk bitrate: 31 1000000
Buffer size: 32 128001
Download Time: 1900521
Chunk bitrate: 32 1000000
Buffer size: 33 132001
Download Time: 1825126
Chunk bitrate: 33 1000000
Buffer size: 34 136001
Download Time: 1996687
Chunk bitrate: 34 1000000
Buffer size: 35 140001
Download Time: 1575404
Chunk bitrate: 35 1000000
Buffer size: 36 144001
Download Time: 1381123
Download Time: 120479
Chunk bitrate: 36 1000000
Buffer size: 37 148001
Download Time: 1793877
Chunk bitrate: 37 1000000
Buffer size: 38 152001
Download Time: 2202481
Chunk bitrate: 38 1000000
Buffer size: 39 156001
Download Time: 1912795
Chunk bitrate: 39 1000000
Buffer size: 40 160001
Download Time: 1431512
Chunk bitrate: 40 1000000
Buffer size: 41 164001
Download Time: 1766300
Chunk bitrate: 41 1000000
Buffer size: 42 168001
Download Time: 1399691
Chunk bitrate: 42 1000000
Buffer size: 43 172001
Download Time: 1784399
Chunk bitrate: 43 1000000
Buffer size: 44 176001
Download Time: 1243911
Chunk bitrate: 44 1000000
Buffer size: 45 180001
Download Time: 1415932
Chunk bitrate: 45 1000000
Buffer size: 46 184001
Download Time: 1298024
Chunk bitrate: 46 2000000
Buffer size: 46 188001
Chunk bitrate: 46 2000000
Buffer size: 47 188001
Download Time: 1943761
Chunk bitrate: 47 2000000
Buffer size: 48 192001
Download Time: 2245870
Chunk bitrate: 48 1000000
Buffer size: 48 196001
Chunk bitrate: 48 1000000
Buffer size: 49 196001
Download Time: 1744204
Chunk bitrate: 49 1000000
Buffer size: 50 200001
Download Time: 1452391
Chunk bitrate: 50 1000000
Buffer size: 51 204001
Download Time: 1144129
Chunk bitrate: 51 1000000
Buffer size: 52 208001
Download Time: 1439990
Chunk bitrate: 52 1000000
Buffer size: 53 212001
Download Time: 1292766
Chunk bitrate: 53 1000000
Buffer size: 54 216001
Download Time: 1603975
Chunk bitrate: 54 1000000
Buffer size: 55 220001
Download Time: 1459598
Chunk bitrate: 55 1000000
Buffer size: 56 224001
Download Time: 1596432
Chunk bitrate: 56 1000000
Buffer size: 57 228001
Download Time: 968755
Chunk bitrate: 57 1000000
Buffer size: 58 232001
Download Time: 447644
Chunk bitrate: 58 1000000
Buffer size: 59 236001
Download Time: 1914714
Chunk bitrate: 59 1000000
Buffer size: 60 240001
Download Time: 1445628
Chunk bitrate: 60 1000000
Buffer size: 61 244001
Download Time: 1340033
Chunk bitrate: 61 1000000
Buffer size: 62 248001
Download Time: 483518
Chunk bitrate: 62 1000000
Buffer size: 63 252001
Download Time: 364783
Chunk bitrate: 63 1000000
Buffer size: 64 256001
Download Time: 668287
Chunk bitrate: 64 1000000
Buffer size: 65 260001
[00007efef8003378] ps mux: Close
[00007efef4001348] idummy demux: command `quit'
[0000000001835548] [cli] lua interface error: Error loading script /home/cs244/vlc/share/lua/intf/cli.luac: lua/intf/modules/host.lua:286: Interrupted.
