[00000000023501e8] core interface error: no suitable interface module
[0000000002287338] core libvlc error: interface "globalhotkeys,none" initialization failed
[00000000023501e8] dbus interface error: Failed to connect to the D-Bus session daemon: Unable to autolaunch a dbus-daemon without a $DISPLAY for X11
[00000000023501e8] core interface error: no suitable interface module
[0000000002287338] core libvlc error: interface "dbus,none" initialization failed
[0000000002287338] core libvlc: Running vlc with the default interface. Use 'cvlc' to use vlc without interface.
[00000000023501e8] qt interface error: Could not connect to X server
[00000000023501e8] skins2 interface error: cannot initialize OSFactory
[00000000023501e8] [cli] lua interface: Listening on host "*console".
VLC media player 3.0.0-git Vetinari
Command Line Interface initialized. Type `help' for help.
> [00007f12ec003378] ps mux: Open
making a DASHManager
new ratebased adaptionlogic
Chunk bitrate: 0 349952
Buffer size: 0 0
Chunk bitrate: 0 349952
Buffer size: 0 0
[00007f12ec01a8b8] mp4 demux: Fragment sequence discontinuity detected 0 != 2
Download Time: 588089
[00007f12ec0190b8] mp4 demux: Fragment sequence discontinuity detected 0 != 2
Startup Time: 1050000
Chunk bitrate: 0 1000000
Buffer size: 0 4001
Chunk bitrate: 0 1000000
Buffer size: 1 4001
Download Time: 2653890
Chunk bitrate: 1 1000000
Buffer size: 2 8001
Download Time: 1551499
Chunk bitrate: 2 600000
Buffer size: 2 12001
Chunk bitrate: 2 600000
Buffer size: 3 12001
Download Time: 1635982
Chunk bitrate: 3 1000000
Buffer size: 3 16001
Chunk bitrate: 3 1000000
Buffer size: 4 16001
Download Time: 1557973
Chunk bitrate: 4 1000000
Buffer size: 5 20001
Download Time: 1427039
Chunk bitrate: 5 2000000
Buffer size: 5 24001
Chunk bitrate: 5 2000000
Buffer size: 6 24001
Download Time: 1092783
Chunk bitrate: 6 2000000
Buffer size: 7 28001
Download Time: 1962899
Chunk bitrate: 7 3000000
Buffer size: 7 32001
Chunk bitrate: 7 3000000
Buffer size: 8 32001
Download Time: 3992419
Chunk bitrate: 8 2000000
Buffer size: 8 36001
Chunk bitrate: 8 2000000
Buffer size: 9 36001
Download Time: 2326770
Chunk bitrate: 9 1000000
Buffer size: 9 40001
Chunk bitrate: 9 1000000
Buffer size: 10 40001
Download Time: 1525199
Chunk bitrate: 10 1000000
Buffer size: 11 44001
Download Time: 1323777
Chunk bitrate: 11 2000000
Buffer size: 11 48001
Chunk bitrate: 11 2000000
Buffer size: 12 48001
Download Time: 2925620
Chunk bitrate: 12 2000000
Buffer size: 13 52001
Download Time: 2184207
Chunk bitrate: 13 2000000
Buffer size: 14 56001
Download Time: 1873567
Chunk bitrate: 14 3000000
Buffer size: 14 60001
Chunk bitrate: 14 3000000
Buffer size: 15 60001
Download Time: 3473727
Chunk bitrate: 15 1000000
Buffer size: 15 64001
Chunk bitrate: 15 1000000
Buffer size: 16 64001
Download Time: 1276595
Chunk bitrate: 16 2000000
Buffer size: 16 68001
Chunk bitrate: 16 2000000
Buffer size: 17 68001
Download Time: 3304711
Chunk bitrate: 17 1000000
Buffer size: 17 72001
Chunk bitrate: 17 1000000
Buffer size: 18 72001
Download Time: 2099275
Chunk bitrate: 18 1000000
Buffer size: 19 76001
Download Time: 926349
Chunk bitrate: 19 1000000
Buffer size: 20 80001
Download Time: 1487213
Chunk bitrate: 20 1000000
Buffer size: 21 84001
Download Time: 1182142
Chunk bitrate: 21 1000000
Buffer size: 22 88001
Download Time: 1168231
Chunk bitrate: 22 2000000
Buffer size: 22 92001
Chunk bitrate: 22 2000000
Buffer size: 23 92001
Download Time: 3060704
Chunk bitrate: 23 2000000
Buffer size: 24 96001
Download Time: 2736009
Chunk bitrate: 24 2000000
Buffer size: 25 100001
Download Time: 3321825
Chunk bitrate: 25 3000000
Buffer size: 25 104001
Chunk bitrate: 25 3000000
Buffer size: 26 104001
Download Time: 2999168
Chunk bitrate: 26 2000000
Buffer size: 26 108001
Chunk bitrate: 26 2000000
Buffer size: 27 108001
Download Time: 1483636
Chunk bitrate: 27 1000000
Buffer size: 27 112001
Chunk bitrate: 27 1000000
Buffer size: 28 112001
Download Time: 1221238
[00007f12ec003378] core mux error: cannot add this stream
[00007f12ec0e1cc8] core decoder error: cannot create packetizer output (h264)
Chunk bitrate: 28 2000000
Buffer size: 28 116001
Chunk bitrate: 28 2000000
Buffer size: 29 116001
Download Time: 2672216
[00007f12ec003378] core mux error: cannot add this stream
[00007f12ec1a37c8] core decoder error: cannot create packetizer output (h264)
Chunk bitrate: 29 1000000
Buffer size: 29 120001
Chunk bitrate: 29 1000000
Buffer size: 30 120001
Download Time: 842324
[00007f12ec003378] core mux error: cannot add this stream
[00007f12ec089d08] core decoder error: cannot create packetizer output (h264)
Chunk bitrate: 30 2000000
Buffer size: 30 124001
Chunk bitrate: 30 2000000
Buffer size: 31 124001
Download Time: 1739549
[00007f12ec003378] core mux error: cannot add this stream
[00007f12ec038fb8] core decoder error: cannot create packetizer output (h264)
Chunk bitrate: 31 2000000
Buffer size: 32 128001
Download Time: 2216987
Chunk bitrate: 32 3000000
Buffer size: 32 132001
Chunk bitrate: 32 3000000
Buffer size: 33 132001
Download Time: 3466858
[00007f12ec003378] core mux error: cannot add this stream
[00007f12ec0cc518] core decoder error: cannot create packetizer output (h264)
Chunk bitrate: 33 2000000
Buffer size: 33 136001
Chunk bitrate: 33 2000000
Buffer size: 34 136001
Download Time: 1658050
[00007f12ec003378] core mux error: cannot add this stream
[00007f12ec0c62c8] core decoder error: cannot create packetizer output (h264)
Chunk bitrate: 34 3000000
Buffer size: 34 140001
Chunk bitrate: 34 3000000
Buffer size: 35 140001
Download Time: 2402807
[00007f12ec003378] core mux error: cannot add this stream
[00007f12ec104788] core decoder error: cannot create packetizer output (h264)
Chunk bitrate: 35 3000000
Buffer size: 36 144001
Download Time: 1999077
Chunk bitrate: 36 3000000
Buffer size: 37 148001
Download Time: 2028312
Chunk bitrate: 37 3000000
Buffer size: 38 152001
Download Time: 3222957
Chunk bitrate: 38 3000000
Buffer size: 39 156001
Download Time: 2024654
Chunk bitrate: 39 3000000
Buffer size: 40 160001
Download Time: 1732780
Chunk bitrate: 40 3000000
Buffer size: 41 164001
Download Time: 2979557
Chunk bitrate: 41 2000000
Buffer size: 41 168001
Chunk bitrate: 41 2000000
Buffer size: 42 168001
Download Time: 1423051
[00007f12ec003378] core mux error: cannot add this stream
[00007f12ec113d38] core decoder error: cannot create packetizer output (h264)
Chunk bitrate: 42 2000000
Buffer size: 43 172001
Download Time: 1948412
Chunk bitrate: 43 2000000
Buffer size: 44 176001
Download Time: 1417049
Chunk bitrate: 44 3000000
Buffer size: 44 180001
Chunk bitrate: 44 3000000
Buffer size: 45 180001
Download Time: 3141086
[00007f12ec003378] core mux error: cannot add this stream
[00007f12ec1c56d8] core decoder error: cannot create packetizer output (h264)
Chunk bitrate: 45 3000000
Buffer size: 46 184001
Download Time: 1722759
Chunk bitrate: 46 2000000
Buffer size: 46 188001
Chunk bitrate: 46 2000000
Buffer size: 47 188001
Download Time: 1296669
[00007f12ec003378] core mux error: cannot add this stream
[00007f12ec051018] core decoder error: cannot create packetizer output (h264)
Chunk bitrate: 47 3000000
Buffer size: 47 192001
Chunk bitrate: 47 3000000
Buffer size: 48 192001
Download Time: 1794699
[00007f12ec003378] core mux error: cannot add this stream
[00007f12ec0a1258] core decoder error: cannot create packetizer output (h264)
Chunk bitrate: 48 2000000
Buffer size: 48 196001
Chunk bitrate: 48 2000000
Buffer size: 49 196001
Download Time: 1894957
[00007f12ec003378] core mux error: cannot add this stream
[00007f12ec0c9b58] core decoder error: cannot create packetizer output (h264)
Chunk bitrate: 49 3000000
Buffer size: 49 200001
Chunk bitrate: 49 3000000
Buffer size: 50 200001
Download Time: 2530629
[00007f12ec003378] core mux error: cannot add this stream
[00007f12ec03b828] core decoder error: cannot create packetizer output (h264)
Chunk bitrate: 50 1000000
Buffer size: 50 204001
Chunk bitrate: 50 1000000
Buffer size: 51 204001
Download Time: 1185209
[00007f12ec003378] core mux error: cannot add this stream
[00007f12ec033278] core decoder error: cannot create packetizer output (h264)
Chunk bitrate: 51 2000000
Buffer size: 51 208001
Chunk bitrate: 51 2000000
Buffer size: 52 208001
Download Time: 2234605
[00007f12ec003378] core mux error: cannot add this stream
[00007f12ec1a3fb8] core decoder error: cannot create packetizer output (h264)
Chunk bitrate: 52 2000000
Buffer size: 53 212001
Download Time: 1460823
Chunk bitrate: 53 2000000
Buffer size: 54 216001
Download Time: 2368020
Chunk bitrate: 54 1000000
Buffer size: 54 220001
Chunk bitrate: 54 1000000
Buffer size: 55 220001
Download Time: 730208
[00007f12ec003378] core mux error: cannot add this stream
[00007f12ec142c18] core decoder error: cannot create packetizer output (h264)
Chunk bitrate: 55 3000000
Buffer size: 55 224001
Chunk bitrate: 55 3000000
Buffer size: 56 224001
Download Time: 7117773
[00007f12ec003378] core mux error: cannot add this stream
[00007f12ec113b68] core decoder error: cannot create packetizer output (h264)
Chunk bitrate: 56 1000000
Buffer size: 56 228001
Chunk bitrate: 56 1000000
Buffer size: 57 228001
Download Time: 1209183
[00007f12ec003378] core mux error: cannot add this stream
[00007f12ec1cd318] core decoder error: cannot create packetizer output (h264)
Chunk bitrate: 57 1000000
Buffer size: 58 232001
Download Time: 556799
Chunk bitrate: 58 1000000
Buffer size: 59 236001
Download Time: 2430943
Chunk bitrate: 59 1000000
Buffer size: 60 240001
Download Time: 1964204
Chunk bitrate: 60 1000000
Buffer size: 61 244001
Download Time: 1807313
Chunk bitrate: 61 1000000
Buffer size: 62 248001
Download Time: 909463
Chunk bitrate: 62 600000
Buffer size: 62 252001
Chunk bitrate: 62 600000
Buffer size: 63 252001
Download Time: 354490
[00007f12ec003378] core mux error: cannot add this stream
[00007f12ec04de08] core decoder error: cannot create packetizer output (h264)
Chunk bitrate: 63 1000000
Buffer size: 63 256001
Chunk bitrate: 63 1000000
Buffer size: 64 256001
Download Time: 1167446
[00007f12ec003378] core mux error: cannot add this stream
[00007f12ec0d8f08] core decoder error: cannot create packetizer output (h264)
Chunk bitrate: 64 600000
Buffer size: 64 260001
Chunk bitrate: 64 600000
Buffer size: 65 260001
[00007f12ec003378] ps mux: Close
[00007f12e40010a8] idummy demux: command `quit'
[00000000023501e8] [cli] lua interface error: Error loading script /home/cs244/vlc/share/lua/intf/cli.luac: lua/intf/modules/host.lua:286: Interrupted.
