[00000000023621e8] core interface error: no suitable interface module
[0000000002299338] core libvlc error: interface "globalhotkeys,none" initialization failed
[00000000023621e8] dbus interface error: Failed to connect to the D-Bus session daemon: Unable to autolaunch a dbus-daemon without a $DISPLAY for X11
[00000000023621e8] core interface error: no suitable interface module
[0000000002299338] core libvlc error: interface "dbus,none" initialization failed
[0000000002299338] core libvlc: Running vlc with the default interface. Use 'cvlc' to use vlc without interface.
[00000000023621e8] qt interface error: Could not connect to X server
[00000000023621e8] skins2 interface error: cannot initialize OSFactory
[00000000023621e8] [cli] lua interface: Listening on host "*console".
VLC media player 3.0.0-git Vetinari
Command Line Interface initialized. Type `help' for help.
> [00007f65e0003378] ps mux: Open
making a DASHManager
new ratebased adaptionlogic
Chunk bitrate: 0 349952
Buffer size: 0 0
Chunk bitrate: 0 349952
Buffer size: 0 0
[00007f65e00249d8] mp4 demux: Fragment sequence discontinuity detected 0 != 2
Download Time: 1069201
[00007f65e001a388] mp4 demux: Fragment sequence discontinuity detected 0 != 2
Startup Time: 1050000
Chunk bitrate: 0 600000
Buffer size: 0 4001
Chunk bitrate: 0 600000
Buffer size: 1 4001
Download Time: 1463415
Chunk bitrate: 1 1000000
Buffer size: 1 8001
Chunk bitrate: 1 1000000
Buffer size: 2 8001
Download Time: 1905127
Chunk bitrate: 2 600000
Buffer size: 2 12001
Chunk bitrate: 2 600000
Buffer size: 3 12001
Download Time: 1993983
Chunk bitrate: 3 349952
Buffer size: 3 16001
Chunk bitrate: 3 349952
Buffer size: 4 16001
Download Time: 1706078
Chunk bitrate: 4 349952
Buffer size: 5 20001
Download Time: 3599652
Chunk bitrate: 5 349952
Buffer size: 6 24001
Download Time: 1481327
Chunk bitrate: 6 1000000
Buffer size: 6 28001
Chunk bitrate: 6 1000000
Buffer size: 7 28001
Download Time: 1512080
Chunk bitrate: 7 1000000
Buffer size: 8 32001
Download Time: 2279714
Chunk bitrate: 8 1000000
Buffer size: 9 36001
Download Time: 1894619
Chunk bitrate: 9 1000000
Buffer size: 10 40001
Download Time: 2043001
Chunk bitrate: 10 600000
Buffer size: 10 44001
Chunk bitrate: 10 600000
Buffer size: 11 44001
Download Time: 6220871
Chunk bitrate: 11 600000
Buffer size: 12 48001
Download Time: 4193397
Chunk bitrate: 12 349952
Buffer size: 12 52001
Chunk bitrate: 12 349952
Buffer size: 13 52001
Download Time: 1514257
Chunk bitrate: 13 349952
Buffer size: 14 56001
Download Time: 2620240
Chunk bitrate: 14 349952
Buffer size: 15 60001
Download Time: 1490708
Chunk bitrate: 15 349952
Buffer size: 16 64001
Download Time: 1239145
Chunk bitrate: 16 1000000
Buffer size: 16 68001
Chunk bitrate: 16 1000000
Buffer size: 17 68001
Download Time: 2338368
Chunk bitrate: 17 1000000
Buffer size: 18 72001
Download Time: 5775976
Chunk bitrate: 18 600000
Buffer size: 18 76001
Chunk bitrate: 18 600000
Buffer size: 19 76001
Download Time: 1469985
Chunk bitrate: 19 600000
Buffer size: 20 80001
Download Time: 2219873
Chunk bitrate: 20 600000
Buffer size: 21 84001
Download Time: 1118320
Chunk bitrate: 21 1000000
Buffer size: 21 88001
Chunk bitrate: 21 1000000
Buffer size: 22 88001
Download Time: 2182319
Chunk bitrate: 22 1000000
Buffer size: 23 92001
Download Time: 2408191
Chunk bitrate: 23 600000
Buffer size: 23 96001
Chunk bitrate: 23 600000
Buffer size: 24 96001
Download Time: 1348791
Chunk bitrate: 24 1000000
Buffer size: 24 100001
Chunk bitrate: 24 1000000
Buffer size: 25 100001
Download Time: 2119762
Chunk bitrate: 25 1000000
Buffer size: 26 104001
Download Time: 1959545
Chunk bitrate: 26 1000000
Buffer size: 27 108001
Download Time: 1174447
Chunk bitrate: 27 1000000
Buffer size: 28 112001
Download Time: 2723091
Chunk bitrate: 28 1000000
Buffer size: 29 116001
Download Time: 2609422
Chunk bitrate: 29 1000000
Buffer size: 30 120001
Download Time: 2053647
Chunk bitrate: 30 1000000
Buffer size: 31 124001
Download Time: 2585107
Chunk bitrate: 31 600000
Buffer size: 31 128001
Chunk bitrate: 31 600000
Buffer size: 32 128001
Download Time: 1687046
Chunk bitrate: 32 1000000
Buffer size: 32 132001
Chunk bitrate: 32 1000000
Buffer size: 33 132001
Download Time: 2998891
Chunk bitrate: 33 1000000
Buffer size: 34 136001
Download Time: 3384260
Chunk bitrate: 34 600000
Buffer size: 34 140001
Chunk bitrate: 34 600000
Buffer size: 35 140001
Download Time: 1484430
Chunk bitrate: 35 1000000
Buffer size: 35 144001
Chunk bitrate: 35 1000000
Buffer size: 36 144001
Download Time: 1753653
[00007f65e0003378] core mux error: cannot add this stream
[00007f65e007f608] core decoder error: cannot create packetizer output (h264)
Chunk bitrate: 36 1000000
Buffer size: 37 148001
Download Time: 2993387
Chunk bitrate: 37 600000
Buffer size: 37 152001
Chunk bitrate: 37 600000
Buffer size: 38 152001
Download Time: 2241182
[00007f65e0003378] core mux error: cannot add this stream
[00007f65e00eafa8] core decoder error: cannot create packetizer output (h264)
Chunk bitrate: 38 600000
Buffer size: 39 156001
Download Time: 5378278
Chunk bitrate: 39 349952
Buffer size: 39 160001
Chunk bitrate: 39 349952
Buffer size: 40 160001
Download Time: 1581343
[00007f65e0003378] core mux error: cannot add this stream
[00007f65e0114e48] core decoder error: cannot create packetizer output (h264)
Chunk bitrate: 40 349952
Buffer size: 41 164001
Download Time: 2549251
Chunk bitrate: 41 349952
Buffer size: 42 168001
Download Time: 2061448
Chunk bitrate: 42 600000
Buffer size: 42 172001
Chunk bitrate: 42 600000
Buffer size: 43 172001
Download Time: 1468043
[00007f65e0003378] core mux error: cannot add this stream
[00007f65e010a598] core decoder error: cannot create packetizer output (h264)
Chunk bitrate: 43 1000000
Buffer size: 43 176001
Chunk bitrate: 43 1000000
Buffer size: 44 176001
Download Time: 2177133
[00007f65e0003378] core mux error: cannot add this stream
[00007f65e0123c38] core decoder error: cannot create packetizer output (h264)
Chunk bitrate: 44 1000000
Buffer size: 45 180001
Download Time: 2308391
Chunk bitrate: 45 1000000
Buffer size: 46 184001
Download Time: 2339548
Chunk bitrate: 46 1000000
Buffer size: 47 188001
Download Time: 2515623
Chunk bitrate: 47 1000000
Buffer size: 48 192001
Download Time: 1641649
Chunk bitrate: 48 1000000
Buffer size: 49 196001
Download Time: 1880316
Chunk bitrate: 49 1000000
Buffer size: 50 200001
Download Time: 1743424
Chunk bitrate: 50 1000000
Buffer size: 51 204001
Download Time: 1432059
Chunk bitrate: 51 1000000
Buffer size: 52 208001
Download Time: 2351910
Chunk bitrate: 52 600000
Buffer size: 52 212001
Chunk bitrate: 52 600000
Buffer size: 53 212001
Download Time: 1760275
[00007f65e0003378] core mux error: cannot add this stream
[00007f65e01080b8] core decoder error: cannot create packetizer output (h264)
Chunk bitrate: 53 600000
Buffer size: 54 216001
Download Time: 1675235
Chunk bitrate: 54 1000000
Buffer size: 54 220001
Chunk bitrate: 54 1000000
Buffer size: 55 220001
Download Time: 3109623
[00007f65e0003378] core mux error: cannot add this stream
[00007f65e0090ae8] core decoder error: cannot create packetizer output (h264)
Chunk bitrate: 55 600000
Buffer size: 55 224001
Chunk bitrate: 55 600000
Buffer size: 56 224001
Download Time: 1818822
[00007f65e0003378] core mux error: cannot add this stream
[00007f65e008cdc8] core decoder error: cannot create packetizer output (h264)
Chunk bitrate: 56 600000
Buffer size: 57 228001
Download Time: 1282995
Chunk bitrate: 57 1000000
Buffer size: 57 232001
Chunk bitrate: 57 1000000
Buffer size: 58 232001
Download Time: 783510
[00007f65e0003378] core mux error: cannot add this stream
[00007f65e0098338] core decoder error: cannot create packetizer output (h264)
Chunk bitrate: 58 1000000
Buffer size: 59 236001
Download Time: 2844103
Chunk bitrate: 59 1000000
Buffer size: 60 240001
Download Time: 2653605
Chunk bitrate: 60 600000
Buffer size: 60 244001
Chunk bitrate: 60 600000
Buffer size: 61 244001
Download Time: 1601859
[00007f65e0003378] core mux error: cannot add this stream
[00007f65e013cdb8] core decoder error: cannot create packetizer output (h264)
Chunk bitrate: 61 600000
Buffer size: 62 248001
Download Time: 556430
Chunk bitrate: 62 600000
Buffer size: 63 252001
Download Time: 519644
Chunk bitrate: 63 600000
Buffer size: 64 256001
Download Time: 1149238
Chunk bitrate: 64 349952
Buffer size: 64 260001
Chunk bitrate: 64 349952
Buffer size: 65 260001
[00007f65e0003378] ps mux: Close
[00007f65dc006fa8] idummy demux: command `quit'
[00000000023621e8] [cli] lua interface error: Error loading script /home/cs244/vlc/share/lua/intf/cli.luac: lua/intf/modules/host.lua:286: Interrupted.
