[00000000015731e8] core interface error: no suitable interface module
[00000000014aa338] core libvlc error: interface "globalhotkeys,none" initialization failed
[00000000015731e8] dbus interface error: Failed to connect to the D-Bus session daemon: Unable to autolaunch a dbus-daemon without a $DISPLAY for X11
[00000000015731e8] core interface error: no suitable interface module
[00000000014aa338] core libvlc error: interface "dbus,none" initialization failed
[00000000014aa338] core libvlc: Running vlc with the default interface. Use 'cvlc' to use vlc without interface.
[00000000015731e8] qt interface error: Could not connect to X server
[00000000015731e8] skins2 interface error: cannot initialize OSFactory
[00000000015731e8] [cli] lua interface: Listening on host "*console".
VLC media player 3.0.0-git Vetinari
Command Line Interface initialized. Type `help' for help.
> [00007fe8fc003378] ps mux: Open
making a DASHManager
new ratebased adaptionlogic
Chunk bitrate: 0 349952
Buffer size: 0 0
Chunk bitrate: 0 349952
Buffer size: 0 0
[00007fe8fc019c18] mp4 demux: Fragment sequence discontinuity detected 0 != 2
Download Time: 1999343
[00007fe8fc0171a8] mp4 demux: Fragment sequence discontinuity detected 0 != 2
Startup Time: 1050000
Chunk bitrate: 0 600000
Buffer size: 0 4001
Chunk bitrate: 0 600000
Buffer size: 1 4001
Download Time: 2923130
Chunk bitrate: 1 600000
Buffer size: 2 8001
Download Time: 1992600
Chunk bitrate: 2 600000
Buffer size: 3 12001
Download Time: 3285161
Chunk bitrate: 3 349952
Buffer size: 3 16001
Chunk bitrate: 3 349952
Buffer size: 4 16001
Download Time: 1225158
Chunk bitrate: 4 600000
Buffer size: 4 20001
Chunk bitrate: 4 600000
Buffer size: 5 20001
Download Time: 2481925
Chunk bitrate: 5 600000
Buffer size: 6 24001
Download Time: 1469897
Chunk bitrate: 6 600000
Buffer size: 7 28001
Download Time: 4216484
Chunk bitrate: 7 1000000
Buffer size: 7 32001
Chunk bitrate: 7 1000000
Buffer size: 8 32001
Download Time: 2175401
Chunk bitrate: 8 1000000
Buffer size: 9 36001
Download Time: 2517425
Chunk bitrate: 9 349952
Buffer size: 9 40001
Chunk bitrate: 9 349952
Buffer size: 10 40001
Download Time: 4039407
Chunk bitrate: 10 349952
Buffer size: 11 44001
Download Time: 3565267
Chunk bitrate: 11 349952
Buffer size: 12 48001
Download Time: 3639814
Chunk bitrate: 12 349952
Buffer size: 13 52001
Download Time: 1771446
Chunk bitrate: 13 600000
Buffer size: 13 56001
Chunk bitrate: 13 600000
Buffer size: 14 56001
Download Time: 1529226
Chunk bitrate: 14 600000
Buffer size: 15 60001
Download Time: 4041733
Chunk bitrate: 15 349952
Buffer size: 15 64001
Chunk bitrate: 15 349952
Buffer size: 16 64001
Download Time: 1807258
Chunk bitrate: 16 600000
Buffer size: 16 68001
Chunk bitrate: 16 600000
Buffer size: 17 68001
Download Time: 2651522
Chunk bitrate: 17 349952
Buffer size: 17 72001
Chunk bitrate: 17 349952
Buffer size: 18 72001
Download Time: 1984957
Chunk bitrate: 18 349952
Buffer size: 19 76001
Download Time: 946937
Chunk bitrate: 19 600000
Buffer size: 19 80001
Chunk bitrate: 19 600000
Buffer size: 20 80001
Download Time: 2331306
Chunk bitrate: 20 600000
Buffer size: 21 84001
Download Time: 1325140
Chunk bitrate: 21 600000
Buffer size: 22 88001
Download Time: 2142805
Chunk bitrate: 22 600000
Buffer size: 23 92001
Download Time: 2036812
Chunk bitrate: 23 600000
Buffer size: 24 96001
Download Time: 1859717
Chunk bitrate: 24 600000
Buffer size: 25 100001
Download Time: 1861262
Chunk bitrate: 25 600000
Buffer size: 26 104001
Download Time: 1636013
Chunk bitrate: 26 600000
Buffer size: 27 108001
Download Time: 972918
Chunk bitrate: 27 600000
Buffer size: 28 112001
Download Time: 1892357
Chunk bitrate: 28 349952
Buffer size: 28 116001
Chunk bitrate: 28 349952
Buffer size: 29 116001
Download Time: 1324825
Chunk bitrate: 29 600000
Buffer size: 29 120001
Chunk bitrate: 29 600000
Buffer size: 30 120001
Download Time: 1332451
Chunk bitrate: 30 600000
Buffer size: 31 124001
Download Time: 1261395
Chunk bitrate: 31 1000000
Buffer size: 31 128001
Chunk bitrate: 31 1000000
Buffer size: 32 128001
Download Time: 2929772
Chunk bitrate: 32 1000000
Buffer size: 33 132001
Download Time: 3767279
Chunk bitrate: 33 600000
Buffer size: 33 136001
Chunk bitrate: 33 600000
Buffer size: 34 136001
Download Time: 2198943
Chunk bitrate: 34 349952
Buffer size: 34 140001
Chunk bitrate: 34 349952
Buffer size: 35 140001
Download Time: 1537885
Chunk bitrate: 35 600000
Buffer size: 35 144001
Chunk bitrate: 35 600000
Buffer size: 36 144001
Download Time: 1319493
[00007fe8fc003378] core mux error: cannot add this stream
[00007fe8fc0d8a68] core decoder error: cannot create packetizer output (h264)
Chunk bitrate: 36 1000000
Buffer size: 36 148001
Chunk bitrate: 36 1000000
Buffer size: 37 148001
Download Time: 2919014
[00007fe8fc003378] core mux error: cannot add this stream
[00007fe8fc0d84a8] core decoder error: cannot create packetizer output (h264)
Chunk bitrate: 37 1000000
Buffer size: 38 152001
Download Time: 2645755
Chunk bitrate: 38 1000000
Buffer size: 39 156001
Download Time: 2338187
Chunk bitrate: 39 1000000
Buffer size: 40 160001
Download Time: 3448126
Chunk bitrate: 40 600000
Buffer size: 40 164001
Chunk bitrate: 40 600000
Buffer size: 41 164001
Download Time: 2940726
[00007fe8fc003378] core mux error: cannot add this stream
[00007fe8fc128f08] core decoder error: cannot create packetizer output (h264)
Chunk bitrate: 41 349952
Buffer size: 41 168001
Chunk bitrate: 41 349952
Buffer size: 42 168001
Download Time: 2463597
[00007fe8fc003378] core mux error: cannot add this stream
[00007fe8fc0c7ee8] core decoder error: cannot create packetizer output (h264)
Chunk bitrate: 42 349952
Buffer size: 43 172001
Download Time: 1100907
Chunk bitrate: 43 600000
Buffer size: 43 176001
Chunk bitrate: 43 600000
Buffer size: 44 176001
Download Time: 2265883
[00007fe8fc003378] core mux error: cannot add this stream
[00007fe8fc0e1218] core decoder error: cannot create packetizer output (h264)
Chunk bitrate: 44 600000
Buffer size: 45 180001
Download Time: 2003042
Chunk bitrate: 45 600000
Buffer size: 46 184001
Download Time: 1829836
Chunk bitrate: 46 600000
Buffer size: 47 188001
Download Time: 1508180
Chunk bitrate: 47 600000
Buffer size: 48 192001
Download Time: 2175135
Chunk bitrate: 48 600000
Buffer size: 49 196001
Download Time: 2350017
Chunk bitrate: 49 600000
Buffer size: 50 200001
Download Time: 2708290
Chunk bitrate: 50 349952
Buffer size: 50 204001
Chunk bitrate: 50 349952
Buffer size: 51 204001
Download Time: 2453979
[00007fe8fc003378] core mux error: cannot add this stream
[00007fe8fc12b608] core decoder error: cannot create packetizer output (h264)
Chunk bitrate: 51 600000
Buffer size: 51 208001
Chunk bitrate: 51 600000
Buffer size: 52 208001
Download Time: 1319482
[00007fe8fc003378] core mux error: cannot add this stream
[00007fe8fc0f74a8] core decoder error: cannot create packetizer output (h264)
Chunk bitrate: 52 1000000
Buffer size: 52 212001
Chunk bitrate: 52 1000000
Buffer size: 53 212001
Download Time: 2026827
[00007fe8fc003378] core mux error: cannot add this stream
[00007fe8fc117f88] core decoder error: cannot create packetizer output (h264)
Chunk bitrate: 53 1000000
Buffer size: 54 216001
Download Time: 3026388
Chunk bitrate: 54 1000000
Buffer size: 55 220001
Download Time: 2676080
Chunk bitrate: 55 1000000
Buffer size: 56 224001
Download Time: 2461053
Chunk bitrate: 56 1000000
Buffer size: 57 228001
Download Time: 1294279
Chunk bitrate: 57 1000000
Buffer size: 58 232001
Download Time: 830247
Chunk bitrate: 58 600000
Buffer size: 58 236001
Chunk bitrate: 58 600000
Buffer size: 59 236001
Download Time: 1729931
[00007fe8fc003378] core mux error: cannot add this stream
[00007fe8fc053358] core decoder error: cannot create packetizer output (h264)
Chunk bitrate: 59 1000000
Buffer size: 59 240001
Chunk bitrate: 59 1000000
Buffer size: 60 240001
Download Time: 2087935
[00007fe8fc003378] core mux error: cannot add this stream
[00007fe8fc148ff8] core decoder error: cannot create packetizer output (h264)
Chunk bitrate: 60 1000000
Buffer size: 61 244001
Download Time: 2016314
Chunk bitrate: 61 600000
Buffer size: 61 248001
Chunk bitrate: 61 600000
Buffer size: 62 248001
Download Time: 647402
[00007fe8fc003378] core mux error: cannot add this stream
[00007fe8fc109e58] core decoder error: cannot create packetizer output (h264)
Chunk bitrate: 62 349952
Buffer size: 62 252001
Chunk bitrate: 62 349952
Buffer size: 63 252001
Download Time: 567210
[00007fe8fc003378] core mux error: cannot add this stream
[00007fe8fc0aeb98] core decoder error: cannot create packetizer output (h264)
Chunk bitrate: 63 349952
Buffer size: 64 256001
Download Time: 725958
Chunk bitrate: 64 600000
Buffer size: 64 260001
Chunk bitrate: 64 600000
Buffer size: 65 260001
[00007fe8fc003378] ps mux: Close
[00007fe8f4001058] idummy demux: command `quit'
[00000000015731e8] [cli] lua interface error: Error loading script /home/cs244/vlc/share/lua/intf/cli.luac: lua/intf/modules/host.lua:286: Interrupted.
