[0000000001d281e8] core interface error: no suitable interface module
[0000000001c5f338] core libvlc error: interface "globalhotkeys,none" initialization failed
[0000000001d281e8] dbus interface error: Failed to connect to the D-Bus session daemon: Unable to autolaunch a dbus-daemon without a $DISPLAY for X11
[0000000001d281e8] core interface error: no suitable interface module
[0000000001c5f338] core libvlc error: interface "dbus,none" initialization failed
[0000000001c5f338] core libvlc: Running vlc with the default interface. Use 'cvlc' to use vlc without interface.
[0000000001d281e8] qt interface error: Could not connect to X server
[0000000001d281e8] skins2 interface error: cannot initialize OSFactory
[0000000001d281e8] [cli] lua interface: Listening on host "*console".
VLC media player 3.0.0-git Vetinari
Command Line Interface initialized. Type `help' for help.
> [00007f9804003378] ps mux: Open
making a DASHManager
new ratebased adaptionlogic
Chunk bitrate: 0 349952
Buffer size: 0 0
Chunk bitrate: 0 349952
Buffer size: 0 0
[00007f9804025558] mp4 demux: Fragment sequence discontinuity detected 0 != 2
Download Time: 1708682
[00007f98040180e8] mp4 demux: Fragment sequence discontinuity detected 0 != 2
Startup Time: 1050000
Chunk bitrate: 0 1000000
Buffer size: 0 4001
Chunk bitrate: 0 1000000
Buffer size: 1 4001
Download Time: 1767186
Chunk bitrate: 1 1000000
Buffer size: 2 8001
Download Time: 1748502
Chunk bitrate: 2 1000000
Buffer size: 3 12001
Download Time: 2215894
Chunk bitrate: 3 1000000
Buffer size: 4 16001
Download Time: 2009675
Chunk bitrate: 4 1000000
Buffer size: 5 20001
Download Time: 2475598
Chunk bitrate: 5 1000000
Buffer size: 6 24001
Download Time: 2053006
Chunk bitrate: 6 1000000
Buffer size: 7 28001
Download Time: 2327039
Chunk bitrate: 7 600000
Buffer size: 7 32001
Chunk bitrate: 7 600000
Buffer size: 8 32001
Download Time: 2107779
Chunk bitrate: 8 600000
Buffer size: 9 36001
Download Time: 3066866
Chunk bitrate: 9 349952
Buffer size: 9 40001
Chunk bitrate: 9 349952
Buffer size: 10 40001
Download Time: 1140358
Chunk bitrate: 10 600000
Buffer size: 10 44001
Chunk bitrate: 10 600000
Buffer size: 11 44001
Download Time: 1591740
Chunk bitrate: 11 600000
Buffer size: 12 48001
Download Time: 1866016
Chunk bitrate: 12 1000000
Buffer size: 12 52001
Chunk bitrate: 12 1000000
Buffer size: 13 52001
Download Time: 2157628
Chunk bitrate: 13 1000000
Buffer size: 14 56001
Download Time: 2468753
Chunk bitrate: 14 600000
Buffer size: 14 60001
Chunk bitrate: 14 600000
Buffer size: 15 60001
Download Time: 1767962
Chunk bitrate: 15 600000
Buffer size: 16 64001
Download Time: 1602309
Chunk bitrate: 16 600000
Buffer size: 17 68001
Download Time: 2059568
Chunk bitrate: 17 600000
Buffer size: 18 72001
Download Time: 1508099
Chunk bitrate: 18 1000000
Buffer size: 18 76001
Chunk bitrate: 18 1000000
Buffer size: 19 76001
Download Time: 1615335
Chunk bitrate: 19 1000000
Buffer size: 20 80001
Download Time: 2922821
Chunk bitrate: 20 349952
Buffer size: 20 84001
Chunk bitrate: 20 349952
Buffer size: 21 84001
Download Time: 1424798
Chunk bitrate: 21 349952
Buffer size: 22 88001
Download Time: 1073058
Chunk bitrate: 22 600000
Buffer size: 22 92001
Chunk bitrate: 22 600000
Buffer size: 23 92001
Download Time: 2319297
Chunk bitrate: 23 600000
Buffer size: 24 96001
Download Time: 1779788
Chunk bitrate: 24 1000000
Buffer size: 24 100001
Chunk bitrate: 24 1000000
Buffer size: 25 100001
Download Time: 2680874
Chunk bitrate: 25 600000
Buffer size: 25 104001
Chunk bitrate: 25 600000
Buffer size: 26 104001
Download Time: 1541681
Chunk bitrate: 26 1000000
Buffer size: 26 108001
Chunk bitrate: 26 1000000
Buffer size: 27 108001
Download Time: 1281913
Chunk bitrate: 27 1000000
Buffer size: 28 112001
Download Time: 2688464
Chunk bitrate: 28 1000000
Buffer size: 29 116001
Download Time: 2463105
Chunk bitrate: 29 1000000
Buffer size: 30 120001
Download Time: 1648859
Chunk bitrate: 30 1000000
Buffer size: 31 124001
Download Time: 1677407
Chunk bitrate: 31 1000000
Buffer size: 32 128001
Download Time: 2346705
Chunk bitrate: 32 1000000
Buffer size: 33 132001
Download Time: 2076870
Chunk bitrate: 33 1000000
Buffer size: 34 136001
Download Time: 2161369
Chunk bitrate: 34 1000000
Buffer size: 35 140001
Download Time: 2060781
Chunk bitrate: 35 1000000
Buffer size: 36 144001
Download Time: 1303437
Chunk bitrate: 36 1000000
Buffer size: 37 148001
Download Time: 1972095
Chunk bitrate: 37 1000000
Buffer size: 38 152001
Download Time: 2546118
Chunk bitrate: 38 1000000
Buffer size: 39 156001
Download Time: 2297782
Chunk bitrate: 39 1000000
Buffer size: 40 160001
Download Time: 1394408
Chunk bitrate: 40 1000000
Buffer size: 41 164001
Download Time: 1787437
Chunk bitrate: 41 1000000
Buffer size: 42 168001
Download Time: 1570107
Chunk bitrate: 42 1000000
Buffer size: 43 172001
Download Time: 2100837
Chunk bitrate: 43 1000000
Buffer size: 44 176001
Download Time: 1668693
Chunk bitrate: 44 1000000
Buffer size: 45 180001
Download Time: 1791373
Chunk bitrate: 45 1000000
Buffer size: 46 184001
Download Time: 1831534
Chunk bitrate: 46 1000000
Buffer size: 47 188001
Download Time: 1887117
Chunk bitrate: 47 1000000
Buffer size: 48 192001
Download Time: 1366694
Chunk bitrate: 48 1000000
Buffer size: 49 196001
Download Time: 1876711
Chunk bitrate: 49 1000000
Buffer size: 50 200001
Download Time: 2486096
Chunk bitrate: 50 349952
Buffer size: 50 204001
Chunk bitrate: 50 349952
Buffer size: 51 204001
Download Time: 1923334
Chunk bitrate: 51 349952
Buffer size: 52 208001
Download Time: 2338005
Chunk bitrate: 52 349952
Buffer size: 53 212001
Download Time: 4605047
Chunk bitrate: 53 349952
Buffer size: 54 216001
Download Time: 3813617
Chunk bitrate: 54 349952
Buffer size: 55 220001
Download Time: 1825176
Chunk bitrate: 55 600000
Buffer size: 55 224001
Chunk bitrate: 55 600000
Buffer size: 56 224001
Download Time: 2225503
Chunk bitrate: 56 600000
Buffer size: 57 228001
Download Time: 1337000
Chunk bitrate: 57 600000
Buffer size: 58 232001
Download Time: 773257
Chunk bitrate: 58 349952
Buffer size: 58 236001
Chunk bitrate: 58 349952
Buffer size: 59 236001
Download Time: 1647153
Chunk bitrate: 59 349952
Buffer size: 60 240001
Download Time: 1242527
Chunk bitrate: 60 600000
Buffer size: 60 244001
Chunk bitrate: 60 600000
Buffer size: 61 244001
Download Time: 2057450
[00007f9804003378] core mux error: cannot add this stream
[00007f9804106d98] core decoder error: cannot create packetizer output (h264)
Chunk bitrate: 61 600000
Buffer size: 62 248001
Download Time: 621454
Chunk bitrate: 62 600000
Buffer size: 63 252001
Download Time: 577976
Chunk bitrate: 63 600000
Buffer size: 64 256001
Download Time: 1156299
Chunk bitrate: 64 600000
Buffer size: 65 260001
[00007f9804003378] ps mux: Close
[00007f97fc0010a8] idummy demux: command `quit'
[0000000001d281e8] [cli] lua interface error: Error loading script /home/cs244/vlc/share/lua/intf/cli.luac: lua/intf/modules/host.lua:286: Interrupted.
