[00000000020961e8] core interface error: no suitable interface module
[0000000001fcd338] core libvlc error: interface "globalhotkeys,none" initialization failed
[00000000020961e8] dbus interface error: Failed to connect to the D-Bus session daemon: Unable to autolaunch a dbus-daemon without a $DISPLAY for X11
[00000000020961e8] core interface error: no suitable interface module
[0000000001fcd338] core libvlc error: interface "dbus,none" initialization failed
[0000000001fcd338] core libvlc: Running vlc with the default interface. Use 'cvlc' to use vlc without interface.
[00000000020961e8] qt interface error: Could not connect to X server
[00000000020961e8] skins2 interface error: cannot initialize OSFactory
[00000000020961e8] [cli] lua interface: Listening on host "*console".
VLC media player 3.0.0-git Vetinari
Command Line Interface initialized. Type `help' for help.
> [00007f96bc003378] ps mux: Open
making a DASHManager
new ratebased adaptionlogic
Chunk bitrate: 0 349952
Buffer size: 0 0
Chunk bitrate: 0 349952
Buffer size: 0 0
[00007f96bc019c18] mp4 demux: Fragment sequence discontinuity detected 0 != 2
Download Time: 899460
[00007f96bc018ab8] mp4 demux: Fragment sequence discontinuity detected 0 != 2
Startup Time: 1050000
Chunk bitrate: 0 600000
Buffer size: 0 4001
Chunk bitrate: 0 600000
Buffer size: 1 4001
Download Time: 1773022
Chunk bitrate: 1 1000000
Buffer size: 1 8001
Chunk bitrate: 1 1000000
Buffer size: 2 8001
Download Time: 1581732
Chunk bitrate: 2 1000000
Buffer size: 3 12001
Download Time: 2871222
Chunk bitrate: 3 1000000
Buffer size: 4 16001
Download Time: 1773981
Chunk bitrate: 4 1000000
Buffer size: 5 20001
Download Time: 3841392
Chunk bitrate: 5 600000
Buffer size: 5 24001
Chunk bitrate: 5 600000
Buffer size: 6 24001
Download Time: 1426692
Chunk bitrate: 6 600000
Buffer size: 7 28001
Download Time: 1964436
Chunk bitrate: 7 600000
Buffer size: 8 32001
Download Time: 2225657
Chunk bitrate: 8 600000
Buffer size: 9 36001
Download Time: 1908411
Chunk bitrate: 9 600000
Buffer size: 10 40001
Download Time: 2076992
Chunk bitrate: 10 600000
Buffer size: 11 44001
Download Time: 983942
Chunk bitrate: 11 1000000
Buffer size: 11 48001
Chunk bitrate: 11 1000000
Buffer size: 12 48001
Download Time: 3457698
Chunk bitrate: 12 600000
Buffer size: 12 52001
Chunk bitrate: 12 600000
Buffer size: 13 52001
Download Time: 2016143
Chunk bitrate: 13 600000
Buffer size: 14 56001
Download Time: 1621117
Chunk bitrate: 14 600000
Buffer size: 15 60001
Download Time: 1536827
Chunk bitrate: 15 349952
Buffer size: 15 64001
Chunk bitrate: 15 349952
Buffer size: 16 64001
Download Time: 1308390
Chunk bitrate: 16 600000
Buffer size: 16 68001
Chunk bitrate: 16 600000
Buffer size: 17 68001
Download Time: 1721404
Chunk bitrate: 17 600000
Buffer size: 18 72001
Download Time: 1676492
Chunk bitrate: 18 600000
Buffer size: 19 76001
Download Time: 1036323
Chunk bitrate: 19 600000
Buffer size: 20 80001
Download Time: 1908961
Chunk bitrate: 20 600000
Buffer size: 21 84001
Download Time: 1025613
Chunk bitrate: 21 1000000
Buffer size: 21 88001
Chunk bitrate: 21 1000000
Buffer size: 22 88001
Download Time: 2531190
Chunk bitrate: 22 1000000
Buffer size: 23 92001
Download Time: 2742405
Chunk bitrate: 23 1000000
Buffer size: 24 96001
Download Time: 2484403
Chunk bitrate: 24 1000000
Buffer size: 25 100001
Download Time: 2558280
Chunk bitrate: 25 600000
Buffer size: 25 104001
Chunk bitrate: 25 600000
Buffer size: 26 104001
Download Time: 1209648
Chunk bitrate: 26 1000000
Buffer size: 26 108001
Chunk bitrate: 26 1000000
Buffer size: 27 108001
Download Time: 1520795
Chunk bitrate: 27 600000
Buffer size: 27 112001
Chunk bitrate: 27 600000
Buffer size: 28 112001
Download Time: 1987860
Chunk bitrate: 28 600000
Buffer size: 29 116001
Download Time: 2526365
Chunk bitrate: 29 600000
Buffer size: 30 120001
Download Time: 1454318
Chunk bitrate: 30 1000000
Buffer size: 30 124001
Chunk bitrate: 30 1000000
Buffer size: 31 124001
Download Time: 2027199
Chunk bitrate: 31 1000000
Buffer size: 32 128001
Download Time: 2795057
Chunk bitrate: 32 600000
Buffer size: 32 132001
Chunk bitrate: 32 600000
Buffer size: 33 132001
Download Time: 1421382
Chunk bitrate: 33 600000
Buffer size: 34 136001
Download Time: 2015840
Chunk bitrate: 34 600000
Buffer size: 35 140001
Download Time: 1591837
Chunk bitrate: 35 600000
Buffer size: 36 144001
Download Time: 1387861
Chunk bitrate: 36 600000
Buffer size: 37 148001
Download Time: 1755305
Chunk bitrate: 37 349952
Buffer size: 37 152001
Chunk bitrate: 37 349952
Buffer size: 38 152001
Download Time: 1586659
Chunk bitrate: 38 349952
Buffer size: 39 156001
Download Time: 1730439
Chunk bitrate: 39 349952
Buffer size: 40 160001
Download Time: 1956779
Chunk bitrate: 40 349952
Buffer size: 41 164001
Download Time: 3011929
Chunk bitrate: 41 600000
Buffer size: 41 168001
Chunk bitrate: 41 600000
Buffer size: 42 168001
Download Time: 1351696
Chunk bitrate: 42 1000000
Buffer size: 42 172001
Chunk bitrate: 42 1000000
Buffer size: 43 172001
Download Time: 2438769
[00007f96bc003378] core mux error: cannot add this stream
[00007f96bc0389b8] core decoder error: cannot create packetizer output (h264)
Chunk bitrate: 43 1000000
Buffer size: 44 176001
Download Time: 1856653
Chunk bitrate: 44 1000000
Buffer size: 45 180001
Download Time: 1937097
Chunk bitrate: 45 1000000
Buffer size: 46 184001
Download Time: 2117025
Chunk bitrate: 46 1000000
Buffer size: 47 188001
Download Time: 1887792
Chunk bitrate: 47 1000000
Buffer size: 48 192001
Download Time: 1502158
Chunk bitrate: 48 1000000
Buffer size: 49 196001
Download Time: 2303772
Chunk bitrate: 49 1000000
Buffer size: 50 200001
Download Time: 2291894
Chunk bitrate: 50 600000
Buffer size: 50 204001
Chunk bitrate: 50 600000
Buffer size: 51 204001
Download Time: 2119464
[00007f96bc003378] core mux error: cannot add this stream
[00007f96bc0fa6e8] core decoder error: cannot create packetizer output (h264)
Chunk bitrate: 51 600000
Buffer size: 52 208001
Download Time: 1759686
Chunk bitrate: 52 600000
Buffer size: 53 212001
Download Time: 1598344
Chunk bitrate: 53 600000
Buffer size: 54 216001
Download Time: 2043640
Chunk bitrate: 54 600000
Buffer size: 55 220001
Download Time: 2402335
Chunk bitrate: 55 349952
Buffer size: 55 224001
Chunk bitrate: 55 349952
Buffer size: 56 224001
Download Time: 1680065
[00007f96bc003378] core mux error: cannot add this stream
[00007f96bc102048] core decoder error: cannot create packetizer output (h264)
Chunk bitrate: 56 349952
Buffer size: 57 228001
Download Time: 1373074
Chunk bitrate: 57 600000
Buffer size: 57 232001
Chunk bitrate: 57 600000
Buffer size: 58 232001
Download Time: 542864
[00007f96bc003378] core mux error: cannot add this stream
[00007f96bc09ccf8] core decoder error: cannot create packetizer output (h264)
Chunk bitrate: 58 600000
Buffer size: 59 236001
Download Time: 2142513
Chunk bitrate: 59 600000
Buffer size: 60 240001
Download Time: 1756790
Chunk bitrate: 60 600000
Buffer size: 61 244001
Download Time: 1711269
Chunk bitrate: 61 600000
Buffer size: 62 248001
Download Time: 558194
Chunk bitrate: 62 600000
Buffer size: 63 252001
Download Time: 461874
Chunk bitrate: 63 600000
Buffer size: 64 256001
Download Time: 929377
Chunk bitrate: 64 600000
Buffer size: 65 260001
[00007f96bc003378] ps mux: Close
[00007f96c8003398] idummy demux: command `quit'
[00000000020961e8] [cli] lua interface error: Error loading script /home/cs244/vlc/share/lua/intf/cli.luac: lua/intf/modules/host.lua:286: Interrupted.
