[0000000001fb01e8] core interface error: no suitable interface module
[0000000001ee7338] core libvlc error: interface "globalhotkeys,none" initialization failed
[0000000001fb01e8] dbus interface error: Failed to connect to the D-Bus session daemon: Unable to autolaunch a dbus-daemon without a $DISPLAY for X11
[0000000001fb01e8] core interface error: no suitable interface module
[0000000001ee7338] core libvlc error: interface "dbus,none" initialization failed
[0000000001ee7338] core libvlc: Running vlc with the default interface. Use 'cvlc' to use vlc without interface.
[0000000001fb01e8] qt interface error: Could not connect to X server
[0000000001fb01e8] skins2 interface error: cannot initialize OSFactory
[00007faac4003378] ps mux: Open
[0000000001fb01e8] [cli] lua interface: Listening on host "*console".
VLC media player 3.0.0-git Vetinari
Command Line Interface initialized. Type `help' for help.
> making a DASHManager
new ratebased adaptionlogic
Chunk bitrate: 0 349952
Buffer size: 0 0
Chunk bitrate: 0 349952
Buffer size: 0 0
[00007faac4025848] mp4 demux: Fragment sequence discontinuity detected 0 != 2
Download Time: 1369765
[00007faac4024698] mp4 demux: Fragment sequence discontinuity detected 0 != 2
Startup Time: 1050000
Chunk bitrate: 0 600000
Buffer size: 0 4001
Chunk bitrate: 0 600000
Buffer size: 1 4001
Download Time: 2231314
Chunk bitrate: 1 349952
Buffer size: 1 8001
Chunk bitrate: 1 349952
Buffer size: 2 8001
Download Time: 1856933
Chunk bitrate: 2 349952
Buffer size: 3 12001
Download Time: 3726466
Chunk bitrate: 3 349952
Buffer size: 4 16001
Download Time: 4560208
Chunk bitrate: 4 349952
Buffer size: 5 20001
Download Time: 3310072
Chunk bitrate: 5 349952
Buffer size: 6 24001
Download Time: 2988881
Chunk bitrate: 6 349952
Buffer size: 7 28001
Download Time: 3107675
Chunk bitrate: 7 349952
Buffer size: 8 32001
Download Time: 3866544
Chunk bitrate: 8 349952
Buffer size: 9 36001
Download Time: 2243310
Chunk bitrate: 9 349952
Buffer size: 10 40001
Download Time: 2567249
Chunk bitrate: 10 349952
Buffer size: 11 44001
Download Time: 2855773
Chunk bitrate: 11 349952
Buffer size: 12 48001
Download Time: 1879570
Chunk bitrate: 12 600000
Buffer size: 12 52001
Chunk bitrate: 12 600000
Buffer size: 13 52001
Download Time: 2797789
Chunk bitrate: 13 600000
Buffer size: 14 56001
Download Time: 2658715
Chunk bitrate: 14 349952
Buffer size: 14 60001
Chunk bitrate: 14 349952
Buffer size: 15 60001
Download Time: 1652152
Chunk bitrate: 15 349952
Buffer size: 16 64001
Download Time: 7103662
Chunk bitrate: 16 349952
Buffer size: 17 68001
Download Time: 1636554
Chunk bitrate: 17 349952
Buffer size: 18 72001
Download Time: 1416785
Chunk bitrate: 18 349952
Buffer size: 19 76001
Download Time: 1217543
Chunk bitrate: 19 600000
Buffer size: 19 80001
Chunk bitrate: 19 600000
Buffer size: 20 80001
Download Time: 2987526
Chunk bitrate: 20 349952
Buffer size: 20 84001
Chunk bitrate: 20 349952
Buffer size: 21 84001
Download Time: 2167724
Chunk bitrate: 21 349952
Buffer size: 22 88001
Download Time: 4096992
Chunk bitrate: 22 349952
Buffer size: 23 92001
Download Time: 5114332
Chunk bitrate: 23 349952
Buffer size: 24 96001
Download Time: 8114013
Chunk bitrate: 24 349952
Buffer size: 25 100001
Download Time: 11769824
Chunk bitrate: 25 349952
Buffer size: 26 104001
Download Time: 8923839
Chunk bitrate: 26 349952
Buffer size: 27 108001
Download Time: 3427321
Chunk bitrate: 27 349952
Buffer size: 28 112001
Download Time: 7231993
Chunk bitrate: 28 349952
Buffer size: 29 116001
Download Time: 4033402
Chunk bitrate: 29 349952
Buffer size: 30 120001
Download Time: 2255032
Chunk bitrate: 30 349952
Buffer size: 31 124001
Download Time: 1268595
Chunk bitrate: 31 600000
Buffer size: 31 128001
Chunk bitrate: 31 600000
Buffer size: 32 128001
Download Time: 3515215
Chunk bitrate: 32 349952
Buffer size: 32 132001
Chunk bitrate: 32 349952
Buffer size: 33 132001
Download Time: 1269545
Chunk bitrate: 33 600000
Buffer size: 33 136001
Chunk bitrate: 33 600000
Buffer size: 34 136001
Download Time: 5395111
Chunk bitrate: 34 349952
Buffer size: 34 140001
Chunk bitrate: 34 349952
Buffer size: 35 140001
Download Time: 8908754
Chunk bitrate: 35 349952
Buffer size: 36 144001
Download Time: 1338297
Chunk bitrate: 36 600000
Buffer size: 36 148001
Chunk bitrate: 36 600000
Buffer size: 37 148001
Download Time: 2260974
Chunk bitrate: 37 1000000
Buffer size: 37 152001
Chunk bitrate: 37 1000000
Buffer size: 38 152001
Download Time: 5281624
Chunk bitrate: 38 349952
Buffer size: 38 156001
Chunk bitrate: 38 349952
Buffer size: 39 156001
Download Time: 1889567
Chunk bitrate: 39 349952
Buffer size: 40 160001
Download Time: 1571936
Chunk bitrate: 40 349952
Buffer size: 41 164001
Download Time: 3326436
Chunk bitrate: 41 600000
Buffer size: 41 168001
Chunk bitrate: 41 600000
Buffer size: 42 168001
Download Time: 1140070
Chunk bitrate: 42 1000000
Buffer size: 42 172001
Chunk bitrate: 42 1000000
Buffer size: 43 172001
Download Time: 3255173
Chunk bitrate: 43 349952
Buffer size: 43 176001
Chunk bitrate: 43 349952
Buffer size: 44 176001
Download Time: 1324120
[00007faac4003378] core mux error: cannot add this stream
[00007faac40b1fe8] core decoder error: cannot create packetizer output (h264)
Chunk bitrate: 44 600000
Buffer size: 44 180001
Chunk bitrate: 44 600000
Buffer size: 45 180001
Download Time: 1434959
[00007faac4003378] core mux error: cannot add this stream
[00007faac40f8f68] core decoder error: cannot create packetizer output (h264)
Chunk bitrate: 45 1000000
Buffer size: 45 184001
Chunk bitrate: 45 1000000
Buffer size: 46 184001
Download Time: 4008950
[00007faac4003378] core mux error: cannot add this stream
[00007faac4128828] core decoder error: cannot create packetizer output (h264)
Chunk bitrate: 46 600000
Buffer size: 46 188001
Chunk bitrate: 46 600000
Buffer size: 47 188001
Download Time: 1502935
[00007faac4003378] core mux error: cannot add this stream
[00007faac4131c08] core decoder error: cannot create packetizer output (h264)
Chunk bitrate: 47 1000000
Buffer size: 47 192001
Chunk bitrate: 47 1000000
Buffer size: 48 192001
Download Time: 1571456
[00007faac4003378] core mux error: cannot add this stream
[00007faac40c4418] core decoder error: cannot create packetizer output (h264)
Chunk bitrate: 48 1000000
Buffer size: 49 196001
Download Time: 1626667
Chunk bitrate: 49 1000000
Buffer size: 50 200001
Download Time: 2103638
Chunk bitrate: 50 1000000
Buffer size: 51 204001
Download Time: 1511485
Chunk bitrate: 51 1000000
Buffer size: 52 208001
Download Time: 1572915
Chunk bitrate: 52 1000000
Buffer size: 53 212001
Download Time: 1663150
Chunk bitrate: 53 1000000
Buffer size: 54 216001
Download Time: 1801390
Chunk bitrate: 54 1000000
Buffer size: 55 220001
Download Time: 2236116
Chunk bitrate: 55 600000
Buffer size: 55 224001
Chunk bitrate: 55 600000
Buffer size: 56 224001
Download Time: 1354307
[00007faac4003378] core mux error: cannot add this stream
[00007faac40e40a8] core decoder error: cannot create packetizer output (h264)
Chunk bitrate: 56 1000000
Buffer size: 56 228001
Chunk bitrate: 56 1000000
Buffer size: 57 228001
Download Time: 1530050
[00007faac4003378] core mux error: cannot add this stream
[00007faac410f6e8] core decoder error: cannot create packetizer output (h264)
Chunk bitrate: 57 600000
Buffer size: 57 232001
Chunk bitrate: 57 600000
Buffer size: 58 232001
Download Time: 551490
[00007faac4003378] core mux error: cannot add this stream
[00007faac40c9588] core decoder error: cannot create packetizer output (h264)
Chunk bitrate: 58 600000
Buffer size: 59 236001
Download Time: 2094155
Chunk bitrate: 59 1000000
Buffer size: 59 240001
Chunk bitrate: 59 1000000
Buffer size: 60 240001
Download Time: 2181703
[00007faac4003378] core mux error: cannot add this stream
[00007faac406eb98] core decoder error: cannot create packetizer output (h264)
Chunk bitrate: 60 1000000
Buffer size: 61 244001
Download Time: 2209429
Chunk bitrate: 61 600000
Buffer size: 61 248001
Chunk bitrate: 61 600000
Buffer size: 62 248001
Download Time: 629708
[00007faac4003378] core mux error: cannot add this stream
[00007faac4033258] core decoder error: cannot create packetizer output (h264)
Chunk bitrate: 62 600000
Buffer size: 63 252001
Download Time: 566421
Chunk bitrate: 63 600000
Buffer size: 64 256001
Download Time: 1158247
Chunk bitrate: 64 349952
Buffer size: 64 260001
Chunk bitrate: 64 349952
Buffer size: 65 260001
[00007faac4003378] ps mux: Close
[00007faabc0010f8] idummy demux: command `quit'
[0000000001fb01e8] [cli] lua interface error: Error loading script /home/cs244/vlc/share/lua/intf/cli.luac: lua/intf/modules/host.lua:286: Interrupted.
