[00000000013011e8] core interface error: no suitable interface module
[0000000001238338] core libvlc error: interface "globalhotkeys,none" initialization failed
[00000000013011e8] dbus interface error: Failed to connect to the D-Bus session daemon: Unable to autolaunch a dbus-daemon without a $DISPLAY for X11
[00000000013011e8] core interface error: no suitable interface module
[0000000001238338] core libvlc error: interface "dbus,none" initialization failed
[0000000001238338] core libvlc: Running vlc with the default interface. Use 'cvlc' to use vlc without interface.
[00000000013011e8] qt interface error: Could not connect to X server
[00000000013011e8] skins2 interface error: cannot initialize OSFactory
[00007fad64003378] ps mux: Open
[00000000013011e8] [cli] lua interface: Listening on host "*console".
VLC media player 3.0.0-git Vetinari
Command Line Interface initialized. Type `help' for help.
> making a DASHManager
new ratebased adaptionlogic
Chunk bitrate: 0 349952
Buffer size: 0 0
Chunk bitrate: 0 349952
Buffer size: 0 0
[00007fad6401a8a8] mp4 demux: Fragment sequence discontinuity detected 0 != 2
Download Time: 1151452
[00007fad6401a9f8] mp4 demux: Fragment sequence discontinuity detected 0 != 2
Startup Time: 1050000
Chunk bitrate: 0 1000000
Buffer size: 0 4001
Chunk bitrate: 0 1000000
Buffer size: 1 4001
Download Time: 3473880
Chunk bitrate: 1 349952
Buffer size: 1 8001
Chunk bitrate: 1 349952
Buffer size: 2 8001
Download Time: 1159866
Chunk bitrate: 2 600000
Buffer size: 2 12001
Chunk bitrate: 2 600000
Buffer size: 3 12001
Download Time: 2716390
Chunk bitrate: 3 600000
Buffer size: 4 16001
Download Time: 1750475
Chunk bitrate: 4 600000
Buffer size: 5 20001
Download Time: 2446648
Chunk bitrate: 5 600000
Buffer size: 6 24001
Download Time: 1705968
Chunk bitrate: 6 600000
Buffer size: 7 28001
Download Time: 1784000
Chunk bitrate: 7 600000
Buffer size: 8 32001
Download Time: 2079888
Chunk bitrate: 8 600000
Buffer size: 9 36001
Download Time: 2102317
Chunk bitrate: 9 600000
Buffer size: 10 40001
Download Time: 2401011
Chunk bitrate: 10 349952
Buffer size: 10 44001
Chunk bitrate: 10 349952
Buffer size: 11 44001
Download Time: 1275377
Chunk bitrate: 11 349952
Buffer size: 12 48001
Download Time: 1472547
Chunk bitrate: 12 600000
Buffer size: 12 52001
Chunk bitrate: 12 600000
Buffer size: 13 52001
Download Time: 2524805
Chunk bitrate: 13 349952
Buffer size: 13 56001
Chunk bitrate: 13 349952
Buffer size: 14 56001
Download Time: 1502672
Chunk bitrate: 14 600000
Buffer size: 14 60001
Chunk bitrate: 14 600000
Buffer size: 15 60001
Download Time: 3352107
Chunk bitrate: 15 349952
Buffer size: 15 64001
Chunk bitrate: 15 349952
Buffer size: 16 64001
Download Time: 1427484
Chunk bitrate: 16 600000
Buffer size: 16 68001
Chunk bitrate: 16 600000
Buffer size: 17 68001
Download Time: 2222951
Chunk bitrate: 17 600000
Buffer size: 18 72001
Download Time: 2569370
Chunk bitrate: 18 349952
Buffer size: 18 76001
Chunk bitrate: 18 349952
Buffer size: 19 76001
Download Time: 1356474
Chunk bitrate: 19 349952
Buffer size: 20 80001
Download Time: 1558007
Chunk bitrate: 20 600000
Buffer size: 20 84001
Chunk bitrate: 20 600000
Buffer size: 21 84001
Download Time: 2372243
Chunk bitrate: 21 349952
Buffer size: 21 88001
Chunk bitrate: 21 349952
Buffer size: 22 88001
Download Time: 1601252
Chunk bitrate: 22 349952
Buffer size: 23 92001
Download Time: 2871286
Chunk bitrate: 23 349952
Buffer size: 24 96001
Download Time: 3330742
Chunk bitrate: 24 349952
Buffer size: 25 100001
Download Time: 1624359
Chunk bitrate: 25 349952
Buffer size: 26 104001
Download Time: 1798059
Chunk bitrate: 26 349952
Buffer size: 27 108001
Download Time: 913296
Chunk bitrate: 27 600000
Buffer size: 27 112001
Chunk bitrate: 27 600000
Buffer size: 28 112001
Download Time: 1822585
Chunk bitrate: 28 600000
Buffer size: 29 116001
Download Time: 2733057
Chunk bitrate: 29 600000
Buffer size: 30 120001
Download Time: 1920618
Chunk bitrate: 30 600000
Buffer size: 31 124001
Download Time: 2445952
Chunk bitrate: 31 349952
Buffer size: 31 128001
Chunk bitrate: 31 349952
Buffer size: 32 128001
Download Time: 1583099
Chunk bitrate: 32 349952
Buffer size: 33 132001
Download Time: 1112017
Chunk bitrate: 33 600000
Buffer size: 33 136001
Chunk bitrate: 33 600000
Buffer size: 34 136001
Download Time: 2712522
Chunk bitrate: 34 349952
Buffer size: 34 140001
Chunk bitrate: 34 349952
Buffer size: 35 140001
Download Time: 1355796
[00007fad64003378] core mux error: cannot add this stream
[00007fad640e1618] core decoder error: cannot create packetizer output (h264)
Chunk bitrate: 35 600000
Buffer size: 35 144001
Chunk bitrate: 35 600000
Buffer size: 36 144001
Download Time: 1671431
[00007fad64003378] core mux error: cannot add this stream
[00007fad640d8db8] core decoder error: cannot create packetizer output (h264)
Chunk bitrate: 36 600000
Buffer size: 37 148001
Download Time: 2136207
Chunk bitrate: 37 600000
Buffer size: 38 152001
Download Time: 2406772
Chunk bitrate: 38 600000
Buffer size: 39 156001
Download Time: 2188465
Chunk bitrate: 39 600000
Buffer size: 40 160001
Download Time: 1860965
Chunk bitrate: 40 349952
Buffer size: 40 164001
Chunk bitrate: 40 349952
Buffer size: 41 164001
Download Time: 1510891
[00007fad64003378] core mux error: cannot add this stream
[00007fad640c1678] core decoder error: cannot create packetizer output (h264)
Chunk bitrate: 41 600000
Buffer size: 41 168001
Chunk bitrate: 41 600000
Buffer size: 42 168001
Download Time: 2136411
[00007fad64003378] core mux error: cannot add this stream
[00007fad640f89e8] core decoder error: cannot create packetizer output (h264)
Chunk bitrate: 42 600000
Buffer size: 43 172001
Download Time: 2246127
Chunk bitrate: 43 349952
Buffer size: 43 176001
Chunk bitrate: 43 349952
Buffer size: 44 176001
Download Time: 1031789
[00007fad64003378] core mux error: cannot add this stream
[00007fad640cff08] core decoder error: cannot create packetizer output (h264)
Chunk bitrate: 44 349952
Buffer size: 45 180001
Download Time: 1441303
Chunk bitrate: 45 600000
Buffer size: 45 184001
Chunk bitrate: 45 600000
Buffer size: 46 184001
Download Time: 2497006
[00007fad64003378] core mux error: cannot add this stream
[00007fad64108bf8] core decoder error: cannot create packetizer output (h264)
Chunk bitrate: 46 600000
Buffer size: 47 188001
Download Time: 2430326
Chunk bitrate: 47 349952
Buffer size: 47 192001
Chunk bitrate: 47 349952
Buffer size: 48 192001
Download Time: 1318689
[00007fad64003378] core mux error: cannot add this stream
[00007fad640c2808] core decoder error: cannot create packetizer output (h264)
Chunk bitrate: 48 349952
Buffer size: 49 196001
Download Time: 1773095
Chunk bitrate: 49 600000
Buffer size: 49 200001
Chunk bitrate: 49 600000
Buffer size: 50 200001
Download Time: 2488003
[00007fad64003378] core mux error: cannot add this stream
[00007fad6410ea48] core decoder error: cannot create packetizer output (h264)
Chunk bitrate: 50 349952
Buffer size: 50 204001
Chunk bitrate: 50 349952
Buffer size: 51 204001
Download Time: 1355829
[00007fad64003378] core mux error: cannot add this stream
[00007fad641089a8] core decoder error: cannot create packetizer output (h264)
Chunk bitrate: 51 349952
Buffer size: 52 208001
Download Time: 1986788
Chunk bitrate: 52 349952
Buffer size: 53 212001
Download Time: 1731125
Chunk bitrate: 53 349952
Buffer size: 54 216001
Download Time: 1689078
Chunk bitrate: 54 349952
Buffer size: 55 220001
Download Time: 1858303
Chunk bitrate: 55 600000
Buffer size: 55 224001
Chunk bitrate: 55 600000
Buffer size: 56 224001
Download Time: 2275759
[00007fad64003378] core mux error: cannot add this stream
[00007fad6411dd58] core decoder error: cannot create packetizer output (h264)
Chunk bitrate: 56 600000
Buffer size: 57 228001
Download Time: 1736958
Chunk bitrate: 57 600000
Buffer size: 58 232001
Download Time: 813504
Chunk bitrate: 58 349952
Buffer size: 58 236001
Chunk bitrate: 58 349952
Buffer size: 59 236001
Download Time: 2029348
[00007fad64003378] core mux error: cannot add this stream
[00007fad6402a918] core decoder error: cannot create packetizer output (h264)
Chunk bitrate: 59 349952
Buffer size: 60 240001
Download Time: 1542437
Chunk bitrate: 60 349952
Buffer size: 61 244001
Download Time: 1813405
Chunk bitrate: 61 349952
Buffer size: 62 248001
Download Time: 550079
Chunk bitrate: 62 349952
Buffer size: 63 252001
Download Time: 393670
Chunk bitrate: 63 349952
Buffer size: 64 256001
Download Time: 777625
Chunk bitrate: 64 349952
Buffer size: 65 260001
[00007fad64003378] ps mux: Close
[00007fad540010f8] idummy demux: command `quit'
[00000000013011e8] [cli] lua interface error: Error loading script /home/cs244/vlc/share/lua/intf/cli.luac: lua/intf/modules/host.lua:286: Interrupted.
