[0000000000d4a1e8] core interface error: no suitable interface module
[0000000000c81338] core libvlc error: interface "globalhotkeys,none" initialization failed
[0000000000d4a1e8] dbus interface error: Failed to connect to the D-Bus session daemon: Unable to autolaunch a dbus-daemon without a $DISPLAY for X11
[0000000000d4a1e8] core interface error: no suitable interface module
[0000000000c81338] core libvlc error: interface "dbus,none" initialization failed
[0000000000c81338] core libvlc: Running vlc with the default interface. Use 'cvlc' to use vlc without interface.
[0000000000d4a1e8] qt interface error: Could not connect to X server
[0000000000d4a1e8] skins2 interface error: cannot initialize OSFactory
[0000000000d4a1e8] [cli] lua interface: Listening on host "*console".
VLC media player 3.0.0-git Vetinari
Command Line Interface initialized. Type `help' for help.
> [00007f4414003378] ps mux: Open
making a DASHManager
new ratebased adaptionlogic
Chunk bitrate: 0 349952
Buffer size: 0 0
Chunk bitrate: 0 349952
Buffer size: 0 0
[00007f4414023b58] mp4 demux: Fragment sequence discontinuity detected 0 != 2
Download Time: 882321
[00007f4414018af8] mp4 demux: Fragment sequence discontinuity detected 0 != 2
Startup Time: 1050000
Chunk bitrate: 0 1000000
Buffer size: 0 4001
Chunk bitrate: 0 1000000
Buffer size: 1 4001
Download Time: 5635493
Chunk bitrate: 1 349952
Buffer size: 1 8001
Chunk bitrate: 1 349952
Buffer size: 2 8001
Download Time: 1377029
Chunk bitrate: 2 349952
Buffer size: 3 12001
Download Time: 1993565
Chunk bitrate: 3 349952
Buffer size: 4 16001
Download Time: 1477396
Chunk bitrate: 4 349952
Buffer size: 5 20001
Download Time: 1862999
Chunk bitrate: 5 349952
Buffer size: 6 24001
Download Time: 1118609
Chunk bitrate: 6 600000
Buffer size: 6 28001
Chunk bitrate: 6 600000
Buffer size: 7 28001
Download Time: 1835037
Chunk bitrate: 7 600000
Buffer size: 8 32001
Download Time: 2196270
Chunk bitrate: 8 600000
Buffer size: 9 36001
Download Time: 2140133
Chunk bitrate: 9 600000
Buffer size: 10 40001
Download Time: 2128412
Chunk bitrate: 10 600000
Buffer size: 11 44001
Download Time: 1774027
Chunk bitrate: 11 600000
Buffer size: 12 48001
Download Time: 2603839
Chunk bitrate: 12 600000
Buffer size: 13 52001
Download Time: 3520246
Chunk bitrate: 13 349952
Buffer size: 13 56001
Chunk bitrate: 13 349952
Buffer size: 14 56001
Download Time: 1783397
Chunk bitrate: 14 349952
Buffer size: 15 60001
Download Time: 1141973
Chunk bitrate: 15 349952
Buffer size: 16 64001
Download Time: 1703203
Chunk bitrate: 16 600000
Buffer size: 16 68001
Chunk bitrate: 16 600000
Buffer size: 17 68001
Download Time: 1950068
Chunk bitrate: 17 600000
Buffer size: 18 72001
Download Time: 2331281
Chunk bitrate: 18 600000
Buffer size: 19 76001
Download Time: 1540230
Chunk bitrate: 19 349952
Buffer size: 19 80001
Chunk bitrate: 19 349952
Buffer size: 20 80001
Download Time: 2188110
Chunk bitrate: 20 349952
Buffer size: 21 84001
Download Time: 922158
Chunk bitrate: 21 600000
Buffer size: 21 88001
Chunk bitrate: 21 600000
Buffer size: 22 88001
Download Time: 2187165
Chunk bitrate: 22 349952
Buffer size: 22 92001
Chunk bitrate: 22 349952
Buffer size: 23 92001
Download Time: 1136474
Chunk bitrate: 23 600000
Buffer size: 23 96001
Chunk bitrate: 23 600000
Buffer size: 24 96001
Download Time: 2909188
Chunk bitrate: 24 600000
Buffer size: 25 100001
Download Time: 1986702
Chunk bitrate: 25 600000
Buffer size: 26 104001
Download Time: 1793306
Chunk bitrate: 26 600000
Buffer size: 27 108001
Download Time: 1004904
Chunk bitrate: 27 1000000
Buffer size: 27 112001
Chunk bitrate: 27 1000000
Buffer size: 28 112001
Download Time: 3938261
Chunk bitrate: 28 600000
Buffer size: 28 116001
Chunk bitrate: 28 600000
Buffer size: 29 116001
Download Time: 2440452
Chunk bitrate: 29 600000
Buffer size: 30 120001
Download Time: 1607132
Chunk bitrate: 30 600000
Buffer size: 31 124001
Download Time: 1999886
Chunk bitrate: 31 600000
Buffer size: 32 128001
Download Time: 2882856
Chunk bitrate: 32 349952
Buffer size: 32 132001
Chunk bitrate: 32 349952
Buffer size: 33 132001
Download Time: 1302427
Chunk bitrate: 33 600000
Buffer size: 33 136001
Chunk bitrate: 33 600000
Buffer size: 34 136001
Download Time: 3967735
Chunk bitrate: 34 349952
Buffer size: 34 140001
Chunk bitrate: 34 349952
Buffer size: 35 140001
Download Time: 2180920
Chunk bitrate: 35 349952
Buffer size: 36 144001
Download Time: 2159948
Chunk bitrate: 36 349952
Buffer size: 37 148001
Download Time: 2524481
Chunk bitrate: 37 349952
Buffer size: 38 152001
Download Time: 2309894
Chunk bitrate: 38 349952
Buffer size: 39 156001
Download Time: 2569964
Chunk bitrate: 39 349952
Buffer size: 40 160001
Download Time: 1935294
Chunk bitrate: 40 349952
Buffer size: 41 164001
Download Time: 1669843
Chunk bitrate: 41 349952
Buffer size: 42 168001
Download Time: 1453120
Chunk bitrate: 42 349952
Buffer size: 43 172001
Download Time: 1836582
Chunk bitrate: 43 600000
Buffer size: 43 176001
Chunk bitrate: 43 600000
Buffer size: 44 176001
Download Time: 2460268
Chunk bitrate: 44 349952
Buffer size: 44 180001
Chunk bitrate: 44 349952
Buffer size: 45 180001
Download Time: 1496107
[00007f4414003378] core mux error: cannot add this stream
[00007f44140bfe38] core decoder error: cannot create packetizer output (h264)
Chunk bitrate: 45 349952
Buffer size: 46 184001
Download Time: 1631914
Chunk bitrate: 46 600000
Buffer size: 46 188001
Chunk bitrate: 46 600000
Buffer size: 47 188001
Download Time: 2450115
[00007f4414003378] core mux error: cannot add this stream
[00007f44140f8538] core decoder error: cannot create packetizer output (h264)
Chunk bitrate: 47 349952
Buffer size: 47 192001
Chunk bitrate: 47 349952
Buffer size: 48 192001
Download Time: 1512965
[00007f4414003378] core mux error: cannot add this stream
[00007f44140c3f88] core decoder error: cannot create packetizer output (h264)
Chunk bitrate: 48 600000
Buffer size: 48 196001
Chunk bitrate: 48 600000
Buffer size: 49 196001
Download Time: 2442384
[00007f4414003378] core mux error: cannot add this stream
[00007f441410a548] core decoder error: cannot create packetizer output (h264)
Chunk bitrate: 49 600000
Buffer size: 50 200001
Download Time: 2069541
Chunk bitrate: 50 600000
Buffer size: 51 204001
Download Time: 1999867
Chunk bitrate: 51 600000
Buffer size: 52 208001
Download Time: 2395038
Chunk bitrate: 52 600000
Buffer size: 53 212001
Download Time: 1755303
Chunk bitrate: 53 600000
Buffer size: 54 216001
Download Time: 1869344
Chunk bitrate: 54 600000
Buffer size: 55 220001
Download Time: 2185850
Chunk bitrate: 55 600000
Buffer size: 56 224001
Download Time: 2155408
Chunk bitrate: 56 600000
Buffer size: 57 228001
Download Time: 1764627
Chunk bitrate: 57 600000
Buffer size: 58 232001
Download Time: 730811
Chunk bitrate: 58 600000
Buffer size: 59 236001
Download Time: 2847908
Chunk bitrate: 59 600000
Buffer size: 60 240001
Download Time: 2263090
Chunk bitrate: 60 600000
Buffer size: 61 244001
Download Time: 2355513
Chunk bitrate: 61 349952
Buffer size: 61 248001
Chunk bitrate: 61 349952
Buffer size: 62 248001
Download Time: 551865
[00007f4414003378] core mux error: cannot add this stream
[00007f4414049808] core decoder error: cannot create packetizer output (h264)
Chunk bitrate: 62 349952
Buffer size: 63 252001
Download Time: 406052
Chunk bitrate: 63 349952
Buffer size: 64 256001
Download Time: 707610
Chunk bitrate: 64 600000
Buffer size: 64 260001
Chunk bitrate: 64 600000
Buffer size: 65 260001
[00007f4414003378] ps mux: Close
[00007f4410001288] idummy demux: command `quit'
[0000000000d4a1e8] [cli] lua interface error: Error loading script /home/cs244/vlc/share/lua/intf/cli.luac: lua/intf/modules/host.lua:286: Interrupted.
