[00000000014791e8] core interface error: no suitable interface module
[00000000013b0338] core libvlc error: interface "globalhotkeys,none" initialization failed
[00000000014791e8] dbus interface error: Failed to connect to the D-Bus session daemon: Unable to autolaunch a dbus-daemon without a $DISPLAY for X11
[00000000014791e8] core interface error: no suitable interface module
[00000000013b0338] core libvlc error: interface "dbus,none" initialization failed
[00000000013b0338] core libvlc: Running vlc with the default interface. Use 'cvlc' to use vlc without interface.
[00000000014791e8] qt interface error: Could not connect to X server
[00000000014791e8] skins2 interface error: cannot initialize OSFactory
[00007f92c0003378] ps mux: Open
[00000000014791e8] [cli] lua interface: Listening on host "*console".
VLC media player 3.0.0-git Vetinari
Command Line Interface initialized. Type `help' for help.
> making a DASHManager
new ratebased adaptionlogic
Chunk bitrate: 0 349952
Buffer size: 0 0
Chunk bitrate: 0 349952
Buffer size: 0 0
[00007f92c0025538] mp4 demux: Fragment sequence discontinuity detected 0 != 2
Download Time: 1081818
[00007f92c001a6b8] mp4 demux: Fragment sequence discontinuity detected 0 != 2
Startup Time: 1050000
Chunk bitrate: 0 1000000
Buffer size: 0 4001
Chunk bitrate: 0 1000000
Buffer size: 1 4001
Download Time: 3079513
Chunk bitrate: 1 600000
Buffer size: 1 8001
Chunk bitrate: 1 600000
Buffer size: 2 8001
Download Time: 1672426
Chunk bitrate: 2 600000
Buffer size: 3 12001
Download Time: 2346905
Chunk bitrate: 3 349952
Buffer size: 3 16001
Chunk bitrate: 3 349952
Buffer size: 4 16001
Download Time: 1391562
Chunk bitrate: 4 600000
Buffer size: 4 20001
Chunk bitrate: 4 600000
Buffer size: 5 20001
Download Time: 2358639
Chunk bitrate: 5 600000
Buffer size: 6 24001
Download Time: 1631847
Chunk bitrate: 6 600000
Buffer size: 7 28001
Download Time: 2483812
Chunk bitrate: 7 349952
Buffer size: 7 32001
Chunk bitrate: 7 349952
Buffer size: 8 32001
Download Time: 2334640
Chunk bitrate: 8 349952
Buffer size: 9 36001
Download Time: 4574292
Chunk bitrate: 9 349952
Buffer size: 10 40001
Download Time: 4096479
Chunk bitrate: 10 349952
Buffer size: 11 44001
Download Time: 2558448
Chunk bitrate: 11 349952
Buffer size: 12 48001
Download Time: 4105758
Chunk bitrate: 12 349952
Buffer size: 13 52001
Download Time: 3364888
Chunk bitrate: 13 349952
Buffer size: 14 56001
Download Time: 1935932
Chunk bitrate: 14 349952
Buffer size: 15 60001
Download Time: 1602213
Chunk bitrate: 15 349952
Buffer size: 16 64001
Download Time: 2107622
Chunk bitrate: 16 349952
Buffer size: 17 68001
Download Time: 1598818
Chunk bitrate: 17 349952
Buffer size: 18 72001
Download Time: 1581089
Chunk bitrate: 18 349952
Buffer size: 19 76001
Download Time: 1297031
Chunk bitrate: 19 349952
Buffer size: 20 80001
Download Time: 1976469
Chunk bitrate: 20 349952
Buffer size: 21 84001
Download Time: 954891
Chunk bitrate: 21 600000
Buffer size: 21 88001
Chunk bitrate: 21 600000
Buffer size: 22 88001
Download Time: 4362368
Chunk bitrate: 22 349952
Buffer size: 22 92001
Chunk bitrate: 22 349952
Buffer size: 23 92001
Download Time: 1952681
Chunk bitrate: 23 349952
Buffer size: 24 96001
Download Time: 2783991
Chunk bitrate: 24 349952
Buffer size: 25 100001
Download Time: 2847543
Chunk bitrate: 25 349952
Buffer size: 26 104001
Download Time: 2297003
Chunk bitrate: 26 349952
Buffer size: 27 108001
Download Time: 1989851
Chunk bitrate: 27 349952
Buffer size: 28 112001
Download Time: 2904908
Chunk bitrate: 28 349952
Buffer size: 29 116001
Download Time: 4051789
Chunk bitrate: 29 349952
Buffer size: 30 120001
Download Time: 2474523
Chunk bitrate: 30 349952
Buffer size: 31 124001
Download Time: 1563109
Chunk bitrate: 31 349952
Buffer size: 32 128001
Download Time: 1381303
Chunk bitrate: 32 600000
Buffer size: 32 132001
Chunk bitrate: 32 600000
Buffer size: 33 132001
Download Time: 2932514
Chunk bitrate: 33 349952
Buffer size: 33 136001
Chunk bitrate: 33 349952
Buffer size: 34 136001
Download Time: 3471804
Chunk bitrate: 34 349952
Buffer size: 35 140001
Download Time: 2266189
Chunk bitrate: 35 349952
Buffer size: 36 144001
Download Time: 2099252
Chunk bitrate: 36 349952
Buffer size: 37 148001
Download Time: 2424553
Chunk bitrate: 37 349952
Buffer size: 38 152001
Download Time: 3253990
Chunk bitrate: 38 349952
Buffer size: 39 156001
Download Time: 3676989
Chunk bitrate: 39 349952
Buffer size: 40 160001
Download Time: 1824655
Chunk bitrate: 40 349952
Buffer size: 41 164001
Download Time: 3635058
Chunk bitrate: 41 349952
Buffer size: 42 168001
Download Time: 1947667
Chunk bitrate: 42 349952
Buffer size: 43 172001
Download Time: 1911457
Chunk bitrate: 43 349952
Buffer size: 44 176001
Download Time: 1958288
Chunk bitrate: 44 349952
Buffer size: 45 180001
Download Time: 1531313
Chunk bitrate: 45 349952
Buffer size: 46 184001
Download Time: 1387372
Chunk bitrate: 46 600000
Buffer size: 46 188001
Chunk bitrate: 46 600000
Buffer size: 47 188001
Download Time: 2466964
Chunk bitrate: 47 349952
Buffer size: 47 192001
Chunk bitrate: 47 349952
Buffer size: 48 192001
Download Time: 2711084
Chunk bitrate: 48 349952
Buffer size: 49 196001
Download Time: 1669834
Chunk bitrate: 49 349952
Buffer size: 50 200001
Download Time: 2262097
Chunk bitrate: 50 349952
Buffer size: 51 204001
Download Time: 3453659
Chunk bitrate: 51 600000
Buffer size: 51 208001
Chunk bitrate: 51 600000
Buffer size: 52 208001
Download Time: 1892027
Chunk bitrate: 52 600000
Buffer size: 53 212001
Download Time: 1973886
Chunk bitrate: 53 600000
Buffer size: 54 216001
Download Time: 2147401
Chunk bitrate: 54 600000
Buffer size: 55 220001
Download Time: 3568660
Chunk bitrate: 55 600000
Buffer size: 56 224001
Download Time: 2588988
Chunk bitrate: 56 600000
Buffer size: 57 228001
Download Time: 1747250
Chunk bitrate: 57 600000
Buffer size: 58 232001
Download Time: 549147
Chunk bitrate: 58 600000
Buffer size: 59 236001
Download Time: 4302072
Chunk bitrate: 59 349952
Buffer size: 59 240001
Chunk bitrate: 59 349952
Buffer size: 60 240001
Download Time: 2931692
Chunk bitrate: 60 349952
Buffer size: 61 244001
Download Time: 1916323
Chunk bitrate: 61 349952
Buffer size: 62 248001
Download Time: 543035
Chunk bitrate: 62 600000
Buffer size: 62 252001
Chunk bitrate: 62 600000
Buffer size: 63 252001
Download Time: 637792
Chunk bitrate: 63 600000
Buffer size: 64 256001
Download Time: 1220080
Chunk bitrate: 64 600000
Buffer size: 65 260001
[00007f92c0003378] ps mux: Close
[00007f92b80010a8] idummy demux: command `quit'
[00000000014791e8] [cli] lua interface error: Error loading script /home/cs244/vlc/share/lua/intf/cli.luac: lua/intf/modules/host.lua:286: Interrupted.
