[0000000001dc71e8] core interface error: no suitable interface module
[0000000001cfe338] core libvlc error: interface "globalhotkeys,none" initialization failed
[0000000001dc71e8] dbus interface error: Failed to connect to the D-Bus session daemon: Unable to autolaunch a dbus-daemon without a $DISPLAY for X11
[0000000001dc71e8] core interface error: no suitable interface module
[0000000001cfe338] core libvlc error: interface "dbus,none" initialization failed
[0000000001cfe338] core libvlc: Running vlc with the default interface. Use 'cvlc' to use vlc without interface.
[0000000001dc71e8] qt interface error: Could not connect to X server
[0000000001dc71e8] skins2 interface error: cannot initialize OSFactory
[00007f1b1c003378] ps mux: Open
[0000000001dc71e8] [cli] lua interface: Listening on host "*console".
VLC media player 3.0.0-git Vetinari
Command Line Interface initialized. Type `help' for help.
> making a DASHManager
new ratebased adaptionlogic
Chunk bitrate: 0 349952
Buffer size: 0 0
Chunk bitrate: 0 349952
Buffer size: 0 0
[00007f1b1c024798] mp4 demux: Fragment sequence discontinuity detected 0 != 2
Download Time: 1232848
[00007f1b1c017348] mp4 demux: Fragment sequence discontinuity detected 0 != 2
Startup Time: 1050000
Chunk bitrate: 0 349952
Buffer size: 1 4001
Download Time: 851964
Chunk bitrate: 1 349952
Buffer size: 2 8001
Download Time: 935828
Chunk bitrate: 2 600000
Buffer size: 2 12001
Chunk bitrate: 2 600000
Buffer size: 3 12001
Download Time: 1430469
Chunk bitrate: 3 349952
Buffer size: 3 16001
Chunk bitrate: 3 349952
Buffer size: 4 16001
Download Time: 1062321
Chunk bitrate: 4 349952
Buffer size: 5 20001
Download Time: 894895
Chunk bitrate: 5 349952
Buffer size: 6 24001
Download Time: 1016890
Chunk bitrate: 6 349952
Buffer size: 7 28001
Download Time: 896017
Chunk bitrate: 7 600000
Buffer size: 7 32001
Chunk bitrate: 7 600000
Buffer size: 8 32001
Download Time: 1215270
Chunk bitrate: 8 349952
Buffer size: 8 36001
Chunk bitrate: 8 349952
Buffer size: 9 36001
Download Time: 1022245
Chunk bitrate: 9 349952
Buffer size: 10 40001
Download Time: 1458539
Chunk bitrate: 10 349952
Buffer size: 11 44001
Download Time: 770885
Chunk bitrate: 11 349952
Buffer size: 12 48001
Download Time: 976444
Chunk bitrate: 12 600000
Buffer size: 12 52001
Chunk bitrate: 12 600000
Buffer size: 13 52001
Download Time: 1424782
Chunk bitrate: 13 349952
Buffer size: 13 56001
Chunk bitrate: 13 349952
Buffer size: 14 56001
Download Time: 1015518
Chunk bitrate: 14 349952
Buffer size: 15 60001
Download Time: 610478
Chunk bitrate: 15 600000
Buffer size: 15 64001
Chunk bitrate: 15 600000
Buffer size: 16 64001
Download Time: 976697
Chunk bitrate: 16 600000
Buffer size: 17 68001
Download Time: 1098217
Chunk bitrate: 17 600000
Buffer size: 18 72001
Download Time: 1261535
Chunk bitrate: 18 349952
Buffer size: 18 76001
Chunk bitrate: 18 349952
Buffer size: 19 76001
Download Time: 568160
Chunk bitrate: 19 349952
Buffer size: 20 80001
Download Time: 848629
Chunk bitrate: 20 349952
Buffer size: 21 84001
Download Time: 525792
Chunk bitrate: 21 349952
Buffer size: 22 88001
Download Time: 648408
Chunk bitrate: 22 600000
Buffer size: 22 92001
Chunk bitrate: 22 600000
Buffer size: 23 92001
Download Time: 1346358
Chunk bitrate: 23 349952
Buffer size: 23 96001
Chunk bitrate: 23 349952
Buffer size: 24 96001
Download Time: 815397
Chunk bitrate: 24 349952
Buffer size: 25 100001
Download Time: 653748
Chunk bitrate: 25 600000
Buffer size: 25 104001
Chunk bitrate: 25 600000
Buffer size: 26 104001
Download Time: 1469752
Chunk bitrate: 26 349952
Buffer size: 26 108001
Chunk bitrate: 26 349952
Buffer size: 27 108001
Download Time: 407794
Chunk bitrate: 27 600000
Buffer size: 27 112001
Chunk bitrate: 27 600000
Buffer size: 28 112001
Download Time: 1388230
Chunk bitrate: 28 349952
Buffer size: 28 116001
Chunk bitrate: 28 349952
Buffer size: 29 116001
Download Time: 897949
Chunk bitrate: 29 349952
Buffer size: 30 120001
Download Time: 857397
Chunk bitrate: 30 349952
Buffer size: 31 124001
Download Time: 772682
Chunk bitrate: 31 349952
Buffer size: 32 128001
Download Time: 977186
Chunk bitrate: 32 349952
Buffer size: 33 132001
Download Time: 773531
Chunk bitrate: 33 349952
Buffer size: 34 136001
Download Time: 773627
Chunk bitrate: 34 349952
Buffer size: 35 140001
Download Time: 813912
Chunk bitrate: 35 349952
Buffer size: 36 144001
Download Time: 778391
Chunk bitrate: 36 600000
Buffer size: 36 148001
Chunk bitrate: 36 600000
Buffer size: 37 148001
Download Time: 1261055
Chunk bitrate: 37 349952
Buffer size: 37 152001
Chunk bitrate: 37 349952
Buffer size: 38 152001
Download Time: 898029
[00007f1b1c003378] core mux error: cannot add this stream
[00007f1b1c0988a8] core decoder error: cannot create packetizer output (h264)
Chunk bitrate: 38 1000000
Buffer size: 38 156001
Chunk bitrate: 38 1000000
Buffer size: 39 156001
Download Time: 2203411
[00007f1b1c003378] core mux error: cannot add this stream
[00007f1b1c11c328] core decoder error: cannot create packetizer output (h264)
Chunk bitrate: 39 349952
Buffer size: 39 160001
Chunk bitrate: 39 349952
Buffer size: 40 160001
Download Time: 2732245
[00007f1b1c003378] core mux error: cannot add this stream
[00007f1b1c0c95f8] core decoder error: cannot create packetizer output (h264)
Chunk bitrate: 40 600000
Buffer size: 40 164001
Chunk bitrate: 40 600000
Buffer size: 41 164001
Download Time: 1672598
[00007f1b1c003378] core mux error: cannot add this stream
[00007f1b1c104a28] core decoder error: cannot create packetizer output (h264)
Chunk bitrate: 41 600000
Buffer size: 42 168001
Download Time: 1310065
Chunk bitrate: 42 600000
Buffer size: 43 172001
Download Time: 1792424
Chunk bitrate: 43 600000
Buffer size: 44 176001
Download Time: 1594851
Chunk bitrate: 44 600000
Buffer size: 45 180001
Download Time: 1182358
Chunk bitrate: 45 600000
Buffer size: 46 184001
Download Time: 1230017
Chunk bitrate: 46 349952
Buffer size: 46 188001
Chunk bitrate: 46 349952
Buffer size: 47 188001
Download Time: 891984
[00007f1b1c003378] core mux error: cannot add this stream
[00007f1b1c0f1498] core decoder error: cannot create packetizer output (h264)
Chunk bitrate: 47 349952
Buffer size: 48 192001
Download Time: 780526
Chunk bitrate: 48 349952
Buffer size: 49 196001
Download Time: 772687
Chunk bitrate: 49 600000
Buffer size: 49 200001
Chunk bitrate: 49 600000
Buffer size: 50 200001
Download Time: 1067791
[00007f1b1c003378] core mux error: cannot add this stream
[00007f1b1c10d1d8] core decoder error: cannot create packetizer output (h264)
Chunk bitrate: 50 349952
Buffer size: 50 204001
Chunk bitrate: 50 349952
Buffer size: 51 204001
Download Time: 1069359
[00007f1b1c003378] core mux error: cannot add this stream
[00007f1b1c0f0728] core decoder error: cannot create packetizer output (h264)
Chunk bitrate: 51 349952
Buffer size: 52 208001
Download Time: 1422963
Chunk bitrate: 52 349952
Buffer size: 53 212001
Download Time: 860658
Chunk bitrate: 53 600000
Buffer size: 53 216001
Chunk bitrate: 53 600000
Buffer size: 54 216001
Download Time: 1746824
[00007f1b1c003378] core mux error: cannot add this stream
[00007f1b1c1122c8] core decoder error: cannot create packetizer output (h264)
Chunk bitrate: 54 600000
Buffer size: 55 220001
Download Time: 1913314
Chunk bitrate: 55 349952
Buffer size: 55 224001
Chunk bitrate: 55 349952
Buffer size: 56 224001
Download Time: 943000
[00007f1b1c003378] core mux error: cannot add this stream
[00007f1b1c0e1258] core decoder error: cannot create packetizer output (h264)
Chunk bitrate: 56 349952
Buffer size: 57 228001
Download Time: 775363
Chunk bitrate: 57 349952
Buffer size: 58 232001
Download Time: 325899
Chunk bitrate: 58 349952
Buffer size: 59 236001
Download Time: 1020547
Chunk bitrate: 59 349952
Buffer size: 60 240001
Download Time: 1055760
Chunk bitrate: 60 600000
Buffer size: 60 244001
Chunk bitrate: 60 600000
Buffer size: 61 244001
Download Time: 1591644
[00007f1b1c003378] core mux error: cannot add this stream
[00007f1b1c125848] core decoder error: cannot create packetizer output (h264)
Chunk bitrate: 61 349952
Buffer size: 61 248001
Chunk bitrate: 61 349952
Buffer size: 62 248001
Download Time: 404182
[00007f1b1c003378] core mux error: cannot add this stream
[00007f1b1c0d3168] core decoder error: cannot create packetizer output (h264)
Chunk bitrate: 62 349952
Buffer size: 63 252001
Download Time: 284923
Chunk bitrate: 63 349952
Buffer size: 64 256001
Download Time: 692624
Chunk bitrate: 64 349952
Buffer size: 65 260001
[00007f1b1c003378] ps mux: Close
[00007f1b18001448] idummy demux: command `quit'
[0000000001dc71e8] [cli] lua interface error: Error loading script /home/cs244/vlc/share/lua/intf/cli.luac: lua/intf/modules/host.lua:286: Interrupted.
