[00000000012b71a8] core interface error: no suitable interface module
[00000000011ee338] core libvlc error: interface "globalhotkeys,none" initialization failed
[00000000012b71a8] dbus interface error: Failed to connect to the D-Bus session daemon: Unable to autolaunch a dbus-daemon without a $DISPLAY for X11
[00000000012b71a8] core interface error: no suitable interface module
[00000000011ee338] core libvlc error: interface "dbus,none" initialization failed
[00000000011ee338] core libvlc: Running vlc with the default interface. Use 'cvlc' to use vlc without interface.
[00000000012b71a8] qt interface error: Could not connect to X server
[00000000012b71a8] skins2 interface error: cannot initialize OSFactory
[00000000012b71a8] [cli] lua interface: Listening on host "*console".
VLC media player 3.0.0-git Vetinari
Command Line Interface initialized. Type `help' for help.
> [00007ff438003378] ps mux: Open
making a DASHManager
new ratebased adaptionlogic
Chunk bitrate: 0 349952
Buffer size: 0 0
Chunk bitrate: 0 349952
Buffer size: 0 0
[00007ff43801a3b8] mp4 demux: Fragment sequence discontinuity detected 0 != 2
Download Time: 1258213
[00007ff43801ad98] mp4 demux: Fragment sequence discontinuity detected 0 != 2
Startup Time: 1050000
Chunk bitrate: 0 600000
Buffer size: 0 4001
Chunk bitrate: 0 600000
Buffer size: 1 4001
Download Time: 1863518
Chunk bitrate: 1 600000
Buffer size: 2 8001
Download Time: 1871296
Chunk bitrate: 2 349952
Buffer size: 2 12001
Chunk bitrate: 2 349952
Buffer size: 3 12001
Download Time: 1466103
Chunk bitrate: 3 349952
Buffer size: 4 16001
Download Time: 404008
Chunk bitrate: 4 349952
Buffer size: 5 20001
Download Time: 813603
Chunk bitrate: 5 600000
Buffer size: 5 24001
Chunk bitrate: 5 600000
Buffer size: 6 24001
Download Time: 1009238
Chunk bitrate: 6 349952
Buffer size: 6 28001
Chunk bitrate: 6 349952
Buffer size: 7 28001
Download Time: 370337
Chunk bitrate: 7 349952
Buffer size: 8 32001
Download Time: 649834
Chunk bitrate: 8 600000
Buffer size: 8 36001
Chunk bitrate: 8 600000
Buffer size: 9 36001
Download Time: 924769
Chunk bitrate: 9 349952
Buffer size: 9 40001
Chunk bitrate: 9 349952
Buffer size: 10 40001
Download Time: 940605
Chunk bitrate: 10 600000
Buffer size: 10 44001
Chunk bitrate: 10 600000
Buffer size: 11 44001
Download Time: 732981
Chunk bitrate: 11 349952
Buffer size: 11 48001
Chunk bitrate: 11 349952
Buffer size: 12 48001
Download Time: 851236
Chunk bitrate: 12 600000
Buffer size: 12 52001
Chunk bitrate: 12 600000
Buffer size: 13 52001
Download Time: 1200710
Chunk bitrate: 13 600000
Buffer size: 14 56001
Download Time: 1664543
Chunk bitrate: 14 600000
Buffer size: 15 60001
Download Time: 1347782
Chunk bitrate: 15 349952
Buffer size: 15 64001
Chunk bitrate: 15 349952
Buffer size: 16 64001
Download Time: 819980
Chunk bitrate: 16 349952
Buffer size: 17 68001
Download Time: 449884
Chunk bitrate: 17 600000
Buffer size: 17 72001
Chunk bitrate: 17 600000
Buffer size: 18 72001
Download Time: 1500847
Chunk bitrate: 18 349952
Buffer size: 18 76001
Chunk bitrate: 18 349952
Buffer size: 19 76001
Download Time: 446256
Chunk bitrate: 19 600000
Buffer size: 19 80001
Chunk bitrate: 19 600000
Buffer size: 20 80001
Download Time: 1343196
Download Time: 447525
Chunk bitrate: 20 349952
Buffer size: 20 84001
Chunk bitrate: 20 349952
Buffer size: 21 84001
Download Time: 407762
Chunk bitrate: 21 600000
Buffer size: 21 88001
Chunk bitrate: 21 600000
Buffer size: 22 88001
Download Time: 1951991
Chunk bitrate: 22 600000
Buffer size: 23 92001
Download Time: 693686
Chunk bitrate: 23 600000
Buffer size: 24 96001
Download Time: 1258623
Chunk bitrate: 24 349952
Buffer size: 24 100001
Chunk bitrate: 24 349952
Buffer size: 25 100001
Download Time: 636256
[00007ff438003378] core mux error: cannot add this stream
[00007ff4380d90f8] core decoder error: cannot create packetizer output (h264)
Chunk bitrate: 25 600000
Buffer size: 25 104001
Chunk bitrate: 25 600000
Buffer size: 26 104001
Download Time: 1100336
[00007ff438003378] core mux error: cannot add this stream
[00007ff4380cd148] core decoder error: cannot create packetizer output (h264)
Chunk bitrate: 26 600000
Buffer size: 27 108001
Download Time: 797791
Chunk bitrate: 27 349952
Buffer size: 27 112001
Chunk bitrate: 27 349952
Buffer size: 28 112001
Download Time: 852841
[00007ff438003378] core mux error: cannot add this stream
[00007ff4380b4d98] core decoder error: cannot create packetizer output (h264)
Chunk bitrate: 28 349952
Buffer size: 29 116001
Download Time: 771776
Chunk bitrate: 29 349952
Buffer size: 30 120001
Download Time: 526690
Chunk bitrate: 30 600000
Buffer size: 30 124001
Chunk bitrate: 30 600000
Buffer size: 31 124001
Download Time: 606720
[00007ff438003378] core mux error: cannot add this stream
[00007ff4380ca708] core decoder error: cannot create packetizer output (h264)
Chunk bitrate: 31 349952
Buffer size: 31 128001
Chunk bitrate: 31 349952
Buffer size: 32 128001
Download Time: 487633
[00007ff438003378] core mux error: cannot add this stream
[00007ff43809c958] core decoder error: cannot create packetizer output (h264)
Chunk bitrate: 32 1000000
Buffer size: 32 132001
Chunk bitrate: 32 1000000
Buffer size: 33 132001
Download Time: 2350278
[00007ff438003378] core mux error: cannot add this stream
[00007ff438121708] core decoder error: cannot create packetizer output (h264)
Chunk bitrate: 33 600000
Buffer size: 33 136001
Chunk bitrate: 33 600000
Buffer size: 34 136001
Download Time: 1047728
[00007ff438003378] core mux error: cannot add this stream
[00007ff4380f70d8] core decoder error: cannot create packetizer output (h264)
Chunk bitrate: 34 1000000
Buffer size: 34 140001
Chunk bitrate: 34 1000000
Buffer size: 35 140001
Download Time: 1418868
[00007ff438003378] core mux error: cannot add this stream
[00007ff4380f6c08] core decoder error: cannot create packetizer output (h264)
Chunk bitrate: 35 600000
Buffer size: 35 144001
Chunk bitrate: 35 600000
Buffer size: 36 144001
Download Time: 1013848
[00007ff438003378] core mux error: cannot add this stream
[00007ff4380bf588] core decoder error: cannot create packetizer output (h264)
Chunk bitrate: 36 600000
Buffer size: 37 148001
Download Time: 1139097
Chunk bitrate: 37 600000
Buffer size: 38 152001
Download Time: 938118
Chunk bitrate: 38 1000000
Buffer size: 38 156001
Chunk bitrate: 38 1000000
Buffer size: 39 156001
Download Time: 1498400
[00007ff438003378] core mux error: cannot add this stream
[00007ff438125878] core decoder error: cannot create packetizer output (h264)
Chunk bitrate: 39 600000
Buffer size: 39 160001
Chunk bitrate: 39 600000
Buffer size: 40 160001
Download Time: 1011876
[00007ff438003378] core mux error: cannot add this stream
[00007ff4380f0158] core decoder error: cannot create packetizer output (h264)
Chunk bitrate: 40 600000
Buffer size: 41 164001
Download Time: 1096849
Chunk bitrate: 41 349952
Buffer size: 41 168001
Chunk bitrate: 41 349952
Buffer size: 42 168001
Download Time: 690610
[00007ff438003378] core mux error: cannot add this stream
[00007ff4380be2f8] core decoder error: cannot create packetizer output (h264)
Chunk bitrate: 42 600000
Buffer size: 42 172001
Chunk bitrate: 42 600000
Buffer size: 43 172001
Download Time: 1336669
[00007ff438003378] core mux error: cannot add this stream
[00007ff4380ed598] core decoder error: cannot create packetizer output (h264)
Chunk bitrate: 43 600000
Buffer size: 44 176001
Download Time: 814639
Chunk bitrate: 44 349952
Buffer size: 44 180001
Chunk bitrate: 44 349952
Buffer size: 45 180001
Download Time: 572528
[00007ff438003378] core mux error: cannot add this stream
[00007ff4380d1648] core decoder error: cannot create packetizer output (h264)
Chunk bitrate: 45 600000
Buffer size: 45 184001
Download Time: 410442
Chunk bitrate: 45 600000
Buffer size: 46 184001
Download Time: 605549
[00007ff438003378] core mux error: cannot add this stream
[00007ff438114398] core decoder error: cannot create packetizer output (h264)
Chunk bitrate: 46 600000
Buffer size: 47 188001
Download Time: 773666
Chunk bitrate: 47 600000
Buffer size: 48 192001
Download Time: 688507
Chunk bitrate: 48 349952
Buffer size: 48 196001
Chunk bitrate: 48 349952
Buffer size: 49 196001
Download Time: 372029
[00007ff438003378] core mux error: cannot add this stream
[00007ff438096448] core decoder error: cannot create packetizer output (h264)
Chunk bitrate: 49 349952
Buffer size: 50 200001
Download Time: 443358
Chunk bitrate: 50 600000
Buffer size: 50 204001
Chunk bitrate: 50 600000
Buffer size: 51 204001
Download Time: 1050952
[00007ff438003378] core mux error: cannot add this stream
[00007ff4381128a8] core decoder error: cannot create packetizer output (h264)
Chunk bitrate: 51 349952
Buffer size: 51 208001
Chunk bitrate: 51 349952
Buffer size: 52 208001
Download Time: 689197
[00007ff438003378] core mux error: cannot add this stream
[00007ff438111268] core decoder error: cannot create packetizer output (h264)
Chunk bitrate: 52 600000
Buffer size: 52 212001
Chunk bitrate: 52 600000
Buffer size: 53 212001
Download Time: 1187423
[00007ff438003378] core mux error: cannot add this stream
[00007ff43811b6d8] core decoder error: cannot create packetizer output (h264)
Chunk bitrate: 53 349952
Buffer size: 53 216001
Chunk bitrate: 53 349952
Buffer size: 54 216001
Download Time: 896804
[00007ff438003378] core mux error: cannot add this stream
[00007ff4380db4c8] core decoder error: cannot create packetizer output (h264)
Chunk bitrate: 54 349952
Buffer size: 55 220001
Download Time: 1004489
Chunk bitrate: 55 1000000
Buffer size: 55 224001
Chunk bitrate: 55 1000000
Buffer size: 56 224001
Download Time: 1878635
[00007ff438003378] core mux error: cannot add this stream
[00007ff438095d18] core decoder error: cannot create packetizer output (h264)
Chunk bitrate: 56 1000000
Buffer size: 57 228001
Download Time: 1094289
Chunk bitrate: 57 600000
Buffer size: 57 232001
Chunk bitrate: 57 600000
Buffer size: 58 232001
Download Time: 649069
[00007ff438003378] core mux error: cannot add this stream
[00007ff438114b58] core decoder error: cannot create packetizer output (h264)
Chunk bitrate: 58 349952
Buffer size: 58 236001
Chunk bitrate: 58 349952
Buffer size: 59 236001
Download Time: 766536
Download Time: 411232
[00007ff438003378] core mux error: cannot add this stream
[00007ff4380f0c68] core decoder error: cannot create packetizer output (h264)
Chunk bitrate: 59 349952
Buffer size: 60 240001
Download Time: 1142559
Chunk bitrate: 60 1000000
Buffer size: 60 244001
Download Time: 246648
Chunk bitrate: 60 1000000
Buffer size: 61 244001
Download Time: 1204589
[00007ff438003378] core mux error: cannot add this stream
[00007ff438161fc8] core decoder error: cannot create packetizer output (h264)
Chunk bitrate: 61 349952
Buffer size: 61 248001
Chunk bitrate: 61 349952
Buffer size: 62 248001
Download Time: 326092
[00007ff438003378] core mux error: cannot add this stream
[00007ff438045898] core decoder error: cannot create packetizer output (h264)
Chunk bitrate: 62 600000
Buffer size: 62 252001
Chunk bitrate: 62 600000
Buffer size: 63 252001
Download Time: 694006
Download Time: 359556
[00007ff438003378] core mux error: cannot add this stream
[00007ff43810eaf8] core decoder error: cannot create packetizer output (h264)
Chunk bitrate: 63 349952
Buffer size: 63 256001
Chunk bitrate: 63 349952
Buffer size: 64 256001
Download Time: 524674
[00007ff438003378] core mux error: cannot add this stream
[00007ff438094288] core decoder error: cannot create packetizer output (h264)
Chunk bitrate: 64 349952
Buffer size: 65 260001
[00007ff438003378] ps mux: Close
[00007ff4300321d8] idummy demux: command `quit'
[00000000012b71a8] [cli] lua interface error: Error loading script /home/cs244/vlc/share/lua/intf/cli.luac: lua/intf/modules/host.lua:286: Interrupted.
