[00000000019931e8] core interface error: no suitable interface module
[00000000018ca338] core libvlc error: interface "globalhotkeys,none" initialization failed
[00000000019931e8] dbus interface error: Failed to connect to the D-Bus session daemon: Unable to autolaunch a dbus-daemon without a $DISPLAY for X11
[00000000019931e8] core interface error: no suitable interface module
[00000000018ca338] core libvlc error: interface "dbus,none" initialization failed
[00000000018ca338] core libvlc: Running vlc with the default interface. Use 'cvlc' to use vlc without interface.
[00000000019931e8] qt interface error: Could not connect to X server
[00000000019931e8] skins2 interface error: cannot initialize OSFactory
[00000000019931e8] [cli] lua interface: Listening on host "*console".
VLC media player 3.0.0-git Vetinari
Command Line Interface initialized. Type `help' for help.
> [00007fc30c003378] ps mux: Open
making a DASHManager
new ratebased adaptionlogic
Chunk bitrate: 0 349952
Buffer size: 0 0
Chunk bitrate: 0 349952
Buffer size: 0 0
[00007fc30c025858] mp4 demux: Fragment sequence discontinuity detected 0 != 2
Download Time: 934517
[00007fc30c023698] mp4 demux: Fragment sequence discontinuity detected 0 != 2
Startup Time: 1050000
Chunk bitrate: 0 349952
Buffer size: 1 4001
Download Time: 745753
Chunk bitrate: 1 600000
Buffer size: 1 8001
Chunk bitrate: 1 600000
Buffer size: 2 8001
Download Time: 910473
Chunk bitrate: 2 600000
Buffer size: 3 12001
Download Time: 1467082
Chunk bitrate: 3 349952
Buffer size: 3 16001
Chunk bitrate: 3 349952
Buffer size: 4 16001
Download Time: 737874
Chunk bitrate: 4 600000
Buffer size: 4 20001
Chunk bitrate: 4 600000
Buffer size: 5 20001
Download Time: 1712098
Chunk bitrate: 5 600000
Buffer size: 6 24001
Download Time: 978511
Chunk bitrate: 6 349952
Buffer size: 6 28001
Chunk bitrate: 6 349952
Buffer size: 7 28001
Download Time: 1020595
Chunk bitrate: 7 349952
Buffer size: 8 32001
Download Time: 935090
Chunk bitrate: 8 600000
Buffer size: 8 36001
Chunk bitrate: 8 600000
Buffer size: 9 36001
Download Time: 1352047
Chunk bitrate: 9 349952
Buffer size: 9 40001
Chunk bitrate: 9 349952
Buffer size: 10 40001
Download Time: 1017398
Chunk bitrate: 10 349952
Buffer size: 11 44001
Download Time: 653160
Chunk bitrate: 11 349952
Buffer size: 12 48001
Download Time: 895697
Chunk bitrate: 12 349952
Buffer size: 13 52001
Download Time: 1174485
Chunk bitrate: 13 349952
Buffer size: 14 56001
Download Time: 773665
Chunk bitrate: 14 600000
Buffer size: 14 60001
Chunk bitrate: 14 600000
Buffer size: 15 60001
Download Time: 1022207
Chunk bitrate: 15 349952
Buffer size: 15 64001
Chunk bitrate: 15 349952
Buffer size: 16 64001
Download Time: 1061458
Chunk bitrate: 16 349952
Buffer size: 17 68001
Download Time: 647064
Chunk bitrate: 17 600000
Buffer size: 17 72001
Chunk bitrate: 17 600000
Buffer size: 18 72001
Download Time: 1179823
Chunk bitrate: 18 349952
Buffer size: 18 76001
Chunk bitrate: 18 349952
Buffer size: 19 76001
Download Time: 1100693
Chunk bitrate: 19 349952
Buffer size: 20 80001
Download Time: 1062188
Chunk bitrate: 20 600000
Buffer size: 20 84001
Chunk bitrate: 20 600000
Buffer size: 21 84001
Download Time: 813183
Chunk bitrate: 21 600000
Buffer size: 22 88001
Download Time: 1630841
Chunk bitrate: 22 600000
Buffer size: 23 92001
Download Time: 1210214
Chunk bitrate: 23 349952
Buffer size: 23 96001
Chunk bitrate: 23 349952
Buffer size: 24 96001
Download Time: 772670
Chunk bitrate: 24 349952
Buffer size: 25 100001
Download Time: 1055910
Chunk bitrate: 25 349952
Buffer size: 26 104001
Download Time: 1175860
Chunk bitrate: 26 349952
Buffer size: 27 108001
Download Time: 895216
Chunk bitrate: 27 349952
Buffer size: 28 112001
Download Time: 855706
Chunk bitrate: 28 349952
Buffer size: 29 116001
Download Time: 932123
Chunk bitrate: 29 349952
Buffer size: 30 120001
Download Time: 688312
Chunk bitrate: 30 349952
Buffer size: 31 124001
Download Time: 1057828
Chunk bitrate: 31 349952
Buffer size: 32 128001
Download Time: 813934
Chunk bitrate: 32 600000
Buffer size: 32 132001
Chunk bitrate: 32 600000
Buffer size: 33 132001
Download Time: 1961488
Chunk bitrate: 33 349952
Buffer size: 33 136001
Chunk bitrate: 33 349952
Buffer size: 34 136001
Download Time: 1049699
Chunk bitrate: 34 349952
Buffer size: 35 140001
Download Time: 647755
Chunk bitrate: 35 349952
Buffer size: 36 144001
Download Time: 848659
Chunk bitrate: 36 349952
Buffer size: 37 148001
Download Time: 1017644
Chunk bitrate: 37 349952
Buffer size: 38 152001
Download Time: 856461
Chunk bitrate: 38 1000000
Buffer size: 38 156001
Chunk bitrate: 38 1000000
Buffer size: 39 156001
Download Time: 2042694
Chunk bitrate: 39 349952
Buffer size: 39 160001
Chunk bitrate: 39 349952
Buffer size: 40 160001
Download Time: 1100577
[00007fc30c003378] core mux error: cannot add this stream
[00007fc30c0c2a18] core decoder error: cannot create packetizer output (h264)
Chunk bitrate: 40 349952
Buffer size: 41 164001
Download Time: 1014399
Chunk bitrate: 41 349952
Buffer size: 42 168001
Download Time: 810679
Chunk bitrate: 42 1000000
Buffer size: 42 172001
Download Time: 411067
Chunk bitrate: 42 1000000
Buffer size: 43 172001
Download Time: 2159716
[00007fc30c003378] core mux error: cannot add this stream
[00007fc30c067508] core decoder error: cannot create packetizer output (h264)
Chunk bitrate: 43 349952
Buffer size: 43 176001
Chunk bitrate: 43 349952
Buffer size: 44 176001
Download Time: 814111
[00007fc30c003378] core mux error: cannot add this stream
[00007fc30c0ce008] core decoder error: cannot create packetizer output (h264)
Chunk bitrate: 44 349952
Buffer size: 45 180001
Download Time: 857235
Chunk bitrate: 45 349952
Buffer size: 46 184001
Download Time: 732097
Chunk bitrate: 46 349952
Buffer size: 47 188001
Download Time: 896515
Chunk bitrate: 47 349952
Buffer size: 48 192001
Download Time: 927714
Chunk bitrate: 48 349952
Buffer size: 49 196001
Download Time: 813382
Chunk bitrate: 49 349952
Buffer size: 50 200001
Download Time: 1343984
Chunk bitrate: 50 349952
Buffer size: 51 204001
Download Time: 2233330
Chunk bitrate: 51 349952
Buffer size: 52 208001
Download Time: 1469328
Chunk bitrate: 52 600000
Buffer size: 52 212001
Chunk bitrate: 52 600000
Buffer size: 53 212001
Download Time: 937779
[00007fc30c003378] core mux error: cannot add this stream
[00007fc30c1093b8] core decoder error: cannot create packetizer output (h264)
Chunk bitrate: 53 600000
Buffer size: 54 216001
Download Time: 1424563
Chunk bitrate: 54 349952
Buffer size: 54 220001
Chunk bitrate: 54 349952
Buffer size: 55 220001
Download Time: 738141
[00007fc30c003378] core mux error: cannot add this stream
[00007fc30c0f5668] core decoder error: cannot create packetizer output (h264)
Chunk bitrate: 55 600000
Buffer size: 55 224001
Chunk bitrate: 55 600000
Buffer size: 56 224001
Download Time: 1106872
[00007fc30c003378] core mux error: cannot add this stream
[00007fc30c116288] core decoder error: cannot create packetizer output (h264)
Chunk bitrate: 56 349952
Buffer size: 56 228001
Chunk bitrate: 56 349952
Buffer size: 57 228001
Download Time: 490837
[00007fc30c003378] core mux error: cannot add this stream
[00007fc30c0d2d58] core decoder error: cannot create packetizer output (h264)
Chunk bitrate: 57 600000
Buffer size: 57 232001
Chunk bitrate: 57 600000
Buffer size: 58 232001
Download Time: 693031
[00007fc30c003378] core mux error: cannot add this stream
[00007fc30c08e7a8] core decoder error: cannot create packetizer output (h264)
Chunk bitrate: 58 600000
Buffer size: 59 236001
Download Time: 1304253
Chunk bitrate: 59 349952
Buffer size: 59 240001
Chunk bitrate: 59 349952
Buffer size: 60 240001
Download Time: 1186012
[00007fc30c003378] core mux error: cannot add this stream
[00007fc30c0fc5d8] core decoder error: cannot create packetizer output (h264)
Chunk bitrate: 60 349952
Buffer size: 61 244001
Download Time: 775494
Chunk bitrate: 61 600000
Buffer size: 61 248001
Chunk bitrate: 61 600000
Buffer size: 62 248001
Download Time: 730460
[00007fc30c003378] core mux error: cannot add this stream
[00007fc30c0c9298] core decoder error: cannot create packetizer output (h264)
Chunk bitrate: 62 349952
Buffer size: 62 252001
Chunk bitrate: 62 349952
Buffer size: 63 252001
[00007fc30c003378] core mux error: cannot add this stream
[00007fc30c0c0158] core decoder error: cannot create packetizer output (h264)
Chunk bitrate: 63 349952
Buffer size: 64 256001
Download Time: 403230
Chunk bitrate: 64 349952
Buffer size: 65 260001
[00007fc30c003378] ps mux: Close
[00007fc30c0e9ce8] idummy demux: command `quit'
[00000000019931e8] [cli] lua interface error: Error loading script /home/cs244/vlc/share/lua/intf/cli.luac: lua/intf/modules/host.lua:286: Interrupted.
