[00000000022d21e8] core interface error: no suitable interface module
[0000000002209338] core libvlc error: interface "globalhotkeys,none" initialization failed
[00000000022d21e8] dbus interface error: Failed to connect to the D-Bus session daemon: Unable to autolaunch a dbus-daemon without a $DISPLAY for X11
[00000000022d21e8] core interface error: no suitable interface module
[0000000002209338] core libvlc error: interface "dbus,none" initialization failed
[0000000002209338] core libvlc: Running vlc with the default interface. Use 'cvlc' to use vlc without interface.
[00000000022d21e8] qt interface error: Could not connect to X server
[00000000022d21e8] skins2 interface error: cannot initialize OSFactory
[00000000022d21e8] [cli] lua interface: Listening on host "*console".
VLC media player 3.0.0-git Vetinari
Command Line Interface initialized. Type `help' for help.
> [00007fcd58003378] ps mux: Open
making a DASHManager
new ratebased adaptionlogic
Chunk bitrate: 0 349952
Buffer size: 0 0
Chunk bitrate: 0 349952
Buffer size: 0 0
[00007fcd5801a588] mp4 demux: Fragment sequence discontinuity detected 0 != 2
Download Time: 1167993
[00007fcd58024958] mp4 demux: Fragment sequence discontinuity detected 0 != 2
Startup Time: 1050000
Chunk bitrate: 0 600000
Buffer size: 0 4001
Chunk bitrate: 0 600000
Buffer size: 1 4001
Download Time: 2056304
Chunk bitrate: 1 600000
Buffer size: 2 8001
Download Time: 1379611
Chunk bitrate: 2 600000
Buffer size: 3 12001
Download Time: 2004611
Chunk bitrate: 3 600000
Buffer size: 4 16001
Download Time: 1337762
Chunk bitrate: 4 600000
Buffer size: 5 20001
Download Time: 2068725
Chunk bitrate: 5 600000
Buffer size: 6 24001
Download Time: 1364817
Chunk bitrate: 6 600000
Buffer size: 7 28001
Download Time: 1515831
Chunk bitrate: 7 600000
Buffer size: 8 32001
Download Time: 1836818
Chunk bitrate: 8 600000
Buffer size: 9 36001
Download Time: 1868888
Chunk bitrate: 9 600000
Buffer size: 10 40001
Download Time: 1744191
Chunk bitrate: 10 600000
Buffer size: 11 44001
Download Time: 1420567
Chunk bitrate: 11 600000
Buffer size: 12 48001
Download Time: 1796649
Chunk bitrate: 12 600000
Buffer size: 13 52001
Download Time: 1780410
Chunk bitrate: 13 600000
Buffer size: 14 56001
Download Time: 1812534
Chunk bitrate: 14 600000
Buffer size: 15 60001
Download Time: 1579637
Chunk bitrate: 15 600000
Buffer size: 16 64001
Download Time: 1723188
Chunk bitrate: 16 600000
Buffer size: 17 68001
Download Time: 1612279
Chunk bitrate: 17 600000
Buffer size: 18 72001
Download Time: 1714021
Chunk bitrate: 18 600000
Buffer size: 19 76001
Download Time: 1165278
Chunk bitrate: 19 600000
Buffer size: 20 80001
Download Time: 1980190
Chunk bitrate: 20 600000
Buffer size: 21 84001
Download Time: 1164629
Chunk bitrate: 21 600000
Buffer size: 22 88001
Download Time: 1800773
Chunk bitrate: 22 600000
Buffer size: 23 92001
Download Time: 2026942
Chunk bitrate: 23 600000
Buffer size: 24 96001
Download Time: 1899525
Chunk bitrate: 24 600000
Buffer size: 25 100001
Download Time: 1677030
Chunk bitrate: 25 600000
Buffer size: 26 104001
Download Time: 1680527
Chunk bitrate: 26 600000
Buffer size: 27 108001
Download Time: 1100755
Chunk bitrate: 27 600000
Buffer size: 28 112001
Download Time: 1694776
Chunk bitrate: 28 600000
Buffer size: 29 116001
Download Time: 1972722
Chunk bitrate: 29 600000
Buffer size: 30 120001
Download Time: 1465998
Chunk bitrate: 30 600000
Buffer size: 31 124001
Download Time: 1524377
Chunk bitrate: 31 600000
Buffer size: 32 128001
Download Time: 1916269
Chunk bitrate: 32 600000
Buffer size: 33 132001
Download Time: 1715935
Chunk bitrate: 33 600000
Buffer size: 34 136001
Download Time: 1924503
Chunk bitrate: 34 600000
Buffer size: 35 140001
Download Time: 1683759
Chunk bitrate: 35 600000
Buffer size: 36 144001
Download Time: 1459129
Chunk bitrate: 36 600000
Buffer size: 37 148001
Download Time: 1709504
Chunk bitrate: 37 600000
Buffer size: 38 152001
Download Time: 1728196
Chunk bitrate: 38 1000000
Buffer size: 38 156001
Chunk bitrate: 38 1000000
Buffer size: 39 156001
Download Time: 2453967
Chunk bitrate: 39 600000
Buffer size: 39 160001
Chunk bitrate: 39 600000
Buffer size: 40 160001
Download Time: 1464097
Chunk bitrate: 40 600000
Buffer size: 41 164001
Download Time: 1995407
Chunk bitrate: 41 600000
Buffer size: 42 168001
Download Time: 1684830
Chunk bitrate: 42 600000
Buffer size: 43 172001
Download Time: 1796967
Chunk bitrate: 43 600000
Buffer size: 44 176001
Download Time: 1636481
Chunk bitrate: 44 600000
Buffer size: 45 180001
Download Time: 1628827
Chunk bitrate: 45 600000
Buffer size: 46 184001
Download Time: 1820130
Chunk bitrate: 46 600000
Buffer size: 47 188001
Download Time: 1453920
Chunk bitrate: 47 600000
Buffer size: 48 192001
Download Time: 1493562
Chunk bitrate: 48 600000
Buffer size: 49 196001
Download Time: 1828073
Chunk bitrate: 49 600000
Buffer size: 50 200001
Download Time: 1724130
Chunk bitrate: 50 600000
Buffer size: 51 204001
Download Time: 1515904
Chunk bitrate: 51 600000
Buffer size: 52 208001
Download Time: 1748354
Chunk bitrate: 52 600000
Buffer size: 53 212001
Download Time: 1575298
Chunk bitrate: 53 1000000
Buffer size: 53 216001
Chunk bitrate: 53 1000000
Buffer size: 54 216001
Download Time: 2917769
Chunk bitrate: 54 1000000
Buffer size: 55 220001
Download Time: 2829971
Chunk bitrate: 55 600000
Buffer size: 55 224001
Chunk bitrate: 55 600000
Buffer size: 56 224001
Download Time: 1711560
Chunk bitrate: 56 600000
Buffer size: 57 228001
Download Time: 1261585
Chunk bitrate: 57 600000
Buffer size: 58 232001
Download Time: 537157
Chunk bitrate: 58 600000
Buffer size: 59 236001
Download Time: 2003609
Chunk bitrate: 59 600000
Buffer size: 60 240001
Download Time: 1708798
Chunk bitrate: 60 600000
Buffer size: 61 244001
Download Time: 1731649
Chunk bitrate: 61 600000
Buffer size: 62 248001
Download Time: 556616
Chunk bitrate: 62 600000
Buffer size: 63 252001
Download Time: 452556
Chunk bitrate: 63 600000
Buffer size: 64 256001
Download Time: 916454
Chunk bitrate: 64 600000
Buffer size: 65 260001
[00007fcd58003378] ps mux: Close
[00007fcd50000e98] idummy demux: command `quit'
[00000000022d21e8] [cli] lua interface error: Error loading script /home/cs244/vlc/share/lua/intf/cli.luac: lua/intf/modules/host.lua:286: Interrupted.
