[0000000002160768] core interface error: no suitable interface module
[000000000209e338] core libvlc error: interface "globalhotkeys,none" initialization failed
[0000000002160768] dbus interface error: Failed to connect to the D-Bus session daemon: Unable to autolaunch a dbus-daemon without a $DISPLAY for X11
[0000000002160768] core interface error: no suitable interface module
[000000000209e338] core libvlc error: interface "dbus,none" initialization failed
[000000000209e338] core libvlc: Running vlc with the default interface. Use 'cvlc' to use vlc without interface.
[0000000002160768] qt interface error: Could not connect to X server
[0000000002160768] skins2 interface error: cannot initialize OSFactory
[0000000002160768] [cli] lua interface: Listening on host "*console".
VLC media player 3.0.0-git Vetinari
Command Line Interface initialized. Type `help' for help.
> [00007f2b48003378] ps mux: Open
making a DASHManager
new ratebased adaptionlogic
Chunk bitrate: 0 349952
Buffer size: 0 0
Chunk bitrate: 0 349952
Buffer size: 0 0
[00007f2b48024998] mp4 demux: Fragment sequence discontinuity detected 0 != 2
Download Time: 776471
[00007f2b48023e58] mp4 demux: Fragment sequence discontinuity detected 0 != 2
Startup Time: 1050000
Chunk bitrate: 0 600000
Buffer size: 0 4001
Download Time: 165806
Chunk bitrate: 0 600000
Buffer size: 1 4001
Download Time: 730507
Chunk bitrate: 1 600000
Buffer size: 2 8001
Download Time: 774771
Chunk bitrate: 2 600000
Buffer size: 3 12001
Download Time: 1552368
Chunk bitrate: 3 600000
Buffer size: 4 16001
Download Time: 1779794
Chunk bitrate: 4 600000
Buffer size: 5 20001
Download Time: 895451
Chunk bitrate: 5 600000
Buffer size: 6 24001
Download Time: 683344
Chunk bitrate: 6 600000
Buffer size: 7 28001
Download Time: 813782
Chunk bitrate: 7 349952
Buffer size: 7 32001
Chunk bitrate: 7 349952
Buffer size: 8 32001
Download Time: 1099189
Chunk bitrate: 8 349952
Buffer size: 9 36001
Download Time: 653667
Chunk bitrate: 9 349952
Buffer size: 10 40001
Download Time: 731264
Chunk bitrate: 10 349952
Buffer size: 11 44001
Download Time: 447289
Chunk bitrate: 11 600000
Buffer size: 11 48001
Chunk bitrate: 11 600000
Buffer size: 12 48001
Download Time: 2695305
Chunk bitrate: 12 1000000
Buffer size: 12 52001
Chunk bitrate: 12 1000000
Buffer size: 13 52001
Download Time: 1590564
Chunk bitrate: 13 600000
Buffer size: 13 56001
Chunk bitrate: 13 600000
Buffer size: 14 56001
Download Time: 1143077
Chunk bitrate: 14 600000
Buffer size: 15 60001
Download Time: 1267432
Chunk bitrate: 15 1000000
Buffer size: 15 64001
Chunk bitrate: 15 1000000
Buffer size: 16 64001
Download Time: 1428509
Chunk bitrate: 16 600000
Buffer size: 16 68001
Chunk bitrate: 16 600000
Buffer size: 17 68001
Download Time: 934519
Chunk bitrate: 17 349952
Buffer size: 17 72001
Chunk bitrate: 17 349952
Buffer size: 18 72001
Download Time: 769458
Chunk bitrate: 18 600000
Buffer size: 18 76001
Chunk bitrate: 18 600000
Buffer size: 19 76001
Download Time: 976711
Chunk bitrate: 19 349952
Buffer size: 19 80001
Chunk bitrate: 19 349952
Buffer size: 20 80001
Download Time: 526752
Chunk bitrate: 20 349952
Buffer size: 21 84001
Download Time: 409632
Chunk bitrate: 21 600000
Buffer size: 21 88001
Chunk bitrate: 21 600000
Buffer size: 22 88001
Download Time: 729760
Chunk bitrate: 22 349952
Buffer size: 22 92001
Chunk bitrate: 22 349952
Buffer size: 23 92001
Download Time: 816323
Chunk bitrate: 23 600000
Buffer size: 23 96001
Chunk bitrate: 23 600000
Buffer size: 24 96001
Download Time: 985125
Chunk bitrate: 24 600000
Buffer size: 25 100001
Download Time: 692223
Chunk bitrate: 25 600000
Buffer size: 26 104001
Download Time: 775366
Chunk bitrate: 26 349952
Buffer size: 26 108001
Chunk bitrate: 26 349952
Buffer size: 27 108001
Download Time: 896345
Chunk bitrate: 27 600000
Buffer size: 27 112001
Chunk bitrate: 27 600000
Buffer size: 28 112001
Download Time: 1059544
Chunk bitrate: 28 600000
Buffer size: 29 116001
Download Time: 1467044
Chunk bitrate: 29 349952
Buffer size: 29 120001
Chunk bitrate: 29 349952
Buffer size: 30 120001
Download Time: 688214
[00007f2b48003378] core mux error: cannot add this stream
[00007f2b480ae758] core decoder error: cannot create packetizer output (h264)
Chunk bitrate: 30 600000
Buffer size: 30 124001
Chunk bitrate: 30 600000
Buffer size: 31 124001
Download Time: 1016108
[00007f2b48003378] core mux error: cannot add this stream
[00007f2b480dc398] core decoder error: cannot create packetizer output (h264)
Chunk bitrate: 31 600000
Buffer size: 32 128001
Download Time: 1264699
Chunk bitrate: 32 349952
Buffer size: 32 132001
Chunk bitrate: 32 349952
Buffer size: 33 132001
Download Time: 566424
[00007f2b48003378] core mux error: cannot add this stream
[00007f2b4809e368] core decoder error: cannot create packetizer output (h264)
Chunk bitrate: 33 1000000
Buffer size: 33 136001
Chunk bitrate: 33 1000000
Buffer size: 34 136001
Download Time: 1265218
[00007f2b48003378] core mux error: cannot add this stream
[00007f2b4812f648] core decoder error: cannot create packetizer output (h264)
Chunk bitrate: 34 349952
Buffer size: 34 140001
Chunk bitrate: 34 349952
Buffer size: 35 140001
Download Time: 690494
[00007f2b48003378] core mux error: cannot add this stream
[00007f2b480e27a8] core decoder error: cannot create packetizer output (h264)
Chunk bitrate: 35 600000
Buffer size: 35 144001
Chunk bitrate: 35 600000
Buffer size: 36 144001
Download Time: 652296
[00007f2b48003378] core mux error: cannot add this stream
[00007f2b480c21b8] core decoder error: cannot create packetizer output (h264)
Chunk bitrate: 36 349952
Buffer size: 36 148001
Chunk bitrate: 36 349952
Buffer size: 37 148001
Download Time: 406338
[00007f2b48003378] core mux error: cannot add this stream
[00007f2b48058078] core decoder error: cannot create packetizer output (h264)
Chunk bitrate: 37 600000
Buffer size: 37 152001
Chunk bitrate: 37 600000
Buffer size: 38 152001
Download Time: 1711659
[00007f2b48003378] core mux error: cannot add this stream
[00007f2b480fb798] core decoder error: cannot create packetizer output (h264)
Chunk bitrate: 38 1000000
Buffer size: 38 156001
Chunk bitrate: 38 1000000
Buffer size: 39 156001
Download Time: 1223020
[00007f2b48003378] core mux error: cannot add this stream
[00007f2b48125ae8] core decoder error: cannot create packetizer output (h264)
Chunk bitrate: 39 349952
Buffer size: 39 160001
Chunk bitrate: 39 349952
Buffer size: 40 160001
Download Time: 529183
[00007f2b48003378] core mux error: cannot add this stream
[00007f2b480ca6c8] core decoder error: cannot create packetizer output (h264)
Chunk bitrate: 40 600000
Buffer size: 40 164001
Chunk bitrate: 40 600000
Buffer size: 41 164001
Download Time: 894075
[00007f2b48003378] core mux error: cannot add this stream
[00007f2b4810dc08] core decoder error: cannot create packetizer output (h264)
Chunk bitrate: 41 1000000
Buffer size: 41 168001
Chunk bitrate: 41 1000000
Buffer size: 42 168001
Download Time: 1297953
[00007f2b48003378] core mux error: cannot add this stream
[00007f2b48135808] core decoder error: cannot create packetizer output (h264)
Chunk bitrate: 42 1000000
Buffer size: 43 172001
Download Time: 1227012
Chunk bitrate: 43 1000000
Buffer size: 44 176001
Download Time: 1098493
Chunk bitrate: 44 1000000
Buffer size: 45 180001
Download Time: 1711258
Chunk bitrate: 45 600000
Buffer size: 45 184001
Chunk bitrate: 45 600000
Buffer size: 46 184001
Download Time: 1760218
[00007f2b48003378] core mux error: cannot add this stream
[00007f2b480f81b8] core decoder error: cannot create packetizer output (h264)
Chunk bitrate: 46 600000
Buffer size: 47 188001
Download Time: 1385245
Chunk bitrate: 47 1000000
Buffer size: 47 192001
Chunk bitrate: 47 1000000
Buffer size: 48 192001
Download Time: 1468853
[00007f2b48003378] core mux error: cannot add this stream
[00007f2b4809b768] core decoder error: cannot create packetizer output (h264)
Chunk bitrate: 48 349952
Buffer size: 48 196001
Chunk bitrate: 48 349952
Buffer size: 49 196001
Download Time: 652937
[00007f2b48003378] core mux error: cannot add this stream
[00007f2b480d2b48] core decoder error: cannot create packetizer output (h264)
Chunk bitrate: 49 600000
Buffer size: 49 200001
Chunk bitrate: 49 600000
Buffer size: 50 200001
Download Time: 773896
[00007f2b48003378] core mux error: cannot add this stream
[00007f2b48112a38] core decoder error: cannot create packetizer output (h264)
Chunk bitrate: 50 600000
Buffer size: 51 204001
Download Time: 733362
Chunk bitrate: 51 600000
Buffer size: 52 208001
Download Time: 1177784
Chunk bitrate: 52 600000
Buffer size: 53 212001
Download Time: 1180199
Chunk bitrate: 53 600000
Buffer size: 54 216001
Download Time: 975982
Chunk bitrate: 54 349952
Buffer size: 54 220001
Chunk bitrate: 54 349952
Buffer size: 55 220001
Download Time: 653090
[00007f2b48003378] core mux error: cannot add this stream
[00007f2b480e8cb8] core decoder error: cannot create packetizer output (h264)
Chunk bitrate: 55 1000000
Buffer size: 55 224001
Chunk bitrate: 55 1000000
Buffer size: 56 224001
Download Time: 1627541
[00007f2b48003378] core mux error: cannot add this stream
[00007f2b4809b5b8] core decoder error: cannot create packetizer output (h264)
Chunk bitrate: 56 600000
Buffer size: 56 228001
Chunk bitrate: 56 600000
Buffer size: 57 228001
Download Time: 1793499
[00007f2b48003378] core mux error: cannot add this stream
[00007f2b481072e8] core decoder error: cannot create packetizer output (h264)
Chunk bitrate: 57 600000
Buffer size: 58 232001
Download Time: 364232
Chunk bitrate: 58 349952
Buffer size: 58 236001
Chunk bitrate: 58 349952
Buffer size: 59 236001
Download Time: 692824
[00007f2b48003378] core mux error: cannot add this stream
[00007f2b48107d38] core decoder error: cannot create packetizer output (h264)
Chunk bitrate: 59 600000
Buffer size: 59 240001
Chunk bitrate: 59 600000
Buffer size: 60 240001
Download Time: 1397498
[00007f2b48003378] core mux error: cannot add this stream
[00007f2b4812d398] core decoder error: cannot create packetizer output (h264)
Chunk bitrate: 60 600000
Buffer size: 61 244001
Download Time: 892669
Chunk bitrate: 61 600000
Buffer size: 62 248001
Download Time: 405617
Chunk bitrate: 62 349952
Buffer size: 62 252001
Chunk bitrate: 62 349952
Buffer size: 63 252001
Download Time: 208076
[00007f2b48003378] core mux error: cannot add this stream
[00007f2b4809afa8] core decoder error: cannot create packetizer output (h264)
Chunk bitrate: 63 349952
Buffer size: 64 256001
Download Time: 366084
Chunk bitrate: 64 1000000
Buffer size: 64 260001
Chunk bitrate: 64 1000000
Buffer size: 65 260001
[00007f2b48003378] ps mux: Close
[00007f2b440010a8] idummy demux: command `quit'
[0000000002160768] [cli] lua interface error: Error loading script /home/cs244/vlc/share/lua/intf/cli.luac: lua/intf/modules/host.lua:286: Interrupted.
