[0000000001f471e8] core interface error: no suitable interface module
[0000000001e7e338] core libvlc error: interface "globalhotkeys,none" initialization failed
[0000000001f471e8] dbus interface error: Failed to connect to the D-Bus session daemon: Unable to autolaunch a dbus-daemon without a $DISPLAY for X11
[0000000001f471e8] core interface error: no suitable interface module
[0000000001e7e338] core libvlc error: interface "dbus,none" initialization failed
[0000000001e7e338] core libvlc: Running vlc with the default interface. Use 'cvlc' to use vlc without interface.
[0000000001f471e8] qt interface error: Could not connect to X server
[0000000001f471e8] skins2 interface error: cannot initialize OSFactory
[0000000001f471e8] [cli] lua interface: Listening on host "*console".
VLC media player 3.0.0-git Vetinari
Command Line Interface initialized. Type `help' for help.
> [00007f1a1c003378] ps mux: Open
making a DASHManager
new ratebased adaptionlogic
Chunk bitrate: 0 349952
Buffer size: 0 0
Chunk bitrate: 0 349952
Buffer size: 0 0
[00007f1a1c0253b8] mp4 demux: Fragment sequence discontinuity detected 0 != 2
Download Time: 777251
[00007f1a1c025718] mp4 demux: Fragment sequence discontinuity detected 0 != 2
Startup Time: 1050000
Chunk bitrate: 0 600000
Buffer size: 0 4001
Chunk bitrate: 0 600000
Buffer size: 1 4001
Download Time: 849140
Chunk bitrate: 1 600000
Buffer size: 2 8001
Download Time: 1727945
Chunk bitrate: 2 1000000
Buffer size: 2 12001
Chunk bitrate: 2 1000000
Buffer size: 3 12001
Download Time: 1497863
Chunk bitrate: 3 600000
Buffer size: 3 16001
Download Time: 194905
Chunk bitrate: 3 600000
Buffer size: 4 16001
Download Time: 581914
Chunk bitrate: 4 1000000
Buffer size: 4 20001
Chunk bitrate: 4 1000000
Buffer size: 5 20001
Download Time: 1561934
Chunk bitrate: 5 600000
Buffer size: 5 24001
Chunk bitrate: 5 600000
Buffer size: 6 24001
Download Time: 617580
Chunk bitrate: 6 349952
Buffer size: 6 28001
Chunk bitrate: 6 349952
Buffer size: 7 28001
Download Time: 679439
Chunk bitrate: 7 349952
Buffer size: 8 32001
Download Time: 1207103
Chunk bitrate: 8 600000
Buffer size: 8 36001
Chunk bitrate: 8 600000
Buffer size: 9 36001
Download Time: 1038922
Chunk bitrate: 9 600000
Buffer size: 10 40001
Download Time: 946698
Chunk bitrate: 10 600000
Buffer size: 11 44001
Download Time: 975356
Chunk bitrate: 11 349952
Buffer size: 11 48001
Download Time: 101204
Chunk bitrate: 11 349952
Buffer size: 12 48001
Download Time: 522342
Chunk bitrate: 12 1000000
Buffer size: 12 52001
Chunk bitrate: 12 1000000
Buffer size: 13 52001
Download Time: 1072993
Chunk bitrate: 13 600000
Buffer size: 13 56001
Chunk bitrate: 13 600000
Buffer size: 14 56001
Download Time: 621762
Chunk bitrate: 14 600000
Buffer size: 15 60001
Download Time: 617246
Chunk bitrate: 15 1000000
Buffer size: 15 64001
Chunk bitrate: 15 1000000
Buffer size: 16 64001
Download Time: 1043551
Chunk bitrate: 16 600000
Buffer size: 16 68001
Chunk bitrate: 16 600000
Buffer size: 17 68001
Download Time: 840987
Chunk bitrate: 17 349952
Buffer size: 17 72001
Chunk bitrate: 17 349952
Buffer size: 18 72001
Download Time: 1495918
Chunk bitrate: 18 600000
Buffer size: 18 76001
Chunk bitrate: 18 600000
Buffer size: 19 76001
Download Time: 653213
Chunk bitrate: 19 600000
Buffer size: 20 80001
Download Time: 937035
Chunk bitrate: 20 1000000
Buffer size: 20 84001
Chunk bitrate: 20 1000000
Buffer size: 21 84001
Download Time: 1144091
Chunk bitrate: 21 349952
Buffer size: 21 88001
Chunk bitrate: 21 349952
Buffer size: 22 88001
Download Time: 568488
[00007f1a1c003378] core mux error: cannot add this stream
[00007f1a1c06ed48] core decoder error: cannot create packetizer output (h264)
Chunk bitrate: 22 349952
Buffer size: 23 92001
Download Time: 655934
Chunk bitrate: 23 600000
Buffer size: 23 96001
Chunk bitrate: 23 600000
Buffer size: 24 96001
Download Time: 1880086
[00007f1a1c003378] core mux error: cannot add this stream
[00007f1a1c0c3648] core decoder error: cannot create packetizer output (h264)
Chunk bitrate: 24 349952
Buffer size: 24 100001
Chunk bitrate: 24 349952
Buffer size: 25 100001
Download Time: 1379727
[00007f1a1c003378] core mux error: cannot add this stream
[00007f1a1c0c2be8] core decoder error: cannot create packetizer output (h264)
Chunk bitrate: 25 349952
Buffer size: 26 104001
Download Time: 684635
Chunk bitrate: 26 600000
Buffer size: 26 108001
Chunk bitrate: 26 600000
Buffer size: 27 108001
Download Time: 1187056
[00007f1a1c003378] core mux error: cannot add this stream
[00007f1a1c0d75b8] core decoder error: cannot create packetizer output (h264)
Chunk bitrate: 27 349952
Buffer size: 27 112001
Chunk bitrate: 27 349952
Buffer size: 28 112001
Download Time: 976915
[00007f1a1c003378] core mux error: cannot add this stream
[00007f1a1c0c3ae8] core decoder error: cannot create packetizer output (h264)
Chunk bitrate: 28 600000
Buffer size: 28 116001
Chunk bitrate: 28 600000
Buffer size: 29 116001
Download Time: 933489
[00007f1a1c003378] core mux error: cannot add this stream
[00007f1a1c0c1ce8] core decoder error: cannot create packetizer output (h264)
Chunk bitrate: 29 349952
Buffer size: 29 120001
Chunk bitrate: 29 349952
Buffer size: 30 120001
Download Time: 1020370
[00007f1a1c003378] core mux error: cannot add this stream
[00007f1a1c0d9698] core decoder error: cannot create packetizer output (h264)
Chunk bitrate: 30 349952
Buffer size: 31 124001
Download Time: 1091281
Chunk bitrate: 31 349952
Buffer size: 32 128001
Download Time: 728028
Chunk bitrate: 32 600000
Buffer size: 32 132001
Chunk bitrate: 32 600000
Buffer size: 33 132001
Download Time: 1220978
[00007f1a1c003378] core mux error: cannot add this stream
[00007f1a1c0ef678] core decoder error: cannot create packetizer output (h264)
Chunk bitrate: 33 600000
Buffer size: 34 136001
Download Time: 1382519
Chunk bitrate: 34 1000000
Buffer size: 34 140001
Chunk bitrate: 34 1000000
Buffer size: 35 140001
Download Time: 1711771
[00007f1a1c003378] core mux error: cannot add this stream
[00007f1a1c081e68] core decoder error: cannot create packetizer output (h264)
Chunk bitrate: 35 349952
Buffer size: 35 144001
Chunk bitrate: 35 349952
Buffer size: 36 144001
Download Time: 449415
[00007f1a1c003378] core mux error: cannot add this stream
[00007f1a1c0bdfb8] core decoder error: cannot create packetizer output (h264)
Chunk bitrate: 36 349952
Buffer size: 37 148001
Download Time: 607916
Chunk bitrate: 37 349952
Buffer size: 38 152001
Download Time: 612469
Chunk bitrate: 38 1000000
Buffer size: 38 156001
Chunk bitrate: 38 1000000
Buffer size: 39 156001
Download Time: 1385525
[00007f1a1c003378] core mux error: cannot add this stream
[00007f1a1c0747a8] core decoder error: cannot create packetizer output (h264)
Chunk bitrate: 39 349952
Buffer size: 39 160001
Chunk bitrate: 39 349952
Buffer size: 40 160001
Download Time: 780189
[00007f1a1c003378] core mux error: cannot add this stream
[00007f1a1c0efce8] core decoder error: cannot create packetizer output (h264)
Chunk bitrate: 40 349952
Buffer size: 41 164001
Download Time: 484092
Chunk bitrate: 41 349952
Buffer size: 42 168001
Download Time: 444231
Chunk bitrate: 42 600000
Buffer size: 42 172001
Chunk bitrate: 42 600000
Buffer size: 43 172001
Download Time: 1907270
[00007f1a1c003378] core mux error: cannot add this stream
[00007f1a1c10ae48] core decoder error: cannot create packetizer output (h264)
Chunk bitrate: 43 600000
Buffer size: 44 176001
Download Time: 1016690
Chunk bitrate: 44 600000
Buffer size: 45 180001
Download Time: 1259638
Chunk bitrate: 45 600000
Buffer size: 46 184001
Download Time: 1217472
Chunk bitrate: 46 600000
Buffer size: 47 188001
Download Time: 928013
Chunk bitrate: 47 349952
Buffer size: 47 192001
Chunk bitrate: 47 349952
Buffer size: 48 192001
Download Time: 1016311
[00007f1a1c003378] core mux error: cannot add this stream
[00007f1a1c1034d8] core decoder error: cannot create packetizer output (h264)
Chunk bitrate: 48 600000
Buffer size: 48 196001
Chunk bitrate: 48 600000
Buffer size: 49 196001
Download Time: 1346301
[00007f1a1c003378] core mux error: cannot add this stream
[00007f1a1c118858] core decoder error: cannot create packetizer output (h264)
Chunk bitrate: 49 600000
Buffer size: 50 200001
Download Time: 855576
Chunk bitrate: 50 600000
Buffer size: 51 204001
Download Time: 894341
Chunk bitrate: 51 349952
Buffer size: 51 208001
Chunk bitrate: 51 349952
Buffer size: 52 208001
Download Time: 492042
[00007f1a1c003378] core mux error: cannot add this stream
[00007f1a1c0ca218] core decoder error: cannot create packetizer output (h264)
Chunk bitrate: 52 600000
Buffer size: 52 212001
Chunk bitrate: 52 600000
Buffer size: 53 212001
Download Time: 777638
[00007f1a1c003378] core mux error: cannot add this stream
[00007f1a1c118bc8] core decoder error: cannot create packetizer output (h264)
Chunk bitrate: 53 349952
Buffer size: 53 216001
Chunk bitrate: 53 349952
Buffer size: 54 216001
Download Time: 490358
[00007f1a1c003378] core mux error: cannot add this stream
[00007f1a1c1071c8] core decoder error: cannot create packetizer output (h264)
Chunk bitrate: 54 600000
Buffer size: 54 220001
Chunk bitrate: 54 600000
Buffer size: 55 220001
Download Time: 2362302
[00007f1a1c003378] core mux error: cannot add this stream
[00007f1a1c12b8f8] core decoder error: cannot create packetizer output (h264)
Chunk bitrate: 55 600000
Buffer size: 56 224001
Download Time: 1059066
Chunk bitrate: 56 600000
Buffer size: 57 228001
Download Time: 939110
Chunk bitrate: 57 600000
Buffer size: 58 232001
Download Time: 576841
Chunk bitrate: 58 600000
Buffer size: 59 236001
Download Time: 1463693
Chunk bitrate: 59 349952
Buffer size: 59 240001
Chunk bitrate: 59 349952
Buffer size: 60 240001
Download Time: 609027
[00007f1a1c003378] core mux error: cannot add this stream
[00007f1a1c10ef68] core decoder error: cannot create packetizer output (h264)
Chunk bitrate: 60 349952
Buffer size: 61 244001
Download Time: 890477
Chunk bitrate: 61 600000
Buffer size: 61 248001
Chunk bitrate: 61 600000
Buffer size: 62 248001
Download Time: 854289
[00007f1a1c003378] core mux error: cannot add this stream
[00007f1a1c10ca78] core decoder error: cannot create packetizer output (h264)
Chunk bitrate: 62 349952
Buffer size: 62 252001
Download Time: 202415
Chunk bitrate: 62 349952
Buffer size: 63 252001
[00007f1a1c003378] core mux error: cannot add this stream
[00007f1a1c0b2a78] core decoder error: cannot create packetizer output (h264)
Chunk bitrate: 63 349952
Buffer size: 64 256001
Download Time: 408383
Chunk bitrate: 64 349952
Buffer size: 65 260001
[00007f1a1c003378] ps mux: Close
[00007f1a200014b8] idummy demux: command `quit'
[0000000001f471e8] [cli] lua interface error: Error loading script /home/cs244/vlc/share/lua/intf/cli.luac: lua/intf/modules/host.lua:286: Interrupted.
