[0000000001b0f1e8] core interface error: no suitable interface module
[0000000001a46338] core libvlc error: interface "globalhotkeys,none" initialization failed
[0000000001b0f1e8] dbus interface error: Failed to connect to the D-Bus session daemon: Unable to autolaunch a dbus-daemon without a $DISPLAY for X11
[0000000001b0f1e8] core interface error: no suitable interface module
[0000000001a46338] core libvlc error: interface "dbus,none" initialization failed
[0000000001a46338] core libvlc: Running vlc with the default interface. Use 'cvlc' to use vlc without interface.
[0000000001b0f1e8] qt interface error: Could not connect to X server
[0000000001b0f1e8] skins2 interface error: cannot initialize OSFactory
[0000000001b0f1e8] [cli] lua interface: Listening on host "*console".
VLC media player 3.0.0-git Vetinari
Command Line Interface initialized. Type `help' for help.
> [00007f9740003378] ps mux: Open
making a DASHManager
new ratebased adaptionlogic
Chunk bitrate: 0 349952
Buffer size: 0 0
Chunk bitrate: 0 349952
Buffer size: 0 0
[00007f97400258d8] mp4 demux: Fragment sequence discontinuity detected 0 != 2
Download Time: 1017049
[00007f97400249d8] mp4 demux: Fragment sequence discontinuity detected 0 != 2
Startup Time: 1050000
Chunk bitrate: 0 349952
Buffer size: 1 4001
Download Time: 977662
Chunk bitrate: 1 349952
Buffer size: 2 8001
Download Time: 729293
Chunk bitrate: 2 349952
Buffer size: 3 12001
Download Time: 1173112
Chunk bitrate: 3 349952
Buffer size: 4 16001
Download Time: 1346629
Chunk bitrate: 4 349952
Buffer size: 5 20001
Download Time: 1204971
Chunk bitrate: 5 349952
Buffer size: 6 24001
Download Time: 688933
Chunk bitrate: 6 349952
Buffer size: 7 28001
Download Time: 855013
Chunk bitrate: 7 600000
Buffer size: 7 32001
Chunk bitrate: 7 600000
Buffer size: 8 32001
Download Time: 2030889
Chunk bitrate: 8 349952
Buffer size: 8 36001
Chunk bitrate: 8 349952
Buffer size: 9 36001
Download Time: 1096037
Chunk bitrate: 9 349952
Buffer size: 10 40001
Download Time: 934420
Chunk bitrate: 10 349952
Buffer size: 11 44001
Download Time: 813483
Chunk bitrate: 11 349952
Buffer size: 12 48001
Download Time: 1132642
Chunk bitrate: 12 349952
Buffer size: 13 52001
Download Time: 818414
Chunk bitrate: 13 349952
Buffer size: 14 56001
Download Time: 894759
Chunk bitrate: 14 349952
Buffer size: 15 60001
Download Time: 2075351
Chunk bitrate: 15 600000
Buffer size: 15 64001
Chunk bitrate: 15 600000
Buffer size: 16 64001
Download Time: 1336028
Chunk bitrate: 16 349952
Buffer size: 16 68001
Chunk bitrate: 16 349952
Buffer size: 17 68001
Download Time: 641196
Chunk bitrate: 17 349952
Buffer size: 18 72001
Download Time: 889072
Chunk bitrate: 18 349952
Buffer size: 19 76001
Download Time: 855240
Chunk bitrate: 19 349952
Buffer size: 20 80001
Download Time: 1627672
Chunk bitrate: 20 349952
Buffer size: 21 84001
Download Time: 566625
Chunk bitrate: 21 600000
Buffer size: 21 88001
Chunk bitrate: 21 600000
Buffer size: 22 88001
Download Time: 1627071
Chunk bitrate: 22 349952
Buffer size: 22 92001
Chunk bitrate: 22 349952
Buffer size: 23 92001
Download Time: 1009943
Chunk bitrate: 23 349952
Buffer size: 24 96001
Download Time: 1137113
Chunk bitrate: 24 349952
Buffer size: 25 100001
Download Time: 1060873
Chunk bitrate: 25 600000
Buffer size: 25 104001
Chunk bitrate: 25 600000
Buffer size: 26 104001
Download Time: 2147305
Chunk bitrate: 26 349952
Buffer size: 26 108001
Chunk bitrate: 26 349952
Buffer size: 27 108001
Download Time: 648585
Chunk bitrate: 27 349952
Buffer size: 28 112001
Download Time: 892597
Chunk bitrate: 28 600000
Buffer size: 28 116001
Chunk bitrate: 28 600000
Buffer size: 29 116001
Download Time: 1873399
Chunk bitrate: 29 600000
Buffer size: 30 120001
Download Time: 1173340
Chunk bitrate: 30 349952
Buffer size: 30 124001
Chunk bitrate: 30 349952
Buffer size: 31 124001
Download Time: 689225
Chunk bitrate: 31 600000
Buffer size: 31 128001
Chunk bitrate: 31 600000
Buffer size: 32 128001
Download Time: 1667316
Chunk bitrate: 32 600000
Buffer size: 33 132001
Download Time: 1375828
Chunk bitrate: 33 349952
Buffer size: 33 136001
Chunk bitrate: 33 349952
Buffer size: 34 136001
Download Time: 1219491
Chunk bitrate: 34 349952
Buffer size: 35 140001
Download Time: 890101
Chunk bitrate: 35 349952
Buffer size: 36 144001
Download Time: 894616
Chunk bitrate: 36 349952
Buffer size: 37 148001
Download Time: 1014356
Chunk bitrate: 37 349952
Buffer size: 38 152001
Download Time: 1057006
Chunk bitrate: 38 600000
Buffer size: 38 156001
Chunk bitrate: 38 600000
Buffer size: 39 156001
Download Time: 1425279
Chunk bitrate: 39 349952
Buffer size: 39 160001
Chunk bitrate: 39 349952
Buffer size: 40 160001
Download Time: 729770
Chunk bitrate: 40 349952
Buffer size: 41 164001
Download Time: 1103761
Chunk bitrate: 41 600000
Buffer size: 41 168001
Chunk bitrate: 41 600000
Buffer size: 42 168001
Download Time: 1409265
Chunk bitrate: 42 349952
Buffer size: 42 172001
Chunk bitrate: 42 349952
Buffer size: 43 172001
Download Time: 851280
[00007f9740003378] core mux error: cannot add this stream
[00007f97400bac38] core decoder error: cannot create packetizer output (h264)
Chunk bitrate: 43 349952
Buffer size: 44 176001
Download Time: 888133
Chunk bitrate: 44 349952
Buffer size: 45 180001
Download Time: 1216733
Chunk bitrate: 45 349952
Buffer size: 46 184001
Download Time: 938600
Chunk bitrate: 46 349952
Buffer size: 47 188001
Download Time: 937186
Chunk bitrate: 47 600000
Buffer size: 47 192001
Chunk bitrate: 47 600000
Buffer size: 48 192001
Download Time: 1459294
[00007f9740003378] core mux error: cannot add this stream
[00007f97400fa768] core decoder error: cannot create packetizer output (h264)
Chunk bitrate: 48 349952
Buffer size: 48 196001
Chunk bitrate: 48 349952
Buffer size: 49 196001
Download Time: 2106799
[00007f9740003378] core mux error: cannot add this stream
[00007f97400dbd78] core decoder error: cannot create packetizer output (h264)
Chunk bitrate: 49 349952
Buffer size: 50 200001
Download Time: 1053989
Chunk bitrate: 50 349952
Buffer size: 51 204001
Download Time: 970066
Chunk bitrate: 51 349952
Buffer size: 52 208001
Download Time: 1223121
Chunk bitrate: 52 349952
Buffer size: 53 212001
Download Time: 1259536
Chunk bitrate: 53 349952
Buffer size: 54 216001
Download Time: 1060299
Download Time: 567362
Chunk bitrate: 54 349952
Buffer size: 55 220001
Download Time: 855110
Chunk bitrate: 55 349952
Buffer size: 56 224001
Download Time: 1180622
Chunk bitrate: 56 600000
Buffer size: 56 228001
Chunk bitrate: 56 600000
Buffer size: 57 228001
Download Time: 980620
[00007f9740003378] core mux error: cannot add this stream
[00007f97401018a8] core decoder error: cannot create packetizer output (h264)
Chunk bitrate: 57 349952
Buffer size: 57 232001
Chunk bitrate: 57 349952
Buffer size: 58 232001
Download Time: 569321
[00007f9740003378] core mux error: cannot add this stream
[00007f97400d1bc8] core decoder error: cannot create packetizer output (h264)
Chunk bitrate: 58 349952
Buffer size: 59 236001
Download Time: 1041995
Chunk bitrate: 59 600000
Buffer size: 59 240001
Chunk bitrate: 59 600000
Buffer size: 60 240001
Download Time: 2336902
[00007f9740003378] core mux error: cannot add this stream
[00007f974011d018] core decoder error: cannot create packetizer output (h264)
Chunk bitrate: 60 349952
Buffer size: 60 244001
Chunk bitrate: 60 349952
Buffer size: 61 244001
Download Time: 1459911
[00007f9740003378] core mux error: cannot add this stream
[00007f9740100bd8] core decoder error: cannot create packetizer output (h264)
Chunk bitrate: 61 349952
Buffer size: 62 248001
Download Time: 609998
Chunk bitrate: 62 600000
Buffer size: 62 252001
Chunk bitrate: 62 600000
Buffer size: 63 252001
Download Time: 532450
[00007f9740003378] core mux error: cannot add this stream
[00007f97400cbd28] core decoder error: cannot create packetizer output (h264)
Chunk bitrate: 63 349952
Buffer size: 63 256001
Chunk bitrate: 63 349952
Buffer size: 64 256001
Download Time: 734281
[00007f9740003378] core mux error: cannot add this stream
[00007f9740102818] core decoder error: cannot create packetizer output (h264)
Chunk bitrate: 64 349952
Buffer size: 65 260001
[00007f9740003378] ps mux: Close
[00007f973c001508] idummy demux: command `quit'
[0000000001b0f1e8] [cli] lua interface error: Error loading script /home/cs244/vlc/share/lua/intf/cli.luac: lua/intf/modules/host.lua:286: Interrupted.
