[00000000023f01e8] core interface error: no suitable interface module
[0000000002327338] core libvlc error: interface "globalhotkeys,none" initialization failed
[00000000023f01e8] dbus interface error: Failed to connect to the D-Bus session daemon: Unable to autolaunch a dbus-daemon without a $DISPLAY for X11
[00000000023f01e8] core interface error: no suitable interface module
[0000000002327338] core libvlc error: interface "dbus,none" initialization failed
[0000000002327338] core libvlc: Running vlc with the default interface. Use 'cvlc' to use vlc without interface.
[00000000023f01e8] qt interface error: Could not connect to X server
[00000000023f01e8] skins2 interface error: cannot initialize OSFactory
[00007f142c003378] ps mux: Open
[00000000023f01e8] [cli] lua interface: Listening on host "*console".
VLC media player 3.0.0-git Vetinari
Command Line Interface initialized. Type `help' for help.
> making a DASHManager
new ratebased adaptionlogic
Chunk bitrate: 0 349952
Buffer size: 0 0
Chunk bitrate: 0 349952
Buffer size: 0 0
[00007f142c027788] mp4 demux: Fragment sequence discontinuity detected 0 != 2
Download Time: 607616
[00007f142c0190c8] mp4 demux: Fragment sequence discontinuity detected 0 != 2
Startup Time: 1050000
Chunk bitrate: 0 349952
Buffer size: 1 4001
Download Time: 650656
Chunk bitrate: 1 600000
Buffer size: 1 8001
Chunk bitrate: 1 600000
Buffer size: 2 8001
Download Time: 611539
Chunk bitrate: 2 349952
Buffer size: 2 12001
Chunk bitrate: 2 349952
Buffer size: 3 12001
Download Time: 936750
Chunk bitrate: 3 600000
Buffer size: 3 16001
Chunk bitrate: 3 600000
Buffer size: 4 16001
Download Time: 898417
Chunk bitrate: 4 600000
Buffer size: 5 20001
Download Time: 980072
Chunk bitrate: 5 600000
Buffer size: 6 24001
Download Time: 1099405
Chunk bitrate: 6 349952
Buffer size: 6 28001
Chunk bitrate: 6 349952
Buffer size: 7 28001
Download Time: 447790
Chunk bitrate: 7 349952
Buffer size: 8 32001
Download Time: 1143901
Chunk bitrate: 8 600000
Buffer size: 8 36001
Chunk bitrate: 8 600000
Buffer size: 9 36001
Download Time: 975380
Chunk bitrate: 9 600000
Buffer size: 10 40001
Download Time: 1057735
Chunk bitrate: 10 600000
Buffer size: 11 44001
Download Time: 855908
Chunk bitrate: 11 600000
Buffer size: 12 48001
Download Time: 1302723
Chunk bitrate: 12 600000
Buffer size: 13 52001
Download Time: 935658
Chunk bitrate: 13 600000
Buffer size: 14 56001
Download Time: 977091
Chunk bitrate: 14 349952
Buffer size: 14 60001
Chunk bitrate: 14 349952
Buffer size: 15 60001
Download Time: 491024
Chunk bitrate: 15 1000000
Buffer size: 15 64001
Chunk bitrate: 15 1000000
Buffer size: 16 64001
Download Time: 1266990
Chunk bitrate: 16 349952
Buffer size: 16 68001
Chunk bitrate: 16 349952
Buffer size: 17 68001
Download Time: 447802
Chunk bitrate: 17 600000
Buffer size: 17 72001
Chunk bitrate: 17 600000
Buffer size: 18 72001
Download Time: 1183310
Chunk bitrate: 18 600000
Buffer size: 19 76001
Download Time: 650917
Chunk bitrate: 19 600000
Buffer size: 20 80001
Download Time: 773205
Chunk bitrate: 20 600000
Buffer size: 21 84001
Download Time: 445404
Chunk bitrate: 21 600000
Buffer size: 22 88001
Download Time: 977837
Chunk bitrate: 22 349952
Buffer size: 22 92001
Chunk bitrate: 22 349952
Buffer size: 23 92001
Download Time: 1793281
Chunk bitrate: 23 349952
Buffer size: 24 96001
Download Time: 694407
Chunk bitrate: 24 349952
Buffer size: 25 100001
Download Time: 569995
Chunk bitrate: 25 349952
Buffer size: 26 104001
Download Time: 894796
Chunk bitrate: 26 600000
Buffer size: 26 108001
Chunk bitrate: 26 600000
Buffer size: 27 108001
Download Time: 1061192
Chunk bitrate: 27 600000
Buffer size: 28 112001
Download Time: 936583
Chunk bitrate: 28 349952
Buffer size: 28 116001
Chunk bitrate: 28 349952
Buffer size: 29 116001
Download Time: 613147
Chunk bitrate: 29 600000
Buffer size: 29 120001
Chunk bitrate: 29 600000
Buffer size: 30 120001
Download Time: 781991
Chunk bitrate: 30 600000
Buffer size: 31 124001
Download Time: 977136
Chunk bitrate: 31 600000
Buffer size: 32 128001
Download Time: 984834
Chunk bitrate: 32 600000
Buffer size: 33 132001
Download Time: 1267283
Chunk bitrate: 33 1000000
Buffer size: 33 136001
Chunk bitrate: 33 1000000
Buffer size: 34 136001
Download Time: 2072867
Chunk bitrate: 34 600000
Buffer size: 34 140001
Chunk bitrate: 34 600000
Buffer size: 35 140001
Download Time: 1017699
Chunk bitrate: 35 349952
Buffer size: 35 144001
Chunk bitrate: 35 349952
Buffer size: 36 144001
Download Time: 608557
[00007f142c003378] core mux error: cannot add this stream
[00007f142c04de88] core decoder error: cannot create packetizer output (h264)
Chunk bitrate: 36 349952
Buffer size: 37 148001
Download Time: 569847
Chunk bitrate: 37 349952
Buffer size: 38 152001
Download Time: 570890
Chunk bitrate: 38 1000000
Buffer size: 38 156001
Chunk bitrate: 38 1000000
Buffer size: 39 156001
Download Time: 2083851
[00007f142c003378] core mux error: cannot add this stream
[00007f142c11c268] core decoder error: cannot create packetizer output (h264)
Chunk bitrate: 39 349952
Buffer size: 39 160001
Chunk bitrate: 39 349952
Buffer size: 40 160001
Download Time: 775854
[00007f142c003378] core mux error: cannot add this stream
[00007f142c0dc5e8] core decoder error: cannot create packetizer output (h264)
Chunk bitrate: 40 349952
Buffer size: 41 164001
Download Time: 860536
Chunk bitrate: 41 600000
Buffer size: 41 168001
Chunk bitrate: 41 600000
Buffer size: 42 168001
Download Time: 816500
[00007f142c003378] core mux error: cannot add this stream
[00007f142c0f9498] core decoder error: cannot create packetizer output (h264)
Chunk bitrate: 42 349952
Buffer size: 42 172001
Chunk bitrate: 42 349952
Buffer size: 43 172001
Download Time: 814378
[00007f142c003378] core mux error: cannot add this stream
[00007f142c0cbc48] core decoder error: cannot create packetizer output (h264)
Chunk bitrate: 43 349952
Buffer size: 44 176001
Download Time: 527050
Chunk bitrate: 44 349952
Buffer size: 45 180001
Download Time: 894690
Chunk bitrate: 45 600000
Buffer size: 45 184001
Download Time: 525386
Chunk bitrate: 45 600000
Buffer size: 46 184001
Download Time: 1186598
[00007f142c003378] core mux error: cannot add this stream
[00007f142c108d48] core decoder error: cannot create packetizer output (h264)
Chunk bitrate: 46 349952
Buffer size: 46 188001
Chunk bitrate: 46 349952
Buffer size: 47 188001
Download Time: 406266
[00007f142c003378] core mux error: cannot add this stream
[00007f142c0e6dc8] core decoder error: cannot create packetizer output (h264)
Chunk bitrate: 47 1000000
Buffer size: 47 192001
Chunk bitrate: 47 1000000
Buffer size: 48 192001
Download Time: 1469638
[00007f142c003378] core mux error: cannot add this stream
[00007f142c11fd18] core decoder error: cannot create packetizer output (h264)
Chunk bitrate: 48 1000000
Buffer size: 49 196001
Download Time: 1791954
Chunk bitrate: 49 600000
Buffer size: 49 200001
Chunk bitrate: 49 600000
Buffer size: 50 200001
Download Time: 1020697
[00007f142c003378] core mux error: cannot add this stream
[00007f142c0e82c8] core decoder error: cannot create packetizer output (h264)
Chunk bitrate: 50 349952
Buffer size: 50 204001
Chunk bitrate: 50 349952
Buffer size: 51 204001
Download Time: 1021619
[00007f142c003378] core mux error: cannot add this stream
[00007f142c0efce8] core decoder error: cannot create packetizer output (h264)
Chunk bitrate: 51 349952
Buffer size: 52 208001
Download Time: 894861
Chunk bitrate: 52 349952
Buffer size: 53 212001
Download Time: 616045
Chunk bitrate: 53 600000
Buffer size: 53 216001
Chunk bitrate: 53 600000
Buffer size: 54 216001
Download Time: 1141084
[00007f142c003378] core mux error: cannot add this stream
[00007f142c115678] core decoder error: cannot create packetizer output (h264)
Chunk bitrate: 54 349952
Buffer size: 54 220001
Chunk bitrate: 54 349952
Buffer size: 55 220001
Download Time: 491716
[00007f142c003378] core mux error: cannot add this stream
[00007f142c10e2a8] core decoder error: cannot create packetizer output (h264)
Chunk bitrate: 55 600000
Buffer size: 55 224001
Chunk bitrate: 55 600000
Buffer size: 56 224001
Download Time: 1714775
[00007f142c003378] core mux error: cannot add this stream
[00007f142c11e6c8] core decoder error: cannot create packetizer output (h264)
Chunk bitrate: 56 349952
Buffer size: 56 228001
Chunk bitrate: 56 349952
Buffer size: 57 228001
Download Time: 610844
[00007f142c003378] core mux error: cannot add this stream
[00007f142c087978] core decoder error: cannot create packetizer output (h264)
Chunk bitrate: 57 349952
Buffer size: 58 232001
Download Time: 367768
Chunk bitrate: 58 349952
Buffer size: 59 236001
Download Time: 610350
Chunk bitrate: 59 600000
Buffer size: 59 240001
Chunk bitrate: 59 600000
Buffer size: 60 240001
Download Time: 1104323
[00007f142c003378] core mux error: cannot add this stream
[00007f142c127a58] core decoder error: cannot create packetizer output (h264)
Chunk bitrate: 60 349952
Buffer size: 60 244001
Chunk bitrate: 60 349952
Buffer size: 61 244001
Download Time: 533555
[00007f142c003378] core mux error: cannot add this stream
[00007f142c0e9b48] core decoder error: cannot create packetizer output (h264)
Chunk bitrate: 61 600000
Buffer size: 61 248001
Chunk bitrate: 61 600000
Buffer size: 62 248001
Download Time: 324437
[00007f142c003378] core mux error: cannot add this stream
[00007f142c03b3d8] core decoder error: cannot create packetizer output (h264)
Chunk bitrate: 62 600000
Buffer size: 63 252001
Download Time: 1098885
Chunk bitrate: 63 349952
Buffer size: 63 256001
Chunk bitrate: 63 349952
Buffer size: 64 256001
Download Time: 246812
[00007f142c003378] core mux error: cannot add this stream
[00007f142c0a69a8] core decoder error: cannot create packetizer output (h264)
Chunk bitrate: 64 600000
Buffer size: 64 260001
Chunk bitrate: 64 600000
Buffer size: 65 260001
[00007f142c003378] ps mux: Close
[00007f14240010a8] idummy demux: command `quit'
[00000000023f01e8] [cli] lua interface error: Error loading script /home/cs244/vlc/share/lua/intf/cli.luac: lua/intf/modules/host.lua:286: Interrupted.
