[00000000007a21a8] core interface error: no suitable interface module
[00000000006d9338] core libvlc error: interface "globalhotkeys,none" initialization failed
[00000000007a21a8] dbus interface error: Failed to connect to the D-Bus session daemon: Unable to autolaunch a dbus-daemon without a $DISPLAY for X11
[00000000007a21a8] core interface error: no suitable interface module
[00000000006d9338] core libvlc error: interface "dbus,none" initialization failed
[00000000006d9338] core libvlc: Running vlc with the default interface. Use 'cvlc' to use vlc without interface.
[00000000007a21a8] qt interface error: Could not connect to X server
[00000000007a21a8] skins2 interface error: cannot initialize OSFactory
[00000000007a21a8] [cli] lua interface: Listening on host "*console".
VLC media player 3.0.0-git Vetinari
Command Line Interface initialized. Type `help' for help.
> [00007f2c9c003378] ps mux: Open
making a DASHManager
new ratebased adaptionlogic
Chunk bitrate: 0 349952
Buffer size: 0 0
Chunk bitrate: 0 349952
Buffer size: 0 0
[00007f2c9c019cb8] mp4 demux: Fragment sequence discontinuity detected 0 != 2
Download Time: 1631614
[00007f2c9c0218c8] mp4 demux: Fragment sequence discontinuity detected 0 != 2
Startup Time: 1050000
Chunk bitrate: 0 349952
Buffer size: 1 4001
Download Time: 1162982
Chunk bitrate: 1 600000
Buffer size: 1 8001
Chunk bitrate: 1 600000
Buffer size: 2 8001
Download Time: 1584317
Chunk bitrate: 2 349952
Buffer size: 2 12001
Chunk bitrate: 2 349952
Buffer size: 3 12001
Download Time: 927696
Chunk bitrate: 3 349952
Buffer size: 4 16001
Download Time: 974207
Chunk bitrate: 4 349952
Buffer size: 5 20001
Download Time: 1099274
Chunk bitrate: 5 349952
Buffer size: 6 24001
Download Time: 606846
Chunk bitrate: 6 600000
Buffer size: 6 28001
Chunk bitrate: 6 600000
Buffer size: 7 28001
Download Time: 1498538
Chunk bitrate: 7 349952
Buffer size: 7 32001
Chunk bitrate: 7 349952
Buffer size: 8 32001
Download Time: 1018979
Chunk bitrate: 8 349952
Buffer size: 9 36001
Download Time: 933923
Chunk bitrate: 9 600000
Buffer size: 9 40001
Chunk bitrate: 9 600000
Buffer size: 10 40001
Download Time: 1340298
Chunk bitrate: 10 349952
Buffer size: 10 44001
Chunk bitrate: 10 349952
Buffer size: 11 44001
Download Time: 1016960
Chunk bitrate: 11 349952
Buffer size: 12 48001
Download Time: 1060245
Chunk bitrate: 12 349952
Buffer size: 13 52001
Download Time: 1137606
Chunk bitrate: 13 600000
Buffer size: 13 56001
Download Time: 283303
Chunk bitrate: 13 600000
Buffer size: 14 56001
Download Time: 1499514
Chunk bitrate: 14 349952
Buffer size: 14 60001
Chunk bitrate: 14 349952
Buffer size: 15 60001
Download Time: 771971
Chunk bitrate: 15 349952
Buffer size: 16 64001
Download Time: 1015297
Chunk bitrate: 16 349952
Buffer size: 17 68001
Download Time: 1094046
Chunk bitrate: 17 349952
Buffer size: 18 72001
Download Time: 973950
Chunk bitrate: 18 349952
Buffer size: 19 76001
Download Time: 773908
Chunk bitrate: 19 349952
Buffer size: 20 80001
Download Time: 1246509
Chunk bitrate: 20 349952
Buffer size: 21 84001
Download Time: 773248
Chunk bitrate: 21 349952
Buffer size: 22 88001
Download Time: 901556
Chunk bitrate: 22 349952
Buffer size: 23 92001
Download Time: 1005315
Chunk bitrate: 23 349952
Buffer size: 24 96001
Download Time: 926762
Chunk bitrate: 24 600000
Buffer size: 24 100001
Chunk bitrate: 24 600000
Buffer size: 25 100001
Download Time: 1504762
Chunk bitrate: 25 349952
Buffer size: 25 104001
Chunk bitrate: 25 349952
Buffer size: 26 104001
Download Time: 1141936
Chunk bitrate: 26 349952
Buffer size: 27 108001
Download Time: 679613
Chunk bitrate: 27 349952
Buffer size: 28 112001
Download Time: 1013040
Chunk bitrate: 28 600000
Buffer size: 28 116001
Chunk bitrate: 28 600000
Buffer size: 29 116001
Download Time: 1615232
Chunk bitrate: 29 600000
Buffer size: 30 120001
Download Time: 1289163
Chunk bitrate: 30 600000
Buffer size: 31 124001
Download Time: 1373518
Chunk bitrate: 31 600000
Buffer size: 32 128001
Download Time: 1656473
Chunk bitrate: 32 349952
Buffer size: 32 132001
Chunk bitrate: 32 349952
Buffer size: 33 132001
Download Time: 815348
Chunk bitrate: 33 349952
Buffer size: 34 136001
Download Time: 1012244
Chunk bitrate: 34 349952
Buffer size: 35 140001
Download Time: 813514
Chunk bitrate: 35 349952
Buffer size: 36 144001
Download Time: 2479342
Chunk bitrate: 36 349952
Buffer size: 37 148001
Download Time: 772375
Chunk bitrate: 37 349952
Buffer size: 38 152001
Download Time: 1324748
Chunk bitrate: 38 600000
Buffer size: 38 156001
Chunk bitrate: 38 600000
Buffer size: 39 156001
Download Time: 3233731
Chunk bitrate: 39 600000
Buffer size: 40 160001
Download Time: 1305988
Chunk bitrate: 40 349952
Buffer size: 40 164001
Chunk bitrate: 40 349952
Buffer size: 41 164001
Download Time: 1013322
Chunk bitrate: 41 600000
Buffer size: 41 168001
Chunk bitrate: 41 600000
Buffer size: 42 168001
Download Time: 1211563
Chunk bitrate: 42 349952
Buffer size: 42 172001
Chunk bitrate: 42 349952
Buffer size: 43 172001
Download Time: 1581951
[00007f2c9c003378] core mux error: cannot add this stream
[00007f2c9c0d3d98] core decoder error: cannot create packetizer output (h264)
Chunk bitrate: 43 349952
Buffer size: 44 176001
Download Time: 1053247
Chunk bitrate: 44 349952
Buffer size: 45 180001
Download Time: 1335283
Chunk bitrate: 45 349952
Buffer size: 46 184001
Download Time: 813479
Chunk bitrate: 46 349952
Buffer size: 47 188001
Download Time: 849462
Chunk bitrate: 47 349952
Buffer size: 48 192001
Download Time: 691954
Chunk bitrate: 48 349952
Buffer size: 49 196001
Download Time: 1165872
Chunk bitrate: 49 600000
Buffer size: 49 200001
Chunk bitrate: 49 600000
Buffer size: 50 200001
Download Time: 1593871
[00007f2c9c003378] core mux error: cannot add this stream
[00007f2c9c102158] core decoder error: cannot create packetizer output (h264)
Chunk bitrate: 50 349952
Buffer size: 50 204001
Chunk bitrate: 50 349952
Buffer size: 51 204001
Download Time: 1251410
Download Time: 359019
[00007f2c9c003378] core mux error: cannot add this stream
[00007f2c9c0e5318] core decoder error: cannot create packetizer output (h264)
Chunk bitrate: 51 349952
Buffer size: 52 208001
Download Time: 939982
Chunk bitrate: 52 349952
Buffer size: 53 212001
Download Time: 898678
Chunk bitrate: 53 349952
Buffer size: 54 216001
Download Time: 810786
Chunk bitrate: 54 600000
Buffer size: 54 220001
Chunk bitrate: 54 600000
Buffer size: 55 220001
Download Time: 1344425
[00007f2c9c003378] core mux error: cannot add this stream
[00007f2c9c117288] core decoder error: cannot create packetizer output (h264)
Chunk bitrate: 55 349952
Buffer size: 55 224001
Chunk bitrate: 55 349952
Buffer size: 56 224001
Download Time: 1133327
[00007f2c9c003378] core mux error: cannot add this stream
[00007f2c9c0f45d8] core decoder error: cannot create packetizer output (h264)
Chunk bitrate: 56 349952
Buffer size: 57 228001
Download Time: 1267828
Chunk bitrate: 57 349952
Buffer size: 58 232001
Download Time: 485796
Chunk bitrate: 58 349952
Buffer size: 59 236001
Download Time: 1059382
Chunk bitrate: 59 600000
Buffer size: 59 240001
Chunk bitrate: 59 600000
Buffer size: 60 240001
Download Time: 1431834
[00007f2c9c003378] core mux error: cannot add this stream
[00007f2c9c11ee88] core decoder error: cannot create packetizer output (h264)
Chunk bitrate: 60 349952
Buffer size: 60 244001
Chunk bitrate: 60 349952
Buffer size: 61 244001
Download Time: 854422
[00007f2c9c003378] core mux error: cannot add this stream
[00007f2c9c0ffb78] core decoder error: cannot create packetizer output (h264)
Chunk bitrate: 61 349952
Buffer size: 62 248001
Download Time: 408468
Chunk bitrate: 62 349952
Buffer size: 63 252001
Download Time: 328142
Chunk bitrate: 63 349952
Buffer size: 64 256001
Download Time: 485190
Chunk bitrate: 64 349952
Buffer size: 65 260001
[00007f2c9c003378] ps mux: Close
[00007f2c9c019cb8] idummy demux: command `quit'
[00000000007a21a8] [cli] lua interface error: Error loading script /home/cs244/vlc/share/lua/intf/cli.luac: lua/intf/modules/host.lua:286: Interrupted.
