[00000000008041e8] core interface error: no suitable interface module
[000000000073b338] core libvlc error: interface "globalhotkeys,none" initialization failed
[00000000008041e8] dbus interface error: Failed to connect to the D-Bus session daemon: Unable to autolaunch a dbus-daemon without a $DISPLAY for X11
[00000000008041e8] core interface error: no suitable interface module
[000000000073b338] core libvlc error: interface "dbus,none" initialization failed
[000000000073b338] core libvlc: Running vlc with the default interface. Use 'cvlc' to use vlc without interface.
[00000000008041e8] qt interface error: Could not connect to X server
[00000000008041e8] skins2 interface error: cannot initialize OSFactory
[00000000008041e8] [cli] lua interface: Listening on host "*console".
VLC media player 3.0.0-git Vetinari
Command Line Interface initialized. Type `help' for help.
> [00007ffa6c003378] ps mux: Open
making a DASHManager
new ratebased adaptionlogic
Chunk bitrate: 0 349952
Buffer size: 0 0
Chunk bitrate: 0 349952
Buffer size: 0 0
[00007ffa6c0237f8] mp4 demux: Fragment sequence discontinuity detected 0 != 2
Download Time: 938184
[00007ffa6c026278] mp4 demux: Fragment sequence discontinuity detected 0 != 2
Startup Time: 1050000
Chunk bitrate: 0 349952
Buffer size: 1 4001
Download Time: 732585
Chunk bitrate: 1 600000
Buffer size: 1 8001
Chunk bitrate: 1 600000
Buffer size: 2 8001
Download Time: 732969
Chunk bitrate: 2 1000000
Buffer size: 2 12001
Chunk bitrate: 2 1000000
Buffer size: 3 12001
Download Time: 4129335
Chunk bitrate: 3 349952
Buffer size: 3 16001
Chunk bitrate: 3 349952
Buffer size: 4 16001
Download Time: 399684
Chunk bitrate: 4 600000
Buffer size: 4 20001
Chunk bitrate: 4 600000
Buffer size: 5 20001
Download Time: 973247
Chunk bitrate: 5 349952
Buffer size: 5 24001
Chunk bitrate: 5 349952
Buffer size: 6 24001
Download Time: 856732
Chunk bitrate: 6 600000
Buffer size: 6 28001
Chunk bitrate: 6 600000
Buffer size: 7 28001
Download Time: 1302108
Chunk bitrate: 7 600000
Buffer size: 8 32001
Download Time: 1419210
Chunk bitrate: 8 349952
Buffer size: 8 36001
Chunk bitrate: 8 349952
Buffer size: 9 36001
Download Time: 1090668
Chunk bitrate: 9 600000
Buffer size: 9 40001
Chunk bitrate: 9 600000
Buffer size: 10 40001
Download Time: 894797
Chunk bitrate: 10 349952
Buffer size: 10 44001
Chunk bitrate: 10 349952
Buffer size: 11 44001
Download Time: 487184
Chunk bitrate: 11 349952
Buffer size: 12 48001
Download Time: 650361
Chunk bitrate: 12 349952
Buffer size: 13 52001
Download Time: 692552
Chunk bitrate: 13 600000
Buffer size: 13 56001
Chunk bitrate: 13 600000
Buffer size: 14 56001
Download Time: 1138361
Chunk bitrate: 14 349952
Buffer size: 14 60001
Chunk bitrate: 14 349952
Buffer size: 15 60001
Download Time: 1137170
Chunk bitrate: 15 349952
Buffer size: 16 64001
Download Time: 614456
Chunk bitrate: 16 600000
Buffer size: 16 68001
Chunk bitrate: 16 600000
Buffer size: 17 68001
Download Time: 933849
Chunk bitrate: 17 349952
Buffer size: 17 72001
Chunk bitrate: 17 349952
Buffer size: 18 72001
Download Time: 651516
Chunk bitrate: 18 600000
Buffer size: 18 76001
Chunk bitrate: 18 600000
Buffer size: 19 76001
Download Time: 692967
Chunk bitrate: 19 600000
Buffer size: 20 80001
Download Time: 1102590
Chunk bitrate: 20 1000000
Buffer size: 20 84001
Chunk bitrate: 20 1000000
Buffer size: 21 84001
Download Time: 806470
Chunk bitrate: 21 600000
Buffer size: 21 88001
Chunk bitrate: 21 600000
Buffer size: 22 88001
Download Time: 693256
[00007ffa6c003378] core mux error: cannot add this stream
[00007ffa6c0736a8] core decoder error: cannot create packetizer output (h264)
Chunk bitrate: 22 1000000
Buffer size: 22 92001
Chunk bitrate: 22 1000000
Buffer size: 23 92001
Download Time: 1675320
[00007ffa6c003378] core mux error: cannot add this stream
[00007ffa6c093108] core decoder error: cannot create packetizer output (h264)
Chunk bitrate: 23 600000
Buffer size: 23 96001
Chunk bitrate: 23 600000
Buffer size: 24 96001
Download Time: 1140160
[00007ffa6c003378] core mux error: cannot add this stream
[00007ffa6c0cae48] core decoder error: cannot create packetizer output (h264)
Chunk bitrate: 24 1000000
Buffer size: 24 100001
Chunk bitrate: 24 1000000
Buffer size: 25 100001
Download Time: 1463200
[00007ffa6c003378] core mux error: cannot add this stream
[00007ffa6c09fd78] core decoder error: cannot create packetizer output (h264)
Chunk bitrate: 25 1000000
Buffer size: 26 104001
Download Time: 1467336
Chunk bitrate: 26 349952
Buffer size: 26 108001
Chunk bitrate: 26 349952
Buffer size: 27 108001
Download Time: 530914
[00007ffa6c003378] core mux error: cannot add this stream
[00007ffa6c07f398] core decoder error: cannot create packetizer output (h264)
Chunk bitrate: 27 600000
Buffer size: 27 112001
Chunk bitrate: 27 600000
Buffer size: 28 112001
Download Time: 1342708
[00007ffa6c003378] core mux error: cannot add this stream
[00007ffa6c0e7dd8] core decoder error: cannot create packetizer output (h264)
Chunk bitrate: 28 349952
Buffer size: 28 116001
Chunk bitrate: 28 349952
Buffer size: 29 116001
Download Time: 936330
[00007ffa6c003378] core mux error: cannot add this stream
[00007ffa6c087f28] core decoder error: cannot create packetizer output (h264)
Chunk bitrate: 29 600000
Buffer size: 29 120001
Chunk bitrate: 29 600000
Buffer size: 30 120001
Download Time: 855283
[00007ffa6c003378] core mux error: cannot add this stream
[00007ffa6c076098] core decoder error: cannot create packetizer output (h264)
Chunk bitrate: 30 1000000
Buffer size: 30 124001
Chunk bitrate: 30 1000000
Buffer size: 31 124001
Download Time: 1959846
[00007ffa6c003378] core mux error: cannot add this stream
[00007ffa6c10fca8] core decoder error: cannot create packetizer output (h264)
Chunk bitrate: 31 349952
Buffer size: 31 128001
Download Time: 202572
Chunk bitrate: 31 349952
Buffer size: 32 128001
Download Time: 659590
[00007ffa6c003378] core mux error: cannot add this stream
[00007ffa6c02d378] core decoder error: cannot create packetizer output (h264)
Chunk bitrate: 32 600000
Buffer size: 32 132001
Chunk bitrate: 32 600000
Buffer size: 33 132001
Download Time: 1344767
[00007ffa6c003378] core mux error: cannot add this stream
[00007ffa6c0f2168] core decoder error: cannot create packetizer output (h264)
Chunk bitrate: 33 349952
Buffer size: 33 136001
Chunk bitrate: 33 349952
Buffer size: 34 136001
Download Time: 891896
[00007ffa6c003378] core mux error: cannot add this stream
[00007ffa6c0cb288] core decoder error: cannot create packetizer output (h264)
Chunk bitrate: 34 600000
Buffer size: 34 140001
Chunk bitrate: 34 600000
Buffer size: 35 140001
Download Time: 695098
[00007ffa6c003378] core mux error: cannot add this stream
[00007ffa6c0f84a8] core decoder error: cannot create packetizer output (h264)
Chunk bitrate: 35 600000
Buffer size: 36 144001
Download Time: 1059592
Chunk bitrate: 36 600000
Buffer size: 37 148001
Download Time: 852527
Download Time: 618958
Chunk bitrate: 37 349952
Buffer size: 37 152001
Chunk bitrate: 37 349952
Buffer size: 38 152001
Download Time: 897210
[00007ffa6c003378] core mux error: cannot add this stream
[00007ffa6c072db8] core decoder error: cannot create packetizer output (h264)
Chunk bitrate: 38 1000000
Buffer size: 38 156001
Chunk bitrate: 38 1000000
Buffer size: 39 156001
Download Time: 1469490
[00007ffa6c003378] core mux error: cannot add this stream
[00007ffa6c12d178] core decoder error: cannot create packetizer output (h264)
Chunk bitrate: 39 600000
Buffer size: 39 160001
Chunk bitrate: 39 600000
Buffer size: 40 160001
Download Time: 1173549
[00007ffa6c003378] core mux error: cannot add this stream
[00007ffa6c0f78f8] core decoder error: cannot create packetizer output (h264)
Chunk bitrate: 40 349952
Buffer size: 40 164001
Chunk bitrate: 40 349952
Buffer size: 41 164001
Download Time: 690228
[00007ffa6c003378] core mux error: cannot add this stream
[00007ffa6c0ef378] core decoder error: cannot create packetizer output (h264)
Chunk bitrate: 41 349952
Buffer size: 42 168001
Download Time: 570133
Chunk bitrate: 42 600000
Buffer size: 42 172001
Chunk bitrate: 42 600000
Buffer size: 43 172001
Download Time: 693833
[00007ffa6c003378] core mux error: cannot add this stream
[00007ffa6c110608] core decoder error: cannot create packetizer output (h264)
Chunk bitrate: 43 600000
Buffer size: 44 176001
Download Time: 1016613
Chunk bitrate: 44 600000
Buffer size: 45 180001
Download Time: 1016218
Chunk bitrate: 45 349952
Buffer size: 45 184001
Chunk bitrate: 45 349952
Buffer size: 46 184001
Download Time: 819112
[00007ffa6c003378] core mux error: cannot add this stream
[00007ffa6c103688] core decoder error: cannot create packetizer output (h264)
Chunk bitrate: 46 349952
Buffer size: 47 188001
Download Time: 774560
Chunk bitrate: 47 600000
Buffer size: 47 192001
Chunk bitrate: 47 600000
Buffer size: 48 192001
Download Time: 937305
[00007ffa6c003378] core mux error: cannot add this stream
[00007ffa6c111518] core decoder error: cannot create packetizer output (h264)
Chunk bitrate: 48 1000000
Buffer size: 48 196001
Chunk bitrate: 48 1000000
Buffer size: 49 196001
Download Time: 1511795
[00007ffa6c003378] core mux error: cannot add this stream
[00007ffa6c156ea8] core decoder error: cannot create packetizer output (h264)
Chunk bitrate: 49 600000
Buffer size: 49 200001
Chunk bitrate: 49 600000
Buffer size: 50 200001
Download Time: 978249
[00007ffa6c003378] core mux error: cannot add this stream
[00007ffa6c11bf28] core decoder error: cannot create packetizer output (h264)
Chunk bitrate: 50 600000
Buffer size: 51 204001
Download Time: 976744
Chunk bitrate: 51 600000
Buffer size: 52 208001
Download Time: 1307433
Chunk bitrate: 52 349952
Buffer size: 52 212001
Chunk bitrate: 52 349952
Buffer size: 53 212001
Download Time: 1096661
[00007ffa6c003378] core mux error: cannot add this stream
[00007ffa6c0e99d8] core decoder error: cannot create packetizer output (h264)
Chunk bitrate: 53 1000000
Buffer size: 53 216001
Chunk bitrate: 53 1000000
Buffer size: 54 216001
Download Time: 1185880
[00007ffa6c003378] core mux error: cannot add this stream
[00007ffa6c16b188] core decoder error: cannot create packetizer output (h264)
Chunk bitrate: 54 1000000
Buffer size: 55 220001
Download Time: 1623869
Chunk bitrate: 55 600000
Buffer size: 55 224001
Chunk bitrate: 55 600000
Buffer size: 56 224001
Download Time: 898958
[00007ffa6c003378] core mux error: cannot add this stream
[00007ffa6c12de48] core decoder error: cannot create packetizer output (h264)
Chunk bitrate: 56 600000
Buffer size: 57 228001
Download Time: 1267613
Chunk bitrate: 57 349952
Buffer size: 57 232001
Chunk bitrate: 57 349952
Buffer size: 58 232001
Download Time: 408480
[00007ffa6c003378] core mux error: cannot add this stream
[00007ffa6c0f4488] core decoder error: cannot create packetizer output (h264)
Chunk bitrate: 58 600000
Buffer size: 58 236001
Chunk bitrate: 58 600000
Buffer size: 59 236001
Download Time: 1513958
[00007ffa6c003378] core mux error: cannot add this stream
[00007ffa6c0836e8] core decoder error: cannot create packetizer output (h264)
Chunk bitrate: 59 349952
Buffer size: 59 240001
Chunk bitrate: 59 349952
Buffer size: 60 240001
Download Time: 652820
[00007ffa6c003378] core mux error: cannot add this stream
[00007ffa6c10a528] core decoder error: cannot create packetizer output (h264)
Chunk bitrate: 60 349952
Buffer size: 61 244001
Download Time: 862037
Chunk bitrate: 61 600000
Buffer size: 61 248001
Chunk bitrate: 61 600000
Buffer size: 62 248001
Download Time: 366143
[00007ffa6c003378] core mux error: cannot add this stream
[00007ffa6c0dd178] core decoder error: cannot create packetizer output (h264)
Chunk bitrate: 62 1000000
Buffer size: 62 252001
Chunk bitrate: 62 1000000
Buffer size: 63 252001
Download Time: 690852
[00007ffa6c003378] core mux error: cannot add this stream
[00007ffa6c02d358] core decoder error: cannot create packetizer output (h264)
Chunk bitrate: 63 1000000
Buffer size: 64 256001
Download Time: 649126
Chunk bitrate: 64 600000
Buffer size: 64 260001
Chunk bitrate: 64 600000
Buffer size: 65 260001
[00007ffa6c003378] ps mux: Close
[00007ffa6c11b488] idummy demux: command `quit'
[00000000008041e8] [cli] lua interface error: Error loading script /home/cs244/vlc/share/lua/intf/cli.luac: lua/intf/modules/host.lua:286: Interrupted.
