[00000000020ca1e8] core interface error: no suitable interface module
[0000000002001338] core libvlc error: interface "globalhotkeys,none" initialization failed
[00000000020ca1e8] dbus interface error: Failed to connect to the D-Bus session daemon: Unable to autolaunch a dbus-daemon without a $DISPLAY for X11
[00000000020ca1e8] core interface error: no suitable interface module
[0000000002001338] core libvlc error: interface "dbus,none" initialization failed
[0000000002001338] core libvlc: Running vlc with the default interface. Use 'cvlc' to use vlc without interface.
[00000000020ca1e8] qt interface error: Could not connect to X server
[00000000020ca1e8] skins2 interface error: cannot initialize OSFactory
[00000000020ca1e8] [cli] lua interface: Listening on host "*console".
VLC media player 3.0.0-git Vetinari
Command Line Interface initialized. Type `help' for help.
> [00007fc23c003378] ps mux: Open
making a DASHManager
new ratebased adaptionlogic
Chunk bitrate: 0 349952
Buffer size: 0 0
Chunk bitrate: 0 349952
Buffer size: 0 0
[00007fc23c019a48] mp4 demux: Fragment sequence discontinuity detected 0 != 2
Download Time: 583991
[00007fc23c019e88] mp4 demux: Fragment sequence discontinuity detected 0 != 2
Startup Time: 1050000
Chunk bitrate: 0 1000000
Buffer size: 0 4001
Chunk bitrate: 0 1000000
Buffer size: 1 4001
Download Time: 1604696
Chunk bitrate: 1 1000000
Buffer size: 2 8001
Download Time: 1166136
Chunk bitrate: 2 1000000
Buffer size: 3 12001
Download Time: 1543851
Chunk bitrate: 3 1000000
Buffer size: 4 16001
Download Time: 1307179
Chunk bitrate: 4 1000000
Buffer size: 5 20001
Download Time: 1708036
Chunk bitrate: 5 1000000
Buffer size: 6 24001
Download Time: 1155621
Chunk bitrate: 6 1000000
Buffer size: 7 28001
Download Time: 1257605
Chunk bitrate: 7 1000000
Buffer size: 8 32001
Download Time: 1731259
Chunk bitrate: 8 1000000
Buffer size: 9 36001
Download Time: 1467230
Chunk bitrate: 9 1000000
Buffer size: 10 40001
Download Time: 1280496
Chunk bitrate: 10 1000000
Buffer size: 11 44001
Download Time: 1398787
Chunk bitrate: 11 1000000
Buffer size: 12 48001
Download Time: 1725419
Chunk bitrate: 12 1000000
Buffer size: 13 52001
Download Time: 1551741
Chunk bitrate: 13 1000000
Buffer size: 14 56001
Download Time: 1324972
Chunk bitrate: 14 1000000
Buffer size: 15 60001
Download Time: 1159951
Chunk bitrate: 15 1000000
Buffer size: 16 64001
Download Time: 1539293
Chunk bitrate: 16 1000000
Buffer size: 17 68001
Download Time: 1364154
Chunk bitrate: 17 1000000
Buffer size: 18 72001
Download Time: 1532565
Chunk bitrate: 18 1000000
Buffer size: 19 76001
Download Time: 843861
Chunk bitrate: 19 1000000
Buffer size: 20 80001
Download Time: 1451890
Chunk bitrate: 20 1000000
Buffer size: 21 84001
Download Time: 942127
Chunk bitrate: 21 1000000
Buffer size: 22 88001
Download Time: 1363398
Chunk bitrate: 22 1000000
Buffer size: 23 92001
Download Time: 1663888
Chunk bitrate: 23 1000000
Buffer size: 24 96001
Download Time: 1576965
Chunk bitrate: 24 1000000
Buffer size: 25 100001
Download Time: 1355480
Chunk bitrate: 25 1000000
Buffer size: 26 104001
Download Time: 1338848
Chunk bitrate: 26 1000000
Buffer size: 27 108001
Download Time: 795570
Chunk bitrate: 27 1000000
Buffer size: 28 112001
Download Time: 1572432
Chunk bitrate: 28 1000000
Buffer size: 29 116001
Download Time: 1519275
Chunk bitrate: 29 1000000
Buffer size: 30 120001
Download Time: 1155740
Chunk bitrate: 30 1000000
Buffer size: 31 124001
Download Time: 1228177
Chunk bitrate: 31 1000000
Buffer size: 32 128001
Download Time: 1691473
Chunk bitrate: 32 1000000
Buffer size: 33 132001
Download Time: 1459199
Chunk bitrate: 33 1000000
Buffer size: 34 136001
Download Time: 1595929
Chunk bitrate: 34 1000000
Buffer size: 35 140001
Download Time: 1383838
Chunk bitrate: 35 1000000
Buffer size: 36 144001
Download Time: 1216056
Chunk bitrate: 36 1000000
Buffer size: 37 148001
Download Time: 1627900
Chunk bitrate: 37 1000000
Buffer size: 38 152001
Download Time: 1555553
Chunk bitrate: 38 2000000
Buffer size: 38 156001
Chunk bitrate: 38 2000000
Buffer size: 39 156001
Download Time: 2595954
Chunk bitrate: 39 1000000
Buffer size: 39 160001
Chunk bitrate: 39 1000000
Buffer size: 40 160001
Download Time: 1135828
Chunk bitrate: 40 1000000
Buffer size: 41 164001
Download Time: 1582963
Chunk bitrate: 41 1000000
Buffer size: 42 168001
Download Time: 1392289
Chunk bitrate: 42 1000000
Buffer size: 43 172001
Download Time: 1583285
Chunk bitrate: 43 1000000
Buffer size: 44 176001
Download Time: 1238753
Chunk bitrate: 44 1000000
Buffer size: 45 180001
Download Time: 1470604
Chunk bitrate: 45 1000000
Buffer size: 46 184001
Download Time: 1463905
Chunk bitrate: 46 1000000
Buffer size: 47 188001
Download Time: 1507164
Chunk bitrate: 47 1000000
Buffer size: 48 192001
Download Time: 1087669
Chunk bitrate: 48 1000000
Buffer size: 49 196001
Download Time: 1499619
Chunk bitrate: 49 1000000
Buffer size: 50 200001
Download Time: 1408199
Chunk bitrate: 50 1000000
Buffer size: 51 204001
Download Time: 1137341
Chunk bitrate: 51 1000000
Buffer size: 52 208001
Download Time: 1432057
Chunk bitrate: 52 1000000
Buffer size: 53 212001
Download Time: 1287268
Chunk bitrate: 53 1000000
Buffer size: 54 216001
Download Time: 1597012
Chunk bitrate: 54 1000000
Buffer size: 55 220001
Download Time: 1451678
Chunk bitrate: 55 1000000
Buffer size: 56 224001
Download Time: 1587571
Chunk bitrate: 56 1000000
Buffer size: 57 228001
Download Time: 959832
Chunk bitrate: 57 1000000
Buffer size: 58 232001
Download Time: 443713
Chunk bitrate: 58 1000000
Buffer size: 59 236001
Download Time: 1692084
Chunk bitrate: 59 1000000
Buffer size: 60 240001
Download Time: 1279792
Chunk bitrate: 60 1000000
Buffer size: 61 244001
Download Time: 1331777
Chunk bitrate: 61 1000000
Buffer size: 62 248001
Download Time: 476926
Chunk bitrate: 62 1000000
Buffer size: 63 252001
Download Time: 356787
Chunk bitrate: 63 1000000
Buffer size: 64 256001
Download Time: 664689
Chunk bitrate: 64 1000000
Buffer size: 65 260001
[00007fc23c003378] ps mux: Close
[00007fc238005058] idummy demux: command `quit'
[00000000020ca1e8] [cli] lua interface error: Error loading script /home/cs244/vlc/share/lua/intf/cli.luac: lua/intf/modules/host.lua:286: Interrupted.
