[000000000263c768] core interface error: no suitable interface module
[000000000257a338] core libvlc error: interface "globalhotkeys,none" initialization failed
[000000000263c768] dbus interface error: Failed to connect to the D-Bus session daemon: Unable to autolaunch a dbus-daemon without a $DISPLAY for X11
[000000000263c768] core interface error: no suitable interface module
[000000000257a338] core libvlc error: interface "dbus,none" initialization failed
[000000000257a338] core libvlc: Running vlc with the default interface. Use 'cvlc' to use vlc without interface.
[000000000263c768] qt interface error: Could not connect to X server
[000000000263c768] skins2 interface error: cannot initialize OSFactory
[000000000263c768] [cli] lua interface: Listening on host "*console".
VLC media player 3.0.0-git Vetinari
Command Line Interface initialized. Type `help' for help.
> [00007f9790003378] ps mux: Open
making a DASHManager
new ratebased adaptionlogic
Chunk bitrate: 0 349952
Buffer size: 0 0
Chunk bitrate: 0 349952
Buffer size: 0 0
[00007f97900236c8] mp4 demux: Fragment sequence discontinuity detected 0 != 2
Download Time: 771321
[00007f9790017348] mp4 demux: Fragment sequence discontinuity detected 0 != 2
Startup Time: 1050000
Chunk bitrate: 0 349952
Buffer size: 1 4001
Download Time: 610504
Chunk bitrate: 1 1000000
Buffer size: 1 8001
Download Time: 404733
Chunk bitrate: 1 1000000
Buffer size: 2 8001
Download Time: 1251729
Chunk bitrate: 2 600000
Buffer size: 2 12001
Chunk bitrate: 2 600000
Buffer size: 3 12001
Download Time: 1226252
Chunk bitrate: 3 349952
Buffer size: 3 16001
Chunk bitrate: 3 349952
Buffer size: 4 16001
Download Time: 812235
Chunk bitrate: 4 600000
Buffer size: 4 20001
Chunk bitrate: 4 600000
Buffer size: 5 20001
Download Time: 1059821
Chunk bitrate: 5 600000
Buffer size: 6 24001
Download Time: 979691
Chunk bitrate: 6 349952
Buffer size: 6 28001
Chunk bitrate: 6 349952
Buffer size: 7 28001
Download Time: 652624
Chunk bitrate: 7 349952
Buffer size: 8 32001
Download Time: 691174
Chunk bitrate: 8 349952
Buffer size: 9 36001
Download Time: 729151
Chunk bitrate: 9 1000000
Buffer size: 9 40001
Chunk bitrate: 9 1000000
Buffer size: 10 40001
Download Time: 1629517
Chunk bitrate: 10 349952
Buffer size: 10 44001
Chunk bitrate: 10 349952
Buffer size: 11 44001
Download Time: 1018956
Chunk bitrate: 11 349952
Buffer size: 12 48001
Download Time: 526181
Chunk bitrate: 12 600000
Buffer size: 12 52001
Chunk bitrate: 12 600000
Buffer size: 13 52001
Download Time: 1267220
Chunk bitrate: 13 600000
Buffer size: 14 56001
Download Time: 1504972
Chunk bitrate: 14 600000
Buffer size: 15 60001
Download Time: 732236
Chunk bitrate: 15 349952
Buffer size: 15 64001
Chunk bitrate: 15 349952
Buffer size: 16 64001
Download Time: 895357
Chunk bitrate: 16 1000000
Buffer size: 16 68001
Chunk bitrate: 16 1000000
Buffer size: 17 68001
Download Time: 1618125
Chunk bitrate: 17 1000000
Buffer size: 18 72001
Download Time: 2353911
Chunk bitrate: 18 1000000
Buffer size: 19 76001
Download Time: 732533
Chunk bitrate: 19 600000
Buffer size: 19 80001
Chunk bitrate: 19 600000
Buffer size: 20 80001
Download Time: 2409850
Chunk bitrate: 20 349952
Buffer size: 20 84001
Chunk bitrate: 20 349952
Buffer size: 21 84001
Download Time: 447747
Chunk bitrate: 21 349952
Buffer size: 22 88001
Download Time: 402975
Chunk bitrate: 22 1000000
Buffer size: 22 92001
Chunk bitrate: 22 1000000
Buffer size: 23 92001
Download Time: 1542540
Chunk bitrate: 23 600000
Buffer size: 23 96001
Chunk bitrate: 23 600000
Buffer size: 24 96001
Download Time: 938762
Chunk bitrate: 24 1000000
Buffer size: 24 100001
Chunk bitrate: 24 1000000
Buffer size: 25 100001
Download Time: 2077974
Chunk bitrate: 25 1000000
Buffer size: 26 104001
Download Time: 1621407
Chunk bitrate: 26 600000
Buffer size: 26 108001
Chunk bitrate: 26 600000
Buffer size: 27 108001
Download Time: 613842
[00007f9790003378] core mux error: cannot add this stream
[00007f979008c9d8] core decoder error: cannot create packetizer output (h264)
Chunk bitrate: 27 349952
Buffer size: 27 112001
Chunk bitrate: 27 349952
Buffer size: 28 112001
Download Time: 855766
[00007f9790003378] core mux error: cannot add this stream
[00007f97900c2ba8] core decoder error: cannot create packetizer output (h264)
Chunk bitrate: 28 600000
Buffer size: 28 116001
Chunk bitrate: 28 600000
Buffer size: 29 116001
Download Time: 815640
[00007f9790003378] core mux error: cannot add this stream
[00007f97900ea098] core decoder error: cannot create packetizer output (h264)
Chunk bitrate: 29 349952
Buffer size: 29 120001
Chunk bitrate: 29 349952
Buffer size: 30 120001
Download Time: 654023
[00007f9790003378] core mux error: cannot add this stream
[00007f9790092ea8] core decoder error: cannot create packetizer output (h264)
Chunk bitrate: 30 349952
Buffer size: 31 124001
Download Time: 565597
Chunk bitrate: 31 349952
Buffer size: 32 128001
Download Time: 445586
Download Time: 532389
Chunk bitrate: 32 349952
Buffer size: 33 132001
Download Time: 450677
Chunk bitrate: 33 349952
Buffer size: 34 136001
Download Time: 2240574
Chunk bitrate: 34 349952
Buffer size: 35 140001
Download Time: 531211
Chunk bitrate: 35 349952
Buffer size: 36 144001
Download Time: 526195
Chunk bitrate: 36 349952
Buffer size: 37 148001
Download Time: 857912
Chunk bitrate: 37 600000
Buffer size: 37 152001
Chunk bitrate: 37 600000
Buffer size: 38 152001
Download Time: 1307351
[00007f9790003378] core mux error: cannot add this stream
[00007f97900f7d58] core decoder error: cannot create packetizer output (h264)
Chunk bitrate: 38 1000000
Buffer size: 38 156001
Chunk bitrate: 38 1000000
Buffer size: 39 156001
Download Time: 1424406
[00007f9790003378] core mux error: cannot add this stream
[00007f9790121c48] core decoder error: cannot create packetizer output (h264)
Chunk bitrate: 39 600000
Buffer size: 39 160001
Chunk bitrate: 39 600000
Buffer size: 40 160001
Download Time: 1029538
[00007f9790003378] core mux error: cannot add this stream
[00007f97900d23e8] core decoder error: cannot create packetizer output (h264)
Chunk bitrate: 40 349952
Buffer size: 40 164001
Chunk bitrate: 40 349952
Buffer size: 41 164001
Download Time: 852969
[00007f9790003378] core mux error: cannot add this stream
[00007f97900c42f8] core decoder error: cannot create packetizer output (h264)
Chunk bitrate: 41 600000
Buffer size: 41 168001
Chunk bitrate: 41 600000
Buffer size: 42 168001
Download Time: 776739
[00007f9790003378] core mux error: cannot add this stream
[00007f97900ff298] core decoder error: cannot create packetizer output (h264)
Chunk bitrate: 42 349952
Buffer size: 42 172001
Chunk bitrate: 42 349952
Buffer size: 43 172001
Download Time: 650507
[00007f9790003378] core mux error: cannot add this stream
[00007f9790092ec8] core decoder error: cannot create packetizer output (h264)
Chunk bitrate: 43 600000
Buffer size: 43 176001
Chunk bitrate: 43 600000
Buffer size: 44 176001
Download Time: 1429408
[00007f9790003378] core mux error: cannot add this stream
[00007f9790103e98] core decoder error: cannot create packetizer output (h264)
Chunk bitrate: 44 349952
Buffer size: 44 180001
Chunk bitrate: 44 349952
Buffer size: 45 180001
Download Time: 647105
[00007f9790003378] core mux error: cannot add this stream
[00007f9790089c78] core decoder error: cannot create packetizer output (h264)
Chunk bitrate: 45 600000
Buffer size: 45 184001
Chunk bitrate: 45 600000
Buffer size: 46 184001
Download Time: 1385343
[00007f9790003378] core mux error: cannot add this stream
[00007f9790111c18] core decoder error: cannot create packetizer output (h264)
Chunk bitrate: 46 349952
Buffer size: 46 188001
Chunk bitrate: 46 349952
Buffer size: 47 188001
Download Time: 571483
[00007f9790003378] core mux error: cannot add this stream
[00007f97900fe378] core decoder error: cannot create packetizer output (h264)
Chunk bitrate: 47 349952
Buffer size: 48 192001
Download Time: 489242
Chunk bitrate: 48 349952
Buffer size: 49 196001
Download Time: 650137
Chunk bitrate: 49 349952
Buffer size: 50 200001
Download Time: 728480
Chunk bitrate: 50 1000000
Buffer size: 50 204001
Chunk bitrate: 50 1000000
Buffer size: 51 204001
Download Time: 1265994
[00007f9790003378] core mux error: cannot add this stream
[00007f9790133168] core decoder error: cannot create packetizer output (h264)
Chunk bitrate: 51 1000000
Buffer size: 52 208001
Download Time: 2208290
Chunk bitrate: 52 600000
Buffer size: 52 212001
Chunk bitrate: 52 600000
Buffer size: 53 212001
Download Time: 734319
[00007f9790003378] core mux error: cannot add this stream
[00007f9790116a88] core decoder error: cannot create packetizer output (h264)
Chunk bitrate: 53 600000
Buffer size: 54 216001
Download Time: 1346577
Chunk bitrate: 54 600000
Buffer size: 55 220001
Download Time: 1017157
Chunk bitrate: 55 600000
Buffer size: 56 224001
Download Time: 1144719
Chunk bitrate: 56 349952
Buffer size: 56 228001
Download Time: 444451
Chunk bitrate: 56 349952
Buffer size: 57 228001
Download Time: 408695
[00007f9790003378] core mux error: cannot add this stream
[00007f97900ca6c8] core decoder error: cannot create packetizer output (h264)
Chunk bitrate: 57 600000
Buffer size: 57 232001
Chunk bitrate: 57 600000
Buffer size: 58 232001
Download Time: 369676
[00007f9790003378] core mux error: cannot add this stream
[00007f97900f28d8] core decoder error: cannot create packetizer output (h264)
Chunk bitrate: 58 349952
Buffer size: 58 236001
Chunk bitrate: 58 349952
Buffer size: 59 236001
Download Time: 734328
Download Time: 246534
[00007f9790003378] core mux error: cannot add this stream
[00007f97900b0608] core decoder error: cannot create packetizer output (h264)
Chunk bitrate: 59 600000
Buffer size: 59 240001
Chunk bitrate: 59 600000
Buffer size: 60 240001
Download Time: 1102630
[00007f9790003378] core mux error: cannot add this stream
[00007f979012e708] core decoder error: cannot create packetizer output (h264)
Chunk bitrate: 60 600000
Buffer size: 61 244001
Download Time: 1301051
Chunk bitrate: 61 600000
Buffer size: 62 248001
Download Time: 450146
Chunk bitrate: 62 349952
Buffer size: 62 252001
Chunk bitrate: 62 349952
Buffer size: 63 252001
[00007f9790003378] core mux error: cannot add this stream
[00007f9790116c98] core decoder error: cannot create packetizer output (h264)
Chunk bitrate: 63 349952
Buffer size: 64 256001
Download Time: 408842
Chunk bitrate: 64 349952
Buffer size: 65 260001
[00007f9790003378] ps mux: Close
[00007f97900cec88] idummy demux: command `quit'
[000000000263c768] [cli] lua interface error: Error loading script /home/cs244/vlc/share/lua/intf/cli.luac: lua/intf/modules/host.lua:286: Interrupted.
