[00000000010fc768] core interface error: no suitable interface module
[000000000103a338] core libvlc error: interface "globalhotkeys,none" initialization failed
[00000000010fc768] dbus interface error: Failed to connect to the D-Bus session daemon: Unable to autolaunch a dbus-daemon without a $DISPLAY for X11
[00000000010fc768] core interface error: no suitable interface module
[000000000103a338] core libvlc error: interface "dbus,none" initialization failed
[000000000103a338] core libvlc: Running vlc with the default interface. Use 'cvlc' to use vlc without interface.
[00000000010fc768] qt interface error: Could not connect to X server
[00000000010fc768] skins2 interface error: cannot initialize OSFactory
[00000000010fc768] [cli] lua interface: Listening on host "*console".
[00007fea94003378] ps mux: Open
Command Line Interface initialized. Type `help' for help.
> making a DASHManager
new ratebased adaptionlogic
Chunk bitrate: 0 349952
Buffer size: 0 0
Chunk bitrate: 0 349952
Buffer size: 0 0
[00007fea94026c68] mp4 demux: Fragment sequence discontinuity detected 0 != 2
Download Time: 1695601
[00007fea94019df8] mp4 demux: Fragment sequence discontinuity detected 0 != 2
Startup Time: 1050000
Chunk bitrate: 0 349952
Buffer size: 1 4001
Download Time: 1823881
Chunk bitrate: 1 349952
Buffer size: 2 8001
Download Time: 1268524
Chunk bitrate: 2 349952
Buffer size: 3 12001
Download Time: 1656862
Chunk bitrate: 3 349952
Buffer size: 4 16001
Download Time: 1238637
Chunk bitrate: 4 349952
Buffer size: 5 20001
Download Time: 1814803
Chunk bitrate: 5 349952
Buffer size: 6 24001
Download Time: 1272775
Chunk bitrate: 6 349952
Buffer size: 7 28001
Download Time: 1273158
Chunk bitrate: 7 349952
Buffer size: 8 32001
Download Time: 1662127
Chunk bitrate: 8 349952
Buffer size: 9 36001
Download Time: 1629569
Chunk bitrate: 9 349952
Buffer size: 10 40001
Download Time: 1532823
Chunk bitrate: 10 349952
Buffer size: 11 44001
Download Time: 1273504
Chunk bitrate: 11 349952
Buffer size: 12 48001
Download Time: 1569635
Chunk bitrate: 12 349952
Buffer size: 13 52001
Download Time: 1468282
Chunk bitrate: 13 349952
Buffer size: 14 56001
Download Time: 2127463
Chunk bitrate: 14 349952
Buffer size: 15 60001
Download Time: 1369475
Chunk bitrate: 15 349952
Buffer size: 16 64001
Download Time: 1660267
Chunk bitrate: 16 349952
Buffer size: 17 68001
Download Time: 1337931
Chunk bitrate: 17 349952
Buffer size: 18 72001
Download Time: 1533588
Chunk bitrate: 18 349952
Buffer size: 19 76001
Download Time: 1661728
Chunk bitrate: 19 349952
Buffer size: 20 80001
Download Time: 1532897
Chunk bitrate: 20 349952
Buffer size: 21 84001
Download Time: 943681
Chunk bitrate: 21 349952
Buffer size: 22 88001
Download Time: 1342203
Chunk bitrate: 22 349952
Buffer size: 23 92001
Download Time: 1564276
Chunk bitrate: 23 349952
Buffer size: 24 96001
Download Time: 1658815
Chunk bitrate: 24 349952
Buffer size: 25 100001
Download Time: 1457711
Chunk bitrate: 25 349952
Buffer size: 26 104001
Download Time: 1400557
Chunk bitrate: 26 349952
Buffer size: 27 108001
Download Time: 1047361
Chunk bitrate: 27 349952
Buffer size: 28 112001
Download Time: 1729692
Chunk bitrate: 28 349952
Buffer size: 29 116001
Download Time: 1792800
Chunk bitrate: 29 349952
Buffer size: 30 120001
Download Time: 1419315
Chunk bitrate: 30 349952
Buffer size: 31 124001
Download Time: 1332680
Chunk bitrate: 31 349952
Buffer size: 32 128001
Download Time: 1659378
Chunk bitrate: 32 349952
Buffer size: 33 132001
Download Time: 1352479
Chunk bitrate: 33 349952
Buffer size: 34 136001
Download Time: 1779361
Chunk bitrate: 34 349952
Buffer size: 35 140001
Download Time: 1451530
Chunk bitrate: 35 349952
Buffer size: 36 144001
Download Time: 1552930
Chunk bitrate: 36 349952
Buffer size: 37 148001
Download Time: 1362561
Chunk bitrate: 37 349952
Buffer size: 38 152001
Download Time: 1527432
Chunk bitrate: 38 600000
Buffer size: 38 156001
Chunk bitrate: 38 600000
Buffer size: 39 156001
Download Time: 2410804
Chunk bitrate: 39 349952
Buffer size: 39 160001
Chunk bitrate: 39 349952
Buffer size: 40 160001
Download Time: 1315980
Chunk bitrate: 40 349952
Buffer size: 41 164001
Download Time: 1889660
Chunk bitrate: 41 349952
Buffer size: 42 168001
Download Time: 1523833
Chunk bitrate: 42 349952
Buffer size: 43 172001
Download Time: 1529020
Chunk bitrate: 43 349952
Buffer size: 44 176001
Download Time: 1427669
Chunk bitrate: 44 349952
Buffer size: 45 180001
Download Time: 1436434
Chunk bitrate: 45 349952
Buffer size: 46 184001
Download Time: 1605306
Chunk bitrate: 46 349952
Buffer size: 47 188001
Download Time: 1367450
Chunk bitrate: 47 349952
Buffer size: 48 192001
Download Time: 1328740
Chunk bitrate: 48 349952
Buffer size: 49 196001
Download Time: 1570011
Chunk bitrate: 49 349952
Buffer size: 50 200001
Download Time: 1422508
Chunk bitrate: 50 349952
Buffer size: 51 204001
Download Time: 1498935
Chunk bitrate: 51 349952
Buffer size: 52 208001
Download Time: 1529035
Chunk bitrate: 52 349952
Buffer size: 53 212001
Download Time: 1463140
Chunk bitrate: 53 349952
Buffer size: 54 216001
Download Time: 1386585
Chunk bitrate: 54 349952
Buffer size: 55 220001
Download Time: 1660750
Chunk bitrate: 55 349952
Buffer size: 56 224001
Download Time: 1565143
Chunk bitrate: 56 349952
Buffer size: 57 228001
Download Time: 1332829
Chunk bitrate: 57 349952
Buffer size: 58 232001
Download Time: 520292
Chunk bitrate: 58 349952
Buffer size: 59 236001
Download Time: 1793437
Chunk bitrate: 59 349952
Buffer size: 60 240001
Download Time: 1533152
Chunk bitrate: 60 349952
Buffer size: 61 244001
Download Time: 1657049
Chunk bitrate: 61 349952
Buffer size: 62 248001
Download Time: 718678
Chunk bitrate: 62 349952
Buffer size: 63 252001
Download Time: 484690
Chunk bitrate: 63 349952
Buffer size: 64 256001
Download Time: 877904
Chunk bitrate: 64 349952
Buffer size: 65 260001
[00007fea94003378] ps mux: Close
[00007fea90001348] idummy demux: command `quit'
[00000000010fc768] [cli] lua interface error: Error loading script /home/cs244/vlc/share/lua/intf/cli.luac: lua/intf/modules/host.lua:286: Interrupted.
