[000000000172c1e8] core interface error: no suitable interface module
[0000000001663338] core libvlc error: interface "globalhotkeys,none" initialization failed
[000000000172c1e8] dbus interface error: Failed to connect to the D-Bus session daemon: Unable to autolaunch a dbus-daemon without a $DISPLAY for X11
[000000000172c1e8] core interface error: no suitable interface module
[0000000001663338] core libvlc error: interface "dbus,none" initialization failed
[0000000001663338] core libvlc: Running vlc with the default interface. Use 'cvlc' to use vlc without interface.
[000000000172c1e8] qt interface error: Could not connect to X server
[000000000172c1e8] skins2 interface error: cannot initialize OSFactory
[000000000172c1e8] [cli] lua interface: Listening on host "*console".
VLC media player 3.0.0-git Vetinari
Command Line Interface initialized. Type `help' for help.
> [00007ff9a0003378] ps mux: Open
making a DASHManager
new ratebased adaptionlogic
Chunk bitrate: 0 349952
Buffer size: 0 0
Chunk bitrate: 0 349952
Buffer size: 0 0
[00007ff9a0025898] mp4 demux: Fragment sequence discontinuity detected 0 != 2
Download Time: 607435
[00007ff9a00186e8] mp4 demux: Fragment sequence discontinuity detected 0 != 2
Startup Time: 1050000
Download Time: 490810
Chunk bitrate: 0 349952
Buffer size: 1 4001
Download Time: 568004
Chunk bitrate: 1 349952
Buffer size: 2 8001
Download Time: 2519940
Chunk bitrate: 2 600000
Buffer size: 2 12001
Chunk bitrate: 2 600000
Buffer size: 3 12001
Download Time: 934540
Chunk bitrate: 3 1000000
Buffer size: 3 16001
Chunk bitrate: 3 1000000
Buffer size: 4 16001
Download Time: 1220134
Chunk bitrate: 4 1000000
Buffer size: 5 20001
Download Time: 1182040
Chunk bitrate: 5 600000
Buffer size: 5 24001
Chunk bitrate: 5 600000
Buffer size: 6 24001
Download Time: 1423899
Chunk bitrate: 6 349952
Buffer size: 6 28001
Chunk bitrate: 6 349952
Buffer size: 7 28001
Download Time: 1221310
Chunk bitrate: 7 1000000
Buffer size: 7 32001
Chunk bitrate: 7 1000000
Buffer size: 8 32001
Download Time: 1793927
Chunk bitrate: 8 600000
Buffer size: 8 36001
Chunk bitrate: 8 600000
Buffer size: 9 36001
Download Time: 1140217
Chunk bitrate: 9 600000
Buffer size: 10 40001
Download Time: 893864
Chunk bitrate: 10 600000
Buffer size: 11 44001
Download Time: 1215406
Chunk bitrate: 11 349952
Buffer size: 11 48001
Chunk bitrate: 11 349952
Buffer size: 12 48001
Download Time: 574717
Chunk bitrate: 12 349952
Buffer size: 13 52001
Download Time: 610858
Chunk bitrate: 13 600000
Buffer size: 13 56001
Chunk bitrate: 13 600000
Buffer size: 14 56001
Download Time: 652717
Chunk bitrate: 14 600000
Buffer size: 15 60001
Download Time: 771640
Chunk bitrate: 15 600000
Buffer size: 16 64001
Download Time: 978586
Chunk bitrate: 16 349952
Buffer size: 16 68001
Chunk bitrate: 16 349952
Buffer size: 17 68001
Download Time: 650979
Chunk bitrate: 17 349952
Buffer size: 18 72001
Download Time: 530688
Chunk bitrate: 18 600000
Buffer size: 18 76001
Download Time: 488361
Chunk bitrate: 18 600000
Buffer size: 19 76001
Download Time: 732051
Chunk bitrate: 19 349952
Buffer size: 19 80001
Chunk bitrate: 19 349952
Buffer size: 20 80001
Download Time: 898134
Chunk bitrate: 20 600000
Buffer size: 20 84001
Chunk bitrate: 20 600000
Buffer size: 21 84001
Download Time: 1051948
Chunk bitrate: 21 1000000
Buffer size: 21 88001
Chunk bitrate: 21 1000000
Buffer size: 22 88001
Download Time: 1726471
Chunk bitrate: 22 600000
Buffer size: 22 92001
Chunk bitrate: 22 600000
Buffer size: 23 92001
Download Time: 811638
Chunk bitrate: 23 1000000
Buffer size: 23 96001
Chunk bitrate: 23 1000000
Buffer size: 24 96001
Download Time: 649082
Chunk bitrate: 24 1000000
Buffer size: 25 100001
Download Time: 1760296
Chunk bitrate: 25 600000
Buffer size: 25 104001
Chunk bitrate: 25 600000
Buffer size: 26 104001
Download Time: 587562
[00007ff9a0003378] core mux error: cannot add this stream
[00007ff9a01067a8] core decoder error: cannot create packetizer output (h264)
Chunk bitrate: 26 600000
Buffer size: 27 108001
Download Time: 585768
Chunk bitrate: 27 1000000
Buffer size: 27 112001
Chunk bitrate: 27 1000000
Buffer size: 28 112001
Download Time: 1494365
[00007ff9a0003378] core mux error: cannot add this stream
[00007ff9a005a7c8] core decoder error: cannot create packetizer output (h264)
Chunk bitrate: 28 349952
Buffer size: 28 116001
Chunk bitrate: 28 349952
Buffer size: 29 116001
Download Time: 583274
Download Time: 744502
[00007ff9a0003378] core mux error: cannot add this stream
[00007ff9a004bfa8] core decoder error: cannot create packetizer output (h264)
Chunk bitrate: 29 349952
Buffer size: 30 120001
Download Time: 457922
Chunk bitrate: 30 600000
Buffer size: 30 124001
Chunk bitrate: 30 600000
Buffer size: 31 124001
Download Time: 814427
[00007ff9a0003378] core mux error: cannot add this stream
[00007ff9a00e0ec8] core decoder error: cannot create packetizer output (h264)
Chunk bitrate: 31 600000
Buffer size: 32 128001
Download Time: 685843
Chunk bitrate: 32 600000
Buffer size: 33 132001
Download Time: 846696
Chunk bitrate: 33 1000000
Buffer size: 33 136001
Chunk bitrate: 33 1000000
Buffer size: 34 136001
Download Time: 1303261
[00007ff9a0003378] core mux error: cannot add this stream
[00007ff9a012fd98] core decoder error: cannot create packetizer output (h264)
Chunk bitrate: 34 1000000
Buffer size: 35 140001
Download Time: 946546
Chunk bitrate: 35 600000
Buffer size: 35 144001
Chunk bitrate: 35 600000
Buffer size: 36 144001
Download Time: 846276
Download Time: 228778
[00007ff9a0003378] core mux error: cannot add this stream
[00007ff9a0128298] core decoder error: cannot create packetizer output (h264)
Chunk bitrate: 36 600000
Buffer size: 37 148001
Download Time: 1107000
Chunk bitrate: 37 600000
Buffer size: 38 152001
Download Time: 783429
Chunk bitrate: 38 2000000
Buffer size: 38 156001
Chunk bitrate: 38 2000000
Buffer size: 39 156001
Download Time: 1513358
[00007ff9a0003378] core mux error: cannot add this stream
[00007ff9a00922a8] core decoder error: cannot create packetizer output (h264)
Chunk bitrate: 39 1000000
Buffer size: 39 160001
Chunk bitrate: 39 1000000
Buffer size: 40 160001
Download Time: 1627670
[00007ff9a0003378] core mux error: cannot add this stream
[00007ff9a0105318] core decoder error: cannot create packetizer output (h264)
Chunk bitrate: 40 349952
Buffer size: 40 164001
Chunk bitrate: 40 349952
Buffer size: 41 164001
Download Time: 491624
[00007ff9a0003378] core mux error: cannot add this stream
[00007ff9a010a088] core decoder error: cannot create packetizer output (h264)
Chunk bitrate: 41 600000
Buffer size: 41 168001
Chunk bitrate: 41 600000
Buffer size: 42 168001
Download Time: 782588
[00007ff9a0003378] core mux error: cannot add this stream
[00007ff9a00f8f78] core decoder error: cannot create packetizer output (h264)
Chunk bitrate: 42 349952
Buffer size: 42 172001
Chunk bitrate: 42 349952
Buffer size: 43 172001
Download Time: 719818
[00007ff9a0003378] core mux error: cannot add this stream
[00007ff9a0047c58] core decoder error: cannot create packetizer output (h264)
Chunk bitrate: 43 349952
Buffer size: 44 176001
Download Time: 452510
Chunk bitrate: 44 1000000
Buffer size: 44 180001
Chunk bitrate: 44 1000000
Buffer size: 45 180001
Download Time: 772857
[00007ff9a0003378] core mux error: cannot add this stream
[00007ff9a013c688] core decoder error: cannot create packetizer output (h264)
Chunk bitrate: 45 600000
Buffer size: 45 184001
Download Time: 519270
Chunk bitrate: 45 600000
Buffer size: 46 184001
Download Time: 619831
[00007ff9a0003378] core mux error: cannot add this stream
[00007ff9a012d778] core decoder error: cannot create packetizer output (h264)
Chunk bitrate: 46 600000
Buffer size: 47 188001
Download Time: 581309
Chunk bitrate: 47 600000
Buffer size: 48 192001
Download Time: 748295
Chunk bitrate: 48 1000000
Buffer size: 48 196001
Chunk bitrate: 48 1000000
Buffer size: 49 196001
Download Time: 941636
[00007ff9a0003378] core mux error: cannot add this stream
[00007ff9a014e958] core decoder error: cannot create packetizer output (h264)
Chunk bitrate: 49 1000000
Buffer size: 50 200001
Download Time: 1040758
Chunk bitrate: 50 349952
Buffer size: 50 204001
Chunk bitrate: 50 349952
Buffer size: 51 204001
Download Time: 672454
[00007ff9a0003378] core mux error: cannot add this stream
[00007ff9a0129a28] core decoder error: cannot create packetizer output (h264)
Chunk bitrate: 51 349952
Buffer size: 52 208001
Download Time: 390343
Chunk bitrate: 52 1000000
Buffer size: 52 212001
Chunk bitrate: 52 1000000
Buffer size: 53 212001
Download Time: 982260
[00007ff9a0003378] core mux error: cannot add this stream
[00007ff9a0144048] core decoder error: cannot create packetizer output (h264)
Chunk bitrate: 53 600000
Buffer size: 53 216001
Chunk bitrate: 53 600000
Buffer size: 54 216001
Download Time: 1170370
[00007ff9a0003378] core mux error: cannot add this stream
[00007ff9a0139fd8] core decoder error: cannot create packetizer output (h264)
Chunk bitrate: 54 600000
Buffer size: 55 220001
Download Time: 1111283
Chunk bitrate: 55 1000000
Buffer size: 55 224001
Chunk bitrate: 55 1000000
Buffer size: 56 224001
Download Time: 1236497
[00007ff9a0003378] core mux error: cannot add this stream
[00007ff9a00b38d8] core decoder error: cannot create packetizer output (h264)
Chunk bitrate: 56 600000
Buffer size: 56 228001
Chunk bitrate: 56 600000
Buffer size: 57 228001
Download Time: 711925
[00007ff9a0003378] core mux error: cannot add this stream
[00007ff9a00a1018] core decoder error: cannot create packetizer output (h264)
Chunk bitrate: 57 349952
Buffer size: 57 232001
Chunk bitrate: 57 349952
Buffer size: 58 232001
Download Time: 522497
[00007ff9a0003378] core mux error: cannot add this stream
[00007ff9a00b36e8] core decoder error: cannot create packetizer output (h264)
Chunk bitrate: 58 600000
Buffer size: 58 236001
Chunk bitrate: 58 600000
Buffer size: 59 236001
Download Time: 847039
[00007ff9a0003378] core mux error: cannot add this stream
[00007ff9a00daef8] core decoder error: cannot create packetizer output (h264)
Chunk bitrate: 59 600000
Buffer size: 60 240001
Download Time: 586664
Chunk bitrate: 60 1000000
Buffer size: 60 244001
Chunk bitrate: 60 1000000
Buffer size: 61 244001
Download Time: 809565
[00007ff9a0003378] core mux error: cannot add this stream
[00007ff9a015eb18] core decoder error: cannot create packetizer output (h264)
Chunk bitrate: 61 1000000
Buffer size: 62 248001
Download Time: 420149
Chunk bitrate: 62 600000
Buffer size: 62 252001
Chunk bitrate: 62 600000
Buffer size: 63 252001
Download Time: 284871
[00007ff9a0003378] core mux error: cannot add this stream
[00007ff9a00d2558] core decoder error: cannot create packetizer output (h264)
Chunk bitrate: 63 600000
Buffer size: 64 256001
Download Time: 323314
Chunk bitrate: 64 1000000
Buffer size: 64 260001
Chunk bitrate: 64 1000000
Buffer size: 65 260001
[00007ff9a0003378] ps mux: Close
[00007ff9a4001678] idummy demux: command `quit'
[000000000172c1e8] [cli] lua interface error: Error loading script /home/cs244/vlc/share/lua/intf/cli.luac: lua/intf/modules/host.lua:286: Interrupted.
