[0000000001be21e8] core interface error: no suitable interface module
[0000000001b19338] core libvlc error: interface "globalhotkeys,none" initialization failed
[0000000001be21e8] dbus interface error: Failed to connect to the D-Bus session daemon: Unable to autolaunch a dbus-daemon without a $DISPLAY for X11
[0000000001be21e8] core interface error: no suitable interface module
[0000000001b19338] core libvlc error: interface "dbus,none" initialization failed
[0000000001b19338] core libvlc: Running vlc with the default interface. Use 'cvlc' to use vlc without interface.
[0000000001be21e8] qt interface error: Could not connect to X server
[0000000001be21e8] skins2 interface error: cannot initialize OSFactory
[0000000001be21e8] [cli] lua interface: Listening on host "*console".
VLC media player 3.0.0-git Vetinari
Command Line Interface initialized. Type `help' for help.
> [00007fb804003378] ps mux: Open
making a DASHManager
new ratebased adaptionlogic
Chunk bitrate: 0 349952
Buffer size: 0 0
Chunk bitrate: 0 349952
Buffer size: 0 0
[00007fb804016f88] mp4 demux: Fragment sequence discontinuity detected 0 != 2
Download Time: 940952
[00007fb804025928] mp4 demux: Fragment sequence discontinuity detected 0 != 2
Startup Time: 1050000
Chunk bitrate: 0 600000
Buffer size: 0 4001
Chunk bitrate: 0 600000
Buffer size: 1 4001
Download Time: 912065
Chunk bitrate: 1 600000
Buffer size: 2 8001
Download Time: 715796
Chunk bitrate: 2 349952
Buffer size: 2 12001
Chunk bitrate: 2 349952
Buffer size: 3 12001
Download Time: 720970
Chunk bitrate: 3 349952
Buffer size: 4 16001
Download Time: 717038
Chunk bitrate: 4 600000
Buffer size: 4 20001
Chunk bitrate: 4 600000
Buffer size: 5 20001
Download Time: 1469487
Chunk bitrate: 5 600000
Buffer size: 6 24001
Download Time: 882883
Chunk bitrate: 6 600000
Buffer size: 7 28001
Download Time: 951515
Chunk bitrate: 7 600000
Buffer size: 8 32001
Download Time: 1202873
Chunk bitrate: 8 600000
Buffer size: 9 36001
Download Time: 1133572
Chunk bitrate: 9 600000
Buffer size: 10 40001
Download Time: 2185114
Chunk bitrate: 10 349952
Buffer size: 10 44001
Chunk bitrate: 10 349952
Buffer size: 11 44001
Download Time: 683817
Chunk bitrate: 11 600000
Buffer size: 11 48001
Chunk bitrate: 11 600000
Buffer size: 12 48001
Download Time: 1593403
Chunk bitrate: 12 349952
Buffer size: 12 52001
Chunk bitrate: 12 349952
Buffer size: 13 52001
Download Time: 845597
Chunk bitrate: 13 600000
Buffer size: 13 56001
Chunk bitrate: 13 600000
Buffer size: 14 56001
Download Time: 1141360
Chunk bitrate: 14 349952
Buffer size: 14 60001
Chunk bitrate: 14 349952
Buffer size: 15 60001
Download Time: 878362
Chunk bitrate: 15 600000
Buffer size: 15 64001
Chunk bitrate: 15 600000
Buffer size: 16 64001
Download Time: 1111062
Chunk bitrate: 16 1000000
Buffer size: 16 68001
Chunk bitrate: 16 1000000
Buffer size: 17 68001
Download Time: 1499290
Chunk bitrate: 17 349952
Buffer size: 17 72001
Chunk bitrate: 17 349952
Buffer size: 18 72001
Download Time: 979272
Chunk bitrate: 18 349952
Buffer size: 19 76001
Download Time: 483269
Chunk bitrate: 19 600000
Buffer size: 19 80001
Chunk bitrate: 19 600000
Buffer size: 20 80001
Download Time: 1231208
Chunk bitrate: 20 600000
Buffer size: 21 84001
Download Time: 513956
Chunk bitrate: 21 600000
Buffer size: 22 88001
Download Time: 1266292
Chunk bitrate: 22 1000000
Buffer size: 22 92001
Chunk bitrate: 22 1000000
Buffer size: 23 92001
Download Time: 2440754
Chunk bitrate: 23 349952
Buffer size: 23 96001
Chunk bitrate: 23 349952
Buffer size: 24 96001
Download Time: 617876
Chunk bitrate: 24 349952
Buffer size: 25 100001
Download Time: 777271
Chunk bitrate: 25 1000000
Buffer size: 25 104001
Chunk bitrate: 25 1000000
Buffer size: 26 104001
Download Time: 1434801
Chunk bitrate: 26 600000
Buffer size: 26 108001
Chunk bitrate: 26 600000
Buffer size: 27 108001
Download Time: 555983
[00007fb804003378] core mux error: cannot add this stream
[00007fb8040bc908] core decoder error: cannot create packetizer output (h264)
Chunk bitrate: 27 600000
Buffer size: 28 112001
Download Time: 2310008
Chunk bitrate: 28 1000000
Buffer size: 28 116001
Chunk bitrate: 28 1000000
Buffer size: 29 116001
Download Time: 1723018
[00007fb804003378] core mux error: cannot add this stream
[00007fb80411a548] core decoder error: cannot create packetizer output (h264)
Chunk bitrate: 29 600000
Buffer size: 29 120001
Chunk bitrate: 29 600000
Buffer size: 30 120001
Download Time: 881443
[00007fb804003378] core mux error: cannot add this stream
[00007fb8040c5b28] core decoder error: cannot create packetizer output (h264)
Chunk bitrate: 30 600000
Buffer size: 31 124001
Download Time: 938917
Chunk bitrate: 31 600000
Buffer size: 32 128001
Download Time: 1752623
Chunk bitrate: 32 600000
Buffer size: 33 132001
Download Time: 1036240
Chunk bitrate: 33 349952
Buffer size: 33 136001
Chunk bitrate: 33 349952
Buffer size: 34 136001
Download Time: 913447
[00007fb804003378] core mux error: cannot add this stream
[00007fb8040c8b98] core decoder error: cannot create packetizer output (h264)
Chunk bitrate: 34 600000
Buffer size: 34 140001
Chunk bitrate: 34 600000
Buffer size: 35 140001
Download Time: 1142080
[00007fb804003378] core mux error: cannot add this stream
[00007fb8040d8c78] core decoder error: cannot create packetizer output (h264)
Chunk bitrate: 35 600000
Buffer size: 36 144001
Download Time: 844752
Chunk bitrate: 36 349952
Buffer size: 36 148001
Chunk bitrate: 36 349952
Buffer size: 37 148001
Download Time: 651519
[00007fb804003378] core mux error: cannot add this stream
[00007fb8040c3998] core decoder error: cannot create packetizer output (h264)
Chunk bitrate: 37 600000
Buffer size: 37 152001
Chunk bitrate: 37 600000
Buffer size: 38 152001
Download Time: 1625541
[00007fb804003378] core mux error: cannot add this stream
[00007fb8040fa4e8] core decoder error: cannot create packetizer output (h264)
Chunk bitrate: 38 1000000
Buffer size: 38 156001
Chunk bitrate: 38 1000000
Buffer size: 39 156001
Download Time: 1337138
[00007fb804003378] core mux error: cannot add this stream
[00007fb804125858] core decoder error: cannot create packetizer output (h264)
Chunk bitrate: 39 600000
Buffer size: 39 160001
Chunk bitrate: 39 600000
Buffer size: 40 160001
Download Time: 916474
[00007fb804003378] core mux error: cannot add this stream
[00007fb8040d62d8] core decoder error: cannot create packetizer output (h264)
Chunk bitrate: 40 600000
Buffer size: 41 164001
Download Time: 1105456
Chunk bitrate: 41 349952
Buffer size: 41 168001
Chunk bitrate: 41 349952
Buffer size: 42 168001
Download Time: 558426
Download Time: 388667
[00007fb804003378] core mux error: cannot add this stream
[00007fb8040b77d8] core decoder error: cannot create packetizer output (h264)
Chunk bitrate: 42 349952
Buffer size: 43 172001
Download Time: 717862
Chunk bitrate: 43 349952
Buffer size: 44 176001
Download Time: 587167
Chunk bitrate: 44 600000
Buffer size: 44 180001
Chunk bitrate: 44 600000
Buffer size: 45 180001
Download Time: 1754076
[00007fb804003378] core mux error: cannot add this stream
[00007fb8041066b8] core decoder error: cannot create packetizer output (h264)
Chunk bitrate: 45 1000000
Buffer size: 45 184001
Chunk bitrate: 45 1000000
Buffer size: 46 184001
Download Time: 1696197
[00007fb804003378] core mux error: cannot add this stream
[00007fb8040d5a88] core decoder error: cannot create packetizer output (h264)
Chunk bitrate: 46 349952
Buffer size: 46 188001
Chunk bitrate: 46 349952
Buffer size: 47 188001
Download Time: 715943
[00007fb804003378] core mux error: cannot add this stream
[00007fb804039138] core decoder error: cannot create packetizer output (h264)
Chunk bitrate: 47 349952
Buffer size: 48 192001
Download Time: 754661
Chunk bitrate: 48 600000
Buffer size: 48 196001
Chunk bitrate: 48 600000
Buffer size: 49 196001
Download Time: 1307823
[00007fb804003378] core mux error: cannot add this stream
[00007fb804118078] core decoder error: cannot create packetizer output (h264)
Chunk bitrate: 49 600000
Buffer size: 50 200001
Download Time: 882062
Chunk bitrate: 50 600000
Buffer size: 51 204001
Download Time: 748702
Chunk bitrate: 51 600000
Buffer size: 52 208001
Download Time: 1043946
Chunk bitrate: 52 349952
Buffer size: 52 212001
Chunk bitrate: 52 349952
Buffer size: 53 212001
Download Time: 680692
[00007fb804003378] core mux error: cannot add this stream
[00007fb804108a58] core decoder error: cannot create packetizer output (h264)
Chunk bitrate: 53 1000000
Buffer size: 53 216001
Chunk bitrate: 53 1000000
Buffer size: 54 216001
Download Time: 1537909
[00007fb804003378] core mux error: cannot add this stream
[00007fb804161c18] core decoder error: cannot create packetizer output (h264)
Chunk bitrate: 54 600000
Buffer size: 54 220001
Chunk bitrate: 54 600000
Buffer size: 55 220001
Download Time: 1365275
[00007fb804003378] core mux error: cannot add this stream
[00007fb8041284b8] core decoder error: cannot create packetizer output (h264)
Chunk bitrate: 55 349952
Buffer size: 55 224001
Chunk bitrate: 55 349952
Buffer size: 56 224001
Download Time: 717188
[00007fb804003378] core mux error: cannot add this stream
[00007fb80411b1b8] core decoder error: cannot create packetizer output (h264)
Chunk bitrate: 56 1000000
Buffer size: 56 228001
Chunk bitrate: 56 1000000
Buffer size: 57 228001
Download Time: 1144678
[00007fb804003378] core mux error: cannot add this stream
[00007fb804130eb8] core decoder error: cannot create packetizer output (h264)
Chunk bitrate: 57 600000
Buffer size: 57 232001
Chunk bitrate: 57 600000
Buffer size: 58 232001
Download Time: 422205
[00007fb804003378] core mux error: cannot add this stream
[00007fb804098488] core decoder error: cannot create packetizer output (h264)
Chunk bitrate: 58 349952
Buffer size: 58 236001
Chunk bitrate: 58 349952
Buffer size: 59 236001
Download Time: 906987
[00007fb804003378] core mux error: cannot add this stream
[00007fb804097458] core decoder error: cannot create packetizer output (h264)
Chunk bitrate: 59 600000
Buffer size: 59 240001
Chunk bitrate: 59 600000
Buffer size: 60 240001
Download Time: 1209589
[00007fb804003378] core mux error: cannot add this stream
[00007fb804131b68] core decoder error: cannot create packetizer output (h264)
Chunk bitrate: 60 600000
Buffer size: 61 244001
Download Time: 1399137
Chunk bitrate: 61 600000
Buffer size: 62 248001
Download Time: 386186
Chunk bitrate: 62 600000
Buffer size: 63 252001
Download Time: 357632
Download Time: 162076
Chunk bitrate: 63 1000000
Buffer size: 63 256001
Chunk bitrate: 63 1000000
Buffer size: 64 256001
Download Time: 780363
[00007fb804003378] core mux error: cannot add this stream
[00007fb8041257c8] core decoder error: cannot create packetizer output (h264)
Chunk bitrate: 64 349952
Buffer size: 64 260001
Chunk bitrate: 64 349952
Buffer size: 65 260001
[00007fb804003378] ps mux: Close
[00007fb8000010f8] idummy demux: command `quit'
[0000000001be21e8] [cli] lua interface error: Error loading script /home/cs244/vlc/share/lua/intf/cli.luac: lua/intf/modules/host.lua:286: Interrupted.
