[00000000021821e8] core interface error: no suitable interface module
[00000000020b9338] core libvlc error: interface "globalhotkeys,none" initialization failed
[00000000021821e8] dbus interface error: Failed to connect to the D-Bus session daemon: Unable to autolaunch a dbus-daemon without a $DISPLAY for X11
[00000000021821e8] core interface error: no suitable interface module
[00000000020b9338] core libvlc error: interface "dbus,none" initialization failed
[00000000020b9338] core libvlc: Running vlc with the default interface. Use 'cvlc' to use vlc without interface.
[00000000021821e8] qt interface error: Could not connect to X server
[00000000021821e8] skins2 interface error: cannot initialize OSFactory
[00007f9e9c003378] ps mux: Open
[00000000021821e8] [cli] lua interface: Listening on host "*console".
VLC media player 3.0.0-git Vetinari
Command Line Interface initialized. Type `help' for help.
> making a DASHManager
new ratebased adaptionlogic
Chunk bitrate: 0 349952
Buffer size: 0 0
Chunk bitrate: 0 349952
Buffer size: 0 0
[00007f9e9c025808] mp4 demux: Fragment sequence discontinuity detected 0 != 2
Download Time: 849817
[00007f9e9c018538] mp4 demux: Fragment sequence discontinuity detected 0 != 2
Startup Time: 1050000
Chunk bitrate: 0 600000
Buffer size: 0 4001
Chunk bitrate: 0 600000
Buffer size: 1 4001
Download Time: 1425195
Chunk bitrate: 1 600000
Buffer size: 2 8001
Download Time: 850019
Chunk bitrate: 2 600000
Buffer size: 3 12001
Download Time: 1144660
Chunk bitrate: 3 349952
Buffer size: 3 16001
Chunk bitrate: 3 349952
Buffer size: 4 16001
Download Time: 855948
Chunk bitrate: 4 349952
Buffer size: 5 20001
Download Time: 976633
Chunk bitrate: 5 600000
Buffer size: 5 24001
Chunk bitrate: 5 600000
Buffer size: 6 24001
Download Time: 1016696
Chunk bitrate: 6 349952
Buffer size: 6 28001
Chunk bitrate: 6 349952
Buffer size: 7 28001
Download Time: 733019
Chunk bitrate: 7 600000
Buffer size: 7 32001
Chunk bitrate: 7 600000
Buffer size: 8 32001
Download Time: 1426269
Chunk bitrate: 8 349952
Buffer size: 8 36001
Chunk bitrate: 8 349952
Buffer size: 9 36001
Download Time: 897479
Chunk bitrate: 9 600000
Buffer size: 9 40001
Chunk bitrate: 9 600000
Buffer size: 10 40001
Download Time: 1216844
Chunk bitrate: 10 600000
Buffer size: 11 44001
Download Time: 1635355
Chunk bitrate: 11 349952
Buffer size: 11 48001
Chunk bitrate: 11 349952
Buffer size: 12 48001
Download Time: 854127
Chunk bitrate: 12 600000
Buffer size: 12 52001
Chunk bitrate: 12 600000
Buffer size: 13 52001
Download Time: 1302157
Chunk bitrate: 13 600000
Buffer size: 14 56001
Download Time: 1361558
Chunk bitrate: 14 349952
Buffer size: 14 60001
Chunk bitrate: 14 349952
Buffer size: 15 60001
Download Time: 696889
Chunk bitrate: 15 349952
Buffer size: 16 64001
Download Time: 815344
Chunk bitrate: 16 349952
Buffer size: 17 68001
Download Time: 808811
Chunk bitrate: 17 349952
Buffer size: 18 72001
Download Time: 813917
Chunk bitrate: 18 600000
Buffer size: 18 76001
Chunk bitrate: 18 600000
Buffer size: 19 76001
Download Time: 1421156
Chunk bitrate: 19 349952
Buffer size: 19 80001
Chunk bitrate: 19 349952
Buffer size: 20 80001
Download Time: 1038180
Chunk bitrate: 20 600000
Buffer size: 20 84001
Chunk bitrate: 20 600000
Buffer size: 21 84001
Download Time: 1054952
Chunk bitrate: 21 349952
Buffer size: 21 88001
Chunk bitrate: 21 349952
Buffer size: 22 88001
Download Time: 574770
Chunk bitrate: 22 600000
Buffer size: 22 92001
Chunk bitrate: 22 600000
Buffer size: 23 92001
Download Time: 1749296
Chunk bitrate: 23 349952
Buffer size: 23 96001
Chunk bitrate: 23 349952
Buffer size: 24 96001
Download Time: 973454
[00007f9e9c003378] core mux error: cannot add this stream
[00007f9e9c0b74a8] core decoder error: cannot create packetizer output (h264)
Chunk bitrate: 24 600000
Buffer size: 24 100001
Chunk bitrate: 24 600000
Buffer size: 25 100001
Download Time: 1064370
[00007f9e9c003378] core mux error: cannot add this stream
[00007f9e9c0b6d58] core decoder error: cannot create packetizer output (h264)
Chunk bitrate: 25 600000
Buffer size: 26 104001
Download Time: 1301545
Chunk bitrate: 26 600000
Buffer size: 27 108001
Download Time: 854032
Chunk bitrate: 27 349952
Buffer size: 27 112001
Chunk bitrate: 27 349952
Buffer size: 28 112001
Download Time: 816789
[00007f9e9c003378] core mux error: cannot add this stream
[00007f9e9c0c4008] core decoder error: cannot create packetizer output (h264)
Chunk bitrate: 28 349952
Buffer size: 29 116001
Download Time: 855194
Chunk bitrate: 29 349952
Buffer size: 30 120001
Download Time: 1142239
Chunk bitrate: 30 349952
Buffer size: 31 124001
Download Time: 815179
Chunk bitrate: 31 349952
Buffer size: 32 128001
Download Time: 852186
Chunk bitrate: 32 349952
Buffer size: 33 132001
Download Time: 859154
Chunk bitrate: 33 349952
Buffer size: 34 136001
Download Time: 814868
Chunk bitrate: 34 349952
Buffer size: 35 140001
Download Time: 696722
Chunk bitrate: 35 600000
Buffer size: 35 144001
Download Time: 243690
Chunk bitrate: 35 600000
Buffer size: 36 144001
Download Time: 1553612
[00007f9e9c003378] core mux error: cannot add this stream
[00007f9e9c0e5e68] core decoder error: cannot create packetizer output (h264)
Chunk bitrate: 36 349952
Buffer size: 36 148001
Chunk bitrate: 36 349952
Buffer size: 37 148001
Download Time: 1221761
[00007f9e9c003378] core mux error: cannot add this stream
[00007f9e9c0d5b58] core decoder error: cannot create packetizer output (h264)
Chunk bitrate: 37 349952
Buffer size: 38 152001
Download Time: 1016745
Chunk bitrate: 38 600000
Buffer size: 38 156001
Chunk bitrate: 38 600000
Buffer size: 39 156001
Download Time: 1099374
[00007f9e9c003378] core mux error: cannot add this stream
[00007f9e9c0f0d68] core decoder error: cannot create packetizer output (h264)
Chunk bitrate: 39 600000
Buffer size: 40 160001
Download Time: 934742
Chunk bitrate: 40 600000
Buffer size: 41 164001
Download Time: 1262095
Chunk bitrate: 41 349952
Buffer size: 41 168001
Chunk bitrate: 41 349952
Buffer size: 42 168001
Download Time: 855853
[00007f9e9c003378] core mux error: cannot add this stream
[00007f9e9c0eebd8] core decoder error: cannot create packetizer output (h264)
Chunk bitrate: 42 349952
Buffer size: 43 172001
Download Time: 1094607
Chunk bitrate: 43 349952
Buffer size: 44 176001
Download Time: 899061
Chunk bitrate: 44 349952
Buffer size: 45 180001
Download Time: 772190
Chunk bitrate: 45 349952
Buffer size: 46 184001
Download Time: 1182036
Chunk bitrate: 46 349952
Buffer size: 47 188001
Download Time: 1668505
Chunk bitrate: 47 349952
Buffer size: 48 192001
Download Time: 981794
Chunk bitrate: 48 349952
Buffer size: 49 196001
Download Time: 850973
Chunk bitrate: 49 349952
Buffer size: 50 200001
Download Time: 934368
Chunk bitrate: 50 349952
Buffer size: 51 204001
Download Time: 1056446
Chunk bitrate: 51 349952
Buffer size: 52 208001
Download Time: 1224206
Chunk bitrate: 52 349952
Buffer size: 53 212001
Download Time: 769775
Chunk bitrate: 53 600000
Buffer size: 53 216001
Chunk bitrate: 53 600000
Buffer size: 54 216001
Download Time: 1541689
[00007f9e9c003378] core mux error: cannot add this stream
[00007f9e9c112ba8] core decoder error: cannot create packetizer output (h264)
Chunk bitrate: 54 349952
Buffer size: 54 220001
Chunk bitrate: 54 349952
Buffer size: 55 220001
Download Time: 938174
[00007f9e9c003378] core mux error: cannot add this stream
[00007f9e9c0fdf58] core decoder error: cannot create packetizer output (h264)
Chunk bitrate: 55 349952
Buffer size: 56 224001
Download Time: 646326
Chunk bitrate: 56 349952
Buffer size: 57 228001
Download Time: 737816
Chunk bitrate: 57 349952
Buffer size: 58 232001
Download Time: 395578
Chunk bitrate: 58 349952
Buffer size: 59 236001
Download Time: 1221062
Chunk bitrate: 59 349952
Buffer size: 60 240001
Download Time: 691246
Chunk bitrate: 60 349952
Buffer size: 61 244001
Download Time: 974057
Chunk bitrate: 61 600000
Buffer size: 61 248001
Chunk bitrate: 61 600000
Buffer size: 62 248001
Download Time: 768957
[00007f9e9c003378] core mux error: cannot add this stream
[00007f9e9c033088] core decoder error: cannot create packetizer output (h264)
Chunk bitrate: 62 349952
Buffer size: 62 252001
Chunk bitrate: 62 349952
Buffer size: 63 252001
Download Time: 284060
[00007f9e9c003378] core mux error: cannot add this stream
[00007f9e9c0c5af8] core decoder error: cannot create packetizer output (h264)
Chunk bitrate: 63 349952
Buffer size: 64 256001
Download Time: 525684
Chunk bitrate: 64 349952
Buffer size: 65 260001
[00007f9e9c003378] ps mux: Close
[00007f9e980010f8] idummy demux: command `quit'
[00000000021821e8] [cli] lua interface error: Error loading script /home/cs244/vlc/share/lua/intf/cli.luac: lua/intf/modules/host.lua:286: Interrupted.
