[000000000129f1a8] core interface error: no suitable interface module
[00000000011d6338] core libvlc error: interface "globalhotkeys,none" initialization failed
[000000000129f1a8] dbus interface error: Failed to connect to the D-Bus session daemon: Unable to autolaunch a dbus-daemon without a $DISPLAY for X11
[000000000129f1a8] core interface error: no suitable interface module
[00000000011d6338] core libvlc error: interface "dbus,none" initialization failed
[00000000011d6338] core libvlc: Running vlc with the default interface. Use 'cvlc' to use vlc without interface.
[000000000129f1a8] qt interface error: Could not connect to X server
[000000000129f1a8] skins2 interface error: cannot initialize OSFactory
[000000000129f1a8] [cli] lua interface: Listening on host "*console".
VLC media player 3.0.0-git Vetinari
Command Line Interface initialized. Type `help' for help.
> [00007f7a0c003378] ps mux: Open
making a DASHManager
new ratebased adaptionlogic
Chunk bitrate: 0 349952
Buffer size: 0 0
Chunk bitrate: 0 349952
Buffer size: 0 0
[00007f7a0c024768] mp4 demux: Fragment sequence discontinuity detected 0 != 2
Download Time: 523129
[00007f7a0c025d78] mp4 demux: Fragment sequence discontinuity detected 0 != 2
Startup Time: 1050000
Chunk bitrate: 0 600000
Buffer size: 0 4001
Chunk bitrate: 0 600000
Buffer size: 1 4001
Download Time: 814671
Chunk bitrate: 1 1000000
Buffer size: 1 8001
Chunk bitrate: 1 1000000
Buffer size: 2 8001
Download Time: 1241218
Chunk bitrate: 2 600000
Buffer size: 2 12001
Chunk bitrate: 2 600000
Buffer size: 3 12001
Download Time: 682084
Chunk bitrate: 3 600000
Buffer size: 4 16001
Download Time: 590130
Chunk bitrate: 4 600000
Buffer size: 5 20001
Download Time: 622395
Chunk bitrate: 5 600000
Buffer size: 6 24001
Download Time: 587276
Chunk bitrate: 6 1000000
Buffer size: 6 28001
Chunk bitrate: 6 1000000
Buffer size: 7 28001
Download Time: 787234
Chunk bitrate: 7 600000
Buffer size: 7 32001
Chunk bitrate: 7 600000
Buffer size: 8 32001
Download Time: 788936
Chunk bitrate: 8 1000000
Buffer size: 8 36001
Chunk bitrate: 8 1000000
Buffer size: 9 36001
Download Time: 1271334
Chunk bitrate: 9 600000
Buffer size: 9 40001
Chunk bitrate: 9 600000
Buffer size: 10 40001
Download Time: 974478
Chunk bitrate: 10 1000000
Buffer size: 10 44001
Chunk bitrate: 10 1000000
Buffer size: 11 44001
Download Time: 973276
Chunk bitrate: 11 600000
Buffer size: 11 48001
Chunk bitrate: 11 600000
Buffer size: 12 48001
Download Time: 747499
Chunk bitrate: 12 1000000
Buffer size: 12 52001
Chunk bitrate: 12 1000000
Buffer size: 13 52001
Download Time: 1013989
Chunk bitrate: 13 349952
Buffer size: 13 56001
Chunk bitrate: 13 349952
Buffer size: 14 56001
Download Time: 916699
Chunk bitrate: 14 600000
Buffer size: 14 60001
Chunk bitrate: 14 600000
Buffer size: 15 60001
Download Time: 1362230
Chunk bitrate: 15 1000000
Buffer size: 15 64001
Chunk bitrate: 15 1000000
Buffer size: 16 64001
Download Time: 1008365
Chunk bitrate: 16 1000000
Buffer size: 17 68001
Download Time: 776958
Chunk bitrate: 17 1000000
Buffer size: 18 72001
Download Time: 881729
Chunk bitrate: 18 1000000
Buffer size: 19 76001
Download Time: 1455360
Chunk bitrate: 19 600000
Buffer size: 19 80001
Chunk bitrate: 19 600000
Buffer size: 20 80001
Download Time: 747853
Chunk bitrate: 20 600000
Buffer size: 21 84001
Download Time: 556720
Chunk bitrate: 21 1000000
Buffer size: 21 88001
Chunk bitrate: 21 1000000
Buffer size: 22 88001
Download Time: 1361798
Chunk bitrate: 22 600000
Buffer size: 22 92001
Chunk bitrate: 22 600000
Buffer size: 23 92001
Download Time: 879546
[00007f7a0c003378] core mux error: cannot add this stream
[00007f7a0c027ed8] core decoder error: cannot create packetizer output (h264)
Chunk bitrate: 23 349952
Buffer size: 23 96001
Chunk bitrate: 23 349952
Buffer size: 24 96001
Download Time: 458547
[00007f7a0c003378] core mux error: cannot add this stream
[00007f7a0c03fae8] core decoder error: cannot create packetizer output (h264)
Chunk bitrate: 24 349952
Buffer size: 25 100001
Download Time: 457527
Chunk bitrate: 25 1000000
Buffer size: 25 104001
Chunk bitrate: 25 1000000
Buffer size: 26 104001
Download Time: 1426696
[00007f7a0c003378] core mux error: cannot add this stream
[00007f7a0c082f98] core decoder error: cannot create packetizer output (h264)
Chunk bitrate: 26 600000
Buffer size: 26 108001
Chunk bitrate: 26 600000
Buffer size: 27 108001
Download Time: 857976
[00007f7a0c003378] core mux error: cannot add this stream
[00007f7a0c02dec8] core decoder error: cannot create packetizer output (h264)
Chunk bitrate: 27 600000
Buffer size: 28 112001
Download Time: 1101282
Chunk bitrate: 28 600000
Buffer size: 29 116001
Download Time: 1220289
Chunk bitrate: 29 349952
Buffer size: 29 120001
Chunk bitrate: 29 349952
Buffer size: 30 120001
Download Time: 530903
[00007f7a0c003378] core mux error: cannot add this stream
[00007f7a0c088c38] core decoder error: cannot create packetizer output (h264)
Chunk bitrate: 30 600000
Buffer size: 30 124001
Chunk bitrate: 30 600000
Buffer size: 31 124001
Download Time: 656126
[00007f7a0c003378] core mux error: cannot add this stream
[00007f7a0c0e90f8] core decoder error: cannot create packetizer output (h264)
Chunk bitrate: 31 349952
Buffer size: 31 128001
Chunk bitrate: 31 349952
Buffer size: 32 128001
Download Time: 812317
[00007f7a0c003378] core mux error: cannot add this stream
[00007f7a0c0370c8] core decoder error: cannot create packetizer output (h264)
Chunk bitrate: 32 349952
Buffer size: 33 132001
Download Time: 736249
Chunk bitrate: 33 600000
Buffer size: 33 136001
Chunk bitrate: 33 600000
Buffer size: 34 136001
Download Time: 878393
[00007f7a0c003378] core mux error: cannot add this stream
[00007f7a0c0dec18] core decoder error: cannot create packetizer output (h264)
Chunk bitrate: 34 349952
Buffer size: 34 140001
Chunk bitrate: 34 349952
Buffer size: 35 140001
Download Time: 737958
[00007f7a0c003378] core mux error: cannot add this stream
[00007f7a0c02a398] core decoder error: cannot create packetizer output (h264)
Chunk bitrate: 35 600000
Buffer size: 35 144001
Chunk bitrate: 35 600000
Buffer size: 36 144001
Download Time: 1218893
[00007f7a0c003378] core mux error: cannot add this stream
[00007f7a0c0f5be8] core decoder error: cannot create packetizer output (h264)
Chunk bitrate: 36 600000
Buffer size: 37 148001
Download Time: 1627837
Chunk bitrate: 37 349952
Buffer size: 37 152001
Chunk bitrate: 37 349952
Buffer size: 38 152001
Download Time: 650381
[00007f7a0c003378] core mux error: cannot add this stream
[00007f7a0c0509f8] core decoder error: cannot create packetizer output (h264)
Chunk bitrate: 38 1000000
Buffer size: 38 156001
Chunk bitrate: 38 1000000
Buffer size: 39 156001
Download Time: 1390632
[00007f7a0c003378] core mux error: cannot add this stream
[00007f7a0c0491f8] core decoder error: cannot create packetizer output (h264)
Chunk bitrate: 39 1000000
Buffer size: 40 160001
Download Time: 1225698
Chunk bitrate: 40 349952
Buffer size: 40 164001
Chunk bitrate: 40 349952
Buffer size: 41 164001
Download Time: 530230
[00007f7a0c003378] core mux error: cannot add this stream
[00007f7a0c0da9b8] core decoder error: cannot create packetizer output (h264)
Chunk bitrate: 41 349952
Buffer size: 42 168001
Download Time: 977345
Chunk bitrate: 42 349952
Buffer size: 43 172001
Download Time: 571555
Chunk bitrate: 43 1000000
Buffer size: 43 176001
Chunk bitrate: 43 1000000
Buffer size: 44 176001
Download Time: 1269785
[00007f7a0c003378] core mux error: cannot add this stream
[00007f7a0c12d758] core decoder error: cannot create packetizer output (h264)
Chunk bitrate: 44 349952
Buffer size: 44 180001
Chunk bitrate: 44 349952
Buffer size: 45 180001
Download Time: 772574
[00007f7a0c003378] core mux error: cannot add this stream
[00007f7a0c0e6938] core decoder error: cannot create packetizer output (h264)
Chunk bitrate: 45 349952
Buffer size: 46 184001
Download Time: 896099
Chunk bitrate: 46 600000
Buffer size: 46 188001
Chunk bitrate: 46 600000
Buffer size: 47 188001
Download Time: 1061077
[00007f7a0c003378] core mux error: cannot add this stream
[00007f7a0c10ba18] core decoder error: cannot create packetizer output (h264)
Chunk bitrate: 47 600000
Buffer size: 48 192001
Download Time: 638454
Chunk bitrate: 48 600000
Buffer size: 49 196001
Download Time: 1137709
Chunk bitrate: 49 349952
Buffer size: 49 200001
Chunk bitrate: 49 349952
Buffer size: 50 200001
Download Time: 856522
[00007f7a0c003378] core mux error: cannot add this stream
[00007f7a0c0fbf68] core decoder error: cannot create packetizer output (h264)
Chunk bitrate: 50 349952
Buffer size: 51 204001
Download Time: 608771
Chunk bitrate: 51 600000
Buffer size: 51 208001
Chunk bitrate: 51 600000
Buffer size: 52 208001
Download Time: 1099330
[00007f7a0c003378] core mux error: cannot add this stream
[00007f7a0c11fd98] core decoder error: cannot create packetizer output (h264)
Chunk bitrate: 52 349952
Buffer size: 52 212001
Chunk bitrate: 52 349952
Buffer size: 53 212001
Download Time: 529596
[00007f7a0c003378] core mux error: cannot add this stream
[00007f7a0c0ec268] core decoder error: cannot create packetizer output (h264)
Chunk bitrate: 53 600000
Buffer size: 53 216001
Chunk bitrate: 53 600000
Buffer size: 54 216001
Download Time: 1986498
[00007f7a0c003378] core mux error: cannot add this stream
[00007f7a0c120768] core decoder error: cannot create packetizer output (h264)
Chunk bitrate: 54 600000
Buffer size: 55 220001
Download Time: 1096602
Chunk bitrate: 55 600000
Buffer size: 56 224001
Download Time: 1261124
Chunk bitrate: 56 600000
Buffer size: 57 228001
Download Time: 732046
Chunk bitrate: 57 1000000
Buffer size: 57 232001
Chunk bitrate: 57 1000000
Buffer size: 58 232001
Download Time: 527190
[00007f7a0c003378] core mux error: cannot add this stream
[00007f7a0c0671e8] core decoder error: cannot create packetizer output (h264)
Chunk bitrate: 58 349952
Buffer size: 58 236001
Chunk bitrate: 58 349952
Buffer size: 59 236001
Download Time: 612728
[00007f7a0c003378] core mux error: cannot add this stream
[00007f7a0c065c18] core decoder error: cannot create packetizer output (h264)
Chunk bitrate: 59 349952
Buffer size: 60 240001
Download Time: 654854
Chunk bitrate: 60 349952
Buffer size: 61 244001
Download Time: 608181
Chunk bitrate: 61 1000000
Buffer size: 61 248001
Chunk bitrate: 61 1000000
Buffer size: 62 248001
Download Time: 694124
[00007f7a0c003378] core mux error: cannot add this stream
[00007f7a0c0e75a8] core decoder error: cannot create packetizer output (h264)
Chunk bitrate: 62 349952
Buffer size: 62 252001
Chunk bitrate: 62 349952
Buffer size: 63 252001
Download Time: 403624
[00007f7a0c003378] core mux error: cannot add this stream
[00007f7a0c0e47e8] core decoder error: cannot create packetizer output (h264)
Chunk bitrate: 63 600000
Buffer size: 63 256001
Chunk bitrate: 63 600000
Buffer size: 64 256001
Download Time: 851519
[00007f7a0c003378] core mux error: cannot add this stream
[00007f7a0c0ee8c8] core decoder error: cannot create packetizer output (h264)
Chunk bitrate: 64 349952
Buffer size: 64 260001
Chunk bitrate: 64 349952
Buffer size: 65 260001
[00007f7a0c003378] ps mux: Close
[00007f7a08008ca8] idummy demux: command `quit'
[000000000129f1a8] [cli] lua interface error: Error loading script /home/cs244/vlc/share/lua/intf/cli.luac: lua/intf/modules/host.lua:286: Interrupted.
