[00000000012771a8] core interface error: no suitable interface module
[00000000011ae338] core libvlc error: interface "globalhotkeys,none" initialization failed
[00000000012771a8] dbus interface error: Failed to connect to the D-Bus session daemon: Unable to autolaunch a dbus-daemon without a $DISPLAY for X11
[00000000012771a8] core interface error: no suitable interface module
[00000000011ae338] core libvlc error: interface "dbus,none" initialization failed
[00000000011ae338] core libvlc: Running vlc with the default interface. Use 'cvlc' to use vlc without interface.
[00000000012771a8] qt interface error: Could not connect to X server
[00000000012771a8] skins2 interface error: cannot initialize OSFactory
[00000000012771a8] [cli] lua interface: Listening on host "*console".
VLC media player 3.0.0-git Vetinari
Command Line Interface initialized. Type `help' for help.
> [00007f0e24003378] ps mux: Open
making a DASHManager
new ratebased adaptionlogic
Chunk bitrate: 0 349952
Buffer size: 0 0
Chunk bitrate: 0 349952
Buffer size: 0 0
[00007f0e240276a8] mp4 demux: Fragment sequence discontinuity detected 0 != 2
Download Time: 1544616
[00007f0e240218d8] mp4 demux: Fragment sequence discontinuity detected 0 != 2
Startup Time: 1050000
Chunk bitrate: 0 349952
Buffer size: 1 4001
Download Time: 692653
Chunk bitrate: 1 349952
Buffer size: 2 8001
Download Time: 569884
Chunk bitrate: 2 349952
Buffer size: 3 12001
Download Time: 1056601
Chunk bitrate: 3 349952
Buffer size: 4 16001
Download Time: 891358
Download Time: 526686
Chunk bitrate: 4 349952
Buffer size: 5 20001
Download Time: 1092361
Chunk bitrate: 5 349952
Buffer size: 6 24001
Download Time: 733862
Chunk bitrate: 6 349952
Buffer size: 7 28001
Download Time: 649197
Chunk bitrate: 7 600000
Buffer size: 7 32001
Chunk bitrate: 7 600000
Buffer size: 8 32001
Download Time: 1047159
Chunk bitrate: 8 349952
Buffer size: 8 36001
Chunk bitrate: 8 349952
Buffer size: 9 36001
Download Time: 1588397
Chunk bitrate: 9 349952
Buffer size: 10 40001
Download Time: 733019
Chunk bitrate: 10 349952
Buffer size: 11 44001
Download Time: 531718
Chunk bitrate: 11 600000
Buffer size: 11 48001
Chunk bitrate: 11 600000
Buffer size: 12 48001
Download Time: 1344390
Chunk bitrate: 12 600000
Buffer size: 13 52001
Download Time: 1057742
Chunk bitrate: 13 600000
Buffer size: 14 56001
Download Time: 1264229
Chunk bitrate: 14 349952
Buffer size: 14 60001
Chunk bitrate: 14 349952
Buffer size: 15 60001
Download Time: 897988
Chunk bitrate: 15 349952
Buffer size: 16 64001
Download Time: 1304141
Chunk bitrate: 16 349952
Buffer size: 17 68001
Download Time: 1344657
Chunk bitrate: 17 349952
Buffer size: 18 72001
Download Time: 733167
Chunk bitrate: 18 349952
Buffer size: 19 76001
Download Time: 934680
Chunk bitrate: 19 600000
Buffer size: 19 80001
Chunk bitrate: 19 600000
Buffer size: 20 80001
Download Time: 1470942
Chunk bitrate: 20 600000
Buffer size: 21 84001
Download Time: 1141269
Chunk bitrate: 21 349952
Buffer size: 21 88001
Chunk bitrate: 21 349952
Buffer size: 22 88001
Download Time: 736179
Chunk bitrate: 22 349952
Buffer size: 23 92001
Download Time: 891137
Chunk bitrate: 23 349952
Buffer size: 24 96001
Download Time: 607755
Chunk bitrate: 24 600000
Buffer size: 24 100001
Chunk bitrate: 24 600000
Buffer size: 25 100001
Download Time: 1504761
Chunk bitrate: 25 600000
Buffer size: 26 104001
Download Time: 968880
Chunk bitrate: 26 600000
Buffer size: 27 108001
Download Time: 1469135
Chunk bitrate: 27 600000
Buffer size: 28 112001
Download Time: 1057167
Chunk bitrate: 28 600000
Buffer size: 29 116001
Download Time: 1101088
Chunk bitrate: 29 349952
Buffer size: 29 120001
Chunk bitrate: 29 349952
Buffer size: 30 120001
Download Time: 1222725
Chunk bitrate: 30 349952
Buffer size: 31 124001
Download Time: 933979
Chunk bitrate: 31 349952
Buffer size: 32 128001
Download Time: 814383
Chunk bitrate: 32 349952
Buffer size: 33 132001
Download Time: 892131
Chunk bitrate: 33 349952
Buffer size: 34 136001
Download Time: 685872
Chunk bitrate: 34 600000
Buffer size: 34 140001
Chunk bitrate: 34 600000
Buffer size: 35 140001
Download Time: 935675
Chunk bitrate: 35 349952
Buffer size: 35 144001
Chunk bitrate: 35 349952
Buffer size: 36 144001
Download Time: 815915
Chunk bitrate: 36 600000
Buffer size: 36 148001
Chunk bitrate: 36 600000
Buffer size: 37 148001
Download Time: 2158335
Chunk bitrate: 37 349952
Buffer size: 37 152001
Chunk bitrate: 37 349952
Buffer size: 38 152001
Download Time: 938650
Chunk bitrate: 38 1000000
Buffer size: 38 156001
Chunk bitrate: 38 1000000
Buffer size: 39 156001
Download Time: 1426218
Chunk bitrate: 39 349952
Buffer size: 39 160001
Chunk bitrate: 39 349952
Buffer size: 40 160001
Download Time: 612534
Chunk bitrate: 40 349952
Buffer size: 41 164001
Download Time: 1870728
Chunk bitrate: 41 349952
Buffer size: 42 168001
Download Time: 935137
Chunk bitrate: 42 600000
Buffer size: 42 172001
Chunk bitrate: 42 600000
Buffer size: 43 172001
Download Time: 1253475
Chunk bitrate: 43 600000
Buffer size: 44 176001
Download Time: 1257779
Chunk bitrate: 44 600000
Buffer size: 45 180001
Download Time: 978102
Chunk bitrate: 45 600000
Buffer size: 46 184001
Download Time: 1408039
Chunk bitrate: 46 349952
Buffer size: 46 188001
Chunk bitrate: 46 349952
Buffer size: 47 188001
Download Time: 970465
[00007f0e24003378] core mux error: cannot add this stream
[00007f0e240bf3a8] core decoder error: cannot create packetizer output (h264)
Chunk bitrate: 47 600000
Buffer size: 47 192001
Chunk bitrate: 47 600000
Buffer size: 48 192001
Download Time: 839665
[00007f0e24003378] core mux error: cannot add this stream
[00007f0e240f6868] core decoder error: cannot create packetizer output (h264)
Chunk bitrate: 48 600000
Buffer size: 49 196001
Download Time: 1255673
Chunk bitrate: 49 349952
Buffer size: 49 200001
Chunk bitrate: 49 349952
Buffer size: 50 200001
Download Time: 657653
[00007f0e24003378] core mux error: cannot add this stream
[00007f0e240f5a08] core decoder error: cannot create packetizer output (h264)
Chunk bitrate: 50 600000
Buffer size: 50 204001
Chunk bitrate: 50 600000
Buffer size: 51 204001
Download Time: 1105440
[00007f0e24003378] core mux error: cannot add this stream
[00007f0e24105248] core decoder error: cannot create packetizer output (h264)
Chunk bitrate: 51 349952
Buffer size: 51 208001
Chunk bitrate: 51 349952
Buffer size: 52 208001
Download Time: 736663
[00007f0e24003378] core mux error: cannot add this stream
[00007f0e24101c28] core decoder error: cannot create packetizer output (h264)
Chunk bitrate: 52 349952
Buffer size: 53 212001
Download Time: 975997
Chunk bitrate: 53 600000
Buffer size: 53 216001
Download Time: 736412
Chunk bitrate: 53 600000
Buffer size: 54 216001
Download Time: 1223018
[00007f0e24003378] core mux error: cannot add this stream
[00007f0e2410e7e8] core decoder error: cannot create packetizer output (h264)
Chunk bitrate: 54 1000000
Buffer size: 54 220001
Chunk bitrate: 54 1000000
Buffer size: 55 220001
Download Time: 1671222
[00007f0e24003378] core mux error: cannot add this stream
[00007f0e24033b78] core decoder error: cannot create packetizer output (h264)
Chunk bitrate: 55 349952
Buffer size: 55 224001
Chunk bitrate: 55 349952
Buffer size: 56 224001
Download Time: 775290
[00007f0e24003378] core mux error: cannot add this stream
[00007f0e240b5648] core decoder error: cannot create packetizer output (h264)
Chunk bitrate: 56 349952
Buffer size: 57 228001
Download Time: 610874
Chunk bitrate: 57 349952
Buffer size: 58 232001
Download Time: 894434
Chunk bitrate: 58 600000
Buffer size: 58 236001
Chunk bitrate: 58 600000
Buffer size: 59 236001
Download Time: 976390
[00007f0e24003378] core mux error: cannot add this stream
[00007f0e240adfa8] core decoder error: cannot create packetizer output (h264)
Chunk bitrate: 59 600000
Buffer size: 60 240001
Download Time: 853727
Chunk bitrate: 60 1000000
Buffer size: 60 244001
Chunk bitrate: 60 1000000
Buffer size: 61 244001
Download Time: 1596626
[00007f0e24003378] core mux error: cannot add this stream
[00007f0e24150168] core decoder error: cannot create packetizer output (h264)
Chunk bitrate: 61 600000
Buffer size: 61 248001
Chunk bitrate: 61 600000
Buffer size: 62 248001
Download Time: 655203
[00007f0e24003378] core mux error: cannot add this stream
[00007f0e240f39d8] core decoder error: cannot create packetizer output (h264)
Chunk bitrate: 62 349952
Buffer size: 62 252001
Chunk bitrate: 62 349952
Buffer size: 63 252001
[00007f0e24003378] core mux error: cannot add this stream
[00007f0e241180d8] core decoder error: cannot create packetizer output (h264)
Chunk bitrate: 63 600000
Buffer size: 63 256001
Chunk bitrate: 63 600000
Buffer size: 64 256001
Download Time: 691969
[00007f0e24003378] core mux error: cannot add this stream
[00007f0e241173c8] core decoder error: cannot create packetizer output (h264)
Chunk bitrate: 64 349952
Buffer size: 64 260001
Chunk bitrate: 64 349952
Buffer size: 65 260001
[00007f0e24003378] ps mux: Close
[00007f0e24096368] idummy demux: command `quit'
[00000000012771a8] [cli] lua interface error: Error loading script /home/cs244/vlc/share/lua/intf/cli.luac: lua/intf/modules/host.lua:286: Interrupted.
