[000000000210b1e8] core interface error: no suitable interface module
[0000000002042338] core libvlc error: interface "globalhotkeys,none" initialization failed
[000000000210b1e8] dbus interface error: Failed to connect to the D-Bus session daemon: Unable to autolaunch a dbus-daemon without a $DISPLAY for X11
[000000000210b1e8] core interface error: no suitable interface module
[0000000002042338] core libvlc error: interface "dbus,none" initialization failed
[0000000002042338] core libvlc: Running vlc with the default interface. Use 'cvlc' to use vlc without interface.
[000000000210b1e8] qt interface error: Could not connect to X server
[000000000210b1e8] skins2 interface error: cannot initialize OSFactory
[000000000210b1e8] [cli] lua interface: Listening on host "*console".
VLC media player 3.0.0-git Vetinari
Command Line Interface initialized. Type `help' for help.
> [00007f13b8003378] ps mux: Open
making a DASHManager
new ratebased adaptionlogic
Chunk bitrate: 0 349952
Buffer size: 0 0
Chunk bitrate: 0 349952
Buffer size: 0 0
[00007f13b8025718] mp4 demux: Fragment sequence discontinuity detected 0 != 2
Download Time: 1589959
[00007f13b801a0f8] mp4 demux: Fragment sequence discontinuity detected 0 != 2
Startup Time: 1050000
Chunk bitrate: 0 349952
Buffer size: 1 4001
Download Time: 1670014
Chunk bitrate: 1 349952
Buffer size: 2 8001
Download Time: 1140722
Chunk bitrate: 2 349952
Buffer size: 3 12001
Download Time: 1675474
Chunk bitrate: 3 349952
Buffer size: 4 16001
Download Time: 1337430
Chunk bitrate: 4 349952
Buffer size: 5 20001
Download Time: 1785333
Chunk bitrate: 5 349952
Buffer size: 6 24001
Download Time: 1380692
Chunk bitrate: 6 349952
Buffer size: 7 28001
Download Time: 1295414
Chunk bitrate: 7 349952
Buffer size: 8 32001
Download Time: 1786156
Chunk bitrate: 8 349952
Buffer size: 9 36001
Download Time: 1790434
Chunk bitrate: 9 349952
Buffer size: 10 40001
Download Time: 1510764
Chunk bitrate: 10 349952
Buffer size: 11 44001
Download Time: 1303715
Chunk bitrate: 11 349952
Buffer size: 12 48001
Download Time: 1712246
Chunk bitrate: 12 349952
Buffer size: 13 52001
Download Time: 1585697
Chunk bitrate: 13 349952
Buffer size: 14 56001
Download Time: 1547567
Chunk bitrate: 14 349952
Buffer size: 15 60001
Download Time: 1422019
Chunk bitrate: 15 349952
Buffer size: 16 64001
Download Time: 1596058
Chunk bitrate: 16 349952
Buffer size: 17 68001
Download Time: 1427667
Chunk bitrate: 17 349952
Buffer size: 18 72001
Download Time: 1508183
Chunk bitrate: 18 349952
Buffer size: 19 76001
Download Time: 1103381
Chunk bitrate: 19 349952
Buffer size: 20 80001
Download Time: 1588999
Chunk bitrate: 20 349952
Buffer size: 21 84001
Download Time: 1099261
Chunk bitrate: 21 349952
Buffer size: 22 88001
Download Time: 1223000
Chunk bitrate: 22 349952
Buffer size: 23 92001
Download Time: 1828921
Chunk bitrate: 23 349952
Buffer size: 24 96001
Download Time: 1593449
Chunk bitrate: 24 349952
Buffer size: 25 100001
Download Time: 1548005
Chunk bitrate: 25 349952
Buffer size: 26 104001
Download Time: 1590181
Chunk bitrate: 26 349952
Buffer size: 27 108001
Download Time: 1011996
Chunk bitrate: 27 349952
Buffer size: 28 112001
Download Time: 1631714
Chunk bitrate: 28 349952
Buffer size: 29 116001
Download Time: 1710025
Chunk bitrate: 29 349952
Buffer size: 30 120001
Download Time: 1428142
Chunk bitrate: 30 349952
Buffer size: 31 124001
Download Time: 1424896
Chunk bitrate: 31 349952
Buffer size: 32 128001
Download Time: 1665285
Chunk bitrate: 32 349952
Buffer size: 33 132001
Download Time: 1453211
Chunk bitrate: 33 349952
Buffer size: 34 136001
Download Time: 2075591
Chunk bitrate: 34 349952
Buffer size: 35 140001
Download Time: 1466470
Chunk bitrate: 35 349952
Buffer size: 36 144001
Download Time: 1423088
Chunk bitrate: 36 349952
Buffer size: 37 148001
Download Time: 1836947
Chunk bitrate: 37 349952
Buffer size: 38 152001
Download Time: 1504561
Chunk bitrate: 38 600000
Buffer size: 38 156001
Chunk bitrate: 38 600000
Buffer size: 39 156001
Download Time: 2485917
Chunk bitrate: 39 349952
Buffer size: 39 160001
Chunk bitrate: 39 349952
Buffer size: 40 160001
Download Time: 1266803
Chunk bitrate: 40 349952
Buffer size: 41 164001
Download Time: 1628462
Chunk bitrate: 41 349952
Buffer size: 42 168001
Download Time: 1673522
Chunk bitrate: 42 349952
Buffer size: 43 172001
Download Time: 1667350
Chunk bitrate: 43 349952
Buffer size: 44 176001
Download Time: 1507034
Chunk bitrate: 44 349952
Buffer size: 45 180001
Download Time: 1791125
Chunk bitrate: 45 349952
Buffer size: 46 184001
Download Time: 1666064
Chunk bitrate: 46 349952
Buffer size: 47 188001
Download Time: 1834454
Chunk bitrate: 47 349952
Buffer size: 48 192001
Download Time: 1388033
Chunk bitrate: 48 349952
Buffer size: 49 196001
Download Time: 1427247
Chunk bitrate: 49 349952
Buffer size: 50 200001
Download Time: 1589138
Chunk bitrate: 50 349952
Buffer size: 51 204001
Download Time: 1427274
Chunk bitrate: 51 349952
Buffer size: 52 208001
Download Time: 1468788
Chunk bitrate: 52 349952
Buffer size: 53 212001
Download Time: 1758479
Chunk bitrate: 53 349952
Buffer size: 54 216001
Download Time: 1340719
Chunk bitrate: 54 349952
Buffer size: 55 220001
Download Time: 1584390
Chunk bitrate: 55 349952
Buffer size: 56 224001
Download Time: 1710070
Chunk bitrate: 56 349952
Buffer size: 57 228001
Download Time: 1096553
Chunk bitrate: 57 349952
Buffer size: 58 232001
Download Time: 650342
Chunk bitrate: 58 349952
Buffer size: 59 236001
Download Time: 1793768
Chunk bitrate: 59 349952
Buffer size: 60 240001
Download Time: 1508809
Chunk bitrate: 60 349952
Buffer size: 61 244001
Download Time: 2240122
Chunk bitrate: 61 349952
Buffer size: 62 248001
Download Time: 647922
Chunk bitrate: 62 349952
Buffer size: 63 252001
Download Time: 859518
Chunk bitrate: 63 349952
Buffer size: 64 256001
Download Time: 934188
Chunk bitrate: 64 349952
Buffer size: 65 260001
[00007f13b8003378] ps mux: Close
[00007f13b4001558] idummy demux: command `quit'
[000000000210b1e8] [cli] lua interface error: Error loading script /home/cs244/vlc/share/lua/intf/cli.luac: lua/intf/modules/host.lua:286: Interrupted.
