[00000000018ba1e8] core interface error: no suitable interface module
[00000000017f1338] core libvlc error: interface "globalhotkeys,none" initialization failed
[00000000018ba1e8] dbus interface error: Failed to connect to the D-Bus session daemon: Unable to autolaunch a dbus-daemon without a $DISPLAY for X11
[00000000018ba1e8] core interface error: no suitable interface module
[00000000017f1338] core libvlc error: interface "dbus,none" initialization failed
[00000000017f1338] core libvlc: Running vlc with the default interface. Use 'cvlc' to use vlc without interface.
[00000000018ba1e8] qt interface error: Could not connect to X server
[00000000018ba1e8] skins2 interface error: cannot initialize OSFactory
[00007f9870003378] ps mux: Open
[00000000018ba1e8] [cli] lua interface: Listening on host "*console".
VLC media player 3.0.0-git Vetinari
Command Line Interface initialized. Type `help' for help.
> making a DASHManager
new ratebased adaptionlogic
Chunk bitrate: 0 349952
Buffer size: 0 0
Chunk bitrate: 0 349952
Buffer size: 0 0
[00007f9870023618] mp4 demux: Fragment sequence discontinuity detected 0 != 2
Download Time: 611765
[00007f9870017a78] mp4 demux: Fragment sequence discontinuity detected 0 != 2
Startup Time: 1050000
Chunk bitrate: 0 349952
Buffer size: 1 4001
Download Time: 735009
Chunk bitrate: 1 349952
Buffer size: 2 8001
Download Time: 897498
Chunk bitrate: 2 600000
Buffer size: 2 12001
Chunk bitrate: 2 600000
Buffer size: 3 12001
Download Time: 895148
Chunk bitrate: 3 600000
Buffer size: 4 16001
Download Time: 1262676
Chunk bitrate: 4 349952
Buffer size: 4 20001
Chunk bitrate: 4 349952
Buffer size: 5 20001
Download Time: 696552
Chunk bitrate: 5 600000
Buffer size: 5 24001
Chunk bitrate: 5 600000
Buffer size: 6 24001
Download Time: 772618
Chunk bitrate: 6 600000
Buffer size: 7 28001
Download Time: 935170
Chunk bitrate: 7 600000
Buffer size: 8 32001
Download Time: 1058736
Chunk bitrate: 8 349952
Buffer size: 8 36001
Chunk bitrate: 8 349952
Buffer size: 9 36001
Download Time: 651834
Chunk bitrate: 9 600000
Buffer size: 9 40001
Chunk bitrate: 9 600000
Buffer size: 10 40001
Download Time: 1470847
Chunk bitrate: 10 349952
Buffer size: 10 44001
Chunk bitrate: 10 349952
Buffer size: 11 44001
Download Time: 492017
Chunk bitrate: 11 600000
Buffer size: 11 48001
Chunk bitrate: 11 600000
Buffer size: 12 48001
Download Time: 1139516
Chunk bitrate: 12 349952
Buffer size: 12 52001
Chunk bitrate: 12 349952
Buffer size: 13 52001
Download Time: 369101
Chunk bitrate: 13 600000
Buffer size: 13 56001
Chunk bitrate: 13 600000
Buffer size: 14 56001
Download Time: 850307
Chunk bitrate: 14 600000
Buffer size: 15 60001
Download Time: 895201
Chunk bitrate: 15 600000
Buffer size: 16 64001
Download Time: 853285
Chunk bitrate: 16 600000
Buffer size: 17 68001
Download Time: 814398
Chunk bitrate: 17 1000000
Buffer size: 17 72001
Chunk bitrate: 17 1000000
Buffer size: 18 72001
Download Time: 1496528
Chunk bitrate: 18 600000
Buffer size: 18 76001
Download Time: 160925
Chunk bitrate: 18 600000
Buffer size: 19 76001
Download Time: 1014467
Chunk bitrate: 19 349952
Buffer size: 19 80001
Chunk bitrate: 19 349952
Buffer size: 20 80001
Download Time: 610786
Chunk bitrate: 20 600000
Buffer size: 20 84001
Chunk bitrate: 20 600000
Buffer size: 21 84001
Download Time: 651160
Chunk bitrate: 21 600000
Buffer size: 22 88001
Download Time: 1984254
Chunk bitrate: 22 600000
Buffer size: 23 92001
Download Time: 1500426
Chunk bitrate: 23 349952
Buffer size: 23 96001
Chunk bitrate: 23 349952
Buffer size: 24 96001
Download Time: 737374
Chunk bitrate: 24 600000
Buffer size: 24 100001
Chunk bitrate: 24 600000
Buffer size: 25 100001
Download Time: 850792
Chunk bitrate: 25 600000
Buffer size: 26 104001
Download Time: 1425618
Chunk bitrate: 26 600000
Buffer size: 27 108001
Download Time: 1296859
Chunk bitrate: 27 349952
Buffer size: 27 112001
Chunk bitrate: 27 349952
Buffer size: 28 112001
Download Time: 1510375
[00007f9870003378] core mux error: cannot add this stream
[00007f98700a1468] core decoder error: cannot create packetizer output (h264)
Chunk bitrate: 28 600000
Buffer size: 28 116001
Chunk bitrate: 28 600000
Buffer size: 29 116001
Download Time: 1144638
[00007f9870003378] core mux error: cannot add this stream
[00007f98700eb098] core decoder error: cannot create packetizer output (h264)
Chunk bitrate: 29 349952
Buffer size: 29 120001
Chunk bitrate: 29 349952
Buffer size: 30 120001
Download Time: 484880
[00007f9870003378] core mux error: cannot add this stream
[00007f9870034ae8] core decoder error: cannot create packetizer output (h264)
Chunk bitrate: 30 600000
Buffer size: 30 124001
Chunk bitrate: 30 600000
Buffer size: 31 124001
Download Time: 1261196
[00007f9870003378] core mux error: cannot add this stream
[00007f98700da9c8] core decoder error: cannot create packetizer output (h264)
Chunk bitrate: 31 349952
Buffer size: 31 128001
Chunk bitrate: 31 349952
Buffer size: 32 128001
Download Time: 1164741
[00007f9870003378] core mux error: cannot add this stream
[00007f98700a5ee8] core decoder error: cannot create packetizer output (h264)
Chunk bitrate: 32 349952
Buffer size: 33 132001
Download Time: 602060
Chunk bitrate: 33 1000000
Buffer size: 33 136001
Chunk bitrate: 33 1000000
Buffer size: 34 136001
Download Time: 1751002
[00007f9870003378] core mux error: cannot add this stream
[00007f9870130058] core decoder error: cannot create packetizer output (h264)
Chunk bitrate: 34 600000
Buffer size: 34 140001
Chunk bitrate: 34 600000
Buffer size: 35 140001
Download Time: 1511117
[00007f9870003378] core mux error: cannot add this stream
[00007f98700edb08] core decoder error: cannot create packetizer output (h264)
Chunk bitrate: 35 349952
Buffer size: 35 144001
Chunk bitrate: 35 349952
Buffer size: 36 144001
Download Time: 524715
[00007f9870003378] core mux error: cannot add this stream
[00007f98700c6c48] core decoder error: cannot create packetizer output (h264)
Chunk bitrate: 36 600000
Buffer size: 36 148001
Chunk bitrate: 36 600000
Buffer size: 37 148001
Download Time: 1217838
[00007f9870003378] core mux error: cannot add this stream
[00007f98700fb638] core decoder error: cannot create packetizer output (h264)
Chunk bitrate: 37 600000
Download Time: 932582
Buffer size: 38 152001
Download Time: 821586
Chunk bitrate: 38 2000000
Buffer size: 38 156001
Chunk bitrate: 38 2000000
Buffer size: 39 156001
Download Time: 1592856
[00007f9870003378] core mux error: cannot add this stream
[00007f9870084bd8] core decoder error: cannot create packetizer output (h264)
Chunk bitrate: 39 1000000
Buffer size: 39 160001
Chunk bitrate: 39 1000000
Buffer size: 40 160001
Download Time: 1022081
Download Time: 410200
[00007f9870003378] core mux error: cannot add this stream
[00007f9870116158] core decoder error: cannot create packetizer output (h264)
Chunk bitrate: 40 349952
Buffer size: 40 164001
Chunk bitrate: 40 349952
Buffer size: 41 164001
Download Time: 1347596
[00007f9870003378] core mux error: cannot add this stream
[00007f98700ef738] core decoder error: cannot create packetizer output (h264)
Chunk bitrate: 41 1000000
Buffer size: 41 168001
Chunk bitrate: 41 1000000
Buffer size: 42 168001
Download Time: 1388472
[00007f9870003378] core mux error: cannot add this stream
[00007f9870135f98] core decoder error: cannot create packetizer output (h264)
Chunk bitrate: 42 600000
Buffer size: 42 172001
Chunk bitrate: 42 600000
Buffer size: 43 172001
Download Time: 1832543
[00007f9870003378] core mux error: cannot add this stream
[00007f9870103078] core decoder error: cannot create packetizer output (h264)
Chunk bitrate: 43 349952
Buffer size: 43 176001
Chunk bitrate: 43 349952
Buffer size: 44 176001
Download Time: 1222638
[00007f9870003378] core mux error: cannot add this stream
[00007f98700f1558] core decoder error: cannot create packetizer output (h264)
Chunk bitrate: 44 1000000
Buffer size: 44 180001
Chunk bitrate: 44 1000000
Buffer size: 45 180001
Download Time: 1747893
[00007f9870003378] core mux error: cannot add this stream
[00007f9870140d48] core decoder error: cannot create packetizer output (h264)
Chunk bitrate: 45 600000
Buffer size: 45 184001
Chunk bitrate: 45 600000
Buffer size: 46 184001
Download Time: 1101771
[00007f9870003378] core mux error: cannot add this stream
[00007f987010d798] core decoder error: cannot create packetizer output (h264)
Chunk bitrate: 46 349952
Buffer size: 46 188001
Chunk bitrate: 46 349952
Buffer size: 47 188001
Download Time: 767450
[00007f9870003378] core mux error: cannot add this stream
[00007f98700f2888] core decoder error: cannot create packetizer output (h264)
Chunk bitrate: 47 349952
Buffer size: 48 192001
Download Time: 936737
Chunk bitrate: 48 349952
Buffer size: 49 196001
Download Time: 613187
Chunk bitrate: 49 1000000
Download Time: 362730
Buffer size: 49 200001
Chunk bitrate: 49 1000000
Buffer size: 50 200001
Download Time: 1542179
[00007f9870003378] core mux error: cannot add this stream
[00007f987014c248] core decoder error: cannot create packetizer output (h264)
Chunk bitrate: 50 349952
Buffer size: 50 204001
Chunk bitrate: 50 349952
Buffer size: 51 204001
Download Time: 530633
[00007f9870003378] core mux error: cannot add this stream
[00007f98700e6ec8] core decoder error: cannot create packetizer output (h264)
Chunk bitrate: 51 349952
Buffer size: 52 208001
Download Time: 1022062
Chunk bitrate: 52 349952
Buffer size: 53 212001
Download Time: 2002022
Chunk bitrate: 53 349952
Buffer size: 54 216001
Download Time: 330636
Chunk bitrate: 54 600000
Buffer size: 54 220001
Chunk bitrate: 54 600000
Buffer size: 55 220001
Download Time: 649956
[00007f9870003378] core mux error: cannot add this stream
[00007f987012d028] core decoder error: cannot create packetizer output (h264)
Chunk bitrate: 55 600000
Buffer size: 56 224001
Download Time: 1508558
Chunk bitrate: 56 1000000
Buffer size: 56 228001
Chunk bitrate: 56 1000000
Buffer size: 57 228001
Download Time: 1426319
[00007f9870003378] core mux error: cannot add this stream
[00007f9870135ac8] core decoder error: cannot create packetizer output (h264)
Chunk bitrate: 57 349952
Buffer size: 57 232001
Chunk bitrate: 57 349952
Buffer size: 58 232001
Download Time: 448319
[00007f9870003378] core mux error: cannot add this stream
[00007f98700a2dd8] core decoder error: cannot create packetizer output (h264)
Chunk bitrate: 58 600000
Buffer size: 58 236001
Chunk bitrate: 58 600000
Buffer size: 59 236001
Download Time: 938506
[00007f9870003378] core mux error: cannot add this stream
[00007f987004ae78] core decoder error: cannot create packetizer output (h264)
Chunk bitrate: 59 1000000
Buffer size: 59 240001
Chunk bitrate: 59 1000000
Buffer size: 60 240001
Download Time: 1545441
[00007f9870003378] core mux error: cannot add this stream
[00007f9870143c28] core decoder error: cannot create packetizer output (h264)
Chunk bitrate: 60 349952
Buffer size: 60 244001
Chunk bitrate: 60 349952
Buffer size: 61 244001
Download Time: 2448223
[00007f9870003378] core mux error: cannot add this stream
[00007f9870126c88] core decoder error: cannot create packetizer output (h264)
Chunk bitrate: 61 349952
Buffer size: 62 248001
Download Time: 732984
Chunk bitrate: 62 600000
Buffer size: 62 252001
Chunk bitrate: 62 600000
Buffer size: 63 252001
Download Time: 1950635
[00007f9870003378] core mux error: cannot add this stream
[00007f987006c388] core decoder error: cannot create packetizer output (h264)
Chunk bitrate: 63 349952
Buffer size: 63 256001
Chunk bitrate: 63 349952
Buffer size: 64 256001
Download Time: 730739
[00007f9870003378] core mux error: cannot add this stream
[00007f9870124d48] core decoder error: cannot create packetizer output (h264)
Chunk bitrate: 64 600000
Buffer size: 64 260001
Chunk bitrate: 64 600000
Buffer size: 65 260001
[00007f9870003378] ps mux: Close
[00007f986c0010f8] idummy demux: command `quit'
[00000000018ba1e8] [cli] lua interface error: Error loading script /home/cs244/vlc/share/lua/intf/cli.luac: lua/intf/modules/host.lua:286: Interrupted.
