[00000000010d31e8] core interface error: no suitable interface module
[000000000100a338] core libvlc error: interface "globalhotkeys,none" initialization failed
[00000000010d31e8] dbus interface error: Failed to connect to the D-Bus session daemon: Unable to autolaunch a dbus-daemon without a $DISPLAY for X11
[00000000010d31e8] core interface error: no suitable interface module
[000000000100a338] core libvlc error: interface "dbus,none" initialization failed
[000000000100a338] core libvlc: Running vlc with the default interface. Use 'cvlc' to use vlc without interface.
[00000000010d31e8] qt interface error: Could not connect to X server
[00000000010d31e8] skins2 interface error: cannot initialize OSFactory
[00000000010d31e8] [cli] lua interface: Listening on host "*console".
VLC media player 3.0.0-git Vetinari
Command Line Interface initialized. Type `help' for help.
> [00007f8b58003378] ps mux: Open
making a DASHManager
new ratebased adaptionlogic
Chunk bitrate: 0 349952
Buffer size: 0 0
Chunk bitrate: 0 349952
Buffer size: 0 0
[00007f8b58023848] mp4 demux: Fragment sequence discontinuity detected 0 != 2
Download Time: 730642
[00007f8b58023cb8] mp4 demux: Fragment sequence discontinuity detected 0 != 2
Startup Time: 1050000
Chunk bitrate: 0 349952
Buffer size: 1 4001
Download Time: 1379031
Chunk bitrate: 1 349952
Buffer size: 2 8001
Download Time: 530569
Chunk bitrate: 2 600000
Buffer size: 2 12001
Download Time: 811104
Chunk bitrate: 2 600000
Buffer size: 3 12001
Download Time: 1468343
Chunk bitrate: 3 1000000
Buffer size: 3 16001
Chunk bitrate: 3 1000000
Buffer size: 4 16001
Download Time: 809008
Chunk bitrate: 4 600000
Buffer size: 4 20001
Chunk bitrate: 4 600000
Buffer size: 5 20001
Download Time: 1182134
Chunk bitrate: 5 600000
Buffer size: 6 24001
Download Time: 2031555
Chunk bitrate: 6 600000
Buffer size: 7 28001
Download Time: 896223
Chunk bitrate: 7 1000000
Buffer size: 7 32001
Chunk bitrate: 7 1000000
Buffer size: 8 32001
Download Time: 1709066
Chunk bitrate: 8 349952
Buffer size: 8 36001
Download Time: 163556
Chunk bitrate: 8 349952
Buffer size: 9 36001
Download Time: 694216
Chunk bitrate: 9 600000
Buffer size: 9 40001
Chunk bitrate: 9 600000
Buffer size: 10 40001
Download Time: 1950255
Chunk bitrate: 10 600000
Buffer size: 11 44001
Download Time: 773682
Chunk bitrate: 11 349952
Buffer size: 11 48001
Chunk bitrate: 11 349952
Buffer size: 12 48001
Download Time: 724991
Chunk bitrate: 12 600000
Buffer size: 12 52001
Chunk bitrate: 12 600000
Buffer size: 13 52001
Download Time: 1097316
Chunk bitrate: 13 349952
Buffer size: 13 56001
Chunk bitrate: 13 349952
Buffer size: 14 56001
Download Time: 730934
Chunk bitrate: 14 1000000
Buffer size: 14 60001
Chunk bitrate: 14 1000000
Buffer size: 15 60001
Download Time: 1256653
Chunk bitrate: 15 600000
Buffer size: 15 64001
Chunk bitrate: 15 600000
Buffer size: 16 64001
Download Time: 1378342
Chunk bitrate: 16 1000000
Buffer size: 16 68001
Download Time: 118293
Chunk bitrate: 16 1000000
Buffer size: 17 68001
Download Time: 1181677
Chunk bitrate: 17 349952
Buffer size: 17 72001
Chunk bitrate: 17 349952
Buffer size: 18 72001
Download Time: 529101
Chunk bitrate: 18 349952
Buffer size: 19 76001
Download Time: 570129
Chunk bitrate: 19 349952
Buffer size: 20 80001
Download Time: 1096225
Chunk bitrate: 20 600000
Buffer size: 20 84001
Chunk bitrate: 20 600000
Buffer size: 21 84001
Download Time: 613425
Chunk bitrate: 21 600000
Buffer size: 22 88001
Download Time: 1091748
Chunk bitrate: 22 600000
Buffer size: 23 92001
Download Time: 2281118
Chunk bitrate: 23 349952
Buffer size: 23 96001
Chunk bitrate: 23 349952
Buffer size: 24 96001
Download Time: 684794
Chunk bitrate: 24 349952
Buffer size: 25 100001
Download Time: 608928
Chunk bitrate: 25 1000000
Buffer size: 25 104001
Chunk bitrate: 25 1000000
Buffer size: 26 104001
Download Time: 1547776
[00007f8b58003378] core mux error: cannot add this stream
[00007f8b580dcec8] core decoder error: cannot create packetizer output (h264)
Chunk bitrate: 26 1000000
Buffer size: 27 108001
Download Time: 1294115
Chunk bitrate: 27 349952
Buffer size: 27 112001
Chunk bitrate: 27 349952
Buffer size: 28 112001
Download Time: 654036
[00007f8b58003378] core mux error: cannot add this stream
[00007f8b580d2188] core decoder error: cannot create packetizer output (h264)
Chunk bitrate: 28 349952
Buffer size: 29 116001
Download Time: 806288
Chunk bitrate: 29 349952
Buffer size: 30 120001
Download Time: 614926
Chunk bitrate: 30 1000000
Buffer size: 30 124001
Chunk bitrate: 30 1000000
Buffer size: 31 124001
Download Time: 1016132
[00007f8b58003378] core mux error: cannot add this stream
[00007f8b58106ef8] core decoder error: cannot create packetizer output (h264)
Chunk bitrate: 31 349952
Buffer size: 31 128001
Chunk bitrate: 31 349952
Buffer size: 32 128001
Download Time: 613364
[00007f8b58003378] core mux error: cannot add this stream
[00007f8b580d2868] core decoder error: cannot create packetizer output (h264)
Chunk bitrate: 32 349952
Buffer size: 33 132001
Download Time: 693268
Chunk bitrate: 33 1000000
Buffer size: 33 136001
Chunk bitrate: 33 1000000
Buffer size: 34 136001
Download Time: 2032975
[00007f8b58003378] core mux error: cannot add this stream
[00007f8b5812ffb8] core decoder error: cannot create packetizer output (h264)
Chunk bitrate: 34 600000
Buffer size: 34 140001
Chunk bitrate: 34 600000
Buffer size: 35 140001
Download Time: 1261926
[00007f8b58003378] core mux error: cannot add this stream
[00007f8b580ed118] core decoder error: cannot create packetizer output (h264)
Chunk bitrate: 35 349952
Buffer size: 35 144001
Chunk bitrate: 35 349952
Buffer size: 36 144001
Download Time: 492106
[00007f8b58003378] core mux error: cannot add this stream
[00007f8b580dfa68] core decoder error: cannot create packetizer output (h264)
Chunk bitrate: 36 349952
Buffer size: 37 148001
Download Time: 570826
Chunk bitrate: 37 349952
Buffer size: 38 152001
Download Time: 773910
Chunk bitrate: 38 1000000
Buffer size: 38 156001
Chunk bitrate: 38 1000000
Buffer size: 39 156001
Download Time: 2117930
[00007f8b58003378] core mux error: cannot add this stream
[00007f8b580a4038] core decoder error: cannot create packetizer output (h264)
Chunk bitrate: 39 600000
Buffer size: 39 160001
Chunk bitrate: 39 600000
Buffer size: 40 160001
Download Time: 1058405
[00007f8b58003378] core mux error: cannot add this stream
[00007f8b580ef388] core decoder error: cannot create packetizer output (h264)
Chunk bitrate: 40 349952
Buffer size: 40 164001
Chunk bitrate: 40 349952
Buffer size: 41 164001
Download Time: 937615
[00007f8b58003378] core mux error: cannot add this stream
[00007f8b580976b8] core decoder error: cannot create packetizer output (h264)
Chunk bitrate: 41 600000
Buffer size: 41 168001
Chunk bitrate: 41 600000
Buffer size: 42 168001
Download Time: 1546243
[00007f8b58003378] core mux error: cannot add this stream
[00007f8b58101968] core decoder error: cannot create packetizer output (h264)
Chunk bitrate: 42 349952
Buffer size: 42 172001
Chunk bitrate: 42 349952
Buffer size: 43 172001
Download Time: 732168
[00007f8b58003378] core mux error: cannot add this stream
[00007f8b580d4b78] core decoder error: cannot create packetizer output (h264)
Chunk bitrate: 43 600000
Buffer size: 43 176001
Chunk bitrate: 43 600000
Buffer size: 44 176001
Download Time: 1265109
[00007f8b58003378] core mux error: cannot add this stream
[00007f8b581069d8] core decoder error: cannot create packetizer output (h264)
Chunk bitrate: 44 600000
Buffer size: 45 180001
Download Time: 1343895
Chunk bitrate: 45 600000
Buffer size: 46 184001
Download Time: 1176025
Chunk bitrate: 46 349952
Buffer size: 46 188001
Chunk bitrate: 46 349952
Buffer size: 47 188001
Download Time: 1014358
[00007f8b58003378] core mux error: cannot add this stream
[00007f8b580c5718] core decoder error: cannot create packetizer output (h264)
Chunk bitrate: 47 349952
Buffer size: 48 192001
Download Time: 531448
Chunk bitrate: 48 349952
Buffer size: 49 196001
Download Time: 648771
Chunk bitrate: 49 349952
Buffer size: 50 200001
Download Time: 732968
Chunk bitrate: 50 349952
Buffer size: 51 204001
Download Time: 1057191
Chunk bitrate: 51 1000000
Buffer size: 51 208001
Chunk bitrate: 51 1000000
Buffer size: 52 208001
Download Time: 1498160
[00007f8b58003378] core mux error: cannot add this stream
[00007f8b58103d48] core decoder error: cannot create packetizer output (h264)
Chunk bitrate: 52 349952
Buffer size: 52 212001
Chunk bitrate: 52 349952
Buffer size: 53 212001
Download Time: 767801
Download Time: 286212
[00007f8b58003378] core mux error: cannot add this stream
[00007f8b580fb668] core decoder error: cannot create packetizer output (h264)
Chunk bitrate: 53 600000
Buffer size: 53 216001
Download Time: 162014
Chunk bitrate: 53 600000
Buffer size: 54 216001
Download Time: 1059247
[00007f8b58003378] core mux error: cannot add this stream
[00007f8b5811cb38] core decoder error: cannot create packetizer output (h264)
Chunk bitrate: 54 600000
Buffer size: 55 220001
Download Time: 1331888
Chunk bitrate: 55 349952
Buffer size: 55 224001
Chunk bitrate: 55 349952
Buffer size: 56 224001
Download Time: 527245
[00007f8b58003378] core mux error: cannot add this stream
[00007f8b58103c48] core decoder error: cannot create packetizer output (h264)
Chunk bitrate: 56 349952
Buffer size: 57 228001
Download Time: 530685
Chunk bitrate: 57 349952
Buffer size: 58 232001
Download Time: 567345
Chunk bitrate: 58 600000
Buffer size: 58 236001
Chunk bitrate: 58 600000
Buffer size: 59 236001
Download Time: 1258496
[00007f8b58003378] core mux error: cannot add this stream
[00007f8b580761b8] core decoder error: cannot create packetizer output (h264)
Chunk bitrate: 59 600000
Buffer size: 60 240001
Download Time: 978554
Chunk bitrate: 60 349952
Buffer size: 60 244001
Chunk bitrate: 60 349952
Buffer size: 61 244001
Download Time: 981847
Download Time: 408277
[00007f8b58003378] core mux error: cannot add this stream
[00007f8b5810b1a8] core decoder error: cannot create packetizer output (h264)
Chunk bitrate: 61 349952
Buffer size: 62 248001
Download Time: 529213
Chunk bitrate: 62 349952
Buffer size: 63 252001
Download Time: 327186
Chunk bitrate: 63 349952
Buffer size: 64 256001
Download Time: 528045
Chunk bitrate: 64 600000
Buffer size: 64 260001
Download Time: 288442
Download Time: 82795
Chunk bitrate: 64 600000
Buffer size: 65 260001
[00007f8b58003378] ps mux: Close
[00007f8b54001698] idummy demux: command `quit'
[00000000010d31e8] [cli] lua interface error: Error loading script /home/cs244/vlc/share/lua/intf/cli.luac: lua/intf/modules/host.lua:286: Interrupted.
