[0000000001b35768] core interface error: no suitable interface module
[0000000001a73338] core libvlc error: interface "globalhotkeys,none" initialization failed
[0000000001b35768] dbus interface error: Failed to connect to the D-Bus session daemon: Unable to autolaunch a dbus-daemon without a $DISPLAY for X11
[0000000001b35768] core interface error: no suitable interface module
[0000000001a73338] core libvlc error: interface "dbus,none" initialization failed
[0000000001a73338] core libvlc: Running vlc with the default interface. Use 'cvlc' to use vlc without interface.
[0000000001b35768] qt interface error: Could not connect to X server
[0000000001b35768] skins2 interface error: cannot initialize OSFactory
[0000000001b35768] [cli] lua interface: Listening on host "*console".
VLC media player 3.0.0-git Vetinari
Command Line Interface initialized. Type `help' for help.
> [00007f0e74003378] ps mux: Open
making a DASHManager
new ratebased adaptionlogic
Chunk bitrate: 0 349952
Buffer size: 0 0
Download Time: 248374
Chunk bitrate: 0 349952
Buffer size: 0 0
[00007f0e74027088] mp4 demux: Fragment sequence discontinuity detected 0 != 2
Download Time: 1180395
[00007f0e74018748] mp4 demux: Fragment sequence discontinuity detected 0 != 2
Startup Time: 1050000
Chunk bitrate: 0 600000
Buffer size: 0 4001
Chunk bitrate: 0 600000
Buffer size: 1 4001
Download Time: 1221342
Chunk bitrate: 1 1000000
Buffer size: 1 8001
Chunk bitrate: 1 1000000
Buffer size: 2 8001
Download Time: 1466621
Chunk bitrate: 2 600000
Buffer size: 2 12001
Download Time: 285458
Chunk bitrate: 2 600000
Buffer size: 3 12001
Download Time: 1429916
Chunk bitrate: 3 349952
Buffer size: 3 16001
Chunk bitrate: 3 349952
Buffer size: 4 16001
Download Time: 695190
Chunk bitrate: 4 600000
Buffer size: 4 20001
Chunk bitrate: 4 600000
Buffer size: 5 20001
Download Time: 2887479
Chunk bitrate: 5 349952
Buffer size: 5 24001
Chunk bitrate: 5 349952
Buffer size: 6 24001
Download Time: 732886
Chunk bitrate: 6 349952
Buffer size: 7 28001
Download Time: 1832864
Chunk bitrate: 7 349952
Buffer size: 8 32001
Download Time: 937202
Chunk bitrate: 8 349952
Buffer size: 9 36001
Download Time: 854736
Chunk bitrate: 9 349952
Buffer size: 10 40001
Download Time: 1180898
Chunk bitrate: 10 600000
Buffer size: 10 44001
Chunk bitrate: 10 600000
Buffer size: 11 44001
Download Time: 984106
Chunk bitrate: 11 349952
Buffer size: 11 48001
Chunk bitrate: 11 349952
Buffer size: 12 48001
Download Time: 1061533
Chunk bitrate: 12 349952
Buffer size: 13 52001
Download Time: 653282
Chunk bitrate: 13 1000000
Buffer size: 13 56001
Chunk bitrate: 13 1000000
Buffer size: 14 56001
Download Time: 2002864
Chunk bitrate: 14 349952
Buffer size: 14 60001
Chunk bitrate: 14 349952
Buffer size: 15 60001
Download Time: 1268226
Chunk bitrate: 15 349952
Buffer size: 16 64001
Download Time: 972678
Chunk bitrate: 16 349952
Buffer size: 17 68001
Download Time: 1341353
Chunk bitrate: 17 349952
Buffer size: 18 72001
Download Time: 688426
Chunk bitrate: 18 600000
Buffer size: 18 76001
Chunk bitrate: 18 600000
Buffer size: 19 76001
Download Time: 901744
Chunk bitrate: 19 349952
Buffer size: 19 80001
Chunk bitrate: 19 349952
Buffer size: 20 80001
Download Time: 901361
Chunk bitrate: 20 1000000
Buffer size: 20 84001
Chunk bitrate: 20 1000000
Buffer size: 21 84001
Download Time: 1298904
Chunk bitrate: 21 600000
Buffer size: 21 88001
Chunk bitrate: 21 600000
Buffer size: 22 88001
Download Time: 1104831
Chunk bitrate: 22 600000
Buffer size: 23 92001
Download Time: 1180534
Chunk bitrate: 23 349952
Buffer size: 23 96001
Chunk bitrate: 23 349952
Buffer size: 24 96001
Download Time: 772596
Chunk bitrate: 24 600000
Buffer size: 24 100001
Chunk bitrate: 24 600000
Buffer size: 25 100001
Download Time: 2200449
[00007f0e74003378] core mux error: cannot add this stream
[00007f0e740d1ec8] core decoder error: cannot create packetizer output (h264)
Chunk bitrate: 25 600000
Buffer size: 26 104001
Download Time: 1793727
Chunk bitrate: 26 349952
Buffer size: 26 108001
Chunk bitrate: 26 349952
Buffer size: 27 108001
Download Time: 402806
[00007f0e74003378] core mux error: cannot add this stream
[00007f0e740b4048] core decoder error: cannot create packetizer output (h264)
Chunk bitrate: 27 600000
Buffer size: 27 112001
Chunk bitrate: 27 600000
Buffer size: 28 112001
Download Time: 937429
[00007f0e74003378] core mux error: cannot add this stream
[00007f0e740e4958] core decoder error: cannot create packetizer output (h264)
Chunk bitrate: 28 349952
Buffer size: 28 116001
Chunk bitrate: 28 349952
Buffer size: 29 116001
Download Time: 1388679
[00007f0e74003378] core mux error: cannot add this stream
[00007f0e74092fd8] core decoder error: cannot create packetizer output (h264)
Chunk bitrate: 29 349952
Buffer size: 30 120001
Download Time: 777878
Chunk bitrate: 30 349952
Buffer size: 31 124001
Download Time: 529967
Chunk bitrate: 31 600000
Buffer size: 31 128001
Chunk bitrate: 31 600000
Buffer size: 32 128001
Download Time: 1514826
[00007f0e74003378] core mux error: cannot add this stream
[00007f0e740f3838] core decoder error: cannot create packetizer output (h264)
Chunk bitrate: 32 600000
Buffer size: 33 132001
Download Time: 1221904
Chunk bitrate: 33 600000
Buffer size: 34 136001
Download Time: 1180883
Chunk bitrate: 34 349952
Buffer size: 34 140001
Chunk bitrate: 34 349952
Buffer size: 35 140001
Download Time: 736186
[00007f0e74003378] core mux error: cannot add this stream
[00007f0e740e1148] core decoder error: cannot create packetizer output (h264)
Chunk bitrate: 35 600000
Buffer size: 35 144001
Chunk bitrate: 35 600000
Buffer size: 36 144001
Download Time: 1190370
[00007f0e74003378] core mux error: cannot add this stream
[00007f0e740e9448] core decoder error: cannot create packetizer output (h264)
Chunk bitrate: 36 600000
Buffer size: 37 148001
Download Time: 1059396
Chunk bitrate: 37 349952
Buffer size: 37 152001
Chunk bitrate: 37 349952
Buffer size: 38 152001
Download Time: 822942
[00007f0e74003378] core mux error: cannot add this stream
[00007f0e740bf9e8] core decoder error: cannot create packetizer output (h264)
Chunk bitrate: 38 1000000
Buffer size: 38 156001
Chunk bitrate: 38 1000000
Buffer size: 39 156001
Download Time: 1752478
[00007f0e74003378] core mux error: cannot add this stream
[00007f0e74124948] core decoder error: cannot create packetizer output (h264)
Chunk bitrate: 39 349952
Buffer size: 39 160001
Chunk bitrate: 39 349952
Buffer size: 40 160001
Download Time: 652574
[00007f0e74003378] core mux error: cannot add this stream
[00007f0e740c0da8] core decoder error: cannot create packetizer output (h264)
Chunk bitrate: 40 600000
Buffer size: 40 164001
Chunk bitrate: 40 600000
Buffer size: 41 164001
Download Time: 1070153
[00007f0e74003378] core mux error: cannot add this stream
[00007f0e7410ce98] core decoder error: cannot create packetizer output (h264)
Chunk bitrate: 41 600000
Buffer size: 42 168001
Download Time: 1060168
Chunk bitrate: 42 349952
Buffer size: 42 172001
Chunk bitrate: 42 349952
Buffer size: 43 172001
Download Time: 1307009
[00007f0e74003378] core mux error: cannot add this stream
[00007f0e740c93b8] core decoder error: cannot create packetizer output (h264)
Chunk bitrate: 43 349952
Buffer size: 44 176001
Download Time: 729883
Chunk bitrate: 44 600000
Buffer size: 44 180001
Chunk bitrate: 44 600000
Buffer size: 45 180001
Download Time: 1065438
[00007f0e74003378] core mux error: cannot add this stream
[00007f0e74105198] core decoder error: cannot create packetizer output (h264)
Chunk bitrate: 45 600000
Buffer size: 46 184001
Download Time: 1098577
Chunk bitrate: 46 349952
Buffer size: 46 188001
Chunk bitrate: 46 349952
Buffer size: 47 188001
Download Time: 738317
[00007f0e74003378] core mux error: cannot add this stream
[00007f0e740be4d8] core decoder error: cannot create packetizer output (h264)
Chunk bitrate: 47 600000
Buffer size: 47 192001
Chunk bitrate: 47 600000
Buffer size: 48 192001
Download Time: 1755762
[00007f0e74003378] core mux error: cannot add this stream
[00007f0e740f2598] core decoder error: cannot create packetizer output (h264)
Chunk bitrate: 48 349952
Buffer size: 48 196001
Chunk bitrate: 48 349952
Buffer size: 49 196001
Download Time: 491037
[00007f0e74003378] core mux error: cannot add this stream
[00007f0e740e20b8] core decoder error: cannot create packetizer output (h264)
Chunk bitrate: 49 600000
Buffer size: 49 200001
Chunk bitrate: 49 600000
Buffer size: 50 200001
Download Time: 1181669
[00007f0e74003378] core mux error: cannot add this stream
[00007f0e74118108] core decoder error: cannot create packetizer output (h264)
Chunk bitrate: 50 600000
Buffer size: 51 204001
Download Time: 1468547
Chunk bitrate: 51 1000000
Buffer size: 51 208001
Chunk bitrate: 51 1000000
Buffer size: 52 208001
Download Time: 1790488
[00007f0e74003378] core mux error: cannot add this stream
[00007f0e74151c78] core decoder error: cannot create packetizer output (h264)
Chunk bitrate: 52 349952
Buffer size: 52 212001
Chunk bitrate: 52 349952
Buffer size: 53 212001
Download Time: 690123
[00007f0e74003378] core mux error: cannot add this stream
[00007f0e740cee88] core decoder error: cannot create packetizer output (h264)
Chunk bitrate: 53 600000
Buffer size: 53 216001
Chunk bitrate: 53 600000
Buffer size: 54 216001
Download Time: 1184546
[00007f0e74003378] core mux error: cannot add this stream
[00007f0e74121478] core decoder error: cannot create packetizer output (h264)
Chunk bitrate: 54 349952
Buffer size: 54 220001
Chunk bitrate: 54 349952
Buffer size: 55 220001
Download Time: 897248
[00007f0e74003378] core mux error: cannot add this stream
[00007f0e74106e18] core decoder error: cannot create packetizer output (h264)
Chunk bitrate: 55 349952
Buffer size: 56 224001
Download Time: 693933
Chunk bitrate: 56 600000
Buffer size: 56 228001
Chunk bitrate: 56 600000
Buffer size: 57 228001
Download Time: 775625
[00007f0e74003378] core mux error: cannot add this stream
[00007f0e74117cd8] core decoder error: cannot create packetizer output (h264)
Chunk bitrate: 57 600000
Buffer size: 58 232001
Download Time: 449713
Chunk bitrate: 58 600000
Buffer size: 59 236001
Download Time: 1431893
Chunk bitrate: 59 349952
Buffer size: 59 240001
Chunk bitrate: 59 349952
Buffer size: 60 240001
Download Time: 1057345
[00007f0e74003378] core mux error: cannot add this stream
[00007f0e74117268] core decoder error: cannot create packetizer output (h264)
Chunk bitrate: 60 349952
Buffer size: 61 244001
Download Time: 898980
Chunk bitrate: 61 349952
Buffer size: 62 248001
Download Time: 287379
Chunk bitrate: 62 600000
Buffer size: 62 252001
Chunk bitrate: 62 600000
Buffer size: 63 252001
Download Time: 491461
[00007f0e74003378] core mux error: cannot add this stream
[00007f0e74096338] core decoder error: cannot create packetizer output (h264)
Chunk bitrate: 63 349952
Buffer size: 63 256001
Chunk bitrate: 63 349952
Buffer size: 64 256001
Download Time: 601762
[00007f0e74003378] core mux error: cannot add this stream
[00007f0e7408fa58] core decoder error: cannot create packetizer output (h264)
Chunk bitrate: 64 349952
Buffer size: 65 260001
[00007f0e74003378] ps mux: Close
[00007f0e68000e98] idummy demux: command `quit'
[0000000001b35768] [cli] lua interface error: Error loading script /home/cs244/vlc/share/lua/intf/cli.luac: lua/intf/modules/host.lua:286: Interrupted.
