[00000000012ac1e8] core interface error: no suitable interface module
[00000000011e3338] core libvlc error: interface "globalhotkeys,none" initialization failed
[00000000012ac1e8] dbus interface error: Failed to connect to the D-Bus session daemon: Unable to autolaunch a dbus-daemon without a $DISPLAY for X11
[00000000012ac1e8] core interface error: no suitable interface module
[00000000011e3338] core libvlc error: interface "dbus,none" initialization failed
[00000000011e3338] core libvlc: Running vlc with the default interface. Use 'cvlc' to use vlc without interface.
[00000000012ac1e8] qt interface error: Could not connect to X server
[00000000012ac1e8] skins2 interface error: cannot initialize OSFactory
[00000000012ac1e8] [cli] lua interface: Listening on host "*console".
VLC media player 3.0.0-git Vetinari
Command Line Interface initialized. Type `help' for help.
> [00007f21d8003378] ps mux: Open
making a DASHManager
new ratebased adaptionlogic
Chunk bitrate: 0 349952
Buffer size: 0 0
Chunk bitrate: 0 349952
Buffer size: 0 0
[00007f21d8023a68] mp4 demux: Fragment sequence discontinuity detected 0 != 2
Download Time: 1342658
[00007f21d8025178] mp4 demux: Fragment sequence discontinuity detected 0 != 2
Startup Time: 1050000
Chunk bitrate: 0 349952
Buffer size: 1 4001
Download Time: 931354
Chunk bitrate: 1 600000
Buffer size: 1 8001
Chunk bitrate: 1 600000
Buffer size: 2 8001
Download Time: 1020687
Chunk bitrate: 2 349952
Buffer size: 2 12001
Chunk bitrate: 2 349952
Buffer size: 3 12001
Download Time: 1140068
Chunk bitrate: 3 349952
Buffer size: 4 16001
Download Time: 890351
Chunk bitrate: 4 349952
Buffer size: 5 20001
Download Time: 1021007
Chunk bitrate: 5 600000
Buffer size: 5 24001
Chunk bitrate: 5 600000
Buffer size: 6 24001
Download Time: 976404
Chunk bitrate: 6 349952
Buffer size: 6 28001
Chunk bitrate: 6 349952
Buffer size: 7 28001
Download Time: 1138189
Chunk bitrate: 7 349952
Buffer size: 8 32001
Download Time: 934780
Chunk bitrate: 8 349952
Buffer size: 9 36001
Download Time: 688335
Chunk bitrate: 9 600000
Buffer size: 9 40001
Chunk bitrate: 9 600000
Buffer size: 10 40001
Download Time: 1262535
Chunk bitrate: 10 349952
Buffer size: 10 44001
Chunk bitrate: 10 349952
Buffer size: 11 44001
Download Time: 774708
Chunk bitrate: 11 600000
Buffer size: 11 48001
Chunk bitrate: 11 600000
Buffer size: 12 48001
Download Time: 1831770
Chunk bitrate: 12 600000
Buffer size: 13 52001
Download Time: 1182600
Download Time: 288716
Chunk bitrate: 13 600000
Buffer size: 14 56001
Download Time: 1138165
Chunk bitrate: 14 349952
Buffer size: 14 60001
Chunk bitrate: 14 349952
Buffer size: 15 60001
Download Time: 860159
Chunk bitrate: 15 349952
Buffer size: 16 64001
Download Time: 1259654
Chunk bitrate: 16 349952
Buffer size: 17 68001
Download Time: 767773
Chunk bitrate: 17 349952
Buffer size: 18 72001
Download Time: 854116
Chunk bitrate: 18 349952
Buffer size: 19 76001
Download Time: 1010185
Chunk bitrate: 19 349952
Buffer size: 20 80001
Download Time: 896649
Chunk bitrate: 20 349952
Buffer size: 21 84001
Download Time: 684185
Chunk bitrate: 21 349952
Buffer size: 22 88001
Download Time: 694360
Chunk bitrate: 22 349952
Buffer size: 23 92001
Download Time: 891814
Chunk bitrate: 23 349952
Buffer size: 24 96001
Download Time: 1291951
Chunk bitrate: 24 349952
Buffer size: 25 100001
Download Time: 693070
Chunk bitrate: 25 349952
Buffer size: 26 104001
Download Time: 1018352
Chunk bitrate: 26 349952
Buffer size: 27 108001
Download Time: 648777
Chunk bitrate: 27 600000
Buffer size: 27 112001
Chunk bitrate: 27 600000
Buffer size: 28 112001
Download Time: 1382343
Chunk bitrate: 28 349952
Buffer size: 28 116001
Chunk bitrate: 28 349952
Buffer size: 29 116001
Download Time: 733221
Chunk bitrate: 29 600000
Buffer size: 29 120001
Chunk bitrate: 29 600000
Buffer size: 30 120001
Download Time: 1135649
Chunk bitrate: 30 600000
Buffer size: 31 124001
Download Time: 1627019
Chunk bitrate: 31 349952
Buffer size: 31 128001
Chunk bitrate: 31 349952
Buffer size: 32 128001
Download Time: 903115
Chunk bitrate: 32 349952
Buffer size: 33 132001
Download Time: 1016846
Chunk bitrate: 33 349952
Buffer size: 34 136001
Download Time: 814691
Chunk bitrate: 34 600000
Buffer size: 34 140001
Chunk bitrate: 34 600000
Buffer size: 35 140001
Download Time: 1380046
Chunk bitrate: 35 349952
Buffer size: 35 144001
Chunk bitrate: 35 349952
Buffer size: 36 144001
Download Time: 851361
Chunk bitrate: 36 600000
Buffer size: 36 148001
Chunk bitrate: 36 600000
Buffer size: 37 148001
Download Time: 1346126
Chunk bitrate: 37 349952
Buffer size: 37 152001
Chunk bitrate: 37 349952
Buffer size: 38 152001
Download Time: 693931
[00007f21d8003378] core mux error: cannot add this stream
[00007f21d80c3ab8] core decoder error: cannot create packetizer output (h264)
Chunk bitrate: 38 1000000
Buffer size: 38 156001
Chunk bitrate: 38 1000000
Buffer size: 39 156001
Download Time: 1834967
[00007f21d8003378] core mux error: cannot add this stream
[00007f21d811b968] core decoder error: cannot create packetizer output (h264)
Chunk bitrate: 39 600000
Buffer size: 39 160001
Chunk bitrate: 39 600000
Buffer size: 40 160001
Download Time: 1261464
[00007f21d8003378] core mux error: cannot add this stream
[00007f21d80e6478] core decoder error: cannot create packetizer output (h264)
Chunk bitrate: 40 349952
Buffer size: 40 164001
Chunk bitrate: 40 349952
Buffer size: 41 164001
Download Time: 1631165
[00007f21d8003378] core mux error: cannot add this stream
[00007f21d80d8798] core decoder error: cannot create packetizer output (h264)
Chunk bitrate: 41 349952
Buffer size: 42 168001
Download Time: 937672
Chunk bitrate: 42 349952
Buffer size: 43 172001
Download Time: 894943
Chunk bitrate: 43 600000
Buffer size: 43 176001
Chunk bitrate: 43 600000
Buffer size: 44 176001
Download Time: 1344855
[00007f21d8003378] core mux error: cannot add this stream
[00007f21d80fae58] core decoder error: cannot create packetizer output (h264)
Chunk bitrate: 44 600000
Buffer size: 45 180001
Download Time: 1633074
Chunk bitrate: 45 349952
Buffer size: 45 184001
Chunk bitrate: 45 349952
Buffer size: 46 184001
Download Time: 901337
[00007f21d8003378] core mux error: cannot add this stream
[00007f21d80e3ae8] core decoder error: cannot create packetizer output (h264)
Chunk bitrate: 46 349952
Buffer size: 47 188001
Download Time: 857667
Download Time: 893371
Chunk bitrate: 47 349952
Buffer size: 48 192001
Download Time: 694622
Chunk bitrate: 48 600000
Buffer size: 48 196001
Chunk bitrate: 48 600000
Buffer size: 49 196001
Download Time: 1301678
[00007f21d8003378] core mux error: cannot add this stream
[00007f21d810e6a8] core decoder error: cannot create packetizer output (h264)
Chunk bitrate: 49 600000
Buffer size: 50 200001
Download Time: 1215816
Chunk bitrate: 50 349952
Buffer size: 50 204001
Chunk bitrate: 50 349952
Buffer size: 51 204001
Download Time: 1097006
[00007f21d8003378] core mux error: cannot add this stream
[00007f21d810d828] core decoder error: cannot create packetizer output (h264)
Chunk bitrate: 51 349952
Buffer size: 52 208001
Download Time: 937120
Chunk bitrate: 52 349952
Buffer size: 53 212001
Download Time: 1052426
Chunk bitrate: 53 349952
Buffer size: 54 216001
Download Time: 1177852
Chunk bitrate: 54 349952
Buffer size: 55 220001
Download Time: 1012947
Chunk bitrate: 55 349952
Buffer size: 56 224001
Download Time: 936455
Download Time: 490510
Chunk bitrate: 56 349952
Buffer size: 57 228001
Download Time: 1259525
Chunk bitrate: 57 349952
Buffer size: 58 232001
Download Time: 610894
Chunk bitrate: 58 600000
Buffer size: 58 236001
Chunk bitrate: 58 600000
Buffer size: 59 236001
Download Time: 1506097
[00007f21d8003378] core mux error: cannot add this stream
[00007f21d80db8a8] core decoder error: cannot create packetizer output (h264)
Chunk bitrate: 59 349952
Buffer size: 59 240001
Chunk bitrate: 59 349952
Buffer size: 60 240001
Download Time: 1021634
[00007f21d8003378] core mux error: cannot add this stream
[00007f21d80fb838] core decoder error: cannot create packetizer output (h264)
Chunk bitrate: 60 349952
Buffer size: 61 244001
Download Time: 853019
Chunk bitrate: 61 600000
Buffer size: 61 248001
Chunk bitrate: 61 600000
Buffer size: 62 248001
Download Time: 612622
[00007f21d8003378] core mux error: cannot add this stream
[00007f21d80430b8] core decoder error: cannot create packetizer output (h264)
Chunk bitrate: 62 349952
Buffer size: 62 252001
Chunk bitrate: 62 349952
Buffer size: 63 252001
Download Time: 491332
[00007f21d8003378] core mux error: cannot add this stream
[00007f21d808da08] core decoder error: cannot create packetizer output (h264)
Chunk bitrate: 63 349952
Buffer size: 64 256001
Download Time: 607000
Chunk bitrate: 64 600000
Buffer size: 64 260001
Download Time: 201360
Chunk bitrate: 64 600000
Buffer size: 65 260001
[00007f21d8003378] ps mux: Close
[00007f21d80d8c48] idummy demux: command `quit'
[00000000012ac1e8] [cli] lua interface error: Error loading script /home/cs244/vlc/share/lua/intf/cli.luac: lua/intf/modules/host.lua:286: Interrupted.
