[00000000007e31a8] core interface error: no suitable interface module
[000000000071a338] core libvlc error: interface "globalhotkeys,none" initialization failed
[00000000007e31a8] dbus interface error: Failed to connect to the D-Bus session daemon: Unable to autolaunch a dbus-daemon without a $DISPLAY for X11
[00000000007e31a8] core interface error: no suitable interface module
[000000000071a338] core libvlc error: interface "dbus,none" initialization failed
[000000000071a338] core libvlc: Running vlc with the default interface. Use 'cvlc' to use vlc without interface.
[00000000007e31a8] qt interface error: Could not connect to X server
[00000000007e31a8] skins2 interface error: cannot initialize OSFactory
[00000000007e31a8] [cli] lua interface: Listening on host "*console".
VLC media player 3.0.0-git Vetinari
Command Line Interface initialized. Type `help' for help.
> [00007fea20003378] ps mux: Open
making a DASHManager
new ratebased adaptionlogic
Chunk bitrate: 0 349952
Buffer size: 0 0
Chunk bitrate: 0 349952
Buffer size: 0 0
[00007fea20023e78] mp4 demux: Fragment sequence discontinuity detected 0 != 2
Download Time: 770563
[00007fea200242b8] mp4 demux: Fragment sequence discontinuity detected 0 != 2
Startup Time: 1050000
Chunk bitrate: 0 349952
Buffer size: 1 4001
Download Time: 893567
Chunk bitrate: 1 349952
Buffer size: 2 8001
Download Time: 1211347
Chunk bitrate: 2 600000
Buffer size: 2 12001
Chunk bitrate: 2 600000
Buffer size: 3 12001
Download Time: 1703224
Chunk bitrate: 3 349952
Buffer size: 3 16001
Chunk bitrate: 3 349952
Buffer size: 4 16001
Download Time: 610902
Chunk bitrate: 4 349952
Buffer size: 5 20001
Download Time: 731705
Chunk bitrate: 5 349952
Buffer size: 6 24001
Download Time: 942918
Chunk bitrate: 6 600000
Buffer size: 6 28001
Chunk bitrate: 6 600000
Buffer size: 7 28001
Download Time: 857070
Chunk bitrate: 7 600000
Buffer size: 8 32001
Download Time: 937870
Chunk bitrate: 8 349952
Buffer size: 8 36001
Chunk bitrate: 8 349952
Buffer size: 9 36001
Download Time: 529807
Chunk bitrate: 9 1000000
Buffer size: 9 40001
Chunk bitrate: 9 1000000
Buffer size: 10 40001
Download Time: 2193872
Chunk bitrate: 10 349952
Buffer size: 10 44001
Chunk bitrate: 10 349952
Buffer size: 11 44001
Download Time: 737433
Chunk bitrate: 11 600000
Buffer size: 11 48001
Chunk bitrate: 11 600000
Buffer size: 12 48001
Download Time: 927273
Chunk bitrate: 12 1000000
Buffer size: 12 52001
Chunk bitrate: 12 1000000
Buffer size: 13 52001
Download Time: 1221394
Chunk bitrate: 13 600000
Buffer size: 13 56001
Chunk bitrate: 13 600000
Buffer size: 14 56001
Download Time: 1018075
Chunk bitrate: 14 600000
Buffer size: 15 60001
Download Time: 858575
Chunk bitrate: 15 1000000
Buffer size: 15 64001
Chunk bitrate: 15 1000000
Buffer size: 16 64001
Download Time: 1456162
Chunk bitrate: 16 1000000
Buffer size: 17 68001
Download Time: 1422152
Chunk bitrate: 17 600000
Buffer size: 17 72001
Chunk bitrate: 17 600000
Buffer size: 18 72001
Download Time: 974690
Chunk bitrate: 18 1000000
Buffer size: 18 76001
Chunk bitrate: 18 1000000
Buffer size: 19 76001
Download Time: 1018788
Chunk bitrate: 19 349952
Buffer size: 19 80001
Chunk bitrate: 19 349952
Buffer size: 20 80001
Download Time: 773546
Chunk bitrate: 20 349952
Buffer size: 21 84001
Download Time: 569373
Chunk bitrate: 21 349952
Buffer size: 22 88001
Download Time: 739967
Chunk bitrate: 22 600000
Buffer size: 22 92001
Chunk bitrate: 22 600000
Buffer size: 23 92001
Download Time: 1218994
Chunk bitrate: 23 349952
Buffer size: 23 96001
Chunk bitrate: 23 349952
Buffer size: 24 96001
Download Time: 652981
Chunk bitrate: 24 349952
Buffer size: 25 100001
Download Time: 1423053
Chunk bitrate: 25 600000
Buffer size: 25 104001
Chunk bitrate: 25 600000
Buffer size: 26 104001
Download Time: 1142049
[00007fea20003378] core mux error: cannot add this stream
[00007fea200a07b8] core decoder error: cannot create packetizer output (h264)
Chunk bitrate: 26 600000
Buffer size: 27 108001
Download Time: 653684
Chunk bitrate: 27 349952
Buffer size: 27 112001
Chunk bitrate: 27 349952
Buffer size: 28 112001
Download Time: 1017694
[00007fea20003378] core mux error: cannot add this stream
[00007fea2008df78] core decoder error: cannot create packetizer output (h264)
Chunk bitrate: 28 349952
Buffer size: 29 116001
Download Time: 850781
Chunk bitrate: 29 349952
Buffer size: 30 120001
Download Time: 737460
Chunk bitrate: 30 349952
Buffer size: 31 124001
Download Time: 605725
Chunk bitrate: 31 349952
Buffer size: 32 128001
Download Time: 531255
Chunk bitrate: 32 349952
Buffer size: 33 132001
Download Time: 609198
Chunk bitrate: 33 1000000
Buffer size: 33 136001
Chunk bitrate: 33 1000000
Buffer size: 34 136001
Download Time: 1582790
[00007fea20003378] core mux error: cannot add this stream
[00007fea200c6188] core decoder error: cannot create packetizer output (h264)
Chunk bitrate: 34 600000
Buffer size: 34 140001
Chunk bitrate: 34 600000
Buffer size: 35 140001
Download Time: 1176193
[00007fea20003378] core mux error: cannot add this stream
[00007fea200ebff8] core decoder error: cannot create packetizer output (h264)
Chunk bitrate: 35 349952
Buffer size: 35 144001
Chunk bitrate: 35 349952
Buffer size: 36 144001
Download Time: 572213
[00007fea20003378] core mux error: cannot add this stream
[00007fea2008a7b8] core decoder error: cannot create packetizer output (h264)
Chunk bitrate: 36 349952
Buffer size: 37 148001
Download Time: 652281
Chunk bitrate: 37 349952
Buffer size: 38 152001
Download Time: 576308
Chunk bitrate: 38 1000000
Buffer size: 38 156001
Chunk bitrate: 38 1000000
Buffer size: 39 156001
Download Time: 1590621
[00007fea20003378] core mux error: cannot add this stream
[00007fea20122068] core decoder error: cannot create packetizer output (h264)
Chunk bitrate: 39 600000
Buffer size: 39 160001
Chunk bitrate: 39 600000
Buffer size: 40 160001
Download Time: 1264517
[00007fea20003378] core mux error: cannot add this stream
[00007fea200ec698] core decoder error: cannot create packetizer output (h264)
Chunk bitrate: 40 600000
Buffer size: 41 164001
Download Time: 937531
Chunk bitrate: 41 600000
Buffer size: 42 168001
Download Time: 819237
Chunk bitrate: 42 600000
Buffer size: 43 172001
Download Time: 1143567
Chunk bitrate: 43 349952
Buffer size: 43 176001
Chunk bitrate: 43 349952
Buffer size: 44 176001
Download Time: 691295
[00007fea20003378] core mux error: cannot add this stream
[00007fea200dc5e8] core decoder error: cannot create packetizer output (h264)
Chunk bitrate: 44 600000
Buffer size: 44 180001
Chunk bitrate: 44 600000
Buffer size: 45 180001
Download Time: 1020280
[00007fea20003378] core mux error: cannot add this stream
[00007fea201031c8] core decoder error: cannot create packetizer output (h264)
Chunk bitrate: 45 349952
Buffer size: 45 184001
Chunk bitrate: 45 349952
Buffer size: 46 184001
Download Time: 1184808
[00007fea20003378] core mux error: cannot add this stream
[00007fea200e0e38] core decoder error: cannot create packetizer output (h264)
Chunk bitrate: 46 349952
Buffer size: 47 188001
Download Time: 648507
Chunk bitrate: 47 349952
Buffer size: 48 192001
Download Time: 612066
Chunk bitrate: 48 349952
Buffer size: 49 196001
Download Time: 724637
Chunk bitrate: 49 1000000
Buffer size: 49 200001
Chunk bitrate: 49 1000000
Buffer size: 50 200001
Download Time: 2154780
[00007fea20003378] core mux error: cannot add this stream
[00007fea200de9e8] core decoder error: cannot create packetizer output (h264)
Chunk bitrate: 50 600000
Buffer size: 50 204001
Chunk bitrate: 50 600000
Buffer size: 51 204001
Download Time: 692654
[00007fea20003378] core mux error: cannot add this stream
[00007fea2010b4b8] core decoder error: cannot create packetizer output (h264)
Chunk bitrate: 51 600000
Buffer size: 52 208001
Download Time: 1224583
Chunk bitrate: 52 349952
Buffer size: 52 212001
Chunk bitrate: 52 349952
Buffer size: 53 212001
Download Time: 571663
[00007fea20003378] core mux error: cannot add this stream
[00007fea200eeb78] core decoder error: cannot create packetizer output (h264)
Chunk bitrate: 53 349952
Buffer size: 54 216001
Download Time: 484995
Chunk bitrate: 54 349952
Buffer size: 55 220001
Download Time: 1789180
Chunk bitrate: 55 600000
Buffer size: 55 224001
Chunk bitrate: 55 600000
Buffer size: 56 224001
Download Time: 981607
[00007fea20003378] core mux error: cannot add this stream
[00007fea201221d8] core decoder error: cannot create packetizer output (h264)
Chunk bitrate: 56 600000
Buffer size: 57 228001
Download Time: 653918
Chunk bitrate: 57 349952
Buffer size: 57 232001
Chunk bitrate: 57 349952
Buffer size: 58 232001
Download Time: 288236
[00007fea20003378] core mux error: cannot add this stream
[00007fea200d68c8] core decoder error: cannot create packetizer output (h264)
Chunk bitrate: 58 600000
Buffer size: 58 236001
Chunk bitrate: 58 600000
Buffer size: 59 236001
Download Time: 1343250
[00007fea20003378] core mux error: cannot add this stream
[00007fea200d5028] core decoder error: cannot create packetizer output (h264)
Chunk bitrate: 59 1000000
Buffer size: 59 240001
Chunk bitrate: 59 1000000
Buffer size: 60 240001
Download Time: 1140141
[00007fea20003378] core mux error: cannot add this stream
[00007fea2013a1b8] core decoder error: cannot create packetizer output (h264)
Chunk bitrate: 60 600000
Buffer size: 60 244001
Chunk bitrate: 60 600000
Buffer size: 61 244001
Download Time: 780074
[00007fea20003378] core mux error: cannot add this stream
[00007fea20151998] core decoder error: cannot create packetizer output (h264)
Chunk bitrate: 61 600000
Buffer size: 62 248001
Download Time: 484220
Chunk bitrate: 62 600000
Buffer size: 63 252001
Download Time: 491418
Chunk bitrate: 63 349952
Buffer size: 63 256001
Chunk bitrate: 63 349952
Buffer size: 64 256001
Download Time: 571665
[00007fea20003378] core mux error: cannot add this stream
[00007fea20104048] core decoder error: cannot create packetizer output (h264)
Chunk bitrate: 64 349952
Buffer size: 65 260001
[00007fea20003378] ps mux: Close
[00007fea18000e98] idummy demux: command `quit'
[00000000007e31a8] [cli] lua interface error: Error loading script /home/cs244/vlc/share/lua/intf/cli.luac: lua/intf/modules/host.lua:286: Interrupted.
