[00000000023b91e8] core interface error: no suitable interface module
[00000000022f0338] core libvlc error: interface "globalhotkeys,none" initialization failed
[00000000023b91e8] dbus interface error: Failed to connect to the D-Bus session daemon: Unable to autolaunch a dbus-daemon without a $DISPLAY for X11
[00000000023b91e8] core interface error: no suitable interface module
[00000000022f0338] core libvlc error: interface "dbus,none" initialization failed
[00000000022f0338] core libvlc: Running vlc with the default interface. Use 'cvlc' to use vlc without interface.
[00000000023b91e8] qt interface error: Could not connect to X server
[00000000023b91e8] skins2 interface error: cannot initialize OSFactory
[00000000023b91e8] [cli] lua interface: Listening on host "*console".
VLC media player 3.0.0-git Vetinari
Command Line Interface initialized. Type `help' for help.
> [00007f7860003378] ps mux: Open
making a DASHManager
new ratebased adaptionlogic
Chunk bitrate: 0 349952
Buffer size: 0 0
Chunk bitrate: 0 349952
Buffer size: 0 0
[00007f7860024c18] mp4 demux: Fragment sequence discontinuity detected 0 != 2
Download Time: 568186
[00007f7860024a48] mp4 demux: Fragment sequence discontinuity detected 0 != 2
Startup Time: 1050000
Chunk bitrate: 0 600000
Buffer size: 0 4001
Chunk bitrate: 0 600000
Buffer size: 1 4001
Download Time: 854598
Chunk bitrate: 1 600000
Buffer size: 2 8001
Download Time: 640978
Chunk bitrate: 2 600000
Buffer size: 3 12001
Download Time: 973954
Chunk bitrate: 3 600000
Buffer size: 4 16001
Download Time: 978909
Chunk bitrate: 4 600000
Buffer size: 5 20001
Download Time: 773562
Chunk bitrate: 5 600000
Buffer size: 6 24001
Download Time: 896008
Chunk bitrate: 6 600000
Buffer size: 7 28001
Download Time: 1099102
Chunk bitrate: 7 600000
Buffer size: 8 32001
Download Time: 1346013
Chunk bitrate: 8 349952
Buffer size: 8 36001
Chunk bitrate: 8 349952
Buffer size: 9 36001
Download Time: 489876
Chunk bitrate: 9 1000000
Buffer size: 9 40001
Chunk bitrate: 9 1000000
Buffer size: 10 40001
Download Time: 965805
Chunk bitrate: 10 349952
Buffer size: 10 44001
Chunk bitrate: 10 349952
Buffer size: 11 44001
Download Time: 648187
Chunk bitrate: 11 349952
Buffer size: 12 48001
Download Time: 933886
Chunk bitrate: 12 600000
Buffer size: 12 52001
Chunk bitrate: 12 600000
Buffer size: 13 52001
Download Time: 1343047
Chunk bitrate: 13 1000000
Buffer size: 13 56001
Chunk bitrate: 13 1000000
Buffer size: 14 56001
Download Time: 1179825
Chunk bitrate: 14 600000
Buffer size: 14 60001
Chunk bitrate: 14 600000
Buffer size: 15 60001
Download Time: 1751479
Chunk bitrate: 15 349952
Buffer size: 15 64001
Chunk bitrate: 15 349952
Buffer size: 16 64001
Download Time: 1915522
Chunk bitrate: 16 349952
Buffer size: 17 68001
Download Time: 487428
Chunk bitrate: 17 1000000
Buffer size: 17 72001
Chunk bitrate: 17 1000000
Buffer size: 18 72001
Download Time: 1302494
Chunk bitrate: 18 600000
Buffer size: 18 76001
Chunk bitrate: 18 600000
Buffer size: 19 76001
Download Time: 733713
Chunk bitrate: 19 349952
Buffer size: 19 80001
Chunk bitrate: 19 349952
Buffer size: 20 80001
Download Time: 529835
Chunk bitrate: 20 600000
Buffer size: 20 84001
Chunk bitrate: 20 600000
Buffer size: 21 84001
Download Time: 929219
Chunk bitrate: 21 349952
Buffer size: 21 88001
Chunk bitrate: 21 349952
Buffer size: 22 88001
Download Time: 612707
Chunk bitrate: 22 600000
Buffer size: 22 92001
Chunk bitrate: 22 600000
Buffer size: 23 92001
Download Time: 815166
Chunk bitrate: 23 600000
Buffer size: 24 96001
Download Time: 855827
Chunk bitrate: 24 349952
Buffer size: 24 100001
Chunk bitrate: 24 349952
Buffer size: 25 100001
Download Time: 647293
Chunk bitrate: 25 600000
Buffer size: 25 104001
Chunk bitrate: 25 600000
Buffer size: 26 104001
Download Time: 1007412
[00007f7860003378] core mux error: cannot add this stream
[00007f78600c7718] core decoder error: cannot create packetizer output (h264)
Chunk bitrate: 26 349952
Buffer size: 26 108001
Chunk bitrate: 26 349952
Buffer size: 27 108001
Download Time: 408722
[00007f7860003378] core mux error: cannot add this stream
[00007f786008ac68] core decoder error: cannot create packetizer output (h264)
Chunk bitrate: 27 600000
Buffer size: 27 112001
Chunk bitrate: 27 600000
Buffer size: 28 112001
Download Time: 1504938
[00007f7860003378] core mux error: cannot add this stream
[00007f78600e46a8] core decoder error: cannot create packetizer output (h264)
Chunk bitrate: 28 600000
Buffer size: 29 116001
Download Time: 851941
Chunk bitrate: 29 600000
Buffer size: 30 120001
Download Time: 611399
Chunk bitrate: 30 349952
Buffer size: 30 124001
Chunk bitrate: 30 349952
Buffer size: 31 124001
Download Time: 610872
[00007f7860003378] core mux error: cannot add this stream
[00007f78600498b8] core decoder error: cannot create packetizer output (h264)
Chunk bitrate: 31 349952
Buffer size: 32 128001
Download Time: 772933
Chunk bitrate: 32 349952
Buffer size: 33 132001
Download Time: 667192
Chunk bitrate: 33 1000000
Buffer size: 33 136001
Chunk bitrate: 33 1000000
Buffer size: 34 136001
Download Time: 1297516
[00007f7860003378] core mux error: cannot add this stream
[00007f786012f8f8] core decoder error: cannot create packetizer output (h264)
Chunk bitrate: 34 600000
Buffer size: 34 140001
Chunk bitrate: 34 600000
Buffer size: 35 140001
Download Time: 1107310
[00007f7860003378] core mux error: cannot add this stream
[00007f78600ee558] core decoder error: cannot create packetizer output (h264)
Chunk bitrate: 35 349952
Buffer size: 35 144001
Chunk bitrate: 35 349952
Buffer size: 36 144001
Download Time: 949004
[00007f7860003378] core mux error: cannot add this stream
[00007f78600ebbb8] core decoder error: cannot create packetizer output (h264)
Chunk bitrate: 36 1000000
Buffer size: 36 148001
Chunk bitrate: 36 1000000
Buffer size: 37 148001
Download Time: 1437372
[00007f7860003378] core mux error: cannot add this stream
[00007f786006b128] core decoder error: cannot create packetizer output (h264)
Chunk bitrate: 37 1000000
Buffer size: 38 152001
Download Time: 1402374
Chunk bitrate: 38 2000000
Buffer size: 38 156001
Chunk bitrate: 38 2000000
Buffer size: 39 156001
Download Time: 2085555
[00007f7860003378] core mux error: cannot add this stream
[00007f786008ba18] core decoder error: cannot create packetizer output (h264)
Chunk bitrate: 39 600000
Buffer size: 39 160001
Chunk bitrate: 39 600000
Buffer size: 40 160001
Download Time: 620757
[00007f7860003378] core mux error: cannot add this stream
[00007f78600f1918] core decoder error: cannot create packetizer output (h264)
Chunk bitrate: 40 600000
Buffer size: 41 164001
Download Time: 879808
Chunk bitrate: 41 600000
Buffer size: 42 168001
Download Time: 812913
Chunk bitrate: 42 600000
Buffer size: 43 172001
Download Time: 911452
Chunk bitrate: 43 1000000
Buffer size: 43 176001
Chunk bitrate: 43 1000000
Buffer size: 44 176001
Download Time: 1205714
[00007f7860003378] core mux error: cannot add this stream
[00007f7860129b18] core decoder error: cannot create packetizer output (h264)
Chunk bitrate: 44 600000
Buffer size: 44 180001
Chunk bitrate: 44 600000
Buffer size: 45 180001
Download Time: 716887
[00007f7860003378] core mux error: cannot add this stream
[00007f78600bed18] core decoder error: cannot create packetizer output (h264)
Chunk bitrate: 45 600000
Buffer size: 46 184001
Download Time: 943261
Chunk bitrate: 46 349952
Buffer size: 46 188001
Chunk bitrate: 46 349952
Buffer size: 47 188001
Download Time: 428609
[00007f7860003378] core mux error: cannot add this stream
[00007f7860109e38] core decoder error: cannot create packetizer output (h264)
Chunk bitrate: 47 1000000
Buffer size: 47 192001
Chunk bitrate: 47 1000000
Buffer size: 48 192001
Download Time: 1462975
[00007f7860003378] core mux error: cannot add this stream
[00007f78600fcd18] core decoder error: cannot create packetizer output (h264)
Chunk bitrate: 48 1000000
Buffer size: 49 196001
Download Time: 1075479
Chunk bitrate: 49 1000000
Buffer size: 50 200001
Download Time: 1065460
Chunk bitrate: 50 349952
Buffer size: 50 204001
Chunk bitrate: 50 349952
Buffer size: 51 204001
Download Time: 1464209
[00007f7860003378] core mux error: cannot add this stream
[00007f78600fb128] core decoder error: cannot create packetizer output (h264)
Chunk bitrate: 51 1000000
Buffer size: 51 208001
Chunk bitrate: 51 1000000
Buffer size: 52 208001
Download Time: 1037275
[00007f7860003378] core mux error: cannot add this stream
[00007f78600be318] core decoder error: cannot create packetizer output (h264)
Chunk bitrate: 52 600000
Buffer size: 52 212001
Chunk bitrate: 52 600000
Buffer size: 53 212001
Download Time: 716427
[00007f7860003378] core mux error: cannot add this stream
[00007f7860118738] core decoder error: cannot create packetizer output (h264)
Chunk bitrate: 53 600000
Buffer size: 54 216001
Download Time: 847684
Chunk bitrate: 54 600000
Buffer size: 55 220001
Download Time: 845698
Chunk bitrate: 55 1000000
Buffer size: 55 224001
Chunk bitrate: 55 1000000
Buffer size: 56 224001
Download Time: 1615046
[00007f7860003378] core mux error: cannot add this stream
[00007f786002ce18] core decoder error: cannot create packetizer output (h264)
Chunk bitrate: 56 1000000
Buffer size: 57 228001
Download Time: 815926
Chunk bitrate: 57 600000
Buffer size: 57 232001
Chunk bitrate: 57 600000
Buffer size: 58 232001
Download Time: 616447
[00007f7860003378] core mux error: cannot add this stream
[00007f78600f4148] core decoder error: cannot create packetizer output (h264)
Chunk bitrate: 58 349952
Buffer size: 58 236001
Chunk bitrate: 58 349952
Buffer size: 59 236001
Download Time: 587455
Download Time: 420683
[00007f7860003378] core mux error: cannot add this stream
[00007f78600ee5a8] core decoder error: cannot create packetizer output (h264)
Chunk bitrate: 59 349952
Buffer size: 60 240001
Download Time: 362442
Chunk bitrate: 60 349952
Buffer size: 61 244001
Download Time: 651517
Chunk bitrate: 61 1000000
Buffer size: 61 248001
Chunk bitrate: 61 1000000
Buffer size: 62 248001
Download Time: 614788
[00007f7860003378] core mux error: cannot add this stream
[00007f78601031a8] core decoder error: cannot create packetizer output (h264)
Chunk bitrate: 62 349952
Buffer size: 62 252001
Chunk bitrate: 62 349952
Buffer size: 63 252001
Download Time: 225074
[00007f7860003378] core mux error: cannot add this stream
[00007f78600f5e58] core decoder error: cannot create packetizer output (h264)
Chunk bitrate: 63 1000000
Buffer size: 63 256001
Chunk bitrate: 63 1000000
Buffer size: 64 256001
Download Time: 684395
[00007f7860003378] core mux error: cannot add this stream
[00007f7860125658] core decoder error: cannot create packetizer output (h264)
Chunk bitrate: 64 600000
Buffer size: 64 260001
Chunk bitrate: 64 600000
Buffer size: 65 260001
[00007f7860003378] ps mux: Close
[00007f7854000ff8] idummy demux: command `quit'
[00000000023b91e8] [cli] lua interface error: Error loading script /home/cs244/vlc/share/lua/intf/cli.luac: lua/intf/modules/host.lua:286: Interrupted.
