[0000000000a111e8] core interface error: no suitable interface module
[0000000000948338] core libvlc error: interface "globalhotkeys,none" initialization failed
[0000000000a111e8] dbus interface error: Failed to connect to the D-Bus session daemon: Unable to autolaunch a dbus-daemon without a $DISPLAY for X11
[0000000000a111e8] core interface error: no suitable interface module
[0000000000948338] core libvlc error: interface "dbus,none" initialization failed
[0000000000948338] core libvlc: Running vlc with the default interface. Use 'cvlc' to use vlc without interface.
[0000000000a111e8] qt interface error: Could not connect to X server
[0000000000a111e8] skins2 interface error: cannot initialize OSFactory
[0000000000a111e8] [cli] lua interface: Listening on host "*console".
VLC media player 3.0.0-git Vetinari
Command Line Interface initialized. Type `help' for help.
> [00007fc50c003378] ps mux: Open
making a DASHManager
new ratebased adaptionlogic
Chunk bitrate: 0 349952
Buffer size: 0 0
Chunk bitrate: 0 349952
Buffer size: 0 0
[00007fc50c019518] mp4 demux: Fragment sequence discontinuity detected 0 != 2
Download Time: 880833
[00007fc50c024088] mp4 demux: Fragment sequence discontinuity detected 0 != 2
Startup Time: 1050000
Chunk bitrate: 0 600000
Buffer size: 0 4001
Chunk bitrate: 0 600000
Buffer size: 1 4001
Download Time: 769765
Chunk bitrate: 1 349952
Buffer size: 1 8001
Chunk bitrate: 1 349952
Buffer size: 2 8001
Download Time: 283622
Chunk bitrate: 2 600000
Buffer size: 2 12001
Chunk bitrate: 2 600000
Buffer size: 3 12001
Download Time: 1547345
Chunk bitrate: 3 349952
Buffer size: 3 16001
Chunk bitrate: 3 349952
Buffer size: 4 16001
Download Time: 528800
Chunk bitrate: 4 600000
Buffer size: 4 20001
Chunk bitrate: 4 600000
Buffer size: 5 20001
Download Time: 846241
Chunk bitrate: 5 600000
Buffer size: 6 24001
Download Time: 856621
Chunk bitrate: 6 600000
Buffer size: 7 28001
Download Time: 1258240
Chunk bitrate: 7 600000
Buffer size: 8 32001
Download Time: 1502906
Chunk bitrate: 8 349952
Buffer size: 8 36001
Chunk bitrate: 8 349952
Buffer size: 9 36001
Download Time: 690166
Chunk bitrate: 9 1000000
Buffer size: 9 40001
Chunk bitrate: 9 1000000
Buffer size: 10 40001
Download Time: 1009052
Chunk bitrate: 10 1000000
Buffer size: 11 44001
Download Time: 1707592
Chunk bitrate: 11 349952
Buffer size: 11 48001
Chunk bitrate: 11 349952
Buffer size: 12 48001
Download Time: 1007743
Chunk bitrate: 12 1000000
Buffer size: 12 52001
Chunk bitrate: 12 1000000
Buffer size: 13 52001
Download Time: 1342079
Chunk bitrate: 13 349952
Buffer size: 13 56001
Chunk bitrate: 13 349952
Buffer size: 14 56001
Download Time: 570277
Chunk bitrate: 14 349952
Buffer size: 15 60001
Download Time: 1414422
Chunk bitrate: 15 349952
Buffer size: 16 64001
Download Time: 777411
Chunk bitrate: 16 1000000
Buffer size: 16 68001
Chunk bitrate: 16 1000000
Buffer size: 17 68001
Download Time: 1140135
Chunk bitrate: 17 349952
Buffer size: 17 72001
Chunk bitrate: 17 349952
Buffer size: 18 72001
Download Time: 895901
Chunk bitrate: 18 1000000
Buffer size: 18 76001
Chunk bitrate: 18 1000000
Buffer size: 19 76001
Download Time: 1259094
Chunk bitrate: 19 349952
Buffer size: 19 80001
Chunk bitrate: 19 349952
Buffer size: 20 80001
Download Time: 1419320
Chunk bitrate: 20 349952
Buffer size: 21 84001
Download Time: 1129428
Chunk bitrate: 21 1000000
Buffer size: 21 88001
Chunk bitrate: 21 1000000
Buffer size: 22 88001
Download Time: 1869807
Chunk bitrate: 22 349952
Buffer size: 22 92001
Chunk bitrate: 22 349952
Buffer size: 23 92001
Download Time: 806683
[00007fc50c003378] core mux error: cannot add this stream
[00007fc50c051228] core decoder error: cannot create packetizer output (h264)
Chunk bitrate: 23 349952
Buffer size: 24 96001
Download Time: 647155
Chunk bitrate: 24 600000
Buffer size: 24 100001
Chunk bitrate: 24 600000
Buffer size: 25 100001
Download Time: 810756
[00007fc50c003378] core mux error: cannot add this stream
[00007fc50c04dae8] core decoder error: cannot create packetizer output (h264)
Chunk bitrate: 25 349952
Buffer size: 25 104001
Chunk bitrate: 25 349952
Buffer size: 26 104001
Download Time: 675918
[00007fc50c003378] core mux error: cannot add this stream
[00007fc50c0bcd18] core decoder error: cannot create packetizer output (h264)
Chunk bitrate: 26 1000000
Buffer size: 26 108001
Chunk bitrate: 26 1000000
Buffer size: 27 108001
Download Time: 1166974
Download Time: 201628
[00007fc50c003378] core mux error: cannot add this stream
[00007fc50c0da0f8] core decoder error: cannot create packetizer output (h264)
Chunk bitrate: 27 600000
Buffer size: 27 112001
Chunk bitrate: 27 600000
Buffer size: 28 112001
Download Time: 1180127
[00007fc50c003378] core mux error: cannot add this stream
[00007fc50c0e8238] core decoder error: cannot create packetizer output (h264)
Chunk bitrate: 28 1000000
Buffer size: 28 116001
Chunk bitrate: 28 1000000
Buffer size: 29 116001
Download Time: 2229647
[00007fc50c003378] core mux error: cannot add this stream
[00007fc50c11f308] core decoder error: cannot create packetizer output (h264)
Chunk bitrate: 29 1000000
Buffer size: 30 120001
Download Time: 897975
Chunk bitrate: 30 600000
Buffer size: 30 124001
Chunk bitrate: 30 600000
Buffer size: 31 124001
Download Time: 814336
[00007fc50c003378] core mux error: cannot add this stream
[00007fc50c0ccb08] core decoder error: cannot create packetizer output (h264)
Chunk bitrate: 31 1000000
Buffer size: 31 128001
Chunk bitrate: 31 1000000
Buffer size: 32 128001
Download Time: 1868471
[00007fc50c003378] core mux error: cannot add this stream
[00007fc50c1388a8] core decoder error: cannot create packetizer output (h264)
Chunk bitrate: 32 600000
Buffer size: 32 132001
Chunk bitrate: 32 600000
Buffer size: 33 132001
Download Time: 734180
[00007fc50c003378] core mux error: cannot add this stream
[00007fc50c0d88a8] core decoder error: cannot create packetizer output (h264)
Chunk bitrate: 33 349952
Buffer size: 33 136001
Chunk bitrate: 33 349952
Buffer size: 34 136001
Download Time: 479213
[00007fc50c003378] core mux error: cannot add this stream
[00007fc50c0cc6d8] core decoder error: cannot create packetizer output (h264)
Chunk bitrate: 34 600000
Buffer size: 34 140001
Chunk bitrate: 34 600000
Buffer size: 35 140001
Download Time: 732958
[00007fc50c003378] core mux error: cannot add this stream
[00007fc50c0f2cf8] core decoder error: cannot create packetizer output (h264)
Chunk bitrate: 35 349952
Buffer size: 35 144001
Chunk bitrate: 35 349952
Buffer size: 36 144001
Download Time: 643576
[00007fc50c003378] core mux error: cannot add this stream
[00007fc50c03b298] core decoder error: cannot create packetizer output (h264)
Chunk bitrate: 36 600000
Buffer size: 36 148001
Chunk bitrate: 36 600000
Buffer size: 37 148001
Download Time: 1545308
[00007fc50c003378] core mux error: cannot add this stream
[00007fc50c0fd8b8] core decoder error: cannot create packetizer output (h264)
Chunk bitrate: 37 349952
Buffer size: 37 152001
Chunk bitrate: 37 349952
Buffer size: 38 152001
Download Time: 651240
[00007fc50c003378] core mux error: cannot add this stream
[00007fc50c039b58] core decoder error: cannot create packetizer output (h264)
Chunk bitrate: 38 1000000
Buffer size: 38 156001
Chunk bitrate: 38 1000000
Buffer size: 39 156001
Download Time: 1588566
[00007fc50c003378] core mux error: cannot add this stream
[00007fc50c042b88] core decoder error: cannot create packetizer output (h264)
Chunk bitrate: 39 1000000
Buffer size: 40 160001
Download Time: 1743391
Chunk bitrate: 40 600000
Buffer size: 40 164001
Chunk bitrate: 40 600000
Buffer size: 41 164001
Download Time: 1536798
[00007fc50c003378] core mux error: cannot add this stream
[00007fc50c103c78] core decoder error: cannot create packetizer output (h264)
Chunk bitrate: 41 349952
Buffer size: 41 168001
Chunk bitrate: 41 349952
Buffer size: 42 168001
Download Time: 690839
[00007fc50c003378] core mux error: cannot add this stream
[00007fc50c0b7558] core decoder error: cannot create packetizer output (h264)
Chunk bitrate: 42 600000
Buffer size: 42 172001
Chunk bitrate: 42 600000
Buffer size: 43 172001
Download Time: 889300
[00007fc50c003378] core mux error: cannot add this stream
[00007fc50c10f0a8] core decoder error: cannot create packetizer output (h264)
Chunk bitrate: 43 600000
Buffer size: 44 176001
Download Time: 1448083
Chunk bitrate: 44 1000000
Buffer size: 44 180001
Chunk bitrate: 44 1000000
Buffer size: 45 180001
Download Time: 771704
[00007fc50c003378] core mux error: cannot add this stream
[00007fc50c144b68] core decoder error: cannot create packetizer output (h264)
Chunk bitrate: 45 1000000
Buffer size: 46 184001
Download Time: 2064288
Chunk bitrate: 46 349952
Buffer size: 46 188001
Chunk bitrate: 46 349952
Buffer size: 47 188001
Download Time: 487432
[00007fc50c003378] core mux error: cannot add this stream
[00007fc50c0c2c98] core decoder error: cannot create packetizer output (h264)
Chunk bitrate: 47 349952
Buffer size: 48 192001
Download Time: 653204
Chunk bitrate: 48 600000
Buffer size: 48 196001
Chunk bitrate: 48 600000
Buffer size: 49 196001
Download Time: 1095600
[00007fc50c003378] core mux error: cannot add this stream
[00007fc50c0f3d78] core decoder error: cannot create packetizer output (h264)
Chunk bitrate: 49 349952
Buffer size: 49 200001
Chunk bitrate: 49 349952
Buffer size: 50 200001
Download Time: 531409
[00007fc50c003378] core mux error: cannot add this stream
[00007fc50c09e538] core decoder error: cannot create packetizer output (h264)
Chunk bitrate: 50 600000
Buffer size: 50 204001
Chunk bitrate: 50 600000
Buffer size: 51 204001
Download Time: 1380724
[00007fc50c003378] core mux error: cannot add this stream
[00007fc50c111428] core decoder error: cannot create packetizer output (h264)
Chunk bitrate: 51 600000
Buffer size: 52 208001
Download Time: 2155457
Chunk bitrate: 52 1000000
Buffer size: 52 212001
Chunk bitrate: 52 1000000
Buffer size: 53 212001
Download Time: 1657142
[00007fc50c003378] core mux error: cannot add this stream
[00007fc50c14e0b8] core decoder error: cannot create packetizer output (h264)
Chunk bitrate: 53 349952
Buffer size: 53 216001
Chunk bitrate: 53 349952
Buffer size: 54 216001
Download Time: 406023
[00007fc50c003378] core mux error: cannot add this stream
[00007fc50c14ca38] core decoder error: cannot create packetizer output (h264)
Chunk bitrate: 54 349952
Buffer size: 55 220001
Download Time: 855723
Chunk bitrate: 55 600000
Buffer size: 55 224001
Chunk bitrate: 55 600000
Buffer size: 56 224001
Download Time: 815146
[00007fc50c003378] core mux error: cannot add this stream
[00007fc50c127138] core decoder error: cannot create packetizer output (h264)
Chunk bitrate: 56 349952
Buffer size: 56 228001
Chunk bitrate: 56 349952
Buffer size: 57 228001
Download Time: 648772
Download Time: 529287
[00007fc50c003378] core mux error: cannot add this stream
[00007fc50c11ad88] core decoder error: cannot create packetizer output (h264)
Chunk bitrate: 57 349952
Buffer size: 58 232001
Download Time: 687114
Chunk bitrate: 58 600000
Buffer size: 58 236001
Chunk bitrate: 58 600000
Buffer size: 59 236001
Download Time: 1308103
[00007fc50c003378] core mux error: cannot add this stream
[00007fc50c0f9fd8] core decoder error: cannot create packetizer output (h264)
Chunk bitrate: 59 600000
Buffer size: 60 240001
Download Time: 892807
Chunk bitrate: 60 349952
Buffer size: 60 244001
Chunk bitrate: 60 349952
Buffer size: 61 244001
Download Time: 324721
Download Time: 329745
[00007fc50c003378] core mux error: cannot add this stream
[00007fc50c0d1668] core decoder error: cannot create packetizer output (h264)
Chunk bitrate: 61 600000
Buffer size: 61 248001
Chunk bitrate: 61 600000
Buffer size: 62 248001
Download Time: 573564
[00007fc50c003378] core mux error: cannot add this stream
[00007fc50c037b28] core decoder error: cannot create packetizer output (h264)
Chunk bitrate: 62 349952
Buffer size: 62 252001
Chunk bitrate: 62 349952
Buffer size: 63 252001
Download Time: 654276
[00007fc50c003378] core mux error: cannot add this stream
[00007fc50c0dd3a8] core decoder error: cannot create packetizer output (h264)
Chunk bitrate: 63 349952
Buffer size: 64 256001
Download Time: 364946
Chunk bitrate: 64 349952
Buffer size: 65 260001
[00007fc50c003378] ps mux: Close
[00007fc508001508] idummy demux: command `quit'
[0000000000a111e8] [cli] lua interface error: Error loading script /home/cs244/vlc/share/lua/intf/cli.luac: lua/intf/modules/host.lua:286: Interrupted.
