[0000000001b7e768] core interface error: no suitable interface module
[0000000001abc338] core libvlc error: interface "globalhotkeys,none" initialization failed
[0000000001b7e768] dbus interface error: Failed to connect to the D-Bus session daemon: Unable to autolaunch a dbus-daemon without a $DISPLAY for X11
[0000000001b7e768] core interface error: no suitable interface module
[0000000001abc338] core libvlc error: interface "dbus,none" initialization failed
[0000000001abc338] core libvlc: Running vlc with the default interface. Use 'cvlc' to use vlc without interface.
[0000000001b7e768] qt interface error: Could not connect to X server
[0000000001b7e768] skins2 interface error: cannot initialize OSFactory
[00007fa0b4003378] ps mux: Open
[0000000001b7e768] [cli] lua interface: Listening on host "*console".
VLC media player 3.0.0-git Vetinari
Command Line Interface initialized. Type `help' for help.
> making a DASHManager
new ratebased adaptionlogic
Chunk bitrate: 0 349952
Buffer size: 0 0
Chunk bitrate: 0 349952
Buffer size: 0 0
[00007fa0b40236f8] mp4 demux: Fragment sequence discontinuity detected 0 != 2
Download Time: 1342371
[00007fa0b4024328] mp4 demux: Fragment sequence discontinuity detected 0 != 2
Startup Time: 1050000
Chunk bitrate: 0 349952
Buffer size: 1 4001
Download Time: 1423206
Chunk bitrate: 1 349952
Buffer size: 2 8001
Download Time: 936944
Chunk bitrate: 2 349952
Buffer size: 3 12001
Download Time: 1172856
Chunk bitrate: 3 600000
Buffer size: 3 16001
Chunk bitrate: 3 600000
Buffer size: 4 16001
Download Time: 1711900
Chunk bitrate: 4 349952
Buffer size: 4 20001
Chunk bitrate: 4 349952
Buffer size: 5 20001
Download Time: 1462603
Chunk bitrate: 5 349952
Buffer size: 6 24001
Download Time: 1176743
Chunk bitrate: 6 349952
Buffer size: 7 28001
Download Time: 1048209
Chunk bitrate: 7 349952
Buffer size: 8 32001
Download Time: 1256375
Chunk bitrate: 8 349952
Buffer size: 9 36001
Download Time: 1126685
Chunk bitrate: 9 349952
Buffer size: 10 40001
Download Time: 1386186
Chunk bitrate: 10 349952
Buffer size: 11 44001
Download Time: 1057361
Chunk bitrate: 11 349952
Buffer size: 12 48001
Download Time: 1543739
Chunk bitrate: 12 349952
Buffer size: 13 52001
Download Time: 1177009
Chunk bitrate: 13 349952
Buffer size: 14 56001
Download Time: 1219742
Chunk bitrate: 14 349952
Buffer size: 15 60001
Download Time: 1179584
Chunk bitrate: 15 349952
Buffer size: 16 64001
Download Time: 1207969
Chunk bitrate: 16 349952
Buffer size: 17 68001
Download Time: 1094508
Chunk bitrate: 17 349952
Buffer size: 18 72001
Download Time: 1185081
Chunk bitrate: 18 349952
Buffer size: 19 76001
Download Time: 1018958
Chunk bitrate: 19 349952
Buffer size: 20 80001
Download Time: 1492172
Chunk bitrate: 20 349952
Buffer size: 21 84001
Download Time: 1096905
Chunk bitrate: 21 349952
Buffer size: 22 88001
Download Time: 1453982
Chunk bitrate: 22 349952
Buffer size: 23 92001
Download Time: 1259645
Chunk bitrate: 23 349952
Buffer size: 24 96001
Download Time: 1340692
Chunk bitrate: 24 349952
Buffer size: 25 100001
Download Time: 2405888
Chunk bitrate: 25 349952
Buffer size: 26 104001
Download Time: 1262277
Chunk bitrate: 26 349952
Buffer size: 27 108001
Download Time: 729043
Chunk bitrate: 27 349952
Buffer size: 28 112001
Download Time: 1737818
Chunk bitrate: 28 349952
Buffer size: 29 116001
Download Time: 1300028
Chunk bitrate: 29 349952
Buffer size: 30 120001
Download Time: 1096038
Chunk bitrate: 30 349952
Buffer size: 31 124001
Download Time: 1324155
Chunk bitrate: 31 349952
Buffer size: 32 128001
Download Time: 1302080
Chunk bitrate: 32 349952
Buffer size: 33 132001
Download Time: 1333588
Chunk bitrate: 33 349952
Buffer size: 34 136001
Download Time: 1424388
Chunk bitrate: 34 349952
Buffer size: 35 140001
Download Time: 1410252
Chunk bitrate: 35 349952
Buffer size: 36 144001
Download Time: 1707289
Chunk bitrate: 36 349952
Buffer size: 37 148001
Download Time: 1099557
Chunk bitrate: 37 349952
Buffer size: 38 152001
Download Time: 1509541
Chunk bitrate: 38 600000
Buffer size: 38 156001
Chunk bitrate: 38 600000
Buffer size: 39 156001
Download Time: 2191261
Chunk bitrate: 39 349952
Buffer size: 39 160001
Chunk bitrate: 39 349952
Buffer size: 40 160001
Download Time: 1056739
Chunk bitrate: 40 349952
Buffer size: 41 164001
Download Time: 1707724
Chunk bitrate: 41 349952
Buffer size: 42 168001
Download Time: 1134485
Chunk bitrate: 42 349952
Buffer size: 43 172001
Download Time: 1178338
Chunk bitrate: 43 349952
Buffer size: 44 176001
Download Time: 1384647
Chunk bitrate: 44 349952
Buffer size: 45 180001
Download Time: 1385566
Chunk bitrate: 45 349952
Buffer size: 46 184001
Download Time: 1459311
Chunk bitrate: 46 349952
Buffer size: 47 188001
Download Time: 1139778
Chunk bitrate: 47 349952
Buffer size: 48 192001
Download Time: 1296639
Chunk bitrate: 48 349952
Buffer size: 49 196001
Download Time: 1218074
Chunk bitrate: 49 349952
Buffer size: 50 200001
Download Time: 1139287
Chunk bitrate: 50 349952
Buffer size: 51 204001
Download Time: 1177643
Chunk bitrate: 51 349952
Buffer size: 52 208001
Download Time: 1016125
Chunk bitrate: 52 349952
Buffer size: 53 212001
Download Time: 1262006
Chunk bitrate: 53 349952
Buffer size: 54 216001
Download Time: 1222885
Chunk bitrate: 54 349952
Buffer size: 55 220001
Download Time: 1792419
Chunk bitrate: 55 349952
Buffer size: 56 224001
Download Time: 1266655
Chunk bitrate: 56 349952
Buffer size: 57 228001
Download Time: 1171622
Chunk bitrate: 57 349952
Buffer size: 58 232001
Download Time: 611633
Chunk bitrate: 58 349952
Buffer size: 59 236001
Download Time: 1751946
Chunk bitrate: 59 349952
Buffer size: 60 240001
Download Time: 1130188
Chunk bitrate: 60 349952
Buffer size: 61 244001
Download Time: 1179609
Chunk bitrate: 61 349952
Buffer size: 62 248001
Download Time: 645579
Chunk bitrate: 62 349952
Buffer size: 63 252001
Download Time: 403267
Chunk bitrate: 63 349952
Buffer size: 64 256001
Download Time: 610897
Chunk bitrate: 64 349952
Buffer size: 65 260001
[00007fa0b4003378] ps mux: Close
[00007fa0ac000e98] idummy demux: command `quit'
[0000000001b7e768] [cli] lua interface error: Error loading script /home/cs244/vlc/share/lua/intf/cli.luac: lua/intf/modules/host.lua:286: Interrupted.
