[00000000012101a8] core interface error: no suitable interface module
[0000000001147338] core libvlc error: interface "globalhotkeys,none" initialization failed
[00000000012101a8] dbus interface error: Failed to connect to the D-Bus session daemon: Unable to autolaunch a dbus-daemon without a $DISPLAY for X11
[00000000012101a8] core interface error: no suitable interface module
[0000000001147338] core libvlc error: interface "dbus,none" initialization failed
[0000000001147338] core libvlc: Running vlc with the default interface. Use 'cvlc' to use vlc without interface.
[00000000012101a8] qt interface error: Could not connect to X server
[00000000012101a8] skins2 interface error: cannot initialize OSFactory
[00000000012101a8] [cli] lua interface: Listening on host "*console".
VLC media player 3.0.0-git Vetinari
Command Line Interface initialized. Type `help' for help.
> [00007face8003378] ps mux: Open
making a DASHManager
new ratebased adaptionlogic
Chunk bitrate: 0 349952
Buffer size: 0 0
Chunk bitrate: 0 349952
Buffer size: 0 0
[00007face801abb8] mp4 demux: Fragment sequence discontinuity detected 0 != 2
Download Time: 810891
[00007face8025318] mp4 demux: Fragment sequence discontinuity detected 0 != 2
Startup Time: 1050000
Chunk bitrate: 0 349952
Buffer size: 1 4001
Download Time: 1793416
Chunk bitrate: 1 349952
Buffer size: 2 8001
Download Time: 649036
Chunk bitrate: 2 349952
Buffer size: 3 12001
Download Time: 941892
Chunk bitrate: 3 600000
Buffer size: 3 16001
Chunk bitrate: 3 600000
Buffer size: 4 16001
Download Time: 980417
Chunk bitrate: 4 349952
Buffer size: 4 20001
Chunk bitrate: 4 349952
Buffer size: 5 20001
Download Time: 980193
Chunk bitrate: 5 349952
Buffer size: 6 24001
Download Time: 772627
Chunk bitrate: 6 600000
Buffer size: 6 28001
Chunk bitrate: 6 600000
Buffer size: 7 28001
Download Time: 1171780
Chunk bitrate: 7 349952
Buffer size: 7 32001
Chunk bitrate: 7 349952
Buffer size: 8 32001
Download Time: 1058851
Chunk bitrate: 8 349952
Buffer size: 9 36001
Download Time: 730294
Chunk bitrate: 9 349952
Buffer size: 10 40001
Download Time: 812959
Chunk bitrate: 10 600000
Buffer size: 10 44001
Chunk bitrate: 10 600000
Buffer size: 11 44001
Download Time: 2093822
Chunk bitrate: 11 349952
Buffer size: 11 48001
Chunk bitrate: 11 349952
Buffer size: 12 48001
Download Time: 1064792
Chunk bitrate: 12 600000
Buffer size: 12 52001
Chunk bitrate: 12 600000
Buffer size: 13 52001
Download Time: 1341918
Chunk bitrate: 13 349952
Buffer size: 13 56001
Chunk bitrate: 13 349952
Buffer size: 14 56001
Download Time: 901060
Chunk bitrate: 14 349952
Buffer size: 15 60001
Download Time: 1384707
Download Time: 774372
Chunk bitrate: 15 349952
Buffer size: 16 64001
Download Time: 977177
Chunk bitrate: 16 349952
Buffer size: 17 68001
Download Time: 774487
Chunk bitrate: 17 600000
Buffer size: 17 72001
Chunk bitrate: 17 600000
Buffer size: 18 72001
Download Time: 1222073
Chunk bitrate: 18 349952
Buffer size: 18 76001
Chunk bitrate: 18 349952
Buffer size: 19 76001
Download Time: 569977
Chunk bitrate: 19 349952
Buffer size: 20 80001
Download Time: 1144936
Chunk bitrate: 20 349952
Buffer size: 21 84001
Download Time: 940296
Chunk bitrate: 21 349952
Buffer size: 22 88001
Download Time: 895621
Chunk bitrate: 22 349952
Buffer size: 23 92001
Download Time: 1057063
Chunk bitrate: 23 349952
Buffer size: 24 96001
Download Time: 977848
Chunk bitrate: 24 349952
Buffer size: 25 100001
Download Time: 693552
Chunk bitrate: 25 349952
Buffer size: 26 104001
Download Time: 935340
Chunk bitrate: 26 349952
Buffer size: 27 108001
Download Time: 611402
Chunk bitrate: 27 349952
Buffer size: 28 112001
Download Time: 853936
Chunk bitrate: 28 349952
Buffer size: 29 116001
Download Time: 1182817
Chunk bitrate: 29 349952
Buffer size: 30 120001
Download Time: 851580
Chunk bitrate: 30 349952
Buffer size: 31 124001
Download Time: 731436
Chunk bitrate: 31 349952
Buffer size: 32 128001
Download Time: 983021
Chunk bitrate: 32 349952
Buffer size: 33 132001
Download Time: 733112
Chunk bitrate: 33 349952
Buffer size: 34 136001
Download Time: 1303635
Chunk bitrate: 34 349952
Buffer size: 35 140001
Download Time: 852795
Chunk bitrate: 35 349952
Buffer size: 36 144001
Download Time: 894439
Chunk bitrate: 36 349952
Buffer size: 37 148001
Download Time: 890159
Chunk bitrate: 37 349952
Buffer size: 38 152001
Download Time: 1139922
Chunk bitrate: 38 600000
Buffer size: 38 156001
Chunk bitrate: 38 600000
Buffer size: 39 156001
Download Time: 1345667
Chunk bitrate: 39 600000
Buffer size: 40 160001
Download Time: 1387025
Chunk bitrate: 40 349952
Buffer size: 40 164001
Chunk bitrate: 40 349952
Buffer size: 41 164001
Download Time: 772575
Chunk bitrate: 41 600000
Buffer size: 41 168001
Chunk bitrate: 41 600000
Buffer size: 42 168001
Download Time: 1587673
Chunk bitrate: 42 600000
Buffer size: 43 172001
Download Time: 1264871
Chunk bitrate: 43 349952
Buffer size: 43 176001
Chunk bitrate: 43 349952
Buffer size: 44 176001
Download Time: 689271
Chunk bitrate: 44 349952
Buffer size: 45 180001
Download Time: 733671
Chunk bitrate: 45 600000
Buffer size: 45 184001
Chunk bitrate: 45 600000
Buffer size: 46 184001
Download Time: 1099425
Chunk bitrate: 46 349952
Buffer size: 46 188001
Chunk bitrate: 46 349952
Buffer size: 47 188001
Download Time: 693682
[00007face8003378] core mux error: cannot add this stream
[00007face80a3508] core decoder error: cannot create packetizer output (h264)
Chunk bitrate: 47 600000
Buffer size: 47 192001
Chunk bitrate: 47 600000
Buffer size: 48 192001
Download Time: 1382596
[00007face8003378] core mux error: cannot add this stream
[00007face80fad28] core decoder error: cannot create packetizer output (h264)
Chunk bitrate: 48 349952
Buffer size: 48 196001
Chunk bitrate: 48 349952
Buffer size: 49 196001
Download Time: 1064214
[00007face8003378] core mux error: cannot add this stream
[00007face80f1958] core decoder error: cannot create packetizer output (h264)
Chunk bitrate: 49 349952
Buffer size: 50 200001
Download Time: 813815
Chunk bitrate: 50 349952
Buffer size: 51 204001
Download Time: 976444
Chunk bitrate: 51 349952
Buffer size: 52 208001
Download Time: 972927
Chunk bitrate: 52 600000
Buffer size: 52 212001
Chunk bitrate: 52 600000
Buffer size: 53 212001
Download Time: 1506139
[00007face8003378] core mux error: cannot add this stream
[00007face8109928] core decoder error: cannot create packetizer output (h264)
Chunk bitrate: 53 349952
Buffer size: 53 216001
Chunk bitrate: 53 349952
Buffer size: 54 216001
Download Time: 771219
[00007face8003378] core mux error: cannot add this stream
[00007face80e9328] core decoder error: cannot create packetizer output (h264)
Chunk bitrate: 54 600000
Buffer size: 54 220001
Chunk bitrate: 54 600000
Buffer size: 55 220001
Download Time: 2239032
[00007face8003378] core mux error: cannot add this stream
[00007face811aab8] core decoder error: cannot create packetizer output (h264)
Chunk bitrate: 55 349952
Buffer size: 55 224001
Chunk bitrate: 55 349952
Buffer size: 56 224001
Download Time: 775762
[00007face8003378] core mux error: cannot add this stream
[00007face80f6268] core decoder error: cannot create packetizer output (h264)
Chunk bitrate: 56 349952
Buffer size: 57 228001
Download Time: 1051767
Chunk bitrate: 57 349952
Buffer size: 58 232001
Download Time: 529705
Chunk bitrate: 58 349952
Buffer size: 59 236001
Download Time: 1058717
Chunk bitrate: 59 349952
Buffer size: 60 240001
Download Time: 1301051
Chunk bitrate: 60 349952
Buffer size: 61 244001
Download Time: 1302715
Chunk bitrate: 61 600000
Buffer size: 61 248001
Chunk bitrate: 61 600000
Buffer size: 62 248001
Download Time: 487241
[00007face8003378] core mux error: cannot add this stream
[00007face80ad668] core decoder error: cannot create packetizer output (h264)
Chunk bitrate: 62 600000
Buffer size: 63 252001
Download Time: 894520
Chunk bitrate: 63 600000
Buffer size: 64 256001
Download Time: 692331
Chunk bitrate: 64 600000
Buffer size: 65 260001
[00007face8003378] ps mux: Close
[00007face808b7d8] idummy demux: command `quit'
[00000000012101a8] [cli] lua interface error: Error loading script /home/cs244/vlc/share/lua/intf/cli.luac: lua/intf/modules/host.lua:286: Interrupted.
