[00000000020401e8] core interface error: no suitable interface module
[0000000001f77338] core libvlc error: interface "globalhotkeys,none" initialization failed
[00000000020401e8] dbus interface error: Failed to connect to the D-Bus session daemon: Unable to autolaunch a dbus-daemon without a $DISPLAY for X11
[00000000020401e8] core interface error: no suitable interface module
[0000000001f77338] core libvlc error: interface "dbus,none" initialization failed
[0000000001f77338] core libvlc: Running vlc with the default interface. Use 'cvlc' to use vlc without interface.
[00000000020401e8] qt interface error: Could not connect to X server
[00000000020401e8] skins2 interface error: cannot initialize OSFactory
[00000000020401e8] [cli] lua interface: Listening on host "*console".
VLC media player 3.0.0-git Vetinari
Command Line Interface initialized. Type `help' for help.
> [00007fa69c003378] ps mux: Open
making a DASHManager
new ratebased adaptionlogic
Chunk bitrate: 0 349952
Buffer size: 0 0
Chunk bitrate: 0 349952
Buffer size: 0 0
[00007fa69c027a58] mp4 demux: Fragment sequence discontinuity detected 0 != 2
Download Time: 642807
[00007fa69c021a78] mp4 demux: Fragment sequence discontinuity detected 0 != 2
Startup Time: 1050000
Chunk bitrate: 0 600000
Buffer size: 0 4001
Chunk bitrate: 0 600000
Buffer size: 1 4001
Download Time: 1582871
Chunk bitrate: 1 349952
Buffer size: 1 8001
Chunk bitrate: 1 349952
Buffer size: 2 8001
Download Time: 651706
Chunk bitrate: 2 600000
Buffer size: 2 12001
Chunk bitrate: 2 600000
Buffer size: 3 12001
Download Time: 1586728
Chunk bitrate: 3 349952
Buffer size: 3 16001
Chunk bitrate: 3 349952
Buffer size: 4 16001
Download Time: 646153
Chunk bitrate: 4 349952
Buffer size: 5 20001
Download Time: 894996
Chunk bitrate: 5 600000
Buffer size: 5 24001
Chunk bitrate: 5 600000
Buffer size: 6 24001
Download Time: 652469
Chunk bitrate: 6 600000
Buffer size: 7 28001
Download Time: 1057872
Chunk bitrate: 7 349952
Buffer size: 7 32001
Chunk bitrate: 7 349952
Buffer size: 8 32001
Download Time: 648917
Chunk bitrate: 8 349952
Buffer size: 9 36001
Download Time: 775222
Chunk bitrate: 9 600000
Buffer size: 9 40001
Chunk bitrate: 9 600000
Buffer size: 10 40001
Download Time: 938310
Chunk bitrate: 10 600000
Buffer size: 11 44001
Download Time: 852038
Chunk bitrate: 11 349952
Buffer size: 11 48001
Chunk bitrate: 11 349952
Buffer size: 12 48001
Download Time: 649030
Chunk bitrate: 12 349952
Buffer size: 13 52001
Download Time: 613157
Chunk bitrate: 13 600000
Buffer size: 13 56001
Chunk bitrate: 13 600000
Buffer size: 14 56001
Download Time: 1018060
Chunk bitrate: 14 600000
Buffer size: 15 60001
Download Time: 1097440
Chunk bitrate: 15 600000
Buffer size: 16 64001
Download Time: 894737
Chunk bitrate: 16 600000
Buffer size: 17 68001
Download Time: 1017381
Chunk bitrate: 17 1000000
Buffer size: 17 72001
Chunk bitrate: 17 1000000
Buffer size: 18 72001
Download Time: 1660825
Chunk bitrate: 18 600000
Buffer size: 18 76001
Chunk bitrate: 18 600000
Buffer size: 19 76001
Download Time: 1218419
Chunk bitrate: 19 600000
Buffer size: 20 80001
Download Time: 1426446
Chunk bitrate: 20 349952
Buffer size: 20 84001
Chunk bitrate: 20 349952
Buffer size: 21 84001
Download Time: 444300
Chunk bitrate: 21 600000
Buffer size: 21 88001
Chunk bitrate: 21 600000
Buffer size: 22 88001
Download Time: 1261585
Chunk bitrate: 22 349952
Buffer size: 22 92001
Chunk bitrate: 22 349952
Buffer size: 23 92001
Download Time: 690312
Chunk bitrate: 23 349952
Buffer size: 24 96001
Download Time: 888728
Chunk bitrate: 24 600000
Buffer size: 24 100001
Chunk bitrate: 24 600000
Buffer size: 25 100001
Download Time: 980739
Chunk bitrate: 25 349952
Buffer size: 25 104001
Chunk bitrate: 25 349952
Buffer size: 26 104001
Download Time: 1057568
[00007fa69c003378] core mux error: cannot add this stream
[00007fa69c03b918] core decoder error: cannot create packetizer output (h264)
Chunk bitrate: 26 349952
Buffer size: 27 108001
Download Time: 611773
Chunk bitrate: 27 349952
Buffer size: 28 112001
Download Time: 896920
Chunk bitrate: 28 349952
Buffer size: 29 116001
Download Time: 729101
Chunk bitrate: 29 600000
Buffer size: 29 120001
Chunk bitrate: 29 600000
Buffer size: 30 120001
Download Time: 931507
[00007fa69c003378] core mux error: cannot add this stream
[00007fa69c0d8808] core decoder error: cannot create packetizer output (h264)
Chunk bitrate: 30 600000
Buffer size: 31 124001
Download Time: 1252132
Chunk bitrate: 31 349952
Buffer size: 31 128001
Chunk bitrate: 31 349952
Buffer size: 32 128001
Download Time: 777791
[00007fa69c003378] core mux error: cannot add this stream
[00007fa69c0b5508] core decoder error: cannot create packetizer output (h264)
Chunk bitrate: 32 349952
Buffer size: 33 132001
Download Time: 714526
Chunk bitrate: 33 349952
Buffer size: 34 136001
Download Time: 1019587
Chunk bitrate: 34 600000
Buffer size: 34 140001
Chunk bitrate: 34 600000
Buffer size: 35 140001
Download Time: 1257697
[00007fa69c003378] core mux error: cannot add this stream
[00007fa69c0ee958] core decoder error: cannot create packetizer output (h264)
Chunk bitrate: 35 600000
Buffer size: 36 144001
Download Time: 1340926
Chunk bitrate: 36 349952
Buffer size: 36 148001
Chunk bitrate: 36 349952
Buffer size: 37 148001
Download Time: 1298070
[00007fa69c003378] core mux error: cannot add this stream
[00007fa69c04ab88] core decoder error: cannot create packetizer output (h264)
Chunk bitrate: 37 349952
Buffer size: 38 152001
Download Time: 856302
Chunk bitrate: 38 1000000
Buffer size: 38 156001
Chunk bitrate: 38 1000000
Buffer size: 39 156001
Download Time: 1953758
[00007fa69c003378] core mux error: cannot add this stream
[00007fa69c124938] core decoder error: cannot create packetizer output (h264)
Chunk bitrate: 39 1000000
Buffer size: 40 160001
Download Time: 1252875
Chunk bitrate: 40 349952
Buffer size: 40 164001
Chunk bitrate: 40 349952
Buffer size: 41 164001
Download Time: 611468
[00007fa69c003378] core mux error: cannot add this stream
[00007fa69c0da4a8] core decoder error: cannot create packetizer output (h264)
Chunk bitrate: 41 600000
Buffer size: 41 168001
Chunk bitrate: 41 600000
Buffer size: 42 168001
Download Time: 1425823
[00007fa69c003378] core mux error: cannot add this stream
[00007fa69c0fefa8] core decoder error: cannot create packetizer output (h264)
Chunk bitrate: 42 349952
Buffer size: 42 172001
Chunk bitrate: 42 349952
Buffer size: 43 172001
Download Time: 1100686
[00007fa69c003378] core mux error: cannot add this stream
[00007fa69c0c8488] core decoder error: cannot create packetizer output (h264)
Chunk bitrate: 43 349952
Buffer size: 44 176001
Download Time: 658200
Chunk bitrate: 44 349952
Buffer size: 45 180001
Download Time: 935958
Chunk bitrate: 45 1000000
Buffer size: 45 184001
Chunk bitrate: 45 1000000
Buffer size: 46 184001
Download Time: 2453002
[00007fa69c003378] core mux error: cannot add this stream
[00007fa69c04a858] core decoder error: cannot create packetizer output (h264)
Chunk bitrate: 46 1000000
Buffer size: 47 188001
Download Time: 2032439
Chunk bitrate: 47 600000
Buffer size: 47 192001
Chunk bitrate: 47 600000
Buffer size: 48 192001
Download Time: 1062865
[00007fa69c003378] core mux error: cannot add this stream
[00007fa69c101638] core decoder error: cannot create packetizer output (h264)
Chunk bitrate: 48 600000
Buffer size: 49 196001
Download Time: 854180
Chunk bitrate: 49 600000
Buffer size: 50 200001
Download Time: 1144353
Chunk bitrate: 50 1000000
Buffer size: 50 204001
Chunk bitrate: 50 1000000
Buffer size: 51 204001
Download Time: 1430559
[00007fa69c003378] core mux error: cannot add this stream
[00007fa69c12e7e8] core decoder error: cannot create packetizer output (h264)
Chunk bitrate: 51 600000
Buffer size: 51 208001
Chunk bitrate: 51 600000
Buffer size: 52 208001
Download Time: 1506877
[00007fa69c003378] core mux error: cannot add this stream
[00007fa69c116c08] core decoder error: cannot create packetizer output (h264)
Chunk bitrate: 52 600000
Buffer size: 53 212001
Download Time: 1227622
Chunk bitrate: 53 349952
Buffer size: 53 216001
Chunk bitrate: 53 349952
Buffer size: 54 216001
Download Time: 936079
[00007fa69c003378] core mux error: cannot add this stream
[00007fa69c0faab8] core decoder error: cannot create packetizer output (h264)
Chunk bitrate: 54 600000
Buffer size: 54 220001
Chunk bitrate: 54 600000
Buffer size: 55 220001
Download Time: 1098348
[00007fa69c003378] core mux error: cannot add this stream
[00007fa69c1267e8] core decoder error: cannot create packetizer output (h264)
Chunk bitrate: 55 349952
Buffer size: 55 224001
Download Time: 407140
Chunk bitrate: 55 349952
Buffer size: 56 224001
Download Time: 812545
[00007fa69c003378] core mux error: cannot add this stream
[00007fa69c0ed6b8] core decoder error: cannot create packetizer output (h264)
Chunk bitrate: 56 600000
Buffer size: 56 228001
Chunk bitrate: 56 600000
Buffer size: 57 228001
Download Time: 936767
[00007fa69c003378] core mux error: cannot add this stream
[00007fa69c10f6d8] core decoder error: cannot create packetizer output (h264)
Chunk bitrate: 57 600000
Buffer size: 58 232001
Download Time: 652802
Chunk bitrate: 58 349952
Buffer size: 58 236001
Download Time: 203450
Chunk bitrate: 58 349952
Buffer size: 59 236001
Download Time: 1058411
[00007fa69c003378] core mux error: cannot add this stream
[00007fa69c0d3a78] core decoder error: cannot create packetizer output (h264)
Chunk bitrate: 59 349952
Buffer size: 60 240001
Download Time: 932967
Chunk bitrate: 60 600000
Buffer size: 60 244001
Chunk bitrate: 60 600000
Buffer size: 61 244001
Download Time: 981131
[00007fa69c003378] core mux error: cannot add this stream
[00007fa69c131608] core decoder error: cannot create packetizer output (h264)
Chunk bitrate: 61 600000
Buffer size: 62 248001
Download Time: 610572
Chunk bitrate: 62 349952
Buffer size: 62 252001
Chunk bitrate: 62 349952
Buffer size: 63 252001
Download Time: 282121
[00007fa69c003378] core mux error: cannot add this stream
[00007fa69c049ee8] core decoder error: cannot create packetizer output (h264)
Chunk bitrate: 63 349952
Buffer size: 64 256001
Download Time: 651665
Chunk bitrate: 64 349952
Buffer size: 65 260001
[00007fa69c003378] ps mux: Close
[00007fa6940010a8] idummy demux: command `quit'
[00000000020401e8] [cli] lua interface error: Error loading script /home/cs244/vlc/share/lua/intf/cli.luac: lua/intf/modules/host.lua:286: Interrupted.
