[0000000001a231e8] core interface error: no suitable interface module
[000000000195a338] core libvlc error: interface "globalhotkeys,none" initialization failed
[0000000001a231e8] dbus interface error: Failed to connect to the D-Bus session daemon: Unable to autolaunch a dbus-daemon without a $DISPLAY for X11
[0000000001a231e8] core interface error: no suitable interface module
[000000000195a338] core libvlc error: interface "dbus,none" initialization failed
[000000000195a338] core libvlc: Running vlc with the default interface. Use 'cvlc' to use vlc without interface.
[0000000001a231e8] qt interface error: Could not connect to X server
[0000000001a231e8] skins2 interface error: cannot initialize OSFactory
[0000000001a231e8] [cli] lua interface: Listening on host "*console".
VLC media player 3.0.0-git Vetinari
Command Line Interface initialized. Type `help' for help.
> [00007fdb10003378] ps mux: Open
making a DASHManager
new ratebased adaptionlogic
Chunk bitrate: 0 349952
Buffer size: 0 0
Chunk bitrate: 0 349952
Buffer size: 0 0
[00007fdb100186e8] mp4 demux: Fragment sequence discontinuity detected 0 != 2
Download Time: 1017461
[00007fdb1001a448] mp4 demux: Fragment sequence discontinuity detected 0 != 2
Startup Time: 1050000
Chunk bitrate: 0 349952
Buffer size: 1 4001
Download Time: 939408
Chunk bitrate: 1 349952
Buffer size: 2 8001
Download Time: 692530
Chunk bitrate: 2 349952
Buffer size: 3 12001
Download Time: 935241
Chunk bitrate: 3 600000
Buffer size: 3 16001
Chunk bitrate: 3 600000
Buffer size: 4 16001
Download Time: 1181147
Chunk bitrate: 4 600000
Buffer size: 5 20001
Download Time: 1618196
Chunk bitrate: 5 600000
Buffer size: 6 24001
Download Time: 1018506
Chunk bitrate: 6 349952
Buffer size: 6 28001
Chunk bitrate: 6 349952
Buffer size: 7 28001
Download Time: 652388
Chunk bitrate: 7 349952
Buffer size: 8 32001
Download Time: 1016631
Chunk bitrate: 8 600000
Buffer size: 8 36001
Chunk bitrate: 8 600000
Buffer size: 9 36001
Download Time: 1304690
Chunk bitrate: 9 600000
Buffer size: 10 40001
Download Time: 1585200
Chunk bitrate: 10 349952
Buffer size: 10 44001
Chunk bitrate: 10 349952
Buffer size: 11 44001
Download Time: 977166
Chunk bitrate: 11 349952
Buffer size: 12 48001
Download Time: 936352
Chunk bitrate: 12 349952
Buffer size: 13 52001
Download Time: 851622
Chunk bitrate: 13 600000
Buffer size: 13 56001
Chunk bitrate: 13 600000
Buffer size: 14 56001
Download Time: 1390155
Chunk bitrate: 14 349952
Buffer size: 14 60001
Chunk bitrate: 14 349952
Buffer size: 15 60001
Download Time: 900792
Chunk bitrate: 15 600000
Buffer size: 15 64001
Chunk bitrate: 15 600000
Buffer size: 16 64001
Download Time: 1548862
Chunk bitrate: 16 600000
Buffer size: 17 68001
Download Time: 1346856
Chunk bitrate: 17 349952
Buffer size: 17 72001
Chunk bitrate: 17 349952
Buffer size: 18 72001
Download Time: 649230
Chunk bitrate: 18 349952
Buffer size: 19 76001
Download Time: 644063
Download Time: 288191
Chunk bitrate: 19 600000
Buffer size: 19 80001
Chunk bitrate: 19 600000
Buffer size: 20 80001
Download Time: 1258508
Chunk bitrate: 20 349952
Buffer size: 20 84001
Chunk bitrate: 20 349952
Buffer size: 21 84001
Download Time: 574631
Chunk bitrate: 21 349952
Buffer size: 22 88001
Download Time: 808672
Chunk bitrate: 22 349952
Buffer size: 23 92001
Download Time: 1766272
Chunk bitrate: 23 349952
Buffer size: 24 96001
Download Time: 3581194
Chunk bitrate: 24 600000
Buffer size: 24 100001
Chunk bitrate: 24 600000
Buffer size: 25 100001
Download Time: 1056059
Chunk bitrate: 25 600000
Buffer size: 26 104001
Download Time: 1716218
Chunk bitrate: 26 349952
Buffer size: 26 108001
Chunk bitrate: 26 349952
Buffer size: 27 108001
Download Time: 571203
Chunk bitrate: 27 600000
Buffer size: 27 112001
Chunk bitrate: 27 600000
Buffer size: 28 112001
Download Time: 1754853
Chunk bitrate: 28 349952
Buffer size: 28 116001
Chunk bitrate: 28 349952
Buffer size: 29 116001
Download Time: 1054866
Chunk bitrate: 29 349952
Buffer size: 30 120001
Download Time: 809476
Chunk bitrate: 30 600000
Buffer size: 30 124001
Chunk bitrate: 30 600000
Buffer size: 31 124001
Download Time: 1023794
Chunk bitrate: 31 600000
Buffer size: 32 128001
Download Time: 1873270
Chunk bitrate: 32 349952
Buffer size: 32 132001
Chunk bitrate: 32 349952
Buffer size: 33 132001
Download Time: 985197
[00007fdb10003378] core mux error: cannot add this stream
[00007fdb100d1e98] core decoder error: cannot create packetizer output (h264)
Chunk bitrate: 33 600000
Buffer size: 33 136001
Chunk bitrate: 33 600000
Buffer size: 34 136001
Download Time: 1351056
[00007fdb10003378] core mux error: cannot add this stream
[00007fdb100f28b8] core decoder error: cannot create packetizer output (h264)
Chunk bitrate: 34 349952
Buffer size: 34 140001
Chunk bitrate: 34 349952
Buffer size: 35 140001
Download Time: 771117
[00007fdb10003378] core mux error: cannot add this stream
[00007fdb10092878] core decoder error: cannot create packetizer output (h264)
Chunk bitrate: 35 349952
Buffer size: 36 144001
Download Time: 772775
Chunk bitrate: 36 349952
Buffer size: 37 148001
Download Time: 1016217
Chunk bitrate: 37 349952
Buffer size: 38 152001
Download Time: 1016607
Chunk bitrate: 38 600000
Buffer size: 38 156001
Chunk bitrate: 38 600000
Buffer size: 39 156001
Download Time: 982456
[00007fdb10003378] core mux error: cannot add this stream
[00007fdb100ee628] core decoder error: cannot create packetizer output (h264)
Chunk bitrate: 39 349952
Buffer size: 39 160001
Chunk bitrate: 39 349952
Buffer size: 40 160001
Download Time: 937707
[00007fdb10003378] core mux error: cannot add this stream
[00007fdb10035ba8] core decoder error: cannot create packetizer output (h264)
Chunk bitrate: 40 349952
Buffer size: 41 164001
Download Time: 809783
Chunk bitrate: 41 349952
Buffer size: 42 168001
Download Time: 854420
Chunk bitrate: 42 600000
Buffer size: 42 172001
Chunk bitrate: 42 600000
Buffer size: 43 172001
Download Time: 1834867
[00007fdb10003378] core mux error: cannot add this stream
[00007fdb101024c8] core decoder error: cannot create packetizer output (h264)
Chunk bitrate: 43 349952
Buffer size: 43 176001
Chunk bitrate: 43 349952
Buffer size: 44 176001
Download Time: 693177
[00007fdb10003378] core mux error: cannot add this stream
[00007fdb100c3058] core decoder error: cannot create packetizer output (h264)
Chunk bitrate: 44 600000
Buffer size: 44 180001
Download Time: 447817
Chunk bitrate: 44 600000
Buffer size: 45 180001
Download Time: 1307317
[00007fdb10003378] core mux error: cannot add this stream
[00007fdb10101048] core decoder error: cannot create packetizer output (h264)
Chunk bitrate: 45 349952
Buffer size: 45 184001
Chunk bitrate: 45 349952
Buffer size: 46 184001
Download Time: 1378516
[00007fdb10003378] core mux error: cannot add this stream
[00007fdb100e2938] core decoder error: cannot create packetizer output (h264)
Chunk bitrate: 46 349952
Buffer size: 47 188001
Download Time: 854520
Chunk bitrate: 47 349952
Buffer size: 48 192001
Download Time: 808886
Chunk bitrate: 48 349952
Buffer size: 49 196001
Download Time: 721964
Chunk bitrate: 49 349952
Buffer size: 50 200001
Download Time: 1175350
Chunk bitrate: 50 600000
Buffer size: 50 204001
Chunk bitrate: 50 600000
Buffer size: 51 204001
Download Time: 1916537
[00007fdb10003378] core mux error: cannot add this stream
[00007fdb1010a858] core decoder error: cannot create packetizer output (h264)
Chunk bitrate: 51 600000
Buffer size: 52 208001
Download Time: 1330593
Chunk bitrate: 52 600000
Buffer size: 53 212001
Download Time: 1098633
Chunk bitrate: 53 600000
Buffer size: 54 216001
Download Time: 1298556
Chunk bitrate: 54 349952
Buffer size: 54 220001
Chunk bitrate: 54 349952
Buffer size: 55 220001
Download Time: 858082
[00007fdb10003378] core mux error: cannot add this stream
[00007fdb100ec488] core decoder error: cannot create packetizer output (h264)
Chunk bitrate: 55 349952
Buffer size: 56 224001
Download Time: 1016314
Chunk bitrate: 56 349952
Buffer size: 57 228001
Download Time: 853375
Chunk bitrate: 57 600000
Buffer size: 57 232001
Chunk bitrate: 57 600000
Buffer size: 58 232001
Download Time: 611285
[00007fdb10003378] core mux error: cannot add this stream
[00007fdb100cf858] core decoder error: cannot create packetizer output (h264)
Chunk bitrate: 58 349952
Buffer size: 58 236001
Chunk bitrate: 58 349952
Buffer size: 59 236001
Download Time: 980969
[00007fdb10003378] core mux error: cannot add this stream
[00007fdb100ce7f8] core decoder error: cannot create packetizer output (h264)
Chunk bitrate: 59 349952
Buffer size: 60 240001
Download Time: 726867
Chunk bitrate: 60 349952
Buffer size: 61 244001
Download Time: 926671
Chunk bitrate: 61 600000
Buffer size: 61 248001
Chunk bitrate: 61 600000
Buffer size: 62 248001
Download Time: 409966
[00007fdb10003378] core mux error: cannot add this stream
[00007fdb100d6688] core decoder error: cannot create packetizer output (h264)
Chunk bitrate: 62 600000
Buffer size: 63 252001
Download Time: 612069
Chunk bitrate: 63 600000
Buffer size: 64 256001
Download Time: 1093547
Chunk bitrate: 64 600000
Buffer size: 65 260001
[00007fdb10003378] ps mux: Close
[00007fdb100ccfc8] idummy demux: command `quit'
[0000000001a231e8] [cli] lua interface error: Error loading script /home/cs244/vlc/share/lua/intf/cli.luac: lua/intf/modules/host.lua:286: Interrupted.
