[0000000001919768] core interface error: no suitable interface module
[0000000001857338] core libvlc error: interface "globalhotkeys,none" initialization failed
[0000000001919768] dbus interface error: Failed to connect to the D-Bus session daemon: Unable to autolaunch a dbus-daemon without a $DISPLAY for X11
[0000000001919768] core interface error: no suitable interface module
[0000000001857338] core libvlc error: interface "dbus,none" initialization failed
[0000000001857338] core libvlc: Running vlc with the default interface. Use 'cvlc' to use vlc without interface.
[0000000001919768] qt interface error: Could not connect to X server
[0000000001919768] skins2 interface error: cannot initialize OSFactory
[0000000001919768] [cli] lua interface: Listening on host "*console".
VLC media player 3.0.0-git Vetinari
Command Line Interface initialized. Type `help' for help.
> [00007f75f8003378] ps mux: Open
making a DASHManager
new ratebased adaptionlogic
Chunk bitrate: 0 349952
Buffer size: 0 0
Chunk bitrate: 0 349952
Buffer size: 0 0
[00007f75f801a6b8] mp4 demux: Fragment sequence discontinuity detected 0 != 2
Download Time: 814311
[00007f75f8018a48] mp4 demux: Fragment sequence discontinuity detected 0 != 2
Startup Time: 1050000
Chunk bitrate: 0 349952
Buffer size: 1 4001
Download Time: 751206
Chunk bitrate: 1 600000
Buffer size: 1 8001
Chunk bitrate: 1 600000
Buffer size: 2 8001
Download Time: 840092
Chunk bitrate: 2 600000
Buffer size: 3 12001
Download Time: 515300
Chunk bitrate: 3 600000
Buffer size: 4 16001
Download Time: 581024
Chunk bitrate: 4 1000000
Buffer size: 4 20001
Chunk bitrate: 4 1000000
Buffer size: 5 20001
Download Time: 1210081
Download Time: 229564
Chunk bitrate: 5 600000
Buffer size: 5 24001
Chunk bitrate: 5 600000
Buffer size: 6 24001
Download Time: 552058
Chunk bitrate: 6 600000
Buffer size: 7 28001
Download Time: 651064
Chunk bitrate: 7 1000000
Buffer size: 7 32001
Chunk bitrate: 7 1000000
Buffer size: 8 32001
Download Time: 1563971
Chunk bitrate: 8 349952
Buffer size: 8 36001
Chunk bitrate: 8 349952
Buffer size: 9 36001
Download Time: 743802
Chunk bitrate: 9 1000000
Buffer size: 9 40001
Chunk bitrate: 9 1000000
Buffer size: 10 40001
Download Time: 1268289
Chunk bitrate: 10 349952
Buffer size: 10 44001
Chunk bitrate: 10 349952
Buffer size: 11 44001
Download Time: 486982
Chunk bitrate: 11 349952
Buffer size: 12 48001
Download Time: 1527948
Chunk bitrate: 12 600000
Buffer size: 12 52001
Chunk bitrate: 12 600000
Buffer size: 13 52001
Download Time: 849190
Chunk bitrate: 13 1000000
Buffer size: 13 56001
Download Time: 197384
Chunk bitrate: 13 1000000
Buffer size: 14 56001
Download Time: 972955
Chunk bitrate: 14 600000
Buffer size: 14 60001
Chunk bitrate: 14 600000
Buffer size: 15 60001
Download Time: 811327
Chunk bitrate: 15 349952
Buffer size: 15 64001
Chunk bitrate: 15 349952
Buffer size: 16 64001
Download Time: 420047
Chunk bitrate: 16 600000
Buffer size: 16 68001
Chunk bitrate: 16 600000
Buffer size: 17 68001
Download Time: 720460
Chunk bitrate: 17 1000000
Buffer size: 17 72001
Chunk bitrate: 17 1000000
Buffer size: 18 72001
Download Time: 1330027
Chunk bitrate: 18 600000
Buffer size: 18 76001
Chunk bitrate: 18 600000
Buffer size: 19 76001
Download Time: 618540
Chunk bitrate: 19 349952
Buffer size: 19 80001
Chunk bitrate: 19 349952
Buffer size: 20 80001
Download Time: 742262
Chunk bitrate: 20 600000
Buffer size: 20 84001
Chunk bitrate: 20 600000
Buffer size: 21 84001
Download Time: 419446
[00007f75f8003378] core mux error: cannot add this stream
[00007f75f8092ec8] core decoder error: cannot create packetizer output (h264)
Chunk bitrate: 21 1000000
Buffer size: 21 88001
Chunk bitrate: 21 1000000
Buffer size: 22 88001
Download Time: 1075264
[00007f75f8003378] core mux error: cannot add this stream
[00007f75f80fd088] core decoder error: cannot create packetizer output (h264)
Chunk bitrate: 22 349952
Buffer size: 22 92001
Chunk bitrate: 22 349952
Buffer size: 23 92001
Download Time: 591265
[00007f75f8003378] core mux error: cannot add this stream
[00007f75f8067b78] core decoder error: cannot create packetizer output (h264)
Chunk bitrate: 23 349952
Buffer size: 24 96001
Download Time: 387359
Chunk bitrate: 24 1000000
Buffer size: 24 100001
Chunk bitrate: 24 1000000
Buffer size: 25 100001
Download Time: 912221
[00007f75f8003378] core mux error: cannot add this stream
[00007f75f8044ad8] core decoder error: cannot create packetizer output (h264)
Chunk bitrate: 25 1000000
Buffer size: 26 104001
Download Time: 1395354
Chunk bitrate: 26 1000000
Buffer size: 27 108001
Download Time: 715723
Chunk bitrate: 27 600000
Buffer size: 27 112001
Chunk bitrate: 27 600000
Buffer size: 28 112001
Download Time: 683867
[00007f75f8003378] core mux error: cannot add this stream
[00007f75f80c5198] core decoder error: cannot create packetizer output (h264)
Chunk bitrate: 28 600000
Buffer size: 29 116001
Download Time: 910477
Chunk bitrate: 29 600000
Buffer size: 30 120001
Download Time: 489888
Chunk bitrate: 30 1000000
Buffer size: 30 124001
Chunk bitrate: 30 1000000
Buffer size: 31 124001
Download Time: 912919
[00007f75f8003378] core mux error: cannot add this stream
[00007f75f810bf08] core decoder error: cannot create packetizer output (h264)
Chunk bitrate: 31 600000
Buffer size: 31 128001
Chunk bitrate: 31 600000
Buffer size: 32 128001
Download Time: 942879
[00007f75f8003378] core mux error: cannot add this stream
[00007f75f80fe5b8] core decoder error: cannot create packetizer output (h264)
Chunk bitrate: 32 1000000
Buffer size: 32 132001
Chunk bitrate: 32 1000000
Buffer size: 33 132001
Download Time: 1228598
[00007f75f8003378] core mux error: cannot add this stream
[00007f75f81248a8] core decoder error: cannot create packetizer output (h264)
Chunk bitrate: 33 349952
Buffer size: 33 136001
Chunk bitrate: 33 349952
Buffer size: 34 136001
Download Time: 747146
[00007f75f8003378] core mux error: cannot add this stream
[00007f75f80f35a8] core decoder error: cannot create packetizer output (h264)
Chunk bitrate: 34 1000000
Buffer size: 34 140001
Chunk bitrate: 34 1000000
Buffer size: 35 140001
Download Time: 1332686
[00007f75f8003378] core mux error: cannot add this stream
[00007f75f804d168] core decoder error: cannot create packetizer output (h264)
Chunk bitrate: 35 349952
Buffer size: 35 144001
Chunk bitrate: 35 349952
Buffer size: 36 144001
Download Time: 782450
[00007f75f8003378] core mux error: cannot add this stream
[00007f75f80f62e8] core decoder error: cannot create packetizer output (h264)
Chunk bitrate: 36 600000
Buffer size: 36 148001
Chunk bitrate: 36 600000
Buffer size: 37 148001
Download Time: 650909
[00007f75f8003378] core mux error: cannot add this stream
[00007f75f80db1a8] core decoder error: cannot create packetizer output (h264)
Chunk bitrate: 37 600000
Buffer size: 38 152001
Download Time: 652609
Chunk bitrate: 38 2000000
Buffer size: 38 156001
Chunk bitrate: 38 2000000
Buffer size: 39 156001
Download Time: 1844364
[00007f75f8003378] core mux error: cannot add this stream
[00007f75f80f9b78] core decoder error: cannot create packetizer output (h264)
Chunk bitrate: 39 1000000
Buffer size: 39 160001
Chunk bitrate: 39 1000000
Buffer size: 40 160001
Download Time: 1047539
[00007f75f8003378] core mux error: cannot add this stream
[00007f75f80e6218] core decoder error: cannot create packetizer output (h264)
Chunk bitrate: 40 600000
Buffer size: 40 164001
Download Time: 456078
Chunk bitrate: 40 600000
Buffer size: 41 164001
Download Time: 1165645
[00007f75f8003378] core mux error: cannot add this stream
[00007f75f80ddc58] core decoder error: cannot create packetizer output (h264)
Chunk bitrate: 41 600000
Buffer size: 42 168001
Download Time: 654741
Chunk bitrate: 42 349952
Buffer size: 42 172001
Chunk bitrate: 42 349952
Buffer size: 43 172001
Download Time: 880323
[00007f75f8003378] core mux error: cannot add this stream
[00007f75f80e9988] core decoder error: cannot create packetizer output (h264)
Chunk bitrate: 43 1000000
Buffer size: 43 176001
Chunk bitrate: 43 1000000
Buffer size: 44 176001
Download Time: 1203314
[00007f75f8003378] core mux error: cannot add this stream
[00007f75f8131088] core decoder error: cannot create packetizer output (h264)
Chunk bitrate: 44 600000
Buffer size: 44 180001
Chunk bitrate: 44 600000
Buffer size: 45 180001
Download Time: 848357
[00007f75f8003378] core mux error: cannot add this stream
[00007f75f80e6008] core decoder error: cannot create packetizer output (h264)
Chunk bitrate: 45 1000000
Buffer size: 45 184001
Chunk bitrate: 45 1000000
Buffer size: 46 184001
Download Time: 1172048
[00007f75f8003378] core mux error: cannot add this stream
[00007f75f814baf8] core decoder error: cannot create packetizer output (h264)
Chunk bitrate: 46 600000
Buffer size: 46 188001
Chunk bitrate: 46 600000
Buffer size: 47 188001
Download Time: 586133
[00007f75f8003378] core mux error: cannot add this stream
[00007f75f810c818] core decoder error: cannot create packetizer output (h264)
Chunk bitrate: 47 1000000
Buffer size: 47 192001
Chunk bitrate: 47 1000000
Buffer size: 48 192001
Download Time: 1077398
[00007f75f8003378] core mux error: cannot add this stream
[00007f75f803ea88] core decoder error: cannot create packetizer output (h264)
Chunk bitrate: 48 1000000
Buffer size: 49 196001
Download Time: 1068345
Chunk bitrate: 49 600000
Buffer size: 49 200001
Chunk bitrate: 49 600000
Buffer size: 50 200001
Download Time: 1171150
[00007f75f8003378] core mux error: cannot add this stream
[00007f75f811ca08] core decoder error: cannot create packetizer output (h264)
Chunk bitrate: 50 1000000
Buffer size: 50 204001
Chunk bitrate: 50 1000000
Buffer size: 51 204001
Download Time: 813245
[00007f75f8003378] core mux error: cannot add this stream
[00007f75f811a7d8] core decoder error: cannot create packetizer output (h264)
Chunk bitrate: 51 600000
Buffer size: 51 208001
Chunk bitrate: 51 600000
Buffer size: 52 208001
Download Time: 746085
[00007f75f8003378] core mux error: cannot add this stream
[00007f75f8125608] core decoder error: cannot create packetizer output (h264)
Chunk bitrate: 52 600000
Buffer size: 53 212001
Download Time: 1009857
Chunk bitrate: 53 600000
Buffer size: 54 216001
Download Time: 1044289
Chunk bitrate: 54 600000
Buffer size: 55 220001
Download Time: 750901
Chunk bitrate: 55 1000000
Buffer size: 55 224001
Chunk bitrate: 55 1000000
Buffer size: 56 224001
Download Time: 1170257
[00007f75f8003378] core mux error: cannot add this stream
[00007f75f811a7d8] core decoder error: cannot create packetizer output (h264)
Chunk bitrate: 56 600000
Buffer size: 56 228001
Chunk bitrate: 56 600000
Buffer size: 57 228001
Download Time: 651867
[00007f75f8003378] core mux error: cannot add this stream
[00007f75f8117dc8] core decoder error: cannot create packetizer output (h264)
Chunk bitrate: 57 349952
Buffer size: 57 232001
Chunk bitrate: 57 349952
Buffer size: 58 232001
Download Time: 357063
[00007f75f8003378] core mux error: cannot add this stream
[00007f75f81242f8] core decoder error: cannot create packetizer output (h264)
Chunk bitrate: 58 1000000
Buffer size: 58 236001
Chunk bitrate: 58 1000000
Buffer size: 59 236001
Download Time: 1141600
[00007f75f8003378] core mux error: cannot add this stream
[00007f75f8123568] core decoder error: cannot create packetizer output (h264)
Chunk bitrate: 59 600000
Buffer size: 59 240001
Chunk bitrate: 59 600000
Buffer size: 60 240001
Download Time: 683039
[00007f75f8003378] core mux error: cannot add this stream
[00007f75f813aa48] core decoder error: cannot create packetizer output (h264)
Chunk bitrate: 60 349952
Buffer size: 60 244001
Chunk bitrate: 60 349952
Buffer size: 61 244001
Download Time: 491991
[00007f75f8003378] core mux error: cannot add this stream
[00007f75f80c0bd8] core decoder error: cannot create packetizer output (h264)
Chunk bitrate: 61 600000
Buffer size: 61 248001
Chunk bitrate: 61 600000
Buffer size: 62 248001
Download Time: 323625
[00007f75f8003378] core mux error: cannot add this stream
[00007f75f80a4988] core decoder error: cannot create packetizer output (h264)
Chunk bitrate: 62 349952
Buffer size: 62 252001
Chunk bitrate: 62 349952
Buffer size: 63 252001
Download Time: 195642
[00007f75f8003378] core mux error: cannot add this stream
[00007f75f8138668] core decoder error: cannot create packetizer output (h264)
Chunk bitrate: 63 600000
Buffer size: 63 256001
Chunk bitrate: 63 600000
Buffer size: 64 256001
Download Time: 491051
[00007f75f8003378] core mux error: cannot add this stream
[00007f75f8112138] core decoder error: cannot create packetizer output (h264)
Chunk bitrate: 64 600000
Buffer size: 65 260001
[00007f75f8003378] ps mux: Close
[00007f75f4001478] idummy demux: command `quit'
[0000000001919768] [cli] lua interface error: Error loading script /home/cs244/vlc/share/lua/intf/cli.luac: lua/intf/modules/host.lua:286: Interrupted.
