[0000000001d2a768] core interface error: no suitable interface module
[0000000001c68338] core libvlc error: interface "globalhotkeys,none" initialization failed
[0000000001d2a768] dbus interface error: Failed to connect to the D-Bus session daemon: Unable to autolaunch a dbus-daemon without a $DISPLAY for X11
[0000000001d2a768] core interface error: no suitable interface module
[0000000001c68338] core libvlc error: interface "dbus,none" initialization failed
[0000000001c68338] core libvlc: Running vlc with the default interface. Use 'cvlc' to use vlc without interface.
[0000000001d2a768] qt interface error: Could not connect to X server
[0000000001d2a768] skins2 interface error: cannot initialize OSFactory
[00007f0528003378] ps mux: Open
[0000000001d2a768] [cli] lua interface: Listening on host "*console".
VLC media player 3.0.0-git Vetinari
Command Line Interface initialized. Type `help' for help.
> making a DASHManager
new ratebased adaptionlogic
Chunk bitrate: 0 349952
Buffer size: 0 0
Chunk bitrate: 0 349952
Buffer size: 0 0
[00007f0528019df8] mp4 demux: Fragment sequence discontinuity detected 0 != 2
Download Time: 524205
[00007f0528023b08] mp4 demux: Fragment sequence discontinuity detected 0 != 2
Startup Time: 1050000
Chunk bitrate: 0 600000
Buffer size: 0 4001
Chunk bitrate: 0 600000
Buffer size: 1 4001
Download Time: 846759
Chunk bitrate: 1 600000
Buffer size: 2 8001
Download Time: 1108119
Chunk bitrate: 2 600000
Buffer size: 3 12001
Download Time: 713118
Chunk bitrate: 3 600000
Buffer size: 4 16001
Download Time: 1046016
Chunk bitrate: 4 1000000
Buffer size: 4 20001
Chunk bitrate: 4 1000000
Buffer size: 5 20001
Download Time: 1374309
Chunk bitrate: 5 600000
Buffer size: 5 24001
Chunk bitrate: 5 600000
Buffer size: 6 24001
Download Time: 813565
Chunk bitrate: 6 1000000
Buffer size: 6 28001
Chunk bitrate: 6 1000000
Buffer size: 7 28001
Download Time: 1008163
Chunk bitrate: 7 1000000
Buffer size: 8 32001
Download Time: 1166633
Chunk bitrate: 8 600000
Buffer size: 8 36001
Chunk bitrate: 8 600000
Buffer size: 9 36001
Download Time: 811383
Chunk bitrate: 9 600000
Buffer size: 10 40001
Download Time: 2019766
Chunk bitrate: 10 1000000
Buffer size: 10 44001
Chunk bitrate: 10 1000000
Buffer size: 11 44001
Download Time: 1047964
Chunk bitrate: 11 1000000
Buffer size: 12 48001
Download Time: 1368352
Chunk bitrate: 12 600000
Buffer size: 12 52001
Chunk bitrate: 12 600000
Buffer size: 13 52001
Download Time: 909053
Chunk bitrate: 13 349952
Buffer size: 13 56001
Chunk bitrate: 13 349952
Buffer size: 14 56001
Download Time: 655650
Chunk bitrate: 14 600000
Buffer size: 14 60001
Chunk bitrate: 14 600000
Buffer size: 15 60001
Download Time: 650532
Chunk bitrate: 15 600000
Buffer size: 16 64001
Download Time: 909062
Chunk bitrate: 16 1000000
Buffer size: 16 68001
Chunk bitrate: 16 1000000
Buffer size: 17 68001
Download Time: 943420
Chunk bitrate: 17 1000000
Buffer size: 18 72001
Download Time: 1337793
Chunk bitrate: 18 349952
Buffer size: 18 76001
Chunk bitrate: 18 349952
Buffer size: 19 76001
Download Time: 456789
Chunk bitrate: 19 349952
Buffer size: 20 80001
Download Time: 684398
Chunk bitrate: 20 600000
Buffer size: 20 84001
Chunk bitrate: 20 600000
Buffer size: 21 84001
Download Time: 552707
Chunk bitrate: 21 600000
Buffer size: 22 88001
Download Time: 944951
Chunk bitrate: 22 600000
Buffer size: 23 92001
Download Time: 1068766
Chunk bitrate: 23 1000000
Buffer size: 23 96001
Chunk bitrate: 23 1000000
Buffer size: 24 96001
Download Time: 1299412
Chunk bitrate: 24 600000
Buffer size: 24 100001
Chunk bitrate: 24 600000
Buffer size: 25 100001
Download Time: 808666
Chunk bitrate: 25 600000
Buffer size: 26 104001
Download Time: 1044641
Chunk bitrate: 26 600000
Buffer size: 27 108001
Download Time: 1075542
Chunk bitrate: 27 600000
Buffer size: 28 112001
Download Time: 810023
Chunk bitrate: 28 1000000
Buffer size: 28 116001
Chunk bitrate: 28 1000000
Buffer size: 29 116001
Download Time: 1710242
Chunk bitrate: 29 349952
Buffer size: 29 120001
Chunk bitrate: 29 349952
Buffer size: 30 120001
Download Time: 356235
[00007f0528003378] core mux error: cannot add this stream
[00007f0528070298] core decoder error: cannot create packetizer output (h264)
Chunk bitrate: 30 600000
Buffer size: 30 124001
Chunk bitrate: 30 600000
Buffer size: 31 124001
Download Time: 1041410
[00007f0528003378] core mux error: cannot add this stream
[00007f05280cfdd8] core decoder error: cannot create packetizer output (h264)
Chunk bitrate: 31 349952
Buffer size: 31 128001
Chunk bitrate: 31 349952
Buffer size: 32 128001
Download Time: 427678
[00007f0528003378] core mux error: cannot add this stream
[00007f0528071728] core decoder error: cannot create packetizer output (h264)
Chunk bitrate: 32 349952
Buffer size: 33 132001
Download Time: 324654
Chunk bitrate: 33 600000
Buffer size: 33 136001
Chunk bitrate: 33 600000
Buffer size: 34 136001
Download Time: 814696
[00007f0528003378] core mux error: cannot add this stream
[00007f05280dd0a8] core decoder error: cannot create packetizer output (h264)
Chunk bitrate: 34 1000000
Buffer size: 34 140001
Chunk bitrate: 34 1000000
Buffer size: 35 140001
Download Time: 1197760
[00007f0528003378] core mux error: cannot add this stream
[00007f05280cda48] core decoder error: cannot create packetizer output (h264)
Chunk bitrate: 35 1000000
Buffer size: 36 144001
Download Time: 1112003
Chunk bitrate: 36 1000000
Buffer size: 37 148001
Download Time: 1459966
Chunk bitrate: 37 600000
Buffer size: 37 152001
Chunk bitrate: 37 600000
Buffer size: 38 152001
Download Time: 1200031
[00007f0528003378] core mux error: cannot add this stream
[00007f05280d5c98] core decoder error: cannot create packetizer output (h264)
Chunk bitrate: 38 1000000
Buffer size: 38 156001
Chunk bitrate: 38 1000000
Buffer size: 39 156001
Download Time: 945859
[00007f0528003378] core mux error: cannot add this stream
[00007f0528123d78] core decoder error: cannot create packetizer output (h264)
Chunk bitrate: 39 1000000
Buffer size: 40 160001
Download Time: 1339347
Chunk bitrate: 40 600000
Buffer size: 40 164001
Chunk bitrate: 40 600000
Buffer size: 41 164001
Download Time: 946158
[00007f0528003378] core mux error: cannot add this stream
[00007f05280df228] core decoder error: cannot create packetizer output (h264)
Chunk bitrate: 41 349952
Buffer size: 41 168001
Chunk bitrate: 41 349952
Buffer size: 42 168001
Download Time: 489439
[00007f0528003378] core mux error: cannot add this stream
[00007f05280e4778] core decoder error: cannot create packetizer output (h264)
Chunk bitrate: 42 349952
Buffer size: 43 172001
Download Time: 679614
Chunk bitrate: 43 600000
Buffer size: 43 176001
Chunk bitrate: 43 600000
Buffer size: 44 176001
Download Time: 520318
[00007f0528003378] core mux error: cannot add this stream
[00007f0528109dd8] core decoder error: cannot create packetizer output (h264)
Chunk bitrate: 44 600000
Buffer size: 45 180001
Download Time: 880075
Chunk bitrate: 45 600000
Buffer size: 46 184001
Download Time: 1142926
Chunk bitrate: 46 600000
Buffer size: 47 188001
Download Time: 744299
Chunk bitrate: 47 1000000
Buffer size: 47 192001
Chunk bitrate: 47 1000000
Buffer size: 48 192001
Download Time: 972416
[00007f0528003378] core mux error: cannot add this stream
[00007f052810fd88] core decoder error: cannot create packetizer output (h264)
Chunk bitrate: 48 600000
Buffer size: 48 196001
Chunk bitrate: 48 600000
Buffer size: 49 196001
Download Time: 1108578
[00007f0528003378] core mux error: cannot add this stream
[00007f0528112488] core decoder error: cannot create packetizer output (h264)
Chunk bitrate: 49 349952
Buffer size: 49 200001
Chunk bitrate: 49 349952
Buffer size: 50 200001
Download Time: 422784
[00007f0528003378] core mux error: cannot add this stream
[00007f05280830e8] core decoder error: cannot create packetizer output (h264)
Chunk bitrate: 50 349952
Buffer size: 51 204001
Download Time: 451547
Chunk bitrate: 51 600000
Buffer size: 51 208001
Chunk bitrate: 51 600000
Buffer size: 52 208001
Download Time: 619971
[00007f0528003378] core mux error: cannot add this stream
[00007f052811ae18] core decoder error: cannot create packetizer output (h264)
Chunk bitrate: 52 1000000
Buffer size: 52 212001
Chunk bitrate: 52 1000000
Buffer size: 53 212001
Download Time: 817161
[00007f0528003378] core mux error: cannot add this stream
[00007f0528142ec8] core decoder error: cannot create packetizer output (h264)
Chunk bitrate: 53 600000
Buffer size: 53 216001
Chunk bitrate: 53 600000
Buffer size: 54 216001
Download Time: 679790
[00007f0528003378] core mux error: cannot add this stream
[00007f052811a838] core decoder error: cannot create packetizer output (h264)
Chunk bitrate: 54 1000000
Buffer size: 54 220001
Chunk bitrate: 54 1000000
Buffer size: 55 220001
Download Time: 1043812
[00007f0528003378] core mux error: cannot add this stream
[00007f05280e7258] core decoder error: cannot create packetizer output (h264)
Chunk bitrate: 55 600000
Buffer size: 55 224001
Chunk bitrate: 55 600000
Buffer size: 56 224001
Download Time: 907053
[00007f0528003378] core mux error: cannot add this stream
[00007f0528124c08] core decoder error: cannot create packetizer output (h264)
Chunk bitrate: 56 1000000
Buffer size: 56 228001
Chunk bitrate: 56 1000000
Buffer size: 57 228001
Download Time: 653518
[00007f0528003378] core mux error: cannot add this stream
[00007f0528132668] core decoder error: cannot create packetizer output (h264)
Chunk bitrate: 57 1000000
Buffer size: 58 232001
Download Time: 555009
Chunk bitrate: 58 349952
Buffer size: 58 236001
Chunk bitrate: 58 349952
Buffer size: 59 236001
Download Time: 619405
[00007f0528003378] core mux error: cannot add this stream
[00007f05280b52d8] core decoder error: cannot create packetizer output (h264)
Chunk bitrate: 59 349952
Buffer size: 60 240001
Download Time: 584734
Chunk bitrate: 60 1000000
Buffer size: 60 244001
Chunk bitrate: 60 1000000
Buffer size: 61 244001
Download Time: 1146153
[00007f0528003378] core mux error: cannot add this stream
[00007f052815d228] core decoder error: cannot create packetizer output (h264)
Chunk bitrate: 61 600000
Buffer size: 61 248001
Chunk bitrate: 61 600000
Buffer size: 62 248001
Download Time: 393429
[00007f0528003378] core mux error: cannot add this stream
[00007f0528116b28] core decoder error: cannot create packetizer output (h264)
Chunk bitrate: 62 600000
Buffer size: 63 252001
Download Time: 452997
Chunk bitrate: 63 600000
Buffer size: 64 256001
Download Time: 516362
Chunk bitrate: 64 349952
Buffer size: 64 260001
Chunk bitrate: 64 349952
Buffer size: 65 260001
[00007f0528003378] ps mux: Close
[00007f0530032958] idummy demux: command `quit'
[0000000001d2a768] [cli] lua interface error: Error loading script /home/cs244/vlc/share/lua/intf/cli.luac: lua/intf/modules/host.lua:286: Interrupted.
