[00000000025ad1e8] core interface error: no suitable interface module
[00000000024e4338] core libvlc error: interface "globalhotkeys,none" initialization failed
[00000000025ad1e8] dbus interface error: Failed to connect to the D-Bus session daemon: Unable to autolaunch a dbus-daemon without a $DISPLAY for X11
[00000000025ad1e8] core interface error: no suitable interface module
[00000000024e4338] core libvlc error: interface "dbus,none" initialization failed
[00000000024e4338] core libvlc: Running vlc with the default interface. Use 'cvlc' to use vlc without interface.
[00000000025ad1e8] qt interface error: Could not connect to X server
[00000000025ad1e8] skins2 interface error: cannot initialize OSFactory
[00000000025ad1e8] [cli] lua interface: Listening on host "*console".
VLC media player 3.0.0-git Vetinari
Command Line Interface initialized. Type `help' for help.
> [00007fbb38003378] ps mux: Open
making a DASHManager
new ratebased adaptionlogic
Chunk bitrate: 0 349952
Buffer size: 0 0
Chunk bitrate: 0 349952
Buffer size: 0 0
[00007fbb380276e8] mp4 demux: Fragment sequence discontinuity detected 0 != 2
Download Time: 456766
[00007fbb38019118] mp4 demux: Fragment sequence discontinuity detected 0 != 2
Startup Time: 1050000
Chunk bitrate: 0 600000
Buffer size: 0 4001
Chunk bitrate: 0 600000
Buffer size: 1 4001
Download Time: 913779
Chunk bitrate: 1 600000
Buffer size: 2 8001
Download Time: 749160
Chunk bitrate: 2 1000000
Buffer size: 2 12001
Chunk bitrate: 2 1000000
Buffer size: 3 12001
Download Time: 1920070
Chunk bitrate: 3 349952
Buffer size: 3 16001
Chunk bitrate: 3 349952
Buffer size: 4 16001
Download Time: 646942
Chunk bitrate: 4 600000
Buffer size: 4 20001
Chunk bitrate: 4 600000
Buffer size: 5 20001
Download Time: 748756
Chunk bitrate: 5 600000
Buffer size: 6 24001
Download Time: 520455
Chunk bitrate: 6 1000000
Buffer size: 6 28001
Chunk bitrate: 6 1000000
Buffer size: 7 28001
Download Time: 1075049
Chunk bitrate: 7 1000000
Buffer size: 8 32001
Download Time: 1365694
Chunk bitrate: 8 349952
Buffer size: 8 36001
Chunk bitrate: 8 349952
Buffer size: 9 36001
Download Time: 547881
Chunk bitrate: 9 1000000
Buffer size: 9 40001
Chunk bitrate: 9 1000000
Buffer size: 10 40001
Download Time: 1106030
Chunk bitrate: 10 600000
Buffer size: 10 44001
Chunk bitrate: 10 600000
Buffer size: 11 44001
Download Time: 517576
Chunk bitrate: 11 600000
Buffer size: 12 48001
Download Time: 618533
Chunk bitrate: 12 1000000
Buffer size: 12 52001
Chunk bitrate: 12 1000000
Buffer size: 13 52001
Download Time: 1105643
Chunk bitrate: 13 349952
Buffer size: 13 56001
Chunk bitrate: 13 349952
Buffer size: 14 56001
Download Time: 581546
Chunk bitrate: 14 600000
Buffer size: 14 60001
Chunk bitrate: 14 600000
Buffer size: 15 60001
Download Time: 811274
Chunk bitrate: 15 600000
Buffer size: 16 64001
Download Time: 1075228
Chunk bitrate: 16 600000
Buffer size: 17 68001
Download Time: 1039477
Chunk bitrate: 17 349952
Buffer size: 17 72001
Chunk bitrate: 17 349952
Buffer size: 18 72001
Download Time: 751139
Chunk bitrate: 18 349952
Buffer size: 19 76001
Download Time: 845050
Chunk bitrate: 19 600000
Buffer size: 19 80001
Chunk bitrate: 19 600000
Buffer size: 20 80001
Download Time: 1174062
Chunk bitrate: 20 1000000
Buffer size: 20 84001
Chunk bitrate: 20 1000000
Buffer size: 21 84001
Download Time: 685661
Chunk bitrate: 21 349952
Buffer size: 21 88001
Chunk bitrate: 21 349952
Buffer size: 22 88001
Download Time: 678180
Chunk bitrate: 22 600000
Buffer size: 22 92001
Chunk bitrate: 22 600000
Buffer size: 23 92001
Download Time: 976668
[00007fbb38003378] core mux error: cannot add this stream
[00007fbb38043228] core decoder error: cannot create packetizer output (h264)
Chunk bitrate: 23 349952
Buffer size: 23 96001
Chunk bitrate: 23 349952
Buffer size: 24 96001
Download Time: 457087
[00007fbb38003378] core mux error: cannot add this stream
[00007fbb38042c98] core decoder error: cannot create packetizer output (h264)
Chunk bitrate: 24 600000
Buffer size: 24 100001
Chunk bitrate: 24 600000
Buffer size: 25 100001
Download Time: 880834
[00007fbb38003378] core mux error: cannot add this stream
[00007fbb380e68a8] core decoder error: cannot create packetizer output (h264)
Chunk bitrate: 25 349952
Buffer size: 25 104001
Chunk bitrate: 25 349952
Buffer size: 26 104001
Download Time: 391838
[00007fbb38003378] core mux error: cannot add this stream
[00007fbb380cba68] core decoder error: cannot create packetizer output (h264)
Chunk bitrate: 26 1000000
Buffer size: 26 108001
Chunk bitrate: 26 1000000
Buffer size: 27 108001
Download Time: 679081
[00007fbb38003378] core mux error: cannot add this stream
[00007fbb380bd508] core decoder error: cannot create packetizer output (h264)
Chunk bitrate: 27 600000
Buffer size: 27 112001
Chunk bitrate: 27 600000
Buffer size: 28 112001
Download Time: 649656
[00007fbb38003378] core mux error: cannot add this stream
[00007fbb3804a208] core decoder error: cannot create packetizer output (h264)
Chunk bitrate: 28 600000
Buffer size: 29 116001
Download Time: 680434
Chunk bitrate: 29 1000000
Buffer size: 29 120001
Chunk bitrate: 29 1000000
Buffer size: 30 120001
Download Time: 783192
[00007fbb38003378] core mux error: cannot add this stream
[00007fbb38071d68] core decoder error: cannot create packetizer output (h264)
Chunk bitrate: 30 600000
Buffer size: 30 124001
Chunk bitrate: 30 600000
Buffer size: 31 124001
Download Time: 1843530
[00007fbb38003378] core mux error: cannot add this stream
[00007fbb38053d48] core decoder error: cannot create packetizer output (h264)
Chunk bitrate: 31 600000
Buffer size: 32 128001
Download Time: 973795
Chunk bitrate: 32 349952
Buffer size: 32 132001
Chunk bitrate: 32 349952
Buffer size: 33 132001
Download Time: 485402
[00007fbb38003378] core mux error: cannot add this stream
[00007fbb3808ed18] core decoder error: cannot create packetizer output (h264)
Chunk bitrate: 33 349952
Buffer size: 34 136001
Download Time: 750393
Chunk bitrate: 34 1000000
Buffer size: 34 140001
Chunk bitrate: 34 1000000
Buffer size: 35 140001
Download Time: 1064761
[00007fbb38003378] core mux error: cannot add this stream
[00007fbb380e5ef8] core decoder error: cannot create packetizer output (h264)
Chunk bitrate: 35 1000000
Buffer size: 36 144001
Download Time: 1297033
Chunk bitrate: 36 1000000
Buffer size: 37 148001
Download Time: 1262572
Chunk bitrate: 37 1000000
Buffer size: 38 152001
Download Time: 1075286
Chunk bitrate: 38 2000000
Buffer size: 38 156001
Chunk bitrate: 38 2000000
Buffer size: 39 156001
Download Time: 2140966
[00007fbb38003378] core mux error: cannot add this stream
[00007fbb380b9f88] core decoder error: cannot create packetizer output (h264)
Chunk bitrate: 39 600000
Buffer size: 39 160001
Chunk bitrate: 39 600000
Buffer size: 40 160001
Download Time: 711985
[00007fbb38003378] core mux error: cannot add this stream
[00007fbb38041268] core decoder error: cannot create packetizer output (h264)
Chunk bitrate: 40 349952
Buffer size: 40 164001
Chunk bitrate: 40 349952
Buffer size: 41 164001
Download Time: 485582
[00007fbb38003378] core mux error: cannot add this stream
[00007fbb38086c98] core decoder error: cannot create packetizer output (h264)
Chunk bitrate: 41 1000000
Buffer size: 41 168001
Chunk bitrate: 41 1000000
Buffer size: 42 168001
Download Time: 977318
[00007fbb38003378] core mux error: cannot add this stream
[00007fbb38136848] core decoder error: cannot create packetizer output (h264)
Chunk bitrate: 42 600000
Buffer size: 42 172001
Chunk bitrate: 42 600000
Buffer size: 43 172001
Download Time: 718640
[00007fbb38003378] core mux error: cannot add this stream
[00007fbb380fb908] core decoder error: cannot create packetizer output (h264)
Chunk bitrate: 43 349952
Buffer size: 43 176001
Chunk bitrate: 43 349952
Buffer size: 44 176001
Download Time: 771966
[00007fbb38003378] core mux error: cannot add this stream
[00007fbb380f6528] core decoder error: cannot create packetizer output (h264)
Chunk bitrate: 44 1000000
Buffer size: 44 180001
Chunk bitrate: 44 1000000
Buffer size: 45 180001
Download Time: 1036640
[00007fbb38003378] core mux error: cannot add this stream
[00007fbb38141e08] core decoder error: cannot create packetizer output (h264)
Chunk bitrate: 45 600000
Buffer size: 45 184001
Chunk bitrate: 45 600000
Buffer size: 46 184001
Download Time: 620897
[00007fbb38003378] core mux error: cannot add this stream
[00007fbb3813fbf8] core decoder error: cannot create packetizer output (h264)
Chunk bitrate: 46 1000000
Buffer size: 46 188001
Chunk bitrate: 46 1000000
Buffer size: 47 188001
Download Time: 1365006
[00007fbb38003378] core mux error: cannot add this stream
[00007fbb3813f528] core decoder error: cannot create packetizer output (h264)
Chunk bitrate: 47 600000
Buffer size: 47 192001
Chunk bitrate: 47 600000
Buffer size: 48 192001
Download Time: 718895
[00007fbb38003378] core mux error: cannot add this stream
[00007fbb3814e568] core decoder error: cannot create packetizer output (h264)
Chunk bitrate: 48 349952
Buffer size: 48 196001
Chunk bitrate: 48 349952
Buffer size: 49 196001
Download Time: 715049
[00007fbb38003378] core mux error: cannot add this stream
[00007fbb380395b8] core decoder error: cannot create packetizer output (h264)
Chunk bitrate: 49 600000
Buffer size: 49 200001
Chunk bitrate: 49 600000
Buffer size: 50 200001
Download Time: 1039946
[00007fbb38003378] core mux error: cannot add this stream
[00007fbb3813aaf8] core decoder error: cannot create packetizer output (h264)
Chunk bitrate: 50 600000
Buffer size: 51 204001
Download Time: 685208
Chunk bitrate: 51 1000000
Buffer size: 51 208001
Chunk bitrate: 51 1000000
Buffer size: 52 208001
Download Time: 1401281
[00007fbb38003378] core mux error: cannot add this stream
[00007fbb3814d368] core decoder error: cannot create packetizer output (h264)
Chunk bitrate: 52 600000
Buffer size: 52 212001
Chunk bitrate: 52 600000
Buffer size: 53 212001
Download Time: 750122
[00007fbb38003378] core mux error: cannot add this stream
[00007fbb3812ca68] core decoder error: cannot create packetizer output (h264)
Chunk bitrate: 53 600000
Buffer size: 54 216001
Download Time: 814847
Chunk bitrate: 54 600000
Buffer size: 55 220001
Download Time: 909754
Chunk bitrate: 55 600000
Buffer size: 56 224001
Download Time: 809071
Chunk bitrate: 56 600000
Buffer size: 57 228001
Download Time: 514882
Chunk bitrate: 57 349952
Buffer size: 57 232001
Chunk bitrate: 57 349952
Buffer size: 58 232001
Download Time: 194915
[00007fbb38003378] core mux error: cannot add this stream
[00007fbb38039528] core decoder error: cannot create packetizer output (h264)
Chunk bitrate: 58 600000
Buffer size: 58 236001
Chunk bitrate: 58 600000
Buffer size: 59 236001
Download Time: 908849
[00007fbb38003378] core mux error: cannot add this stream
[00007fbb38044028] core decoder error: cannot create packetizer output (h264)
Chunk bitrate: 59 349952
Buffer size: 59 240001
Chunk bitrate: 59 349952
Buffer size: 60 240001
Download Time: 782010
[00007fbb38003378] core mux error: cannot add this stream
[00007fbb3804b448] core decoder error: cannot create packetizer output (h264)
Chunk bitrate: 60 600000
Buffer size: 60 244001
Chunk bitrate: 60 600000
Buffer size: 61 244001
Download Time: 1098572
[00007fbb38003378] core mux error: cannot add this stream
[00007fbb38107ff8] core decoder error: cannot create packetizer output (h264)
Chunk bitrate: 61 349952
Buffer size: 61 248001
Chunk bitrate: 61 349952
Buffer size: 62 248001
Download Time: 226927
[00007fbb38003378] core mux error: cannot add this stream
[00007fbb38142768] core decoder error: cannot create packetizer output (h264)
Chunk bitrate: 62 1000000
Buffer size: 62 252001
Chunk bitrate: 62 1000000
Buffer size: 63 252001
Download Time: 388208
[00007fbb38003378] core mux error: cannot add this stream
[00007fbb380af068] core decoder error: cannot create packetizer output (h264)
Chunk bitrate: 63 600000
Buffer size: 63 256001
Chunk bitrate: 63 600000
Buffer size: 64 256001
Download Time: 487203
[00007fbb38003378] core mux error: cannot add this stream
[00007fbb380b3e08] core decoder error: cannot create packetizer output (h264)
Chunk bitrate: 64 1000000
Buffer size: 64 260001
Chunk bitrate: 64 1000000
Buffer size: 65 260001
[00007fbb38003378] ps mux: Close
[00007fbb2c0010f8] idummy demux: command `quit'
[00000000025ad1e8] [cli] lua interface error: Error loading script /home/cs244/vlc/share/lua/intf/cli.luac: lua/intf/modules/host.lua:286: Interrupted.
