[000000000166f768] core interface error: no suitable interface module
[00000000015ad338] core libvlc error: interface "globalhotkeys,none" initialization failed
[000000000166f768] dbus interface error: Failed to connect to the D-Bus session daemon: Unable to autolaunch a dbus-daemon without a $DISPLAY for X11
[000000000166f768] core interface error: no suitable interface module
[00000000015ad338] core libvlc error: interface "dbus,none" initialization failed
[00000000015ad338] core libvlc: Running vlc with the default interface. Use 'cvlc' to use vlc without interface.
[000000000166f768] qt interface error: Could not connect to X server
[000000000166f768] skins2 interface error: cannot initialize OSFactory
[000000000166f768] [cli] lua interface: Listening on host "*console".
VLC media player 3.0.0-git Vetinari
Command Line Interface initialized. Type `help' for help.
> [00007fc490003378] ps mux: Open
making a DASHManager
new ratebased adaptionlogic
Chunk bitrate: 0 349952
Buffer size: 0 0
Chunk bitrate: 0 349952
Buffer size: 0 0
[00007fc490017378] mp4 demux: Fragment sequence discontinuity detected 0 != 2
Download Time: 732212
[00007fc490018d98] mp4 demux: Fragment sequence discontinuity detected 0 != 2
Startup Time: 1050000
Chunk bitrate: 0 349952
Buffer size: 1 4001
Download Time: 813734
Chunk bitrate: 1 600000
Buffer size: 1 8001
Chunk bitrate: 1 600000
Buffer size: 2 8001
Download Time: 980130
Chunk bitrate: 2 349952
Buffer size: 2 12001
Chunk bitrate: 2 349952
Buffer size: 3 12001
Download Time: 690059
Chunk bitrate: 3 349952
Buffer size: 4 16001
Download Time: 1103090
Chunk bitrate: 4 349952
Buffer size: 5 20001
Download Time: 1215543
Chunk bitrate: 5 349952
Buffer size: 6 24001
Download Time: 533794
Chunk bitrate: 6 600000
Buffer size: 6 28001
Chunk bitrate: 6 600000
Buffer size: 7 28001
Download Time: 775278
Chunk bitrate: 7 349952
Buffer size: 7 32001
Chunk bitrate: 7 349952
Buffer size: 8 32001
Download Time: 612276
Chunk bitrate: 8 600000
Buffer size: 8 36001
Chunk bitrate: 8 600000
Buffer size: 9 36001
Download Time: 1583477
Chunk bitrate: 9 349952
Buffer size: 9 40001
Download Time: 369341
Chunk bitrate: 9 349952
Buffer size: 10 40001
Download Time: 565965
Chunk bitrate: 10 349952
Buffer size: 11 44001
Download Time: 446189
Chunk bitrate: 11 600000
Buffer size: 11 48001
Chunk bitrate: 11 600000
Buffer size: 12 48001
Download Time: 935345
Chunk bitrate: 12 600000
Buffer size: 13 52001
Download Time: 898731
Chunk bitrate: 13 349952
Buffer size: 13 56001
Chunk bitrate: 13 349952
Buffer size: 14 56001
Download Time: 613575
Chunk bitrate: 14 600000
Buffer size: 14 60001
Chunk bitrate: 14 600000
Buffer size: 15 60001
Download Time: 974841
Chunk bitrate: 15 349952
Buffer size: 15 64001
Chunk bitrate: 15 349952
Buffer size: 16 64001
Download Time: 822547
Chunk bitrate: 16 349952
Buffer size: 17 68001
Download Time: 567286
Chunk bitrate: 17 600000
Buffer size: 17 72001
Chunk bitrate: 17 600000
Buffer size: 18 72001
Download Time: 1020507
Chunk bitrate: 18 1000000
Buffer size: 18 76001
Chunk bitrate: 18 1000000
Buffer size: 19 76001
Download Time: 733637
Chunk bitrate: 19 349952
Buffer size: 19 80001
Chunk bitrate: 19 349952
Buffer size: 20 80001
Download Time: 1182504
Chunk bitrate: 20 349952
Buffer size: 21 84001
Download Time: 611849
Chunk bitrate: 21 600000
Buffer size: 21 88001
Chunk bitrate: 21 600000
Buffer size: 22 88001
Download Time: 942058
Chunk bitrate: 22 349952
Buffer size: 22 92001
Chunk bitrate: 22 349952
Buffer size: 23 92001
Download Time: 697856
Chunk bitrate: 23 349952
Buffer size: 24 96001
Download Time: 2656113
Chunk bitrate: 24 600000
Buffer size: 24 100001
Chunk bitrate: 24 600000
Buffer size: 25 100001
Download Time: 1413026
[00007fc490003378] core mux error: cannot add this stream
[00007fc4900d6dd8] core decoder error: cannot create packetizer output (h264)
Chunk bitrate: 25 600000
Buffer size: 26 104001
Download Time: 932756
Chunk bitrate: 26 1000000
Buffer size: 26 108001
Chunk bitrate: 26 1000000
Buffer size: 27 108001
Download Time: 773236
[00007fc490003378] core mux error: cannot add this stream
[00007fc4900d9908] core decoder error: cannot create packetizer output (h264)
Chunk bitrate: 27 600000
Buffer size: 27 112001
Chunk bitrate: 27 600000
Buffer size: 28 112001
Download Time: 813338
[00007fc490003378] core mux error: cannot add this stream
[00007fc4900e4e28] core decoder error: cannot create packetizer output (h264)
Chunk bitrate: 28 600000
Buffer size: 29 116001
Download Time: 1339203
Chunk bitrate: 29 349952
Buffer size: 29 120001
Chunk bitrate: 29 349952
Buffer size: 30 120001
Download Time: 655390
[00007fc490003378] core mux error: cannot add this stream
[00007fc4900ad338] core decoder error: cannot create packetizer output (h264)
Chunk bitrate: 30 600000
Buffer size: 30 124001
Chunk bitrate: 30 600000
Buffer size: 31 124001
Download Time: 940954
[00007fc490003378] core mux error: cannot add this stream
[00007fc4900cebe8] core decoder error: cannot create packetizer output (h264)
Chunk bitrate: 31 349952
Buffer size: 31 128001
Chunk bitrate: 31 349952
Buffer size: 32 128001
Download Time: 730083
[00007fc490003378] core mux error: cannot add this stream
[00007fc4900d3218] core decoder error: cannot create packetizer output (h264)
Chunk bitrate: 32 349952
Buffer size: 33 132001
Download Time: 1222548
Chunk bitrate: 33 600000
Buffer size: 33 136001
Chunk bitrate: 33 600000
Buffer size: 34 136001
Download Time: 1260490
[00007fc490003378] core mux error: cannot add this stream
[00007fc4900f9a58] core decoder error: cannot create packetizer output (h264)
Chunk bitrate: 34 600000
Buffer size: 35 140001
Download Time: 733289
Chunk bitrate: 35 600000
Buffer size: 36 144001
Download Time: 687553
Chunk bitrate: 36 349952
Buffer size: 36 148001
Chunk bitrate: 36 349952
Buffer size: 37 148001
Download Time: 775286
[00007fc490003378] core mux error: cannot add this stream
[00007fc490093b78] core decoder error: cannot create packetizer output (h264)
Chunk bitrate: 37 349952
Buffer size: 38 152001
Download Time: 408557
Chunk bitrate: 38 2000000
Buffer size: 38 156001
Chunk bitrate: 38 2000000
Buffer size: 39 156001
Download Time: 2205393
[00007fc490003378] core mux error: cannot add this stream
[00007fc4900b6bf8] core decoder error: cannot create packetizer output (h264)
Chunk bitrate: 39 349952
Buffer size: 39 160001
Chunk bitrate: 39 349952
Buffer size: 40 160001
Download Time: 652542
[00007fc490003378] core mux error: cannot add this stream
[00007fc490031468] core decoder error: cannot create packetizer output (h264)
Chunk bitrate: 40 349952
Buffer size: 41 164001
Download Time: 940205
Chunk bitrate: 41 600000
Buffer size: 41 168001
Chunk bitrate: 41 600000
Buffer size: 42 168001
Download Time: 816322
[00007fc490003378] core mux error: cannot add this stream
[00007fc490102588] core decoder error: cannot create packetizer output (h264)
Chunk bitrate: 42 349952
Buffer size: 42 172001
Chunk bitrate: 42 349952
Buffer size: 43 172001
Download Time: 570135
[00007fc490003378] core mux error: cannot add this stream
[00007fc4900e8938] core decoder error: cannot create packetizer output (h264)
Chunk bitrate: 43 600000
Buffer size: 43 176001
Chunk bitrate: 43 600000
Buffer size: 44 176001
Download Time: 1959035
[00007fc490003378] core mux error: cannot add this stream
[00007fc490106798] core decoder error: cannot create packetizer output (h264)
Chunk bitrate: 44 349952
Buffer size: 44 180001
Chunk bitrate: 44 349952
Buffer size: 45 180001
Download Time: 531648
[00007fc490003378] core mux error: cannot add this stream
[00007fc4900a3178] core decoder error: cannot create packetizer output (h264)
Chunk bitrate: 45 349952
Buffer size: 46 184001
Download Time: 646306
Chunk bitrate: 46 600000
Buffer size: 46 188001
Chunk bitrate: 46 600000
Buffer size: 47 188001
Download Time: 1512374
[00007fc490003378] core mux error: cannot add this stream
[00007fc4900e3f68] core decoder error: cannot create packetizer output (h264)
Chunk bitrate: 47 349952
Buffer size: 47 192001
Chunk bitrate: 47 349952
Buffer size: 48 192001
Download Time: 655530
[00007fc490003378] core mux error: cannot add this stream
[00007fc4900f0a68] core decoder error: cannot create packetizer output (h264)
Chunk bitrate: 48 600000
Buffer size: 48 196001
Chunk bitrate: 48 600000
Buffer size: 49 196001
Download Time: 1020422
[00007fc490003378] core mux error: cannot add this stream
[00007fc490119d98] core decoder error: cannot create packetizer output (h264)
Chunk bitrate: 49 600000
Buffer size: 50 200001
Download Time: 1589933
Chunk bitrate: 50 349952
Buffer size: 50 204001
Chunk bitrate: 50 349952
Buffer size: 51 204001
Download Time: 1053424
[00007fc490003378] core mux error: cannot add this stream
[00007fc4900f2968] core decoder error: cannot create packetizer output (h264)
Chunk bitrate: 51 600000
Buffer size: 51 208001
Chunk bitrate: 51 600000
Buffer size: 52 208001
Download Time: 1717283
[00007fc490003378] core mux error: cannot add this stream
[00007fc4901208b8] core decoder error: cannot create packetizer output (h264)
Chunk bitrate: 52 1000000
Buffer size: 52 212001
Chunk bitrate: 52 1000000
Buffer size: 53 212001
Download Time: 1062001
[00007fc490003378] core mux error: cannot add this stream
[00007fc4901486e8] core decoder error: cannot create packetizer output (h264)
Chunk bitrate: 53 600000
Buffer size: 53 216001
Chunk bitrate: 53 600000
Buffer size: 54 216001
Download Time: 1016634
[00007fc490003378] core mux error: cannot add this stream
[00007fc490120638] core decoder error: cannot create packetizer output (h264)
Chunk bitrate: 54 349952
Buffer size: 54 220001
Chunk bitrate: 54 349952
Buffer size: 55 220001
Download Time: 485259
[00007fc490003378] core mux error: cannot add this stream
[00007fc4900f8a48] core decoder error: cannot create packetizer output (h264)
Chunk bitrate: 55 1000000
Buffer size: 55 224001
Chunk bitrate: 55 1000000
Buffer size: 56 224001
Download Time: 1265600
[00007fc490003378] core mux error: cannot add this stream
[00007fc4900f4278] core decoder error: cannot create packetizer output (h264)
Chunk bitrate: 56 1000000
Buffer size: 57 228001
Download Time: 1914040
Chunk bitrate: 57 349952
Buffer size: 57 232001
Download Time: 450748
Chunk bitrate: 57 349952
Buffer size: 58 232001
Download Time: 895195
[00007fc490003378] core mux error: cannot add this stream
[00007fc49006d118] core decoder error: cannot create packetizer output (h264)
Chunk bitrate: 58 600000
Buffer size: 58 236001
Chunk bitrate: 58 600000
Buffer size: 59 236001
Download Time: 1183281
[00007fc490003378] core mux error: cannot add this stream
[00007fc49006c5b8] core decoder error: cannot create packetizer output (h264)
Chunk bitrate: 59 349952
Buffer size: 59 240001
Chunk bitrate: 59 349952
Buffer size: 60 240001
Download Time: 566667
[00007fc490003378] core mux error: cannot add this stream
[00007fc490108248] core decoder error: cannot create packetizer output (h264)
Chunk bitrate: 60 600000
Buffer size: 60 244001
Chunk bitrate: 60 600000
Buffer size: 61 244001
Download Time: 1020371
[00007fc490003378] core mux error: cannot add this stream
[00007fc490139e28] core decoder error: cannot create packetizer output (h264)
Chunk bitrate: 61 600000
Buffer size: 62 248001
Download Time: 241843
Chunk bitrate: 62 349952
Buffer size: 62 252001
Chunk bitrate: 62 349952
Buffer size: 63 252001
Download Time: 365031
[00007fc490003378] core mux error: cannot add this stream
[00007fc4900d4668] core decoder error: cannot create packetizer output (h264)
Chunk bitrate: 63 349952
Buffer size: 64 256001
Download Time: 488602
Chunk bitrate: 64 600000
Buffer size: 64 260001
Chunk bitrate: 64 600000
Buffer size: 65 260001
[00007fc490003378] ps mux: Close
[00007fc4900ce3b8] idummy demux: command `quit'
[000000000166f768] [cli] lua interface error: Error loading script /home/cs244/vlc/share/lua/intf/cli.luac: lua/intf/modules/host.lua:286: Interrupted.
