[0000000000e061e8] core interface error: no suitable interface module
[0000000000d3d338] core libvlc error: interface "globalhotkeys,none" initialization failed
[0000000000e061e8] dbus interface error: Failed to connect to the D-Bus session daemon: Unable to autolaunch a dbus-daemon without a $DISPLAY for X11
[0000000000e061e8] core interface error: no suitable interface module
[0000000000d3d338] core libvlc error: interface "dbus,none" initialization failed
[0000000000d3d338] core libvlc: Running vlc with the default interface. Use 'cvlc' to use vlc without interface.
[0000000000e061e8] qt interface error: Could not connect to X server
[0000000000e061e8] skins2 interface error: cannot initialize OSFactory
[00007f8aa4003378] ps mux: Open
[0000000000e061e8] [cli] lua interface: Listening on host "*console".
VLC media player 3.0.0-git Vetinari
Command Line Interface initialized. Type `help' for help.
> making a DASHManager
new ratebased adaptionlogic
Chunk bitrate: 0 349952
Buffer size: 0 0
Chunk bitrate: 0 349952
Buffer size: 0 0
[00007f8aa4023aa8] mp4 demux: Fragment sequence discontinuity detected 0 != 2
Download Time: 2603795
[00007f8aa4023408] mp4 demux: Fragment sequence discontinuity detected 0 != 2
Startup Time: 1050000
Chunk bitrate: 0 349952
Buffer size: 1 4001
Download Time: 2734276
Chunk bitrate: 1 349952
Buffer size: 2 8001
Download Time: 1755713
Chunk bitrate: 2 349952
Buffer size: 3 12001
Download Time: 2487739
Chunk bitrate: 3 349952
Buffer size: 4 16001
Download Time: 2351556
Chunk bitrate: 4 349952
Buffer size: 5 20001
Download Time: 2812836
Chunk bitrate: 5 349952
Buffer size: 6 24001
Download Time: 2008076
Chunk bitrate: 6 349952
Buffer size: 7 28001
Download Time: 2041661
Chunk bitrate: 7 349952
Buffer size: 8 32001
Download Time: 2611887
Chunk bitrate: 8 349952
Buffer size: 9 36001
Download Time: 2443722
Chunk bitrate: 9 349952
Buffer size: 10 40001
Download Time: 2443225
Chunk bitrate: 10 349952
Buffer size: 11 44001
Download Time: 1875749
Chunk bitrate: 11 349952
Buffer size: 12 48001
Download Time: 2609888
Chunk bitrate: 12 349952
Buffer size: 13 52001
Download Time: 2447626
Chunk bitrate: 13 349952
Buffer size: 14 56001
Download Time: 2437036
Chunk bitrate: 14 349952
Buffer size: 15 60001
Download Time: 1999424
Chunk bitrate: 15 349952
Buffer size: 16 64001
Download Time: 2402856
Chunk bitrate: 16 349952
Buffer size: 17 68001
Download Time: 2035278
Chunk bitrate: 17 349952
Buffer size: 18 72001
Download Time: 2637746
Chunk bitrate: 18 349952
Buffer size: 19 76001
Download Time: 1797928
Chunk bitrate: 19 349952
Buffer size: 20 80001
Download Time: 2608342
Chunk bitrate: 20 349952
Buffer size: 21 84001
Download Time: 1505899
Chunk bitrate: 21 349952
Buffer size: 22 88001
Download Time: 1950226
Chunk bitrate: 22 349952
Buffer size: 23 92001
Download Time: 2322178
Chunk bitrate: 23 349952
Buffer size: 24 96001
Download Time: 2481212
Chunk bitrate: 24 349952
Buffer size: 25 100001
Download Time: 2488672
Chunk bitrate: 25 349952
Buffer size: 26 104001
Download Time: 2241156
Chunk bitrate: 26 349952
Buffer size: 27 108001
Download Time: 1382709
Chunk bitrate: 27 349952
Buffer size: 28 112001
Download Time: 2772873
Chunk bitrate: 28 349952
Buffer size: 29 116001
Download Time: 2687708
Chunk bitrate: 29 349952
Buffer size: 30 120001
Download Time: 2038816
Chunk bitrate: 30 349952
Buffer size: 31 124001
Download Time: 1957769
Chunk bitrate: 31 349952
Buffer size: 32 128001
Download Time: 2771760
Chunk bitrate: 32 349952
Buffer size: 33 132001
Download Time: 2368666
Chunk bitrate: 33 349952
Buffer size: 34 136001
Download Time: 2775649
Chunk bitrate: 34 349952
Buffer size: 35 140001
Download Time: 2154895
Chunk bitrate: 35 349952
Buffer size: 36 144001
Download Time: 2160275
Chunk bitrate: 36 349952
Buffer size: 37 148001
Download Time: 2281746
Chunk bitrate: 37 349952
Buffer size: 38 152001
Download Time: 2366097
Chunk bitrate: 38 349952
Buffer size: 39 156001
Download Time: 2400771
Chunk bitrate: 39 349952
Buffer size: 40 160001
Download Time: 1997526
Chunk bitrate: 40 349952
Buffer size: 41 164001
Download Time: 2527954
Chunk bitrate: 41 349952
Buffer size: 42 168001
Download Time: 2328444
Chunk bitrate: 42 349952
Buffer size: 43 172001
Download Time: 2324005
Chunk bitrate: 43 349952
Buffer size: 44 176001
Download Time: 2243932
Chunk bitrate: 44 349952
Buffer size: 45 180001
Download Time: 2120698
Chunk bitrate: 45 349952
Buffer size: 46 184001
Download Time: 2522899
Chunk bitrate: 46 349952
Buffer size: 47 188001
Download Time: 2157886
Chunk bitrate: 47 349952
Buffer size: 48 192001
Download Time: 2197399
Chunk bitrate: 48 349952
Buffer size: 49 196001
Download Time: 2279022
Chunk bitrate: 49 349952
Buffer size: 50 200001
Download Time: 2402735
Chunk bitrate: 50 349952
Buffer size: 51 204001
Download Time: 2402534
Chunk bitrate: 51 349952
Buffer size: 52 208001
Download Time: 2241307
Chunk bitrate: 52 349952
Buffer size: 53 212001
Download Time: 2197188
Chunk bitrate: 53 349952
Buffer size: 54 216001
Download Time: 2160025
Chunk bitrate: 54 349952
Buffer size: 55 220001
Download Time: 2732925
Chunk bitrate: 55 349952
Buffer size: 56 224001
Download Time: 2247678
Chunk bitrate: 56 349952
Buffer size: 57 228001
Download Time: 1670021
Chunk bitrate: 57 349952
Buffer size: 58 232001
Download Time: 975987
Chunk bitrate: 58 349952
Buffer size: 59 236001
Download Time: 3098607
Chunk bitrate: 59 349952
Buffer size: 60 240001
Download Time: 2159767
Chunk bitrate: 60 349952
Buffer size: 61 244001
Download Time: 2355332
Chunk bitrate: 61 349952
Buffer size: 62 248001
Download Time: 894535
Chunk bitrate: 62 349952
Buffer size: 63 252001
Download Time: 729571
Chunk bitrate: 63 349952
Buffer size: 64 256001
Download Time: 1219994
Chunk bitrate: 64 349952
Buffer size: 65 260001
[00007f8aa4003378] ps mux: Close
[00007f8aa4040728] idummy demux: command `quit'
[0000000000e061e8] [cli] lua interface error: Error loading script /home/cs244/vlc/share/lua/intf/cli.luac: lua/intf/modules/host.lua:286: Interrupted.
