[0000000001597788] core interface error: no suitable interface module
[00000000014d5338] core libvlc error: interface "globalhotkeys,none" initialization failed
[0000000001597788] dbus interface error: Failed to connect to the D-Bus session daemon: Unable to autolaunch a dbus-daemon without a $DISPLAY for X11
[0000000001597788] core interface error: no suitable interface module
[00000000014d5338] core libvlc error: interface "dbus,none" initialization failed
[00000000014d5338] core libvlc: Running vlc with the default interface. Use 'cvlc' to use vlc without interface.
[0000000001597788] qt interface error: Could not connect to X server
[0000000001597788] skins2 interface error: cannot initialize OSFactory
[0000000001597788] [cli] lua interface: Listening on host "*console".
VLC media player 3.0.0-git Vetinari
Command Line Interface initialized. Type `help' for help.
> [00007f77f0003378] ps mux: Open
making a DASHManager
new ratebased adaptionlogic
Chunk bitrate: 0 349952
Buffer size: 0 0
Chunk bitrate: 0 349952
Buffer size: 0 0
[00007f77f0019c88] mp4 demux: Fragment sequence discontinuity detected 0 != 2
Download Time: 696652
[00007f77f001a0c8] mp4 demux: Fragment sequence discontinuity detected 0 != 2
Startup Time: 1050000
Chunk bitrate: 0 349952
Buffer size: 1 4001
Download Time: 937424
Chunk bitrate: 1 1000000
Buffer size: 1 8001
Chunk bitrate: 1 1000000
Buffer size: 2 8001
Download Time: 1102509
Chunk bitrate: 2 600000
Buffer size: 2 12001
Chunk bitrate: 2 600000
Buffer size: 3 12001
Download Time: 1754953
Chunk bitrate: 3 600000
Buffer size: 4 16001
Download Time: 2151875
Chunk bitrate: 4 600000
Buffer size: 5 20001
Download Time: 1092726
Chunk bitrate: 5 349952
Buffer size: 5 24001
Chunk bitrate: 5 349952
Buffer size: 6 24001
Download Time: 409470
Chunk bitrate: 6 600000
Buffer size: 6 28001
Chunk bitrate: 6 600000
Buffer size: 7 28001
Download Time: 894775
Chunk bitrate: 7 600000
Buffer size: 8 32001
Download Time: 1426800
Chunk bitrate: 8 600000
Buffer size: 9 36001
Download Time: 1141737
Chunk bitrate: 9 349952
Buffer size: 9 40001
Chunk bitrate: 9 349952
Buffer size: 10 40001
Download Time: 811728
Chunk bitrate: 10 600000
Buffer size: 10 44001
Chunk bitrate: 10 600000
Buffer size: 11 44001
Download Time: 1343465
Chunk bitrate: 11 600000
Buffer size: 12 48001
Download Time: 1141567
Chunk bitrate: 12 349952
Buffer size: 12 52001
Chunk bitrate: 12 349952
Buffer size: 13 52001
Download Time: 861756
Chunk bitrate: 13 349952
Buffer size: 14 56001
Download Time: 607679
Chunk bitrate: 14 349952
Buffer size: 15 60001
Download Time: 769708
Chunk bitrate: 15 349952
Buffer size: 16 64001
Download Time: 936096
Chunk bitrate: 16 1000000
Buffer size: 16 68001
Download Time: 282700
Chunk bitrate: 16 1000000
Buffer size: 17 68001
Download Time: 1383197
Chunk bitrate: 17 1000000
Buffer size: 18 72001
Download Time: 2403794
Chunk bitrate: 18 600000
Buffer size: 18 76001
Chunk bitrate: 18 600000
Buffer size: 19 76001
Download Time: 1130585
Chunk bitrate: 19 600000
Buffer size: 20 80001
Download Time: 1182444
Chunk bitrate: 20 349952
Buffer size: 20 84001
Chunk bitrate: 20 349952
Buffer size: 21 84001
Download Time: 776772
Chunk bitrate: 21 600000
Buffer size: 21 88001
Chunk bitrate: 21 600000
Buffer size: 22 88001
Download Time: 1011843
Chunk bitrate: 22 600000
Buffer size: 23 92001
Download Time: 1295477
Chunk bitrate: 23 600000
Buffer size: 24 96001
Download Time: 976278
Chunk bitrate: 24 349952
Buffer size: 24 100001
Chunk bitrate: 24 349952
Buffer size: 25 100001
Download Time: 449615
Chunk bitrate: 25 1000000
Buffer size: 25 104001
Chunk bitrate: 25 1000000
Buffer size: 26 104001
Download Time: 1218295
Chunk bitrate: 26 600000
Buffer size: 26 108001
Chunk bitrate: 26 600000
Buffer size: 27 108001
Download Time: 641908
Chunk bitrate: 27 600000
Buffer size: 28 112001
Download Time: 1019513
Chunk bitrate: 28 349952
Buffer size: 28 116001
Chunk bitrate: 28 349952
Buffer size: 29 116001
Download Time: 815567
Chunk bitrate: 29 349952
Buffer size: 30 120001
Download Time: 977867
Download Time: 526884
Chunk bitrate: 30 349952
Buffer size: 31 124001
Download Time: 529528
Chunk bitrate: 31 349952
Buffer size: 32 128001
Download Time: 1056923
Chunk bitrate: 32 600000
Buffer size: 32 132001
Chunk bitrate: 32 600000
Buffer size: 33 132001
Download Time: 1347079
[00007f77f0003378] core mux error: cannot add this stream
[00007f77f00e5988] core decoder error: cannot create packetizer output (h264)
Chunk bitrate: 33 1000000
Buffer size: 33 136001
Chunk bitrate: 33 1000000
Buffer size: 34 136001
Download Time: 1875901
[00007f77f0003378] core mux error: cannot add this stream
[00007f77f007fd88] core decoder error: cannot create packetizer output (h264)
Chunk bitrate: 34 600000
Buffer size: 34 140001
Chunk bitrate: 34 600000
Buffer size: 35 140001
Download Time: 1256555
[00007f77f0003378] core mux error: cannot add this stream
[00007f77f00e92e8] core decoder error: cannot create packetizer output (h264)
Chunk bitrate: 35 349952
Buffer size: 35 144001
Chunk bitrate: 35 349952
Buffer size: 36 144001
Download Time: 693954
[00007f77f0003378] core mux error: cannot add this stream
[00007f77f00df0b8] core decoder error: cannot create packetizer output (h264)
Chunk bitrate: 36 600000
Buffer size: 36 148001
Chunk bitrate: 36 600000
Buffer size: 37 148001
Download Time: 1256980
[00007f77f0003378] core mux error: cannot add this stream
[00007f77f00f5838] core decoder error: cannot create packetizer output (h264)
Chunk bitrate: 37 349952
Buffer size: 37 152001
Chunk bitrate: 37 349952
Buffer size: 38 152001
Download Time: 531561
[00007f77f0003378] core mux error: cannot add this stream
[00007f77f00a7c58] core decoder error: cannot create packetizer output (h264)
Chunk bitrate: 38 1000000
Buffer size: 38 156001
Chunk bitrate: 38 1000000
Buffer size: 39 156001
Download Time: 1097219
[00007f77f0003378] core mux error: cannot add this stream
[00007f77f0121ca8] core decoder error: cannot create packetizer output (h264)
Chunk bitrate: 39 1000000
Buffer size: 40 160001
Download Time: 1875955
Chunk bitrate: 40 600000
Buffer size: 40 164001
Chunk bitrate: 40 600000
Buffer size: 41 164001
Download Time: 2442195
[00007f77f0003378] core mux error: cannot add this stream
[00007f77f0107658] core decoder error: cannot create packetizer output (h264)
Chunk bitrate: 41 600000
Buffer size: 42 168001
Download Time: 1300560
Chunk bitrate: 42 349952
Buffer size: 42 172001
Chunk bitrate: 42 349952
Buffer size: 43 172001
Download Time: 571825
[00007f77f0003378] core mux error: cannot add this stream
[00007f77f00ecc68] core decoder error: cannot create packetizer output (h264)
Chunk bitrate: 43 600000
Buffer size: 43 176001
Chunk bitrate: 43 600000
Buffer size: 44 176001
Download Time: 819075
[00007f77f0003378] core mux error: cannot add this stream
[00007f77f0101b38] core decoder error: cannot create packetizer output (h264)
Chunk bitrate: 44 349952
Buffer size: 44 180001
Chunk bitrate: 44 349952
Buffer size: 45 180001
Download Time: 972259
[00007f77f0003378] core mux error: cannot add this stream
[00007f77f00fda08] core decoder error: cannot create packetizer output (h264)
Chunk bitrate: 45 600000
Buffer size: 45 184001
Chunk bitrate: 45 600000
Buffer size: 46 184001
Download Time: 1299781
[00007f77f0003378] core mux error: cannot add this stream
[00007f77f0110138] core decoder error: cannot create packetizer output (h264)
Chunk bitrate: 46 1000000
Buffer size: 46 188001
Chunk bitrate: 46 1000000
Buffer size: 47 188001
Download Time: 1794903
[00007f77f0003378] core mux error: cannot add this stream
[00007f77f010f8d8] core decoder error: cannot create packetizer output (h264)
Chunk bitrate: 47 349952
Buffer size: 47 192001
Chunk bitrate: 47 349952
Buffer size: 48 192001
Download Time: 487136
[00007f77f0003378] core mux error: cannot add this stream
[00007f77f0102028] core decoder error: cannot create packetizer output (h264)
Chunk bitrate: 48 1000000
Buffer size: 48 196001
Chunk bitrate: 48 1000000
Buffer size: 49 196001
Download Time: 1546749
[00007f77f0003378] core mux error: cannot add this stream
[00007f77f014cd78] core decoder error: cannot create packetizer output (h264)
Chunk bitrate: 49 600000
Buffer size: 49 200001
Chunk bitrate: 49 600000
Buffer size: 50 200001
Download Time: 896429
[00007f77f0003378] core mux error: cannot add this stream
[00007f77f0112a98] core decoder error: cannot create packetizer output (h264)
Chunk bitrate: 50 600000
Buffer size: 51 204001
Download Time: 1508923
Chunk bitrate: 51 349952
Buffer size: 51 208001
Chunk bitrate: 51 349952
Buffer size: 52 208001
Download Time: 771008
[00007f77f0003378] core mux error: cannot add this stream
[00007f77f0109248] core decoder error: cannot create packetizer output (h264)
Chunk bitrate: 52 600000
Buffer size: 52 212001
Chunk bitrate: 52 600000
Buffer size: 53 212001
Download Time: 895410
[00007f77f0003378] core mux error: cannot add this stream
[00007f77f0119ee8] core decoder error: cannot create packetizer output (h264)
Chunk bitrate: 53 349952
Buffer size: 53 216001
Chunk bitrate: 53 349952
Buffer size: 54 216001
Download Time: 602436
Download Time: 932234
[00007f77f0003378] core mux error: cannot add this stream
[00007f77f00e3018] core decoder error: cannot create packetizer output (h264)
Chunk bitrate: 54 349952
Buffer size: 55 220001
Download Time: 693159
Chunk bitrate: 55 349952
Buffer size: 56 224001
Download Time: 979438
Chunk bitrate: 56 1000000
Buffer size: 56 228001
Chunk bitrate: 56 1000000
Buffer size: 57 228001
Download Time: 1425892
[00007f77f0003378] core mux error: cannot add this stream
[00007f77f01322d8] core decoder error: cannot create packetizer output (h264)
Chunk bitrate: 57 349952
Buffer size: 57 232001
Chunk bitrate: 57 349952
Buffer size: 58 232001
Download Time: 490974
[00007f77f0003378] core mux error: cannot add this stream
[00007f77f00f6148] core decoder error: cannot create packetizer output (h264)
Chunk bitrate: 58 600000
Buffer size: 58 236001
Chunk bitrate: 58 600000
Buffer size: 59 236001
Download Time: 1625505
[00007f77f0003378] core mux error: cannot add this stream
[00007f77f00f53b8] core decoder error: cannot create packetizer output (h264)
Chunk bitrate: 59 1000000
Buffer size: 59 240001
Chunk bitrate: 59 1000000
Buffer size: 60 240001
Download Time: 1146985
[00007f77f0003378] core mux error: cannot add this stream
[00007f77f01414d8] core decoder error: cannot create packetizer output (h264)
Chunk bitrate: 60 600000
Buffer size: 60 244001
Chunk bitrate: 60 600000
Buffer size: 61 244001
Download Time: 1099149
[00007f77f0003378] core mux error: cannot add this stream
[00007f77f0157f38] core decoder error: cannot create packetizer output (h264)
Chunk bitrate: 61 1000000
Buffer size: 61 248001
Chunk bitrate: 61 1000000
Buffer size: 62 248001
Download Time: 610745
[00007f77f0003378] core mux error: cannot add this stream
[00007f77f007f9a8] core decoder error: cannot create packetizer output (h264)
Chunk bitrate: 62 600000
Buffer size: 62 252001
Chunk bitrate: 62 600000
Buffer size: 63 252001
Download Time: 527335
[00007f77f0003378] core mux error: cannot add this stream
[00007f77f0053da8] core decoder error: cannot create packetizer output (h264)
Chunk bitrate: 63 600000
Buffer size: 64 256001
Download Time: 1424704
Chunk bitrate: 64 349952
Buffer size: 64 260001
Chunk bitrate: 64 349952
Buffer size: 65 260001
[00007f77f0003378] ps mux: Close
[00007f77fc001648] idummy demux: command `quit'
[0000000001597788] [cli] lua interface error: Error loading script /home/cs244/vlc/share/lua/intf/cli.luac: lua/intf/modules/host.lua:286: Interrupted.
