[0000000000a461e8] core interface error: no suitable interface module
[000000000097d338] core libvlc error: interface "globalhotkeys,none" initialization failed
[0000000000a461e8] dbus interface error: Failed to connect to the D-Bus session daemon: Unable to autolaunch a dbus-daemon without a $DISPLAY for X11
[0000000000a461e8] core interface error: no suitable interface module
[000000000097d338] core libvlc error: interface "dbus,none" initialization failed
[000000000097d338] core libvlc: Running vlc with the default interface. Use 'cvlc' to use vlc without interface.
[0000000000a461e8] qt interface error: Could not connect to X server
[0000000000a461e8] skins2 interface error: cannot initialize OSFactory
[0000000000a461e8] [cli] lua interface: Listening on host "*console".
VLC media player 3.0.0-git Vetinari
Command Line Interface initialized. Type `help' for help.
> [00007fd424003378] ps mux: Open
making a DASHManager
new ratebased adaptionlogic
Chunk bitrate: 0 349952
Buffer size: 0 0
Chunk bitrate: 0 349952
Buffer size: 0 0
[00007fd4240231e8] mp4 demux: Fragment sequence discontinuity detected 0 != 2
Download Time: 815523
[00007fd424018ed8] mp4 demux: Fragment sequence discontinuity detected 0 != 2
Startup Time: 1050000
Chunk bitrate: 0 349952
Buffer size: 1 4001
Download Time: 1181411
Download Time: 610842
Chunk bitrate: 1 349952
Buffer size: 2 8001
Download Time: 444193
Chunk bitrate: 2 600000
Buffer size: 2 12001
Chunk bitrate: 2 600000
Buffer size: 3 12001
Download Time: 1672561
Chunk bitrate: 3 349952
Buffer size: 3 16001
Chunk bitrate: 3 349952
Buffer size: 4 16001
Download Time: 979881
Chunk bitrate: 4 349952
Buffer size: 5 20001
Download Time: 769223
Chunk bitrate: 5 600000
Buffer size: 5 24001
Chunk bitrate: 5 600000
Buffer size: 6 24001
Download Time: 1259436
Chunk bitrate: 6 1000000
Buffer size: 6 28001
Chunk bitrate: 6 1000000
Buffer size: 7 28001
Download Time: 1335869
Chunk bitrate: 7 600000
Buffer size: 7 32001
Chunk bitrate: 7 600000
Buffer size: 8 32001
Download Time: 1098806
Chunk bitrate: 8 349952
Buffer size: 8 36001
Chunk bitrate: 8 349952
Buffer size: 9 36001
Download Time: 732069
Chunk bitrate: 9 600000
Buffer size: 9 40001
Chunk bitrate: 9 600000
Buffer size: 10 40001
Download Time: 935208
Chunk bitrate: 10 600000
Buffer size: 11 44001
Download Time: 1138757
Chunk bitrate: 11 600000
Buffer size: 12 48001
Download Time: 1016602
Chunk bitrate: 12 349952
Buffer size: 12 52001
Chunk bitrate: 12 349952
Buffer size: 13 52001
Download Time: 933358
Chunk bitrate: 13 349952
Buffer size: 14 56001
Download Time: 736816
Chunk bitrate: 14 1000000
Buffer size: 14 60001
Chunk bitrate: 14 1000000
Buffer size: 15 60001
Download Time: 1126268
Chunk bitrate: 15 349952
Buffer size: 15 64001
Chunk bitrate: 15 349952
Buffer size: 16 64001
Download Time: 651250
Chunk bitrate: 16 349952
Buffer size: 17 68001
Download Time: 527746
Chunk bitrate: 17 600000
Buffer size: 17 72001
Chunk bitrate: 17 600000
Buffer size: 18 72001
Download Time: 2069378
Chunk bitrate: 18 349952
Buffer size: 18 76001
Chunk bitrate: 18 349952
Buffer size: 19 76001
Download Time: 534272
Chunk bitrate: 19 600000
Buffer size: 19 80001
Chunk bitrate: 19 600000
Buffer size: 20 80001
Download Time: 1012966
Chunk bitrate: 20 600000
Buffer size: 21 84001
Download Time: 730589
Chunk bitrate: 21 600000
Buffer size: 22 88001
Download Time: 898002
Chunk bitrate: 22 600000
Buffer size: 23 92001
Download Time: 1216568
Chunk bitrate: 23 600000
Buffer size: 24 96001
Download Time: 1300605
Chunk bitrate: 24 600000
Buffer size: 25 100001
Download Time: 1179117
Chunk bitrate: 25 349952
Buffer size: 25 104001
Chunk bitrate: 25 349952
Buffer size: 26 104001
Download Time: 1059739
Chunk bitrate: 26 349952
Buffer size: 27 108001
Download Time: 566915
Chunk bitrate: 27 349952
Buffer size: 28 112001
Download Time: 896198
Chunk bitrate: 28 600000
Buffer size: 28 116001
Chunk bitrate: 28 600000
Buffer size: 29 116001
Download Time: 1239001
Chunk bitrate: 29 349952
Buffer size: 29 120001
Chunk bitrate: 29 349952
Buffer size: 30 120001
Download Time: 524246
[00007fd424003378] core mux error: cannot add this stream
[00007fd4240b6b28] core decoder error: cannot create packetizer output (h264)
Chunk bitrate: 30 349952
Buffer size: 31 124001
Download Time: 524412
Chunk bitrate: 31 600000
Buffer size: 31 128001
Chunk bitrate: 31 600000
Buffer size: 32 128001
Download Time: 1136809
[00007fd424003378] core mux error: cannot add this stream
[00007fd4240f03e8] core decoder error: cannot create packetizer output (h264)
Chunk bitrate: 32 349952
Buffer size: 32 132001
Chunk bitrate: 32 349952
Buffer size: 33 132001
Download Time: 734813
[00007fd424003378] core mux error: cannot add this stream
[00007fd4240768b8] core decoder error: cannot create packetizer output (h264)
Chunk bitrate: 33 349952
Buffer size: 34 136001
Download Time: 895497
Chunk bitrate: 34 600000
Buffer size: 34 140001
Chunk bitrate: 34 600000
Buffer size: 35 140001
Download Time: 1016460
[00007fd424003378] core mux error: cannot add this stream
[00007fd4240a0c98] core decoder error: cannot create packetizer output (h264)
Chunk bitrate: 35 349952
Buffer size: 35 144001
Chunk bitrate: 35 349952
Buffer size: 36 144001
Download Time: 735566
[00007fd424003378] core mux error: cannot add this stream
[00007fd4240ee5c8] core decoder error: cannot create packetizer output (h264)
Chunk bitrate: 36 600000
Buffer size: 36 148001
Chunk bitrate: 36 600000
Buffer size: 37 148001
Download Time: 1180437
[00007fd424003378] core mux error: cannot add this stream
[00007fd4240f8108] core decoder error: cannot create packetizer output (h264)
Chunk bitrate: 37 349952
Buffer size: 37 152001
Chunk bitrate: 37 349952
Buffer size: 38 152001
Download Time: 568322
[00007fd424003378] core mux error: cannot add this stream
[00007fd4240d61c8] core decoder error: cannot create packetizer output (h264)
Chunk bitrate: 38 1000000
Buffer size: 38 156001
Chunk bitrate: 38 1000000
Buffer size: 39 156001
Download Time: 1462081
[00007fd424003378] core mux error: cannot add this stream
[00007fd424124668] core decoder error: cannot create packetizer output (h264)
Chunk bitrate: 39 349952
Buffer size: 39 160001
Chunk bitrate: 39 349952
Buffer size: 40 160001
Download Time: 1130649
[00007fd424003378] core mux error: cannot add this stream
[00007fd4240a5ac8] core decoder error: cannot create packetizer output (h264)
Chunk bitrate: 40 349952
Buffer size: 41 164001
Download Time: 889856
Chunk bitrate: 41 349952
Buffer size: 42 168001
Download Time: 770598
Chunk bitrate: 42 600000
Buffer size: 42 172001
Chunk bitrate: 42 600000
Buffer size: 43 172001
Download Time: 1178499
[00007fd424003378] core mux error: cannot add this stream
[00007fd4241072a8] core decoder error: cannot create packetizer output (h264)
Chunk bitrate: 43 600000
Buffer size: 44 176001
Download Time: 1461148
Chunk bitrate: 44 600000
Buffer size: 45 180001
Download Time: 1299309
Chunk bitrate: 45 600000
Buffer size: 46 184001
Download Time: 1101325
Chunk bitrate: 46 349952
Buffer size: 46 188001
Chunk bitrate: 46 349952
Buffer size: 47 188001
Download Time: 651593
[00007fd424003378] core mux error: cannot add this stream
[00007fd42410aab8] core decoder error: cannot create packetizer output (h264)
Chunk bitrate: 47 349952
Buffer size: 48 192001
Download Time: 606355
Chunk bitrate: 48 600000
Buffer size: 48 196001
Chunk bitrate: 48 600000
Buffer size: 49 196001
Download Time: 1228314
[00007fd424003378] core mux error: cannot add this stream
[00007fd4241157b8] core decoder error: cannot create packetizer output (h264)
Chunk bitrate: 49 600000
Buffer size: 50 200001
Download Time: 1540516
Download Time: 491185
Chunk bitrate: 50 349952
Buffer size: 50 204001
Chunk bitrate: 50 349952
Buffer size: 51 204001
Download Time: 569232
[00007fd424003378] core mux error: cannot add this stream
[00007fd4240940d8] core decoder error: cannot create packetizer output (h264)
Chunk bitrate: 51 600000
Buffer size: 51 208001
Chunk bitrate: 51 600000
Buffer size: 52 208001
Download Time: 812013
[00007fd424003378] core mux error: cannot add this stream
[00007fd42411a298] core decoder error: cannot create packetizer output (h264)
Chunk bitrate: 52 600000
Buffer size: 53 212001
Download Time: 769785
Chunk bitrate: 53 349952
Buffer size: 53 216001
Chunk bitrate: 53 349952
Buffer size: 54 216001
Download Time: 610784
[00007fd424003378] core mux error: cannot add this stream
[00007fd4241172f8] core decoder error: cannot create packetizer output (h264)
Chunk bitrate: 54 600000
Buffer size: 54 220001
Chunk bitrate: 54 600000
Buffer size: 55 220001
Download Time: 1952607
[00007fd424003378] core mux error: cannot add this stream
[00007fd424127cb8] core decoder error: cannot create packetizer output (h264)
Chunk bitrate: 55 600000
Buffer size: 56 224001
Download Time: 1133692
Chunk bitrate: 56 600000
Buffer size: 57 228001
Download Time: 773629
Chunk bitrate: 57 349952
Buffer size: 57 232001
Chunk bitrate: 57 349952
Buffer size: 58 232001
Download Time: 403237
[00007fd424003378] core mux error: cannot add this stream
[00007fd4240ce338] core decoder error: cannot create packetizer output (h264)
Chunk bitrate: 58 600000
Buffer size: 58 236001
Chunk bitrate: 58 600000
Buffer size: 59 236001
Download Time: 1510052
[00007fd424003378] core mux error: cannot add this stream
[00007fd4240cd5a8] core decoder error: cannot create packetizer output (h264)
Chunk bitrate: 59 600000
Buffer size: 60 240001
Download Time: 892777
Chunk bitrate: 60 349952
Buffer size: 60 244001
Chunk bitrate: 60 349952
Buffer size: 61 244001
Download Time: 1420043
[00007fd424003378] core mux error: cannot add this stream
[00007fd4240d3ac8] core decoder error: cannot create packetizer output (h264)
Chunk bitrate: 61 600000
Buffer size: 61 248001
Chunk bitrate: 61 600000
Buffer size: 62 248001
Download Time: 648077
[00007fd424003378] core mux error: cannot add this stream
[00007fd424046198] core decoder error: cannot create packetizer output (h264)
Chunk bitrate: 62 349952
Buffer size: 62 252001
Chunk bitrate: 62 349952
Buffer size: 63 252001
Download Time: 325081
[00007fd424003378] core mux error: cannot add this stream
[00007fd424048c08] core decoder error: cannot create packetizer output (h264)
Chunk bitrate: 63 349952
Buffer size: 64 256001
Download Time: 530431
Chunk bitrate: 64 349952
Buffer size: 65 260001
[00007fd424003378] ps mux: Close
[00007fd4200015a8] idummy demux: command `quit'
[0000000000a461e8] [cli] lua interface error: Error loading script /home/cs244/vlc/share/lua/intf/cli.luac: lua/intf/modules/host.lua:286: Interrupted.
