[0000000000aa21e8] core interface error: no suitable interface module
[00000000009d9338] core libvlc error: interface "globalhotkeys,none" initialization failed
[0000000000aa21e8] dbus interface error: Failed to connect to the D-Bus session daemon: Unable to autolaunch a dbus-daemon without a $DISPLAY for X11
[0000000000aa21e8] core interface error: no suitable interface module
[00000000009d9338] core libvlc error: interface "dbus,none" initialization failed
[00000000009d9338] core libvlc: Running vlc with the default interface. Use 'cvlc' to use vlc without interface.
[0000000000aa21e8] qt interface error: Could not connect to X server
[0000000000aa21e8] skins2 interface error: cannot initialize OSFactory
[0000000000aa21e8] [cli] lua interface: Listening on host "*console".
VLC media player 3.0.0-git Vetinari
Command Line Interface initialized. Type `help' for help.
> [00007fe270003378] ps mux: Open
making a DASHManager
new ratebased adaptionlogic
Chunk bitrate: 0 349952
Buffer size: 0 0
Chunk bitrate: 0 349952
Buffer size: 0 0
[00007fe270019268] mp4 demux: Fragment sequence discontinuity detected 0 != 2
Download Time: 530971
[00007fe270025ea8] mp4 demux: Fragment sequence discontinuity detected 0 != 2
Startup Time: 1050000
Chunk bitrate: 0 600000
Buffer size: 0 4001
Chunk bitrate: 0 600000
Buffer size: 1 4001
Download Time: 1581389
Chunk bitrate: 1 600000
Buffer size: 2 8001
Download Time: 974427
Chunk bitrate: 2 600000
Buffer size: 3 12001
Download Time: 1454956
Chunk bitrate: 3 1000000
Buffer size: 3 16001
Chunk bitrate: 3 1000000
Buffer size: 4 16001
Download Time: 1296848
Chunk bitrate: 4 1000000
Buffer size: 5 20001
Download Time: 1784007
Chunk bitrate: 5 1000000
Buffer size: 6 24001
Download Time: 1293178
Chunk bitrate: 6 600000
Buffer size: 6 28001
Chunk bitrate: 6 600000
Buffer size: 7 28001
Download Time: 1100770
Chunk bitrate: 7 600000
Buffer size: 8 32001
Download Time: 1265090
Chunk bitrate: 8 600000
Buffer size: 9 36001
Download Time: 899103
Chunk bitrate: 9 600000
Buffer size: 10 40001
Download Time: 1169158
Chunk bitrate: 10 600000
Buffer size: 11 44001
Download Time: 1593373
Chunk bitrate: 11 349952
Buffer size: 11 48001
Chunk bitrate: 11 349952
Buffer size: 12 48001
Download Time: 1046262
Download Time: 492395
Chunk bitrate: 12 349952
Buffer size: 13 52001
Download Time: 693057
Chunk bitrate: 13 349952
Buffer size: 14 56001
Download Time: 850813
Chunk bitrate: 14 349952
Buffer size: 15 60001
Download Time: 646680
Chunk bitrate: 15 349952
Buffer size: 16 64001
Download Time: 732921
Chunk bitrate: 16 600000
Buffer size: 16 68001
Chunk bitrate: 16 600000
Buffer size: 17 68001
Download Time: 894308
Chunk bitrate: 17 600000
Buffer size: 18 72001
Download Time: 1419405
Chunk bitrate: 18 349952
Buffer size: 18 76001
Chunk bitrate: 18 349952
Buffer size: 19 76001
Download Time: 405940
Chunk bitrate: 19 349952
Buffer size: 20 80001
Download Time: 895039
Chunk bitrate: 20 349952
Buffer size: 21 84001
Download Time: 533070
Chunk bitrate: 21 349952
Buffer size: 22 88001
Download Time: 901350
Chunk bitrate: 22 349952
Buffer size: 23 92001
Download Time: 649209
Chunk bitrate: 23 600000
Buffer size: 23 96001
Chunk bitrate: 23 600000
Buffer size: 24 96001
Download Time: 1059035
Chunk bitrate: 24 600000
Buffer size: 25 100001
Download Time: 1587869
Chunk bitrate: 25 349952
Buffer size: 25 104001
Chunk bitrate: 25 349952
Buffer size: 26 104001
Download Time: 692377
Chunk bitrate: 26 600000
Buffer size: 26 108001
Chunk bitrate: 26 600000
Buffer size: 27 108001
Download Time: 611689
Chunk bitrate: 27 600000
Buffer size: 28 112001
Download Time: 1471257
Chunk bitrate: 28 349952
Buffer size: 28 116001
Chunk bitrate: 28 349952
Buffer size: 29 116001
Download Time: 530591
Chunk bitrate: 29 349952
Buffer size: 30 120001
Download Time: 899837
Chunk bitrate: 30 600000
Buffer size: 30 124001
Chunk bitrate: 30 600000
Buffer size: 31 124001
Download Time: 1059046
Chunk bitrate: 31 1000000
Buffer size: 31 128001
Chunk bitrate: 31 1000000
Buffer size: 32 128001
Download Time: 1799224
Chunk bitrate: 32 349952
Buffer size: 32 132001
Chunk bitrate: 32 349952
Buffer size: 33 132001
Download Time: 569117
Chunk bitrate: 33 349952
Buffer size: 34 136001
Download Time: 814466
Chunk bitrate: 34 600000
Buffer size: 34 140001
Chunk bitrate: 34 600000
Buffer size: 35 140001
Download Time: 852013
Chunk bitrate: 35 1000000
Buffer size: 35 144001
Chunk bitrate: 35 1000000
Buffer size: 36 144001
Download Time: 1429749
Chunk bitrate: 36 349952
Buffer size: 36 148001
Chunk bitrate: 36 349952
Buffer size: 37 148001
Download Time: 565000
[00007fe270003378] core mux error: cannot add this stream
[00007fe2700385c8] core decoder error: cannot create packetizer output (h264)
Chunk bitrate: 37 349952
Buffer size: 38 152001
Download Time: 897090
Chunk bitrate: 38 1000000
Buffer size: 38 156001
Chunk bitrate: 38 1000000
Buffer size: 39 156001
Download Time: 1266688
[00007fe270003378] core mux error: cannot add this stream
[00007fe27011c508] core decoder error: cannot create packetizer output (h264)
Chunk bitrate: 39 349952
Buffer size: 39 160001
Chunk bitrate: 39 349952
Buffer size: 40 160001
Download Time: 605608
[00007fe270003378] core mux error: cannot add this stream
[00007fe270080dc8] core decoder error: cannot create packetizer output (h264)
Chunk bitrate: 40 349952
Buffer size: 41 164001
Download Time: 694253
Chunk bitrate: 41 600000
Buffer size: 41 168001
Chunk bitrate: 41 600000
Buffer size: 42 168001
Download Time: 1220974
[00007fe270003378] core mux error: cannot add this stream
[00007fe2700f8898] core decoder error: cannot create packetizer output (h264)
Chunk bitrate: 42 349952
Buffer size: 42 172001
Chunk bitrate: 42 349952
Buffer size: 43 172001
Download Time: 937294
[00007fe270003378] core mux error: cannot add this stream
[00007fe2700dbd58] core decoder error: cannot create packetizer output (h264)
Chunk bitrate: 43 349952
Buffer size: 44 176001
Download Time: 606454
Chunk bitrate: 44 600000
Buffer size: 44 180001
Chunk bitrate: 44 600000
Buffer size: 45 180001
Download Time: 1013522
[00007fe270003378] core mux error: cannot add this stream
[00007fe2700ff4d8] core decoder error: cannot create packetizer output (h264)
Chunk bitrate: 45 1000000
Buffer size: 45 184001
Chunk bitrate: 45 1000000
Buffer size: 46 184001
Download Time: 1589921
[00007fe270003378] core mux error: cannot add this stream
[00007fe2700febd8] core decoder error: cannot create packetizer output (h264)
Chunk bitrate: 46 349952
Buffer size: 46 188001
Chunk bitrate: 46 349952
Buffer size: 47 188001
Download Time: 651408
[00007fe270003378] core mux error: cannot add this stream
[00007fe2700d0728] core decoder error: cannot create packetizer output (h264)
Chunk bitrate: 47 349952
Buffer size: 48 192001
Download Time: 782028
Chunk bitrate: 48 349952
Buffer size: 49 196001
Download Time: 689752
Chunk bitrate: 49 349952
Buffer size: 50 200001
Download Time: 607823
Chunk bitrate: 50 600000
Buffer size: 50 204001
Chunk bitrate: 50 600000
Buffer size: 51 204001
Download Time: 1099275
[00007fe270003378] core mux error: cannot add this stream
[00007fe2701097e8] core decoder error: cannot create packetizer output (h264)
Chunk bitrate: 51 349952
Buffer size: 51 208001
Chunk bitrate: 51 349952
Buffer size: 52 208001
Download Time: 774551
[00007fe270003378] core mux error: cannot add this stream
[00007fe2700f13d8] core decoder error: cannot create packetizer output (h264)
Chunk bitrate: 52 600000
Buffer size: 52 212001
Chunk bitrate: 52 600000
Buffer size: 53 212001
Download Time: 1143025
[00007fe270003378] core mux error: cannot add this stream
[00007fe270110e48] core decoder error: cannot create packetizer output (h264)
Chunk bitrate: 53 600000
Buffer size: 54 216001
Download Time: 2032146
Chunk bitrate: 54 349952
Buffer size: 54 220001
Chunk bitrate: 54 349952
Buffer size: 55 220001
Download Time: 967768
[00007fe270003378] core mux error: cannot add this stream
[00007fe2700f4ad8] core decoder error: cannot create packetizer output (h264)
Chunk bitrate: 55 349952
Buffer size: 56 224001
Download Time: 734555
Chunk bitrate: 56 1000000
Buffer size: 56 228001
Chunk bitrate: 56 1000000
Buffer size: 57 228001
Download Time: 1343853
[00007fe270003378] core mux error: cannot add this stream
[00007fe270129378] core decoder error: cannot create packetizer output (h264)
Chunk bitrate: 57 600000
Buffer size: 57 232001
Chunk bitrate: 57 600000
Buffer size: 58 232001
Download Time: 610857
[00007fe270003378] core mux error: cannot add this stream
[00007fe2700c9f78] core decoder error: cannot create packetizer output (h264)
Chunk bitrate: 58 349952
Buffer size: 58 236001
Chunk bitrate: 58 349952
Buffer size: 59 236001
Download Time: 726001
[00007fe270003378] core mux error: cannot add this stream
[00007fe2700c8d38] core decoder error: cannot create packetizer output (h264)
Chunk bitrate: 59 349952
Buffer size: 60 240001
Download Time: 897385
Chunk bitrate: 60 600000
Buffer size: 60 244001
Chunk bitrate: 60 600000
Buffer size: 61 244001
Download Time: 1099852
[00007fe270003378] core mux error: cannot add this stream
[00007fe27012d358] core decoder error: cannot create packetizer output (h264)
Chunk bitrate: 61 600000
Buffer size: 62 248001
Download Time: 1177358
Chunk bitrate: 62 349952
Buffer size: 62 252001
Download Time: 485451
Chunk bitrate: 62 349952
Buffer size: 63 252001
Download Time: 328077
[00007fe270003378] core mux error: cannot add this stream
[00007fe27007f0d8] core decoder error: cannot create packetizer output (h264)
Chunk bitrate: 63 349952
Buffer size: 64 256001
Download Time: 481747
Chunk bitrate: 64 600000
Buffer size: 64 260001
Chunk bitrate: 64 600000
Buffer size: 65 260001
[00007fe270003378] ps mux: Close
[00007fe264000e98] idummy demux: command `quit'
[0000000000aa21e8] [cli] lua interface error: Error loading script /home/cs244/vlc/share/lua/intf/cli.luac: lua/intf/modules/host.lua:286: Interrupted.
