[0000000001d7d548] core interface error: no suitable interface module
[0000000001cb6338] core libvlc error: interface "globalhotkeys,none" initialization failed
[0000000001d7d548] dbus interface error: Failed to connect to the D-Bus session daemon: Unable to autolaunch a dbus-daemon without a $DISPLAY for X11
[0000000001d7d548] core interface error: no suitable interface module
[0000000001cb6338] core libvlc error: interface "dbus,none" initialization failed
[0000000001cb6338] core libvlc: Running vlc with the default interface. Use 'cvlc' to use vlc without interface.
[0000000001d7d548] qt interface error: Could not connect to X server
[0000000001d7d548] skins2 interface error: cannot initialize OSFactory
[0000000001d7d548] [cli] lua interface: Listening on host "*console".
VLC media player 3.0.0-git Vetinari
Command Line Interface initialized. Type `help' for help.
> [00007f5258003378] ps mux: Open
making a DASHManager
new ratebased adaptionlogic
Chunk bitrate: 0 349952
Buffer size: 0 0
Chunk bitrate: 0 349952
Buffer size: 0 0
[00007f5258025458] mp4 demux: Fragment sequence discontinuity detected 0 != 2
Download Time: 296338
[00007f52580184e8] mp4 demux: Fragment sequence discontinuity detected 0 != 2
Startup Time: 1050000
Chunk bitrate: 0 3000000
Buffer size: 0 4001
Chunk bitrate: 0 3000000
Buffer size: 1 4001
Download Time: 2270747
Chunk bitrate: 1 3000000
Buffer size: 2 8001
Download Time: 1903054
Chunk bitrate: 2 3000000
Buffer size: 3 12001
Download Time: 2332672
Chunk bitrate: 3 3000000
Buffer size: 4 16001
Download Time: 1941135
Chunk bitrate: 4 3000000
Buffer size: 5 20001
Download Time: 2482787
Chunk bitrate: 5 3000000
Buffer size: 6 24001
Download Time: 1686461
Chunk bitrate: 6 3000000
Buffer size: 7 28001
Download Time: 1653134
Chunk bitrate: 7 3000000
Buffer size: 8 32001
Download Time: 2617405
Chunk bitrate: 8 3000000
Buffer size: 9 36001
Download Time: 1918087
Chunk bitrate: 9 3000000
Buffer size: 10 40001
Download Time: 2207043
Chunk bitrate: 10 3000000
Buffer size: 11 44001
Download Time: 1919521
Chunk bitrate: 11 3000000
Buffer size: 12 48001
Download Time: 2656356
Chunk bitrate: 12 3000000
Buffer size: 13 52001
Download Time: 2226851
Chunk bitrate: 13 3000000
Buffer size: 14 56001
Download Time: 1880807
Chunk bitrate: 14 3000000
Buffer size: 15 60001
Download Time: 1774240
Chunk bitrate: 15 3000000
Buffer size: 16 64001
Download Time: 2191147
Chunk bitrate: 16 3000000
Buffer size: 17 68001
Download Time: 1830015
Chunk bitrate: 17 3000000
Buffer size: 18 72001
Download Time: 2274866
Chunk bitrate: 18 3000000
Buffer size: 19 76001
Download Time: 1289163
Chunk bitrate: 19 3000000
Buffer size: 20 80001
Download Time: 1963639
Chunk bitrate: 20 3000000
Buffer size: 21 84001
Download Time: 1206317
Chunk bitrate: 21 3000000
Buffer size: 22 88001
Download Time: 1302732
Chunk bitrate: 22 3000000
Buffer size: 23 92001
Download Time: 1869755
Chunk bitrate: 23 3000000
Buffer size: 24 96001
Download Time: 2086889
Chunk bitrate: 24 3000000
Buffer size: 25 100001
Download Time: 2061509
Chunk bitrate: 25 3000000
Buffer size: 26 104001
Download Time: 1947741
Chunk bitrate: 26 3000000
Buffer size: 27 108001
Download Time: 1238319
Chunk bitrate: 27 3000000
Buffer size: 28 112001
Download Time: 1944647
Chunk bitrate: 28 3000000
Buffer size: 29 116001
Download Time: 2416412
Chunk bitrate: 29 3000000
Buffer size: 30 120001
Download Time: 1506191
Chunk bitrate: 30 3000000
Buffer size: 31 124001
Download Time: 1525463
Chunk bitrate: 31 3000000
Buffer size: 32 128001
Download Time: 2479537
Chunk bitrate: 32 3000000
Buffer size: 33 132001
Download Time: 2322339
Chunk bitrate: 33 3000000
Buffer size: 34 136001
Download Time: 2267824
Chunk bitrate: 34 3000000
Buffer size: 35 140001
Download Time: 2067669
Chunk bitrate: 35 3000000
Buffer size: 36 144001
Download Time: 1666137
Chunk bitrate: 36 3000000
Buffer size: 37 148001
Download Time: 2476229
Chunk bitrate: 37 3000000
Buffer size: 38 152001
Download Time: 2341742
Chunk bitrate: 38 3000000
Buffer size: 39 156001
Download Time: 2023414
Chunk bitrate: 39 3000000
Buffer size: 40 160001
Download Time: 1733945
Chunk bitrate: 40 3000000
Buffer size: 41 164001
Download Time: 2345000
Chunk bitrate: 41 3000000
Buffer size: 42 168001
Download Time: 1945531
Chunk bitrate: 42 3000000
Buffer size: 43 172001
Download Time: 2399812
Chunk bitrate: 43 3000000
Buffer size: 44 176001
Download Time: 1183131
Chunk bitrate: 44 3000000
Buffer size: 45 180001
Download Time: 1724425
Chunk bitrate: 45 3000000
Buffer size: 46 184001
Download Time: 2237884
Chunk bitrate: 46 3000000
Buffer size: 47 188001
Download Time: 2089386
Chunk bitrate: 47 3000000
Buffer size: 48 192001
Download Time: 1747815
Chunk bitrate: 48 3000000
Buffer size: 49 196001
Download Time: 2471471
Chunk bitrate: 49 3000000
Buffer size: 50 200001
Download Time: 1875923
Chunk bitrate: 50 3000000
Buffer size: 51 204001
Download Time: 1548593
Chunk bitrate: 51 3000000
Buffer size: 52 208001
Download Time: 2271997
Chunk bitrate: 52 3000000
Buffer size: 53 212001
Download Time: 2144394
Chunk bitrate: 53 3000000
Buffer size: 54 216001
Download Time: 2271993
Chunk bitrate: 54 3000000
Buffer size: 55 220001
Download Time: 2045816
Chunk bitrate: 55 3000000
Buffer size: 56 224001
Download Time: 1781638
Chunk bitrate: 56 3000000
Buffer size: 57 228001
Download Time: 1041364
Chunk bitrate: 57 3000000
Buffer size: 58 232001
Download Time: 654975
Chunk bitrate: 58 3000000
Buffer size: 59 236001
Download Time: 2393594
Chunk bitrate: 59 3000000
Buffer size: 60 240001
Download Time: 1825702
Chunk bitrate: 60 3000000
Buffer size: 61 244001
Download Time: 1903379
Chunk bitrate: 61 3000000
Buffer size: 62 248001
Download Time: 640657
Chunk bitrate: 62 3000000
Buffer size: 63 252001
Download Time: 450033
Chunk bitrate: 63 3000000
Buffer size: 64 256001
Download Time: 801865
Chunk bitrate: 64 3000000
Buffer size: 65 260001
[00007f5258003378] ps mux: Close
[00007f5254001558] idummy demux: command `quit'
[0000000001d7d548] [cli] lua interface error: Error loading script /home/cs244/vlc/share/lua/intf/cli.luac: lua/intf/modules/host.lua:286: Interrupted.
