[000000000195e1a8] core interface error: no suitable interface module
[0000000001895338] core libvlc error: interface "globalhotkeys,none" initialization failed
[000000000195e1a8] dbus interface error: Failed to connect to the D-Bus session daemon: Unable to autolaunch a dbus-daemon without a $DISPLAY for X11
[000000000195e1a8] core interface error: no suitable interface module
[0000000001895338] core libvlc error: interface "dbus,none" initialization failed
[0000000001895338] core libvlc: Running vlc with the default interface. Use 'cvlc' to use vlc without interface.
[000000000195e1a8] qt interface error: Could not connect to X server
[000000000195e1a8] skins2 interface error: cannot initialize OSFactory
[000000000195e1a8] [cli] lua interface: Listening on host "*console".
VLC media player 3.0.0-git Vetinari
Command Line Interface initialized. Type `help' for help.
> [00007f520c003378] ps mux: Open
making a DASHManager
new ratebased adaptionlogic
Chunk bitrate: 0 349952
Buffer size: 0 0
Chunk bitrate: 0 349952
Buffer size: 0 0
[00007f520c025748] mp4 demux: Fragment sequence discontinuity detected 0 != 2
Download Time: 402637
[00007f520c0187d8] mp4 demux: Fragment sequence discontinuity detected 0 != 2
Startup Time: 1050000
Chunk bitrate: 0 1000000
Buffer size: 0 4001
Chunk bitrate: 0 1000000
Buffer size: 1 4001
Download Time: 864561
Chunk bitrate: 1 1000000
Buffer size: 2 8001
Download Time: 626566
Chunk bitrate: 2 2000000
Buffer size: 2 12001
Chunk bitrate: 2 2000000
Buffer size: 3 12001
Download Time: 1641212
Chunk bitrate: 3 2000000
Buffer size: 4 16001
Download Time: 1372118
Chunk bitrate: 4 1000000
Buffer size: 4 20001
Chunk bitrate: 4 1000000
Buffer size: 5 20001
Download Time: 936447
Chunk bitrate: 5 1000000
Buffer size: 6 24001
Download Time: 622349
Chunk bitrate: 6 2000000
Buffer size: 6 28001
Chunk bitrate: 6 2000000
Buffer size: 7 28001
Download Time: 1235461
Chunk bitrate: 7 1000000
Buffer size: 7 32001
Chunk bitrate: 7 1000000
Buffer size: 8 32001
Download Time: 930959
Chunk bitrate: 8 1000000
Buffer size: 9 36001
Download Time: 839781
Chunk bitrate: 9 1000000
Buffer size: 10 40001
Download Time: 734312
Chunk bitrate: 10 1000000
Buffer size: 11 44001
Download Time: 777729
Chunk bitrate: 11 2000000
Buffer size: 11 48001
Chunk bitrate: 11 2000000
Buffer size: 12 48001
Download Time: 1852030
Chunk bitrate: 12 1000000
Buffer size: 12 52001
Chunk bitrate: 12 1000000
Buffer size: 13 52001
Download Time: 808070
Chunk bitrate: 13 1000000
Buffer size: 14 56001
Download Time: 720258
Chunk bitrate: 14 1000000
Buffer size: 15 60001
Download Time: 989992
Chunk bitrate: 15 1000000
Buffer size: 16 64001
Download Time: 828084
Chunk bitrate: 16 1000000
Buffer size: 17 68001
Download Time: 705004
Chunk bitrate: 17 1000000
Buffer size: 18 72001
Download Time: 841866
Chunk bitrate: 18 1000000
Buffer size: 19 76001
Download Time: 502476
Chunk bitrate: 19 1000000
Buffer size: 20 80001
Download Time: 814215
Chunk bitrate: 20 2000000
Buffer size: 20 84001
Chunk bitrate: 20 2000000
Buffer size: 21 84001
Download Time: 908396
Chunk bitrate: 21 1000000
Buffer size: 21 88001
Chunk bitrate: 21 1000000
Buffer size: 22 88001
Download Time: 749418
Chunk bitrate: 22 1000000
Buffer size: 23 92001
Download Time: 865432
Chunk bitrate: 23 1000000
Buffer size: 24 96001
Download Time: 841962
Chunk bitrate: 24 1000000
Buffer size: 25 100001
Download Time: 750559
Chunk bitrate: 25 1000000
Buffer size: 26 104001
Download Time: 714095
Chunk bitrate: 26 1000000
Buffer size: 27 108001
Download Time: 425820
Chunk bitrate: 27 2000000
Buffer size: 27 112001
Chunk bitrate: 27 2000000
Buffer size: 28 112001
Download Time: 1443045
Chunk bitrate: 28 2000000
Buffer size: 29 116001
Download Time: 1672723
Chunk bitrate: 29 1000000
Buffer size: 29 120001
Chunk bitrate: 29 1000000
Buffer size: 30 120001
Download Time: 643706
Chunk bitrate: 30 1000000
Buffer size: 31 124001
Download Time: 662946
Chunk bitrate: 31 1000000
Buffer size: 32 128001
Download Time: 936848
Chunk bitrate: 32 1000000
Buffer size: 33 132001
Download Time: 756930
Chunk bitrate: 33 1000000
Buffer size: 34 136001
Download Time: 846330
Chunk bitrate: 34 1000000
Buffer size: 35 140001
Download Time: 785865
Chunk bitrate: 35 1000000
Buffer size: 36 144001
Download Time: 648902
Chunk bitrate: 36 2000000
Buffer size: 36 148001
Chunk bitrate: 36 2000000
Buffer size: 37 148001
Download Time: 1719132
Chunk bitrate: 37 1000000
Buffer size: 37 152001
Chunk bitrate: 37 1000000
Buffer size: 38 152001
Download Time: 890238
Chunk bitrate: 38 3000000
Buffer size: 38 156001
Chunk bitrate: 38 3000000
Buffer size: 39 156001
Download Time: 2133133
Chunk bitrate: 39 1000000
Buffer size: 39 160001
Chunk bitrate: 39 1000000
Buffer size: 40 160001
Download Time: 674145
Chunk bitrate: 40 1000000
Buffer size: 41 164001
Download Time: 948104
Chunk bitrate: 41 1000000
Buffer size: 42 168001
Download Time: 737392
Chunk bitrate: 42 1000000
Buffer size: 43 172001
Download Time: 978189
Chunk bitrate: 43 1000000
Buffer size: 44 176001
Download Time: 708829
Chunk bitrate: 44 1000000
Buffer size: 45 180001
Download Time: 800127
Chunk bitrate: 45 1000000
Buffer size: 46 184001
Download Time: 817876
Chunk bitrate: 46 1000000
Buffer size: 47 188001
Download Time: 807348
Chunk bitrate: 47 1000000
Buffer size: 48 192001
Download Time: 646249
Chunk bitrate: 48 2000000
Buffer size: 48 196001
Chunk bitrate: 48 2000000
Buffer size: 49 196001
Download Time: 1678356
[00007f520c003378] core mux error: cannot add this stream
[00007f520c040478] core decoder error: cannot create packetizer output (h264)
Chunk bitrate: 49 2000000
Buffer size: 50 200001
Download Time: 1442898
Chunk bitrate: 50 1000000
Buffer size: 50 204001
Download Time: 40294
Chunk bitrate: 50 1000000
Buffer size: 51 204001
Download Time: 585795
[00007f520c003378] core mux error: cannot add this stream
[00007f520c0ede98] core decoder error: cannot create packetizer output (h264)
Chunk bitrate: 51 2000000
Buffer size: 51 208001
Chunk bitrate: 51 2000000
Buffer size: 52 208001
Download Time: 1521826
[00007f520c003378] core mux error: cannot add this stream
[00007f520c057638] core decoder error: cannot create packetizer output (h264)
Chunk bitrate: 52 2000000
Buffer size: 53 212001
Download Time: 1374099
Chunk bitrate: 53 1000000
Buffer size: 53 216001
Chunk bitrate: 53 1000000
Buffer size: 54 216001
Download Time: 863465
[00007f520c003378] core mux error: cannot add this stream
[00007f520c19f9e8] core decoder error: cannot create packetizer output (h264)
Chunk bitrate: 54 1000000
Buffer size: 55 220001
Download Time: 838628
Chunk bitrate: 55 1000000
Buffer size: 56 224001
Download Time: 908583
Chunk bitrate: 56 1000000
Buffer size: 57 228001
Download Time: 571950
Chunk bitrate: 57 1000000
Buffer size: 58 232001
Download Time: 311769
Chunk bitrate: 58 2000000
Buffer size: 58 236001
Chunk bitrate: 58 2000000
Buffer size: 59 236001
Download Time: 1717297
[00007f520c003378] core mux error: cannot add this stream
[00007f520c143608] core decoder error: cannot create packetizer output (h264)
Chunk bitrate: 59 1000000
Buffer size: 59 240001
Chunk bitrate: 59 1000000
Buffer size: 60 240001
Download Time: 737946
[00007f520c003378] core mux error: cannot add this stream
[00007f520c1a1298] core decoder error: cannot create packetizer output (h264)
Chunk bitrate: 60 1000000
Buffer size: 61 244001
Download Time: 716400
Chunk bitrate: 61 1000000
Buffer size: 62 248001
Download Time: 372764
Chunk bitrate: 62 1000000
Buffer size: 63 252001
Download Time: 246926
Chunk bitrate: 63 1000000
Buffer size: 64 256001
Download Time: 405322
Chunk bitrate: 64 2000000
Buffer size: 64 260001
Chunk bitrate: 64 2000000
Buffer size: 65 260001
[00007f520c003378] ps mux: Close
[00007f5208000e98] idummy demux: command `quit'
[000000000195e1a8] [cli] lua interface error: Error loading script /home/cs244/vlc/share/lua/intf/cli.luac: lua/intf/modules/host.lua:286: Interrupted.
