[0000000001a521a8] core interface error: no suitable interface module
[0000000001989338] core libvlc error: interface "globalhotkeys,none" initialization failed
[0000000001a521a8] dbus interface error: Failed to connect to the D-Bus session daemon: Unable to autolaunch a dbus-daemon without a $DISPLAY for X11
[0000000001a521a8] core interface error: no suitable interface module
[0000000001989338] core libvlc error: interface "dbus,none" initialization failed
[0000000001989338] core libvlc: Running vlc with the default interface. Use 'cvlc' to use vlc without interface.
[0000000001a521a8] qt interface error: Could not connect to X server
[0000000001a521a8] skins2 interface error: cannot initialize OSFactory
[0000000001a521a8] [cli] lua interface: Listening on host "*console".
VLC media player 3.0.0-git Vetinari
Command Line Interface initialized. Type `help' for help.
> [00007f7078003378] ps mux: Open
making a DASHManager
new ratebased adaptionlogic
Chunk bitrate: 0 349952
Buffer size: 0 0
Chunk bitrate: 0 349952
Buffer size: 0 0
[00007f70780245f8] mp4 demux: Fragment sequence discontinuity detected 0 != 2
Download Time: 680081
[00007f7078025408] mp4 demux: Fragment sequence discontinuity detected 0 != 2
Startup Time: 1050000
Chunk bitrate: 0 600000
Buffer size: 0 4001
Chunk bitrate: 0 600000
Buffer size: 1 4001
Download Time: 2831055
Chunk bitrate: 1 600000
Buffer size: 2 8001
Download Time: 556475
Chunk bitrate: 2 600000
Buffer size: 3 12001
Download Time: 546385
Chunk bitrate: 3 1000000
Buffer size: 3 16001
Chunk bitrate: 3 1000000
Buffer size: 4 16001
Download Time: 2269280
Chunk bitrate: 4 1000000
Buffer size: 5 20001
Download Time: 2079689
Chunk bitrate: 5 600000
Buffer size: 5 24001
Chunk bitrate: 5 600000
Buffer size: 6 24001
Download Time: 489275
Chunk bitrate: 6 1000000
Buffer size: 6 28001
Chunk bitrate: 6 1000000
Buffer size: 7 28001
Download Time: 672613
Chunk bitrate: 7 1000000
Buffer size: 8 32001
Download Time: 1237557
Chunk bitrate: 8 349952
Buffer size: 8 36001
Chunk bitrate: 8 349952
Buffer size: 9 36001
Download Time: 420788
Chunk bitrate: 9 1000000
Buffer size: 9 40001
Chunk bitrate: 9 1000000
Buffer size: 10 40001
Download Time: 814538
Chunk bitrate: 10 1000000
Buffer size: 11 44001
Download Time: 3440157
Chunk bitrate: 11 1000000
Buffer size: 12 48001
Download Time: 1746451
Chunk bitrate: 12 600000
Buffer size: 12 52001
Chunk bitrate: 12 600000
Buffer size: 13 52001
Download Time: 1140404
Chunk bitrate: 13 1000000
Buffer size: 13 56001
Chunk bitrate: 13 1000000
Buffer size: 14 56001
Download Time: 1225150
Chunk bitrate: 14 600000
Buffer size: 14 60001
Chunk bitrate: 14 600000
Buffer size: 15 60001
Download Time: 982396
Chunk bitrate: 15 349952
Buffer size: 15 64001
Chunk bitrate: 15 349952
Buffer size: 16 64001
Download Time: 776088
Chunk bitrate: 16 349952
Buffer size: 17 68001
Download Time: 651374
Chunk bitrate: 17 349952
Buffer size: 18 72001
Download Time: 566345
Chunk bitrate: 18 600000
Buffer size: 18 76001
Chunk bitrate: 18 600000
Buffer size: 19 76001
Download Time: 693446
Chunk bitrate: 19 349952
Buffer size: 19 80001
Chunk bitrate: 19 349952
Buffer size: 20 80001
Download Time: 613384
Chunk bitrate: 20 600000
Buffer size: 20 84001
Chunk bitrate: 20 600000
Buffer size: 21 84001
Download Time: 774602
Chunk bitrate: 21 600000
Buffer size: 22 88001
Download Time: 812325
Chunk bitrate: 22 349952
Buffer size: 22 92001
Chunk bitrate: 22 349952
Buffer size: 23 92001
Download Time: 693754
Chunk bitrate: 23 600000
Buffer size: 23 96001
Chunk bitrate: 23 600000
Buffer size: 24 96001
Download Time: 1181647
Chunk bitrate: 24 600000
Buffer size: 25 100001
Download Time: 2365363
Chunk bitrate: 25 600000
Buffer size: 26 104001
Download Time: 2326962
Chunk bitrate: 26 1000000
Buffer size: 26 108001
Chunk bitrate: 26 1000000
Buffer size: 27 108001
Download Time: 647291
[00007f7078003378] core mux error: cannot add this stream
[00007f707809d0a8] core decoder error: cannot create packetizer output (h264)
Chunk bitrate: 27 349952
Buffer size: 27 112001
Chunk bitrate: 27 349952
Buffer size: 28 112001
Download Time: 526053
[00007f7078003378] core mux error: cannot add this stream
[00007f7078098588] core decoder error: cannot create packetizer output (h264)
Chunk bitrate: 28 349952
Buffer size: 29 116001
Download Time: 972067
Chunk bitrate: 29 349952
Buffer size: 30 120001
Download Time: 571724
Chunk bitrate: 30 600000
Buffer size: 30 124001
Chunk bitrate: 30 600000
Buffer size: 31 124001
Download Time: 849934
[00007f7078003378] core mux error: cannot add this stream
[00007f70780fbbd8] core decoder error: cannot create packetizer output (h264)
Chunk bitrate: 31 349952
Buffer size: 31 128001
Download Time: 241989
Chunk bitrate: 31 349952
Buffer size: 32 128001
Download Time: 644739
[00007f7078003378] core mux error: cannot add this stream
[00007f707803fd58] core decoder error: cannot create packetizer output (h264)
Chunk bitrate: 32 349952
Buffer size: 33 132001
Download Time: 528216
Chunk bitrate: 33 600000
Buffer size: 33 136001
Chunk bitrate: 33 600000
Buffer size: 34 136001
Download Time: 1124748
[00007f7078003378] core mux error: cannot add this stream
[00007f70780bf448] core decoder error: cannot create packetizer output (h264)
Chunk bitrate: 34 349952
Buffer size: 34 140001
Chunk bitrate: 34 349952
Buffer size: 35 140001
Download Time: 689740
[00007f7078003378] core mux error: cannot add this stream
[00007f70780f4818] core decoder error: cannot create packetizer output (h264)
Chunk bitrate: 35 349952
Buffer size: 36 144001
Download Time: 1022840
Chunk bitrate: 36 349952
Buffer size: 37 148001
Download Time: 776748
Chunk bitrate: 37 600000
Buffer size: 37 152001
Chunk bitrate: 37 600000
Buffer size: 38 152001
Download Time: 1140722
[00007f7078003378] core mux error: cannot add this stream
[00007f70780dabe8] core decoder error: cannot create packetizer output (h264)
Chunk bitrate: 38 1000000
Buffer size: 38 156001
Chunk bitrate: 38 1000000
Buffer size: 39 156001
Download Time: 1382987
[00007f7078003378] core mux error: cannot add this stream
[00007f70780bf658] core decoder error: cannot create packetizer output (h264)
Chunk bitrate: 39 1000000
Buffer size: 40 160001
Download Time: 1302150
Chunk bitrate: 40 349952
Buffer size: 40 164001
Chunk bitrate: 40 349952
Buffer size: 41 164001
Download Time: 651209
[00007f7078003378] core mux error: cannot add this stream
[00007f70780514f8] core decoder error: cannot create packetizer output (h264)
Chunk bitrate: 41 349952
Buffer size: 42 168001
Download Time: 403235
Chunk bitrate: 42 1000000
Buffer size: 42 172001
Chunk bitrate: 42 1000000
Buffer size: 43 172001
Download Time: 1337884
[00007f7078003378] core mux error: cannot add this stream
[00007f7078144698] core decoder error: cannot create packetizer output (h264)
Chunk bitrate: 43 1000000
Buffer size: 44 176001
Download Time: 1177896
Chunk bitrate: 44 1000000
Buffer size: 45 180001
Download Time: 1306655
Chunk bitrate: 45 1000000
Buffer size: 46 184001
Download Time: 1510016
Chunk bitrate: 46 600000
Buffer size: 46 188001
Chunk bitrate: 46 600000
Buffer size: 47 188001
Download Time: 1642260
[00007f7078003378] core mux error: cannot add this stream
[00007f70780d5398] core decoder error: cannot create packetizer output (h264)
Chunk bitrate: 47 349952
Buffer size: 47 192001
Chunk bitrate: 47 349952
Buffer size: 48 192001
Download Time: 611210
[00007f7078003378] core mux error: cannot add this stream
[00007f707809ffa8] core decoder error: cannot create packetizer output (h264)
Chunk bitrate: 48 349952
Buffer size: 49 196001
Download Time: 606601
Chunk bitrate: 49 600000
Buffer size: 49 200001
Chunk bitrate: 49 600000
Buffer size: 50 200001
Download Time: 1051767
[00007f7078003378] core mux error: cannot add this stream
[00007f70781121a8] core decoder error: cannot create packetizer output (h264)
Chunk bitrate: 50 349952
Buffer size: 50 204001
Chunk bitrate: 50 349952
Buffer size: 51 204001
Download Time: 571467
[00007f7078003378] core mux error: cannot add this stream
[00007f70780cbca8] core decoder error: cannot create packetizer output (h264)
Chunk bitrate: 51 600000
Buffer size: 51 208001
Chunk bitrate: 51 600000
Buffer size: 52 208001
Download Time: 935670
[00007f7078003378] core mux error: cannot add this stream
[00007f707811a2b8] core decoder error: cannot create packetizer output (h264)
Chunk bitrate: 52 600000
Buffer size: 53 212001
Download Time: 611378
Chunk bitrate: 53 600000
Buffer size: 54 216001
Download Time: 1264500
Chunk bitrate: 54 600000
Buffer size: 55 220001
Download Time: 777103
Chunk bitrate: 55 600000
Buffer size: 56 224001
Download Time: 1216039
Chunk bitrate: 56 600000
Buffer size: 57 228001
Download Time: 732735
Chunk bitrate: 57 349952
Buffer size: 57 232001
Chunk bitrate: 57 349952
Buffer size: 58 232001
Download Time: 367589
[00007f7078003378] core mux error: cannot add this stream
[00007f707804ca48] core decoder error: cannot create packetizer output (h264)
Chunk bitrate: 58 600000
Buffer size: 58 236001
Chunk bitrate: 58 600000
Buffer size: 59 236001
Download Time: 1100490
[00007f7078003378] core mux error: cannot add this stream
[00007f707804bcb8] core decoder error: cannot create packetizer output (h264)
Chunk bitrate: 59 349952
Buffer size: 59 240001
Chunk bitrate: 59 349952
Buffer size: 60 240001
Download Time: 488258
[00007f7078003378] core mux error: cannot add this stream
[00007f70781282d8] core decoder error: cannot create packetizer output (h264)
Chunk bitrate: 60 349952
Buffer size: 61 244001
Download Time: 778327
Chunk bitrate: 61 600000
Buffer size: 61 248001
Chunk bitrate: 61 600000
Buffer size: 62 248001
Download Time: 328986
[00007f7078003378] core mux error: cannot add this stream
[00007f70780827c8] core decoder error: cannot create packetizer output (h264)
Chunk bitrate: 62 349952
Buffer size: 62 252001
Chunk bitrate: 62 349952
Buffer size: 63 252001
[00007f7078003378] core mux error: cannot add this stream
[00007f707809db28] core decoder error: cannot create packetizer output (h264)
Chunk bitrate: 63 1000000
Buffer size: 63 256001
Chunk bitrate: 63 1000000
Buffer size: 64 256001
Download Time: 571014
[00007f7078003378] core mux error: cannot add this stream
[00007f70780732f8] core decoder error: cannot create packetizer output (h264)
Chunk bitrate: 64 600000
Buffer size: 64 260001
Chunk bitrate: 64 600000
Buffer size: 65 260001
[00007f7078003378] ps mux: Close
[00007f70780c5e28] idummy demux: command `quit'
[0000000001a521a8] [cli] lua interface error: Error loading script /home/cs244/vlc/share/lua/intf/cli.luac: lua/intf/modules/host.lua:286: Interrupted.
