[00000000017c61a8] core interface error: no suitable interface module
[00000000016fd338] core libvlc error: interface "globalhotkeys,none" initialization failed
[00000000017c61a8] dbus interface error: Failed to connect to the D-Bus session daemon: Unable to autolaunch a dbus-daemon without a $DISPLAY for X11
[00000000017c61a8] core interface error: no suitable interface module
[00000000016fd338] core libvlc error: interface "dbus,none" initialization failed
[00000000016fd338] core libvlc: Running vlc with the default interface. Use 'cvlc' to use vlc without interface.
[00000000017c61a8] qt interface error: Could not connect to X server
[00000000017c61a8] skins2 interface error: cannot initialize OSFactory
[00000000017c61a8] [cli] lua interface: Listening on host "*console".
VLC media player 3.0.0-git Vetinari
Command Line Interface initialized. Type `help' for help.
> [00007f89f8003378] ps mux: Open
making a DASHManager
new ratebased adaptionlogic
Chunk bitrate: 0 349952
Buffer size: 0 0
Chunk bitrate: 0 349952
Buffer size: 0 0
[00007f89f8024868] mp4 demux: Fragment sequence discontinuity detected 0 != 2
Download Time: 2447936
[00007f89f8023a58] mp4 demux: Fragment sequence discontinuity detected 0 != 2
Startup Time: 1050000
Chunk bitrate: 0 349952
Buffer size: 1 4001
Download Time: 2607926
Chunk bitrate: 1 349952
Buffer size: 2 8001
Download Time: 1580766
Chunk bitrate: 2 349952
Buffer size: 3 12001
Download Time: 2471211
Chunk bitrate: 3 349952
Buffer size: 4 16001
Download Time: 1859860
Chunk bitrate: 4 349952
Buffer size: 5 20001
Download Time: 2628319
Chunk bitrate: 5 349952
Buffer size: 6 24001
Download Time: 1630908
Chunk bitrate: 6 349952
Buffer size: 7 28001
Download Time: 1753123
Chunk bitrate: 7 349952
Buffer size: 8 32001
Download Time: 2121806
Chunk bitrate: 8 349952
Buffer size: 9 36001
Download Time: 2405992
Chunk bitrate: 9 349952
Buffer size: 10 40001
Download Time: 2505614
Chunk bitrate: 10 349952
Buffer size: 11 44001
Download Time: 1991807
Chunk bitrate: 11 349952
Buffer size: 12 48001
Download Time: 2239361
Chunk bitrate: 12 349952
Buffer size: 13 52001
Download Time: 2000659
Chunk bitrate: 13 349952
Buffer size: 14 56001
Download Time: 2819786
Chunk bitrate: 14 349952
Buffer size: 15 60001
Download Time: 1914835
Chunk bitrate: 15 349952
Buffer size: 16 64001
Download Time: 2083909
Chunk bitrate: 16 349952
Buffer size: 17 68001
Download Time: 1916447
Chunk bitrate: 17 349952
Buffer size: 18 72001
Download Time: 2042201
Chunk bitrate: 18 349952
Buffer size: 19 76001
Download Time: 1550734
Chunk bitrate: 19 349952
Buffer size: 20 80001
Download Time: 2198599
Chunk bitrate: 20 349952
Buffer size: 21 84001
Download Time: 1343456
Chunk bitrate: 21 349952
Buffer size: 22 88001
Download Time: 1589610
Chunk bitrate: 22 349952
Buffer size: 23 92001
Download Time: 2073417
Chunk bitrate: 23 349952
Buffer size: 24 96001
Download Time: 2442405
Chunk bitrate: 24 349952
Buffer size: 25 100001
Download Time: 2283742
Chunk bitrate: 25 349952
Buffer size: 26 104001
Download Time: 2068845
Chunk bitrate: 26 349952
Buffer size: 27 108001
Download Time: 2611110
Chunk bitrate: 27 349952
Buffer size: 28 112001
Download Time: 2281165
Chunk bitrate: 28 349952
Buffer size: 29 116001
Download Time: 2318144
Chunk bitrate: 29 349952
Buffer size: 30 120001
Download Time: 1861375
Chunk bitrate: 30 349952
Buffer size: 31 124001
Download Time: 1831813
Chunk bitrate: 31 349952
Buffer size: 32 128001
Download Time: 2036692
Chunk bitrate: 32 349952
Buffer size: 33 132001
Download Time: 1951972
Chunk bitrate: 33 349952
Buffer size: 34 136001
Download Time: 2279744
Chunk bitrate: 34 349952
Buffer size: 35 140001
Download Time: 1912174
Chunk bitrate: 35 349952
Buffer size: 36 144001
Download Time: 1949487
Chunk bitrate: 36 349952
Buffer size: 37 148001
Download Time: 2123525
Chunk bitrate: 37 349952
Buffer size: 38 152001
Download Time: 2035307
Chunk bitrate: 38 349952
Buffer size: 39 156001
Download Time: 2560257
Chunk bitrate: 39 349952
Buffer size: 40 160001
Download Time: 1955368
Chunk bitrate: 40 349952
Buffer size: 41 164001
Download Time: 2314154
Chunk bitrate: 41 349952
Buffer size: 42 168001
Download Time: 1996344
Chunk bitrate: 42 349952
Buffer size: 43 172001
Download Time: 2283309
Chunk bitrate: 43 349952
Buffer size: 44 176001
Download Time: 1993006
Chunk bitrate: 44 349952
Buffer size: 45 180001
Download Time: 1999039
Chunk bitrate: 45 349952
Buffer size: 46 184001
Download Time: 2197533
Chunk bitrate: 46 349952
Buffer size: 47 188001
Download Time: 2077003
Chunk bitrate: 47 349952
Buffer size: 48 192001
Download Time: 1922879
Chunk bitrate: 48 349952
Buffer size: 49 196001
Download Time: 2159372
Chunk bitrate: 49 349952
Buffer size: 50 200001
Download Time: 2116856
Chunk bitrate: 50 349952
Buffer size: 51 204001
Download Time: 2188870
Chunk bitrate: 51 349952
Buffer size: 52 208001
Download Time: 1874940
Chunk bitrate: 52 349952
Buffer size: 53 212001
Download Time: 1960923
Chunk bitrate: 53 349952
Buffer size: 54 216001
Download Time: 1869774
Chunk bitrate: 54 349952
Buffer size: 55 220001
Download Time: 2350873
Chunk bitrate: 55 349952
Buffer size: 56 224001
Download Time: 2279115
Chunk bitrate: 56 349952
Buffer size: 57 228001
Download Time: 1548902
Chunk bitrate: 57 349952
Buffer size: 58 232001
Download Time: 897026
Chunk bitrate: 58 349952
Buffer size: 59 236001
Download Time: 2810199
Chunk bitrate: 59 349952
Buffer size: 60 240001
Download Time: 2025822
Chunk bitrate: 60 349952
Buffer size: 61 244001
Download Time: 1994795
Chunk bitrate: 61 349952
Buffer size: 62 248001
Download Time: 770523
Chunk bitrate: 62 349952
Buffer size: 63 252001
Download Time: 728343
Chunk bitrate: 63 349952
Buffer size: 64 256001
Download Time: 1050866
Chunk bitrate: 64 349952
Buffer size: 65 260001
[00007f89f8003378] ps mux: Close
[00007f89f40010a8] idummy demux: command `quit'
[00000000017c61a8] [cli] lua interface error: Error loading script /home/cs244/vlc/share/lua/intf/cli.luac: lua/intf/modules/host.lua:286: Interrupted.
