[0000000001fa21a8] core interface error: no suitable interface module
[0000000001ed9338] core libvlc error: interface "globalhotkeys,none" initialization failed
[0000000001fa21a8] dbus interface error: Failed to connect to the D-Bus session daemon: Unable to autolaunch a dbus-daemon without a $DISPLAY for X11
[0000000001fa21a8] core interface error: no suitable interface module
[0000000001ed9338] core libvlc error: interface "dbus,none" initialization failed
[0000000001ed9338] core libvlc: Running vlc with the default interface. Use 'cvlc' to use vlc without interface.
[0000000001fa21a8] qt interface error: Could not connect to X server
[0000000001fa21a8] skins2 interface error: cannot initialize OSFactory
[0000000001fa21a8] [cli] lua interface: Listening on host "*console".
VLC media player 3.0.0-git Vetinari
Command Line Interface initialized. Type `help' for help.
> [00007f1544003378] ps mux: Open
making a DASHManager
new ratebased adaptionlogic
Chunk bitrate: 0 349952
Buffer size: 0 0
Chunk bitrate: 0 349952
Buffer size: 0 0
[00007f1544027988] mp4 demux: Fragment sequence discontinuity detected 0 != 2
Download Time: 776328
[00007f1544017a38] mp4 demux: Fragment sequence discontinuity detected 0 != 2
Startup Time: 1050000
Chunk bitrate: 0 600000
Buffer size: 0 4001
Chunk bitrate: 0 600000
Buffer size: 1 4001
Download Time: 896296
Chunk bitrate: 1 349952
Buffer size: 1 8001
Download Time: 402977
Chunk bitrate: 1 349952
Buffer size: 2 8001
Download Time: 410568
Chunk bitrate: 2 600000
Buffer size: 2 12001
Chunk bitrate: 2 600000
Buffer size: 3 12001
Download Time: 772418
Chunk bitrate: 3 600000
Buffer size: 4 16001
Download Time: 1263887
Chunk bitrate: 4 349952
Buffer size: 4 20001
Chunk bitrate: 4 349952
Buffer size: 5 20001
Download Time: 650658
Chunk bitrate: 5 600000
Buffer size: 5 24001
Chunk bitrate: 5 600000
Buffer size: 6 24001
Download Time: 606850
Chunk bitrate: 6 600000
Buffer size: 7 28001
Download Time: 1063677
Chunk bitrate: 7 349952
Buffer size: 7 32001
Chunk bitrate: 7 349952
Buffer size: 8 32001
Download Time: 694759
Chunk bitrate: 8 600000
Buffer size: 8 36001
Chunk bitrate: 8 600000
Buffer size: 9 36001
Download Time: 1265194
Chunk bitrate: 9 349952
Buffer size: 9 40001
Chunk bitrate: 9 349952
Buffer size: 10 40001
Download Time: 573413
Chunk bitrate: 10 600000
Buffer size: 10 44001
Chunk bitrate: 10 600000
Buffer size: 11 44001
Download Time: 858192
Chunk bitrate: 11 600000
Buffer size: 12 48001
Download Time: 853263
Chunk bitrate: 12 600000
Buffer size: 13 52001
Download Time: 1187491
Chunk bitrate: 13 600000
Buffer size: 14 56001
Download Time: 899717
Chunk bitrate: 14 349952
Buffer size: 14 60001
Chunk bitrate: 14 349952
Buffer size: 15 60001
Download Time: 613677
Chunk bitrate: 15 600000
Buffer size: 15 64001
Chunk bitrate: 15 600000
Buffer size: 16 64001
Download Time: 897368
Chunk bitrate: 16 600000
Buffer size: 17 68001
Download Time: 858341
Chunk bitrate: 17 349952
Buffer size: 17 72001
Chunk bitrate: 17 349952
Buffer size: 18 72001
Download Time: 902032
Chunk bitrate: 18 349952
Buffer size: 19 76001
Download Time: 900124
Chunk bitrate: 19 349952
Buffer size: 20 80001
Download Time: 937394
Chunk bitrate: 20 1000000
Buffer size: 20 84001
Download Time: 124022
Chunk bitrate: 20 1000000
Buffer size: 21 84001
Download Time: 1259497
Chunk bitrate: 21 349952
Buffer size: 21 88001
Chunk bitrate: 21 349952
Buffer size: 22 88001
Download Time: 772207
Download Time: 288189
Chunk bitrate: 22 349952
Buffer size: 23 92001
Download Time: 1503462
Chunk bitrate: 23 349952
Buffer size: 24 96001
Download Time: 693106
Chunk bitrate: 24 600000
Buffer size: 24 100001
Chunk bitrate: 24 600000
Buffer size: 25 100001
Download Time: 1219200
Chunk bitrate: 25 349952
Buffer size: 25 104001
Chunk bitrate: 25 349952
Buffer size: 26 104001
Download Time: 975457
[00007f1544003378] core mux error: cannot add this stream
[00007f154409c668] core decoder error: cannot create packetizer output (h264)
Chunk bitrate: 26 349952
Buffer size: 27 108001
Download Time: 327902
Chunk bitrate: 27 1000000
Buffer size: 27 112001
Chunk bitrate: 27 1000000
Buffer size: 28 112001
Download Time: 1143248
[00007f1544003378] core mux error: cannot add this stream
[00007f1544038538] core decoder error: cannot create packetizer output (h264)
Chunk bitrate: 28 600000
Buffer size: 28 116001
Chunk bitrate: 28 600000
Buffer size: 29 116001
Download Time: 1502083
[00007f1544003378] core mux error: cannot add this stream
[00007f15440eb7a8] core decoder error: cannot create packetizer output (h264)
Chunk bitrate: 29 1000000
Buffer size: 29 120001
Chunk bitrate: 29 1000000
Buffer size: 30 120001
Download Time: 1424803
[00007f1544003378] core mux error: cannot add this stream
[00007f15440fc588] core decoder error: cannot create packetizer output (h264)
Chunk bitrate: 30 349952
Buffer size: 30 124001
Chunk bitrate: 30 349952
Buffer size: 31 124001
Download Time: 766132
Download Time: 242675
[00007f1544003378] core mux error: cannot add this stream
[00007f15440f14b8] core decoder error: cannot create packetizer output (h264)
Chunk bitrate: 31 600000
Buffer size: 31 128001
Chunk bitrate: 31 600000
Buffer size: 32 128001
Download Time: 1223495
[00007f1544003378] core mux error: cannot add this stream
[00007f15440f0cd8] core decoder error: cannot create packetizer output (h264)
Chunk bitrate: 32 600000
Buffer size: 33 132001
Download Time: 1260116
Chunk bitrate: 33 600000
Buffer size: 34 136001
Download Time: 2035108
Chunk bitrate: 34 349952
Buffer size: 34 140001
Chunk bitrate: 34 349952
Buffer size: 35 140001
Download Time: 490681
[00007f1544003378] core mux error: cannot add this stream
[00007f15440ebad8] core decoder error: cannot create packetizer output (h264)
Chunk bitrate: 35 1000000
Buffer size: 35 144001
Chunk bitrate: 35 1000000
Buffer size: 36 144001
Download Time: 1059438
[00007f1544003378] core mux error: cannot add this stream
[00007f1544110148] core decoder error: cannot create packetizer output (h264)
Chunk bitrate: 36 600000
Buffer size: 36 148001
Chunk bitrate: 36 600000
Buffer size: 37 148001
Download Time: 1554808
[00007f1544003378] core mux error: cannot add this stream
[00007f154410fba8] core decoder error: cannot create packetizer output (h264)
Chunk bitrate: 37 349952
Buffer size: 37 152001
Chunk bitrate: 37 349952
Buffer size: 38 152001
Download Time: 533742
[00007f1544003378] core mux error: cannot add this stream
[00007f15440c6358] core decoder error: cannot create packetizer output (h264)
Chunk bitrate: 38 1000000
Buffer size: 38 156001
Chunk bitrate: 38 1000000
Buffer size: 39 156001
Download Time: 1387610
[00007f1544003378] core mux error: cannot add this stream
[00007f15440b2b68] core decoder error: cannot create packetizer output (h264)
Chunk bitrate: 39 349952
Buffer size: 39 160001
Chunk bitrate: 39 349952
Buffer size: 40 160001
Download Time: 453122
[00007f1544003378] core mux error: cannot add this stream
[00007f15440c1178] core decoder error: cannot create packetizer output (h264)
Chunk bitrate: 40 600000
Buffer size: 40 164001
Chunk bitrate: 40 600000
Buffer size: 41 164001
Download Time: 1304244
[00007f1544003378] core mux error: cannot add this stream
[00007f15441101d8] core decoder error: cannot create packetizer output (h264)
Chunk bitrate: 41 349952
Buffer size: 41 168001
Chunk bitrate: 41 349952
Buffer size: 42 168001
Download Time: 692260
[00007f1544003378] core mux error: cannot add this stream
[00007f15440d53b8] core decoder error: cannot create packetizer output (h264)
Chunk bitrate: 42 349952
Buffer size: 43 172001
Download Time: 693128
Chunk bitrate: 43 349952
Buffer size: 44 176001
Download Time: 655702
Chunk bitrate: 44 349952
Buffer size: 45 180001
Download Time: 525406
Chunk bitrate: 45 349952
Buffer size: 46 184001
Download Time: 733065
Chunk bitrate: 46 349952
Buffer size: 47 188001
Download Time: 652534
Chunk bitrate: 47 349952
Buffer size: 48 192001
Download Time: 655473
Chunk bitrate: 48 349952
Buffer size: 49 196001
Download Time: 934726
Chunk bitrate: 49 349952
Buffer size: 50 200001
Download Time: 4722781
Chunk bitrate: 50 349952
Buffer size: 51 204001
Download Time: 530864
Chunk bitrate: 51 600000
Buffer size: 51 208001
Chunk bitrate: 51 600000
Buffer size: 52 208001
Download Time: 691811
[00007f1544003378] core mux error: cannot add this stream
[00007f154411dea8] core decoder error: cannot create packetizer output (h264)
Chunk bitrate: 52 1000000
Buffer size: 52 212001
Chunk bitrate: 52 1000000
Buffer size: 53 212001
Download Time: 2035067
[00007f1544003378] core mux error: cannot add this stream
[00007f15441450a8] core decoder error: cannot create packetizer output (h264)
Chunk bitrate: 53 1000000
Buffer size: 54 216001
Download Time: 1697199
Chunk bitrate: 54 600000
Buffer size: 54 220001
Chunk bitrate: 54 600000
Buffer size: 55 220001
Download Time: 854538
[00007f1544003378] core mux error: cannot add this stream
[00007f1544128798] core decoder error: cannot create packetizer output (h264)
Chunk bitrate: 55 600000
Buffer size: 56 224001
Download Time: 852509
Chunk bitrate: 56 600000
Buffer size: 57 228001
Download Time: 729758
Chunk bitrate: 57 349952
Buffer size: 57 232001
Chunk bitrate: 57 349952
Buffer size: 58 232001
Download Time: 405114
[00007f1544003378] core mux error: cannot add this stream
[00007f154409df88] core decoder error: cannot create packetizer output (h264)
Chunk bitrate: 58 349952
Buffer size: 59 236001
Download Time: 804921
Chunk bitrate: 59 600000
Buffer size: 59 240001
Chunk bitrate: 59 600000
Buffer size: 60 240001
Download Time: 856057
[00007f1544003378] core mux error: cannot add this stream
[00007f154412ef98] core decoder error: cannot create packetizer output (h264)
Chunk bitrate: 60 600000
Buffer size: 61 244001
Download Time: 1422220
Chunk bitrate: 61 349952
Buffer size: 61 248001
Chunk bitrate: 61 349952
Buffer size: 62 248001
Download Time: 530510
[00007f1544003378] core mux error: cannot add this stream
[00007f154409def8] core decoder error: cannot create packetizer output (h264)
Chunk bitrate: 62 600000
Buffer size: 62 252001
Chunk bitrate: 62 600000
Buffer size: 63 252001
Download Time: 364540
[00007f1544003378] core mux error: cannot add this stream
[00007f15440b0fb8] core decoder error: cannot create packetizer output (h264)
Chunk bitrate: 63 600000
Buffer size: 64 256001
Download Time: 532482
Chunk bitrate: 64 349952
Buffer size: 64 260001
Chunk bitrate: 64 349952
Buffer size: 65 260001
[00007f1544003378] ps mux: Close
[00007f15441113b8] idummy demux: command `quit'
[0000000001fa21a8] [cli] lua interface error: Error loading script /home/cs244/vlc/share/lua/intf/cli.luac: lua/intf/modules/host.lua:286: Interrupted.
