[0000000002421548] core interface error: no suitable interface module
[000000000235a338] core libvlc error: interface "globalhotkeys,none" initialization failed
[0000000002421548] dbus interface error: Failed to connect to the D-Bus session daemon: Unable to autolaunch a dbus-daemon without a $DISPLAY for X11
[0000000002421548] core interface error: no suitable interface module
[000000000235a338] core libvlc error: interface "dbus,none" initialization failed
[000000000235a338] core libvlc: Running vlc with the default interface. Use 'cvlc' to use vlc without interface.
[0000000002421548] qt interface error: Could not connect to X server
[0000000002421548] skins2 interface error: cannot initialize OSFactory
[0000000002421548] [cli] lua interface: Listening on host "*console".
VLC media player 3.0.0-git Vetinari
Command Line Interface initialized. Type `help' for help.
> [00007f3b9c003378] ps mux: Open
making a DASHManager
new ratebased adaptionlogic
Chunk bitrate: 0 349952
Buffer size: 0 0
Chunk bitrate: 0 349952
Buffer size: 0 0
[00007f3b9c023de8] mp4 demux: Fragment sequence discontinuity detected 0 != 2
Download Time: 448339
[00007f3b9c025358] mp4 demux: Fragment sequence discontinuity detected 0 != 2
Startup Time: 1050000
Chunk bitrate: 0 1000000
Buffer size: 0 4001
Chunk bitrate: 0 1000000
Buffer size: 1 4001
Download Time: 913517
Chunk bitrate: 1 1000000
Buffer size: 2 8001
Download Time: 608858
Chunk bitrate: 2 1000000
Buffer size: 3 12001
Download Time: 836823
Chunk bitrate: 3 1000000
Buffer size: 4 16001
Download Time: 706945
Chunk bitrate: 4 2000000
Buffer size: 4 20001
Chunk bitrate: 4 2000000
Buffer size: 5 20001
Download Time: 1779171
Chunk bitrate: 5 1000000
Buffer size: 5 24001
Chunk bitrate: 5 1000000
Buffer size: 6 24001
Download Time: 650606
Chunk bitrate: 6 1000000
Buffer size: 7 28001
Download Time: 681784
Chunk bitrate: 7 2000000
Buffer size: 7 32001
Chunk bitrate: 7 2000000
Buffer size: 8 32001
Download Time: 2174067
Chunk bitrate: 8 2000000
Buffer size: 9 36001
Download Time: 1628666
Chunk bitrate: 9 3000000
Buffer size: 9 40001
Chunk bitrate: 9 3000000
Buffer size: 10 40001
Download Time: 2348838
Chunk bitrate: 10 1000000
Buffer size: 10 44001
Chunk bitrate: 10 1000000
Buffer size: 11 44001
Download Time: 791594
Chunk bitrate: 11 1000000
Buffer size: 12 48001
Download Time: 874301
Chunk bitrate: 12 2000000
Buffer size: 12 52001
Chunk bitrate: 12 2000000
Buffer size: 13 52001
Download Time: 1493285
Chunk bitrate: 13 1000000
Buffer size: 13 56001
Chunk bitrate: 13 1000000
Buffer size: 14 56001
Download Time: 728658
Chunk bitrate: 14 1000000
Buffer size: 15 60001
Download Time: 674553
Chunk bitrate: 15 2000000
Buffer size: 15 64001
Chunk bitrate: 15 2000000
Buffer size: 16 64001
Download Time: 1762381
Chunk bitrate: 16 2000000
Buffer size: 17 68001
Download Time: 1320776
Chunk bitrate: 17 1000000
Buffer size: 17 72001
Chunk bitrate: 17 1000000
Buffer size: 18 72001
Download Time: 802262
Chunk bitrate: 18 1000000
Buffer size: 19 76001
Download Time: 499777
Chunk bitrate: 19 1000000
Buffer size: 20 80001
Download Time: 880462
Chunk bitrate: 20 2000000
Buffer size: 20 84001
Chunk bitrate: 20 2000000
Buffer size: 21 84001
Download Time: 941230
Chunk bitrate: 21 2000000
Buffer size: 22 88001
Download Time: 1379195
Chunk bitrate: 22 1000000
Buffer size: 22 92001
Chunk bitrate: 22 1000000
Buffer size: 23 92001
Download Time: 933783
Chunk bitrate: 23 1000000
Buffer size: 24 96001
Download Time: 844474
Chunk bitrate: 24 2000000
Buffer size: 24 100001
Chunk bitrate: 24 2000000
Buffer size: 25 100001
Download Time: 1499632
Chunk bitrate: 25 2000000
Buffer size: 26 104001
Download Time: 1356680
Chunk bitrate: 26 2000000
Buffer size: 27 108001
Download Time: 965218
Chunk bitrate: 27 1000000
Buffer size: 27 112001
Chunk bitrate: 27 1000000
Buffer size: 28 112001
Download Time: 866095
Chunk bitrate: 28 1000000
Buffer size: 29 116001
Download Time: 799041
Chunk bitrate: 29 1000000
Buffer size: 30 120001
Download Time: 604135
Chunk bitrate: 30 1000000
Buffer size: 31 124001
Download Time: 700996
Chunk bitrate: 31 2000000
Buffer size: 31 128001
Chunk bitrate: 31 2000000
Buffer size: 32 128001
Download Time: 1880482
Download Time: 125567
Chunk bitrate: 32 1000000
Buffer size: 32 132001
Chunk bitrate: 32 1000000
Buffer size: 33 132001
Download Time: 841642
[00007f3b9c003378] core mux error: cannot add this stream
[00007f3b9c160208] core decoder error: cannot create packetizer output (h264)
Chunk bitrate: 33 1000000
Buffer size: 34 136001
Download Time: 965194
Chunk bitrate: 34 1000000
Buffer size: 35 140001
Download Time: 713784
Chunk bitrate: 35 1000000
Buffer size: 36 144001
Download Time: 931199
Chunk bitrate: 36 2000000
Buffer size: 36 148001
Chunk bitrate: 36 2000000
Buffer size: 37 148001
Download Time: 2053728
[00007f3b9c003378] core mux error: cannot add this stream
[00007f3b9c084e08] core decoder error: cannot create packetizer output (h264)
Chunk bitrate: 37 2000000
Buffer size: 38 152001
Download Time: 1624639
Chunk bitrate: 38 3000000
Buffer size: 38 156001
Chunk bitrate: 38 3000000
Buffer size: 39 156001
Download Time: 2233465
[00007f3b9c003378] core mux error: cannot add this stream
[00007f3b9c08a868] core decoder error: cannot create packetizer output (h264)
Chunk bitrate: 39 1000000
Buffer size: 39 160001
Chunk bitrate: 39 1000000
Buffer size: 40 160001
Download Time: 796016
[00007f3b9c003378] core mux error: cannot add this stream
[00007f3b9c0501a8] core decoder error: cannot create packetizer output (h264)
Chunk bitrate: 40 2000000
Buffer size: 40 164001
Chunk bitrate: 40 2000000
Buffer size: 41 164001
Download Time: 1689245
[00007f3b9c003378] core mux error: cannot add this stream
[00007f3b9c09bbf8] core decoder error: cannot create packetizer output (h264)
Chunk bitrate: 41 1000000
Buffer size: 41 168001
Chunk bitrate: 41 1000000
Buffer size: 42 168001
Download Time: 752300
[00007f3b9c003378] core mux error: cannot add this stream
[00007f3b9c1422f8] core decoder error: cannot create packetizer output (h264)
Chunk bitrate: 42 1000000
Buffer size: 43 172001
Download Time: 901532
Chunk bitrate: 43 2000000
Buffer size: 43 176001
Chunk bitrate: 43 2000000
Buffer size: 44 176001
Download Time: 1317423
[00007f3b9c003378] core mux error: cannot add this stream
[00007f3b9c0b6ac8] core decoder error: cannot create packetizer output (h264)
Chunk bitrate: 44 2000000
Buffer size: 45 180001
Download Time: 1704495
Chunk bitrate: 45 1000000
Buffer size: 45 184001
Download Time: 93083
Chunk bitrate: 45 1000000
Buffer size: 46 184001
Download Time: 1125371
[00007f3b9c003378] core mux error: cannot add this stream
[00007f3b9c141d38] core decoder error: cannot create packetizer output (h264)
Chunk bitrate: 46 1000000
Buffer size: 47 188001
Download Time: 793629
Chunk bitrate: 47 1000000
Buffer size: 48 192001
Download Time: 620380
Chunk bitrate: 48 1000000
Buffer size: 49 196001
Download Time: 820203
Chunk bitrate: 49 1000000
Buffer size: 50 200001
Download Time: 720797
Chunk bitrate: 50 1000000
Buffer size: 51 204001
Download Time: 622507
Chunk bitrate: 51 1000000
Buffer size: 52 208001
Download Time: 785124
Chunk bitrate: 52 1000000
Buffer size: 53 212001
Download Time: 752021
Chunk bitrate: 53 1000000
Buffer size: 54 216001
Download Time: 885295
Chunk bitrate: 54 1000000
Buffer size: 55 220001
Download Time: 802086
Chunk bitrate: 55 1000000
Buffer size: 56 224001
Download Time: 820780
Chunk bitrate: 56 1000000
Buffer size: 57 228001
Download Time: 633753
Chunk bitrate: 57 2000000
Buffer size: 57 232001
Chunk bitrate: 57 2000000
Buffer size: 58 232001
Download Time: 509467
[00007f3b9c003378] core mux error: cannot add this stream
[00007f3b9c02eaf8] core decoder error: cannot create packetizer output (h264)
Chunk bitrate: 58 1000000
Buffer size: 58 236001
Chunk bitrate: 58 1000000
Buffer size: 59 236001
Download Time: 1223566
[00007f3b9c003378] core mux error: cannot add this stream
[00007f3b9c177468] core decoder error: cannot create packetizer output (h264)
Chunk bitrate: 59 2000000
Buffer size: 59 240001
Chunk bitrate: 59 2000000
Buffer size: 60 240001
Download Time: 1317845
[00007f3b9c003378] core mux error: cannot add this stream
[00007f3b9c082418] core decoder error: cannot create packetizer output (h264)
Chunk bitrate: 60 1000000
Buffer size: 60 244001
Chunk bitrate: 60 1000000
Buffer size: 61 244001
Download Time: 719940
[00007f3b9c003378] core mux error: cannot add this stream
[00007f3b9c0f1648] core decoder error: cannot create packetizer output (h264)
Chunk bitrate: 61 1000000
Buffer size: 62 248001
Download Time: 345546
Chunk bitrate: 62 2000000
Buffer size: 62 252001
Chunk bitrate: 62 2000000
Buffer size: 63 252001
Download Time: 396906
[00007f3b9c003378] core mux error: cannot add this stream
[00007f3b9c08a6b8] core decoder error: cannot create packetizer output (h264)
Chunk bitrate: 63 1000000
Buffer size: 63 256001
Chunk bitrate: 63 1000000
Buffer size: 64 256001
Download Time: 385086
[00007f3b9c003378] core mux error: cannot add this stream
[00007f3b9c08a188] core decoder error: cannot create packetizer output (h264)
Chunk bitrate: 64 1000000
Buffer size: 65 260001
[00007f3b9c003378] ps mux: Close
[00007f3b9c044da8] idummy demux: command `quit'
[0000000002421548] [cli] lua interface error: Error loading script /home/cs244/vlc/share/lua/intf/cli.luac: lua/intf/modules/host.lua:286: Interrupted.
