[0000000000e731e8] core interface error: no suitable interface module
[0000000000daa338] core libvlc error: interface "globalhotkeys,none" initialization failed
[0000000000e731e8] dbus interface error: Failed to connect to the D-Bus session daemon: Unable to autolaunch a dbus-daemon without a $DISPLAY for X11
[0000000000e731e8] core interface error: no suitable interface module
[0000000000daa338] core libvlc error: interface "dbus,none" initialization failed
[0000000000daa338] core libvlc: Running vlc with the default interface. Use 'cvlc' to use vlc without interface.
[0000000000e731e8] qt interface error: Could not connect to X server
[0000000000e731e8] skins2 interface error: cannot initialize OSFactory
[00007fce40003378] ps mux: Open
[0000000000e731e8] [cli] lua interface: Listening on host "*console".
VLC media player 3.0.0-git Vetinari
Command Line Interface initialized. Type `help' for help.
> making a DASHManager
new ratebased adaptionlogic
Chunk bitrate: 0 349952
Buffer size: 0 0
Chunk bitrate: 0 349952
Buffer size: 0 0
[00007fce400197c8] mp4 demux: Fragment sequence discontinuity detected 0 != 2
Download Time: 766141
[00007fce40017948] mp4 demux: Fragment sequence discontinuity detected 0 != 2
Startup Time: 1050000
Chunk bitrate: 0 349952
Buffer size: 1 4001
Download Time: 1260973
Chunk bitrate: 1 349952
Buffer size: 2 8001
Download Time: 530362
Chunk bitrate: 2 600000
Buffer size: 2 12001
Chunk bitrate: 2 600000
Buffer size: 3 12001
Download Time: 772144
Chunk bitrate: 3 349952
Buffer size: 3 16001
Chunk bitrate: 3 349952
Buffer size: 4 16001
Download Time: 646208
Chunk bitrate: 4 349952
Buffer size: 5 20001
Download Time: 650781
Chunk bitrate: 5 600000
Buffer size: 5 24001
Chunk bitrate: 5 600000
Buffer size: 6 24001
Download Time: 853087
Chunk bitrate: 6 349952
Buffer size: 6 28001
Chunk bitrate: 6 349952
Buffer size: 7 28001
Download Time: 448831
Chunk bitrate: 7 600000
Buffer size: 7 32001
Chunk bitrate: 7 600000
Buffer size: 8 32001
Download Time: 1463844
Chunk bitrate: 8 349952
Buffer size: 8 36001
Chunk bitrate: 8 349952
Buffer size: 9 36001
Download Time: 648699
Chunk bitrate: 9 600000
Buffer size: 9 40001
Download Time: 242102
Chunk bitrate: 9 600000
Buffer size: 10 40001
Download Time: 1467877
Chunk bitrate: 10 600000
Buffer size: 11 44001
Download Time: 846509
Chunk bitrate: 11 349952
Buffer size: 11 48001
Chunk bitrate: 11 349952
Buffer size: 12 48001
Download Time: 821567
Chunk bitrate: 12 600000
Buffer size: 12 52001
Chunk bitrate: 12 600000
Buffer size: 13 52001
Download Time: 810874
Chunk bitrate: 13 349952
Buffer size: 13 56001
Chunk bitrate: 13 349952
Buffer size: 14 56001
Download Time: 484471
Chunk bitrate: 14 1000000
Buffer size: 14 60001
Chunk bitrate: 14 1000000
Buffer size: 15 60001
Download Time: 1186059
Chunk bitrate: 15 600000
Buffer size: 15 64001
Chunk bitrate: 15 600000
Buffer size: 16 64001
Download Time: 769195
Chunk bitrate: 16 600000
Buffer size: 17 68001
Download Time: 652792
Chunk bitrate: 17 349952
Buffer size: 17 72001
Chunk bitrate: 17 349952
Buffer size: 18 72001
Download Time: 730724
Chunk bitrate: 18 349952
Buffer size: 19 76001
Download Time: 651041
Chunk bitrate: 19 600000
Buffer size: 19 80001
Chunk bitrate: 19 600000
Buffer size: 20 80001
Download Time: 1345734
Chunk bitrate: 20 600000
Buffer size: 21 84001
Download Time: 611071
Chunk bitrate: 21 1000000
Buffer size: 21 88001
Chunk bitrate: 21 1000000
Buffer size: 22 88001
Download Time: 1554351
Chunk bitrate: 22 349952
Buffer size: 22 92001
Chunk bitrate: 22 349952
Buffer size: 23 92001
Download Time: 1382531
[00007fce40003378] core mux error: cannot add this stream
[00007fce40077c98] core decoder error: cannot create packetizer output (h264)
Chunk bitrate: 23 349952
Buffer size: 24 96001
Download Time: 735762
Chunk bitrate: 24 600000
Buffer size: 24 100001
Chunk bitrate: 24 600000
Buffer size: 25 100001
Download Time: 941975
[00007fce40003378] core mux error: cannot add this stream
[00007fce40085c98] core decoder error: cannot create packetizer output (h264)
Chunk bitrate: 25 600000
Buffer size: 26 104001
Download Time: 1099048
Chunk bitrate: 26 600000
Buffer size: 27 108001
Download Time: 525056
Chunk bitrate: 27 600000
Buffer size: 28 112001
Download Time: 775850
Chunk bitrate: 28 1000000
Buffer size: 28 116001
Chunk bitrate: 28 1000000
Buffer size: 29 116001
Download Time: 2277345
Download Time: 324162
[00007fce40003378] core mux error: cannot add this stream
[00007fce4011dbb8] core decoder error: cannot create packetizer output (h264)
Chunk bitrate: 29 349952
Buffer size: 29 120001
Chunk bitrate: 29 349952
Buffer size: 30 120001
Download Time: 571184
[00007fce40003378] core mux error: cannot add this stream
[00007fce400bc708] core decoder error: cannot create packetizer output (h264)
Chunk bitrate: 30 1000000
Buffer size: 30 124001
Chunk bitrate: 30 1000000
Buffer size: 31 124001
Download Time: 1508905
[00007fce40003378] core mux error: cannot add this stream
[00007fce4010a358] core decoder error: cannot create packetizer output (h264)
Chunk bitrate: 31 600000
Buffer size: 31 128001
Chunk bitrate: 31 600000
Buffer size: 32 128001
Download Time: 2041528
[00007fce40003378] core mux error: cannot add this stream
[00007fce400f1758] core decoder error: cannot create packetizer output (h264)
Chunk bitrate: 32 349952
Buffer size: 32 132001
Chunk bitrate: 32 349952
Buffer size: 33 132001
Download Time: 565338
[00007fce40003378] core mux error: cannot add this stream
[00007fce400e7918] core decoder error: cannot create packetizer output (h264)
Chunk bitrate: 33 600000
Buffer size: 33 136001
Chunk bitrate: 33 600000
Buffer size: 34 136001
Download Time: 656029
[00007fce40003378] core mux error: cannot add this stream
[00007fce400faf18] core decoder error: cannot create packetizer output (h264)
Chunk bitrate: 34 600000
Buffer size: 35 140001
Download Time: 1345301
Chunk bitrate: 35 349952
Buffer size: 35 144001
Chunk bitrate: 35 349952
Buffer size: 36 144001
Download Time: 931434
[00007fce40003378] core mux error: cannot add this stream
[00007fce400f2e48] core decoder error: cannot create packetizer output (h264)
Chunk bitrate: 36 1000000
Buffer size: 36 148001
Chunk bitrate: 36 1000000
Buffer size: 37 148001
Download Time: 1421925
[00007fce40003378] core mux error: cannot add this stream
[00007fce400ef7d8] core decoder error: cannot create packetizer output (h264)
Chunk bitrate: 37 349952
Buffer size: 37 152001
Chunk bitrate: 37 349952
Buffer size: 38 152001
Download Time: 734658
[00007fce40003378] core mux error: cannot add this stream
[00007fce400c4638] core decoder error: cannot create packetizer output (h264)
Chunk bitrate: 38 1000000
Buffer size: 38 156001
Chunk bitrate: 38 1000000
Buffer size: 39 156001
Download Time: 1217422
[00007fce40003378] core mux error: cannot add this stream
[00007fce400e36b8] core decoder error: cannot create packetizer output (h264)
Chunk bitrate: 39 600000
Buffer size: 39 160001
Chunk bitrate: 39 600000
Buffer size: 40 160001
Download Time: 695104
[00007fce40003378] core mux error: cannot add this stream
[00007fce400f4018] core decoder error: cannot create packetizer output (h264)
Chunk bitrate: 40 600000
Buffer size: 41 164001
Download Time: 1018114
Chunk bitrate: 41 600000
Buffer size: 42 168001
Download Time: 937369
Chunk bitrate: 42 600000
Buffer size: 43 172001
Download Time: 1100799
Chunk bitrate: 43 600000
Buffer size: 44 176001
Download Time: 981660
Chunk bitrate: 44 600000
Buffer size: 45 180001
Download Time: 1017178
Chunk bitrate: 45 349952
Buffer size: 45 184001
Download Time: 288880
Chunk bitrate: 45 349952
Buffer size: 46 184001
Download Time: 733541
[00007fce40003378] core mux error: cannot add this stream
[00007fce40102d08] core decoder error: cannot create packetizer output (h264)
Chunk bitrate: 46 349952
Buffer size: 47 188001
Download Time: 525540
Chunk bitrate: 47 349952
Buffer size: 48 192001
Download Time: 450435
Chunk bitrate: 48 600000
Buffer size: 48 196001
Chunk bitrate: 48 600000
Buffer size: 49 196001
Download Time: 852379
[00007fce40003378] core mux error: cannot add this stream
[00007fce40117cd8] core decoder error: cannot create packetizer output (h264)
Chunk bitrate: 49 600000
Buffer size: 50 200001
Download Time: 1098278
Chunk bitrate: 50 600000
Buffer size: 51 204001
Download Time: 1012779
Chunk bitrate: 51 349952
Buffer size: 51 208001
Chunk bitrate: 51 349952
Buffer size: 52 208001
Download Time: 815353
[00007fce40003378] core mux error: cannot add this stream
[00007fce400d99a8] core decoder error: cannot create packetizer output (h264)
Chunk bitrate: 52 349952
Buffer size: 53 212001
Download Time: 650747
Chunk bitrate: 53 1000000
Buffer size: 53 216001
Chunk bitrate: 53 1000000
Buffer size: 54 216001
Download Time: 1904654
[00007fce40003378] core mux error: cannot add this stream
[00007fce40162d78] core decoder error: cannot create packetizer output (h264)
Chunk bitrate: 54 349952
Buffer size: 54 220001
Chunk bitrate: 54 349952
Buffer size: 55 220001
Download Time: 652530
[00007fce40003378] core mux error: cannot add this stream
[00007fce400fdc48] core decoder error: cannot create packetizer output (h264)
Chunk bitrate: 55 1000000
Buffer size: 55 224001
Chunk bitrate: 55 1000000
Buffer size: 56 224001
Download Time: 2691817
[00007fce40003378] core mux error: cannot add this stream
[00007fce4009a798] core decoder error: cannot create packetizer output (h264)
Chunk bitrate: 56 600000
Buffer size: 56 228001
Chunk bitrate: 56 600000
Buffer size: 57 228001
Download Time: 652878
[00007fce40003378] core mux error: cannot add this stream
[00007fce40114ec8] core decoder error: cannot create packetizer output (h264)
Chunk bitrate: 57 600000
Buffer size: 58 232001
Download Time: 439914
Chunk bitrate: 58 1000000
Buffer size: 58 236001
Chunk bitrate: 58 1000000
Buffer size: 59 236001
Download Time: 2720924
[00007fce40003378] core mux error: cannot add this stream
[00007fce400ac908] core decoder error: cannot create packetizer output (h264)
Chunk bitrate: 59 349952
Buffer size: 59 240001
Chunk bitrate: 59 349952
Buffer size: 60 240001
Download Time: 1505039
[00007fce40003378] core mux error: cannot add this stream
[00007fce401101a8] core decoder error: cannot create packetizer output (h264)
Chunk bitrate: 60 349952
Buffer size: 61 244001
Download Time: 857654
Chunk bitrate: 61 600000
Buffer size: 61 248001
Chunk bitrate: 61 600000
Buffer size: 62 248001
Download Time: 614077
[00007fce40003378] core mux error: cannot add this stream
[00007fce400c6808] core decoder error: cannot create packetizer output (h264)
Chunk bitrate: 62 600000
Buffer size: 63 252001
Download Time: 484846
Chunk bitrate: 63 1000000
Buffer size: 63 256001
Chunk bitrate: 63 1000000
Buffer size: 64 256001
Download Time: 773322
[00007fce40003378] core mux error: cannot add this stream
[00007fce40128818] core decoder error: cannot create packetizer output (h264)
Chunk bitrate: 64 349952
Buffer size: 64 260001
Chunk bitrate: 64 349952
Buffer size: 65 260001
[00007fce40003378] ps mux: Close
[00007fce440060a8] idummy demux: command `quit'
[0000000000e731e8] [cli] lua interface error: Error loading script /home/cs244/vlc/share/lua/intf/cli.luac: lua/intf/modules/host.lua:286: Interrupted.
