[00000000024981a8] core interface error: no suitable interface module
[00000000023cf338] core libvlc error: interface "globalhotkeys,none" initialization failed
[00000000024981a8] dbus interface error: Failed to connect to the D-Bus session daemon: Unable to autolaunch a dbus-daemon without a $DISPLAY for X11
[00000000024981a8] core interface error: no suitable interface module
[00000000023cf338] core libvlc error: interface "dbus,none" initialization failed
[00000000023cf338] core libvlc: Running vlc with the default interface. Use 'cvlc' to use vlc without interface.
[00000000024981a8] qt interface error: Could not connect to X server
[00000000024981a8] skins2 interface error: cannot initialize OSFactory
[00000000024981a8] [cli] lua interface: Listening on host "*console".
VLC media player 3.0.0-git Vetinari
Command Line Interface initialized. Type `help' for help.
> [00007fab30003378] ps mux: Open
making a DASHManager
new ratebased adaptionlogic
Chunk bitrate: 0 349952
Buffer size: 0 0
Chunk bitrate: 0 349952
Buffer size: 0 0
[00007fab30025778] mp4 demux: Fragment sequence discontinuity detected 0 != 2
Download Time: 612854
[00007fab30019f98] mp4 demux: Fragment sequence discontinuity detected 0 != 2
Startup Time: 1050000
Chunk bitrate: 0 349952
Buffer size: 1 4001
Download Time: 1543049
Chunk bitrate: 1 349952
Buffer size: 2 8001
Download Time: 1015633
Chunk bitrate: 2 349952
Buffer size: 3 12001
Download Time: 688666
Chunk bitrate: 3 349952
Buffer size: 4 16001
Download Time: 771178
Chunk bitrate: 4 600000
Buffer size: 4 20001
Chunk bitrate: 4 600000
Buffer size: 5 20001
Download Time: 1590349
Chunk bitrate: 5 600000
Buffer size: 6 24001
Download Time: 1139352
Chunk bitrate: 6 600000
Buffer size: 7 28001
Download Time: 1512894
Chunk bitrate: 7 349952
Buffer size: 7 32001
Chunk bitrate: 7 349952
Buffer size: 8 32001
Download Time: 527867
Chunk bitrate: 8 1000000
Buffer size: 8 36001
Chunk bitrate: 8 1000000
Buffer size: 9 36001
Download Time: 2726048
Chunk bitrate: 9 600000
Buffer size: 9 40001
Chunk bitrate: 9 600000
Buffer size: 10 40001
Download Time: 1104715
Chunk bitrate: 10 349952
Buffer size: 10 44001
Chunk bitrate: 10 349952
Buffer size: 11 44001
Download Time: 813585
Chunk bitrate: 11 349952
Buffer size: 12 48001
Download Time: 981574
Chunk bitrate: 12 349952
Buffer size: 13 52001
Download Time: 1061517
Chunk bitrate: 13 349952
Buffer size: 14 56001
Download Time: 1099804
Chunk bitrate: 14 349952
Buffer size: 15 60001
Download Time: 1060147
Chunk bitrate: 15 349952
Buffer size: 16 64001
Download Time: 1097736
Chunk bitrate: 16 600000
Buffer size: 16 68001
Chunk bitrate: 16 600000
Buffer size: 17 68001
Download Time: 1221940
Chunk bitrate: 17 600000
Buffer size: 18 72001
Download Time: 1216625
Chunk bitrate: 18 349952
Buffer size: 18 76001
Chunk bitrate: 18 349952
Buffer size: 19 76001
Download Time: 531417
Chunk bitrate: 19 600000
Buffer size: 19 80001
Chunk bitrate: 19 600000
Buffer size: 20 80001
Download Time: 1552505
Chunk bitrate: 20 600000
Buffer size: 21 84001
Download Time: 809134
Chunk bitrate: 21 349952
Buffer size: 21 88001
Chunk bitrate: 21 349952
Buffer size: 22 88001
Download Time: 610436
Chunk bitrate: 22 600000
Buffer size: 22 92001
Chunk bitrate: 22 600000
Buffer size: 23 92001
Download Time: 1257579
Chunk bitrate: 23 349952
Buffer size: 23 96001
Chunk bitrate: 23 349952
Buffer size: 24 96001
Download Time: 896247
Chunk bitrate: 24 349952
Buffer size: 25 100001
Download Time: 890155
Chunk bitrate: 25 1000000
Buffer size: 25 104001
Chunk bitrate: 25 1000000
Buffer size: 26 104001
Download Time: 2271680
Download Time: 526824
Chunk bitrate: 26 349952
Buffer size: 26 108001
Chunk bitrate: 26 349952
Buffer size: 27 108001
Download Time: 528682
Chunk bitrate: 27 349952
Buffer size: 28 112001
Download Time: 733702
Chunk bitrate: 28 600000
Buffer size: 28 116001
Chunk bitrate: 28 600000
Buffer size: 29 116001
Download Time: 1497513
Chunk bitrate: 29 600000
Buffer size: 30 120001
Download Time: 817320
Chunk bitrate: 30 600000
Buffer size: 31 124001
Download Time: 882511
Chunk bitrate: 31 349952
Buffer size: 31 128001
Chunk bitrate: 31 349952
Buffer size: 32 128001
Download Time: 935403
Chunk bitrate: 32 349952
Buffer size: 33 132001
Download Time: 1218017
Chunk bitrate: 33 349952
Buffer size: 34 136001
Download Time: 974846
Chunk bitrate: 34 349952
Buffer size: 35 140001
Download Time: 1501804
Chunk bitrate: 35 349952
Buffer size: 36 144001
Download Time: 690838
Chunk bitrate: 36 600000
Buffer size: 36 148001
Chunk bitrate: 36 600000
Buffer size: 37 148001
Download Time: 1050766
[00007fab30003378] core mux error: cannot add this stream
[00007fab300ed9e8] core decoder error: cannot create packetizer output (h264)
Chunk bitrate: 37 349952
Buffer size: 37 152001
Chunk bitrate: 37 349952
Buffer size: 38 152001
Download Time: 1019506
[00007fab30003378] core mux error: cannot add this stream
[00007fab30037b68] core decoder error: cannot create packetizer output (h264)
Chunk bitrate: 38 600000
Buffer size: 38 156001
Chunk bitrate: 38 600000
Buffer size: 39 156001
Download Time: 1129716
[00007fab30003378] core mux error: cannot add this stream
[00007fab300ec688] core decoder error: cannot create packetizer output (h264)
Chunk bitrate: 39 600000
Buffer size: 40 160001
Download Time: 1427179
Chunk bitrate: 40 349952
Buffer size: 40 164001
Chunk bitrate: 40 349952
Buffer size: 41 164001
Download Time: 612774
[00007fab30003378] core mux error: cannot add this stream
[00007fab3005a1c8] core decoder error: cannot create packetizer output (h264)
Chunk bitrate: 41 600000
Buffer size: 41 168001
Chunk bitrate: 41 600000
Buffer size: 42 168001
Download Time: 1633013
[00007fab30003378] core mux error: cannot add this stream
[00007fab300f9c58] core decoder error: cannot create packetizer output (h264)
Chunk bitrate: 42 349952
Buffer size: 42 172001
Chunk bitrate: 42 349952
Buffer size: 43 172001
Download Time: 571850
[00007fab30003378] core mux error: cannot add this stream
[00007fab300e59a8] core decoder error: cannot create packetizer output (h264)
Chunk bitrate: 43 349952
Buffer size: 44 176001
Download Time: 1224714
Chunk bitrate: 44 600000
Buffer size: 44 180001
Chunk bitrate: 44 600000
Buffer size: 45 180001
Download Time: 1387749
[00007fab30003378] core mux error: cannot add this stream
[00007fab301007d8] core decoder error: cannot create packetizer output (h264)
Chunk bitrate: 45 600000
Buffer size: 46 184001
Download Time: 890300
Chunk bitrate: 46 600000
Buffer size: 47 188001
Download Time: 813218
Chunk bitrate: 47 349952
Buffer size: 47 192001
Chunk bitrate: 47 349952
Buffer size: 48 192001
Download Time: 853266
[00007fab30003378] core mux error: cannot add this stream
[00007fab300e1398] core decoder error: cannot create packetizer output (h264)
Chunk bitrate: 48 349952
Buffer size: 49 196001
Download Time: 892357
Chunk bitrate: 49 349952
Buffer size: 50 200001
Download Time: 1020715
Chunk bitrate: 50 349952
Buffer size: 51 204001
Download Time: 733409
Chunk bitrate: 51 600000
Buffer size: 51 208001
Download Time: 164590
Chunk bitrate: 51 600000
Buffer size: 52 208001
Download Time: 1096439
[00007fab30003378] core mux error: cannot add this stream
[00007fab301146a8] core decoder error: cannot create packetizer output (h264)
Chunk bitrate: 52 349952
Buffer size: 52 212001
Chunk bitrate: 52 349952
Buffer size: 53 212001
Download Time: 652323
[00007fab30003378] core mux error: cannot add this stream
[00007fab300d9708] core decoder error: cannot create packetizer output (h264)
Chunk bitrate: 53 349952
Buffer size: 54 216001
Download Time: 810895
Chunk bitrate: 54 349952
Buffer size: 55 220001
Download Time: 721975
Chunk bitrate: 55 600000
Buffer size: 55 224001
Chunk bitrate: 55 600000
Buffer size: 56 224001
Download Time: 1178093
[00007fab30003378] core mux error: cannot add this stream
[00007fab3011db88] core decoder error: cannot create packetizer output (h264)
Chunk bitrate: 56 349952
Buffer size: 56 228001
Chunk bitrate: 56 349952
Buffer size: 57 228001
Download Time: 852748
[00007fab30003378] core mux error: cannot add this stream
[00007fab300d61a8] core decoder error: cannot create packetizer output (h264)
Chunk bitrate: 57 600000
Buffer size: 57 232001
Chunk bitrate: 57 600000
Buffer size: 58 232001
Download Time: 489818
[00007fab30003378] core mux error: cannot add this stream
[00007fab300ba118] core decoder error: cannot create packetizer output (h264)
Chunk bitrate: 58 349952
Buffer size: 58 236001
Chunk bitrate: 58 349952
Buffer size: 59 236001
Download Time: 888641
[00007fab30003378] core mux error: cannot add this stream
[00007fab30091098] core decoder error: cannot create packetizer output (h264)
Chunk bitrate: 59 1000000
Buffer size: 59 240001
Chunk bitrate: 59 1000000
Buffer size: 60 240001
Download Time: 1994055
[00007fab30003378] core mux error: cannot add this stream
[00007fab3014e7e8] core decoder error: cannot create packetizer output (h264)
Chunk bitrate: 60 600000
Buffer size: 60 244001
Chunk bitrate: 60 600000
Buffer size: 61 244001
Download Time: 1418849
[00007fab30003378] core mux error: cannot add this stream
[00007fab3012bd38] core decoder error: cannot create packetizer output (h264)
Chunk bitrate: 61 600000
Buffer size: 62 248001
Download Time: 529276
Chunk bitrate: 62 600000
Buffer size: 63 252001
Download Time: 805752
Chunk bitrate: 63 600000
Buffer size: 64 256001
Download Time: 1297743
Chunk bitrate: 64 349952
Buffer size: 64 260001
Chunk bitrate: 64 349952
Buffer size: 65 260001
[00007fab30003378] ps mux: Close
[00007fab3010bee8] idummy demux: command `quit'
[00000000024981a8] [cli] lua interface error: Error loading script /home/cs244/vlc/share/lua/intf/cli.luac: lua/intf/modules/host.lua:286: Interrupted.
