[0000000000e771a8] core interface error: no suitable interface module
[0000000000dae338] core libvlc error: interface "globalhotkeys,none" initialization failed
[0000000000e771a8] dbus interface error: Failed to connect to the D-Bus session daemon: Unable to autolaunch a dbus-daemon without a $DISPLAY for X11
[0000000000e771a8] core interface error: no suitable interface module
[0000000000dae338] core libvlc error: interface "dbus,none" initialization failed
[0000000000dae338] core libvlc: Running vlc with the default interface. Use 'cvlc' to use vlc without interface.
[0000000000e771a8] qt interface error: Could not connect to X server
[0000000000e771a8] skins2 interface error: cannot initialize OSFactory
[0000000000e771a8] [cli] lua interface: Listening on host "*console".
VLC media player 3.0.0-git Vetinari
Command Line Interface initialized. Type `help' for help.
> [00007f6dcc003378] ps mux: Open
making a DASHManager
new ratebased adaptionlogic
Chunk bitrate: 0 349952
Buffer size: 0 0
Chunk bitrate: 0 349952
Buffer size: 0 0
[00007f6dcc01ac18] mp4 demux: Fragment sequence discontinuity detected 0 != 2
Download Time: 1018183
[00007f6dcc0242c8] mp4 demux: Fragment sequence discontinuity detected 0 != 2
Startup Time: 1050000
Chunk bitrate: 0 349952
Buffer size: 1 4001
Download Time: 1176831
Chunk bitrate: 1 600000
Buffer size: 1 8001
Chunk bitrate: 1 600000
Buffer size: 2 8001
Download Time: 1179161
Chunk bitrate: 2 349952
Buffer size: 2 12001
Chunk bitrate: 2 349952
Buffer size: 3 12001
Download Time: 1135065
Chunk bitrate: 3 349952
Buffer size: 4 16001
Download Time: 857639
Chunk bitrate: 4 349952
Buffer size: 5 20001
Download Time: 1219356
Chunk bitrate: 5 600000
Buffer size: 5 24001
Chunk bitrate: 5 600000
Buffer size: 6 24001
Download Time: 938778
Chunk bitrate: 6 600000
Buffer size: 7 28001
Download Time: 1180484
Chunk bitrate: 7 600000
Buffer size: 8 32001
Download Time: 1832086
Chunk bitrate: 8 600000
Buffer size: 9 36001
Download Time: 1220923
Chunk bitrate: 9 349952
Buffer size: 9 40001
Chunk bitrate: 9 349952
Buffer size: 10 40001
Download Time: 1093248
Chunk bitrate: 10 349952
Buffer size: 11 44001
Download Time: 692982
Chunk bitrate: 11 349952
Buffer size: 12 48001
Download Time: 1381502
Chunk bitrate: 12 349952
Buffer size: 13 52001
Download Time: 930713
Chunk bitrate: 13 349952
Buffer size: 14 56001
Download Time: 981327
Chunk bitrate: 14 349952
Buffer size: 15 60001
Download Time: 810415
Chunk bitrate: 15 349952
Buffer size: 16 64001
Download Time: 932358
Chunk bitrate: 16 600000
Buffer size: 16 68001
Chunk bitrate: 16 600000
Buffer size: 17 68001
Download Time: 1015616
Chunk bitrate: 17 349952
Buffer size: 17 72001
Chunk bitrate: 17 349952
Buffer size: 18 72001
Download Time: 608772
Chunk bitrate: 18 600000
Buffer size: 18 76001
Chunk bitrate: 18 600000
Buffer size: 19 76001
Download Time: 1550138
Chunk bitrate: 19 349952
Buffer size: 19 80001
Chunk bitrate: 19 349952
Buffer size: 20 80001
Download Time: 3134964
Chunk bitrate: 20 349952
Buffer size: 21 84001
Download Time: 410120
Chunk bitrate: 21 349952
Buffer size: 22 88001
Download Time: 810876
Chunk bitrate: 22 349952
Buffer size: 23 92001
Download Time: 1021192
Chunk bitrate: 23 349952
Buffer size: 24 96001
Download Time: 1258801
Chunk bitrate: 24 600000
Buffer size: 24 100001
Chunk bitrate: 24 600000
Buffer size: 25 100001
Download Time: 1057761
Chunk bitrate: 25 349952
Buffer size: 25 104001
Chunk bitrate: 25 349952
Buffer size: 26 104001
Download Time: 1054451
Chunk bitrate: 26 349952
Buffer size: 27 108001
Download Time: 449719
Download Time: 486522
Chunk bitrate: 27 349952
Buffer size: 28 112001
Download Time: 1130551
Chunk bitrate: 28 349952
Buffer size: 29 116001
Download Time: 893238
Chunk bitrate: 29 349952
Buffer size: 30 120001
Download Time: 1346241
Chunk bitrate: 30 600000
Buffer size: 30 124001
Chunk bitrate: 30 600000
Buffer size: 31 124001
Download Time: 1497816
Chunk bitrate: 31 349952
Buffer size: 31 128001
Chunk bitrate: 31 349952
Buffer size: 32 128001
Download Time: 891009
Chunk bitrate: 32 600000
Buffer size: 32 132001
Chunk bitrate: 32 600000
Buffer size: 33 132001
Download Time: 1091383
Chunk bitrate: 33 349952
Buffer size: 33 136001
Chunk bitrate: 33 349952
Buffer size: 34 136001
Download Time: 1221442
Chunk bitrate: 34 349952
Buffer size: 35 140001
Download Time: 734688
Chunk bitrate: 35 349952
Buffer size: 36 144001
Download Time: 936148
Chunk bitrate: 36 349952
Buffer size: 37 148001
Download Time: 1012880
Chunk bitrate: 37 349952
Buffer size: 38 152001
Download Time: 728320
Chunk bitrate: 38 1000000
Buffer size: 38 156001
Chunk bitrate: 38 1000000
Buffer size: 39 156001
Download Time: 1914056
Chunk bitrate: 39 349952
Buffer size: 39 160001
Chunk bitrate: 39 349952
Buffer size: 40 160001
Download Time: 776746
[00007f6dcc003378] core mux error: cannot add this stream
[00007f6dcc030908] core decoder error: cannot create packetizer output (h264)
Chunk bitrate: 40 349952
Buffer size: 41 164001
Download Time: 817741
Chunk bitrate: 41 600000
Buffer size: 41 168001
Chunk bitrate: 41 600000
Buffer size: 42 168001
Download Time: 1339558
[00007f6dcc003378] core mux error: cannot add this stream
[00007f6dcc0f77c8] core decoder error: cannot create packetizer output (h264)
Chunk bitrate: 42 349952
Buffer size: 42 172001
Chunk bitrate: 42 349952
Buffer size: 43 172001
Download Time: 1130929
[00007f6dcc003378] core mux error: cannot add this stream
[00007f6dcc0cec18] core decoder error: cannot create packetizer output (h264)
Chunk bitrate: 43 349952
Buffer size: 44 176001
Download Time: 971795
Chunk bitrate: 44 349952
Buffer size: 45 180001
Download Time: 858605
Chunk bitrate: 45 600000
Buffer size: 45 184001
Chunk bitrate: 45 600000
Buffer size: 46 184001
Download Time: 1509856
[00007f6dcc003378] core mux error: cannot add this stream
[00007f6dcc107538] core decoder error: cannot create packetizer output (h264)
Chunk bitrate: 46 349952
Buffer size: 46 188001
Chunk bitrate: 46 349952
Buffer size: 47 188001
Download Time: 973974
[00007f6dcc003378] core mux error: cannot add this stream
[00007f6dcc0d1788] core decoder error: cannot create packetizer output (h264)
Chunk bitrate: 47 349952
Buffer size: 48 192001
Download Time: 651397
Chunk bitrate: 48 600000
Buffer size: 48 196001
Chunk bitrate: 48 600000
Buffer size: 49 196001
Download Time: 1249348
[00007f6dcc003378] core mux error: cannot add this stream
[00007f6dcc0c5378] core decoder error: cannot create packetizer output (h264)
Chunk bitrate: 49 600000
Buffer size: 50 200001
Download Time: 1177486
Chunk bitrate: 50 600000
Buffer size: 51 204001
Download Time: 1057699
Chunk bitrate: 51 349952
Buffer size: 51 208001
Chunk bitrate: 51 349952
Buffer size: 52 208001
Download Time: 843569
[00007f6dcc003378] core mux error: cannot add this stream
[00007f6dcc0ebd68] core decoder error: cannot create packetizer output (h264)
Chunk bitrate: 52 349952
Buffer size: 53 212001
Download Time: 858815
Chunk bitrate: 53 349952
Buffer size: 54 216001
Download Time: 773321
Chunk bitrate: 54 600000
Buffer size: 54 220001
Chunk bitrate: 54 600000
Buffer size: 55 220001
Download Time: 1370778
[00007f6dcc003378] core mux error: cannot add this stream
[00007f6dcc11e1b8] core decoder error: cannot create packetizer output (h264)
Chunk bitrate: 55 600000
Buffer size: 56 224001
Download Time: 1175426
Chunk bitrate: 56 600000
Buffer size: 57 228001
Download Time: 851439
Chunk bitrate: 57 349952
Buffer size: 57 232001
Chunk bitrate: 57 349952
Buffer size: 58 232001
[00007f6dcc003378] core mux error: cannot add this stream
[00007f6dcc0b7fa8] core decoder error: cannot create packetizer output (h264)
Chunk bitrate: 58 349952
Buffer size: 59 236001
Download Time: 1299631
Chunk bitrate: 59 600000
Buffer size: 59 240001
Chunk bitrate: 59 600000
Buffer size: 60 240001
Download Time: 2490139
[00007f6dcc003378] core mux error: cannot add this stream
[00007f6dcc1230a8] core decoder error: cannot create packetizer output (h264)
Chunk bitrate: 60 349952
Buffer size: 60 244001
Chunk bitrate: 60 349952
Buffer size: 61 244001
Download Time: 652970
[00007f6dcc003378] core mux error: cannot add this stream
[00007f6dcc0efa38] core decoder error: cannot create packetizer output (h264)
Chunk bitrate: 61 349952
Buffer size: 62 248001
Download Time: 437385
Chunk bitrate: 62 349952
Buffer size: 63 252001
Download Time: 355611
Chunk bitrate: 63 349952
Buffer size: 64 256001
Download Time: 843485
Chunk bitrate: 64 349952
Buffer size: 65 260001
[00007f6dcc003378] ps mux: Close
[00007f6dc80012a8] idummy demux: command `quit'
[0000000000e771a8] [cli] lua interface error: Error loading script /home/cs244/vlc/share/lua/intf/cli.luac: lua/intf/modules/host.lua:286: Interrupted.
