[0000000000c051e8] core interface error: no suitable interface module
[0000000000b3c338] core libvlc error: interface "globalhotkeys,none" initialization failed
[0000000000c051e8] dbus interface error: Failed to connect to the D-Bus session daemon: Unable to autolaunch a dbus-daemon without a $DISPLAY for X11
[0000000000c051e8] core interface error: no suitable interface module
[0000000000b3c338] core libvlc error: interface "dbus,none" initialization failed
[0000000000b3c338] core libvlc: Running vlc with the default interface. Use 'cvlc' to use vlc without interface.
[0000000000c051e8] qt interface error: Could not connect to X server
[0000000000c051e8] skins2 interface error: cannot initialize OSFactory
[0000000000c051e8] [cli] lua interface: Listening on host "*console".
VLC media player 3.0.0-git Vetinari
Command Line Interface initialized. Type `help' for help.
> [00007f0348003378] ps mux: Open
making a DASHManager
new ratebased adaptionlogic
Chunk bitrate: 0 349952
Buffer size: 0 0
Chunk bitrate: 0 349952
Buffer size: 0 0
[00007f03480234e8] mp4 demux: Fragment sequence discontinuity detected 0 != 2
Download Time: 568126
[00007f03480218c8] mp4 demux: Fragment sequence discontinuity detected 0 != 2
Startup Time: 1050000
Chunk bitrate: 0 349952
Buffer size: 1 4001
Download Time: 1257739
Chunk bitrate: 1 600000
Buffer size: 1 8001
Chunk bitrate: 1 600000
Buffer size: 2 8001
Download Time: 693283
Chunk bitrate: 2 349952
Buffer size: 2 12001
Chunk bitrate: 2 349952
Buffer size: 3 12001
Download Time: 1870581
Chunk bitrate: 3 349952
Buffer size: 4 16001
Download Time: 609558
Chunk bitrate: 4 349952
Buffer size: 5 20001
Download Time: 1859329
Chunk bitrate: 5 349952
Buffer size: 6 24001
Download Time: 885906
Chunk bitrate: 6 349952
Buffer size: 7 28001
Download Time: 1011069
Chunk bitrate: 7 349952
Buffer size: 8 32001
Download Time: 1295333
Chunk bitrate: 8 349952
Buffer size: 9 36001
Download Time: 1009993
Chunk bitrate: 9 349952
Buffer size: 10 40001
Download Time: 679511
Chunk bitrate: 10 349952
Buffer size: 11 44001
Download Time: 778026
Chunk bitrate: 11 600000
Buffer size: 11 48001
Chunk bitrate: 11 600000
Buffer size: 12 48001
Download Time: 1016897
Chunk bitrate: 12 349952
Buffer size: 12 52001
Chunk bitrate: 12 349952
Buffer size: 13 52001
Download Time: 531605
Chunk bitrate: 13 600000
Buffer size: 13 56001
Chunk bitrate: 13 600000
Buffer size: 14 56001
Download Time: 1592144
Chunk bitrate: 14 1000000
Buffer size: 14 60001
Chunk bitrate: 14 1000000
Buffer size: 15 60001
Download Time: 1346626
Chunk bitrate: 15 349952
Buffer size: 15 64001
Chunk bitrate: 15 349952
Buffer size: 16 64001
Download Time: 1108033
Chunk bitrate: 16 349952
Buffer size: 17 68001
Download Time: 608267
Chunk bitrate: 17 600000
Buffer size: 17 72001
Chunk bitrate: 17 600000
Buffer size: 18 72001
Download Time: 978256
Chunk bitrate: 18 349952
Buffer size: 18 76001
Chunk bitrate: 18 349952
Buffer size: 19 76001
Download Time: 568848
Chunk bitrate: 19 600000
Buffer size: 19 80001
Chunk bitrate: 19 600000
Buffer size: 20 80001
Download Time: 1712684
Chunk bitrate: 20 1000000
Buffer size: 20 84001
Download Time: 367911
Chunk bitrate: 20 1000000
Buffer size: 21 84001
Download Time: 1265046
Chunk bitrate: 21 600000
Buffer size: 21 88001
Chunk bitrate: 21 600000
Buffer size: 22 88001
Download Time: 933822
Chunk bitrate: 22 349952
Buffer size: 22 92001
Chunk bitrate: 22 349952
Buffer size: 23 92001
Download Time: 566230
Chunk bitrate: 23 349952
Buffer size: 24 96001
Download Time: 809561
Chunk bitrate: 24 349952
Buffer size: 25 100001
Download Time: 729789
Download Time: 848031
Chunk bitrate: 25 349952
Buffer size: 26 104001
Download Time: 566917
Chunk bitrate: 26 600000
Buffer size: 26 108001
Chunk bitrate: 26 600000
Buffer size: 27 108001
Download Time: 770055
Chunk bitrate: 27 600000
Buffer size: 28 112001
Download Time: 1173528
Chunk bitrate: 28 349952
Buffer size: 28 116001
Chunk bitrate: 28 349952
Buffer size: 29 116001
Download Time: 1661696
Chunk bitrate: 29 1000000
Buffer size: 29 120001
Chunk bitrate: 29 1000000
Buffer size: 30 120001
Download Time: 2033935
[00007f0348003378] core mux error: cannot add this stream
[00007f03480f5b08] core decoder error: cannot create packetizer output (h264)
Chunk bitrate: 30 600000
Buffer size: 30 124001
Chunk bitrate: 30 600000
Buffer size: 31 124001
Download Time: 937932
[00007f0348003378] core mux error: cannot add this stream
[00007f03480c3428] core decoder error: cannot create packetizer output (h264)
Chunk bitrate: 31 600000
Buffer size: 32 128001
Download Time: 819353
Chunk bitrate: 32 600000
Buffer size: 33 132001
Download Time: 777995
Chunk bitrate: 33 349952
Buffer size: 33 136001
Chunk bitrate: 33 349952
Buffer size: 34 136001
Download Time: 1058134
[00007f0348003378] core mux error: cannot add this stream
[00007f03480ca0b8] core decoder error: cannot create packetizer output (h264)
Chunk bitrate: 34 349952
Buffer size: 35 140001
Download Time: 854750
Chunk bitrate: 35 349952
Buffer size: 36 144001
Download Time: 815333
Chunk bitrate: 36 349952
Buffer size: 37 148001
Download Time: 726842
Chunk bitrate: 37 349952
Buffer size: 38 152001
Download Time: 1339494
Chunk bitrate: 38 600000
Buffer size: 38 156001
Chunk bitrate: 38 600000
Buffer size: 39 156001
Download Time: 901195
[00007f0348003378] core mux error: cannot add this stream
[00007f03480ec648] core decoder error: cannot create packetizer output (h264)
Chunk bitrate: 39 349952
Buffer size: 39 160001
Chunk bitrate: 39 349952
Buffer size: 40 160001
Download Time: 1708967
[00007f0348003378] core mux error: cannot add this stream
[00007f03480d7718] core decoder error: cannot create packetizer output (h264)
Chunk bitrate: 40 349952
Buffer size: 41 164001
Download Time: 853499
Chunk bitrate: 41 600000
Buffer size: 41 168001
Chunk bitrate: 41 600000
Buffer size: 42 168001
Download Time: 938566
[00007f0348003378] core mux error: cannot add this stream
[00007f03480fc808] core decoder error: cannot create packetizer output (h264)
Chunk bitrate: 42 1000000
Buffer size: 42 172001
Chunk bitrate: 42 1000000
Buffer size: 43 172001
Download Time: 1100101
[00007f0348003378] core mux error: cannot add this stream
[00007f03481403a8] core decoder error: cannot create packetizer output (h264)
Chunk bitrate: 43 1000000
Buffer size: 44 176001
Download Time: 1063175
Chunk bitrate: 44 1000000
Buffer size: 45 180001
Download Time: 1261163
Chunk bitrate: 45 349952
Buffer size: 45 184001
Chunk bitrate: 45 349952
Buffer size: 46 184001
Download Time: 647671
[00007f0348003378] core mux error: cannot add this stream
[00007f03480f4398] core decoder error: cannot create packetizer output (h264)
Chunk bitrate: 46 1000000
Buffer size: 46 188001
Chunk bitrate: 46 1000000
Buffer size: 47 188001
Download Time: 1583449
[00007f0348003378] core mux error: cannot add this stream
[00007f0348141708] core decoder error: cannot create packetizer output (h264)
Chunk bitrate: 47 600000
Buffer size: 47 192001
Chunk bitrate: 47 600000
Buffer size: 48 192001
Download Time: 1182697
[00007f0348003378] core mux error: cannot add this stream
[00007f0348101ea8] core decoder error: cannot create packetizer output (h264)
Chunk bitrate: 48 349952
Buffer size: 48 196001
Chunk bitrate: 48 349952
Buffer size: 49 196001
Download Time: 800772
[00007f0348003378] core mux error: cannot add this stream
[00007f03480dbc08] core decoder error: cannot create packetizer output (h264)
Chunk bitrate: 49 349952
Buffer size: 50 200001
Download Time: 1175475
Chunk bitrate: 50 349952
Buffer size: 51 204001
Download Time: 1586730
Chunk bitrate: 51 349952
Buffer size: 52 208001
Download Time: 768570
Chunk bitrate: 52 600000
Buffer size: 52 212001
Chunk bitrate: 52 600000
Buffer size: 53 212001
Download Time: 894459
Download Time: 516888
[00007f0348003378] core mux error: cannot add this stream
[00007f0348110868] core decoder error: cannot create packetizer output (h264)
Chunk bitrate: 53 349952
Buffer size: 53 216001
Chunk bitrate: 53 349952
Buffer size: 54 216001
Download Time: 687289
[00007f0348003378] core mux error: cannot add this stream
[00007f03480e6088] core decoder error: cannot create packetizer output (h264)
Chunk bitrate: 54 600000
Buffer size: 54 220001
Chunk bitrate: 54 600000
Buffer size: 55 220001
Download Time: 1298760
[00007f0348003378] core mux error: cannot add this stream
[00007f03481243d8] core decoder error: cannot create packetizer output (h264)
Chunk bitrate: 55 600000
Buffer size: 56 224001
Download Time: 897626
Chunk bitrate: 56 600000
Buffer size: 57 228001
Download Time: 1141404
Chunk bitrate: 57 349952
Buffer size: 57 232001
Download Time: 288529
Chunk bitrate: 57 349952
Buffer size: 58 232001
Download Time: 288379
[00007f0348003378] core mux error: cannot add this stream
[00007f0348074ff8] core decoder error: cannot create packetizer output (h264)
Chunk bitrate: 58 600000
Buffer size: 58 236001
Chunk bitrate: 58 600000
Buffer size: 59 236001
Download Time: 1135145
[00007f0348003378] core mux error: cannot add this stream
[00007f0348091e78] core decoder error: cannot create packetizer output (h264)
Chunk bitrate: 59 349952
Buffer size: 59 240001
Chunk bitrate: 59 349952
Buffer size: 60 240001
Download Time: 531432
[00007f0348003378] core mux error: cannot add this stream
[00007f03480ce9c8] core decoder error: cannot create packetizer output (h264)
Chunk bitrate: 60 600000
Buffer size: 60 244001
Chunk bitrate: 60 600000
Buffer size: 61 244001
Download Time: 1062492
[00007f0348003378] core mux error: cannot add this stream
[00007f034812ef28] core decoder error: cannot create packetizer output (h264)
Chunk bitrate: 61 600000
Buffer size: 62 248001
Download Time: 854832
Chunk bitrate: 62 349952
Buffer size: 62 252001
Chunk bitrate: 62 349952
Buffer size: 63 252001
Download Time: 409977
[00007f0348003378] core mux error: cannot add this stream
[00007f03480cc058] core decoder error: cannot create packetizer output (h264)
Chunk bitrate: 63 600000
Buffer size: 63 256001
Chunk bitrate: 63 600000
Buffer size: 64 256001
Download Time: 528845
[00007f0348003378] core mux error: cannot add this stream
[00007f03480d6b88] core decoder error: cannot create packetizer output (h264)
Chunk bitrate: 64 600000
Buffer size: 65 260001
[00007f0348003378] ps mux: Close
[00007f034c001508] idummy demux: command `quit'
[0000000000c051e8] [cli] lua interface error: Error loading script /home/cs244/vlc/share/lua/intf/cli.luac: lua/intf/modules/host.lua:286: Interrupted.
