[0000000001f671a8] core interface error: no suitable interface module
[0000000001e9e338] core libvlc error: interface "globalhotkeys,none" initialization failed
[0000000001f671a8] dbus interface error: Failed to connect to the D-Bus session daemon: Unable to autolaunch a dbus-daemon without a $DISPLAY for X11
[0000000001f671a8] core interface error: no suitable interface module
[0000000001e9e338] core libvlc error: interface "dbus,none" initialization failed
[0000000001e9e338] core libvlc: Running vlc with the default interface. Use 'cvlc' to use vlc without interface.
[0000000001f671a8] qt interface error: Could not connect to X server
[0000000001f671a8] skins2 interface error: cannot initialize OSFactory
[00007fec50003378] ps mux: Open
[0000000001f671a8] [cli] lua interface: Listening on host "*console".
VLC media player 3.0.0-git Vetinari
Command Line Interface initialized. Type `help' for help.
> making a DASHManager
new ratebased adaptionlogic
Chunk bitrate: 0 349952
Buffer size: 0 0
Chunk bitrate: 0 349952
Buffer size: 0 0
[00007fec500238b8] mp4 demux: Fragment sequence discontinuity detected 0 != 2
Download Time: 565749
[00007fec50017fd8] mp4 demux: Fragment sequence discontinuity detected 0 != 2
Startup Time: 1050000
Chunk bitrate: 0 600000
Buffer size: 0 4001
Chunk bitrate: 0 600000
Buffer size: 1 4001
Download Time: 1098015
Chunk bitrate: 1 600000
Buffer size: 2 8001
Download Time: 893053
Chunk bitrate: 2 600000
Buffer size: 3 12001
Download Time: 1092784
Chunk bitrate: 3 1000000
Buffer size: 3 16001
Chunk bitrate: 3 1000000
Buffer size: 4 16001
Download Time: 1423697
Chunk bitrate: 4 600000
Buffer size: 4 20001
Chunk bitrate: 4 600000
Buffer size: 5 20001
Download Time: 1102322
Chunk bitrate: 5 600000
Buffer size: 6 24001
Download Time: 815429
Chunk bitrate: 6 600000
Buffer size: 7 28001
Download Time: 1346794
Chunk bitrate: 7 349952
Buffer size: 7 32001
Chunk bitrate: 7 349952
Buffer size: 8 32001
Download Time: 813954
Chunk bitrate: 8 600000
Buffer size: 8 36001
Chunk bitrate: 8 600000
Buffer size: 9 36001
Download Time: 813633
Chunk bitrate: 9 1000000
Buffer size: 9 40001
Chunk bitrate: 9 1000000
Buffer size: 10 40001
Download Time: 2324923
Chunk bitrate: 10 1000000
Buffer size: 11 44001
Download Time: 938765
Chunk bitrate: 11 349952
Buffer size: 11 48001
Chunk bitrate: 11 349952
Buffer size: 12 48001
Download Time: 775492
Chunk bitrate: 12 349952
Buffer size: 13 52001
Download Time: 572775
Chunk bitrate: 13 600000
Buffer size: 13 56001
Chunk bitrate: 13 600000
Buffer size: 14 56001
Download Time: 1261507
Chunk bitrate: 14 349952
Buffer size: 14 60001
Chunk bitrate: 14 349952
Buffer size: 15 60001
Download Time: 734033
Chunk bitrate: 15 600000
Buffer size: 15 64001
Chunk bitrate: 15 600000
Buffer size: 16 64001
Download Time: 892386
Chunk bitrate: 16 349952
Buffer size: 16 68001
Chunk bitrate: 16 349952
Buffer size: 17 68001
Download Time: 851474
Chunk bitrate: 17 600000
Buffer size: 17 72001
Chunk bitrate: 17 600000
Buffer size: 18 72001
Download Time: 820470
Chunk bitrate: 18 600000
Buffer size: 19 76001
Download Time: 1054258
Chunk bitrate: 19 600000
Buffer size: 20 80001
Download Time: 1747448
Chunk bitrate: 20 349952
Buffer size: 20 84001
Chunk bitrate: 20 349952
Buffer size: 21 84001
Download Time: 403866
Chunk bitrate: 21 349952
Buffer size: 22 88001
Download Time: 603448
Chunk bitrate: 22 349952
Buffer size: 23 92001
Download Time: 729270
Chunk bitrate: 23 349952
Buffer size: 24 96001
Download Time: 690459
Chunk bitrate: 24 600000
Buffer size: 24 100001
Chunk bitrate: 24 600000
Buffer size: 25 100001
Download Time: 979541
Chunk bitrate: 25 600000
Buffer size: 26 104001
Download Time: 1380720
Chunk bitrate: 26 600000
Buffer size: 27 108001
Download Time: 1380154
Chunk bitrate: 27 600000
Buffer size: 28 112001
Download Time: 978046
Chunk bitrate: 28 349952
Buffer size: 28 116001
Chunk bitrate: 28 349952
Buffer size: 29 116001
Download Time: 1063826
Chunk bitrate: 29 600000
Buffer size: 29 120001
Chunk bitrate: 29 600000
Buffer size: 30 120001
Download Time: 773808
[00007fec50003378] core mux error: cannot add this stream
[00007fec500cf1b8] core decoder error: cannot create packetizer output (h264)
Chunk bitrate: 30 1000000
Buffer size: 30 124001
Chunk bitrate: 30 1000000
Buffer size: 31 124001
Download Time: 1344861
[00007fec50003378] core mux error: cannot add this stream
[00007fec50046ea8] core decoder error: cannot create packetizer output (h264)
Chunk bitrate: 31 349952
Buffer size: 31 128001
Chunk bitrate: 31 349952
Buffer size: 32 128001
Download Time: 1340788
[00007fec50003378] core mux error: cannot add this stream
[00007fec5002bf78] core decoder error: cannot create packetizer output (h264)
Chunk bitrate: 32 349952
Buffer size: 33 132001
Download Time: 610505
Chunk bitrate: 33 600000
Buffer size: 33 136001
Chunk bitrate: 33 600000
Buffer size: 34 136001
Download Time: 1388179
[00007fec50003378] core mux error: cannot add this stream
[00007fec500f5c18] core decoder error: cannot create packetizer output (h264)
Chunk bitrate: 34 349952
Buffer size: 34 140001
Chunk bitrate: 34 349952
Buffer size: 35 140001
Download Time: 861498
[00007fec50003378] core mux error: cannot add this stream
[00007fec500b7628] core decoder error: cannot create packetizer output (h264)
Chunk bitrate: 35 349952
Buffer size: 36 144001
Download Time: 736373
Chunk bitrate: 36 349952
Buffer size: 37 148001
Download Time: 571465
Chunk bitrate: 37 349952
Buffer size: 38 152001
Download Time: 815425
Chunk bitrate: 38 1000000
Buffer size: 38 156001
Chunk bitrate: 38 1000000
Buffer size: 39 156001
Download Time: 1714879
[00007fec50003378] core mux error: cannot add this stream
[00007fec501226b8] core decoder error: cannot create packetizer output (h264)
Chunk bitrate: 39 600000
Buffer size: 39 160001
Chunk bitrate: 39 600000
Buffer size: 40 160001
Download Time: 812491
[00007fec50003378] core mux error: cannot add this stream
[00007fec500ec3f8] core decoder error: cannot create packetizer output (h264)
Chunk bitrate: 40 600000
Buffer size: 41 164001
Download Time: 2361280
Chunk bitrate: 41 1000000
Buffer size: 41 168001
Chunk bitrate: 41 1000000
Buffer size: 42 168001
Download Time: 1997674
[00007fec50003378] core mux error: cannot add this stream
[00007fec5012ffb8] core decoder error: cannot create packetizer output (h264)
Chunk bitrate: 42 600000
Buffer size: 42 172001
Chunk bitrate: 42 600000
Buffer size: 43 172001
Download Time: 1016666
[00007fec50003378] core mux error: cannot add this stream
[00007fec50104808] core decoder error: cannot create packetizer output (h264)
Chunk bitrate: 43 600000
Buffer size: 44 176001
Download Time: 939894
Chunk bitrate: 44 600000
Buffer size: 45 180001
Download Time: 936305
Chunk bitrate: 45 349952
Buffer size: 45 184001
Chunk bitrate: 45 349952
Buffer size: 46 184001
Download Time: 775810
[00007fec50003378] core mux error: cannot add this stream
[00007fec500f8d28] core decoder error: cannot create packetizer output (h264)
Chunk bitrate: 46 349952
Buffer size: 47 188001
Download Time: 571061
Chunk bitrate: 47 600000
Buffer size: 47 192001
Chunk bitrate: 47 600000
Buffer size: 48 192001
Download Time: 1710968
[00007fec50003378] core mux error: cannot add this stream
[00007fec50106648] core decoder error: cannot create packetizer output (h264)
Chunk bitrate: 48 349952
Buffer size: 48 196001
Chunk bitrate: 48 349952
Buffer size: 49 196001
Download Time: 530568
[00007fec50003378] core mux error: cannot add this stream
[00007fec500e1918] core decoder error: cannot create packetizer output (h264)
Chunk bitrate: 49 600000
Buffer size: 49 200001
Chunk bitrate: 49 600000
Buffer size: 50 200001
Download Time: 1053090
[00007fec50003378] core mux error: cannot add this stream
[00007fec50113bc8] core decoder error: cannot create packetizer output (h264)
Chunk bitrate: 50 600000
Buffer size: 51 204001
Download Time: 1381305
Chunk bitrate: 51 349952
Buffer size: 51 208001
Chunk bitrate: 51 349952
Buffer size: 52 208001
Download Time: 727638
[00007fec50003378] core mux error: cannot add this stream
[00007fec501014c8] core decoder error: cannot create packetizer output (h264)
Chunk bitrate: 52 349952
Buffer size: 53 212001
Download Time: 980122
Chunk bitrate: 53 600000
Buffer size: 53 216001
Chunk bitrate: 53 600000
Buffer size: 54 216001
Download Time: 1055479
[00007fec50003378] core mux error: cannot add this stream
[00007fec5011aa38] core decoder error: cannot create packetizer output (h264)
Chunk bitrate: 54 600000
Buffer size: 55 220001
Download Time: 930469
Chunk bitrate: 55 600000
Buffer size: 56 224001
Download Time: 1017414
Chunk bitrate: 56 349952
Buffer size: 56 228001
Chunk bitrate: 56 349952
Buffer size: 57 228001
Download Time: 489564
[00007fec50003378] core mux error: cannot add this stream
[00007fec500f1998] core decoder error: cannot create packetizer output (h264)
Chunk bitrate: 57 1000000
Buffer size: 57 232001
Chunk bitrate: 57 1000000
Buffer size: 58 232001
Download Time: 443784
[00007fec50003378] core mux error: cannot add this stream
[00007fec500bd048] core decoder error: cannot create packetizer output (h264)
Chunk bitrate: 58 1000000
Buffer size: 59 236001
Download Time: 4884127
Chunk bitrate: 59 1000000
Buffer size: 60 240001
Download Time: 859546
Chunk bitrate: 60 600000
Buffer size: 60 244001
Chunk bitrate: 60 600000
Buffer size: 61 244001
Download Time: 859682
[00007fec50003378] core mux error: cannot add this stream
[00007fec5011f188] core decoder error: cannot create packetizer output (h264)
Chunk bitrate: 61 349952
Buffer size: 61 248001
Chunk bitrate: 61 349952
Buffer size: 62 248001
Download Time: 242888
[00007fec50003378] core mux error: cannot add this stream
[00007fec5002c888] core decoder error: cannot create packetizer output (h264)
Chunk bitrate: 62 600000
Buffer size: 62 252001
Chunk bitrate: 62 600000
Buffer size: 63 252001
Download Time: 402275
[00007fec50003378] core mux error: cannot add this stream
[00007fec501177e8] core decoder error: cannot create packetizer output (h264)
Chunk bitrate: 63 349952
Buffer size: 63 256001
Chunk bitrate: 63 349952
Buffer size: 64 256001
Download Time: 284444
[00007fec50003378] core mux error: cannot add this stream
[00007fec5011bf28] core decoder error: cannot create packetizer output (h264)
Chunk bitrate: 64 349952
Buffer size: 65 260001
[00007fec50003378] ps mux: Close
[00007fec500700c8] idummy demux: command `quit'
[0000000001f671a8] [cli] lua interface error: Error loading script /home/cs244/vlc/share/lua/intf/cli.luac: lua/intf/modules/host.lua:286: Interrupted.
