[0000000001bb51a8] core interface error: no suitable interface module
[0000000001aec338] core libvlc error: interface "globalhotkeys,none" initialization failed
[0000000001bb51a8] dbus interface error: Failed to connect to the D-Bus session daemon: Unable to autolaunch a dbus-daemon without a $DISPLAY for X11
[0000000001bb51a8] core interface error: no suitable interface module
[0000000001aec338] core libvlc error: interface "dbus,none" initialization failed
[0000000001aec338] core libvlc: Running vlc with the default interface. Use 'cvlc' to use vlc without interface.
[0000000001bb51a8] qt interface error: Could not connect to X server
[0000000001bb51a8] skins2 interface error: cannot initialize OSFactory
[0000000001bb51a8] [cli] lua interface: Listening on host "*console".
VLC media player 3.0.0-git Vetinari
Command Line Interface initialized. Type `help' for help.
> [00007f729c003378] ps mux: Open
making a DASHManager
new ratebased adaptionlogic
Chunk bitrate: 0 349952
Buffer size: 0 0
Chunk bitrate: 0 349952
Buffer size: 0 0
[00007f729c024718] mp4 demux: Fragment sequence discontinuity detected 0 != 2
Download Time: 1465107
[00007f729c027468] mp4 demux: Fragment sequence discontinuity detected 0 != 2
Startup Time: 1050000
Chunk bitrate: 0 349952
Buffer size: 1 4001
Download Time: 1185130
Chunk bitrate: 1 349952
Buffer size: 2 8001
Download Time: 819562
Chunk bitrate: 2 349952
Buffer size: 3 12001
Download Time: 1302557
Chunk bitrate: 3 349952
Buffer size: 4 16001
Download Time: 935920
Chunk bitrate: 4 349952
Buffer size: 5 20001
Download Time: 1172904
Chunk bitrate: 5 349952
Buffer size: 6 24001
Download Time: 975704
Chunk bitrate: 6 349952
Buffer size: 7 28001
Download Time: 896068
Chunk bitrate: 7 349952
Buffer size: 8 32001
Download Time: 1593145
Chunk bitrate: 8 349952
Buffer size: 9 36001
Download Time: 975477
Chunk bitrate: 9 349952
Buffer size: 10 40001
Download Time: 1869634
Chunk bitrate: 10 349952
Buffer size: 11 44001
Download Time: 854198
Chunk bitrate: 11 349952
Buffer size: 12 48001
Download Time: 935013
Chunk bitrate: 12 349952
Buffer size: 13 52001
Download Time: 1020764
Chunk bitrate: 13 349952
Buffer size: 14 56001
Download Time: 1175808
Chunk bitrate: 14 349952
Buffer size: 15 60001
Download Time: 854439
Chunk bitrate: 15 349952
Buffer size: 16 64001
Download Time: 975684
Chunk bitrate: 16 349952
Buffer size: 17 68001
Download Time: 934132
Chunk bitrate: 17 349952
Buffer size: 18 72001
Download Time: 1544300
Chunk bitrate: 18 349952
Buffer size: 19 76001
Download Time: 821246
Chunk bitrate: 19 349952
Buffer size: 20 80001
Download Time: 1031449
Chunk bitrate: 20 349952
Buffer size: 21 84001
Download Time: 1259184
Chunk bitrate: 21 349952
Buffer size: 22 88001
Download Time: 887155
Chunk bitrate: 22 349952
Buffer size: 23 92001
Download Time: 858500
Chunk bitrate: 23 349952
Buffer size: 24 96001
Download Time: 1175881
Chunk bitrate: 24 349952
Buffer size: 25 100001
Download Time: 978824
Chunk bitrate: 25 349952
Buffer size: 26 104001
Download Time: 897494
Chunk bitrate: 26 349952
Buffer size: 27 108001
Download Time: 647533
Chunk bitrate: 27 349952
Buffer size: 28 112001
Download Time: 1184042
Chunk bitrate: 28 349952
Buffer size: 29 116001
Download Time: 1139115
Chunk bitrate: 29 349952
Buffer size: 30 120001
Download Time: 853719
Chunk bitrate: 30 600000
Buffer size: 30 124001
Chunk bitrate: 30 600000
Buffer size: 31 124001
Download Time: 1712269
Chunk bitrate: 31 349952
Buffer size: 31 128001
Chunk bitrate: 31 349952
Buffer size: 32 128001
Download Time: 1016252
Chunk bitrate: 32 600000
Buffer size: 32 132001
Chunk bitrate: 32 600000
Buffer size: 33 132001
Download Time: 1585864
Chunk bitrate: 33 349952
Buffer size: 33 136001
Chunk bitrate: 33 349952
Buffer size: 34 136001
Download Time: 1305737
Chunk bitrate: 34 349952
Buffer size: 35 140001
Download Time: 855019
Chunk bitrate: 35 349952
Buffer size: 36 144001
Download Time: 1225206
Chunk bitrate: 36 349952
Buffer size: 37 148001
Download Time: 1012253
Chunk bitrate: 37 349952
Buffer size: 38 152001
Download Time: 851878
Chunk bitrate: 38 1000000
Buffer size: 38 156001
Chunk bitrate: 38 1000000
Buffer size: 39 156001
Download Time: 2241976
Chunk bitrate: 39 349952
Buffer size: 39 160001
Chunk bitrate: 39 349952
Buffer size: 40 160001
Download Time: 782137
Chunk bitrate: 40 349952
Buffer size: 41 164001
Download Time: 1100077
Chunk bitrate: 41 349952
Buffer size: 42 168001
Download Time: 1219015
Chunk bitrate: 42 349952
Buffer size: 43 172001
Download Time: 1174241
Chunk bitrate: 43 349952
Buffer size: 44 176001
Download Time: 890836
Chunk bitrate: 44 349952
Buffer size: 45 180001
Download Time: 1308161
Chunk bitrate: 45 600000
Buffer size: 45 184001
Download Time: 695892
Chunk bitrate: 45 600000
Buffer size: 46 184001
Download Time: 1838378
Chunk bitrate: 46 349952
Buffer size: 46 188001
Chunk bitrate: 46 349952
Buffer size: 47 188001
Download Time: 1099973
Chunk bitrate: 47 600000
Buffer size: 47 192001
Chunk bitrate: 47 600000
Buffer size: 48 192001
Download Time: 1216513
Chunk bitrate: 48 349952
Buffer size: 48 196001
Chunk bitrate: 48 349952
Buffer size: 49 196001
Download Time: 1016369
Chunk bitrate: 49 349952
Buffer size: 50 200001
Download Time: 1057413
Chunk bitrate: 50 349952
Buffer size: 51 204001
Download Time: 1178052
Chunk bitrate: 51 349952
Buffer size: 52 208001
Download Time: 1253594
Chunk bitrate: 52 600000
Buffer size: 52 212001
Chunk bitrate: 52 600000
Buffer size: 53 212001
Download Time: 1254882
Chunk bitrate: 53 600000
Buffer size: 54 216001
Download Time: 1465750
Chunk bitrate: 54 600000
Buffer size: 55 220001
Download Time: 1709865
Chunk bitrate: 55 349952
Buffer size: 55 224001
Chunk bitrate: 55 349952
Buffer size: 56 224001
Download Time: 935592
Chunk bitrate: 56 349952
Buffer size: 57 228001
Download Time: 1053985
Chunk bitrate: 57 349952
Buffer size: 58 232001
Download Time: 450143
Chunk bitrate: 58 349952
Buffer size: 59 236001
Download Time: 1265156
Chunk bitrate: 59 349952
Buffer size: 60 240001
Download Time: 923727
Chunk bitrate: 60 349952
Buffer size: 61 244001
Download Time: 1180422
Chunk bitrate: 61 349952
Buffer size: 62 248001
Download Time: 403045
Chunk bitrate: 62 349952
Buffer size: 63 252001
Download Time: 367828
Chunk bitrate: 63 600000
Buffer size: 63 256001
Chunk bitrate: 63 600000
Buffer size: 64 256001
Download Time: 1105924
Chunk bitrate: 64 600000
Buffer size: 65 260001
[00007f729c003378] ps mux: Close
[00007f72a0039098] idummy demux: command `quit'
[0000000001bb51a8] [cli] lua interface error: Error loading script /home/cs244/vlc/share/lua/intf/cli.luac: lua/intf/modules/host.lua:286: Interrupted.
