[00000000012331e8] core interface error: no suitable interface module
[000000000116a338] core libvlc error: interface "globalhotkeys,none" initialization failed
[00000000012331e8] dbus interface error: Failed to connect to the D-Bus session daemon: Unable to autolaunch a dbus-daemon without a $DISPLAY for X11
[00000000012331e8] core interface error: no suitable interface module
[000000000116a338] core libvlc error: interface "dbus,none" initialization failed
[000000000116a338] core libvlc: Running vlc with the default interface. Use 'cvlc' to use vlc without interface.
[00000000012331e8] qt interface error: Could not connect to X server
[00000000012331e8] skins2 interface error: cannot initialize OSFactory
[00000000012331e8] [cli] lua interface: Listening on host "*console".
VLC media player 3.0.0-git Vetinari
Command Line Interface initialized. Type `help' for help.
> [00007fd458003378] ps mux: Open
making a DASHManager
new ratebased adaptionlogic
Chunk bitrate: 0 349952
Buffer size: 0 0
Chunk bitrate: 0 349952
Buffer size: 0 0
[00007fd4580255f8] mp4 demux: Fragment sequence discontinuity detected 0 != 2
Download Time: 1053364
[00007fd4580199c8] mp4 demux: Fragment sequence discontinuity detected 0 != 2
Startup Time: 1050000
Chunk bitrate: 0 600000
Buffer size: 0 4001
Chunk bitrate: 0 600000
Buffer size: 1 4001
Download Time: 1263139
Chunk bitrate: 1 349952
Buffer size: 1 8001
Chunk bitrate: 1 349952
Buffer size: 2 8001
Download Time: 734470
Chunk bitrate: 2 349952
Buffer size: 3 12001
Download Time: 1106611
Chunk bitrate: 3 600000
Buffer size: 3 16001
Chunk bitrate: 3 600000
Buffer size: 4 16001
Download Time: 977876
Chunk bitrate: 4 600000
Buffer size: 5 20001
Download Time: 1793917
Chunk bitrate: 5 600000
Buffer size: 6 24001
Download Time: 1296408
Chunk bitrate: 6 349952
Buffer size: 6 28001
Chunk bitrate: 6 349952
Buffer size: 7 28001
Download Time: 732283
Chunk bitrate: 7 349952
Buffer size: 8 32001
Download Time: 652824
Chunk bitrate: 8 600000
Buffer size: 8 36001
Chunk bitrate: 8 600000
Buffer size: 9 36001
Download Time: 1671939
Chunk bitrate: 9 600000
Buffer size: 10 40001
Download Time: 1019070
Chunk bitrate: 10 349952
Buffer size: 10 44001
Chunk bitrate: 10 349952
Buffer size: 11 44001
Download Time: 1100686
Chunk bitrate: 11 600000
Buffer size: 11 48001
Chunk bitrate: 11 600000
Buffer size: 12 48001
Download Time: 1910160
Chunk bitrate: 12 600000
Buffer size: 13 52001
Download Time: 2000152
Chunk bitrate: 13 349952
Buffer size: 13 56001
Chunk bitrate: 13 349952
Buffer size: 14 56001
Download Time: 813308
Chunk bitrate: 14 349952
Buffer size: 15 60001
Download Time: 654783
Chunk bitrate: 15 600000
Buffer size: 15 64001
Chunk bitrate: 15 600000
Buffer size: 16 64001
Download Time: 1308854
Chunk bitrate: 16 600000
Buffer size: 17 68001
Download Time: 1222105
Chunk bitrate: 17 349952
Buffer size: 17 72001
Chunk bitrate: 17 349952
Buffer size: 18 72001
Download Time: 770710
Chunk bitrate: 18 349952
Buffer size: 19 76001
Download Time: 773321
Chunk bitrate: 19 349952
Buffer size: 20 80001
Download Time: 774648
Chunk bitrate: 20 349952
Buffer size: 21 84001
Download Time: 978489
Chunk bitrate: 21 349952
Buffer size: 22 88001
Download Time: 692745
Chunk bitrate: 22 600000
Buffer size: 22 92001
Chunk bitrate: 22 600000
Buffer size: 23 92001
Download Time: 2115292
Chunk bitrate: 23 349952
Buffer size: 23 96001
Chunk bitrate: 23 349952
Buffer size: 24 96001
Download Time: 1219069
Chunk bitrate: 24 349952
Buffer size: 25 100001
Download Time: 692371
Chunk bitrate: 25 349952
Buffer size: 26 104001
Download Time: 685587
Chunk bitrate: 26 349952
Buffer size: 27 108001
Download Time: 1180494
Chunk bitrate: 27 349952
Buffer size: 28 112001
Download Time: 931939
Chunk bitrate: 28 349952
Buffer size: 29 116001
Download Time: 1135123
Chunk bitrate: 29 349952
Buffer size: 30 120001
Download Time: 725344
Chunk bitrate: 30 349952
Buffer size: 31 124001
Download Time: 606879
Chunk bitrate: 31 600000
Buffer size: 31 128001
Chunk bitrate: 31 600000
Buffer size: 32 128001
Download Time: 1214209
Chunk bitrate: 32 349952
Buffer size: 32 132001
Chunk bitrate: 32 349952
Buffer size: 33 132001
Download Time: 653600
Chunk bitrate: 33 349952
Buffer size: 34 136001
Download Time: 771597
Chunk bitrate: 34 349952
Buffer size: 35 140001
Download Time: 732041
Chunk bitrate: 35 349952
Buffer size: 36 144001
Download Time: 927964
Chunk bitrate: 36 349952
Buffer size: 37 148001
Download Time: 815192
Chunk bitrate: 37 349952
Buffer size: 38 152001
Download Time: 648601
Chunk bitrate: 38 1000000
Buffer size: 38 156001
Chunk bitrate: 38 1000000
Buffer size: 39 156001
Download Time: 1948924
Chunk bitrate: 39 600000
Buffer size: 39 160001
Chunk bitrate: 39 600000
Buffer size: 40 160001
Download Time: 1096701
[00007fd458003378] core mux error: cannot add this stream
[00007fd4580e34e8] core decoder error: cannot create packetizer output (h264)
Chunk bitrate: 40 600000
Buffer size: 41 164001
Download Time: 1283496
Chunk bitrate: 41 349952
Buffer size: 41 168001
Chunk bitrate: 41 349952
Buffer size: 42 168001
Download Time: 684711
[00007fd458003378] core mux error: cannot add this stream
[00007fd4580d5b08] core decoder error: cannot create packetizer output (h264)
Chunk bitrate: 42 349952
Buffer size: 43 172001
Download Time: 1133603
Chunk bitrate: 43 349952
Buffer size: 44 176001
Download Time: 936589
Chunk bitrate: 44 349952
Buffer size: 45 180001
Download Time: 1096966
Chunk bitrate: 45 349952
Buffer size: 46 184001
Download Time: 813042
Chunk bitrate: 46 349952
Buffer size: 47 188001
Download Time: 936026
Chunk bitrate: 47 349952
Buffer size: 48 192001
Download Time: 733275
Chunk bitrate: 48 349952
Buffer size: 49 196001
Download Time: 731152
Chunk bitrate: 49 349952
Buffer size: 50 200001
Download Time: 1876579
Chunk bitrate: 50 349952
Buffer size: 51 204001
Download Time: 772072
Chunk bitrate: 51 349952
Buffer size: 52 208001
Download Time: 613266
Chunk bitrate: 52 349952
Buffer size: 53 212001
Download Time: 1597789
Chunk bitrate: 53 349952
Buffer size: 54 216001
Download Time: 897571
Chunk bitrate: 54 349952
Buffer size: 55 220001
Download Time: 891105
Chunk bitrate: 55 349952
Buffer size: 56 224001
Download Time: 1303758
Chunk bitrate: 56 349952
Buffer size: 57 228001
Download Time: 1462731
Chunk bitrate: 57 349952
Buffer size: 58 232001
Download Time: 524637
Chunk bitrate: 58 349952
Buffer size: 59 236001
Download Time: 1260624
Chunk bitrate: 59 600000
Buffer size: 59 240001
Chunk bitrate: 59 600000
Buffer size: 60 240001
Download Time: 1265424
[00007fd458003378] core mux error: cannot add this stream
[00007fd45811b158] core decoder error: cannot create packetizer output (h264)
Chunk bitrate: 60 349952
Buffer size: 60 244001
Chunk bitrate: 60 349952
Buffer size: 61 244001
Download Time: 815458
[00007fd458003378] core mux error: cannot add this stream
[00007fd4580fbf98] core decoder error: cannot create packetizer output (h264)
Chunk bitrate: 61 349952
Buffer size: 62 248001
Download Time: 565530
Chunk bitrate: 62 349952
Buffer size: 63 252001
Download Time: 776086
Chunk bitrate: 63 349952
Buffer size: 64 256001
Download Time: 855235
Chunk bitrate: 64 349952
Buffer size: 65 260001
[00007fd458003378] ps mux: Close
[00007fd4480010a8] idummy demux: command `quit'
[00000000012331e8] [cli] lua interface error: Error loading script /home/cs244/vlc/share/lua/intf/cli.luac: lua/intf/modules/host.lua:286: Interrupted.
