[0000000000f7c1e8] core interface error: no suitable interface module
[0000000000eb3338] core libvlc error: interface "globalhotkeys,none" initialization failed
[0000000000f7c1e8] dbus interface error: Failed to connect to the D-Bus session daemon: Unable to autolaunch a dbus-daemon without a $DISPLAY for X11
[0000000000f7c1e8] core interface error: no suitable interface module
[0000000000eb3338] core libvlc error: interface "dbus,none" initialization failed
[0000000000eb3338] core libvlc: Running vlc with the default interface. Use 'cvlc' to use vlc without interface.
[0000000000f7c1e8] qt interface error: Could not connect to X server
[0000000000f7c1e8] skins2 interface error: cannot initialize OSFactory
[0000000000f7c1e8] [cli] lua interface: Listening on host "*console".
VLC media player 3.0.0-git Vetinari
Command Line Interface initialized. Type `help' for help.
> [00007fb088003378] ps mux: Open
making a DASHManager
new ratebased adaptionlogic
Chunk bitrate: 0 349952
Buffer size: 0 0
Chunk bitrate: 0 349952
Buffer size: 0 0
[00007fb088023918] mp4 demux: Fragment sequence discontinuity detected 0 != 2
Download Time: 686651
[00007fb088024a88] mp4 demux: Fragment sequence discontinuity detected 0 != 2
Startup Time: 1050000
Chunk bitrate: 0 600000
Buffer size: 0 4001
Chunk bitrate: 0 600000
Buffer size: 1 4001
Download Time: 1997949
Chunk bitrate: 1 1000000
Buffer size: 1 8001
Chunk bitrate: 1 1000000
Buffer size: 2 8001
Download Time: 1221746
Download Time: 288324
Chunk bitrate: 2 600000
Buffer size: 2 12001
Chunk bitrate: 2 600000
Buffer size: 3 12001
Download Time: 1017145
Chunk bitrate: 3 600000
Buffer size: 4 16001
Download Time: 1018025
Chunk bitrate: 4 600000
Buffer size: 5 20001
Download Time: 1224696
Chunk bitrate: 5 600000
Buffer size: 6 24001
Download Time: 856360
Chunk bitrate: 6 349952
Buffer size: 6 28001
Chunk bitrate: 6 349952
Buffer size: 7 28001
Download Time: 647044
Chunk bitrate: 7 349952
Buffer size: 8 32001
Download Time: 942851
Chunk bitrate: 8 1000000
Buffer size: 8 36001
Chunk bitrate: 8 1000000
Buffer size: 9 36001
Download Time: 1910422
Chunk bitrate: 9 1000000
Buffer size: 10 40001
Download Time: 1224736
Chunk bitrate: 10 600000
Buffer size: 10 44001
Chunk bitrate: 10 600000
Buffer size: 11 44001
Download Time: 731349
Chunk bitrate: 11 349952
Buffer size: 11 48001
Chunk bitrate: 11 349952
Buffer size: 12 48001
Download Time: 1830089
Chunk bitrate: 12 349952
Buffer size: 13 52001
Download Time: 610937
Chunk bitrate: 13 600000
Buffer size: 13 56001
Chunk bitrate: 13 600000
Buffer size: 14 56001
Download Time: 1220522
Chunk bitrate: 14 349952
Buffer size: 14 60001
Chunk bitrate: 14 349952
Buffer size: 15 60001
Download Time: 405183
Chunk bitrate: 15 349952
Buffer size: 16 64001
Download Time: 565179
Chunk bitrate: 16 349952
Buffer size: 17 68001
Download Time: 1427359
Chunk bitrate: 17 349952
Buffer size: 18 72001
Download Time: 653252
Download Time: 696897
Chunk bitrate: 18 349952
Buffer size: 19 76001
Download Time: 774600
Chunk bitrate: 19 1000000
Buffer size: 19 80001
Chunk bitrate: 19 1000000
Buffer size: 20 80001
Download Time: 1388772
Chunk bitrate: 20 600000
Buffer size: 20 84001
Chunk bitrate: 20 600000
Buffer size: 21 84001
Download Time: 896029
Chunk bitrate: 21 349952
Buffer size: 21 88001
Chunk bitrate: 21 349952
Buffer size: 22 88001
Download Time: 732878
Chunk bitrate: 22 600000
Buffer size: 22 92001
Chunk bitrate: 22 600000
Buffer size: 23 92001
Download Time: 1178301
Chunk bitrate: 23 349952
Buffer size: 23 96001
Chunk bitrate: 23 349952
Buffer size: 24 96001
Download Time: 569568
Chunk bitrate: 24 600000
Buffer size: 24 100001
Chunk bitrate: 24 600000
Buffer size: 25 100001
Download Time: 1219420
Chunk bitrate: 25 349952
Buffer size: 25 104001
Chunk bitrate: 25 349952
Buffer size: 26 104001
Download Time: 1668773
[00007fb088003378] core mux error: cannot add this stream
[00007fb088043818] core decoder error: cannot create packetizer output (h264)
Chunk bitrate: 26 600000
Buffer size: 26 108001
Chunk bitrate: 26 600000
Buffer size: 27 108001
Download Time: 1343379
[00007fb088003378] core mux error: cannot add this stream
[00007fb0880c1b68] core decoder error: cannot create packetizer output (h264)
Chunk bitrate: 27 349952
Buffer size: 27 112001
Chunk bitrate: 27 349952
Buffer size: 28 112001
Download Time: 612857
[00007fb088003378] core mux error: cannot add this stream
[00007fb0880c5ba8] core decoder error: cannot create packetizer output (h264)
Chunk bitrate: 28 600000
Buffer size: 28 116001
Chunk bitrate: 28 600000
Buffer size: 29 116001
Download Time: 1336381
[00007fb088003378] core mux error: cannot add this stream
[00007fb0880ed408] core decoder error: cannot create packetizer output (h264)
Chunk bitrate: 29 349952
Buffer size: 29 120001
Chunk bitrate: 29 349952
Buffer size: 30 120001
Download Time: 600768
[00007fb088003378] core mux error: cannot add this stream
[00007fb088083858] core decoder error: cannot create packetizer output (h264)
Chunk bitrate: 30 600000
Buffer size: 30 124001
Chunk bitrate: 30 600000
Buffer size: 31 124001
Download Time: 1018186
[00007fb088003378] core mux error: cannot add this stream
[00007fb0880de5c8] core decoder error: cannot create packetizer output (h264)
Chunk bitrate: 31 600000
Buffer size: 32 128001
Download Time: 1058455
Chunk bitrate: 32 349952
Buffer size: 32 132001
Chunk bitrate: 32 349952
Buffer size: 33 132001
Download Time: 608075
[00007fb088003378] core mux error: cannot add this stream
[00007fb0880b4dd8] core decoder error: cannot create packetizer output (h264)
Chunk bitrate: 33 349952
Buffer size: 34 136001
Download Time: 1303105
Chunk bitrate: 34 349952
Buffer size: 35 140001
Download Time: 652725
Chunk bitrate: 35 600000
Buffer size: 35 144001
Chunk bitrate: 35 600000
Buffer size: 36 144001
Download Time: 773157
[00007fb088003378] core mux error: cannot add this stream
[00007fb0880da538] core decoder error: cannot create packetizer output (h264)
Chunk bitrate: 36 600000
Buffer size: 37 148001
Download Time: 1264130
Chunk bitrate: 37 600000
Buffer size: 38 152001
Download Time: 1374740
Chunk bitrate: 38 1000000
Buffer size: 38 156001
Chunk bitrate: 38 1000000
Buffer size: 39 156001
Download Time: 1463886
[00007fb088003378] core mux error: cannot add this stream
[00007fb088125748] core decoder error: cannot create packetizer output (h264)
Chunk bitrate: 39 600000
Buffer size: 39 160001
Chunk bitrate: 39 600000
Buffer size: 40 160001
Download Time: 1014351
[00007fb088003378] core mux error: cannot add this stream
[00007fb0880ea648] core decoder error: cannot create packetizer output (h264)
Chunk bitrate: 40 600000
Buffer size: 41 164001
Download Time: 1301057
Chunk bitrate: 41 349952
Buffer size: 41 168001
Chunk bitrate: 41 349952
Buffer size: 42 168001
Download Time: 1424098
[00007fb088003378] core mux error: cannot add this stream
[00007fb0880e0428] core decoder error: cannot create packetizer output (h264)
Chunk bitrate: 42 600000
Buffer size: 42 172001
Chunk bitrate: 42 600000
Buffer size: 43 172001
Download Time: 1047372
[00007fb088003378] core mux error: cannot add this stream
[00007fb08810a1e8] core decoder error: cannot create packetizer output (h264)
Chunk bitrate: 43 349952
Buffer size: 43 176001
Chunk bitrate: 43 349952
Buffer size: 44 176001
Download Time: 573598
[00007fb088003378] core mux error: cannot add this stream
[00007fb0880d70c8] core decoder error: cannot create packetizer output (h264)
Chunk bitrate: 44 349952
Buffer size: 45 180001
Download Time: 1017079
Chunk bitrate: 45 600000
Buffer size: 45 184001
Chunk bitrate: 45 600000
Buffer size: 46 184001
Download Time: 1305292
[00007fb088003378] core mux error: cannot add this stream
[00007fb0881139e8] core decoder error: cannot create packetizer output (h264)
Chunk bitrate: 46 349952
Buffer size: 46 188001
Chunk bitrate: 46 349952
Buffer size: 47 188001
Download Time: 1000601
[00007fb088003378] core mux error: cannot add this stream
[00007fb0880d9e58] core decoder error: cannot create packetizer output (h264)
Chunk bitrate: 47 349952
Buffer size: 48 192001
Download Time: 732117
Chunk bitrate: 48 1000000
Buffer size: 48 196001
Chunk bitrate: 48 1000000
Buffer size: 49 196001
Download Time: 1509210
[00007fb088003378] core mux error: cannot add this stream
[00007fb088150d98] core decoder error: cannot create packetizer output (h264)
Chunk bitrate: 49 600000
Buffer size: 49 200001
Chunk bitrate: 49 600000
Buffer size: 50 200001
Download Time: 1059840
[00007fb088003378] core mux error: cannot add this stream
[00007fb088116418] core decoder error: cannot create packetizer output (h264)
Chunk bitrate: 50 349952
Buffer size: 50 204001
Chunk bitrate: 50 349952
Buffer size: 51 204001
Download Time: 894862
[00007fb088003378] core mux error: cannot add this stream
[00007fb0880f5988] core decoder error: cannot create packetizer output (h264)
Chunk bitrate: 51 600000
Buffer size: 51 208001
Chunk bitrate: 51 600000
Buffer size: 52 208001
Download Time: 1429843
[00007fb088003378] core mux error: cannot add this stream
[00007fb088120be8] core decoder error: cannot create packetizer output (h264)
Chunk bitrate: 52 349952
Buffer size: 52 212001
Chunk bitrate: 52 349952
Buffer size: 53 212001
Download Time: 1546273
[00007fb088003378] core mux error: cannot add this stream
[00007fb08811f748] core decoder error: cannot create packetizer output (h264)
Chunk bitrate: 53 600000
Buffer size: 53 216001
Chunk bitrate: 53 600000
Buffer size: 54 216001
Download Time: 2206925
[00007fb088003378] core mux error: cannot add this stream
[00007fb088121ee8] core decoder error: cannot create packetizer output (h264)
Chunk bitrate: 54 349952
Buffer size: 54 220001
Chunk bitrate: 54 349952
Buffer size: 55 220001
Download Time: 649486
[00007fb088003378] core mux error: cannot add this stream
[00007fb08810dbc8] core decoder error: cannot create packetizer output (h264)
Chunk bitrate: 55 600000
Buffer size: 55 224001
Chunk bitrate: 55 600000
Buffer size: 56 224001
Download Time: 806011
[00007fb088003378] core mux error: cannot add this stream
[00007fb08812c3d8] core decoder error: cannot create packetizer output (h264)
Chunk bitrate: 56 349952
Buffer size: 56 228001
Chunk bitrate: 56 349952
Buffer size: 57 228001
Download Time: 527327
[00007fb088003378] core mux error: cannot add this stream
[00007fb0880c9968] core decoder error: cannot create packetizer output (h264)
Chunk bitrate: 57 600000
Buffer size: 57 232001
Chunk bitrate: 57 600000
Buffer size: 58 232001
Download Time: 651974
[00007fb088003378] core mux error: cannot add this stream
[00007fb088112cd8] core decoder error: cannot create packetizer output (h264)
Chunk bitrate: 58 600000
Buffer size: 59 236001
Download Time: 1465274
Chunk bitrate: 59 349952
Buffer size: 59 240001
Chunk bitrate: 59 349952
Buffer size: 60 240001
Download Time: 854952
[00007fb088003378] core mux error: cannot add this stream
[00007fb0880fbef8] core decoder error: cannot create packetizer output (h264)
Chunk bitrate: 60 349952
Buffer size: 61 244001
Download Time: 1626104
Chunk bitrate: 61 349952
Buffer size: 62 248001
Download Time: 404715
Chunk bitrate: 62 349952
Buffer size: 63 252001
Download Time: 281902
Chunk bitrate: 63 349952
Buffer size: 64 256001
Download Time: 281070
Chunk bitrate: 64 600000
Buffer size: 64 260001
Chunk bitrate: 64 600000
Buffer size: 65 260001
[00007fb088003378] ps mux: Close
[00007fb08c001508] idummy demux: command `quit'
[0000000000f7c1e8] [cli] lua interface error: Error loading script /home/cs244/vlc/share/lua/intf/cli.luac: lua/intf/modules/host.lua:286: Interrupted.
