[00000000021fa1a8] core interface error: no suitable interface module
[0000000002131338] core libvlc error: interface "globalhotkeys,none" initialization failed
[00000000021fa1a8] dbus interface error: Failed to connect to the D-Bus session daemon: Unable to autolaunch a dbus-daemon without a $DISPLAY for X11
[00000000021fa1a8] core interface error: no suitable interface module
[0000000002131338] core libvlc error: interface "dbus,none" initialization failed
[0000000002131338] core libvlc: Running vlc with the default interface. Use 'cvlc' to use vlc without interface.
[00000000021fa1a8] qt interface error: Could not connect to X server
[00000000021fa1a8] skins2 interface error: cannot initialize OSFactory
[00000000021fa1a8] [cli] lua interface: Listening on host "*console".
VLC media player 3.0.0-git Vetinari
Command Line Interface initialized. Type `help' for help.
> [00007fdd20003378] ps mux: Open
making a DASHManager
new ratebased adaptionlogic
Chunk bitrate: 0 349952
Buffer size: 0 0
Download Time: 281438
Chunk bitrate: 0 349952
Buffer size: 0 0
[00007fdd20024e28] mp4 demux: Fragment sequence discontinuity detected 0 != 2
Download Time: 1383575
[00007fdd200246d8] mp4 demux: Fragment sequence discontinuity detected 0 != 2
Startup Time: 1050000
Chunk bitrate: 0 349952
Buffer size: 1 4001
Download Time: 1017252
Chunk bitrate: 1 349952
Buffer size: 2 8001
Download Time: 558121
Chunk bitrate: 2 349952
Buffer size: 3 12001
Download Time: 935857
Chunk bitrate: 3 349952
Buffer size: 4 16001
Download Time: 810842
Chunk bitrate: 4 349952
Buffer size: 5 20001
Download Time: 1095914
Chunk bitrate: 5 1000000
Buffer size: 5 24001
Chunk bitrate: 5 1000000
Buffer size: 6 24001
Download Time: 1225566
Chunk bitrate: 6 600000
Buffer size: 6 28001
Chunk bitrate: 6 600000
Buffer size: 7 28001
Download Time: 974995
Chunk bitrate: 7 600000
Buffer size: 8 32001
Download Time: 1771799
Chunk bitrate: 8 349952
Buffer size: 8 36001
Chunk bitrate: 8 349952
Buffer size: 9 36001
Download Time: 776656
Chunk bitrate: 9 349952
Buffer size: 10 40001
Download Time: 935351
Chunk bitrate: 10 1000000
Buffer size: 10 44001
Chunk bitrate: 10 1000000
Buffer size: 11 44001
Download Time: 1788049
Chunk bitrate: 11 600000
Buffer size: 11 48001
Chunk bitrate: 11 600000
Buffer size: 12 48001
Download Time: 1667614
Chunk bitrate: 12 349952
Buffer size: 12 52001
Chunk bitrate: 12 349952
Buffer size: 13 52001
Download Time: 1347967
Chunk bitrate: 13 349952
Buffer size: 14 56001
Download Time: 813535
Chunk bitrate: 14 600000
Buffer size: 14 60001
Chunk bitrate: 14 600000
Buffer size: 15 60001
Download Time: 856342
Chunk bitrate: 15 600000
Buffer size: 16 64001
Download Time: 1143576
Chunk bitrate: 16 600000
Buffer size: 17 68001
Download Time: 934420
Chunk bitrate: 17 600000
Buffer size: 18 72001
Download Time: 933585
Chunk bitrate: 18 600000
Buffer size: 19 76001
Download Time: 2073960
Chunk bitrate: 19 349952
Buffer size: 19 80001
Chunk bitrate: 19 349952
Buffer size: 20 80001
Download Time: 815706
Chunk bitrate: 20 349952
Buffer size: 21 84001
Download Time: 851193
Chunk bitrate: 21 600000
Buffer size: 21 88001
Chunk bitrate: 21 600000
Buffer size: 22 88001
Download Time: 1136120
Chunk bitrate: 22 600000
Buffer size: 23 92001
Download Time: 1581473
Chunk bitrate: 23 349952
Buffer size: 23 96001
Chunk bitrate: 23 349952
Buffer size: 24 96001
Download Time: 609093
Chunk bitrate: 24 600000
Buffer size: 24 100001
Chunk bitrate: 24 600000
Buffer size: 25 100001
Download Time: 1098375
Chunk bitrate: 25 349952
Buffer size: 25 104001
Chunk bitrate: 25 349952
Buffer size: 26 104001
Download Time: 975958
Chunk bitrate: 26 349952
Buffer size: 27 108001
Download Time: 729470
Chunk bitrate: 27 349952
Buffer size: 28 112001
Download Time: 1016380
Chunk bitrate: 28 349952
Buffer size: 29 116001
Download Time: 1143135
Chunk bitrate: 29 349952
Buffer size: 30 120001
Download Time: 733394
Chunk bitrate: 30 349952
Buffer size: 31 124001
Download Time: 735594
Chunk bitrate: 31 349952
Buffer size: 32 128001
Download Time: 1098382
Chunk bitrate: 32 349952
Buffer size: 33 132001
Download Time: 774490
Chunk bitrate: 33 600000
Buffer size: 33 136001
Chunk bitrate: 33 600000
Buffer size: 34 136001
Download Time: 1209188
Chunk bitrate: 34 349952
Buffer size: 34 140001
Chunk bitrate: 34 349952
Buffer size: 35 140001
Download Time: 731477
Chunk bitrate: 35 600000
Buffer size: 35 144001
Chunk bitrate: 35 600000
Buffer size: 36 144001
Download Time: 981444
Chunk bitrate: 36 349952
Buffer size: 36 148001
Chunk bitrate: 36 349952
Buffer size: 37 148001
Download Time: 605953
[00007fdd20003378] core mux error: cannot add this stream
[00007fdd200d3a58] core decoder error: cannot create packetizer output (h264)
Chunk bitrate: 37 349952
Buffer size: 38 152001
Download Time: 855905
Chunk bitrate: 38 1000000
Buffer size: 38 156001
Download Time: 203488
Chunk bitrate: 38 1000000
Buffer size: 39 156001
Download Time: 2051219
[00007fdd20003378] core mux error: cannot add this stream
[00007fdd2011c8b8] core decoder error: cannot create packetizer output (h264)
Chunk bitrate: 39 600000
Buffer size: 39 160001
Chunk bitrate: 39 600000
Buffer size: 40 160001
Download Time: 1348419
[00007fdd20003378] core mux error: cannot add this stream
[00007fdd200e7338] core decoder error: cannot create packetizer output (h264)
Chunk bitrate: 40 349952
Buffer size: 40 164001
Chunk bitrate: 40 349952
Buffer size: 41 164001
Download Time: 805926
[00007fdd20003378] core mux error: cannot add this stream
[00007fdd200c27b8] core decoder error: cannot create packetizer output (h264)
Chunk bitrate: 41 600000
Buffer size: 41 168001
Chunk bitrate: 41 600000
Buffer size: 42 168001
Download Time: 1290407
[00007fdd20003378] core mux error: cannot add this stream
[00007fdd200f9938] core decoder error: cannot create packetizer output (h264)
Chunk bitrate: 42 600000
Buffer size: 43 172001
Download Time: 1383560
Chunk bitrate: 43 600000
Buffer size: 44 176001
Download Time: 1095559
Chunk bitrate: 44 600000
Buffer size: 45 180001
Download Time: 856685
Chunk bitrate: 45 600000
Buffer size: 46 184001
Download Time: 1261019
Chunk bitrate: 46 349952
Buffer size: 46 188001
Chunk bitrate: 46 349952
Buffer size: 47 188001
Download Time: 1552317
[00007fdd20003378] core mux error: cannot add this stream
[00007fdd200e1a28] core decoder error: cannot create packetizer output (h264)
Chunk bitrate: 47 349952
Buffer size: 48 192001
Download Time: 890842
Chunk bitrate: 48 349952
Buffer size: 49 196001
Download Time: 687430
Chunk bitrate: 49 600000
Buffer size: 49 200001
Chunk bitrate: 49 600000
Buffer size: 50 200001
Download Time: 1180861
[00007fdd20003378] core mux error: cannot add this stream
[00007fdd2010c218] core decoder error: cannot create packetizer output (h264)
Chunk bitrate: 50 349952
Buffer size: 50 204001
Chunk bitrate: 50 349952
Buffer size: 51 204001
Download Time: 653941
[00007fdd20003378] core mux error: cannot add this stream
[00007fdd200c8bb8] core decoder error: cannot create packetizer output (h264)
Chunk bitrate: 51 349952
Buffer size: 52 208001
Download Time: 653035
Chunk bitrate: 52 349952
Buffer size: 53 212001
Download Time: 693463
Chunk bitrate: 53 349952
Buffer size: 54 216001
Download Time: 570246
Chunk bitrate: 54 349952
Buffer size: 55 220001
Download Time: 931476
Chunk bitrate: 55 349952
Buffer size: 56 224001
Download Time: 728133
Chunk bitrate: 56 349952
Buffer size: 57 228001
Download Time: 761639
Chunk bitrate: 57 600000
Buffer size: 57 232001
Chunk bitrate: 57 600000
Buffer size: 58 232001
Download Time: 610725
[00007fdd20003378] core mux error: cannot add this stream
[00007fdd200f3148] core decoder error: cannot create packetizer output (h264)
Chunk bitrate: 58 349952
Buffer size: 58 236001
Chunk bitrate: 58 349952
Buffer size: 59 236001
Download Time: 1051916
[00007fdd20003378] core mux error: cannot add this stream
[00007fdd200a6138] core decoder error: cannot create packetizer output (h264)
Chunk bitrate: 59 349952
Buffer size: 60 240001
Download Time: 983258
Chunk bitrate: 60 349952
Buffer size: 61 244001
Download Time: 940347
Chunk bitrate: 61 349952
Buffer size: 62 248001
Download Time: 490614
Chunk bitrate: 62 349952
Buffer size: 63 252001
Download Time: 328049
Chunk bitrate: 63 349952
Buffer size: 64 256001
Download Time: 487440
Chunk bitrate: 64 349952
Buffer size: 65 260001
[00007fdd20003378] ps mux: Close
[00007fdd2006e4e8] idummy demux: command `quit'
[00000000021fa1a8] [cli] lua interface error: Error loading script /home/cs244/vlc/share/lua/intf/cli.luac: lua/intf/modules/host.lua:286: Interrupted.
