[0000000001a791e8] core interface error: no suitable interface module
[00000000019b0338] core libvlc error: interface "globalhotkeys,none" initialization failed
[0000000001a791e8] dbus interface error: Failed to connect to the D-Bus session daemon: Unable to autolaunch a dbus-daemon without a $DISPLAY for X11
[0000000001a791e8] core interface error: no suitable interface module
[00000000019b0338] core libvlc error: interface "dbus,none" initialization failed
[00000000019b0338] core libvlc: Running vlc with the default interface. Use 'cvlc' to use vlc without interface.
[0000000001a791e8] qt interface error: Could not connect to X server
[0000000001a791e8] skins2 interface error: cannot initialize OSFactory
[00007fbef8003378] ps mux: Open
[0000000001a791e8] [cli] lua interface: Listening on host "*console".
VLC media player 3.0.0-git Vetinari
Command Line Interface initialized. Type `help' for help.
> making a DASHManager
new ratebased adaptionlogic
Chunk bitrate: 0 349952
Buffer size: 0 0
Chunk bitrate: 0 349952
Buffer size: 0 0
[00007fbef8025898] mp4 demux: Fragment sequence discontinuity detected 0 != 2
Download Time: 770997
[00007fbef8025da8] mp4 demux: Fragment sequence discontinuity detected 0 != 2
Startup Time: 1050000
Chunk bitrate: 0 349952
Buffer size: 1 4001
Download Time: 815410
Chunk bitrate: 1 600000
Buffer size: 1 8001
Chunk bitrate: 1 600000
Buffer size: 2 8001
Download Time: 1544995
Chunk bitrate: 2 349952
Buffer size: 2 12001
Chunk bitrate: 2 349952
Buffer size: 3 12001
Download Time: 773495
Chunk bitrate: 3 600000
Buffer size: 3 16001
Chunk bitrate: 3 600000
Buffer size: 4 16001
Download Time: 937694
Chunk bitrate: 4 349952
Buffer size: 4 20001
Chunk bitrate: 4 349952
Buffer size: 5 20001
Download Time: 978882
Chunk bitrate: 5 600000
Buffer size: 5 24001
Chunk bitrate: 5 600000
Buffer size: 6 24001
Download Time: 736303
Chunk bitrate: 6 349952
Buffer size: 6 28001
Chunk bitrate: 6 349952
Buffer size: 7 28001
Download Time: 936476
Chunk bitrate: 7 349952
Buffer size: 8 32001
Download Time: 1140116
Chunk bitrate: 8 349952
Buffer size: 9 36001
Download Time: 729803
Chunk bitrate: 9 600000
Buffer size: 9 40001
Chunk bitrate: 9 600000
Buffer size: 10 40001
Download Time: 1098353
Chunk bitrate: 10 349952
Buffer size: 10 44001
Chunk bitrate: 10 349952
Buffer size: 11 44001
Download Time: 733249
Chunk bitrate: 11 349952
Buffer size: 12 48001
Download Time: 855206
Chunk bitrate: 12 600000
Buffer size: 12 52001
Chunk bitrate: 12 600000
Buffer size: 13 52001
Download Time: 1264103
Chunk bitrate: 13 600000
Buffer size: 14 56001
Download Time: 1011593
Chunk bitrate: 14 600000
Buffer size: 15 60001
Download Time: 977172
Chunk bitrate: 15 349952
Buffer size: 15 64001
Chunk bitrate: 15 349952
Buffer size: 16 64001
Download Time: 940070
Download Time: 526648
Chunk bitrate: 16 349952
Buffer size: 17 68001
Download Time: 1347846
Chunk bitrate: 17 600000
Buffer size: 17 72001
Chunk bitrate: 17 600000
Buffer size: 18 72001
Download Time: 774932
Chunk bitrate: 18 600000
Buffer size: 19 76001
Download Time: 1019095
Chunk bitrate: 19 600000
Buffer size: 20 80001
Download Time: 1147103
Chunk bitrate: 20 600000
Buffer size: 21 84001
Download Time: 814976
Chunk bitrate: 21 600000
Buffer size: 22 88001
Download Time: 1105045
Chunk bitrate: 22 600000
Buffer size: 23 92001
Download Time: 1058725
Chunk bitrate: 23 349952
Buffer size: 23 96001
Chunk bitrate: 23 349952
Buffer size: 24 96001
Download Time: 1097491
Chunk bitrate: 24 349952
Buffer size: 25 100001
Download Time: 1095472
Chunk bitrate: 25 349952
Buffer size: 26 104001
Download Time: 853492
Chunk bitrate: 26 600000
Buffer size: 26 108001
Chunk bitrate: 26 600000
Buffer size: 27 108001
Download Time: 652756
Chunk bitrate: 27 600000
Buffer size: 28 112001
Download Time: 1057012
Chunk bitrate: 28 349952
Buffer size: 28 116001
Chunk bitrate: 28 349952
Buffer size: 29 116001
Download Time: 565013
Chunk bitrate: 29 600000
Buffer size: 29 120001
Chunk bitrate: 29 600000
Buffer size: 30 120001
Download Time: 971587
Chunk bitrate: 30 600000
Buffer size: 31 124001
Download Time: 1423574
Chunk bitrate: 31 600000
Buffer size: 32 128001
Download Time: 1217328
Chunk bitrate: 32 600000
Buffer size: 33 132001
Download Time: 1098860
Chunk bitrate: 33 600000
Buffer size: 34 136001
Download Time: 1257230
Chunk bitrate: 34 600000
Buffer size: 35 140001
Download Time: 1297664
Chunk bitrate: 35 349952
Buffer size: 35 144001
Chunk bitrate: 35 349952
Buffer size: 36 144001
Download Time: 731004
[00007fbef8003378] core mux error: cannot add this stream
[00007fbef80cb508] core decoder error: cannot create packetizer output (h264)
Chunk bitrate: 36 349952
Buffer size: 37 148001
Download Time: 693032
Chunk bitrate: 37 600000
Buffer size: 37 152001
Chunk bitrate: 37 600000
Buffer size: 38 152001
Download Time: 1426334
[00007fbef8003378] core mux error: cannot add this stream
[00007fbef80f4698] core decoder error: cannot create packetizer output (h264)
Chunk bitrate: 38 1000000
Buffer size: 38 156001
Chunk bitrate: 38 1000000
Buffer size: 39 156001
Download Time: 1548176
[00007fbef8003378] core mux error: cannot add this stream
[00007fbef811e0c8] core decoder error: cannot create packetizer output (h264)
Chunk bitrate: 39 600000
Buffer size: 39 160001
Chunk bitrate: 39 600000
Buffer size: 40 160001
Download Time: 1427667
[00007fbef8003378] core mux error: cannot add this stream
[00007fbef80a5228] core decoder error: cannot create packetizer output (h264)
Chunk bitrate: 40 349952
Buffer size: 40 164001
Chunk bitrate: 40 349952
Buffer size: 41 164001
Download Time: 821915
[00007fbef8003378] core mux error: cannot add this stream
[00007fbef80a0418] core decoder error: cannot create packetizer output (h264)
Chunk bitrate: 41 600000
Buffer size: 41 168001
Chunk bitrate: 41 600000
Buffer size: 42 168001
Download Time: 854499
[00007fbef8003378] core mux error: cannot add this stream
[00007fbef80fb378] core decoder error: cannot create packetizer output (h264)
Chunk bitrate: 42 600000
Buffer size: 43 172001
Download Time: 1057677
Chunk bitrate: 43 600000
Buffer size: 44 176001
Download Time: 856176
Chunk bitrate: 44 600000
Buffer size: 45 180001
Download Time: 1428536
Chunk bitrate: 45 349952
Buffer size: 45 184001
Chunk bitrate: 45 349952
Buffer size: 46 184001
Download Time: 693398
[00007fbef8003378] core mux error: cannot add this stream
[00007fbef80dda38] core decoder error: cannot create packetizer output (h264)
Chunk bitrate: 46 600000
Buffer size: 46 188001
Chunk bitrate: 46 600000
Buffer size: 47 188001
Download Time: 1305105
[00007fbef8003378] core mux error: cannot add this stream
[00007fbef80dd488] core decoder error: cannot create packetizer output (h264)
Chunk bitrate: 47 600000
Buffer size: 48 192001
Download Time: 892731
Chunk bitrate: 48 349952
Buffer size: 48 196001
Chunk bitrate: 48 349952
Buffer size: 49 196001
Download Time: 656335
[00007fbef8003378] core mux error: cannot add this stream
[00007fbef8073cd8] core decoder error: cannot create packetizer output (h264)
Chunk bitrate: 49 1000000
Buffer size: 49 200001
Chunk bitrate: 49 1000000
Buffer size: 50 200001
Download Time: 2037937
[00007fbef8003378] core mux error: cannot add this stream
[00007fbef8142ea8] core decoder error: cannot create packetizer output (h264)
Chunk bitrate: 50 349952
Buffer size: 50 204001
Chunk bitrate: 50 349952
Buffer size: 51 204001
Download Time: 611896
[00007fbef8003378] core mux error: cannot add this stream
[00007fbef80d5128] core decoder error: cannot create packetizer output (h264)
Chunk bitrate: 51 600000
Buffer size: 51 208001
Chunk bitrate: 51 600000
Buffer size: 52 208001
Download Time: 1063613
[00007fbef8003378] core mux error: cannot add this stream
[00007fbef8117858] core decoder error: cannot create packetizer output (h264)
Chunk bitrate: 52 349952
Buffer size: 52 212001
Chunk bitrate: 52 349952
Buffer size: 53 212001
Download Time: 689875
[00007fbef8003378] core mux error: cannot add this stream
[00007fbef80b7608] core decoder error: cannot create packetizer output (h264)
Chunk bitrate: 53 600000
Buffer size: 53 216001
Chunk bitrate: 53 600000
Buffer size: 54 216001
Download Time: 938400
[00007fbef8003378] core mux error: cannot add this stream
[00007fbef8118a68] core decoder error: cannot create packetizer output (h264)
Chunk bitrate: 54 600000
Buffer size: 55 220001
Download Time: 976056
Chunk bitrate: 55 600000
Buffer size: 56 224001
Download Time: 1138458
Chunk bitrate: 56 349952
Buffer size: 56 228001
Chunk bitrate: 56 349952
Buffer size: 57 228001
Download Time: 976877
[00007fbef8003378] core mux error: cannot add this stream
[00007fbef8115d08] core decoder error: cannot create packetizer output (h264)
Chunk bitrate: 57 349952
Buffer size: 58 232001
Download Time: 318371
Chunk bitrate: 58 600000
Buffer size: 58 236001
Chunk bitrate: 58 600000
Buffer size: 59 236001
Download Time: 1834013
[00007fbef8003378] core mux error: cannot add this stream
[00007fbef8089058] core decoder error: cannot create packetizer output (h264)
Chunk bitrate: 59 349952
Buffer size: 59 240001
Chunk bitrate: 59 349952
Buffer size: 60 240001
Download Time: 691927
[00007fbef8003378] core mux error: cannot add this stream
[00007fbef8103ef8] core decoder error: cannot create packetizer output (h264)
Chunk bitrate: 60 600000
Buffer size: 60 244001
Chunk bitrate: 60 600000
Buffer size: 61 244001
Download Time: 1260420
[00007fbef8003378] core mux error: cannot add this stream
[00007fbef812ebb8] core decoder error: cannot create packetizer output (h264)
Chunk bitrate: 61 349952
Buffer size: 61 248001
Chunk bitrate: 61 349952
Buffer size: 62 248001
Download Time: 288828
[00007fbef8003378] core mux error: cannot add this stream
[00007fbef80d5658] core decoder error: cannot create packetizer output (h264)
Chunk bitrate: 62 600000
Buffer size: 62 252001
Chunk bitrate: 62 600000
Buffer size: 63 252001
Download Time: 325349
[00007fbef8003378] core mux error: cannot add this stream
[00007fbef80c4c38] core decoder error: cannot create packetizer output (h264)
Chunk bitrate: 63 600000
Buffer size: 64 256001
Download Time: 610961
Chunk bitrate: 64 349952
Buffer size: 64 260001
Chunk bitrate: 64 349952
Buffer size: 65 260001
[00007fbef8003378] ps mux: Close
[00007fbef8097a08] idummy demux: command `quit'
[0000000001a791e8] [cli] lua interface error: Error loading script /home/cs244/vlc/share/lua/intf/cli.luac: lua/intf/modules/host.lua:286: Interrupted.
