[000000000257e1e8] core interface error: no suitable interface module
[00000000024b5338] core libvlc error: interface "globalhotkeys,none" initialization failed
[000000000257e1e8] dbus interface error: Failed to connect to the D-Bus session daemon: Unable to autolaunch a dbus-daemon without a $DISPLAY for X11
[000000000257e1e8] core interface error: no suitable interface module
[00000000024b5338] core libvlc error: interface "dbus,none" initialization failed
[00000000024b5338] core libvlc: Running vlc with the default interface. Use 'cvlc' to use vlc without interface.
[000000000257e1e8] qt interface error: Could not connect to X server
[000000000257e1e8] skins2 interface error: cannot initialize OSFactory
[000000000257e1e8] [cli] lua interface: Listening on host "*console".
VLC media player 3.0.0-git Vetinari
Command Line Interface initialized. Type `help' for help.
> [00007f6908003378] ps mux: Open
making a DASHManager
new ratebased adaptionlogic
Chunk bitrate: 0 349952
Buffer size: 0 0
Chunk bitrate: 0 349952
Buffer size: 0 0
[00007f69080237f8] mp4 demux: Fragment sequence discontinuity detected 0 != 2
Download Time: 1853056
[00007f6908016fd8] mp4 demux: Fragment sequence discontinuity detected 0 != 2
Startup Time: 1050000
Chunk bitrate: 0 349952
Buffer size: 1 4001
Download Time: 735111
Chunk bitrate: 1 349952
Buffer size: 2 8001
Download Time: 734519
Chunk bitrate: 2 349952
Buffer size: 3 12001
Download Time: 773326
Chunk bitrate: 3 349952
Buffer size: 4 16001
Download Time: 858338
Chunk bitrate: 4 600000
Buffer size: 4 20001
Chunk bitrate: 4 600000
Buffer size: 5 20001
Download Time: 1387927
Chunk bitrate: 5 349952
Buffer size: 5 24001
Chunk bitrate: 5 349952
Buffer size: 6 24001
Download Time: 942198
Chunk bitrate: 6 349952
Buffer size: 7 28001
Download Time: 771419
Chunk bitrate: 7 349952
Buffer size: 8 32001
Download Time: 815965
Chunk bitrate: 8 349952
Buffer size: 9 36001
Download Time: 653621
Chunk bitrate: 9 349952
Buffer size: 10 40001
Download Time: 902964
Chunk bitrate: 10 600000
Buffer size: 10 44001
Chunk bitrate: 10 600000
Buffer size: 11 44001
Download Time: 2034933
Chunk bitrate: 11 349952
Buffer size: 11 48001
Chunk bitrate: 11 349952
Buffer size: 12 48001
Download Time: 815717
Chunk bitrate: 12 349952
Buffer size: 13 52001
Download Time: 571835
Chunk bitrate: 13 349952
Buffer size: 14 56001
Download Time: 688017
Chunk bitrate: 14 349952
Buffer size: 15 60001
Download Time: 885888
Chunk bitrate: 15 600000
Buffer size: 15 64001
Chunk bitrate: 15 600000
Buffer size: 16 64001
Download Time: 1261013
Chunk bitrate: 16 349952
Buffer size: 16 68001
Chunk bitrate: 16 349952
Buffer size: 17 68001
Download Time: 694954
Chunk bitrate: 17 349952
Buffer size: 18 72001
Download Time: 1509480
Chunk bitrate: 18 349952
Buffer size: 19 76001
Download Time: 570780
Chunk bitrate: 19 349952
Buffer size: 20 80001
Download Time: 1544909
Chunk bitrate: 20 349952
Buffer size: 21 84001
Download Time: 1144381
Chunk bitrate: 21 349952
Buffer size: 22 88001
Download Time: 934912
Chunk bitrate: 22 349952
Buffer size: 23 92001
Download Time: 815283
Chunk bitrate: 23 600000
Buffer size: 23 96001
Chunk bitrate: 23 600000
Buffer size: 24 96001
Download Time: 1400340
Chunk bitrate: 24 349952
Buffer size: 24 100001
Chunk bitrate: 24 349952
Buffer size: 25 100001
Download Time: 1826927
Chunk bitrate: 25 349952
Buffer size: 26 104001
Download Time: 811295
Chunk bitrate: 26 349952
Buffer size: 27 108001
Download Time: 587606
Chunk bitrate: 27 600000
Buffer size: 27 112001
Chunk bitrate: 27 600000
Buffer size: 28 112001
Download Time: 941331
Chunk bitrate: 28 349952
Buffer size: 28 116001
Chunk bitrate: 28 349952
Buffer size: 29 116001
Download Time: 879775
Chunk bitrate: 29 600000
Buffer size: 29 120001
Chunk bitrate: 29 600000
Buffer size: 30 120001
Download Time: 949212
Chunk bitrate: 30 600000
Buffer size: 31 124001
Download Time: 1202978
Chunk bitrate: 31 349952
Buffer size: 31 128001
Chunk bitrate: 31 349952
Buffer size: 32 128001
Download Time: 683743
Chunk bitrate: 32 349952
Buffer size: 33 132001
Download Time: 680652
Chunk bitrate: 33 600000
Buffer size: 33 136001
Chunk bitrate: 33 600000
Buffer size: 34 136001
Download Time: 1660616
Chunk bitrate: 34 349952
Buffer size: 34 140001
Chunk bitrate: 34 349952
Buffer size: 35 140001
Download Time: 686419
Chunk bitrate: 35 600000
Buffer size: 35 144001
Chunk bitrate: 35 600000
Buffer size: 36 144001
Download Time: 1339645
Chunk bitrate: 36 349952
Buffer size: 36 148001
Chunk bitrate: 36 349952
Buffer size: 37 148001
Download Time: 589486
[00007f6908003378] core mux error: cannot add this stream
[00007f6908097ce8] core decoder error: cannot create packetizer output (h264)
Chunk bitrate: 37 349952
Buffer size: 38 152001
Download Time: 805674
Chunk bitrate: 38 1000000
Buffer size: 38 156001
Chunk bitrate: 38 1000000
Buffer size: 39 156001
Download Time: 1466564
[00007f6908003378] core mux error: cannot add this stream
[00007f690811c9b8] core decoder error: cannot create packetizer output (h264)
Chunk bitrate: 39 349952
Buffer size: 39 160001
Chunk bitrate: 39 349952
Buffer size: 40 160001
Download Time: 615758
[00007f6908003378] core mux error: cannot add this stream
[00007f69080a3b58] core decoder error: cannot create packetizer output (h264)
Chunk bitrate: 40 600000
Buffer size: 40 164001
Chunk bitrate: 40 600000
Buffer size: 41 164001
Download Time: 1643017
[00007f6908003378] core mux error: cannot add this stream
[00007f6908104df8] core decoder error: cannot create packetizer output (h264)
Chunk bitrate: 41 349952
Buffer size: 41 168001
Chunk bitrate: 41 349952
Buffer size: 42 168001
Download Time: 678865
[00007f6908003378] core mux error: cannot add this stream
[00007f69080d9ac8] core decoder error: cannot create packetizer output (h264)
Chunk bitrate: 42 600000
Buffer size: 42 172001
Chunk bitrate: 42 600000
Buffer size: 43 172001
Download Time: 1334254
[00007f6908003378] core mux error: cannot add this stream
[00007f6908102518] core decoder error: cannot create packetizer output (h264)
Chunk bitrate: 43 349952
Buffer size: 43 176001
Chunk bitrate: 43 349952
Buffer size: 44 176001
Download Time: 974353
[00007f6908003378] core mux error: cannot add this stream
[00007f69080df9b8] core decoder error: cannot create packetizer output (h264)
Chunk bitrate: 44 349952
Buffer size: 45 180001
Download Time: 743510
Chunk bitrate: 45 349952
Buffer size: 46 184001
Download Time: 683011
Chunk bitrate: 46 349952
Buffer size: 47 188001
Download Time: 646806
Chunk bitrate: 47 600000
Buffer size: 47 192001
Chunk bitrate: 47 600000
Buffer size: 48 192001
Download Time: 885954
[00007f6908003378] core mux error: cannot add this stream
[00007f6908101f98] core decoder error: cannot create packetizer output (h264)
Chunk bitrate: 48 600000
Buffer size: 49 196001
Download Time: 1104903
Chunk bitrate: 49 349952
Buffer size: 49 200001
Chunk bitrate: 49 349952
Buffer size: 50 200001
Download Time: 940313
[00007f6908003378] core mux error: cannot add this stream
[00007f69080ea778] core decoder error: cannot create packetizer output (h264)
Chunk bitrate: 50 600000
Buffer size: 50 204001
Chunk bitrate: 50 600000
Buffer size: 51 204001
Download Time: 1004052
[00007f6908003378] core mux error: cannot add this stream
[00007f690810b0b8] core decoder error: cannot create packetizer output (h264)
Chunk bitrate: 51 1000000
Buffer size: 51 208001
Chunk bitrate: 51 1000000
Buffer size: 52 208001
Download Time: 1721109
[00007f6908003378] core mux error: cannot add this stream
[00007f6908148f58] core decoder error: cannot create packetizer output (h264)
Chunk bitrate: 52 600000
Buffer size: 52 212001
Chunk bitrate: 52 600000
Buffer size: 53 212001
Download Time: 1138725
[00007f6908003378] core mux error: cannot add this stream
[00007f6908110da8] core decoder error: cannot create packetizer output (h264)
Chunk bitrate: 53 600000
Buffer size: 54 216001
Download Time: 1162891
Chunk bitrate: 54 349952
Buffer size: 54 220001
Chunk bitrate: 54 349952
Buffer size: 55 220001
Download Time: 708912
[00007f6908003378] core mux error: cannot add this stream
[00007f69080fa0b8] core decoder error: cannot create packetizer output (h264)
Chunk bitrate: 55 1000000
Buffer size: 55 224001
Chunk bitrate: 55 1000000
Buffer size: 56 224001
Download Time: 1858032
[00007f6908003378] core mux error: cannot add this stream
[00007f69080f71f8] core decoder error: cannot create packetizer output (h264)
Chunk bitrate: 56 1000000
Buffer size: 57 228001
Download Time: 1302685
Chunk bitrate: 57 349952
Buffer size: 57 232001
Chunk bitrate: 57 349952
Buffer size: 58 232001
Download Time: 386905
[00007f6908003378] core mux error: cannot add this stream
[00007f69080a6098] core decoder error: cannot create packetizer output (h264)
Chunk bitrate: 58 600000
Buffer size: 58 236001
Chunk bitrate: 58 600000
Buffer size: 59 236001
Download Time: 1403918
[00007f6908003378] core mux error: cannot add this stream
[00007f69080fc0b8] core decoder error: cannot create packetizer output (h264)
Chunk bitrate: 59 600000
Buffer size: 60 240001
Download Time: 1097615
Chunk bitrate: 60 349952
Buffer size: 60 244001
Chunk bitrate: 60 349952
Buffer size: 61 244001
Download Time: 654222
[00007f6908003378] core mux error: cannot add this stream
[00007f6908107828] core decoder error: cannot create packetizer output (h264)
Chunk bitrate: 61 349952
Buffer size: 62 248001
Download Time: 523035
Chunk bitrate: 62 349952
Buffer size: 63 252001
Download Time: 542371
Chunk bitrate: 63 600000
Buffer size: 63 256001
Chunk bitrate: 63 600000
Buffer size: 64 256001
Download Time: 805672
[00007f6908003378] core mux error: cannot add this stream
[00007f69080eefe8] core decoder error: cannot create packetizer output (h264)
Chunk bitrate: 64 600000
Buffer size: 65 260001
[00007f6908003378] ps mux: Close
[00007f6900000e98] idummy demux: command `quit'
[000000000257e1e8] [cli] lua interface error: Error loading script /home/cs244/vlc/share/lua/intf/cli.luac: lua/intf/modules/host.lua:286: Interrupted.
