[0000000001fac1e8] core interface error: no suitable interface module
[0000000001ee3338] core libvlc error: interface "globalhotkeys,none" initialization failed
[0000000001fac1e8] dbus interface error: Failed to connect to the D-Bus session daemon: Unable to autolaunch a dbus-daemon without a $DISPLAY for X11
[0000000001fac1e8] core interface error: no suitable interface module
[0000000001ee3338] core libvlc error: interface "dbus,none" initialization failed
[0000000001ee3338] core libvlc: Running vlc with the default interface. Use 'cvlc' to use vlc without interface.
[0000000001fac1e8] qt interface error: Could not connect to X server
[0000000001fac1e8] skins2 interface error: cannot initialize OSFactory
[0000000001fac1e8] [cli] lua interface: Listening on host "*console".
VLC media player 3.0.0-git Vetinari
Command Line Interface initialized. Type `help' for help.
> [00007f9b58003378] ps mux: Open
making a DASHManager
new ratebased adaptionlogic
Chunk bitrate: 0 349952
Buffer size: 0 0
Chunk bitrate: 0 349952
Buffer size: 0 0
[00007f9b58027588] mp4 demux: Fragment sequence discontinuity detected 0 != 2
Download Time: 896816
[00007f9b580189f8] mp4 demux: Fragment sequence discontinuity detected 0 != 2
Startup Time: 1050000
Chunk bitrate: 0 349952
Buffer size: 1 4001
Download Time: 729601
Chunk bitrate: 1 349952
Buffer size: 2 8001
Download Time: 730694
Chunk bitrate: 2 600000
Buffer size: 2 12001
Chunk bitrate: 2 600000
Buffer size: 3 12001
Download Time: 1304665
Chunk bitrate: 3 349952
Buffer size: 3 16001
Chunk bitrate: 3 349952
Buffer size: 4 16001
Download Time: 739107
Chunk bitrate: 4 600000
Buffer size: 4 20001
Chunk bitrate: 4 600000
Buffer size: 5 20001
Download Time: 1263738
Chunk bitrate: 5 600000
Buffer size: 6 24001
Download Time: 1062983
Chunk bitrate: 6 600000
Buffer size: 7 28001
Download Time: 935463
Chunk bitrate: 7 600000
Buffer size: 8 32001
Download Time: 1666606
Chunk bitrate: 8 349952
Buffer size: 8 36001
Chunk bitrate: 8 349952
Buffer size: 9 36001
Download Time: 818376
Chunk bitrate: 9 600000
Buffer size: 9 40001
Chunk bitrate: 9 600000
Buffer size: 10 40001
Download Time: 1260775
Chunk bitrate: 10 600000
Buffer size: 11 44001
Download Time: 895867
Chunk bitrate: 11 349952
Buffer size: 11 48001
Chunk bitrate: 11 349952
Buffer size: 12 48001
Download Time: 895996
Chunk bitrate: 12 349952
Buffer size: 13 52001
Download Time: 1019167
Chunk bitrate: 13 600000
Buffer size: 13 56001
Chunk bitrate: 13 600000
Buffer size: 14 56001
Download Time: 1956835
Chunk bitrate: 14 349952
Buffer size: 14 60001
Chunk bitrate: 14 349952
Buffer size: 15 60001
Download Time: 1379618
Chunk bitrate: 15 600000
Buffer size: 15 64001
Chunk bitrate: 15 600000
Buffer size: 16 64001
Download Time: 1137066
Chunk bitrate: 16 600000
Buffer size: 17 68001
Download Time: 2232356
Chunk bitrate: 17 349952
Buffer size: 17 72001
Chunk bitrate: 17 349952
Buffer size: 18 72001
Download Time: 1793607
Chunk bitrate: 18 600000
Buffer size: 18 76001
Chunk bitrate: 18 600000
Buffer size: 19 76001
Download Time: 936631
Chunk bitrate: 19 349952
Buffer size: 19 80001
Chunk bitrate: 19 349952
Buffer size: 20 80001
Download Time: 1144750
Chunk bitrate: 20 600000
Buffer size: 20 84001
Chunk bitrate: 20 600000
Buffer size: 21 84001
Download Time: 941296
Chunk bitrate: 21 349952
Buffer size: 21 88001
Chunk bitrate: 21 349952
Buffer size: 22 88001
Download Time: 856487
Chunk bitrate: 22 349952
Buffer size: 23 92001
Download Time: 1056537
Chunk bitrate: 23 349952
Buffer size: 24 96001
Download Time: 927474
Chunk bitrate: 24 349952
Buffer size: 25 100001
Download Time: 1093357
Chunk bitrate: 25 349952
Buffer size: 26 104001
Download Time: 810575
Chunk bitrate: 26 349952
Buffer size: 27 108001
Download Time: 895730
Chunk bitrate: 27 349952
Buffer size: 28 112001
Download Time: 975807
Chunk bitrate: 28 349952
Buffer size: 29 116001
Download Time: 806201
Chunk bitrate: 29 600000
Buffer size: 29 120001
Chunk bitrate: 29 600000
Buffer size: 30 120001
Download Time: 1425387
Chunk bitrate: 30 349952
Buffer size: 30 124001
Chunk bitrate: 30 349952
Buffer size: 31 124001
Download Time: 647748
[00007f9b58003378] core mux error: cannot add this stream
[00007f9b5803f9e8] core decoder error: cannot create packetizer output (h264)
Chunk bitrate: 31 1000000
Buffer size: 31 128001
Chunk bitrate: 31 1000000
Buffer size: 32 128001
Download Time: 2406267
[00007f9b58003378] core mux error: cannot add this stream
[00007f9b58130bd8] core decoder error: cannot create packetizer output (h264)
Chunk bitrate: 32 349952
Buffer size: 32 132001
Chunk bitrate: 32 349952
Buffer size: 33 132001
Download Time: 735374
[00007f9b58003378] core mux error: cannot add this stream
[00007f9b580c68b8] core decoder error: cannot create packetizer output (h264)
Chunk bitrate: 33 600000
Buffer size: 33 136001
Chunk bitrate: 33 600000
Buffer size: 34 136001
Download Time: 1385767
[00007f9b58003378] core mux error: cannot add this stream
[00007f9b580f5948] core decoder error: cannot create packetizer output (h264)
Chunk bitrate: 34 600000
Buffer size: 35 140001
Download Time: 1137739
Chunk bitrate: 35 600000
Buffer size: 36 144001
Download Time: 1225304
Chunk bitrate: 36 349952
Buffer size: 36 148001
Chunk bitrate: 36 349952
Buffer size: 37 148001
Download Time: 734245
[00007f9b58003378] core mux error: cannot add this stream
[00007f9b580b57c8] core decoder error: cannot create packetizer output (h264)
Chunk bitrate: 37 349952
Buffer size: 38 152001
Download Time: 1003166
Chunk bitrate: 38 600000
Buffer size: 38 156001
Chunk bitrate: 38 600000
Buffer size: 39 156001
Download Time: 1059898
Download Time: 326989
[00007f9b58003378] core mux error: cannot add this stream
[00007f9b580f0678] core decoder error: cannot create packetizer output (h264)
Chunk bitrate: 39 349952
Buffer size: 39 160001
Chunk bitrate: 39 349952
Buffer size: 40 160001
Download Time: 1426105
[00007f9b58003378] core mux error: cannot add this stream
[00007f9b580c2168] core decoder error: cannot create packetizer output (h264)
Chunk bitrate: 40 349952
Buffer size: 41 164001
Download Time: 921293
Chunk bitrate: 41 349952
Buffer size: 42 168001
Download Time: 813468
Chunk bitrate: 42 349952
Buffer size: 43 172001
Download Time: 899583
Chunk bitrate: 43 349952
Buffer size: 44 176001
Download Time: 1294000
Chunk bitrate: 44 349952
Buffer size: 45 180001
Download Time: 649997
Chunk bitrate: 45 349952
Buffer size: 46 184001
Download Time: 929745
Chunk bitrate: 46 349952
Buffer size: 47 188001
Download Time: 649371
Chunk bitrate: 47 349952
Buffer size: 48 192001
Download Time: 1015896
Chunk bitrate: 48 1000000
Buffer size: 48 196001
Chunk bitrate: 48 1000000
Buffer size: 49 196001
Download Time: 1954461
[00007f9b58003378] core mux error: cannot add this stream
[00007f9b58146578] core decoder error: cannot create packetizer output (h264)
Chunk bitrate: 49 349952
Buffer size: 49 200001
Chunk bitrate: 49 349952
Buffer size: 50 200001
Download Time: 968450
[00007f9b58003378] core mux error: cannot add this stream
[00007f9b580cbec8] core decoder error: cannot create packetizer output (h264)
Chunk bitrate: 50 349952
Buffer size: 51 204001
Download Time: 729827
Chunk bitrate: 51 349952
Buffer size: 52 208001
Download Time: 896786
Chunk bitrate: 52 349952
Buffer size: 53 212001
Download Time: 977959
Chunk bitrate: 53 349952
Buffer size: 54 216001
Download Time: 893531
Chunk bitrate: 54 349952
Buffer size: 55 220001
Download Time: 815874
Chunk bitrate: 55 600000
Buffer size: 55 224001
Chunk bitrate: 55 600000
Buffer size: 56 224001
Download Time: 2197314
[00007f9b58003378] core mux error: cannot add this stream
[00007f9b5811ca38] core decoder error: cannot create packetizer output (h264)
Chunk bitrate: 56 600000
Buffer size: 57 228001
Download Time: 1340072
Chunk bitrate: 57 349952
Buffer size: 57 232001
Chunk bitrate: 57 349952
Buffer size: 58 232001
Download Time: 283706
[00007f9b58003378] core mux error: cannot add this stream
[00007f9b5806add8] core decoder error: cannot create packetizer output (h264)
Chunk bitrate: 58 600000
Buffer size: 58 236001
Chunk bitrate: 58 600000
Buffer size: 59 236001
Download Time: 1545874
[00007f9b58003378] core mux error: cannot add this stream
[00007f9b58032e48] core decoder error: cannot create packetizer output (h264)
Chunk bitrate: 59 600000
Buffer size: 60 240001
Download Time: 1467721
Chunk bitrate: 60 600000
Buffer size: 61 244001
Download Time: 1102263
Chunk bitrate: 61 349952
Buffer size: 61 248001
Chunk bitrate: 61 349952
Buffer size: 62 248001
Download Time: 408550
[00007f9b58003378] core mux error: cannot add this stream
[00007f9b58086358] core decoder error: cannot create packetizer output (h264)
Chunk bitrate: 62 349952
Buffer size: 63 252001
Download Time: 770483
Chunk bitrate: 63 600000
Buffer size: 63 256001
Chunk bitrate: 63 600000
Buffer size: 64 256001
Download Time: 1051283
[00007f9b58003378] core mux error: cannot add this stream
[00007f9b580b3568] core decoder error: cannot create packetizer output (h264)
Chunk bitrate: 64 349952
Buffer size: 64 260001
Chunk bitrate: 64 349952
Buffer size: 65 260001
[00007f9b58003378] ps mux: Close
[00007f9b5c001508] idummy demux: command `quit'
[0000000001fac1e8] [cli] lua interface error: Error loading script /home/cs244/vlc/share/lua/intf/cli.luac: lua/intf/modules/host.lua:286: Interrupted.
