[0000000001a271e8] core interface error: no suitable interface module
[000000000195e338] core libvlc error: interface "globalhotkeys,none" initialization failed
[0000000001a271e8] dbus interface error: Failed to connect to the D-Bus session daemon: Unable to autolaunch a dbus-daemon without a $DISPLAY for X11
[0000000001a271e8] core interface error: no suitable interface module
[000000000195e338] core libvlc error: interface "dbus,none" initialization failed
[000000000195e338] core libvlc: Running vlc with the default interface. Use 'cvlc' to use vlc without interface.
[0000000001a271e8] qt interface error: Could not connect to X server
[0000000001a271e8] skins2 interface error: cannot initialize OSFactory
[00007f0908003378] ps mux: Open
[0000000001a271e8] [cli] lua interface: Listening on host "*console".
VLC media player 3.0.0-git Vetinari
Command Line Interface initialized. Type `help' for help.
> making a DASHManager
new ratebased adaptionlogic
Chunk bitrate: 0 349952
Buffer size: 0 0
Chunk bitrate: 0 349952
Buffer size: 0 0
[00007f09080276f8] mp4 demux: Fragment sequence discontinuity detected 0 != 2
Download Time: 244734
[00007f0908021c88] mp4 demux: Fragment sequence discontinuity detected 0 != 2
Startup Time: 1050000
Chunk bitrate: 0 1000000
Buffer size: 0 4001
Chunk bitrate: 0 1000000
Buffer size: 1 4001
Download Time: 551140
Chunk bitrate: 1 2000000
Buffer size: 1 8001
Download Time: 94429
Chunk bitrate: 1 2000000
Buffer size: 2 8001
Download Time: 1248891
Chunk bitrate: 2 1000000
Buffer size: 2 12001
Chunk bitrate: 2 1000000
Buffer size: 3 12001
Download Time: 874801
Chunk bitrate: 3 2000000
Buffer size: 3 16001
Chunk bitrate: 3 2000000
Buffer size: 4 16001
Download Time: 1337070
Chunk bitrate: 4 2000000
Buffer size: 5 20001
Download Time: 1773966
Chunk bitrate: 5 1000000
Buffer size: 5 24001
Chunk bitrate: 5 1000000
Buffer size: 6 24001
Download Time: 640576
Chunk bitrate: 6 2000000
Buffer size: 6 28001
Chunk bitrate: 6 2000000
Buffer size: 7 28001
Download Time: 728846
Chunk bitrate: 7 2000000
Buffer size: 8 32001
Download Time: 1485034
Chunk bitrate: 8 1000000
Buffer size: 8 36001
Chunk bitrate: 8 1000000
Buffer size: 9 36001
Download Time: 457291
Chunk bitrate: 9 2000000
Buffer size: 9 40001
Chunk bitrate: 9 2000000
Buffer size: 10 40001
Download Time: 1420499
Chunk bitrate: 10 2000000
Buffer size: 11 44001
Download Time: 864349
Chunk bitrate: 11 3000000
Buffer size: 11 48001
Chunk bitrate: 11 3000000
Buffer size: 12 48001
Download Time: 2487077
Chunk bitrate: 12 2000000
Buffer size: 12 52001
Chunk bitrate: 12 2000000
Buffer size: 13 52001
Download Time: 1127995
Chunk bitrate: 13 1000000
Buffer size: 13 56001
Chunk bitrate: 13 1000000
Buffer size: 14 56001
Download Time: 715818
Chunk bitrate: 14 2000000
Buffer size: 14 60001
Chunk bitrate: 14 2000000
Buffer size: 15 60001
Download Time: 807127
Download Time: 93932
Chunk bitrate: 15 2000000
Buffer size: 16 64001
Download Time: 1383156
Chunk bitrate: 16 1000000
Buffer size: 16 68001
Chunk bitrate: 16 1000000
Buffer size: 17 68001
Download Time: 676583
Chunk bitrate: 17 2000000
Buffer size: 17 72001
Chunk bitrate: 17 2000000
Buffer size: 18 72001
Download Time: 1219106
Chunk bitrate: 18 3000000
Buffer size: 18 76001
Chunk bitrate: 18 3000000
Buffer size: 19 76001
Download Time: 831020
Chunk bitrate: 19 2000000
Buffer size: 19 80001
Chunk bitrate: 19 2000000
Buffer size: 20 80001
Download Time: 1181560
[00007f0908003378] core mux error: cannot add this stream
[00007f0908174c88] core decoder error: cannot create packetizer output (h264)
Chunk bitrate: 20 1000000
Buffer size: 20 84001
Chunk bitrate: 20 1000000
Buffer size: 21 84001
Download Time: 539536
[00007f0908003378] core mux error: cannot add this stream
[00007f090808be78] core decoder error: cannot create packetizer output (h264)
Chunk bitrate: 21 2000000
Buffer size: 21 88001
Chunk bitrate: 21 2000000
Buffer size: 22 88001
Download Time: 1352041
[00007f0908003378] core mux error: cannot add this stream
[00007f09080f7e88] core decoder error: cannot create packetizer output (h264)
Chunk bitrate: 22 1000000
Buffer size: 22 92001
Chunk bitrate: 22 1000000
Buffer size: 23 92001
Download Time: 886762
[00007f0908003378] core mux error: cannot add this stream
[00007f0908166dc8] core decoder error: cannot create packetizer output (h264)
Chunk bitrate: 23 1000000
Buffer size: 24 96001
Download Time: 500417
Chunk bitrate: 24 1000000
Buffer size: 25 100001
Download Time: 556787
Chunk bitrate: 25 1000000
Buffer size: 26 104001
Download Time: 773888
Chunk bitrate: 26 1000000
Buffer size: 27 108001
Download Time: 635143
Chunk bitrate: 27 2000000
Buffer size: 27 112001
Chunk bitrate: 27 2000000
Buffer size: 28 112001
Download Time: 875277
[00007f0908003378] core mux error: cannot add this stream
[00007f09081668d8] core decoder error: cannot create packetizer output (h264)
Chunk bitrate: 28 2000000
Buffer size: 29 116001
Download Time: 1292871
Chunk bitrate: 29 2000000
Buffer size: 30 120001
Download Time: 960826
Chunk bitrate: 30 1000000
Buffer size: 30 124001
Chunk bitrate: 30 1000000
Buffer size: 31 124001
Download Time: 708848
[00007f0908003378] core mux error: cannot add this stream
[00007f090804e458] core decoder error: cannot create packetizer output (h264)
Chunk bitrate: 31 1000000
Buffer size: 32 128001
Download Time: 915461
Chunk bitrate: 32 1000000
Buffer size: 33 132001
Download Time: 766493
Chunk bitrate: 33 1000000
Buffer size: 34 136001
Download Time: 838714
Chunk bitrate: 34 2000000
Buffer size: 34 140001
Chunk bitrate: 34 2000000
Buffer size: 35 140001
Download Time: 1561382
[00007f0908003378] core mux error: cannot add this stream
[00007f0908145c58] core decoder error: cannot create packetizer output (h264)
Chunk bitrate: 35 1000000
Buffer size: 35 144001
Chunk bitrate: 35 1000000
Buffer size: 36 144001
Download Time: 611806
[00007f0908003378] core mux error: cannot add this stream
[00007f090815c388] core decoder error: cannot create packetizer output (h264)
Chunk bitrate: 36 1000000
Buffer size: 37 148001
Download Time: 869864
Chunk bitrate: 37 1000000
Buffer size: 38 152001
Download Time: 837935
Chunk bitrate: 38 3000000
Buffer size: 38 156001
Chunk bitrate: 38 3000000
Buffer size: 39 156001
Download Time: 2131590
[00007f0908003378] core mux error: cannot add this stream
[00007f09081322e8] core decoder error: cannot create packetizer output (h264)
Chunk bitrate: 39 1000000
Buffer size: 39 160001
Chunk bitrate: 39 1000000
Buffer size: 40 160001
Download Time: 600091
[00007f0908003378] core mux error: cannot add this stream
[00007f09081984f8] core decoder error: cannot create packetizer output (h264)
Chunk bitrate: 40 1000000
Buffer size: 41 164001
Download Time: 897684
Chunk bitrate: 41 1000000
Buffer size: 42 168001
Download Time: 720402
Chunk bitrate: 42 1000000
Buffer size: 43 172001
Download Time: 522105
Chunk bitrate: 43 2000000
Buffer size: 43 176001
Chunk bitrate: 43 2000000
Buffer size: 44 176001
Download Time: 1300290
[00007f0908003378] core mux error: cannot add this stream
[00007f090813be08] core decoder error: cannot create packetizer output (h264)
Chunk bitrate: 44 2000000
Buffer size: 45 180001
Download Time: 1402228
Chunk bitrate: 45 2000000
Buffer size: 46 184001
Download Time: 1551204
Chunk bitrate: 46 1000000
Buffer size: 46 188001
Chunk bitrate: 46 1000000
Buffer size: 47 188001
Download Time: 823605
[00007f0908003378] core mux error: cannot add this stream
[00007f0908065ca8] core decoder error: cannot create packetizer output (h264)
Chunk bitrate: 47 2000000
Buffer size: 47 192001
Chunk bitrate: 47 2000000
Buffer size: 48 192001
Download Time: 1227873
[00007f0908003378] core mux error: cannot add this stream
[00007f0908057e38] core decoder error: cannot create packetizer output (h264)
Chunk bitrate: 48 1000000
Buffer size: 48 196001
Chunk bitrate: 48 1000000
Buffer size: 49 196001
Download Time: 837757
[00007f0908003378] core mux error: cannot add this stream
[00007f0908065ca8] core decoder error: cannot create packetizer output (h264)
Chunk bitrate: 49 1000000
Buffer size: 50 200001
Download Time: 785994
Chunk bitrate: 50 2000000
Buffer size: 50 204001
Chunk bitrate: 50 2000000
Buffer size: 51 204001
Download Time: 704171
[00007f0908003378] core mux error: cannot add this stream
[00007f0908057cd8] core decoder error: cannot create packetizer output (h264)
Chunk bitrate: 51 1000000
Buffer size: 51 208001
Chunk bitrate: 51 1000000
Buffer size: 52 208001
Download Time: 671647
[00007f0908003378] core mux error: cannot add this stream
[00007f090819ed68] core decoder error: cannot create packetizer output (h264)
Chunk bitrate: 52 1000000
Buffer size: 53 212001
Download Time: 746976
Chunk bitrate: 53 3000000
Buffer size: 53 216001
Chunk bitrate: 53 3000000
Buffer size: 54 216001
Download Time: 1565143
[00007f0908003378] core mux error: cannot add this stream
[00007f09082411d8] core decoder error: cannot create packetizer output (h264)
Chunk bitrate: 54 3000000
Buffer size: 55 220001
Download Time: 2039111
Chunk bitrate: 55 2000000
Buffer size: 55 224001
Chunk bitrate: 55 2000000
Buffer size: 56 224001
Download Time: 1328058
[00007f0908003378] core mux error: cannot add this stream
[00007f0908087498] core decoder error: cannot create packetizer output (h264)
Chunk bitrate: 56 2000000
Buffer size: 57 228001
Download Time: 969425
Chunk bitrate: 57 1000000
Buffer size: 57 232001
Chunk bitrate: 57 1000000
Buffer size: 58 232001
Download Time: 307292
[00007f0908003378] core mux error: cannot add this stream
[00007f090815c678] core decoder error: cannot create packetizer output (h264)
Chunk bitrate: 58 2000000
Buffer size: 58 236001
Chunk bitrate: 58 2000000
Buffer size: 59 236001
Download Time: 1779736
[00007f0908003378] core mux error: cannot add this stream
[00007f090814fa08] core decoder error: cannot create packetizer output (h264)
Chunk bitrate: 59 2000000
Buffer size: 60 240001
Download Time: 1080291
Chunk bitrate: 60 1000000
Buffer size: 60 244001
Chunk bitrate: 60 1000000
Buffer size: 61 244001
Download Time: 450016
[00007f0908003378] core mux error: cannot add this stream
[00007f090811d4f8] core decoder error: cannot create packetizer output (h264)
Chunk bitrate: 61 1000000
Buffer size: 62 248001
Download Time: 313734
Chunk bitrate: 62 2000000
Buffer size: 62 252001
Chunk bitrate: 62 2000000
Buffer size: 63 252001
Download Time: 379674
[00007f0908003378] core mux error: cannot add this stream
[00007f09080e5828] core decoder error: cannot create packetizer output (h264)
Chunk bitrate: 63 2000000
Buffer size: 64 256001
Download Time: 633443
Chunk bitrate: 64 1000000
Buffer size: 64 260001
Chunk bitrate: 64 1000000
Buffer size: 65 260001
[00007f0908003378] ps mux: Close
[00007f09040015a8] idummy demux: command `quit'
[0000000001a271e8] [cli] lua interface error: Error loading script /home/cs244/vlc/share/lua/intf/cli.luac: lua/intf/modules/host.lua:286: Interrupted.
