[00000000020481e8] core interface error: no suitable interface module
[0000000001f7f338] core libvlc error: interface "globalhotkeys,none" initialization failed
[00000000020481e8] dbus interface error: Failed to connect to the D-Bus session daemon: Unable to autolaunch a dbus-daemon without a $DISPLAY for X11
[00000000020481e8] core interface error: no suitable interface module
[0000000001f7f338] core libvlc error: interface "dbus,none" initialization failed
[0000000001f7f338] core libvlc: Running vlc with the default interface. Use 'cvlc' to use vlc without interface.
[00000000020481e8] qt interface error: Could not connect to X server
[00000000020481e8] skins2 interface error: cannot initialize OSFactory
[00007fcf14003378] ps mux: Open
[00000000020481e8] [cli] lua interface: Listening on host "*console".
VLC media player 3.0.0-git Vetinari
Command Line Interface initialized. Type `help' for help.
> making a DASHManager
new ratebased adaptionlogic
Chunk bitrate: 0 349952
Buffer size: 0 0
Chunk bitrate: 0 349952
Buffer size: 0 0
[00007fcf14025908] mp4 demux: Fragment sequence discontinuity detected 0 != 2
Download Time: 1126972
[00007fcf14024648] mp4 demux: Fragment sequence discontinuity detected 0 != 2
Startup Time: 1050000
Chunk bitrate: 0 349952
Buffer size: 1 4001
Download Time: 1169461
Chunk bitrate: 1 349952
Buffer size: 2 8001
Download Time: 748267
Chunk bitrate: 2 600000
Buffer size: 2 12001
Chunk bitrate: 2 600000
Buffer size: 3 12001
Download Time: 1730849
Chunk bitrate: 3 349952
Buffer size: 3 16001
Chunk bitrate: 3 349952
Buffer size: 4 16001
Download Time: 875008
Chunk bitrate: 4 349952
Buffer size: 5 20001
Download Time: 1104052
Chunk bitrate: 5 349952
Buffer size: 6 24001
Download Time: 746939
Chunk bitrate: 6 600000
Buffer size: 6 28001
Chunk bitrate: 6 600000
Buffer size: 7 28001
Download Time: 1559190
Chunk bitrate: 7 349952
Buffer size: 7 32001
Chunk bitrate: 7 349952
Buffer size: 8 32001
Download Time: 1072205
Chunk bitrate: 8 349952
Buffer size: 9 36001
Download Time: 1239272
Chunk bitrate: 9 349952
Buffer size: 10 40001
Download Time: 911187
Chunk bitrate: 10 349952
Buffer size: 11 44001
Download Time: 1264435
Chunk bitrate: 11 600000
Buffer size: 11 48001
Chunk bitrate: 11 600000
Buffer size: 12 48001
Download Time: 1732776
Chunk bitrate: 12 349952
Buffer size: 12 52001
Chunk bitrate: 12 349952
Buffer size: 13 52001
Download Time: 880321
Chunk bitrate: 13 600000
Buffer size: 13 56001
Chunk bitrate: 13 600000
Buffer size: 14 56001
Download Time: 1608690
Chunk bitrate: 14 349952
Buffer size: 14 60001
Chunk bitrate: 14 349952
Buffer size: 15 60001
Download Time: 846929
Chunk bitrate: 15 600000
Buffer size: 15 64001
Chunk bitrate: 15 600000
Buffer size: 16 64001
Download Time: 1832847
Chunk bitrate: 16 349952
Buffer size: 16 68001
Chunk bitrate: 16 349952
Buffer size: 17 68001
Download Time: 878475
Chunk bitrate: 17 349952
Buffer size: 18 72001
Download Time: 1531574
Chunk bitrate: 18 349952
Buffer size: 19 76001
Download Time: 751690
Chunk bitrate: 19 600000
Buffer size: 19 80001
Chunk bitrate: 19 600000
Buffer size: 20 80001
Download Time: 1625539
Download Time: 388140
Chunk bitrate: 20 349952
Buffer size: 20 84001
Chunk bitrate: 20 349952
Buffer size: 21 84001
Download Time: 774999
Chunk bitrate: 21 349952
Buffer size: 22 88001
Download Time: 809683
Chunk bitrate: 22 349952
Buffer size: 23 92001
Download Time: 939090
Chunk bitrate: 23 600000
Buffer size: 23 96001
Chunk bitrate: 23 600000
Buffer size: 24 96001
Download Time: 1563271
Chunk bitrate: 24 349952
Buffer size: 24 100001
Chunk bitrate: 24 349952
Buffer size: 25 100001
Download Time: 1008894
Chunk bitrate: 25 349952
Buffer size: 26 104001
Download Time: 1169277
Chunk bitrate: 26 349952
Buffer size: 27 108001
Download Time: 586646
Download Time: 454794
Chunk bitrate: 27 349952
Buffer size: 28 112001
Download Time: 1105236
Chunk bitrate: 28 349952
Buffer size: 29 116001
Download Time: 1140202
Chunk bitrate: 29 349952
Buffer size: 30 120001
Download Time: 809766
Chunk bitrate: 30 349952
Buffer size: 31 124001
Download Time: 1112173
Chunk bitrate: 31 600000
Buffer size: 31 128001
Chunk bitrate: 31 600000
Buffer size: 32 128001
Download Time: 1861210
Chunk bitrate: 32 349952
Buffer size: 32 132001
Chunk bitrate: 32 349952
Buffer size: 33 132001
Download Time: 1037265
[00007fcf14003378] core mux error: cannot add this stream
[00007fcf140c1d38] core decoder error: cannot create packetizer output (h264)
Chunk bitrate: 33 349952
Buffer size: 34 136001
Download Time: 844664
Chunk bitrate: 34 349952
Buffer size: 35 140001
Download Time: 1074041
Chunk bitrate: 35 349952
Buffer size: 36 144001
Download Time: 1133852
Chunk bitrate: 36 349952
Buffer size: 37 148001
Download Time: 1144612
Chunk bitrate: 37 600000
Buffer size: 37 152001
Chunk bitrate: 37 600000
Buffer size: 38 152001
Download Time: 1625476
[00007fcf14003378] core mux error: cannot add this stream
[00007fcf140f46a8] core decoder error: cannot create packetizer output (h264)
Chunk bitrate: 38 1000000
Buffer size: 38 156001
Chunk bitrate: 38 1000000
Buffer size: 39 156001
Download Time: 3153589
[00007fcf14003378] core mux error: cannot add this stream
[00007fcf1411dfd8] core decoder error: cannot create packetizer output (h264)
Chunk bitrate: 39 349952
Buffer size: 39 160001
Chunk bitrate: 39 349952
Buffer size: 40 160001
Download Time: 753239
[00007fcf14003378] core mux error: cannot add this stream
[00007fcf140b0538] core decoder error: cannot create packetizer output (h264)
Chunk bitrate: 40 349952
Buffer size: 41 164001
Download Time: 981953
Chunk bitrate: 41 600000
Buffer size: 41 168001
Chunk bitrate: 41 600000
Buffer size: 42 168001
Download Time: 1365977
[00007fcf14003378] core mux error: cannot add this stream
[00007fcf140fb198] core decoder error: cannot create packetizer output (h264)
Chunk bitrate: 42 600000
Buffer size: 43 172001
Download Time: 2185042
Chunk bitrate: 43 600000
Buffer size: 44 176001
Download Time: 1402548
Chunk bitrate: 44 600000
Buffer size: 45 180001
Download Time: 1435338
Chunk bitrate: 45 600000
Buffer size: 46 184001
Download Time: 1527235
Chunk bitrate: 46 349952
Buffer size: 46 188001
Chunk bitrate: 46 349952
Buffer size: 47 188001
Download Time: 943024
[00007fcf14003378] core mux error: cannot add this stream
[00007fcf140fee48] core decoder error: cannot create packetizer output (h264)
Chunk bitrate: 47 349952
Buffer size: 48 192001
Download Time: 873636
Chunk bitrate: 48 600000
Buffer size: 48 196001
Chunk bitrate: 48 600000
Buffer size: 49 196001
Download Time: 1926272
[00007fcf14003378] core mux error: cannot add this stream
[00007fcf1410b718] core decoder error: cannot create packetizer output (h264)
Chunk bitrate: 49 349952
Buffer size: 49 200001
Chunk bitrate: 49 349952
Buffer size: 50 200001
Download Time: 913538
[00007fcf14003378] core mux error: cannot add this stream
[00007fcf140d1798] core decoder error: cannot create packetizer output (h264)
Chunk bitrate: 50 600000
Buffer size: 50 204001
Chunk bitrate: 50 600000
Buffer size: 51 204001
Download Time: 1260801
[00007fcf14003378] core mux error: cannot add this stream
[00007fcf140e9058] core decoder error: cannot create packetizer output (h264)
Chunk bitrate: 51 349952
Buffer size: 51 208001
Chunk bitrate: 51 349952
Buffer size: 52 208001
Download Time: 846086
[00007fcf14003378] core mux error: cannot add this stream
[00007fcf140f7698] core decoder error: cannot create packetizer output (h264)
Chunk bitrate: 52 600000
Buffer size: 52 212001
Chunk bitrate: 52 600000
Buffer size: 53 212001
Download Time: 3024615
[00007fcf14003378] core mux error: cannot add this stream
[00007fcf141119c8] core decoder error: cannot create packetizer output (h264)
Chunk bitrate: 53 600000
Buffer size: 54 216001
Download Time: 1755498
Chunk bitrate: 54 349952
Buffer size: 54 220001
Download Time: 382844
Chunk bitrate: 54 349952
Buffer size: 55 220001
Download Time: 1038678
[00007fcf14003378] core mux error: cannot add this stream
[00007fcf140cdba8] core decoder error: cannot create packetizer output (h264)
Chunk bitrate: 55 600000
Buffer size: 55 224001
Chunk bitrate: 55 600000
Buffer size: 56 224001
Download Time: 1460870
[00007fcf14003378] core mux error: cannot add this stream
[00007fcf1411f9f8] core decoder error: cannot create packetizer output (h264)
Chunk bitrate: 56 349952
Buffer size: 56 228001
Chunk bitrate: 56 349952
Buffer size: 57 228001
Download Time: 725173
[00007fcf14003378] core mux error: cannot add this stream
[00007fcf141073a8] core decoder error: cannot create packetizer output (h264)
Chunk bitrate: 57 349952
Buffer size: 58 232001
Download Time: 390780
Chunk bitrate: 58 349952
Buffer size: 59 236001
Download Time: 1073457
Chunk bitrate: 59 349952
Buffer size: 60 240001
Download Time: 1137152
Chunk bitrate: 60 600000
Buffer size: 60 244001
Chunk bitrate: 60 600000
Buffer size: 61 244001
Download Time: 1499914
[00007fcf14003378] core mux error: cannot add this stream
[00007fcf1412b8e8] core decoder error: cannot create packetizer output (h264)
Chunk bitrate: 61 600000
Buffer size: 62 248001
Download Time: 483763
Chunk bitrate: 62 349952
Buffer size: 62 252001
Chunk bitrate: 62 349952
Buffer size: 63 252001
Download Time: 425185
[00007fcf14003378] core mux error: cannot add this stream
[00007fcf141006e8] core decoder error: cannot create packetizer output (h264)
Chunk bitrate: 63 600000
Buffer size: 63 256001
Chunk bitrate: 63 600000
Buffer size: 64 256001
Download Time: 845373
[00007fcf14003378] core mux error: cannot add this stream
[00007fcf1410d0b8] core decoder error: cannot create packetizer output (h264)
Chunk bitrate: 64 349952
Buffer size: 64 260001
Chunk bitrate: 64 349952
Buffer size: 65 260001
[00007fcf14003378] ps mux: Close
[00007fcf10001748] idummy demux: command `quit'
[00000000020481e8] [cli] lua interface error: Error loading script /home/cs244/vlc/share/lua/intf/cli.luac: lua/intf/modules/host.lua:286: Interrupted.
