[00000000011431e8] core interface error: no suitable interface module
[000000000107a338] core libvlc error: interface "globalhotkeys,none" initialization failed
[00000000011431e8] dbus interface error: Failed to connect to the D-Bus session daemon: Unable to autolaunch a dbus-daemon without a $DISPLAY for X11
[00000000011431e8] core interface error: no suitable interface module
[000000000107a338] core libvlc error: interface "dbus,none" initialization failed
[000000000107a338] core libvlc: Running vlc with the default interface. Use 'cvlc' to use vlc without interface.
[00000000011431e8] qt interface error: Could not connect to X server
[00000000011431e8] skins2 interface error: cannot initialize OSFactory
[00007f5914003378] ps mux: Open
[00000000011431e8] [cli] lua interface: Listening on host "*console".
VLC media player 3.0.0-git Vetinari
Command Line Interface initialized. Type `help' for help.
> making a DASHManager
new ratebased adaptionlogic
Chunk bitrate: 0 349952
Buffer size: 0 0
Chunk bitrate: 0 349952
Buffer size: 0 0
[00007f5914019038] mp4 demux: Fragment sequence discontinuity detected 0 != 2
Download Time: 566424
[00007f5914025758] mp4 demux: Fragment sequence discontinuity detected 0 != 2
Startup Time: 1050000
Chunk bitrate: 0 349952
Buffer size: 1 4001
Download Time: 1141700
Chunk bitrate: 1 349952
Buffer size: 2 8001
Download Time: 600546
Chunk bitrate: 2 1000000
Buffer size: 2 12001
Chunk bitrate: 2 1000000
Buffer size: 3 12001
Download Time: 1591331
Chunk bitrate: 3 600000
Buffer size: 3 16001
Chunk bitrate: 3 600000
Buffer size: 4 16001
Download Time: 976693
Chunk bitrate: 4 1000000
Buffer size: 4 20001
Chunk bitrate: 4 1000000
Buffer size: 5 20001
Download Time: 1834469
Chunk bitrate: 5 349952
Buffer size: 5 24001
Chunk bitrate: 5 349952
Buffer size: 6 24001
Download Time: 691265
Chunk bitrate: 6 349952
Buffer size: 7 28001
Download Time: 1711276
Chunk bitrate: 7 600000
Buffer size: 7 32001
Chunk bitrate: 7 600000
Buffer size: 8 32001
Download Time: 896501
Chunk bitrate: 8 600000
Buffer size: 9 36001
Download Time: 1387856
Chunk bitrate: 9 349952
Buffer size: 9 40001
Chunk bitrate: 9 349952
Buffer size: 10 40001
Download Time: 718658
Chunk bitrate: 10 349952
Buffer size: 11 44001
Download Time: 855055
Chunk bitrate: 11 349952
Buffer size: 12 48001
Download Time: 895555
Chunk bitrate: 12 349952
Buffer size: 13 52001
Download Time: 652318
Chunk bitrate: 13 349952
Buffer size: 14 56001
Download Time: 856036
Chunk bitrate: 14 349952
Buffer size: 15 60001
Download Time: 980306
Chunk bitrate: 15 349952
Buffer size: 16 64001
Download Time: 651388
Chunk bitrate: 16 1000000
Buffer size: 16 68001
Chunk bitrate: 16 1000000
Buffer size: 17 68001
Download Time: 1382532
Chunk bitrate: 17 349952
Buffer size: 17 72001
Chunk bitrate: 17 349952
Buffer size: 18 72001
Download Time: 1388094
Chunk bitrate: 18 349952
Buffer size: 19 76001
Download Time: 1825471
Chunk bitrate: 19 600000
Buffer size: 19 80001
Chunk bitrate: 19 600000
Buffer size: 20 80001
Download Time: 693689
Chunk bitrate: 20 600000
Buffer size: 21 84001
Download Time: 1140151
Chunk bitrate: 21 600000
Buffer size: 22 88001
Download Time: 1176497
Chunk bitrate: 22 349952
Buffer size: 22 92001
Chunk bitrate: 22 349952
Buffer size: 23 92001
Download Time: 606552
Chunk bitrate: 23 600000
Buffer size: 23 96001
Chunk bitrate: 23 600000
Buffer size: 24 96001
Download Time: 979294
Chunk bitrate: 24 600000
Buffer size: 25 100001
Download Time: 1139537
Chunk bitrate: 25 1000000
Buffer size: 25 104001
Chunk bitrate: 25 1000000
Buffer size: 26 104001
Download Time: 1262193
Chunk bitrate: 26 349952
Buffer size: 26 108001
Chunk bitrate: 26 349952
Buffer size: 27 108001
Download Time: 613887
Chunk bitrate: 27 600000
Buffer size: 27 112001
Chunk bitrate: 27 600000
Buffer size: 28 112001
Download Time: 1344150
Chunk bitrate: 28 1000000
Buffer size: 28 116001
Chunk bitrate: 28 1000000
Buffer size: 29 116001
Download Time: 1305452
Chunk bitrate: 29 600000
Buffer size: 29 120001
Chunk bitrate: 29 600000
Buffer size: 30 120001
Download Time: 1430941
[00007f5914003378] core mux error: cannot add this stream
[00007f59140436f8] core decoder error: cannot create packetizer output (h264)
Chunk bitrate: 30 600000
Buffer size: 31 124001
Download Time: 1224690
Chunk bitrate: 31 349952
Buffer size: 31 128001
Chunk bitrate: 31 349952
Buffer size: 32 128001
Download Time: 572753
[00007f5914003378] core mux error: cannot add this stream
[00007f5914041e28] core decoder error: cannot create packetizer output (h264)
Chunk bitrate: 32 600000
Buffer size: 32 132001
Chunk bitrate: 32 600000
Buffer size: 33 132001
Download Time: 1060994
[00007f5914003378] core mux error: cannot add this stream
[00007f59140e8428] core decoder error: cannot create packetizer output (h264)
Chunk bitrate: 33 600000
Buffer size: 34 136001
Download Time: 1304533
Chunk bitrate: 34 1000000
Buffer size: 34 140001
Chunk bitrate: 34 1000000
Buffer size: 35 140001
Download Time: 1714620
[00007f5914003378] core mux error: cannot add this stream
[00007f591402b9b8] core decoder error: cannot create packetizer output (h264)
Chunk bitrate: 35 1000000
Buffer size: 36 144001
Download Time: 1665601
Chunk bitrate: 36 349952
Buffer size: 36 148001
Chunk bitrate: 36 349952
Buffer size: 37 148001
Download Time: 690566
[00007f5914003378] core mux error: cannot add this stream
[00007f59140deeb8] core decoder error: cannot create packetizer output (h264)
Chunk bitrate: 37 349952
Buffer size: 38 152001
Download Time: 594038
Chunk bitrate: 38 1000000
Buffer size: 38 156001
Chunk bitrate: 38 1000000
Buffer size: 39 156001
Download Time: 2166762
[00007f5914003378] core mux error: cannot add this stream
[00007f5914121868] core decoder error: cannot create packetizer output (h264)
Chunk bitrate: 39 600000
Buffer size: 39 160001
Chunk bitrate: 39 600000
Buffer size: 40 160001
Download Time: 1141719
[00007f5914003378] core mux error: cannot add this stream
[00007f59140ebb98] core decoder error: cannot create packetizer output (h264)
Chunk bitrate: 40 349952
Buffer size: 40 164001
Chunk bitrate: 40 349952
Buffer size: 41 164001
Download Time: 809737
[00007f5914003378] core mux error: cannot add this stream
[00007f59140b1538] core decoder error: cannot create packetizer output (h264)
Chunk bitrate: 41 349952
Buffer size: 42 168001
Download Time: 892336
Chunk bitrate: 42 349952
Buffer size: 43 172001
Download Time: 693386
Chunk bitrate: 43 600000
Buffer size: 43 176001
Chunk bitrate: 43 600000
Buffer size: 44 176001
Download Time: 1054611
[00007f5914003378] core mux error: cannot add this stream
[00007f5914100168] core decoder error: cannot create packetizer output (h264)
Chunk bitrate: 44 600000
Buffer size: 45 180001
Download Time: 1261207
Chunk bitrate: 45 600000
Buffer size: 46 184001
Download Time: 1225517
Chunk bitrate: 46 600000
Buffer size: 47 188001
Download Time: 1093991
Chunk bitrate: 47 600000
Buffer size: 48 192001
Download Time: 1468008
Chunk bitrate: 48 349952
Buffer size: 48 196001
Chunk bitrate: 48 349952
Buffer size: 49 196001
Download Time: 813081
[00007f5914003378] core mux error: cannot add this stream
[00007f59140f38b8] core decoder error: cannot create packetizer output (h264)
Chunk bitrate: 49 349952
Buffer size: 50 200001
Download Time: 530275
Chunk bitrate: 50 349952
Buffer size: 51 204001
Download Time: 731013
Chunk bitrate: 51 349952
Buffer size: 52 208001
Download Time: 775916
Chunk bitrate: 52 349952
Buffer size: 53 212001
Download Time: 815389
Chunk bitrate: 53 600000
Buffer size: 53 216001
Chunk bitrate: 53 600000
Buffer size: 54 216001
Download Time: 1301574
[00007f5914003378] core mux error: cannot add this stream
[00007f5914115a18] core decoder error: cannot create packetizer output (h264)
Chunk bitrate: 54 600000
Buffer size: 55 220001
Download Time: 1265947
Chunk bitrate: 55 349952
Buffer size: 55 224001
Chunk bitrate: 55 349952
Buffer size: 56 224001
Download Time: 560711
[00007f5914003378] core mux error: cannot add this stream
[00007f59140b4f48] core decoder error: cannot create packetizer output (h264)
Chunk bitrate: 56 349952
Buffer size: 57 228001
Download Time: 733683
Chunk bitrate: 57 349952
Buffer size: 58 232001
Download Time: 407533
Chunk bitrate: 58 349952
Buffer size: 59 236001
Download Time: 1181645
Chunk bitrate: 59 349952
Buffer size: 60 240001
Download Time: 491878
Chunk bitrate: 60 349952
Buffer size: 61 244001
Download Time: 1140514
Chunk bitrate: 61 1000000
Buffer size: 61 248001
Chunk bitrate: 61 1000000
Buffer size: 62 248001
Download Time: 734025
[00007f5914003378] core mux error: cannot add this stream
[00007f59140ffcc8] core decoder error: cannot create packetizer output (h264)
Chunk bitrate: 62 349952
Buffer size: 62 252001
Chunk bitrate: 62 349952
Buffer size: 63 252001
[00007f5914003378] core mux error: cannot add this stream
[00007f59140dd7b8] core decoder error: cannot create packetizer output (h264)
Chunk bitrate: 63 1000000
Buffer size: 63 256001
Chunk bitrate: 63 1000000
Buffer size: 64 256001
Download Time: 1991562
[00007f5914003378] core mux error: cannot add this stream
[00007f591411bfc8] core decoder error: cannot create packetizer output (h264)
Chunk bitrate: 64 600000
Buffer size: 64 260001
Chunk bitrate: 64 600000
Buffer size: 65 260001
[00007f5914003378] ps mux: Close
[00007f5918001618] idummy demux: command `quit'
[00000000011431e8] [cli] lua interface error: Error loading script /home/cs244/vlc/share/lua/intf/cli.luac: lua/intf/modules/host.lua:286: Interrupted.
