[000000000264e1e8] core interface error: no suitable interface module
[0000000002585338] core libvlc error: interface "globalhotkeys,none" initialization failed
[000000000264e1e8] dbus interface error: Failed to connect to the D-Bus session daemon: Unable to autolaunch a dbus-daemon without a $DISPLAY for X11
[000000000264e1e8] core interface error: no suitable interface module
[0000000002585338] core libvlc error: interface "dbus,none" initialization failed
[0000000002585338] core libvlc: Running vlc with the default interface. Use 'cvlc' to use vlc without interface.
[000000000264e1e8] qt interface error: Could not connect to X server
[000000000264e1e8] skins2 interface error: cannot initialize OSFactory
[000000000264e1e8] [cli] lua interface: Listening on host "*console".
VLC media player 3.0.0-git Vetinari
Command Line Interface initialized. Type `help' for help.
> [00007f0b94003378] ps mux: Open
making a DASHManager
new ratebased adaptionlogic
Chunk bitrate: 0 349952
Buffer size: 0 0
Chunk bitrate: 0 349952
Buffer size: 0 0
[00007f0b94023a58] mp4 demux: Fragment sequence discontinuity detected 0 != 2
Download Time: 451281
[00007f0b94023e98] mp4 demux: Fragment sequence discontinuity detected 0 != 2
Startup Time: 1050000
Chunk bitrate: 0 1000000
Buffer size: 0 4001
Chunk bitrate: 0 1000000
Buffer size: 1 4001
Download Time: 1243422
Chunk bitrate: 1 600000
Buffer size: 1 8001
Chunk bitrate: 1 600000
Buffer size: 2 8001
Download Time: 755463
Chunk bitrate: 2 349952
Buffer size: 2 12001
Chunk bitrate: 2 349952
Buffer size: 3 12001
Download Time: 651743
Chunk bitrate: 3 349952
Buffer size: 4 16001
Download Time: 620154
Chunk bitrate: 4 349952
Buffer size: 5 20001
Download Time: 749392
Chunk bitrate: 5 349952
Buffer size: 6 24001
Download Time: 459605
Chunk bitrate: 6 600000
Buffer size: 6 28001
Chunk bitrate: 6 600000
Buffer size: 7 28001
Download Time: 685385
Chunk bitrate: 7 349952
Buffer size: 7 32001
Chunk bitrate: 7 349952
Buffer size: 8 32001
Download Time: 583766
Chunk bitrate: 8 1000000
Buffer size: 8 36001
Chunk bitrate: 8 1000000
Buffer size: 9 36001
Download Time: 1730892
Chunk bitrate: 9 600000
Buffer size: 9 40001
Chunk bitrate: 9 600000
Buffer size: 10 40001
Download Time: 1110829
Chunk bitrate: 10 349952
Buffer size: 10 44001
Chunk bitrate: 10 349952
Buffer size: 11 44001
Download Time: 426859
Chunk bitrate: 11 1000000
Buffer size: 11 48001
Chunk bitrate: 11 1000000
Buffer size: 12 48001
Download Time: 1468567
Chunk bitrate: 12 1000000
Buffer size: 13 52001
Download Time: 1046874
Chunk bitrate: 13 1000000
Buffer size: 14 56001
Download Time: 1236008
Chunk bitrate: 14 1000000
Buffer size: 15 60001
Download Time: 1178218
Chunk bitrate: 15 600000
Buffer size: 15 64001
Chunk bitrate: 15 600000
Buffer size: 16 64001
Download Time: 975121
Chunk bitrate: 16 600000
Buffer size: 17 68001
Download Time: 651821
Chunk bitrate: 17 600000
Buffer size: 18 72001
Download Time: 686784
Chunk bitrate: 18 600000
Buffer size: 19 76001
Download Time: 614908
Chunk bitrate: 19 600000
Buffer size: 20 80001
Download Time: 780314
Chunk bitrate: 20 600000
Buffer size: 21 84001
Download Time: 753682
Chunk bitrate: 21 600000
Buffer size: 22 88001
Download Time: 886743
Chunk bitrate: 22 600000
Buffer size: 23 92001
Download Time: 815159
Chunk bitrate: 23 600000
Buffer size: 24 96001
Download Time: 948710
Chunk bitrate: 24 1000000
Buffer size: 24 100001
Chunk bitrate: 24 1000000
Buffer size: 25 100001
Download Time: 1337994
Chunk bitrate: 25 600000
Buffer size: 25 104001
Chunk bitrate: 25 600000
Buffer size: 26 104001
Download Time: 875975
Chunk bitrate: 26 600000
Buffer size: 27 108001
Download Time: 581604
Chunk bitrate: 27 600000
Buffer size: 28 112001
Download Time: 650939
Chunk bitrate: 28 600000
Buffer size: 29 116001
Download Time: 901249
Chunk bitrate: 29 600000
Buffer size: 30 120001
Download Time: 776947
Chunk bitrate: 30 600000
Buffer size: 31 124001
Download Time: 810314
Chunk bitrate: 31 600000
Buffer size: 32 128001
Download Time: 718335
Chunk bitrate: 32 600000
Buffer size: 33 132001
Download Time: 1229783
Chunk bitrate: 33 600000
Buffer size: 34 136001
Download Time: 883354
Chunk bitrate: 34 600000
Buffer size: 35 140001
Download Time: 783036
Chunk bitrate: 35 600000
Buffer size: 36 144001
Download Time: 1078602
Chunk bitrate: 36 600000
Buffer size: 37 148001
Download Time: 873764
Chunk bitrate: 37 600000
Buffer size: 38 152001
Download Time: 971438
Chunk bitrate: 38 1000000
Buffer size: 38 156001
Chunk bitrate: 38 1000000
Buffer size: 39 156001
Download Time: 973590
Chunk bitrate: 39 600000
Buffer size: 39 160001
Chunk bitrate: 39 600000
Buffer size: 40 160001
Download Time: 775629
Chunk bitrate: 40 349952
Buffer size: 40 164001
Chunk bitrate: 40 349952
Buffer size: 41 164001
Download Time: 747666
Chunk bitrate: 41 600000
Buffer size: 41 168001
Chunk bitrate: 41 600000
Buffer size: 42 168001
Download Time: 1001412
[00007f0b94003378] core mux error: cannot add this stream
[00007f0b940f4598] core decoder error: cannot create packetizer output (h264)
Chunk bitrate: 42 349952
Buffer size: 42 172001
Chunk bitrate: 42 349952
Buffer size: 43 172001
Download Time: 550444
[00007f0b94003378] core mux error: cannot add this stream
[00007f0b940aef98] core decoder error: cannot create packetizer output (h264)
Chunk bitrate: 43 349952
Buffer size: 44 176001
Download Time: 549473
Chunk bitrate: 44 349952
Buffer size: 45 180001
Download Time: 517065
Chunk bitrate: 45 600000
Buffer size: 45 184001
Chunk bitrate: 45 600000
Buffer size: 46 184001
Download Time: 903749
[00007f0b94003378] core mux error: cannot add this stream
[00007f0b94106038] core decoder error: cannot create packetizer output (h264)
Chunk bitrate: 46 600000
Buffer size: 47 188001
Download Time: 809973
Chunk bitrate: 47 600000
Buffer size: 48 192001
Download Time: 811042
Chunk bitrate: 48 600000
Buffer size: 49 196001
Download Time: 814403
Chunk bitrate: 49 1000000
Buffer size: 49 200001
Chunk bitrate: 49 1000000
Buffer size: 50 200001
Download Time: 1431329
[00007f0b94003378] core mux error: cannot add this stream
[00007f0b9413b4e8] core decoder error: cannot create packetizer output (h264)
Chunk bitrate: 50 600000
Buffer size: 50 204001
Chunk bitrate: 50 600000
Buffer size: 51 204001
Download Time: 908915
[00007f0b94003378] core mux error: cannot add this stream
[00007f0b94100e18] core decoder error: cannot create packetizer output (h264)
Chunk bitrate: 51 600000
Buffer size: 52 208001
Download Time: 1109380
Chunk bitrate: 52 600000
Buffer size: 53 212001
Download Time: 815478
Chunk bitrate: 53 349952
Buffer size: 53 216001
Chunk bitrate: 53 349952
Buffer size: 54 216001
Download Time: 380749
[00007f0b94003378] core mux error: cannot add this stream
[00007f0b940e06b8] core decoder error: cannot create packetizer output (h264)
Chunk bitrate: 54 1000000
Buffer size: 54 220001
Chunk bitrate: 54 1000000
Buffer size: 55 220001
Download Time: 908484
[00007f0b94003378] core mux error: cannot add this stream
[00007f0b94039ea8] core decoder error: cannot create packetizer output (h264)
Chunk bitrate: 55 1000000
Buffer size: 56 224001
Download Time: 1330784
Chunk bitrate: 56 600000
Buffer size: 56 228001
Chunk bitrate: 56 600000
Buffer size: 57 228001
Download Time: 807285
[00007f0b94003378] core mux error: cannot add this stream
[00007f0b94105b88] core decoder error: cannot create packetizer output (h264)
Chunk bitrate: 57 600000
Buffer size: 58 232001
Download Time: 389307
Chunk bitrate: 58 600000
Buffer size: 59 236001
Download Time: 875547
Chunk bitrate: 59 1000000
Buffer size: 59 240001
Chunk bitrate: 59 1000000
Buffer size: 60 240001
Download Time: 1370202
[00007f0b94003378] core mux error: cannot add this stream
[00007f0b94146ec8] core decoder error: cannot create packetizer output (h264)
Chunk bitrate: 60 349952
Buffer size: 60 244001
Chunk bitrate: 60 349952
Buffer size: 61 244001
Download Time: 1242435
[00007f0b94003378] core mux error: cannot add this stream
[00007f0b940e7308] core decoder error: cannot create packetizer output (h264)
Chunk bitrate: 61 1000000
Buffer size: 61 248001
Chunk bitrate: 61 1000000
Buffer size: 62 248001
Download Time: 456507
[00007f0b94003378] core mux error: cannot add this stream
[00007f0b9404b608] core decoder error: cannot create packetizer output (h264)
Chunk bitrate: 62 349952
Buffer size: 62 252001
Chunk bitrate: 62 349952
Buffer size: 63 252001
[00007f0b94003378] core mux error: cannot add this stream
[00007f0b940e8ef8] core decoder error: cannot create packetizer output (h264)
Chunk bitrate: 63 600000
Buffer size: 63 256001
Chunk bitrate: 63 600000
Buffer size: 64 256001
Download Time: 523367
[00007f0b94003378] core mux error: cannot add this stream
[00007f0b94107938] core decoder error: cannot create packetizer output (h264)
Chunk bitrate: 64 600000
Buffer size: 65 260001
[00007f0b94003378] ps mux: Close
[00007f0b98001508] idummy demux: command `quit'
[000000000264e1e8] [cli] lua interface error: Error loading script /home/cs244/vlc/share/lua/intf/cli.luac: lua/intf/modules/host.lua:286: Interrupted.
