[00000000007011e8] core interface error: no suitable interface module
[0000000000638338] core libvlc error: interface "globalhotkeys,none" initialization failed
[00000000007011e8] dbus interface error: Failed to connect to the D-Bus session daemon: Unable to autolaunch a dbus-daemon without a $DISPLAY for X11
[00000000007011e8] core interface error: no suitable interface module
[0000000000638338] core libvlc error: interface "dbus,none" initialization failed
[0000000000638338] core libvlc: Running vlc with the default interface. Use 'cvlc' to use vlc without interface.
[00000000007011e8] qt interface error: Could not connect to X server
[00000000007011e8] skins2 interface error: cannot initialize OSFactory
[00000000007011e8] [cli] lua interface: Listening on host "*console".
VLC media player 3.0.0-git Vetinari
Command Line Interface initialized. Type `help' for help.
> [00007ff5f8003378] ps mux: Open
making a DASHManager
new ratebased adaptionlogic
Chunk bitrate: 0 349952
Buffer size: 0 0
Chunk bitrate: 0 349952
Buffer size: 0 0
[00007ff5f8027588] mp4 demux: Fragment sequence discontinuity detected 0 != 2
Download Time: 621169
[00007ff5f80177c8] mp4 demux: Fragment sequence discontinuity detected 0 != 2
Download Time: 388058
Startup Time: 1050000
Chunk bitrate: 0 349952
Buffer size: 1 4001
Download Time: 909649
Chunk bitrate: 1 1000000
Buffer size: 1 8001
Chunk bitrate: 1 1000000
Buffer size: 2 8001
Download Time: 1276273
Chunk bitrate: 2 600000
Buffer size: 2 12001
Chunk bitrate: 2 600000
Buffer size: 3 12001
Download Time: 1262675
Chunk bitrate: 3 600000
Buffer size: 4 16001
Download Time: 648200
Chunk bitrate: 4 600000
Buffer size: 5 20001
Download Time: 976053
Chunk bitrate: 5 1000000
Buffer size: 5 24001
Chunk bitrate: 5 1000000
Buffer size: 6 24001
Download Time: 1169558
Chunk bitrate: 6 600000
Buffer size: 6 28001
Chunk bitrate: 6 600000
Buffer size: 7 28001
Download Time: 1520453
Chunk bitrate: 7 349952
Buffer size: 7 32001
Chunk bitrate: 7 349952
Buffer size: 8 32001
Download Time: 911392
Chunk bitrate: 8 600000
Buffer size: 8 36001
Chunk bitrate: 8 600000
Buffer size: 9 36001
Download Time: 1463453
Chunk bitrate: 9 600000
Buffer size: 10 40001
Download Time: 780564
Chunk bitrate: 10 1000000
Buffer size: 10 44001
Chunk bitrate: 10 1000000
Buffer size: 11 44001
Download Time: 1366445
Chunk bitrate: 11 600000
Buffer size: 11 48001
Chunk bitrate: 11 600000
Buffer size: 12 48001
Download Time: 1073626
Chunk bitrate: 12 349952
Buffer size: 12 52001
Download Time: 192813
Chunk bitrate: 12 349952
Buffer size: 13 52001
Download Time: 478400
Chunk bitrate: 13 600000
Buffer size: 13 56001
Chunk bitrate: 13 600000
Buffer size: 14 56001
Download Time: 1108832
Chunk bitrate: 14 600000
Buffer size: 15 60001
Download Time: 935387
Chunk bitrate: 15 349952
Buffer size: 15 64001
Chunk bitrate: 15 349952
Buffer size: 16 64001
Download Time: 619712
Chunk bitrate: 16 600000
Buffer size: 16 68001
Chunk bitrate: 16 600000
Buffer size: 17 68001
Download Time: 778422
Chunk bitrate: 17 349952
Buffer size: 17 72001
Chunk bitrate: 17 349952
Buffer size: 18 72001
Download Time: 610164
Chunk bitrate: 18 600000
Buffer size: 18 76001
Chunk bitrate: 18 600000
Buffer size: 19 76001
Download Time: 719810
Chunk bitrate: 19 600000
Buffer size: 20 80001
Download Time: 911487
Chunk bitrate: 20 600000
Buffer size: 21 84001
Download Time: 619284
Chunk bitrate: 21 1000000
Buffer size: 21 88001
Chunk bitrate: 21 1000000
Buffer size: 22 88001
Download Time: 1331363
Chunk bitrate: 22 349952
Buffer size: 22 92001
Chunk bitrate: 22 349952
Buffer size: 23 92001
Download Time: 546083
[00007ff5f8003378] core mux error: cannot add this stream
[00007ff5f80bff38] core decoder error: cannot create packetizer output (h264)
Chunk bitrate: 23 600000
Buffer size: 23 96001
Chunk bitrate: 23 600000
Buffer size: 24 96001
Download Time: 1559626
[00007ff5f8003378] core mux error: cannot add this stream
[00007ff5f80bf908] core decoder error: cannot create packetizer output (h264)
Chunk bitrate: 24 600000
Buffer size: 25 100001
Download Time: 681083
Chunk bitrate: 25 349952
Buffer size: 25 104001
Chunk bitrate: 25 349952
Buffer size: 26 104001
Download Time: 455661
[00007ff5f8003378] core mux error: cannot add this stream
[00007ff5f80d4fc8] core decoder error: cannot create packetizer output (h264)
Chunk bitrate: 26 600000
Buffer size: 26 108001
Chunk bitrate: 26 600000
Buffer size: 27 108001
Download Time: 549371
[00007ff5f8003378] core mux error: cannot add this stream
[00007ff5f80464d8] core decoder error: cannot create packetizer output (h264)
Chunk bitrate: 27 349952
Buffer size: 27 112001
Chunk bitrate: 27 349952
Buffer size: 28 112001
Download Time: 555967
[00007ff5f8003378] core mux error: cannot add this stream
[00007ff5f80c4108] core decoder error: cannot create packetizer output (h264)
Chunk bitrate: 28 349952
Buffer size: 29 116001
Download Time: 716413
Chunk bitrate: 29 600000
Buffer size: 29 120001
Chunk bitrate: 29 600000
Buffer size: 30 120001
Download Time: 652831
[00007ff5f8003378] core mux error: cannot add this stream
[00007ff5f80b3dc8] core decoder error: cannot create packetizer output (h264)
Chunk bitrate: 30 600000
Buffer size: 31 124001
Download Time: 1168918
Chunk bitrate: 31 1000000
Buffer size: 31 128001
Chunk bitrate: 31 1000000
Buffer size: 32 128001
Download Time: 1463275
[00007ff5f8003378] core mux error: cannot add this stream
[00007ff5f80c17b8] core decoder error: cannot create packetizer output (h264)
Chunk bitrate: 32 1000000
Buffer size: 33 132001
Download Time: 1497788
Chunk bitrate: 33 1000000
Buffer size: 34 136001
Download Time: 389706
Download Time: 1833212
Chunk bitrate: 34 600000
Buffer size: 34 140001
Chunk bitrate: 34 600000
Buffer size: 35 140001
Download Time: 718371
[00007ff5f8003378] core mux error: cannot add this stream
[00007ff5f8130608] core decoder error: cannot create packetizer output (h264)
Chunk bitrate: 35 600000
Buffer size: 36 144001
Download Time: 781372
Chunk bitrate: 36 600000
Buffer size: 37 148001
Download Time: 967338
Chunk bitrate: 37 349952
Buffer size: 37 152001
Chunk bitrate: 37 349952
Buffer size: 38 152001
Download Time: 1036313
[00007ff5f8003378] core mux error: cannot add this stream
[00007ff5f80d14e8] core decoder error: cannot create packetizer output (h264)
Chunk bitrate: 38 600000
Buffer size: 38 156001
Chunk bitrate: 38 600000
Buffer size: 39 156001
Download Time: 752437
[00007ff5f8003378] core mux error: cannot add this stream
[00007ff5f80f4108] core decoder error: cannot create packetizer output (h264)
Chunk bitrate: 39 600000
Buffer size: 40 160001
Download Time: 1110079
Chunk bitrate: 40 349952
Buffer size: 40 164001
Chunk bitrate: 40 349952
Buffer size: 41 164001
Download Time: 787030
[00007ff5f8003378] core mux error: cannot add this stream
[00007ff5f80daf28] core decoder error: cannot create packetizer output (h264)
Chunk bitrate: 41 349952
Buffer size: 42 168001
Download Time: 586734
Chunk bitrate: 42 600000
Buffer size: 42 172001
Chunk bitrate: 42 600000
Buffer size: 43 172001
Download Time: 848149
[00007ff5f8003378] core mux error: cannot add this stream
[00007ff5f81087f8] core decoder error: cannot create packetizer output (h264)
Chunk bitrate: 43 349952
Buffer size: 43 176001
Chunk bitrate: 43 349952
Buffer size: 44 176001
Download Time: 652250
[00007ff5f8003378] core mux error: cannot add this stream
[00007ff5f80cbfd8] core decoder error: cannot create packetizer output (h264)
Chunk bitrate: 44 600000
Buffer size: 44 180001
Download Time: 355433
Chunk bitrate: 44 600000
Buffer size: 45 180001
Download Time: 1041940
[00007ff5f8003378] core mux error: cannot add this stream
[00007ff5f8106058] core decoder error: cannot create packetizer output (h264)
Chunk bitrate: 45 600000
Buffer size: 46 184001
Download Time: 1010317
Chunk bitrate: 46 349952
Buffer size: 46 188001
Chunk bitrate: 46 349952
Buffer size: 47 188001
Download Time: 615868
[00007ff5f8003378] core mux error: cannot add this stream
[00007ff5f80f1bb8] core decoder error: cannot create packetizer output (h264)
Chunk bitrate: 47 600000
Buffer size: 47 192001
Chunk bitrate: 47 600000
Buffer size: 48 192001
Download Time: 880595
[00007ff5f8003378] core mux error: cannot add this stream
[00007ff5f80fff28] core decoder error: cannot create packetizer output (h264)
Chunk bitrate: 48 600000
Buffer size: 49 196001
Download Time: 1108991
Chunk bitrate: 49 349952
Buffer size: 49 200001
Chunk bitrate: 49 349952
Buffer size: 50 200001
Download Time: 813949
[00007ff5f8003378] core mux error: cannot add this stream
[00007ff5f80af388] core decoder error: cannot create packetizer output (h264)
Chunk bitrate: 50 600000
Buffer size: 50 204001
Chunk bitrate: 50 600000
Buffer size: 51 204001
Download Time: 883776
[00007ff5f8003378] core mux error: cannot add this stream
[00007ff5f80e5448] core decoder error: cannot create packetizer output (h264)
Chunk bitrate: 51 600000
Buffer size: 52 208001
Download Time: 914512
Chunk bitrate: 52 349952
Buffer size: 52 212001
Chunk bitrate: 52 349952
Buffer size: 53 212001
Download Time: 590099
[00007ff5f8003378] core mux error: cannot add this stream
[00007ff5f80e0a28] core decoder error: cannot create packetizer output (h264)
Chunk bitrate: 53 600000
Buffer size: 53 216001
Chunk bitrate: 53 600000
Buffer size: 54 216001
Download Time: 1142131
[00007ff5f8003378] core mux error: cannot add this stream
[00007ff5f8120b38] core decoder error: cannot create packetizer output (h264)
Chunk bitrate: 54 1000000
Buffer size: 54 220001
Chunk bitrate: 54 1000000
Buffer size: 55 220001
Download Time: 1334915
[00007ff5f8003378] core mux error: cannot add this stream
[00007ff5f80318e8] core decoder error: cannot create packetizer output (h264)
Chunk bitrate: 55 1000000
Buffer size: 56 224001
Download Time: 1595327
Chunk bitrate: 56 349952
Buffer size: 56 228001
Chunk bitrate: 56 349952
Buffer size: 57 228001
Download Time: 585609
[00007ff5f8003378] core mux error: cannot add this stream
[00007ff5f8113658] core decoder error: cannot create packetizer output (h264)
Chunk bitrate: 57 1000000
Buffer size: 57 232001
Chunk bitrate: 57 1000000
Buffer size: 58 232001
Download Time: 616185
[00007ff5f8003378] core mux error: cannot add this stream
[00007ff5f80de028] core decoder error: cannot create packetizer output (h264)
Chunk bitrate: 58 349952
Buffer size: 58 236001
Chunk bitrate: 58 349952
Buffer size: 59 236001
Download Time: 942878
[00007ff5f8003378] core mux error: cannot add this stream
[00007ff5f80fd888] core decoder error: cannot create packetizer output (h264)
Chunk bitrate: 59 349952
Buffer size: 60 240001
Download Time: 947897
Chunk bitrate: 60 600000
Buffer size: 60 244001
Chunk bitrate: 60 600000
Buffer size: 61 244001
Download Time: 941564
[00007ff5f8003378] core mux error: cannot add this stream
[00007ff5f8139288] core decoder error: cannot create packetizer output (h264)
Chunk bitrate: 61 349952
Buffer size: 61 248001
Chunk bitrate: 61 349952
Buffer size: 62 248001
Download Time: 292299
[00007ff5f8003378] core mux error: cannot add this stream
[00007ff5f811ed38] core decoder error: cannot create packetizer output (h264)
Chunk bitrate: 62 1000000
Buffer size: 62 252001
Chunk bitrate: 62 1000000
Buffer size: 63 252001
Download Time: 388905
[00007ff5f8003378] core mux error: cannot add this stream
[00007ff5f80e8fe8] core decoder error: cannot create packetizer output (h264)
Chunk bitrate: 63 349952
Buffer size: 63 256001
Download Time: 291072
Chunk bitrate: 63 349952
Buffer size: 64 256001
Download Time: 461044
[00007ff5f8003378] core mux error: cannot add this stream
[00007ff5f80ce288] core decoder error: cannot create packetizer output (h264)
Chunk bitrate: 64 600000
Buffer size: 64 260001
Chunk bitrate: 64 600000
Buffer size: 65 260001
[00007ff5f8003378] ps mux: Close
[00007ff5f4001558] idummy demux: command `quit'
[00000000007011e8] [cli] lua interface error: Error loading script /home/cs244/vlc/share/lua/intf/cli.luac: lua/intf/modules/host.lua:286: Interrupted.
