[00000000014311e8] core interface error: no suitable interface module
[0000000001368338] core libvlc error: interface "globalhotkeys,none" initialization failed
[00000000014311e8] dbus interface error: Failed to connect to the D-Bus session daemon: Unable to autolaunch a dbus-daemon without a $DISPLAY for X11
[00000000014311e8] core interface error: no suitable interface module
[0000000001368338] core libvlc error: interface "dbus,none" initialization failed
[0000000001368338] core libvlc: Running vlc with the default interface. Use 'cvlc' to use vlc without interface.
[00000000014311e8] qt interface error: Could not connect to X server
[00000000014311e8] skins2 interface error: cannot initialize OSFactory
[00000000014311e8] [cli] lua interface: Listening on host "*console".
VLC media player 3.0.0-git Vetinari
Command Line Interface initialized. Type `help' for help.
> [00007f48b4003378] ps mux: Open
making a DASHManager
new ratebased adaptionlogic
Chunk bitrate: 0 349952
Buffer size: 0 0
Download Time: 238338
Chunk bitrate: 0 349952
Buffer size: 0 0
[00007f48b4024ef8] mp4 demux: Fragment sequence discontinuity detected 0 != 2
Download Time: 736537
[00007f48b40244a8] mp4 demux: Fragment sequence discontinuity detected 0 != 2
Startup Time: 1050000
Chunk bitrate: 0 349952
Buffer size: 1 4001
Download Time: 776024
Chunk bitrate: 1 600000
Buffer size: 1 8001
Chunk bitrate: 1 600000
Buffer size: 2 8001
Download Time: 1015429
Chunk bitrate: 2 349952
Buffer size: 2 12001
Chunk bitrate: 2 349952
Buffer size: 3 12001
Download Time: 936791
Chunk bitrate: 3 349952
Buffer size: 4 16001
Download Time: 488249
Chunk bitrate: 4 600000
Buffer size: 4 20001
Download Time: 245997
Chunk bitrate: 4 600000
Buffer size: 5 20001
Download Time: 898326
Chunk bitrate: 5 349952
Buffer size: 5 24001
Chunk bitrate: 5 349952
Buffer size: 6 24001
Download Time: 613966
Chunk bitrate: 6 600000
Buffer size: 6 28001
Chunk bitrate: 6 600000
Buffer size: 7 28001
Download Time: 1180161
Chunk bitrate: 7 349952
Buffer size: 7 32001
Chunk bitrate: 7 349952
Buffer size: 8 32001
Download Time: 531313
Chunk bitrate: 8 600000
Buffer size: 8 36001
Chunk bitrate: 8 600000
Buffer size: 9 36001
Download Time: 1181359
Chunk bitrate: 9 600000
Buffer size: 10 40001
Download Time: 1219173
Chunk bitrate: 10 1000000
Buffer size: 10 44001
Chunk bitrate: 10 1000000
Buffer size: 11 44001
Download Time: 1345240
Chunk bitrate: 11 349952
Buffer size: 11 48001
Chunk bitrate: 11 349952
Buffer size: 12 48001
Download Time: 808697
Chunk bitrate: 12 600000
Buffer size: 12 52001
Download Time: 120293
Chunk bitrate: 12 600000
Buffer size: 13 52001
Download Time: 816279
Chunk bitrate: 13 600000
Buffer size: 14 56001
Download Time: 970608
Chunk bitrate: 14 600000
Buffer size: 15 60001
Download Time: 610944
Chunk bitrate: 15 349952
Buffer size: 15 64001
Chunk bitrate: 15 349952
Buffer size: 16 64001
Download Time: 612843
Chunk bitrate: 16 349952
Buffer size: 17 68001
Download Time: 651747
Chunk bitrate: 17 1000000
Buffer size: 17 72001
Chunk bitrate: 17 1000000
Buffer size: 18 72001
Download Time: 1218091
Chunk bitrate: 18 349952
Buffer size: 18 76001
Chunk bitrate: 18 349952
Buffer size: 19 76001
Download Time: 612079
Chunk bitrate: 19 600000
Buffer size: 19 80001
Chunk bitrate: 19 600000
Buffer size: 20 80001
Download Time: 1746592
Chunk bitrate: 20 600000
Buffer size: 21 84001
Download Time: 770417
Chunk bitrate: 21 1000000
Buffer size: 21 88001
Chunk bitrate: 21 1000000
Buffer size: 22 88001
Download Time: 1139174
Chunk bitrate: 22 349952
Buffer size: 22 92001
Chunk bitrate: 22 349952
Buffer size: 23 92001
Download Time: 689961
[00007f48b4003378] core mux error: cannot add this stream
[00007f48b40a0148] core decoder error: cannot create packetizer output (h264)
Chunk bitrate: 23 349952
Buffer size: 24 96001
Download Time: 815153
Chunk bitrate: 24 349952
Buffer size: 25 100001
Download Time: 570558
Chunk bitrate: 25 349952
Buffer size: 26 104001
Download Time: 611817
Chunk bitrate: 26 600000
Buffer size: 26 108001
Chunk bitrate: 26 600000
Buffer size: 27 108001
Download Time: 1219964
[00007f48b4003378] core mux error: cannot add this stream
[00007f48b40a8338] core decoder error: cannot create packetizer output (h264)
Chunk bitrate: 27 1000000
Buffer size: 27 112001
Download Time: 321285
Chunk bitrate: 27 1000000
Buffer size: 28 112001
Download Time: 1142855
[00007f48b4003378] core mux error: cannot add this stream
[00007f48b408b188] core decoder error: cannot create packetizer output (h264)
Chunk bitrate: 28 349952
Buffer size: 28 116001
Chunk bitrate: 28 349952
Buffer size: 29 116001
Download Time: 486119
[00007f48b4003378] core mux error: cannot add this stream
[00007f48b40c39b8] core decoder error: cannot create packetizer output (h264)
Chunk bitrate: 29 600000
Buffer size: 29 120001
Chunk bitrate: 29 600000
Buffer size: 30 120001
Download Time: 977677
[00007f48b4003378] core mux error: cannot add this stream
[00007f48b40db1e8] core decoder error: cannot create packetizer output (h264)
Chunk bitrate: 30 349952
Buffer size: 30 124001
Chunk bitrate: 30 349952
Buffer size: 31 124001
Download Time: 363838
[00007f48b4003378] core mux error: cannot add this stream
[00007f48b4052918] core decoder error: cannot create packetizer output (h264)
Chunk bitrate: 31 1000000
Buffer size: 31 128001
Chunk bitrate: 31 1000000
Buffer size: 32 128001
Download Time: 3416379
[00007f48b4003378] core mux error: cannot add this stream
[00007f48b4137d98] core decoder error: cannot create packetizer output (h264)
Chunk bitrate: 32 600000
Buffer size: 32 132001
Chunk bitrate: 32 600000
Buffer size: 33 132001
Download Time: 608845
[00007f48b4003378] core mux error: cannot add this stream
[00007f48b40edd38] core decoder error: cannot create packetizer output (h264)
Chunk bitrate: 33 349952
Buffer size: 33 136001
Chunk bitrate: 33 349952
Buffer size: 34 136001
Download Time: 650791
[00007f48b4003378] core mux error: cannot add this stream
[00007f48b40e7528] core decoder error: cannot create packetizer output (h264)
Chunk bitrate: 34 600000
Buffer size: 34 140001
Chunk bitrate: 34 600000
Buffer size: 35 140001
Download Time: 728556
[00007f48b4003378] core mux error: cannot add this stream
[00007f48b40e6fe8] core decoder error: cannot create packetizer output (h264)
Chunk bitrate: 35 349952
Buffer size: 35 144001
Chunk bitrate: 35 349952
Buffer size: 36 144001
Download Time: 407731
[00007f48b4003378] core mux error: cannot add this stream
[00007f48b40f4518] core decoder error: cannot create packetizer output (h264)
Chunk bitrate: 36 1000000
Buffer size: 36 148001
Chunk bitrate: 36 1000000
Buffer size: 37 148001
Download Time: 1667665
[00007f48b4003378] core mux error: cannot add this stream
[00007f48b40e5e78] core decoder error: cannot create packetizer output (h264)
Chunk bitrate: 37 349952
Buffer size: 37 152001
Chunk bitrate: 37 349952
Buffer size: 38 152001
Download Time: 571815
[00007f48b4003378] core mux error: cannot add this stream
[00007f48b40df288] core decoder error: cannot create packetizer output (h264)
Chunk bitrate: 38 1000000
Buffer size: 38 156001
Chunk bitrate: 38 1000000
Buffer size: 39 156001
Download Time: 2203706
[00007f48b4003378] core mux error: cannot add this stream
[00007f48b412b5d8] core decoder error: cannot create packetizer output (h264)
Chunk bitrate: 39 600000
Buffer size: 39 160001
Chunk bitrate: 39 600000
Buffer size: 40 160001
Download Time: 859224
[00007f48b4003378] core mux error: cannot add this stream
[00007f48b40f6858] core decoder error: cannot create packetizer output (h264)
Chunk bitrate: 40 349952
Buffer size: 40 164001
Chunk bitrate: 40 349952
Buffer size: 41 164001
Download Time: 768462
[00007f48b4003378] core mux error: cannot add this stream
[00007f48b40c17c8] core decoder error: cannot create packetizer output (h264)
Chunk bitrate: 41 600000
Buffer size: 41 168001
Chunk bitrate: 41 600000
Buffer size: 42 168001
Download Time: 894230
[00007f48b4003378] core mux error: cannot add this stream
[00007f48b4109ae8] core decoder error: cannot create packetizer output (h264)
Chunk bitrate: 42 1000000
Buffer size: 42 172001
Chunk bitrate: 42 1000000
Buffer size: 43 172001
Download Time: 1667357
[00007f48b4003378] core mux error: cannot add this stream
[00007f48b414ea18] core decoder error: cannot create packetizer output (h264)
Chunk bitrate: 43 600000
Buffer size: 43 176001
Chunk bitrate: 43 600000
Buffer size: 44 176001
Download Time: 816462
[00007f48b4003378] core mux error: cannot add this stream
[00007f48b410ba18] core decoder error: cannot create packetizer output (h264)
Chunk bitrate: 44 349952
Buffer size: 44 180001
Chunk bitrate: 44 349952
Buffer size: 45 180001
Download Time: 733342
[00007f48b4003378] core mux error: cannot add this stream
[00007f48b40c74d8] core decoder error: cannot create packetizer output (h264)
Chunk bitrate: 45 600000
Buffer size: 45 184001
Chunk bitrate: 45 600000
Buffer size: 46 184001
Download Time: 1223287
Download Time: 325440
[00007f48b4003378] core mux error: cannot add this stream
[00007f48b411b968] core decoder error: cannot create packetizer output (h264)
Chunk bitrate: 46 349952
Buffer size: 46 188001
Chunk bitrate: 46 349952
Buffer size: 47 188001
Download Time: 772897
[00007f48b4003378] core mux error: cannot add this stream
[00007f48b40c9f08] core decoder error: cannot create packetizer output (h264)
Chunk bitrate: 47 349952
Buffer size: 48 192001
Download Time: 651995
Chunk bitrate: 48 600000
Buffer size: 48 196001
Chunk bitrate: 48 600000
Buffer size: 49 196001
Download Time: 3254736
[00007f48b4003378] core mux error: cannot add this stream
[00007f48b4121988] core decoder error: cannot create packetizer output (h264)
Chunk bitrate: 49 600000
Buffer size: 50 200001
Download Time: 769202
Chunk bitrate: 50 600000
Buffer size: 51 204001
Download Time: 1260929
Chunk bitrate: 51 600000
Buffer size: 52 208001
Download Time: 851572
Chunk bitrate: 52 349952
Buffer size: 52 212001
Chunk bitrate: 52 349952
Buffer size: 53 212001
Download Time: 406990
[00007f48b4003378] core mux error: cannot add this stream
[00007f48b40fb668] core decoder error: cannot create packetizer output (h264)
Chunk bitrate: 53 600000
Buffer size: 53 216001
Chunk bitrate: 53 600000
Buffer size: 54 216001
Download Time: 1373160
[00007f48b4003378] core mux error: cannot add this stream
[00007f48b4127918] core decoder error: cannot create packetizer output (h264)
Chunk bitrate: 54 600000
Buffer size: 55 220001
Download Time: 1502449
Chunk bitrate: 55 349952
Buffer size: 55 224001
Chunk bitrate: 55 349952
Buffer size: 56 224001
Download Time: 1259732
[00007f48b4003378] core mux error: cannot add this stream
[00007f48b4100a28] core decoder error: cannot create packetizer output (h264)
Chunk bitrate: 56 349952
Buffer size: 57 228001
Download Time: 516771
Chunk bitrate: 57 349952
Buffer size: 58 232001
Download Time: 322613
Chunk bitrate: 58 1000000
Buffer size: 58 236001
Chunk bitrate: 58 1000000
Buffer size: 59 236001
Download Time: 1627575
[00007f48b4003378] core mux error: cannot add this stream
[00007f48b4071588] core decoder error: cannot create packetizer output (h264)
Chunk bitrate: 59 349952
Buffer size: 59 240001
Chunk bitrate: 59 349952
Buffer size: 60 240001
Download Time: 1124872
[00007f48b4003378] core mux error: cannot add this stream
[00007f48b410fb48] core decoder error: cannot create packetizer output (h264)
Chunk bitrate: 60 349952
Buffer size: 61 244001
Download Time: 690962
Chunk bitrate: 61 349952
Buffer size: 62 248001
Download Time: 686694
Chunk bitrate: 62 349952
Buffer size: 63 252001
Download Time: 318748
Chunk bitrate: 63 349952
Buffer size: 64 256001
Download Time: 322542
Chunk bitrate: 64 600000
Buffer size: 64 260001
Chunk bitrate: 64 600000
Buffer size: 65 260001
[00007f48b4003378] ps mux: Close
[00007f48b408ffb8] idummy demux: command `quit'
[00000000014311e8] [cli] lua interface error: Error loading script /home/cs244/vlc/share/lua/intf/cli.luac: lua/intf/modules/host.lua:286: Interrupted.
