[0000000000d9a1e8] core interface error: no suitable interface module
[0000000000cd1338] core libvlc error: interface "globalhotkeys,none" initialization failed
[0000000000d9a1e8] dbus interface error: Failed to connect to the D-Bus session daemon: Unable to autolaunch a dbus-daemon without a $DISPLAY for X11
[0000000000d9a1e8] core interface error: no suitable interface module
[0000000000cd1338] core libvlc error: interface "dbus,none" initialization failed
[0000000000cd1338] core libvlc: Running vlc with the default interface. Use 'cvlc' to use vlc without interface.
[0000000000d9a1e8] qt interface error: Could not connect to X server
[0000000000d9a1e8] skins2 interface error: cannot initialize OSFactory
[0000000000d9a1e8] [cli] lua interface: Listening on host "*console".
VLC media player 3.0.0-git Vetinari
Command Line Interface initialized. Type `help' for help.
> [00007f06c4003378] ps mux: Open
making a DASHManager
new ratebased adaptionlogic
Chunk bitrate: 0 349952
Buffer size: 0 0
Chunk bitrate: 0 349952
Buffer size: 0 0
[00007f06c40278f8] mp4 demux: Fragment sequence discontinuity detected 0 != 2
Download Time: 912805
[00007f06c4018198] mp4 demux: Fragment sequence discontinuity detected 0 != 2
Startup Time: 1050000
Chunk bitrate: 0 349952
Buffer size: 1 4001
Download Time: 813512
Chunk bitrate: 1 349952
Buffer size: 2 8001
Download Time: 618958
Chunk bitrate: 2 349952
Buffer size: 3 12001
Download Time: 752971
Chunk bitrate: 3 600000
Buffer size: 3 16001
Chunk bitrate: 3 600000
Buffer size: 4 16001
Download Time: 945644
Chunk bitrate: 4 600000
Buffer size: 5 20001
Download Time: 1301886
Chunk bitrate: 5 349952
Buffer size: 5 24001
Chunk bitrate: 5 349952
Buffer size: 6 24001
Download Time: 650944
Chunk bitrate: 6 349952
Buffer size: 7 28001
Download Time: 779678
Chunk bitrate: 7 600000
Buffer size: 7 32001
Chunk bitrate: 7 600000
Buffer size: 8 32001
Download Time: 1072392
Chunk bitrate: 8 349952
Buffer size: 8 36001
Chunk bitrate: 8 349952
Buffer size: 9 36001
Download Time: 651573
Chunk bitrate: 9 600000
Buffer size: 9 40001
Chunk bitrate: 9 600000
Buffer size: 10 40001
Download Time: 1560947
Chunk bitrate: 10 349952
Buffer size: 10 44001
Chunk bitrate: 10 349952
Buffer size: 11 44001
Download Time: 878932
Chunk bitrate: 11 349952
Buffer size: 12 48001
Download Time: 845528
Chunk bitrate: 12 349952
Buffer size: 13 52001
Download Time: 1243293
Chunk bitrate: 13 600000
Buffer size: 13 56001
Chunk bitrate: 13 600000
Buffer size: 14 56001
Download Time: 1301023
Download Time: 260703
Chunk bitrate: 14 600000
Buffer size: 15 60001
Download Time: 1241730
Chunk bitrate: 15 349952
Buffer size: 15 64001
Chunk bitrate: 15 349952
Buffer size: 16 64001
Download Time: 976147
Chunk bitrate: 16 349952
Buffer size: 17 68001
Download Time: 585145
Chunk bitrate: 17 600000
Buffer size: 17 72001
Chunk bitrate: 17 600000
Buffer size: 18 72001
Download Time: 1230499
Chunk bitrate: 18 600000
Buffer size: 19 76001
Download Time: 977605
Chunk bitrate: 19 349952
Buffer size: 19 80001
Chunk bitrate: 19 349952
Buffer size: 20 80001
Download Time: 880636
Chunk bitrate: 20 349952
Buffer size: 21 84001
Download Time: 717365
Chunk bitrate: 21 1000000
Buffer size: 21 88001
Chunk bitrate: 21 1000000
Buffer size: 22 88001
Download Time: 1564758
Chunk bitrate: 22 600000
Buffer size: 22 92001
Chunk bitrate: 22 600000
Buffer size: 23 92001
Download Time: 1370053
Chunk bitrate: 23 349952
Buffer size: 23 96001
Chunk bitrate: 23 349952
Buffer size: 24 96001
Download Time: 979086
Chunk bitrate: 24 600000
Buffer size: 24 100001
Chunk bitrate: 24 600000
Buffer size: 25 100001
Download Time: 979548
Chunk bitrate: 25 349952
Buffer size: 25 104001
Chunk bitrate: 25 349952
Buffer size: 26 104001
Download Time: 1105743
Chunk bitrate: 26 600000
Buffer size: 26 108001
Chunk bitrate: 26 600000
Buffer size: 27 108001
Download Time: 882350
[00007f06c4003378] core mux error: cannot add this stream
[00007f06c40bbd58] core decoder error: cannot create packetizer output (h264)
Chunk bitrate: 27 349952
Buffer size: 27 112001
Chunk bitrate: 27 349952
Buffer size: 28 112001
Download Time: 686316
[00007f06c4003378] core mux error: cannot add this stream
[00007f06c40c2208] core decoder error: cannot create packetizer output (h264)
Chunk bitrate: 28 600000
Buffer size: 28 116001
Chunk bitrate: 28 600000
Buffer size: 29 116001
Download Time: 1306837
[00007f06c4003378] core mux error: cannot add this stream
[00007f06c40ec648] core decoder error: cannot create packetizer output (h264)
Chunk bitrate: 29 600000
Buffer size: 30 120001
Download Time: 814404
Chunk bitrate: 30 600000
Buffer size: 31 124001
Download Time: 918188
Chunk bitrate: 31 600000
Buffer size: 32 128001
Download Time: 1300532
Chunk bitrate: 32 600000
Buffer size: 33 132001
Download Time: 975654
Chunk bitrate: 33 349952
Buffer size: 33 136001
Chunk bitrate: 33 349952
Buffer size: 34 136001
Download Time: 813975
[00007f06c4003378] core mux error: cannot add this stream
[00007f06c40c9da8] core decoder error: cannot create packetizer output (h264)
Chunk bitrate: 34 349952
Buffer size: 35 140001
Download Time: 813641
Chunk bitrate: 35 349952
Buffer size: 36 144001
Download Time: 716090
Chunk bitrate: 36 600000
Buffer size: 36 148001
Chunk bitrate: 36 600000
Buffer size: 37 148001
Download Time: 1113395
[00007f06c4003378] core mux error: cannot add this stream
[00007f06c40f5e88] core decoder error: cannot create packetizer output (h264)
Chunk bitrate: 37 349952
Buffer size: 37 152001
Chunk bitrate: 37 349952
Buffer size: 38 152001
Download Time: 781737
[00007f06c4003378] core mux error: cannot add this stream
[00007f06c40bd848] core decoder error: cannot create packetizer output (h264)
Chunk bitrate: 38 1000000
Buffer size: 38 156001
Chunk bitrate: 38 1000000
Buffer size: 39 156001
Download Time: 1664173
[00007f06c4003378] core mux error: cannot add this stream
[00007f06c408d028] core decoder error: cannot create packetizer output (h264)
Chunk bitrate: 39 349952
Buffer size: 39 160001
Chunk bitrate: 39 349952
Buffer size: 40 160001
Download Time: 816293
[00007f06c4003378] core mux error: cannot add this stream
[00007f06c40dc168] core decoder error: cannot create packetizer output (h264)
Chunk bitrate: 40 349952
Buffer size: 41 164001
Download Time: 845368
Chunk bitrate: 41 349952
Buffer size: 42 168001
Download Time: 1107986
Chunk bitrate: 42 349952
Buffer size: 43 172001
Download Time: 687274
Chunk bitrate: 43 349952
Buffer size: 44 176001
Download Time: 838390
Chunk bitrate: 44 349952
Buffer size: 45 180001
Download Time: 711934
Chunk bitrate: 45 600000
Buffer size: 45 184001
Chunk bitrate: 45 600000
Buffer size: 46 184001
Download Time: 1170466
[00007f06c4003378] core mux error: cannot add this stream
[00007f06c410c728] core decoder error: cannot create packetizer output (h264)
Chunk bitrate: 46 600000
Buffer size: 47 188001
Download Time: 911676
Chunk bitrate: 47 349952
Buffer size: 47 192001
Chunk bitrate: 47 349952
Buffer size: 48 192001
Download Time: 713135
[00007f06c4003378] core mux error: cannot add this stream
[00007f06c40e55c8] core decoder error: cannot create packetizer output (h264)
Chunk bitrate: 48 600000
Buffer size: 48 196001
Chunk bitrate: 48 600000
Buffer size: 49 196001
Download Time: 1198869
[00007f06c4003378] core mux error: cannot add this stream
[00007f06c4113268] core decoder error: cannot create packetizer output (h264)
Chunk bitrate: 49 349952
Buffer size: 49 200001
Chunk bitrate: 49 349952
Buffer size: 50 200001
Download Time: 1067401
[00007f06c4003378] core mux error: cannot add this stream
[00007f06c40ece48] core decoder error: cannot create packetizer output (h264)
Chunk bitrate: 50 349952
Buffer size: 51 204001
Download Time: 577149
Chunk bitrate: 51 349952
Buffer size: 52 208001
Download Time: 750599
Chunk bitrate: 52 349952
Buffer size: 53 212001
Download Time: 747865
Chunk bitrate: 53 349952
Buffer size: 54 216001
Download Time: 879010
Chunk bitrate: 54 349952
Buffer size: 55 220001
Download Time: 1170905
Chunk bitrate: 55 349952
Buffer size: 56 224001
Download Time: 740899
Chunk bitrate: 56 600000
Buffer size: 56 228001
Chunk bitrate: 56 600000
Buffer size: 57 228001
Download Time: 806457
[00007f06c4003378] core mux error: cannot add this stream
[00007f06c410c378] core decoder error: cannot create packetizer output (h264)
Chunk bitrate: 57 600000
Buffer size: 58 232001
Download Time: 963577
Chunk bitrate: 58 600000
Buffer size: 59 236001
Download Time: 1824976
Chunk bitrate: 59 349952
Buffer size: 59 240001
Chunk bitrate: 59 349952
Buffer size: 60 240001
Download Time: 741550
[00007f06c4003378] core mux error: cannot add this stream
[00007f06c4103a48] core decoder error: cannot create packetizer output (h264)
Chunk bitrate: 60 600000
Buffer size: 60 244001
Chunk bitrate: 60 600000
Buffer size: 61 244001
Download Time: 1037843
[00007f06c4003378] core mux error: cannot add this stream
[00007f06c412bbb8] core decoder error: cannot create packetizer output (h264)
Chunk bitrate: 61 600000
Buffer size: 62 248001
Download Time: 457805
Chunk bitrate: 62 600000
Buffer size: 63 252001
Download Time: 394250
Chunk bitrate: 63 349952
Buffer size: 63 256001
Chunk bitrate: 63 349952
Buffer size: 64 256001
Download Time: 329042
[00007f06c4003378] core mux error: cannot add this stream
[00007f06c406e358] core decoder error: cannot create packetizer output (h264)
Chunk bitrate: 64 600000
Buffer size: 64 260001
Chunk bitrate: 64 600000
Buffer size: 65 260001
[00007f06c4003378] ps mux: Close
[00007f06c0000e98] idummy demux: command `quit'
[0000000000d9a1e8] [cli] lua interface error: Error loading script /home/cs244/vlc/share/lua/intf/cli.luac: lua/intf/modules/host.lua:286: Interrupted.
