[000000000184a1a8] core interface error: no suitable interface module
[0000000001781338] core libvlc error: interface "globalhotkeys,none" initialization failed
[000000000184a1a8] dbus interface error: Failed to connect to the D-Bus session daemon: Unable to autolaunch a dbus-daemon without a $DISPLAY for X11
[000000000184a1a8] core interface error: no suitable interface module
[0000000001781338] core libvlc error: interface "dbus,none" initialization failed
[0000000001781338] core libvlc: Running vlc with the default interface. Use 'cvlc' to use vlc without interface.
[000000000184a1a8] qt interface error: Could not connect to X server
[000000000184a1a8] skins2 interface error: cannot initialize OSFactory
[000000000184a1a8] [cli] lua interface: Listening on host "*console".
VLC media player 3.0.0-git Vetinari
Command Line Interface initialized. Type `help' for help.
> [00007f38fc003378] ps mux: Open
making a DASHManager
new ratebased adaptionlogic
Chunk bitrate: 0 349952
Buffer size: 0 0
Chunk bitrate: 0 349952
Buffer size: 0 0
[00007f38fc024a78] mp4 demux: Fragment sequence discontinuity detected 0 != 2
Download Time: 614864
[00007f38fc023508] mp4 demux: Fragment sequence discontinuity detected 0 != 2
Startup Time: 1050000
Chunk bitrate: 0 349952
Buffer size: 1 4001
Download Time: 553278
Chunk bitrate: 1 349952
Buffer size: 2 8001
Download Time: 520678
Chunk bitrate: 2 600000
Buffer size: 2 12001
Chunk bitrate: 2 600000
Buffer size: 3 12001
Download Time: 1203147
Chunk bitrate: 3 600000
Buffer size: 4 16001
Download Time: 618066
Chunk bitrate: 4 600000
Buffer size: 5 20001
Download Time: 1206416
Chunk bitrate: 5 1000000
Buffer size: 5 24001
Chunk bitrate: 5 1000000
Buffer size: 6 24001
Download Time: 877735
Chunk bitrate: 6 1000000
Buffer size: 7 28001
Download Time: 1072937
Chunk bitrate: 7 600000
Buffer size: 7 32001
Chunk bitrate: 7 600000
Buffer size: 8 32001
Download Time: 687328
Chunk bitrate: 8 600000
Buffer size: 9 36001
Download Time: 845363
Chunk bitrate: 9 1000000
Buffer size: 9 40001
Chunk bitrate: 9 1000000
Buffer size: 10 40001
Download Time: 1008543
Chunk bitrate: 10 600000
Buffer size: 10 44001
Chunk bitrate: 10 600000
Buffer size: 11 44001
Download Time: 1204689
Chunk bitrate: 11 600000
Buffer size: 12 48001
Download Time: 778741
Chunk bitrate: 12 1000000
Buffer size: 12 52001
Chunk bitrate: 12 1000000
Buffer size: 13 52001
Download Time: 1140429
Chunk bitrate: 13 600000
Buffer size: 13 56001
Chunk bitrate: 13 600000
Buffer size: 14 56001
Download Time: 750560
Chunk bitrate: 14 1000000
Buffer size: 14 60001
Chunk bitrate: 14 1000000
Buffer size: 15 60001
Download Time: 1139647
Chunk bitrate: 15 1000000
Buffer size: 16 64001
Download Time: 1529714
Chunk bitrate: 16 600000
Buffer size: 16 68001
Chunk bitrate: 16 600000
Buffer size: 17 68001
Download Time: 619793
Chunk bitrate: 17 349952
Buffer size: 17 72001
Chunk bitrate: 17 349952
Buffer size: 18 72001
Download Time: 421050
Chunk bitrate: 18 1000000
Buffer size: 18 76001
Chunk bitrate: 18 1000000
Buffer size: 19 76001
Download Time: 1862699
Chunk bitrate: 19 349952
Buffer size: 19 80001
Chunk bitrate: 19 349952
Buffer size: 20 80001
Download Time: 567331
Chunk bitrate: 20 600000
Buffer size: 20 84001
Chunk bitrate: 20 600000
Buffer size: 21 84001
Download Time: 1019561
Chunk bitrate: 21 349952
Buffer size: 21 88001
Chunk bitrate: 21 349952
Buffer size: 22 88001
Download Time: 524901
Chunk bitrate: 22 600000
Buffer size: 22 92001
Chunk bitrate: 22 600000
Buffer size: 23 92001
Download Time: 1019402
Chunk bitrate: 23 600000
Buffer size: 24 96001
Download Time: 1224330
Chunk bitrate: 24 349952
Buffer size: 24 100001
Chunk bitrate: 24 349952
Buffer size: 25 100001
Download Time: 1142688
[00007f38fc003378] core mux error: cannot add this stream
[00007f38fc0c4718] core decoder error: cannot create packetizer output (h264)
Chunk bitrate: 25 600000
Buffer size: 25 104001
Chunk bitrate: 25 600000
Buffer size: 26 104001
Download Time: 934407
[00007f38fc003378] core mux error: cannot add this stream
[00007f38fc0d1c68] core decoder error: cannot create packetizer output (h264)
Chunk bitrate: 26 1000000
Buffer size: 26 108001
Chunk bitrate: 26 1000000
Buffer size: 27 108001
Download Time: 815290
[00007f38fc003378] core mux error: cannot add this stream
[00007f38fc096f38] core decoder error: cannot create packetizer output (h264)
Chunk bitrate: 27 600000
Buffer size: 27 112001
Chunk bitrate: 27 600000
Buffer size: 28 112001
Download Time: 1053718
[00007f38fc003378] core mux error: cannot add this stream
[00007f38fc0ddad8] core decoder error: cannot create packetizer output (h264)
Chunk bitrate: 28 600000
Buffer size: 29 116001
Download Time: 1056683
Chunk bitrate: 29 349952
Buffer size: 29 120001
Chunk bitrate: 29 349952
Buffer size: 30 120001
Download Time: 692092
[00007f38fc003378] core mux error: cannot add this stream
[00007f38fc04fb78] core decoder error: cannot create packetizer output (h264)
Chunk bitrate: 30 600000
Buffer size: 30 124001
Chunk bitrate: 30 600000
Buffer size: 31 124001
Download Time: 1181395
[00007f38fc003378] core mux error: cannot add this stream
[00007f38fc0817c8] core decoder error: cannot create packetizer output (h264)
Chunk bitrate: 31 600000
Buffer size: 32 128001
Download Time: 2525178
Chunk bitrate: 32 600000
Buffer size: 33 132001
Download Time: 853343
Chunk bitrate: 33 600000
Buffer size: 34 136001
Download Time: 895513
Chunk bitrate: 34 600000
Buffer size: 35 140001
Download Time: 976822
Chunk bitrate: 35 600000
Buffer size: 36 144001
Download Time: 893896
Chunk bitrate: 36 1000000
Buffer size: 36 148001
Chunk bitrate: 36 1000000
Buffer size: 37 148001
Download Time: 1668817
[00007f38fc003378] core mux error: cannot add this stream
[00007f38fc0cffb8] core decoder error: cannot create packetizer output (h264)
Chunk bitrate: 37 600000
Buffer size: 37 152001
Chunk bitrate: 37 600000
Buffer size: 38 152001
Download Time: 1185179
[00007f38fc003378] core mux error: cannot add this stream
[00007f38fc0fade8] core decoder error: cannot create packetizer output (h264)
Chunk bitrate: 38 1000000
Buffer size: 38 156001
Chunk bitrate: 38 1000000
Buffer size: 39 156001
Download Time: 1104775
[00007f38fc003378] core mux error: cannot add this stream
[00007f38fc126128] core decoder error: cannot create packetizer output (h264)
Chunk bitrate: 39 349952
Buffer size: 39 160001
Chunk bitrate: 39 349952
Buffer size: 40 160001
Download Time: 1385423
[00007f38fc003378] core mux error: cannot add this stream
[00007f38fc083878] core decoder error: cannot create packetizer output (h264)
Chunk bitrate: 40 349952
Buffer size: 41 164001
Download Time: 571667
Chunk bitrate: 41 600000
Buffer size: 41 168001
Chunk bitrate: 41 600000
Buffer size: 42 168001
Download Time: 2402986
[00007f38fc003378] core mux error: cannot add this stream
[00007f38fc102e58] core decoder error: cannot create packetizer output (h264)
Chunk bitrate: 42 349952
Buffer size: 42 172001
Chunk bitrate: 42 349952
Buffer size: 43 172001
Download Time: 931131
[00007f38fc003378] core mux error: cannot add this stream
[00007f38fc0e6a08] core decoder error: cannot create packetizer output (h264)
Chunk bitrate: 43 349952
Buffer size: 44 176001
Download Time: 939816
Chunk bitrate: 44 349952
Buffer size: 45 180001
Download Time: 812803
Chunk bitrate: 45 600000
Buffer size: 45 184001
Chunk bitrate: 45 600000
Buffer size: 46 184001
Download Time: 1143569
[00007f38fc003378] core mux error: cannot add this stream
[00007f38fc112758] core decoder error: cannot create packetizer output (h264)
Chunk bitrate: 46 600000
Buffer size: 47 188001
Download Time: 859397
Chunk bitrate: 47 600000
Buffer size: 48 192001
Download Time: 1183061
Chunk bitrate: 48 349952
Buffer size: 48 196001
Chunk bitrate: 48 349952
Buffer size: 49 196001
Download Time: 1751561
[00007f38fc003378] core mux error: cannot add this stream
[00007f38fc055328] core decoder error: cannot create packetizer output (h264)
Chunk bitrate: 49 600000
Buffer size: 49 200001
Chunk bitrate: 49 600000
Buffer size: 50 200001
Download Time: 1629240
[00007f38fc003378] core mux error: cannot add this stream
[00007f38fc114f48] core decoder error: cannot create packetizer output (h264)
Chunk bitrate: 50 349952
Buffer size: 50 204001
Chunk bitrate: 50 349952
Buffer size: 51 204001
Download Time: 366519
[00007f38fc003378] core mux error: cannot add this stream
[00007f38fc0ec908] core decoder error: cannot create packetizer output (h264)
Chunk bitrate: 51 1000000
Buffer size: 51 208001
Chunk bitrate: 51 1000000
Buffer size: 52 208001
Download Time: 1100225
[00007f38fc003378] core mux error: cannot add this stream
[00007f38fc0ab688] core decoder error: cannot create packetizer output (h264)
Chunk bitrate: 52 1000000
Buffer size: 53 212001
Download Time: 1138707
Chunk bitrate: 53 600000
Buffer size: 53 216001
Chunk bitrate: 53 600000
Buffer size: 54 216001
Download Time: 977899
[00007f38fc003378] core mux error: cannot add this stream
[00007f38fc11d1d8] core decoder error: cannot create packetizer output (h264)
Chunk bitrate: 54 600000
Buffer size: 55 220001
Download Time: 1101589
Chunk bitrate: 55 349952
Buffer size: 55 224001
Chunk bitrate: 55 349952
Buffer size: 56 224001
Download Time: 694337
[00007f38fc003378] core mux error: cannot add this stream
[00007f38fc1050d8] core decoder error: cannot create packetizer output (h264)
Chunk bitrate: 56 349952
Buffer size: 57 228001
Download Time: 688787
Chunk bitrate: 57 600000
Buffer size: 57 232001
Chunk bitrate: 57 600000
Buffer size: 58 232001
Download Time: 409183
[00007f38fc003378] core mux error: cannot add this stream
[00007f38fc101df8] core decoder error: cannot create packetizer output (h264)
Chunk bitrate: 58 600000
Buffer size: 59 236001
Download Time: 1465708
Chunk bitrate: 59 349952
Buffer size: 59 240001
Chunk bitrate: 59 349952
Buffer size: 60 240001
Download Time: 613910
[00007f38fc003378] core mux error: cannot add this stream
[00007f38fc10e2a8] core decoder error: cannot create packetizer output (h264)
Chunk bitrate: 60 349952
Buffer size: 61 244001
Download Time: 856497
Chunk bitrate: 61 600000
Buffer size: 61 248001
Chunk bitrate: 61 600000
Buffer size: 62 248001
Download Time: 488193
[00007f38fc003378] core mux error: cannot add this stream
[00007f38fc0ff428] core decoder error: cannot create packetizer output (h264)
Chunk bitrate: 62 600000
Buffer size: 63 252001
Download Time: 443412
Chunk bitrate: 63 349952
Buffer size: 63 256001
Chunk bitrate: 63 349952
Buffer size: 64 256001
Download Time: 530712
[00007f38fc003378] core mux error: cannot add this stream
[00007f38fc0ec328] core decoder error: cannot create packetizer output (h264)
Chunk bitrate: 64 1000000
Buffer size: 64 260001
Chunk bitrate: 64 1000000
Buffer size: 65 260001
[00007f38fc003378] ps mux: Close
[00007f38f8001558] idummy demux: command `quit'
[000000000184a1a8] [cli] lua interface error: Error loading script /home/cs244/vlc/share/lua/intf/cli.luac: lua/intf/modules/host.lua:286: Interrupted.
