[0000000000beb1a8] core interface error: no suitable interface module
[0000000000b22338] core libvlc error: interface "globalhotkeys,none" initialization failed
[0000000000beb1a8] dbus interface error: Failed to connect to the D-Bus session daemon: Unable to autolaunch a dbus-daemon without a $DISPLAY for X11
[0000000000beb1a8] core interface error: no suitable interface module
[0000000000b22338] core libvlc error: interface "dbus,none" initialization failed
[0000000000b22338] core libvlc: Running vlc with the default interface. Use 'cvlc' to use vlc without interface.
[0000000000beb1a8] qt interface error: Could not connect to X server
[0000000000beb1a8] skins2 interface error: cannot initialize OSFactory
[0000000000beb1a8] [cli] lua interface: Listening on host "*console".
VLC media player 3.0.0-git Vetinari
Command Line Interface initialized. Type `help' for help.
> [00007f4160003378] ps mux: Open
making a DASHManager
new ratebased adaptionlogic
Chunk bitrate: 0 349952
Buffer size: 0 0
Chunk bitrate: 0 349952
Buffer size: 0 0
[00007f416001a278] mp4 demux: Fragment sequence discontinuity detected 0 != 2
Download Time: 897089
[00007f4160026018] mp4 demux: Fragment sequence discontinuity detected 0 != 2
Startup Time: 1050000
Chunk bitrate: 0 600000
Buffer size: 0 4001
Chunk bitrate: 0 600000
Buffer size: 1 4001
Download Time: 939141
Chunk bitrate: 1 349952
Buffer size: 1 8001
Chunk bitrate: 1 349952
Buffer size: 2 8001
Download Time: 2043339
Download Time: 571246
Chunk bitrate: 2 349952
Buffer size: 3 12001
Download Time: 565812
Chunk bitrate: 3 600000
Buffer size: 3 16001
Chunk bitrate: 3 600000
Buffer size: 4 16001
Download Time: 486759
Chunk bitrate: 4 1000000
Buffer size: 4 20001
Chunk bitrate: 4 1000000
Buffer size: 5 20001
Download Time: 1509163
Chunk bitrate: 5 1000000
Buffer size: 6 24001
Download Time: 2072791
Chunk bitrate: 6 349952
Buffer size: 6 28001
Chunk bitrate: 6 349952
Buffer size: 7 28001
Download Time: 446691
Chunk bitrate: 7 600000
Buffer size: 7 32001
Chunk bitrate: 7 600000
Buffer size: 8 32001
Download Time: 1017179
Chunk bitrate: 8 349952
Buffer size: 8 36001
Chunk bitrate: 8 349952
Buffer size: 9 36001
Download Time: 1019613
Chunk bitrate: 9 349952
Buffer size: 10 40001
Download Time: 612238
Chunk bitrate: 10 1000000
Buffer size: 10 44001
Chunk bitrate: 10 1000000
Buffer size: 11 44001
Download Time: 1261207
Chunk bitrate: 11 349952
Buffer size: 11 48001
Chunk bitrate: 11 349952
Buffer size: 12 48001
Download Time: 652309
Chunk bitrate: 12 600000
Buffer size: 12 52001
Chunk bitrate: 12 600000
Buffer size: 13 52001
Download Time: 1220640
Chunk bitrate: 13 349952
Buffer size: 13 56001
Chunk bitrate: 13 349952
Buffer size: 14 56001
Download Time: 643774
Chunk bitrate: 14 600000
Buffer size: 14 60001
Chunk bitrate: 14 600000
Buffer size: 15 60001
Download Time: 770510
Chunk bitrate: 15 600000
Buffer size: 16 64001
Download Time: 973195
Chunk bitrate: 16 600000
Buffer size: 17 68001
Download Time: 1545743
Chunk bitrate: 17 349952
Buffer size: 17 72001
Chunk bitrate: 17 349952
Buffer size: 18 72001
Download Time: 775358
Chunk bitrate: 18 600000
Buffer size: 18 76001
Chunk bitrate: 18 600000
Buffer size: 19 76001
Download Time: 937122
Chunk bitrate: 19 349952
Buffer size: 19 80001
Chunk bitrate: 19 349952
Buffer size: 20 80001
Download Time: 770661
Chunk bitrate: 20 600000
Buffer size: 20 84001
Chunk bitrate: 20 600000
Buffer size: 21 84001
Download Time: 736510
[00007f4160003378] core mux error: cannot add this stream
[00007f416009a1d8] core decoder error: cannot create packetizer output (h264)
Chunk bitrate: 21 1000000
Buffer size: 21 88001
Chunk bitrate: 21 1000000
Buffer size: 22 88001
Download Time: 1309354
[00007f4160003378] core mux error: cannot add this stream
[00007f41600fcff8] core decoder error: cannot create packetizer output (h264)
Chunk bitrate: 22 600000
Buffer size: 22 92001
Chunk bitrate: 22 600000
Buffer size: 23 92001
Download Time: 1586879
[00007f4160003378] core mux error: cannot add this stream
[00007f41600e3a88] core decoder error: cannot create packetizer output (h264)
Chunk bitrate: 23 600000
Buffer size: 24 96001
Download Time: 1099644
Chunk bitrate: 24 600000
Buffer size: 25 100001
Download Time: 1502956
Chunk bitrate: 25 349952
Buffer size: 25 104001
Chunk bitrate: 25 349952
Buffer size: 26 104001
Download Time: 732111
[00007f4160003378] core mux error: cannot add this stream
[00007f416008e718] core decoder error: cannot create packetizer output (h264)
Chunk bitrate: 26 1000000
Buffer size: 26 108001
Chunk bitrate: 26 1000000
Buffer size: 27 108001
Download Time: 1141212
[00007f4160003378] core mux error: cannot add this stream
[00007f41600dbe78] core decoder error: cannot create packetizer output (h264)
Chunk bitrate: 27 349952
Buffer size: 27 112001
Chunk bitrate: 27 349952
Buffer size: 28 112001
Download Time: 891441
[00007f4160003378] core mux error: cannot add this stream
[00007f41600c7158] core decoder error: cannot create packetizer output (h264)
Chunk bitrate: 28 600000
Buffer size: 28 116001
Chunk bitrate: 28 600000
Buffer size: 29 116001
Download Time: 1340564
[00007f4160003378] core mux error: cannot add this stream
[00007f41600f17b8] core decoder error: cannot create packetizer output (h264)
Chunk bitrate: 29 349952
Buffer size: 29 120001
Chunk bitrate: 29 349952
Buffer size: 30 120001
Download Time: 649695
[00007f4160003378] core mux error: cannot add this stream
[00007f41600ae5e8] core decoder error: cannot create packetizer output (h264)
Chunk bitrate: 30 349952
Buffer size: 31 124001
Download Time: 1225006
Chunk bitrate: 31 349952
Buffer size: 32 128001
Download Time: 770437
Chunk bitrate: 32 600000
Buffer size: 32 132001
Chunk bitrate: 32 600000
Buffer size: 33 132001
Download Time: 1218579
[00007f4160003378] core mux error: cannot add this stream
[00007f41600eeb78] core decoder error: cannot create packetizer output (h264)
Chunk bitrate: 33 600000
Buffer size: 34 136001
Download Time: 855085
Chunk bitrate: 34 600000
Buffer size: 35 140001
Download Time: 1265849
Chunk bitrate: 35 600000
Buffer size: 36 144001
Download Time: 1135029
Chunk bitrate: 36 600000
Buffer size: 37 148001
Download Time: 898920
Chunk bitrate: 37 349952
Buffer size: 37 152001
Chunk bitrate: 37 349952
Buffer size: 38 152001
Download Time: 1259076
[00007f4160003378] core mux error: cannot add this stream
[00007f41600dfd88] core decoder error: cannot create packetizer output (h264)
Chunk bitrate: 38 600000
Buffer size: 38 156001
Chunk bitrate: 38 600000
Buffer size: 39 156001
Download Time: 733586
[00007f4160003378] core mux error: cannot add this stream
[00007f41600f6cc8] core decoder error: cannot create packetizer output (h264)
Chunk bitrate: 39 1000000
Buffer size: 39 160001
Chunk bitrate: 39 1000000
Buffer size: 40 160001
Download Time: 1464492
[00007f4160003378] core mux error: cannot add this stream
[00007f4160118b58] core decoder error: cannot create packetizer output (h264)
Chunk bitrate: 40 600000
Buffer size: 40 164001
Chunk bitrate: 40 600000
Buffer size: 41 164001
Download Time: 1672461
[00007f4160003378] core mux error: cannot add this stream
[00007f416010f668] core decoder error: cannot create packetizer output (h264)
Chunk bitrate: 41 1000000
Buffer size: 41 168001
Chunk bitrate: 41 1000000
Buffer size: 42 168001
Download Time: 1093515
[00007f4160003378] core mux error: cannot add this stream
[00007f4160138028] core decoder error: cannot create packetizer output (h264)
Chunk bitrate: 42 600000
Buffer size: 42 172001
Chunk bitrate: 42 600000
Buffer size: 43 172001
Download Time: 1049149
[00007f4160003378] core mux error: cannot add this stream
[00007f41600fad78] core decoder error: cannot create packetizer output (h264)
Chunk bitrate: 43 349952
Buffer size: 43 176001
Chunk bitrate: 43 349952
Buffer size: 44 176001
Download Time: 730979
[00007f4160003378] core mux error: cannot add this stream
[00007f41600e3408] core decoder error: cannot create packetizer output (h264)
Chunk bitrate: 44 1000000
Buffer size: 44 180001
Chunk bitrate: 44 1000000
Buffer size: 45 180001
Download Time: 2160433
[00007f4160003378] core mux error: cannot add this stream
[00007f4160141b58] core decoder error: cannot create packetizer output (h264)
Chunk bitrate: 45 349952
Buffer size: 45 184001
Chunk bitrate: 45 349952
Buffer size: 46 184001
Download Time: 940249
[00007f4160003378] core mux error: cannot add this stream
[00007f4160114db8] core decoder error: cannot create packetizer output (h264)
Chunk bitrate: 46 349952
Buffer size: 47 188001
Download Time: 1227451
Chunk bitrate: 47 600000
Buffer size: 47 192001
Chunk bitrate: 47 600000
Buffer size: 48 192001
Download Time: 773778
[00007f4160003378] core mux error: cannot add this stream
[00007f41600d0a18] core decoder error: cannot create packetizer output (h264)
Chunk bitrate: 48 600000
Buffer size: 49 196001
Download Time: 1782969
Chunk bitrate: 49 600000
Buffer size: 50 200001
Download Time: 933776
Chunk bitrate: 50 600000
Buffer size: 51 204001
Download Time: 1913003
Chunk bitrate: 51 600000
Buffer size: 52 208001
Download Time: 2273201
Chunk bitrate: 52 600000
Buffer size: 53 212001
Download Time: 771114
Chunk bitrate: 53 600000
Buffer size: 54 216001
Download Time: 1057336
Chunk bitrate: 54 600000
Buffer size: 55 220001
Download Time: 858811
Chunk bitrate: 55 349952
Buffer size: 55 224001
Chunk bitrate: 55 349952
Buffer size: 56 224001
Download Time: 687508
[00007f4160003378] core mux error: cannot add this stream
[00007f41600d4718] core decoder error: cannot create packetizer output (h264)
Chunk bitrate: 56 349952
Buffer size: 57 228001
Download Time: 975404
Chunk bitrate: 57 349952
Buffer size: 58 232001
Download Time: 410065
Chunk bitrate: 58 600000
Buffer size: 58 236001
Chunk bitrate: 58 600000
Buffer size: 59 236001
Download Time: 1581456
[00007f4160003378] core mux error: cannot add this stream
[00007f41600e50b8] core decoder error: cannot create packetizer output (h264)
Chunk bitrate: 59 1000000
Buffer size: 59 240001
Chunk bitrate: 59 1000000
Buffer size: 60 240001
Download Time: 1944110
[00007f4160003378] core mux error: cannot add this stream
[00007f4160143748] core decoder error: cannot create packetizer output (h264)
Chunk bitrate: 60 349952
Buffer size: 60 244001
Chunk bitrate: 60 349952
Buffer size: 61 244001
Download Time: 575867
[00007f4160003378] core mux error: cannot add this stream
[00007f41600ff138] core decoder error: cannot create packetizer output (h264)
Chunk bitrate: 61 600000
Buffer size: 61 248001
Chunk bitrate: 61 600000
Buffer size: 62 248001
Download Time: 488309
[00007f4160003378] core mux error: cannot add this stream
[00007f41600e3178] core decoder error: cannot create packetizer output (h264)
Chunk bitrate: 62 349952
Buffer size: 62 252001
Chunk bitrate: 62 349952
Buffer size: 63 252001
Download Time: 447724
[00007f4160003378] core mux error: cannot add this stream
[00007f41600d67e8] core decoder error: cannot create packetizer output (h264)
Chunk bitrate: 63 349952
Buffer size: 64 256001
Download Time: 364132
Chunk bitrate: 64 349952
Buffer size: 65 260001
[00007f4160003378] ps mux: Close
[00007f41600e2e18] idummy demux: command `quit'
[0000000000beb1a8] [cli] lua interface error: Error loading script /home/cs244/vlc/share/lua/intf/cli.luac: lua/intf/modules/host.lua:286: Interrupted.
