[0000000000fca1e8] core interface error: no suitable interface module
[0000000000f01338] core libvlc error: interface "globalhotkeys,none" initialization failed
[0000000000fca1e8] dbus interface error: Failed to connect to the D-Bus session daemon: Unable to autolaunch a dbus-daemon without a $DISPLAY for X11
[0000000000fca1e8] core interface error: no suitable interface module
[0000000000f01338] core libvlc error: interface "dbus,none" initialization failed
[0000000000f01338] core libvlc: Running vlc with the default interface. Use 'cvlc' to use vlc without interface.
[0000000000fca1e8] qt interface error: Could not connect to X server
[0000000000fca1e8] skins2 interface error: cannot initialize OSFactory
[0000000000fca1e8] [cli] lua interface: Listening on host "*console".
VLC media player 3.0.0-git Vetinari
Command Line Interface initialized. Type `help' for help.
> [00007fe0e8003378] ps mux: Open
making a DASHManager
new ratebased adaptionlogic
Chunk bitrate: 0 349952
Buffer size: 0 0
Chunk bitrate: 0 349952
Buffer size: 0 0
[00007fe0e8024be8] mp4 demux: Fragment sequence discontinuity detected 0 != 2
Download Time: 692711
[00007fe0e8017318] mp4 demux: Fragment sequence discontinuity detected 0 != 2
Startup Time: 1050000
Chunk bitrate: 0 349952
Buffer size: 1 4001
Download Time: 646649
Chunk bitrate: 1 1000000
Buffer size: 1 8001
Chunk bitrate: 1 1000000
Buffer size: 2 8001
Download Time: 1140417
Chunk bitrate: 2 349952
Buffer size: 2 12001
Chunk bitrate: 2 349952
Buffer size: 3 12001
Download Time: 852566
Chunk bitrate: 3 349952
Buffer size: 4 16001
Download Time: 651854
Chunk bitrate: 4 600000
Buffer size: 4 20001
Chunk bitrate: 4 600000
Buffer size: 5 20001
Download Time: 1261659
Chunk bitrate: 5 600000
Buffer size: 6 24001
Download Time: 568203
Chunk bitrate: 6 600000
Buffer size: 7 28001
Download Time: 810866
Chunk bitrate: 7 349952
Buffer size: 7 32001
Chunk bitrate: 7 349952
Buffer size: 8 32001
Download Time: 692081
Chunk bitrate: 8 600000
Buffer size: 8 36001
Chunk bitrate: 8 600000
Buffer size: 9 36001
Download Time: 1545352
Chunk bitrate: 9 600000
Buffer size: 10 40001
Download Time: 851131
Chunk bitrate: 10 349952
Buffer size: 10 44001
Chunk bitrate: 10 349952
Buffer size: 11 44001
Download Time: 650744
Chunk bitrate: 11 349952
Buffer size: 12 48001
Download Time: 810862
Chunk bitrate: 12 349952
Buffer size: 13 52001
Download Time: 1016022
Chunk bitrate: 13 1000000
Buffer size: 13 56001
Chunk bitrate: 13 1000000
Buffer size: 14 56001
Download Time: 1956922
Chunk bitrate: 14 349952
Buffer size: 14 60001
Chunk bitrate: 14 349952
Buffer size: 15 60001
Download Time: 610347
Chunk bitrate: 15 600000
Buffer size: 15 64001
Chunk bitrate: 15 600000
Buffer size: 16 64001
Download Time: 1913399
Chunk bitrate: 16 349952
Buffer size: 16 68001
Chunk bitrate: 16 349952
Buffer size: 17 68001
Download Time: 405901
Chunk bitrate: 17 600000
Buffer size: 17 72001
Chunk bitrate: 17 600000
Buffer size: 18 72001
Download Time: 1217094
Chunk bitrate: 18 600000
Buffer size: 19 76001
Download Time: 647393
Chunk bitrate: 19 600000
Buffer size: 20 80001
Download Time: 1177978
Chunk bitrate: 20 600000
Buffer size: 21 84001
Download Time: 696001
Chunk bitrate: 21 349952
Buffer size: 21 88001
Chunk bitrate: 21 349952
Buffer size: 22 88001
Download Time: 815850
Chunk bitrate: 22 349952
Buffer size: 23 92001
Download Time: 769624
Chunk bitrate: 23 600000
Buffer size: 23 96001
Chunk bitrate: 23 600000
Buffer size: 24 96001
Download Time: 1053735
Chunk bitrate: 24 600000
Buffer size: 25 100001
Download Time: 810206
Chunk bitrate: 25 600000
Buffer size: 26 104001
Download Time: 1382928
Chunk bitrate: 26 600000
Buffer size: 27 108001
Download Time: 977615
Chunk bitrate: 27 349952
Buffer size: 27 112001
Chunk bitrate: 27 349952
Buffer size: 28 112001
Download Time: 648726
Chunk bitrate: 28 600000
Buffer size: 28 116001
Chunk bitrate: 28 600000
Buffer size: 29 116001
Download Time: 1259478
Chunk bitrate: 29 600000
Buffer size: 30 120001
Download Time: 692975
Chunk bitrate: 30 349952
Buffer size: 30 124001
Chunk bitrate: 30 349952
Buffer size: 31 124001
Download Time: 647907
[00007fe0e8003378] core mux error: cannot add this stream
[00007fe0e80310c8] core decoder error: cannot create packetizer output (h264)
Chunk bitrate: 31 349952
Buffer size: 32 128001
Download Time: 1139888
Chunk bitrate: 32 349952
Buffer size: 33 132001
Download Time: 687881
Chunk bitrate: 33 1000000
Buffer size: 33 136001
Chunk bitrate: 33 1000000
Buffer size: 34 136001
Download Time: 2081247
[00007fe0e8003378] core mux error: cannot add this stream
[00007fe0e812d388] core decoder error: cannot create packetizer output (h264)
Chunk bitrate: 34 349952
Buffer size: 34 140001
Chunk bitrate: 34 349952
Buffer size: 35 140001
Download Time: 692818
[00007fe0e8003378] core mux error: cannot add this stream
[00007fe0e80a7a08] core decoder error: cannot create packetizer output (h264)
Chunk bitrate: 35 349952
Buffer size: 36 144001
Download Time: 2071907
Chunk bitrate: 36 1000000
Buffer size: 36 148001
Chunk bitrate: 36 1000000
Buffer size: 37 148001
Download Time: 1999518
[00007fe0e8003378] core mux error: cannot add this stream
[00007fe0e8137ab8] core decoder error: cannot create packetizer output (h264)
Chunk bitrate: 37 349952
Buffer size: 37 152001
Chunk bitrate: 37 349952
Buffer size: 38 152001
Download Time: 444489
[00007fe0e8003378] core mux error: cannot add this stream
[00007fe0e809bec8] core decoder error: cannot create packetizer output (h264)
Chunk bitrate: 38 2000000
Buffer size: 38 156001
Chunk bitrate: 38 2000000
Buffer size: 39 156001
Download Time: 2281689
[00007fe0e8003378] core mux error: cannot add this stream
[00007fe0e808dc58] core decoder error: cannot create packetizer output (h264)
Chunk bitrate: 39 600000
Buffer size: 39 160001
Chunk bitrate: 39 600000
Buffer size: 40 160001
Download Time: 1428631
[00007fe0e8003378] core mux error: cannot add this stream
[00007fe0e80ed298] core decoder error: cannot create packetizer output (h264)
Chunk bitrate: 40 349952
Buffer size: 40 164001
Chunk bitrate: 40 349952
Buffer size: 41 164001
Download Time: 690902
[00007fe0e8003378] core mux error: cannot add this stream
[00007fe0e80aa228] core decoder error: cannot create packetizer output (h264)
Chunk bitrate: 41 349952
Buffer size: 42 168001
Download Time: 693546
Chunk bitrate: 42 349952
Buffer size: 43 172001
Download Time: 571923
Chunk bitrate: 43 349952
Buffer size: 44 176001
Download Time: 1586870
Chunk bitrate: 44 600000
Buffer size: 44 180001
Chunk bitrate: 44 600000
Buffer size: 45 180001
Download Time: 813213
[00007fe0e8003378] core mux error: cannot add this stream
[00007fe0e8101b68] core decoder error: cannot create packetizer output (h264)
Chunk bitrate: 45 1000000
Buffer size: 45 184001
Chunk bitrate: 45 1000000
Buffer size: 46 184001
Download Time: 1670591
[00007fe0e8003378] core mux error: cannot add this stream
[00007fe0e813f2a8] core decoder error: cannot create packetizer output (h264)
Chunk bitrate: 46 600000
Buffer size: 46 188001
Chunk bitrate: 46 600000
Buffer size: 47 188001
Download Time: 694348
[00007fe0e8003378] core mux error: cannot add this stream
[00007fe0e81008c8] core decoder error: cannot create packetizer output (h264)
Chunk bitrate: 47 600000
Buffer size: 48 192001
Download Time: 1011969
Chunk bitrate: 48 1000000
Buffer size: 48 196001
Download Time: 204108
Chunk bitrate: 48 1000000
Buffer size: 49 196001
Download Time: 1221440
[00007fe0e8003378] core mux error: cannot add this stream
[00007fe0e814aab8] core decoder error: cannot create packetizer output (h264)
Chunk bitrate: 49 349952
Buffer size: 49 200001
Chunk bitrate: 49 349952
Buffer size: 50 200001
Download Time: 857601
[00007fe0e8003378] core mux error: cannot add this stream
[00007fe0e80f5238] core decoder error: cannot create packetizer output (h264)
Chunk bitrate: 50 349952
Buffer size: 51 204001
Download Time: 726251
Chunk bitrate: 51 600000
Buffer size: 51 208001
Chunk bitrate: 51 600000
Buffer size: 52 208001
Download Time: 932332
[00007fe0e8003378] core mux error: cannot add this stream
[00007fe0e811a7d8] core decoder error: cannot create packetizer output (h264)
Chunk bitrate: 52 600000
Buffer size: 53 212001
Download Time: 898272
Chunk bitrate: 53 349952
Buffer size: 53 216001
Download Time: 490021
Chunk bitrate: 53 349952
Buffer size: 54 216001
Download Time: 652393
[00007fe0e8003378] core mux error: cannot add this stream
[00007fe0e80f7a88] core decoder error: cannot create packetizer output (h264)
Chunk bitrate: 54 349952
Buffer size: 55 220001
Download Time: 609784
Chunk bitrate: 55 349952
Buffer size: 56 224001
Download Time: 736836
Chunk bitrate: 56 1000000
Buffer size: 56 228001
Chunk bitrate: 56 1000000
Buffer size: 57 228001
Download Time: 857064
[00007fe0e8003378] core mux error: cannot add this stream
[00007fe0e812dae8] core decoder error: cannot create packetizer output (h264)
Chunk bitrate: 57 600000
Buffer size: 57 232001
Chunk bitrate: 57 600000
Buffer size: 58 232001
Download Time: 407967
[00007fe0e8003378] core mux error: cannot add this stream
[00007fe0e802a418] core decoder error: cannot create packetizer output (h264)
Chunk bitrate: 58 600000
Buffer size: 59 236001
Download Time: 1833986
Chunk bitrate: 59 1000000
Buffer size: 59 240001
Chunk bitrate: 59 1000000
Buffer size: 60 240001
Download Time: 1181204
[00007fe0e8003378] core mux error: cannot add this stream
[00007fe0e8139498] core decoder error: cannot create packetizer output (h264)
Chunk bitrate: 60 600000
Buffer size: 60 244001
Chunk bitrate: 60 600000
Buffer size: 61 244001
Download Time: 976175
[00007fe0e8003378] core mux error: cannot add this stream
[00007fe0e8151888] core decoder error: cannot create packetizer output (h264)
Chunk bitrate: 61 600000
Buffer size: 62 248001
Download Time: 283659
Chunk bitrate: 62 600000
Buffer size: 63 252001
Download Time: 528975
Chunk bitrate: 63 600000
Buffer size: 64 256001
Download Time: 1553930
Chunk bitrate: 64 1000000
Buffer size: 64 260001
Chunk bitrate: 64 1000000
Buffer size: 65 260001
[00007fe0e8003378] ps mux: Close
[00007fe0e8024be8] idummy demux: command `quit'
[0000000000fca1e8] [cli] lua interface error: Error loading script /home/cs244/vlc/share/lua/intf/cli.luac: lua/intf/modules/host.lua:286: Interrupted.
