[00000000012ca1a8] core interface error: no suitable interface module
[0000000001201338] core libvlc error: interface "globalhotkeys,none" initialization failed
[00000000012ca1a8] dbus interface error: Failed to connect to the D-Bus session daemon: Unable to autolaunch a dbus-daemon without a $DISPLAY for X11
[00000000012ca1a8] core interface error: no suitable interface module
[0000000001201338] core libvlc error: interface "dbus,none" initialization failed
[0000000001201338] core libvlc: Running vlc with the default interface. Use 'cvlc' to use vlc without interface.
[00000000012ca1a8] qt interface error: Could not connect to X server
[00000000012ca1a8] skins2 interface error: cannot initialize OSFactory
[00007f0a14003378] ps mux: Open
[00000000012ca1a8] [cli] lua interface: Listening on host "*console".
VLC media player 3.0.0-git Vetinari
Command Line Interface initialized. Type `help' for help.
> making a DASHManager
new ratebased adaptionlogic
Chunk bitrate: 0 349952
Buffer size: 0 0
Chunk bitrate: 0 349952
Buffer size: 0 0
[00007f0a1401a798] mp4 demux: Fragment sequence discontinuity detected 0 != 2
Download Time: 1111868
[00007f0a14018bd8] mp4 demux: Fragment sequence discontinuity detected 0 != 2
Startup Time: 1050000
Chunk bitrate: 0 349952
Buffer size: 1 4001
Download Time: 717209
Chunk bitrate: 1 349952
Buffer size: 2 8001
Download Time: 749461
Chunk bitrate: 2 600000
Buffer size: 2 12001
Chunk bitrate: 2 600000
Buffer size: 3 12001
Download Time: 1429409
Chunk bitrate: 3 600000
Buffer size: 4 16001
Download Time: 942685
Chunk bitrate: 4 349952
Buffer size: 4 20001
Chunk bitrate: 4 349952
Buffer size: 5 20001
Download Time: 1367664
Chunk bitrate: 5 1000000
Buffer size: 5 24001
Chunk bitrate: 5 1000000
Buffer size: 6 24001
Download Time: 1487820
Chunk bitrate: 6 349952
Buffer size: 6 28001
Chunk bitrate: 6 349952
Buffer size: 7 28001
Download Time: 519824
Chunk bitrate: 7 349952
Buffer size: 8 32001
Download Time: 907394
Chunk bitrate: 8 600000
Buffer size: 8 36001
Chunk bitrate: 8 600000
Buffer size: 9 36001
Download Time: 1139971
Chunk bitrate: 9 349952
Buffer size: 9 40001
Chunk bitrate: 9 349952
Buffer size: 10 40001
Download Time: 971506
Chunk bitrate: 10 349952
Buffer size: 11 44001
Download Time: 809141
Chunk bitrate: 11 600000
Buffer size: 11 48001
Chunk bitrate: 11 600000
Buffer size: 12 48001
Download Time: 1302524
Chunk bitrate: 12 600000
Buffer size: 13 52001
Download Time: 813877
Chunk bitrate: 13 349952
Buffer size: 13 56001
Chunk bitrate: 13 349952
Buffer size: 14 56001
Download Time: 943108
Chunk bitrate: 14 349952
Buffer size: 15 60001
Download Time: 715940
Chunk bitrate: 15 600000
Buffer size: 15 64001
Chunk bitrate: 15 600000
Buffer size: 16 64001
Download Time: 1076261
Chunk bitrate: 16 600000
Buffer size: 17 68001
Download Time: 1396832
Chunk bitrate: 17 600000
Buffer size: 18 72001
Download Time: 1264326
Chunk bitrate: 18 600000
Buffer size: 19 76001
Download Time: 720809
Chunk bitrate: 19 600000
Buffer size: 20 80001
Download Time: 1140598
Chunk bitrate: 20 1000000
Buffer size: 20 84001
Chunk bitrate: 20 1000000
Buffer size: 21 84001
Download Time: 1201299
Chunk bitrate: 21 600000
Buffer size: 21 88001
Chunk bitrate: 21 600000
Buffer size: 22 88001
Download Time: 1428836
Chunk bitrate: 22 600000
Buffer size: 23 92001
Download Time: 1269266
Chunk bitrate: 23 349952
Buffer size: 23 96001
Chunk bitrate: 23 349952
Buffer size: 24 96001
Download Time: 936622
Chunk bitrate: 24 600000
Buffer size: 24 100001
Chunk bitrate: 24 600000
Buffer size: 25 100001
Download Time: 939174
Chunk bitrate: 25 349952
Buffer size: 25 104001
Chunk bitrate: 25 349952
Buffer size: 26 104001
Download Time: 684153
Chunk bitrate: 26 349952
Buffer size: 27 108001
Download Time: 489271
Chunk bitrate: 27 600000
Buffer size: 27 112001
Chunk bitrate: 27 600000
Buffer size: 28 112001
Download Time: 1171182
Chunk bitrate: 28 349952
Buffer size: 28 116001
Chunk bitrate: 28 349952
Buffer size: 29 116001
Download Time: 750575
[00007f0a14003378] core mux error: cannot add this stream
[00007f0a14041858] core decoder error: cannot create packetizer output (h264)
Chunk bitrate: 29 600000
Buffer size: 29 120001
Chunk bitrate: 29 600000
Buffer size: 30 120001
Download Time: 881185
[00007f0a14003378] core mux error: cannot add this stream
[00007f0a140992c8] core decoder error: cannot create packetizer output (h264)
Chunk bitrate: 30 600000
Buffer size: 31 124001
Download Time: 810524
Chunk bitrate: 31 600000
Buffer size: 32 128001
Download Time: 1167971
Chunk bitrate: 32 600000
Buffer size: 33 132001
Download Time: 1109577
Chunk bitrate: 33 349952
Buffer size: 33 136001
Chunk bitrate: 33 349952
Buffer size: 34 136001
Download Time: 709357
[00007f0a14003378] core mux error: cannot add this stream
[00007f0a140e8178] core decoder error: cannot create packetizer output (h264)
Chunk bitrate: 34 600000
Buffer size: 34 140001
Chunk bitrate: 34 600000
Buffer size: 35 140001
Download Time: 913408
[00007f0a14003378] core mux error: cannot add this stream
[00007f0a140c16e8] core decoder error: cannot create packetizer output (h264)
Chunk bitrate: 35 349952
Buffer size: 35 144001
Chunk bitrate: 35 349952
Buffer size: 36 144001
Download Time: 681223
[00007f0a14003378] core mux error: cannot add this stream
[00007f0a140c9ff8] core decoder error: cannot create packetizer output (h264)
Chunk bitrate: 36 600000
Buffer size: 36 148001
Chunk bitrate: 36 600000
Buffer size: 37 148001
Download Time: 1896675
[00007f0a14003378] core mux error: cannot add this stream
[00007f0a140f7b28] core decoder error: cannot create packetizer output (h264)
Chunk bitrate: 37 349952
Buffer size: 37 152001
Chunk bitrate: 37 349952
Buffer size: 38 152001
Download Time: 815818
[00007f0a14003378] core mux error: cannot add this stream
[00007f0a14068208] core decoder error: cannot create packetizer output (h264)
Chunk bitrate: 38 1000000
Buffer size: 38 156001
Chunk bitrate: 38 1000000
Buffer size: 39 156001
Download Time: 1763581
[00007f0a14003378] core mux error: cannot add this stream
[00007f0a14123a98] core decoder error: cannot create packetizer output (h264)
Chunk bitrate: 39 349952
Buffer size: 39 160001
Chunk bitrate: 39 349952
Buffer size: 40 160001
Download Time: 1465593
[00007f0a14003378] core mux error: cannot add this stream
[00007f0a140d4228] core decoder error: cannot create packetizer output (h264)
Chunk bitrate: 40 600000
Buffer size: 40 164001
Chunk bitrate: 40 600000
Buffer size: 41 164001
Download Time: 1106692
[00007f0a14003378] core mux error: cannot add this stream
[00007f0a1410bdb8] core decoder error: cannot create packetizer output (h264)
Chunk bitrate: 41 600000
Buffer size: 42 168001
Download Time: 1043486
Chunk bitrate: 42 349952
Buffer size: 42 172001
Chunk bitrate: 42 349952
Buffer size: 43 172001
Download Time: 651652
[00007f0a14003378] core mux error: cannot add this stream
[00007f0a140ba7c8] core decoder error: cannot create packetizer output (h264)
Chunk bitrate: 43 1000000
Buffer size: 43 176001
Chunk bitrate: 43 1000000
Buffer size: 44 176001
Download Time: 1793026
[00007f0a14003378] core mux error: cannot add this stream
[00007f0a1412adf8] core decoder error: cannot create packetizer output (h264)
Chunk bitrate: 44 600000
Buffer size: 44 180001
Chunk bitrate: 44 600000
Buffer size: 45 180001
Download Time: 1069984
[00007f0a14003378] core mux error: cannot add this stream
[00007f0a14104aa8] core decoder error: cannot create packetizer output (h264)
Chunk bitrate: 45 1000000
Buffer size: 45 184001
Chunk bitrate: 45 1000000
Buffer size: 46 184001
Download Time: 2049090
[00007f0a14003378] core mux error: cannot add this stream
[00007f0a140f6228] core decoder error: cannot create packetizer output (h264)
Chunk bitrate: 46 600000
Buffer size: 46 188001
Chunk bitrate: 46 600000
Buffer size: 47 188001
Download Time: 916686
[00007f0a14003378] core mux error: cannot add this stream
[00007f0a141066b8] core decoder error: cannot create packetizer output (h264)
Chunk bitrate: 47 600000
Buffer size: 48 192001
Download Time: 912667
Chunk bitrate: 48 600000
Buffer size: 49 196001
Download Time: 1270480
Chunk bitrate: 49 349952
Buffer size: 49 200001
Chunk bitrate: 49 349952
Buffer size: 50 200001
Download Time: 620486
[00007f0a14003378] core mux error: cannot add this stream
[00007f0a140ecaa8] core decoder error: cannot create packetizer output (h264)
Chunk bitrate: 50 349952
Buffer size: 51 204001
Download Time: 682989
Chunk bitrate: 51 349952
Buffer size: 52 208001
Download Time: 678518
Chunk bitrate: 52 349952
Buffer size: 53 212001
Download Time: 749507
Chunk bitrate: 53 349952
Buffer size: 54 216001
Download Time: 748706
Chunk bitrate: 54 349952
Buffer size: 55 220001
Download Time: 812378
Chunk bitrate: 55 349952
Buffer size: 56 224001
Download Time: 554571
Chunk bitrate: 56 600000
Buffer size: 56 228001
Chunk bitrate: 56 600000
Buffer size: 57 228001
Download Time: 2515528
[00007f0a14003378] core mux error: cannot add this stream
[00007f0a141108d8] core decoder error: cannot create packetizer output (h264)
Chunk bitrate: 57 600000
Buffer size: 58 232001
Download Time: 523276
Chunk bitrate: 58 349952
Buffer size: 58 236001
Chunk bitrate: 58 349952
Buffer size: 59 236001
Download Time: 1798200
[00007f0a14003378] core mux error: cannot add this stream
[00007f0a140f95d8] core decoder error: cannot create packetizer output (h264)
Chunk bitrate: 59 1000000
Buffer size: 59 240001
Chunk bitrate: 59 1000000
Buffer size: 60 240001
Download Time: 1402870
[00007f0a14003378] core mux error: cannot add this stream
[00007f0a14153c98] core decoder error: cannot create packetizer output (h264)
Chunk bitrate: 60 349952
Buffer size: 60 244001
Chunk bitrate: 60 349952
Buffer size: 61 244001
Download Time: 719044
[00007f0a14003378] core mux error: cannot add this stream
[00007f0a141077f8] core decoder error: cannot create packetizer output (h264)
Chunk bitrate: 61 600000
Buffer size: 61 248001
Chunk bitrate: 61 600000
Buffer size: 62 248001
Download Time: 1008893
[00007f0a14003378] core mux error: cannot add this stream
[00007f0a1404fdb8] core decoder error: cannot create packetizer output (h264)
Chunk bitrate: 62 600000
Buffer size: 63 252001
Download Time: 814067
Chunk bitrate: 63 349952
Buffer size: 63 256001
Chunk bitrate: 63 349952
Buffer size: 64 256001
Download Time: 327271
[00007f0a14003378] core mux error: cannot add this stream
[00007f0a140c4b08] core decoder error: cannot create packetizer output (h264)
Chunk bitrate: 64 349952
Buffer size: 65 260001
[00007f0a14003378] ps mux: Close
[00007f0a14047448] idummy demux: command `quit'
[00000000012ca1a8] [cli] lua interface error: Error loading script /home/cs244/vlc/share/lua/intf/cli.luac: lua/intf/modules/host.lua:286: Interrupted.
