[0000000000eb81e8] core interface error: no suitable interface module
[0000000000def338] core libvlc error: interface "globalhotkeys,none" initialization failed
[0000000000eb81e8] dbus interface error: Failed to connect to the D-Bus session daemon: Unable to autolaunch a dbus-daemon without a $DISPLAY for X11
[0000000000eb81e8] core interface error: no suitable interface module
[0000000000def338] core libvlc error: interface "dbus,none" initialization failed
[0000000000def338] core libvlc: Running vlc with the default interface. Use 'cvlc' to use vlc without interface.
[0000000000eb81e8] qt interface error: Could not connect to X server
[0000000000eb81e8] skins2 interface error: cannot initialize OSFactory
[0000000000eb81e8] [cli] lua interface: Listening on host "*console".
VLC media player 3.0.0-git Vetinari
Command Line Interface initialized. Type `help' for help.
> [00007f434c003378] ps mux: Open
making a DASHManager
new ratebased adaptionlogic
Chunk bitrate: 0 349952
Buffer size: 0 0
Chunk bitrate: 0 349952
Buffer size: 0 0
[00007f434c024478] mp4 demux: Fragment sequence discontinuity detected 0 != 2
Download Time: 1916384
[00007f434c024158] mp4 demux: Fragment sequence discontinuity detected 0 != 2
Startup Time: 1050000
Chunk bitrate: 0 349952
Buffer size: 1 4001
Download Time: 1871910
Chunk bitrate: 1 349952
Buffer size: 2 8001
Download Time: 1345031
Chunk bitrate: 2 349952
Buffer size: 3 12001
Download Time: 1952997
Chunk bitrate: 3 349952
Buffer size: 4 16001
Download Time: 1374948
Chunk bitrate: 4 349952
Buffer size: 5 20001
Download Time: 2041444
Chunk bitrate: 5 349952
Buffer size: 6 24001
Download Time: 1127121
Chunk bitrate: 6 349952
Buffer size: 7 28001
Download Time: 1413712
Chunk bitrate: 7 349952
Buffer size: 8 32001
Download Time: 1588654
Chunk bitrate: 8 349952
Buffer size: 9 36001
Download Time: 1791802
Chunk bitrate: 9 349952
Buffer size: 10 40001
Download Time: 3347244
Chunk bitrate: 10 349952
Buffer size: 11 44001
Download Time: 2278571
Chunk bitrate: 11 349952
Buffer size: 12 48001
Download Time: 1545913
Chunk bitrate: 12 349952
Buffer size: 13 52001
Download Time: 1589007
Chunk bitrate: 13 349952
Buffer size: 14 56001
Download Time: 1956506
Chunk bitrate: 14 349952
Buffer size: 15 60001
Download Time: 1341401
Chunk bitrate: 15 349952
Buffer size: 16 64001
Download Time: 1756957
Chunk bitrate: 16 349952
Buffer size: 17 68001
Download Time: 1426073
Chunk bitrate: 17 349952
Buffer size: 18 72001
Download Time: 1625939
Chunk bitrate: 18 349952
Buffer size: 19 76001
Download Time: 1062377
Chunk bitrate: 19 349952
Buffer size: 20 80001
Download Time: 1544190
Chunk bitrate: 20 349952
Buffer size: 21 84001
Download Time: 1096430
Chunk bitrate: 21 349952
Buffer size: 22 88001
Download Time: 1548979
Chunk bitrate: 22 349952
Buffer size: 23 92001
Download Time: 1789448
Chunk bitrate: 23 349952
Buffer size: 24 96001
Download Time: 1746990
Chunk bitrate: 24 349952
Buffer size: 25 100001
Download Time: 1548218
Chunk bitrate: 25 349952
Buffer size: 26 104001
Download Time: 1912807
Chunk bitrate: 26 349952
Buffer size: 27 108001
Download Time: 1096905
Chunk bitrate: 27 349952
Buffer size: 28 112001
Download Time: 1751184
Chunk bitrate: 28 349952
Buffer size: 29 116001
Download Time: 1664417
Chunk bitrate: 29 349952
Buffer size: 30 120001
Download Time: 1381195
Chunk bitrate: 30 349952
Buffer size: 31 124001
Download Time: 1259682
Chunk bitrate: 31 349952
Buffer size: 32 128001
Download Time: 1623072
Chunk bitrate: 32 349952
Buffer size: 33 132001
Download Time: 1430597
Chunk bitrate: 33 349952
Buffer size: 34 136001
Download Time: 2883620
Chunk bitrate: 34 349952
Buffer size: 35 140001
Download Time: 1507189
Chunk bitrate: 35 349952
Buffer size: 36 144001
Download Time: 2029543
Chunk bitrate: 36 349952
Buffer size: 37 148001
Download Time: 2892016
Chunk bitrate: 37 349952
Buffer size: 38 152001
Download Time: 1583996
Chunk bitrate: 38 349952
Buffer size: 39 156001
Download Time: 1662456
Chunk bitrate: 39 349952
Buffer size: 40 160001
Download Time: 1382086
Chunk bitrate: 40 349952
Buffer size: 41 164001
Download Time: 1923035
Chunk bitrate: 41 349952
Buffer size: 42 168001
Download Time: 1553369
Chunk bitrate: 42 349952
Buffer size: 43 172001
Download Time: 1552120
Chunk bitrate: 43 349952
Buffer size: 44 176001
Download Time: 1453482
Chunk bitrate: 44 349952
Buffer size: 45 180001
Download Time: 3425654
Chunk bitrate: 45 349952
Buffer size: 46 184001
Download Time: 1709134
Chunk bitrate: 46 349952
Buffer size: 47 188001
Download Time: 1429072
Chunk bitrate: 47 349952
Buffer size: 48 192001
Download Time: 1625869
Chunk bitrate: 48 349952
Buffer size: 49 196001
Download Time: 1593182
Chunk bitrate: 49 349952
Buffer size: 50 200001
Download Time: 2634875
Chunk bitrate: 50 349952
Buffer size: 51 204001
Download Time: 1426378
Chunk bitrate: 51 349952
Buffer size: 52 208001
Download Time: 1588219
Chunk bitrate: 52 349952
Buffer size: 53 212001
Download Time: 1505930
Chunk bitrate: 53 349952
Buffer size: 54 216001
Download Time: 1416440
Chunk bitrate: 54 349952
Buffer size: 55 220001
Download Time: 1832353
Chunk bitrate: 55 349952
Buffer size: 56 224001
Download Time: 1552588
Chunk bitrate: 56 349952
Buffer size: 57 228001
Download Time: 1222372
Chunk bitrate: 57 349952
Buffer size: 58 232001
Download Time: 490919
Chunk bitrate: 58 349952
Buffer size: 59 236001
Download Time: 2531258
Chunk bitrate: 59 349952
Buffer size: 60 240001
Download Time: 1342239
Chunk bitrate: 60 349952
Buffer size: 61 244001
Download Time: 2127748
Chunk bitrate: 61 349952
Buffer size: 62 248001
Download Time: 809893
Chunk bitrate: 62 349952
Buffer size: 63 252001
Download Time: 610230
Chunk bitrate: 63 349952
Buffer size: 64 256001
Download Time: 974911
Chunk bitrate: 64 349952
Buffer size: 65 260001
[00007f434c003378] ps mux: Close
[00007f43480081f8] idummy demux: command `quit'
[0000000000eb81e8] [cli] lua interface error: Error loading script /home/cs244/vlc/share/lua/intf/cli.luac: lua/intf/modules/host.lua:286: Interrupted.
