[00000000008031e8] core interface error: no suitable interface module
[000000000073a338] core libvlc error: interface "globalhotkeys,none" initialization failed
[00000000008031e8] dbus interface error: Failed to connect to the D-Bus session daemon: Unable to autolaunch a dbus-daemon without a $DISPLAY for X11
[00000000008031e8] core interface error: no suitable interface module
[000000000073a338] core libvlc error: interface "dbus,none" initialization failed
[000000000073a338] core libvlc: Running vlc with the default interface. Use 'cvlc' to use vlc without interface.
[00000000008031e8] qt interface error: Could not connect to X server
[00000000008031e8] skins2 interface error: cannot initialize OSFactory
[00000000008031e8] [cli] lua interface: Listening on host "*console".
VLC media player 3.0.0-git Vetinari
Command Line Interface initialized. Type `help' for help.
> [00007f4a50003378] ps mux: Open
making a DASHManager
new ratebased adaptionlogic
Chunk bitrate: 0 349952
Buffer size: 0 0
Chunk bitrate: 0 349952
Buffer size: 0 0
[00007f4a5001a7a8] mp4 demux: Fragment sequence discontinuity detected 0 != 2
Download Time: 1504014
[00007f4a50016fa8] mp4 demux: Fragment sequence discontinuity detected 0 != 2
Startup Time: 1050000
Chunk bitrate: 0 349952
Buffer size: 1 4001
Download Time: 1385383
Chunk bitrate: 1 349952
Buffer size: 2 8001
Download Time: 1098814
Chunk bitrate: 2 349952
Buffer size: 3 12001
Download Time: 1342587
Chunk bitrate: 3 349952
Buffer size: 4 16001
Download Time: 1059606
Chunk bitrate: 4 349952
Buffer size: 5 20001
Download Time: 1460301
Chunk bitrate: 5 349952
Buffer size: 6 24001
Download Time: 974752
Chunk bitrate: 6 349952
Buffer size: 7 28001
Download Time: 1136140
Chunk bitrate: 7 349952
Buffer size: 8 32001
Download Time: 1625146
Chunk bitrate: 8 349952
Buffer size: 9 36001
Download Time: 1261385
Chunk bitrate: 9 600000
Buffer size: 9 40001
Chunk bitrate: 9 600000
Buffer size: 10 40001
Download Time: 1906672
Chunk bitrate: 10 349952
Buffer size: 10 44001
Chunk bitrate: 10 349952
Buffer size: 11 44001
Download Time: 2106042
Chunk bitrate: 11 349952
Buffer size: 12 48001
Download Time: 2434142
Chunk bitrate: 12 349952
Buffer size: 13 52001
Download Time: 1138133
Chunk bitrate: 13 349952
Buffer size: 14 56001
Download Time: 1016215
Chunk bitrate: 14 349952
Buffer size: 15 60001
Download Time: 1054534
Chunk bitrate: 15 349952
Buffer size: 16 64001
Download Time: 1244312
Chunk bitrate: 16 349952
Buffer size: 17 68001
Download Time: 1046656
Chunk bitrate: 17 349952
Buffer size: 18 72001
Download Time: 1009459
Chunk bitrate: 18 349952
Buffer size: 19 76001
Download Time: 777035
Chunk bitrate: 19 349952
Buffer size: 20 80001
Download Time: 1283793
Chunk bitrate: 20 349952
Buffer size: 21 84001
Download Time: 855807
Chunk bitrate: 21 349952
Buffer size: 22 88001
Download Time: 1054360
Chunk bitrate: 22 349952
Buffer size: 23 92001
Download Time: 1247806
Chunk bitrate: 23 349952
Buffer size: 24 96001
Download Time: 1221498
Chunk bitrate: 24 349952
Buffer size: 25 100001
Download Time: 1176632
Chunk bitrate: 25 349952
Buffer size: 26 104001
Download Time: 1386409
Chunk bitrate: 26 349952
Buffer size: 27 108001
Download Time: 759540
Chunk bitrate: 27 349952
Buffer size: 28 112001
Download Time: 1427960
Chunk bitrate: 28 349952
Buffer size: 29 116001
Download Time: 2978170
Chunk bitrate: 29 349952
Buffer size: 30 120001
Download Time: 1179609
Chunk bitrate: 30 349952
Buffer size: 31 124001
Download Time: 973266
Chunk bitrate: 31 349952
Buffer size: 32 128001
Download Time: 1657865
Chunk bitrate: 32 600000
Buffer size: 32 132001
Chunk bitrate: 32 600000
Buffer size: 33 132001
Download Time: 1983157
Chunk bitrate: 33 349952
Buffer size: 33 136001
Chunk bitrate: 33 349952
Buffer size: 34 136001
Download Time: 1340142
Chunk bitrate: 34 349952
Buffer size: 35 140001
Download Time: 1220034
Chunk bitrate: 35 349952
Buffer size: 36 144001
Download Time: 1577611
Chunk bitrate: 36 349952
Buffer size: 37 148001
Download Time: 1220763
Chunk bitrate: 37 349952
Buffer size: 38 152001
Download Time: 1342044
Chunk bitrate: 38 600000
Buffer size: 38 156001
Chunk bitrate: 38 600000
Buffer size: 39 156001
Download Time: 1827777
Chunk bitrate: 39 349952
Buffer size: 39 160001
Chunk bitrate: 39 349952
Buffer size: 40 160001
Download Time: 975209
Chunk bitrate: 40 349952
Buffer size: 41 164001
Download Time: 1509029
Chunk bitrate: 41 349952
Buffer size: 42 168001
Download Time: 1253319
Chunk bitrate: 42 349952
Buffer size: 43 172001
Download Time: 1099063
Chunk bitrate: 43 349952
Buffer size: 44 176001
Download Time: 1096651
Chunk bitrate: 44 349952
Buffer size: 45 180001
Download Time: 1180613
Chunk bitrate: 45 349952
Buffer size: 46 184001
Download Time: 1947331
Chunk bitrate: 46 600000
Buffer size: 46 188001
Chunk bitrate: 46 600000
Buffer size: 47 188001
Download Time: 2028202
Chunk bitrate: 47 349952
Buffer size: 47 192001
Chunk bitrate: 47 349952
Buffer size: 48 192001
Download Time: 1142134
Chunk bitrate: 48 349952
Buffer size: 49 196001
Download Time: 1338115
Chunk bitrate: 49 349952
Buffer size: 50 200001
Download Time: 1219845
Chunk bitrate: 50 349952
Buffer size: 51 204001
Download Time: 1063107
Chunk bitrate: 51 349952
Buffer size: 52 208001
Download Time: 1258622
Chunk bitrate: 52 349952
Buffer size: 53 212001
Download Time: 1178241
Chunk bitrate: 53 349952
Buffer size: 54 216001
Download Time: 1059688
Chunk bitrate: 54 349952
Buffer size: 55 220001
Download Time: 1143150
Chunk bitrate: 55 349952
Buffer size: 56 224001
Download Time: 1341433
Chunk bitrate: 56 349952
Buffer size: 57 228001
Download Time: 1139110
Chunk bitrate: 57 349952
Buffer size: 58 232001
Download Time: 523118
Chunk bitrate: 58 349952
Buffer size: 59 236001
Download Time: 1552105
Chunk bitrate: 59 349952
Buffer size: 60 240001
Download Time: 1061327
Chunk bitrate: 60 349952
Buffer size: 61 244001
Download Time: 1140223
Chunk bitrate: 61 349952
Buffer size: 62 248001
Download Time: 852328
Chunk bitrate: 62 349952
Buffer size: 63 252001
Chunk bitrate: 63 349952
Buffer size: 64 256001
Download Time: 1374510
Chunk bitrate: 64 349952
Buffer size: 65 260001
[00007f4a50003378] ps mux: Close
[00007f4a5008a2b8] idummy demux: command `quit'
[00000000008031e8] [cli] lua interface error: Error loading script /home/cs244/vlc/share/lua/intf/cli.luac: lua/intf/modules/host.lua:286: Interrupted.
