[00000000020971a8] core interface error: no suitable interface module
[0000000001fce338] core libvlc error: interface "globalhotkeys,none" initialization failed
[00000000020971a8] dbus interface error: Failed to connect to the D-Bus session daemon: Unable to autolaunch a dbus-daemon without a $DISPLAY for X11
[00000000020971a8] core interface error: no suitable interface module
[0000000001fce338] core libvlc error: interface "dbus,none" initialization failed
[0000000001fce338] core libvlc: Running vlc with the default interface. Use 'cvlc' to use vlc without interface.
[00000000020971a8] qt interface error: Could not connect to X server
[00000000020971a8] skins2 interface error: cannot initialize OSFactory
[00007fefa0003378] ps mux: Open
[00000000020971a8] [cli] lua interface: Listening on host "*console".
VLC media player 3.0.0-git Vetinari
Command Line Interface initialized. Type `help' for help.
> making a DASHManager
new ratebased adaptionlogic
Chunk bitrate: 0 349952
Buffer size: 0 0
Chunk bitrate: 0 349952
Buffer size: 0 0
[00007fefa0021698] mp4 demux: Fragment sequence discontinuity detected 0 != 2
Download Time: 1504948
[00007fefa0017668] mp4 demux: Fragment sequence discontinuity detected 0 != 2
Startup Time: 1050000
Chunk bitrate: 0 600000
Buffer size: 0 4001
Chunk bitrate: 0 600000
Buffer size: 1 4001
Download Time: 1786399
Chunk bitrate: 1 349952
Buffer size: 1 8001
Chunk bitrate: 1 349952
Buffer size: 2 8001
Download Time: 728622
Chunk bitrate: 2 349952
Buffer size: 3 12001
Download Time: 1016257
Chunk bitrate: 3 349952
Buffer size: 4 16001
Download Time: 698367
Chunk bitrate: 4 349952
Buffer size: 5 20001
Download Time: 760647
Chunk bitrate: 5 1000000
Buffer size: 5 24001
Chunk bitrate: 5 1000000
Buffer size: 6 24001
Download Time: 1631197
Chunk bitrate: 6 600000
Buffer size: 6 28001
Chunk bitrate: 6 600000
Buffer size: 7 28001
Download Time: 1466679
Chunk bitrate: 7 600000
Buffer size: 8 32001
Download Time: 889610
Chunk bitrate: 8 600000
Buffer size: 9 36001
Download Time: 1013025
Chunk bitrate: 9 1000000
Buffer size: 9 40001
Chunk bitrate: 9 1000000
Buffer size: 10 40001
Download Time: 1426148
Chunk bitrate: 10 349952
Buffer size: 10 44001
Chunk bitrate: 10 349952
Buffer size: 11 44001
Download Time: 977922
Chunk bitrate: 11 349952
Buffer size: 12 48001
Download Time: 1052231
Chunk bitrate: 12 349952
Buffer size: 13 52001
Download Time: 646167
Chunk bitrate: 13 349952
Buffer size: 14 56001
Download Time: 1048643
Chunk bitrate: 14 349952
Buffer size: 15 60001
Download Time: 650168
Chunk bitrate: 15 600000
Buffer size: 15 64001
Chunk bitrate: 15 600000
Buffer size: 16 64001
Download Time: 1416156
Chunk bitrate: 16 349952
Buffer size: 16 68001
Chunk bitrate: 16 349952
Buffer size: 17 68001
Download Time: 732413
Chunk bitrate: 17 349952
Buffer size: 18 72001
Download Time: 774807
Chunk bitrate: 18 600000
Buffer size: 18 76001
Chunk bitrate: 18 600000
Buffer size: 19 76001
Download Time: 686992
Chunk bitrate: 19 600000
Buffer size: 20 80001
Download Time: 1708056
Chunk bitrate: 20 600000
Buffer size: 21 84001
Download Time: 613789
Chunk bitrate: 21 600000
Buffer size: 22 88001
Download Time: 980032
Chunk bitrate: 22 600000
Buffer size: 23 92001
Download Time: 1215079
Chunk bitrate: 23 1000000
Buffer size: 23 96001
Chunk bitrate: 23 1000000
Buffer size: 24 96001
Download Time: 1657415
Chunk bitrate: 24 600000
Buffer size: 24 100001
Chunk bitrate: 24 600000
Buffer size: 25 100001
Download Time: 1205432
Chunk bitrate: 25 600000
Buffer size: 26 104001
Download Time: 1169758
Chunk bitrate: 26 600000
Buffer size: 27 108001
Download Time: 886002
Chunk bitrate: 27 349952
Buffer size: 27 112001
Chunk bitrate: 27 349952
Buffer size: 28 112001
Download Time: 895917
Chunk bitrate: 28 349952
Buffer size: 29 116001
Download Time: 3931022
Chunk bitrate: 29 600000
Buffer size: 29 120001
Chunk bitrate: 29 600000
Buffer size: 30 120001
Download Time: 857198
Chunk bitrate: 30 1000000
Buffer size: 30 124001
Chunk bitrate: 30 1000000
Buffer size: 31 124001
Download Time: 2309807
Chunk bitrate: 31 600000
Buffer size: 31 128001
Chunk bitrate: 31 600000
Buffer size: 32 128001
Download Time: 1426159
Chunk bitrate: 32 349952
Buffer size: 32 132001
Chunk bitrate: 32 349952
Buffer size: 33 132001
Download Time: 817070
[00007fefa0003378] core mux error: cannot add this stream
[00007fefa00c9258] core decoder error: cannot create packetizer output (h264)
Chunk bitrate: 33 600000
Buffer size: 33 136001
Chunk bitrate: 33 600000
Buffer size: 34 136001
Download Time: 1185208
[00007fefa0003378] core mux error: cannot add this stream
[00007fefa00f3458] core decoder error: cannot create packetizer output (h264)
Chunk bitrate: 34 1000000
Buffer size: 34 140001
Chunk bitrate: 34 1000000
Buffer size: 35 140001
Download Time: 1461797
[00007fefa0003378] core mux error: cannot add this stream
[00007fefa0034c38] core decoder error: cannot create packetizer output (h264)
Chunk bitrate: 35 600000
Buffer size: 35 144001
Chunk bitrate: 35 600000
Buffer size: 36 144001
Download Time: 1050948
[00007fefa0003378] core mux error: cannot add this stream
[00007fefa0042438] core decoder error: cannot create packetizer output (h264)
Chunk bitrate: 36 600000
Buffer size: 37 148001
Download Time: 1013735
Chunk bitrate: 37 600000
Buffer size: 38 152001
Download Time: 972649
Chunk bitrate: 38 1000000
Buffer size: 38 156001
Chunk bitrate: 38 1000000
Buffer size: 39 156001
Download Time: 1589317
[00007fefa0003378] core mux error: cannot add this stream
[00007fefa00e23a8] core decoder error: cannot create packetizer output (h264)
Chunk bitrate: 39 600000
Buffer size: 39 160001
Chunk bitrate: 39 600000
Buffer size: 40 160001
Download Time: 851948
[00007fefa0003378] core mux error: cannot add this stream
[00007fefa00eb7e8] core decoder error: cannot create packetizer output (h264)
Chunk bitrate: 40 600000
Buffer size: 41 164001
Download Time: 1171434
Chunk bitrate: 41 349952
Buffer size: 41 168001
Chunk bitrate: 41 349952
Buffer size: 42 168001
Download Time: 1059094
[00007fefa0003378] core mux error: cannot add this stream
[00007fefa00c14a8] core decoder error: cannot create packetizer output (h264)
Chunk bitrate: 42 349952
Buffer size: 43 172001
Download Time: 811371
Chunk bitrate: 43 349952
Buffer size: 44 176001
Download Time: 772687
Chunk bitrate: 44 600000
Buffer size: 44 180001
Chunk bitrate: 44 600000
Buffer size: 45 180001
Download Time: 1135877
[00007fefa0003378] core mux error: cannot add this stream
[00007fefa0102348] core decoder error: cannot create packetizer output (h264)
Chunk bitrate: 45 600000
Buffer size: 46 184001
Download Time: 1340728
Chunk bitrate: 46 349952
Buffer size: 46 188001
Chunk bitrate: 46 349952
Buffer size: 47 188001
Download Time: 692831
[00007fefa0003378] core mux error: cannot add this stream
[00007fefa00d3568] core decoder error: cannot create packetizer output (h264)
Chunk bitrate: 47 600000
Buffer size: 47 192001
Chunk bitrate: 47 600000
Buffer size: 48 192001
Download Time: 1134436
[00007fefa0003378] core mux error: cannot add this stream
[00007fefa00fcf08] core decoder error: cannot create packetizer output (h264)
Chunk bitrate: 48 600000
Buffer size: 49 196001
Download Time: 1458566
Chunk bitrate: 49 349952
Buffer size: 49 200001
Chunk bitrate: 49 349952
Buffer size: 50 200001
Download Time: 1338634
[00007fefa0003378] core mux error: cannot add this stream
[00007fefa0102b88] core decoder error: cannot create packetizer output (h264)
Chunk bitrate: 50 349952
Buffer size: 51 204001
Download Time: 1247076
Chunk bitrate: 51 349952
Buffer size: 52 208001
Download Time: 896663
Chunk bitrate: 52 600000
Buffer size: 52 212001
Chunk bitrate: 52 600000
Buffer size: 53 212001
Download Time: 975344
[00007fefa0003378] core mux error: cannot add this stream
[00007fefa01154e8] core decoder error: cannot create packetizer output (h264)
Chunk bitrate: 53 600000
Buffer size: 54 216001
Download Time: 1178389
Chunk bitrate: 54 600000
Buffer size: 55 220001
Download Time: 1013406
Chunk bitrate: 55 349952
Buffer size: 55 224001
Chunk bitrate: 55 349952
Buffer size: 56 224001
Download Time: 1104668
[00007fefa0003378] core mux error: cannot add this stream
[00007fefa00df988] core decoder error: cannot create packetizer output (h264)
Chunk bitrate: 56 349952
Buffer size: 57 228001
Download Time: 489536
Chunk bitrate: 57 600000
Buffer size: 57 232001
Chunk bitrate: 57 600000
Buffer size: 58 232001
Download Time: 572468
[00007fefa0003378] core mux error: cannot add this stream
[00007fefa00b20e8] core decoder error: cannot create packetizer output (h264)
Chunk bitrate: 58 1000000
Buffer size: 58 236001
Chunk bitrate: 58 1000000
Buffer size: 59 236001
Download Time: 2725832
[00007fefa0003378] core mux error: cannot add this stream
[00007fefa0109ef8] core decoder error: cannot create packetizer output (h264)
Chunk bitrate: 59 1000000
Buffer size: 60 240001
Download Time: 1833359
Chunk bitrate: 60 600000
Buffer size: 60 244001
Chunk bitrate: 60 600000
Buffer size: 61 244001
Download Time: 1420443
[00007fefa0003378] core mux error: cannot add this stream
[00007fefa016f658] core decoder error: cannot create packetizer output (h264)
Chunk bitrate: 61 349952
Buffer size: 61 248001
Chunk bitrate: 61 349952
Buffer size: 62 248001
Download Time: 488233
[00007fefa0003378] core mux error: cannot add this stream
[00007fefa00b1f18] core decoder error: cannot create packetizer output (h264)
Chunk bitrate: 62 349952
Buffer size: 63 252001
Download Time: 734157
Chunk bitrate: 63 600000
Buffer size: 63 256001
Chunk bitrate: 63 600000
Buffer size: 64 256001
Download Time: 531321
[00007fefa0003378] core mux error: cannot add this stream
[00007fefa010efa8] core decoder error: cannot create packetizer output (h264)
Chunk bitrate: 64 600000
Buffer size: 65 260001
[00007fefa0003378] ps mux: Close
[00007fefa00fe748] idummy demux: command `quit'
[00000000020971a8] [cli] lua interface error: Error loading script /home/cs244/vlc/share/lua/intf/cli.luac: lua/intf/modules/host.lua:286: Interrupted.
