[00000000014911e8] core interface error: no suitable interface module
[00000000013c8338] core libvlc error: interface "globalhotkeys,none" initialization failed
[00000000014911e8] dbus interface error: Failed to connect to the D-Bus session daemon: Unable to autolaunch a dbus-daemon without a $DISPLAY for X11
[00000000014911e8] core interface error: no suitable interface module
[00000000013c8338] core libvlc error: interface "dbus,none" initialization failed
[00000000013c8338] core libvlc: Running vlc with the default interface. Use 'cvlc' to use vlc without interface.
[00000000014911e8] qt interface error: Could not connect to X server
[00000000014911e8] skins2 interface error: cannot initialize OSFactory
[00000000014911e8] [cli] lua interface: Listening on host "*console".
VLC media player 3.0.0-git Vetinari
Command Line Interface initialized. Type `help' for help.
> [00007fbfb0003378] ps mux: Open
making a DASHManager
new ratebased adaptionlogic
Chunk bitrate: 0 349952
Buffer size: 0 0
Chunk bitrate: 0 349952
Buffer size: 0 0
[00007fbfb0024f68] mp4 demux: Fragment sequence discontinuity detected 0 != 2
Download Time: 459560
[00007fbfb0027528] mp4 demux: Fragment sequence discontinuity detected 0 != 2
Startup Time: 1050000
Chunk bitrate: 0 600000
Buffer size: 0 4001
Chunk bitrate: 0 600000
Buffer size: 1 4001
Download Time: 906461
Chunk bitrate: 1 600000
Buffer size: 2 8001
Download Time: 587956
Chunk bitrate: 2 600000
Buffer size: 3 12001
Download Time: 748922
Chunk bitrate: 3 600000
Buffer size: 4 16001
Download Time: 913064
Chunk bitrate: 4 600000
Buffer size: 5 20001
Download Time: 915202
Chunk bitrate: 5 600000
Buffer size: 6 24001
Download Time: 647358
Chunk bitrate: 6 600000
Buffer size: 7 28001
Download Time: 1400511
Chunk bitrate: 7 600000
Buffer size: 8 32001
Download Time: 1000691
Chunk bitrate: 8 349952
Buffer size: 8 36001
Chunk bitrate: 8 349952
Buffer size: 9 36001
Download Time: 1273173
Chunk bitrate: 9 1000000
Buffer size: 9 40001
Chunk bitrate: 9 1000000
Buffer size: 10 40001
Download Time: 1654125
Chunk bitrate: 10 1000000
Buffer size: 11 44001
Download Time: 1071422
Chunk bitrate: 11 1000000
Buffer size: 12 48001
Download Time: 2304239
Chunk bitrate: 12 349952
Buffer size: 12 52001
Chunk bitrate: 12 349952
Buffer size: 13 52001
Download Time: 358965
Chunk bitrate: 13 600000
Buffer size: 13 56001
Chunk bitrate: 13 600000
Buffer size: 14 56001
Download Time: 806452
Chunk bitrate: 14 1000000
Buffer size: 14 60001
Chunk bitrate: 14 1000000
Buffer size: 15 60001
Download Time: 909710
Chunk bitrate: 15 600000
Buffer size: 15 64001
Chunk bitrate: 15 600000
Buffer size: 16 64001
Download Time: 882706
Chunk bitrate: 16 1000000
Buffer size: 16 68001
Chunk bitrate: 16 1000000
Buffer size: 17 68001
Download Time: 1041921
Chunk bitrate: 17 1000000
Buffer size: 18 72001
Download Time: 1338582
Chunk bitrate: 18 1000000
Buffer size: 19 76001
Download Time: 783395
Chunk bitrate: 19 1000000
Buffer size: 20 80001
Download Time: 1010104
Chunk bitrate: 20 1000000
Buffer size: 21 84001
Download Time: 1302004
Chunk bitrate: 21 1000000
Buffer size: 22 88001
Download Time: 999704
Chunk bitrate: 22 600000
Buffer size: 22 92001
Chunk bitrate: 22 600000
Buffer size: 23 92001
Download Time: 1565298
Chunk bitrate: 23 1000000
Buffer size: 23 96001
Chunk bitrate: 23 1000000
Buffer size: 24 96001
Download Time: 1748225
Chunk bitrate: 24 600000
Buffer size: 24 100001
Chunk bitrate: 24 600000
Buffer size: 25 100001
Download Time: 1258247
Chunk bitrate: 25 349952
Buffer size: 25 104001
Chunk bitrate: 25 349952
Buffer size: 26 104001
Download Time: 485083
Chunk bitrate: 26 600000
Buffer size: 26 108001
Chunk bitrate: 26 600000
Buffer size: 27 108001
Download Time: 878149
Chunk bitrate: 27 349952
Buffer size: 27 112001
Chunk bitrate: 27 349952
Buffer size: 28 112001
Download Time: 719565
Chunk bitrate: 28 600000
Buffer size: 28 116001
Chunk bitrate: 28 600000
Buffer size: 29 116001
Download Time: 1042753
Chunk bitrate: 29 1000000
Buffer size: 29 120001
Chunk bitrate: 29 1000000
Buffer size: 30 120001
Download Time: 1137412
[00007fbfb0003378] core mux error: cannot add this stream
[00007fbfb00d5788] core decoder error: cannot create packetizer output (h264)
Chunk bitrate: 30 600000
Buffer size: 30 124001
Chunk bitrate: 30 600000
Buffer size: 31 124001
Download Time: 912239
[00007fbfb0003378] core mux error: cannot add this stream
[00007fbfb003d598] core decoder error: cannot create packetizer output (h264)
Chunk bitrate: 31 600000
Buffer size: 32 128001
Download Time: 781712
Chunk bitrate: 32 1000000
Buffer size: 32 132001
Chunk bitrate: 32 1000000
Buffer size: 33 132001
Download Time: 1228308
[00007fbfb0003378] core mux error: cannot add this stream
[00007fbfb011e208] core decoder error: cannot create packetizer output (h264)
Chunk bitrate: 33 349952
Buffer size: 33 136001
Chunk bitrate: 33 349952
Buffer size: 34 136001
Download Time: 970594
[00007fbfb0003378] core mux error: cannot add this stream
[00007fbfb00c9428] core decoder error: cannot create packetizer output (h264)
Chunk bitrate: 34 1000000
Buffer size: 34 140001
Chunk bitrate: 34 1000000
Buffer size: 35 140001
Download Time: 1079635
[00007fbfb0003378] core mux error: cannot add this stream
[00007fbfb00ae9e8] core decoder error: cannot create packetizer output (h264)
Chunk bitrate: 35 349952
Buffer size: 35 144001
Chunk bitrate: 35 349952
Buffer size: 36 144001
Download Time: 522213
[00007fbfb0003378] core mux error: cannot add this stream
[00007fbfb006b008] core decoder error: cannot create packetizer output (h264)
Chunk bitrate: 36 600000
Buffer size: 36 148001
Chunk bitrate: 36 600000
Buffer size: 37 148001
Download Time: 943824
[00007fbfb0003378] core mux error: cannot add this stream
[00007fbfb00e9468] core decoder error: cannot create packetizer output (h264)
Chunk bitrate: 37 600000
Buffer size: 38 152001
Download Time: 903048
Chunk bitrate: 38 2000000
Buffer size: 38 156001
Download Time: 227860
Chunk bitrate: 38 2000000
Buffer size: 39 156001
Download Time: 1790766
[00007fbfb0003378] core mux error: cannot add this stream
[00007fbfb005abe8] core decoder error: cannot create packetizer output (h264)
Chunk bitrate: 39 600000
Buffer size: 39 160001
Chunk bitrate: 39 600000
Buffer size: 40 160001
Download Time: 772119
[00007fbfb0003378] core mux error: cannot add this stream
[00007fbfb0072568] core decoder error: cannot create packetizer output (h264)
Chunk bitrate: 40 349952
Buffer size: 40 164001
Chunk bitrate: 40 349952
Buffer size: 41 164001
Download Time: 519600
[00007fbfb0003378] core mux error: cannot add this stream
[00007fbfb0071818] core decoder error: cannot create packetizer output (h264)
Chunk bitrate: 41 600000
Buffer size: 41 168001
Chunk bitrate: 41 600000
Buffer size: 42 168001
Download Time: 815090
[00007fbfb0003378] core mux error: cannot add this stream
[00007fbfb0101b88] core decoder error: cannot create packetizer output (h264)
Chunk bitrate: 42 600000
Buffer size: 43 172001
Download Time: 938595
Chunk bitrate: 43 349952
Buffer size: 43 176001
Chunk bitrate: 43 349952
Buffer size: 44 176001
Download Time: 584863
[00007fbfb0003378] core mux error: cannot add this stream
[00007fbfb00a6908] core decoder error: cannot create packetizer output (h264)
Chunk bitrate: 44 349952
Buffer size: 45 180001
Download Time: 484547
Chunk bitrate: 45 600000
Buffer size: 45 184001
Chunk bitrate: 45 600000
Buffer size: 46 184001
Download Time: 781886
[00007fbfb0003378] core mux error: cannot add this stream
[00007fbfb0112698] core decoder error: cannot create packetizer output (h264)
Chunk bitrate: 46 1000000
Buffer size: 46 188001
Chunk bitrate: 46 1000000
Buffer size: 47 188001
Download Time: 1012026
[00007fbfb0003378] core mux error: cannot add this stream
[00007fbfb0111dd8] core decoder error: cannot create packetizer output (h264)
Chunk bitrate: 47 349952
Buffer size: 47 192001
Chunk bitrate: 47 349952
Buffer size: 48 192001
Download Time: 551286
[00007fbfb0003378] core mux error: cannot add this stream
[00007fbfb00b3c98] core decoder error: cannot create packetizer output (h264)
Chunk bitrate: 48 600000
Buffer size: 48 196001
Chunk bitrate: 48 600000
Buffer size: 49 196001
Download Time: 867355
[00007fbfb0003378] core mux error: cannot add this stream
[00007fbfb0117c68] core decoder error: cannot create packetizer output (h264)
Chunk bitrate: 49 349952
Buffer size: 49 200001
Chunk bitrate: 49 349952
Buffer size: 50 200001
Download Time: 454181
[00007fbfb0003378] core mux error: cannot add this stream
[00007fbfb0116268] core decoder error: cannot create packetizer output (h264)
Chunk bitrate: 50 1000000
Buffer size: 50 204001
Chunk bitrate: 50 1000000
Buffer size: 51 204001
Download Time: 847792
[00007fbfb0003378] core mux error: cannot add this stream
[00007fbfb006f888] core decoder error: cannot create packetizer output (h264)
Chunk bitrate: 51 600000
Buffer size: 51 208001
Chunk bitrate: 51 600000
Buffer size: 52 208001
Download Time: 841873
[00007fbfb0003378] core mux error: cannot add this stream
[00007fbfb011ee68] core decoder error: cannot create packetizer output (h264)
Chunk bitrate: 52 600000
Buffer size: 53 212001
Download Time: 784660
Chunk bitrate: 53 349952
Buffer size: 53 216001
Chunk bitrate: 53 349952
Buffer size: 54 216001
Download Time: 713447
[00007fbfb0003378] core mux error: cannot add this stream
[00007fbfb0102e58] core decoder error: cannot create packetizer output (h264)
Chunk bitrate: 54 600000
Buffer size: 54 220001
Chunk bitrate: 54 600000
Buffer size: 55 220001
Download Time: 1267886
[00007fbfb0003378] core mux error: cannot add this stream
[00007fbfb012dc18] core decoder error: cannot create packetizer output (h264)
Chunk bitrate: 55 1000000
Buffer size: 55 224001
Chunk bitrate: 55 1000000
Buffer size: 56 224001
Download Time: 1399924
[00007fbfb0003378] core mux error: cannot add this stream
[00007fbfb00a5f68] core decoder error: cannot create packetizer output (h264)
Chunk bitrate: 56 349952
Buffer size: 56 228001
Chunk bitrate: 56 349952
Buffer size: 57 228001
Download Time: 1205540
[00007fbfb0003378] core mux error: cannot add this stream
[00007fbfb0106ed8] core decoder error: cannot create packetizer output (h264)
Chunk bitrate: 57 349952
Buffer size: 58 232001
Download Time: 224943
Chunk bitrate: 58 349952
Buffer size: 59 236001
Download Time: 678804
Chunk bitrate: 59 1000000
Buffer size: 59 240001
Chunk bitrate: 59 1000000
Buffer size: 60 240001
Download Time: 943602
[00007fbfb0003378] core mux error: cannot add this stream
[00007fbfb015a0d8] core decoder error: cannot create packetizer output (h264)
Chunk bitrate: 60 1000000
Buffer size: 61 244001
Download Time: 1301167
Chunk bitrate: 61 1000000
Buffer size: 62 248001
Download Time: 523200
Chunk bitrate: 62 600000
Buffer size: 62 252001
Chunk bitrate: 62 600000
Buffer size: 63 252001
Download Time: 425923
[00007fbfb0003378] core mux error: cannot add this stream
[00007fbfb00935d8] core decoder error: cannot create packetizer output (h264)
Chunk bitrate: 63 600000
Buffer size: 64 256001
Download Time: 520957
Chunk bitrate: 64 600000
Buffer size: 65 260001
[00007fbfb0003378] ps mux: Close
[00007fbfb00f4568] idummy demux: command `quit'
[00000000014911e8] [cli] lua interface error: Error loading script /home/cs244/vlc/share/lua/intf/cli.luac: lua/intf/modules/host.lua:286: Interrupted.
