[000000000241b1e8] core interface error: no suitable interface module
[0000000002352338] core libvlc error: interface "globalhotkeys,none" initialization failed
[000000000241b1e8] dbus interface error: Failed to connect to the D-Bus session daemon: Unable to autolaunch a dbus-daemon without a $DISPLAY for X11
[000000000241b1e8] core interface error: no suitable interface module
[0000000002352338] core libvlc error: interface "dbus,none" initialization failed
[0000000002352338] core libvlc: Running vlc with the default interface. Use 'cvlc' to use vlc without interface.
[000000000241b1e8] qt interface error: Could not connect to X server
[000000000241b1e8] skins2 interface error: cannot initialize OSFactory
[000000000241b1e8] [cli] lua interface: Listening on host "*console".
VLC media player 3.0.0-git Vetinari
Command Line Interface initialized. Type `help' for help.
> [00007fd940003378] ps mux: Open
making a DASHManager
new ratebased adaptionlogic
Chunk bitrate: 0 349952
Buffer size: 0 0
Chunk bitrate: 0 349952
Buffer size: 0 0
[00007fd940023618] mp4 demux: Fragment sequence discontinuity detected 0 != 2
Download Time: 811805
[00007fd9400239d8] mp4 demux: Fragment sequence discontinuity detected 0 != 2
Startup Time: 1050000
Chunk bitrate: 0 349952
Buffer size: 1 4001
Download Time: 894406
Chunk bitrate: 1 600000
Buffer size: 1 8001
Chunk bitrate: 1 600000
Buffer size: 2 8001
Download Time: 937328
Chunk bitrate: 2 349952
Buffer size: 2 12001
Chunk bitrate: 2 349952
Buffer size: 3 12001
Download Time: 1226009
Chunk bitrate: 3 349952
Buffer size: 4 16001
Download Time: 528206
Chunk bitrate: 4 600000
Buffer size: 4 20001
Chunk bitrate: 4 600000
Buffer size: 5 20001
Download Time: 863901
Chunk bitrate: 5 349952
Buffer size: 5 24001
Chunk bitrate: 5 349952
Buffer size: 6 24001
Download Time: 409494
Chunk bitrate: 6 600000
Buffer size: 6 28001
Chunk bitrate: 6 600000
Buffer size: 7 28001
Download Time: 776202
Chunk bitrate: 7 600000
Buffer size: 8 32001
Download Time: 1102744
Chunk bitrate: 8 1000000
Buffer size: 8 36001
Chunk bitrate: 8 1000000
Buffer size: 9 36001
Download Time: 1470635
Chunk bitrate: 9 600000
Buffer size: 9 40001
Chunk bitrate: 9 600000
Buffer size: 10 40001
Download Time: 853587
Chunk bitrate: 10 349952
Buffer size: 10 44001
Chunk bitrate: 10 349952
Buffer size: 11 44001
Download Time: 898703
Chunk bitrate: 11 349952
Buffer size: 12 48001
Download Time: 1014816
Chunk bitrate: 12 600000
Buffer size: 12 52001
Chunk bitrate: 12 600000
Buffer size: 13 52001
Download Time: 941322
Chunk bitrate: 13 600000
Buffer size: 14 56001
Download Time: 944183
Chunk bitrate: 14 600000
Buffer size: 15 60001
Download Time: 718034
Chunk bitrate: 15 600000
Buffer size: 16 64001
Download Time: 754653
Chunk bitrate: 16 600000
Buffer size: 17 68001
Download Time: 1076442
Chunk bitrate: 17 600000
Buffer size: 18 72001
Download Time: 688392
Chunk bitrate: 18 600000
Buffer size: 19 76001
Download Time: 981313
Chunk bitrate: 19 349952
Buffer size: 19 80001
Chunk bitrate: 19 349952
Buffer size: 20 80001
Download Time: 1174722
Chunk bitrate: 20 600000
Buffer size: 20 84001
Chunk bitrate: 20 600000
Buffer size: 21 84001
Download Time: 619501
Chunk bitrate: 21 600000
Buffer size: 22 88001
Download Time: 1041803
Chunk bitrate: 22 600000
Buffer size: 23 92001
Download Time: 1131318
Chunk bitrate: 23 600000
Buffer size: 24 96001
Download Time: 1038950
Chunk bitrate: 24 349952
Buffer size: 24 100001
Chunk bitrate: 24 349952
Buffer size: 25 100001
Download Time: 457773
Chunk bitrate: 25 349952
Buffer size: 26 104001
Download Time: 424399
Chunk bitrate: 26 1000000
Buffer size: 26 108001
Chunk bitrate: 26 1000000
Buffer size: 27 108001
Download Time: 621783
Chunk bitrate: 27 349952
Buffer size: 27 112001
Chunk bitrate: 27 349952
Buffer size: 28 112001
Download Time: 650847
Chunk bitrate: 28 1000000
Buffer size: 28 116001
Chunk bitrate: 28 1000000
Buffer size: 29 116001
Download Time: 1142765
Chunk bitrate: 29 1000000
Buffer size: 30 120001
Download Time: 839469
Chunk bitrate: 30 600000
Buffer size: 30 124001
Chunk bitrate: 30 600000
Buffer size: 31 124001
Download Time: 588989
[00007fd940003378] core mux error: cannot add this stream
[00007fd9400d8778] core decoder error: cannot create packetizer output (h264)
Chunk bitrate: 31 1000000
Buffer size: 31 128001
Chunk bitrate: 31 1000000
Buffer size: 32 128001
Download Time: 1463816
[00007fd940003378] core mux error: cannot add this stream
[00007fd9401302d8] core decoder error: cannot create packetizer output (h264)
Chunk bitrate: 32 349952
Buffer size: 32 132001
Download Time: 420773
Chunk bitrate: 32 349952
Buffer size: 33 132001
Download Time: 491373
[00007fd940003378] core mux error: cannot add this stream
[00007fd9400bfd08] core decoder error: cannot create packetizer output (h264)
Chunk bitrate: 33 600000
Buffer size: 33 136001
Chunk bitrate: 33 600000
Buffer size: 34 136001
Download Time: 620919
[00007fd940003378] core mux error: cannot add this stream
[00007fd9400f5928] core decoder error: cannot create packetizer output (h264)
Chunk bitrate: 34 349952
Buffer size: 34 140001
Chunk bitrate: 34 349952
Buffer size: 35 140001
Download Time: 454094
[00007fd940003378] core mux error: cannot add this stream
[00007fd9400a2e88] core decoder error: cannot create packetizer output (h264)
Chunk bitrate: 35 600000
Buffer size: 35 144001
Chunk bitrate: 35 600000
Buffer size: 36 144001
Download Time: 491722
[00007fd940003378] core mux error: cannot add this stream
[00007fd9400e7b08] core decoder error: cannot create packetizer output (h264)
Chunk bitrate: 36 600000
Buffer size: 37 148001
Download Time: 716535
Chunk bitrate: 37 1000000
Buffer size: 37 152001
Chunk bitrate: 37 1000000
Buffer size: 38 152001
Download Time: 1495429
[00007fd940003378] core mux error: cannot add this stream
[00007fd940133a48] core decoder error: cannot create packetizer output (h264)
Chunk bitrate: 38 2000000
Buffer size: 38 156001
Chunk bitrate: 38 2000000
Buffer size: 39 156001
Download Time: 1796421
[00007fd940003378] core mux error: cannot add this stream
[00007fd940195548] core decoder error: cannot create packetizer output (h264)
Chunk bitrate: 39 349952
Buffer size: 39 160001
Chunk bitrate: 39 349952
Buffer size: 40 160001
Download Time: 618298
[00007fd940003378] core mux error: cannot add this stream
[00007fd9400a95f8] core decoder error: cannot create packetizer output (h264)
Chunk bitrate: 40 349952
Buffer size: 41 164001
Download Time: 586433
Chunk bitrate: 41 600000
Buffer size: 41 168001
Chunk bitrate: 41 600000
Buffer size: 42 168001
Download Time: 944883
[00007fd940003378] core mux error: cannot add this stream
[00007fd9400fd2c8] core decoder error: cannot create packetizer output (h264)
Chunk bitrate: 42 600000
Buffer size: 43 172001
Download Time: 1041956
Chunk bitrate: 43 349952
Buffer size: 43 176001
Chunk bitrate: 43 349952
Buffer size: 44 176001
Download Time: 391314
[00007fd940003378] core mux error: cannot add this stream
[00007fd9400d2d08] core decoder error: cannot create packetizer output (h264)
Chunk bitrate: 44 600000
Buffer size: 44 180001
Chunk bitrate: 44 600000
Buffer size: 45 180001
Download Time: 1079254
[00007fd940003378] core mux error: cannot add this stream
[00007fd9400fae48] core decoder error: cannot create packetizer output (h264)
Chunk bitrate: 45 349952
Buffer size: 45 184001
Chunk bitrate: 45 349952
Buffer size: 46 184001
Download Time: 424507
[00007fd940003378] core mux error: cannot add this stream
[00007fd940056a28] core decoder error: cannot create packetizer output (h264)
Chunk bitrate: 46 349952
Buffer size: 47 188001
Download Time: 718858
Chunk bitrate: 47 1000000
Buffer size: 47 192001
Chunk bitrate: 47 1000000
Buffer size: 48 192001
Download Time: 1064529
[00007fd940003378] core mux error: cannot add this stream
[00007fd940124b88] core decoder error: cannot create packetizer output (h264)
Chunk bitrate: 48 1000000
Buffer size: 49 196001
Download Time: 1235855
Chunk bitrate: 49 1000000
Buffer size: 50 200001
Download Time: 1556348
Chunk bitrate: 50 600000
Buffer size: 50 204001
Chunk bitrate: 50 600000
Buffer size: 51 204001
Download Time: 681539
[00007fd940003378] core mux error: cannot add this stream
[00007fd9400f3cc8] core decoder error: cannot create packetizer output (h264)
Chunk bitrate: 51 600000
Buffer size: 52 208001
Download Time: 1037874
Chunk bitrate: 52 600000
Buffer size: 53 212001
Download Time: 1013507
Download Time: 550730
Chunk bitrate: 53 349952
Buffer size: 53 216001
Chunk bitrate: 53 349952
Buffer size: 54 216001
Download Time: 583690
[00007fd940003378] core mux error: cannot add this stream
[00007fd94010ddc8] core decoder error: cannot create packetizer output (h264)
Chunk bitrate: 54 1000000
Buffer size: 54 220001
Chunk bitrate: 54 1000000
Buffer size: 55 220001
Download Time: 1109177
[00007fd940003378] core mux error: cannot add this stream
[00007fd9400f37d8] core decoder error: cannot create packetizer output (h264)
Chunk bitrate: 55 600000
Buffer size: 55 224001
Chunk bitrate: 55 600000
Buffer size: 56 224001
Download Time: 784203
[00007fd940003378] core mux error: cannot add this stream
[00007fd9401215b8] core decoder error: cannot create packetizer output (h264)
Chunk bitrate: 56 600000
Buffer size: 57 228001
Download Time: 1007788
Chunk bitrate: 57 349952
Buffer size: 57 232001
Chunk bitrate: 57 349952
Buffer size: 58 232001
Download Time: 289483
[00007fd940003378] core mux error: cannot add this stream
[00007fd9400c58d8] core decoder error: cannot create packetizer output (h264)
Chunk bitrate: 58 600000
Buffer size: 58 236001
Chunk bitrate: 58 600000
Buffer size: 59 236001
Download Time: 971543
[00007fd940003378] core mux error: cannot add this stream
[00007fd9400c4b48] core decoder error: cannot create packetizer output (h264)
Chunk bitrate: 59 600000
Buffer size: 60 240001
Download Time: 982637
Chunk bitrate: 60 600000
Buffer size: 61 244001
Download Time: 683040
Chunk bitrate: 61 600000
Buffer size: 62 248001
Download Time: 522315
Chunk bitrate: 62 349952
Buffer size: 62 252001
Chunk bitrate: 62 349952
Buffer size: 63 252001
[00007fd940003378] core mux error: cannot add this stream
[00007fd94003d1c8] core decoder error: cannot create packetizer output (h264)
Chunk bitrate: 63 600000
Buffer size: 63 256001
Chunk bitrate: 63 600000
Buffer size: 64 256001
Download Time: 586999
[00007fd940003378] core mux error: cannot add this stream
[00007fd9400e2408] core decoder error: cannot create packetizer output (h264)
Chunk bitrate: 64 600000
Buffer size: 65 260001
[00007fd940003378] ps mux: Close
[00007fd938000e98] idummy demux: command `quit'
[000000000241b1e8] [cli] lua interface error: Error loading script /home/cs244/vlc/share/lua/intf/cli.luac: lua/intf/modules/host.lua:286: Interrupted.
