[00000000014fc1a8] core interface error: no suitable interface module
[0000000001433338] core libvlc error: interface "globalhotkeys,none" initialization failed
[00000000014fc1a8] dbus interface error: Failed to connect to the D-Bus session daemon: Unable to autolaunch a dbus-daemon without a $DISPLAY for X11
[00000000014fc1a8] core interface error: no suitable interface module
[0000000001433338] core libvlc error: interface "dbus,none" initialization failed
[0000000001433338] core libvlc: Running vlc with the default interface. Use 'cvlc' to use vlc without interface.
[00000000014fc1a8] qt interface error: Could not connect to X server
[00000000014fc1a8] skins2 interface error: cannot initialize OSFactory
[00000000014fc1a8] [cli] lua interface: Listening on host "*console".
VLC media player 3.0.0-git Vetinari
Command Line Interface initialized. Type `help' for help.
> [00007f3d10003378] ps mux: Open
making a DASHManager
new ratebased adaptionlogic
Chunk bitrate: 0 349952
Buffer size: 0 0
Chunk bitrate: 0 349952
Buffer size: 0 0
[00007f3d10026e68] mp4 demux: Fragment sequence discontinuity detected 0 != 2
Download Time: 934905
[00007f3d10025568] mp4 demux: Fragment sequence discontinuity detected 0 != 2
Startup Time: 1050000
Chunk bitrate: 0 600000
Buffer size: 0 4001
Chunk bitrate: 0 600000
Buffer size: 1 4001
Download Time: 3011139
Chunk bitrate: 1 349952
Buffer size: 1 8001
Chunk bitrate: 1 349952
Buffer size: 2 8001
Download Time: 769075
Chunk bitrate: 2 600000
Buffer size: 2 12001
Chunk bitrate: 2 600000
Buffer size: 3 12001
Download Time: 894996
Chunk bitrate: 3 600000
Buffer size: 4 16001
Download Time: 2072344
Chunk bitrate: 4 600000
Buffer size: 5 20001
Download Time: 1259306
Chunk bitrate: 5 600000
Buffer size: 6 24001
Download Time: 938224
Chunk bitrate: 6 349952
Buffer size: 6 28001
Chunk bitrate: 6 349952
Buffer size: 7 28001
Download Time: 650988
Chunk bitrate: 7 1000000
Buffer size: 7 32001
Chunk bitrate: 7 1000000
Buffer size: 8 32001
Download Time: 1905913
Chunk bitrate: 8 600000
Buffer size: 8 36001
Chunk bitrate: 8 600000
Buffer size: 9 36001
Download Time: 1585223
Chunk bitrate: 9 349952
Buffer size: 9 40001
Chunk bitrate: 9 349952
Buffer size: 10 40001
Download Time: 812123
Chunk bitrate: 10 349952
Buffer size: 11 44001
Download Time: 774886
Chunk bitrate: 11 349952
Buffer size: 12 48001
Download Time: 692501
Chunk bitrate: 12 600000
Buffer size: 12 52001
Chunk bitrate: 12 600000
Buffer size: 13 52001
Download Time: 2044386
Chunk bitrate: 13 349952
Buffer size: 13 56001
Chunk bitrate: 13 349952
Buffer size: 14 56001
Download Time: 689589
Chunk bitrate: 14 600000
Buffer size: 14 60001
Chunk bitrate: 14 600000
Buffer size: 15 60001
Download Time: 931640
Chunk bitrate: 15 349952
Buffer size: 15 64001
Chunk bitrate: 15 349952
Buffer size: 16 64001
Download Time: 846861
Chunk bitrate: 16 349952
Buffer size: 17 68001
Download Time: 1076628
Chunk bitrate: 17 349952
Buffer size: 18 72001
Download Time: 734158
Chunk bitrate: 18 349952
Buffer size: 19 76001
Download Time: 650760
Chunk bitrate: 19 349952
Buffer size: 20 80001
Download Time: 731040
Chunk bitrate: 20 600000
Buffer size: 20 84001
Chunk bitrate: 20 600000
Buffer size: 21 84001
Download Time: 688127
Chunk bitrate: 21 600000
Buffer size: 22 88001
Download Time: 1460184
Chunk bitrate: 22 349952
Buffer size: 22 92001
Chunk bitrate: 22 349952
Buffer size: 23 92001
Download Time: 1042505
Chunk bitrate: 23 600000
Buffer size: 23 96001
Chunk bitrate: 23 600000
Buffer size: 24 96001
Download Time: 1177638
Chunk bitrate: 24 349952
Buffer size: 24 100001
Chunk bitrate: 24 349952
Buffer size: 25 100001
Download Time: 1140787
Chunk bitrate: 25 600000
Buffer size: 25 104001
Chunk bitrate: 25 600000
Buffer size: 26 104001
Download Time: 1636743
[00007f3d10003378] core mux error: cannot add this stream
[00007f3d100d7958] core decoder error: cannot create packetizer output (h264)
Chunk bitrate: 26 349952
Buffer size: 26 108001
Chunk bitrate: 26 349952
Buffer size: 27 108001
Download Time: 448000
[00007f3d10003378] core mux error: cannot add this stream
[00007f3d1003abc8] core decoder error: cannot create packetizer output (h264)
Chunk bitrate: 27 600000
Buffer size: 27 112001
Chunk bitrate: 27 600000
Buffer size: 28 112001
Download Time: 1017500
[00007f3d10003378] core mux error: cannot add this stream
[00007f3d100e4bd8] core decoder error: cannot create packetizer output (h264)
Chunk bitrate: 28 600000
Buffer size: 29 116001
Download Time: 1058238
Chunk bitrate: 29 1000000
Buffer size: 29 120001
Chunk bitrate: 29 1000000
Buffer size: 30 120001
Download Time: 1739537
[00007f3d10003378] core mux error: cannot add this stream
[00007f3d100fafa8] core decoder error: cannot create packetizer output (h264)
Chunk bitrate: 30 600000
Buffer size: 30 124001
Chunk bitrate: 30 600000
Buffer size: 31 124001
Download Time: 1059987
[00007f3d10003378] core mux error: cannot add this stream
[00007f3d100c22d8] core decoder error: cannot create packetizer output (h264)
Chunk bitrate: 31 349952
Buffer size: 31 128001
Chunk bitrate: 31 349952
Buffer size: 32 128001
Download Time: 1266261
Download Time: 283972
[00007f3d10003378] core mux error: cannot add this stream
[00007f3d100e3b08] core decoder error: cannot create packetizer output (h264)
Chunk bitrate: 32 349952
Buffer size: 33 132001
Download Time: 855121
Chunk bitrate: 33 1000000
Buffer size: 33 136001
Chunk bitrate: 33 1000000
Buffer size: 34 136001
Download Time: 2117825
[00007f3d10003378] core mux error: cannot add this stream
[00007f3d10132418] core decoder error: cannot create packetizer output (h264)
Chunk bitrate: 34 349952
Buffer size: 34 140001
Download Time: 284117
Chunk bitrate: 34 349952
Buffer size: 35 140001
Download Time: 608044
[00007f3d10003378] core mux error: cannot add this stream
[00007f3d100bdf18] core decoder error: cannot create packetizer output (h264)
Chunk bitrate: 35 600000
Buffer size: 35 144001
Chunk bitrate: 35 600000
Buffer size: 36 144001
Download Time: 1392470
[00007f3d10003378] core mux error: cannot add this stream
[00007f3d100cfd78] core decoder error: cannot create packetizer output (h264)
Chunk bitrate: 36 600000
Buffer size: 37 148001
Download Time: 1382817
Chunk bitrate: 37 349952
Buffer size: 37 152001
Chunk bitrate: 37 349952
Buffer size: 38 152001
Download Time: 575223
[00007f3d10003378] core mux error: cannot add this stream
[00007f3d100c7578] core decoder error: cannot create packetizer output (h264)
Chunk bitrate: 38 1000000
Buffer size: 38 156001
Chunk bitrate: 38 1000000
Buffer size: 39 156001
Download Time: 1180516
[00007f3d10003378] core mux error: cannot add this stream
[00007f3d101284e8] core decoder error: cannot create packetizer output (h264)
Chunk bitrate: 39 349952
Buffer size: 39 160001
Chunk bitrate: 39 349952
Buffer size: 40 160001
Download Time: 526890
[00007f3d10003378] core mux error: cannot add this stream
[00007f3d100c8ec8] core decoder error: cannot create packetizer output (h264)
Chunk bitrate: 40 349952
Buffer size: 41 164001
Chunk bitrate: 41 349952
Buffer size: 42 168001
Download Time: 1060595
Chunk bitrate: 42 349952
Buffer size: 43 172001
Download Time: 727362
Chunk bitrate: 43 600000
Buffer size: 43 176001
Chunk bitrate: 43 600000
Buffer size: 44 176001
Download Time: 1589745
[00007f3d10003378] core mux error: cannot add this stream
[00007f3d101063f8] core decoder error: cannot create packetizer output (h264)
Chunk bitrate: 44 349952
Buffer size: 44 180001
Chunk bitrate: 44 349952
Buffer size: 45 180001
Download Time: 975021
[00007f3d10003378] core mux error: cannot add this stream
[00007f3d100f2dc8] core decoder error: cannot create packetizer output (h264)
Chunk bitrate: 45 349952
Buffer size: 46 184001
Download Time: 733516
Chunk bitrate: 46 600000
Buffer size: 46 188001
Chunk bitrate: 46 600000
Buffer size: 47 188001
Download Time: 1181908
[00007f3d10003378] core mux error: cannot add this stream
[00007f3d1010aa98] core decoder error: cannot create packetizer output (h264)
Chunk bitrate: 47 1000000
Buffer size: 47 192001
Chunk bitrate: 47 1000000
Buffer size: 48 192001
Download Time: 1297966
[00007f3d10003378] core mux error: cannot add this stream
[00007f3d1012bea8] core decoder error: cannot create packetizer output (h264)
Chunk bitrate: 48 600000
Buffer size: 48 196001
Chunk bitrate: 48 600000
Buffer size: 49 196001
Download Time: 897531
[00007f3d10003378] core mux error: cannot add this stream
[00007f3d101168d8] core decoder error: cannot create packetizer output (h264)
Chunk bitrate: 49 349952
Buffer size: 49 200001
Chunk bitrate: 49 349952
Buffer size: 50 200001
Download Time: 856597
[00007f3d10003378] core mux error: cannot add this stream
[00007f3d100dbe78] core decoder error: cannot create packetizer output (h264)
Chunk bitrate: 50 600000
Buffer size: 50 204001
Chunk bitrate: 50 600000
Buffer size: 51 204001
Download Time: 1183020
[00007f3d10003378] core mux error: cannot add this stream
[00007f3d10115f78] core decoder error: cannot create packetizer output (h264)
Chunk bitrate: 51 600000
Buffer size: 52 208001
Download Time: 1631908
Chunk bitrate: 52 349952
Buffer size: 52 212001
Chunk bitrate: 52 349952
Buffer size: 53 212001
Download Time: 1093144
[00007f3d10003378] core mux error: cannot add this stream
[00007f3d100ff6a8] core decoder error: cannot create packetizer output (h264)
Chunk bitrate: 53 349952
Buffer size: 54 216001
Download Time: 975994
Chunk bitrate: 54 349952
Buffer size: 55 220001
Download Time: 771453
Chunk bitrate: 55 349952
Buffer size: 56 224001
Download Time: 729757
Chunk bitrate: 56 600000
Buffer size: 56 228001
Chunk bitrate: 56 600000
Buffer size: 57 228001
Download Time: 844296
[00007f3d10003378] core mux error: cannot add this stream
[00007f3d10116aa8] core decoder error: cannot create packetizer output (h264)
Chunk bitrate: 57 349952
Buffer size: 57 232001
Chunk bitrate: 57 349952
Buffer size: 58 232001
Download Time: 407173
[00007f3d10003378] core mux error: cannot add this stream
[00007f3d100bad88] core decoder error: cannot create packetizer output (h264)
Chunk bitrate: 58 600000
Buffer size: 58 236001
Chunk bitrate: 58 600000
Buffer size: 59 236001
Download Time: 1094044
[00007f3d10003378] core mux error: cannot add this stream
[00007f3d100ba228] core decoder error: cannot create packetizer output (h264)
Chunk bitrate: 59 600000
Buffer size: 60 240001
Download Time: 893121
Chunk bitrate: 60 600000
Buffer size: 61 244001
Download Time: 935741
Chunk bitrate: 61 600000
Buffer size: 62 248001
Download Time: 445416
Chunk bitrate: 62 600000
Buffer size: 63 252001
Download Time: 484766
Chunk bitrate: 63 600000
Buffer size: 64 256001
Download Time: 612373
Chunk bitrate: 64 349952
Buffer size: 64 260001
Chunk bitrate: 64 349952
Buffer size: 65 260001
[00007f3d10003378] ps mux: Close
[00007f3d14007498] idummy demux: command `quit'
[00000000014fc1a8] [cli] lua interface error: Error loading script /home/cs244/vlc/share/lua/intf/cli.luac: lua/intf/modules/host.lua:286: Interrupted.
