[0000000001a3a1e8] core interface error: no suitable interface module
[0000000001971338] core libvlc error: interface "globalhotkeys,none" initialization failed
[0000000001a3a1e8] dbus interface error: Failed to connect to the D-Bus session daemon: Unable to autolaunch a dbus-daemon without a $DISPLAY for X11
[0000000001a3a1e8] core interface error: no suitable interface module
[0000000001971338] core libvlc error: interface "dbus,none" initialization failed
[0000000001971338] core libvlc: Running vlc with the default interface. Use 'cvlc' to use vlc without interface.
[0000000001a3a1e8] qt interface error: Could not connect to X server
[0000000001a3a1e8] skins2 interface error: cannot initialize OSFactory
[0000000001a3a1e8] [cli] lua interface: Listening on host "*console".
VLC media player 3.0.0-git Vetinari
Command Line Interface initialized. Type `help' for help.
> [00007f401c003378] ps mux: Open
making a DASHManager
new ratebased adaptionlogic
Chunk bitrate: 0 349952
Buffer size: 0 0
Chunk bitrate: 0 349952
Buffer size: 0 0
[00007f401c019338] mp4 demux: Fragment sequence discontinuity detected 0 != 2
Download Time: 651975
[00007f401c021748] mp4 demux: Fragment sequence discontinuity detected 0 != 2
Startup Time: 1050000
Chunk bitrate: 0 600000
Buffer size: 0 4001
Chunk bitrate: 0 600000
Buffer size: 1 4001
Download Time: 777545
Chunk bitrate: 1 1000000
Buffer size: 1 8001
Chunk bitrate: 1 1000000
Buffer size: 2 8001
Download Time: 1019546
Chunk bitrate: 2 600000
Buffer size: 2 12001
Chunk bitrate: 2 600000
Buffer size: 3 12001
Download Time: 916445
Chunk bitrate: 3 1000000
Buffer size: 3 16001
Chunk bitrate: 3 1000000
Buffer size: 4 16001
Download Time: 841500
Chunk bitrate: 4 1000000
Buffer size: 5 20001
Download Time: 1464437
Chunk bitrate: 5 1000000
Buffer size: 6 24001
Download Time: 2318342
Chunk bitrate: 6 349952
Buffer size: 6 28001
Chunk bitrate: 6 349952
Buffer size: 7 28001
Download Time: 1016047
Chunk bitrate: 7 349952
Buffer size: 8 32001
Download Time: 849272
Chunk bitrate: 8 600000
Buffer size: 8 36001
Chunk bitrate: 8 600000
Buffer size: 9 36001
Download Time: 655414
Chunk bitrate: 9 600000
Buffer size: 10 40001
Download Time: 970388
Chunk bitrate: 10 600000
Buffer size: 11 44001
Download Time: 841833
Chunk bitrate: 11 1000000
Buffer size: 11 48001
Chunk bitrate: 11 1000000
Buffer size: 12 48001
Download Time: 1108174
Chunk bitrate: 12 349952
Buffer size: 12 52001
Chunk bitrate: 12 349952
Buffer size: 13 52001
Download Time: 581768
Chunk bitrate: 13 600000
Buffer size: 13 56001
Download Time: 350160
Chunk bitrate: 13 600000
Buffer size: 14 56001
Download Time: 914196
Chunk bitrate: 14 600000
Buffer size: 15 60001
Download Time: 746716
Chunk bitrate: 15 600000
Buffer size: 16 64001
Download Time: 739405
Chunk bitrate: 16 600000
Buffer size: 17 68001
Download Time: 910857
Chunk bitrate: 17 600000
Buffer size: 18 72001
Download Time: 682790
Chunk bitrate: 18 600000
Buffer size: 19 76001
Download Time: 579443
Chunk bitrate: 19 600000
Buffer size: 20 80001
Download Time: 945685
Chunk bitrate: 20 349952
Buffer size: 20 84001
Chunk bitrate: 20 349952
Buffer size: 21 84001
Download Time: 295100
Chunk bitrate: 21 600000
Buffer size: 21 88001
Chunk bitrate: 21 600000
Buffer size: 22 88001
Download Time: 1009375
Chunk bitrate: 22 1000000
Buffer size: 22 92001
Chunk bitrate: 22 1000000
Buffer size: 23 92001
Download Time: 1660590
Chunk bitrate: 23 349952
Buffer size: 23 96001
Chunk bitrate: 23 349952
Buffer size: 24 96001
Download Time: 520211
Chunk bitrate: 24 600000
Buffer size: 24 100001
Chunk bitrate: 24 600000
Buffer size: 25 100001
Download Time: 1169652
Chunk bitrate: 25 600000
Buffer size: 26 104001
Download Time: 780344
Download Time: 454350
Chunk bitrate: 26 349952
Buffer size: 26 108001
Chunk bitrate: 26 349952
Buffer size: 27 108001
Download Time: 552221
Chunk bitrate: 27 349952
Buffer size: 28 112001
Download Time: 616301
Chunk bitrate: 28 1000000
Buffer size: 28 116001
Chunk bitrate: 28 1000000
Buffer size: 29 116001
Download Time: 1563284
[00007f401c003378] core mux error: cannot add this stream
[00007f401c119e68] core decoder error: cannot create packetizer output (h264)
Chunk bitrate: 29 600000
Buffer size: 29 120001
Chunk bitrate: 29 600000
Buffer size: 30 120001
Download Time: 707200
[00007f401c003378] core mux error: cannot add this stream
[00007f401c0885f8] core decoder error: cannot create packetizer output (h264)
Chunk bitrate: 30 349952
Buffer size: 30 124001
Chunk bitrate: 30 349952
Buffer size: 31 124001
Download Time: 685264
[00007f401c003378] core mux error: cannot add this stream
[00007f401c04cee8] core decoder error: cannot create packetizer output (h264)
Chunk bitrate: 31 600000
Buffer size: 31 128001
Chunk bitrate: 31 600000
Buffer size: 32 128001
Download Time: 1065417
[00007f401c003378] core mux error: cannot add this stream
[00007f401c0f2278] core decoder error: cannot create packetizer output (h264)
Chunk bitrate: 32 349952
Buffer size: 32 132001
Chunk bitrate: 32 349952
Buffer size: 33 132001
Download Time: 552655
[00007f401c003378] core mux error: cannot add this stream
[00007f401c095c88] core decoder error: cannot create packetizer output (h264)
Chunk bitrate: 33 600000
Buffer size: 33 136001
Chunk bitrate: 33 600000
Buffer size: 34 136001
Download Time: 1335289
[00007f401c003378] core mux error: cannot add this stream
[00007f401c0f88e8] core decoder error: cannot create packetizer output (h264)
Chunk bitrate: 34 349952
Buffer size: 34 140001
Chunk bitrate: 34 349952
Buffer size: 35 140001
Download Time: 783415
[00007f401c003378] core mux error: cannot add this stream
[00007f401c0ad918] core decoder error: cannot create packetizer output (h264)
Chunk bitrate: 35 600000
Buffer size: 35 144001
Chunk bitrate: 35 600000
Buffer size: 36 144001
Download Time: 815891
[00007f401c003378] core mux error: cannot add this stream
[00007f401c0ea738] core decoder error: cannot create packetizer output (h264)
Chunk bitrate: 36 600000
Buffer size: 37 148001
Download Time: 837927
Chunk bitrate: 37 600000
Buffer size: 38 152001
Download Time: 816424
Chunk bitrate: 38 2000000
Buffer size: 38 156001
Chunk bitrate: 38 2000000
Buffer size: 39 156001
Download Time: 2078243
[00007f401c003378] core mux error: cannot add this stream
[00007f401c087108] core decoder error: cannot create packetizer output (h264)
Chunk bitrate: 39 600000
Buffer size: 39 160001
Chunk bitrate: 39 600000
Buffer size: 40 160001
Download Time: 873843
[00007f401c003378] core mux error: cannot add this stream
[00007f401c0f07e8] core decoder error: cannot create packetizer output (h264)
Chunk bitrate: 40 600000
Buffer size: 41 164001
Download Time: 848377
Chunk bitrate: 41 600000
Buffer size: 42 168001
Download Time: 745002
Chunk bitrate: 42 600000
Buffer size: 43 172001
Download Time: 747211
Chunk bitrate: 43 1000000
Buffer size: 43 176001
Chunk bitrate: 43 1000000
Buffer size: 44 176001
Download Time: 1430921
[00007f401c003378] core mux error: cannot add this stream
[00007f401c128ac8] core decoder error: cannot create packetizer output (h264)
Chunk bitrate: 44 1000000
Buffer size: 45 180001
Download Time: 1533465
Chunk bitrate: 45 600000
Buffer size: 45 184001
Chunk bitrate: 45 600000
Buffer size: 46 184001
Download Time: 836119
[00007f401c003378] core mux error: cannot add this stream
[00007f401c0ebb48] core decoder error: cannot create packetizer output (h264)
Chunk bitrate: 46 349952
Buffer size: 46 188001
Chunk bitrate: 46 349952
Buffer size: 47 188001
Download Time: 558011
[00007f401c003378] core mux error: cannot add this stream
[00007f401c0f6108] core decoder error: cannot create packetizer output (h264)
Chunk bitrate: 47 600000
Buffer size: 47 192001
Chunk bitrate: 47 600000
Buffer size: 48 192001
Download Time: 522434
[00007f401c003378] core mux error: cannot add this stream
[00007f401c108318] core decoder error: cannot create packetizer output (h264)
Chunk bitrate: 48 1000000
Buffer size: 48 196001
Chunk bitrate: 48 1000000
Buffer size: 49 196001
Download Time: 1907661
[00007f401c003378] core mux error: cannot add this stream
[00007f401c14bb88] core decoder error: cannot create packetizer output (h264)
Chunk bitrate: 49 1000000
Buffer size: 50 200001
Download Time: 1395546
Chunk bitrate: 50 349952
Buffer size: 50 204001
Chunk bitrate: 50 349952
Buffer size: 51 204001
Download Time: 585464
[00007f401c003378] core mux error: cannot add this stream
[00007f401c13a688] core decoder error: cannot create packetizer output (h264)
Chunk bitrate: 51 600000
Buffer size: 51 208001
Chunk bitrate: 51 600000
Buffer size: 52 208001
Download Time: 649724
[00007f401c003378] core mux error: cannot add this stream
[00007f401c118258] core decoder error: cannot create packetizer output (h264)
Chunk bitrate: 52 600000
Buffer size: 53 212001
Download Time: 616258
Chunk bitrate: 53 600000
Buffer size: 54 216001
Download Time: 905314
Chunk bitrate: 54 349952
Buffer size: 54 220001
Chunk bitrate: 54 349952
Buffer size: 55 220001
Download Time: 619453
[00007f401c003378] core mux error: cannot add this stream
[00007f401c10b6c8] core decoder error: cannot create packetizer output (h264)
Chunk bitrate: 55 1000000
Buffer size: 55 224001
Chunk bitrate: 55 1000000
Buffer size: 56 224001
Download Time: 1170823
[00007f401c003378] core mux error: cannot add this stream
[00007f401c091eb8] core decoder error: cannot create packetizer output (h264)
Chunk bitrate: 56 600000
Buffer size: 56 228001
Chunk bitrate: 56 600000
Buffer size: 57 228001
Download Time: 651003
[00007f401c003378] core mux error: cannot add this stream
[00007f401c0dc518] core decoder error: cannot create packetizer output (h264)
Chunk bitrate: 57 600000
Buffer size: 58 232001
Download Time: 324148
Chunk bitrate: 58 600000
Buffer size: 59 236001
Download Time: 1066753
Chunk bitrate: 59 349952
Buffer size: 59 240001
Chunk bitrate: 59 349952
Buffer size: 60 240001
Download Time: 672004
[00007f401c003378] core mux error: cannot add this stream
[00007f401c0e9c88] core decoder error: cannot create packetizer output (h264)
Chunk bitrate: 60 600000
Buffer size: 60 244001
Chunk bitrate: 60 600000
Buffer size: 61 244001
Download Time: 1007264
[00007f401c003378] core mux error: cannot add this stream
[00007f401c132798] core decoder error: cannot create packetizer output (h264)
Chunk bitrate: 61 600000
Buffer size: 62 248001
Download Time: 387722
Chunk bitrate: 62 600000
Buffer size: 63 252001
Download Time: 424085
Chunk bitrate: 63 349952
Buffer size: 63 256001
Chunk bitrate: 63 349952
Buffer size: 64 256001
Download Time: 555658
[00007f401c003378] core mux error: cannot add this stream
[00007f401c0c1df8] core decoder error: cannot create packetizer output (h264)
Chunk bitrate: 64 600000
Buffer size: 64 260001
Chunk bitrate: 64 600000
Buffer size: 65 260001
[00007f401c003378] ps mux: Close
[00007f4018001348] idummy demux: command `quit'
[0000000001a3a1e8] [cli] lua interface error: Error loading script /home/cs244/vlc/share/lua/intf/cli.luac: lua/intf/modules/host.lua:286: Interrupted.
