[000000000158f1a8] core interface error: no suitable interface module
[00000000014c6338] core libvlc error: interface "globalhotkeys,none" initialization failed
[000000000158f1a8] dbus interface error: Failed to connect to the D-Bus session daemon: Unable to autolaunch a dbus-daemon without a $DISPLAY for X11
[000000000158f1a8] core interface error: no suitable interface module
[00000000014c6338] core libvlc error: interface "dbus,none" initialization failed
[00000000014c6338] core libvlc: Running vlc with the default interface. Use 'cvlc' to use vlc without interface.
[000000000158f1a8] qt interface error: Could not connect to X server
[000000000158f1a8] skins2 interface error: cannot initialize OSFactory
[000000000158f1a8] [cli] lua interface: Listening on host "*console".
VLC media player 3.0.0-git Vetinari
Command Line Interface initialized. Type `help' for help.
> [00007fd760003378] ps mux: Open
making a DASHManager
new ratebased adaptionlogic
Chunk bitrate: 0 349952
Buffer size: 0 0
Chunk bitrate: 0 349952
Buffer size: 0 0
[00007fd760027948] mp4 demux: Fragment sequence discontinuity detected 0 != 2
Download Time: 1063408
[00007fd760027d48] mp4 demux: Fragment sequence discontinuity detected 0 != 2
Startup Time: 1050000
Chunk bitrate: 0 349952
Buffer size: 1 4001
Download Time: 1382389
Chunk bitrate: 1 600000
Buffer size: 1 8001
Chunk bitrate: 1 600000
Buffer size: 2 8001
Download Time: 1703607
Chunk bitrate: 2 600000
Buffer size: 3 12001
Download Time: 2204264
Chunk bitrate: 3 349952
Buffer size: 3 16001
Chunk bitrate: 3 349952
Buffer size: 4 16001
Download Time: 978883
Chunk bitrate: 4 349952
Buffer size: 5 20001
Download Time: 1259672
Chunk bitrate: 5 349952
Buffer size: 6 24001
Download Time: 806788
Chunk bitrate: 6 600000
Buffer size: 6 28001
Chunk bitrate: 6 600000
Buffer size: 7 28001
Download Time: 1265983
Chunk bitrate: 7 349952
Buffer size: 7 32001
Chunk bitrate: 7 349952
Buffer size: 8 32001
Download Time: 857792
Chunk bitrate: 8 349952
Buffer size: 9 36001
Download Time: 1179145
Chunk bitrate: 9 349952
Buffer size: 10 40001
Download Time: 934613
Chunk bitrate: 10 349952
Buffer size: 11 44001
Download Time: 931821
Chunk bitrate: 11 349952
Buffer size: 12 48001
Download Time: 936752
Chunk bitrate: 12 349952
Buffer size: 13 52001
Download Time: 939772
Chunk bitrate: 13 349952
Buffer size: 14 56001
Download Time: 850503
Chunk bitrate: 14 349952
Buffer size: 15 60001
Download Time: 1099600
Chunk bitrate: 15 349952
Buffer size: 16 64001
Download Time: 898407
Chunk bitrate: 16 349952
Buffer size: 17 68001
Download Time: 895767
Chunk bitrate: 17 349952
Buffer size: 18 72001
Download Time: 1138288
Chunk bitrate: 18 349952
Buffer size: 19 76001
Download Time: 854257
Chunk bitrate: 19 349952
Buffer size: 20 80001
Download Time: 1512926
Chunk bitrate: 20 349952
Buffer size: 21 84001
Download Time: 608359
Chunk bitrate: 21 349952
Buffer size: 22 88001
Download Time: 687812
Chunk bitrate: 22 349952
Buffer size: 23 92001
Download Time: 930349
Chunk bitrate: 23 349952
Buffer size: 24 96001
Download Time: 897073
Chunk bitrate: 24 600000
Buffer size: 24 100001
Chunk bitrate: 24 600000
Buffer size: 25 100001
Download Time: 1381680
Chunk bitrate: 25 349952
Buffer size: 25 104001
Chunk bitrate: 25 349952
Buffer size: 26 104001
Download Time: 1017059
Chunk bitrate: 26 349952
Buffer size: 27 108001
Download Time: 651921
Chunk bitrate: 27 349952
Buffer size: 28 112001
Download Time: 971098
Chunk bitrate: 28 349952
Buffer size: 29 116001
Download Time: 1020860
Chunk bitrate: 29 349952
Buffer size: 30 120001
Download Time: 897651
Chunk bitrate: 30 600000
Buffer size: 30 124001
Chunk bitrate: 30 600000
Buffer size: 31 124001
Download Time: 1182731
Chunk bitrate: 31 349952
Buffer size: 31 128001
Chunk bitrate: 31 349952
Buffer size: 32 128001
Download Time: 1140437
Chunk bitrate: 32 349952
Buffer size: 33 132001
Download Time: 1094934
Chunk bitrate: 33 349952
Buffer size: 34 136001
Download Time: 984411
Chunk bitrate: 34 349952
Buffer size: 35 140001
Download Time: 900693
Chunk bitrate: 35 349952
Buffer size: 36 144001
Download Time: 855767
Chunk bitrate: 36 349952
Buffer size: 37 148001
Download Time: 1183499
Chunk bitrate: 37 349952
Buffer size: 38 152001
Download Time: 1057902
Chunk bitrate: 38 600000
Buffer size: 38 156001
Chunk bitrate: 38 600000
Buffer size: 39 156001
Download Time: 1717819
Chunk bitrate: 39 349952
Buffer size: 39 160001
Chunk bitrate: 39 349952
Buffer size: 40 160001
Download Time: 1059297
Chunk bitrate: 40 349952
Buffer size: 41 164001
Download Time: 1015065
Chunk bitrate: 41 600000
Buffer size: 41 168001
Chunk bitrate: 41 600000
Buffer size: 42 168001
Download Time: 1586233
Chunk bitrate: 42 349952
Buffer size: 42 172001
Chunk bitrate: 42 349952
Buffer size: 43 172001
Download Time: 1015310
Chunk bitrate: 43 349952
Buffer size: 44 176001
Download Time: 1059571
Chunk bitrate: 44 349952
Buffer size: 45 180001
Download Time: 976976
Chunk bitrate: 45 600000
Buffer size: 45 184001
Chunk bitrate: 45 600000
Buffer size: 46 184001
Download Time: 4743881
Chunk bitrate: 46 349952
Buffer size: 46 188001
Chunk bitrate: 46 349952
Buffer size: 47 188001
Download Time: 1022298
Chunk bitrate: 47 349952
Buffer size: 48 192001
Download Time: 936004
Chunk bitrate: 48 349952
Buffer size: 49 196001
Download Time: 896670
Chunk bitrate: 49 349952
Buffer size: 50 200001
Download Time: 1221827
Chunk bitrate: 50 349952
Buffer size: 51 204001
Download Time: 688184
Chunk bitrate: 51 349952
Buffer size: 52 208001
Download Time: 1666290
Chunk bitrate: 52 600000
Buffer size: 52 212001
Chunk bitrate: 52 600000
Buffer size: 53 212001
Download Time: 1428952
Chunk bitrate: 53 349952
Buffer size: 53 216001
Chunk bitrate: 53 349952
Buffer size: 54 216001
Download Time: 732515
[00007fd760003378] core mux error: cannot add this stream
[00007fd7600e6708] core decoder error: cannot create packetizer output (h264)
Chunk bitrate: 54 349952
Buffer size: 55 220001
Download Time: 976846
Chunk bitrate: 55 349952
Buffer size: 56 224001
Download Time: 818874
Chunk bitrate: 56 349952
Buffer size: 57 228001
Download Time: 653617
Chunk bitrate: 57 349952
Buffer size: 58 232001
Download Time: 407940
Chunk bitrate: 58 349952
Buffer size: 59 236001
Download Time: 1259698
Chunk bitrate: 59 349952
Buffer size: 60 240001
Download Time: 1017457
Chunk bitrate: 60 349952
Buffer size: 61 244001
Download Time: 1101554
Chunk bitrate: 61 349952
Buffer size: 62 248001
Download Time: 406936
Chunk bitrate: 62 349952
Buffer size: 63 252001
Download Time: 651892
Chunk bitrate: 63 349952
Buffer size: 64 256001
Download Time: 855939
Chunk bitrate: 64 349952
Buffer size: 65 260001
[00007fd760003378] ps mux: Close
[00007fd75c001348] idummy demux: command `quit'
[000000000158f1a8] [cli] lua interface error: Error loading script /home/cs244/vlc/share/lua/intf/cli.luac: lua/intf/modules/host.lua:286: Interrupted.
