[00000000007341a8] core interface error: no suitable interface module
[000000000066b338] core libvlc error: interface "globalhotkeys,none" initialization failed
[00000000007341a8] dbus interface error: Failed to connect to the D-Bus session daemon: Unable to autolaunch a dbus-daemon without a $DISPLAY for X11
[00000000007341a8] core interface error: no suitable interface module
[000000000066b338] core libvlc error: interface "dbus,none" initialization failed
[000000000066b338] core libvlc: Running vlc with the default interface. Use 'cvlc' to use vlc without interface.
[00000000007341a8] qt interface error: Could not connect to X server
[00000000007341a8] skins2 interface error: cannot initialize OSFactory
[00000000007341a8] [cli] lua interface: Listening on host "*console".
VLC media player 3.0.0-git Vetinari
Command Line Interface initialized. Type `help' for help.
> [00007f9d40003378] ps mux: Open
making a DASHManager
new ratebased adaptionlogic
Chunk bitrate: 0 349952
Buffer size: 0 0
Chunk bitrate: 0 349952
Buffer size: 0 0
[00007f9d400248f8] mp4 demux: Fragment sequence discontinuity detected 0 != 2
Download Time: 1705719
[00007f9d40017968] mp4 demux: Fragment sequence discontinuity detected 0 != 2
Startup Time: 1050000
Chunk bitrate: 0 349952
Buffer size: 1 4001
Download Time: 1580938
Chunk bitrate: 1 349952
Buffer size: 2 8001
Download Time: 929115
Chunk bitrate: 2 349952
Buffer size: 3 12001
Download Time: 1387843
Chunk bitrate: 3 349952
Buffer size: 4 16001
Download Time: 1301190
Chunk bitrate: 4 349952
Buffer size: 5 20001
Download Time: 1504596
Chunk bitrate: 5 349952
Buffer size: 6 24001
Download Time: 1018420
Chunk bitrate: 6 349952
Buffer size: 7 28001
Download Time: 1100252
Chunk bitrate: 7 349952
Buffer size: 8 32001
Download Time: 1261808
Chunk bitrate: 8 349952
Buffer size: 9 36001
Download Time: 1139485
Chunk bitrate: 9 349952
Buffer size: 10 40001
Download Time: 1141524
Chunk bitrate: 10 349952
Buffer size: 11 44001
Download Time: 1092144
Chunk bitrate: 11 349952
Buffer size: 12 48001
Download Time: 1423130
Chunk bitrate: 12 349952
Buffer size: 13 52001
Download Time: 1262498
Chunk bitrate: 13 349952
Buffer size: 14 56001
Download Time: 1224508
Chunk bitrate: 14 349952
Buffer size: 15 60001
Download Time: 1098419
Chunk bitrate: 15 349952
Buffer size: 16 64001
Download Time: 1181614
Chunk bitrate: 16 349952
Buffer size: 17 68001
Download Time: 1342129
Chunk bitrate: 17 349952
Buffer size: 18 72001
Download Time: 1260530
Chunk bitrate: 18 349952
Buffer size: 19 76001
Download Time: 1017394
Chunk bitrate: 19 349952
Buffer size: 20 80001
Download Time: 1138787
Chunk bitrate: 20 349952
Buffer size: 21 84001
Download Time: 931786
Chunk bitrate: 21 349952
Buffer size: 22 88001
Download Time: 1016389
Chunk bitrate: 22 349952
Buffer size: 23 92001
Download Time: 1219403
Chunk bitrate: 23 349952
Buffer size: 24 96001
Download Time: 1422353
Chunk bitrate: 24 349952
Buffer size: 25 100001
Download Time: 1016575
Chunk bitrate: 25 349952
Buffer size: 26 104001
Download Time: 1422019
Chunk bitrate: 26 349952
Buffer size: 27 108001
Download Time: 734006
Chunk bitrate: 27 349952
Buffer size: 28 112001
Download Time: 1259296
Chunk bitrate: 28 349952
Buffer size: 29 116001
Download Time: 1469928
Chunk bitrate: 29 349952
Buffer size: 30 120001
Download Time: 1301435
Chunk bitrate: 30 349952
Buffer size: 31 124001
Download Time: 1634140
Chunk bitrate: 31 349952
Buffer size: 32 128001
Download Time: 1015979
Chunk bitrate: 32 349952
Buffer size: 33 132001
Download Time: 1671396
Chunk bitrate: 33 349952
Buffer size: 34 136001
Download Time: 1306358
Chunk bitrate: 34 349952
Buffer size: 35 140001
Download Time: 1176181
Chunk bitrate: 35 349952
Buffer size: 36 144001
Download Time: 1135946
Chunk bitrate: 36 349952
Buffer size: 37 148001
Download Time: 1470825
Chunk bitrate: 37 349952
Buffer size: 38 152001
Download Time: 1467030
Chunk bitrate: 38 600000
Buffer size: 38 156001
Chunk bitrate: 38 600000
Buffer size: 39 156001
Download Time: 1709160
Chunk bitrate: 39 349952
Buffer size: 39 160001
Chunk bitrate: 39 349952
Buffer size: 40 160001
Download Time: 973411
Chunk bitrate: 40 349952
Buffer size: 41 164001
Download Time: 1340901
Chunk bitrate: 41 349952
Buffer size: 42 168001
Download Time: 1101029
Chunk bitrate: 42 349952
Buffer size: 43 172001
Download Time: 1049071
Chunk bitrate: 43 349952
Buffer size: 44 176001
Download Time: 1097026
Chunk bitrate: 44 349952
Buffer size: 45 180001
Download Time: 1383234
Chunk bitrate: 45 349952
Buffer size: 46 184001
Download Time: 1827802
Chunk bitrate: 46 349952
Buffer size: 47 188001
Download Time: 1018407
Chunk bitrate: 47 349952
Buffer size: 48 192001
Download Time: 1012978
Chunk bitrate: 48 349952
Buffer size: 49 196001
Download Time: 1259631
Chunk bitrate: 49 349952
Buffer size: 50 200001
Download Time: 1100439
Chunk bitrate: 50 349952
Buffer size: 51 204001
Download Time: 1101733
Chunk bitrate: 51 600000
Buffer size: 51 208001
Chunk bitrate: 51 600000
Buffer size: 52 208001
Download Time: 1793931
Chunk bitrate: 52 349952
Buffer size: 52 212001
Chunk bitrate: 52 349952
Buffer size: 53 212001
Download Time: 1137609
Chunk bitrate: 53 349952
Buffer size: 54 216001
Download Time: 1019518
Chunk bitrate: 54 349952
Buffer size: 55 220001
Download Time: 1389581
Chunk bitrate: 55 349952
Buffer size: 56 224001
Download Time: 1142216
Chunk bitrate: 56 349952
Buffer size: 57 228001
Download Time: 855132
Chunk bitrate: 57 349952
Buffer size: 58 232001
Download Time: 526636
Chunk bitrate: 58 349952
Buffer size: 59 236001
Download Time: 2326406
Chunk bitrate: 59 349952
Buffer size: 60 240001
Download Time: 973390
Chunk bitrate: 60 349952
Buffer size: 61 244001
Download Time: 1137208
Chunk bitrate: 61 349952
Buffer size: 62 248001
Download Time: 975230
Chunk bitrate: 62 349952
Buffer size: 63 252001
Download Time: 525782
Chunk bitrate: 63 600000
Buffer size: 63 256001
Chunk bitrate: 63 600000
Buffer size: 64 256001
Download Time: 976318
Chunk bitrate: 64 600000
Buffer size: 65 260001
[00007f9d40003378] ps mux: Close
[00007f9d34004258] idummy demux: command `quit'
[00000000007341a8] [cli] lua interface error: Error loading script /home/cs244/vlc/share/lua/intf/cli.luac: lua/intf/modules/host.lua:286: Interrupted.
