[000000000239c548] core interface error: no suitable interface module
[00000000022d5338] core libvlc error: interface "globalhotkeys,none" initialization failed
[000000000239c548] dbus interface error: Failed to connect to the D-Bus session daemon: Unable to autolaunch a dbus-daemon without a $DISPLAY for X11
[000000000239c548] core interface error: no suitable interface module
[00000000022d5338] core libvlc error: interface "dbus,none" initialization failed
[00000000022d5338] core libvlc: Running vlc with the default interface. Use 'cvlc' to use vlc without interface.
[000000000239c548] qt interface error: Could not connect to X server
[000000000239c548] skins2 interface error: cannot initialize OSFactory
[000000000239c548] [cli] lua interface: Listening on host "*console".
VLC media player 3.0.0-git Vetinari
Command Line Interface initialized. Type `help' for help.
> [00007f51b4003378] ps mux: Open
making a DASHManager
new ratebased adaptionlogic
Chunk bitrate: 0 349952
Buffer size: 0 0
Chunk bitrate: 0 349952
Buffer size: 0 0
[00007f51b4024b78] mp4 demux: Fragment sequence discontinuity detected 0 != 2
Download Time: 734851
[00007f51b4026998] mp4 demux: Fragment sequence discontinuity detected 0 != 2
Startup Time: 1050000
Chunk bitrate: 0 1000000
Buffer size: 0 4001
Chunk bitrate: 0 1000000
Buffer size: 1 4001
Download Time: 2014970
Chunk bitrate: 1 1000000
Buffer size: 2 8001
Download Time: 1472281
Chunk bitrate: 2 1000000
Buffer size: 3 12001
Download Time: 1931191
Chunk bitrate: 3 1000000
Buffer size: 4 16001
Download Time: 1636001
Chunk bitrate: 4 1000000
Buffer size: 5 20001
Download Time: 2302330
Chunk bitrate: 5 1000000
Buffer size: 6 24001
Download Time: 1376383
Chunk bitrate: 6 1000000
Buffer size: 7 28001
Download Time: 1497079
Chunk bitrate: 7 1000000
Buffer size: 8 32001
Download Time: 2150131
Chunk bitrate: 8 1000000
Buffer size: 9 36001
Download Time: 1835719
Chunk bitrate: 9 1000000
Buffer size: 10 40001
Download Time: 1649117
Chunk bitrate: 10 1000000
Buffer size: 11 44001
Download Time: 1850308
Chunk bitrate: 11 1000000
Buffer size: 12 48001
Download Time: 2162098
Chunk bitrate: 12 1000000
Buffer size: 13 52001
Download Time: 1935762
Chunk bitrate: 13 1000000
Buffer size: 14 56001
Download Time: 1661726
Chunk bitrate: 14 1000000
Buffer size: 15 60001
Download Time: 1456987
Chunk bitrate: 15 1000000
Buffer size: 16 64001
Download Time: 1920697
Chunk bitrate: 16 1000000
Buffer size: 17 68001
Download Time: 1610723
Chunk bitrate: 17 1000000
Buffer size: 18 72001
Download Time: 1921618
Chunk bitrate: 18 1000000
Buffer size: 19 76001
Download Time: 1061192
Chunk bitrate: 19 1000000
Buffer size: 20 80001
Download Time: 1821640
Chunk bitrate: 20 1000000
Buffer size: 21 84001
Download Time: 1182318
Chunk bitrate: 21 1000000
Buffer size: 22 88001
Download Time: 1646124
Chunk bitrate: 22 1000000
Buffer size: 23 92001
Download Time: 2081098
Chunk bitrate: 23 1000000
Buffer size: 24 96001
Download Time: 1953955
Chunk bitrate: 24 1000000
Buffer size: 25 100001
Download Time: 1751262
Chunk bitrate: 25 1000000
Buffer size: 26 104001
Download Time: 1674994
Chunk bitrate: 26 1000000
Buffer size: 27 108001
Download Time: 996873
Chunk bitrate: 27 1000000
Buffer size: 28 112001
Download Time: 1965873
Chunk bitrate: 28 1000000
Buffer size: 29 116001
Download Time: 1947454
Chunk bitrate: 29 1000000
Buffer size: 30 120001
Download Time: 1475475
Chunk bitrate: 30 1000000
Buffer size: 31 124001
Download Time: 1541797
Chunk bitrate: 31 1000000
Buffer size: 32 128001
Download Time: 2120640
Chunk bitrate: 32 1000000
Buffer size: 33 132001
Download Time: 1821690
Chunk bitrate: 33 1000000
Buffer size: 34 136001
Download Time: 1996743
Chunk bitrate: 34 1000000
Buffer size: 35 140001
Download Time: 1735936
Chunk bitrate: 35 1000000
Buffer size: 36 144001
Download Time: 1460475
Chunk bitrate: 36 1000000
Buffer size: 37 148001
Download Time: 2043151
Chunk bitrate: 37 1000000
Buffer size: 38 152001
Download Time: 1954586
Chunk bitrate: 38 1000000
Buffer size: 39 156001
Download Time: 1661396
Chunk bitrate: 39 1000000
Buffer size: 40 160001
Download Time: 1425818
Chunk bitrate: 40 1000000
Buffer size: 41 164001
Download Time: 2147638
Chunk bitrate: 41 1000000
Buffer size: 42 168001
Download Time: 1746326
Chunk bitrate: 42 1000000
Buffer size: 43 172001
Download Time: 1980940
Chunk bitrate: 43 1000000
Buffer size: 44 176001
Download Time: 1551890
Chunk bitrate: 44 1000000
Buffer size: 45 180001
Download Time: 1770651
Chunk bitrate: 45 1000000
Buffer size: 46 184001
Download Time: 1831470
Chunk bitrate: 46 1000000
Buffer size: 47 188001
Download Time: 1885728
Chunk bitrate: 47 1000000
Buffer size: 48 192001
Download Time: 1365982
Chunk bitrate: 48 1000000
Buffer size: 49 196001
Download Time: 1876611
Chunk bitrate: 49 1000000
Buffer size: 50 200001
Download Time: 1767368
Chunk bitrate: 50 1000000
Buffer size: 51 204001
Download Time: 1450665
Chunk bitrate: 51 1000000
Buffer size: 52 208001
Download Time: 1800076
Chunk bitrate: 52 1000000
Buffer size: 53 212001
Download Time: 1611824
Chunk bitrate: 53 1000000
Buffer size: 54 216001
Download Time: 2001446
Chunk bitrate: 54 1000000
Buffer size: 55 220001
Download Time: 1821239
Chunk bitrate: 55 1000000
Buffer size: 56 224001
Download Time: 1990821
Chunk bitrate: 56 1000000
Buffer size: 57 228001
Download Time: 1210223
Chunk bitrate: 57 1000000
Buffer size: 58 232001
Download Time: 556304
Chunk bitrate: 58 1000000
Buffer size: 59 236001
Download Time: 2130148
Chunk bitrate: 59 1000000
Buffer size: 60 240001
Download Time: 1605409
Chunk bitrate: 60 1000000
Buffer size: 61 244001
Download Time: 1670316
Chunk bitrate: 61 1000000
Buffer size: 62 248001
Download Time: 601093
Chunk bitrate: 62 1000000
Buffer size: 63 252001
Download Time: 451196
Chunk bitrate: 63 1000000
Buffer size: 64 256001
Download Time: 835336
Chunk bitrate: 64 1000000
Buffer size: 65 260001
[00007f51b4003378] ps mux: Close
[00007f51b0001528] idummy demux: command `quit'
[000000000239c548] [cli] lua interface error: Error loading script /home/cs244/vlc/share/lua/intf/cli.luac: lua/intf/modules/host.lua:286: Interrupted.
