[00000000011321e8] core interface error: no suitable interface module
[0000000001069338] core libvlc error: interface "globalhotkeys,none" initialization failed
[00000000011321e8] dbus interface error: Failed to connect to the D-Bus session daemon: Unable to autolaunch a dbus-daemon without a $DISPLAY for X11
[00000000011321e8] core interface error: no suitable interface module
[0000000001069338] core libvlc error: interface "dbus,none" initialization failed
[0000000001069338] core libvlc: Running vlc with the default interface. Use 'cvlc' to use vlc without interface.
[00000000011321e8] qt interface error: Could not connect to X server
[00000000011321e8] skins2 interface error: cannot initialize OSFactory
[00000000011321e8] [cli] lua interface: Listening on host "*console".
VLC media player 3.0.0-git Vetinari
Command Line Interface initialized. Type `help' for help.
> [00007f68a0003378] ps mux: Open
making a DASHManager
new ratebased adaptionlogic
Chunk bitrate: 0 349952
Buffer size: 0 0
Chunk bitrate: 0 349952
Buffer size: 0 0
[00007f68a00253e8] mp4 demux: Fragment sequence discontinuity detected 0 != 2
Download Time: 1541859
[00007f68a0017fa8] mp4 demux: Fragment sequence discontinuity detected 0 != 2
Startup Time: 1050000
Chunk bitrate: 0 349952
Buffer size: 1 4001
Download Time: 1541057
Chunk bitrate: 1 600000
Buffer size: 1 8001
Chunk bitrate: 1 600000
Buffer size: 2 8001
Download Time: 1807133
Chunk bitrate: 2 600000
Buffer size: 3 12001
Download Time: 2506196
Chunk bitrate: 3 600000
Buffer size: 4 16001
Download Time: 1857256
Chunk bitrate: 4 600000
Buffer size: 5 20001
Download Time: 2776722
Chunk bitrate: 5 600000
Buffer size: 6 24001
Download Time: 1706735
Chunk bitrate: 6 600000
Buffer size: 7 28001
Download Time: 1907449
Chunk bitrate: 7 600000
Buffer size: 8 32001
Download Time: 2297097
Chunk bitrate: 8 600000
Buffer size: 9 36001
Download Time: 2346387
Chunk bitrate: 9 600000
Buffer size: 10 40001
Download Time: 2196372
Chunk bitrate: 10 600000
Buffer size: 11 44001
Download Time: 1877089
Chunk bitrate: 11 600000
Buffer size: 12 48001
Download Time: 2527453
Chunk bitrate: 12 600000
Buffer size: 13 52001
Download Time: 2236783
Chunk bitrate: 13 600000
Buffer size: 14 56001
Download Time: 2186295
Chunk bitrate: 14 600000
Buffer size: 15 60001
Download Time: 1986001
Chunk bitrate: 15 600000
Buffer size: 16 64001
Download Time: 2167048
Chunk bitrate: 16 600000
Buffer size: 17 68001
Download Time: 2113738
Chunk bitrate: 17 600000
Buffer size: 18 72001
Download Time: 2156733
Chunk bitrate: 18 600000
Buffer size: 19 76001
Download Time: 1466563
Chunk bitrate: 19 600000
Buffer size: 20 80001
Download Time: 2485801
Chunk bitrate: 20 600000
Buffer size: 21 84001
Download Time: 1465330
Chunk bitrate: 21 600000
Buffer size: 22 88001
Download Time: 2147396
Chunk bitrate: 22 600000
Buffer size: 23 92001
Download Time: 2546144
Chunk bitrate: 23 600000
Buffer size: 24 96001
Download Time: 2460633
Chunk bitrate: 24 600000
Buffer size: 25 100001
Download Time: 2196166
Chunk bitrate: 25 600000
Buffer size: 26 104001
Download Time: 2097259
Chunk bitrate: 26 600000
Buffer size: 27 108001
Download Time: 1387630
Chunk bitrate: 27 600000
Buffer size: 28 112001
Download Time: 2386383
Chunk bitrate: 28 600000
Buffer size: 29 116001
Download Time: 2566819
Chunk bitrate: 29 600000
Buffer size: 30 120001
Download Time: 1836332
Chunk bitrate: 30 600000
Buffer size: 31 124001
Download Time: 1993566
Chunk bitrate: 31 600000
Buffer size: 32 128001
Download Time: 2497254
Chunk bitrate: 32 600000
Buffer size: 33 132001
Download Time: 2156670
Chunk bitrate: 33 600000
Buffer size: 34 136001
Download Time: 2305857
Chunk bitrate: 34 600000
Buffer size: 35 140001
Download Time: 2116554
Chunk bitrate: 35 600000
Buffer size: 36 144001
Download Time: 1836905
Chunk bitrate: 36 600000
Buffer size: 37 148001
Download Time: 2396523
Chunk bitrate: 37 600000
Buffer size: 38 152001
Download Time: 2356298
Chunk bitrate: 38 600000
Buffer size: 39 156001
Download Time: 1937149
Chunk bitrate: 39 600000
Buffer size: 40 160001
Download Time: 1836206
Chunk bitrate: 40 600000
Buffer size: 41 164001
Download Time: 2507176
Chunk bitrate: 41 600000
Buffer size: 42 168001
Download Time: 2116700
Chunk bitrate: 42 600000
Buffer size: 43 172001
Download Time: 2259919
Chunk bitrate: 43 600000
Buffer size: 44 176001
Download Time: 2110056
Chunk bitrate: 44 600000
Buffer size: 45 180001
Download Time: 2085755
Chunk bitrate: 45 600000
Buffer size: 46 184001
Download Time: 2287206
Chunk bitrate: 46 600000
Buffer size: 47 188001
Download Time: 2006421
Chunk bitrate: 47 600000
Buffer size: 48 192001
Download Time: 1876472
Chunk bitrate: 48 600000
Buffer size: 49 196001
Download Time: 2326876
Chunk bitrate: 49 600000
Buffer size: 50 200001
Download Time: 2202583
Chunk bitrate: 50 600000
Buffer size: 51 204001
Download Time: 1906097
Chunk bitrate: 51 600000
Buffer size: 52 208001
Download Time: 2196697
Chunk bitrate: 52 600000
Buffer size: 53 212001
Download Time: 2085789
Chunk bitrate: 53 600000
Buffer size: 54 216001
Download Time: 2076670
Chunk bitrate: 54 600000
Buffer size: 55 220001
Download Time: 2316155
Chunk bitrate: 55 600000
Buffer size: 56 224001
Download Time: 2156270
Chunk bitrate: 56 600000
Buffer size: 57 228001
Download Time: 1615865
Chunk bitrate: 57 600000
Buffer size: 58 232001
Download Time: 686647
Chunk bitrate: 58 600000
Buffer size: 59 236001
Download Time: 2697457
Chunk bitrate: 59 600000
Buffer size: 60 240001
Download Time: 2146468
Chunk bitrate: 60 600000
Buffer size: 61 244001
Download Time: 2232381
Chunk bitrate: 61 600000
Buffer size: 62 248001
Download Time: 706240
Chunk bitrate: 62 600000
Buffer size: 63 252001
Download Time: 576746
Chunk bitrate: 63 600000
Buffer size: 64 256001
Download Time: 1157468
Chunk bitrate: 64 600000
Buffer size: 65 260001
[00007f68a0003378] ps mux: Close
[00007f68980010a8] idummy demux: command `quit'
[00000000011321e8] [cli] lua interface error: Error loading script /home/cs244/vlc/share/lua/intf/cli.luac: lua/intf/modules/host.lua:286: Interrupted.
