[0000000001b92768] core interface error: no suitable interface module
[0000000001ad0338] core libvlc error: interface "globalhotkeys,none" initialization failed
[0000000001b92768] dbus interface error: Failed to connect to the D-Bus session daemon: Unable to autolaunch a dbus-daemon without a $DISPLAY for X11
[0000000001b92768] core interface error: no suitable interface module
[0000000001ad0338] core libvlc error: interface "dbus,none" initialization failed
[0000000001ad0338] core libvlc: Running vlc with the default interface. Use 'cvlc' to use vlc without interface.
[0000000001b92768] qt interface error: Could not connect to X server
[0000000001b92768] skins2 interface error: cannot initialize OSFactory
[00007fa384003378] ps mux: Open
[0000000001b92768] [cli] lua interface: Listening on host "*console".
VLC media player 3.0.0-git Vetinari
Command Line Interface initialized. Type `help' for help.
> making a DASHManager
new ratebased adaptionlogic
Chunk bitrate: 0 349952
Buffer size: 0 0
Chunk bitrate: 0 349952
Buffer size: 0 0
[00007fa384027558] mp4 demux: Fragment sequence discontinuity detected 0 != 2
Download Time: 653055
[00007fa3840199f8] mp4 demux: Fragment sequence discontinuity detected 0 != 2
Startup Time: 1050000
Chunk bitrate: 0 600000
Buffer size: 0 4001
Download Time: 202113
Chunk bitrate: 0 600000
Buffer size: 1 4001
Download Time: 1301890
Chunk bitrate: 1 349952
Buffer size: 1 8001
Chunk bitrate: 1 349952
Buffer size: 2 8001
Download Time: 486064
Chunk bitrate: 2 349952
Buffer size: 3 12001
Download Time: 974547
Chunk bitrate: 3 349952
Buffer size: 4 16001
Download Time: 1135519
Chunk bitrate: 4 600000
Buffer size: 4 20001
Chunk bitrate: 4 600000
Buffer size: 5 20001
Download Time: 976480
Chunk bitrate: 5 349952
Buffer size: 5 24001
Chunk bitrate: 5 349952
Buffer size: 6 24001
Download Time: 690021
Chunk bitrate: 6 349952
Buffer size: 7 28001
Download Time: 692056
Chunk bitrate: 7 349952
Buffer size: 8 32001
Download Time: 490382
Download Time: 320798
Chunk bitrate: 8 600000
Buffer size: 8 36001
Chunk bitrate: 8 600000
Buffer size: 9 36001
Download Time: 1381038
Chunk bitrate: 9 349952
Buffer size: 9 40001
Chunk bitrate: 9 349952
Buffer size: 10 40001
Download Time: 606424
Chunk bitrate: 10 349952
Buffer size: 11 44001
Download Time: 612413
Chunk bitrate: 11 600000
Buffer size: 11 48001
Chunk bitrate: 11 600000
Buffer size: 12 48001
Download Time: 893300
Chunk bitrate: 12 1000000
Buffer size: 12 52001
Chunk bitrate: 12 1000000
Buffer size: 13 52001
Download Time: 1876282
Chunk bitrate: 13 600000
Buffer size: 13 56001
Chunk bitrate: 13 600000
Buffer size: 14 56001
Download Time: 1090273
Chunk bitrate: 14 1000000
Buffer size: 14 60001
Chunk bitrate: 14 1000000
Buffer size: 15 60001
Download Time: 1181171
Chunk bitrate: 15 1000000
Buffer size: 16 64001
Download Time: 2962612
Chunk bitrate: 16 600000
Buffer size: 16 68001
Chunk bitrate: 16 600000
Buffer size: 17 68001
Download Time: 892135
Chunk bitrate: 17 349952
Buffer size: 17 72001
Chunk bitrate: 17 349952
Buffer size: 18 72001
Download Time: 846399
Chunk bitrate: 18 349952
Buffer size: 19 76001
Download Time: 490167
Chunk bitrate: 19 600000
Buffer size: 19 80001
Chunk bitrate: 19 600000
Buffer size: 20 80001
Download Time: 1293301
Chunk bitrate: 20 349952
Buffer size: 20 84001
Chunk bitrate: 20 349952
Buffer size: 21 84001
Download Time: 403077
Download Time: 327076
Chunk bitrate: 21 349952
Buffer size: 22 88001
Download Time: 485957
Chunk bitrate: 22 600000
Buffer size: 22 92001
Chunk bitrate: 22 600000
Buffer size: 23 92001
Download Time: 894185
Chunk bitrate: 23 349952
Buffer size: 23 96001
Chunk bitrate: 23 349952
Buffer size: 24 96001
Download Time: 933289
[00007fa384003378] core mux error: cannot add this stream
[00007fa384038288] core decoder error: cannot create packetizer output (h264)
Chunk bitrate: 24 600000
Buffer size: 24 100001
Chunk bitrate: 24 600000
Buffer size: 25 100001
Download Time: 1748017
[00007fa384003378] core mux error: cannot add this stream
[00007fa3840b3378] core decoder error: cannot create packetizer output (h264)
Chunk bitrate: 25 600000
Buffer size: 26 104001
Download Time: 1259359
Chunk bitrate: 26 349952
Buffer size: 26 108001
Chunk bitrate: 26 349952
Buffer size: 27 108001
Download Time: 484210
[00007fa384003378] core mux error: cannot add this stream
[00007fa384057378] core decoder error: cannot create packetizer output (h264)
Chunk bitrate: 27 349952
Buffer size: 28 112001
Download Time: 612567
Chunk bitrate: 28 600000
Buffer size: 28 116001
Chunk bitrate: 28 600000
Buffer size: 29 116001
Download Time: 729882
[00007fa384003378] core mux error: cannot add this stream
[00007fa3840ed848] core decoder error: cannot create packetizer output (h264)
Chunk bitrate: 29 600000
Buffer size: 30 120001
Download Time: 2113292
Chunk bitrate: 30 600000
Buffer size: 31 124001
Download Time: 2074036
Chunk bitrate: 31 600000
Buffer size: 32 128001
Download Time: 1053299
Chunk bitrate: 32 600000
Buffer size: 33 132001
Download Time: 727068
Chunk bitrate: 33 349952
Buffer size: 33 136001
Chunk bitrate: 33 349952
Buffer size: 34 136001
Download Time: 1303349
[00007fa384003378] core mux error: cannot add this stream
[00007fa3840f5248] core decoder error: cannot create packetizer output (h264)
Chunk bitrate: 34 349952
Buffer size: 35 140001
Download Time: 526511
Chunk bitrate: 35 349952
Buffer size: 36 144001
Download Time: 974836
Chunk bitrate: 36 349952
Buffer size: 37 148001
Download Time: 850268
Chunk bitrate: 37 349952
Buffer size: 38 152001
Download Time: 723773
Chunk bitrate: 38 1000000
Buffer size: 38 156001
Chunk bitrate: 38 1000000
Buffer size: 39 156001
Download Time: 1987376
[00007fa384003378] core mux error: cannot add this stream
[00007fa38404f888] core decoder error: cannot create packetizer output (h264)
Chunk bitrate: 39 349952
Buffer size: 39 160001
Chunk bitrate: 39 349952
Buffer size: 40 160001
Download Time: 849754
[00007fa384003378] core mux error: cannot add this stream
[00007fa3840b3708] core decoder error: cannot create packetizer output (h264)
Chunk bitrate: 40 1000000
Buffer size: 40 164001
Chunk bitrate: 40 1000000
Buffer size: 41 164001
Download Time: 2232287
[00007fa384003378] core mux error: cannot add this stream
[00007fa38413ef68] core decoder error: cannot create packetizer output (h264)
Chunk bitrate: 41 600000
Buffer size: 41 168001
Chunk bitrate: 41 600000
Buffer size: 42 168001
Download Time: 1052992
Download Time: 406695
[00007fa384003378] core mux error: cannot add this stream
[00007fa3840fd7f8] core decoder error: cannot create packetizer output (h264)
Chunk bitrate: 42 349952
Buffer size: 42 172001
Chunk bitrate: 42 349952
Buffer size: 43 172001
Download Time: 805942
[00007fa384003378] core mux error: cannot add this stream
[00007fa3840f2da8] core decoder error: cannot create packetizer output (h264)
Chunk bitrate: 43 349952
Buffer size: 44 176001
Download Time: 687464
Chunk bitrate: 44 349952
Buffer size: 45 180001
Download Time: 1044685
Chunk bitrate: 45 600000
Buffer size: 45 184001
Chunk bitrate: 45 600000
Buffer size: 46 184001
Download Time: 1290009
[00007fa384003378] core mux error: cannot add this stream
[00007fa384110b28] core decoder error: cannot create packetizer output (h264)
Chunk bitrate: 46 349952
Buffer size: 46 188001
Chunk bitrate: 46 349952
Buffer size: 47 188001
Download Time: 568033
[00007fa384003378] core mux error: cannot add this stream
[00007fa3840340c8] core decoder error: cannot create packetizer output (h264)
Chunk bitrate: 47 349952
Buffer size: 48 192001
Download Time: 567996
Chunk bitrate: 48 600000
Buffer size: 48 196001
Chunk bitrate: 48 600000
Buffer size: 49 196001
Download Time: 1137317
[00007fa384003378] core mux error: cannot add this stream
[00007fa3841173b8] core decoder error: cannot create packetizer output (h264)
Chunk bitrate: 49 349952
Buffer size: 49 200001
Download Time: 192172
Chunk bitrate: 49 349952
Buffer size: 50 200001
Download Time: 811664
[00007fa384003378] core mux error: cannot add this stream
[00007fa38406ad58] core decoder error: cannot create packetizer output (h264)
Chunk bitrate: 50 349952
Buffer size: 51 204001
Download Time: 572115
Chunk bitrate: 51 349952
Buffer size: 52 208001
Download Time: 735146
Chunk bitrate: 52 600000
Buffer size: 52 212001
Chunk bitrate: 52 600000
Buffer size: 53 212001
Download Time: 773189
[00007fa384003378] core mux error: cannot add this stream
[00007fa384117d68] core decoder error: cannot create packetizer output (h264)
Chunk bitrate: 53 349952
Buffer size: 53 216001
Chunk bitrate: 53 349952
Buffer size: 54 216001
Download Time: 976259
[00007fa384003378] core mux error: cannot add this stream
[00007fa384033f58] core decoder error: cannot create packetizer output (h264)
Chunk bitrate: 54 600000
Buffer size: 54 220001
Chunk bitrate: 54 600000
Buffer size: 55 220001
Download Time: 1092830
[00007fa384003378] core mux error: cannot add this stream
[00007fa384128958] core decoder error: cannot create packetizer output (h264)
Chunk bitrate: 55 600000
Buffer size: 56 224001
Download Time: 848827
Chunk bitrate: 56 600000
Buffer size: 57 228001
Download Time: 971975
Chunk bitrate: 57 349952
Buffer size: 57 232001
Chunk bitrate: 57 349952
Buffer size: 58 232001
Download Time: 517982
[00007fa384003378] core mux error: cannot add this stream
[00007fa3840d06c8] core decoder error: cannot create packetizer output (h264)
Chunk bitrate: 58 600000
Buffer size: 58 236001
Chunk bitrate: 58 600000
Buffer size: 59 236001
Download Time: 1986618
[00007fa384003378] core mux error: cannot add this stream
[00007fa3840cfb68] core decoder error: cannot create packetizer output (h264)
Chunk bitrate: 59 349952
Buffer size: 59 240001
Chunk bitrate: 59 349952
Buffer size: 60 240001
Download Time: 805136
[00007fa384003378] core mux error: cannot add this stream
[00007fa38410b338] core decoder error: cannot create packetizer output (h264)
Chunk bitrate: 60 349952
Buffer size: 61 244001
Download Time: 977562
Chunk bitrate: 61 1000000
Buffer size: 61 248001
Chunk bitrate: 61 1000000
Buffer size: 62 248001
Download Time: 847360
[00007fa384003378] core mux error: cannot add this stream
[00007fa38404df18] core decoder error: cannot create packetizer output (h264)
Chunk bitrate: 62 349952
Buffer size: 62 252001
Chunk bitrate: 62 349952
Buffer size: 63 252001
Download Time: 366509
[00007fa384003378] core mux error: cannot add this stream
[00007fa384087818] core decoder error: cannot create packetizer output (h264)
Chunk bitrate: 63 349952
Buffer size: 64 256001
Download Time: 362395
Chunk bitrate: 64 349952
Buffer size: 65 260001
[00007fa384003378] ps mux: Close
[00007fa388001508] idummy demux: command `quit'
[0000000001b92768] [cli] lua interface error: Error loading script /home/cs244/vlc/share/lua/intf/cli.luac: lua/intf/modules/host.lua:286: Interrupted.
