[00000000025e1768] core interface error: no suitable interface module
[000000000251f338] core libvlc error: interface "globalhotkeys,none" initialization failed
[00000000025e1768] dbus interface error: Failed to connect to the D-Bus session daemon: Unable to autolaunch a dbus-daemon without a $DISPLAY for X11
[00000000025e1768] core interface error: no suitable interface module
[000000000251f338] core libvlc error: interface "dbus,none" initialization failed
[000000000251f338] core libvlc: Running vlc with the default interface. Use 'cvlc' to use vlc without interface.
[00000000025e1768] qt interface error: Could not connect to X server
[00000000025e1768] skins2 interface error: cannot initialize OSFactory
[00007f4b24003378] ps mux: Open
[00000000025e1768] [cli] lua interface: Listening on host "*console".
VLC media player 3.0.0-git Vetinari
Command Line Interface initialized. Type `help' for help.
> making a DASHManager
new ratebased adaptionlogic
Chunk bitrate: 0 349952
Buffer size: 0 0
Chunk bitrate: 0 349952
Buffer size: 0 0
[00007f4b240246d8] mp4 demux: Fragment sequence discontinuity detected 0 != 2
Download Time: 974011
[00007f4b24023028] mp4 demux: Fragment sequence discontinuity detected 0 != 2
Startup Time: 1050000
Chunk bitrate: 0 349952
Buffer size: 1 4001
Download Time: 1220915
Chunk bitrate: 1 349952
Buffer size: 2 8001
Download Time: 808725
Chunk bitrate: 2 349952
Buffer size: 3 12001
Download Time: 1298683
Chunk bitrate: 3 349952
Buffer size: 4 16001
Download Time: 934703
Chunk bitrate: 4 349952
Buffer size: 5 20001
Download Time: 1022680
Chunk bitrate: 5 349952
Buffer size: 6 24001
Download Time: 692074
Chunk bitrate: 6 349952
Buffer size: 7 28001
Download Time: 1057163
Chunk bitrate: 7 349952
Buffer size: 8 32001
Download Time: 930892
Chunk bitrate: 8 349952
Buffer size: 9 36001
Download Time: 1138323
Chunk bitrate: 9 349952
Buffer size: 10 40001
Download Time: 1267858
Chunk bitrate: 10 349952
Buffer size: 11 44001
Download Time: 1100232
Chunk bitrate: 11 349952
Buffer size: 12 48001
Download Time: 1097965
Chunk bitrate: 12 349952
Buffer size: 13 52001
Download Time: 1583331
Chunk bitrate: 13 349952
Buffer size: 14 56001
Download Time: 1346428
Chunk bitrate: 14 349952
Buffer size: 15 60001
Download Time: 734893
Chunk bitrate: 15 349952
Buffer size: 16 64001
Download Time: 978613
Chunk bitrate: 16 349952
Buffer size: 17 68001
Download Time: 1141236
Chunk bitrate: 17 349952
Buffer size: 18 72001
Download Time: 935524
Chunk bitrate: 18 1000000
Buffer size: 18 76001
Chunk bitrate: 18 1000000
Buffer size: 19 76001
Download Time: 1389255
Chunk bitrate: 19 349952
Buffer size: 19 80001
Chunk bitrate: 19 349952
Buffer size: 20 80001
Download Time: 969002
Chunk bitrate: 20 600000
Buffer size: 20 84001
Chunk bitrate: 20 600000
Buffer size: 21 84001
Download Time: 1096350
Chunk bitrate: 21 349952
Buffer size: 21 88001
Chunk bitrate: 21 349952
Buffer size: 22 88001
Download Time: 814471
Chunk bitrate: 22 349952
Buffer size: 23 92001
Download Time: 1138117
Chunk bitrate: 23 349952
Buffer size: 24 96001
Download Time: 1102818
Chunk bitrate: 24 600000
Buffer size: 24 100001
Chunk bitrate: 24 600000
Buffer size: 25 100001
Download Time: 1547574
Chunk bitrate: 25 600000
Buffer size: 26 104001
Download Time: 1211442
Chunk bitrate: 26 600000
Buffer size: 27 108001
Download Time: 936360
Chunk bitrate: 27 600000
Buffer size: 28 112001
Download Time: 1343238
Chunk bitrate: 28 349952
Buffer size: 28 116001
Chunk bitrate: 28 349952
Buffer size: 29 116001
Download Time: 1262365
Chunk bitrate: 29 349952
Buffer size: 30 120001
Download Time: 854958
Chunk bitrate: 30 349952
Buffer size: 31 124001
Download Time: 1548649
Chunk bitrate: 31 349952
Buffer size: 32 128001
Download Time: 1021411
Chunk bitrate: 32 349952
Buffer size: 33 132001
Download Time: 1219190
Chunk bitrate: 33 349952
Buffer size: 34 136001
Download Time: 1103256
Chunk bitrate: 34 349952
Buffer size: 35 140001
Download Time: 806374
Chunk bitrate: 35 349952
Buffer size: 36 144001
Download Time: 776397
Chunk bitrate: 36 349952
Buffer size: 37 148001
Download Time: 1543487
Chunk bitrate: 37 349952
Buffer size: 38 152001
Download Time: 935633
Chunk bitrate: 38 1000000
Buffer size: 38 156001
Chunk bitrate: 38 1000000
Buffer size: 39 156001
Download Time: 2237429
Chunk bitrate: 39 600000
Buffer size: 39 160001
Chunk bitrate: 39 600000
Buffer size: 40 160001
Download Time: 1382293
Chunk bitrate: 40 600000
Buffer size: 41 164001
Download Time: 1589559
Chunk bitrate: 41 600000
Buffer size: 42 168001
Download Time: 1429026
Chunk bitrate: 42 349952
Buffer size: 42 172001
Chunk bitrate: 42 349952
Buffer size: 43 172001
Download Time: 815604
Chunk bitrate: 43 349952
Buffer size: 44 176001
Download Time: 1380236
Chunk bitrate: 44 349952
Buffer size: 45 180001
Download Time: 1467077
Chunk bitrate: 45 349952
Buffer size: 46 184001
Download Time: 1012287
Chunk bitrate: 46 349952
Buffer size: 47 188001
Download Time: 1062695
Chunk bitrate: 47 349952
Buffer size: 48 192001
Download Time: 683738
Chunk bitrate: 48 349952
Buffer size: 49 196001
Download Time: 886748
Chunk bitrate: 49 349952
Buffer size: 50 200001
Download Time: 937917
Chunk bitrate: 50 349952
Buffer size: 51 204001
Download Time: 1581762
Chunk bitrate: 51 349952
Buffer size: 52 208001
Download Time: 1057399
Chunk bitrate: 52 349952
Buffer size: 53 212001
Download Time: 1174219
Chunk bitrate: 53 349952
Buffer size: 54 216001
Download Time: 934500
Chunk bitrate: 54 349952
Buffer size: 55 220001
Download Time: 938861
Chunk bitrate: 55 600000
Buffer size: 55 224001
Chunk bitrate: 55 600000
Buffer size: 56 224001
Download Time: 1387922
Chunk bitrate: 56 349952
Buffer size: 56 228001
Chunk bitrate: 56 349952
Buffer size: 57 228001
Download Time: 775754
Chunk bitrate: 57 349952
Buffer size: 58 232001
Download Time: 566362
Chunk bitrate: 58 349952
Buffer size: 59 236001
Download Time: 1420208
Chunk bitrate: 59 349952
Buffer size: 60 240001
Download Time: 861869
Chunk bitrate: 60 349952
Buffer size: 61 244001
Download Time: 1388607
Chunk bitrate: 61 349952
Buffer size: 62 248001
Download Time: 444066
Chunk bitrate: 62 349952
Buffer size: 63 252001
Download Time: 1750986
Chunk bitrate: 63 349952
Buffer size: 64 256001
Download Time: 442881
Chunk bitrate: 64 349952
Buffer size: 65 260001
[00007f4b24003378] ps mux: Close
[00007f4b200015a8] idummy demux: command `quit'
[00000000025e1768] [cli] lua interface error: Error loading script /home/cs244/vlc/share/lua/intf/cli.luac: lua/intf/modules/host.lua:286: Interrupted.
