[0000000000f5a1e8] core interface error: no suitable interface module
[0000000000e91338] core libvlc error: interface "globalhotkeys,none" initialization failed
[0000000000f5a1e8] dbus interface error: Failed to connect to the D-Bus session daemon: Unable to autolaunch a dbus-daemon without a $DISPLAY for X11
[0000000000f5a1e8] core interface error: no suitable interface module
[0000000000e91338] core libvlc error: interface "dbus,none" initialization failed
[0000000000e91338] core libvlc: Running vlc with the default interface. Use 'cvlc' to use vlc without interface.
[0000000000f5a1e8] qt interface error: Could not connect to X server
[0000000000f5a1e8] skins2 interface error: cannot initialize OSFactory
[00007fdc4c003378] ps mux: Open
[0000000000f5a1e8] [cli] lua interface: Listening on host "*console".
VLC media player 3.0.0-git Vetinari
Command Line Interface initialized. Type `help' for help.
> making a DASHManager
new ratebased adaptionlogic
Chunk bitrate: 0 349952
Buffer size: 0 0
Chunk bitrate: 0 349952
Buffer size: 0 0
[00007fdc4c0274c8] mp4 demux: Fragment sequence discontinuity detected 0 != 2
Download Time: 772709
[00007fdc4c0270a8] mp4 demux: Fragment sequence discontinuity detected 0 != 2
Startup Time: 1050000
Chunk bitrate: 0 349952
Buffer size: 1 4001
Download Time: 895530
Chunk bitrate: 1 349952
Buffer size: 2 8001
Download Time: 976595
Chunk bitrate: 2 349952
Buffer size: 3 12001
Download Time: 896242
Chunk bitrate: 3 600000
Buffer size: 3 16001
Chunk bitrate: 3 600000
Buffer size: 4 16001
Download Time: 1097906
Chunk bitrate: 4 600000
Buffer size: 5 20001
Download Time: 1343119
Chunk bitrate: 5 349952
Buffer size: 5 24001
Chunk bitrate: 5 349952
Buffer size: 6 24001
Download Time: 732277
Chunk bitrate: 6 349952
Buffer size: 7 28001
Download Time: 1047472
Chunk bitrate: 7 349952
Buffer size: 8 32001
Download Time: 1015115
Chunk bitrate: 8 349952
Buffer size: 9 36001
Download Time: 857098
Chunk bitrate: 9 349952
Buffer size: 10 40001
Download Time: 810910
Chunk bitrate: 10 349952
Buffer size: 11 44001
Download Time: 611735
Chunk bitrate: 11 349952
Buffer size: 12 48001
Download Time: 693217
Chunk bitrate: 12 349952
Buffer size: 13 52001
Download Time: 650756
Chunk bitrate: 13 349952
Buffer size: 14 56001
Download Time: 896639
Chunk bitrate: 14 600000
Buffer size: 14 60001
Chunk bitrate: 14 600000
Buffer size: 15 60001
Download Time: 1094496
Chunk bitrate: 15 600000
Buffer size: 16 64001
Download Time: 1714144
Chunk bitrate: 16 349952
Buffer size: 16 68001
Chunk bitrate: 16 349952
Buffer size: 17 68001
Download Time: 728179
Chunk bitrate: 17 600000
Buffer size: 17 72001
Chunk bitrate: 17 600000
Buffer size: 18 72001
Download Time: 1104537
Chunk bitrate: 18 600000
Buffer size: 19 76001
Download Time: 894879
Chunk bitrate: 19 349952
Buffer size: 19 80001
Chunk bitrate: 19 349952
Buffer size: 20 80001
Download Time: 1052109
Chunk bitrate: 20 600000
Buffer size: 20 84001
Chunk bitrate: 20 600000
Buffer size: 21 84001
Download Time: 1573675
Chunk bitrate: 21 349952
Buffer size: 21 88001
Chunk bitrate: 21 349952
Buffer size: 22 88001
Download Time: 609400
Chunk bitrate: 22 349952
Buffer size: 23 92001
Download Time: 977077
Chunk bitrate: 23 349952
Buffer size: 24 96001
Download Time: 860544
Chunk bitrate: 24 349952
Buffer size: 25 100001
Download Time: 883902
Chunk bitrate: 25 349952
Buffer size: 26 104001
Download Time: 731789
Chunk bitrate: 26 349952
Buffer size: 27 108001
Download Time: 976280
Chunk bitrate: 27 349952
Buffer size: 28 112001
Download Time: 1220500
Chunk bitrate: 28 349952
Buffer size: 29 116001
Download Time: 1181749
Chunk bitrate: 29 349952
Buffer size: 30 120001
Download Time: 971042
Chunk bitrate: 30 349952
Buffer size: 31 124001
Download Time: 691640
Chunk bitrate: 31 349952
Buffer size: 32 128001
Download Time: 724334
Chunk bitrate: 32 349952
Buffer size: 33 132001
Download Time: 1333008
Chunk bitrate: 33 349952
Buffer size: 34 136001
Download Time: 811810
Chunk bitrate: 34 600000
Buffer size: 34 140001
Chunk bitrate: 34 600000
Buffer size: 35 140001
Download Time: 1340695
Chunk bitrate: 35 600000
Buffer size: 36 144001
Download Time: 1099564
Chunk bitrate: 36 349952
Buffer size: 36 148001
Chunk bitrate: 36 349952
Buffer size: 37 148001
Download Time: 933972
Chunk bitrate: 37 600000
Buffer size: 37 152001
Chunk bitrate: 37 600000
Buffer size: 38 152001
Download Time: 2029749
Chunk bitrate: 38 600000
Buffer size: 39 156001
Download Time: 1429313
Chunk bitrate: 39 349952
Buffer size: 39 160001
Chunk bitrate: 39 349952
Buffer size: 40 160001
Download Time: 1054823
Chunk bitrate: 40 349952
Buffer size: 41 164001
Download Time: 1303067
Chunk bitrate: 41 600000
Buffer size: 41 168001
Chunk bitrate: 41 600000
Buffer size: 42 168001
Download Time: 1425520
Chunk bitrate: 42 349952
Buffer size: 42 172001
Chunk bitrate: 42 349952
Buffer size: 43 172001
Download Time: 1018539
Chunk bitrate: 43 349952
Buffer size: 44 176001
Download Time: 1185815
Chunk bitrate: 44 349952
Buffer size: 45 180001
Download Time: 893818
Chunk bitrate: 45 600000
Buffer size: 45 184001
Chunk bitrate: 45 600000
Buffer size: 46 184001
Download Time: 3830413
Chunk bitrate: 46 600000
Buffer size: 47 188001
Download Time: 1300214
Chunk bitrate: 47 349952
Buffer size: 47 192001
Chunk bitrate: 47 349952
Buffer size: 48 192001
Download Time: 815433
[00007fdc4c003378] core mux error: cannot add this stream
[00007fdc4c0c7878] core decoder error: cannot create packetizer output (h264)
Chunk bitrate: 48 349952
Buffer size: 49 196001
Download Time: 1755065
Chunk bitrate: 49 349952
Buffer size: 50 200001
Download Time: 612313
Chunk bitrate: 50 349952
Buffer size: 51 204001
Download Time: 652257
Chunk bitrate: 51 349952
Buffer size: 52 208001
Download Time: 934868
Chunk bitrate: 52 349952
Buffer size: 53 212001
Download Time: 931923
Chunk bitrate: 53 349952
Buffer size: 54 216001
Download Time: 1095930
Chunk bitrate: 54 349952
Buffer size: 55 220001
Download Time: 820290
Chunk bitrate: 55 349952
Buffer size: 56 224001
Download Time: 1255838
Chunk bitrate: 56 349952
Buffer size: 57 228001
Download Time: 1946499
Chunk bitrate: 57 600000
Buffer size: 57 232001
Chunk bitrate: 57 600000
Buffer size: 58 232001
Download Time: 690701
[00007fdc4c003378] core mux error: cannot add this stream
[00007fdc4c0df7e8] core decoder error: cannot create packetizer output (h264)
Chunk bitrate: 58 349952
Buffer size: 58 236001
Chunk bitrate: 58 349952
Buffer size: 59 236001
Download Time: 1058937
[00007fdc4c003378] core mux error: cannot add this stream
[00007fdc4c0de788] core decoder error: cannot create packetizer output (h264)
Chunk bitrate: 59 600000
Buffer size: 59 240001
Chunk bitrate: 59 600000
Buffer size: 60 240001
Download Time: 1305279
[00007fdc4c003378] core mux error: cannot add this stream
[00007fdc4c11a858] core decoder error: cannot create packetizer output (h264)
Chunk bitrate: 60 349952
Buffer size: 60 244001
Download Time: 246621
Chunk bitrate: 60 349952
Buffer size: 61 244001
Download Time: 1017242
[00007fdc4c003378] core mux error: cannot add this stream
[00007fdc4c0fd958] core decoder error: cannot create packetizer output (h264)
Chunk bitrate: 61 349952
Buffer size: 62 248001
Download Time: 322748
Chunk bitrate: 62 600000
Buffer size: 62 252001
Chunk bitrate: 62 600000
Buffer size: 63 252001
Download Time: 649670
[00007fdc4c003378] core mux error: cannot add this stream
[00007fdc4c0ac7b8] core decoder error: cannot create packetizer output (h264)
Chunk bitrate: 63 349952
Buffer size: 63 256001
Chunk bitrate: 63 349952
Buffer size: 64 256001
Download Time: 406689
[00007fdc4c003378] core mux error: cannot add this stream
[00007fdc4c0ef8f8] core decoder error: cannot create packetizer output (h264)
Chunk bitrate: 64 600000
Buffer size: 64 260001
Chunk bitrate: 64 600000
Buffer size: 65 260001
[00007fdc4c003378] ps mux: Close
[00007fdc40001058] idummy demux: command `quit'
[0000000000f5a1e8] [cli] lua interface error: Error loading script /home/cs244/vlc/share/lua/intf/cli.luac: lua/intf/modules/host.lua:286: Interrupted.
