[000000000211c1e8] core interface error: no suitable interface module
[0000000002053338] core libvlc error: interface "globalhotkeys,none" initialization failed
[000000000211c1e8] dbus interface error: Failed to connect to the D-Bus session daemon: Unable to autolaunch a dbus-daemon without a $DISPLAY for X11
[000000000211c1e8] core interface error: no suitable interface module
[0000000002053338] core libvlc error: interface "dbus,none" initialization failed
[0000000002053338] core libvlc: Running vlc with the default interface. Use 'cvlc' to use vlc without interface.
[000000000211c1e8] qt interface error: Could not connect to X server
[000000000211c1e8] skins2 interface error: cannot initialize OSFactory
[00007f70e4003378] ps mux: Open
[000000000211c1e8] [cli] lua interface: Listening on host "*console".
VLC media player 3.0.0-git Vetinari
Command Line Interface initialized. Type `help' for help.
> making a DASHManager
new ratebased adaptionlogic
Chunk bitrate: 0 349952
Buffer size: 0 0
Chunk bitrate: 0 349952
Buffer size: 0 0
[00007f70e4027558] mp4 demux: Fragment sequence discontinuity detected 0 != 2
Download Time: 2281245
[00007f70e4019ff8] mp4 demux: Fragment sequence discontinuity detected 0 != 2
Startup Time: 1050000
Chunk bitrate: 0 349952
Buffer size: 1 4001
Download Time: 3179867
Chunk bitrate: 1 349952
Buffer size: 2 8001
Download Time: 1756908
Chunk bitrate: 2 349952
Buffer size: 3 12001
Download Time: 2407418
Chunk bitrate: 3 349952
Buffer size: 4 16001
Download Time: 1828503
Chunk bitrate: 4 349952
Buffer size: 5 20001
Download Time: 3131231
Chunk bitrate: 5 349952
Buffer size: 6 24001
Download Time: 1580959
Chunk bitrate: 6 349952
Buffer size: 7 28001
Download Time: 1832776
Chunk bitrate: 7 349952
Buffer size: 8 32001
Download Time: 2114840
Chunk bitrate: 8 349952
Buffer size: 9 36001
Download Time: 2281344
Chunk bitrate: 9 349952
Buffer size: 10 40001
Download Time: 1955768
Chunk bitrate: 10 349952
Buffer size: 11 44001
Download Time: 1713320
Chunk bitrate: 11 349952
Buffer size: 12 48001
Download Time: 2243442
Chunk bitrate: 12 349952
Buffer size: 13 52001
Download Time: 1820312
Chunk bitrate: 13 349952
Buffer size: 14 56001
Download Time: 2196926
Chunk bitrate: 14 349952
Buffer size: 15 60001
Download Time: 1869057
Chunk bitrate: 15 349952
Buffer size: 16 64001
Download Time: 2077988
Chunk bitrate: 16 349952
Buffer size: 17 68001
Download Time: 1716778
Chunk bitrate: 17 349952
Buffer size: 18 72001
Download Time: 1995015
Chunk bitrate: 18 349952
Buffer size: 19 76001
Download Time: 1709519
Chunk bitrate: 19 349952
Buffer size: 20 80001
Download Time: 2242923
Chunk bitrate: 20 349952
Buffer size: 21 84001
Download Time: 1300062
Chunk bitrate: 21 349952
Buffer size: 22 88001
Download Time: 1957695
Chunk bitrate: 22 349952
Buffer size: 23 92001
Download Time: 1878928
Chunk bitrate: 23 349952
Buffer size: 24 96001
Download Time: 2083508
Chunk bitrate: 24 349952
Buffer size: 25 100001
Download Time: 2392134
Chunk bitrate: 25 349952
Buffer size: 26 104001
Download Time: 2113354
Chunk bitrate: 26 349952
Buffer size: 27 108001
Download Time: 1543369
Chunk bitrate: 27 349952
Buffer size: 28 112001
Download Time: 2326848
Chunk bitrate: 28 349952
Buffer size: 29 116001
Download Time: 2158847
Chunk bitrate: 29 349952
Buffer size: 30 120001
Download Time: 2367362
Chunk bitrate: 30 349952
Buffer size: 31 124001
Download Time: 1711336
Chunk bitrate: 31 349952
Buffer size: 32 128001
Download Time: 1873721
Chunk bitrate: 32 349952
Buffer size: 33 132001
Download Time: 1919411
Chunk bitrate: 33 349952
Buffer size: 34 136001
Download Time: 2327051
Chunk bitrate: 34 349952
Buffer size: 35 140001
Download Time: 1916963
Chunk bitrate: 35 349952
Buffer size: 36 144001
Download Time: 1992772
Chunk bitrate: 36 349952
Buffer size: 37 148001
Download Time: 1960926
Chunk bitrate: 37 349952
Buffer size: 38 152001
Download Time: 1947963
Chunk bitrate: 38 349952
Buffer size: 39 156001
Download Time: 2063586
Chunk bitrate: 39 349952
Buffer size: 40 160001
Download Time: 2033912
Chunk bitrate: 40 349952
Buffer size: 41 164001
Download Time: 2234455
Chunk bitrate: 41 349952
Buffer size: 42 168001
Download Time: 2115570
Chunk bitrate: 42 349952
Buffer size: 43 172001
Download Time: 1993602
Chunk bitrate: 43 349952
Buffer size: 44 176001
Download Time: 2040105
Chunk bitrate: 44 349952
Buffer size: 45 180001
Download Time: 2235715
Chunk bitrate: 45 349952
Buffer size: 46 184001
Download Time: 2070338
Chunk bitrate: 46 349952
Buffer size: 47 188001
Download Time: 1873332
Chunk bitrate: 47 349952
Buffer size: 48 192001
Download Time: 1712665
Chunk bitrate: 48 349952
Buffer size: 49 196001
Download Time: 2031261
Chunk bitrate: 49 349952
Buffer size: 50 200001
Download Time: 2071062
Chunk bitrate: 50 349952
Buffer size: 51 204001
Download Time: 1704272
Chunk bitrate: 51 349952
Buffer size: 52 208001
Download Time: 2027642
Chunk bitrate: 52 349952
Buffer size: 53 212001
Download Time: 1799864
Chunk bitrate: 53 349952
Buffer size: 54 216001
Download Time: 2684161
Chunk bitrate: 54 349952
Buffer size: 55 220001
Download Time: 2119967
Chunk bitrate: 55 349952
Buffer size: 56 224001
Download Time: 1911091
Chunk bitrate: 56 349952
Buffer size: 57 228001
Download Time: 1465455
Chunk bitrate: 57 349952
Buffer size: 58 232001
Download Time: 852278
Chunk bitrate: 58 349952
Buffer size: 59 236001
Download Time: 2527702
Chunk bitrate: 59 349952
Buffer size: 60 240001
Download Time: 2304585
Chunk bitrate: 60 349952
Buffer size: 61 244001
Download Time: 1945527
Chunk bitrate: 61 349952
Buffer size: 62 248001
Download Time: 815479
Chunk bitrate: 62 349952
Buffer size: 63 252001
Download Time: 936905
Chunk bitrate: 63 349952
Buffer size: 64 256001
Download Time: 1137152
Chunk bitrate: 64 349952
Buffer size: 65 260001
[00007f70e4003378] ps mux: Close
[00007f70e4043778] idummy demux: command `quit'
[000000000211c1e8] [cli] lua interface error: Error loading script /home/cs244/vlc/share/lua/intf/cli.luac: lua/intf/modules/host.lua:286: Interrupted.
