[00000000013861a8] core interface error: no suitable interface module
[00000000012bd338] core libvlc error: interface "globalhotkeys,none" initialization failed
[00000000013861a8] dbus interface error: Failed to connect to the D-Bus session daemon: Unable to autolaunch a dbus-daemon without a $DISPLAY for X11
[00000000013861a8] core interface error: no suitable interface module
[00000000012bd338] core libvlc error: interface "dbus,none" initialization failed
[00000000012bd338] core libvlc: Running vlc with the default interface. Use 'cvlc' to use vlc without interface.
[00000000013861a8] qt interface error: Could not connect to X server
[00000000013861a8] skins2 interface error: cannot initialize OSFactory
[00000000013861a8] [cli] lua interface: Listening on host "*console".
VLC media player 3.0.0-git Vetinari
Command Line Interface initialized. Type `help' for help.
> [00007f2490003378] ps mux: Open
making a DASHManager
new ratebased adaptionlogic
Chunk bitrate: 0 349952
Buffer size: 0 0
Chunk bitrate: 0 349952
Buffer size: 0 0
[00007f24900235b8] mp4 demux: Fragment sequence discontinuity detected 0 != 2
Download Time: 1796949
[00007f2490019df8] mp4 demux: Fragment sequence discontinuity detected 0 != 2
Startup Time: 1050000
Chunk bitrate: 0 349952
Buffer size: 1 4001
Download Time: 2247109
Chunk bitrate: 1 349952
Buffer size: 2 8001
Download Time: 1107431
Chunk bitrate: 2 349952
Buffer size: 3 12001
Download Time: 1662219
Chunk bitrate: 3 349952
Buffer size: 4 16001
Download Time: 1532141
Chunk bitrate: 4 349952
Buffer size: 5 20001
Download Time: 2117833
Chunk bitrate: 5 349952
Buffer size: 6 24001
Download Time: 1212603
Chunk bitrate: 6 349952
Buffer size: 7 28001
Download Time: 1272030
Chunk bitrate: 7 349952
Buffer size: 8 32001
Download Time: 1662710
Chunk bitrate: 8 349952
Buffer size: 9 36001
Download Time: 1628240
Chunk bitrate: 9 349952
Buffer size: 10 40001
Download Time: 1583728
Chunk bitrate: 10 349952
Buffer size: 11 44001
Download Time: 1202589
Chunk bitrate: 11 349952
Buffer size: 12 48001
Download Time: 1760373
Chunk bitrate: 12 349952
Buffer size: 13 52001
Download Time: 1558989
Chunk bitrate: 13 349952
Buffer size: 14 56001
Download Time: 1569153
Chunk bitrate: 14 349952
Buffer size: 15 60001
Download Time: 1426067
Chunk bitrate: 15 349952
Buffer size: 16 64001
Download Time: 1679954
Chunk bitrate: 16 349952
Buffer size: 17 68001
Download Time: 1364303
Chunk bitrate: 17 349952
Buffer size: 18 72001
Download Time: 1780636
Chunk bitrate: 18 349952
Buffer size: 19 76001
Download Time: 1195526
Chunk bitrate: 19 349952
Buffer size: 20 80001
Download Time: 1656450
Chunk bitrate: 20 349952
Buffer size: 21 84001
Download Time: 1134471
Chunk bitrate: 21 349952
Buffer size: 22 88001
Download Time: 1303740
Chunk bitrate: 22 349952
Buffer size: 23 92001
Download Time: 1624386
Chunk bitrate: 23 349952
Buffer size: 24 96001
Download Time: 1816065
Chunk bitrate: 24 349952
Buffer size: 25 100001
Download Time: 1529886
Chunk bitrate: 25 349952
Buffer size: 26 104001
Download Time: 1456170
Chunk bitrate: 26 349952
Buffer size: 27 108001
Download Time: 1076810
Chunk bitrate: 27 349952
Buffer size: 28 112001
Download Time: 1757498
Chunk bitrate: 28 349952
Buffer size: 29 116001
Download Time: 1691749
Chunk bitrate: 29 349952
Buffer size: 30 120001
Download Time: 1366229
Chunk bitrate: 30 349952
Buffer size: 31 124001
Download Time: 1266401
Chunk bitrate: 31 349952
Buffer size: 32 128001
Download Time: 1565972
Chunk bitrate: 32 349952
Buffer size: 33 132001
Download Time: 1503117
Chunk bitrate: 33 349952
Buffer size: 34 136001
Download Time: 1826217
Chunk bitrate: 34 349952
Buffer size: 35 140001
Download Time: 1764596
Chunk bitrate: 35 349952
Buffer size: 36 144001
Download Time: 1494356
Chunk bitrate: 36 349952
Buffer size: 37 148001
Download Time: 1727517
Chunk bitrate: 37 349952
Buffer size: 38 152001
Download Time: 1662084
Chunk bitrate: 38 349952
Buffer size: 39 156001
Download Time: 1624950
Chunk bitrate: 39 349952
Buffer size: 40 160001
Download Time: 1524214
Chunk bitrate: 40 349952
Buffer size: 41 164001
Download Time: 1757723
Chunk bitrate: 41 349952
Buffer size: 42 168001
Download Time: 1562919
Chunk bitrate: 42 349952
Buffer size: 43 172001
Download Time: 1555563
Chunk bitrate: 43 349952
Buffer size: 44 176001
Download Time: 1531536
Chunk bitrate: 44 349952
Buffer size: 45 180001
Download Time: 1531354
Chunk bitrate: 45 349952
Buffer size: 46 184001
Download Time: 1587650
Chunk bitrate: 46 349952
Buffer size: 47 188001
Download Time: 1495983
Chunk bitrate: 47 349952
Buffer size: 48 192001
Download Time: 1364880
Chunk bitrate: 48 349952
Buffer size: 49 196001
Download Time: 1559799
Chunk bitrate: 49 349952
Buffer size: 50 200001
Download Time: 1494731
Chunk bitrate: 50 349952
Buffer size: 51 204001
Download Time: 1400251
Chunk bitrate: 51 349952
Buffer size: 52 208001
Download Time: 1525322
Chunk bitrate: 52 349952
Buffer size: 53 212001
Download Time: 1489308
Chunk bitrate: 53 349952
Buffer size: 54 216001
Download Time: 1355113
Chunk bitrate: 54 349952
Buffer size: 55 220001
Download Time: 1657866
Chunk bitrate: 55 349952
Buffer size: 56 224001
Download Time: 1573147
Chunk bitrate: 56 349952
Buffer size: 57 228001
Download Time: 1265261
Chunk bitrate: 57 349952
Buffer size: 58 232001
Download Time: 773332
Chunk bitrate: 58 349952
Buffer size: 59 236001
Download Time: 2072287
Chunk bitrate: 59 349952
Buffer size: 60 240001
Download Time: 1587304
Chunk bitrate: 60 349952
Buffer size: 61 244001
Download Time: 1503435
Chunk bitrate: 61 349952
Buffer size: 62 248001
Download Time: 853960
Chunk bitrate: 62 349952
Buffer size: 63 252001
Download Time: 975463
Chunk bitrate: 63 349952
Buffer size: 64 256001
Download Time: 1176319
Chunk bitrate: 64 349952
Buffer size: 65 260001
[00007f2490003378] ps mux: Close
[00007f248c001358] idummy demux: command `quit'
[00000000013861a8] [cli] lua interface error: Error loading script /home/cs244/vlc/share/lua/intf/cli.luac: lua/intf/modules/host.lua:286: Interrupted.
