[00000000007921a8] core interface error: no suitable interface module
[00000000006c9338] core libvlc error: interface "globalhotkeys,none" initialization failed
[00000000007921a8] dbus interface error: Failed to connect to the D-Bus session daemon: Unable to autolaunch a dbus-daemon without a $DISPLAY for X11
[00000000007921a8] core interface error: no suitable interface module
[00000000006c9338] core libvlc error: interface "dbus,none" initialization failed
[00000000006c9338] core libvlc: Running vlc with the default interface. Use 'cvlc' to use vlc without interface.
[00000000007921a8] qt interface error: Could not connect to X server
[00000000007921a8] skins2 interface error: cannot initialize OSFactory
[00007fd548003378] ps mux: Open
[00000000007921a8] [cli] lua interface: Listening on host "*console".
VLC media player 3.0.0-git Vetinari
Command Line Interface initialized. Type `help' for help.
> making a DASHManager
new ratebased adaptionlogic
Chunk bitrate: 0 349952
Buffer size: 0 0
Chunk bitrate: 0 349952
Buffer size: 0 0
[00007fd5480257f8] mp4 demux: Fragment sequence discontinuity detected 0 != 2
Download Time: 1393556
[00007fd548018bd8] mp4 demux: Fragment sequence discontinuity detected 0 != 2
Startup Time: 1050000
Chunk bitrate: 0 349952
Buffer size: 1 4001
Download Time: 1179581
Chunk bitrate: 1 600000
Buffer size: 1 8001
Download Time: 452439
Chunk bitrate: 1 600000
Buffer size: 2 8001
Download Time: 1588376
Chunk bitrate: 2 349952
Buffer size: 2 12001
Chunk bitrate: 2 349952
Buffer size: 3 12001
Download Time: 1221870
Chunk bitrate: 3 349952
Buffer size: 4 16001
Download Time: 897900
Chunk bitrate: 4 349952
Buffer size: 5 20001
Download Time: 1708688
Chunk bitrate: 5 349952
Buffer size: 6 24001
Download Time: 939660
Chunk bitrate: 6 349952
Buffer size: 7 28001
Download Time: 894968
Chunk bitrate: 7 349952
Buffer size: 8 32001
Download Time: 980237
Chunk bitrate: 8 349952
Buffer size: 9 36001
Download Time: 1178041
Chunk bitrate: 9 349952
Buffer size: 10 40001
Download Time: 1104419
Chunk bitrate: 10 349952
Buffer size: 11 44001
Download Time: 1182771
Chunk bitrate: 11 349952
Buffer size: 12 48001
Download Time: 1510803
Chunk bitrate: 12 349952
Buffer size: 13 52001
Download Time: 1176946
Chunk bitrate: 13 349952
Buffer size: 14 56001
Download Time: 1346109
Chunk bitrate: 14 600000
Buffer size: 14 60001
Chunk bitrate: 14 600000
Buffer size: 15 60001
Download Time: 1634170
Chunk bitrate: 15 349952
Buffer size: 15 64001
Chunk bitrate: 15 349952
Buffer size: 16 64001
Download Time: 931251
Chunk bitrate: 16 349952
Buffer size: 17 68001
Download Time: 974746
Chunk bitrate: 17 349952
Buffer size: 18 72001
Download Time: 1102670
Chunk bitrate: 18 349952
Buffer size: 19 76001
Download Time: 1585575
Chunk bitrate: 19 349952
Buffer size: 20 80001
Download Time: 1144973
Chunk bitrate: 20 349952
Buffer size: 21 84001
Download Time: 693147
Chunk bitrate: 21 349952
Buffer size: 22 88001
Download Time: 812564
Chunk bitrate: 22 600000
Buffer size: 22 92001
Chunk bitrate: 22 600000
Buffer size: 23 92001
Download Time: 1914329
Chunk bitrate: 23 349952
Buffer size: 23 96001
Chunk bitrate: 23 349952
Buffer size: 24 96001
Download Time: 1829334
Chunk bitrate: 24 349952
Buffer size: 25 100001
Download Time: 1221593
Chunk bitrate: 25 349952
Buffer size: 26 104001
Download Time: 1179810
Chunk bitrate: 26 349952
Buffer size: 27 108001
Download Time: 734997
Chunk bitrate: 27 349952
Buffer size: 28 112001
Download Time: 1388549
Chunk bitrate: 28 349952
Buffer size: 29 116001
Download Time: 1256604
Chunk bitrate: 29 349952
Buffer size: 30 120001
Download Time: 1097589
Chunk bitrate: 30 349952
Buffer size: 31 124001
Download Time: 940596
Chunk bitrate: 31 349952
Buffer size: 32 128001
Download Time: 1224506
Chunk bitrate: 32 600000
Buffer size: 32 132001
Chunk bitrate: 32 600000
Buffer size: 33 132001
Download Time: 1831949
Chunk bitrate: 33 349952
Buffer size: 33 136001
Chunk bitrate: 33 349952
Buffer size: 34 136001
Download Time: 1758876
Chunk bitrate: 34 349952
Buffer size: 35 140001
Download Time: 1428479
Chunk bitrate: 35 349952
Buffer size: 36 144001
Download Time: 1016759
Chunk bitrate: 36 349952
Buffer size: 37 148001
Download Time: 975901
Chunk bitrate: 37 349952
Buffer size: 38 152001
Download Time: 1057213
Chunk bitrate: 38 600000
Buffer size: 38 156001
Chunk bitrate: 38 600000
Buffer size: 39 156001
Download Time: 1874141
Chunk bitrate: 39 349952
Buffer size: 39 160001
Chunk bitrate: 39 349952
Buffer size: 40 160001
Download Time: 942280
Chunk bitrate: 40 349952
Buffer size: 41 164001
Download Time: 1266834
Chunk bitrate: 41 349952
Buffer size: 42 168001
Download Time: 982340
Chunk bitrate: 42 349952
Buffer size: 43 172001
Download Time: 1141805
Chunk bitrate: 43 349952
Buffer size: 44 176001
Download Time: 896081
Chunk bitrate: 44 349952
Buffer size: 45 180001
Download Time: 1302710
Chunk bitrate: 45 349952
Buffer size: 46 184001
Download Time: 1551652
Chunk bitrate: 46 349952
Buffer size: 47 188001
Download Time: 1016674
Chunk bitrate: 47 349952
Buffer size: 48 192001
Download Time: 904355
Chunk bitrate: 48 349952
Buffer size: 49 196001
Download Time: 1016708
Chunk bitrate: 49 600000
Buffer size: 49 200001
Chunk bitrate: 49 600000
Buffer size: 50 200001
Download Time: 1749530
Chunk bitrate: 50 349952
Buffer size: 50 204001
Chunk bitrate: 50 349952
Buffer size: 51 204001
Download Time: 1180655
Chunk bitrate: 51 349952
Buffer size: 52 208001
Download Time: 1055075
Chunk bitrate: 52 349952
Buffer size: 53 212001
Download Time: 1137692
Chunk bitrate: 53 349952
Buffer size: 54 216001
Download Time: 970335
Chunk bitrate: 54 349952
Buffer size: 55 220001
Download Time: 1467590
Chunk bitrate: 55 349952
Buffer size: 56 224001
Download Time: 1102395
Chunk bitrate: 56 349952
Buffer size: 57 228001
Download Time: 1022466
Chunk bitrate: 57 349952
Buffer size: 58 232001
Download Time: 1093732
Chunk bitrate: 58 349952
Buffer size: 59 236001
Download Time: 1419072
Chunk bitrate: 59 349952
Buffer size: 60 240001
Download Time: 1055559
Chunk bitrate: 60 349952
Buffer size: 61 244001
Download Time: 1089621
Chunk bitrate: 61 349952
Buffer size: 62 248001
Download Time: 572414
Chunk bitrate: 62 349952
Buffer size: 63 252001
Download Time: 569911
Chunk bitrate: 63 600000
Buffer size: 63 256001
Chunk bitrate: 63 600000
Buffer size: 64 256001
Download Time: 901502
Chunk bitrate: 64 349952
Buffer size: 64 260001
Chunk bitrate: 64 349952
Buffer size: 65 260001
[00007fd548003378] ps mux: Close
[00007fd540000ff8] idummy demux: command `quit'
[00000000007921a8] [cli] lua interface error: Error loading script /home/cs244/vlc/share/lua/intf/cli.luac: lua/intf/modules/host.lua:286: Interrupted.
