[00000000008041a8] core interface error: no suitable interface module
[000000000073b338] core libvlc error: interface "globalhotkeys,none" initialization failed
[00000000008041a8] dbus interface error: Failed to connect to the D-Bus session daemon: Unable to autolaunch a dbus-daemon without a $DISPLAY for X11
[00000000008041a8] core interface error: no suitable interface module
[000000000073b338] core libvlc error: interface "dbus,none" initialization failed
[000000000073b338] core libvlc: Running vlc with the default interface. Use 'cvlc' to use vlc without interface.
[00000000008041a8] qt interface error: Could not connect to X server
[00000000008041a8] skins2 interface error: cannot initialize OSFactory
[00000000008041a8] [cli] lua interface: Listening on host "*console".
VLC media player 3.0.0-git Vetinari
Command Line Interface initialized. Type `help' for help.
> [00007f3710003378] ps mux: Open
making a DASHManager
new ratebased adaptionlogic
Chunk bitrate: 0 349952
Buffer size: 0 0
Chunk bitrate: 0 349952
Buffer size: 0 0
[00007f37100255c8] mp4 demux: Fragment sequence discontinuity detected 0 != 2
Download Time: 894804
[00007f3710018e28] mp4 demux: Fragment sequence discontinuity detected 0 != 2
Startup Time: 1050000
Chunk bitrate: 0 349952
Buffer size: 1 4001
Download Time: 852300
Chunk bitrate: 1 600000
Buffer size: 1 8001
Chunk bitrate: 1 600000
Buffer size: 2 8001
Download Time: 770234
Chunk bitrate: 2 349952
Buffer size: 2 12001
Chunk bitrate: 2 349952
Buffer size: 3 12001
Download Time: 608734
Chunk bitrate: 3 349952
Buffer size: 4 16001
Download Time: 487580
Chunk bitrate: 4 1000000
Buffer size: 4 20001
Chunk bitrate: 4 1000000
Buffer size: 5 20001
Download Time: 1919050
Chunk bitrate: 5 1000000
Buffer size: 6 24001
Download Time: 1219733
Chunk bitrate: 6 1000000
Buffer size: 7 28001
Download Time: 936261
Chunk bitrate: 7 1000000
Buffer size: 8 32001
Download Time: 2440478
Chunk bitrate: 8 1000000
Buffer size: 9 36001
Download Time: 1219264
Chunk bitrate: 9 600000
Buffer size: 9 40001
Chunk bitrate: 9 600000
Buffer size: 10 40001
Download Time: 1343311
Chunk bitrate: 10 1000000
Buffer size: 10 44001
Chunk bitrate: 10 1000000
Buffer size: 11 44001
Download Time: 1098555
Chunk bitrate: 11 600000
Buffer size: 11 48001
Chunk bitrate: 11 600000
Buffer size: 12 48001
Download Time: 1016013
Chunk bitrate: 12 600000
Buffer size: 13 52001
Download Time: 896117
Download Time: 244991
Chunk bitrate: 13 600000
Buffer size: 14 56001
Download Time: 1056704
Chunk bitrate: 14 600000
Buffer size: 15 60001
Download Time: 691918
Chunk bitrate: 15 349952
Buffer size: 15 64001
Chunk bitrate: 15 349952
Buffer size: 16 64001
Download Time: 736367
Chunk bitrate: 16 349952
Buffer size: 17 68001
Download Time: 776049
Chunk bitrate: 17 349952
Buffer size: 18 72001
Download Time: 692304
Chunk bitrate: 18 600000
Buffer size: 18 76001
Chunk bitrate: 18 600000
Buffer size: 19 76001
Download Time: 690315
Chunk bitrate: 19 600000
Buffer size: 20 80001
Download Time: 846750
Chunk bitrate: 20 600000
Buffer size: 21 84001
Download Time: 731927
Chunk bitrate: 21 349952
Buffer size: 21 88001
Chunk bitrate: 21 349952
Buffer size: 22 88001
Download Time: 606566
Chunk bitrate: 22 1000000
Buffer size: 22 92001
Chunk bitrate: 22 1000000
Buffer size: 23 92001
Download Time: 1344471
Chunk bitrate: 23 349952
Buffer size: 23 96001
Chunk bitrate: 23 349952
Buffer size: 24 96001
Download Time: 688173
Chunk bitrate: 24 600000
Buffer size: 24 100001
Chunk bitrate: 24 600000
Buffer size: 25 100001
Download Time: 805463
Chunk bitrate: 25 600000
Buffer size: 26 104001
Download Time: 933796
Chunk bitrate: 26 1000000
Buffer size: 26 108001
Download Time: 968976
Chunk bitrate: 26 1000000
Buffer size: 27 108001
Download Time: 1019532
Chunk bitrate: 27 1000000
Buffer size: 28 112001
Download Time: 1427019
Chunk bitrate: 28 600000
Buffer size: 28 116001
Chunk bitrate: 28 600000
Buffer size: 29 116001
Download Time: 1098262
Chunk bitrate: 29 600000
Buffer size: 30 120001
Download Time: 771518
Chunk bitrate: 30 349952
Buffer size: 30 124001
Chunk bitrate: 30 349952
Buffer size: 31 124001
Download Time: 612620
Chunk bitrate: 31 600000
Buffer size: 31 128001
Chunk bitrate: 31 600000
Buffer size: 32 128001
Download Time: 890562
[00007f3710003378] core mux error: cannot add this stream
[00007f37100ee328] core decoder error: cannot create packetizer output (h264)
Chunk bitrate: 32 349952
Buffer size: 32 132001
Chunk bitrate: 32 349952
Buffer size: 33 132001
Download Time: 647502
[00007f3710003378] core mux error: cannot add this stream
[00007f37100523a8] core decoder error: cannot create packetizer output (h264)
Chunk bitrate: 33 1000000
Buffer size: 33 136001
Chunk bitrate: 33 1000000
Buffer size: 34 136001
Download Time: 1432702
[00007f3710003378] core mux error: cannot add this stream
[00007f371012e078] core decoder error: cannot create packetizer output (h264)
Chunk bitrate: 34 600000
Buffer size: 34 140001
Chunk bitrate: 34 600000
Buffer size: 35 140001
Download Time: 1016731
[00007f3710003378] core mux error: cannot add this stream
[00007f37100dfdb8] core decoder error: cannot create packetizer output (h264)
Chunk bitrate: 35 349952
Buffer size: 35 144001
Chunk bitrate: 35 349952
Buffer size: 36 144001
Download Time: 566043
[00007f3710003378] core mux error: cannot add this stream
[00007f371004cbe8] core decoder error: cannot create packetizer output (h264)
Chunk bitrate: 36 349952
Buffer size: 37 148001
Download Time: 613166
Chunk bitrate: 37 1000000
Buffer size: 37 152001
Chunk bitrate: 37 1000000
Buffer size: 38 152001
Download Time: 1465993
[00007f3710003378] core mux error: cannot add this stream
[00007f3710055428] core decoder error: cannot create packetizer output (h264)
Chunk bitrate: 38 2000000
Buffer size: 38 156001
Chunk bitrate: 38 2000000
Buffer size: 39 156001
Download Time: 2681832
[00007f3710003378] core mux error: cannot add this stream
[00007f37100e3808] core decoder error: cannot create packetizer output (h264)
Chunk bitrate: 39 349952
Buffer size: 39 160001
Chunk bitrate: 39 349952
Buffer size: 40 160001
Download Time: 566296
[00007f3710003378] core mux error: cannot add this stream
[00007f3710046498] core decoder error: cannot create packetizer output (h264)
Chunk bitrate: 40 600000
Buffer size: 40 164001
Chunk bitrate: 40 600000
Buffer size: 41 164001
Download Time: 1298379
[00007f3710003378] core mux error: cannot add this stream
[00007f371010b3c8] core decoder error: cannot create packetizer output (h264)
Chunk bitrate: 41 349952
Buffer size: 41 168001
Chunk bitrate: 41 349952
Buffer size: 42 168001
Download Time: 809215
[00007f3710003378] core mux error: cannot add this stream
[00007f37100b2728] core decoder error: cannot create packetizer output (h264)
Chunk bitrate: 42 600000
Buffer size: 42 172001
Chunk bitrate: 42 600000
Buffer size: 43 172001
Download Time: 1898313
[00007f3710003378] core mux error: cannot add this stream
[00007f37101082c8] core decoder error: cannot create packetizer output (h264)
Chunk bitrate: 43 600000
Buffer size: 44 176001
Download Time: 1262118
Chunk bitrate: 44 349952
Buffer size: 44 180001
Chunk bitrate: 44 349952
Buffer size: 45 180001
Download Time: 364027
[00007f3710003378] core mux error: cannot add this stream
[00007f3710100688] core decoder error: cannot create packetizer output (h264)
Chunk bitrate: 45 600000
Buffer size: 45 184001
Chunk bitrate: 45 600000
Buffer size: 46 184001
Download Time: 814732
[00007f3710003378] core mux error: cannot add this stream
[00007f3710111098] core decoder error: cannot create packetizer output (h264)
Chunk bitrate: 46 600000
Buffer size: 47 188001
Download Time: 813239
Chunk bitrate: 47 600000
Buffer size: 48 192001
Download Time: 773534
Chunk bitrate: 48 1000000
Buffer size: 48 196001
Chunk bitrate: 48 1000000
Buffer size: 49 196001
Download Time: 1380995
[00007f3710003378] core mux error: cannot add this stream
[00007f371014d098] core decoder error: cannot create packetizer output (h264)
Chunk bitrate: 49 349952
Buffer size: 49 200001
Chunk bitrate: 49 349952
Buffer size: 50 200001
Download Time: 1416310
[00007f3710003378] core mux error: cannot add this stream
[00007f3710028fd8] core decoder error: cannot create packetizer output (h264)
Chunk bitrate: 50 349952
Buffer size: 51 204001
Download Time: 728067
Chunk bitrate: 51 600000
Buffer size: 51 208001
Chunk bitrate: 51 600000
Buffer size: 52 208001
Download Time: 898604
Download Time: 451245
[00007f3710003378] core mux error: cannot add this stream
[00007f371011d808] core decoder error: cannot create packetizer output (h264)
Chunk bitrate: 52 349952
Buffer size: 52 212001
Chunk bitrate: 52 349952
Buffer size: 53 212001
Download Time: 774886
[00007f3710003378] core mux error: cannot add this stream
[00007f3710104238] core decoder error: cannot create packetizer output (h264)
Chunk bitrate: 53 349952
Buffer size: 54 216001
Download Time: 651890
Chunk bitrate: 54 600000
Buffer size: 54 220001
Chunk bitrate: 54 600000
Buffer size: 55 220001
Download Time: 1142039
[00007f3710003378] core mux error: cannot add this stream
[00007f371012a498] core decoder error: cannot create packetizer output (h264)
Chunk bitrate: 55 600000
Buffer size: 56 224001
Download Time: 1087154
Chunk bitrate: 56 600000
Buffer size: 57 228001
Download Time: 1183791
Chunk bitrate: 57 349952
Buffer size: 57 232001
Chunk bitrate: 57 349952
Buffer size: 58 232001
Download Time: 809814
[00007f3710003378] core mux error: cannot add this stream
[00007f371006bce8] core decoder error: cannot create packetizer output (h264)
Chunk bitrate: 58 600000
Buffer size: 58 236001
Chunk bitrate: 58 600000
Buffer size: 59 236001
Download Time: 1178186
[00007f3710003378] core mux error: cannot add this stream
[00007f371006b188] core decoder error: cannot create packetizer output (h264)
Chunk bitrate: 59 600000
Buffer size: 60 240001
Download Time: 1300715
Chunk bitrate: 60 1000000
Buffer size: 60 244001
Chunk bitrate: 60 1000000
Buffer size: 61 244001
Download Time: 1018165
[00007f3710003378] core mux error: cannot add this stream
[00007f371015df08] core decoder error: cannot create packetizer output (h264)
Chunk bitrate: 61 1000000
Buffer size: 62 248001
Download Time: 447041
Chunk bitrate: 62 600000
Buffer size: 62 252001
Chunk bitrate: 62 600000
Buffer size: 63 252001
Download Time: 450716
[00007f3710003378] core mux error: cannot add this stream
[00007f37100941a8] core decoder error: cannot create packetizer output (h264)
Chunk bitrate: 63 600000
Buffer size: 64 256001
Download Time: 816220
Chunk bitrate: 64 349952
Buffer size: 64 260001
Chunk bitrate: 64 349952
Buffer size: 65 260001
[00007f3710003378] ps mux: Close
[00007f3714007eb8] idummy demux: command `quit'
[00000000008041a8] [cli] lua interface error: Error loading script /home/cs244/vlc/share/lua/intf/cli.luac: lua/intf/modules/host.lua:286: Interrupted.
