[000000000090b788] core interface error: no suitable interface module
[0000000000849338] core libvlc error: interface "globalhotkeys,none" initialization failed
[000000000090b788] dbus interface error: Failed to connect to the D-Bus session daemon: Unable to autolaunch a dbus-daemon without a $DISPLAY for X11
[000000000090b788] core interface error: no suitable interface module
[0000000000849338] core libvlc error: interface "dbus,none" initialization failed
[0000000000849338] core libvlc: Running vlc with the default interface. Use 'cvlc' to use vlc without interface.
[000000000090b788] qt interface error: Could not connect to X server
[000000000090b788] skins2 interface error: cannot initialize OSFactory
[00007f8efc003378] ps mux: Open
[000000000090b788] [cli] lua interface: Listening on host "*console".
VLC media player 3.0.0-git Vetinari
Command Line Interface initialized. Type `help' for help.
> making a DASHManager
new ratebased adaptionlogic
Chunk bitrate: 0 349952
Buffer size: 0 0
Chunk bitrate: 0 349952
Buffer size: 0 0
[00007f8efc0253b8] mp4 demux: Fragment sequence discontinuity detected 0 != 2
Download Time: 733232
[00007f8efc0242d8] mp4 demux: Fragment sequence discontinuity detected 0 != 2
Startup Time: 1050000
Chunk bitrate: 0 600000
Buffer size: 0 4001
Chunk bitrate: 0 600000
Buffer size: 1 4001
Download Time: 1133059
Chunk bitrate: 1 600000
Buffer size: 2 8001
Download Time: 768708
Chunk bitrate: 2 600000
Buffer size: 3 12001
Download Time: 1221533
Chunk bitrate: 3 349952
Buffer size: 3 16001
Chunk bitrate: 3 349952
Buffer size: 4 16001
Download Time: 609440
Chunk bitrate: 4 600000
Buffer size: 4 20001
Download Time: 572496
Chunk bitrate: 4 600000
Buffer size: 5 20001
Download Time: 1341700
Chunk bitrate: 5 600000
Buffer size: 6 24001
Download Time: 1015920
Chunk bitrate: 6 349952
Buffer size: 6 28001
Chunk bitrate: 6 349952
Buffer size: 7 28001
Download Time: 692198
Chunk bitrate: 7 600000
Buffer size: 7 32001
Chunk bitrate: 7 600000
Buffer size: 8 32001
Download Time: 1385727
Chunk bitrate: 8 349952
Buffer size: 8 36001
Chunk bitrate: 8 349952
Buffer size: 9 36001
Download Time: 1016602
Chunk bitrate: 9 349952
Buffer size: 10 40001
Download Time: 1140106
Chunk bitrate: 10 349952
Buffer size: 11 44001
Download Time: 529582
Chunk bitrate: 11 349952
Buffer size: 12 48001
Download Time: 564683
Chunk bitrate: 12 600000
Buffer size: 12 52001
Chunk bitrate: 12 600000
Buffer size: 13 52001
Download Time: 1060106
Chunk bitrate: 13 349952
Buffer size: 13 56001
Chunk bitrate: 13 349952
Buffer size: 14 56001
Download Time: 814586
Chunk bitrate: 14 349952
Buffer size: 15 60001
Download Time: 1097991
Chunk bitrate: 15 600000
Buffer size: 15 64001
Chunk bitrate: 15 600000
Buffer size: 16 64001
Download Time: 1102716
Chunk bitrate: 16 349952
Buffer size: 16 68001
Chunk bitrate: 16 349952
Buffer size: 17 68001
Download Time: 858313
Chunk bitrate: 17 349952
Buffer size: 18 72001
Download Time: 854094
Chunk bitrate: 18 600000
Buffer size: 18 76001
Chunk bitrate: 18 600000
Buffer size: 19 76001
Download Time: 933973
Chunk bitrate: 19 1000000
Buffer size: 19 80001
Chunk bitrate: 19 1000000
Buffer size: 20 80001
Download Time: 2566172
Chunk bitrate: 20 349952
Buffer size: 20 84001
Chunk bitrate: 20 349952
Buffer size: 21 84001
Download Time: 324590
Chunk bitrate: 21 600000
Buffer size: 21 88001
Chunk bitrate: 21 600000
Buffer size: 22 88001
Download Time: 1264846
Chunk bitrate: 22 349952
Buffer size: 22 92001
Chunk bitrate: 22 349952
Buffer size: 23 92001
Download Time: 773557
Chunk bitrate: 23 600000
Buffer size: 23 96001
Chunk bitrate: 23 600000
Buffer size: 24 96001
Download Time: 1141555
[00007f8efc003378] core mux error: cannot add this stream
[00007f8efc0b31b8] core decoder error: cannot create packetizer output (h264)
Chunk bitrate: 24 349952
Buffer size: 24 100001
Chunk bitrate: 24 349952
Buffer size: 25 100001
Download Time: 651356
[00007f8efc003378] core mux error: cannot add this stream
[00007f8efc0d9ea8] core decoder error: cannot create packetizer output (h264)
Chunk bitrate: 25 349952
Buffer size: 26 104001
Download Time: 729504
Chunk bitrate: 26 600000
Buffer size: 26 108001
Chunk bitrate: 26 600000
Buffer size: 27 108001
Download Time: 774333
[00007f8efc003378] core mux error: cannot add this stream
[00007f8efc0bb828] core decoder error: cannot create packetizer output (h264)
Chunk bitrate: 27 349952
Buffer size: 27 112001
Chunk bitrate: 27 349952
Buffer size: 28 112001
Download Time: 850972
[00007f8efc003378] core mux error: cannot add this stream
[00007f8efc0c1588] core decoder error: cannot create packetizer output (h264)
Chunk bitrate: 28 1000000
Buffer size: 28 116001
Chunk bitrate: 28 1000000
Buffer size: 29 116001
Download Time: 1256163
[00007f8efc003378] core mux error: cannot add this stream
[00007f8efc11e618] core decoder error: cannot create packetizer output (h264)
Chunk bitrate: 29 349952
Buffer size: 29 120001
Chunk bitrate: 29 349952
Buffer size: 30 120001
Download Time: 572818
[00007f8efc003378] core mux error: cannot add this stream
[00007f8efc0b8998] core decoder error: cannot create packetizer output (h264)
Chunk bitrate: 30 349952
Buffer size: 31 124001
Download Time: 814037
Chunk bitrate: 31 1000000
Buffer size: 31 128001
Chunk bitrate: 31 1000000
Buffer size: 32 128001
Download Time: 1993434
[00007f8efc003378] core mux error: cannot add this stream
[00007f8efc138548] core decoder error: cannot create packetizer output (h264)
Chunk bitrate: 32 600000
Buffer size: 32 132001
Download Time: 202059
Chunk bitrate: 32 600000
Buffer size: 33 132001
Download Time: 1221828
[00007f8efc003378] core mux error: cannot add this stream
[00007f8efc0edf78] core decoder error: cannot create packetizer output (h264)
Chunk bitrate: 33 349952
Buffer size: 33 136001
Chunk bitrate: 33 349952
Buffer size: 34 136001
Download Time: 730630
[00007f8efc003378] core mux error: cannot add this stream
[00007f8efc0cf798] core decoder error: cannot create packetizer output (h264)
Chunk bitrate: 34 349952
Buffer size: 35 140001
Download Time: 853035
Chunk bitrate: 35 349952
Buffer size: 36 144001
Download Time: 446357
Chunk bitrate: 36 600000
Buffer size: 36 148001
Chunk bitrate: 36 600000
Buffer size: 37 148001
Download Time: 856501
[00007f8efc003378] core mux error: cannot add this stream
[00007f8efc0fc4b8] core decoder error: cannot create packetizer output (h264)
Chunk bitrate: 37 349952
Buffer size: 37 152001
Chunk bitrate: 37 349952
Buffer size: 38 152001
Download Time: 526011
[00007f8efc003378] core mux error: cannot add this stream
[00007f8efc0cd3a8] core decoder error: cannot create packetizer output (h264)
Chunk bitrate: 38 1000000
Buffer size: 38 156001
Chunk bitrate: 38 1000000
Buffer size: 39 156001
Download Time: 1742215
[00007f8efc003378] core mux error: cannot add this stream
[00007f8efc129af8] core decoder error: cannot create packetizer output (h264)
Chunk bitrate: 39 1000000
Buffer size: 40 160001
Download Time: 1589691
Chunk bitrate: 40 349952
Buffer size: 40 164001
Chunk bitrate: 40 349952
Buffer size: 41 164001
Download Time: 491949
[00007f8efc003378] core mux error: cannot add this stream
[00007f8efc0e6178] core decoder error: cannot create packetizer output (h264)
Chunk bitrate: 41 600000
Buffer size: 41 168001
Chunk bitrate: 41 600000
Buffer size: 42 168001
Download Time: 730850
[00007f8efc003378] core mux error: cannot add this stream
[00007f8efc104e28] core decoder error: cannot create packetizer output (h264)
Chunk bitrate: 42 349952
Buffer size: 42 172001
Chunk bitrate: 42 349952
Buffer size: 43 172001
Download Time: 651332
[00007f8efc003378] core mux error: cannot add this stream
[00007f8efc0defb8] core decoder error: cannot create packetizer output (h264)
Chunk bitrate: 43 349952
Buffer size: 44 176001
Download Time: 607298
Chunk bitrate: 44 349952
Buffer size: 45 180001
Download Time: 771445
Chunk bitrate: 45 600000
Buffer size: 45 184001
Chunk bitrate: 45 600000
Buffer size: 46 184001
Download Time: 1056647
[00007f8efc003378] core mux error: cannot add this stream
[00007f8efc116138] core decoder error: cannot create packetizer output (h264)
Chunk bitrate: 46 600000
Buffer size: 47 188001
Download Time: 976780
Chunk bitrate: 47 349952
Buffer size: 47 192001
Chunk bitrate: 47 349952
Buffer size: 48 192001
Download Time: 731080
[00007f8efc003378] core mux error: cannot add this stream
[00007f8efc108558] core decoder error: cannot create packetizer output (h264)
Chunk bitrate: 48 1000000
Buffer size: 48 196001
Chunk bitrate: 48 1000000
Buffer size: 49 196001
Download Time: 1223977
[00007f8efc003378] core mux error: cannot add this stream
[00007f8efc1524e8] core decoder error: cannot create packetizer output (h264)
Chunk bitrate: 49 600000
Buffer size: 49 200001
Chunk bitrate: 49 600000
Buffer size: 50 200001
Download Time: 1347866
[00007f8efc003378] core mux error: cannot add this stream
[00007f8efc117f68] core decoder error: cannot create packetizer output (h264)
Chunk bitrate: 50 600000
Buffer size: 51 204001
Download Time: 1144550
Chunk bitrate: 51 600000
Buffer size: 52 208001
Download Time: 1021631
Chunk bitrate: 52 600000
Buffer size: 53 212001
Download Time: 855825
Chunk bitrate: 53 349952
Buffer size: 53 216001
Chunk bitrate: 53 349952
Buffer size: 54 216001
Download Time: 980751
[00007f8efc003378] core mux error: cannot add this stream
[00007f8efc11f428] core decoder error: cannot create packetizer output (h264)
Chunk bitrate: 54 349952
Buffer size: 55 220001
Download Time: 567313
Chunk bitrate: 55 600000
Buffer size: 55 224001
Chunk bitrate: 55 600000
Buffer size: 56 224001
Download Time: 1555372
[00007f8efc003378] core mux error: cannot add this stream
[00007f8efc12a0f8] core decoder error: cannot create packetizer output (h264)
Chunk bitrate: 56 600000
Buffer size: 57 228001
Download Time: 614781
Chunk bitrate: 57 600000
Buffer size: 58 232001
Download Time: 446003
Chunk bitrate: 58 349952
Buffer size: 58 236001
Chunk bitrate: 58 349952
Buffer size: 59 236001
Download Time: 818319
[00007f8efc003378] core mux error: cannot add this stream
[00007f8efc0f4ac8] core decoder error: cannot create packetizer output (h264)
Chunk bitrate: 59 349952
Buffer size: 60 240001
Download Time: 490837
Chunk bitrate: 60 600000
Buffer size: 60 244001
Chunk bitrate: 60 600000
Buffer size: 61 244001
Download Time: 903058
[00007f8efc003378] core mux error: cannot add this stream
[00007f8efc137208] core decoder error: cannot create packetizer output (h264)
Chunk bitrate: 61 600000
Buffer size: 62 248001
Download Time: 1099994
Chunk bitrate: 62 600000
Buffer size: 63 252001
Download Time: 366793
Chunk bitrate: 63 600000
Buffer size: 64 256001
Download Time: 736041
Chunk bitrate: 64 349952
Buffer size: 64 260001
Chunk bitrate: 64 349952
Buffer size: 65 260001
[00007f8efc003378] ps mux: Close
[00007f8efc10c608] idummy demux: command `quit'
[000000000090b788] [cli] lua interface error: Error loading script /home/cs244/vlc/share/lua/intf/cli.luac: lua/intf/modules/host.lua:286: Interrupted.
