[0000000000fbf1e8] core interface error: no suitable interface module
[0000000000ef6338] core libvlc error: interface "globalhotkeys,none" initialization failed
[0000000000fbf1e8] dbus interface error: Failed to connect to the D-Bus session daemon: Unable to autolaunch a dbus-daemon without a $DISPLAY for X11
[0000000000fbf1e8] core interface error: no suitable interface module
[0000000000ef6338] core libvlc error: interface "dbus,none" initialization failed
[0000000000ef6338] core libvlc: Running vlc with the default interface. Use 'cvlc' to use vlc without interface.
[0000000000fbf1e8] qt interface error: Could not connect to X server
[0000000000fbf1e8] skins2 interface error: cannot initialize OSFactory
[00007f47f0003378] ps mux: Open
[0000000000fbf1e8] [cli] lua interface: Listening on host "*console".
VLC media player 3.0.0-git Vetinari
Command Line Interface initialized. Type `help' for help.
> making a DASHManager
new ratebased adaptionlogic
Chunk bitrate: 0 349952
Buffer size: 0 0
Chunk bitrate: 0 349952
Buffer size: 0 0
[00007f47f0025b28] mp4 demux: Fragment sequence discontinuity detected 0 != 2
Download Time: 365834
Download Time: 71219
[00007f47f00237a8] mp4 demux: Fragment sequence discontinuity detected 0 != 2
Startup Time: 1050000
Chunk bitrate: 0 1000000
Buffer size: 0 4001
Chunk bitrate: 0 1000000
Buffer size: 1 4001
Download Time: 840268
Chunk bitrate: 1 1000000
Buffer size: 2 8001
Download Time: 629086
Chunk bitrate: 2 1000000
Buffer size: 3 12001
Download Time: 845955
Chunk bitrate: 3 2000000
Buffer size: 3 16001
Chunk bitrate: 3 2000000
Buffer size: 4 16001
Download Time: 1300006
Chunk bitrate: 4 2000000
Buffer size: 5 20001
Download Time: 1794460
Chunk bitrate: 5 2000000
Buffer size: 6 24001
Download Time: 1095173
Chunk bitrate: 6 1000000
Buffer size: 6 28001
Chunk bitrate: 6 1000000
Buffer size: 7 28001
Download Time: 651331
Chunk bitrate: 7 1000000
Buffer size: 8 32001
Download Time: 871350
Chunk bitrate: 8 1000000
Buffer size: 9 36001
Download Time: 799474
Chunk bitrate: 9 1000000
Buffer size: 10 40001
Download Time: 736891
Chunk bitrate: 10 1000000
Buffer size: 11 44001
Download Time: 765321
Chunk bitrate: 11 1000000
Buffer size: 12 48001
Download Time: 983875
Chunk bitrate: 12 1000000
Buffer size: 13 52001
Download Time: 877368
Chunk bitrate: 13 1000000
Buffer size: 14 56001
Download Time: 701098
Chunk bitrate: 14 2000000
Buffer size: 14 60001
Chunk bitrate: 14 2000000
Buffer size: 15 60001
Download Time: 1327865
Chunk bitrate: 15 1000000
Buffer size: 15 64001
Chunk bitrate: 15 1000000
Buffer size: 16 64001
Download Time: 856178
Chunk bitrate: 16 2000000
Buffer size: 16 68001
Chunk bitrate: 16 2000000
Buffer size: 17 68001
Download Time: 1293389
Chunk bitrate: 17 1000000
Buffer size: 17 72001
Chunk bitrate: 17 1000000
Buffer size: 18 72001
Download Time: 833151
Chunk bitrate: 18 1000000
Buffer size: 19 76001
Download Time: 542938
Chunk bitrate: 19 1000000
Buffer size: 20 80001
Download Time: 801226
Chunk bitrate: 20 2000000
Buffer size: 20 84001
Chunk bitrate: 20 2000000
Buffer size: 21 84001
Download Time: 973657
Chunk bitrate: 21 1000000
Buffer size: 21 88001
Chunk bitrate: 21 1000000
Buffer size: 22 88001
Download Time: 741611
Chunk bitrate: 22 1000000
Buffer size: 23 92001
Download Time: 2630140
Chunk bitrate: 23 349952
Buffer size: 23 96001
Chunk bitrate: 23 349952
Buffer size: 24 96001
Download Time: 568505
Chunk bitrate: 24 600000
Buffer size: 24 100001
Chunk bitrate: 24 600000
Buffer size: 25 100001
Download Time: 810563
Chunk bitrate: 25 600000
Buffer size: 26 104001
Download Time: 931171
Chunk bitrate: 26 600000
Buffer size: 27 108001
Download Time: 938624
Chunk bitrate: 27 600000
Buffer size: 28 112001
Download Time: 1184287
Chunk bitrate: 28 349952
Buffer size: 28 116001
Chunk bitrate: 28 349952
Buffer size: 29 116001
Download Time: 733734
Chunk bitrate: 29 1000000
Buffer size: 29 120001
Download Time: 123412
Chunk bitrate: 29 1000000
Buffer size: 30 120001
Download Time: 936519
Chunk bitrate: 30 600000
Buffer size: 30 124001
Chunk bitrate: 30 600000
Buffer size: 31 124001
Download Time: 1064121
Chunk bitrate: 31 600000
Buffer size: 32 128001
Download Time: 1185837
Chunk bitrate: 32 349952
Buffer size: 32 132001
Chunk bitrate: 32 349952
Buffer size: 33 132001
Download Time: 615161
Chunk bitrate: 33 600000
Buffer size: 33 136001
Chunk bitrate: 33 600000
Buffer size: 34 136001
Download Time: 1140436
[00007f47f0003378] core mux error: cannot add this stream
[00007f47f013a498] core decoder error: cannot create packetizer output (h264)
Chunk bitrate: 34 349952
Buffer size: 34 140001
Chunk bitrate: 34 349952
Buffer size: 35 140001
Download Time: 563872
[00007f47f0003378] core mux error: cannot add this stream
[00007f47f00aacb8] core decoder error: cannot create packetizer output (h264)
Chunk bitrate: 35 349952
Buffer size: 36 144001
Download Time: 718289
Chunk bitrate: 36 349952
Buffer size: 37 148001
Download Time: 436790
Chunk bitrate: 37 600000
Buffer size: 37 152001
Chunk bitrate: 37 600000
Buffer size: 38 152001
Download Time: 1061954
[00007f47f0003378] core mux error: cannot add this stream
[00007f47f013dde8] core decoder error: cannot create packetizer output (h264)
Chunk bitrate: 38 1000000
Buffer size: 38 156001
Chunk bitrate: 38 1000000
Buffer size: 39 156001
Download Time: 2026136
[00007f47f0003378] core mux error: cannot add this stream
[00007f47f011a608] core decoder error: cannot create packetizer output (h264)
Chunk bitrate: 39 349952
Buffer size: 39 160001
Chunk bitrate: 39 349952
Buffer size: 40 160001
Download Time: 652238
[00007f47f0003378] core mux error: cannot add this stream
[00007f47f006b5a8] core decoder error: cannot create packetizer output (h264)
Chunk bitrate: 40 349952
Buffer size: 41 164001
Download Time: 1141818
Chunk bitrate: 41 349952
Buffer size: 42 168001
Download Time: 560038
Chunk bitrate: 42 600000
Buffer size: 42 172001
Chunk bitrate: 42 600000
Buffer size: 43 172001
Download Time: 737486
[00007f47f0003378] core mux error: cannot add this stream
[00007f47f004bcb8] core decoder error: cannot create packetizer output (h264)
Chunk bitrate: 43 600000
Buffer size: 44 176001
Download Time: 854220
Chunk bitrate: 44 600000
Buffer size: 45 180001
Download Time: 768068
Chunk bitrate: 45 600000
Buffer size: 46 184001
Download Time: 1495667
Chunk bitrate: 46 1000000
Buffer size: 46 188001
Chunk bitrate: 46 1000000
Buffer size: 47 188001
Download Time: 3420178
[00007f47f0003378] core mux error: cannot add this stream
[00007f47f004f7b8] core decoder error: cannot create packetizer output (h264)
Chunk bitrate: 47 349952
Buffer size: 47 192001
Chunk bitrate: 47 349952
Buffer size: 48 192001
Download Time: 1183585
[00007f47f0003378] core mux error: cannot add this stream
[00007f47f01415e8] core decoder error: cannot create packetizer output (h264)
Chunk bitrate: 48 349952
Buffer size: 49 196001
Download Time: 735088
Chunk bitrate: 49 349952
Buffer size: 50 200001
Download Time: 973502
Chunk bitrate: 50 349952
Buffer size: 51 204001
Download Time: 652397
Chunk bitrate: 51 600000
Buffer size: 51 208001
Chunk bitrate: 51 600000
Buffer size: 52 208001
Download Time: 932621
[00007f47f0003378] core mux error: cannot add this stream
[00007f47f010fcf8] core decoder error: cannot create packetizer output (h264)
Chunk bitrate: 52 1000000
Buffer size: 52 212001
Chunk bitrate: 52 1000000
Buffer size: 53 212001
Download Time: 1382244
[00007f47f0003378] core mux error: cannot add this stream
[00007f47f01313a8] core decoder error: cannot create packetizer output (h264)
Chunk bitrate: 53 600000
Buffer size: 53 216001
Download Time: 287998
Chunk bitrate: 53 600000
Buffer size: 54 216001
Download Time: 1141038
[00007f47f0003378] core mux error: cannot add this stream
[00007f47f0054828] core decoder error: cannot create packetizer output (h264)
Chunk bitrate: 54 600000
Buffer size: 55 220001
Download Time: 856421
Chunk bitrate: 55 349952
Buffer size: 55 224001
Chunk bitrate: 55 349952
Buffer size: 56 224001
Download Time: 1632416
[00007f47f0003378] core mux error: cannot add this stream
[00007f47f0116f48] core decoder error: cannot create packetizer output (h264)
Chunk bitrate: 56 600000
Buffer size: 56 228001
Chunk bitrate: 56 600000
Buffer size: 57 228001
Download Time: 653712
[00007f47f0003378] core mux error: cannot add this stream
[00007f47f0040548] core decoder error: cannot create packetizer output (h264)
Chunk bitrate: 57 600000
Buffer size: 58 232001
Download Time: 609991
Chunk bitrate: 58 600000
Buffer size: 59 236001
Download Time: 1421184
Chunk bitrate: 59 349952
Buffer size: 59 240001
Chunk bitrate: 59 349952
Buffer size: 60 240001
Download Time: 941052
Download Time: 520043
[00007f47f0003378] core mux error: cannot add this stream
[00007f47f0142788] core decoder error: cannot create packetizer output (h264)
Chunk bitrate: 60 349952
Buffer size: 61 244001
Download Time: 518655
Chunk bitrate: 61 600000
Buffer size: 61 248001
Chunk bitrate: 61 600000
Buffer size: 62 248001
Download Time: 324630
[00007f47f0003378] core mux error: cannot add this stream
[00007f47f003abe8] core decoder error: cannot create packetizer output (h264)
Chunk bitrate: 62 349952
Buffer size: 62 252001
Chunk bitrate: 62 349952
Buffer size: 63 252001
[00007f47f0003378] core mux error: cannot add this stream
[00007f47f01434b8] core decoder error: cannot create packetizer output (h264)
Chunk bitrate: 63 349952
Buffer size: 64 256001
Download Time: 324392
Chunk bitrate: 64 600000
Buffer size: 64 260001
Chunk bitrate: 64 600000
Buffer size: 65 260001
[00007f47f0003378] ps mux: Close
[00007f47ec001558] idummy demux: command `quit'
[0000000000fbf1e8] [cli] lua interface error: Error loading script /home/cs244/vlc/share/lua/intf/cli.luac: lua/intf/modules/host.lua:286: Interrupted.
