[00000000026141e8] core interface error: no suitable interface module
[000000000254b338] core libvlc error: interface "globalhotkeys,none" initialization failed
[00000000026141e8] dbus interface error: Failed to connect to the D-Bus session daemon: Unable to autolaunch a dbus-daemon without a $DISPLAY for X11
[00000000026141e8] core interface error: no suitable interface module
[000000000254b338] core libvlc error: interface "dbus,none" initialization failed
[000000000254b338] core libvlc: Running vlc with the default interface. Use 'cvlc' to use vlc without interface.
[00000000026141e8] qt interface error: Could not connect to X server
[00000000026141e8] skins2 interface error: cannot initialize OSFactory
[00000000026141e8] [cli] lua interface: Listening on host "*console".
VLC media player 3.0.0-git Vetinari
Command Line Interface initialized. Type `help' for help.
> [00007f1ec0003378] ps mux: Open
making a DASHManager
new ratebased adaptionlogic
Chunk bitrate: 0 349952
Buffer size: 0 0
Chunk bitrate: 0 349952
Buffer size: 0 0
[00007f1ec0024728] mp4 demux: Fragment sequence discontinuity detected 0 != 2
Download Time: 773097
[00007f1ec0024578] mp4 demux: Fragment sequence discontinuity detected 0 != 2
Startup Time: 1050000
Chunk bitrate: 0 349952
Buffer size: 1 4001
Download Time: 1052211
Chunk bitrate: 1 600000
Buffer size: 1 8001
Chunk bitrate: 1 600000
Buffer size: 2 8001
Download Time: 1139450
Chunk bitrate: 2 349952
Buffer size: 2 12001
Chunk bitrate: 2 349952
Buffer size: 3 12001
Download Time: 765796
Chunk bitrate: 3 349952
Buffer size: 4 16001
Download Time: 485622
Chunk bitrate: 4 349952
Buffer size: 5 20001
Download Time: 597019
Chunk bitrate: 5 349952
Buffer size: 6 24001
Download Time: 610642
Chunk bitrate: 6 1000000
Buffer size: 6 28001
Download Time: 202017
Chunk bitrate: 6 1000000
Buffer size: 7 28001
Download Time: 1294769
Chunk bitrate: 7 349952
Buffer size: 7 32001
Download Time: 201679
Chunk bitrate: 7 349952
Buffer size: 8 32001
Download Time: 519157
Chunk bitrate: 8 349952
Buffer size: 9 36001
Download Time: 856368
Chunk bitrate: 9 349952
Buffer size: 10 40001
Download Time: 567748
Chunk bitrate: 10 349952
Buffer size: 11 44001
Download Time: 936534
Chunk bitrate: 11 349952
Buffer size: 12 48001
Download Time: 490815
Chunk bitrate: 12 349952
Buffer size: 13 52001
Download Time: 570689
Chunk bitrate: 13 600000
Buffer size: 13 56001
Chunk bitrate: 13 600000
Buffer size: 14 56001
Download Time: 812073
Chunk bitrate: 14 600000
Buffer size: 15 60001
Download Time: 976008
Chunk bitrate: 15 600000
Buffer size: 16 64001
Download Time: 857926
Chunk bitrate: 16 349952
Buffer size: 16 68001
Chunk bitrate: 16 349952
Buffer size: 17 68001
Download Time: 445261
Chunk bitrate: 17 349952
Buffer size: 18 72001
Download Time: 690988
Chunk bitrate: 18 600000
Buffer size: 18 76001
Chunk bitrate: 18 600000
Buffer size: 19 76001
Download Time: 694119
Chunk bitrate: 19 600000
Buffer size: 20 80001
Download Time: 1300664
Chunk bitrate: 20 349952
Buffer size: 20 84001
Chunk bitrate: 20 349952
Buffer size: 21 84001
Download Time: 288185
Chunk bitrate: 21 600000
Buffer size: 21 88001
Chunk bitrate: 21 600000
Buffer size: 22 88001
Download Time: 821300
Chunk bitrate: 22 600000
Buffer size: 23 92001
Download Time: 1908817
Chunk bitrate: 23 600000
Buffer size: 24 96001
Download Time: 930526
Chunk bitrate: 24 600000
Buffer size: 25 100001
Download Time: 769338
Chunk bitrate: 25 1000000
Buffer size: 25 104001
Chunk bitrate: 25 1000000
Buffer size: 26 104001
Download Time: 1145520
Chunk bitrate: 26 1000000
Buffer size: 27 108001
Download Time: 981839
Chunk bitrate: 27 600000
Buffer size: 27 112001
Chunk bitrate: 27 600000
Buffer size: 28 112001
Download Time: 770761
Chunk bitrate: 28 349952
Buffer size: 28 116001
Chunk bitrate: 28 349952
Buffer size: 29 116001
Download Time: 654143
Chunk bitrate: 29 600000
Buffer size: 29 120001
Chunk bitrate: 29 600000
Buffer size: 30 120001
Download Time: 934952
Chunk bitrate: 30 349952
Buffer size: 30 124001
Chunk bitrate: 30 349952
Buffer size: 31 124001
Download Time: 569824
Chunk bitrate: 31 600000
Buffer size: 31 128001
Chunk bitrate: 31 600000
Buffer size: 32 128001
Download Time: 897311
Chunk bitrate: 32 600000
Buffer size: 33 132001
Download Time: 1261695
Chunk bitrate: 33 349952
Buffer size: 33 136001
Chunk bitrate: 33 349952
Buffer size: 34 136001
Download Time: 1020109
[00007f1ec0003378] core mux error: cannot add this stream
[00007f1ec00d1468] core decoder error: cannot create packetizer output (h264)
Chunk bitrate: 34 349952
Buffer size: 35 140001
Download Time: 1062484
Chunk bitrate: 35 600000
Buffer size: 35 144001
Chunk bitrate: 35 600000
Buffer size: 36 144001
Download Time: 814790
[00007f1ec0003378] core mux error: cannot add this stream
[00007f1ec00e2b88] core decoder error: cannot create packetizer output (h264)
Chunk bitrate: 36 600000
Buffer size: 37 148001
Download Time: 1918539
Chunk bitrate: 37 600000
Buffer size: 38 152001
Download Time: 777043
Chunk bitrate: 38 2000000
Buffer size: 38 156001
Chunk bitrate: 38 2000000
Buffer size: 39 156001
Download Time: 1994430
[00007f1ec0003378] core mux error: cannot add this stream
[00007f1ec0076658] core decoder error: cannot create packetizer output (h264)
Chunk bitrate: 39 600000
Buffer size: 39 160001
Chunk bitrate: 39 600000
Buffer size: 40 160001
Download Time: 609075
[00007f1ec0003378] core mux error: cannot add this stream
[00007f1ec00e90e8] core decoder error: cannot create packetizer output (h264)
Chunk bitrate: 40 349952
Buffer size: 40 164001
Chunk bitrate: 40 349952
Buffer size: 41 164001
Download Time: 853810
[00007f1ec0003378] core mux error: cannot add this stream
[00007f1ec00b78f8] core decoder error: cannot create packetizer output (h264)
Chunk bitrate: 41 349952
Buffer size: 42 168001
Download Time: 890464
Chunk bitrate: 42 349952
Buffer size: 43 172001
Download Time: 607824
Chunk bitrate: 43 600000
Buffer size: 43 176001
Chunk bitrate: 43 600000
Buffer size: 44 176001
Download Time: 1305635
[00007f1ec0003378] core mux error: cannot add this stream
[00007f1ec00fc1b8] core decoder error: cannot create packetizer output (h264)
Chunk bitrate: 44 349952
Buffer size: 44 180001
Chunk bitrate: 44 349952
Buffer size: 45 180001
Download Time: 735320
[00007f1ec0003378] core mux error: cannot add this stream
[00007f1ec00eb988] core decoder error: cannot create packetizer output (h264)
Chunk bitrate: 45 349952
Buffer size: 46 184001
Download Time: 612552
Chunk bitrate: 46 1000000
Buffer size: 46 188001
Chunk bitrate: 46 1000000
Buffer size: 47 188001
Download Time: 1426601
[00007f1ec0003378] core mux error: cannot add this stream
[00007f1ec0143518] core decoder error: cannot create packetizer output (h264)
Chunk bitrate: 47 349952
Buffer size: 47 192001
Chunk bitrate: 47 349952
Buffer size: 48 192001
Download Time: 727697
[00007f1ec0003378] core mux error: cannot add this stream
[00007f1ec00dc968] core decoder error: cannot create packetizer output (h264)
Chunk bitrate: 48 600000
Buffer size: 48 196001
Chunk bitrate: 48 600000
Buffer size: 49 196001
Download Time: 937575
[00007f1ec0003378] core mux error: cannot add this stream
[00007f1ec0111b38] core decoder error: cannot create packetizer output (h264)
Chunk bitrate: 49 349952
Buffer size: 49 200001
Chunk bitrate: 49 349952
Buffer size: 50 200001
Download Time: 1138716
[00007f1ec0003378] core mux error: cannot add this stream
[00007f1ec00ee4b8] core decoder error: cannot create packetizer output (h264)
Chunk bitrate: 50 349952
Buffer size: 51 204001
Download Time: 531496
Chunk bitrate: 51 600000
Buffer size: 51 208001
Chunk bitrate: 51 600000
Buffer size: 52 208001
Download Time: 936236
[00007f1ec0003378] core mux error: cannot add this stream
[00007f1ec0117d48] core decoder error: cannot create packetizer output (h264)
Chunk bitrate: 52 600000
Buffer size: 53 212001
Download Time: 900565
Chunk bitrate: 53 349952
Buffer size: 53 216001
Chunk bitrate: 53 349952
Buffer size: 54 216001
Download Time: 649408
[00007f1ec0003378] core mux error: cannot add this stream
[00007f1ec010ca38] core decoder error: cannot create packetizer output (h264)
Chunk bitrate: 54 349952
Buffer size: 55 220001
Download Time: 609438
Chunk bitrate: 55 349952
Buffer size: 56 224001
Download Time: 529344
Chunk bitrate: 56 349952
Buffer size: 57 228001
Download Time: 448934
Chunk bitrate: 57 600000
Buffer size: 57 232001
Chunk bitrate: 57 600000
Buffer size: 58 232001
Download Time: 1672067
[00007f1ec0003378] core mux error: cannot add this stream
[00007f1ec0066c38] core decoder error: cannot create packetizer output (h264)
Chunk bitrate: 58 349952
Buffer size: 58 236001
Chunk bitrate: 58 349952
Buffer size: 59 236001
Download Time: 649061
[00007f1ec0003378] core mux error: cannot add this stream
[00007f1ec00659d8] core decoder error: cannot create packetizer output (h264)
Chunk bitrate: 59 600000
Buffer size: 59 240001
Chunk bitrate: 59 600000
Buffer size: 60 240001
Download Time: 1264466
[00007f1ec0003378] core mux error: cannot add this stream
[00007f1ec01295b8] core decoder error: cannot create packetizer output (h264)
Chunk bitrate: 60 600000
Buffer size: 61 244001
Download Time: 1184305
Chunk bitrate: 61 600000
Buffer size: 62 248001
Download Time: 444527
Chunk bitrate: 62 600000
Buffer size: 63 252001
Download Time: 450568
Download Time: 366117
Chunk bitrate: 63 349952
Buffer size: 63 256001
Chunk bitrate: 63 349952
Buffer size: 64 256001
Download Time: 487325
[00007f1ec0003378] core mux error: cannot add this stream
[00007f1ec00eefa8] core decoder error: cannot create packetizer output (h264)
Chunk bitrate: 64 349952
Buffer size: 65 260001
[00007f1ec0003378] ps mux: Close
[00007f1ec0097c68] idummy demux: command `quit'
[00000000026141e8] [cli] lua interface error: Error loading script /home/cs244/vlc/share/lua/intf/cli.luac: lua/intf/modules/host.lua:286: Interrupted.
