[00000000012cb1e8] core interface error: no suitable interface module
[0000000001202338] core libvlc error: interface "globalhotkeys,none" initialization failed
[00000000012cb1e8] dbus interface error: Failed to connect to the D-Bus session daemon: Unable to autolaunch a dbus-daemon without a $DISPLAY for X11
[00000000012cb1e8] core interface error: no suitable interface module
[0000000001202338] core libvlc error: interface "dbus,none" initialization failed
[0000000001202338] core libvlc: Running vlc with the default interface. Use 'cvlc' to use vlc without interface.
[00000000012cb1e8] qt interface error: Could not connect to X server
[00000000012cb1e8] skins2 interface error: cannot initialize OSFactory
[00000000012cb1e8] [cli] lua interface: Listening on host "*console".
VLC media player 3.0.0-git Vetinari
Command Line Interface initialized. Type `help' for help.
> [00007f3a6c003378] ps mux: Open
making a DASHManager
new ratebased adaptionlogic
Chunk bitrate: 0 349952
Buffer size: 0 0
Chunk bitrate: 0 349952
Buffer size: 0 0
[00007f3a6c027738] mp4 demux: Fragment sequence discontinuity detected 0 != 2
Download Time: 725759
[00007f3a6c023fe8] mp4 demux: Fragment sequence discontinuity detected 0 != 2
Startup Time: 1050000
Chunk bitrate: 0 349952
Buffer size: 1 4001
Download Time: 931000
Chunk bitrate: 1 600000
Buffer size: 1 8001
Chunk bitrate: 1 600000
Buffer size: 2 8001
Download Time: 1014300
Chunk bitrate: 2 600000
Buffer size: 3 12001
Download Time: 1302524
Chunk bitrate: 3 349952
Buffer size: 3 16001
Chunk bitrate: 3 349952
Buffer size: 4 16001
Download Time: 812855
Chunk bitrate: 4 349952
Buffer size: 5 20001
Download Time: 812825
Chunk bitrate: 5 600000
Buffer size: 5 24001
Chunk bitrate: 5 600000
Buffer size: 6 24001
Download Time: 1296663
Chunk bitrate: 6 349952
Buffer size: 6 28001
Chunk bitrate: 6 349952
Buffer size: 7 28001
Download Time: 648623
Chunk bitrate: 7 349952
Buffer size: 8 32001
Download Time: 730281
Chunk bitrate: 8 600000
Buffer size: 8 36001
Chunk bitrate: 8 600000
Buffer size: 9 36001
Download Time: 1342433
Chunk bitrate: 9 600000
Buffer size: 10 40001
Download Time: 982580
Chunk bitrate: 10 349952
Buffer size: 10 44001
Chunk bitrate: 10 349952
Buffer size: 11 44001
Download Time: 938196
Chunk bitrate: 11 349952
Buffer size: 12 48001
Download Time: 484776
Chunk bitrate: 12 600000
Buffer size: 12 52001
Chunk bitrate: 12 600000
Buffer size: 13 52001
Download Time: 1830635
Chunk bitrate: 13 349952
Buffer size: 13 56001
Chunk bitrate: 13 349952
Buffer size: 14 56001
Download Time: 693624
Chunk bitrate: 14 600000
Buffer size: 14 60001
Chunk bitrate: 14 600000
Buffer size: 15 60001
Download Time: 774590
Chunk bitrate: 15 600000
Buffer size: 16 64001
Download Time: 1487603
Chunk bitrate: 16 349952
Buffer size: 16 68001
Chunk bitrate: 16 349952
Buffer size: 17 68001
Download Time: 1049453
Chunk bitrate: 17 349952
Buffer size: 18 72001
Download Time: 810427
Chunk bitrate: 18 349952
Buffer size: 19 76001
Download Time: 527007
Chunk bitrate: 19 349952
Buffer size: 20 80001
Download Time: 569301
Chunk bitrate: 20 600000
Buffer size: 20 84001
Chunk bitrate: 20 600000
Buffer size: 21 84001
Download Time: 528672
Chunk bitrate: 21 600000
Buffer size: 22 88001
Download Time: 1183933
Chunk bitrate: 22 600000
Buffer size: 23 92001
Download Time: 2017213
Chunk bitrate: 23 349952
Buffer size: 23 96001
Chunk bitrate: 23 349952
Buffer size: 24 96001
Download Time: 653137
Chunk bitrate: 24 600000
Buffer size: 24 100001
Chunk bitrate: 24 600000
Buffer size: 25 100001
Download Time: 854898
Chunk bitrate: 25 1000000
Buffer size: 25 104001
Chunk bitrate: 25 1000000
Buffer size: 26 104001
Download Time: 1009178
Chunk bitrate: 26 349952
Buffer size: 26 108001
Chunk bitrate: 26 349952
Buffer size: 27 108001
Download Time: 489300
Chunk bitrate: 27 600000
Buffer size: 27 112001
Chunk bitrate: 27 600000
Buffer size: 28 112001
Download Time: 1178183
[00007f3a6c003378] core mux error: cannot add this stream
[00007f3a6c0e20c8] core decoder error: cannot create packetizer output (h264)
Chunk bitrate: 28 349952
Buffer size: 28 116001
Chunk bitrate: 28 349952
Buffer size: 29 116001
Download Time: 1131960
[00007f3a6c003378] core mux error: cannot add this stream
[00007f3a6c0d7e08] core decoder error: cannot create packetizer output (h264)
Chunk bitrate: 29 349952
Buffer size: 30 120001
Download Time: 856192
Chunk bitrate: 30 1000000
Buffer size: 30 124001
Chunk bitrate: 30 1000000
Buffer size: 31 124001
Download Time: 1586589
[00007f3a6c003378] core mux error: cannot add this stream
[00007f3a6c107058] core decoder error: cannot create packetizer output (h264)
Chunk bitrate: 31 349952
Buffer size: 31 128001
Chunk bitrate: 31 349952
Buffer size: 32 128001
Download Time: 772081
[00007f3a6c003378] core mux error: cannot add this stream
[00007f3a6c0bee08] core decoder error: cannot create packetizer output (h264)
Chunk bitrate: 32 349952
Buffer size: 33 132001
Download Time: 901978
Chunk bitrate: 33 1000000
Buffer size: 33 136001
Chunk bitrate: 33 1000000
Buffer size: 34 136001
Download Time: 1533247
[00007f3a6c003378] core mux error: cannot add this stream
[00007f3a6c0d76c8] core decoder error: cannot create packetizer output (h264)
Chunk bitrate: 34 349952
Buffer size: 34 140001
Chunk bitrate: 34 349952
Buffer size: 35 140001
Download Time: 568092
[00007f3a6c003378] core mux error: cannot add this stream
[00007f3a6c0c4de8] core decoder error: cannot create packetizer output (h264)
Chunk bitrate: 35 600000
Buffer size: 35 144001
Chunk bitrate: 35 600000
Buffer size: 36 144001
Download Time: 978381
[00007f3a6c003378] core mux error: cannot add this stream
[00007f3a6c0e95a8] core decoder error: cannot create packetizer output (h264)
Chunk bitrate: 36 1000000
Buffer size: 36 148001
Chunk bitrate: 36 1000000
Buffer size: 37 148001
Download Time: 1787489
[00007f3a6c003378] core mux error: cannot add this stream
[00007f3a6c0e9098] core decoder error: cannot create packetizer output (h264)
Chunk bitrate: 37 600000
Buffer size: 37 152001
Chunk bitrate: 37 600000
Buffer size: 38 152001
Download Time: 1216917
[00007f3a6c003378] core mux error: cannot add this stream
[00007f3a6c0fc3b8] core decoder error: cannot create packetizer output (h264)
Chunk bitrate: 38 1000000
Buffer size: 38 156001
Chunk bitrate: 38 1000000
Buffer size: 39 156001
Download Time: 1786192
[00007f3a6c003378] core mux error: cannot add this stream
[00007f3a6c127148] core decoder error: cannot create packetizer output (h264)
Chunk bitrate: 39 600000
Buffer size: 39 160001
Chunk bitrate: 39 600000
Buffer size: 40 160001
Download Time: 1628636
[00007f3a6c003378] core mux error: cannot add this stream
[00007f3a6c0ef0a8] core decoder error: cannot create packetizer output (h264)
Chunk bitrate: 40 349952
Buffer size: 40 164001
Chunk bitrate: 40 349952
Buffer size: 41 164001
Download Time: 1180449
[00007f3a6c003378] core mux error: cannot add this stream
[00007f3a6c0cd168] core decoder error: cannot create packetizer output (h264)
Chunk bitrate: 41 349952
Buffer size: 42 168001
Download Time: 646081
Chunk bitrate: 42 349952
Buffer size: 43 172001
Download Time: 814242
Chunk bitrate: 43 600000
Buffer size: 43 176001
Chunk bitrate: 43 600000
Buffer size: 44 176001
Download Time: 1083931
[00007f3a6c003378] core mux error: cannot add this stream
[00007f3a6c105778] core decoder error: cannot create packetizer output (h264)
Chunk bitrate: 44 349952
Buffer size: 44 180001
Chunk bitrate: 44 349952
Buffer size: 45 180001
Download Time: 719591
[00007f3a6c003378] core mux error: cannot add this stream
[00007f3a6c0f4fb8] core decoder error: cannot create packetizer output (h264)
Chunk bitrate: 45 1000000
Buffer size: 45 184001
Chunk bitrate: 45 1000000
Buffer size: 46 184001
Download Time: 1910445
[00007f3a6c003378] core mux error: cannot add this stream
[00007f3a6c145878] core decoder error: cannot create packetizer output (h264)
Chunk bitrate: 46 349952
Buffer size: 46 188001
Chunk bitrate: 46 349952
Buffer size: 47 188001
Download Time: 571438
[00007f3a6c003378] core mux error: cannot add this stream
[00007f3a6c0f6358] core decoder error: cannot create packetizer output (h264)
Chunk bitrate: 47 349952
Buffer size: 48 192001
Download Time: 879622
Chunk bitrate: 48 600000
Buffer size: 48 196001
Chunk bitrate: 48 600000
Buffer size: 49 196001
Download Time: 3090914
[00007f3a6c003378] core mux error: cannot add this stream
[00007f3a6c11b5d8] core decoder error: cannot create packetizer output (h264)
Chunk bitrate: 49 600000
Buffer size: 50 200001
Download Time: 1531636
Chunk bitrate: 50 349952
Buffer size: 50 204001
Chunk bitrate: 50 349952
Buffer size: 51 204001
Download Time: 694157
[00007f3a6c003378] core mux error: cannot add this stream
[00007f3a6c0de0b8] core decoder error: cannot create packetizer output (h264)
Chunk bitrate: 51 349952
Buffer size: 52 208001
Download Time: 659820
Chunk bitrate: 52 349952
Buffer size: 53 212001
Download Time: 717500
Chunk bitrate: 53 349952
Buffer size: 54 216001
Download Time: 605760
Chunk bitrate: 54 349952
Buffer size: 55 220001
Download Time: 972343
Chunk bitrate: 55 600000
Buffer size: 55 224001
Chunk bitrate: 55 600000
Buffer size: 56 224001
Download Time: 1044587
[00007f3a6c003378] core mux error: cannot add this stream
[00007f3a6c127238] core decoder error: cannot create packetizer output (h264)
Chunk bitrate: 56 349952
Buffer size: 56 228001
Chunk bitrate: 56 349952
Buffer size: 57 228001
Download Time: 689681
[00007f3a6c003378] core mux error: cannot add this stream
[00007f3a6c0deb88] core decoder error: cannot create packetizer output (h264)
Chunk bitrate: 57 349952
Buffer size: 58 232001
Download Time: 449525
Chunk bitrate: 58 600000
Buffer size: 58 236001
Chunk bitrate: 58 600000
Buffer size: 59 236001
Download Time: 1103040
[00007f3a6c003378] core mux error: cannot add this stream
[00007f3a6c0e16e8] core decoder error: cannot create packetizer output (h264)
Chunk bitrate: 59 600000
Buffer size: 60 240001
Download Time: 1016482
Chunk bitrate: 60 600000
Buffer size: 61 244001
Download Time: 1129677
Chunk bitrate: 61 600000
Buffer size: 62 248001
Download Time: 569667
Chunk bitrate: 62 349952
Buffer size: 62 252001
Chunk bitrate: 62 349952
Buffer size: 63 252001
[00007f3a6c003378] core mux error: cannot add this stream
[00007f3a6c0beda8] core decoder error: cannot create packetizer output (h264)
Chunk bitrate: 63 349952
Buffer size: 64 256001
Download Time: 484368
Chunk bitrate: 64 600000
Buffer size: 64 260001
Chunk bitrate: 64 600000
Buffer size: 65 260001
[00007f3a6c003378] ps mux: Close
[00007f3a60008198] idummy demux: command `quit'
[00000000012cb1e8] [cli] lua interface error: Error loading script /home/cs244/vlc/share/lua/intf/cli.luac: lua/intf/modules/host.lua:286: Interrupted.
