[00000000025ce548] core interface error: no suitable interface module
[0000000002507338] core libvlc error: interface "globalhotkeys,none" initialization failed
[00000000025ce548] dbus interface error: Failed to connect to the D-Bus session daemon: Unable to autolaunch a dbus-daemon without a $DISPLAY for X11
[00000000025ce548] core interface error: no suitable interface module
[0000000002507338] core libvlc error: interface "dbus,none" initialization failed
[0000000002507338] core libvlc: Running vlc with the default interface. Use 'cvlc' to use vlc without interface.
[00000000025ce548] qt interface error: Could not connect to X server
[00000000025ce548] skins2 interface error: cannot initialize OSFactory
[00000000025ce548] [cli] lua interface: Listening on host "*console".
VLC media player 3.0.0-git Vetinari
Command Line Interface initialized. Type `help' for help.
> [00007fab08003378] ps mux: Open
making a DASHManager
new ratebased adaptionlogic
Chunk bitrate: 0 349952
Buffer size: 0 0
Chunk bitrate: 0 349952
Buffer size: 0 0
[00007fab08019848] mp4 demux: Fragment sequence discontinuity detected 0 != 2
Download Time: 587944
[00007fab080243d8] mp4 demux: Fragment sequence discontinuity detected 0 != 2
Startup Time: 1050000
Chunk bitrate: 0 1000000
Buffer size: 0 4001
Chunk bitrate: 0 1000000
Buffer size: 1 4001
Download Time: 1611151
Chunk bitrate: 1 1000000
Buffer size: 2 8001
Download Time: 1170836
Chunk bitrate: 2 1000000
Buffer size: 3 12001
Download Time: 1547878
Chunk bitrate: 3 1000000
Buffer size: 4 16001
Download Time: 1312282
Chunk bitrate: 4 1000000
Buffer size: 5 20001
Download Time: 1711407
Chunk bitrate: 5 1000000
Buffer size: 6 24001
Download Time: 1104728
Chunk bitrate: 6 1000000
Buffer size: 7 28001
Download Time: 1200368
Chunk bitrate: 7 1000000
Buffer size: 8 32001
Download Time: 1655631
Chunk bitrate: 8 1000000
Buffer size: 9 36001
Download Time: 1472276
Chunk bitrate: 9 1000000
Buffer size: 10 40001
Download Time: 1286766
Chunk bitrate: 10 1000000
Buffer size: 11 44001
Download Time: 1400235
Chunk bitrate: 11 1000000
Buffer size: 12 48001
Download Time: 1729474
Chunk bitrate: 12 1000000
Buffer size: 13 52001
Download Time: 1552730
Chunk bitrate: 13 1000000
Buffer size: 14 56001
Download Time: 1332782
Chunk bitrate: 14 1000000
Buffer size: 15 60001
Download Time: 1167621
Chunk bitrate: 15 1000000
Buffer size: 16 64001
Download Time: 1539414
Chunk bitrate: 16 1000000
Buffer size: 17 68001
Download Time: 1292912
Chunk bitrate: 17 1000000
Buffer size: 18 72001
Download Time: 1537294
Chunk bitrate: 18 1000000
Buffer size: 19 76001
Download Time: 850246
Chunk bitrate: 19 1000000
Buffer size: 20 80001
Download Time: 1458264
Chunk bitrate: 20 1000000
Buffer size: 21 84001
Download Time: 948098
Chunk bitrate: 21 1000000
Buffer size: 22 88001
Download Time: 1320113
Chunk bitrate: 22 1000000
Buffer size: 23 92001
Download Time: 1667187
Chunk bitrate: 23 1000000
Buffer size: 24 96001
Download Time: 1562157
Chunk bitrate: 24 1000000
Buffer size: 25 100001
Download Time: 1435754
Chunk bitrate: 25 1000000
Buffer size: 26 104001
Download Time: 1340380
Chunk bitrate: 26 1000000
Buffer size: 27 108001
Download Time: 800076
Chunk bitrate: 27 1000000
Buffer size: 28 112001
Download Time: 1576024
Chunk bitrate: 28 1000000
Buffer size: 29 116001
Download Time: 1524788
Chunk bitrate: 29 1000000
Buffer size: 30 120001
Download Time: 1100872
Chunk bitrate: 30 1000000
Buffer size: 31 124001
Download Time: 1233245
Chunk bitrate: 31 1000000
Buffer size: 32 128001
Download Time: 1700769
Chunk bitrate: 32 1000000
Buffer size: 33 132001
Download Time: 1460683
Download Time: 95897
Chunk bitrate: 33 1000000
Buffer size: 34 136001
Download Time: 1600016
Chunk bitrate: 34 1000000
Buffer size: 35 140001
Download Time: 1391017
Chunk bitrate: 35 1000000
Buffer size: 36 144001
Download Time: 1156658
Chunk bitrate: 36 1000000
Buffer size: 37 148001
Download Time: 1637061
Chunk bitrate: 37 1000000
Buffer size: 38 152001
Download Time: 1563040
Chunk bitrate: 38 2000000
Buffer size: 38 156001
Chunk bitrate: 38 2000000
Buffer size: 39 156001
Download Time: 2604027
Chunk bitrate: 39 1000000
Buffer size: 39 160001
Chunk bitrate: 39 1000000
Buffer size: 40 160001
Download Time: 1143726
Chunk bitrate: 40 1000000
Buffer size: 41 164001
Download Time: 1587498
Chunk bitrate: 41 1000000
Buffer size: 42 168001
Download Time: 1399626
Chunk bitrate: 42 1000000
Buffer size: 43 172001
Download Time: 1588892
Chunk bitrate: 43 1000000
Buffer size: 44 176001
Download Time: 1244429
Chunk bitrate: 44 1000000
Buffer size: 45 180001
Download Time: 1415787
Chunk bitrate: 45 1000000
Buffer size: 46 184001
Download Time: 1469024
Chunk bitrate: 46 1000000
Buffer size: 47 188001
Download Time: 1511676
Chunk bitrate: 47 1000000
Buffer size: 48 192001
Download Time: 1095935
Chunk bitrate: 48 1000000
Buffer size: 49 196001
Download Time: 1503317
Chunk bitrate: 49 1000000
Buffer size: 50 200001
Download Time: 1411662
Chunk bitrate: 50 1000000
Buffer size: 51 204001
Download Time: 1144104
Chunk bitrate: 51 1000000
Buffer size: 52 208001
Download Time: 1441027
Chunk bitrate: 52 1000000
Buffer size: 53 212001
Download Time: 1291653
Chunk bitrate: 53 1000000
Buffer size: 54 216001
Download Time: 1604308
Chunk bitrate: 54 1000000
Buffer size: 55 220001
Download Time: 1459514
Chunk bitrate: 55 1000000
Buffer size: 56 224001
Download Time: 1595783
Chunk bitrate: 56 1000000
Buffer size: 57 228001
Download Time: 968594
Chunk bitrate: 57 1000000
Buffer size: 58 232001
Download Time: 447941
Chunk bitrate: 58 1000000
Buffer size: 59 236001
Download Time: 1698049
Chunk bitrate: 59 1000000
Buffer size: 60 240001
Download Time: 1287578
Chunk bitrate: 60 1000000
Buffer size: 61 244001
Download Time: 1339634
Chunk bitrate: 61 1000000
Buffer size: 62 248001
Download Time: 484560
Chunk bitrate: 62 1000000
Buffer size: 63 252001
Download Time: 361460
Chunk bitrate: 63 1000000
Buffer size: 64 256001
Download Time: 664562
Chunk bitrate: 64 1000000
Buffer size: 65 260001
[00007fab08003378] ps mux: Close
[00007fab0804f8e8] idummy demux: command `quit'
[00000000025ce548] [cli] lua interface error: Error loading script /home/cs244/vlc/share/lua/intf/cli.luac: lua/intf/modules/host.lua:286: Interrupted.
