[000000000269b1e8] core interface error: no suitable interface module
[00000000025d2338] core libvlc error: interface "globalhotkeys,none" initialization failed
[000000000269b1e8] dbus interface error: Failed to connect to the D-Bus session daemon: Unable to autolaunch a dbus-daemon without a $DISPLAY for X11
[000000000269b1e8] core interface error: no suitable interface module
[00000000025d2338] core libvlc error: interface "dbus,none" initialization failed
[00000000025d2338] core libvlc: Running vlc with the default interface. Use 'cvlc' to use vlc without interface.
[000000000269b1e8] qt interface error: Could not connect to X server
[000000000269b1e8] skins2 interface error: cannot initialize OSFactory
[000000000269b1e8] [cli] lua interface: Listening on host "*console".
VLC media player 3.0.0-git Vetinari
Command Line Interface initialized. Type `help' for help.
> [00007f8a30003378] ps mux: Open
making a DASHManager
new ratebased adaptionlogic
Chunk bitrate: 0 349952
Buffer size: 0 0
Chunk bitrate: 0 349952
Buffer size: 0 0
[00007f8a30023588] mp4 demux: Fragment sequence discontinuity detected 0 != 2
Download Time: 772670
[00007f8a300244a8] mp4 demux: Fragment sequence discontinuity detected 0 != 2
Startup Time: 1050000
Chunk bitrate: 0 349952
Buffer size: 1 4001
Download Time: 732800
Chunk bitrate: 1 349952
Buffer size: 2 8001
Download Time: 1141943
Chunk bitrate: 2 349952
Buffer size: 3 12001
Download Time: 936429
Chunk bitrate: 3 349952
Buffer size: 4 16001
Download Time: 610594
Chunk bitrate: 4 349952
Buffer size: 5 20001
Download Time: 932588
Chunk bitrate: 5 349952
Buffer size: 6 24001
Download Time: 612949
Chunk bitrate: 6 600000
Buffer size: 6 28001
Chunk bitrate: 6 600000
Buffer size: 7 28001
Download Time: 692736
Chunk bitrate: 7 349952
Buffer size: 7 32001
Chunk bitrate: 7 349952
Buffer size: 8 32001
Download Time: 898400
Chunk bitrate: 8 600000
Buffer size: 8 36001
Chunk bitrate: 8 600000
Buffer size: 9 36001
Download Time: 1347180
Chunk bitrate: 9 349952
Buffer size: 9 40001
Chunk bitrate: 9 349952
Buffer size: 10 40001
Download Time: 1017109
Chunk bitrate: 10 349952
Buffer size: 11 44001
Download Time: 568063
Chunk bitrate: 11 349952
Buffer size: 12 48001
Download Time: 771975
Chunk bitrate: 12 600000
Buffer size: 12 52001
Chunk bitrate: 12 600000
Buffer size: 13 52001
Download Time: 1386890
Chunk bitrate: 13 600000
Buffer size: 14 56001
Download Time: 974863
Chunk bitrate: 14 600000
Buffer size: 15 60001
Download Time: 1537571
Chunk bitrate: 15 349952
Buffer size: 15 64001
Chunk bitrate: 15 349952
Buffer size: 16 64001
Download Time: 1309108
Chunk bitrate: 16 600000
Buffer size: 16 68001
Chunk bitrate: 16 600000
Buffer size: 17 68001
Download Time: 857403
Chunk bitrate: 17 349952
Buffer size: 17 72001
Chunk bitrate: 17 349952
Buffer size: 18 72001
Download Time: 977437
Chunk bitrate: 18 600000
Buffer size: 18 76001
Chunk bitrate: 18 600000
Buffer size: 19 76001
Download Time: 1257744
Chunk bitrate: 19 349952
Buffer size: 19 80001
Chunk bitrate: 19 349952
Buffer size: 20 80001
Download Time: 729778
Chunk bitrate: 20 600000
Buffer size: 20 84001
Chunk bitrate: 20 600000
Buffer size: 21 84001
Download Time: 1020755
Chunk bitrate: 21 349952
Buffer size: 21 88001
Chunk bitrate: 21 349952
Buffer size: 22 88001
Download Time: 965873
Chunk bitrate: 22 349952
Buffer size: 23 92001
Download Time: 609910
Chunk bitrate: 23 600000
Buffer size: 23 96001
Chunk bitrate: 23 600000
Buffer size: 24 96001
Download Time: 1065366
Chunk bitrate: 24 349952
Buffer size: 24 100001
Chunk bitrate: 24 349952
Buffer size: 25 100001
Download Time: 1015086
Chunk bitrate: 25 600000
Buffer size: 25 104001
Chunk bitrate: 25 600000
Buffer size: 26 104001
Download Time: 1223971
Chunk bitrate: 26 349952
Buffer size: 26 108001
Chunk bitrate: 26 349952
Buffer size: 27 108001
Download Time: 568763
[00007f8a30003378] core mux error: cannot add this stream
[00007f8a3002a3b8] core decoder error: cannot create packetizer output (h264)
Chunk bitrate: 27 349952
Buffer size: 28 112001
Download Time: 857834
Chunk bitrate: 28 600000
Buffer size: 28 116001
Chunk bitrate: 28 600000
Buffer size: 29 116001
Download Time: 1583805
[00007f8a30003378] core mux error: cannot add this stream
[00007f8a300ea798] core decoder error: cannot create packetizer output (h264)
Chunk bitrate: 29 600000
Buffer size: 30 120001
Download Time: 815472
Chunk bitrate: 30 349952
Buffer size: 30 124001
Chunk bitrate: 30 349952
Buffer size: 31 124001
Download Time: 767372
[00007f8a30003378] core mux error: cannot add this stream
[00007f8a300b7a38] core decoder error: cannot create packetizer output (h264)
Chunk bitrate: 31 600000
Buffer size: 31 128001
Chunk bitrate: 31 600000
Buffer size: 32 128001
Download Time: 1099860
[00007f8a30003378] core mux error: cannot add this stream
[00007f8a300f1878] core decoder error: cannot create packetizer output (h264)
Chunk bitrate: 32 600000
Buffer size: 33 132001
Download Time: 1099002
Chunk bitrate: 33 349952
Buffer size: 33 136001
Chunk bitrate: 33 349952
Buffer size: 34 136001
Download Time: 1342707
[00007f8a30003378] core mux error: cannot add this stream
[00007f8a300d8898] core decoder error: cannot create packetizer output (h264)
Chunk bitrate: 34 600000
Buffer size: 34 140001
Chunk bitrate: 34 600000
Buffer size: 35 140001
Download Time: 1214816
[00007f8a30003378] core mux error: cannot add this stream
[00007f8a300ef578] core decoder error: cannot create packetizer output (h264)
Chunk bitrate: 35 349952
Buffer size: 35 144001
Chunk bitrate: 35 349952
Buffer size: 36 144001
Download Time: 731947
[00007f8a30003378] core mux error: cannot add this stream
[00007f8a300da9c8] core decoder error: cannot create packetizer output (h264)
Chunk bitrate: 36 349952
Buffer size: 37 148001
Download Time: 1218169
Chunk bitrate: 37 349952
Buffer size: 38 152001
Download Time: 731886
Chunk bitrate: 38 1000000
Buffer size: 38 156001
Chunk bitrate: 38 1000000
Buffer size: 39 156001
Download Time: 1339276
[00007f8a30003378] core mux error: cannot add this stream
[00007f8a30123478] core decoder error: cannot create packetizer output (h264)
Chunk bitrate: 39 349952
Buffer size: 39 160001
Chunk bitrate: 39 349952
Buffer size: 40 160001
Download Time: 819131
[00007f8a30003378] core mux error: cannot add this stream
[00007f8a300b6878] core decoder error: cannot create packetizer output (h264)
Chunk bitrate: 40 349952
Buffer size: 41 164001
Download Time: 775358
Chunk bitrate: 41 349952
Buffer size: 42 168001
Download Time: 692206
Chunk bitrate: 42 349952
Buffer size: 43 172001
Download Time: 1300756
Chunk bitrate: 43 349952
Buffer size: 44 176001
Download Time: 690689
Chunk bitrate: 44 600000
Buffer size: 44 180001
Chunk bitrate: 44 600000
Buffer size: 45 180001
Download Time: 2158141
[00007f8a30003378] core mux error: cannot add this stream
[00007f8a301037d8] core decoder error: cannot create packetizer output (h264)
Chunk bitrate: 45 349952
Buffer size: 45 184001
Chunk bitrate: 45 349952
Buffer size: 46 184001
Download Time: 609929
[00007f8a30003378] core mux error: cannot add this stream
[00007f8a300cc528] core decoder error: cannot create packetizer output (h264)
Chunk bitrate: 46 600000
Buffer size: 46 188001
Chunk bitrate: 46 600000
Buffer size: 47 188001
Download Time: 978388
[00007f8a30003378] core mux error: cannot add this stream
[00007f8a30105b88] core decoder error: cannot create packetizer output (h264)
Chunk bitrate: 47 1000000
Buffer size: 47 192001
Chunk bitrate: 47 1000000
Buffer size: 48 192001
Download Time: 1911758
[00007f8a30003378] core mux error: cannot add this stream
[00007f8a301274c8] core decoder error: cannot create packetizer output (h264)
Chunk bitrate: 48 349952
Buffer size: 48 196001
Chunk bitrate: 48 349952
Buffer size: 49 196001
Download Time: 528097
[00007f8a30003378] core mux error: cannot add this stream
[00007f8a300e7ff8] core decoder error: cannot create packetizer output (h264)
Chunk bitrate: 49 349952
Buffer size: 50 200001
Download Time: 1098199
Chunk bitrate: 50 349952
Buffer size: 51 204001
Download Time: 855375
Chunk bitrate: 51 1000000
Buffer size: 51 208001
Chunk bitrate: 51 1000000
Buffer size: 52 208001
Download Time: 1636850
[00007f8a30003378] core mux error: cannot add this stream
[00007f8a300344d8] core decoder error: cannot create packetizer output (h264)
Chunk bitrate: 52 600000
Buffer size: 52 212001
Chunk bitrate: 52 600000
Buffer size: 53 212001
Download Time: 1016514
[00007f8a30003378] core mux error: cannot add this stream
[00007f8a30116fa8] core decoder error: cannot create packetizer output (h264)
Chunk bitrate: 53 349952
Buffer size: 53 216001
Chunk bitrate: 53 349952
Buffer size: 54 216001
Download Time: 575038
[00007f8a30003378] core mux error: cannot add this stream
[00007f8a30115658] core decoder error: cannot create packetizer output (h264)
Chunk bitrate: 54 349952
Buffer size: 55 220001
Download Time: 894015
Chunk bitrate: 55 349952
Buffer size: 56 224001
Download Time: 571292
Chunk bitrate: 56 349952
Buffer size: 57 228001
Download Time: 774589
Chunk bitrate: 57 600000
Buffer size: 57 232001
Chunk bitrate: 57 600000
Buffer size: 58 232001
Download Time: 1383350
[00007f8a30003378] core mux error: cannot add this stream
[00007f8a300e0d48] core decoder error: cannot create packetizer output (h264)
Chunk bitrate: 58 600000
Buffer size: 59 236001
Download Time: 1178434
Chunk bitrate: 59 349952
Buffer size: 59 240001
Chunk bitrate: 59 349952
Buffer size: 60 240001
Download Time: 857572
[00007f8a30003378] core mux error: cannot add this stream
[00007f8a30103418] core decoder error: cannot create packetizer output (h264)
Chunk bitrate: 60 349952
Buffer size: 61 244001
Download Time: 773727
Chunk bitrate: 61 600000
Buffer size: 61 248001
Chunk bitrate: 61 600000
Buffer size: 62 248001
Download Time: 815555
[00007f8a30003378] core mux error: cannot add this stream
[00007f8a300e5868] core decoder error: cannot create packetizer output (h264)
Chunk bitrate: 62 349952
Buffer size: 62 252001
Chunk bitrate: 62 349952
Buffer size: 63 252001
Download Time: 612953
[00007f8a30003378] core mux error: cannot add this stream
[00007f8a300aacf8] core decoder error: cannot create packetizer output (h264)
Chunk bitrate: 63 600000
Buffer size: 63 256001
Chunk bitrate: 63 600000
Buffer size: 64 256001
Download Time: 677925
[00007f8a30003378] core mux error: cannot add this stream
[00007f8a30114148] core decoder error: cannot create packetizer output (h264)
Chunk bitrate: 64 600000
Buffer size: 65 260001
[00007f8a30003378] ps mux: Close
[00007f8a34001578] idummy demux: command `quit'
[000000000269b1e8] [cli] lua interface error: Error loading script /home/cs244/vlc/share/lua/intf/cli.luac: lua/intf/modules/host.lua:286: Interrupted.
