[00000000022401a8] core interface error: no suitable interface module
[0000000002177338] core libvlc error: interface "globalhotkeys,none" initialization failed
[00000000022401a8] dbus interface error: Failed to connect to the D-Bus session daemon: Unable to autolaunch a dbus-daemon without a $DISPLAY for X11
[00000000022401a8] core interface error: no suitable interface module
[0000000002177338] core libvlc error: interface "dbus,none" initialization failed
[0000000002177338] core libvlc: Running vlc with the default interface. Use 'cvlc' to use vlc without interface.
[00000000022401a8] qt interface error: Could not connect to X server
[00000000022401a8] skins2 interface error: cannot initialize OSFactory
[00000000022401a8] [cli] lua interface: Listening on host "*console".
VLC media player 3.0.0-git Vetinari
Command Line Interface initialized. Type `help' for help.
> [00007f2124003378] ps mux: Open
making a DASHManager
new ratebased adaptionlogic
Chunk bitrate: 0 349952
Buffer size: 0 0
Chunk bitrate: 0 349952
Buffer size: 0 0
[00007f2124021d68] mp4 demux: Fragment sequence discontinuity detected 0 != 2
Download Time: 938326
[00007f2124024bf8] mp4 demux: Fragment sequence discontinuity detected 0 != 2
Startup Time: 1050000
Chunk bitrate: 0 349952
Buffer size: 1 4001
Download Time: 1283890
Chunk bitrate: 1 349952
Buffer size: 2 8001
Download Time: 521839
Chunk bitrate: 2 349952
Buffer size: 3 12001
Download Time: 727777
Chunk bitrate: 3 600000
Buffer size: 3 16001
Chunk bitrate: 3 600000
Buffer size: 4 16001
Download Time: 776864
Chunk bitrate: 4 349952
Buffer size: 4 20001
Chunk bitrate: 4 349952
Buffer size: 5 20001
Download Time: 1008977
Chunk bitrate: 5 349952
Buffer size: 6 24001
Download Time: 649404
Chunk bitrate: 6 349952
Buffer size: 7 28001
Download Time: 892664
Chunk bitrate: 7 1000000
Buffer size: 7 32001
Chunk bitrate: 7 1000000
Buffer size: 8 32001
Download Time: 3172966
Chunk bitrate: 8 349952
Buffer size: 8 36001
Chunk bitrate: 8 349952
Buffer size: 9 36001
Download Time: 694835
Chunk bitrate: 9 349952
Buffer size: 10 40001
Download Time: 652198
Chunk bitrate: 10 349952
Buffer size: 11 44001
Download Time: 768461
Chunk bitrate: 11 349952
Buffer size: 12 48001
Download Time: 886783
Chunk bitrate: 12 600000
Buffer size: 12 52001
Chunk bitrate: 12 600000
Buffer size: 13 52001
Download Time: 1262662
Chunk bitrate: 13 600000
Buffer size: 14 56001
Download Time: 1545411
Chunk bitrate: 14 349952
Buffer size: 14 60001
Chunk bitrate: 14 349952
Buffer size: 15 60001
Download Time: 2157227
Chunk bitrate: 15 600000
Buffer size: 15 64001
Chunk bitrate: 15 600000
Buffer size: 16 64001
Download Time: 1104546
Chunk bitrate: 16 349952
Buffer size: 16 68001
Chunk bitrate: 16 349952
Buffer size: 17 68001
Download Time: 687109
Chunk bitrate: 17 600000
Buffer size: 17 72001
Chunk bitrate: 17 600000
Buffer size: 18 72001
Download Time: 1016243
Chunk bitrate: 18 600000
Buffer size: 19 76001
Download Time: 900292
Chunk bitrate: 19 349952
Buffer size: 19 80001
Chunk bitrate: 19 349952
Buffer size: 20 80001
Download Time: 896538
Chunk bitrate: 20 349952
Buffer size: 21 84001
Download Time: 611179
Chunk bitrate: 21 600000
Buffer size: 21 88001
Chunk bitrate: 21 600000
Buffer size: 22 88001
Download Time: 1378601
Chunk bitrate: 22 349952
Buffer size: 22 92001
Chunk bitrate: 22 349952
Buffer size: 23 92001
Download Time: 1178770
Chunk bitrate: 23 349952
Buffer size: 24 96001
Download Time: 970807
Chunk bitrate: 24 349952
Buffer size: 25 100001
Download Time: 892093
Chunk bitrate: 25 600000
Buffer size: 25 104001
Chunk bitrate: 25 600000
Buffer size: 26 104001
Download Time: 820292
Chunk bitrate: 26 600000
Buffer size: 27 108001
Download Time: 970662
Chunk bitrate: 27 600000
Buffer size: 28 112001
Download Time: 1373779
Chunk bitrate: 28 349952
Buffer size: 28 116001
Chunk bitrate: 28 349952
Buffer size: 29 116001
Download Time: 1423981
Chunk bitrate: 29 600000
Buffer size: 29 120001
Chunk bitrate: 29 600000
Buffer size: 30 120001
Download Time: 1177725
Chunk bitrate: 30 349952
Buffer size: 30 124001
Chunk bitrate: 30 349952
Buffer size: 31 124001
Download Time: 897383
[00007f2124003378] core mux error: cannot add this stream
[00007f21240a1a78] core decoder error: cannot create packetizer output (h264)
Chunk bitrate: 31 600000
Buffer size: 31 128001
Chunk bitrate: 31 600000
Buffer size: 32 128001
Download Time: 1219656
[00007f2124003378] core mux error: cannot add this stream
[00007f21240ee608] core decoder error: cannot create packetizer output (h264)
Chunk bitrate: 32 600000
Buffer size: 33 132001
Download Time: 1256802
Chunk bitrate: 33 349952
Buffer size: 33 136001
Chunk bitrate: 33 349952
Buffer size: 34 136001
Download Time: 1142394
[00007f2124003378] core mux error: cannot add this stream
[00007f21240d9698] core decoder error: cannot create packetizer output (h264)
Chunk bitrate: 34 349952
Buffer size: 35 140001
Download Time: 935484
Chunk bitrate: 35 600000
Buffer size: 35 144001
Chunk bitrate: 35 600000
Buffer size: 36 144001
Download Time: 1384522
[00007f2124003378] core mux error: cannot add this stream
[00007f21240e4fc8] core decoder error: cannot create packetizer output (h264)
Chunk bitrate: 36 349952
Buffer size: 36 148001
Chunk bitrate: 36 349952
Buffer size: 37 148001
Download Time: 896396
[00007f2124003378] core mux error: cannot add this stream
[00007f21240d5c98] core decoder error: cannot create packetizer output (h264)
Chunk bitrate: 37 600000
Buffer size: 37 152001
Chunk bitrate: 37 600000
Buffer size: 38 152001
Download Time: 1428652
[00007f2124003378] core mux error: cannot add this stream
[00007f21240f8758] core decoder error: cannot create packetizer output (h264)
Chunk bitrate: 38 1000000
Buffer size: 38 156001
Chunk bitrate: 38 1000000
Buffer size: 39 156001
Download Time: 2364716
[00007f2124003378] core mux error: cannot add this stream
[00007f2124122b58] core decoder error: cannot create packetizer output (h264)
Chunk bitrate: 39 349952
Buffer size: 39 160001
Download Time: 368585
Chunk bitrate: 39 349952
Buffer size: 40 160001
Download Time: 1708085
[00007f2124003378] core mux error: cannot add this stream
[00007f21240a3438] core decoder error: cannot create packetizer output (h264)
Chunk bitrate: 40 349952
Buffer size: 41 164001
Download Time: 811605
Chunk bitrate: 41 600000
Buffer size: 41 168001
Chunk bitrate: 41 600000
Buffer size: 42 168001
Download Time: 1385692
[00007f2124003378] core mux error: cannot add this stream
[00007f21240ffe38] core decoder error: cannot create packetizer output (h264)
Chunk bitrate: 42 600000
Buffer size: 43 172001
Download Time: 1304466
Chunk bitrate: 43 349952
Buffer size: 43 176001
Download Time: 484958
Chunk bitrate: 43 349952
Buffer size: 44 176001
Download Time: 733229
[00007f2124003378] core mux error: cannot add this stream
[00007f21240cbcb8] core decoder error: cannot create packetizer output (h264)
Chunk bitrate: 44 349952
Buffer size: 45 180001
Download Time: 567734
Chunk bitrate: 45 349952
Buffer size: 46 184001
Download Time: 854887
Chunk bitrate: 46 349952
Buffer size: 47 188001
Download Time: 814709
Chunk bitrate: 47 349952
Buffer size: 48 192001
Download Time: 1097978
Chunk bitrate: 48 349952
Buffer size: 49 196001
Download Time: 731819
Chunk bitrate: 49 349952
Buffer size: 50 200001
Download Time: 731874
Chunk bitrate: 50 600000
Buffer size: 50 204001
Chunk bitrate: 50 600000
Buffer size: 51 204001
Download Time: 849355
[00007f2124003378] core mux error: cannot add this stream
[00007f212410c198] core decoder error: cannot create packetizer output (h264)
Chunk bitrate: 51 600000
Buffer size: 52 208001
Download Time: 894974
Chunk bitrate: 52 349952
Buffer size: 52 212001
Chunk bitrate: 52 349952
Buffer size: 53 212001
Download Time: 1060100
[00007f2124003378] core mux error: cannot add this stream
[00007f2124106e88] core decoder error: cannot create packetizer output (h264)
Chunk bitrate: 53 349952
Buffer size: 54 216001
Download Time: 849947
Chunk bitrate: 54 600000
Buffer size: 54 220001
Chunk bitrate: 54 600000
Buffer size: 55 220001
Download Time: 1224885
[00007f2124003378] core mux error: cannot add this stream
[00007f2124123e08] core decoder error: cannot create packetizer output (h264)
Chunk bitrate: 55 600000
Buffer size: 56 224001
Download Time: 1058456
Chunk bitrate: 56 349952
Buffer size: 56 228001
Chunk bitrate: 56 349952
Buffer size: 57 228001
Download Time: 1224873
[00007f2124003378] core mux error: cannot add this stream
[00007f2124101b18] core decoder error: cannot create packetizer output (h264)
Chunk bitrate: 57 349952
Buffer size: 58 232001
Download Time: 406612
Chunk bitrate: 58 600000
Buffer size: 58 236001
Chunk bitrate: 58 600000
Buffer size: 59 236001
Download Time: 1470320
[00007f2124003378] core mux error: cannot add this stream
[00007f2124097968] core decoder error: cannot create packetizer output (h264)
Chunk bitrate: 59 349952
Buffer size: 59 240001
Chunk bitrate: 59 349952
Buffer size: 60 240001
Download Time: 732773
[00007f2124003378] core mux error: cannot add this stream
[00007f21240f3758] core decoder error: cannot create packetizer output (h264)
Chunk bitrate: 60 349952
Buffer size: 61 244001
Download Time: 733478
Chunk bitrate: 61 600000
Buffer size: 61 248001
Chunk bitrate: 61 600000
Buffer size: 62 248001
Download Time: 652697
[00007f2124003378] core mux error: cannot add this stream
[00007f21240deb28] core decoder error: cannot create packetizer output (h264)
Chunk bitrate: 62 349952
Buffer size: 62 252001
Chunk bitrate: 62 349952
Buffer size: 63 252001
Download Time: 570792
[00007f2124003378] core mux error: cannot add this stream
[00007f21240a0d88] core decoder error: cannot create packetizer output (h264)
Chunk bitrate: 63 349952
Buffer size: 64 256001
Download Time: 532016
Chunk bitrate: 64 349952
Buffer size: 65 260001
[00007f2124003378] ps mux: Close
[00007f2120000e98] idummy demux: command `quit'
[00000000022401a8] [cli] lua interface error: Error loading script /home/cs244/vlc/share/lua/intf/cli.luac: lua/intf/modules/host.lua:286: Interrupted.
