[000000000077f1a8] core interface error: no suitable interface module
[00000000006b6338] core libvlc error: interface "globalhotkeys,none" initialization failed
[000000000077f1a8] dbus interface error: Failed to connect to the D-Bus session daemon: Unable to autolaunch a dbus-daemon without a $DISPLAY for X11
[000000000077f1a8] core interface error: no suitable interface module
[00000000006b6338] core libvlc error: interface "dbus,none" initialization failed
[00000000006b6338] core libvlc: Running vlc with the default interface. Use 'cvlc' to use vlc without interface.
[000000000077f1a8] qt interface error: Could not connect to X server
[000000000077f1a8] skins2 interface error: cannot initialize OSFactory
[000000000077f1a8] [cli] lua interface: Listening on host "*console".
VLC media player 3.0.0-git Vetinari
Command Line Interface initialized. Type `help' for help.
[00007fb1b4003378] ps mux: Open
making a DASHManager
new ratebased adaptionlogic
Chunk bitrate: 0 349952
Buffer size: 0 0
Chunk bitrate: 0 349952
Buffer size: 0 0
[00007fb1b4019508] mp4 demux: Fragment sequence discontinuity detected 0 != 2
Download Time: 567941
[00007fb1b4025178] mp4 demux: Fragment sequence discontinuity detected 0 != 2
Startup Time: 1050000
Chunk bitrate: 0 349952
Buffer size: 1 4001
Download Time: 1137940
Chunk bitrate: 1 349952
Buffer size: 2 8001
Download Time: 810803
Chunk bitrate: 2 349952
Buffer size: 3 12001
Download Time: 727523
Chunk bitrate: 3 600000
Buffer size: 3 16001
Chunk bitrate: 3 600000
Buffer size: 4 16001
Download Time: 1055827
Chunk bitrate: 4 349952
Buffer size: 4 20001
Chunk bitrate: 4 349952
Buffer size: 5 20001
Download Time: 649209
Chunk bitrate: 5 600000
Buffer size: 5 24001
Chunk bitrate: 5 600000
Buffer size: 6 24001
Download Time: 1137130
Chunk bitrate: 6 600000
Buffer size: 7 28001
Download Time: 1266790
Chunk bitrate: 7 349952
Buffer size: 7 32001
Chunk bitrate: 7 349952
Buffer size: 8 32001
Download Time: 1056959
Chunk bitrate: 8 349952
Buffer size: 9 36001
Download Time: 857830
Chunk bitrate: 9 349952
Buffer size: 10 40001
Download Time: 813011
Chunk bitrate: 10 600000
Buffer size: 10 44001
Chunk bitrate: 10 600000
Buffer size: 11 44001
Download Time: 734205
Chunk bitrate: 11 600000
Buffer size: 12 48001
Download Time: 935624
Chunk bitrate: 12 349952
Buffer size: 12 52001
Chunk bitrate: 12 349952
Buffer size: 13 52001
Download Time: 687354
Chunk bitrate: 13 1000000
Buffer size: 13 56001
Chunk bitrate: 13 1000000
Buffer size: 14 56001
Download Time: 1913097
Chunk bitrate: 14 349952
Buffer size: 14 60001
Chunk bitrate: 14 349952
Buffer size: 15 60001
Download Time: 444024
Chunk bitrate: 15 349952
Buffer size: 16 64001
Download Time: 484910
Chunk bitrate: 16 349952
Buffer size: 17 68001
Download Time: 449426
Chunk bitrate: 17 600000
Buffer size: 17 72001
Download Time: 733899
Chunk bitrate: 17 600000
Buffer size: 18 72001
Download Time: 770865
Chunk bitrate: 18 349952
Buffer size: 18 76001
Download Time: 283214
Chunk bitrate: 18 349952
Buffer size: 19 76001
Download Time: 806772
Chunk bitrate: 19 600000
Buffer size: 19 80001
Chunk bitrate: 19 600000
Buffer size: 20 80001
Download Time: 1820995
Chunk bitrate: 20 600000
Buffer size: 21 84001
Download Time: 891382
Chunk bitrate: 21 1000000
Buffer size: 21 88001
Chunk bitrate: 21 1000000
Buffer size: 22 88001
Download Time: 1499255
Download Time: 411731
Chunk bitrate: 22 349952
Buffer size: 22 92001
Chunk bitrate: 22 349952
Buffer size: 23 92001
Download Time: 646599
Chunk bitrate: 23 349952
Buffer size: 24 96001
Download Time: 607381
Chunk bitrate: 24 349952
Buffer size: 25 100001
Download Time: 2275576
Chunk bitrate: 25 1000000
Buffer size: 25 104001
Chunk bitrate: 25 1000000
Buffer size: 26 104001
Download Time: 1450963
Chunk bitrate: 26 600000
Buffer size: 26 108001
Chunk bitrate: 26 600000
Buffer size: 27 108001
Download Time: 614778
Chunk bitrate: 27 349952
Buffer size: 27 112001
Chunk bitrate: 27 349952
Buffer size: 28 112001
Download Time: 611835
[00007fb1b4003378] core mux error: cannot add this stream
[00007fb1b40c3908] core decoder error: cannot create packetizer output (h264)
Chunk bitrate: 28 1000000
Buffer size: 28 116001
Chunk bitrate: 28 1000000
Buffer size: 29 116001
Download Time: 1346452
[00007fb1b4003378] core mux error: cannot add this stream
[00007fb1b4119be8] core decoder error: cannot create packetizer output (h264)
Chunk bitrate: 29 600000
Buffer size: 29 120001
Chunk bitrate: 29 600000
Buffer size: 30 120001
Download Time: 1014144
[00007fb1b4003378] core mux error: cannot add this stream
[00007fb1b40d5db8] core decoder error: cannot create packetizer output (h264)
Chunk bitrate: 30 1000000
Buffer size: 30 124001
Chunk bitrate: 30 1000000
Buffer size: 31 124001
Download Time: 1139483
[00007fb1b4003378] core mux error: cannot add this stream
[00007fb1b4106c78] core decoder error: cannot create packetizer output (h264)
Chunk bitrate: 31 600000
Buffer size: 31 128001
Chunk bitrate: 31 600000
Buffer size: 32 128001
Download Time: 2183802
[00007fb1b4003378] core mux error: cannot add this stream
[00007fb1b40dc7f8] core decoder error: cannot create packetizer output (h264)
Chunk bitrate: 32 349952
Buffer size: 32 132001
Chunk bitrate: 32 349952
Buffer size: 33 132001
Download Time: 1460098
[00007fb1b4003378] core mux error: cannot add this stream
[00007fb1b40d8b28] core decoder error: cannot create packetizer output (h264)
Chunk bitrate: 33 600000
Buffer size: 33 136001
Chunk bitrate: 33 600000
Buffer size: 34 136001
Download Time: 1546869
[00007fb1b4003378] core mux error: cannot add this stream
[00007fb1b40e3868] core decoder error: cannot create packetizer output (h264)
Chunk bitrate: 34 600000
Buffer size: 35 140001
Download Time: 1021820
Chunk bitrate: 35 349952
Buffer size: 35 144001
Chunk bitrate: 35 349952
Buffer size: 36 144001
Download Time: 734807
[00007fb1b4003378] core mux error: cannot add this stream
[00007fb1b404ff98] core decoder error: cannot create packetizer output (h264)
Chunk bitrate: 36 349952
Buffer size: 37 148001
Download Time: 610638
Chunk bitrate: 37 600000
Buffer size: 37 152001
Chunk bitrate: 37 600000
Buffer size: 38 152001
Download Time: 811131
[00007fb1b4003378] core mux error: cannot add this stream
[00007fb1b40e6538] core decoder error: cannot create packetizer output (h264)
Chunk bitrate: 38 2000000
Buffer size: 38 156001
Chunk bitrate: 38 2000000
Buffer size: 39 156001
Download Time: 2807028
[00007fb1b4003378] core mux error: cannot add this stream
[00007fb1b4052f98] core decoder error: cannot create packetizer output (h264)
Chunk bitrate: 39 600000
Buffer size: 39 160001
Chunk bitrate: 39 600000
Buffer size: 40 160001
Download Time: 772228
[00007fb1b4003378] core mux error: cannot add this stream
[00007fb1b40beb38] core decoder error: cannot create packetizer output (h264)
Chunk bitrate: 40 1000000
Buffer size: 40 164001
Chunk bitrate: 40 1000000
Buffer size: 41 164001
Download Time: 1513798
[00007fb1b4003378] core mux error: cannot add this stream
[00007fb1b4143de8] core decoder error: cannot create packetizer output (h264)
Chunk bitrate: 41 600000
Buffer size: 41 168001
Chunk bitrate: 41 600000
Buffer size: 42 168001
Download Time: 855047
[00007fb1b4003378] core mux error: cannot add this stream
[00007fb1b40ec058] core decoder error: cannot create packetizer output (h264)
Chunk bitrate: 42 349952
Buffer size: 42 172001
Chunk bitrate: 42 349952
Buffer size: 43 172001
Download Time: 894386
[00007fb1b4003378] core mux error: cannot add this stream
[00007fb1b40aec28] core decoder error: cannot create packetizer output (h264)
Chunk bitrate: 43 349952
Buffer size: 44 176001
Download Time: 652569
Chunk bitrate: 44 600000
Buffer size: 44 180001
Chunk bitrate: 44 600000
Buffer size: 45 180001
Download Time: 1263215
[00007fb1b4003378] core mux error: cannot add this stream
[00007fb1b40f4108] core decoder error: cannot create packetizer output (h264)
Chunk bitrate: 45 349952
Buffer size: 45 184001
Chunk bitrate: 45 349952
Buffer size: 46 184001
Download Time: 889864
[00007fb1b4003378] core mux error: cannot add this stream
[00007fb1b40ed6f8] core decoder error: cannot create packetizer output (h264)
Chunk bitrate: 46 600000
Buffer size: 46 188001
Chunk bitrate: 46 600000
Buffer size: 47 188001
Download Time: 774045
[00007fb1b4003378] core mux error: cannot add this stream
[00007fb1b40f6a18] core decoder error: cannot create packetizer output (h264)
Chunk bitrate: 47 600000
Buffer size: 48 192001
Download Time: 1094083
Chunk bitrate: 48 1000000
Buffer size: 48 196001
Chunk bitrate: 48 1000000
Buffer size: 49 196001
Download Time: 1297885
[00007fb1b4003378] core mux error: cannot add this stream
[00007fb1b4153fd8] core decoder error: cannot create packetizer output (h264)
Chunk bitrate: 49 600000
Buffer size: 49 200001
Chunk bitrate: 49 600000
Buffer size: 50 200001
Download Time: 1096886
[00007fb1b4003378] core mux error: cannot add this stream
[00007fb1b4101958] core decoder error: cannot create packetizer output (h264)
Chunk bitrate: 50 349952
Buffer size: 50 204001
Chunk bitrate: 50 349952
Buffer size: 51 204001
Download Time: 690420
[00007fb1b4003378] core mux error: cannot add this stream
[00007fb1b40bb7d8] core decoder error: cannot create packetizer output (h264)
Chunk bitrate: 51 600000
Buffer size: 51 208001
Chunk bitrate: 51 600000
Buffer size: 52 208001
Download Time: 2599196
[00007fb1b4003378] core mux error: cannot add this stream
[00007fb1b41237b8] core decoder error: cannot create packetizer output (h264)
Chunk bitrate: 52 349952
Buffer size: 52 212001
Chunk bitrate: 52 349952
Buffer size: 53 212001
Download Time: 536211
[00007fb1b4003378] core mux error: cannot add this stream
[00007fb1b40b30f8] core decoder error: cannot create packetizer output (h264)
Chunk bitrate: 53 600000
Buffer size: 53 216001
Chunk bitrate: 53 600000
Buffer size: 54 216001
Download Time: 1306434
Download Time: 731615
[00007fb1b4003378] core mux error: cannot add this stream
[00007fb1b4125098] core decoder error: cannot create packetizer output (h264)
Chunk bitrate: 54 349952
Buffer size: 54 220001
Chunk bitrate: 54 349952
Buffer size: 55 220001
Download Time: 814267
[00007fb1b4003378] core mux error: cannot add this stream
[00007fb1b40c5668] core decoder error: cannot create packetizer output (h264)
Chunk bitrate: 55 600000
Buffer size: 55 224001
Chunk bitrate: 55 600000
Buffer size: 56 224001
Download Time: 1063522
[00007fb1b4003378] core mux error: cannot add this stream
[00007fb1b412ec98] core decoder error: cannot create packetizer output (h264)
Chunk bitrate: 56 1000000
Buffer size: 56 228001
Chunk bitrate: 56 1000000
Buffer size: 57 228001
Download Time: 972135
[00007fb1b4003378] core mux error: cannot add this stream
[00007fb1b413a398] core decoder error: cannot create packetizer output (h264)
Chunk bitrate: 57 600000
Buffer size: 57 232001
Chunk bitrate: 57 600000
Buffer size: 58 232001
Download Time: 736820
[00007fb1b4003378] core mux error: cannot add this stream
[00007fb1b40decb8] core decoder error: cannot create packetizer output (h264)
Chunk bitrate: 58 349952
Buffer size: 58 236001
Chunk bitrate: 58 349952
Buffer size: 59 236001
Download Time: 691664
[00007fb1b4003378] core mux error: cannot add this stream
[00007fb1b40f0268] core decoder error: cannot create packetizer output (h264)
Chunk bitrate: 59 600000
Buffer size: 59 240001
Download Time: 362895
Chunk bitrate: 59 600000
Buffer size: 60 240001
Download Time: 1017865
[00007fb1b4003378] core mux error: cannot add this stream
[00007fb1b413a538] core decoder error: cannot create packetizer output (h264)
Chunk bitrate: 60 600000
Buffer size: 61 244001
Download Time: 1065970
Chunk bitrate: 61 349952
Buffer size: 61 248001
Chunk bitrate: 61 349952
Buffer size: 62 248001
Download Time: 321417
[00007fb1b4003378] core mux error: cannot add this stream
[00007fb1b403e0b8] core decoder error: cannot create packetizer output (h264)
Chunk bitrate: 62 1000000
Buffer size: 62 252001
Chunk bitrate: 62 1000000
Buffer size: 63 252001
Download Time: 693547
[00007fb1b4003378] core mux error: cannot add this stream
[00007fb1b4104f38] core decoder error: cannot create packetizer output (h264)
Chunk bitrate: 63 349952
Buffer size: 63 256001
Chunk bitrate: 63 349952
Buffer size: 64 256001
Download Time: 444868
[00007fb1b4003378] core mux error: cannot add this stream
[00007fb1b40b2268] core decoder error: cannot create packetizer output (h264)
Chunk bitrate: 64 600000
Buffer size: 64 260001
Chunk bitrate: 64 600000
Buffer size: 65 260001
[00007fb1b4003378] ps mux: Close
[00007fb1b0001508] idummy demux: command `quit'
[000000000077f1a8] [cli] lua interface error: Error loading script /home/cs244/vlc/share/lua/intf/cli.luac: lua/intf/modules/host.lua:286: Interrupted.
