[0000000001b751a8] core interface error: no suitable interface module
[0000000001aac338] core libvlc error: interface "globalhotkeys,none" initialization failed
[0000000001b751a8] dbus interface error: Failed to connect to the D-Bus session daemon: Unable to autolaunch a dbus-daemon without a $DISPLAY for X11
[0000000001b751a8] core interface error: no suitable interface module
[0000000001aac338] core libvlc error: interface "dbus,none" initialization failed
[0000000001aac338] core libvlc: Running vlc with the default interface. Use 'cvlc' to use vlc without interface.
[0000000001b751a8] qt interface error: Could not connect to X server
[0000000001b751a8] skins2 interface error: cannot initialize OSFactory
[00007f9df8003378] ps mux: Open
[0000000001b751a8] [cli] lua interface: Listening on host "*console".
VLC media player 3.0.0-git Vetinari
Command Line Interface initialized. Type `help' for help.
> making a DASHManager
new ratebased adaptionlogic
Chunk bitrate: 0 349952
Buffer size: 0 0
Chunk bitrate: 0 349952
Buffer size: 0 0
[00007f9df8027738] mp4 demux: Fragment sequence discontinuity detected 0 != 2
Download Time: 854914
[00007f9df8027ac8] mp4 demux: Fragment sequence discontinuity detected 0 != 2
Startup Time: 1050000
Chunk bitrate: 0 349952
Buffer size: 1 4001
Download Time: 1180455
Chunk bitrate: 1 349952
Buffer size: 2 8001
Download Time: 850943
Chunk bitrate: 2 600000
Buffer size: 2 12001
Chunk bitrate: 2 600000
Buffer size: 3 12001
Download Time: 1304709
Chunk bitrate: 3 349952
Buffer size: 3 16001
Chunk bitrate: 3 349952
Buffer size: 4 16001
Download Time: 731765
Chunk bitrate: 4 349952
Buffer size: 5 20001
Download Time: 930320
Chunk bitrate: 5 600000
Buffer size: 5 24001
Chunk bitrate: 5 600000
Buffer size: 6 24001
Download Time: 974605
Chunk bitrate: 6 349952
Buffer size: 6 28001
Chunk bitrate: 6 349952
Buffer size: 7 28001
Download Time: 930712
Chunk bitrate: 7 349952
Buffer size: 8 32001
Download Time: 1344721
Chunk bitrate: 8 600000
Buffer size: 8 36001
Chunk bitrate: 8 600000
Buffer size: 9 36001
Download Time: 1674266
Chunk bitrate: 9 349952
Buffer size: 9 40001
Chunk bitrate: 9 349952
Buffer size: 10 40001
Download Time: 771558
Chunk bitrate: 10 600000
Buffer size: 10 44001
Chunk bitrate: 10 600000
Buffer size: 11 44001
Download Time: 1421383
Chunk bitrate: 11 349952
Buffer size: 11 48001
Chunk bitrate: 11 349952
Buffer size: 12 48001
Download Time: 975307
Chunk bitrate: 12 349952
Buffer size: 13 52001
Download Time: 776204
Chunk bitrate: 13 349952
Buffer size: 14 56001
Download Time: 1384048
Chunk bitrate: 14 349952
Buffer size: 15 60001
Download Time: 695255
Chunk bitrate: 15 600000
Buffer size: 15 64001
Chunk bitrate: 15 600000
Buffer size: 16 64001
Download Time: 1019649
Chunk bitrate: 16 600000
Buffer size: 17 68001
Download Time: 1099831
Chunk bitrate: 17 349952
Buffer size: 17 72001
Chunk bitrate: 17 349952
Buffer size: 18 72001
Download Time: 900136
Chunk bitrate: 18 600000
Buffer size: 18 76001
Chunk bitrate: 18 600000
Buffer size: 19 76001
Download Time: 1092398
Chunk bitrate: 19 600000
Buffer size: 20 80001
Download Time: 1310280
Chunk bitrate: 20 349952
Buffer size: 20 84001
Chunk bitrate: 20 349952
Buffer size: 21 84001
Download Time: 487239
Chunk bitrate: 21 349952
Buffer size: 22 88001
Download Time: 609019
Chunk bitrate: 22 349952
Buffer size: 23 92001
Download Time: 1753569
Chunk bitrate: 23 349952
Buffer size: 24 96001
Download Time: 2371683
Chunk bitrate: 24 349952
Buffer size: 25 100001
Download Time: 734435
Chunk bitrate: 25 349952
Buffer size: 26 104001
Download Time: 858774
Chunk bitrate: 26 349952
Buffer size: 27 108001
Download Time: 652601
Chunk bitrate: 27 600000
Buffer size: 27 112001
Chunk bitrate: 27 600000
Buffer size: 28 112001
Download Time: 1216734
Chunk bitrate: 28 600000
Buffer size: 29 116001
Download Time: 1590464
Chunk bitrate: 29 349952
Buffer size: 29 120001
Chunk bitrate: 29 349952
Buffer size: 30 120001
Download Time: 810816
Chunk bitrate: 30 349952
Buffer size: 31 124001
Download Time: 1263235
Chunk bitrate: 31 349952
Buffer size: 32 128001
Download Time: 1017472
Chunk bitrate: 32 349952
Buffer size: 33 132001
Download Time: 727004
Chunk bitrate: 33 349952
Buffer size: 34 136001
Download Time: 975835
Chunk bitrate: 34 600000
Buffer size: 34 140001
Chunk bitrate: 34 600000
Buffer size: 35 140001
Download Time: 1133592
Chunk bitrate: 35 349952
Buffer size: 35 144001
Chunk bitrate: 35 349952
Buffer size: 36 144001
Download Time: 779656
[00007f9df8003378] core mux error: cannot add this stream
[00007f9df80c17e8] core decoder error: cannot create packetizer output (h264)
Chunk bitrate: 36 349952
Buffer size: 37 148001
Download Time: 980639
Chunk bitrate: 37 349952
Buffer size: 38 152001
Download Time: 856873
Chunk bitrate: 38 1000000
Buffer size: 38 156001
Chunk bitrate: 38 1000000
Buffer size: 39 156001
Download Time: 1753963
[00007f9df8003378] core mux error: cannot add this stream
[00007f9df804df38] core decoder error: cannot create packetizer output (h264)
Chunk bitrate: 39 349952
Buffer size: 39 160001
Chunk bitrate: 39 349952
Buffer size: 40 160001
Download Time: 936879
[00007f9df8003378] core mux error: cannot add this stream
[00007f9df80c1e78] core decoder error: cannot create packetizer output (h264)
Chunk bitrate: 40 349952
Buffer size: 41 164001
Download Time: 1016742
Chunk bitrate: 41 600000
Buffer size: 41 168001
Chunk bitrate: 41 600000
Buffer size: 42 168001
Download Time: 1304034
[00007f9df8003378] core mux error: cannot add this stream
[00007f9df80f8a08] core decoder error: cannot create packetizer output (h264)
Chunk bitrate: 42 600000
Buffer size: 43 172001
Download Time: 1502703
Chunk bitrate: 43 349952
Buffer size: 43 176001
Chunk bitrate: 43 349952
Buffer size: 44 176001
Download Time: 803815
[00007f9df8003378] core mux error: cannot add this stream
[00007f9df80da8a8] core decoder error: cannot create packetizer output (h264)
Chunk bitrate: 44 349952
Buffer size: 45 180001
Download Time: 811223
Chunk bitrate: 45 349952
Buffer size: 46 184001
Download Time: 1053131
Chunk bitrate: 46 600000
Buffer size: 46 188001
Chunk bitrate: 46 600000
Buffer size: 47 188001
Download Time: 1344908
[00007f9df8003378] core mux error: cannot add this stream
[00007f9df809f028] core decoder error: cannot create packetizer output (h264)
Chunk bitrate: 47 600000
Buffer size: 48 192001
Download Time: 1090267
Chunk bitrate: 48 349952
Buffer size: 48 196001
Chunk bitrate: 48 349952
Buffer size: 49 196001
Download Time: 774193
[00007f9df8003378] core mux error: cannot add this stream
[00007f9df80f4ec8] core decoder error: cannot create packetizer output (h264)
Chunk bitrate: 49 600000
Buffer size: 49 200001
Chunk bitrate: 49 600000
Buffer size: 50 200001
Download Time: 1218863
[00007f9df8003378] core mux error: cannot add this stream
[00007f9df8108db8] core decoder error: cannot create packetizer output (h264)
Chunk bitrate: 50 600000
Buffer size: 51 204001
Download Time: 1261148
Chunk bitrate: 51 600000
Buffer size: 52 208001
Download Time: 1218452
Chunk bitrate: 52 349952
Buffer size: 52 212001
Chunk bitrate: 52 349952
Buffer size: 53 212001
Download Time: 732871
[00007f9df8003378] core mux error: cannot add this stream
[00007f9df810e288] core decoder error: cannot create packetizer output (h264)
Chunk bitrate: 53 349952
Buffer size: 54 216001
Download Time: 894330
Chunk bitrate: 54 349952
Buffer size: 55 220001
Download Time: 805406
Chunk bitrate: 55 600000
Buffer size: 55 224001
Chunk bitrate: 55 600000
Buffer size: 56 224001
Download Time: 1225651
[00007f9df8003378] core mux error: cannot add this stream
[00007f9df811c638] core decoder error: cannot create packetizer output (h264)
Chunk bitrate: 56 600000
Buffer size: 57 228001
Download Time: 855053
Chunk bitrate: 57 349952
Buffer size: 57 232001
Chunk bitrate: 57 349952
Buffer size: 58 232001
Download Time: 329053
[00007f9df8003378] core mux error: cannot add this stream
[00007f9df802dc78] core decoder error: cannot create packetizer output (h264)
Chunk bitrate: 58 349952
Buffer size: 59 236001
Download Time: 1126971
Chunk bitrate: 59 349952
Buffer size: 60 240001
Download Time: 691909
Chunk bitrate: 60 349952
Buffer size: 61 244001
Download Time: 853783
Chunk bitrate: 61 600000
Buffer size: 61 248001
Chunk bitrate: 61 600000
Buffer size: 62 248001
Download Time: 567449
[00007f9df8003378] core mux error: cannot add this stream
[00007f9df80ee368] core decoder error: cannot create packetizer output (h264)
Chunk bitrate: 62 349952
Buffer size: 62 252001
Chunk bitrate: 62 349952
Buffer size: 63 252001
[00007f9df8003378] core mux error: cannot add this stream
[00007f9df80d05d8] core decoder error: cannot create packetizer output (h264)
Chunk bitrate: 63 349952
Buffer size: 64 256001
Download Time: 447535
Chunk bitrate: 64 600000
Buffer size: 64 260001
Chunk bitrate: 64 600000
Buffer size: 65 260001
[00007f9df8003378] ps mux: Close
[00007f9df4001058] idummy demux: command `quit'
[0000000001b751a8] [cli] lua interface error: Error loading script /home/cs244/vlc/share/lua/intf/cli.luac: lua/intf/modules/host.lua:286: Interrupted.
