[00000000021b21e8] core interface error: no suitable interface module
[00000000020e9338] core libvlc error: interface "globalhotkeys,none" initialization failed
[00000000021b21e8] dbus interface error: Failed to connect to the D-Bus session daemon: Unable to autolaunch a dbus-daemon without a $DISPLAY for X11
[00000000021b21e8] core interface error: no suitable interface module
[00000000020e9338] core libvlc error: interface "dbus,none" initialization failed
[00000000020e9338] core libvlc: Running vlc with the default interface. Use 'cvlc' to use vlc without interface.
[00000000021b21e8] qt interface error: Could not connect to X server
[00000000021b21e8] skins2 interface error: cannot initialize OSFactory
[00000000021b21e8] [cli] lua interface: Listening on host "*console".
VLC media player 3.0.0-git Vetinari
Command Line Interface initialized. Type `help' for help.
> [00007ff86c003378] ps mux: Open
making a DASHManager
new ratebased adaptionlogic
Chunk bitrate: 0 349952
Buffer size: 0 0
Chunk bitrate: 0 349952
Buffer size: 0 0
[00007ff86c0247d8] mp4 demux: Fragment sequence discontinuity detected 0 != 2
Download Time: 1023724
[00007ff86c0173f8] mp4 demux: Fragment sequence discontinuity detected 0 != 2
Startup Time: 1050000
Chunk bitrate: 0 349952
Buffer size: 1 4001
Download Time: 935750
Chunk bitrate: 1 600000
Buffer size: 1 8001
Chunk bitrate: 1 600000
Buffer size: 2 8001
Download Time: 1099567
Chunk bitrate: 2 600000
Buffer size: 3 12001
Download Time: 895046
Chunk bitrate: 3 600000
Buffer size: 4 16001
Download Time: 856259
Chunk bitrate: 4 600000
Buffer size: 5 20001
Download Time: 1384421
Chunk bitrate: 5 600000
Buffer size: 6 24001
Download Time: 975670
Chunk bitrate: 6 600000
Buffer size: 7 28001
Download Time: 1017853
Chunk bitrate: 7 600000
Buffer size: 8 32001
Download Time: 1059674
Chunk bitrate: 8 349952
Buffer size: 8 36001
Chunk bitrate: 8 349952
Buffer size: 9 36001
Download Time: 1059148
Chunk bitrate: 9 349952
Buffer size: 10 40001
Download Time: 855415
Chunk bitrate: 10 600000
Buffer size: 10 44001
Chunk bitrate: 10 600000
Buffer size: 11 44001
Download Time: 1545865
Chunk bitrate: 11 349952
Buffer size: 11 48001
Chunk bitrate: 11 349952
Buffer size: 12 48001
Download Time: 776287
Chunk bitrate: 12 600000
Buffer size: 12 52001
Chunk bitrate: 12 600000
Buffer size: 13 52001
Download Time: 975378
Chunk bitrate: 13 349952
Buffer size: 13 56001
Chunk bitrate: 13 349952
Buffer size: 14 56001
Download Time: 1754570
Chunk bitrate: 14 1000000
Buffer size: 14 60001
Chunk bitrate: 14 1000000
Buffer size: 15 60001
Download Time: 1913127
Chunk bitrate: 15 600000
Buffer size: 15 64001
Chunk bitrate: 15 600000
Buffer size: 16 64001
Download Time: 1021879
Chunk bitrate: 16 349952
Buffer size: 16 68001
Chunk bitrate: 16 349952
Buffer size: 17 68001
Download Time: 857539
Chunk bitrate: 17 349952
Buffer size: 18 72001
Download Time: 485985
Chunk bitrate: 18 600000
Buffer size: 18 76001
Chunk bitrate: 18 600000
Buffer size: 19 76001
Download Time: 927118
Chunk bitrate: 19 349952
Buffer size: 19 80001
Chunk bitrate: 19 349952
Buffer size: 20 80001
Download Time: 849085
Chunk bitrate: 20 600000
Buffer size: 20 84001
Chunk bitrate: 20 600000
Buffer size: 21 84001
Download Time: 1014742
Chunk bitrate: 21 349952
Buffer size: 21 88001
Chunk bitrate: 21 349952
Buffer size: 22 88001
Download Time: 571987
Chunk bitrate: 22 600000
Buffer size: 22 92001
Chunk bitrate: 22 600000
Buffer size: 23 92001
Download Time: 1220002
Chunk bitrate: 23 349952
Buffer size: 23 96001
Chunk bitrate: 23 349952
Buffer size: 24 96001
Download Time: 694636
Chunk bitrate: 24 1000000
Buffer size: 24 100001
Chunk bitrate: 24 1000000
Buffer size: 25 100001
Download Time: 2891456
[00007ff86c003378] core mux error: cannot add this stream
[00007ff86c0b45d8] core decoder error: cannot create packetizer output (h264)
Chunk bitrate: 25 1000000
Buffer size: 26 104001
Download Time: 1714753
Chunk bitrate: 26 600000
Buffer size: 26 108001
Chunk bitrate: 26 600000
Buffer size: 27 108001
Download Time: 1954908
[00007ff86c003378] core mux error: cannot add this stream
[00007ff86c0c0668] core decoder error: cannot create packetizer output (h264)
Chunk bitrate: 27 1000000
Buffer size: 27 112001
Chunk bitrate: 27 1000000
Buffer size: 28 112001
Download Time: 3624666
[00007ff86c003378] core mux error: cannot add this stream
[00007ff86c0750d8] core decoder error: cannot create packetizer output (h264)
Chunk bitrate: 28 349952
Buffer size: 28 116001
Chunk bitrate: 28 349952
Buffer size: 29 116001
Download Time: 609943
[00007ff86c003378] core mux error: cannot add this stream
[00007ff86c0c56b8] core decoder error: cannot create packetizer output (h264)
Chunk bitrate: 29 349952
Buffer size: 30 120001
Download Time: 559482
Chunk bitrate: 30 349952
Buffer size: 31 124001
Download Time: 1345127
Chunk bitrate: 31 349952
Buffer size: 32 128001
Download Time: 646808
Chunk bitrate: 32 349952
Buffer size: 33 132001
Download Time: 726642
Chunk bitrate: 33 349952
Buffer size: 34 136001
Download Time: 1176970
Chunk bitrate: 34 349952
Buffer size: 35 140001
Download Time: 765724
Chunk bitrate: 35 349952
Buffer size: 36 144001
Download Time: 890905
Chunk bitrate: 36 349952
Buffer size: 37 148001
Download Time: 774527
Chunk bitrate: 37 349952
Buffer size: 38 152001
Download Time: 941243
Chunk bitrate: 38 1000000
Buffer size: 38 156001
Chunk bitrate: 38 1000000
Buffer size: 39 156001
Download Time: 2390738
[00007ff86c003378] core mux error: cannot add this stream
[00007ff86c11fae8] core decoder error: cannot create packetizer output (h264)
Chunk bitrate: 39 349952
Buffer size: 39 160001
Chunk bitrate: 39 349952
Buffer size: 40 160001
Download Time: 573203
[00007ff86c003378] core mux error: cannot add this stream
[00007ff86c0cbd38] core decoder error: cannot create packetizer output (h264)
Chunk bitrate: 40 600000
Buffer size: 40 164001
Chunk bitrate: 40 600000
Buffer size: 41 164001
Download Time: 1871681
[00007ff86c003378] core mux error: cannot add this stream
[00007ff86c108808] core decoder error: cannot create packetizer output (h264)
Chunk bitrate: 41 600000
Buffer size: 42 168001
Download Time: 1261971
Chunk bitrate: 42 600000
Buffer size: 43 172001
Download Time: 975907
Chunk bitrate: 43 349952
Buffer size: 43 176001
Chunk bitrate: 43 349952
Buffer size: 44 176001
Download Time: 685285
[00007ff86c003378] core mux error: cannot add this stream
[00007ff86c0f6268] core decoder error: cannot create packetizer output (h264)
Chunk bitrate: 44 349952
Buffer size: 45 180001
Download Time: 896536
Chunk bitrate: 45 600000
Buffer size: 45 184001
Chunk bitrate: 45 600000
Buffer size: 46 184001
Download Time: 1672317
[00007ff86c003378] core mux error: cannot add this stream
[00007ff86c10c2c8] core decoder error: cannot create packetizer output (h264)
Chunk bitrate: 46 600000
Buffer size: 47 188001
Download Time: 1668292
Chunk bitrate: 47 349952
Buffer size: 47 192001
Chunk bitrate: 47 349952
Buffer size: 48 192001
Download Time: 613357
[00007ff86c003378] core mux error: cannot add this stream
[00007ff86c0d0258] core decoder error: cannot create packetizer output (h264)
Chunk bitrate: 48 600000
Buffer size: 48 196001
Chunk bitrate: 48 600000
Buffer size: 49 196001
Download Time: 1140744
[00007ff86c003378] core mux error: cannot add this stream
[00007ff86c1136e8] core decoder error: cannot create packetizer output (h264)
Chunk bitrate: 49 349952
Buffer size: 49 200001
Chunk bitrate: 49 349952
Buffer size: 50 200001
Download Time: 693059
[00007ff86c003378] core mux error: cannot add this stream
[00007ff86c10f948] core decoder error: cannot create packetizer output (h264)
Chunk bitrate: 50 349952
Buffer size: 51 204001
Download Time: 1182080
Chunk bitrate: 51 600000
Buffer size: 51 208001
Chunk bitrate: 51 600000
Buffer size: 52 208001
Download Time: 977676
[00007ff86c003378] core mux error: cannot add this stream
[00007ff86c118f98] core decoder error: cannot create packetizer output (h264)
Chunk bitrate: 52 349952
Buffer size: 52 212001
Chunk bitrate: 52 349952
Buffer size: 53 212001
Download Time: 1105792
[00007ff86c003378] core mux error: cannot add this stream
[00007ff86c117a88] core decoder error: cannot create packetizer output (h264)
Chunk bitrate: 53 349952
Buffer size: 54 216001
Download Time: 614348
Chunk bitrate: 54 349952
Buffer size: 55 220001
Download Time: 769721
Chunk bitrate: 55 600000
Buffer size: 55 224001
Chunk bitrate: 55 600000
Buffer size: 56 224001
Download Time: 1700035
[00007ff86c003378] core mux error: cannot add this stream
[00007ff86c1216f8] core decoder error: cannot create packetizer output (h264)
Chunk bitrate: 56 349952
Buffer size: 56 228001
Chunk bitrate: 56 349952
Buffer size: 57 228001
Download Time: 693292
[00007ff86c003378] core mux error: cannot add this stream
[00007ff86c0f3458] core decoder error: cannot create packetizer output (h264)
Chunk bitrate: 57 600000
Buffer size: 57 232001
Chunk bitrate: 57 600000
Buffer size: 58 232001
Download Time: 812966
[00007ff86c003378] core mux error: cannot add this stream
[00007ff86c09b398] core decoder error: cannot create packetizer output (h264)
Chunk bitrate: 58 349952
Buffer size: 58 236001
Chunk bitrate: 58 349952
Buffer size: 59 236001
Download Time: 858337
[00007ff86c003378] core mux error: cannot add this stream
[00007ff86c09a338] core decoder error: cannot create packetizer output (h264)
Chunk bitrate: 59 349952
Buffer size: 60 240001
Download Time: 647941
Chunk bitrate: 60 600000
Buffer size: 60 244001
Chunk bitrate: 60 600000
Buffer size: 61 244001
Download Time: 1181309
[00007ff86c003378] core mux error: cannot add this stream
[00007ff86c1303f8] core decoder error: cannot create packetizer output (h264)
Chunk bitrate: 61 600000
Buffer size: 62 248001
Download Time: 573045
Chunk bitrate: 62 349952
Buffer size: 62 252001
Chunk bitrate: 62 349952
Buffer size: 63 252001
Download Time: 365376
[00007ff86c003378] core mux error: cannot add this stream
[00007ff86c08ae98] core decoder error: cannot create packetizer output (h264)
Chunk bitrate: 63 600000
Buffer size: 63 256001
Chunk bitrate: 63 600000
Buffer size: 64 256001
Download Time: 854488
[00007ff86c003378] core mux error: cannot add this stream
[00007ff86c105c08] core decoder error: cannot create packetizer output (h264)
Chunk bitrate: 64 349952
Buffer size: 64 260001
Chunk bitrate: 64 349952
Buffer size: 65 260001
[00007ff86c003378] ps mux: Close
[00007ff86c1169f8] idummy demux: command `quit'
[00000000021b21e8] [cli] lua interface error: Error loading script /home/cs244/vlc/share/lua/intf/cli.luac: lua/intf/modules/host.lua:286: Interrupted.
