[0000000000fc41a8] core interface error: no suitable interface module
[0000000000efb338] core libvlc error: interface "globalhotkeys,none" initialization failed
[0000000000fc41a8] dbus interface error: Failed to connect to the D-Bus session daemon: Unable to autolaunch a dbus-daemon without a $DISPLAY for X11
[0000000000fc41a8] core interface error: no suitable interface module
[0000000000efb338] core libvlc error: interface "dbus,none" initialization failed
[0000000000efb338] core libvlc: Running vlc with the default interface. Use 'cvlc' to use vlc without interface.
[0000000000fc41a8] qt interface error: Could not connect to X server
[0000000000fc41a8] skins2 interface error: cannot initialize OSFactory
[0000000000fc41a8] [cli] lua interface: Listening on host "*console".
VLC media player 3.0.0-git Vetinari
Command Line Interface initialized. Type `help' for help.
> [00007f8c7c003378] ps mux: Open
making a DASHManager
new ratebased adaptionlogic
Chunk bitrate: 0 349952
Buffer size: 0 0
Chunk bitrate: 0 349952
Buffer size: 0 0
[00007f8c7c0278c8] mp4 demux: Fragment sequence discontinuity detected 0 != 2
Download Time: 853319
[00007f8c7c027a18] mp4 demux: Fragment sequence discontinuity detected 0 != 2
Startup Time: 1050000
Chunk bitrate: 0 349952
Buffer size: 1 4001
Download Time: 1182642
Chunk bitrate: 1 349952
Buffer size: 2 8001
Download Time: 522178
Chunk bitrate: 2 349952
Buffer size: 3 12001
Download Time: 808871
Chunk bitrate: 3 600000
Buffer size: 3 16001
Chunk bitrate: 3 600000
Buffer size: 4 16001
Download Time: 1463848
Chunk bitrate: 4 349952
Buffer size: 4 20001
Chunk bitrate: 4 349952
Buffer size: 5 20001
Download Time: 1179379
Chunk bitrate: 5 600000
Buffer size: 5 24001
Chunk bitrate: 5 600000
Buffer size: 6 24001
Download Time: 1018055
Chunk bitrate: 6 349952
Buffer size: 6 28001
Chunk bitrate: 6 349952
Buffer size: 7 28001
Download Time: 692678
Chunk bitrate: 7 349952
Buffer size: 8 32001
Download Time: 971582
Chunk bitrate: 8 600000
Buffer size: 8 36001
Chunk bitrate: 8 600000
Buffer size: 9 36001
Download Time: 1635796
Chunk bitrate: 9 349952
Buffer size: 9 40001
Chunk bitrate: 9 349952
Buffer size: 10 40001
Download Time: 609009
Chunk bitrate: 10 349952
Buffer size: 11 44001
Download Time: 650048
Chunk bitrate: 11 600000
Buffer size: 11 48001
Chunk bitrate: 11 600000
Buffer size: 12 48001
Download Time: 1834420
Chunk bitrate: 12 600000
Buffer size: 13 52001
Download Time: 1790709
Chunk bitrate: 13 1000000
Buffer size: 13 56001
Chunk bitrate: 13 1000000
Buffer size: 14 56001
Download Time: 1705691
Chunk bitrate: 14 600000
Buffer size: 14 60001
Chunk bitrate: 14 600000
Buffer size: 15 60001
Download Time: 1216751
Chunk bitrate: 15 349952
Buffer size: 15 64001
Chunk bitrate: 15 349952
Buffer size: 16 64001
Download Time: 896579
Chunk bitrate: 16 600000
Buffer size: 16 68001
Chunk bitrate: 16 600000
Buffer size: 17 68001
Download Time: 857646
Chunk bitrate: 17 349952
Buffer size: 17 72001
Chunk bitrate: 17 349952
Buffer size: 18 72001
Download Time: 771247
Chunk bitrate: 18 349952
Buffer size: 19 76001
Download Time: 492507
Chunk bitrate: 19 600000
Buffer size: 19 80001
Chunk bitrate: 19 600000
Buffer size: 20 80001
Download Time: 2071932
Chunk bitrate: 20 349952
Buffer size: 20 84001
Chunk bitrate: 20 349952
Buffer size: 21 84001
Download Time: 450583
Chunk bitrate: 21 600000
Buffer size: 21 88001
Chunk bitrate: 21 600000
Buffer size: 22 88001
Download Time: 1308173
Chunk bitrate: 22 349952
Buffer size: 22 92001
Chunk bitrate: 22 349952
Buffer size: 23 92001
Download Time: 895812
[00007f8c7c003378] core mux error: cannot add this stream
[00007f8c7c0c35b8] core decoder error: cannot create packetizer output (h264)
Chunk bitrate: 23 349952
Buffer size: 24 96001
Download Time: 1175032
Chunk bitrate: 24 600000
Buffer size: 24 100001
Chunk bitrate: 24 600000
Buffer size: 25 100001
Download Time: 1779720
[00007f8c7c003378] core mux error: cannot add this stream
[00007f8c7c0ac548] core decoder error: cannot create packetizer output (h264)
Chunk bitrate: 25 349952
Buffer size: 25 104001
Chunk bitrate: 25 349952
Buffer size: 26 104001
Download Time: 644246
[00007f8c7c003378] core mux error: cannot add this stream
[00007f8c7c0994b8] core decoder error: cannot create packetizer output (h264)
Chunk bitrate: 26 349952
Buffer size: 27 108001
Download Time: 393458
Chunk bitrate: 27 600000
Buffer size: 27 112001
Chunk bitrate: 27 600000
Buffer size: 28 112001
Download Time: 1265375
[00007f8c7c003378] core mux error: cannot add this stream
[00007f8c7c0e86f8] core decoder error: cannot create packetizer output (h264)
Chunk bitrate: 28 349952
Buffer size: 28 116001
Chunk bitrate: 28 349952
Buffer size: 29 116001
Download Time: 898628
[00007f8c7c003378] core mux error: cannot add this stream
[00007f8c7c028dc8] core decoder error: cannot create packetizer output (h264)
Chunk bitrate: 29 600000
Buffer size: 29 120001
Chunk bitrate: 29 600000
Buffer size: 30 120001
Download Time: 1014652
[00007f8c7c003378] core mux error: cannot add this stream
[00007f8c7c0d5838] core decoder error: cannot create packetizer output (h264)
Chunk bitrate: 30 600000
Buffer size: 31 124001
Download Time: 1176735
Chunk bitrate: 31 349952
Buffer size: 31 128001
Chunk bitrate: 31 349952
Buffer size: 32 128001
Download Time: 1099689
[00007f8c7c003378] core mux error: cannot add this stream
[00007f8c7c0309e8] core decoder error: cannot create packetizer output (h264)
Chunk bitrate: 32 349952
Buffer size: 33 132001
Download Time: 813182
Chunk bitrate: 33 600000
Buffer size: 33 136001
Chunk bitrate: 33 600000
Buffer size: 34 136001
Download Time: 897622
[00007f8c7c003378] core mux error: cannot add this stream
[00007f8c7c0f9ac8] core decoder error: cannot create packetizer output (h264)
Chunk bitrate: 34 600000
Buffer size: 35 140001
Download Time: 806731
Chunk bitrate: 35 600000
Buffer size: 36 144001
Download Time: 851545
Chunk bitrate: 36 349952
Buffer size: 36 148001
Chunk bitrate: 36 349952
Buffer size: 37 148001
Download Time: 689607
[00007f8c7c003378] core mux error: cannot add this stream
[00007f8c7c0c6548] core decoder error: cannot create packetizer output (h264)
Chunk bitrate: 37 349952
Buffer size: 38 152001
Download Time: 850019
Chunk bitrate: 38 1000000
Buffer size: 38 156001
Chunk bitrate: 38 1000000
Buffer size: 39 156001
Download Time: 1625069
[00007f8c7c003378] core mux error: cannot add this stream
[00007f8c7c02b9b8] core decoder error: cannot create packetizer output (h264)
Chunk bitrate: 39 349952
Buffer size: 39 160001
Chunk bitrate: 39 349952
Buffer size: 40 160001
Download Time: 654951
[00007f8c7c003378] core mux error: cannot add this stream
[00007f8c7c028d98] core decoder error: cannot create packetizer output (h264)
Chunk bitrate: 40 600000
Buffer size: 40 164001
Chunk bitrate: 40 600000
Buffer size: 41 164001
Download Time: 1670998
[00007f8c7c003378] core mux error: cannot add this stream
[00007f8c7c10e7c8] core decoder error: cannot create packetizer output (h264)
Chunk bitrate: 41 349952
Buffer size: 41 168001
Chunk bitrate: 41 349952
Buffer size: 42 168001
Download Time: 640668
[00007f8c7c003378] core mux error: cannot add this stream
[00007f8c7c0d6c48] core decoder error: cannot create packetizer output (h264)
Chunk bitrate: 42 600000
Buffer size: 42 172001
Chunk bitrate: 42 600000
Buffer size: 43 172001
Download Time: 1224064
[00007f8c7c003378] core mux error: cannot add this stream
[00007f8c7c10c658] core decoder error: cannot create packetizer output (h264)
Chunk bitrate: 43 600000
Buffer size: 44 176001
Download Time: 2465434
Chunk bitrate: 44 349952
Buffer size: 44 180001
Chunk bitrate: 44 349952
Buffer size: 45 180001
Download Time: 934015
[00007f8c7c003378] core mux error: cannot add this stream
[00007f8c7c109f88] core decoder error: cannot create packetizer output (h264)
Chunk bitrate: 45 349952
Buffer size: 46 184001
Download Time: 854847
Chunk bitrate: 46 1000000
Buffer size: 46 188001
Chunk bitrate: 46 1000000
Buffer size: 47 188001
Download Time: 1390111
[00007f8c7c003378] core mux error: cannot add this stream
[00007f8c7c14c4f8] core decoder error: cannot create packetizer output (h264)
Chunk bitrate: 47 349952
Buffer size: 47 192001
Chunk bitrate: 47 349952
Buffer size: 48 192001
Download Time: 449801
[00007f8c7c003378] core mux error: cannot add this stream
[00007f8c7c0ddda8] core decoder error: cannot create packetizer output (h264)
Chunk bitrate: 48 349952
Buffer size: 49 196001
Download Time: 814825
Chunk bitrate: 49 1000000
Buffer size: 49 200001
Chunk bitrate: 49 1000000
Buffer size: 50 200001
Download Time: 2077864
[00007f8c7c003378] core mux error: cannot add this stream
[00007f8c7c14de58] core decoder error: cannot create packetizer output (h264)
Chunk bitrate: 50 349952
Buffer size: 50 204001
Chunk bitrate: 50 349952
Buffer size: 51 204001
Download Time: 968599
[00007f8c7c003378] core mux error: cannot add this stream
[00007f8c7c0f2228] core decoder error: cannot create packetizer output (h264)
Chunk bitrate: 51 349952
Buffer size: 52 208001
Download Time: 693844
Chunk bitrate: 52 600000
Buffer size: 52 212001
Download Time: 318418
Chunk bitrate: 52 600000
Buffer size: 53 212001
Download Time: 1096088
[00007f8c7c003378] core mux error: cannot add this stream
[00007f8c7c11cbd8] core decoder error: cannot create packetizer output (h264)
Chunk bitrate: 53 600000
Buffer size: 54 216001
Download Time: 1290266
Chunk bitrate: 54 600000
Buffer size: 55 220001
Download Time: 1219649
Chunk bitrate: 55 349952
Buffer size: 55 224001
Chunk bitrate: 55 349952
Buffer size: 56 224001
Download Time: 851399
[00007f8c7c003378] core mux error: cannot add this stream
[00007f8c7c0ff098] core decoder error: cannot create packetizer output (h264)
Chunk bitrate: 56 349952
Buffer size: 57 228001
Download Time: 980463
Chunk bitrate: 57 349952
Buffer size: 58 232001
Download Time: 484752
Chunk bitrate: 58 349952
Buffer size: 59 236001
Download Time: 1171640
Chunk bitrate: 59 349952
Buffer size: 60 240001
Download Time: 975271
Chunk bitrate: 60 349952
Buffer size: 61 244001
Download Time: 808866
Chunk bitrate: 61 600000
Buffer size: 61 248001
Chunk bitrate: 61 600000
Buffer size: 62 248001
Download Time: 324951
[00007f8c7c003378] core mux error: cannot add this stream
[00007f8c7c10f288] core decoder error: cannot create packetizer output (h264)
Chunk bitrate: 62 349952
Buffer size: 62 252001
Chunk bitrate: 62 349952
Buffer size: 63 252001
Download Time: 244353
[00007f8c7c003378] core mux error: cannot add this stream
[00007f8c7c0c5138] core decoder error: cannot create packetizer output (h264)
Chunk bitrate: 63 600000
Buffer size: 63 256001
Chunk bitrate: 63 600000
Buffer size: 64 256001
Download Time: 613039
[00007f8c7c003378] core mux error: cannot add this stream
[00007f8c7c0c4148] core decoder error: cannot create packetizer output (h264)
Chunk bitrate: 64 600000
Buffer size: 65 260001
[00007f8c7c003378] ps mux: Close
[00007f8c700010f8] idummy demux: command `quit'
[0000000000fc41a8] [cli] lua interface error: Error loading script /home/cs244/vlc/share/lua/intf/cli.luac: lua/intf/modules/host.lua:286: Interrupted.
