[00000000014391a8] core interface error: no suitable interface module
[0000000001370338] core libvlc error: interface "globalhotkeys,none" initialization failed
[00000000014391a8] dbus interface error: Failed to connect to the D-Bus session daemon: Unable to autolaunch a dbus-daemon without a $DISPLAY for X11
[00000000014391a8] core interface error: no suitable interface module
[0000000001370338] core libvlc error: interface "dbus,none" initialization failed
[0000000001370338] core libvlc: Running vlc with the default interface. Use 'cvlc' to use vlc without interface.
[00000000014391a8] qt interface error: Could not connect to X server
[00000000014391a8] skins2 interface error: cannot initialize OSFactory
[00007f0ebc003378] ps mux: Open
[00000000014391a8] [cli] lua interface: Listening on host "*console".
VLC media player 3.0.0-git Vetinari
Command Line Interface initialized. Type `help' for help.
> making a DASHManager
new ratebased adaptionlogic
Chunk bitrate: 0 349952
Buffer size: 0 0
Chunk bitrate: 0 349952
Buffer size: 0 0
[00007f0ebc017118] mp4 demux: Fragment sequence discontinuity detected 0 != 2
Download Time: 525174
[00007f0ebc018c88] mp4 demux: Fragment sequence discontinuity detected 0 != 2
Startup Time: 1050000
Chunk bitrate: 0 349952
Buffer size: 1 4001
Download Time: 649067
Chunk bitrate: 1 349952
Buffer size: 2 8001
Download Time: 489611
Chunk bitrate: 2 600000
Buffer size: 2 12001
Chunk bitrate: 2 600000
Buffer size: 3 12001
Download Time: 1061777
Chunk bitrate: 3 349952
Buffer size: 3 16001
Chunk bitrate: 3 349952
Buffer size: 4 16001
Download Time: 608277
Chunk bitrate: 4 349952
Buffer size: 5 20001
Download Time: 892787
Chunk bitrate: 5 600000
Buffer size: 5 24001
Chunk bitrate: 5 600000
Buffer size: 6 24001
Download Time: 689290
Chunk bitrate: 6 600000
Buffer size: 7 28001
Download Time: 898049
Chunk bitrate: 7 600000
Buffer size: 8 32001
Download Time: 933469
Chunk bitrate: 8 349952
Buffer size: 8 36001
Chunk bitrate: 8 349952
Buffer size: 9 36001
Download Time: 893749
Chunk bitrate: 9 349952
Buffer size: 10 40001
Download Time: 1058667
Chunk bitrate: 10 349952
Buffer size: 11 44001
Download Time: 775781
Download Time: 449134
Chunk bitrate: 11 349952
Buffer size: 12 48001
Download Time: 528315
Chunk bitrate: 12 349952
Buffer size: 13 52001
Download Time: 854765
Chunk bitrate: 13 600000
Buffer size: 13 56001
Chunk bitrate: 13 600000
Buffer size: 14 56001
Download Time: 1384988
Chunk bitrate: 14 349952
Buffer size: 14 60001
Chunk bitrate: 14 349952
Buffer size: 15 60001
Download Time: 731117
Chunk bitrate: 15 349952
Buffer size: 16 64001
Download Time: 768333
Chunk bitrate: 16 600000
Buffer size: 16 68001
Chunk bitrate: 16 600000
Buffer size: 17 68001
Download Time: 526212
Chunk bitrate: 17 600000
Buffer size: 18 72001
Download Time: 1385957
Chunk bitrate: 18 349952
Buffer size: 18 76001
Chunk bitrate: 18 349952
Buffer size: 19 76001
Download Time: 409185
Chunk bitrate: 19 349952
Buffer size: 20 80001
Download Time: 932599
Chunk bitrate: 20 1000000
Buffer size: 20 84001
Chunk bitrate: 20 1000000
Buffer size: 21 84001
Download Time: 1177990
Chunk bitrate: 21 1000000
Buffer size: 22 88001
Download Time: 1180048
Chunk bitrate: 22 600000
Buffer size: 22 92001
Chunk bitrate: 22 600000
Buffer size: 23 92001
Download Time: 2034538
Chunk bitrate: 23 1000000
Buffer size: 23 96001
Chunk bitrate: 23 1000000
Buffer size: 24 96001
Download Time: 1465842
Chunk bitrate: 24 600000
Buffer size: 24 100001
Chunk bitrate: 24 600000
Buffer size: 25 100001
Download Time: 859886
Chunk bitrate: 25 600000
Buffer size: 26 104001
Download Time: 2194783
Chunk bitrate: 26 600000
Buffer size: 27 108001
Download Time: 936564
Download Time: 161883
Chunk bitrate: 27 1000000
Buffer size: 27 112001
Chunk bitrate: 27 1000000
Buffer size: 28 112001
Download Time: 1299908
Chunk bitrate: 28 600000
Buffer size: 28 116001
Chunk bitrate: 28 600000
Buffer size: 29 116001
Download Time: 2158187
Chunk bitrate: 29 349952
Buffer size: 29 120001
Chunk bitrate: 29 349952
Buffer size: 30 120001
Download Time: 1409805
Chunk bitrate: 30 349952
Buffer size: 31 124001
Download Time: 527472
Chunk bitrate: 31 600000
Buffer size: 31 128001
Chunk bitrate: 31 600000
Buffer size: 32 128001
Download Time: 648783
[00007f0ebc003378] core mux error: cannot add this stream
[00007f0ebc0ed7e8] core decoder error: cannot create packetizer output (h264)
Chunk bitrate: 32 600000
Buffer size: 33 132001
Download Time: 894834
Chunk bitrate: 33 600000
Buffer size: 34 136001
Download Time: 979996
Chunk bitrate: 34 349952
Buffer size: 34 140001
Chunk bitrate: 34 349952
Buffer size: 35 140001
Download Time: 483896
[00007f0ebc003378] core mux error: cannot add this stream
[00007f0ebc0c95c8] core decoder error: cannot create packetizer output (h264)
Chunk bitrate: 35 349952
Buffer size: 36 144001
Download Time: 728161
Chunk bitrate: 36 1000000
Buffer size: 36 148001
Chunk bitrate: 36 1000000
Buffer size: 37 148001
Download Time: 1509969
[00007f0ebc003378] core mux error: cannot add this stream
[00007f0ebc095de8] core decoder error: cannot create packetizer output (h264)
Chunk bitrate: 37 349952
Buffer size: 37 152001
Chunk bitrate: 37 349952
Buffer size: 38 152001
Download Time: 777330
[00007f0ebc003378] core mux error: cannot add this stream
[00007f0ebc0cdd98] core decoder error: cannot create packetizer output (h264)
Chunk bitrate: 38 1000000
Buffer size: 38 156001
Chunk bitrate: 38 1000000
Buffer size: 39 156001
Download Time: 1547440
Download Time: 896211
[00007f0ebc003378] core mux error: cannot add this stream
[00007f0ebc1211e8] core decoder error: cannot create packetizer output (h264)
Chunk bitrate: 39 349952
Buffer size: 39 160001
Chunk bitrate: 39 349952
Buffer size: 40 160001
Download Time: 896692
[00007f0ebc003378] core mux error: cannot add this stream
[00007f0ebc091588] core decoder error: cannot create packetizer output (h264)
Chunk bitrate: 40 349952
Buffer size: 41 164001
Download Time: 607288
Chunk bitrate: 41 600000
Buffer size: 41 168001
Chunk bitrate: 41 600000
Buffer size: 42 168001
Download Time: 857829
[00007f0ebc003378] core mux error: cannot add this stream
[00007f0ebc0fd7b8] core decoder error: cannot create packetizer output (h264)
Chunk bitrate: 42 349952
Buffer size: 42 172001
Chunk bitrate: 42 349952
Buffer size: 43 172001
Download Time: 570109
[00007f0ebc003378] core mux error: cannot add this stream
[00007f0ebc0c02a8] core decoder error: cannot create packetizer output (h264)
Chunk bitrate: 43 349952
Buffer size: 44 176001
Download Time: 605903
Chunk bitrate: 44 600000
Buffer size: 44 180001
Chunk bitrate: 44 600000
Buffer size: 45 180001
Download Time: 1259519
[00007f0ebc003378] core mux error: cannot add this stream
[00007f0ebc103758] core decoder error: cannot create packetizer output (h264)
Chunk bitrate: 45 600000
Buffer size: 46 184001
Download Time: 1057628
Chunk bitrate: 46 600000
Buffer size: 47 188001
Download Time: 1057571
Chunk bitrate: 47 600000
Buffer size: 48 192001
Download Time: 976597
Chunk bitrate: 48 600000
Buffer size: 49 196001
Download Time: 1548140
Chunk bitrate: 49 349952
Buffer size: 49 200001
Chunk bitrate: 49 349952
Buffer size: 50 200001
Download Time: 732732
[00007f0ebc003378] core mux error: cannot add this stream
[00007f0ebc0c3bc8] core decoder error: cannot create packetizer output (h264)
Chunk bitrate: 50 600000
Buffer size: 50 204001
Chunk bitrate: 50 600000
Buffer size: 51 204001
Download Time: 854578
[00007f0ebc003378] core mux error: cannot add this stream
[00007f0ebc10d0e8] core decoder error: cannot create packetizer output (h264)
Chunk bitrate: 51 349952
Buffer size: 51 208001
Chunk bitrate: 51 349952
Buffer size: 52 208001
Download Time: 528513
[00007f0ebc003378] core mux error: cannot add this stream
[00007f0ebc0af588] core decoder error: cannot create packetizer output (h264)
Chunk bitrate: 52 349952
Buffer size: 53 212001
Download Time: 492433
Chunk bitrate: 53 600000
Buffer size: 53 216001
Chunk bitrate: 53 600000
Buffer size: 54 216001
Download Time: 810433
[00007f0ebc003378] core mux error: cannot add this stream
[00007f0ebc118758] core decoder error: cannot create packetizer output (h264)
Chunk bitrate: 54 349952
Buffer size: 54 220001
Chunk bitrate: 54 349952
Buffer size: 55 220001
Download Time: 976486
[00007f0ebc003378] core mux error: cannot add this stream
[00007f0ebc112bd8] core decoder error: cannot create packetizer output (h264)
Chunk bitrate: 55 600000
Buffer size: 55 224001
Chunk bitrate: 55 600000
Buffer size: 56 224001
Download Time: 648747
[00007f0ebc003378] core mux error: cannot add this stream
[00007f0ebc121cb8] core decoder error: cannot create packetizer output (h264)
Chunk bitrate: 56 600000
Buffer size: 57 228001
Download Time: 1138320
Chunk bitrate: 57 349952
Buffer size: 57 232001
Chunk bitrate: 57 349952
Buffer size: 58 232001
Download Time: 446230
[00007f0ebc003378] core mux error: cannot add this stream
[00007f0ebc0335c8] core decoder error: cannot create packetizer output (h264)
Chunk bitrate: 58 600000
Buffer size: 58 236001
Chunk bitrate: 58 600000
Buffer size: 59 236001
Download Time: 849983
[00007f0ebc003378] core mux error: cannot add this stream
[00007f0ebc032a68] core decoder error: cannot create packetizer output (h264)
Chunk bitrate: 59 349952
Buffer size: 59 240001
Chunk bitrate: 59 349952
Buffer size: 60 240001
Download Time: 609351
[00007f0ebc003378] core mux error: cannot add this stream
[00007f0ebc118ff8] core decoder error: cannot create packetizer output (h264)
Chunk bitrate: 60 600000
Buffer size: 60 244001
Chunk bitrate: 60 600000
Buffer size: 61 244001
Download Time: 2282423
[00007f0ebc003378] core mux error: cannot add this stream
[00007f0ebc1301f8] core decoder error: cannot create packetizer output (h264)
Chunk bitrate: 61 600000
Buffer size: 62 248001
Download Time: 1300474
Chunk bitrate: 62 600000
Buffer size: 63 252001
Download Time: 394509
Chunk bitrate: 63 600000
Buffer size: 64 256001
Download Time: 977746
Chunk bitrate: 64 349952
Buffer size: 64 260001
Chunk bitrate: 64 349952
Buffer size: 65 260001
[00007f0ebc003378] ps mux: Close
[00007f0ec00015c8] idummy demux: command `quit'
[00000000014391a8] [cli] lua interface error: Error loading script /home/cs244/vlc/share/lua/intf/cli.luac: lua/intf/modules/host.lua:286: Interrupted.
