[0000000002322788] core interface error: no suitable interface module
[0000000002260338] core libvlc error: interface "globalhotkeys,none" initialization failed
[0000000002322788] dbus interface error: Failed to connect to the D-Bus session daemon: Unable to autolaunch a dbus-daemon without a $DISPLAY for X11
[0000000002322788] core interface error: no suitable interface module
[0000000002260338] core libvlc error: interface "dbus,none" initialization failed
[0000000002260338] core libvlc: Running vlc with the default interface. Use 'cvlc' to use vlc without interface.
[0000000002322788] qt interface error: Could not connect to X server
[0000000002322788] skins2 interface error: cannot initialize OSFactory
[0000000002322788] [cli] lua interface: Listening on host "*console".
VLC media player 3.0.0-git Vetinari
Command Line Interface initialized. Type `help' for help.
> [00007f3a94003378] ps mux: Open
making a DASHManager
new ratebased adaptionlogic
Chunk bitrate: 0 349952
Buffer size: 0 0
Chunk bitrate: 0 349952
Buffer size: 0 0
[00007f3a940239b8] mp4 demux: Fragment sequence discontinuity detected 0 != 2
Download Time: 602125
[00007f3a94024a08] mp4 demux: Fragment sequence discontinuity detected 0 != 2
Startup Time: 1050000
Chunk bitrate: 0 349952
Buffer size: 1 4001
Download Time: 565093
Chunk bitrate: 1 600000
Buffer size: 1 8001
Chunk bitrate: 1 600000
Buffer size: 2 8001
Download Time: 933426
Chunk bitrate: 2 349952
Buffer size: 2 12001
Chunk bitrate: 2 349952
Buffer size: 3 12001
Download Time: 815698
Chunk bitrate: 3 349952
Buffer size: 4 16001
Download Time: 404390
Chunk bitrate: 4 600000
Buffer size: 4 20001
Chunk bitrate: 4 600000
Buffer size: 5 20001
Download Time: 688952
Chunk bitrate: 5 349952
Buffer size: 5 24001
Chunk bitrate: 5 349952
Buffer size: 6 24001
Download Time: 405308
Chunk bitrate: 6 1000000
Buffer size: 6 28001
Chunk bitrate: 6 1000000
Buffer size: 7 28001
Download Time: 767163
Chunk bitrate: 7 349952
Buffer size: 7 32001
Chunk bitrate: 7 349952
Buffer size: 8 32001
Download Time: 819969
Download Time: 283620
Chunk bitrate: 8 600000
Buffer size: 8 36001
Chunk bitrate: 8 600000
Buffer size: 9 36001
Download Time: 732804
Chunk bitrate: 9 600000
Buffer size: 10 40001
Download Time: 2528222
Chunk bitrate: 10 1000000
Buffer size: 10 44001
Chunk bitrate: 10 1000000
Buffer size: 11 44001
Download Time: 851675
Chunk bitrate: 11 600000
Buffer size: 11 48001
Chunk bitrate: 11 600000
Buffer size: 12 48001
Download Time: 978169
Chunk bitrate: 12 600000
Buffer size: 13 52001
Download Time: 933451
Chunk bitrate: 13 600000
Buffer size: 14 56001
Download Time: 602419
Chunk bitrate: 14 600000
Buffer size: 15 60001
Download Time: 774356
Chunk bitrate: 15 349952
Buffer size: 15 64001
Chunk bitrate: 15 349952
Buffer size: 16 64001
Download Time: 691303
Chunk bitrate: 16 349952
Buffer size: 17 68001
Download Time: 981365
Chunk bitrate: 17 349952
Buffer size: 18 72001
Download Time: 573232
Chunk bitrate: 18 349952
Buffer size: 19 76001
Download Time: 449270
Chunk bitrate: 19 600000
Buffer size: 19 80001
Chunk bitrate: 19 600000
Buffer size: 20 80001
Download Time: 1225304
Chunk bitrate: 20 600000
Buffer size: 21 84001
Download Time: 1091594
Chunk bitrate: 21 349952
Buffer size: 21 88001
Chunk bitrate: 21 349952
Buffer size: 22 88001
Download Time: 897781
Chunk bitrate: 22 349952
Buffer size: 23 92001
Download Time: 529701
Chunk bitrate: 23 349952
Buffer size: 24 96001
Download Time: 532448
Chunk bitrate: 24 349952
Buffer size: 25 100001
Download Time: 727036
Chunk bitrate: 25 349952
Buffer size: 26 104001
Download Time: 573476
Chunk bitrate: 26 349952
Buffer size: 27 108001
Download Time: 485875
Chunk bitrate: 27 600000
Buffer size: 27 112001
Chunk bitrate: 27 600000
Buffer size: 28 112001
Download Time: 1455275
Chunk bitrate: 28 349952
Buffer size: 28 116001
Chunk bitrate: 28 349952
Buffer size: 29 116001
Download Time: 1461843
Chunk bitrate: 29 349952
Buffer size: 30 120001
Download Time: 1174774
Chunk bitrate: 30 600000
Buffer size: 30 124001
Chunk bitrate: 30 600000
Buffer size: 31 124001
Download Time: 1100195
Chunk bitrate: 31 600000
Buffer size: 32 128001
Download Time: 1134552
Chunk bitrate: 32 600000
Buffer size: 33 132001
Download Time: 1220705
Chunk bitrate: 33 1000000
Buffer size: 33 136001
Chunk bitrate: 33 1000000
Buffer size: 34 136001
Download Time: 1791932
[00007f3a94003378] core mux error: cannot add this stream
[00007f3a940e9d78] core decoder error: cannot create packetizer output (h264)
Chunk bitrate: 34 600000
Buffer size: 34 140001
Chunk bitrate: 34 600000
Buffer size: 35 140001
Download Time: 857281
[00007f3a94003378] core mux error: cannot add this stream
[00007f3a940e7ba8] core decoder error: cannot create packetizer output (h264)
Chunk bitrate: 35 600000
Buffer size: 36 144001
Download Time: 813485
Chunk bitrate: 36 349952
Buffer size: 36 148001
Chunk bitrate: 36 349952
Buffer size: 37 148001
Download Time: 569898
[00007f3a94003378] core mux error: cannot add this stream
[00007f3a94093a88] core decoder error: cannot create packetizer output (h264)
Chunk bitrate: 37 349952
Buffer size: 38 152001
Download Time: 1387564
Chunk bitrate: 38 600000
Buffer size: 38 156001
Chunk bitrate: 38 600000
Buffer size: 39 156001
Download Time: 733096
[00007f3a94003378] core mux error: cannot add this stream
[00007f3a940ee078] core decoder error: cannot create packetizer output (h264)
Chunk bitrate: 39 349952
Buffer size: 39 160001
Chunk bitrate: 39 349952
Buffer size: 40 160001
Download Time: 1140001
[00007f3a94003378] core mux error: cannot add this stream
[00007f3a940ec1c8] core decoder error: cannot create packetizer output (h264)
Chunk bitrate: 40 349952
Buffer size: 41 164001
Download Time: 732857
Chunk bitrate: 41 349952
Buffer size: 42 168001
Download Time: 695505
Chunk bitrate: 42 1000000
Buffer size: 42 172001
Chunk bitrate: 42 1000000
Buffer size: 43 172001
Download Time: 1739945
[00007f3a94003378] core mux error: cannot add this stream
[00007f3a9413fd88] core decoder error: cannot create packetizer output (h264)
Chunk bitrate: 43 600000
Buffer size: 43 176001
Chunk bitrate: 43 600000
Buffer size: 44 176001
Download Time: 529095
[00007f3a94003378] core mux error: cannot add this stream
[00007f3a940fc5c8] core decoder error: cannot create packetizer output (h264)
Chunk bitrate: 44 1000000
Buffer size: 44 180001
Chunk bitrate: 44 1000000
Buffer size: 45 180001
Download Time: 1188649
[00007f3a94003378] core mux error: cannot add this stream
[00007f3a94136e28] core decoder error: cannot create packetizer output (h264)
Chunk bitrate: 45 349952
Buffer size: 45 184001
Download Time: 122041
Chunk bitrate: 45 349952
Buffer size: 46 184001
Download Time: 767052
[00007f3a94003378] core mux error: cannot add this stream
[00007f3a940e2e68] core decoder error: cannot create packetizer output (h264)
Chunk bitrate: 46 600000
Buffer size: 46 188001
Chunk bitrate: 46 600000
Buffer size: 47 188001
Download Time: 1294657
[00007f3a94003378] core mux error: cannot add this stream
[00007f3a94103ad8] core decoder error: cannot create packetizer output (h264)
Chunk bitrate: 47 600000
Buffer size: 48 192001
Download Time: 1411506
Chunk bitrate: 48 600000
Buffer size: 49 196001
Download Time: 1055701
Chunk bitrate: 49 349952
Buffer size: 49 200001
Chunk bitrate: 49 349952
Buffer size: 50 200001
Download Time: 528262
[00007f3a94003378] core mux error: cannot add this stream
[00007f3a940e8a28] core decoder error: cannot create packetizer output (h264)
Chunk bitrate: 50 600000
Buffer size: 50 204001
Chunk bitrate: 50 600000
Buffer size: 51 204001
Download Time: 2477069
[00007f3a94003378] core mux error: cannot add this stream
[00007f3a9410d218] core decoder error: cannot create packetizer output (h264)
Chunk bitrate: 51 349952
Buffer size: 51 208001
Chunk bitrate: 51 349952
Buffer size: 52 208001
Download Time: 860337
[00007f3a94003378] core mux error: cannot add this stream
[00007f3a940eeeb8] core decoder error: cannot create packetizer output (h264)
Chunk bitrate: 52 349952
Buffer size: 53 212001
Download Time: 855268
Chunk bitrate: 53 349952
Buffer size: 54 216001
Download Time: 771153
Chunk bitrate: 54 600000
Buffer size: 54 220001
Chunk bitrate: 54 600000
Buffer size: 55 220001
Download Time: 932105
[00007f3a94003378] core mux error: cannot add this stream
[00007f3a94124728] core decoder error: cannot create packetizer output (h264)
Chunk bitrate: 55 1000000
Buffer size: 55 224001
Chunk bitrate: 55 1000000
Buffer size: 56 224001
Download Time: 1665845
[00007f3a94003378] core mux error: cannot add this stream
[00007f3a940b8278] core decoder error: cannot create packetizer output (h264)
Chunk bitrate: 56 600000
Buffer size: 56 228001
Chunk bitrate: 56 600000
Buffer size: 57 228001
Download Time: 775663
[00007f3a94003378] core mux error: cannot add this stream
[00007f3a9410fe18] core decoder error: cannot create packetizer output (h264)
Chunk bitrate: 57 600000
Buffer size: 58 232001
Download Time: 327100
Chunk bitrate: 58 600000
Buffer size: 59 236001
Download Time: 1140001
Chunk bitrate: 59 349952
Buffer size: 59 240001
Chunk bitrate: 59 349952
Buffer size: 60 240001
Download Time: 650441
[00007f3a94003378] core mux error: cannot add this stream
[00007f3a94107428] core decoder error: cannot create packetizer output (h264)
Chunk bitrate: 60 600000
Buffer size: 60 244001
Chunk bitrate: 60 600000
Buffer size: 61 244001
Download Time: 1092137
[00007f3a94003378] core mux error: cannot add this stream
[00007f3a9412e7b8] core decoder error: cannot create packetizer output (h264)
Chunk bitrate: 61 600000
Buffer size: 62 248001
Download Time: 485186
Chunk bitrate: 62 600000
Buffer size: 63 252001
Download Time: 288069
Chunk bitrate: 63 349952
Buffer size: 63 256001
Chunk bitrate: 63 349952
Buffer size: 64 256001
Download Time: 281144
[00007f3a94003378] core mux error: cannot add this stream
[00007f3a94074cb8] core decoder error: cannot create packetizer output (h264)
Chunk bitrate: 64 600000
Buffer size: 64 260001
Chunk bitrate: 64 600000
Buffer size: 65 260001
[00007f3a94003378] ps mux: Close
[00007f3a980322c8] idummy demux: command `quit'
[0000000002322788] [cli] lua interface error: Error loading script /home/cs244/vlc/share/lua/intf/cli.luac: lua/intf/modules/host.lua:286: Interrupted.
