[00000000008501e8] core interface error: no suitable interface module
[0000000000787338] core libvlc error: interface "globalhotkeys,none" initialization failed
[00000000008501e8] dbus interface error: Failed to connect to the D-Bus session daemon: Unable to autolaunch a dbus-daemon without a $DISPLAY for X11
[00000000008501e8] core interface error: no suitable interface module
[0000000000787338] core libvlc error: interface "dbus,none" initialization failed
[0000000000787338] core libvlc: Running vlc with the default interface. Use 'cvlc' to use vlc without interface.
[00000000008501e8] qt interface error: Could not connect to X server
[00000000008501e8] skins2 interface error: cannot initialize OSFactory
[00000000008501e8] [cli] lua interface: Listening on host "*console".
VLC media player 3.0.0-git Vetinari
Command Line Interface initialized. Type `help' for help.
> [00007fde8c003378] ps mux: Open
making a DASHManager
new ratebased adaptionlogic
Chunk bitrate: 0 349952
Buffer size: 0 0
Chunk bitrate: 0 349952
Buffer size: 0 0
[00007fde8c027b58] mp4 demux: Fragment sequence discontinuity detected 0 != 2
Download Time: 610371
[00007fde8c0178e8] mp4 demux: Fragment sequence discontinuity detected 0 != 2
Startup Time: 1050000
Chunk bitrate: 0 349952
Buffer size: 1 4001
Download Time: 577691
Chunk bitrate: 1 349952
Buffer size: 2 8001
Download Time: 644757
Chunk bitrate: 2 1000000
Buffer size: 2 12001
Chunk bitrate: 2 1000000
Buffer size: 3 12001
Download Time: 1172790
Chunk bitrate: 3 600000
Buffer size: 3 16001
Chunk bitrate: 3 600000
Buffer size: 4 16001
Download Time: 582764
Chunk bitrate: 4 349952
Buffer size: 4 20001
Chunk bitrate: 4 349952
Buffer size: 5 20001
Download Time: 651442
Chunk bitrate: 5 1000000
Buffer size: 5 24001
Chunk bitrate: 5 1000000
Buffer size: 6 24001
Download Time: 881407
Chunk bitrate: 6 349952
Buffer size: 6 28001
Chunk bitrate: 6 349952
Buffer size: 7 28001
Download Time: 487715
Chunk bitrate: 7 349952
Buffer size: 8 32001
Download Time: 1170340
Chunk bitrate: 8 1000000
Buffer size: 8 36001
Chunk bitrate: 8 1000000
Buffer size: 9 36001
Download Time: 975378
Chunk bitrate: 9 600000
Buffer size: 9 40001
Chunk bitrate: 9 600000
Buffer size: 10 40001
Download Time: 1044368
Chunk bitrate: 10 349952
Buffer size: 10 44001
Chunk bitrate: 10 349952
Buffer size: 11 44001
Download Time: 492084
Chunk bitrate: 11 349952
Buffer size: 12 48001
Download Time: 362451
Chunk bitrate: 12 600000
Buffer size: 12 52001
Chunk bitrate: 12 600000
Buffer size: 13 52001
Download Time: 885997
Chunk bitrate: 13 600000
Buffer size: 14 56001
Download Time: 717782
Chunk bitrate: 14 1000000
Buffer size: 14 60001
Chunk bitrate: 14 1000000
Buffer size: 15 60001
Download Time: 1338056
Chunk bitrate: 15 600000
Buffer size: 15 64001
Chunk bitrate: 15 600000
Buffer size: 16 64001
Download Time: 844353
Chunk bitrate: 16 600000
Buffer size: 17 68001
Download Time: 754318
Chunk bitrate: 17 600000
Buffer size: 18 72001
Download Time: 944350
Chunk bitrate: 18 600000
Buffer size: 19 76001
Download Time: 720433
Chunk bitrate: 19 600000
Buffer size: 20 80001
Download Time: 717741
Chunk bitrate: 20 349952
Buffer size: 20 84001
Chunk bitrate: 20 349952
Buffer size: 21 84001
Download Time: 613955
Chunk bitrate: 21 349952
Buffer size: 22 88001
Download Time: 620182
Chunk bitrate: 22 600000
Buffer size: 22 92001
Chunk bitrate: 22 600000
Buffer size: 23 92001
Download Time: 750433
Chunk bitrate: 23 600000
Buffer size: 24 96001
Download Time: 811234
Chunk bitrate: 24 600000
Buffer size: 25 100001
Download Time: 652198
Chunk bitrate: 25 600000
Buffer size: 26 104001
Download Time: 853107
Chunk bitrate: 26 600000
Buffer size: 27 108001
Download Time: 619274
Chunk bitrate: 27 600000
Buffer size: 28 112001
Download Time: 1567988
Chunk bitrate: 28 600000
Buffer size: 29 116001
Download Time: 1074939
Chunk bitrate: 29 600000
Buffer size: 30 120001
Download Time: 779926
Chunk bitrate: 30 600000
Buffer size: 31 124001
Download Time: 749787
Chunk bitrate: 31 600000
Buffer size: 32 128001
Download Time: 802799
Chunk bitrate: 32 1000000
Buffer size: 32 132001
Chunk bitrate: 32 1000000
Buffer size: 33 132001
Download Time: 1110688
Chunk bitrate: 33 1000000
Buffer size: 34 136001
Download Time: 1336088
Chunk bitrate: 34 600000
Buffer size: 34 140001
Chunk bitrate: 34 600000
Buffer size: 35 140001
Download Time: 751457
Chunk bitrate: 35 600000
Buffer size: 36 144001
Download Time: 1105040
Chunk bitrate: 36 349952
Buffer size: 36 148001
Chunk bitrate: 36 349952
Buffer size: 37 148001
Download Time: 518962
[00007fde8c003378] core mux error: cannot add this stream
[00007fde8c0535c8] core decoder error: cannot create packetizer output (h264)
Chunk bitrate: 37 349952
Buffer size: 38 152001
Download Time: 585406
Chunk bitrate: 38 1000000
Buffer size: 38 156001
Chunk bitrate: 38 1000000
Buffer size: 39 156001
Download Time: 1335793
[00007fde8c003378] core mux error: cannot add this stream
[00007fde8c11c6c8] core decoder error: cannot create packetizer output (h264)
Chunk bitrate: 39 349952
Buffer size: 39 160001
Chunk bitrate: 39 349952
Buffer size: 40 160001
Download Time: 518332
[00007fde8c003378] core mux error: cannot add this stream
[00007fde8c06da28] core decoder error: cannot create packetizer output (h264)
Chunk bitrate: 40 600000
Buffer size: 40 164001
Chunk bitrate: 40 600000
Buffer size: 41 164001
Download Time: 943742
[00007fde8c003378] core mux error: cannot add this stream
[00007fde8c105548] core decoder error: cannot create packetizer output (h264)
Chunk bitrate: 41 349952
Buffer size: 41 168001
Chunk bitrate: 41 349952
Buffer size: 42 168001
Download Time: 521103
[00007fde8c003378] core mux error: cannot add this stream
[00007fde8c0c1dc8] core decoder error: cannot create packetizer output (h264)
Chunk bitrate: 42 349952
Buffer size: 43 172001
Download Time: 748315
Chunk bitrate: 43 600000
Buffer size: 43 176001
Chunk bitrate: 43 600000
Buffer size: 44 176001
Download Time: 749935
[00007fde8c003378] core mux error: cannot add this stream
[00007fde8c0fd788] core decoder error: cannot create packetizer output (h264)
Chunk bitrate: 44 349952
Buffer size: 44 180001
Chunk bitrate: 44 349952
Buffer size: 45 180001
Download Time: 684962
[00007fde8c003378] core mux error: cannot add this stream
[00007fde8c0b14d8] core decoder error: cannot create packetizer output (h264)
Chunk bitrate: 45 600000
Buffer size: 45 184001
Chunk bitrate: 45 600000
Buffer size: 46 184001
Download Time: 1670624
[00007fde8c003378] core mux error: cannot add this stream
[00007fde8c10b268] core decoder error: cannot create packetizer output (h264)
Chunk bitrate: 46 349952
Buffer size: 46 188001
Chunk bitrate: 46 349952
Buffer size: 47 188001
Download Time: 1079897
[00007fde8c003378] core mux error: cannot add this stream
[00007fde8c065db8] core decoder error: cannot create packetizer output (h264)
Chunk bitrate: 47 1000000
Buffer size: 47 192001
Chunk bitrate: 47 1000000
Buffer size: 48 192001
Download Time: 1273259
[00007fde8c003378] core mux error: cannot add this stream
[00007fde8c124058] core decoder error: cannot create packetizer output (h264)
Chunk bitrate: 48 349952
Buffer size: 48 196001
Chunk bitrate: 48 349952
Buffer size: 49 196001
Download Time: 556268
[00007fde8c003378] core mux error: cannot add this stream
[00007fde8c068ee8] core decoder error: cannot create packetizer output (h264)
Chunk bitrate: 49 349952
Buffer size: 50 200001
Download Time: 554952
Chunk bitrate: 50 600000
Buffer size: 50 204001
Chunk bitrate: 50 600000
Buffer size: 51 204001
Download Time: 976129
[00007fde8c003378] core mux error: cannot add this stream
[00007fde8c10cd38] core decoder error: cannot create packetizer output (h264)
Chunk bitrate: 51 600000
Buffer size: 52 208001
Download Time: 744333
Chunk bitrate: 52 600000
Buffer size: 53 212001
Download Time: 779988
Chunk bitrate: 53 600000
Buffer size: 54 216001
Download Time: 717200
Chunk bitrate: 54 1000000
Buffer size: 54 220001
Chunk bitrate: 54 1000000
Buffer size: 55 220001
Download Time: 986023
[00007fde8c003378] core mux error: cannot add this stream
[00007fde8c152e38] core decoder error: cannot create packetizer output (h264)
Chunk bitrate: 55 1000000
Buffer size: 56 224001
Download Time: 1893586
Chunk bitrate: 56 600000
Buffer size: 56 228001
Chunk bitrate: 56 600000
Buffer size: 57 228001
Download Time: 583779
[00007fde8c003378] core mux error: cannot add this stream
[00007fde8c0f6f18] core decoder error: cannot create packetizer output (h264)
Chunk bitrate: 57 349952
Buffer size: 57 232001
Chunk bitrate: 57 349952
Buffer size: 58 232001
Download Time: 287713
[00007fde8c003378] core mux error: cannot add this stream
[00007fde8c0d0a78] core decoder error: cannot create packetizer output (h264)
Chunk bitrate: 58 349952
Buffer size: 59 236001
Download Time: 1266192
Chunk bitrate: 59 1000000
Buffer size: 59 240001
Chunk bitrate: 59 1000000
Buffer size: 60 240001
Download Time: 1267473
[00007fde8c003378] core mux error: cannot add this stream
[00007fde8c14fb48] core decoder error: cannot create packetizer output (h264)
Chunk bitrate: 60 600000
Buffer size: 60 244001
Chunk bitrate: 60 600000
Buffer size: 61 244001
Download Time: 1005995
[00007fde8c003378] core mux error: cannot add this stream
[00007fde8c12cbd8] core decoder error: cannot create packetizer output (h264)
Chunk bitrate: 61 1000000
Buffer size: 61 248001
Chunk bitrate: 61 1000000
Buffer size: 62 248001
Download Time: 739159
[00007fde8c003378] core mux error: cannot add this stream
[00007fde8c12a6b8] core decoder error: cannot create packetizer output (h264)
Chunk bitrate: 62 349952
Buffer size: 62 252001
Chunk bitrate: 62 349952
Buffer size: 63 252001
Download Time: 878024
[00007fde8c003378] core mux error: cannot add this stream
[00007fde8c087c08] core decoder error: cannot create packetizer output (h264)
Chunk bitrate: 63 349952
Buffer size: 64 256001
Download Time: 1494122
Chunk bitrate: 64 600000
Buffer size: 64 260001
Chunk bitrate: 64 600000
Buffer size: 65 260001
[00007fde8c003378] ps mux: Close
[00007fde90009618] idummy demux: command `quit'
[00000000008501e8] [cli] lua interface error: Error loading script /home/cs244/vlc/share/lua/intf/cli.luac: lua/intf/modules/host.lua:286: Interrupted.
