[000000000207e548] core interface error: no suitable interface module
[0000000001fb7338] core libvlc error: interface "globalhotkeys,none" initialization failed
[000000000207e548] dbus interface error: Failed to connect to the D-Bus session daemon: Unable to autolaunch a dbus-daemon without a $DISPLAY for X11
[000000000207e548] core interface error: no suitable interface module
[0000000001fb7338] core libvlc error: interface "dbus,none" initialization failed
[0000000001fb7338] core libvlc: Running vlc with the default interface. Use 'cvlc' to use vlc without interface.
[000000000207e548] qt interface error: Could not connect to X server
[000000000207e548] skins2 interface error: cannot initialize OSFactory
[000000000207e548] [cli] lua interface: Listening on host "*console".
VLC media player 3.0.0-git Vetinari
Command Line Interface initialized. Type `help' for help.
> [00007fb8bc003378] ps mux: Open
making a DASHManager
new ratebased adaptionlogic
Chunk bitrate: 0 349952
Buffer size: 0 0
Chunk bitrate: 0 349952
Buffer size: 0 0
[00007fb8bc0237b8] mp4 demux: Fragment sequence discontinuity detected 0 != 2
Download Time: 751078
[00007fb8bc027538] mp4 demux: Fragment sequence discontinuity detected 0 != 2
Startup Time: 1050000
Chunk bitrate: 0 349952
Buffer size: 1 4001
Download Time: 1043236
Chunk bitrate: 1 349952
Buffer size: 2 8001
Download Time: 487749
Chunk bitrate: 2 349952
Buffer size: 3 12001
Download Time: 779483
Chunk bitrate: 3 600000
Buffer size: 3 16001
Chunk bitrate: 3 600000
Buffer size: 4 16001
Download Time: 911921
Chunk bitrate: 4 600000
Buffer size: 5 20001
Download Time: 1398726
Chunk bitrate: 5 349952
Buffer size: 5 24001
Chunk bitrate: 5 349952
Buffer size: 6 24001
Download Time: 844426
Chunk bitrate: 6 600000
Buffer size: 6 28001
Chunk bitrate: 6 600000
Buffer size: 7 28001
Download Time: 814752
Chunk bitrate: 7 349952
Buffer size: 7 32001
Chunk bitrate: 7 349952
Buffer size: 8 32001
Download Time: 1077901
Chunk bitrate: 8 600000
Buffer size: 8 36001
Chunk bitrate: 8 600000
Buffer size: 9 36001
Download Time: 1274384
Chunk bitrate: 9 600000
Buffer size: 10 40001
Download Time: 1011065
Chunk bitrate: 10 600000
Buffer size: 11 44001
Download Time: 876692
Chunk bitrate: 11 349952
Buffer size: 11 48001
Chunk bitrate: 11 349952
Buffer size: 12 48001
Download Time: 775982
Chunk bitrate: 12 1000000
Buffer size: 12 52001
Chunk bitrate: 12 1000000
Buffer size: 13 52001
Download Time: 1858513
Chunk bitrate: 13 600000
Buffer size: 13 56001
Chunk bitrate: 13 600000
Buffer size: 14 56001
Download Time: 1466999
Chunk bitrate: 14 600000
Buffer size: 15 60001
Download Time: 980227
Chunk bitrate: 15 600000
Buffer size: 16 64001
Download Time: 1922954
Chunk bitrate: 16 349952
Buffer size: 16 68001
Chunk bitrate: 16 349952
Buffer size: 17 68001
Download Time: 489365
Chunk bitrate: 17 600000
Buffer size: 17 72001
Chunk bitrate: 17 600000
Buffer size: 18 72001
Download Time: 1177770
Chunk bitrate: 18 600000
Buffer size: 19 76001
Download Time: 813077
Chunk bitrate: 19 600000
Buffer size: 20 80001
Download Time: 1267629
Chunk bitrate: 20 349952
Buffer size: 20 84001
Chunk bitrate: 20 349952
Buffer size: 21 84001
Download Time: 518830
Chunk bitrate: 21 600000
Buffer size: 21 88001
Chunk bitrate: 21 600000
Buffer size: 22 88001
Download Time: 1112448
Chunk bitrate: 22 349952
Buffer size: 22 92001
Chunk bitrate: 22 349952
Buffer size: 23 92001
Download Time: 455472
Chunk bitrate: 23 1000000
Buffer size: 23 96001
Chunk bitrate: 23 1000000
Buffer size: 24 96001
Download Time: 1826380
Chunk bitrate: 24 600000
Buffer size: 24 100001
Chunk bitrate: 24 600000
Buffer size: 25 100001
Download Time: 2001021
Chunk bitrate: 25 1000000
Buffer size: 25 104001
Chunk bitrate: 25 1000000
Buffer size: 26 104001
Download Time: 1587006
[00007fb8bc003378] core mux error: cannot add this stream
[00007fb8bc0a8558] core decoder error: cannot create packetizer output (h264)
Chunk bitrate: 26 349952
Buffer size: 26 108001
Chunk bitrate: 26 349952
Buffer size: 27 108001
Download Time: 483642
[00007fb8bc003378] core mux error: cannot add this stream
[00007fb8bc08c8b8] core decoder error: cannot create packetizer output (h264)
Chunk bitrate: 27 349952
Buffer size: 28 112001
Download Time: 939793
Chunk bitrate: 28 349952
Buffer size: 29 116001
Download Time: 731690
Chunk bitrate: 29 600000
Buffer size: 29 120001
Chunk bitrate: 29 600000
Buffer size: 30 120001
Download Time: 897429
[00007fb8bc003378] core mux error: cannot add this stream
[00007fb8bc0d7a88] core decoder error: cannot create packetizer output (h264)
Chunk bitrate: 30 600000
Buffer size: 31 124001
Download Time: 773077
Chunk bitrate: 31 349952
Buffer size: 31 128001
Chunk bitrate: 31 349952
Buffer size: 32 128001
Download Time: 984674
[00007fb8bc003378] core mux error: cannot add this stream
[00007fb8bc043688] core decoder error: cannot create packetizer output (h264)
Chunk bitrate: 32 349952
Buffer size: 33 132001
Download Time: 809785
Chunk bitrate: 33 600000
Buffer size: 33 136001
Chunk bitrate: 33 600000
Buffer size: 34 136001
Download Time: 1224481
[00007fb8bc003378] core mux error: cannot add this stream
[00007fb8bc0f5b08] core decoder error: cannot create packetizer output (h264)
Chunk bitrate: 34 600000
Buffer size: 35 140001
Download Time: 1422838
Chunk bitrate: 35 1000000
Buffer size: 35 144001
Chunk bitrate: 35 1000000
Buffer size: 36 144001
Download Time: 1510199
[00007fb8bc003378] core mux error: cannot add this stream
[00007fb8bc10d038] core decoder error: cannot create packetizer output (h264)
Chunk bitrate: 36 600000
Buffer size: 36 148001
Chunk bitrate: 36 600000
Buffer size: 37 148001
Download Time: 1505237
[00007fb8bc003378] core mux error: cannot add this stream
[00007fb8bc0e4f38] core decoder error: cannot create packetizer output (h264)
Chunk bitrate: 37 349952
Buffer size: 37 152001
Chunk bitrate: 37 349952
Buffer size: 38 152001
Download Time: 649455
[00007fb8bc003378] core mux error: cannot add this stream
[00007fb8bc0c8e08] core decoder error: cannot create packetizer output (h264)
Chunk bitrate: 38 1000000
Buffer size: 38 156001
Chunk bitrate: 38 1000000
Buffer size: 39 156001
Download Time: 1705932
[00007fb8bc003378] core mux error: cannot add this stream
[00007fb8bc0e4a28] core decoder error: cannot create packetizer output (h264)
Chunk bitrate: 39 600000
Buffer size: 39 160001
Chunk bitrate: 39 600000
Buffer size: 40 160001
Download Time: 1226619
[00007fb8bc003378] core mux error: cannot add this stream
[00007fb8bc0deea8] core decoder error: cannot create packetizer output (h264)
Chunk bitrate: 40 349952
Buffer size: 40 164001
Chunk bitrate: 40 349952
Buffer size: 41 164001
Download Time: 3698938
[00007fb8bc003378] core mux error: cannot add this stream
[00007fb8bc0c5578] core decoder error: cannot create packetizer output (h264)
Chunk bitrate: 41 349952
Buffer size: 42 168001
Download Time: 611506
Chunk bitrate: 42 349952
Buffer size: 43 172001
Download Time: 976350
Chunk bitrate: 43 349952
Buffer size: 44 176001
Download Time: 1023816
Chunk bitrate: 44 349952
Buffer size: 45 180001
Download Time: 774425
Chunk bitrate: 45 349952
Buffer size: 46 184001
Download Time: 853544
Chunk bitrate: 46 600000
Buffer size: 46 188001
Chunk bitrate: 46 600000
Buffer size: 47 188001
Download Time: 1956850
[00007fb8bc003378] core mux error: cannot add this stream
[00007fb8bc106748] core decoder error: cannot create packetizer output (h264)
Chunk bitrate: 47 349952
Buffer size: 47 192001
Chunk bitrate: 47 349952
Buffer size: 48 192001
Download Time: 724011
[00007fb8bc003378] core mux error: cannot add this stream
[00007fb8bc0ec598] core decoder error: cannot create packetizer output (h264)
Chunk bitrate: 48 600000
Buffer size: 48 196001
Chunk bitrate: 48 600000
Buffer size: 49 196001
Download Time: 1901069
[00007fb8bc003378] core mux error: cannot add this stream
[00007fb8bc1168a8] core decoder error: cannot create packetizer output (h264)
Chunk bitrate: 49 349952
Buffer size: 49 200001
Chunk bitrate: 49 349952
Buffer size: 50 200001
Download Time: 809460
[00007fb8bc003378] core mux error: cannot add this stream
[00007fb8bc0f2298] core decoder error: cannot create packetizer output (h264)
Chunk bitrate: 50 349952
Buffer size: 51 204001
Download Time: 770485
Chunk bitrate: 51 349952
Buffer size: 52 208001
Download Time: 1218588
Chunk bitrate: 52 349952
Buffer size: 53 212001
Download Time: 651620
Chunk bitrate: 53 349952
Buffer size: 54 216001
Download Time: 934558
Chunk bitrate: 54 349952
Buffer size: 55 220001
Download Time: 770222
Chunk bitrate: 55 349952
Buffer size: 56 224001
Download Time: 1133444
Chunk bitrate: 56 600000
Buffer size: 56 228001
Chunk bitrate: 56 600000
Buffer size: 57 228001
Download Time: 929357
[00007fb8bc003378] core mux error: cannot add this stream
[00007fb8bc10fa78] core decoder error: cannot create packetizer output (h264)
Chunk bitrate: 57 349952
Buffer size: 57 232001
Chunk bitrate: 57 349952
Buffer size: 58 232001
Download Time: 490755
[00007fb8bc003378] core mux error: cannot add this stream
[00007fb8bc0b5468] core decoder error: cannot create packetizer output (h264)
Chunk bitrate: 58 349952
Buffer size: 59 236001
Download Time: 1222425
Chunk bitrate: 59 600000
Buffer size: 59 240001
Chunk bitrate: 59 600000
Buffer size: 60 240001
Download Time: 1062635
[00007fb8bc003378] core mux error: cannot add this stream
[00007fb8bc12b178] core decoder error: cannot create packetizer output (h264)
Chunk bitrate: 60 600000
Buffer size: 61 244001
Download Time: 1099289
Chunk bitrate: 61 1000000
Buffer size: 61 248001
Chunk bitrate: 61 1000000
Buffer size: 62 248001
Download Time: 853574
[00007fb8bc003378] core mux error: cannot add this stream
[00007fb8bc103448] core decoder error: cannot create packetizer output (h264)
Chunk bitrate: 62 600000
Buffer size: 62 252001
Chunk bitrate: 62 600000
Buffer size: 63 252001
Download Time: 491168
[00007fb8bc003378] core mux error: cannot add this stream
[00007fb8bc0b15a8] core decoder error: cannot create packetizer output (h264)
Chunk bitrate: 63 349952
Buffer size: 63 256001
Chunk bitrate: 63 349952
Buffer size: 64 256001
Download Time: 324324
[00007fb8bc003378] core mux error: cannot add this stream
[00007fb8bc0f5ff8] core decoder error: cannot create packetizer output (h264)
Chunk bitrate: 64 349952
Buffer size: 65 260001
[00007fb8bc003378] ps mux: Close
[00007fb8bc053968] idummy demux: command `quit'
[000000000207e548] [cli] lua interface error: Error loading script /home/cs244/vlc/share/lua/intf/cli.luac: lua/intf/modules/host.lua:286: Interrupted.
