[00000000020401e8] core interface error: no suitable interface module
[0000000001f77338] core libvlc error: interface "globalhotkeys,none" initialization failed
[00000000020401e8] dbus interface error: Failed to connect to the D-Bus session daemon: Unable to autolaunch a dbus-daemon without a $DISPLAY for X11
[00000000020401e8] core interface error: no suitable interface module
[0000000001f77338] core libvlc error: interface "dbus,none" initialization failed
[0000000001f77338] core libvlc: Running vlc with the default interface. Use 'cvlc' to use vlc without interface.
[00000000020401e8] qt interface error: Could not connect to X server
[00000000020401e8] skins2 interface error: cannot initialize OSFactory
[00000000020401e8] [cli] lua interface: Listening on host "*console".
VLC media player 3.0.0-git Vetinari
Command Line Interface initialized. Type `help' for help.
> [00007f3728003378] ps mux: Open
making a DASHManager
new ratebased adaptionlogic
Chunk bitrate: 0 349952
Buffer size: 0 0
Chunk bitrate: 0 349952
Buffer size: 0 0
[00007f3728027058] mp4 demux: Fragment sequence discontinuity detected 0 != 2
Download Time: 1594570
[00007f3728019d48] mp4 demux: Fragment sequence discontinuity detected 0 != 2
Startup Time: 1050000
Chunk bitrate: 0 600000
Buffer size: 0 4001
Chunk bitrate: 0 600000
Buffer size: 1 4001
Download Time: 720874
Chunk bitrate: 1 349952
Buffer size: 1 8001
Chunk bitrate: 1 349952
Buffer size: 2 8001
Download Time: 998742
Chunk bitrate: 2 1000000
Buffer size: 2 12001
Chunk bitrate: 2 1000000
Buffer size: 3 12001
Download Time: 2645209
Chunk bitrate: 3 349952
Buffer size: 3 16001
Chunk bitrate: 3 349952
Buffer size: 4 16001
Download Time: 1663493
Chunk bitrate: 4 349952
Buffer size: 5 20001
Download Time: 768195
Chunk bitrate: 5 349952
Buffer size: 6 24001
Download Time: 894700
Chunk bitrate: 6 349952
Buffer size: 7 28001
Download Time: 445728
Chunk bitrate: 7 600000
Buffer size: 7 32001
Chunk bitrate: 7 600000
Buffer size: 8 32001
Download Time: 938896
Chunk bitrate: 8 600000
Buffer size: 9 36001
Download Time: 1427373
Chunk bitrate: 9 349952
Buffer size: 9 40001
Chunk bitrate: 9 349952
Buffer size: 10 40001
Download Time: 1707311
Chunk bitrate: 10 600000
Buffer size: 10 44001
Chunk bitrate: 10 600000
Buffer size: 11 44001
Download Time: 859521
Chunk bitrate: 11 349952
Buffer size: 11 48001
Chunk bitrate: 11 349952
Buffer size: 12 48001
Download Time: 691761
Chunk bitrate: 12 600000
Buffer size: 12 52001
Chunk bitrate: 12 600000
Buffer size: 13 52001
Download Time: 1499454
Chunk bitrate: 13 349952
Buffer size: 13 56001
Chunk bitrate: 13 349952
Buffer size: 14 56001
Download Time: 1144848
Chunk bitrate: 14 349952
Buffer size: 15 60001
Download Time: 488814
Chunk bitrate: 15 600000
Buffer size: 15 64001
Chunk bitrate: 15 600000
Buffer size: 16 64001
Download Time: 1464700
Chunk bitrate: 16 349952
Buffer size: 16 68001
Chunk bitrate: 16 349952
Buffer size: 17 68001
Download Time: 451738
Chunk bitrate: 17 600000
Buffer size: 17 72001
Chunk bitrate: 17 600000
Buffer size: 18 72001
Download Time: 1133640
Chunk bitrate: 18 1000000
Buffer size: 18 76001
Chunk bitrate: 18 1000000
Buffer size: 19 76001
Download Time: 1346971
Chunk bitrate: 19 349952
Buffer size: 19 80001
Chunk bitrate: 19 349952
Buffer size: 20 80001
Download Time: 1137729
Chunk bitrate: 20 600000
Buffer size: 20 84001
Chunk bitrate: 20 600000
Buffer size: 21 84001
Download Time: 879626
[00007f3728003378] core mux error: cannot add this stream
[00007f372808e538] core decoder error: cannot create packetizer output (h264)
Chunk bitrate: 21 600000
Buffer size: 22 88001
Download Time: 1335769
Chunk bitrate: 22 349952
Buffer size: 22 92001
Chunk bitrate: 22 349952
Buffer size: 23 92001
Download Time: 691014
[00007f3728003378] core mux error: cannot add this stream
[00007f3728094528] core decoder error: cannot create packetizer output (h264)
Chunk bitrate: 23 600000
Buffer size: 23 96001
Chunk bitrate: 23 600000
Buffer size: 24 96001
Download Time: 978667
[00007f3728003378] core mux error: cannot add this stream
[00007f37280d9968] core decoder error: cannot create packetizer output (h264)
Chunk bitrate: 24 349952
Buffer size: 24 100001
Chunk bitrate: 24 349952
Buffer size: 25 100001
Download Time: 649689
[00007f3728003378] core mux error: cannot add this stream
[00007f37280d8d08] core decoder error: cannot create packetizer output (h264)
Chunk bitrate: 25 349952
Buffer size: 26 104001
Download Time: 892931
Chunk bitrate: 26 349952
Buffer size: 27 108001
Download Time: 567633
Chunk bitrate: 27 349952
Buffer size: 28 112001
Download Time: 689156
Chunk bitrate: 28 600000
Buffer size: 28 116001
Chunk bitrate: 28 600000
Buffer size: 29 116001
Download Time: 1543785
[00007f3728003378] core mux error: cannot add this stream
[00007f37280f0288] core decoder error: cannot create packetizer output (h264)
Chunk bitrate: 29 600000
Buffer size: 30 120001
Download Time: 934337
Chunk bitrate: 30 349952
Buffer size: 30 124001
Chunk bitrate: 30 349952
Buffer size: 31 124001
Download Time: 970586
[00007f3728003378] core mux error: cannot add this stream
[00007f3728053d88] core decoder error: cannot create packetizer output (h264)
Chunk bitrate: 31 600000
Buffer size: 31 128001
Chunk bitrate: 31 600000
Buffer size: 32 128001
Download Time: 1945781
[00007f3728003378] core mux error: cannot add this stream
[00007f37280d8628] core decoder error: cannot create packetizer output (h264)
Chunk bitrate: 32 349952
Buffer size: 32 132001
Chunk bitrate: 32 349952
Buffer size: 33 132001
Download Time: 852500
[00007f3728003378] core mux error: cannot add this stream
[00007f372809e7b8] core decoder error: cannot create packetizer output (h264)
Chunk bitrate: 33 349952
Buffer size: 34 136001
Download Time: 1137725
Download Time: 608945
Chunk bitrate: 34 349952
Buffer size: 35 140001
Download Time: 610275
Chunk bitrate: 35 349952
Buffer size: 36 144001
Download Time: 595220
Chunk bitrate: 36 600000
Buffer size: 36 148001
Chunk bitrate: 36 600000
Buffer size: 37 148001
Download Time: 1227705
[00007f3728003378] core mux error: cannot add this stream
[00007f37280fbf58] core decoder error: cannot create packetizer output (h264)
Chunk bitrate: 37 600000
Buffer size: 38 152001
Download Time: 854807
Chunk bitrate: 38 2000000
Buffer size: 38 156001
Chunk bitrate: 38 2000000
Buffer size: 39 156001
Download Time: 2401337
[00007f3728003378] core mux error: cannot add this stream
[00007f37280df598] core decoder error: cannot create packetizer output (h264)
Chunk bitrate: 39 349952
Buffer size: 39 160001
Chunk bitrate: 39 349952
Buffer size: 40 160001
Download Time: 815647
[00007f3728003378] core mux error: cannot add this stream
[00007f37280e8908] core decoder error: cannot create packetizer output (h264)
Chunk bitrate: 40 349952
Buffer size: 41 164001
Download Time: 855574
Chunk bitrate: 41 349952
Buffer size: 42 168001
Download Time: 1224874
Chunk bitrate: 42 349952
Buffer size: 43 172001
Download Time: 695433
Chunk bitrate: 43 600000
Buffer size: 43 176001
Chunk bitrate: 43 600000
Buffer size: 44 176001
Download Time: 935562
[00007f3728003378] core mux error: cannot add this stream
[00007f3728104f28] core decoder error: cannot create packetizer output (h264)
Chunk bitrate: 44 600000
Buffer size: 45 180001
Download Time: 933223
Chunk bitrate: 45 349952
Buffer size: 45 184001
Chunk bitrate: 45 349952
Buffer size: 46 184001
Download Time: 651165
[00007f3728003378] core mux error: cannot add this stream
[00007f3728053d88] core decoder error: cannot create packetizer output (h264)
Chunk bitrate: 46 1000000
Buffer size: 46 188001
Chunk bitrate: 46 1000000
Buffer size: 47 188001
Download Time: 1306526
[00007f3728003378] core mux error: cannot add this stream
[00007f37280eb2f8] core decoder error: cannot create packetizer output (h264)
Chunk bitrate: 47 349952
Buffer size: 47 192001
Chunk bitrate: 47 349952
Buffer size: 48 192001
Download Time: 818723
[00007f3728003378] core mux error: cannot add this stream
[00007f37280cf748] core decoder error: cannot create packetizer output (h264)
Chunk bitrate: 48 600000
Buffer size: 48 196001
Chunk bitrate: 48 600000
Buffer size: 49 196001
Download Time: 2189839
[00007f3728003378] core mux error: cannot add this stream
[00007f3728119ea8] core decoder error: cannot create packetizer output (h264)
Chunk bitrate: 49 349952
Buffer size: 49 200001
Chunk bitrate: 49 349952
Buffer size: 50 200001
Download Time: 853140
[00007f3728003378] core mux error: cannot add this stream
[00007f37280f9478] core decoder error: cannot create packetizer output (h264)
Chunk bitrate: 50 349952
Buffer size: 51 204001
Download Time: 645378
Chunk bitrate: 51 600000
Buffer size: 51 208001
Chunk bitrate: 51 600000
Buffer size: 52 208001
Download Time: 1630308
[00007f3728003378] core mux error: cannot add this stream
[00007f3728120208] core decoder error: cannot create packetizer output (h264)
Chunk bitrate: 52 349952
Buffer size: 52 212001
Chunk bitrate: 52 349952
Buffer size: 53 212001
Download Time: 2283786
[00007f3728003378] core mux error: cannot add this stream
[00007f37280c64f8] core decoder error: cannot create packetizer output (h264)
Chunk bitrate: 53 349952
Buffer size: 54 216001
Download Time: 688536
Chunk bitrate: 54 349952
Buffer size: 55 220001
Download Time: 775192
Chunk bitrate: 55 349952
Buffer size: 56 224001
Download Time: 1423843
Chunk bitrate: 56 600000
Buffer size: 56 228001
Chunk bitrate: 56 600000
Buffer size: 57 228001
Download Time: 1425696
[00007f3728003378] core mux error: cannot add this stream
[00007f37281155e8] core decoder error: cannot create packetizer output (h264)
Chunk bitrate: 57 600000
Buffer size: 58 232001
Download Time: 775311
Chunk bitrate: 58 349952
Buffer size: 58 236001
Download Time: 202504
Chunk bitrate: 58 349952
Buffer size: 59 236001
Download Time: 769471
[00007f3728003378] core mux error: cannot add this stream
[00007f3728094e18] core decoder error: cannot create packetizer output (h264)
Chunk bitrate: 59 600000
Buffer size: 59 240001
Chunk bitrate: 59 600000
Buffer size: 60 240001
Download Time: 1017194
[00007f3728003378] core mux error: cannot add this stream
[00007f3728132d38] core decoder error: cannot create packetizer output (h264)
Chunk bitrate: 60 1000000
Buffer size: 60 244001
Chunk bitrate: 60 1000000
Buffer size: 61 244001
Download Time: 1387893
[00007f3728003378] core mux error: cannot add this stream
[00007f3728132858] core decoder error: cannot create packetizer output (h264)
Chunk bitrate: 61 600000
Buffer size: 61 248001
Chunk bitrate: 61 600000
Buffer size: 62 248001
Download Time: 608005
[00007f3728003378] core mux error: cannot add this stream
[00007f37280b7428] core decoder error: cannot create packetizer output (h264)
Chunk bitrate: 62 349952
Buffer size: 62 252001
Chunk bitrate: 62 349952
Buffer size: 63 252001
Download Time: 282841
[00007f3728003378] core mux error: cannot add this stream
[00007f37280ce898] core decoder error: cannot create packetizer output (h264)
Chunk bitrate: 63 349952
Buffer size: 64 256001
Download Time: 448604
Chunk bitrate: 64 600000
Buffer size: 64 260001
Chunk bitrate: 64 600000
Buffer size: 65 260001
[00007f3728003378] ps mux: Close
[00007f3718000e98] idummy demux: command `quit'
[00000000020401e8] [cli] lua interface error: Error loading script /home/cs244/vlc/share/lua/intf/cli.luac: lua/intf/modules/host.lua:286: Interrupted.
