[0000000000af01a8] core interface error: no suitable interface module
[0000000000a27338] core libvlc error: interface "globalhotkeys,none" initialization failed
[0000000000af01a8] dbus interface error: Failed to connect to the D-Bus session daemon: Unable to autolaunch a dbus-daemon without a $DISPLAY for X11
[0000000000af01a8] core interface error: no suitable interface module
[0000000000a27338] core libvlc error: interface "dbus,none" initialization failed
[0000000000a27338] core libvlc: Running vlc with the default interface. Use 'cvlc' to use vlc without interface.
[0000000000af01a8] qt interface error: Could not connect to X server
[0000000000af01a8] skins2 interface error: cannot initialize OSFactory
[0000000000af01a8] [cli] lua interface: Listening on host "*console".
VLC media player 3.0.0-git Vetinari
Command Line Interface initialized. Type `help' for help.
> [00007f4ac8003378] ps mux: Open
making a DASHManager
new ratebased adaptionlogic
Chunk bitrate: 0 349952
Buffer size: 0 0
Chunk bitrate: 0 349952
Buffer size: 0 0
[00007f4ac8027428] mp4 demux: Fragment sequence discontinuity detected 0 != 2
Download Time: 856062
[00007f4ac8023918] mp4 demux: Fragment sequence discontinuity detected 0 != 2
Startup Time: 1050000
Chunk bitrate: 0 600000
Buffer size: 0 4001
Chunk bitrate: 0 600000
Buffer size: 1 4001
Download Time: 1105808
Chunk bitrate: 1 349952
Buffer size: 1 8001
Chunk bitrate: 1 349952
Buffer size: 2 8001
Download Time: 656242
Chunk bitrate: 2 349952
Buffer size: 3 12001
Download Time: 733985
Chunk bitrate: 3 600000
Buffer size: 3 16001
Chunk bitrate: 3 600000
Buffer size: 4 16001
Download Time: 859198
Chunk bitrate: 4 349952
Buffer size: 4 20001
Chunk bitrate: 4 349952
Buffer size: 5 20001
Download Time: 1674345
Chunk bitrate: 5 349952
Buffer size: 6 24001
Download Time: 935127
Chunk bitrate: 6 349952
Buffer size: 7 28001
Download Time: 730253
Chunk bitrate: 7 600000
Buffer size: 7 32001
Chunk bitrate: 7 600000
Buffer size: 8 32001
Download Time: 1712596
Chunk bitrate: 8 600000
Buffer size: 9 36001
Download Time: 1053488
Chunk bitrate: 9 349952
Buffer size: 9 40001
Chunk bitrate: 9 349952
Buffer size: 10 40001
Download Time: 658131
Chunk bitrate: 10 349952
Buffer size: 11 44001
Download Time: 931783
Chunk bitrate: 11 1000000
Buffer size: 11 48001
Chunk bitrate: 11 1000000
Buffer size: 12 48001
Download Time: 3992758
Chunk bitrate: 12 600000
Buffer size: 12 52001
Chunk bitrate: 12 600000
Buffer size: 13 52001
Download Time: 818000
Chunk bitrate: 13 1000000
Buffer size: 13 56001
Chunk bitrate: 13 1000000
Buffer size: 14 56001
Download Time: 2041347
Chunk bitrate: 14 1000000
Buffer size: 15 60001
Download Time: 1133963
Chunk bitrate: 15 600000
Buffer size: 15 64001
Chunk bitrate: 15 600000
Buffer size: 16 64001
Download Time: 1097409
Chunk bitrate: 16 349952
Buffer size: 16 68001
Chunk bitrate: 16 349952
Buffer size: 17 68001
Download Time: 1019927
Chunk bitrate: 17 1000000
Buffer size: 17 72001
Chunk bitrate: 17 1000000
Buffer size: 18 72001
Download Time: 1660639
Download Time: 943824
Chunk bitrate: 18 349952
Buffer size: 18 76001
Chunk bitrate: 18 349952
Buffer size: 19 76001
Download Time: 329073
Chunk bitrate: 19 1000000
Buffer size: 19 80001
Chunk bitrate: 19 1000000
Buffer size: 20 80001
Download Time: 2429573
Chunk bitrate: 20 349952
Buffer size: 20 84001
Chunk bitrate: 20 349952
Buffer size: 21 84001
Download Time: 849774
Chunk bitrate: 21 600000
Buffer size: 21 88001
Chunk bitrate: 21 600000
Buffer size: 22 88001
Download Time: 730219
[00007f4ac8003378] core mux error: cannot add this stream
[00007f4ac809a298] core decoder error: cannot create packetizer output (h264)
Chunk bitrate: 22 600000
Buffer size: 23 92001
Download Time: 768738
Chunk bitrate: 23 600000
Buffer size: 24 96001
Download Time: 1180297
Chunk bitrate: 24 600000
Buffer size: 25 100001
Download Time: 973890
Chunk bitrate: 25 1000000
Buffer size: 25 104001
Chunk bitrate: 25 1000000
Buffer size: 26 104001
Download Time: 1589192
[00007f4ac8003378] core mux error: cannot add this stream
[00007f4ac80aaef8] core decoder error: cannot create packetizer output (h264)
Chunk bitrate: 26 349952
Buffer size: 26 108001
Chunk bitrate: 26 349952
Buffer size: 27 108001
Download Time: 367602
[00007f4ac8003378] core mux error: cannot add this stream
[00007f4ac8035ce8] core decoder error: cannot create packetizer output (h264)
Chunk bitrate: 27 600000
Buffer size: 27 112001
Download Time: 450134
Chunk bitrate: 27 600000
Buffer size: 28 112001
Download Time: 1047824
[00007f4ac8003378] core mux error: cannot add this stream
[00007f4ac80e67c8] core decoder error: cannot create packetizer output (h264)
Chunk bitrate: 28 1000000
Buffer size: 28 116001
Chunk bitrate: 28 1000000
Buffer size: 29 116001
Download Time: 1666429
[00007f4ac8003378] core mux error: cannot add this stream
[00007f4ac811e5d8] core decoder error: cannot create packetizer output (h264)
Chunk bitrate: 29 600000
Buffer size: 29 120001
Chunk bitrate: 29 600000
Buffer size: 30 120001
Download Time: 1257263
[00007f4ac8003378] core mux error: cannot add this stream
[00007f4ac80ccee8] core decoder error: cannot create packetizer output (h264)
Chunk bitrate: 30 1000000
Buffer size: 30 124001
Chunk bitrate: 30 1000000
Buffer size: 31 124001
Download Time: 893819
[00007f4ac8003378] core mux error: cannot add this stream
[00007f4ac810d798] core decoder error: cannot create packetizer output (h264)
Chunk bitrate: 31 600000
Buffer size: 31 128001
Chunk bitrate: 31 600000
Buffer size: 32 128001
Download Time: 850268
[00007f4ac8003378] core mux error: cannot add this stream
[00007f4ac80e3968] core decoder error: cannot create packetizer output (h264)
Chunk bitrate: 32 1000000
Buffer size: 32 132001
Chunk bitrate: 32 1000000
Buffer size: 33 132001
Download Time: 1346876
[00007f4ac8003378] core mux error: cannot add this stream
[00007f4ac810cee8] core decoder error: cannot create packetizer output (h264)
Chunk bitrate: 33 1000000
Buffer size: 34 136001
Download Time: 1787843
Chunk bitrate: 34 1000000
Buffer size: 35 140001
Download Time: 1782993
Chunk bitrate: 35 600000
Buffer size: 35 144001
Chunk bitrate: 35 600000
Buffer size: 36 144001
Download Time: 777383
[00007f4ac8003378] core mux error: cannot add this stream
[00007f4ac80c2b48] core decoder error: cannot create packetizer output (h264)
Chunk bitrate: 36 600000
Buffer size: 37 148001
Download Time: 855040
Chunk bitrate: 37 349952
Buffer size: 37 152001
Chunk bitrate: 37 349952
Buffer size: 38 152001
Download Time: 939926
[00007f4ac8003378] core mux error: cannot add this stream
[00007f4ac80b6a18] core decoder error: cannot create packetizer output (h264)
Chunk bitrate: 38 600000
Buffer size: 38 156001
Chunk bitrate: 38 600000
Buffer size: 39 156001
Download Time: 856958
[00007f4ac8003378] core mux error: cannot add this stream
[00007f4ac8121478] core decoder error: cannot create packetizer output (h264)
Chunk bitrate: 39 600000
Buffer size: 40 160001
Download Time: 1708406
Chunk bitrate: 40 349952
Buffer size: 40 164001
Chunk bitrate: 40 349952
Buffer size: 41 164001
Download Time: 1344688
[00007f4ac8003378] core mux error: cannot add this stream
[00007f4ac80bd0b8] core decoder error: cannot create packetizer output (h264)
Chunk bitrate: 41 600000
Buffer size: 41 168001
Chunk bitrate: 41 600000
Buffer size: 42 168001
Download Time: 1667272
[00007f4ac8003378] core mux error: cannot add this stream
[00007f4ac812eb68] core decoder error: cannot create packetizer output (h264)
Chunk bitrate: 42 600000
Buffer size: 43 172001
Download Time: 1072866
Chunk bitrate: 43 600000
Buffer size: 44 176001
Download Time: 908027
Chunk bitrate: 44 600000
Buffer size: 45 180001
Download Time: 874310
Chunk bitrate: 45 600000
Buffer size: 46 184001
Download Time: 945322
Chunk bitrate: 46 600000
Buffer size: 47 188001
Download Time: 1462464
Chunk bitrate: 47 349952
Buffer size: 47 192001
Chunk bitrate: 47 349952
Buffer size: 48 192001
Download Time: 1820073
[00007f4ac8003378] core mux error: cannot add this stream
[00007f4ac80b78b8] core decoder error: cannot create packetizer output (h264)
Chunk bitrate: 48 1000000
Buffer size: 48 196001
Chunk bitrate: 48 1000000
Buffer size: 49 196001
Download Time: 1502945
[00007f4ac8003378] core mux error: cannot add this stream
[00007f4ac8150138] core decoder error: cannot create packetizer output (h264)
Chunk bitrate: 49 349952
Buffer size: 49 200001
Chunk bitrate: 49 349952
Buffer size: 50 200001
Download Time: 554953
[00007f4ac8003378] core mux error: cannot add this stream
[00007f4ac8036288] core decoder error: cannot create packetizer output (h264)
Chunk bitrate: 50 349952
Buffer size: 51 204001
Download Time: 650485
Chunk bitrate: 51 600000
Buffer size: 51 208001
Chunk bitrate: 51 600000
Buffer size: 52 208001
Download Time: 653184
[00007f4ac8003378] core mux error: cannot add this stream
[00007f4ac80f78a8] core decoder error: cannot create packetizer output (h264)
Chunk bitrate: 52 1000000
Buffer size: 52 212001
Chunk bitrate: 52 1000000
Buffer size: 53 212001
Download Time: 1172276
[00007f4ac8003378] core mux error: cannot add this stream
[00007f4ac8148368] core decoder error: cannot create packetizer output (h264)
Chunk bitrate: 53 600000
Buffer size: 53 216001
Chunk bitrate: 53 600000
Buffer size: 54 216001
Download Time: 853400
[00007f4ac8003378] core mux error: cannot add this stream
[00007f4ac8134c38] core decoder error: cannot create packetizer output (h264)
Chunk bitrate: 54 600000
Buffer size: 55 220001
Download Time: 749720
Chunk bitrate: 55 600000
Buffer size: 56 224001
Download Time: 781155
Chunk bitrate: 56 1000000
Buffer size: 56 228001
Chunk bitrate: 56 1000000
Buffer size: 57 228001
Download Time: 1171192
[00007f4ac8003378] core mux error: cannot add this stream
[00007f4ac80f45c8] core decoder error: cannot create packetizer output (h264)
Chunk bitrate: 57 1000000
Buffer size: 58 232001
Download Time: 583776
Chunk bitrate: 58 349952
Buffer size: 58 236001
Chunk bitrate: 58 349952
Buffer size: 59 236001
Download Time: 1175264
[00007f4ac8003378] core mux error: cannot add this stream
[00007f4ac80d5908] core decoder error: cannot create packetizer output (h264)
Chunk bitrate: 59 349952
Buffer size: 60 240001
Download Time: 486407
Chunk bitrate: 60 600000
Buffer size: 60 244001
Chunk bitrate: 60 600000
Buffer size: 61 244001
Download Time: 751251
[00007f4ac8003378] core mux error: cannot add this stream
[00007f4ac8134ea8] core decoder error: cannot create packetizer output (h264)
Chunk bitrate: 61 600000
Buffer size: 62 248001
Download Time: 322583
Chunk bitrate: 62 1000000
Buffer size: 62 252001
Chunk bitrate: 62 1000000
Buffer size: 63 252001
Download Time: 458876
[00007f4ac8003378] core mux error: cannot add this stream
[00007f4ac80ce888] core decoder error: cannot create packetizer output (h264)
Chunk bitrate: 63 600000
Buffer size: 63 256001
Chunk bitrate: 63 600000
Buffer size: 64 256001
Download Time: 421055
[00007f4ac8003378] core mux error: cannot add this stream
[00007f4ac80cccb8] core decoder error: cannot create packetizer output (h264)
Chunk bitrate: 64 1000000
Buffer size: 64 260001
Chunk bitrate: 64 1000000
Buffer size: 65 260001
[00007f4ac8003378] ps mux: Close
[00007f4ac0000e98] idummy demux: command `quit'
[0000000000af01a8] [cli] lua interface error: Error loading script /home/cs244/vlc/share/lua/intf/cli.luac: lua/intf/modules/host.lua:286: Interrupted.
