[00000000023081e8] core interface error: no suitable interface module
[000000000223f338] core libvlc error: interface "globalhotkeys,none" initialization failed
[00000000023081e8] dbus interface error: Failed to connect to the D-Bus session daemon: Unable to autolaunch a dbus-daemon without a $DISPLAY for X11
[00000000023081e8] core interface error: no suitable interface module
[000000000223f338] core libvlc error: interface "dbus,none" initialization failed
[000000000223f338] core libvlc: Running vlc with the default interface. Use 'cvlc' to use vlc without interface.
[00000000023081e8] qt interface error: Could not connect to X server
[00000000023081e8] skins2 interface error: cannot initialize OSFactory
[00007f2db0003378] ps mux: Open
[00000000023081e8] [cli] lua interface: Listening on host "*console".
VLC media player 3.0.0-git Vetinari
Command Line Interface initialized. Type `help' for help.
> making a DASHManager
new ratebased adaptionlogic
Chunk bitrate: 0 349952
Buffer size: 0 0
Chunk bitrate: 0 349952
Buffer size: 0 0
[00007f2db0024ee8] mp4 demux: Fragment sequence discontinuity detected 0 != 2
Download Time: 880317
[00007f2db0018538] mp4 demux: Fragment sequence discontinuity detected 0 != 2
Startup Time: 1050000
Chunk bitrate: 0 349952
Buffer size: 1 4001
Download Time: 940877
Chunk bitrate: 1 349952
Buffer size: 2 8001
Download Time: 588420
Chunk bitrate: 2 349952
Buffer size: 3 12001
Download Time: 878796
Chunk bitrate: 3 349952
Buffer size: 4 16001
Download Time: 782907
Chunk bitrate: 4 349952
Buffer size: 5 20001
Download Time: 1171935
Chunk bitrate: 5 600000
Buffer size: 5 24001
Chunk bitrate: 5 600000
Buffer size: 6 24001
Download Time: 1169502
Chunk bitrate: 6 349952
Buffer size: 6 28001
Chunk bitrate: 6 349952
Buffer size: 7 28001
Download Time: 717605
Chunk bitrate: 7 600000
Buffer size: 7 32001
Chunk bitrate: 7 600000
Buffer size: 8 32001
Download Time: 1829564
Chunk bitrate: 8 349952
Buffer size: 8 36001
Chunk bitrate: 8 349952
Buffer size: 9 36001
Download Time: 1039805
Chunk bitrate: 9 349952
Buffer size: 10 40001
Download Time: 976559
Chunk bitrate: 10 349952
Buffer size: 11 44001
Download Time: 716535
Chunk bitrate: 11 349952
Buffer size: 12 48001
Download Time: 943102
Chunk bitrate: 12 600000
Buffer size: 12 52001
Chunk bitrate: 12 600000
Buffer size: 13 52001
Download Time: 1270968
Chunk bitrate: 13 600000
Buffer size: 14 56001
Download Time: 1268146
Chunk bitrate: 14 349952
Buffer size: 14 60001
Chunk bitrate: 14 349952
Buffer size: 15 60001
Download Time: 783001
Chunk bitrate: 15 600000
Buffer size: 15 64001
Chunk bitrate: 15 600000
Buffer size: 16 64001
Download Time: 1332712
Chunk bitrate: 16 600000
Buffer size: 17 68001
Download Time: 1335837
Chunk bitrate: 17 600000
Buffer size: 18 72001
Download Time: 1201419
Chunk bitrate: 18 349952
Buffer size: 18 76001
Chunk bitrate: 18 349952
Buffer size: 19 76001
Download Time: 654996
Chunk bitrate: 19 349952
Buffer size: 20 80001
Download Time: 842513
Chunk bitrate: 20 349952
Buffer size: 21 84001
Download Time: 556462
Chunk bitrate: 21 600000
Buffer size: 21 88001
Chunk bitrate: 21 600000
Buffer size: 22 88001
Download Time: 1299502
Chunk bitrate: 22 349952
Buffer size: 22 92001
Chunk bitrate: 22 349952
Buffer size: 23 92001
Download Time: 849130
Chunk bitrate: 23 349952
Buffer size: 24 96001
Download Time: 1074997
Chunk bitrate: 24 600000
Buffer size: 24 100001
Chunk bitrate: 24 600000
Buffer size: 25 100001
Download Time: 1497223
Chunk bitrate: 25 349952
Buffer size: 25 104001
Chunk bitrate: 25 349952
Buffer size: 26 104001
Download Time: 844381
Chunk bitrate: 26 349952
Buffer size: 27 108001
Download Time: 682287
Chunk bitrate: 27 349952
Buffer size: 28 112001
Download Time: 993241
Chunk bitrate: 28 349952
Buffer size: 29 116001
Download Time: 934396
Chunk bitrate: 29 349952
Buffer size: 30 120001
Download Time: 895673
Chunk bitrate: 30 349952
Buffer size: 31 124001
Download Time: 936136
Chunk bitrate: 31 349952
Buffer size: 32 128001
Download Time: 1144004
Chunk bitrate: 32 349952
Buffer size: 33 132001
Download Time: 1017404
Chunk bitrate: 33 349952
Buffer size: 34 136001
Download Time: 891138
Chunk bitrate: 34 349952
Buffer size: 35 140001
Download Time: 762168
Chunk bitrate: 35 349952
Buffer size: 36 144001
Download Time: 859566
Chunk bitrate: 36 349952
Buffer size: 37 148001
Download Time: 814626
Chunk bitrate: 37 349952
Buffer size: 38 152001
Download Time: 931511
Chunk bitrate: 38 1000000
Buffer size: 38 156001
Chunk bitrate: 38 1000000
Buffer size: 39 156001
Download Time: 2200093
Chunk bitrate: 39 349952
Buffer size: 39 160001
Chunk bitrate: 39 349952
Buffer size: 40 160001
Download Time: 1429114
Chunk bitrate: 40 349952
Buffer size: 41 164001
Download Time: 981891
Chunk bitrate: 41 349952
Buffer size: 42 168001
Download Time: 1383823
Chunk bitrate: 42 349952
Buffer size: 43 172001
Download Time: 894720
Chunk bitrate: 43 349952
Buffer size: 44 176001
Download Time: 978167
Chunk bitrate: 44 349952
Buffer size: 45 180001
Download Time: 1098906
Chunk bitrate: 45 349952
Buffer size: 46 184001
Download Time: 1057310
Chunk bitrate: 46 349952
Buffer size: 47 188001
Download Time: 1633763
Chunk bitrate: 47 349952
Buffer size: 48 192001
Download Time: 900702
Chunk bitrate: 48 349952
Buffer size: 49 196001
Download Time: 1228389
Chunk bitrate: 49 600000
Buffer size: 49 200001
Chunk bitrate: 49 600000
Buffer size: 50 200001
Download Time: 1917721
Chunk bitrate: 50 349952
Buffer size: 50 204001
Chunk bitrate: 50 349952
Buffer size: 51 204001
Download Time: 724020
[00007f2db0003378] core mux error: cannot add this stream
[00007f2db00e0e78] core decoder error: cannot create packetizer output (h264)
Chunk bitrate: 51 600000
Buffer size: 51 208001
Chunk bitrate: 51 600000
Buffer size: 52 208001
Download Time: 1343866
[00007f2db0003378] core mux error: cannot add this stream
[00007f2db010a5f8] core decoder error: cannot create packetizer output (h264)
Chunk bitrate: 52 349952
Buffer size: 52 212001
Chunk bitrate: 52 349952
Buffer size: 53 212001
Download Time: 735351
[00007f2db0003378] core mux error: cannot add this stream
[00007f2db00e99f8] core decoder error: cannot create packetizer output (h264)
Chunk bitrate: 53 349952
Buffer size: 54 216001
Download Time: 1466958
Chunk bitrate: 54 349952
Buffer size: 55 220001
Download Time: 893691
Chunk bitrate: 55 600000
Buffer size: 55 224001
Chunk bitrate: 55 600000
Buffer size: 56 224001
Download Time: 1794188
[00007f2db0003378] core mux error: cannot add this stream
[00007f2db0114228] core decoder error: cannot create packetizer output (h264)
Chunk bitrate: 56 349952
Buffer size: 56 228001
Chunk bitrate: 56 349952
Buffer size: 57 228001
Download Time: 816169
[00007f2db0003378] core mux error: cannot add this stream
[00007f2db00e99c8] core decoder error: cannot create packetizer output (h264)
Chunk bitrate: 57 349952
Buffer size: 58 232001
Download Time: 441552
Chunk bitrate: 58 349952
Buffer size: 59 236001
Download Time: 1012547
Chunk bitrate: 59 349952
Buffer size: 60 240001
Download Time: 1631336
Chunk bitrate: 60 349952
Buffer size: 61 244001
Download Time: 1015945
Chunk bitrate: 61 349952
Buffer size: 62 248001
Download Time: 449692
Chunk bitrate: 62 349952
Buffer size: 63 252001
Download Time: 365616
Chunk bitrate: 63 349952
Buffer size: 64 256001
Download Time: 449670
Chunk bitrate: 64 600000
Buffer size: 64 260001
Chunk bitrate: 64 600000
Buffer size: 65 260001
[00007f2db0003378] ps mux: Close
[00007f2db00b5798] idummy demux: command `quit'
[00000000023081e8] [cli] lua interface error: Error loading script /home/cs244/vlc/share/lua/intf/cli.luac: lua/intf/modules/host.lua:286: Interrupted.
