[000000000250f788] core interface error: no suitable interface module
[000000000244d338] core libvlc error: interface "globalhotkeys,none" initialization failed
[000000000250f788] dbus interface error: Failed to connect to the D-Bus session daemon: Unable to autolaunch a dbus-daemon without a $DISPLAY for X11
[000000000250f788] core interface error: no suitable interface module
[000000000244d338] core libvlc error: interface "dbus,none" initialization failed
[000000000244d338] core libvlc: Running vlc with the default interface. Use 'cvlc' to use vlc without interface.
[000000000250f788] qt interface error: Could not connect to X server
[000000000250f788] skins2 interface error: cannot initialize OSFactory
[000000000250f788] [cli] lua interface: Listening on host "*console".
VLC media player 3.0.0-git Vetinari
Command Line Interface initialized. Type `help' for help.
> [00007f20bc003378] ps mux: Open
making a DASHManager
new ratebased adaptionlogic
Chunk bitrate: 0 349952
Buffer size: 0 0
Chunk bitrate: 0 349952
Buffer size: 0 0
[00007f20bc0192d8] mp4 demux: Fragment sequence discontinuity detected 0 != 2
Download Time: 1798222
[00007f20bc017ff8] mp4 demux: Fragment sequence discontinuity detected 0 != 2
Startup Time: 1050000
Chunk bitrate: 0 600000
Buffer size: 0 4001
Chunk bitrate: 0 600000
Buffer size: 1 4001
Download Time: 1182943
Chunk bitrate: 1 600000
Buffer size: 2 8001
Download Time: 855156
Chunk bitrate: 2 1000000
Buffer size: 2 12001
Chunk bitrate: 2 1000000
Buffer size: 3 12001
Download Time: 2569689
Chunk bitrate: 3 600000
Buffer size: 3 16001
Chunk bitrate: 3 600000
Buffer size: 4 16001
Download Time: 733162
Chunk bitrate: 4 349952
Buffer size: 4 20001
Chunk bitrate: 4 349952
Buffer size: 5 20001
Download Time: 693477
Chunk bitrate: 5 349952
Buffer size: 6 24001
Download Time: 650893
Chunk bitrate: 6 600000
Buffer size: 6 28001
Chunk bitrate: 6 600000
Buffer size: 7 28001
Download Time: 809809
Chunk bitrate: 7 349952
Buffer size: 7 32001
Chunk bitrate: 7 349952
Buffer size: 8 32001
Download Time: 529093
Chunk bitrate: 8 600000
Buffer size: 8 36001
Chunk bitrate: 8 600000
Buffer size: 9 36001
Download Time: 982249
Chunk bitrate: 9 349952
Buffer size: 9 40001
Chunk bitrate: 9 349952
Buffer size: 10 40001
Download Time: 776645
Chunk bitrate: 10 600000
Buffer size: 10 44001
Chunk bitrate: 10 600000
Buffer size: 11 44001
Download Time: 1015751
Chunk bitrate: 11 600000
Buffer size: 12 48001
Download Time: 936746
Chunk bitrate: 12 349952
Buffer size: 12 52001
Download Time: 160502
Chunk bitrate: 12 349952
Buffer size: 13 52001
Download Time: 570165
Chunk bitrate: 13 349952
Buffer size: 14 56001
Download Time: 691995
Chunk bitrate: 14 600000
Buffer size: 14 60001
Chunk bitrate: 14 600000
Buffer size: 15 60001
Download Time: 1338924
Chunk bitrate: 15 349952
Buffer size: 15 64001
Download Time: 694419
Chunk bitrate: 15 349952
Buffer size: 16 64001
Download Time: 1139996
Chunk bitrate: 16 349952
Buffer size: 17 68001
Download Time: 732291
Chunk bitrate: 17 600000
Buffer size: 17 72001
Chunk bitrate: 17 600000
Buffer size: 18 72001
Download Time: 976099
Chunk bitrate: 18 349952
Buffer size: 18 76001
Chunk bitrate: 18 349952
Buffer size: 19 76001
Download Time: 610320
Chunk bitrate: 19 600000
Buffer size: 19 80001
Chunk bitrate: 19 600000
Buffer size: 20 80001
Download Time: 979340
Chunk bitrate: 20 1000000
Buffer size: 20 84001
Chunk bitrate: 20 1000000
Buffer size: 21 84001
Download Time: 971652
[00007f20bc003378] core mux error: cannot add this stream
[00007f20bc0d3128] core decoder error: cannot create packetizer output (h264)
Chunk bitrate: 21 349952
Buffer size: 21 88001
Chunk bitrate: 21 349952
Buffer size: 22 88001
Download Time: 525136
[00007f20bc003378] core mux error: cannot add this stream
[00007f20bc0c3ff8] core decoder error: cannot create packetizer output (h264)
Chunk bitrate: 22 349952
Buffer size: 23 92001
Download Time: 1051823
Chunk bitrate: 23 600000
Buffer size: 23 96001
Chunk bitrate: 23 600000
Buffer size: 24 96001
Download Time: 1343451
[00007f20bc003378] core mux error: cannot add this stream
[00007f20bc02a6e8] core decoder error: cannot create packetizer output (h264)
Chunk bitrate: 24 349952
Buffer size: 24 100001
Chunk bitrate: 24 349952
Buffer size: 25 100001
Download Time: 890784
[00007f20bc003378] core mux error: cannot add this stream
[00007f20bc0de9d8] core decoder error: cannot create packetizer output (h264)
Chunk bitrate: 25 349952
Buffer size: 26 104001
Download Time: 732778
Chunk bitrate: 26 1000000
Buffer size: 26 108001
Chunk bitrate: 26 1000000
Buffer size: 27 108001
Download Time: 813893
[00007f20bc003378] core mux error: cannot add this stream
[00007f20bc0d1458] core decoder error: cannot create packetizer output (h264)
Chunk bitrate: 27 349952
Buffer size: 27 112001
Chunk bitrate: 27 349952
Buffer size: 28 112001
Download Time: 1134746
[00007f20bc003378] core mux error: cannot add this stream
[00007f20bc0da9c8] core decoder error: cannot create packetizer output (h264)
Chunk bitrate: 28 1000000
Buffer size: 28 116001
Chunk bitrate: 28 1000000
Buffer size: 29 116001
Download Time: 1755150
[00007f20bc003378] core mux error: cannot add this stream
[00007f20bc120cf8] core decoder error: cannot create packetizer output (h264)
Chunk bitrate: 29 349952
Buffer size: 29 120001
Chunk bitrate: 29 349952
Buffer size: 30 120001
Download Time: 890946
[00007f20bc003378] core mux error: cannot add this stream
[00007f20bc036d58] core decoder error: cannot create packetizer output (h264)
Chunk bitrate: 30 349952
Buffer size: 31 124001
Download Time: 691486
Chunk bitrate: 31 1000000
Buffer size: 31 128001
Chunk bitrate: 31 1000000
Buffer size: 32 128001
Download Time: 1674358
[00007f20bc003378] core mux error: cannot add this stream
[00007f20bc13aca8] core decoder error: cannot create packetizer output (h264)
Chunk bitrate: 32 1000000
Buffer size: 33 132001
Download Time: 1544789
Chunk bitrate: 33 600000
Buffer size: 33 136001
Chunk bitrate: 33 600000
Buffer size: 34 136001
Download Time: 1102785
[00007f20bc003378] core mux error: cannot add this stream
[00007f20bc1123f8] core decoder error: cannot create packetizer output (h264)
Chunk bitrate: 34 600000
Buffer size: 35 140001
Download Time: 940807
Chunk bitrate: 35 349952
Buffer size: 35 144001
Chunk bitrate: 35 349952
Buffer size: 36 144001
Download Time: 860144
[00007f20bc003378] core mux error: cannot add this stream
[00007f20bc0caac8] core decoder error: cannot create packetizer output (h264)
Chunk bitrate: 36 1000000
Buffer size: 36 148001
Chunk bitrate: 36 1000000
Buffer size: 37 148001
Download Time: 1626793
[00007f20bc003378] core mux error: cannot add this stream
[00007f20bc0b6118] core decoder error: cannot create packetizer output (h264)
Chunk bitrate: 37 600000
Buffer size: 37 152001
Chunk bitrate: 37 600000
Buffer size: 38 152001
Download Time: 896660
[00007f20bc003378] core mux error: cannot add this stream
[00007f20bc0df1e8] core decoder error: cannot create packetizer output (h264)
Chunk bitrate: 38 1000000
Buffer size: 38 156001
Chunk bitrate: 38 1000000
Buffer size: 39 156001
Download Time: 1633360
[00007f20bc003378] core mux error: cannot add this stream
[00007f20bc10a438] core decoder error: cannot create packetizer output (h264)
Chunk bitrate: 39 349952
Buffer size: 39 160001
Chunk bitrate: 39 349952
Buffer size: 40 160001
Download Time: 689938
[00007f20bc003378] core mux error: cannot add this stream
[00007f20bc06c7e8] core decoder error: cannot create packetizer output (h264)
Chunk bitrate: 40 600000
Buffer size: 40 164001
Chunk bitrate: 40 600000
Buffer size: 41 164001
Download Time: 1507608
[00007f20bc003378] core mux error: cannot add this stream
[00007f20bc0f2208] core decoder error: cannot create packetizer output (h264)
Chunk bitrate: 41 349952
Buffer size: 41 168001
Chunk bitrate: 41 349952
Buffer size: 42 168001
Download Time: 813596
[00007f20bc003378] core mux error: cannot add this stream
[00007f20bc084f08] core decoder error: cannot create packetizer output (h264)
Chunk bitrate: 42 600000
Buffer size: 42 172001
Chunk bitrate: 42 600000
Buffer size: 43 172001
Download Time: 1100574
[00007f20bc003378] core mux error: cannot add this stream
[00007f20bc13bd08] core decoder error: cannot create packetizer output (h264)
Chunk bitrate: 43 600000
Buffer size: 44 176001
Download Time: 1386483
Chunk bitrate: 44 600000
Buffer size: 45 180001
Download Time: 769840
Chunk bitrate: 45 349952
Buffer size: 45 184001
Chunk bitrate: 45 349952
Buffer size: 46 184001
Download Time: 648961
[00007f20bc003378] core mux error: cannot add this stream
[00007f20bc06c9a8] core decoder error: cannot create packetizer output (h264)
Chunk bitrate: 46 349952
Buffer size: 47 188001
Download Time: 1180446
Chunk bitrate: 47 349952
Buffer size: 48 192001
Download Time: 813377
Chunk bitrate: 48 349952
Buffer size: 49 196001
Download Time: 693119
Chunk bitrate: 49 600000
Buffer size: 49 200001
Chunk bitrate: 49 600000
Buffer size: 50 200001
Download Time: 1019785
[00007f20bc003378] core mux error: cannot add this stream
[00007f20bc0fb068] core decoder error: cannot create packetizer output (h264)
Chunk bitrate: 50 600000
Buffer size: 51 204001
Download Time: 567253
Chunk bitrate: 51 600000
Buffer size: 52 208001
Download Time: 611583
Chunk bitrate: 52 1000000
Buffer size: 52 212001
Chunk bitrate: 52 1000000
Buffer size: 53 212001
Download Time: 812051
[00007f20bc003378] core mux error: cannot add this stream
[00007f20bc14a948] core decoder error: cannot create packetizer output (h264)
Chunk bitrate: 53 600000
Buffer size: 53 216001
Chunk bitrate: 53 600000
Buffer size: 54 216001
Download Time: 1340618
[00007f20bc003378] core mux error: cannot add this stream
[00007f20bc128908] core decoder error: cannot create packetizer output (h264)
Chunk bitrate: 54 600000
Buffer size: 55 220001
Download Time: 857209
Chunk bitrate: 55 600000
Buffer size: 56 224001
Download Time: 1021154
Chunk bitrate: 56 600000
Buffer size: 57 228001
Download Time: 773504
Chunk bitrate: 57 1000000
Buffer size: 57 232001
Chunk bitrate: 57 1000000
Buffer size: 58 232001
Download Time: 727698
[00007f20bc003378] core mux error: cannot add this stream
[00007f20bc12eb28] core decoder error: cannot create packetizer output (h264)
Chunk bitrate: 58 349952
Buffer size: 58 236001
Chunk bitrate: 58 349952
Buffer size: 59 236001
Download Time: 1135588
[00007f20bc003378] core mux error: cannot add this stream
[00007f20bc12d328] core decoder error: cannot create packetizer output (h264)
Chunk bitrate: 59 1000000
Buffer size: 59 240001
Chunk bitrate: 59 1000000
Buffer size: 60 240001
Download Time: 1989954
[00007f20bc003378] core mux error: cannot add this stream
[00007f20bc15c308] core decoder error: cannot create packetizer output (h264)
Chunk bitrate: 60 349952
Buffer size: 60 244001
Chunk bitrate: 60 349952
Buffer size: 61 244001
Download Time: 612460
[00007f20bc003378] core mux error: cannot add this stream
[00007f20bc1341c8] core decoder error: cannot create packetizer output (h264)
Chunk bitrate: 61 600000
Buffer size: 61 248001
Chunk bitrate: 61 600000
Buffer size: 62 248001
Download Time: 365937
[00007f20bc003378] core mux error: cannot add this stream
[00007f20bc0eb508] core decoder error: cannot create packetizer output (h264)
Chunk bitrate: 62 600000
Buffer size: 63 252001
Download Time: 489390
Chunk bitrate: 63 349952
Buffer size: 63 256001
Chunk bitrate: 63 349952
Buffer size: 64 256001
Download Time: 405963
[00007f20bc003378] core mux error: cannot add this stream
[00007f20bc12ad38] core decoder error: cannot create packetizer output (h264)
Chunk bitrate: 64 349952
Buffer size: 65 260001
[00007f20bc003378] ps mux: Close
[00007f20bc0d46f8] idummy demux: command `quit'
[000000000250f788] [cli] lua interface error: Error loading script /home/cs244/vlc/share/lua/intf/cli.luac: lua/intf/modules/host.lua:286: Interrupted.
