[00000000016121a8] core interface error: no suitable interface module
[0000000001549338] core libvlc error: interface "globalhotkeys,none" initialization failed
[00000000016121a8] dbus interface error: Failed to connect to the D-Bus session daemon: Unable to autolaunch a dbus-daemon without a $DISPLAY for X11
[00000000016121a8] core interface error: no suitable interface module
[0000000001549338] core libvlc error: interface "dbus,none" initialization failed
[0000000001549338] core libvlc: Running vlc with the default interface. Use 'cvlc' to use vlc without interface.
[00000000016121a8] qt interface error: Could not connect to X server
[00000000016121a8] skins2 interface error: cannot initialize OSFactory
[00007fda40003378] ps mux: Open
[00000000016121a8] [cli] lua interface: Listening on host "*console".
VLC media player 3.0.0-git Vetinari
Command Line Interface initialized. Type `help' for help.
> making a DASHManager
new ratebased adaptionlogic
Chunk bitrate: 0 349952
Buffer size: 0 0
Chunk bitrate: 0 349952
Buffer size: 0 0
[00007fda400249a8] mp4 demux: Fragment sequence discontinuity detected 0 != 2
Download Time: 732907
[00007fda4001a9e8] mp4 demux: Fragment sequence discontinuity detected 0 != 2
Startup Time: 1050000
Chunk bitrate: 0 349952
Buffer size: 1 4001
Download Time: 936364
Chunk bitrate: 1 349952
Buffer size: 2 8001
Download Time: 491328
Chunk bitrate: 2 600000
Buffer size: 2 12001
Chunk bitrate: 2 600000
Buffer size: 3 12001
Download Time: 1469251
Chunk bitrate: 3 600000
Buffer size: 4 16001
Download Time: 654123
Chunk bitrate: 4 349952
Buffer size: 4 20001
Chunk bitrate: 4 349952
Buffer size: 5 20001
Download Time: 817440
Chunk bitrate: 5 349952
Buffer size: 6 24001
Download Time: 894675
Chunk bitrate: 6 600000
Buffer size: 6 28001
Chunk bitrate: 6 600000
Buffer size: 7 28001
Download Time: 688739
Chunk bitrate: 7 349952
Buffer size: 7 32001
Chunk bitrate: 7 349952
Buffer size: 8 32001
Download Time: 450439
Chunk bitrate: 8 600000
Buffer size: 8 36001
Chunk bitrate: 8 600000
Buffer size: 9 36001
Download Time: 815342
Chunk bitrate: 9 349952
Buffer size: 9 40001
Chunk bitrate: 9 349952
Buffer size: 10 40001
Download Time: 491912
Chunk bitrate: 10 349952
Buffer size: 11 44001
Download Time: 527786
Chunk bitrate: 11 600000
Buffer size: 11 48001
Download Time: 164311
Chunk bitrate: 11 600000
Buffer size: 12 48001
Download Time: 979953
Chunk bitrate: 12 349952
Buffer size: 12 52001
Chunk bitrate: 12 349952
Buffer size: 13 52001
Download Time: 653970
Chunk bitrate: 13 600000
Buffer size: 13 56001
Chunk bitrate: 13 600000
Buffer size: 14 56001
Download Time: 735920
Chunk bitrate: 14 349952
Buffer size: 14 60001
Chunk bitrate: 14 349952
Buffer size: 15 60001
Download Time: 567847
Chunk bitrate: 15 600000
Buffer size: 15 64001
Chunk bitrate: 15 600000
Buffer size: 16 64001
Download Time: 1594062
Chunk bitrate: 16 1000000
Buffer size: 16 68001
Chunk bitrate: 16 1000000
Buffer size: 17 68001
Download Time: 1101598
Chunk bitrate: 17 600000
Buffer size: 17 72001
Chunk bitrate: 17 600000
Buffer size: 18 72001
Download Time: 899201
Chunk bitrate: 18 349952
Buffer size: 18 76001
Chunk bitrate: 18 349952
Buffer size: 19 76001
Download Time: 531079
Chunk bitrate: 19 600000
Buffer size: 19 80001
Chunk bitrate: 19 600000
Buffer size: 20 80001
Download Time: 1715288
Chunk bitrate: 20 1000000
Buffer size: 20 84001
Chunk bitrate: 20 1000000
Buffer size: 21 84001
Download Time: 1101959
[00007fda40003378] core mux error: cannot add this stream
[00007fda400d5878] core decoder error: cannot create packetizer output (h264)
Chunk bitrate: 21 600000
Buffer size: 21 88001
Chunk bitrate: 21 600000
Buffer size: 22 88001
Download Time: 1103416
[00007fda40003378] core mux error: cannot add this stream
[00007fda400b7eb8] core decoder error: cannot create packetizer output (h264)
Chunk bitrate: 22 600000
Buffer size: 23 92001
Download Time: 1221425
Chunk bitrate: 23 600000
Buffer size: 24 96001
Download Time: 1102479
Chunk bitrate: 24 349952
Buffer size: 24 100001
Chunk bitrate: 24 349952
Buffer size: 25 100001
Download Time: 532633
[00007fda40003378] core mux error: cannot add this stream
[00007fda400cb7f8] core decoder error: cannot create packetizer output (h264)
Chunk bitrate: 25 349952
Buffer size: 26 104001
Download Time: 485489
Chunk bitrate: 26 349952
Buffer size: 27 108001
Download Time: 535916
Chunk bitrate: 27 349952
Buffer size: 28 112001
Download Time: 1017751
Chunk bitrate: 28 349952
Buffer size: 29 116001
Download Time: 692177
Chunk bitrate: 29 349952
Buffer size: 30 120001
Download Time: 804944
Chunk bitrate: 30 600000
Buffer size: 30 124001
Chunk bitrate: 30 600000
Buffer size: 31 124001
Download Time: 1226774
[00007fda40003378] core mux error: cannot add this stream
[00007fda400db248] core decoder error: cannot create packetizer output (h264)
Chunk bitrate: 31 349952
Buffer size: 31 128001
Chunk bitrate: 31 349952
Buffer size: 32 128001
Download Time: 735488
[00007fda40003378] core mux error: cannot add this stream
[00007fda400cf298] core decoder error: cannot create packetizer output (h264)
Chunk bitrate: 32 600000
Buffer size: 32 132001
Chunk bitrate: 32 600000
Buffer size: 33 132001
Download Time: 1013676
[00007fda40003378] core mux error: cannot add this stream
[00007fda400ebba8] core decoder error: cannot create packetizer output (h264)
Chunk bitrate: 33 1000000
Buffer size: 33 136001
Chunk bitrate: 33 1000000
Buffer size: 34 136001
Download Time: 1385815
[00007fda40003378] core mux error: cannot add this stream
[00007fda40132c68] core decoder error: cannot create packetizer output (h264)
Chunk bitrate: 34 600000
Buffer size: 34 140001
Chunk bitrate: 34 600000
Buffer size: 35 140001
Download Time: 1228479
[00007fda40003378] core mux error: cannot add this stream
[00007fda400efbe8] core decoder error: cannot create packetizer output (h264)
Chunk bitrate: 35 349952
Buffer size: 35 144001
Chunk bitrate: 35 349952
Buffer size: 36 144001
Download Time: 1258857
[00007fda40003378] core mux error: cannot add this stream
[00007fda400d22c8] core decoder error: cannot create packetizer output (h264)
Chunk bitrate: 36 1000000
Buffer size: 36 148001
Chunk bitrate: 36 1000000
Buffer size: 37 148001
Download Time: 2612994
[00007fda40003378] core mux error: cannot add this stream
[00007fda4013c248] core decoder error: cannot create packetizer output (h264)
Chunk bitrate: 37 600000
Buffer size: 37 152001
Chunk bitrate: 37 600000
Buffer size: 38 152001
Download Time: 3220292
[00007fda40003378] core mux error: cannot add this stream
[00007fda400fdb08] core decoder error: cannot create packetizer output (h264)
Chunk bitrate: 38 349952
Buffer size: 38 156001
Chunk bitrate: 38 349952
Buffer size: 39 156001
Download Time: 610598
[00007fda40003378] core mux error: cannot add this stream
[00007fda4009eac8] core decoder error: cannot create packetizer output (h264)
Chunk bitrate: 39 1000000
Buffer size: 39 160001
Chunk bitrate: 39 1000000
Buffer size: 40 160001
Download Time: 1263572
[00007fda40003378] core mux error: cannot add this stream
[00007fda4011a078] core decoder error: cannot create packetizer output (h264)
Chunk bitrate: 40 349952
Buffer size: 40 164001
Chunk bitrate: 40 349952
Buffer size: 41 164001
Download Time: 980481
[00007fda40003378] core mux error: cannot add this stream
[00007fda400af578] core decoder error: cannot create packetizer output (h264)
Chunk bitrate: 41 349952
Buffer size: 42 168001
Download Time: 806538
Chunk bitrate: 42 600000
Buffer size: 42 172001
Chunk bitrate: 42 600000
Buffer size: 43 172001
Download Time: 895307
[00007fda40003378] core mux error: cannot add this stream
[00007fda4010d438] core decoder error: cannot create packetizer output (h264)
Chunk bitrate: 43 600000
Buffer size: 44 176001
Download Time: 932179
Chunk bitrate: 44 349952
Buffer size: 44 180001
Chunk bitrate: 44 349952
Buffer size: 45 180001
Download Time: 812463
[00007fda40003378] core mux error: cannot add this stream
[00007fda4009fc38] core decoder error: cannot create packetizer output (h264)
Chunk bitrate: 45 1000000
Buffer size: 45 184001
Chunk bitrate: 45 1000000
Buffer size: 46 184001
Download Time: 1669521
[00007fda40003378] core mux error: cannot add this stream
[00007fda401484a8] core decoder error: cannot create packetizer output (h264)
Chunk bitrate: 46 600000
Buffer size: 46 188001
Chunk bitrate: 46 600000
Buffer size: 47 188001
Download Time: 813285
[00007fda40003378] core mux error: cannot add this stream
[00007fda4010a1b8] core decoder error: cannot create packetizer output (h264)
Chunk bitrate: 47 600000
Buffer size: 48 192001
Download Time: 1015088
Chunk bitrate: 48 1000000
Buffer size: 48 196001
Chunk bitrate: 48 1000000
Buffer size: 49 196001
Download Time: 1505294
[00007fda40003378] core mux error: cannot add this stream
[00007fda40151338] core decoder error: cannot create packetizer output (h264)
Chunk bitrate: 49 349952
Buffer size: 49 200001
Chunk bitrate: 49 349952
Buffer size: 50 200001
Download Time: 896627
[00007fda40003378] core mux error: cannot add this stream
[00007fda400fb8b8] core decoder error: cannot create packetizer output (h264)
Chunk bitrate: 50 600000
Buffer size: 50 204001
Chunk bitrate: 50 600000
Buffer size: 51 204001
Download Time: 1057128
[00007fda40003378] core mux error: cannot add this stream
[00007fda40118cd8] core decoder error: cannot create packetizer output (h264)
Chunk bitrate: 51 600000
Buffer size: 52 208001
Download Time: 852505
Chunk bitrate: 52 349952
Buffer size: 52 212001
Chunk bitrate: 52 349952
Buffer size: 53 212001
Download Time: 610122
[00007fda40003378] core mux error: cannot add this stream
[00007fda400e5d38] core decoder error: cannot create packetizer output (h264)
Chunk bitrate: 53 349952
Buffer size: 54 216001
Download Time: 566421
Chunk bitrate: 54 349952
Buffer size: 55 220001
Download Time: 1183630
Chunk bitrate: 55 349952
Buffer size: 56 224001
Download Time: 528935
Chunk bitrate: 56 600000
Buffer size: 56 228001
Chunk bitrate: 56 600000
Buffer size: 57 228001
Download Time: 1457954
[00007fda40003378] core mux error: cannot add this stream
[00007fda4011a1c8] core decoder error: cannot create packetizer output (h264)
Chunk bitrate: 57 349952
Buffer size: 57 232001
Chunk bitrate: 57 349952
Buffer size: 58 232001
Download Time: 323699
[00007fda40003378] core mux error: cannot add this stream
[00007fda400d58d8] core decoder error: cannot create packetizer output (h264)
Chunk bitrate: 58 349952
Buffer size: 59 236001
Download Time: 934762
Chunk bitrate: 59 349952
Buffer size: 60 240001
Download Time: 614863
Chunk bitrate: 60 600000
Buffer size: 60 244001
Chunk bitrate: 60 600000
Buffer size: 61 244001
Download Time: 1177300
[00007fda40003378] core mux error: cannot add this stream
[00007fda40136b98] core decoder error: cannot create packetizer output (h264)
Chunk bitrate: 61 600000
Buffer size: 62 248001
Download Time: 489421
Chunk bitrate: 62 600000
Buffer size: 63 252001
Download Time: 366622
Chunk bitrate: 63 600000
Buffer size: 64 256001
Download Time: 610000
Chunk bitrate: 64 600000
Buffer size: 65 260001
[00007fda40003378] ps mux: Close
[00007fda3c001508] idummy demux: command `quit'
[00000000016121a8] [cli] lua interface error: Error loading script /home/cs244/vlc/share/lua/intf/cli.luac: lua/intf/modules/host.lua:286: Interrupted.
