[0000000001f021a8] core interface error: no suitable interface module
[0000000001e39338] core libvlc error: interface "globalhotkeys,none" initialization failed
[0000000001f021a8] dbus interface error: Failed to connect to the D-Bus session daemon: Unable to autolaunch a dbus-daemon without a $DISPLAY for X11
[0000000001f021a8] core interface error: no suitable interface module
[0000000001e39338] core libvlc error: interface "dbus,none" initialization failed
[0000000001e39338] core libvlc: Running vlc with the default interface. Use 'cvlc' to use vlc without interface.
[0000000001f021a8] qt interface error: Could not connect to X server
[0000000001f021a8] skins2 interface error: cannot initialize OSFactory
[0000000001f021a8] [cli] lua interface: Listening on host "*console".
VLC media player 3.0.0-git Vetinari
Command Line Interface initialized. Type `help' for help.
> [00007f5488003378] ps mux: Open
making a DASHManager
new ratebased adaptionlogic
Chunk bitrate: 0 349952
Buffer size: 0 0
Chunk bitrate: 0 349952
Buffer size: 0 0
[00007f5488019198] mp4 demux: Fragment sequence discontinuity detected 0 != 2
Download Time: 849057
[00007f5488018fc8] mp4 demux: Fragment sequence discontinuity detected 0 != 2
Startup Time: 1050000
Chunk bitrate: 0 349952
Buffer size: 1 4001
Download Time: 716039
Chunk bitrate: 1 349952
Buffer size: 2 8001
Download Time: 552868
Chunk bitrate: 2 600000
Buffer size: 2 12001
Chunk bitrate: 2 600000
Buffer size: 3 12001
Download Time: 1233683
Chunk bitrate: 3 349952
Buffer size: 3 16001
Chunk bitrate: 3 349952
Buffer size: 4 16001
Download Time: 775535
Chunk bitrate: 4 600000
Buffer size: 4 20001
Download Time: 227278
Chunk bitrate: 4 600000
Buffer size: 5 20001
Download Time: 942150
Chunk bitrate: 5 600000
Buffer size: 6 24001
Download Time: 915253
Chunk bitrate: 6 600000
Buffer size: 7 28001
Download Time: 874463
Chunk bitrate: 7 600000
Buffer size: 8 32001
Download Time: 1203411
Chunk bitrate: 8 600000
Buffer size: 9 36001
Download Time: 1238778
Chunk bitrate: 9 349952
Buffer size: 9 40001
Chunk bitrate: 9 349952
Buffer size: 10 40001
Download Time: 525156
Chunk bitrate: 10 1000000
Buffer size: 10 44001
Chunk bitrate: 10 1000000
Buffer size: 11 44001
Download Time: 1527668
Chunk bitrate: 11 349952
Buffer size: 11 48001
Chunk bitrate: 11 349952
Buffer size: 12 48001
Download Time: 682897
Chunk bitrate: 12 1000000
Buffer size: 12 52001
Chunk bitrate: 12 1000000
Buffer size: 13 52001
Download Time: 1492879
Chunk bitrate: 13 1000000
Buffer size: 14 56001
Download Time: 1384792
Chunk bitrate: 14 1000000
Buffer size: 15 60001
Download Time: 1255119
Chunk bitrate: 15 600000
Buffer size: 15 64001
Chunk bitrate: 15 600000
Buffer size: 16 64001
Download Time: 814243
Chunk bitrate: 16 349952
Buffer size: 16 68001
Chunk bitrate: 16 349952
Buffer size: 17 68001
Download Time: 648359
Chunk bitrate: 17 600000
Buffer size: 17 72001
Chunk bitrate: 17 600000
Buffer size: 18 72001
Download Time: 813193
Chunk bitrate: 18 600000
Buffer size: 19 76001
Download Time: 780472
Chunk bitrate: 19 600000
Buffer size: 20 80001
Download Time: 883024
Chunk bitrate: 20 600000
Buffer size: 21 84001
Download Time: 748003
Chunk bitrate: 21 600000
Buffer size: 22 88001
Download Time: 1008528
Chunk bitrate: 22 349952
Buffer size: 22 92001
Download Time: 553198
Chunk bitrate: 22 349952
Buffer size: 23 92001
Download Time: 973013
Chunk bitrate: 23 349952
Buffer size: 24 96001
Download Time: 747291
Chunk bitrate: 24 600000
Buffer size: 24 100001
Chunk bitrate: 24 600000
Buffer size: 25 100001
Download Time: 844187
Chunk bitrate: 25 600000
Buffer size: 26 104001
Download Time: 1163832
Chunk bitrate: 26 1000000
Buffer size: 26 108001
Chunk bitrate: 26 1000000
Buffer size: 27 108001
Download Time: 1107356
Chunk bitrate: 27 349952
Buffer size: 27 112001
Chunk bitrate: 27 349952
Buffer size: 28 112001
Download Time: 1691752
Chunk bitrate: 28 600000
Buffer size: 28 116001
Chunk bitrate: 28 600000
Buffer size: 29 116001
Download Time: 1137918
Chunk bitrate: 29 600000
Buffer size: 30 120001
Download Time: 782279
Chunk bitrate: 30 1000000
Buffer size: 30 124001
Chunk bitrate: 30 1000000
Buffer size: 31 124001
Download Time: 1236830
[00007f5488003378] core mux error: cannot add this stream
[00007f54880d0d98] core decoder error: cannot create packetizer output (h264)
Chunk bitrate: 31 600000
Buffer size: 31 128001
Chunk bitrate: 31 600000
Buffer size: 32 128001
Download Time: 844265
[00007f5488003378] core mux error: cannot add this stream
[00007f54880ee3c8] core decoder error: cannot create packetizer output (h264)
Chunk bitrate: 32 349952
Buffer size: 32 132001
Chunk bitrate: 32 349952
Buffer size: 33 132001
Download Time: 556461
[00007f5488003378] core mux error: cannot add this stream
[00007f5488057658] core decoder error: cannot create packetizer output (h264)
Chunk bitrate: 33 349952
Buffer size: 34 136001
Download Time: 714011
Chunk bitrate: 34 349952
Buffer size: 35 140001
Download Time: 680410
Chunk bitrate: 35 600000
Buffer size: 35 144001
Chunk bitrate: 35 600000
Buffer size: 36 144001
Download Time: 756786
[00007f5488003378] core mux error: cannot add this stream
[00007f54880e6118] core decoder error: cannot create packetizer output (h264)
Chunk bitrate: 36 349952
Buffer size: 36 148001
Download Time: 159396
Chunk bitrate: 36 349952
Buffer size: 37 148001
Download Time: 620501
[00007f5488003378] core mux error: cannot add this stream
[00007f54880e0ef8] core decoder error: cannot create packetizer output (h264)
Chunk bitrate: 37 1000000
Buffer size: 37 152001
Chunk bitrate: 37 1000000
Buffer size: 38 152001
Download Time: 1662196
[00007f5488003378] core mux error: cannot add this stream
[00007f5488133358] core decoder error: cannot create packetizer output (h264)
Chunk bitrate: 38 1000000
Buffer size: 39 156001
Download Time: 1407190
Chunk bitrate: 39 349952
Buffer size: 39 160001
Chunk bitrate: 39 349952
Buffer size: 40 160001
Download Time: 612797
[00007f5488003378] core mux error: cannot add this stream
[00007f54880d32d8] core decoder error: cannot create packetizer output (h264)
Chunk bitrate: 40 600000
Buffer size: 40 164001
Chunk bitrate: 40 600000
Buffer size: 41 164001
Download Time: 1233020
[00007f5488003378] core mux error: cannot add this stream
[00007f548810a148] core decoder error: cannot create packetizer output (h264)
Chunk bitrate: 41 600000
Buffer size: 42 168001
Download Time: 1040324
Chunk bitrate: 42 349952
Buffer size: 42 172001
Chunk bitrate: 42 349952
Buffer size: 43 172001
Download Time: 584679
[00007f5488003378] core mux error: cannot add this stream
[00007f54880caea8] core decoder error: cannot create packetizer output (h264)
Chunk bitrate: 43 600000
Buffer size: 43 176001
Chunk bitrate: 43 600000
Buffer size: 44 176001
Download Time: 845581
[00007f5488003378] core mux error: cannot add this stream
[00007f54881028a8] core decoder error: cannot create packetizer output (h264)
Chunk bitrate: 44 1000000
Buffer size: 44 180001
Chunk bitrate: 44 1000000
Buffer size: 45 180001
Download Time: 1367910
[00007f5488003378] core mux error: cannot add this stream
[00007f548813aab8] core decoder error: cannot create packetizer output (h264)
Chunk bitrate: 45 600000
Buffer size: 45 184001
Chunk bitrate: 45 600000
Buffer size: 46 184001
Download Time: 1302433
[00007f5488003378] core mux error: cannot add this stream
[00007f548810ddf8] core decoder error: cannot create packetizer output (h264)
Chunk bitrate: 46 600000
Buffer size: 47 188001
Download Time: 813219
Chunk bitrate: 47 349952
Buffer size: 47 192001
Chunk bitrate: 47 349952
Buffer size: 48 192001
Download Time: 486538
[00007f5488003378] core mux error: cannot add this stream
[00007f548808d048] core decoder error: cannot create packetizer output (h264)
Chunk bitrate: 48 349952
Buffer size: 49 196001
Download Time: 652190
Chunk bitrate: 49 349952
Buffer size: 50 200001
Download Time: 521585
Chunk bitrate: 50 349952
Buffer size: 51 204001
Download Time: 553071
Chunk bitrate: 51 600000
Buffer size: 51 208001
Chunk bitrate: 51 600000
Buffer size: 52 208001
Download Time: 974511
Download Time: 290447
[00007f5488003378] core mux error: cannot add this stream
[00007f548811ac88] core decoder error: cannot create packetizer output (h264)
Chunk bitrate: 52 600000
Buffer size: 53 212001
Download Time: 1017355
Chunk bitrate: 53 349952
Buffer size: 53 216001
Chunk bitrate: 53 349952
Buffer size: 54 216001
Download Time: 680573
[00007f5488003378] core mux error: cannot add this stream
[00007f548810e258] core decoder error: cannot create packetizer output (h264)
Chunk bitrate: 54 600000
Buffer size: 54 220001
Chunk bitrate: 54 600000
Buffer size: 55 220001
Download Time: 1136254
[00007f5488003378] core mux error: cannot add this stream
[00007f54881282c8] core decoder error: cannot create packetizer output (h264)
Chunk bitrate: 55 1000000
Buffer size: 55 224001
Chunk bitrate: 55 1000000
Buffer size: 56 224001
Download Time: 1270892
[00007f5488003378] core mux error: cannot add this stream
[00007f54880a2198] core decoder error: cannot create packetizer output (h264)
Chunk bitrate: 56 600000
Buffer size: 56 228001
Chunk bitrate: 56 600000
Buffer size: 57 228001
Download Time: 843074
[00007f5488003378] core mux error: cannot add this stream
[00007f5488113358] core decoder error: cannot create packetizer output (h264)
Chunk bitrate: 57 349952
Buffer size: 57 232001
Chunk bitrate: 57 349952
Buffer size: 58 232001
Download Time: 387093
[00007f5488003378] core mux error: cannot add this stream
[00007f54880b0178] core decoder error: cannot create packetizer output (h264)
Chunk bitrate: 58 600000
Buffer size: 58 236001
Chunk bitrate: 58 600000
Buffer size: 59 236001
Download Time: 1465549
[00007f5488003378] core mux error: cannot add this stream
[00007f54880d99e8] core decoder error: cannot create packetizer output (h264)
Chunk bitrate: 59 600000
Buffer size: 60 240001
Download Time: 844438
Chunk bitrate: 60 1000000
Buffer size: 60 244001
Chunk bitrate: 60 1000000
Buffer size: 61 244001
Download Time: 1461102
[00007f5488003378] core mux error: cannot add this stream
[00007f548815e878] core decoder error: cannot create packetizer output (h264)
Chunk bitrate: 61 600000
Buffer size: 61 248001
Chunk bitrate: 61 600000
Buffer size: 62 248001
Download Time: 454096
[00007f5488003378] core mux error: cannot add this stream
[00007f548810a5c8] core decoder error: cannot create packetizer output (h264)
Chunk bitrate: 62 600000
Buffer size: 63 252001
Download Time: 327102
Chunk bitrate: 63 600000
Buffer size: 64 256001
Download Time: 619216
Chunk bitrate: 64 600000
Buffer size: 65 260001
[00007f5488003378] ps mux: Close
[00007f5480000e98] idummy demux: command `quit'
[0000000001f021a8] [cli] lua interface error: Error loading script /home/cs244/vlc/share/lua/intf/cli.luac: lua/intf/modules/host.lua:286: Interrupted.
