[0000000000963788] core interface error: no suitable interface module
[00000000008a1338] core libvlc error: interface "globalhotkeys,none" initialization failed
[0000000000963788] dbus interface error: Failed to connect to the D-Bus session daemon: Unable to autolaunch a dbus-daemon without a $DISPLAY for X11
[0000000000963788] core interface error: no suitable interface module
[00000000008a1338] core libvlc error: interface "dbus,none" initialization failed
[00000000008a1338] core libvlc: Running vlc with the default interface. Use 'cvlc' to use vlc without interface.
[0000000000963788] qt interface error: Could not connect to X server
[0000000000963788] skins2 interface error: cannot initialize OSFactory
[0000000000963788] [cli] lua interface: Listening on host "*console".
VLC media player 3.0.0-git Vetinari
Command Line Interface initialized. Type `help' for help.
> [00007ff2bc003378] ps mux: Open
making a DASHManager
new ratebased adaptionlogic
Chunk bitrate: 0 349952
Buffer size: 0 0
Chunk bitrate: 0 349952
Buffer size: 0 0
[00007ff2bc0237c8] mp4 demux: Fragment sequence discontinuity detected 0 != 2
Download Time: 1037119
[00007ff2bc016cd8] mp4 demux: Fragment sequence discontinuity detected 0 != 2
Startup Time: 1050000
Chunk bitrate: 0 600000
Buffer size: 0 4001
Chunk bitrate: 0 600000
Buffer size: 1 4001
Download Time: 854229
Chunk bitrate: 1 600000
Buffer size: 2 8001
Download Time: 817917
Chunk bitrate: 2 349952
Buffer size: 2 12001
Chunk bitrate: 2 349952
Buffer size: 3 12001
Download Time: 1583200
Chunk bitrate: 3 349952
Buffer size: 4 16001
Download Time: 764723
Chunk bitrate: 4 600000
Buffer size: 4 20001
Chunk bitrate: 4 600000
Buffer size: 5 20001
Download Time: 941365
Chunk bitrate: 5 1000000
Buffer size: 5 24001
Chunk bitrate: 5 1000000
Buffer size: 6 24001
Download Time: 1597240
Chunk bitrate: 6 349952
Buffer size: 6 28001
Chunk bitrate: 6 349952
Buffer size: 7 28001
Download Time: 528819
Chunk bitrate: 7 600000
Buffer size: 7 32001
Chunk bitrate: 7 600000
Buffer size: 8 32001
Download Time: 897026
Chunk bitrate: 8 600000
Buffer size: 9 36001
Download Time: 892827
Chunk bitrate: 9 600000
Buffer size: 10 40001
Download Time: 935007
Chunk bitrate: 10 349952
Buffer size: 10 44001
Chunk bitrate: 10 349952
Buffer size: 11 44001
Download Time: 728450
Chunk bitrate: 11 349952
Buffer size: 12 48001
Download Time: 610490
Chunk bitrate: 12 1000000
Buffer size: 12 52001
Chunk bitrate: 12 1000000
Buffer size: 13 52001
Download Time: 1224793
Chunk bitrate: 13 600000
Buffer size: 13 56001
Chunk bitrate: 13 600000
Buffer size: 14 56001
Download Time: 1097085
Chunk bitrate: 14 600000
Buffer size: 15 60001
Download Time: 975875
Chunk bitrate: 15 349952
Buffer size: 15 64001
Chunk bitrate: 15 349952
Buffer size: 16 64001
Download Time: 567704
Chunk bitrate: 16 600000
Buffer size: 16 68001
Chunk bitrate: 16 600000
Buffer size: 17 68001
Download Time: 614917
Chunk bitrate: 17 1000000
Buffer size: 17 72001
Chunk bitrate: 17 1000000
Buffer size: 18 72001
Download Time: 1588976
Chunk bitrate: 18 349952
Buffer size: 18 76001
Chunk bitrate: 18 349952
Buffer size: 19 76001
Download Time: 489344
Chunk bitrate: 19 600000
Buffer size: 19 80001
Chunk bitrate: 19 600000
Buffer size: 20 80001
Download Time: 1260085
Chunk bitrate: 20 600000
Buffer size: 21 84001
Download Time: 814883
Chunk bitrate: 21 349952
Buffer size: 21 88001
Chunk bitrate: 21 349952
Buffer size: 22 88001
Download Time: 1380728
Chunk bitrate: 22 349952
Buffer size: 23 92001
Download Time: 650879
Chunk bitrate: 23 349952
Buffer size: 24 96001
Download Time: 611339
Chunk bitrate: 24 600000
Buffer size: 24 100001
Chunk bitrate: 24 600000
Buffer size: 25 100001
Download Time: 1097678
[00007ff2bc003378] core mux error: cannot add this stream
[00007ff2bc0d6ee8] core decoder error: cannot create packetizer output (h264)
Chunk bitrate: 25 1000000
Buffer size: 25 104001
Chunk bitrate: 25 1000000
Buffer size: 26 104001
Download Time: 1341888
[00007ff2bc003378] core mux error: cannot add this stream
[00007ff2bc02e948] core decoder error: cannot create packetizer output (h264)
Chunk bitrate: 26 349952
Buffer size: 26 108001
Chunk bitrate: 26 349952
Buffer size: 27 108001
Download Time: 322856
[00007ff2bc003378] core mux error: cannot add this stream
[00007ff2bc092e68] core decoder error: cannot create packetizer output (h264)
Chunk bitrate: 27 1000000
Buffer size: 27 112001
Chunk bitrate: 27 1000000
Buffer size: 28 112001
Download Time: 1135057
[00007ff2bc003378] core mux error: cannot add this stream
[00007ff2bc086cd8] core decoder error: cannot create packetizer output (h264)
Chunk bitrate: 28 600000
Buffer size: 28 116001
Chunk bitrate: 28 600000
Buffer size: 29 116001
Download Time: 972650
[00007ff2bc003378] core mux error: cannot add this stream
[00007ff2bc0ed038] core decoder error: cannot create packetizer output (h264)
Chunk bitrate: 29 600000
Buffer size: 30 120001
Download Time: 1013188
Chunk bitrate: 30 600000
Buffer size: 31 124001
Download Time: 857573
Chunk bitrate: 31 1000000
Buffer size: 31 128001
Chunk bitrate: 31 1000000
Buffer size: 32 128001
Download Time: 2893197
[00007ff2bc003378] core mux error: cannot add this stream
[00007ff2bc1372e8] core decoder error: cannot create packetizer output (h264)
Chunk bitrate: 32 1000000
Buffer size: 33 132001
Download Time: 1670513
Chunk bitrate: 33 600000
Buffer size: 33 136001
Chunk bitrate: 33 600000
Buffer size: 34 136001
Download Time: 861415
[00007ff2bc003378] core mux error: cannot add this stream
[00007ff2bc0dc328] core decoder error: cannot create packetizer output (h264)
Chunk bitrate: 34 349952
Buffer size: 34 140001
Chunk bitrate: 34 349952
Buffer size: 35 140001
Download Time: 855441
[00007ff2bc003378] core mux error: cannot add this stream
[00007ff2bc0bf2d8] core decoder error: cannot create packetizer output (h264)
Chunk bitrate: 35 600000
Buffer size: 35 144001
Chunk bitrate: 35 600000
Buffer size: 36 144001
Download Time: 815279
[00007ff2bc003378] core mux error: cannot add this stream
[00007ff2bc0d7dd8] core decoder error: cannot create packetizer output (h264)
Chunk bitrate: 36 600000
Buffer size: 37 148001
Download Time: 1718013
Chunk bitrate: 37 600000
Buffer size: 38 152001
Download Time: 849623
Chunk bitrate: 38 2000000
Buffer size: 38 156001
Chunk bitrate: 38 2000000
Buffer size: 39 156001
Download Time: 2650078
[00007ff2bc003378] core mux error: cannot add this stream
[00007ff2bc084128] core decoder error: cannot create packetizer output (h264)
Chunk bitrate: 39 349952
Buffer size: 39 160001
Chunk bitrate: 39 349952
Buffer size: 40 160001
Download Time: 574285
[00007ff2bc003378] core mux error: cannot add this stream
[00007ff2bc0f6948] core decoder error: cannot create packetizer output (h264)
Chunk bitrate: 40 1000000
Buffer size: 40 164001
Chunk bitrate: 40 1000000
Buffer size: 41 164001
Download Time: 1591498
[00007ff2bc003378] core mux error: cannot add this stream
[00007ff2bc1442f8] core decoder error: cannot create packetizer output (h264)
Chunk bitrate: 41 349952
Buffer size: 41 168001
Chunk bitrate: 41 349952
Buffer size: 42 168001
Download Time: 848445
[00007ff2bc003378] core mux error: cannot add this stream
[00007ff2bc13b358] core decoder error: cannot create packetizer output (h264)
Chunk bitrate: 42 600000
Buffer size: 42 172001
Chunk bitrate: 42 600000
Buffer size: 43 172001
Download Time: 977998
[00007ff2bc003378] core mux error: cannot add this stream
[00007ff2bc109f98] core decoder error: cannot create packetizer output (h264)
Chunk bitrate: 43 349952
Buffer size: 43 176001
Chunk bitrate: 43 349952
Buffer size: 44 176001
Download Time: 655816
[00007ff2bc003378] core mux error: cannot add this stream
[00007ff2bc106a98] core decoder error: cannot create packetizer output (h264)
Chunk bitrate: 44 349952
Buffer size: 45 180001
Download Time: 532888
Chunk bitrate: 45 600000
Buffer size: 45 184001
Chunk bitrate: 45 600000
Buffer size: 46 184001
Download Time: 936675
[00007ff2bc003378] core mux error: cannot add this stream
[00007ff2bc1169c8] core decoder error: cannot create packetizer output (h264)
Chunk bitrate: 46 1000000
Buffer size: 46 188001
Chunk bitrate: 46 1000000
Buffer size: 47 188001
Download Time: 1822541
[00007ff2bc003378] core mux error: cannot add this stream
[00007ff2bc1162f8] core decoder error: cannot create packetizer output (h264)
Chunk bitrate: 47 1000000
Buffer size: 48 192001
Download Time: 493332
Download Time: 1099454
Chunk bitrate: 48 349952
Buffer size: 48 196001
Download Time: 242150
Chunk bitrate: 48 349952
Buffer size: 49 196001
Download Time: 848767
[00007ff2bc003378] core mux error: cannot add this stream
[00007ff2bc10dd28] core decoder error: cannot create packetizer output (h264)
Chunk bitrate: 49 1000000
Buffer size: 49 200001
Chunk bitrate: 49 1000000
Buffer size: 50 200001
Download Time: 1506410
[00007ff2bc003378] core mux error: cannot add this stream
[00007ff2bc139c18] core decoder error: cannot create packetizer output (h264)
Chunk bitrate: 50 600000
Buffer size: 50 204001
Chunk bitrate: 50 600000
Buffer size: 51 204001
Download Time: 1218243
[00007ff2bc003378] core mux error: cannot add this stream
[00007ff2bc13c7a8] core decoder error: cannot create packetizer output (h264)
Chunk bitrate: 51 600000
Buffer size: 52 208001
Download Time: 1090101
Chunk bitrate: 52 1000000
Buffer size: 52 212001
Chunk bitrate: 52 1000000
Buffer size: 53 212001
Download Time: 2267827
[00007ff2bc003378] core mux error: cannot add this stream
[00007ff2bc1387e8] core decoder error: cannot create packetizer output (h264)
Chunk bitrate: 53 349952
Buffer size: 53 216001
Chunk bitrate: 53 349952
Buffer size: 54 216001
Download Time: 643924
[00007ff2bc003378] core mux error: cannot add this stream
[00007ff2bc0e2348] core decoder error: cannot create packetizer output (h264)
Chunk bitrate: 54 600000
Buffer size: 54 220001
Chunk bitrate: 54 600000
Buffer size: 55 220001
Download Time: 1672166
[00007ff2bc003378] core mux error: cannot add this stream
[00007ff2bc11dd48] core decoder error: cannot create packetizer output (h264)
Chunk bitrate: 55 349952
Buffer size: 55 224001
Download Time: 245057
Chunk bitrate: 55 349952
Buffer size: 56 224001
Download Time: 1540327
[00007ff2bc003378] core mux error: cannot add this stream
[00007ff2bc0c39b8] core decoder error: cannot create packetizer output (h264)
Chunk bitrate: 56 349952
Buffer size: 57 228001
Download Time: 772747
Chunk bitrate: 57 600000
Buffer size: 57 232001
Chunk bitrate: 57 600000
Buffer size: 58 232001
Download Time: 449778
[00007ff2bc003378] core mux error: cannot add this stream
[00007ff2bc0f2f98] core decoder error: cannot create packetizer output (h264)
Chunk bitrate: 58 1000000
Buffer size: 58 236001
Download Time: 111273
Chunk bitrate: 58 1000000
Buffer size: 59 236001
Download Time: 1182308
[00007ff2bc003378] core mux error: cannot add this stream
[00007ff2bc0824f8] core decoder error: cannot create packetizer output (h264)
Chunk bitrate: 59 600000
Buffer size: 59 240001
Chunk bitrate: 59 600000
Buffer size: 60 240001
Download Time: 975987
[00007ff2bc003378] core mux error: cannot add this stream
[00007ff2bc124e98] core decoder error: cannot create packetizer output (h264)
Chunk bitrate: 60 600000
Buffer size: 61 244001
Download Time: 1347672
Chunk bitrate: 61 349952
Buffer size: 61 248001
Chunk bitrate: 61 349952
Buffer size: 62 248001
Download Time: 284758
[00007ff2bc003378] core mux error: cannot add this stream
[00007ff2bc101728] core decoder error: cannot create packetizer output (h264)
Chunk bitrate: 62 600000
Buffer size: 62 252001
Chunk bitrate: 62 600000
Buffer size: 63 252001
Download Time: 447275
[00007ff2bc003378] core mux error: cannot add this stream
[00007ff2bc03cd08] core decoder error: cannot create packetizer output (h264)
Chunk bitrate: 63 349952
Buffer size: 63 256001
Chunk bitrate: 63 349952
Buffer size: 64 256001
Download Time: 485348
[00007ff2bc003378] core mux error: cannot add this stream
[00007ff2bc0dade8] core decoder error: cannot create packetizer output (h264)
Chunk bitrate: 64 349952
Buffer size: 65 260001
[00007ff2bc003378] ps mux: Close
[00007ff2b8001558] idummy demux: command `quit'
[0000000000963788] [cli] lua interface error: Error loading script /home/cs244/vlc/share/lua/intf/cli.luac: lua/intf/modules/host.lua:286: Interrupted.
