[00000000024791e8] core interface error: no suitable interface module
[00000000023b0338] core libvlc error: interface "globalhotkeys,none" initialization failed
[00000000024791e8] dbus interface error: Failed to connect to the D-Bus session daemon: Unable to autolaunch a dbus-daemon without a $DISPLAY for X11
[00000000024791e8] core interface error: no suitable interface module
[00000000023b0338] core libvlc error: interface "dbus,none" initialization failed
[00000000023b0338] core libvlc: Running vlc with the default interface. Use 'cvlc' to use vlc without interface.
[00000000024791e8] qt interface error: Could not connect to X server
[00000000024791e8] skins2 interface error: cannot initialize OSFactory
[00000000024791e8] [cli] lua interface: Listening on host "*console".
VLC media player 3.0.0-git Vetinari
Command Line Interface initialized. Type `help' for help.
> [00007ff00c003378] ps mux: Open
making a DASHManager
new ratebased adaptionlogic
Chunk bitrate: 0 349952
Buffer size: 0 0
Chunk bitrate: 0 349952
Buffer size: 0 0
[00007ff00c024648] mp4 demux: Fragment sequence discontinuity detected 0 != 2
Download Time: 1753307
[00007ff00c0274f8] mp4 demux: Fragment sequence discontinuity detected 0 != 2
Startup Time: 1050000
Chunk bitrate: 0 349952
Buffer size: 1 4001
Download Time: 1665355
Chunk bitrate: 1 349952
Buffer size: 2 8001
Download Time: 1386911
Chunk bitrate: 2 349952
Buffer size: 3 12001
Download Time: 1665463
Chunk bitrate: 3 349952
Buffer size: 4 16001
Download Time: 1264030
Chunk bitrate: 4 349952
Buffer size: 5 20001
Download Time: 2371509
Chunk bitrate: 5 349952
Buffer size: 6 24001
Download Time: 1140022
Chunk bitrate: 6 349952
Buffer size: 7 28001
Download Time: 1546470
Chunk bitrate: 7 349952
Buffer size: 8 32001
Download Time: 1506564
Chunk bitrate: 8 349952
Buffer size: 9 36001
Download Time: 1834338
Chunk bitrate: 9 349952
Buffer size: 10 40001
Download Time: 1581500
Chunk bitrate: 10 349952
Buffer size: 11 44001
Download Time: 1464776
Chunk bitrate: 11 349952
Buffer size: 12 48001
Download Time: 1634058
Chunk bitrate: 12 349952
Buffer size: 13 52001
Download Time: 1353468
Chunk bitrate: 13 349952
Buffer size: 14 56001
Download Time: 1387387
Chunk bitrate: 14 349952
Buffer size: 15 60001
Download Time: 1348727
Chunk bitrate: 15 349952
Buffer size: 16 64001
Download Time: 1549878
Chunk bitrate: 16 349952
Buffer size: 17 68001
Download Time: 1505243
Chunk bitrate: 17 349952
Buffer size: 18 72001
Download Time: 1549901
Chunk bitrate: 18 349952
Buffer size: 19 76001
Download Time: 1015242
Chunk bitrate: 19 349952
Buffer size: 20 80001
Download Time: 1591129
Chunk bitrate: 20 349952
Buffer size: 21 84001
Download Time: 1377594
Chunk bitrate: 21 349952
Buffer size: 22 88001
Download Time: 1345645
Chunk bitrate: 22 349952
Buffer size: 23 92001
Download Time: 1707978
Chunk bitrate: 23 349952
Buffer size: 24 96001
Download Time: 1793168
Chunk bitrate: 24 349952
Buffer size: 25 100001
Download Time: 1343317
Chunk bitrate: 25 349952
Buffer size: 26 104001
Download Time: 1511359
Chunk bitrate: 26 349952
Buffer size: 27 108001
Download Time: 976620
Chunk bitrate: 27 349952
Buffer size: 28 112001
Download Time: 1831801
Chunk bitrate: 28 349952
Buffer size: 29 116001
Download Time: 1669316
Chunk bitrate: 29 349952
Buffer size: 30 120001
Download Time: 1343282
Chunk bitrate: 30 349952
Buffer size: 31 124001
Download Time: 1381865
Chunk bitrate: 31 349952
Buffer size: 32 128001
Download Time: 1541181
Chunk bitrate: 32 349952
Buffer size: 33 132001
Download Time: 1428154
Chunk bitrate: 33 349952
Buffer size: 34 136001
Download Time: 1817428
Chunk bitrate: 34 349952
Buffer size: 35 140001
Download Time: 1548452
Chunk bitrate: 35 349952
Buffer size: 36 144001
Download Time: 1345298
Chunk bitrate: 36 349952
Buffer size: 37 148001
Download Time: 1419706
Chunk bitrate: 37 349952
Buffer size: 38 152001
Download Time: 1464391
Chunk bitrate: 38 600000
Buffer size: 38 156001
Chunk bitrate: 38 600000
Buffer size: 39 156001
Download Time: 2122201
Chunk bitrate: 39 349952
Buffer size: 39 160001
Chunk bitrate: 39 349952
Buffer size: 40 160001
Download Time: 1298974
Chunk bitrate: 40 349952
Buffer size: 41 164001
Download Time: 2108652
Chunk bitrate: 41 349952
Buffer size: 42 168001
Download Time: 1870300
Chunk bitrate: 42 349952
Buffer size: 43 172001
Download Time: 1501544
Chunk bitrate: 43 349952
Buffer size: 44 176001
Download Time: 1508237
Chunk bitrate: 44 349952
Buffer size: 45 180001
Download Time: 1340554
Chunk bitrate: 45 349952
Buffer size: 46 184001
Download Time: 1460876
Chunk bitrate: 46 349952
Buffer size: 47 188001
Download Time: 1344354
Chunk bitrate: 47 349952
Buffer size: 48 192001
Download Time: 1420986
Chunk bitrate: 48 349952
Buffer size: 49 196001
Download Time: 1465283
Chunk bitrate: 49 349952
Buffer size: 50 200001
Download Time: 1508338
Chunk bitrate: 50 349952
Buffer size: 51 204001
Download Time: 1544931
Chunk bitrate: 51 349952
Buffer size: 52 208001
Download Time: 1507162
Chunk bitrate: 52 349952
Buffer size: 53 212001
Download Time: 1432862
Chunk bitrate: 53 349952
Buffer size: 54 216001
Download Time: 1345703
Chunk bitrate: 54 349952
Buffer size: 55 220001
Download Time: 1542055
Chunk bitrate: 55 349952
Buffer size: 56 224001
Download Time: 1302879
Chunk bitrate: 56 349952
Buffer size: 57 228001
Download Time: 1624929
Chunk bitrate: 57 349952
Buffer size: 58 232001
Download Time: 606810
Chunk bitrate: 58 349952
Buffer size: 59 236001
Download Time: 1749397
Chunk bitrate: 59 349952
Buffer size: 60 240001
Download Time: 1938945
Chunk bitrate: 60 349952
Buffer size: 61 244001
Download Time: 1544845
Chunk bitrate: 61 349952
Buffer size: 62 248001
Download Time: 856519
Chunk bitrate: 62 349952
Buffer size: 63 252001
Download Time: 483922
Chunk bitrate: 63 349952
Buffer size: 64 256001
Download Time: 689089
Chunk bitrate: 64 349952
Buffer size: 65 260001
[00007ff00c003378] ps mux: Close
[00007ff004000e98] idummy demux: command `quit'
[00000000024791e8] [cli] lua interface error: Error loading script /home/cs244/vlc/share/lua/intf/cli.luac: lua/intf/modules/host.lua:286: Interrupted.
