[0000000001e931e8] core interface error: no suitable interface module
[0000000001dca338] core libvlc error: interface "globalhotkeys,none" initialization failed
[0000000001e931e8] dbus interface error: Failed to connect to the D-Bus session daemon: Unable to autolaunch a dbus-daemon without a $DISPLAY for X11
[0000000001e931e8] core interface error: no suitable interface module
[0000000001dca338] core libvlc error: interface "dbus,none" initialization failed
[0000000001dca338] core libvlc: Running vlc with the default interface. Use 'cvlc' to use vlc without interface.
[0000000001e931e8] qt interface error: Could not connect to X server
[0000000001e931e8] skins2 interface error: cannot initialize OSFactory
[0000000001e931e8] [cli] lua interface: Listening on host "*console".
VLC media player 3.0.0-git Vetinari
Command Line Interface initialized. Type `help' for help.
> [00007fe000003378] ps mux: Open
making a DASHManager
new ratebased adaptionlogic
Chunk bitrate: 0 349952
Buffer size: 0 0
Chunk bitrate: 0 349952
Buffer size: 0 0
[00007fe000024378] mp4 demux: Fragment sequence discontinuity detected 0 != 2
Download Time: 293406
[00007fe0000251f8] mp4 demux: Fragment sequence discontinuity detected 0 != 2
Startup Time: 1050000
Chunk bitrate: 0 3000000
Buffer size: 0 4001
Chunk bitrate: 0 3000000
Buffer size: 1 4001
Download Time: 1327524
Chunk bitrate: 1 3000000
Buffer size: 2 8001
Download Time: 1452817
Chunk bitrate: 2 3000000
Buffer size: 3 12001
Download Time: 1170200
Chunk bitrate: 3 3000000
Buffer size: 4 16001
Download Time: 974180
Chunk bitrate: 4 3000000
Buffer size: 5 20001
Download Time: 1245463
Chunk bitrate: 5 3000000
Buffer size: 6 24001
Download Time: 843763
Chunk bitrate: 6 3000000
Buffer size: 7 28001
Download Time: 829990
Chunk bitrate: 7 3000000
Buffer size: 8 32001
Download Time: 1320544
Chunk bitrate: 8 3000000
Buffer size: 9 36001
Download Time: 967551
Chunk bitrate: 9 3000000
Buffer size: 10 40001
Download Time: 1105491
Chunk bitrate: 10 3000000
Buffer size: 11 44001
Download Time: 974115
Chunk bitrate: 11 3000000
Buffer size: 12 48001
Download Time: 1330741
Chunk bitrate: 12 3000000
Buffer size: 13 52001
Download Time: 1114539
Chunk bitrate: 13 3000000
Buffer size: 14 56001
Download Time: 941632
Chunk bitrate: 14 3000000
Buffer size: 15 60001
Download Time: 888803
Chunk bitrate: 15 3000000
Buffer size: 16 64001
Download Time: 1099046
Chunk bitrate: 16 3000000
Buffer size: 17 68001
Download Time: 913409
Chunk bitrate: 17 3000000
Buffer size: 18 72001
Download Time: 1139312
Chunk bitrate: 18 3000000
Buffer size: 19 76001
Download Time: 1137455
Chunk bitrate: 19 3000000
Buffer size: 20 80001
Download Time: 983869
Chunk bitrate: 20 3000000
Buffer size: 21 84001
Download Time: 603873
Chunk bitrate: 21 3000000
Buffer size: 22 88001
Download Time: 893789
Chunk bitrate: 22 3000000
Buffer size: 23 92001
Download Time: 1174185
Chunk bitrate: 23 3000000
Buffer size: 24 96001
Download Time: 1043559
Chunk bitrate: 24 3000000
Buffer size: 25 100001
Download Time: 1030602
Chunk bitrate: 25 3000000
Buffer size: 26 104001
Download Time: 1037786
Chunk bitrate: 26 3000000
Buffer size: 27 108001
Download Time: 621507
Chunk bitrate: 27 3000000
Buffer size: 28 112001
Download Time: 975524
Chunk bitrate: 28 3000000
Buffer size: 29 116001
Download Time: 1209232
Chunk bitrate: 29 3000000
Buffer size: 30 120001
Download Time: 754127
Chunk bitrate: 30 3000000
Buffer size: 31 124001
Download Time: 767285
Chunk bitrate: 31 3000000
Buffer size: 32 128001
Download Time: 1244737
Chunk bitrate: 32 3000000
Buffer size: 33 132001
Download Time: 1163730
Chunk bitrate: 33 3000000
Buffer size: 34 136001
Download Time: 1137521
Chunk bitrate: 34 3000000
Buffer size: 35 140001
Download Time: 1034824
Chunk bitrate: 35 3000000
Buffer size: 36 144001
Download Time: 835004
Chunk bitrate: 36 3000000
Buffer size: 37 148001
Download Time: 1581812
Chunk bitrate: 37 3000000
Buffer size: 38 152001
Download Time: 1275085
Chunk bitrate: 38 3000000
Buffer size: 39 156001
Download Time: 1011444
Chunk bitrate: 39 3000000
Buffer size: 40 160001
Download Time: 868266
Chunk bitrate: 40 3000000
Buffer size: 41 164001
Download Time: 1174883
Chunk bitrate: 41 3000000
Buffer size: 42 168001
Download Time: 976266
Chunk bitrate: 42 3000000
Buffer size: 43 172001
Download Time: 1201336
Chunk bitrate: 43 3000000
Buffer size: 44 176001
Download Time: 882592
Chunk bitrate: 44 3000000
Buffer size: 45 180001
Download Time: 1051190
Chunk bitrate: 45 3000000
Buffer size: 46 184001
Download Time: 1127128
Chunk bitrate: 46 3000000
Buffer size: 47 188001
Download Time: 1046928
Chunk bitrate: 47 3000000
Buffer size: 48 192001
Download Time: 881410
Chunk bitrate: 48 3000000
Buffer size: 49 196001
Download Time: 1739679
Chunk bitrate: 49 3000000
Buffer size: 50 200001
Download Time: 944059
Chunk bitrate: 50 3000000
Buffer size: 51 204001
Download Time: 775640
Chunk bitrate: 51 3000000
Buffer size: 52 208001
Download Time: 1136614
Chunk bitrate: 52 3000000
Buffer size: 53 212001
Download Time: 1073603
Chunk bitrate: 53 3000000
Buffer size: 54 216001
Download Time: 1139100
Chunk bitrate: 54 3000000
Buffer size: 55 220001
Download Time: 1025335
Chunk bitrate: 55 3000000
Buffer size: 56 224001
Download Time: 1121136
Chunk bitrate: 56 3000000
Buffer size: 57 228001
Download Time: 774989
Chunk bitrate: 57 3000000
Buffer size: 58 232001
Download Time: 326422
Chunk bitrate: 58 3000000
Buffer size: 59 236001
Download Time: 1687931
Chunk bitrate: 59 3000000
Buffer size: 60 240001
Download Time: 914528
Chunk bitrate: 60 3000000
Buffer size: 61 244001
Download Time: 955120
Chunk bitrate: 61 3000000
Buffer size: 62 248001
Download Time: 328804
Chunk bitrate: 62 3000000
Buffer size: 63 252001
Download Time: 227403
Chunk bitrate: 63 3000000
Buffer size: 64 256001
Download Time: 403968
Chunk bitrate: 64 3000000
Buffer size: 65 260001
[00007fe000003378] ps mux: Close
[00007fdffc032468] idummy demux: command `quit'
[0000000001e931e8] [cli] lua interface error: Error loading script /home/cs244/vlc/share/lua/intf/cli.luac: lua/intf/modules/host.lua:286: Interrupted.
