[000000000177e1a8] core interface error: no suitable interface module
[00000000016b5338] core libvlc error: interface "globalhotkeys,none" initialization failed
[000000000177e1a8] dbus interface error: Failed to connect to the D-Bus session daemon: Unable to autolaunch a dbus-daemon without a $DISPLAY for X11
[000000000177e1a8] core interface error: no suitable interface module
[00000000016b5338] core libvlc error: interface "dbus,none" initialization failed
[00000000016b5338] core libvlc: Running vlc with the default interface. Use 'cvlc' to use vlc without interface.
[000000000177e1a8] qt interface error: Could not connect to X server
[000000000177e1a8] skins2 interface error: cannot initialize OSFactory
[00007f9708003378] ps mux: Open
[000000000177e1a8] [cli] lua interface: Listening on host "*console".
VLC media player 3.0.0-git Vetinari
Command Line Interface initialized. Type `help' for help.
> making a DASHManager
new ratebased adaptionlogic
Chunk bitrate: 0 349952
Buffer size: 0 0
Chunk bitrate: 0 349952
Buffer size: 0 0
[00007f9708018f88] mp4 demux: Fragment sequence discontinuity detected 0 != 2
Download Time: 1699494
[00007f9708022738] mp4 demux: Fragment sequence discontinuity detected 0 != 2
Startup Time: 1050000
Chunk bitrate: 0 600000
Buffer size: 0 4001
Chunk bitrate: 0 600000
Buffer size: 1 4001
Download Time: 1262279
Chunk bitrate: 1 600000
Buffer size: 2 8001
Download Time: 694316
Chunk bitrate: 2 349952
Buffer size: 2 12001
Chunk bitrate: 2 349952
Buffer size: 3 12001
Download Time: 1095013
Chunk bitrate: 3 600000
Buffer size: 3 16001
Chunk bitrate: 3 600000
Buffer size: 4 16001
Download Time: 731653
Chunk bitrate: 4 600000
Buffer size: 5 20001
Download Time: 1214722
Chunk bitrate: 5 349952
Buffer size: 5 24001
Chunk bitrate: 5 349952
Buffer size: 6 24001
Download Time: 491766
Chunk bitrate: 6 600000
Buffer size: 6 28001
Chunk bitrate: 6 600000
Buffer size: 7 28001
Download Time: 975356
Chunk bitrate: 7 1000000
Buffer size: 7 32001
Chunk bitrate: 7 1000000
Buffer size: 8 32001
Download Time: 1710501
Chunk bitrate: 8 600000
Buffer size: 8 36001
Chunk bitrate: 8 600000
Buffer size: 9 36001
Download Time: 1508001
Chunk bitrate: 9 600000
Buffer size: 10 40001
Download Time: 1319452
Chunk bitrate: 10 600000
Buffer size: 11 44001
Download Time: 815494
Chunk bitrate: 11 349952
Buffer size: 11 48001
Chunk bitrate: 11 349952
Buffer size: 12 48001
Download Time: 1099557
Chunk bitrate: 12 1000000
Buffer size: 12 52001
Chunk bitrate: 12 1000000
Buffer size: 13 52001
Download Time: 2526902
Chunk bitrate: 13 1000000
Buffer size: 14 56001
Download Time: 2281448
Chunk bitrate: 14 1000000
Buffer size: 15 60001
Download Time: 1262638
Chunk bitrate: 15 600000
Buffer size: 15 64001
Chunk bitrate: 15 600000
Buffer size: 16 64001
Download Time: 691363
Chunk bitrate: 16 349952
Buffer size: 16 68001
Chunk bitrate: 16 349952
Buffer size: 17 68001
Download Time: 570488
Chunk bitrate: 17 600000
Buffer size: 17 72001
Chunk bitrate: 17 600000
Buffer size: 18 72001
Download Time: 1426171
Chunk bitrate: 18 600000
Buffer size: 19 76001
Download Time: 1101212
Chunk bitrate: 19 349952
Buffer size: 19 80001
Chunk bitrate: 19 349952
Buffer size: 20 80001
Download Time: 610719
Chunk bitrate: 20 600000
Buffer size: 20 84001
Chunk bitrate: 20 600000
Buffer size: 21 84001
Download Time: 602910
Chunk bitrate: 21 600000
Buffer size: 22 88001
Download Time: 1017164
Chunk bitrate: 22 349952
Buffer size: 22 92001
Chunk bitrate: 22 349952
Buffer size: 23 92001
Download Time: 567170
Chunk bitrate: 23 349952
Buffer size: 24 96001
Download Time: 1349276
Chunk bitrate: 24 600000
Buffer size: 24 100001
Chunk bitrate: 24 600000
Buffer size: 25 100001
Download Time: 1175333
Download Time: 438695
[00007f9708003378] core mux error: cannot add this stream
[00007f97080d8748] core decoder error: cannot create packetizer output (h264)
Chunk bitrate: 25 349952
Buffer size: 25 104001
Chunk bitrate: 25 349952
Buffer size: 26 104001
Download Time: 1215294
[00007f9708003378] core mux error: cannot add this stream
[00007f9708070868] core decoder error: cannot create packetizer output (h264)
Chunk bitrate: 26 1000000
Buffer size: 26 108001
Chunk bitrate: 26 1000000
Buffer size: 27 108001
Download Time: 1382342
[00007f9708003378] core mux error: cannot add this stream
[00007f97080cf8b8] core decoder error: cannot create packetizer output (h264)
Chunk bitrate: 27 349952
Buffer size: 27 112001
Chunk bitrate: 27 349952
Buffer size: 28 112001
Download Time: 610921
[00007f9708003378] core mux error: cannot add this stream
[00007f9708072358] core decoder error: cannot create packetizer output (h264)
Chunk bitrate: 28 600000
Buffer size: 28 116001
Chunk bitrate: 28 600000
Buffer size: 29 116001
Download Time: 1261875
[00007f9708003378] core mux error: cannot add this stream
[00007f970808b9d8] core decoder error: cannot create packetizer output (h264)
Chunk bitrate: 29 600000
Buffer size: 30 120001
Download Time: 688968
Chunk bitrate: 30 349952
Buffer size: 30 124001
Chunk bitrate: 30 349952
Buffer size: 31 124001
Download Time: 814603
[00007f9708003378] core mux error: cannot add this stream
[00007f9708097e28] core decoder error: cannot create packetizer output (h264)
Chunk bitrate: 31 349952
Buffer size: 32 128001
Download Time: 614026
Chunk bitrate: 32 349952
Buffer size: 33 132001
Download Time: 530918
Chunk bitrate: 33 349952
Buffer size: 34 136001
Download Time: 934501
Chunk bitrate: 34 349952
Buffer size: 35 140001
Download Time: 1832376
Chunk bitrate: 35 349952
Buffer size: 36 144001
Download Time: 566054
Chunk bitrate: 36 600000
Buffer size: 36 148001
Chunk bitrate: 36 600000
Buffer size: 37 148001
Download Time: 853949
[00007f9708003378] core mux error: cannot add this stream
[00007f97080f90a8] core decoder error: cannot create packetizer output (h264)
Chunk bitrate: 37 600000
Buffer size: 38 152001
Download Time: 1308561
Chunk bitrate: 38 1000000
Buffer size: 38 156001
Chunk bitrate: 38 1000000
Buffer size: 39 156001
Download Time: 1710870
[00007f9708003378] core mux error: cannot add this stream
[00007f9708125a88] core decoder error: cannot create packetizer output (h264)
Chunk bitrate: 39 600000
Buffer size: 39 160001
Chunk bitrate: 39 600000
Buffer size: 40 160001
Download Time: 1425416
[00007f9708003378] core mux error: cannot add this stream
[00007f97080ee978] core decoder error: cannot create packetizer output (h264)
Chunk bitrate: 40 600000
Buffer size: 41 164001
Download Time: 2238645
Chunk bitrate: 41 600000
Buffer size: 42 168001
Download Time: 1668384
Chunk bitrate: 42 349952
Buffer size: 42 172001
Chunk bitrate: 42 349952
Buffer size: 43 172001
Download Time: 613850
[00007f9708003378] core mux error: cannot add this stream
[00007f97080e1ca8] core decoder error: cannot create packetizer output (h264)
Chunk bitrate: 43 349952
Buffer size: 44 176001
Download Time: 485481
Chunk bitrate: 44 600000
Buffer size: 44 180001
Chunk bitrate: 44 600000
Buffer size: 45 180001
Download Time: 1344805
[00007f9708003378] core mux error: cannot add this stream
[00007f9708105df8] core decoder error: cannot create packetizer output (h264)
Chunk bitrate: 45 349952
Buffer size: 45 184001
Chunk bitrate: 45 349952
Buffer size: 46 184001
Download Time: 808107
[00007f9708003378] core mux error: cannot add this stream
[00007f97080dcc58] core decoder error: cannot create packetizer output (h264)
Chunk bitrate: 46 1000000
Buffer size: 46 188001
Chunk bitrate: 46 1000000
Buffer size: 47 188001
Download Time: 1506000
[00007f9708003378] core mux error: cannot add this stream
[00007f97080dc6a8] core decoder error: cannot create packetizer output (h264)
Chunk bitrate: 47 349952
Buffer size: 47 192001
Chunk bitrate: 47 349952
Buffer size: 48 192001
Download Time: 611210
[00007f9708003378] core mux error: cannot add this stream
[00007f97080d2298] core decoder error: cannot create packetizer output (h264)
Chunk bitrate: 48 600000
Buffer size: 48 196001
Chunk bitrate: 48 600000
Buffer size: 49 196001
Download Time: 1208539
[00007f9708003378] core mux error: cannot add this stream
[00007f97081187c8] core decoder error: cannot create packetizer output (h264)
Chunk bitrate: 49 600000
Buffer size: 50 200001
Download Time: 1628548
Chunk bitrate: 50 600000
Buffer size: 51 204001
Download Time: 894518
Chunk bitrate: 51 349952
Buffer size: 51 208001
Chunk bitrate: 51 349952
Buffer size: 52 208001
Download Time: 570280
[00007f9708003378] core mux error: cannot add this stream
[00007f97080f3598] core decoder error: cannot create packetizer output (h264)
Chunk bitrate: 52 600000
Buffer size: 52 212001
Chunk bitrate: 52 600000
Buffer size: 53 212001
Download Time: 977829
[00007f9708003378] core mux error: cannot add this stream
[00007f9708118cb8] core decoder error: cannot create packetizer output (h264)
Chunk bitrate: 53 349952
Buffer size: 53 216001
Chunk bitrate: 53 349952
Buffer size: 54 216001
Download Time: 774391
[00007f9708003378] core mux error: cannot add this stream
[00007f970810f4d8] core decoder error: cannot create packetizer output (h264)
Chunk bitrate: 54 600000
Buffer size: 54 220001
Chunk bitrate: 54 600000
Buffer size: 55 220001
Download Time: 1470227
[00007f9708003378] core mux error: cannot add this stream
[00007f970812bc28] core decoder error: cannot create packetizer output (h264)
Chunk bitrate: 55 600000
Buffer size: 56 224001
Download Time: 1297097
Chunk bitrate: 56 349952
Buffer size: 56 228001
Chunk bitrate: 56 349952
Buffer size: 57 228001
Download Time: 365105
[00007f9708003378] core mux error: cannot add this stream
[00007f9708112218] core decoder error: cannot create packetizer output (h264)
Chunk bitrate: 57 600000
Buffer size: 57 232001
Chunk bitrate: 57 600000
Buffer size: 58 232001
Download Time: 238600
[00007f9708003378] core mux error: cannot add this stream
[00007f970802efb8] core decoder error: cannot create packetizer output (h264)
Chunk bitrate: 58 600000
Buffer size: 59 236001
Download Time: 1094567
Chunk bitrate: 59 349952
Buffer size: 59 240001
Chunk bitrate: 59 349952
Buffer size: 60 240001
Download Time: 1221272
[00007f9708003378] core mux error: cannot add this stream
[00007f97080f4708] core decoder error: cannot create packetizer output (h264)
Chunk bitrate: 60 600000
Buffer size: 60 244001
Chunk bitrate: 60 600000
Buffer size: 61 244001
Download Time: 1625796
[00007f9708003378] core mux error: cannot add this stream
[00007f9708134f08] core decoder error: cannot create packetizer output (h264)
Chunk bitrate: 61 349952
Buffer size: 61 248001
Chunk bitrate: 61 349952
Buffer size: 62 248001
Download Time: 321472
[00007f9708003378] core mux error: cannot add this stream
[00007f97080907b8] core decoder error: cannot create packetizer output (h264)
Chunk bitrate: 62 600000
Buffer size: 62 252001
Chunk bitrate: 62 600000
Buffer size: 63 252001
Download Time: 1058504
[00007f9708003378] core mux error: cannot add this stream
[00007f9708058e98] core decoder error: cannot create packetizer output (h264)
Chunk bitrate: 63 349952
Buffer size: 63 256001
Chunk bitrate: 63 349952
Buffer size: 64 256001
Download Time: 445076
[00007f9708003378] core mux error: cannot add this stream
[00007f97080d3e68] core decoder error: cannot create packetizer output (h264)
Chunk bitrate: 64 600000
Buffer size: 64 260001
Chunk bitrate: 64 600000
Buffer size: 65 260001
[00007f9708003378] ps mux: Close
[00007f9704032768] idummy demux: command `quit'
[000000000177e1a8] [cli] lua interface error: Error loading script /home/cs244/vlc/share/lua/intf/cli.luac: lua/intf/modules/host.lua:286: Interrupted.
