[00000000008711e8] core interface error: no suitable interface module
[00000000007a8338] core libvlc error: interface "globalhotkeys,none" initialization failed
[00000000008711e8] dbus interface error: Failed to connect to the D-Bus session daemon: Unable to autolaunch a dbus-daemon without a $DISPLAY for X11
[00000000008711e8] core interface error: no suitable interface module
[00000000007a8338] core libvlc error: interface "dbus,none" initialization failed
[00000000007a8338] core libvlc: Running vlc with the default interface. Use 'cvlc' to use vlc without interface.
[00000000008711e8] qt interface error: Could not connect to X server
[00000000008711e8] skins2 interface error: cannot initialize OSFactory
[00000000008711e8] [cli] lua interface: Listening on host "*console".
VLC media player 3.0.0-git Vetinari
Command Line Interface initialized. Type `help' for help.
> [00007f5c54003378] ps mux: Open
making a DASHManager
new ratebased adaptionlogic
Chunk bitrate: 0 349952
Buffer size: 0 0
Chunk bitrate: 0 349952
Buffer size: 0 0
[00007f5c54019818] mp4 demux: Fragment sequence discontinuity detected 0 != 2
Download Time: 735220
[00007f5c54019648] mp4 demux: Fragment sequence discontinuity detected 0 != 2
Startup Time: 1050000
Chunk bitrate: 0 349952
Buffer size: 1 4001
Download Time: 491512
Chunk bitrate: 1 1000000
Buffer size: 1 8001
Chunk bitrate: 1 1000000
Buffer size: 2 8001
Download Time: 856539
Chunk bitrate: 2 600000
Buffer size: 2 12001
Chunk bitrate: 2 600000
Buffer size: 3 12001
Download Time: 732671
Chunk bitrate: 3 600000
Buffer size: 4 16001
Download Time: 574741
Chunk bitrate: 4 349952
Buffer size: 4 20001
Chunk bitrate: 4 349952
Buffer size: 5 20001
Download Time: 609864
Chunk bitrate: 5 600000
Buffer size: 5 24001
Chunk bitrate: 5 600000
Buffer size: 6 24001
Download Time: 606675
Chunk bitrate: 6 1000000
Buffer size: 6 28001
Chunk bitrate: 6 1000000
Buffer size: 7 28001
Download Time: 1592562
Chunk bitrate: 7 349952
Buffer size: 7 32001
Chunk bitrate: 7 349952
Buffer size: 8 32001
Download Time: 442596
Chunk bitrate: 8 349952
Buffer size: 9 36001
Download Time: 728221
Chunk bitrate: 9 349952
Buffer size: 10 40001
Download Time: 404298
Chunk bitrate: 10 1000000
Buffer size: 10 44001
Chunk bitrate: 10 1000000
Buffer size: 11 44001
Download Time: 1265502
Chunk bitrate: 11 349952
Buffer size: 11 48001
Chunk bitrate: 11 349952
Buffer size: 12 48001
Download Time: 450186
Chunk bitrate: 12 349952
Buffer size: 13 52001
Download Time: 569932
Chunk bitrate: 13 1000000
Buffer size: 13 56001
Chunk bitrate: 13 1000000
Buffer size: 14 56001
Download Time: 1504345
Chunk bitrate: 14 600000
Buffer size: 14 60001
Chunk bitrate: 14 600000
Buffer size: 15 60001
Download Time: 699549
Chunk bitrate: 15 600000
Buffer size: 16 64001
Download Time: 1345806
Chunk bitrate: 16 600000
Buffer size: 17 68001
Download Time: 1057721
Chunk bitrate: 17 600000
Buffer size: 18 72001
Download Time: 1061173
Chunk bitrate: 18 600000
Buffer size: 19 76001
Download Time: 525802
Chunk bitrate: 19 1000000
Buffer size: 19 80001
Chunk bitrate: 19 1000000
Buffer size: 20 80001
Download Time: 1261402
Chunk bitrate: 20 349952
Buffer size: 20 84001
Chunk bitrate: 20 349952
Buffer size: 21 84001
Download Time: 1915112
Chunk bitrate: 21 1000000
Buffer size: 21 88001
Chunk bitrate: 21 1000000
Buffer size: 22 88001
Download Time: 982378
Chunk bitrate: 22 349952
Buffer size: 22 92001
Chunk bitrate: 22 349952
Buffer size: 23 92001
Download Time: 2444601
Chunk bitrate: 23 349952
Buffer size: 24 96001
Download Time: 1709728
Chunk bitrate: 24 600000
Buffer size: 24 100001
Chunk bitrate: 24 600000
Buffer size: 25 100001
Download Time: 1052951
Chunk bitrate: 25 1000000
Buffer size: 25 104001
Chunk bitrate: 25 1000000
Buffer size: 26 104001
Download Time: 1427130
[00007f5c54003378] core mux error: cannot add this stream
[00007f5c5408ec28] core decoder error: cannot create packetizer output (h264)
Chunk bitrate: 26 349952
Buffer size: 26 108001
Chunk bitrate: 26 349952
Buffer size: 27 108001
Download Time: 364989
[00007f5c54003378] core mux error: cannot add this stream
[00007f5c540bcea8] core decoder error: cannot create packetizer output (h264)
Chunk bitrate: 27 600000
Buffer size: 27 112001
Chunk bitrate: 27 600000
Buffer size: 28 112001
Download Time: 981377
[00007f5c54003378] core mux error: cannot add this stream
[00007f5c540e4ae8] core decoder error: cannot create packetizer output (h264)
Chunk bitrate: 28 600000
Buffer size: 29 116001
Download Time: 979680
Chunk bitrate: 29 600000
Buffer size: 30 120001
Download Time: 854742
Chunk bitrate: 30 600000
Buffer size: 31 124001
Download Time: 572135
Chunk bitrate: 31 600000
Buffer size: 32 128001
Download Time: 1751959
Chunk bitrate: 32 1000000
Buffer size: 32 132001
Chunk bitrate: 32 1000000
Buffer size: 33 132001
Download Time: 1628469
[00007f5c54003378] core mux error: cannot add this stream
[00007f5c5411f1b8] core decoder error: cannot create packetizer output (h264)
Chunk bitrate: 33 349952
Buffer size: 33 136001
Chunk bitrate: 33 349952
Buffer size: 34 136001
Download Time: 1259675
[00007f5c54003378] core mux error: cannot add this stream
[00007f5c540edf58] core decoder error: cannot create packetizer output (h264)
Chunk bitrate: 34 349952
Buffer size: 35 140001
Download Time: 567523
Chunk bitrate: 35 1000000
Buffer size: 35 144001
Chunk bitrate: 35 1000000
Buffer size: 36 144001
Download Time: 1259939
[00007f5c54003378] core mux error: cannot add this stream
[00007f5c5410c948] core decoder error: cannot create packetizer output (h264)
Chunk bitrate: 36 349952
Buffer size: 36 148001
Chunk bitrate: 36 349952
Buffer size: 37 148001
Download Time: 690729
[00007f5c54003378] core mux error: cannot add this stream
[00007f5c540ce338] core decoder error: cannot create packetizer output (h264)
Chunk bitrate: 37 600000
Buffer size: 37 152001
Chunk bitrate: 37 600000
Buffer size: 38 152001
Download Time: 1094568
[00007f5c54003378] core mux error: cannot add this stream
[00007f5c540fcfb8] core decoder error: cannot create packetizer output (h264)
Chunk bitrate: 38 1000000
Buffer size: 38 156001
Chunk bitrate: 38 1000000
Buffer size: 39 156001
Download Time: 1667282
[00007f5c54003378] core mux error: cannot add this stream
[00007f5c54125718] core decoder error: cannot create packetizer output (h264)
Chunk bitrate: 39 1000000
Buffer size: 40 160001
Download Time: 772941
Chunk bitrate: 40 349952
Buffer size: 40 164001
Chunk bitrate: 40 349952
Buffer size: 41 164001
Download Time: 690801
[00007f5c54003378] core mux error: cannot add this stream
[00007f5c540d98e8] core decoder error: cannot create packetizer output (h264)
Chunk bitrate: 41 600000
Buffer size: 41 168001
Chunk bitrate: 41 600000
Buffer size: 42 168001
Download Time: 1092736
[00007f5c54003378] core mux error: cannot add this stream
[00007f5c54101788] core decoder error: cannot create packetizer output (h264)
Chunk bitrate: 42 600000
Buffer size: 43 172001
Download Time: 1709696
Chunk bitrate: 43 349952
Buffer size: 43 176001
Chunk bitrate: 43 349952
Buffer size: 44 176001
Download Time: 735829
[00007f5c54003378] core mux error: cannot add this stream
[00007f5c5408b5e8] core decoder error: cannot create packetizer output (h264)
Chunk bitrate: 44 600000
Buffer size: 44 180001
Chunk bitrate: 44 600000
Buffer size: 45 180001
Download Time: 894892
[00007f5c54003378] core mux error: cannot add this stream
[00007f5c541081f8] core decoder error: cannot create packetizer output (h264)
Chunk bitrate: 45 1000000
Buffer size: 45 184001
Chunk bitrate: 45 1000000
Buffer size: 46 184001
Download Time: 979234
[00007f5c54003378] core mux error: cannot add this stream
[00007f5c541448a8] core decoder error: cannot create packetizer output (h264)
Chunk bitrate: 46 349952
Buffer size: 46 188001
Chunk bitrate: 46 349952
Buffer size: 47 188001
Download Time: 611372
[00007f5c54003378] core mux error: cannot add this stream
[00007f5c540ce358] core decoder error: cannot create packetizer output (h264)
Chunk bitrate: 47 1000000
Buffer size: 47 192001
Chunk bitrate: 47 1000000
Buffer size: 48 192001
Download Time: 693430
[00007f5c54003378] core mux error: cannot add this stream
[00007f5c5412a148] core decoder error: cannot create packetizer output (h264)
Chunk bitrate: 48 600000
Buffer size: 48 196001
Chunk bitrate: 48 600000
Buffer size: 49 196001
Download Time: 733961
[00007f5c54003378] core mux error: cannot add this stream
[00007f5c541134b8] core decoder error: cannot create packetizer output (h264)
Chunk bitrate: 49 1000000
Buffer size: 49 200001
Chunk bitrate: 49 1000000
Buffer size: 50 200001
Download Time: 1346889
[00007f5c54003378] core mux error: cannot add this stream
[00007f5c5414a518] core decoder error: cannot create packetizer output (h264)
Chunk bitrate: 50 1000000
Buffer size: 51 204001
Download Time: 1297287
Chunk bitrate: 51 600000
Buffer size: 51 208001
Chunk bitrate: 51 600000
Buffer size: 52 208001
Download Time: 770099
[00007f5c54003378] core mux error: cannot add this stream
[00007f5c5413aa08] core decoder error: cannot create packetizer output (h264)
Chunk bitrate: 52 349952
Buffer size: 52 212001
Chunk bitrate: 52 349952
Buffer size: 53 212001
Download Time: 488236
[00007f5c54003378] core mux error: cannot add this stream
[00007f5c540dc7f8] core decoder error: cannot create packetizer output (h264)
Chunk bitrate: 53 600000
Buffer size: 53 216001
Chunk bitrate: 53 600000
Buffer size: 54 216001
Download Time: 1021721
[00007f5c54003378] core mux error: cannot add this stream
[00007f5c5411a538] core decoder error: cannot create packetizer output (h264)
Chunk bitrate: 54 349952
Buffer size: 54 220001
Chunk bitrate: 54 349952
Buffer size: 55 220001
Download Time: 532084
[00007f5c54003378] core mux error: cannot add this stream
[00007f5c540e33f8] core decoder error: cannot create packetizer output (h264)
Chunk bitrate: 55 600000
Buffer size: 55 224001
Chunk bitrate: 55 600000
Buffer size: 56 224001
Download Time: 613924
[00007f5c54003378] core mux error: cannot add this stream
[00007f5c54123b08] core decoder error: cannot create packetizer output (h264)
Chunk bitrate: 56 600000
Buffer size: 57 228001
Download Time: 650789
Chunk bitrate: 57 349952
Buffer size: 57 232001
Chunk bitrate: 57 349952
Buffer size: 58 232001
Download Time: 281595
[00007f5c54003378] core mux error: cannot add this stream
[00007f5c540daca8] core decoder error: cannot create packetizer output (h264)
Chunk bitrate: 58 349952
Buffer size: 59 236001
Download Time: 571223
Chunk bitrate: 59 349952
Buffer size: 60 240001
Download Time: 529120
Chunk bitrate: 60 1000000
Buffer size: 60 244001
Chunk bitrate: 60 1000000
Buffer size: 61 244001
Download Time: 1173929
[00007f5c54003378] core mux error: cannot add this stream
[00007f5c54161b78] core decoder error: cannot create packetizer output (h264)
Chunk bitrate: 61 349952
Buffer size: 61 248001
Chunk bitrate: 61 349952
Buffer size: 62 248001
Download Time: 241512
[00007f5c54003378] core mux error: cannot add this stream
[00007f5c5410a318] core decoder error: cannot create packetizer output (h264)
Chunk bitrate: 62 600000
Buffer size: 62 252001
Chunk bitrate: 62 600000
Buffer size: 63 252001
Download Time: 448751
[00007f5c54003378] core mux error: cannot add this stream
[00007f5c54102c48] core decoder error: cannot create packetizer output (h264)
Chunk bitrate: 63 349952
Buffer size: 63 256001
Chunk bitrate: 63 349952
Buffer size: 64 256001
Download Time: 1056128
[00007f5c54003378] core mux error: cannot add this stream
[00007f5c540cccf8] core decoder error: cannot create packetizer output (h264)
Chunk bitrate: 64 349952
Buffer size: 65 260001
[00007f5c54003378] ps mux: Close
[00007f5c541366d8] idummy demux: command `quit'
[00000000008711e8] [cli] lua interface error: Error loading script /home/cs244/vlc/share/lua/intf/cli.luac: lua/intf/modules/host.lua:286: Interrupted.
