[00000000008531e8] core interface error: no suitable interface module
[000000000078a338] core libvlc error: interface "globalhotkeys,none" initialization failed
[00000000008531e8] dbus interface error: Failed to connect to the D-Bus session daemon: Unable to autolaunch a dbus-daemon without a $DISPLAY for X11
[00000000008531e8] core interface error: no suitable interface module
[000000000078a338] core libvlc error: interface "dbus,none" initialization failed
[000000000078a338] core libvlc: Running vlc with the default interface. Use 'cvlc' to use vlc without interface.
[00000000008531e8] qt interface error: Could not connect to X server
[00000000008531e8] skins2 interface error: cannot initialize OSFactory
[00000000008531e8] [cli] lua interface: Listening on host "*console".
VLC media player 3.0.0-git Vetinari
Command Line Interface initialized. Type `help' for help.
> [00007f646c003378] ps mux: Open
making a DASHManager
new ratebased adaptionlogic
Chunk bitrate: 0 349952
Buffer size: 0 0
Chunk bitrate: 0 349952
Buffer size: 0 0
[00007f646c026ba8] mp4 demux: Fragment sequence discontinuity detected 0 != 2
Download Time: 688350
[00007f646c017698] mp4 demux: Fragment sequence discontinuity detected 0 != 2
Startup Time: 1050000
Chunk bitrate: 0 600000
Buffer size: 0 4001
Chunk bitrate: 0 600000
Buffer size: 1 4001
Download Time: 1222143
Download Time: 447228
Chunk bitrate: 1 349952
Buffer size: 1 8001
Chunk bitrate: 1 349952
Buffer size: 2 8001
Download Time: 935941
Chunk bitrate: 2 349952
Buffer size: 3 12001
Download Time: 1176782
Chunk bitrate: 3 600000
Buffer size: 3 16001
Chunk bitrate: 3 600000
Buffer size: 4 16001
Download Time: 1336810
Chunk bitrate: 4 349952
Buffer size: 4 20001
Chunk bitrate: 4 349952
Buffer size: 5 20001
Download Time: 1055381
Chunk bitrate: 5 349952
Buffer size: 6 24001
Download Time: 598429
Chunk bitrate: 6 600000
Buffer size: 6 28001
Chunk bitrate: 6 600000
Buffer size: 7 28001
Download Time: 1092364
Chunk bitrate: 7 349952
Buffer size: 7 32001
Chunk bitrate: 7 349952
Buffer size: 8 32001
Download Time: 897391
Chunk bitrate: 8 349952
Buffer size: 9 36001
Download Time: 1216772
Chunk bitrate: 9 600000
Buffer size: 9 40001
Chunk bitrate: 9 600000
Buffer size: 10 40001
Download Time: 1007149
Chunk bitrate: 10 349952
Buffer size: 10 44001
Chunk bitrate: 10 349952
Buffer size: 11 44001
Download Time: 764338
Chunk bitrate: 11 349952
Buffer size: 12 48001
Download Time: 731393
Chunk bitrate: 12 349952
Buffer size: 13 52001
Download Time: 680146
Chunk bitrate: 13 600000
Buffer size: 13 56001
Chunk bitrate: 13 600000
Buffer size: 14 56001
Download Time: 1048900
Download Time: 527170
Chunk bitrate: 14 349952
Buffer size: 14 60001
Chunk bitrate: 14 349952
Buffer size: 15 60001
Download Time: 1141012
Chunk bitrate: 15 349952
Buffer size: 16 64001
Download Time: 809074
Chunk bitrate: 16 600000
Buffer size: 16 68001
Chunk bitrate: 16 600000
Buffer size: 17 68001
Download Time: 2230396
Chunk bitrate: 17 600000
Buffer size: 18 72001
Download Time: 3613380
Chunk bitrate: 18 349952
Buffer size: 18 76001
Chunk bitrate: 18 349952
Buffer size: 19 76001
Download Time: 567102
Chunk bitrate: 19 349952
Buffer size: 20 80001
Download Time: 726654
Chunk bitrate: 20 600000
Buffer size: 20 84001
Chunk bitrate: 20 600000
Buffer size: 21 84001
Download Time: 1138929
Chunk bitrate: 21 349952
Buffer size: 21 88001
Chunk bitrate: 21 349952
Buffer size: 22 88001
Download Time: 486274
Chunk bitrate: 22 349952
Buffer size: 23 92001
Download Time: 897009
Chunk bitrate: 23 600000
Buffer size: 23 96001
Download Time: 204046
Chunk bitrate: 23 600000
Buffer size: 24 96001
Download Time: 1012043
Chunk bitrate: 24 600000
Buffer size: 25 100001
Download Time: 1588604
Chunk bitrate: 25 600000
Buffer size: 26 104001
Download Time: 850713
Chunk bitrate: 26 600000
Buffer size: 27 108001
Download Time: 525735
Chunk bitrate: 27 600000
Buffer size: 28 112001
Download Time: 2681199
Chunk bitrate: 28 349952
Buffer size: 28 116001
Chunk bitrate: 28 349952
Buffer size: 29 116001
Download Time: 738929
[00007f646c003378] core mux error: cannot add this stream
[00007f646c0bdce8] core decoder error: cannot create packetizer output (h264)
Chunk bitrate: 29 349952
Buffer size: 30 120001
Download Time: 691127
Chunk bitrate: 30 349952
Buffer size: 31 124001
Download Time: 603868
Chunk bitrate: 31 600000
Buffer size: 31 128001
Chunk bitrate: 31 600000
Buffer size: 32 128001
Download Time: 1220299
[00007f646c003378] core mux error: cannot add this stream
[00007f646c0eff68] core decoder error: cannot create packetizer output (h264)
Chunk bitrate: 32 349952
Buffer size: 32 132001
Chunk bitrate: 32 349952
Buffer size: 33 132001
Download Time: 526962
[00007f646c003378] core mux error: cannot add this stream
[00007f646c0bfcb8] core decoder error: cannot create packetizer output (h264)
Chunk bitrate: 33 349952
Buffer size: 34 136001
Download Time: 897429
Chunk bitrate: 34 349952
Buffer size: 35 140001
Download Time: 976537
Chunk bitrate: 35 349952
Buffer size: 36 144001
Download Time: 611516
Chunk bitrate: 36 600000
Buffer size: 36 148001
Chunk bitrate: 36 600000
Buffer size: 37 148001
Download Time: 1423314
[00007f646c003378] core mux error: cannot add this stream
[00007f646c0f6938] core decoder error: cannot create packetizer output (h264)
Chunk bitrate: 37 600000
Buffer size: 38 152001
Download Time: 1382347
Chunk bitrate: 38 1000000
Buffer size: 38 156001
Chunk bitrate: 38 1000000
Buffer size: 39 156001
Download Time: 1783229
[00007f646c003378] core mux error: cannot add this stream
[00007f646c048768] core decoder error: cannot create packetizer output (h264)
Chunk bitrate: 39 600000
Buffer size: 39 160001
Chunk bitrate: 39 600000
Buffer size: 40 160001
Download Time: 1423843
[00007f646c003378] core mux error: cannot add this stream
[00007f646c0eb968] core decoder error: cannot create packetizer output (h264)
Chunk bitrate: 40 349952
Buffer size: 40 164001
Chunk bitrate: 40 349952
Buffer size: 41 164001
Download Time: 963700
[00007f646c003378] core mux error: cannot add this stream
[00007f646c0de138] core decoder error: cannot create packetizer output (h264)
Chunk bitrate: 41 600000
Buffer size: 41 168001
Chunk bitrate: 41 600000
Buffer size: 42 168001
Download Time: 1460676
[00007f646c003378] core mux error: cannot add this stream
[00007f646c0feb88] core decoder error: cannot create packetizer output (h264)
Chunk bitrate: 42 349952
Buffer size: 42 172001
Chunk bitrate: 42 349952
Buffer size: 43 172001
Download Time: 1103430
[00007f646c003378] core mux error: cannot add this stream
[00007f646c0ddf08] core decoder error: cannot create packetizer output (h264)
Chunk bitrate: 43 349952
Buffer size: 44 176001
Download Time: 1225296
Chunk bitrate: 44 349952
Buffer size: 45 180001
Download Time: 1989121
Chunk bitrate: 45 600000
Buffer size: 45 184001
Chunk bitrate: 45 600000
Buffer size: 46 184001
Download Time: 937572
[00007f646c003378] core mux error: cannot add this stream
[00007f646c10e5d8] core decoder error: cannot create packetizer output (h264)
Chunk bitrate: 46 600000
Buffer size: 47 188001
Download Time: 1098911
Chunk bitrate: 47 600000
Buffer size: 48 192001
Download Time: 1706447
Chunk bitrate: 48 600000
Buffer size: 49 196001
Download Time: 1264568
Chunk bitrate: 49 600000
Buffer size: 50 200001
Download Time: 1223257
Chunk bitrate: 50 349952
Buffer size: 50 204001
Chunk bitrate: 50 349952
Buffer size: 51 204001
Download Time: 774656
[00007f646c003378] core mux error: cannot add this stream
[00007f646c1009d8] core decoder error: cannot create packetizer output (h264)
Chunk bitrate: 51 600000
Buffer size: 51 208001
Chunk bitrate: 51 600000
Buffer size: 52 208001
Download Time: 1543610
[00007f646c003378] core mux error: cannot add this stream
[00007f646c117028] core decoder error: cannot create packetizer output (h264)
Chunk bitrate: 52 349952
Buffer size: 52 212001
Chunk bitrate: 52 349952
Buffer size: 53 212001
Download Time: 693481
[00007f646c003378] core mux error: cannot add this stream
[00007f646c1164e8] core decoder error: cannot create packetizer output (h264)
Chunk bitrate: 53 1000000
Buffer size: 53 216001
Chunk bitrate: 53 1000000
Buffer size: 54 216001
Download Time: 1997463
[00007f646c003378] core mux error: cannot add this stream
[00007f646c15dab8] core decoder error: cannot create packetizer output (h264)
Chunk bitrate: 54 349952
Buffer size: 54 220001
Chunk bitrate: 54 349952
Buffer size: 55 220001
Download Time: 614424
[00007f646c003378] core mux error: cannot add this stream
[00007f646c0ed238] core decoder error: cannot create packetizer output (h264)
Chunk bitrate: 55 349952
Buffer size: 56 224001
Download Time: 549523
Chunk bitrate: 56 349952
Buffer size: 57 228001
Download Time: 884427
Chunk bitrate: 57 600000
Buffer size: 57 232001
Chunk bitrate: 57 600000
Buffer size: 58 232001
Download Time: 393253
[00007f646c003378] core mux error: cannot add this stream
[00007f646c0ce778] core decoder error: cannot create packetizer output (h264)
Chunk bitrate: 58 600000
Buffer size: 59 236001
Download Time: 1271853
Chunk bitrate: 59 349952
Buffer size: 59 240001
Chunk bitrate: 59 349952
Buffer size: 60 240001
Download Time: 651387
[00007f646c003378] core mux error: cannot add this stream
[00007f646c101a08] core decoder error: cannot create packetizer output (h264)
Chunk bitrate: 60 600000
Buffer size: 60 244001
Chunk bitrate: 60 600000
Buffer size: 61 244001
Download Time: 1012111
[00007f646c003378] core mux error: cannot add this stream
[00007f646c12f6e8] core decoder error: cannot create packetizer output (h264)
Chunk bitrate: 61 600000
Buffer size: 62 248001
Download Time: 522000
Chunk bitrate: 62 349952
Buffer size: 62 252001
Chunk bitrate: 62 349952
Buffer size: 63 252001
[00007f646c003378] core mux error: cannot add this stream
[00007f646c0de568] core decoder error: cannot create packetizer output (h264)
Chunk bitrate: 63 349952
Buffer size: 64 256001
Download Time: 291033
Chunk bitrate: 64 600000
Buffer size: 64 260001
Chunk bitrate: 64 600000
Buffer size: 65 260001
[00007f646c003378] ps mux: Close
[00007f6464000ff8] idummy demux: command `quit'
[00000000008531e8] [cli] lua interface error: Error loading script /home/cs244/vlc/share/lua/intf/cli.luac: lua/intf/modules/host.lua:286: Interrupted.
