[000000000266f1e8] core interface error: no suitable interface module
[00000000025a6338] core libvlc error: interface "globalhotkeys,none" initialization failed
[000000000266f1e8] dbus interface error: Failed to connect to the D-Bus session daemon: Unable to autolaunch a dbus-daemon without a $DISPLAY for X11
[000000000266f1e8] core interface error: no suitable interface module
[00000000025a6338] core libvlc error: interface "dbus,none" initialization failed
[00000000025a6338] core libvlc: Running vlc with the default interface. Use 'cvlc' to use vlc without interface.
[000000000266f1e8] qt interface error: Could not connect to X server
[000000000266f1e8] skins2 interface error: cannot initialize OSFactory
[000000000266f1e8] [cli] lua interface: Listening on host "*console".
VLC media player 3.0.0-git Vetinari
Command Line Interface initialized. Type `help' for help.
> [00007fc75c003378] ps mux: Open
making a DASHManager
new ratebased adaptionlogic
Chunk bitrate: 0 349952
Buffer size: 0 0
Chunk bitrate: 0 349952
Buffer size: 0 0
[00007fc75c024548] mp4 demux: Fragment sequence discontinuity detected 0 != 2
Download Time: 738095
[00007fc75c017638] mp4 demux: Fragment sequence discontinuity detected 0 != 2
Startup Time: 1050000
Chunk bitrate: 0 349952
Buffer size: 1 4001
Download Time: 976678
Chunk bitrate: 1 600000
Buffer size: 1 8001
Chunk bitrate: 1 600000
Buffer size: 2 8001
Download Time: 1017028
Chunk bitrate: 2 600000
Buffer size: 3 12001
Download Time: 1298599
Chunk bitrate: 3 349952
Buffer size: 3 16001
Chunk bitrate: 3 349952
Buffer size: 4 16001
Download Time: 609083
Chunk bitrate: 4 600000
Buffer size: 4 20001
Chunk bitrate: 4 600000
Buffer size: 5 20001
Download Time: 1142790
Chunk bitrate: 5 600000
Buffer size: 6 24001
Download Time: 815236
Chunk bitrate: 6 1000000
Buffer size: 6 28001
Chunk bitrate: 6 1000000
Buffer size: 7 28001
Download Time: 2034522
Chunk bitrate: 7 600000
Buffer size: 7 32001
Chunk bitrate: 7 600000
Buffer size: 8 32001
Download Time: 1348502
Chunk bitrate: 8 349952
Buffer size: 8 36001
Chunk bitrate: 8 349952
Buffer size: 9 36001
Download Time: 653290
Chunk bitrate: 9 349952
Buffer size: 10 40001
Download Time: 813395
Chunk bitrate: 10 600000
Buffer size: 10 44001
Chunk bitrate: 10 600000
Buffer size: 11 44001
Download Time: 773983
Chunk bitrate: 11 600000
Buffer size: 12 48001
Download Time: 1259765
Chunk bitrate: 12 349952
Buffer size: 12 52001
Chunk bitrate: 12 349952
Buffer size: 13 52001
Download Time: 772187
Chunk bitrate: 13 349952
Buffer size: 14 56001
Download Time: 855311
Chunk bitrate: 14 349952
Buffer size: 15 60001
Download Time: 529360
Chunk bitrate: 15 600000
Buffer size: 15 64001
Chunk bitrate: 15 600000
Buffer size: 16 64001
Download Time: 1384248
Chunk bitrate: 16 1000000
Buffer size: 16 68001
Chunk bitrate: 16 1000000
Buffer size: 17 68001
Download Time: 1469720
Chunk bitrate: 17 349952
Buffer size: 17 72001
Chunk bitrate: 17 349952
Buffer size: 18 72001
Download Time: 982439
Chunk bitrate: 18 349952
Buffer size: 19 76001
Download Time: 443587
Chunk bitrate: 19 600000
Buffer size: 19 80001
Chunk bitrate: 19 600000
Buffer size: 20 80001
Download Time: 924378
Chunk bitrate: 20 1000000
Buffer size: 20 84001
Chunk bitrate: 20 1000000
Buffer size: 21 84001
Download Time: 983794
Chunk bitrate: 21 349952
Buffer size: 21 88001
Chunk bitrate: 21 349952
Buffer size: 22 88001
Download Time: 736173
Chunk bitrate: 22 600000
Buffer size: 22 92001
Chunk bitrate: 22 600000
Buffer size: 23 92001
Download Time: 1284974
Chunk bitrate: 23 349952
Buffer size: 23 96001
Chunk bitrate: 23 349952
Buffer size: 24 96001
Download Time: 928383
[00007fc75c003378] core mux error: cannot add this stream
[00007fc75c0d98f8] core decoder error: cannot create packetizer output (h264)
Chunk bitrate: 24 349952
Buffer size: 25 100001
Download Time: 723176
Chunk bitrate: 25 1000000
Buffer size: 25 104001
Chunk bitrate: 25 1000000
Buffer size: 26 104001
Download Time: 1706264
[00007fc75c003378] core mux error: cannot add this stream
[00007fc75c075e28] core decoder error: cannot create packetizer output (h264)
Chunk bitrate: 26 600000
Buffer size: 26 108001
Chunk bitrate: 26 600000
Buffer size: 27 108001
Download Time: 655092
[00007fc75c003378] core mux error: cannot add this stream
[00007fc75c072f48] core decoder error: cannot create packetizer output (h264)
Chunk bitrate: 27 349952
Buffer size: 27 112001
Chunk bitrate: 27 349952
Buffer size: 28 112001
Download Time: 724748
[00007fc75c003378] core mux error: cannot add this stream
[00007fc75c0d6828] core decoder error: cannot create packetizer output (h264)
Chunk bitrate: 28 349952
Buffer size: 29 116001
Download Time: 812728
Chunk bitrate: 29 600000
Buffer size: 29 120001
Chunk bitrate: 29 600000
Buffer size: 30 120001
Download Time: 1016223
[00007fc75c003378] core mux error: cannot add this stream
[00007fc75c0454d8] core decoder error: cannot create packetizer output (h264)
Chunk bitrate: 30 349952
Buffer size: 30 124001
Chunk bitrate: 30 349952
Buffer size: 31 124001
Download Time: 489836
[00007fc75c003378] core mux error: cannot add this stream
[00007fc75c0b98b8] core decoder error: cannot create packetizer output (h264)
Chunk bitrate: 31 349952
Buffer size: 32 128001
Download Time: 649953
Chunk bitrate: 32 600000
Buffer size: 32 132001
Chunk bitrate: 32 600000
Buffer size: 33 132001
Download Time: 936297
[00007fc75c003378] core mux error: cannot add this stream
[00007fc75c0ed798] core decoder error: cannot create packetizer output (h264)
Chunk bitrate: 33 349952
Buffer size: 33 136001
Chunk bitrate: 33 349952
Buffer size: 34 136001
Download Time: 1009444
[00007fc75c003378] core mux error: cannot add this stream
[00007fc75c0cae18] core decoder error: cannot create packetizer output (h264)
Chunk bitrate: 34 600000
Buffer size: 34 140001
Chunk bitrate: 34 600000
Buffer size: 35 140001
Download Time: 1005643
[00007fc75c003378] core mux error: cannot add this stream
[00007fc75c0f2a68] core decoder error: cannot create packetizer output (h264)
Chunk bitrate: 35 600000
Buffer size: 36 144001
Download Time: 1140148
Chunk bitrate: 36 349952
Buffer size: 36 148001
Chunk bitrate: 36 349952
Buffer size: 37 148001
Download Time: 687806
[00007fc75c003378] core mux error: cannot add this stream
[00007fc75c070bd8] core decoder error: cannot create packetizer output (h264)
Chunk bitrate: 37 600000
Buffer size: 37 152001
Chunk bitrate: 37 600000
Buffer size: 38 152001
Download Time: 1504243
[00007fc75c003378] core mux error: cannot add this stream
[00007fc75c0ff7f8] core decoder error: cannot create packetizer output (h264)
Chunk bitrate: 38 1000000
Buffer size: 38 156001
Chunk bitrate: 38 1000000
Buffer size: 39 156001
Download Time: 1629201
[00007fc75c003378] core mux error: cannot add this stream
[00007fc75c12b068] core decoder error: cannot create packetizer output (h264)
Chunk bitrate: 39 1000000
Buffer size: 40 160001
Download Time: 1419764
Chunk bitrate: 40 349952
Buffer size: 40 164001
Chunk bitrate: 40 349952
Buffer size: 41 164001
Download Time: 934567
[00007fc75c003378] core mux error: cannot add this stream
[00007fc75c0cf2e8] core decoder error: cannot create packetizer output (h264)
Chunk bitrate: 41 349952
Buffer size: 42 168001
Download Time: 814400
Chunk bitrate: 42 600000
Buffer size: 42 172001
Chunk bitrate: 42 600000
Buffer size: 43 172001
Download Time: 976388
[00007fc75c003378] core mux error: cannot add this stream
[00007fc75c10bf68] core decoder error: cannot create packetizer output (h264)
Chunk bitrate: 43 600000
Buffer size: 44 176001
Download Time: 1016513
Chunk bitrate: 44 349952
Buffer size: 44 180001
Chunk bitrate: 44 349952
Buffer size: 45 180001
Download Time: 941267
[00007fc75c003378] core mux error: cannot add this stream
[00007fc75c10ef58] core decoder error: cannot create packetizer output (h264)
Chunk bitrate: 45 600000
Buffer size: 45 184001
Chunk bitrate: 45 600000
Buffer size: 46 184001
Download Time: 1250137
[00007fc75c003378] core mux error: cannot add this stream
[00007fc75c101078] core decoder error: cannot create packetizer output (h264)
Chunk bitrate: 46 600000
Buffer size: 47 188001
Download Time: 1419103
Chunk bitrate: 47 349952
Buffer size: 47 192001
Chunk bitrate: 47 349952
Buffer size: 48 192001
Download Time: 608414
[00007fc75c003378] core mux error: cannot add this stream
[00007fc75c10c878] core decoder error: cannot create packetizer output (h264)
Chunk bitrate: 48 600000
Buffer size: 48 196001
Chunk bitrate: 48 600000
Buffer size: 49 196001
Download Time: 1466098
[00007fc75c003378] core mux error: cannot add this stream
[00007fc75c11c1d8] core decoder error: cannot create packetizer output (h264)
Chunk bitrate: 49 600000
Buffer size: 50 200001
Download Time: 1122294
Chunk bitrate: 50 349952
Buffer size: 50 204001
Chunk bitrate: 50 349952
Buffer size: 51 204001
Download Time: 690181
[00007fc75c003378] core mux error: cannot add this stream
[00007fc75c10ddd8] core decoder error: cannot create packetizer output (h264)
Chunk bitrate: 51 349952
Buffer size: 52 208001
Download Time: 686986
Chunk bitrate: 52 349952
Buffer size: 53 212001
Download Time: 649051
Chunk bitrate: 53 1000000
Buffer size: 53 216001
Chunk bitrate: 53 1000000
Buffer size: 54 216001
Download Time: 2301953
[00007fc75c003378] core mux error: cannot add this stream
[00007fc75c166468] core decoder error: cannot create packetizer output (h264)
Chunk bitrate: 54 349952
Buffer size: 54 220001
Chunk bitrate: 54 349952
Buffer size: 55 220001
Download Time: 970311
[00007fc75c003378] core mux error: cannot add this stream
[00007fc75c1053e8] core decoder error: cannot create packetizer output (h264)
Chunk bitrate: 55 600000
Buffer size: 55 224001
Chunk bitrate: 55 600000
Buffer size: 56 224001
Download Time: 1215086
[00007fc75c003378] core mux error: cannot add this stream
[00007fc75c12b3e8] core decoder error: cannot create packetizer output (h264)
Chunk bitrate: 56 600000
Buffer size: 57 228001
Download Time: 773973
Chunk bitrate: 57 349952
Buffer size: 57 232001
Chunk bitrate: 57 349952
Buffer size: 58 232001
Download Time: 690999
[00007fc75c003378] core mux error: cannot add this stream
[00007fc75c06e1d8] core decoder error: cannot create packetizer output (h264)
Chunk bitrate: 58 349952
Buffer size: 59 236001
Download Time: 1466028
Chunk bitrate: 59 349952
Buffer size: 60 240001
Download Time: 939130
Chunk bitrate: 60 600000
Buffer size: 60 244001
Chunk bitrate: 60 600000
Buffer size: 61 244001
Download Time: 890250
[00007fc75c003378] core mux error: cannot add this stream
[00007fc75c136868] core decoder error: cannot create packetizer output (h264)
Chunk bitrate: 61 349952
Buffer size: 61 248001
Chunk bitrate: 61 349952
Buffer size: 62 248001
Download Time: 489019
[00007fc75c003378] core mux error: cannot add this stream
[00007fc75c0d0a68] core decoder error: cannot create packetizer output (h264)
Chunk bitrate: 62 349952
Buffer size: 63 252001
Download Time: 321582
Chunk bitrate: 63 349952
Buffer size: 64 256001
Download Time: 1530342
Chunk bitrate: 64 600000
Buffer size: 64 260001
Chunk bitrate: 64 600000
Buffer size: 65 260001
[00007fc75c003378] ps mux: Close
[00007fc75c04b5a8] idummy demux: command `quit'
[000000000266f1e8] [cli] lua interface error: Error loading script /home/cs244/vlc/share/lua/intf/cli.luac: lua/intf/modules/host.lua:286: Interrupted.
