[0000000000c9c1a8] core interface error: no suitable interface module
[0000000000bd3338] core libvlc error: interface "globalhotkeys,none" initialization failed
[0000000000c9c1a8] dbus interface error: Failed to connect to the D-Bus session daemon: Unable to autolaunch a dbus-daemon without a $DISPLAY for X11
[0000000000c9c1a8] core interface error: no suitable interface module
[0000000000bd3338] core libvlc error: interface "dbus,none" initialization failed
[0000000000bd3338] core libvlc: Running vlc with the default interface. Use 'cvlc' to use vlc without interface.
[0000000000c9c1a8] qt interface error: Could not connect to X server
[0000000000c9c1a8] skins2 interface error: cannot initialize OSFactory
[0000000000c9c1a8] [cli] lua interface: Listening on host "*console".
VLC media player 3.0.0-git Vetinari
Command Line Interface initialized. Type `help' for help.
> [00007f5524003378] ps mux: Open
making a DASHManager
new ratebased adaptionlogic
Chunk bitrate: 0 349952
Buffer size: 0 0
Chunk bitrate: 0 349952
Buffer size: 0 0
[00007f55240239d8] mp4 demux: Fragment sequence discontinuity detected 0 != 2
Download Time: 1178379
[00007f55240218d8] mp4 demux: Fragment sequence discontinuity detected 0 != 2
Startup Time: 1050000
Chunk bitrate: 0 349952
Buffer size: 1 4001
Download Time: 1339374
Chunk bitrate: 1 349952
Buffer size: 2 8001
Download Time: 728368
Chunk bitrate: 2 600000
Buffer size: 2 12001
Chunk bitrate: 2 600000
Buffer size: 3 12001
Download Time: 1832635
Chunk bitrate: 3 349952
Buffer size: 3 16001
Chunk bitrate: 3 349952
Buffer size: 4 16001
Download Time: 894763
Chunk bitrate: 4 349952
Buffer size: 5 20001
Download Time: 1860473
Chunk bitrate: 5 349952
Buffer size: 6 24001
Download Time: 730955
Chunk bitrate: 6 349952
Buffer size: 7 28001
Download Time: 772603
Chunk bitrate: 7 349952
Buffer size: 8 32001
Download Time: 1006129
Chunk bitrate: 8 349952
Buffer size: 9 36001
Download Time: 1466148
Chunk bitrate: 9 349952
Buffer size: 10 40001
Download Time: 969519
Chunk bitrate: 10 349952
Buffer size: 11 44001
Download Time: 1098315
Chunk bitrate: 11 349952
Buffer size: 12 48001
Download Time: 1015466
Chunk bitrate: 12 349952
Buffer size: 13 52001
Download Time: 1005094
Chunk bitrate: 13 349952
Buffer size: 14 56001
Download Time: 1086376
Chunk bitrate: 14 349952
Buffer size: 15 60001
Download Time: 809655
Chunk bitrate: 15 349952
Buffer size: 16 64001
Download Time: 1421510
Chunk bitrate: 16 349952
Buffer size: 17 68001
Download Time: 1017255
Chunk bitrate: 17 349952
Buffer size: 18 72001
Download Time: 1175547
Chunk bitrate: 18 349952
Buffer size: 19 76001
Download Time: 934765
Chunk bitrate: 19 349952
Buffer size: 20 80001
Download Time: 1096797
Chunk bitrate: 20 349952
Buffer size: 21 84001
Download Time: 772437
Chunk bitrate: 21 349952
Buffer size: 22 88001
Download Time: 1142857
Chunk bitrate: 22 349952
Buffer size: 23 92001
Download Time: 1138228
Chunk bitrate: 23 349952
Buffer size: 24 96001
Download Time: 1058261
Chunk bitrate: 24 349952
Buffer size: 25 100001
Download Time: 934735
Chunk bitrate: 25 349952
Buffer size: 26 104001
Download Time: 1262172
Chunk bitrate: 26 349952
Buffer size: 27 108001
Download Time: 731679
Chunk bitrate: 27 349952
Buffer size: 28 112001
Download Time: 1344005
Chunk bitrate: 28 349952
Buffer size: 29 116001
Download Time: 1260369
Chunk bitrate: 29 349952
Buffer size: 30 120001
Download Time: 815434
Chunk bitrate: 30 349952
Buffer size: 31 124001
Download Time: 1493165
Chunk bitrate: 31 349952
Buffer size: 32 128001
Download Time: 1341100
Chunk bitrate: 32 349952
Buffer size: 33 132001
Download Time: 1056758
Chunk bitrate: 33 349952
Buffer size: 34 136001
Download Time: 1139402
Chunk bitrate: 34 349952
Buffer size: 35 140001
Download Time: 937833
Chunk bitrate: 35 349952
Buffer size: 36 144001
Download Time: 1019857
Chunk bitrate: 36 349952
Buffer size: 37 148001
Download Time: 1263841
Chunk bitrate: 37 349952
Buffer size: 38 152001
Download Time: 937426
Chunk bitrate: 38 1000000
Buffer size: 38 156001
Chunk bitrate: 38 1000000
Buffer size: 39 156001
Download Time: 2238473
Chunk bitrate: 39 349952
Buffer size: 39 160001
Chunk bitrate: 39 349952
Buffer size: 40 160001
Download Time: 1174036
Chunk bitrate: 40 349952
Buffer size: 41 164001
Download Time: 1092166
Chunk bitrate: 41 349952
Buffer size: 42 168001
Download Time: 1017974
Chunk bitrate: 42 349952
Buffer size: 43 172001
Download Time: 1180854
Chunk bitrate: 43 349952
Buffer size: 44 176001
Download Time: 1182460
Chunk bitrate: 44 349952
Buffer size: 45 180001
Download Time: 2106776
Chunk bitrate: 45 349952
Buffer size: 46 184001
Download Time: 886831
Chunk bitrate: 46 349952
Buffer size: 47 188001
Download Time: 980482
Chunk bitrate: 47 349952
Buffer size: 48 192001
Download Time: 1264033
Chunk bitrate: 48 349952
Buffer size: 49 196001
Download Time: 1183344
Chunk bitrate: 49 349952
Buffer size: 50 200001
Download Time: 1057647
Chunk bitrate: 50 349952
Buffer size: 51 204001
Download Time: 977090
Chunk bitrate: 51 349952
Buffer size: 52 208001
Download Time: 981229
Chunk bitrate: 52 349952
Buffer size: 53 212001
Download Time: 893682
Chunk bitrate: 53 349952
Buffer size: 54 216001
Download Time: 896816
Chunk bitrate: 54 349952
Buffer size: 55 220001
Download Time: 1099940
Chunk bitrate: 55 349952
Buffer size: 56 224001
Download Time: 1294669
Chunk bitrate: 56 349952
Buffer size: 57 228001
Download Time: 1383016
Chunk bitrate: 57 349952
Buffer size: 58 232001
Download Time: 529782
Chunk bitrate: 58 349952
Buffer size: 59 236001
Download Time: 1912418
Chunk bitrate: 59 349952
Buffer size: 60 240001
Download Time: 1418544
Chunk bitrate: 60 349952
Buffer size: 61 244001
Download Time: 980978
Chunk bitrate: 61 349952
Buffer size: 62 248001
Download Time: 410166
Chunk bitrate: 62 349952
Buffer size: 63 252001
Chunk bitrate: 63 349952
Buffer size: 64 256001
Download Time: 695186
Chunk bitrate: 64 600000
Buffer size: 64 260001
Download Time: 530592
Chunk bitrate: 64 600000
Buffer size: 65 260001
[00007f5524003378] ps mux: Close
[00007f5518001508] idummy demux: command `quit'
[0000000000c9c1a8] [cli] lua interface error: Error loading script /home/cs244/vlc/share/lua/intf/cli.luac: lua/intf/modules/host.lua:286: Interrupted.
