[0000000001a131e8] core interface error: no suitable interface module
[000000000194a338] core libvlc error: interface "globalhotkeys,none" initialization failed
[0000000001a131e8] dbus interface error: Failed to connect to the D-Bus session daemon: Unable to autolaunch a dbus-daemon without a $DISPLAY for X11
[0000000001a131e8] core interface error: no suitable interface module
[000000000194a338] core libvlc error: interface "dbus,none" initialization failed
[000000000194a338] core libvlc: Running vlc with the default interface. Use 'cvlc' to use vlc without interface.
[0000000001a131e8] qt interface error: Could not connect to X server
[0000000001a131e8] skins2 interface error: cannot initialize OSFactory
[0000000001a131e8] [cli] lua interface: Listening on host "*console".
VLC media player 3.0.0-git Vetinari
Command Line Interface initialized. Type `help' for help.
> [00007f41b0003378] ps mux: Open
making a DASHManager
new ratebased adaptionlogic
Chunk bitrate: 0 349952
Buffer size: 0 0
Chunk bitrate: 0 349952
Buffer size: 0 0
[00007f41b0025358] mp4 demux: Fragment sequence discontinuity detected 0 != 2
Download Time: 1142328
[00007f41b00177b8] mp4 demux: Fragment sequence discontinuity detected 0 != 2
Startup Time: 1050000
Chunk bitrate: 0 349952
Buffer size: 1 4001
Download Time: 1141903
Chunk bitrate: 1 349952
Buffer size: 2 8001
Download Time: 980391
Chunk bitrate: 2 1000000
Buffer size: 2 12001
Chunk bitrate: 2 1000000
Buffer size: 3 12001
Download Time: 2486625
Chunk bitrate: 3 349952
Buffer size: 3 16001
Chunk bitrate: 3 349952
Buffer size: 4 16001
Download Time: 896772
Chunk bitrate: 4 349952
Buffer size: 5 20001
Download Time: 1387506
Chunk bitrate: 5 349952
Buffer size: 6 24001
Download Time: 974714
Chunk bitrate: 6 349952
Buffer size: 7 28001
Download Time: 1958991
Chunk bitrate: 7 349952
Buffer size: 8 32001
Download Time: 1101723
Chunk bitrate: 8 349952
Buffer size: 9 36001
Download Time: 1832256
Download Time: 1097788
Chunk bitrate: 9 349952
Buffer size: 10 40001
Download Time: 1052862
Chunk bitrate: 10 349952
Buffer size: 11 44001
Download Time: 974778
Chunk bitrate: 11 349952
Buffer size: 12 48001
Download Time: 1345323
Chunk bitrate: 12 349952
Buffer size: 13 52001
Download Time: 896388
Chunk bitrate: 13 349952
Buffer size: 14 56001
Download Time: 1956641
Chunk bitrate: 14 349952
Buffer size: 15 60001
Download Time: 895598
Chunk bitrate: 15 349952
Buffer size: 16 64001
Download Time: 808736
Chunk bitrate: 16 600000
Buffer size: 16 68001
Chunk bitrate: 16 600000
Buffer size: 17 68001
Download Time: 1305315
Chunk bitrate: 17 600000
Buffer size: 18 72001
Download Time: 1825056
Chunk bitrate: 18 349952
Buffer size: 18 76001
Chunk bitrate: 18 349952
Buffer size: 19 76001
Download Time: 685698
Chunk bitrate: 19 349952
Buffer size: 20 80001
Download Time: 942486
Chunk bitrate: 20 349952
Buffer size: 21 84001
Download Time: 521913
Chunk bitrate: 21 600000
Buffer size: 21 88001
Chunk bitrate: 21 600000
Buffer size: 22 88001
Download Time: 1722845
Chunk bitrate: 22 349952
Buffer size: 22 92001
Chunk bitrate: 22 349952
Buffer size: 23 92001
Download Time: 875311
Chunk bitrate: 23 349952
Buffer size: 24 96001
Download Time: 1107946
Chunk bitrate: 24 349952
Buffer size: 25 100001
Download Time: 1531502
Chunk bitrate: 25 600000
Buffer size: 25 104001
Chunk bitrate: 25 600000
Buffer size: 26 104001
Download Time: 1206561
Chunk bitrate: 26 349952
Buffer size: 26 108001
Chunk bitrate: 26 349952
Buffer size: 27 108001
Download Time: 713840
Chunk bitrate: 27 600000
Buffer size: 27 112001
Chunk bitrate: 27 600000
Buffer size: 28 112001
Download Time: 1696514
Chunk bitrate: 28 349952
Buffer size: 28 116001
Chunk bitrate: 28 349952
Buffer size: 29 116001
Download Time: 1077609
Chunk bitrate: 29 349952
Buffer size: 30 120001
Download Time: 846397
Chunk bitrate: 30 349952
Buffer size: 31 124001
Download Time: 948621
Chunk bitrate: 31 349952
Buffer size: 32 128001
Download Time: 779988
Chunk bitrate: 32 600000
Buffer size: 32 132001
Chunk bitrate: 32 600000
Buffer size: 33 132001
Download Time: 2052294
Chunk bitrate: 33 349952
Buffer size: 33 136001
Chunk bitrate: 33 349952
Buffer size: 34 136001
Download Time: 901324
Chunk bitrate: 34 349952
Buffer size: 35 140001
Download Time: 935533
Chunk bitrate: 35 600000
Buffer size: 35 144001
Chunk bitrate: 35 600000
Buffer size: 36 144001
Download Time: 1164553
Chunk bitrate: 36 349952
Buffer size: 36 148001
Chunk bitrate: 36 349952
Buffer size: 37 148001
Download Time: 909890
Chunk bitrate: 37 349952
Buffer size: 38 152001
Download Time: 1093768
Chunk bitrate: 38 600000
Buffer size: 38 156001
Chunk bitrate: 38 600000
Buffer size: 39 156001
Download Time: 1591545
Chunk bitrate: 39 600000
Buffer size: 40 160001
Download Time: 1263399
Chunk bitrate: 40 349952
Buffer size: 40 164001
Chunk bitrate: 40 349952
Buffer size: 41 164001
Download Time: 1037129
[00007f41b0003378] core mux error: cannot add this stream
[00007f41b00b9d68] core decoder error: cannot create packetizer output (h264)
Chunk bitrate: 41 349952
Buffer size: 42 168001
Download Time: 907043
Chunk bitrate: 42 600000
Buffer size: 42 172001
Chunk bitrate: 42 600000
Buffer size: 43 172001
Download Time: 1363689
[00007f41b0003378] core mux error: cannot add this stream
[00007f41b00fbfa8] core decoder error: cannot create packetizer output (h264)
Chunk bitrate: 43 349952
Buffer size: 43 176001
Chunk bitrate: 43 349952
Buffer size: 44 176001
Download Time: 1096861
[00007f41b0003378] core mux error: cannot add this stream
[00007f41b00a6ad8] core decoder error: cannot create packetizer output (h264)
Chunk bitrate: 44 349952
Buffer size: 45 180001
Download Time: 746548
Chunk bitrate: 45 349952
Buffer size: 46 184001
Download Time: 910585
Chunk bitrate: 46 600000
Buffer size: 46 188001
Chunk bitrate: 46 600000
Buffer size: 47 188001
Download Time: 1202602
[00007f41b0003378] core mux error: cannot add this stream
[00007f41b00fc478] core decoder error: cannot create packetizer output (h264)
Chunk bitrate: 47 349952
Buffer size: 47 192001
Chunk bitrate: 47 349952
Buffer size: 48 192001
Download Time: 908264
[00007f41b0003378] core mux error: cannot add this stream
[00007f41b00e28c8] core decoder error: cannot create packetizer output (h264)
Chunk bitrate: 48 349952
Buffer size: 49 196001
Download Time: 972178
Chunk bitrate: 49 349952
Buffer size: 50 200001
Download Time: 1241256
Chunk bitrate: 50 349952
Buffer size: 51 204001
Download Time: 882091
Chunk bitrate: 51 349952
Buffer size: 52 208001
Download Time: 752995
Chunk bitrate: 52 600000
Buffer size: 52 212001
Chunk bitrate: 52 600000
Buffer size: 53 212001
Download Time: 1531959
Download Time: 261305
[00007f41b0003378] core mux error: cannot add this stream
[00007f41b010afa8] core decoder error: cannot create packetizer output (h264)
Chunk bitrate: 53 600000
Buffer size: 54 216001
Download Time: 1226156
Chunk bitrate: 54 349952
Buffer size: 54 220001
Chunk bitrate: 54 349952
Buffer size: 55 220001
Download Time: 1040050
[00007f41b0003378] core mux error: cannot add this stream
[00007f41b00f7898] core decoder error: cannot create packetizer output (h264)
Chunk bitrate: 55 349952
Buffer size: 56 224001
Download Time: 973760
Chunk bitrate: 56 349952
Buffer size: 57 228001
Download Time: 1006203
Chunk bitrate: 57 349952
Buffer size: 58 232001
Download Time: 454833
Chunk bitrate: 58 349952
Buffer size: 59 236001
Download Time: 1058792
Chunk bitrate: 59 600000
Buffer size: 59 240001
Chunk bitrate: 59 600000
Buffer size: 60 240001
Download Time: 1232836
[00007f41b0003378] core mux error: cannot add this stream
[00007f41b01206b8] core decoder error: cannot create packetizer output (h264)
Chunk bitrate: 60 600000
Buffer size: 61 244001
Download Time: 1430971
Chunk bitrate: 61 349952
Buffer size: 61 248001
Chunk bitrate: 61 349952
Buffer size: 62 248001
Download Time: 586956
[00007f41b0003378] core mux error: cannot add this stream
[00007f41b00ca5a8] core decoder error: cannot create packetizer output (h264)
Chunk bitrate: 62 349952
Buffer size: 63 252001
Download Time: 459247
Chunk bitrate: 63 349952
Buffer size: 64 256001
Download Time: 565524
Chunk bitrate: 64 349952
Buffer size: 65 260001
[00007f41b0003378] ps mux: Close
[00007f41ac001568] idummy demux: command `quit'
[0000000001a131e8] [cli] lua interface error: Error loading script /home/cs244/vlc/share/lua/intf/cli.luac: lua/intf/modules/host.lua:286: Interrupted.
