[0000000000a881e8] core interface error: no suitable interface module
[00000000009bf338] core libvlc error: interface "globalhotkeys,none" initialization failed
[0000000000a881e8] dbus interface error: Failed to connect to the D-Bus session daemon: Unable to autolaunch a dbus-daemon without a $DISPLAY for X11
[0000000000a881e8] core interface error: no suitable interface module
[00000000009bf338] core libvlc error: interface "dbus,none" initialization failed
[00000000009bf338] core libvlc: Running vlc with the default interface. Use 'cvlc' to use vlc without interface.
[0000000000a881e8] qt interface error: Could not connect to X server
[0000000000a881e8] skins2 interface error: cannot initialize OSFactory
[00007fe7f8003378] ps mux: Open
[0000000000a881e8] [cli] lua interface: Listening on host "*console".
VLC media player 3.0.0-git Vetinari
Command Line Interface initialized. Type `help' for help.
> making a DASHManager
new ratebased adaptionlogic
Chunk bitrate: 0 349952
Buffer size: 0 0
Chunk bitrate: 0 349952
Buffer size: 0 0
[00007fe7f8026f38] mp4 demux: Fragment sequence discontinuity detected 0 != 2
Download Time: 1390058
[00007fe7f8017ca8] mp4 demux: Fragment sequence discontinuity detected 0 != 2
Startup Time: 1050000
Chunk bitrate: 0 349952
Buffer size: 1 4001
Download Time: 851289
Chunk bitrate: 1 349952
Buffer size: 2 8001
Download Time: 526528
Download Time: 247750
Chunk bitrate: 2 600000
Buffer size: 2 12001
Chunk bitrate: 2 600000
Buffer size: 3 12001
Download Time: 1739752
Chunk bitrate: 3 349952
Buffer size: 3 16001
Chunk bitrate: 3 349952
Buffer size: 4 16001
Download Time: 611908
Chunk bitrate: 4 600000
Buffer size: 4 20001
Chunk bitrate: 4 600000
Buffer size: 5 20001
Download Time: 1053671
Chunk bitrate: 5 349952
Buffer size: 5 24001
Chunk bitrate: 5 349952
Buffer size: 6 24001
Download Time: 451005
Chunk bitrate: 6 600000
Buffer size: 6 28001
Chunk bitrate: 6 600000
Buffer size: 7 28001
Download Time: 854325
Chunk bitrate: 7 600000
Buffer size: 8 32001
Download Time: 1018480
Chunk bitrate: 8 600000
Buffer size: 9 36001
Download Time: 1100864
Chunk bitrate: 9 600000
Buffer size: 10 40001
Download Time: 1344419
Chunk bitrate: 10 349952
Buffer size: 10 44001
Chunk bitrate: 10 349952
Buffer size: 11 44001
Download Time: 603312
Chunk bitrate: 11 349952
Buffer size: 12 48001
Download Time: 1103262
Chunk bitrate: 12 600000
Buffer size: 12 52001
Chunk bitrate: 12 600000
Buffer size: 13 52001
Download Time: 892243
Chunk bitrate: 13 600000
Buffer size: 14 56001
Download Time: 853950
Chunk bitrate: 14 600000
Buffer size: 15 60001
Download Time: 1058952
Chunk bitrate: 15 349952
Buffer size: 15 64001
Chunk bitrate: 15 349952
Buffer size: 16 64001
Download Time: 525454
Chunk bitrate: 16 1000000
Buffer size: 16 68001
Chunk bitrate: 16 1000000
Buffer size: 17 68001
Download Time: 1053957
Chunk bitrate: 17 349952
Buffer size: 17 72001
Chunk bitrate: 17 349952
Buffer size: 18 72001
Download Time: 689212
Chunk bitrate: 18 600000
Buffer size: 18 76001
Chunk bitrate: 18 600000
Buffer size: 19 76001
Download Time: 930036
Chunk bitrate: 19 349952
Buffer size: 19 80001
Chunk bitrate: 19 349952
Buffer size: 20 80001
Download Time: 647720
Chunk bitrate: 20 349952
Buffer size: 21 84001
Download Time: 321374
Chunk bitrate: 21 349952
Buffer size: 22 88001
Download Time: 571870
Chunk bitrate: 22 349952
Buffer size: 23 92001
Download Time: 810654
Chunk bitrate: 23 349952
Buffer size: 24 96001
Download Time: 1459097
Chunk bitrate: 24 349952
Buffer size: 25 100001
Download Time: 608833
Chunk bitrate: 25 349952
Buffer size: 26 104001
Download Time: 1012431
Chunk bitrate: 26 1000000
Buffer size: 26 108001
Chunk bitrate: 26 1000000
Buffer size: 27 108001
Download Time: 733544
Chunk bitrate: 27 600000
Buffer size: 27 112001
Chunk bitrate: 27 600000
Buffer size: 28 112001
Download Time: 859117
Chunk bitrate: 28 600000
Buffer size: 29 116001
Download Time: 1460490
Chunk bitrate: 29 349952
Buffer size: 29 120001
Chunk bitrate: 29 349952
Buffer size: 30 120001
Download Time: 531007
Chunk bitrate: 30 349952
Buffer size: 31 124001
Download Time: 404359
Chunk bitrate: 31 600000
Buffer size: 31 128001
Chunk bitrate: 31 600000
Buffer size: 32 128001
Download Time: 931066
[00007fe7f8003378] core mux error: cannot add this stream
[00007fe7f80edba8] core decoder error: cannot create packetizer output (h264)
Chunk bitrate: 32 600000
Buffer size: 33 132001
Download Time: 1425702
Chunk bitrate: 33 600000
Buffer size: 34 136001
Download Time: 979407
Chunk bitrate: 34 349952
Buffer size: 34 140001
Chunk bitrate: 34 349952
Buffer size: 35 140001
Download Time: 435721
[00007fe7f8003378] core mux error: cannot add this stream
[00007fe7f80e6498] core decoder error: cannot create packetizer output (h264)
Chunk bitrate: 35 1000000
Buffer size: 35 144001
Chunk bitrate: 35 1000000
Buffer size: 36 144001
Download Time: 2234494
[00007fe7f8003378] core mux error: cannot add this stream
[00007fe7f80e5bb8] core decoder error: cannot create packetizer output (h264)
Chunk bitrate: 36 349952
Buffer size: 36 148001
Chunk bitrate: 36 349952
Buffer size: 37 148001
Download Time: 485524
[00007fe7f8003378] core mux error: cannot add this stream
[00007fe7f80eb808] core decoder error: cannot create packetizer output (h264)
Chunk bitrate: 37 600000
Buffer size: 37 152001
Chunk bitrate: 37 600000
Buffer size: 38 152001
Download Time: 974209
[00007fe7f8003378] core mux error: cannot add this stream
[00007fe7f80f8328] core decoder error: cannot create packetizer output (h264)
Chunk bitrate: 38 1000000
Buffer size: 38 156001
Chunk bitrate: 38 1000000
Buffer size: 39 156001
Download Time: 2070025
[00007fe7f8003378] core mux error: cannot add this stream
[00007fe7f8121c58] core decoder error: cannot create packetizer output (h264)
Chunk bitrate: 39 600000
Buffer size: 39 160001
Chunk bitrate: 39 600000
Buffer size: 40 160001
Download Time: 731491
[00007fe7f8003378] core mux error: cannot add this stream
[00007fe7f80e56b8] core decoder error: cannot create packetizer output (h264)
Chunk bitrate: 40 349952
Buffer size: 40 164001
Chunk bitrate: 40 349952
Buffer size: 41 164001
Download Time: 736355
[00007fe7f8003378] core mux error: cannot add this stream
[00007fe7f80d8928] core decoder error: cannot create packetizer output (h264)
Chunk bitrate: 41 349952
Buffer size: 42 168001
Download Time: 567917
Chunk bitrate: 42 600000
Buffer size: 42 172001
Chunk bitrate: 42 600000
Buffer size: 43 172001
Download Time: 1008451
[00007fe7f8003378] core mux error: cannot add this stream
[00007fe7f8106318] core decoder error: cannot create packetizer output (h264)
Chunk bitrate: 43 600000
Buffer size: 44 176001
Download Time: 731376
Chunk bitrate: 44 349952
Buffer size: 44 180001
Chunk bitrate: 44 349952
Buffer size: 45 180001
Download Time: 487645
[00007fe7f8003378] core mux error: cannot add this stream
[00007fe7f80dbb68] core decoder error: cannot create packetizer output (h264)
Chunk bitrate: 45 600000
Buffer size: 45 184001
Chunk bitrate: 45 600000
Buffer size: 46 184001
Download Time: 802642
[00007fe7f8003378] core mux error: cannot add this stream
[00007fe7f810ea88] core decoder error: cannot create packetizer output (h264)
Chunk bitrate: 46 600000
Buffer size: 47 188001
Download Time: 852498
Chunk bitrate: 47 349952
Buffer size: 47 192001
Chunk bitrate: 47 349952
Buffer size: 48 192001
Download Time: 487029
[00007fe7f8003378] core mux error: cannot add this stream
[00007fe7f80bdaf8] core decoder error: cannot create packetizer output (h264)
Chunk bitrate: 48 349952
Buffer size: 49 196001
Download Time: 811561
Chunk bitrate: 49 600000
Buffer size: 49 200001
Chunk bitrate: 49 600000
Buffer size: 50 200001
Download Time: 1335614
[00007fe7f8003378] core mux error: cannot add this stream
[00007fe7f8111808] core decoder error: cannot create packetizer output (h264)
Chunk bitrate: 50 349952
Buffer size: 50 204001
Chunk bitrate: 50 349952
Buffer size: 51 204001
Download Time: 648384
[00007fe7f8003378] core mux error: cannot add this stream
[00007fe7f80ca888] core decoder error: cannot create packetizer output (h264)
Chunk bitrate: 51 600000
Buffer size: 51 208001
Chunk bitrate: 51 600000
Buffer size: 52 208001
Download Time: 1296164
[00007fe7f8003378] core mux error: cannot add this stream
[00007fe7f811b9e8] core decoder error: cannot create packetizer output (h264)
Chunk bitrate: 52 600000
Buffer size: 53 212001
Download Time: 1504068
Chunk bitrate: 53 600000
Buffer size: 54 216001
Download Time: 733749
Chunk bitrate: 54 349952
Buffer size: 54 220001
Chunk bitrate: 54 349952
Buffer size: 55 220001
Download Time: 735430
[00007fe7f8003378] core mux error: cannot add this stream
[00007fe7f81059c8] core decoder error: cannot create packetizer output (h264)
Chunk bitrate: 55 600000
Buffer size: 55 224001
Chunk bitrate: 55 600000
Buffer size: 56 224001
Download Time: 935926
[00007fe7f8003378] core mux error: cannot add this stream
[00007fe7f8124938] core decoder error: cannot create packetizer output (h264)
Chunk bitrate: 56 600000
Buffer size: 57 228001
Download Time: 695306
Chunk bitrate: 57 600000
Buffer size: 58 232001
Download Time: 489696
Chunk bitrate: 58 349952
Buffer size: 58 236001
Chunk bitrate: 58 349952
Buffer size: 59 236001
Download Time: 1062053
[00007fe7f8003378] core mux error: cannot add this stream
[00007fe7f80dd538] core decoder error: cannot create packetizer output (h264)
Chunk bitrate: 59 600000
Buffer size: 59 240001
Chunk bitrate: 59 600000
Buffer size: 60 240001
Download Time: 968259
[00007fe7f8003378] core mux error: cannot add this stream
[00007fe7f812da58] core decoder error: cannot create packetizer output (h264)
Chunk bitrate: 60 349952
Buffer size: 60 244001
Chunk bitrate: 60 349952
Buffer size: 61 244001
Download Time: 1549401
[00007fe7f8003378] core mux error: cannot add this stream
[00007fe7f80d4988] core decoder error: cannot create packetizer output (h264)
Chunk bitrate: 61 349952
Buffer size: 62 248001
Download Time: 323821
Chunk bitrate: 62 600000
Buffer size: 62 252001
Chunk bitrate: 62 600000
Buffer size: 63 252001
Download Time: 358604
[00007fe7f8003378] core mux error: cannot add this stream
[00007fe7f80a1df8] core decoder error: cannot create packetizer output (h264)
Chunk bitrate: 63 600000
Buffer size: 64 256001
Download Time: 392901
Chunk bitrate: 64 600000
Buffer size: 65 260001
[00007fe7f8003378] ps mux: Close
[00007fe7f8085428] idummy demux: command `quit'
[0000000000a881e8] [cli] lua interface error: Error loading script /home/cs244/vlc/share/lua/intf/cli.luac: lua/intf/modules/host.lua:286: Interrupted.
