[0000000000c8c1e8] core interface error: no suitable interface module
[0000000000bc3338] core libvlc error: interface "globalhotkeys,none" initialization failed
[0000000000c8c1e8] dbus interface error: Failed to connect to the D-Bus session daemon: Unable to autolaunch a dbus-daemon without a $DISPLAY for X11
[0000000000c8c1e8] core interface error: no suitable interface module
[0000000000bc3338] core libvlc error: interface "dbus,none" initialization failed
[0000000000bc3338] core libvlc: Running vlc with the default interface. Use 'cvlc' to use vlc without interface.
[0000000000c8c1e8] qt interface error: Could not connect to X server
[0000000000c8c1e8] skins2 interface error: cannot initialize OSFactory
[00007f1018003378] ps mux: Open
[0000000000c8c1e8] [cli] lua interface: Listening on host "*console".
VLC media player 3.0.0-git Vetinari
Command Line Interface initialized. Type `help' for help.
> making a DASHManager
new ratebased adaptionlogic
Chunk bitrate: 0 349952
Buffer size: 0 0
Chunk bitrate: 0 349952
Buffer size: 0 0
[00007f1018027768] mp4 demux: Fragment sequence discontinuity detected 0 != 2
Download Time: 775805
[00007f101801a198] mp4 demux: Fragment sequence discontinuity detected 0 != 2
Startup Time: 1050000
Chunk bitrate: 0 600000
Buffer size: 0 4001
Chunk bitrate: 0 600000
Buffer size: 1 4001
Download Time: 1107349
Chunk bitrate: 1 600000
Buffer size: 2 8001
Download Time: 619731
Chunk bitrate: 2 600000
Buffer size: 3 12001
Download Time: 924110
Chunk bitrate: 3 1000000
Buffer size: 3 16001
Chunk bitrate: 3 1000000
Buffer size: 4 16001
Download Time: 1563290
Chunk bitrate: 4 600000
Buffer size: 4 20001
Chunk bitrate: 4 600000
Buffer size: 5 20001
Download Time: 1132894
Chunk bitrate: 5 600000
Buffer size: 6 24001
Download Time: 848648
Chunk bitrate: 6 349952
Buffer size: 6 28001
Download Time: 95028
Chunk bitrate: 6 349952
Buffer size: 7 28001
Download Time: 618122
Chunk bitrate: 7 349952
Buffer size: 8 32001
Download Time: 615633
Chunk bitrate: 8 349952
Buffer size: 9 36001
Download Time: 750139
Chunk bitrate: 9 600000
Buffer size: 9 40001
Chunk bitrate: 9 600000
Buffer size: 10 40001
Download Time: 875927
Chunk bitrate: 10 600000
Buffer size: 11 44001
Download Time: 780864
Chunk bitrate: 11 349952
Buffer size: 11 48001
Chunk bitrate: 11 349952
Buffer size: 12 48001
Download Time: 686563
Chunk bitrate: 12 600000
Buffer size: 12 52001
Chunk bitrate: 12 600000
Buffer size: 13 52001
Download Time: 1004705
Chunk bitrate: 13 600000
Buffer size: 14 56001
Download Time: 1035739
Chunk bitrate: 14 1000000
Buffer size: 14 60001
Chunk bitrate: 14 1000000
Buffer size: 15 60001
Download Time: 1464543
Chunk bitrate: 15 349952
Buffer size: 15 64001
Chunk bitrate: 15 349952
Buffer size: 16 64001
Download Time: 774504
Chunk bitrate: 16 349952
Buffer size: 17 68001
Download Time: 451468
Chunk bitrate: 17 349952
Buffer size: 18 72001
Download Time: 1076053
Chunk bitrate: 18 600000
Buffer size: 18 76001
Chunk bitrate: 18 600000
Buffer size: 19 76001
Download Time: 621645
Chunk bitrate: 19 600000
Buffer size: 20 80001
Download Time: 1535069
Chunk bitrate: 20 1000000
Buffer size: 20 84001
Chunk bitrate: 20 1000000
Buffer size: 21 84001
Download Time: 975667
Chunk bitrate: 21 1000000
Buffer size: 22 88001
Download Time: 1599387
Chunk bitrate: 22 349952
Buffer size: 22 92001
Chunk bitrate: 22 349952
Buffer size: 23 92001
Download Time: 688020
Chunk bitrate: 23 349952
Buffer size: 24 96001
Download Time: 647608
Chunk bitrate: 24 349952
Buffer size: 25 100001
Download Time: 654972
Chunk bitrate: 25 349952
Buffer size: 26 104001
Download Time: 649794
Chunk bitrate: 26 600000
Buffer size: 26 108001
Chunk bitrate: 26 600000
Buffer size: 27 108001
Download Time: 652026
Chunk bitrate: 27 349952
Buffer size: 27 112001
Chunk bitrate: 27 349952
Buffer size: 28 112001
Download Time: 630055
Chunk bitrate: 28 1000000
Buffer size: 28 116001
Chunk bitrate: 28 1000000
Buffer size: 29 116001
Download Time: 1759179
Chunk bitrate: 29 349952
Buffer size: 29 120001
Chunk bitrate: 29 349952
Buffer size: 30 120001
Download Time: 521028
[00007f1018003378] core mux error: cannot add this stream
[00007f101802eca8] core decoder error: cannot create packetizer output (h264)
Chunk bitrate: 30 600000
Buffer size: 30 124001
Chunk bitrate: 30 600000
Buffer size: 31 124001
Download Time: 1075410
[00007f1018003378] core mux error: cannot add this stream
[00007f10180dc298] core decoder error: cannot create packetizer output (h264)
Chunk bitrate: 31 349952
Buffer size: 31 128001
Chunk bitrate: 31 349952
Buffer size: 32 128001
Download Time: 744228
[00007f1018003378] core mux error: cannot add this stream
[00007f10180b9f38] core decoder error: cannot create packetizer output (h264)
Chunk bitrate: 32 600000
Buffer size: 32 132001
Chunk bitrate: 32 600000
Buffer size: 33 132001
Download Time: 1173758
[00007f1018003378] core mux error: cannot add this stream
[00007f10180e9698] core decoder error: cannot create packetizer output (h264)
Chunk bitrate: 33 349952
Buffer size: 33 136001
Chunk bitrate: 33 349952
Buffer size: 34 136001
Download Time: 838787
[00007f1018003378] core mux error: cannot add this stream
[00007f10180d2f28] core decoder error: cannot create packetizer output (h264)
Chunk bitrate: 34 600000
Buffer size: 34 140001
Download Time: 164506
Chunk bitrate: 34 600000
Buffer size: 35 140001
Download Time: 1528276
[00007f1018003378] core mux error: cannot add this stream
[00007f10180d28f8] core decoder error: cannot create packetizer output (h264)
Chunk bitrate: 35 600000
Buffer size: 36 144001
Download Time: 1104895
Chunk bitrate: 36 600000
Buffer size: 37 148001
Download Time: 1500837
Chunk bitrate: 37 349952
Buffer size: 37 152001
Chunk bitrate: 37 349952
Buffer size: 38 152001
Download Time: 619864
[00007f1018003378] core mux error: cannot add this stream
[00007f10180987b8] core decoder error: cannot create packetizer output (h264)
Chunk bitrate: 38 1000000
Buffer size: 38 156001
Chunk bitrate: 38 1000000
Buffer size: 39 156001
Download Time: 1270812
[00007f1018003378] core mux error: cannot add this stream
[00007f1018123cf8] core decoder error: cannot create packetizer output (h264)
Chunk bitrate: 39 600000
Buffer size: 39 160001
Chunk bitrate: 39 600000
Buffer size: 40 160001
Download Time: 1139710
[00007f1018003378] core mux error: cannot add this stream
[00007f10180e2518] core decoder error: cannot create packetizer output (h264)
Chunk bitrate: 40 600000
Buffer size: 41 164001
Download Time: 1274247
Chunk bitrate: 41 349952
Buffer size: 41 168001
Chunk bitrate: 41 349952
Buffer size: 42 168001
Download Time: 590358
[00007f1018003378] core mux error: cannot add this stream
[00007f10180eb958] core decoder error: cannot create packetizer output (h264)
Chunk bitrate: 42 349952
Buffer size: 43 172001
Download Time: 815042
Chunk bitrate: 43 600000
Buffer size: 43 176001
Chunk bitrate: 43 600000
Buffer size: 44 176001
Download Time: 850066
[00007f1018003378] core mux error: cannot add this stream
[00007f1018103758] core decoder error: cannot create packetizer output (h264)
Chunk bitrate: 44 600000
Buffer size: 45 180001
Download Time: 939989
Chunk bitrate: 45 600000
Buffer size: 46 184001
Download Time: 1137837
Chunk bitrate: 46 600000
Buffer size: 47 188001
Download Time: 945760
Chunk bitrate: 47 600000
Buffer size: 48 192001
Download Time: 782992
Chunk bitrate: 48 1000000
Buffer size: 48 196001
Chunk bitrate: 48 1000000
Buffer size: 49 196001
Download Time: 1628244
[00007f1018003378] core mux error: cannot add this stream
[00007f101814b468] core decoder error: cannot create packetizer output (h264)
Chunk bitrate: 49 349952
Buffer size: 49 200001
Chunk bitrate: 49 349952
Buffer size: 50 200001
Download Time: 746457
[00007f1018003378] core mux error: cannot add this stream
[00007f10180f53d8] core decoder error: cannot create packetizer output (h264)
Chunk bitrate: 50 349952
Buffer size: 51 204001
Download Time: 585524
Chunk bitrate: 51 1000000
Buffer size: 51 208001
Chunk bitrate: 51 1000000
Buffer size: 52 208001
Download Time: 1206094
[00007f1018003378] core mux error: cannot add this stream
[00007f10180faf08] core decoder error: cannot create packetizer output (h264)
Chunk bitrate: 52 600000
Buffer size: 52 212001
Chunk bitrate: 52 600000
Buffer size: 53 212001
Download Time: 719288
[00007f1018003378] core mux error: cannot add this stream
[00007f1018115658] core decoder error: cannot create packetizer output (h264)
Chunk bitrate: 53 600000
Buffer size: 54 216001
Download Time: 878582
Chunk bitrate: 54 1000000
Buffer size: 54 220001
Chunk bitrate: 54 1000000
Buffer size: 55 220001
Download Time: 1404416
[00007f1018003378] core mux error: cannot add this stream
[00007f101806ee98] core decoder error: cannot create packetizer output (h264)
Chunk bitrate: 55 600000
Buffer size: 55 224001
Chunk bitrate: 55 600000
Buffer size: 56 224001
Download Time: 1310967
[00007f1018003378] core mux error: cannot add this stream
[00007f1018122ac8] core decoder error: cannot create packetizer output (h264)
Chunk bitrate: 56 1000000
Buffer size: 56 228001
Chunk bitrate: 56 1000000
Buffer size: 57 228001
Download Time: 914906
[00007f1018003378] core mux error: cannot add this stream
[00007f10181309e8] core decoder error: cannot create packetizer output (h264)
Chunk bitrate: 57 600000
Buffer size: 57 232001
Chunk bitrate: 57 600000
Buffer size: 58 232001
Download Time: 524118
[00007f1018003378] core mux error: cannot add this stream
[00007f10180aac28] core decoder error: cannot create packetizer output (h264)
Chunk bitrate: 58 600000
Buffer size: 59 236001
Download Time: 1341072
Chunk bitrate: 59 600000
Buffer size: 60 240001
Download Time: 974988
Chunk bitrate: 60 600000
Buffer size: 61 244001
Download Time: 846208
Chunk bitrate: 61 349952
Buffer size: 61 248001
Chunk bitrate: 61 349952
Buffer size: 62 248001
Download Time: 361162
[00007f1018003378] core mux error: cannot add this stream
[00007f10180bf628] core decoder error: cannot create packetizer output (h264)
Chunk bitrate: 62 600000
Buffer size: 62 252001
Chunk bitrate: 62 600000
Buffer size: 63 252001
Download Time: 515441
[00007f1018003378] core mux error: cannot add this stream
[00007f10180b0ac8] core decoder error: cannot create packetizer output (h264)
Chunk bitrate: 63 349952
Buffer size: 63 256001
Chunk bitrate: 63 349952
Buffer size: 64 256001
Download Time: 293085
[00007f1018003378] core mux error: cannot add this stream
[00007f101810e6b8] core decoder error: cannot create packetizer output (h264)
Chunk bitrate: 64 600000
Buffer size: 64 260001
Chunk bitrate: 64 600000
Buffer size: 65 260001
[00007f1018003378] ps mux: Close
[00007f10140015f8] idummy demux: command `quit'
[0000000000c8c1e8] [cli] lua interface error: Error loading script /home/cs244/vlc/share/lua/intf/cli.luac: lua/intf/modules/host.lua:286: Interrupted.
