[0000000002053548] core interface error: no suitable interface module
[0000000001f8c338] core libvlc error: interface "globalhotkeys,none" initialization failed
[0000000002053548] dbus interface error: Failed to connect to the D-Bus session daemon: Unable to autolaunch a dbus-daemon without a $DISPLAY for X11
[0000000002053548] core interface error: no suitable interface module
[0000000001f8c338] core libvlc error: interface "dbus,none" initialization failed
[0000000001f8c338] core libvlc: Running vlc with the default interface. Use 'cvlc' to use vlc without interface.
[0000000002053548] qt interface error: Could not connect to X server
[0000000002053548] skins2 interface error: cannot initialize OSFactory
[0000000002053548] [cli] lua interface: Listening on host "*console".
VLC media player 3.0.0-git Vetinari
Command Line Interface initialized. Type `help' for help.
> [00007fed64003378] ps mux: Open
making a DASHManager
new ratebased adaptionlogic
Chunk bitrate: 0 349952
Buffer size: 0 0
Download Time: 288961
Chunk bitrate: 0 349952
Buffer size: 0 0
[00007fed640170f8] mp4 demux: Fragment sequence discontinuity detected 0 != 2
Download Time: 608339
[00007fed64018b18] mp4 demux: Fragment sequence discontinuity detected 0 != 2
Startup Time: 1050000
Chunk bitrate: 0 600000
Buffer size: 0 4001
Chunk bitrate: 0 600000
Buffer size: 1 4001
Download Time: 1051688
Chunk bitrate: 1 600000
Buffer size: 2 8001
Download Time: 768810
Chunk bitrate: 2 1000000
Buffer size: 2 12001
Chunk bitrate: 2 1000000
Buffer size: 3 12001
Download Time: 1669428
Chunk bitrate: 3 1000000
Buffer size: 4 16001
Download Time: 976079
Chunk bitrate: 4 600000
Buffer size: 4 20001
Chunk bitrate: 4 600000
Buffer size: 5 20001
Download Time: 932047
Chunk bitrate: 5 600000
Buffer size: 6 24001
Download Time: 695352
Chunk bitrate: 6 349952
Buffer size: 6 28001
Chunk bitrate: 6 349952
Buffer size: 7 28001
Download Time: 771526
Chunk bitrate: 7 600000
Buffer size: 7 32001
Chunk bitrate: 7 600000
Buffer size: 8 32001
Download Time: 1831439
Chunk bitrate: 8 349952
Buffer size: 8 36001
Chunk bitrate: 8 349952
Buffer size: 9 36001
Download Time: 610340
Chunk bitrate: 9 349952
Buffer size: 10 40001
Download Time: 1058121
Chunk bitrate: 10 600000
Buffer size: 10 44001
Chunk bitrate: 10 600000
Buffer size: 11 44001
Download Time: 611267
Chunk bitrate: 11 349952
Buffer size: 11 48001
Chunk bitrate: 11 349952
Buffer size: 12 48001
Download Time: 449542
Chunk bitrate: 12 600000
Buffer size: 12 52001
Chunk bitrate: 12 600000
Buffer size: 13 52001
Download Time: 1177573
Chunk bitrate: 13 349952
Buffer size: 13 56001
Chunk bitrate: 13 349952
Buffer size: 14 56001
Download Time: 942803
Chunk bitrate: 14 600000
Buffer size: 14 60001
Chunk bitrate: 14 600000
Buffer size: 15 60001
Download Time: 1102361
Chunk bitrate: 15 600000
Buffer size: 16 64001
Download Time: 1139719
Chunk bitrate: 16 349952
Buffer size: 16 68001
Chunk bitrate: 16 349952
Buffer size: 17 68001
Download Time: 729290
Chunk bitrate: 17 600000
Buffer size: 17 72001
Chunk bitrate: 17 600000
Buffer size: 18 72001
Download Time: 1428816
Chunk bitrate: 18 600000
Buffer size: 19 76001
Download Time: 524978
Chunk bitrate: 19 600000
Buffer size: 20 80001
Download Time: 1216217
Chunk bitrate: 20 600000
Buffer size: 21 84001
Download Time: 1503473
Chunk bitrate: 21 600000
Buffer size: 22 88001
Download Time: 807143
Chunk bitrate: 22 1000000
Buffer size: 22 92001
Chunk bitrate: 22 1000000
Buffer size: 23 92001
Download Time: 1383581
Chunk bitrate: 23 600000
Buffer size: 23 96001
Chunk bitrate: 23 600000
Buffer size: 24 96001
Download Time: 1262034
Chunk bitrate: 24 1000000
Buffer size: 24 100001
Chunk bitrate: 24 1000000
Buffer size: 25 100001
Download Time: 896561
[00007fed64003378] core mux error: cannot add this stream
[00007fed6405bd48] core decoder error: cannot create packetizer output (h264)
Chunk bitrate: 25 1000000
Buffer size: 26 104001
Download Time: 1382645
Chunk bitrate: 26 600000
Buffer size: 26 108001
Chunk bitrate: 26 600000
Buffer size: 27 108001
Download Time: 528065
[00007fed64003378] core mux error: cannot add this stream
[00007fed640a4858] core decoder error: cannot create packetizer output (h264)
Chunk bitrate: 27 349952
Buffer size: 27 112001
Chunk bitrate: 27 349952
Buffer size: 28 112001
Download Time: 2073744
[00007fed64003378] core mux error: cannot add this stream
[00007fed64095a48] core decoder error: cannot create packetizer output (h264)
Chunk bitrate: 28 349952
Buffer size: 29 116001
Download Time: 789015
Chunk bitrate: 29 600000
Buffer size: 29 120001
Chunk bitrate: 29 600000
Buffer size: 30 120001
Download Time: 892291
[00007fed64003378] core mux error: cannot add this stream
[00007fed640cc2d8] core decoder error: cannot create packetizer output (h264)
Chunk bitrate: 30 600000
Buffer size: 31 124001
Download Time: 1266856
Chunk bitrate: 31 600000
Buffer size: 32 128001
Download Time: 937248
Chunk bitrate: 32 600000
Buffer size: 33 132001
Download Time: 1383528
Chunk bitrate: 33 349952
Buffer size: 33 136001
Chunk bitrate: 33 349952
Buffer size: 34 136001
Download Time: 770163
[00007fed64003378] core mux error: cannot add this stream
[00007fed640e6528] core decoder error: cannot create packetizer output (h264)
Chunk bitrate: 34 600000
Buffer size: 34 140001
Chunk bitrate: 34 600000
Buffer size: 35 140001
Download Time: 813902
[00007fed64003378] core mux error: cannot add this stream
[00007fed640efa78] core decoder error: cannot create packetizer output (h264)
Chunk bitrate: 35 349952
Buffer size: 35 144001
Chunk bitrate: 35 349952
Buffer size: 36 144001
Download Time: 651368
[00007fed64003378] core mux error: cannot add this stream
[00007fed640edd88] core decoder error: cannot create packetizer output (h264)
Chunk bitrate: 36 600000
Buffer size: 36 148001
Chunk bitrate: 36 600000
Buffer size: 37 148001
Download Time: 936793
[00007fed64003378] core mux error: cannot add this stream
[00007fed640fa698] core decoder error: cannot create packetizer output (h264)
Chunk bitrate: 37 1000000
Buffer size: 37 152001
Chunk bitrate: 37 1000000
Buffer size: 38 152001
Download Time: 1429784
[00007fed64003378] core mux error: cannot add this stream
[00007fed64138f08] core decoder error: cannot create packetizer output (h264)
Chunk bitrate: 38 2000000
Buffer size: 38 156001
Chunk bitrate: 38 2000000
Buffer size: 39 156001
Download Time: 2644928
[00007fed64003378] core mux error: cannot add this stream
[00007fed64053ee8] core decoder error: cannot create packetizer output (h264)
Chunk bitrate: 39 600000
Buffer size: 39 160001
Chunk bitrate: 39 600000
Buffer size: 40 160001
Download Time: 937280
[00007fed64003378] core mux error: cannot add this stream
[00007fed640f1ee8] core decoder error: cannot create packetizer output (h264)
Chunk bitrate: 40 600000
Buffer size: 41 164001
Download Time: 1339023
Chunk bitrate: 41 600000
Buffer size: 42 168001
Download Time: 895078
Chunk bitrate: 42 349952
Buffer size: 42 172001
Chunk bitrate: 42 349952
Buffer size: 43 172001
Download Time: 656138
[00007fed64003378] core mux error: cannot add this stream
[00007fed640e2788] core decoder error: cannot create packetizer output (h264)
Chunk bitrate: 43 600000
Buffer size: 43 176001
Chunk bitrate: 43 600000
Buffer size: 44 176001
Download Time: 1224301
[00007fed64003378] core mux error: cannot add this stream
[00007fed641069d8] core decoder error: cannot create packetizer output (h264)
Chunk bitrate: 44 600000
Buffer size: 45 180001
Download Time: 1468878
Chunk bitrate: 45 349952
Buffer size: 45 184001
Chunk bitrate: 45 349952
Buffer size: 46 184001
Download Time: 737959
[00007fed64003378] core mux error: cannot add this stream
[00007fed640cbe78] core decoder error: cannot create packetizer output (h264)
Chunk bitrate: 46 600000
Buffer size: 46 188001
Chunk bitrate: 46 600000
Buffer size: 47 188001
Download Time: 1305431
[00007fed64003378] core mux error: cannot add this stream
[00007fed640730e8] core decoder error: cannot create packetizer output (h264)
Chunk bitrate: 47 349952
Buffer size: 47 192001
Chunk bitrate: 47 349952
Buffer size: 48 192001
Download Time: 567969
[00007fed64003378] core mux error: cannot add this stream
[00007fed640a3038] core decoder error: cannot create packetizer output (h264)
Chunk bitrate: 48 600000
Buffer size: 48 196001
Chunk bitrate: 48 600000
Buffer size: 49 196001
Download Time: 1423134
[00007fed64003378] core mux error: cannot add this stream
[00007fed6411b518] core decoder error: cannot create packetizer output (h264)
Chunk bitrate: 49 349952
Buffer size: 49 200001
Chunk bitrate: 49 349952
Buffer size: 50 200001
Download Time: 1306884
[00007fed64003378] core mux error: cannot add this stream
[00007fed64101a38] core decoder error: cannot create packetizer output (h264)
Chunk bitrate: 50 1000000
Buffer size: 50 204001
Chunk bitrate: 50 1000000
Buffer size: 51 204001
Download Time: 1186953
[00007fed64003378] core mux error: cannot add this stream
[00007fed641383f8] core decoder error: cannot create packetizer output (h264)
Chunk bitrate: 51 600000
Buffer size: 51 208001
Download Time: 167463
Chunk bitrate: 51 600000
Buffer size: 52 208001
Download Time: 1100371
[00007fed64003378] core mux error: cannot add this stream
[00007fed6411fb88] core decoder error: cannot create packetizer output (h264)
Chunk bitrate: 52 349952
Buffer size: 52 212001
Chunk bitrate: 52 349952
Buffer size: 53 212001
Download Time: 653406
[00007fed64003378] core mux error: cannot add this stream
[00007fed64099a58] core decoder error: cannot create packetizer output (h264)
Chunk bitrate: 53 600000
Buffer size: 53 216001
Chunk bitrate: 53 600000
Buffer size: 54 216001
Download Time: 815567
[00007fed64003378] core mux error: cannot add this stream
[00007fed64122f38] core decoder error: cannot create packetizer output (h264)
Chunk bitrate: 54 600000
Buffer size: 55 220001
Download Time: 1251611
Chunk bitrate: 55 349952
Buffer size: 55 224001
Chunk bitrate: 55 349952
Buffer size: 56 224001
Download Time: 941336
[00007fed64003378] core mux error: cannot add this stream
[00007fed64109da8] core decoder error: cannot create packetizer output (h264)
Chunk bitrate: 56 349952
Buffer size: 57 228001
Download Time: 526218
Chunk bitrate: 57 600000
Buffer size: 57 232001
Chunk bitrate: 57 600000
Buffer size: 58 232001
Download Time: 605729
[00007fed64003378] core mux error: cannot add this stream
[00007fed64041688] core decoder error: cannot create packetizer output (h264)
Chunk bitrate: 58 349952
Buffer size: 58 236001
Chunk bitrate: 58 349952
Buffer size: 59 236001
Download Time: 1187968
[00007fed64003378] core mux error: cannot add this stream
[00007fed64101cc8] core decoder error: cannot create packetizer output (h264)
Chunk bitrate: 59 600000
Buffer size: 59 240001
Chunk bitrate: 59 600000
Buffer size: 60 240001
Download Time: 1180729
[00007fed64003378] core mux error: cannot add this stream
[00007fed64136438] core decoder error: cannot create packetizer output (h264)
Chunk bitrate: 60 600000
Buffer size: 61 244001
Download Time: 1218464
Chunk bitrate: 61 349952
Buffer size: 61 248001
Chunk bitrate: 61 349952
Buffer size: 62 248001
Download Time: 199955
[00007fed64003378] core mux error: cannot add this stream
[00007fed640409e8] core decoder error: cannot create packetizer output (h264)
Chunk bitrate: 62 600000
Buffer size: 62 252001
Chunk bitrate: 62 600000
Buffer size: 63 252001
Download Time: 403393
[00007fed64003378] core mux error: cannot add this stream
[00007fed640fb1e8] core decoder error: cannot create packetizer output (h264)
Chunk bitrate: 63 600000
Buffer size: 64 256001
Download Time: 449508
Chunk bitrate: 64 600000
Buffer size: 65 260001
[00007fed64003378] ps mux: Close
[00007fed680015a8] idummy demux: command `quit'
[0000000002053548] [cli] lua interface error: Error loading script /home/cs244/vlc/share/lua/intf/cli.luac: lua/intf/modules/host.lua:286: Interrupted.
