[00000000013631a8] core interface error: no suitable interface module
[000000000129a338] core libvlc error: interface "globalhotkeys,none" initialization failed
[00000000013631a8] dbus interface error: Failed to connect to the D-Bus session daemon: Unable to autolaunch a dbus-daemon without a $DISPLAY for X11
[00000000013631a8] core interface error: no suitable interface module
[000000000129a338] core libvlc error: interface "dbus,none" initialization failed
[000000000129a338] core libvlc: Running vlc with the default interface. Use 'cvlc' to use vlc without interface.
[00000000013631a8] qt interface error: Could not connect to X server
[00000000013631a8] skins2 interface error: cannot initialize OSFactory
[00007f533c003378] ps mux: Open
[00000000013631a8] [cli] lua interface: Listening on host "*console".
VLC media player 3.0.0-git Vetinari
Command Line Interface initialized. Type `help' for help.
> making a DASHManager
new ratebased adaptionlogic
Chunk bitrate: 0 349952
Buffer size: 0 0
Chunk bitrate: 0 349952
Buffer size: 0 0
[00007f533c0192b8] mp4 demux: Fragment sequence discontinuity detected 0 != 2
Download Time: 813457
[00007f533c01a9f8] mp4 demux: Fragment sequence discontinuity detected 0 != 2
Startup Time: 1050000
Chunk bitrate: 0 600000
Buffer size: 0 4001
Chunk bitrate: 0 600000
Buffer size: 1 4001
Download Time: 1067019
Chunk bitrate: 1 600000
Buffer size: 2 8001
Download Time: 733350
Chunk bitrate: 2 349952
Buffer size: 2 12001
Chunk bitrate: 2 349952
Buffer size: 3 12001
Download Time: 693034
Chunk bitrate: 3 600000
Buffer size: 3 16001
Chunk bitrate: 3 600000
Buffer size: 4 16001
Download Time: 775524
Chunk bitrate: 4 349952
Buffer size: 4 20001
Chunk bitrate: 4 349952
Buffer size: 5 20001
Download Time: 898138
Chunk bitrate: 5 600000
Buffer size: 5 24001
Chunk bitrate: 5 600000
Buffer size: 6 24001
Download Time: 1348298
Download Time: 736150
Chunk bitrate: 6 349952
Buffer size: 6 28001
Chunk bitrate: 6 349952
Buffer size: 7 28001
Download Time: 656018
Chunk bitrate: 7 349952
Buffer size: 8 32001
Download Time: 736614
Chunk bitrate: 8 349952
Buffer size: 9 36001
Download Time: 572180
Chunk bitrate: 9 600000
Buffer size: 9 40001
Chunk bitrate: 9 600000
Buffer size: 10 40001
Download Time: 1509727
Chunk bitrate: 10 349952
Buffer size: 10 44001
Chunk bitrate: 10 349952
Buffer size: 11 44001
Download Time: 937404
Chunk bitrate: 11 349952
Buffer size: 12 48001
Download Time: 1379833
Chunk bitrate: 12 349952
Buffer size: 13 52001
Download Time: 695104
Chunk bitrate: 13 600000
Buffer size: 13 56001
Chunk bitrate: 13 600000
Buffer size: 14 56001
Download Time: 1184915
Chunk bitrate: 14 600000
Buffer size: 15 60001
Download Time: 1670930
Chunk bitrate: 15 349952
Buffer size: 15 64001
Chunk bitrate: 15 349952
Buffer size: 16 64001
Download Time: 900542
Chunk bitrate: 16 349952
Buffer size: 17 68001
Download Time: 739328
Chunk bitrate: 17 349952
Buffer size: 18 72001
Download Time: 606041
Chunk bitrate: 18 600000
Buffer size: 18 76001
Chunk bitrate: 18 600000
Buffer size: 19 76001
Download Time: 741480
Chunk bitrate: 19 349952
Buffer size: 19 80001
Chunk bitrate: 19 349952
Buffer size: 20 80001
Download Time: 732412
Chunk bitrate: 20 600000
Buffer size: 20 84001
Chunk bitrate: 20 600000
Buffer size: 21 84001
Download Time: 895619
Chunk bitrate: 21 349952
Buffer size: 21 88001
Chunk bitrate: 21 349952
Buffer size: 22 88001
Download Time: 491905
Chunk bitrate: 22 600000
Buffer size: 22 92001
Chunk bitrate: 22 600000
Buffer size: 23 92001
Download Time: 1059485
Chunk bitrate: 23 600000
Buffer size: 24 96001
Download Time: 1021369
Chunk bitrate: 24 1000000
Buffer size: 24 100001
Chunk bitrate: 24 1000000
Buffer size: 25 100001
Download Time: 1183239
[00007f533c003378] core mux error: cannot add this stream
[00007f533c0adf48] core decoder error: cannot create packetizer output (h264)
Chunk bitrate: 25 600000
Buffer size: 25 104001
Chunk bitrate: 25 600000
Buffer size: 26 104001
Download Time: 735510
[00007f533c003378] core mux error: cannot add this stream
[00007f533c0d88e8] core decoder error: cannot create packetizer output (h264)
Chunk bitrate: 26 600000
Buffer size: 27 108001
Download Time: 776151
Chunk bitrate: 27 349952
Buffer size: 27 112001
Chunk bitrate: 27 349952
Buffer size: 28 112001
Download Time: 978606
[00007f533c003378] core mux error: cannot add this stream
[00007f533c0b98f8] core decoder error: cannot create packetizer output (h264)
Chunk bitrate: 28 349952
Buffer size: 29 116001
Download Time: 654736
Chunk bitrate: 29 600000
Buffer size: 29 120001
Chunk bitrate: 29 600000
Buffer size: 30 120001
Download Time: 1221911
[00007f533c003378] core mux error: cannot add this stream
[00007f533c0da228] core decoder error: cannot create packetizer output (h264)
Chunk bitrate: 30 600000
Buffer size: 31 124001
Download Time: 775281
Chunk bitrate: 31 349952
Buffer size: 31 128001
Chunk bitrate: 31 349952
Buffer size: 32 128001
Download Time: 1463364
[00007f533c003378] core mux error: cannot add this stream
[00007f533c0be3e8] core decoder error: cannot create packetizer output (h264)
Chunk bitrate: 32 349952
Buffer size: 33 132001
Download Time: 571541
Chunk bitrate: 33 600000
Buffer size: 33 136001
Chunk bitrate: 33 600000
Buffer size: 34 136001
Download Time: 1262898
[00007f533c003378] core mux error: cannot add this stream
[00007f533c0f8308] core decoder error: cannot create packetizer output (h264)
Chunk bitrate: 34 349952
Buffer size: 34 140001
Chunk bitrate: 34 349952
Buffer size: 35 140001
Download Time: 859047
[00007f533c003378] core mux error: cannot add this stream
[00007f533c0c1c18] core decoder error: cannot create packetizer output (h264)
Chunk bitrate: 35 600000
Buffer size: 35 144001
Chunk bitrate: 35 600000
Buffer size: 36 144001
Download Time: 1550239
[00007f533c003378] core mux error: cannot add this stream
[00007f533c0ea858] core decoder error: cannot create packetizer output (h264)
Chunk bitrate: 36 349952
Buffer size: 36 148001
Chunk bitrate: 36 349952
Buffer size: 37 148001
Download Time: 648257
[00007f533c003378] core mux error: cannot add this stream
[00007f533c0c45a8] core decoder error: cannot create packetizer output (h264)
Chunk bitrate: 37 349952
Buffer size: 38 152001
Download Time: 730611
Chunk bitrate: 38 1000000
Buffer size: 38 156001
Chunk bitrate: 38 1000000
Buffer size: 39 156001
Download Time: 1545279
[00007f533c003378] core mux error: cannot add this stream
[00007f533c0d4d38] core decoder error: cannot create packetizer output (h264)
Chunk bitrate: 39 600000
Buffer size: 39 160001
Chunk bitrate: 39 600000
Buffer size: 40 160001
Download Time: 896413
[00007f533c003378] core mux error: cannot add this stream
[00007f533c0f19b8] core decoder error: cannot create packetizer output (h264)
Chunk bitrate: 40 600000
Buffer size: 41 164001
Download Time: 1050587
Chunk bitrate: 41 600000
Buffer size: 42 168001
Download Time: 1100527
Chunk bitrate: 42 600000
Buffer size: 43 172001
Download Time: 1018753
Chunk bitrate: 43 600000
Buffer size: 44 176001
Download Time: 896484
Chunk bitrate: 44 600000
Buffer size: 45 180001
Download Time: 851187
Chunk bitrate: 45 1000000
Buffer size: 45 184001
Chunk bitrate: 45 1000000
Buffer size: 46 184001
Download Time: 1707236
[00007f533c003378] core mux error: cannot add this stream
[00007f533c0deee8] core decoder error: cannot create packetizer output (h264)
Chunk bitrate: 46 1000000
Buffer size: 47 188001
Download Time: 1595604
Chunk bitrate: 47 349952
Buffer size: 47 192001
Chunk bitrate: 47 349952
Buffer size: 48 192001
Download Time: 772323
[00007f533c003378] core mux error: cannot add this stream
[00007f533c0c81d8] core decoder error: cannot create packetizer output (h264)
Chunk bitrate: 48 600000
Buffer size: 48 196001
Chunk bitrate: 48 600000
Buffer size: 49 196001
Download Time: 1301867
[00007f533c003378] core mux error: cannot add this stream
[00007f533c115e08] core decoder error: cannot create packetizer output (h264)
Chunk bitrate: 49 600000
Buffer size: 50 200001
Download Time: 1262538
Chunk bitrate: 50 349952
Buffer size: 50 204001
Chunk bitrate: 50 349952
Buffer size: 51 204001
Download Time: 610914
[00007f533c003378] core mux error: cannot add this stream
[00007f533c0ee688] core decoder error: cannot create packetizer output (h264)
Chunk bitrate: 51 349952
Buffer size: 52 208001
Download Time: 816844
Chunk bitrate: 52 349952
Buffer size: 53 212001
Download Time: 775942
Chunk bitrate: 53 349952
Buffer size: 54 216001
Download Time: 655004
Chunk bitrate: 54 349952
Buffer size: 55 220001
Download Time: 769582
Chunk bitrate: 55 600000
Buffer size: 55 224001
Chunk bitrate: 55 600000
Buffer size: 56 224001
Download Time: 1428276
[00007f533c003378] core mux error: cannot add this stream
[00007f533c1237c8] core decoder error: cannot create packetizer output (h264)
Chunk bitrate: 56 349952
Buffer size: 56 228001
Chunk bitrate: 56 349952
Buffer size: 57 228001
Download Time: 940066
[00007f533c003378] core mux error: cannot add this stream
[00007f533c0f3908] core decoder error: cannot create packetizer output (h264)
Chunk bitrate: 57 349952
Buffer size: 58 232001
Download Time: 446297
Chunk bitrate: 58 600000
Buffer size: 58 236001
Chunk bitrate: 58 600000
Buffer size: 59 236001
Download Time: 1469391
[00007f533c003378] core mux error: cannot add this stream
[00007f533c0d5eb8] core decoder error: cannot create packetizer output (h264)
Chunk bitrate: 59 600000
Buffer size: 60 240001
Download Time: 1059578
Chunk bitrate: 60 349952
Buffer size: 60 244001
Chunk bitrate: 60 349952
Buffer size: 61 244001
Download Time: 736043
[00007f533c003378] core mux error: cannot add this stream
[00007f533c0f64c8] core decoder error: cannot create packetizer output (h264)
Chunk bitrate: 61 349952
Buffer size: 62 248001
Download Time: 365253
Chunk bitrate: 62 349952
Buffer size: 63 252001
Download Time: 610848
Chunk bitrate: 63 349952
Buffer size: 64 256001
Download Time: 446173
Chunk bitrate: 64 349952
Buffer size: 65 260001
[00007f533c003378] ps mux: Close
[00007f5330001508] idummy demux: command `quit'
[00000000013631a8] [cli] lua interface error: Error loading script /home/cs244/vlc/share/lua/intf/cli.luac: lua/intf/modules/host.lua:286: Interrupted.
