[0000000001c621a8] core interface error: no suitable interface module
[0000000001b99338] core libvlc error: interface "globalhotkeys,none" initialization failed
[0000000001c621a8] dbus interface error: Failed to connect to the D-Bus session daemon: Unable to autolaunch a dbus-daemon without a $DISPLAY for X11
[0000000001c621a8] core interface error: no suitable interface module
[0000000001b99338] core libvlc error: interface "dbus,none" initialization failed
[0000000001b99338] core libvlc: Running vlc with the default interface. Use 'cvlc' to use vlc without interface.
[0000000001c621a8] qt interface error: Could not connect to X server
[0000000001c621a8] skins2 interface error: cannot initialize OSFactory
[0000000001c621a8] [cli] lua interface: Listening on host "*console".
VLC media player 3.0.0-git Vetinari
Command Line Interface initialized. Type `help' for help.
> [00007fc900003378] ps mux: Open
making a DASHManager
new ratebased adaptionlogic
Chunk bitrate: 0 349952
Buffer size: 0 0
Chunk bitrate: 0 349952
Buffer size: 0 0
[00007fc900027538] mp4 demux: Fragment sequence discontinuity detected 0 != 2
Download Time: 523857
[00007fc9000186e8] mp4 demux: Fragment sequence discontinuity detected 0 != 2
Startup Time: 1050000
Chunk bitrate: 0 600000
Buffer size: 0 4001
Chunk bitrate: 0 600000
Buffer size: 1 4001
Download Time: 652154
Chunk bitrate: 1 600000
Buffer size: 2 8001
Download Time: 554348
Chunk bitrate: 2 1000000
Buffer size: 2 12001
Chunk bitrate: 2 1000000
Buffer size: 3 12001
Download Time: 1307483
Chunk bitrate: 3 600000
Buffer size: 3 16001
Chunk bitrate: 3 600000
Buffer size: 4 16001
Download Time: 878657
Chunk bitrate: 4 1000000
Buffer size: 4 20001
Chunk bitrate: 4 1000000
Buffer size: 5 20001
Download Time: 1304746
Chunk bitrate: 5 600000
Buffer size: 5 24001
Chunk bitrate: 5 600000
Buffer size: 6 24001
Download Time: 383962
Chunk bitrate: 6 1000000
Buffer size: 6 28001
Chunk bitrate: 6 1000000
Buffer size: 7 28001
Download Time: 1042090
Chunk bitrate: 7 600000
Buffer size: 7 32001
Chunk bitrate: 7 600000
Buffer size: 8 32001
Download Time: 884317
Chunk bitrate: 8 1000000
Buffer size: 8 36001
Chunk bitrate: 8 1000000
Buffer size: 9 36001
Download Time: 1471443
Chunk bitrate: 9 1000000
Buffer size: 10 40001
Download Time: 1205179
Chunk bitrate: 10 1000000
Buffer size: 11 44001
Download Time: 977312
Chunk bitrate: 11 1000000
Buffer size: 12 48001
Download Time: 1106210
Chunk bitrate: 12 1000000
Buffer size: 13 52001
Download Time: 1235007
Chunk bitrate: 13 1000000
Buffer size: 14 56001
Download Time: 912538
Download Time: 324925
Chunk bitrate: 14 600000
Buffer size: 14 60001
Chunk bitrate: 14 600000
Buffer size: 15 60001
Download Time: 808089
Chunk bitrate: 15 600000
Buffer size: 16 64001
Download Time: 681176
Chunk bitrate: 16 600000
Buffer size: 17 68001
Download Time: 975972
Chunk bitrate: 17 349952
Buffer size: 17 72001
Chunk bitrate: 17 349952
Buffer size: 18 72001
Download Time: 712181
Chunk bitrate: 18 1000000
Buffer size: 18 76001
Chunk bitrate: 18 1000000
Buffer size: 19 76001
Download Time: 588405
Chunk bitrate: 19 600000
Buffer size: 19 80001
Chunk bitrate: 19 600000
Buffer size: 20 80001
Download Time: 1127018
Chunk bitrate: 20 349952
Buffer size: 20 84001
Chunk bitrate: 20 349952
Buffer size: 21 84001
Download Time: 557721
Chunk bitrate: 21 600000
Buffer size: 21 88001
Chunk bitrate: 21 600000
Buffer size: 22 88001
Download Time: 685967
Chunk bitrate: 22 600000
Buffer size: 23 92001
Download Time: 917775
Chunk bitrate: 23 600000
Buffer size: 24 96001
Download Time: 750945
Chunk bitrate: 24 600000
Buffer size: 25 100001
Download Time: 589071
Chunk bitrate: 25 600000
Buffer size: 26 104001
Download Time: 713194
Chunk bitrate: 26 2000000
Buffer size: 26 108001
Download Time: 362444
Chunk bitrate: 26 2000000
Buffer size: 27 108001
Download Time: 1469218
Chunk bitrate: 27 349952
Buffer size: 27 112001
Chunk bitrate: 27 349952
Buffer size: 28 112001
Download Time: 819074
[00007fc900003378] core mux error: cannot add this stream
[00007fc9000728f8] core decoder error: cannot create packetizer output (h264)
Chunk bitrate: 28 600000
Buffer size: 28 116001
Chunk bitrate: 28 600000
Buffer size: 29 116001
Download Time: 778620
[00007fc900003378] core mux error: cannot add this stream
[00007fc9000d8708] core decoder error: cannot create packetizer output (h264)
Chunk bitrate: 29 600000
Buffer size: 30 120001
Download Time: 653181
Chunk bitrate: 30 1000000
Buffer size: 30 124001
Chunk bitrate: 30 1000000
Buffer size: 31 124001
Download Time: 783148
[00007fc900003378] core mux error: cannot add this stream
[00007fc9000850b8] core decoder error: cannot create packetizer output (h264)
Chunk bitrate: 31 1000000
Buffer size: 32 128001
Download Time: 3189527
Chunk bitrate: 32 600000
Buffer size: 32 132001
Chunk bitrate: 32 600000
Buffer size: 33 132001
Download Time: 1290817
[00007fc900003378] core mux error: cannot add this stream
[00007fc90003c3a8] core decoder error: cannot create packetizer output (h264)
Chunk bitrate: 33 349952
Buffer size: 33 136001
Chunk bitrate: 33 349952
Buffer size: 34 136001
Download Time: 489311
[00007fc900003378] core mux error: cannot add this stream
[00007fc9000895a8] core decoder error: cannot create packetizer output (h264)
Chunk bitrate: 34 600000
Buffer size: 34 140001
Download Time: 194058
Chunk bitrate: 34 600000
Buffer size: 35 140001
Download Time: 920295
[00007fc900003378] core mux error: cannot add this stream
[00007fc9000b5a98] core decoder error: cannot create packetizer output (h264)
Chunk bitrate: 35 600000
Buffer size: 36 144001
Download Time: 683318
Chunk bitrate: 36 600000
Buffer size: 37 148001
Download Time: 583545
Chunk bitrate: 37 600000
Buffer size: 38 152001
Download Time: 681823
Chunk bitrate: 38 2000000
Buffer size: 38 156001
Download Time: 65971
Chunk bitrate: 38 2000000
Buffer size: 39 156001
Download Time: 1367410
[00007fc900003378] core mux error: cannot add this stream
[00007fc90004b748] core decoder error: cannot create packetizer output (h264)
Chunk bitrate: 39 1000000
Buffer size: 39 160001
Chunk bitrate: 39 1000000
Buffer size: 40 160001
Download Time: 675466
[00007fc900003378] core mux error: cannot add this stream
[00007fc9000c8218] core decoder error: cannot create packetizer output (h264)
Chunk bitrate: 40 600000
Buffer size: 40 164001
Chunk bitrate: 40 600000
Buffer size: 41 164001
Download Time: 651682
[00007fc900003378] core mux error: cannot add this stream
[00007fc9000bdd58] core decoder error: cannot create packetizer output (h264)
Chunk bitrate: 41 600000
Buffer size: 42 168001
Download Time: 422205
Chunk bitrate: 42 1000000
Buffer size: 42 172001
Chunk bitrate: 42 1000000
Buffer size: 43 172001
Download Time: 1075147
[00007fc900003378] core mux error: cannot add this stream
[00007fc900143ea8] core decoder error: cannot create packetizer output (h264)
Chunk bitrate: 43 1000000
Buffer size: 44 176001
Download Time: 1044075
Chunk bitrate: 44 349952
Buffer size: 44 180001
Chunk bitrate: 44 349952
Buffer size: 45 180001
Download Time: 715037
[00007fc900003378] core mux error: cannot add this stream
[00007fc9000ae6b8] core decoder error: cannot create packetizer output (h264)
Chunk bitrate: 45 600000
Buffer size: 45 184001
Chunk bitrate: 45 600000
Buffer size: 46 184001
Download Time: 653645
[00007fc900003378] core mux error: cannot add this stream
[00007fc90010d678] core decoder error: cannot create packetizer output (h264)
Chunk bitrate: 46 600000
Buffer size: 47 188001
Download Time: 878829
Chunk bitrate: 47 600000
Buffer size: 48 192001
Download Time: 749359
Chunk bitrate: 48 600000
Buffer size: 49 196001
Download Time: 971353
Chunk bitrate: 49 349952
Buffer size: 49 200001
Chunk bitrate: 49 349952
Buffer size: 50 200001
Download Time: 429683
[00007fc900003378] core mux error: cannot add this stream
[00007fc900040c18] core decoder error: cannot create packetizer output (h264)
Chunk bitrate: 50 1000000
Buffer size: 50 204001
Chunk bitrate: 50 1000000
Buffer size: 51 204001
Download Time: 1300965
[00007fc900003378] core mux error: cannot add this stream
[00007fc900092ca8] core decoder error: cannot create packetizer output (h264)
Chunk bitrate: 51 1000000
Buffer size: 52 208001
Download Time: 1137227
Chunk bitrate: 52 349952
Buffer size: 52 212001
Chunk bitrate: 52 349952
Buffer size: 53 212001
Download Time: 554135
[00007fc900003378] core mux error: cannot add this stream
[00007fc9000e21e8] core decoder error: cannot create packetizer output (h264)
Chunk bitrate: 53 1000000
Buffer size: 53 216001
Chunk bitrate: 53 1000000
Buffer size: 54 216001
Download Time: 1161819
[00007fc900003378] core mux error: cannot add this stream
[00007fc9001602f8] core decoder error: cannot create packetizer output (h264)
Chunk bitrate: 54 600000
Buffer size: 54 220001
Chunk bitrate: 54 600000
Buffer size: 55 220001
Download Time: 555274
[00007fc900003378] core mux error: cannot add this stream
[00007fc900127f08] core decoder error: cannot create packetizer output (h264)
Chunk bitrate: 55 1000000
Buffer size: 55 224001
Chunk bitrate: 55 1000000
Buffer size: 56 224001
Download Time: 1139293
[00007fc900003378] core mux error: cannot add this stream
[00007fc900121768] core decoder error: cannot create packetizer output (h264)
Chunk bitrate: 56 1000000
Buffer size: 57 228001
Download Time: 1139992
Chunk bitrate: 57 1000000
Buffer size: 58 232001
Download Time: 493062
Chunk bitrate: 58 1000000
Buffer size: 59 236001
Download Time: 1435939
Chunk bitrate: 59 1000000
Buffer size: 60 240001
Download Time: 913224
Chunk bitrate: 60 600000
Buffer size: 60 244001
Chunk bitrate: 60 600000
Buffer size: 61 244001
Download Time: 774088
[00007fc900003378] core mux error: cannot add this stream
[00007fc90012f3c8] core decoder error: cannot create packetizer output (h264)
Chunk bitrate: 61 1000000
Buffer size: 61 248001
Chunk bitrate: 61 1000000
Buffer size: 62 248001
Download Time: 523743
[00007fc900003378] core mux error: cannot add this stream
[00007fc90004a438] core decoder error: cannot create packetizer output (h264)
Chunk bitrate: 62 1000000
Buffer size: 63 252001
Download Time: 391840
Chunk bitrate: 63 600000
Buffer size: 63 256001
Chunk bitrate: 63 600000
Buffer size: 64 256001
Download Time: 652120
[00007fc900003378] core mux error: cannot add this stream
[00007fc90011fba8] core decoder error: cannot create packetizer output (h264)
Chunk bitrate: 64 349952
Buffer size: 64 260001
Chunk bitrate: 64 349952
Buffer size: 65 260001
[00007fc900003378] ps mux: Close
[00007fc8f4001518] idummy demux: command `quit'
[0000000001c621a8] [cli] lua interface error: Error loading script /home/cs244/vlc/share/lua/intf/cli.luac: lua/intf/modules/host.lua:286: Interrupted.
