[00000000013be1e8] core interface error: no suitable interface module
[00000000012f5338] core libvlc error: interface "globalhotkeys,none" initialization failed
[00000000013be1e8] dbus interface error: Failed to connect to the D-Bus session daemon: Unable to autolaunch a dbus-daemon without a $DISPLAY for X11
[00000000013be1e8] core interface error: no suitable interface module
[00000000012f5338] core libvlc error: interface "dbus,none" initialization failed
[00000000012f5338] core libvlc: Running vlc with the default interface. Use 'cvlc' to use vlc without interface.
[00000000013be1e8] qt interface error: Could not connect to X server
[00000000013be1e8] skins2 interface error: cannot initialize OSFactory
[00007f0b2c003378] ps mux: Open
[00000000013be1e8] [cli] lua interface: Listening on host "*console".
VLC media player 3.0.0-git Vetinari
Command Line Interface initialized. Type `help' for help.
> making a DASHManager
new ratebased adaptionlogic
Chunk bitrate: 0 349952
Buffer size: 0 0
Chunk bitrate: 0 349952
Buffer size: 0 0
[00007f0b2c0246a8] mp4 demux: Fragment sequence discontinuity detected 0 != 2
Download Time: 735193
Download Time: 324680
[00007f0b2c017cc8] mp4 demux: Fragment sequence discontinuity detected 0 != 2
Startup Time: 1050000
Chunk bitrate: 0 349952
Buffer size: 1 4001
Download Time: 894905
Chunk bitrate: 1 1000000
Buffer size: 1 8001
Chunk bitrate: 1 1000000
Buffer size: 2 8001
Download Time: 1748649
Chunk bitrate: 2 600000
Buffer size: 2 12001
Chunk bitrate: 2 600000
Buffer size: 3 12001
Download Time: 939023
Chunk bitrate: 3 349952
Buffer size: 3 16001
Chunk bitrate: 3 349952
Buffer size: 4 16001
Download Time: 568758
Chunk bitrate: 4 349952
Buffer size: 5 20001
Download Time: 1057526
Chunk bitrate: 5 349952
Buffer size: 6 24001
Download Time: 976129
Chunk bitrate: 6 349952
Buffer size: 7 28001
Download Time: 568427
Chunk bitrate: 7 349952
Buffer size: 8 32001
Download Time: 531956
Chunk bitrate: 8 349952
Buffer size: 9 36001
Download Time: 652247
Download Time: 1142364
Chunk bitrate: 9 349952
Buffer size: 10 40001
Download Time: 652637
Chunk bitrate: 10 349952
Buffer size: 11 44001
Download Time: 892247
Chunk bitrate: 11 349952
Buffer size: 12 48001
Download Time: 1186633
Chunk bitrate: 12 349952
Buffer size: 13 52001
Download Time: 655214
Chunk bitrate: 13 600000
Buffer size: 13 56001
Chunk bitrate: 13 600000
Buffer size: 14 56001
Download Time: 1137635
Chunk bitrate: 14 349952
Buffer size: 14 60001
Chunk bitrate: 14 349952
Buffer size: 15 60001
Download Time: 1163238
Chunk bitrate: 15 600000
Buffer size: 15 64001
Chunk bitrate: 15 600000
Buffer size: 16 64001
Download Time: 1417559
Chunk bitrate: 16 600000
Buffer size: 17 68001
Download Time: 1388861
Chunk bitrate: 17 349952
Buffer size: 17 72001
Chunk bitrate: 17 349952
Buffer size: 18 72001
Download Time: 738623
Chunk bitrate: 18 600000
Buffer size: 18 76001
Chunk bitrate: 18 600000
Buffer size: 19 76001
Download Time: 768828
Chunk bitrate: 19 600000
Buffer size: 20 80001
Download Time: 1058951
Chunk bitrate: 20 600000
Buffer size: 21 84001
Download Time: 1215023
Chunk bitrate: 21 349952
Buffer size: 21 88001
Chunk bitrate: 21 349952
Buffer size: 22 88001
Download Time: 938095
Chunk bitrate: 22 349952
Buffer size: 23 92001
Download Time: 574094
Chunk bitrate: 23 600000
Buffer size: 23 96001
Chunk bitrate: 23 600000
Buffer size: 24 96001
Download Time: 980934
Chunk bitrate: 24 600000
Buffer size: 25 100001
Download Time: 896106
Chunk bitrate: 25 349952
Buffer size: 25 104001
Chunk bitrate: 25 349952
Buffer size: 26 104001
Download Time: 896216
Chunk bitrate: 26 349952
Buffer size: 27 108001
Download Time: 692492
Chunk bitrate: 27 349952
Buffer size: 28 112001
Download Time: 897616
Chunk bitrate: 28 600000
Buffer size: 28 116001
Chunk bitrate: 28 600000
Buffer size: 29 116001
Download Time: 730159
Chunk bitrate: 29 349952
Buffer size: 29 120001
Chunk bitrate: 29 349952
Buffer size: 30 120001
Download Time: 447473
Chunk bitrate: 30 349952
Buffer size: 31 124001
Download Time: 1299921
Chunk bitrate: 31 600000
Buffer size: 31 128001
Chunk bitrate: 31 600000
Buffer size: 32 128001
Download Time: 1830276
Chunk bitrate: 32 349952
Buffer size: 32 132001
Chunk bitrate: 32 349952
Buffer size: 33 132001
Download Time: 1100878
Chunk bitrate: 33 349952
Buffer size: 34 136001
Download Time: 935372
Chunk bitrate: 34 349952
Buffer size: 35 140001
Download Time: 1018978
Chunk bitrate: 35 349952
Buffer size: 36 144001
Download Time: 484089
Chunk bitrate: 36 600000
Buffer size: 36 148001
Chunk bitrate: 36 600000
Buffer size: 37 148001
Download Time: 913494
[00007f0b2c003378] core mux error: cannot add this stream
[00007f0b2c0648c8] core decoder error: cannot create packetizer output (h264)
Chunk bitrate: 37 349952
Buffer size: 37 152001
Chunk bitrate: 37 349952
Buffer size: 38 152001
Download Time: 881485
[00007f0b2c003378] core mux error: cannot add this stream
[00007f0b2c049558] core decoder error: cannot create packetizer output (h264)
Chunk bitrate: 38 1000000
Buffer size: 38 156001
Chunk bitrate: 38 1000000
Buffer size: 39 156001
Download Time: 1141542
[00007f0b2c003378] core mux error: cannot add this stream
[00007f0b2c11e4d8] core decoder error: cannot create packetizer output (h264)
Chunk bitrate: 39 600000
Buffer size: 39 160001
Chunk bitrate: 39 600000
Buffer size: 40 160001
Download Time: 620589
[00007f0b2c003378] core mux error: cannot add this stream
[00007f0b2c0e7f28] core decoder error: cannot create packetizer output (h264)
Chunk bitrate: 40 600000
Buffer size: 41 164001
Download Time: 750108
Chunk bitrate: 41 1000000
Buffer size: 41 168001
Chunk bitrate: 41 1000000
Buffer size: 42 168001
Download Time: 1075261
[00007f0b2c003378] core mux error: cannot add this stream
[00007f0b2c12bf18] core decoder error: cannot create packetizer output (h264)
Chunk bitrate: 42 600000
Buffer size: 42 172001
Download Time: 327396
Chunk bitrate: 42 600000
Buffer size: 43 172001
Download Time: 1077758
[00007f0b2c003378] core mux error: cannot add this stream
[00007f0b2c1003d8] core decoder error: cannot create packetizer output (h264)
Chunk bitrate: 43 600000
Buffer size: 44 176001
Download Time: 845661
Chunk bitrate: 44 600000
Buffer size: 45 180001
Download Time: 585171
Chunk bitrate: 45 349952
Buffer size: 45 184001
Download Time: 200714
Chunk bitrate: 45 349952
Buffer size: 46 184001
Download Time: 457656
[00007f0b2c003378] core mux error: cannot add this stream
[00007f0b2c04b248] core decoder error: cannot create packetizer output (h264)
Chunk bitrate: 46 600000
Buffer size: 46 188001
Chunk bitrate: 46 600000
Buffer size: 47 188001
Download Time: 911210
[00007f0b2c003378] core mux error: cannot add this stream
[00007f0b2c0db518] core decoder error: cannot create packetizer output (h264)
Chunk bitrate: 47 1000000
Buffer size: 47 192001
Chunk bitrate: 47 1000000
Buffer size: 48 192001
Download Time: 1391785
[00007f0b2c003378] core mux error: cannot add this stream
[00007f0b2c0da088] core decoder error: cannot create packetizer output (h264)
Chunk bitrate: 48 600000
Buffer size: 48 196001
Chunk bitrate: 48 600000
Buffer size: 49 196001
Download Time: 844925
[00007f0b2c003378] core mux error: cannot add this stream
[00007f0b2c10c1d8] core decoder error: cannot create packetizer output (h264)
Chunk bitrate: 49 1000000
Buffer size: 49 200001
Chunk bitrate: 49 1000000
Buffer size: 50 200001
Download Time: 1665009
[00007f0b2c003378] core mux error: cannot add this stream
[00007f0b2c144b88] core decoder error: cannot create packetizer output (h264)
Chunk bitrate: 50 1000000
Buffer size: 51 204001
Download Time: 1043255
Chunk bitrate: 51 600000
Buffer size: 51 208001
Chunk bitrate: 51 600000
Buffer size: 52 208001
Download Time: 814267
[00007f0b2c003378] core mux error: cannot add this stream
[00007f0b2c116388] core decoder error: cannot create packetizer output (h264)
Chunk bitrate: 52 600000
Buffer size: 53 212001
Download Time: 784266
Chunk bitrate: 53 1000000
Buffer size: 53 216001
Chunk bitrate: 53 1000000
Buffer size: 54 216001
Download Time: 1175783
[00007f0b2c003378] core mux error: cannot add this stream
[00007f0b2c15cbf8] core decoder error: cannot create packetizer output (h264)
Chunk bitrate: 54 600000
Buffer size: 54 220001
Chunk bitrate: 54 600000
Buffer size: 55 220001
Download Time: 781107
[00007f0b2c003378] core mux error: cannot add this stream
[00007f0b2c1245c8] core decoder error: cannot create packetizer output (h264)
Chunk bitrate: 55 1000000
Buffer size: 55 224001
Chunk bitrate: 55 1000000
Buffer size: 56 224001
Download Time: 1112681
[00007f0b2c003378] core mux error: cannot add this stream
[00007f0b2c054898] core decoder error: cannot create packetizer output (h264)
Chunk bitrate: 56 1000000
Buffer size: 57 228001
Download Time: 847925
Chunk bitrate: 57 349952
Buffer size: 57 232001
Chunk bitrate: 57 349952
Buffer size: 58 232001
Download Time: 192034
[00007f0b2c003378] core mux error: cannot add this stream
[00007f0b2c0dc958] core decoder error: cannot create packetizer output (h264)
Chunk bitrate: 58 600000
Buffer size: 58 236001
Chunk bitrate: 58 600000
Buffer size: 59 236001
Download Time: 944358
[00007f0b2c003378] core mux error: cannot add this stream
[00007f0b2c0dbdf8] core decoder error: cannot create packetizer output (h264)
Chunk bitrate: 59 600000
Buffer size: 60 240001
Download Time: 1693760
Chunk bitrate: 60 1000000
Buffer size: 60 244001
Chunk bitrate: 60 1000000
Buffer size: 61 244001
Download Time: 1075135
[00007f0b2c003378] core mux error: cannot add this stream
[00007f0b2c159e38] core decoder error: cannot create packetizer output (h264)
Chunk bitrate: 61 600000
Buffer size: 61 248001
Chunk bitrate: 61 600000
Buffer size: 62 248001
Download Time: 454045
[00007f0b2c003378] core mux error: cannot add this stream
[00007f0b2c123058] core decoder error: cannot create packetizer output (h264)
Chunk bitrate: 62 1000000
Buffer size: 62 252001
Chunk bitrate: 62 1000000
Buffer size: 63 252001
Download Time: 259807
[00007f0b2c003378] core mux error: cannot add this stream
[00007f0b2c0f5ba8] core decoder error: cannot create packetizer output (h264)
Chunk bitrate: 63 600000
Buffer size: 63 256001
Chunk bitrate: 63 600000
Buffer size: 64 256001
Download Time: 548965
[00007f0b2c003378] core mux error: cannot add this stream
[00007f0b2c0d6148] core decoder error: cannot create packetizer output (h264)
Chunk bitrate: 64 600000
Buffer size: 65 260001
[00007f0b2c003378] ps mux: Close
[00007f0b20001508] idummy demux: command `quit'
[00000000013be1e8] [cli] lua interface error: Error loading script /home/cs244/vlc/share/lua/intf/cli.luac: lua/intf/modules/host.lua:286: Interrupted.
