[00000000021861e8] core interface error: no suitable interface module
[00000000020bd338] core libvlc error: interface "globalhotkeys,none" initialization failed
[00000000021861e8] dbus interface error: Failed to connect to the D-Bus session daemon: Unable to autolaunch a dbus-daemon without a $DISPLAY for X11
[00000000021861e8] core interface error: no suitable interface module
[00000000020bd338] core libvlc error: interface "dbus,none" initialization failed
[00000000020bd338] core libvlc: Running vlc with the default interface. Use 'cvlc' to use vlc without interface.
[00000000021861e8] qt interface error: Could not connect to X server
[00000000021861e8] skins2 interface error: cannot initialize OSFactory
[00007fa1d0003378] ps mux: Open
[00000000021861e8] [cli] lua interface: Listening on host "*console".
VLC media player 3.0.0-git Vetinari
Command Line Interface initialized. Type `help' for help.
> making a DASHManager
new ratebased adaptionlogic
Chunk bitrate: 0 349952
Buffer size: 0 0
Chunk bitrate: 0 349952
Buffer size: 0 0
[00007fa1d0023618] mp4 demux: Fragment sequence discontinuity detected 0 != 2
Download Time: 1468257
[00007fa1d001a3e8] mp4 demux: Fragment sequence discontinuity detected 0 != 2
Startup Time: 1050000
Chunk bitrate: 0 349952
Buffer size: 1 4001
Download Time: 2526849
Chunk bitrate: 1 349952
Buffer size: 2 8001
Download Time: 733179
Chunk bitrate: 2 349952
Buffer size: 3 12001
Download Time: 1052380
Chunk bitrate: 3 349952
Buffer size: 4 16001
Download Time: 978610
Chunk bitrate: 4 349952
Buffer size: 5 20001
Download Time: 1060395
Chunk bitrate: 5 349952
Buffer size: 6 24001
Download Time: 761350
Chunk bitrate: 6 349952
Buffer size: 7 28001
Download Time: 770263
Chunk bitrate: 7 349952
Buffer size: 8 32001
Download Time: 1668778
Chunk bitrate: 8 349952
Buffer size: 9 36001
Download Time: 850951
Chunk bitrate: 9 600000
Buffer size: 9 40001
Chunk bitrate: 9 600000
Buffer size: 10 40001
Download Time: 1580283
Chunk bitrate: 10 349952
Buffer size: 10 44001
Chunk bitrate: 10 349952
Buffer size: 11 44001
Download Time: 879355
Chunk bitrate: 11 349952
Buffer size: 12 48001
Download Time: 939815
Chunk bitrate: 12 349952
Buffer size: 13 52001
Download Time: 1844997
Chunk bitrate: 13 349952
Buffer size: 14 56001
Download Time: 854177
Chunk bitrate: 14 349952
Buffer size: 15 60001
Download Time: 689475
Chunk bitrate: 15 349952
Buffer size: 16 64001
Download Time: 936997
Chunk bitrate: 16 349952
Buffer size: 17 68001
Download Time: 768433
Chunk bitrate: 17 349952
Buffer size: 18 72001
Download Time: 1711148
Chunk bitrate: 18 349952
Buffer size: 19 76001
Download Time: 615443
Chunk bitrate: 19 349952
Buffer size: 20 80001
Download Time: 1304973
Chunk bitrate: 20 349952
Buffer size: 21 84001
Download Time: 606229
Chunk bitrate: 21 349952
Buffer size: 22 88001
Download Time: 817899
Chunk bitrate: 22 349952
Buffer size: 23 92001
Download Time: 1830350
Chunk bitrate: 23 600000
Buffer size: 23 96001
Chunk bitrate: 23 600000
Buffer size: 24 96001
Download Time: 1307844
Chunk bitrate: 24 600000
Buffer size: 25 100001
Download Time: 1465672
Chunk bitrate: 25 349952
Buffer size: 25 104001
Chunk bitrate: 25 349952
Buffer size: 26 104001
Download Time: 1138574
Chunk bitrate: 26 349952
Buffer size: 27 108001
Download Time: 613533
Chunk bitrate: 27 600000
Buffer size: 27 112001
Chunk bitrate: 27 600000
Buffer size: 28 112001
Download Time: 2079975
Chunk bitrate: 28 349952
Buffer size: 28 116001
Chunk bitrate: 28 349952
Buffer size: 29 116001
Download Time: 1060296
Chunk bitrate: 29 349952
Buffer size: 30 120001
Download Time: 1219747
Chunk bitrate: 30 349952
Buffer size: 31 124001
Download Time: 690749
Chunk bitrate: 31 349952
Buffer size: 32 128001
Download Time: 977913
Download Time: 448282
Chunk bitrate: 32 349952
Buffer size: 33 132001
Download Time: 1019679
Chunk bitrate: 33 349952
Buffer size: 34 136001
Download Time: 936037
Chunk bitrate: 34 600000
Buffer size: 34 140001
Chunk bitrate: 34 600000
Buffer size: 35 140001
Download Time: 1384629
Chunk bitrate: 35 349952
Buffer size: 35 144001
Chunk bitrate: 35 349952
Buffer size: 36 144001
Download Time: 1104069
Chunk bitrate: 36 349952
Buffer size: 37 148001
Download Time: 891090
Chunk bitrate: 37 349952
Buffer size: 38 152001
Download Time: 896143
Chunk bitrate: 38 1000000
Buffer size: 38 156001
Chunk bitrate: 38 1000000
Buffer size: 39 156001
Download Time: 2532520
Chunk bitrate: 39 600000
Buffer size: 39 160001
Chunk bitrate: 39 600000
Buffer size: 40 160001
Download Time: 1178549
Chunk bitrate: 40 600000
Buffer size: 41 164001
Download Time: 1422505
Chunk bitrate: 41 349952
Buffer size: 41 168001
Chunk bitrate: 41 349952
Buffer size: 42 168001
Download Time: 811194
Chunk bitrate: 42 349952
Buffer size: 43 172001
Download Time: 935507
Chunk bitrate: 43 349952
Buffer size: 44 176001
Download Time: 1018572
Chunk bitrate: 44 349952
Buffer size: 45 180001
Download Time: 935237
Chunk bitrate: 45 349952
Buffer size: 46 184001
Download Time: 973025
Chunk bitrate: 46 349952
Buffer size: 47 188001
Download Time: 856493
Chunk bitrate: 47 349952
Buffer size: 48 192001
Download Time: 934620
Chunk bitrate: 48 349952
Buffer size: 49 196001
Download Time: 772673
Chunk bitrate: 49 349952
Buffer size: 50 200001
Download Time: 937217
Chunk bitrate: 50 600000
Buffer size: 50 204001
Chunk bitrate: 50 600000
Buffer size: 51 204001
Download Time: 1140937
Chunk bitrate: 51 600000
Buffer size: 52 208001
Download Time: 1340824
Chunk bitrate: 52 349952
Buffer size: 52 212001
Chunk bitrate: 52 349952
Buffer size: 53 212001
Download Time: 1183604
Chunk bitrate: 53 600000
Buffer size: 53 216001
Chunk bitrate: 53 600000
Buffer size: 54 216001
Download Time: 1717236
Chunk bitrate: 54 1000000
Buffer size: 54 220001
Chunk bitrate: 54 1000000
Buffer size: 55 220001
Download Time: 2283565
Chunk bitrate: 55 349952
Buffer size: 55 224001
Chunk bitrate: 55 349952
Buffer size: 56 224001
Download Time: 819484
[00007fa1d0003378] core mux error: cannot add this stream
[00007fa1d00e93d8] core decoder error: cannot create packetizer output (h264)
Chunk bitrate: 56 600000
Buffer size: 56 228001
Chunk bitrate: 56 600000
Buffer size: 57 228001
Download Time: 1182765
[00007fa1d0003378] core mux error: cannot add this stream
[00007fa1d00fd6a8] core decoder error: cannot create packetizer output (h264)
Chunk bitrate: 57 349952
Buffer size: 57 232001
Chunk bitrate: 57 349952
Buffer size: 58 232001
Download Time: 369922
[00007fa1d0003378] core mux error: cannot add this stream
[00007fa1d00a5438] core decoder error: cannot create packetizer output (h264)
Chunk bitrate: 58 349952
Buffer size: 59 236001
Download Time: 1467904
Chunk bitrate: 59 600000
Buffer size: 59 240001
Chunk bitrate: 59 600000
Buffer size: 60 240001
Download Time: 1338299
[00007fa1d0003378] core mux error: cannot add this stream
[00007fa1d0118e08] core decoder error: cannot create packetizer output (h264)
Chunk bitrate: 60 349952
Buffer size: 60 244001
Chunk bitrate: 60 349952
Buffer size: 61 244001
Download Time: 900475
[00007fa1d0003378] core mux error: cannot add this stream
[00007fa1d00ef6b8] core decoder error: cannot create packetizer output (h264)
Chunk bitrate: 61 349952
Buffer size: 62 248001
Download Time: 608072
Chunk bitrate: 62 349952
Buffer size: 63 252001
Chunk bitrate: 63 349952
Buffer size: 64 256001
Download Time: 529839
Chunk bitrate: 64 349952
Buffer size: 65 260001
[00007fa1d0003378] ps mux: Close
[00007fa1d40083c8] idummy demux: command `quit'
[00000000021861e8] [cli] lua interface error: Error loading script /home/cs244/vlc/share/lua/intf/cli.luac: lua/intf/modules/host.lua:286: Interrupted.
