[00000000023961a8] core interface error: no suitable interface module
[00000000022cd338] core libvlc error: interface "globalhotkeys,none" initialization failed
[00000000023961a8] dbus interface error: Failed to connect to the D-Bus session daemon: Unable to autolaunch a dbus-daemon without a $DISPLAY for X11
[00000000023961a8] core interface error: no suitable interface module
[00000000022cd338] core libvlc error: interface "dbus,none" initialization failed
[00000000022cd338] core libvlc: Running vlc with the default interface. Use 'cvlc' to use vlc without interface.
[00000000023961a8] qt interface error: Could not connect to X server
[00000000023961a8] skins2 interface error: cannot initialize OSFactory
[00000000023961a8] [cli] lua interface: Listening on host "*console".
VLC media player 3.0.0-git Vetinari
Command Line Interface initialized. Type `help' for help.
> [00007f3280003378] ps mux: Open
making a DASHManager
new ratebased adaptionlogic
Chunk bitrate: 0 349952
Buffer size: 0 0
Chunk bitrate: 0 349952
Buffer size: 0 0
[00007f32800238f8] mp4 demux: Fragment sequence discontinuity detected 0 != 2
Download Time: 356158
[00007f3280018828] mp4 demux: Fragment sequence discontinuity detected 0 != 2
Startup Time: 1050000
Chunk bitrate: 0 349952
Buffer size: 1 4001
Download Time: 481322
Chunk bitrate: 1 1000000
Buffer size: 1 8001
Chunk bitrate: 1 1000000
Buffer size: 2 8001
Download Time: 967753
Chunk bitrate: 2 1000000
Buffer size: 3 12001
Download Time: 1588880
Chunk bitrate: 3 600000
Buffer size: 3 16001
Chunk bitrate: 3 600000
Buffer size: 4 16001
Download Time: 585466
Download Time: 390851
Chunk bitrate: 4 349952
Buffer size: 4 20001
Chunk bitrate: 4 349952
Buffer size: 5 20001
Download Time: 587092
Chunk bitrate: 5 600000
Buffer size: 5 24001
Chunk bitrate: 5 600000
Buffer size: 6 24001
Download Time: 711642
Chunk bitrate: 6 600000
Buffer size: 7 28001
Download Time: 846854
Chunk bitrate: 7 600000
Buffer size: 8 32001
Download Time: 784762
Chunk bitrate: 8 600000
Buffer size: 9 36001
Download Time: 850069
Chunk bitrate: 9 1000000
Buffer size: 9 40001
Chunk bitrate: 9 1000000
Buffer size: 10 40001
Download Time: 1260673
Chunk bitrate: 10 600000
Buffer size: 10 44001
Chunk bitrate: 10 600000
Buffer size: 11 44001
Download Time: 974532
Chunk bitrate: 11 1000000
Buffer size: 11 48001
Chunk bitrate: 11 1000000
Buffer size: 12 48001
Download Time: 1857534
Chunk bitrate: 12 600000
Buffer size: 12 52001
Chunk bitrate: 12 600000
Buffer size: 13 52001
Download Time: 843568
Chunk bitrate: 13 600000
Buffer size: 14 56001
Download Time: 845327
Chunk bitrate: 14 600000
Buffer size: 15 60001
Download Time: 715748
Chunk bitrate: 15 1000000
Buffer size: 15 64001
Chunk bitrate: 15 1000000
Buffer size: 16 64001
Download Time: 1432682
Chunk bitrate: 16 349952
Buffer size: 16 68001
Chunk bitrate: 16 349952
Buffer size: 17 68001
Download Time: 491232
Chunk bitrate: 17 1000000
Buffer size: 17 72001
Chunk bitrate: 17 1000000
Buffer size: 18 72001
Download Time: 1724627
Chunk bitrate: 18 1000000
Buffer size: 19 76001
Download Time: 1004232
Chunk bitrate: 19 349952
Buffer size: 19 80001
Chunk bitrate: 19 349952
Buffer size: 20 80001
Download Time: 683833
Chunk bitrate: 20 1000000
Buffer size: 20 84001
Chunk bitrate: 20 1000000
Buffer size: 21 84001
Download Time: 768654
Chunk bitrate: 21 1000000
Buffer size: 22 88001
Download Time: 1074400
Chunk bitrate: 22 600000
Buffer size: 22 92001
Chunk bitrate: 22 600000
Buffer size: 23 92001
Download Time: 940247
Chunk bitrate: 23 600000
Buffer size: 24 96001
Download Time: 1024976
Chunk bitrate: 24 1000000
Buffer size: 24 100001
Chunk bitrate: 24 1000000
Buffer size: 25 100001
Download Time: 1198620
Chunk bitrate: 25 349952
Buffer size: 25 104001
Chunk bitrate: 25 349952
Buffer size: 26 104001
Download Time: 774473
[00007f3280003378] core mux error: cannot add this stream
[00007f32800d4fc8] core decoder error: cannot create packetizer output (h264)
Chunk bitrate: 26 349952
Buffer size: 27 108001
Download Time: 350700
Chunk bitrate: 27 600000
Buffer size: 27 112001
Chunk bitrate: 27 600000
Buffer size: 28 112001
Download Time: 753313
[00007f3280003378] core mux error: cannot add this stream
[00007f32800e3f68] core decoder error: cannot create packetizer output (h264)
Chunk bitrate: 28 600000
Buffer size: 29 116001
Download Time: 943574
Chunk bitrate: 29 600000
Buffer size: 30 120001
Download Time: 874714
Chunk bitrate: 30 1000000
Buffer size: 30 124001
Chunk bitrate: 30 1000000
Buffer size: 31 124001
Download Time: 1011052
[00007f3280003378] core mux error: cannot add this stream
[00007f3280102928] core decoder error: cannot create packetizer output (h264)
Chunk bitrate: 31 600000
Buffer size: 31 128001
Chunk bitrate: 31 600000
Buffer size: 32 128001
Download Time: 1019107
[00007f3280003378] core mux error: cannot add this stream
[00007f32800abbd8] core decoder error: cannot create packetizer output (h264)
Chunk bitrate: 32 600000
Buffer size: 33 132001
Download Time: 811135
Chunk bitrate: 33 600000
Buffer size: 34 136001
Download Time: 1008220
Chunk bitrate: 34 600000
Buffer size: 35 140001
Download Time: 870810
Chunk bitrate: 35 1000000
Buffer size: 35 144001
Chunk bitrate: 35 1000000
Buffer size: 36 144001
Download Time: 1162372
[00007f3280003378] core mux error: cannot add this stream
[00007f328010c5d8] core decoder error: cannot create packetizer output (h264)
Chunk bitrate: 36 600000
Buffer size: 36 148001
Chunk bitrate: 36 600000
Buffer size: 37 148001
Download Time: 1098115
[00007f3280003378] core mux error: cannot add this stream
[00007f32800a82d8] core decoder error: cannot create packetizer output (h264)
Chunk bitrate: 37 349952
Buffer size: 37 152001
Chunk bitrate: 37 349952
Buffer size: 38 152001
Download Time: 418659
[00007f3280003378] core mux error: cannot add this stream
[00007f32800cb3a8] core decoder error: cannot create packetizer output (h264)
Chunk bitrate: 38 2000000
Buffer size: 38 156001
Chunk bitrate: 38 2000000
Buffer size: 39 156001
Download Time: 1696586
[00007f3280003378] core mux error: cannot add this stream
[00007f32800700e8] core decoder error: cannot create packetizer output (h264)
Chunk bitrate: 39 1000000
Buffer size: 39 160001
Chunk bitrate: 39 1000000
Buffer size: 40 160001
Download Time: 868691
[00007f3280003378] core mux error: cannot add this stream
[00007f32800fc198] core decoder error: cannot create packetizer output (h264)
Chunk bitrate: 40 1000000
Buffer size: 41 164001
Download Time: 1200153
Chunk bitrate: 41 600000
Buffer size: 41 168001
Chunk bitrate: 41 600000
Buffer size: 42 168001
Download Time: 782290
[00007f3280003378] core mux error: cannot add this stream
[00007f32800f8918] core decoder error: cannot create packetizer output (h264)
Chunk bitrate: 42 600000
Buffer size: 43 172001
Download Time: 1006383
Chunk bitrate: 43 600000
Buffer size: 44 176001
Download Time: 685802
Chunk bitrate: 44 1000000
Buffer size: 44 180001
Chunk bitrate: 44 1000000
Buffer size: 45 180001
Download Time: 1594945
[00007f3280003378] core mux error: cannot add this stream
[00007f328013ae98] core decoder error: cannot create packetizer output (h264)
Chunk bitrate: 45 349952
Buffer size: 45 184001
Chunk bitrate: 45 349952
Buffer size: 46 184001
Download Time: 556228
[00007f3280003378] core mux error: cannot add this stream
[00007f328003d5d8] core decoder error: cannot create packetizer output (h264)
Chunk bitrate: 46 600000
Buffer size: 46 188001
Chunk bitrate: 46 600000
Buffer size: 47 188001
Download Time: 1425677
[00007f3280003378] core mux error: cannot add this stream
[00007f32800af968] core decoder error: cannot create packetizer output (h264)
Chunk bitrate: 47 600000
Buffer size: 48 192001
Download Time: 813009
Chunk bitrate: 48 349952
Buffer size: 48 196001
Chunk bitrate: 48 349952
Buffer size: 49 196001
Download Time: 389618
[00007f3280003378] core mux error: cannot add this stream
[00007f3280090a38] core decoder error: cannot create packetizer output (h264)
Chunk bitrate: 49 1000000
Buffer size: 49 200001
Chunk bitrate: 49 1000000
Buffer size: 50 200001
Download Time: 1819417
[00007f3280003378] core mux error: cannot add this stream
[00007f328014a138] core decoder error: cannot create packetizer output (h264)
Chunk bitrate: 50 349952
Buffer size: 50 204001
Chunk bitrate: 50 349952
Buffer size: 51 204001
Download Time: 645924
[00007f3280003378] core mux error: cannot add this stream
[00007f3280099718] core decoder error: cannot create packetizer output (h264)
Chunk bitrate: 51 349952
Buffer size: 52 208001
Download Time: 1524685
Chunk bitrate: 52 600000
Buffer size: 52 212001
Chunk bitrate: 52 600000
Buffer size: 53 212001
Download Time: 589018
[00007f3280003378] core mux error: cannot add this stream
[00007f328011a788] core decoder error: cannot create packetizer output (h264)
Chunk bitrate: 53 600000
Buffer size: 54 216001
Download Time: 645921
Chunk bitrate: 54 1000000
Buffer size: 54 220001
Chunk bitrate: 54 1000000
Buffer size: 55 220001
Download Time: 1235097
[00007f3280003378] core mux error: cannot add this stream
[00007f32800a5188] core decoder error: cannot create packetizer output (h264)
Chunk bitrate: 55 600000
Buffer size: 55 224001
Chunk bitrate: 55 600000
Buffer size: 56 224001
Download Time: 749203
[00007f3280003378] core mux error: cannot add this stream
[00007f32801268c8] core decoder error: cannot create packetizer output (h264)
Chunk bitrate: 56 1000000
Buffer size: 56 228001
Chunk bitrate: 56 1000000
Buffer size: 57 228001
Download Time: 971718
[00007f3280003378] core mux error: cannot add this stream
[00007f3280133b48] core decoder error: cannot create packetizer output (h264)
Chunk bitrate: 57 1000000
Buffer size: 58 232001
Download Time: 1064809
Chunk bitrate: 58 349952
Buffer size: 58 236001
Chunk bitrate: 58 349952
Buffer size: 59 236001
Download Time: 902827
[00007f3280003378] core mux error: cannot add this stream
[00007f3280097328] core decoder error: cannot create packetizer output (h264)
Chunk bitrate: 59 1000000
Buffer size: 59 240001
Chunk bitrate: 59 1000000
Buffer size: 60 240001
Download Time: 1305741
[00007f3280003378] core mux error: cannot add this stream
[00007f32801565f8] core decoder error: cannot create packetizer output (h264)
Chunk bitrate: 60 349952
Buffer size: 60 244001
Chunk bitrate: 60 349952
Buffer size: 61 244001
Download Time: 583118
[00007f3280003378] core mux error: cannot add this stream
[00007f328010eea8] core decoder error: cannot create packetizer output (h264)
Chunk bitrate: 61 600000
Buffer size: 61 248001
Chunk bitrate: 61 600000
Buffer size: 62 248001
Download Time: 258548
[00007f3280003378] core mux error: cannot add this stream
[00007f3280073ec8] core decoder error: cannot create packetizer output (h264)
Chunk bitrate: 62 600000
Buffer size: 63 252001
Download Time: 553692
Chunk bitrate: 63 349952
Buffer size: 63 256001
Chunk bitrate: 63 349952
Buffer size: 64 256001
Download Time: 195600
[00007f3280003378] core mux error: cannot add this stream
[00007f328006bfe8] core decoder error: cannot create packetizer output (h264)
Chunk bitrate: 64 600000
Buffer size: 64 260001
Chunk bitrate: 64 600000
Buffer size: 65 260001
[00007f3280003378] ps mux: Close
[00007f3280107008] idummy demux: command `quit'
[00000000023961a8] [cli] lua interface error: Error loading script /home/cs244/vlc/share/lua/intf/cli.luac: lua/intf/modules/host.lua:286: Interrupted.
