[00000000009501a8] core interface error: no suitable interface module
[0000000000887338] core libvlc error: interface "globalhotkeys,none" initialization failed
[00000000009501a8] dbus interface error: Failed to connect to the D-Bus session daemon: Unable to autolaunch a dbus-daemon without a $DISPLAY for X11
[00000000009501a8] core interface error: no suitable interface module
[0000000000887338] core libvlc error: interface "dbus,none" initialization failed
[0000000000887338] core libvlc: Running vlc with the default interface. Use 'cvlc' to use vlc without interface.
[00000000009501a8] qt interface error: Could not connect to X server
[00000000009501a8] skins2 interface error: cannot initialize OSFactory
[00000000009501a8] [cli] lua interface: Listening on host "*console".
VLC media player 3.0.0-git Vetinari
Command Line Interface initialized. Type `help' for help.
> [00007f2950003378] ps mux: Open
making a DASHManager
new ratebased adaptionlogic
Chunk bitrate: 0 349952
Buffer size: 0 0
Chunk bitrate: 0 349952
Buffer size: 0 0
[00007f2950023c08] mp4 demux: Fragment sequence discontinuity detected 0 != 2
Download Time: 649140
[00007f2950017778] mp4 demux: Fragment sequence discontinuity detected 0 != 2
Startup Time: 1050000
Chunk bitrate: 0 600000
Buffer size: 0 4001
Chunk bitrate: 0 600000
Buffer size: 1 4001
Download Time: 1227807
Chunk bitrate: 1 600000
Buffer size: 2 8001
Download Time: 813279
Chunk bitrate: 2 349952
Buffer size: 2 12001
Chunk bitrate: 2 349952
Buffer size: 3 12001
Download Time: 810877
Chunk bitrate: 3 349952
Buffer size: 4 16001
Download Time: 394254
Chunk bitrate: 4 349952
Buffer size: 5 20001
Download Time: 1015980
Chunk bitrate: 5 600000
Buffer size: 5 24001
Chunk bitrate: 5 600000
Buffer size: 6 24001
Download Time: 817027
Chunk bitrate: 6 600000
Buffer size: 7 28001
Download Time: 1422776
Chunk bitrate: 7 600000
Buffer size: 8 32001
Download Time: 775918
Chunk bitrate: 8 349952
Buffer size: 8 36001
Chunk bitrate: 8 349952
Buffer size: 9 36001
Download Time: 609894
Chunk bitrate: 9 1000000
Buffer size: 9 40001
Chunk bitrate: 9 1000000
Buffer size: 10 40001
Download Time: 1422381
Chunk bitrate: 10 349952
Buffer size: 10 44001
Chunk bitrate: 10 349952
Buffer size: 11 44001
Download Time: 733443
Chunk bitrate: 11 600000
Buffer size: 11 48001
Chunk bitrate: 11 600000
Buffer size: 12 48001
Download Time: 1591540
Chunk bitrate: 12 349952
Buffer size: 12 52001
Chunk bitrate: 12 349952
Buffer size: 13 52001
Download Time: 1178828
Chunk bitrate: 13 349952
Buffer size: 14 56001
Download Time: 686067
Chunk bitrate: 14 600000
Buffer size: 14 60001
Chunk bitrate: 14 600000
Buffer size: 15 60001
Download Time: 813191
Chunk bitrate: 15 600000
Buffer size: 16 64001
Download Time: 1103946
Chunk bitrate: 16 349952
Buffer size: 16 68001
Chunk bitrate: 16 349952
Buffer size: 17 68001
Download Time: 528407
Chunk bitrate: 17 600000
Buffer size: 17 72001
Chunk bitrate: 17 600000
Buffer size: 18 72001
Download Time: 854907
Chunk bitrate: 18 349952
Buffer size: 18 76001
Chunk bitrate: 18 349952
Buffer size: 19 76001
Download Time: 568393
Chunk bitrate: 19 600000
Buffer size: 19 80001
Chunk bitrate: 19 600000
Buffer size: 20 80001
Download Time: 1056084
Chunk bitrate: 20 1000000
Buffer size: 20 84001
Download Time: 1259881
Chunk bitrate: 20 1000000
Buffer size: 21 84001
Download Time: 1061774
Chunk bitrate: 21 600000
Buffer size: 21 88001
Chunk bitrate: 21 600000
Buffer size: 22 88001
Download Time: 1255982
Chunk bitrate: 22 600000
Buffer size: 23 92001
Download Time: 1182893
Chunk bitrate: 23 1000000
Buffer size: 23 96001
Chunk bitrate: 23 1000000
Buffer size: 24 96001
Download Time: 1715128
[00007f2950003378] core mux error: cannot add this stream
[00007f2950057fd8] core decoder error: cannot create packetizer output (h264)
Chunk bitrate: 24 349952
Buffer size: 24 100001
Chunk bitrate: 24 349952
Buffer size: 25 100001
Download Time: 608056
[00007f2950003378] core mux error: cannot add this stream
[00007f29500dabf8] core decoder error: cannot create packetizer output (h264)
Chunk bitrate: 25 600000
Buffer size: 25 104001
Chunk bitrate: 25 600000
Buffer size: 26 104001
Download Time: 1017351
[00007f2950003378] core mux error: cannot add this stream
[00007f29500b4278] core decoder error: cannot create packetizer output (h264)
Chunk bitrate: 26 600000
Buffer size: 27 108001
Download Time: 732661
Chunk bitrate: 27 349952
Buffer size: 27 112001
Chunk bitrate: 27 349952
Buffer size: 28 112001
Download Time: 768712
[00007f2950003378] core mux error: cannot add this stream
[00007f29500301d8] core decoder error: cannot create packetizer output (h264)
Chunk bitrate: 28 600000
Buffer size: 28 116001
Chunk bitrate: 28 600000
Buffer size: 29 116001
Download Time: 1145140
[00007f2950003378] core mux error: cannot add this stream
[00007f29500eef18] core decoder error: cannot create packetizer output (h264)
Chunk bitrate: 29 600000
Buffer size: 30 120001
Download Time: 931073
Chunk bitrate: 30 349952
Buffer size: 30 124001
Chunk bitrate: 30 349952
Buffer size: 31 124001
Download Time: 407996
[00007f2950003378] core mux error: cannot add this stream
[00007f29500bd028] core decoder error: cannot create packetizer output (h264)
Chunk bitrate: 31 1000000
Buffer size: 31 128001
Chunk bitrate: 31 1000000
Buffer size: 32 128001
Download Time: 1469168
[00007f2950003378] core mux error: cannot add this stream
[00007f2950137338] core decoder error: cannot create packetizer output (h264)
Chunk bitrate: 32 600000
Buffer size: 32 132001
Chunk bitrate: 32 600000
Buffer size: 33 132001
Download Time: 1219969
[00007f2950003378] core mux error: cannot add this stream
[00007f29500edce8] core decoder error: cannot create packetizer output (h264)
Chunk bitrate: 33 600000
Buffer size: 34 136001
Download Time: 981715
Chunk bitrate: 34 349952
Buffer size: 34 140001
Chunk bitrate: 34 349952
Buffer size: 35 140001
Download Time: 1545469
[00007f2950003378] core mux error: cannot add this stream
[00007f29500ae308] core decoder error: cannot create packetizer output (h264)
Chunk bitrate: 35 349952
Buffer size: 36 144001
Download Time: 1380097
Chunk bitrate: 36 349952
Buffer size: 37 148001
Download Time: 1548068
Chunk bitrate: 37 1000000
Buffer size: 37 152001
Chunk bitrate: 37 1000000
Buffer size: 38 152001
Download Time: 1673901
[00007f2950003378] core mux error: cannot add this stream
[00007f2950138c98] core decoder error: cannot create packetizer output (h264)
Chunk bitrate: 38 1000000
Buffer size: 39 156001
Download Time: 1259214
Chunk bitrate: 39 1000000
Buffer size: 40 160001
Download Time: 5167444
Chunk bitrate: 40 600000
Buffer size: 40 164001
Chunk bitrate: 40 600000
Buffer size: 41 164001
Download Time: 774596
[00007f2950003378] core mux error: cannot add this stream
[00007f295010da08] core decoder error: cannot create packetizer output (h264)
Chunk bitrate: 41 600000
Buffer size: 42 168001
Download Time: 651080
Chunk bitrate: 42 600000
Buffer size: 43 172001
Download Time: 646085
Chunk bitrate: 43 349952
Buffer size: 43 176001
Chunk bitrate: 43 349952
Buffer size: 44 176001
Download Time: 2197333
[00007f2950003378] core mux error: cannot add this stream
[00007f29500d2918] core decoder error: cannot create packetizer output (h264)
Chunk bitrate: 44 349952
Buffer size: 45 180001
Download Time: 734088
Chunk bitrate: 45 1000000
Buffer size: 45 184001
Chunk bitrate: 45 1000000
Buffer size: 46 184001
Download Time: 1258949
[00007f2950003378] core mux error: cannot add this stream
[00007f2950144468] core decoder error: cannot create packetizer output (h264)
Chunk bitrate: 46 349952
Buffer size: 46 188001
Chunk bitrate: 46 349952
Buffer size: 47 188001
Download Time: 770568
[00007f2950003378] core mux error: cannot add this stream
[00007f29500fb048] core decoder error: cannot create packetizer output (h264)
Chunk bitrate: 47 349952
Buffer size: 48 192001
Download Time: 369133
Chunk bitrate: 48 349952
Buffer size: 49 196001
Download Time: 1302937
Chunk bitrate: 49 349952
Buffer size: 50 200001
Download Time: 938595
Download Time: 323113
Chunk bitrate: 50 349952
Buffer size: 51 204001
Download Time: 1104476
Chunk bitrate: 51 600000
Buffer size: 51 208001
Download Time: 407916
Chunk bitrate: 51 600000
Buffer size: 52 208001
Download Time: 1140035
[00007f2950003378] core mux error: cannot add this stream
[00007f295011e2d8] core decoder error: cannot create packetizer output (h264)
Chunk bitrate: 52 1000000
Buffer size: 52 212001
Chunk bitrate: 52 1000000
Buffer size: 53 212001
Download Time: 1952652
[00007f2950003378] core mux error: cannot add this stream
[00007f2950145708] core decoder error: cannot create packetizer output (h264)
Chunk bitrate: 53 349952
Buffer size: 53 216001
Chunk bitrate: 53 349952
Buffer size: 54 216001
Download Time: 891034
[00007f2950003378] core mux error: cannot add this stream
[00007f29500e5918] core decoder error: cannot create packetizer output (h264)
Chunk bitrate: 54 600000
Buffer size: 54 220001
Chunk bitrate: 54 600000
Buffer size: 55 220001
Download Time: 1016864
[00007f2950003378] core mux error: cannot add this stream
[00007f295012a1f8] core decoder error: cannot create packetizer output (h264)
Chunk bitrate: 55 349952
Buffer size: 55 224001
Chunk bitrate: 55 349952
Buffer size: 56 224001
Download Time: 652435
[00007f2950003378] core mux error: cannot add this stream
[00007f29500f15f8] core decoder error: cannot create packetizer output (h264)
Chunk bitrate: 56 600000
Buffer size: 56 228001
Chunk bitrate: 56 600000
Buffer size: 57 228001
Download Time: 645771
[00007f2950003378] core mux error: cannot add this stream
[00007f2950115a48] core decoder error: cannot create packetizer output (h264)
Chunk bitrate: 57 600000
Buffer size: 58 232001
Download Time: 531717
Chunk bitrate: 58 349952
Buffer size: 58 236001
Chunk bitrate: 58 349952
Buffer size: 59 236001
Download Time: 692394
[00007f2950003378] core mux error: cannot add this stream
[00007f29501081b8] core decoder error: cannot create packetizer output (h264)
Chunk bitrate: 59 349952
Buffer size: 60 240001
Download Time: 488566
Chunk bitrate: 60 600000
Buffer size: 60 244001
Chunk bitrate: 60 600000
Buffer size: 61 244001
Download Time: 811540
[00007f2950003378] core mux error: cannot add this stream
[00007f29501352f8] core decoder error: cannot create packetizer output (h264)
Chunk bitrate: 61 349952
Buffer size: 61 248001
Chunk bitrate: 61 349952
Buffer size: 62 248001
Download Time: 282940
[00007f2950003378] core mux error: cannot add this stream
[00007f295009ff68] core decoder error: cannot create packetizer output (h264)
Chunk bitrate: 62 349952
Buffer size: 63 252001
Download Time: 200473
Chunk bitrate: 63 600000
Buffer size: 63 256001
Chunk bitrate: 63 600000
Buffer size: 64 256001
Download Time: 611490
[00007f2950003378] core mux error: cannot add this stream
[00007f2950116bc8] core decoder error: cannot create packetizer output (h264)
Chunk bitrate: 64 600000
Buffer size: 65 260001
[00007f2950003378] ps mux: Close
[00007f29540015b8] idummy demux: command `quit'
[00000000009501a8] [cli] lua interface error: Error loading script /home/cs244/vlc/share/lua/intf/cli.luac: lua/intf/modules/host.lua:286: Interrupted.
