[00000000012eb768] core interface error: no suitable interface module
[0000000001229338] core libvlc error: interface "globalhotkeys,none" initialization failed
[00000000012eb768] dbus interface error: Failed to connect to the D-Bus session daemon: Unable to autolaunch a dbus-daemon without a $DISPLAY for X11
[00000000012eb768] core interface error: no suitable interface module
[0000000001229338] core libvlc error: interface "dbus,none" initialization failed
[0000000001229338] core libvlc: Running vlc with the default interface. Use 'cvlc' to use vlc without interface.
[00000000012eb768] qt interface error: Could not connect to X server
[00000000012eb768] skins2 interface error: cannot initialize OSFactory
[00000000012eb768] [cli] lua interface: Listening on host "*console".
VLC media player 3.0.0-git Vetinari
Command Line Interface initialized. Type `help' for help.
> [00007fa1bc003378] ps mux: Open
making a DASHManager
new ratebased adaptionlogic
Chunk bitrate: 0 349952
Buffer size: 0 0
Chunk bitrate: 0 349952
Buffer size: 0 0
[00007fa1bc023988] mp4 demux: Fragment sequence discontinuity detected 0 != 2
Download Time: 615889
[00007fa1bc026198] mp4 demux: Fragment sequence discontinuity detected 0 != 2
Startup Time: 1050000
Chunk bitrate: 0 349952
Buffer size: 1 4001
Download Time: 611026
Chunk bitrate: 1 600000
Buffer size: 1 8001
Chunk bitrate: 1 600000
Buffer size: 2 8001
Download Time: 817470
Chunk bitrate: 2 600000
Buffer size: 3 12001
Download Time: 1021923
Chunk bitrate: 3 600000
Buffer size: 4 16001
Download Time: 977021
Chunk bitrate: 4 600000
Buffer size: 5 20001
Download Time: 1467557
Chunk bitrate: 5 600000
Buffer size: 6 24001
Download Time: 1384288
Chunk bitrate: 6 600000
Buffer size: 7 28001
Download Time: 939295
Chunk bitrate: 7 600000
Buffer size: 8 32001
Download Time: 1132915
Chunk bitrate: 8 600000
Buffer size: 9 36001
Download Time: 1833368
Chunk bitrate: 9 349952
Buffer size: 9 40001
Chunk bitrate: 9 349952
Buffer size: 10 40001
Download Time: 900172
Chunk bitrate: 10 349952
Buffer size: 11 44001
Download Time: 684825
Chunk bitrate: 11 349952
Buffer size: 12 48001
Download Time: 934020
Chunk bitrate: 12 349952
Buffer size: 13 52001
Download Time: 1003023
Chunk bitrate: 13 349952
Buffer size: 14 56001
Download Time: 2492252
Download Time: 1097174
Chunk bitrate: 14 349952
Buffer size: 15 60001
Download Time: 1344421
Chunk bitrate: 15 600000
Buffer size: 15 64001
Chunk bitrate: 15 600000
Buffer size: 16 64001
Download Time: 1340064
Chunk bitrate: 16 600000
Buffer size: 17 68001
Download Time: 2117007
Chunk bitrate: 17 349952
Buffer size: 17 72001
Chunk bitrate: 17 349952
Buffer size: 18 72001
Download Time: 900367
Chunk bitrate: 18 349952
Buffer size: 19 76001
Download Time: 1182326
Chunk bitrate: 19 600000
Buffer size: 19 80001
Chunk bitrate: 19 600000
Buffer size: 20 80001
Download Time: 1378322
Chunk bitrate: 20 349952
Buffer size: 20 84001
Chunk bitrate: 20 349952
Buffer size: 21 84001
Download Time: 566438
Chunk bitrate: 21 600000
Buffer size: 21 88001
Chunk bitrate: 21 600000
Buffer size: 22 88001
Download Time: 1382219
Chunk bitrate: 22 600000
Buffer size: 23 92001
Download Time: 1177837
Chunk bitrate: 23 600000
Buffer size: 24 96001
Download Time: 1304985
Chunk bitrate: 24 349952
Buffer size: 24 100001
Chunk bitrate: 24 349952
Buffer size: 25 100001
Download Time: 772020
Chunk bitrate: 25 1000000
Buffer size: 25 104001
Chunk bitrate: 25 1000000
Buffer size: 26 104001
Download Time: 2765265
Chunk bitrate: 26 600000
Buffer size: 26 108001
Chunk bitrate: 26 600000
Buffer size: 27 108001
Download Time: 768957
Chunk bitrate: 27 349952
Buffer size: 27 112001
Chunk bitrate: 27 349952
Buffer size: 28 112001
Download Time: 812535
Chunk bitrate: 28 349952
Buffer size: 29 116001
Download Time: 684486
Chunk bitrate: 29 600000
Buffer size: 29 120001
Chunk bitrate: 29 600000
Buffer size: 30 120001
Download Time: 1101136
Chunk bitrate: 30 600000
Buffer size: 31 124001
Download Time: 1347551
Chunk bitrate: 31 349952
Buffer size: 31 128001
Chunk bitrate: 31 349952
Buffer size: 32 128001
Download Time: 596860
Chunk bitrate: 32 349952
Buffer size: 33 132001
Download Time: 730972
Chunk bitrate: 33 600000
Buffer size: 33 136001
Chunk bitrate: 33 600000
Buffer size: 34 136001
Download Time: 1132309
Chunk bitrate: 34 349952
Buffer size: 34 140001
Chunk bitrate: 34 349952
Buffer size: 35 140001
Download Time: 649259
Chunk bitrate: 35 1000000
Buffer size: 35 144001
Chunk bitrate: 35 1000000
Buffer size: 36 144001
Download Time: 1097606
[00007fa1bc003378] core mux error: cannot add this stream
[00007fa1bc106338] core decoder error: cannot create packetizer output (h264)
Chunk bitrate: 36 600000
Buffer size: 36 148001
Chunk bitrate: 36 600000
Buffer size: 37 148001
Download Time: 1010222
[00007fa1bc003378] core mux error: cannot add this stream
[00007fa1bc0ec688] core decoder error: cannot create packetizer output (h264)
Chunk bitrate: 37 600000
Buffer size: 38 152001
Download Time: 1301423
Chunk bitrate: 38 1000000
Buffer size: 38 156001
Chunk bitrate: 38 1000000
Buffer size: 39 156001
Download Time: 1261865
[00007fa1bc003378] core mux error: cannot add this stream
[00007fa1bc04a7b8] core decoder error: cannot create packetizer output (h264)
Chunk bitrate: 39 349952
Buffer size: 39 160001
Chunk bitrate: 39 349952
Buffer size: 40 160001
Download Time: 725005
[00007fa1bc003378] core mux error: cannot add this stream
[00007fa1bc0c09a8] core decoder error: cannot create packetizer output (h264)
Chunk bitrate: 40 349952
Buffer size: 41 164001
Download Time: 853160
Chunk bitrate: 41 600000
Buffer size: 41 168001
Chunk bitrate: 41 600000
Buffer size: 42 168001
Download Time: 1142513
[00007fa1bc003378] core mux error: cannot add this stream
[00007fa1bc0fa968] core decoder error: cannot create packetizer output (h264)
Chunk bitrate: 42 600000
Buffer size: 43 172001
Download Time: 1336001
Chunk bitrate: 43 600000
Buffer size: 44 176001
Download Time: 975060
Chunk bitrate: 44 349952
Buffer size: 44 180001
Chunk bitrate: 44 349952
Buffer size: 45 180001
Download Time: 693600
[00007fa1bc003378] core mux error: cannot add this stream
[00007fa1bc0d8628] core decoder error: cannot create packetizer output (h264)
Chunk bitrate: 45 349952
Buffer size: 46 184001
Download Time: 857004
Chunk bitrate: 46 600000
Buffer size: 46 188001
Chunk bitrate: 46 600000
Buffer size: 47 188001
Download Time: 1341217
[00007fa1bc003378] core mux error: cannot add this stream
[00007fa1bc0fe7c8] core decoder error: cannot create packetizer output (h264)
Chunk bitrate: 47 349952
Buffer size: 47 192001
Chunk bitrate: 47 349952
Buffer size: 48 192001
Download Time: 608159
[00007fa1bc003378] core mux error: cannot add this stream
[00007fa1bc0cb1c8] core decoder error: cannot create packetizer output (h264)
Chunk bitrate: 48 349952
Buffer size: 49 196001
Download Time: 529265
Chunk bitrate: 49 1000000
Buffer size: 49 200001
Chunk bitrate: 49 1000000
Buffer size: 50 200001
Download Time: 1504304
[00007fa1bc003378] core mux error: cannot add this stream
[00007fa1bc141bb8] core decoder error: cannot create packetizer output (h264)
Chunk bitrate: 50 349952
Buffer size: 50 204001
Chunk bitrate: 50 349952
Buffer size: 51 204001
Download Time: 896753
[00007fa1bc003378] core mux error: cannot add this stream
[00007fa1bc0e33f8] core decoder error: cannot create packetizer output (h264)
Chunk bitrate: 51 349952
Buffer size: 52 208001
Download Time: 679467
Chunk bitrate: 52 349952
Buffer size: 53 212001
Download Time: 964091
Chunk bitrate: 53 600000
Buffer size: 53 216001
Chunk bitrate: 53 600000
Buffer size: 54 216001
Download Time: 1388947
[00007fa1bc003378] core mux error: cannot add this stream
[00007fa1bc115a18] core decoder error: cannot create packetizer output (h264)
Chunk bitrate: 54 600000
Buffer size: 55 220001
Download Time: 1022014
Chunk bitrate: 55 600000
Buffer size: 56 224001
Download Time: 982041
Chunk bitrate: 56 349952
Buffer size: 56 228001
Chunk bitrate: 56 349952
Buffer size: 57 228001
Download Time: 970578
[00007fa1bc003378] core mux error: cannot add this stream
[00007fa1bc0e87c8] core decoder error: cannot create packetizer output (h264)
Chunk bitrate: 57 349952
Buffer size: 58 232001
Download Time: 368046
Chunk bitrate: 58 349952
Buffer size: 59 236001
Download Time: 691451
Chunk bitrate: 59 1000000
Buffer size: 59 240001
Chunk bitrate: 59 1000000
Buffer size: 60 240001
Download Time: 1181103
[00007fa1bc003378] core mux error: cannot add this stream
[00007fa1bc10ceb8] core decoder error: cannot create packetizer output (h264)
Chunk bitrate: 60 349952
Buffer size: 60 244001
Chunk bitrate: 60 349952
Buffer size: 61 244001
Download Time: 858416
[00007fa1bc003378] core mux error: cannot add this stream
[00007fa1bc1063b8] core decoder error: cannot create packetizer output (h264)
Chunk bitrate: 61 349952
Buffer size: 62 248001
Download Time: 367337
Chunk bitrate: 62 600000
Buffer size: 62 252001
Chunk bitrate: 62 600000
Buffer size: 63 252001
Download Time: 409466
[00007fa1bc003378] core mux error: cannot add this stream
[00007fa1bc0e4418] core decoder error: cannot create packetizer output (h264)
Chunk bitrate: 63 600000
Buffer size: 64 256001
Download Time: 566558
Chunk bitrate: 64 600000
Buffer size: 65 260001
[00007fa1bc003378] ps mux: Close
[00007fa1c8001508] idummy demux: command `quit'
[00000000012eb768] [cli] lua interface error: Error loading script /home/cs244/vlc/share/lua/intf/cli.luac: lua/intf/modules/host.lua:286: Interrupted.
