[000000000222f1e8] core interface error: no suitable interface module
[0000000002166338] core libvlc error: interface "globalhotkeys,none" initialization failed
[000000000222f1e8] dbus interface error: Failed to connect to the D-Bus session daemon: Unable to autolaunch a dbus-daemon without a $DISPLAY for X11
[000000000222f1e8] core interface error: no suitable interface module
[0000000002166338] core libvlc error: interface "dbus,none" initialization failed
[0000000002166338] core libvlc: Running vlc with the default interface. Use 'cvlc' to use vlc without interface.
[000000000222f1e8] qt interface error: Could not connect to X server
[000000000222f1e8] skins2 interface error: cannot initialize OSFactory
[000000000222f1e8] [cli] lua interface: Listening on host "*console".
VLC media player 3.0.0-git Vetinari
Command Line Interface initialized. Type `help' for help.
> [00007f1b90003378] ps mux: Open
making a DASHManager
new ratebased adaptionlogic
Chunk bitrate: 0 349952
Buffer size: 0 0
Chunk bitrate: 0 349952
Buffer size: 0 0
[00007f1b9001a568] mp4 demux: Fragment sequence discontinuity detected 0 != 2
Download Time: 1323508
[00007f1b9001a398] mp4 demux: Fragment sequence discontinuity detected 0 != 2
Startup Time: 1050000
Chunk bitrate: 0 600000
Buffer size: 0 4001
Chunk bitrate: 0 600000
Buffer size: 1 4001
Download Time: 2330535
Chunk bitrate: 1 600000
Buffer size: 2 8001
Download Time: 1562538
Chunk bitrate: 2 600000
Buffer size: 3 12001
Download Time: 2416641
Chunk bitrate: 3 600000
Buffer size: 4 16001
Download Time: 1684286
Chunk bitrate: 4 600000
Buffer size: 5 20001
Download Time: 2437213
Chunk bitrate: 5 600000
Buffer size: 6 24001
Download Time: 1534375
Chunk bitrate: 6 600000
Buffer size: 7 28001
Download Time: 1716419
Chunk bitrate: 7 600000
Buffer size: 8 32001
Download Time: 2067364
Chunk bitrate: 8 600000
Buffer size: 9 36001
Download Time: 2111820
Chunk bitrate: 9 600000
Buffer size: 10 40001
Download Time: 2093580
Chunk bitrate: 10 600000
Buffer size: 11 44001
Download Time: 1607450
Chunk bitrate: 11 600000
Buffer size: 12 48001
Download Time: 2192929
Chunk bitrate: 12 600000
Buffer size: 13 52001
Download Time: 2013056
Chunk bitrate: 13 600000
Buffer size: 14 56001
Download Time: 1967898
Chunk bitrate: 14 600000
Buffer size: 15 60001
Download Time: 1787727
Chunk bitrate: 15 600000
Buffer size: 16 64001
Download Time: 2049732
Chunk bitrate: 16 600000
Buffer size: 17 68001
Download Time: 1824076
Chunk bitrate: 17 600000
Buffer size: 18 72001
Download Time: 1940801
Chunk bitrate: 18 600000
Buffer size: 19 76001
Download Time: 1319145
Chunk bitrate: 19 600000
Buffer size: 20 80001
Download Time: 2237391
Chunk bitrate: 20 600000
Buffer size: 21 84001
Download Time: 1318564
Chunk bitrate: 21 600000
Buffer size: 22 88001
Download Time: 1932563
Chunk bitrate: 22 600000
Buffer size: 23 92001
Download Time: 2292054
Chunk bitrate: 23 600000
Buffer size: 24 96001
Download Time: 2093864
Chunk bitrate: 24 600000
Buffer size: 25 100001
Download Time: 1887645
Chunk bitrate: 25 600000
Buffer size: 26 104001
Download Time: 1975695
Chunk bitrate: 26 600000
Buffer size: 27 108001
Download Time: 1247889
Chunk bitrate: 27 600000
Buffer size: 28 112001
Download Time: 2067532
Chunk bitrate: 28 600000
Buffer size: 29 116001
Download Time: 2240541
Chunk bitrate: 29 600000
Buffer size: 30 120001
Download Time: 1716136
Chunk bitrate: 30 600000
Buffer size: 31 124001
Download Time: 1724523
Chunk bitrate: 31 600000
Buffer size: 32 128001
Download Time: 2212001
Chunk bitrate: 32 600000
Buffer size: 33 132001
Download Time: 1971185
Chunk bitrate: 33 600000
Buffer size: 34 136001
Download Time: 2174727
Chunk bitrate: 34 600000
Buffer size: 35 140001
Download Time: 1904593
Chunk bitrate: 35 600000
Buffer size: 36 144001
Download Time: 1752496
Chunk bitrate: 36 600000
Buffer size: 37 148001
Download Time: 2093013
Chunk bitrate: 37 600000
Buffer size: 38 152001
Download Time: 2052093
Chunk bitrate: 38 600000
Buffer size: 39 156001
Download Time: 1821770
Chunk bitrate: 39 600000
Buffer size: 40 160001
Download Time: 1652349
Chunk bitrate: 40 600000
Buffer size: 41 164001
Download Time: 2255737
Chunk bitrate: 41 600000
Buffer size: 42 168001
Download Time: 1904690
Chunk bitrate: 42 600000
Buffer size: 43 172001
Download Time: 2039201
Chunk bitrate: 43 600000
Buffer size: 44 176001
Download Time: 1850989
Chunk bitrate: 44 600000
Buffer size: 45 180001
Download Time: 1840038
Chunk bitrate: 45 600000
Buffer size: 46 184001
Download Time: 2056044
Chunk bitrate: 46 600000
Buffer size: 47 188001
Download Time: 1805193
Chunk bitrate: 47 600000
Buffer size: 48 192001
Download Time: 1688142
Chunk bitrate: 48 600000
Buffer size: 49 196001
Download Time: 2066398
Chunk bitrate: 49 600000
Buffer size: 50 200001
Download Time: 1950256
Chunk bitrate: 50 600000
Buffer size: 51 204001
Download Time: 1715162
Chunk bitrate: 51 600000
Buffer size: 52 208001
Download Time: 2032570
Chunk bitrate: 52 600000
Buffer size: 53 212001
Download Time: 1816307
Chunk bitrate: 53 600000
Buffer size: 54 216001
Download Time: 1868560
Chunk bitrate: 54 600000
Buffer size: 55 220001
Download Time: 2197204
Chunk bitrate: 55 600000
Buffer size: 56 224001
Download Time: 2003573
Chunk bitrate: 56 600000
Buffer size: 57 228001
Download Time: 1430481
Chunk bitrate: 57 600000
Buffer size: 58 232001
Download Time: 686256
Chunk bitrate: 58 600000
Buffer size: 59 236001
Download Time: 2494600
Chunk bitrate: 59 600000
Buffer size: 60 240001
Download Time: 1938576
Chunk bitrate: 60 600000
Buffer size: 61 244001
Download Time: 1962684
Chunk bitrate: 61 600000
Buffer size: 62 248001
Download Time: 696692
Chunk bitrate: 62 600000
Buffer size: 63 252001
Download Time: 518318
Chunk bitrate: 63 600000
Buffer size: 64 256001
Download Time: 1140438
Chunk bitrate: 64 600000
Buffer size: 65 260001
[00007f1b90003378] ps mux: Close
[00007f1b80000e98] idummy demux: command `quit'
[000000000222f1e8] [cli] lua interface error: Error loading script /home/cs244/vlc/share/lua/intf/cli.luac: lua/intf/modules/host.lua:286: Interrupted.
