[0000000001a00768] core interface error: no suitable interface module
[000000000193e338] core libvlc error: interface "globalhotkeys,none" initialization failed
[0000000001a00768] dbus interface error: Failed to connect to the D-Bus session daemon: Unable to autolaunch a dbus-daemon without a $DISPLAY for X11
[0000000001a00768] core interface error: no suitable interface module
[000000000193e338] core libvlc error: interface "dbus,none" initialization failed
[000000000193e338] core libvlc: Running vlc with the default interface. Use 'cvlc' to use vlc without interface.
[0000000001a00768] qt interface error: Could not connect to X server
[0000000001a00768] skins2 interface error: cannot initialize OSFactory
[00007fc718003378] ps mux: Open
[0000000001a00768] [cli] lua interface: Listening on host "*console".
VLC media player 3.0.0-git Vetinari
Command Line Interface initialized. Type `help' for help.
> making a DASHManager
new ratebased adaptionlogic
Chunk bitrate: 0 349952
Buffer size: 0 0
Chunk bitrate: 0 349952
Buffer size: 0 0
[00007fc718024308] mp4 demux: Fragment sequence discontinuity detected 0 != 2
Download Time: 682089
[00007fc7180255b8] mp4 demux: Fragment sequence discontinuity detected 0 != 2
Startup Time: 1050000
Chunk bitrate: 0 600000
Buffer size: 0 4001
Chunk bitrate: 0 600000
Buffer size: 1 4001
Download Time: 1203632
Chunk bitrate: 1 600000
Buffer size: 2 8001
Download Time: 783402
Chunk bitrate: 2 600000
Buffer size: 3 12001
Download Time: 1226222
Chunk bitrate: 3 349952
Buffer size: 3 16001
Chunk bitrate: 3 349952
Buffer size: 4 16001
Download Time: 800867
Chunk bitrate: 4 349952
Buffer size: 5 20001
Download Time: 674377
Download Time: 361301
Chunk bitrate: 5 349952
Buffer size: 6 24001
Download Time: 618422
Chunk bitrate: 6 1000000
Buffer size: 6 28001
Chunk bitrate: 6 1000000
Buffer size: 7 28001
Download Time: 1176054
Chunk bitrate: 7 600000
Buffer size: 7 32001
Chunk bitrate: 7 600000
Buffer size: 8 32001
Download Time: 871025
Chunk bitrate: 8 349952
Buffer size: 8 36001
Chunk bitrate: 8 349952
Buffer size: 9 36001
Download Time: 552871
Chunk bitrate: 9 349952
Buffer size: 10 40001
Download Time: 420742
Chunk bitrate: 10 600000
Buffer size: 10 44001
Chunk bitrate: 10 600000
Buffer size: 11 44001
Download Time: 645998
Chunk bitrate: 11 600000
Buffer size: 12 48001
Download Time: 1721756
Chunk bitrate: 12 600000
Buffer size: 13 52001
Download Time: 877988
Chunk bitrate: 13 349952
Buffer size: 13 56001
Chunk bitrate: 13 349952
Buffer size: 14 56001
Download Time: 581977
Chunk bitrate: 14 600000
Buffer size: 14 60001
Chunk bitrate: 14 600000
Buffer size: 15 60001
Download Time: 977630
Chunk bitrate: 15 349952
Buffer size: 15 64001
Chunk bitrate: 15 349952
Buffer size: 16 64001
Download Time: 618152
Chunk bitrate: 16 1000000
Buffer size: 16 68001
Chunk bitrate: 16 1000000
Buffer size: 17 68001
Download Time: 1360565
Chunk bitrate: 17 600000
Buffer size: 17 72001
Chunk bitrate: 17 600000
Buffer size: 18 72001
Download Time: 685819
Chunk bitrate: 18 1000000
Buffer size: 18 76001
Chunk bitrate: 18 1000000
Buffer size: 19 76001
Download Time: 841987
Chunk bitrate: 19 600000
Buffer size: 19 80001
Chunk bitrate: 19 600000
Buffer size: 20 80001
Download Time: 1103156
Chunk bitrate: 20 1000000
Buffer size: 20 84001
Chunk bitrate: 20 1000000
Buffer size: 21 84001
Download Time: 1075243
Chunk bitrate: 21 600000
Buffer size: 21 88001
Chunk bitrate: 21 600000
Buffer size: 22 88001
Download Time: 1042825
Chunk bitrate: 22 349952
Buffer size: 22 92001
Chunk bitrate: 22 349952
Buffer size: 23 92001
Download Time: 449273
[00007fc718003378] core mux error: cannot add this stream
[00007fc7180db568] core decoder error: cannot create packetizer output (h264)
Chunk bitrate: 23 349952
Buffer size: 24 96001
Download Time: 556898
Chunk bitrate: 24 349952
Buffer size: 25 100001
Download Time: 510247
Chunk bitrate: 25 600000
Buffer size: 25 104001
Chunk bitrate: 25 600000
Buffer size: 26 104001
Download Time: 814417
[00007fc718003378] core mux error: cannot add this stream
[00007fc7180d1098] core decoder error: cannot create packetizer output (h264)
Chunk bitrate: 26 600000
Buffer size: 27 108001
Download Time: 745329
Chunk bitrate: 27 600000
Buffer size: 28 112001
Download Time: 1033266
Chunk bitrate: 28 1000000
Buffer size: 28 116001
Chunk bitrate: 28 1000000
Buffer size: 29 116001
Download Time: 1596596
[00007fc718003378] core mux error: cannot add this stream
[00007fc71811e208] core decoder error: cannot create packetizer output (h264)
Chunk bitrate: 29 1000000
Buffer size: 30 120001
Download Time: 1663191
Chunk bitrate: 30 600000
Buffer size: 30 124001
Chunk bitrate: 30 600000
Buffer size: 31 124001
Download Time: 735056
[00007fc718003378] core mux error: cannot add this stream
[00007fc7180d3268] core decoder error: cannot create packetizer output (h264)
Chunk bitrate: 31 1000000
Buffer size: 31 128001
Chunk bitrate: 31 1000000
Buffer size: 32 128001
Download Time: 1109442
Download Time: 421794
[00007fc718003378] core mux error: cannot add this stream
[00007fc718134e18] core decoder error: cannot create packetizer output (h264)
Chunk bitrate: 32 349952
Buffer size: 32 132001
Chunk bitrate: 32 349952
Buffer size: 33 132001
Download Time: 484732
[00007fc718003378] core mux error: cannot add this stream
[00007fc718043248] core decoder error: cannot create packetizer output (h264)
Chunk bitrate: 33 1000000
Buffer size: 33 136001
Chunk bitrate: 33 1000000
Buffer size: 34 136001
Download Time: 1043367
[00007fc718003378] core mux error: cannot add this stream
[00007fc71809f748] core decoder error: cannot create packetizer output (h264)
Chunk bitrate: 34 600000
Buffer size: 34 140001
Chunk bitrate: 34 600000
Buffer size: 35 140001
Download Time: 843908
[00007fc718003378] core mux error: cannot add this stream
[00007fc7180f0208] core decoder error: cannot create packetizer output (h264)
Chunk bitrate: 35 600000
Buffer size: 36 144001
Download Time: 682327
Chunk bitrate: 36 600000
Buffer size: 37 148001
Download Time: 944855
Chunk bitrate: 37 600000
Buffer size: 38 152001
Download Time: 648714
Chunk bitrate: 38 2000000
Buffer size: 38 156001
Chunk bitrate: 38 2000000
Buffer size: 39 156001
Download Time: 1659298
[00007fc718003378] core mux error: cannot add this stream
[00007fc7180422b8] core decoder error: cannot create packetizer output (h264)
Chunk bitrate: 39 1000000
Buffer size: 39 160001
Download Time: 263374
Chunk bitrate: 39 1000000
Buffer size: 40 160001
Download Time: 1036042
[00007fc718003378] core mux error: cannot add this stream
[00007fc718114d68] core decoder error: cannot create packetizer output (h264)
Chunk bitrate: 40 1000000
Buffer size: 41 164001
Download Time: 1301240
Chunk bitrate: 41 600000
Buffer size: 41 168001
Chunk bitrate: 41 600000
Buffer size: 42 168001
Download Time: 581375
[00007fc718003378] core mux error: cannot add this stream
[00007fc7181004d8] core decoder error: cannot create packetizer output (h264)
Chunk bitrate: 42 600000
Buffer size: 43 172001
Download Time: 1008691
Chunk bitrate: 43 600000
Buffer size: 44 176001
Download Time: 713994
Chunk bitrate: 44 1000000
Buffer size: 44 180001
Chunk bitrate: 44 1000000
Buffer size: 45 180001
Download Time: 1063849
[00007fc718003378] core mux error: cannot add this stream
[00007fc71813b718] core decoder error: cannot create packetizer output (h264)
Chunk bitrate: 45 600000
Buffer size: 45 184001
Chunk bitrate: 45 600000
Buffer size: 46 184001
Download Time: 1067556
[00007fc718003378] core mux error: cannot add this stream
[00007fc7180b3e78] core decoder error: cannot create packetizer output (h264)
Chunk bitrate: 46 1000000
Buffer size: 46 188001
Chunk bitrate: 46 1000000
Buffer size: 47 188001
Download Time: 1816879
[00007fc718003378] core mux error: cannot add this stream
[00007fc7180d1028] core decoder error: cannot create packetizer output (h264)
Chunk bitrate: 47 1000000
Buffer size: 48 192001
Download Time: 1009062
Chunk bitrate: 48 1000000
Buffer size: 49 196001
Download Time: 2072009
Chunk bitrate: 49 600000
Buffer size: 49 200001
Chunk bitrate: 49 600000
Buffer size: 50 200001
Download Time: 856134
[00007fc718003378] core mux error: cannot add this stream
[00007fc7180f1f68] core decoder error: cannot create packetizer output (h264)
Chunk bitrate: 50 349952
Buffer size: 50 204001
Chunk bitrate: 50 349952
Buffer size: 51 204001
Download Time: 1388884
[00007fc718003378] core mux error: cannot add this stream
[00007fc7181029f8] core decoder error: cannot create packetizer output (h264)
Chunk bitrate: 51 600000
Buffer size: 51 208001
Chunk bitrate: 51 600000
Buffer size: 52 208001
Download Time: 689898
[00007fc718003378] core mux error: cannot add this stream
[00007fc71811d478] core decoder error: cannot create packetizer output (h264)
Chunk bitrate: 52 349952
Buffer size: 52 212001
Chunk bitrate: 52 349952
Buffer size: 53 212001
Download Time: 612128
[00007fc718003378] core mux error: cannot add this stream
[00007fc7180ff2d8] core decoder error: cannot create packetizer output (h264)
Chunk bitrate: 53 349952
Buffer size: 54 216001
Download Time: 694537
Chunk bitrate: 54 349952
Buffer size: 55 220001
Download Time: 937472
Chunk bitrate: 55 600000
Buffer size: 55 224001
Chunk bitrate: 55 600000
Buffer size: 56 224001
Download Time: 811946
[00007fc718003378] core mux error: cannot add this stream
[00007fc718127168] core decoder error: cannot create packetizer output (h264)
Chunk bitrate: 56 600000
Buffer size: 57 228001
Download Time: 937027
Chunk bitrate: 57 600000
Buffer size: 58 232001
Download Time: 321492
Chunk bitrate: 58 349952
Buffer size: 58 236001
Chunk bitrate: 58 349952
Buffer size: 59 236001
Download Time: 612079
[00007fc718003378] core mux error: cannot add this stream
[00007fc7181158a8] core decoder error: cannot create packetizer output (h264)
Chunk bitrate: 59 600000
Buffer size: 59 240001
Chunk bitrate: 59 600000
Buffer size: 60 240001
Download Time: 1264562
[00007fc718003378] core mux error: cannot add this stream
[00007fc7181308a8] core decoder error: cannot create packetizer output (h264)
Chunk bitrate: 60 600000
Buffer size: 61 244001
Download Time: 1135791
Chunk bitrate: 61 600000
Buffer size: 62 248001
Download Time: 445938
Chunk bitrate: 62 349952
Buffer size: 62 252001
Chunk bitrate: 62 349952
Buffer size: 63 252001
Download Time: 317528
Download Time: 288618
[00007fc718003378] core mux error: cannot add this stream
[00007fc71809d508] core decoder error: cannot create packetizer output (h264)
Chunk bitrate: 63 349952
Buffer size: 64 256001
Download Time: 369025
Chunk bitrate: 64 600000
Buffer size: 64 260001
Chunk bitrate: 64 600000
Buffer size: 65 260001
[00007fc718003378] ps mux: Close
[00007fc71c035368] idummy demux: command `quit'
[0000000001a00768] [cli] lua interface error: Error loading script /home/cs244/vlc/share/lua/intf/cli.luac: lua/intf/modules/host.lua:286: Interrupted.
