[0000000000c821e8] core interface error: no suitable interface module
[0000000000bb9338] core libvlc error: interface "globalhotkeys,none" initialization failed
[0000000000c821e8] dbus interface error: Failed to connect to the D-Bus session daemon: Unable to autolaunch a dbus-daemon without a $DISPLAY for X11
[0000000000c821e8] core interface error: no suitable interface module
[0000000000bb9338] core libvlc error: interface "dbus,none" initialization failed
[0000000000bb9338] core libvlc: Running vlc with the default interface. Use 'cvlc' to use vlc without interface.
[0000000000c821e8] qt interface error: Could not connect to X server
[0000000000c821e8] skins2 interface error: cannot initialize OSFactory
[0000000000c821e8] [cli] lua interface: Listening on host "*console".
VLC media player 3.0.0-git Vetinari
Command Line Interface initialized. Type `help' for help.
> [00007f6644003378] ps mux: Open
making a DASHManager
new ratebased adaptionlogic
Chunk bitrate: 0 349952
Buffer size: 0 0
Chunk bitrate: 0 349952
Buffer size: 0 0
[00007f66440245a8] mp4 demux: Fragment sequence discontinuity detected 0 != 2
Download Time: 526957
[00007f6644024968] mp4 demux: Fragment sequence discontinuity detected 0 != 2
Startup Time: 1050000
Chunk bitrate: 0 1000000
Buffer size: 0 4001
Chunk bitrate: 0 1000000
Buffer size: 1 4001
Download Time: 1302330
Download Time: 313726
Chunk bitrate: 1 600000
Buffer size: 1 8001
Chunk bitrate: 1 600000
Buffer size: 2 8001
Download Time: 855030
Chunk bitrate: 2 349952
Buffer size: 2 12001
Chunk bitrate: 2 349952
Buffer size: 3 12001
Download Time: 853602
Chunk bitrate: 3 600000
Buffer size: 3 16001
Chunk bitrate: 3 600000
Buffer size: 4 16001
Download Time: 979356
Chunk bitrate: 4 349952
Buffer size: 4 20001
Chunk bitrate: 4 349952
Buffer size: 5 20001
Download Time: 572730
Chunk bitrate: 5 600000
Buffer size: 5 24001
Chunk bitrate: 5 600000
Buffer size: 6 24001
Download Time: 939812
Chunk bitrate: 6 349952
Buffer size: 6 28001
Chunk bitrate: 6 349952
Buffer size: 7 28001
Download Time: 409172
Chunk bitrate: 7 1000000
Buffer size: 7 32001
Chunk bitrate: 7 1000000
Buffer size: 8 32001
Download Time: 1913750
Chunk bitrate: 8 349952
Buffer size: 8 36001
Chunk bitrate: 8 349952
Buffer size: 9 36001
Download Time: 1100695
Chunk bitrate: 9 600000
Buffer size: 9 40001
Chunk bitrate: 9 600000
Buffer size: 10 40001
Download Time: 1945777
Chunk bitrate: 10 349952
Buffer size: 10 44001
Chunk bitrate: 10 349952
Buffer size: 11 44001
Download Time: 571743
Chunk bitrate: 11 600000
Buffer size: 11 48001
Chunk bitrate: 11 600000
Buffer size: 12 48001
Download Time: 1097329
Chunk bitrate: 12 349952
Buffer size: 12 52001
Chunk bitrate: 12 349952
Buffer size: 13 52001
Download Time: 527630
Chunk bitrate: 13 600000
Buffer size: 13 56001
Chunk bitrate: 13 600000
Buffer size: 14 56001
Download Time: 1143325
Chunk bitrate: 14 349952
Buffer size: 14 60001
Chunk bitrate: 14 349952
Buffer size: 15 60001
Download Time: 529978
Chunk bitrate: 15 600000
Buffer size: 15 64001
Chunk bitrate: 15 600000
Buffer size: 16 64001
Download Time: 1059124
[00007f6644003378] core mux error: cannot add this stream
[00007f664408f9c8] core decoder error: cannot create packetizer output (h264)
Chunk bitrate: 16 600000
Buffer size: 17 68001
Download Time: 728583
Chunk bitrate: 17 600000
Buffer size: 18 72001
Download Time: 1011513
Chunk bitrate: 18 600000
Buffer size: 19 76001
Download Time: 569464
Chunk bitrate: 19 1000000
Buffer size: 19 80001
Download Time: 974466
Chunk bitrate: 19 1000000
Buffer size: 20 80001
Download Time: 1501636
[00007f6644003378] core mux error: cannot add this stream
[00007f6644107148] core decoder error: cannot create packetizer output (h264)
Chunk bitrate: 20 349952
Buffer size: 20 84001
Chunk bitrate: 20 349952
Buffer size: 21 84001
Download Time: 406413
[00007f6644003378] core mux error: cannot add this stream
[00007f6644048e78] core decoder error: cannot create packetizer output (h264)
Chunk bitrate: 21 349952
Buffer size: 22 88001
Download Time: 443964
Chunk bitrate: 22 349952
Buffer size: 23 92001
Download Time: 847386
Chunk bitrate: 23 600000
Buffer size: 23 96001
Chunk bitrate: 23 600000
Buffer size: 24 96001
Download Time: 894167
[00007f6644003378] core mux error: cannot add this stream
[00007f66440a4bf8] core decoder error: cannot create packetizer output (h264)
Chunk bitrate: 24 349952
Buffer size: 24 100001
Chunk bitrate: 24 349952
Buffer size: 25 100001
Download Time: 574303
[00007f6644003378] core mux error: cannot add this stream
[00007f66440a3f98] core decoder error: cannot create packetizer output (h264)
Chunk bitrate: 25 600000
Buffer size: 25 104001
Chunk bitrate: 25 600000
Buffer size: 26 104001
Download Time: 680749
[00007f6644003378] core mux error: cannot add this stream
[00007f66440e0038] core decoder error: cannot create packetizer output (h264)
Chunk bitrate: 26 1000000
Buffer size: 26 108001
Chunk bitrate: 26 1000000
Buffer size: 27 108001
Download Time: 1060437
[00007f6644003378] core mux error: cannot add this stream
[00007f66440b61b8] core decoder error: cannot create packetizer output (h264)
Chunk bitrate: 27 600000
Buffer size: 27 112001
Chunk bitrate: 27 600000
Buffer size: 28 112001
Download Time: 1100135
[00007f6644003378] core mux error: cannot add this stream
[00007f66440eb958] core decoder error: cannot create packetizer output (h264)
Chunk bitrate: 28 600000
Buffer size: 29 116001
Download Time: 1303217
Chunk bitrate: 29 349952
Buffer size: 29 120001
Chunk bitrate: 29 349952
Buffer size: 30 120001
Download Time: 690666
[00007f6644003378] core mux error: cannot add this stream
[00007f664406fb68] core decoder error: cannot create packetizer output (h264)
Chunk bitrate: 30 600000
Buffer size: 30 124001
Chunk bitrate: 30 600000
Buffer size: 31 124001
Download Time: 1090437
[00007f6644003378] core mux error: cannot add this stream
[00007f66440481f8] core decoder error: cannot create packetizer output (h264)
Chunk bitrate: 31 600000
Buffer size: 32 128001
Download Time: 1468823
Chunk bitrate: 32 600000
Buffer size: 33 132001
Download Time: 3042267
Chunk bitrate: 33 349952
Buffer size: 33 136001
Chunk bitrate: 33 349952
Buffer size: 34 136001
Download Time: 854627
[00007f6644003378] core mux error: cannot add this stream
[00007f66440ede98] core decoder error: cannot create packetizer output (h264)
Chunk bitrate: 34 600000
Buffer size: 34 140001
Chunk bitrate: 34 600000
Buffer size: 35 140001
Download Time: 938835
[00007f6644003378] core mux error: cannot add this stream
[00007f66440f6f38] core decoder error: cannot create packetizer output (h264)
Chunk bitrate: 35 349952
Buffer size: 35 144001
Chunk bitrate: 35 349952
Buffer size: 36 144001
Download Time: 898339
[00007f6644003378] core mux error: cannot add this stream
[00007f66440f0c28] core decoder error: cannot create packetizer output (h264)
Chunk bitrate: 36 600000
Buffer size: 36 148001
Chunk bitrate: 36 600000
Buffer size: 37 148001
Download Time: 1020056
[00007f6644003378] core mux error: cannot add this stream
[00007f6644102248] core decoder error: cannot create packetizer output (h264)
Chunk bitrate: 37 600000
Buffer size: 38 152001
Download Time: 1261931
Chunk bitrate: 38 1000000
Buffer size: 38 156001
Chunk bitrate: 38 1000000
Buffer size: 39 156001
Download Time: 1017490
[00007f6644003378] core mux error: cannot add this stream
[00007f664412e1d8] core decoder error: cannot create packetizer output (h264)
Chunk bitrate: 39 600000
Buffer size: 39 160001
Chunk bitrate: 39 600000
Buffer size: 40 160001
Download Time: 979924
[00007f6644003378] core mux error: cannot add this stream
[00007f66440f5c68] core decoder error: cannot create packetizer output (h264)
Chunk bitrate: 40 600000
Buffer size: 41 164001
Download Time: 1099028
Chunk bitrate: 41 349952
Buffer size: 41 168001
Chunk bitrate: 41 349952
Buffer size: 42 168001
Download Time: 690874
[00007f6644003378] core mux error: cannot add this stream
[00007f6644096bf8] core decoder error: cannot create packetizer output (h264)
Chunk bitrate: 42 349952
Buffer size: 43 172001
Download Time: 569218
Chunk bitrate: 43 600000
Buffer size: 43 176001
Chunk bitrate: 43 600000
Buffer size: 44 176001
Download Time: 1539384
[00007f6644003378] core mux error: cannot add this stream
[00007f664410d808] core decoder error: cannot create packetizer output (h264)
Chunk bitrate: 44 600000
Buffer size: 45 180001
Download Time: 731070
Chunk bitrate: 45 349952
Buffer size: 45 184001
Chunk bitrate: 45 349952
Buffer size: 46 184001
Download Time: 775398
[00007f6644003378] core mux error: cannot add this stream
[00007f6644098198] core decoder error: cannot create packetizer output (h264)
Chunk bitrate: 46 600000
Buffer size: 46 188001
Chunk bitrate: 46 600000
Buffer size: 47 188001
Download Time: 981213
[00007f6644003378] core mux error: cannot add this stream
[00007f6644110ab8] core decoder error: cannot create packetizer output (h264)
Chunk bitrate: 47 600000
Buffer size: 48 192001
Download Time: 615037
Chunk bitrate: 48 1000000
Buffer size: 48 196001
Chunk bitrate: 48 1000000
Buffer size: 49 196001
Download Time: 1383806
[00007f6644003378] core mux error: cannot add this stream
[00007f6644157728] core decoder error: cannot create packetizer output (h264)
Chunk bitrate: 49 349952
Buffer size: 49 200001
Chunk bitrate: 49 349952
Buffer size: 50 200001
Download Time: 980897
[00007f6644003378] core mux error: cannot add this stream
[00007f66440f4088] core decoder error: cannot create packetizer output (h264)
Chunk bitrate: 50 349952
Buffer size: 51 204001
Download Time: 650683
Chunk bitrate: 51 600000
Buffer size: 51 208001
Chunk bitrate: 51 600000
Buffer size: 52 208001
Download Time: 1835192
[00007f6644003378] core mux error: cannot add this stream
[00007f66441262c8] core decoder error: cannot create packetizer output (h264)
Chunk bitrate: 52 600000
Buffer size: 53 212001
Download Time: 1102313
Chunk bitrate: 53 1000000
Buffer size: 53 216001
Download Time: 573370
Chunk bitrate: 53 1000000
Buffer size: 54 216001
Download Time: 2123466
[00007f6644003378] core mux error: cannot add this stream
[00007f664416c768] core decoder error: cannot create packetizer output (h264)
Chunk bitrate: 54 600000
Buffer size: 54 220001
Chunk bitrate: 54 600000
Buffer size: 55 220001
Download Time: 1022148
[00007f6644003378] core mux error: cannot add this stream
[00007f66441325b8] core decoder error: cannot create packetizer output (h264)
Chunk bitrate: 55 600000
Buffer size: 56 224001
Download Time: 1023894
Chunk bitrate: 56 349952
Buffer size: 56 228001
Chunk bitrate: 56 349952
Buffer size: 57 228001
Download Time: 448781
[00007f6644003378] core mux error: cannot add this stream
[00007f66440cb0a8] core decoder error: cannot create packetizer output (h264)
Chunk bitrate: 57 600000
Buffer size: 57 232001
Chunk bitrate: 57 600000
Buffer size: 58 232001
Download Time: 370182
[00007f6644003378] core mux error: cannot add this stream
[00007f66440e4448] core decoder error: cannot create packetizer output (h264)
Chunk bitrate: 58 600000
Buffer size: 59 236001
Download Time: 1136312
Chunk bitrate: 59 349952
Buffer size: 59 240001
Chunk bitrate: 59 349952
Buffer size: 60 240001
Download Time: 934150
[00007f6644003378] core mux error: cannot add this stream
[00007f664410e9d8] core decoder error: cannot create packetizer output (h264)
Chunk bitrate: 60 349952
Buffer size: 61 244001
Download Time: 1175304
Chunk bitrate: 61 1000000
Buffer size: 61 248001
Chunk bitrate: 61 1000000
Buffer size: 62 248001
Download Time: 492757
[00007f6644003378] core mux error: cannot add this stream
[00007f6644113fb8] core decoder error: cannot create packetizer output (h264)
Chunk bitrate: 62 600000
Buffer size: 62 252001
Chunk bitrate: 62 600000
Buffer size: 63 252001
Download Time: 731457
[00007f6644003378] core mux error: cannot add this stream
[00007f66440c3c98] core decoder error: cannot create packetizer output (h264)
Chunk bitrate: 63 600000
Buffer size: 64 256001
Download Time: 1018744
Chunk bitrate: 64 600000
Buffer size: 65 260001
[00007f6644003378] ps mux: Close
[00007f66380013f8] idummy demux: command `quit'
[0000000000c821e8] [cli] lua interface error: Error loading script /home/cs244/vlc/share/lua/intf/cli.luac: lua/intf/modules/host.lua:286: Interrupted.
