[00000000019f71e8] core interface error: no suitable interface module
[000000000192e338] core libvlc error: interface "globalhotkeys,none" initialization failed
[00000000019f71e8] dbus interface error: Failed to connect to the D-Bus session daemon: Unable to autolaunch a dbus-daemon without a $DISPLAY for X11
[00000000019f71e8] core interface error: no suitable interface module
[000000000192e338] core libvlc error: interface "dbus,none" initialization failed
[000000000192e338] core libvlc: Running vlc with the default interface. Use 'cvlc' to use vlc without interface.
[00000000019f71e8] qt interface error: Could not connect to X server
[00000000019f71e8] skins2 interface error: cannot initialize OSFactory
[00007fef0c003378] ps mux: Open
[00000000019f71e8] [cli] lua interface: Listening on host "*console".
VLC media player 3.0.0-git Vetinari
Command Line Interface initialized. Type `help' for help.
> making a DASHManager
new ratebased adaptionlogic
Chunk bitrate: 0 349952
Buffer size: 0 0
Chunk bitrate: 0 349952
Buffer size: 0 0
[00007fef0c023808] mp4 demux: Fragment sequence discontinuity detected 0 != 2
Download Time: 814703
Download Time: 323037
[00007fef0c023f08] mp4 demux: Fragment sequence discontinuity detected 0 != 2
Startup Time: 1050000
Chunk bitrate: 0 349952
Buffer size: 1 4001
Download Time: 887699
Chunk bitrate: 1 349952
Buffer size: 2 8001
Download Time: 443952
Chunk bitrate: 2 349952
Buffer size: 3 12001
Download Time: 809512
Chunk bitrate: 3 600000
Buffer size: 3 16001
Chunk bitrate: 3 600000
Buffer size: 4 16001
Download Time: 735045
Chunk bitrate: 4 349952
Buffer size: 4 20001
Chunk bitrate: 4 349952
Buffer size: 5 20001
Download Time: 1341774
Chunk bitrate: 5 600000
Buffer size: 5 24001
Chunk bitrate: 5 600000
Buffer size: 6 24001
Download Time: 843064
Chunk bitrate: 6 349952
Buffer size: 6 28001
Chunk bitrate: 6 349952
Buffer size: 7 28001
Download Time: 1013574
Chunk bitrate: 7 349952
Buffer size: 8 32001
Download Time: 1735088
Chunk bitrate: 8 1000000
Buffer size: 8 36001
Chunk bitrate: 8 1000000
Buffer size: 9 36001
Download Time: 2245558
Chunk bitrate: 9 1000000
Buffer size: 10 40001
Download Time: 976181
Chunk bitrate: 10 1000000
Buffer size: 11 44001
Download Time: 975366
Chunk bitrate: 11 600000
Buffer size: 11 48001
Chunk bitrate: 11 600000
Buffer size: 12 48001
Download Time: 937119
Chunk bitrate: 12 600000
Buffer size: 13 52001
Download Time: 1017114
Chunk bitrate: 13 600000
Buffer size: 14 56001
Download Time: 1252244
Chunk bitrate: 14 600000
Buffer size: 15 60001
Download Time: 891602
Chunk bitrate: 15 349952
Buffer size: 15 64001
Chunk bitrate: 15 349952
Buffer size: 16 64001
Download Time: 638588
Chunk bitrate: 16 600000
Buffer size: 16 68001
Chunk bitrate: 16 600000
Buffer size: 17 68001
Download Time: 1176473
Download Time: 446043
Chunk bitrate: 17 349952
Buffer size: 17 72001
Download Time: 238982
Chunk bitrate: 17 349952
Buffer size: 18 72001
Download Time: 1224815
Chunk bitrate: 18 349952
Buffer size: 19 76001
Download Time: 808956
Chunk bitrate: 19 600000
Buffer size: 19 80001
Chunk bitrate: 19 600000
Buffer size: 20 80001
Download Time: 1306955
Chunk bitrate: 20 349952
Buffer size: 20 84001
Chunk bitrate: 20 349952
Buffer size: 21 84001
Download Time: 484808
Chunk bitrate: 21 600000
Buffer size: 21 88001
Chunk bitrate: 21 600000
Buffer size: 22 88001
Download Time: 1099965
Chunk bitrate: 22 600000
Buffer size: 23 92001
Download Time: 1179194
Chunk bitrate: 23 1000000
Buffer size: 23 96001
Chunk bitrate: 23 1000000
Buffer size: 24 96001
Download Time: 1267047
Chunk bitrate: 24 600000
Buffer size: 24 100001
Chunk bitrate: 24 600000
Buffer size: 25 100001
Download Time: 903459
Chunk bitrate: 25 349952
Buffer size: 25 104001
Chunk bitrate: 25 349952
Buffer size: 26 104001
Download Time: 730194
Chunk bitrate: 26 349952
Buffer size: 27 108001
Download Time: 1017309
Chunk bitrate: 27 600000
Buffer size: 27 112001
Download Time: 693265
Chunk bitrate: 27 600000
Buffer size: 28 112001
Download Time: 1752853
[00007fef0c003378] core mux error: cannot add this stream
[00007fef0c0e1f78] core decoder error: cannot create packetizer output (h264)
Chunk bitrate: 28 349952
Buffer size: 28 116001
Chunk bitrate: 28 349952
Buffer size: 29 116001
Download Time: 813999
[00007fef0c003378] core mux error: cannot add this stream
[00007fef0c076998] core decoder error: cannot create packetizer output (h264)
Chunk bitrate: 29 600000
Buffer size: 29 120001
Chunk bitrate: 29 600000
Buffer size: 30 120001
Download Time: 1171424
[00007fef0c003378] core mux error: cannot add this stream
[00007fef0c0b9b28] core decoder error: cannot create packetizer output (h264)
Chunk bitrate: 30 1000000
Buffer size: 30 124001
Chunk bitrate: 30 1000000
Buffer size: 31 124001
Download Time: 1508184
[00007fef0c003378] core mux error: cannot add this stream
[00007fef0c109b88] core decoder error: cannot create packetizer output (h264)
Chunk bitrate: 31 349952
Buffer size: 31 128001
Chunk bitrate: 31 349952
Buffer size: 32 128001
Download Time: 771091
[00007fef0c003378] core mux error: cannot add this stream
[00007fef0c0a9df8] core decoder error: cannot create packetizer output (h264)
Chunk bitrate: 32 349952
Buffer size: 33 132001
Download Time: 939162
Chunk bitrate: 33 349952
Buffer size: 34 136001
Download Time: 1094525
Chunk bitrate: 34 349952
Buffer size: 35 140001
Download Time: 728015
Chunk bitrate: 35 1000000
Buffer size: 35 144001
Chunk bitrate: 35 1000000
Buffer size: 36 144001
Download Time: 1100617
[00007fef0c003378] core mux error: cannot add this stream
[00007fef0c10ccd8] core decoder error: cannot create packetizer output (h264)
Chunk bitrate: 36 349952
Buffer size: 36 148001
Chunk bitrate: 36 349952
Buffer size: 37 148001
Download Time: 812216
[00007fef0c003378] core mux error: cannot add this stream
[00007fef0c0c2e58] core decoder error: cannot create packetizer output (h264)
Chunk bitrate: 37 349952
Buffer size: 38 152001
Download Time: 772539
Chunk bitrate: 38 1000000
Buffer size: 38 156001
Chunk bitrate: 38 1000000
Buffer size: 39 156001
Download Time: 1385650
[00007fef0c003378] core mux error: cannot add this stream
[00007fef0c123ed8] core decoder error: cannot create packetizer output (h264)
Chunk bitrate: 39 600000
Buffer size: 39 160001
Chunk bitrate: 39 600000
Buffer size: 40 160001
Download Time: 731747
[00007fef0c003378] core mux error: cannot add this stream
[00007fef0c0ee8d8] core decoder error: cannot create packetizer output (h264)
Chunk bitrate: 40 349952
Buffer size: 40 164001
Chunk bitrate: 40 349952
Buffer size: 41 164001
Download Time: 774816
[00007fef0c003378] core mux error: cannot add this stream
[00007fef0c0e0f38] core decoder error: cannot create packetizer output (h264)
Chunk bitrate: 41 600000
Buffer size: 41 168001
Chunk bitrate: 41 600000
Buffer size: 42 168001
Download Time: 1056881
[00007fef0c003378] core mux error: cannot add this stream
[00007fef0c1013b8] core decoder error: cannot create packetizer output (h264)
Chunk bitrate: 42 349952
Buffer size: 42 172001
Chunk bitrate: 42 349952
Buffer size: 43 172001
Download Time: 568130
[00007fef0c003378] core mux error: cannot add this stream
[00007fef0c0b2e08] core decoder error: cannot create packetizer output (h264)
Chunk bitrate: 43 600000
Buffer size: 43 176001
Chunk bitrate: 43 600000
Buffer size: 44 176001
Download Time: 1297113
[00007fef0c003378] core mux error: cannot add this stream
[00007fef0c105e18] core decoder error: cannot create packetizer output (h264)
Chunk bitrate: 44 349952
Buffer size: 44 180001
Chunk bitrate: 44 349952
Buffer size: 45 180001
Download Time: 816620
[00007fef0c003378] core mux error: cannot add this stream
[00007fef0c0e28b8] core decoder error: cannot create packetizer output (h264)
Chunk bitrate: 45 349952
Buffer size: 46 184001
Download Time: 855937
Chunk bitrate: 46 600000
Buffer size: 46 188001
Chunk bitrate: 46 600000
Buffer size: 47 188001
Download Time: 973291
[00007fef0c003378] core mux error: cannot add this stream
[00007fef0c109ab8] core decoder error: cannot create packetizer output (h264)
Chunk bitrate: 47 1000000
Buffer size: 47 192001
Chunk bitrate: 47 1000000
Buffer size: 48 192001
Download Time: 1498979
[00007fef0c003378] core mux error: cannot add this stream
[00007fef0c12bdd8] core decoder error: cannot create packetizer output (h264)
Chunk bitrate: 48 349952
Buffer size: 48 196001
Chunk bitrate: 48 349952
Buffer size: 49 196001
Download Time: 1058310
[00007fef0c003378] core mux error: cannot add this stream
[00007fef0c0e6d68] core decoder error: cannot create packetizer output (h264)
Chunk bitrate: 49 349952
Buffer size: 50 200001
Download Time: 894209
Chunk bitrate: 50 600000
Buffer size: 50 204001
Chunk bitrate: 50 600000
Buffer size: 51 204001
Download Time: 611279
[00007fef0c003378] core mux error: cannot add this stream
[00007fef0c1152d8] core decoder error: cannot create packetizer output (h264)
Chunk bitrate: 51 1000000
Buffer size: 51 208001
Chunk bitrate: 51 1000000
Buffer size: 52 208001
Download Time: 1462381
[00007fef0c003378] core mux error: cannot add this stream
[00007fef0c153238] core decoder error: cannot create packetizer output (h264)
Chunk bitrate: 52 600000
Buffer size: 52 212001
Chunk bitrate: 52 600000
Buffer size: 53 212001
Download Time: 1381989
[00007fef0c003378] core mux error: cannot add this stream
[00007fef0c11b5b8] core decoder error: cannot create packetizer output (h264)
Chunk bitrate: 53 1000000
Buffer size: 53 216001
Chunk bitrate: 53 1000000
Buffer size: 54 216001
Download Time: 1714420
[00007fef0c003378] core mux error: cannot add this stream
[00007fef0c166ae8] core decoder error: cannot create packetizer output (h264)
Chunk bitrate: 54 1000000
Buffer size: 55 220001
Download Time: 1749906
Chunk bitrate: 55 600000
Buffer size: 55 224001
Chunk bitrate: 55 600000
Buffer size: 56 224001
Download Time: 965290
[00007fef0c003378] core mux error: cannot add this stream
[00007fef0c129ce8] core decoder error: cannot create packetizer output (h264)
Chunk bitrate: 56 349952
Buffer size: 56 228001
Chunk bitrate: 56 349952
Buffer size: 57 228001
Download Time: 445589
[00007fef0c003378] core mux error: cannot add this stream
[00007fef0c10a898] core decoder error: cannot create packetizer output (h264)
Chunk bitrate: 57 349952
Buffer size: 58 232001
Download Time: 326183
Chunk bitrate: 58 349952
Buffer size: 59 236001
Download Time: 1340081
Chunk bitrate: 59 1000000
Buffer size: 59 240001
Chunk bitrate: 59 1000000
Buffer size: 60 240001
Download Time: 1066775
[00007fef0c003378] core mux error: cannot add this stream
[00007fef0c1598b8] core decoder error: cannot create packetizer output (h264)
Chunk bitrate: 60 600000
Buffer size: 60 244001
Chunk bitrate: 60 600000
Buffer size: 61 244001
Download Time: 1144551
[00007fef0c003378] core mux error: cannot add this stream
[00007fef0c1370d8] core decoder error: cannot create packetizer output (h264)
Chunk bitrate: 61 600000
Buffer size: 62 248001
Download Time: 447178
Chunk bitrate: 62 349952
Buffer size: 62 252001
Chunk bitrate: 62 349952
Buffer size: 63 252001
Download Time: 365288
[00007fef0c003378] core mux error: cannot add this stream
[00007fef0c0d0868] core decoder error: cannot create packetizer output (h264)
Chunk bitrate: 63 600000
Buffer size: 63 256001
Chunk bitrate: 63 600000
Buffer size: 64 256001
Download Time: 730647
[00007fef0c003378] core mux error: cannot add this stream
[00007fef0c1037c8] core decoder error: cannot create packetizer output (h264)
Chunk bitrate: 64 1000000
Buffer size: 64 260001
Chunk bitrate: 64 1000000
Buffer size: 65 260001
[00007fef0c003378] ps mux: Close
[00007fef080096d8] idummy demux: command `quit'
[00000000019f71e8] [cli] lua interface error: Error loading script /home/cs244/vlc/share/lua/intf/cli.luac: lua/intf/modules/host.lua:286: Interrupted.
