[00000000024bb1a8] core interface error: no suitable interface module
[00000000023f2338] core libvlc error: interface "globalhotkeys,none" initialization failed
[00000000024bb1a8] dbus interface error: Failed to connect to the D-Bus session daemon: Unable to autolaunch a dbus-daemon without a $DISPLAY for X11
[00000000024bb1a8] core interface error: no suitable interface module
[00000000023f2338] core libvlc error: interface "dbus,none" initialization failed
[00000000023f2338] core libvlc: Running vlc with the default interface. Use 'cvlc' to use vlc without interface.
[00000000024bb1a8] qt interface error: Could not connect to X server
[00000000024bb1a8] skins2 interface error: cannot initialize OSFactory
[00000000024bb1a8] [cli] lua interface: Listening on host "*console".
VLC media player 3.0.0-git Vetinari
Command Line Interface initialized. Type `help' for help.
> [00007f253c003378] ps mux: Open
making a DASHManager
new ratebased adaptionlogic
Chunk bitrate: 0 349952
Buffer size: 0 0
Chunk bitrate: 0 349952
Buffer size: 0 0
[00007f253c024878] mp4 demux: Fragment sequence discontinuity detected 0 != 2
Download Time: 522902
[00007f253c0271a8] mp4 demux: Fragment sequence discontinuity detected 0 != 2
Startup Time: 1050000
Chunk bitrate: 0 349952
Buffer size: 1 4001
Download Time: 853312
Chunk bitrate: 1 600000
Buffer size: 1 8001
Chunk bitrate: 1 600000
Buffer size: 2 8001
Download Time: 1215468
Chunk bitrate: 2 349952
Buffer size: 2 12001
Chunk bitrate: 2 349952
Buffer size: 3 12001
Download Time: 571684
Chunk bitrate: 3 600000
Buffer size: 3 16001
Chunk bitrate: 3 600000
Buffer size: 4 16001
Download Time: 1141712
Chunk bitrate: 4 349952
Buffer size: 4 20001
Chunk bitrate: 4 349952
Buffer size: 5 20001
Download Time: 935816
Chunk bitrate: 5 349952
Buffer size: 6 24001
Download Time: 733688
Chunk bitrate: 6 600000
Buffer size: 6 28001
Chunk bitrate: 6 600000
Buffer size: 7 28001
Download Time: 1221293
Chunk bitrate: 7 1000000
Buffer size: 7 32001
Chunk bitrate: 7 1000000
Buffer size: 8 32001
Download Time: 1468193
Chunk bitrate: 8 349952
Buffer size: 8 36001
Chunk bitrate: 8 349952
Buffer size: 9 36001
Download Time: 976910
Chunk bitrate: 9 349952
Buffer size: 10 40001
Download Time: 528011
Chunk bitrate: 10 349952
Buffer size: 11 44001
Download Time: 923060
Chunk bitrate: 11 600000
Buffer size: 11 48001
Chunk bitrate: 11 600000
Buffer size: 12 48001
Download Time: 1344681
Chunk bitrate: 12 600000
Buffer size: 13 52001
Download Time: 854673
Chunk bitrate: 13 600000
Buffer size: 14 56001
Download Time: 894470
Download Time: 286516
Chunk bitrate: 14 600000
Buffer size: 15 60001
Download Time: 813570
Chunk bitrate: 15 600000
Buffer size: 16 64001
Download Time: 930354
Chunk bitrate: 16 600000
Buffer size: 17 68001
Download Time: 1167960
Chunk bitrate: 17 349952
Buffer size: 17 72001
Chunk bitrate: 17 349952
Buffer size: 18 72001
Download Time: 772659
Chunk bitrate: 18 600000
Buffer size: 18 76001
Chunk bitrate: 18 600000
Buffer size: 19 76001
Download Time: 694673
Chunk bitrate: 19 349952
Buffer size: 19 80001
Chunk bitrate: 19 349952
Buffer size: 20 80001
Download Time: 654209
Chunk bitrate: 20 600000
Buffer size: 20 84001
Chunk bitrate: 20 600000
Buffer size: 21 84001
Download Time: 645346
Chunk bitrate: 21 600000
Buffer size: 22 88001
Download Time: 1176345
Chunk bitrate: 22 600000
Buffer size: 23 92001
Download Time: 972209
Chunk bitrate: 23 349952
Buffer size: 23 96001
Chunk bitrate: 23 349952
Buffer size: 24 96001
Download Time: 490813
Chunk bitrate: 24 600000
Buffer size: 24 100001
Chunk bitrate: 24 600000
Buffer size: 25 100001
Download Time: 813105
Chunk bitrate: 25 600000
Buffer size: 26 104001
Download Time: 813058
Chunk bitrate: 26 349952
Buffer size: 26 108001
Chunk bitrate: 26 349952
Buffer size: 27 108001
Download Time: 728845
Chunk bitrate: 27 600000
Buffer size: 27 112001
Chunk bitrate: 27 600000
Buffer size: 28 112001
Download Time: 975123
[00007f253c003378] core mux error: cannot add this stream
[00007f253c0c9b58] core decoder error: cannot create packetizer output (h264)
Chunk bitrate: 28 349952
Buffer size: 28 116001
Chunk bitrate: 28 349952
Buffer size: 29 116001
Download Time: 731611
[00007f253c003378] core mux error: cannot add this stream
[00007f253c029118] core decoder error: cannot create packetizer output (h264)
Chunk bitrate: 29 349952
Buffer size: 30 120001
Download Time: 648289
Chunk bitrate: 30 600000
Buffer size: 30 124001
Chunk bitrate: 30 600000
Buffer size: 31 124001
Download Time: 938037
[00007f253c003378] core mux error: cannot add this stream
[00007f253c0b59c8] core decoder error: cannot create packetizer output (h264)
Chunk bitrate: 31 600000
Buffer size: 32 128001
Download Time: 1057607
Chunk bitrate: 32 1000000
Buffer size: 32 132001
Chunk bitrate: 32 1000000
Buffer size: 33 132001
Download Time: 1590074
[00007f253c003378] core mux error: cannot add this stream
[00007f253c11ec68] core decoder error: cannot create packetizer output (h264)
Chunk bitrate: 33 600000
Buffer size: 33 136001
Chunk bitrate: 33 600000
Buffer size: 34 136001
Download Time: 1023054
[00007f253c003378] core mux error: cannot add this stream
[00007f253c0f5028] core decoder error: cannot create packetizer output (h264)
Chunk bitrate: 34 1000000
Buffer size: 34 140001
Chunk bitrate: 34 1000000
Buffer size: 35 140001
Download Time: 1433696
[00007f253c003378] core mux error: cannot add this stream
[00007f253c0a0a08] core decoder error: cannot create packetizer output (h264)
Chunk bitrate: 35 600000
Buffer size: 35 144001
Chunk bitrate: 35 600000
Buffer size: 36 144001
Download Time: 1063811
[00007f253c003378] core mux error: cannot add this stream
[00007f253c0ce368] core decoder error: cannot create packetizer output (h264)
Chunk bitrate: 36 1000000
Buffer size: 36 148001
Chunk bitrate: 36 1000000
Buffer size: 37 148001
Download Time: 1346978
[00007f253c003378] core mux error: cannot add this stream
[00007f253c044858] core decoder error: cannot create packetizer output (h264)
Chunk bitrate: 37 349952
Buffer size: 37 152001
Chunk bitrate: 37 349952
Buffer size: 38 152001
Download Time: 899683
[00007f253c003378] core mux error: cannot add this stream
[00007f253c0e72a8] core decoder error: cannot create packetizer output (h264)
Chunk bitrate: 38 1000000
Buffer size: 38 156001
Chunk bitrate: 38 1000000
Buffer size: 39 156001
Download Time: 1631267
[00007f253c003378] core mux error: cannot add this stream
[00007f253c1262d8] core decoder error: cannot create packetizer output (h264)
Chunk bitrate: 39 600000
Buffer size: 39 160001
Chunk bitrate: 39 600000
Buffer size: 40 160001
Download Time: 977305
[00007f253c003378] core mux error: cannot add this stream
[00007f253c0783f8] core decoder error: cannot create packetizer output (h264)
Chunk bitrate: 40 1000000
Buffer size: 40 164001
Chunk bitrate: 40 1000000
Buffer size: 41 164001
Download Time: 1797140
[00007f253c003378] core mux error: cannot add this stream
[00007f253c144448] core decoder error: cannot create packetizer output (h264)
Chunk bitrate: 41 349952
Buffer size: 41 168001
Chunk bitrate: 41 349952
Buffer size: 42 168001
Download Time: 369119
[00007f253c003378] core mux error: cannot add this stream
[00007f253c0b16e8] core decoder error: cannot create packetizer output (h264)
Chunk bitrate: 42 600000
Buffer size: 42 172001
Chunk bitrate: 42 600000
Buffer size: 43 172001
Download Time: 1020136
[00007f253c003378] core mux error: cannot add this stream
[00007f253c10bd48] core decoder error: cannot create packetizer output (h264)
Chunk bitrate: 43 349952
Buffer size: 43 176001
Chunk bitrate: 43 349952
Buffer size: 44 176001
Download Time: 857452
[00007f253c003378] core mux error: cannot add this stream
[00007f253c0d8fd8] core decoder error: cannot create packetizer output (h264)
Chunk bitrate: 44 349952
Buffer size: 45 180001
Download Time: 569759
Chunk bitrate: 45 1000000
Buffer size: 45 184001
Chunk bitrate: 45 1000000
Buffer size: 46 184001
Download Time: 1422861
[00007f253c003378] core mux error: cannot add this stream
[00007f253c148168] core decoder error: cannot create packetizer output (h264)
Chunk bitrate: 46 600000
Buffer size: 46 188001
Chunk bitrate: 46 600000
Buffer size: 47 188001
Download Time: 894409
[00007f253c003378] core mux error: cannot add this stream
[00007f253c109ca8] core decoder error: cannot create packetizer output (h264)
Chunk bitrate: 47 349952
Buffer size: 47 192001
Chunk bitrate: 47 349952
Buffer size: 48 192001
Download Time: 975775
[00007f253c003378] core mux error: cannot add this stream
[00007f253c0eefb8] core decoder error: cannot create packetizer output (h264)
Chunk bitrate: 48 349952
Buffer size: 49 196001
Download Time: 692104
Chunk bitrate: 49 349952
Buffer size: 50 200001
Download Time: 1340479
Chunk bitrate: 50 600000
Buffer size: 50 204001
Chunk bitrate: 50 600000
Buffer size: 51 204001
Download Time: 737836
[00007f253c003378] core mux error: cannot add this stream
[00007f253c115df8] core decoder error: cannot create packetizer output (h264)
Chunk bitrate: 51 349952
Buffer size: 51 208001
Chunk bitrate: 51 349952
Buffer size: 52 208001
Download Time: 485359
[00007f253c003378] core mux error: cannot add this stream
[00007f253c10c488] core decoder error: cannot create packetizer output (h264)
Chunk bitrate: 52 349952
Buffer size: 53 212001
Download Time: 1261242
Chunk bitrate: 53 600000
Buffer size: 53 216001
Chunk bitrate: 53 600000
Buffer size: 54 216001
Download Time: 1998517
[00007f253c003378] core mux error: cannot add this stream
[00007f253c121498] core decoder error: cannot create packetizer output (h264)
Chunk bitrate: 54 600000
Buffer size: 55 220001
Download Time: 777394
Chunk bitrate: 55 600000
Buffer size: 56 224001
Download Time: 816916
Chunk bitrate: 56 349952
Buffer size: 56 228001
Chunk bitrate: 56 349952
Buffer size: 57 228001
Download Time: 570622
[00007f253c003378] core mux error: cannot add this stream
[00007f253c0fac28] core decoder error: cannot create packetizer output (h264)
Chunk bitrate: 57 600000
Buffer size: 57 232001
Chunk bitrate: 57 600000
Buffer size: 58 232001
Download Time: 937407
[00007f253c003378] core mux error: cannot add this stream
[00007f253c0a9778] core decoder error: cannot create packetizer output (h264)
Chunk bitrate: 58 600000
Buffer size: 59 236001
Download Time: 1058147
Chunk bitrate: 59 600000
Buffer size: 60 240001
Download Time: 1544556
Chunk bitrate: 60 1000000
Buffer size: 60 244001
Chunk bitrate: 60 1000000
Buffer size: 61 244001
Download Time: 1876277
[00007f253c003378] core mux error: cannot add this stream
[00007f253c15dd58] core decoder error: cannot create packetizer output (h264)
Chunk bitrate: 61 600000
Buffer size: 61 248001
Chunk bitrate: 61 600000
Buffer size: 62 248001
Download Time: 444916
[00007f253c003378] core mux error: cannot add this stream
[00007f253c113488] core decoder error: cannot create packetizer output (h264)
Chunk bitrate: 62 349952
Buffer size: 62 252001
Chunk bitrate: 62 349952
Buffer size: 63 252001
Download Time: 323412
[00007f253c003378] core mux error: cannot add this stream
[00007f253c0d40e8] core decoder error: cannot create packetizer output (h264)
Chunk bitrate: 63 349952
Buffer size: 64 256001
Download Time: 732854
Chunk bitrate: 64 600000
Buffer size: 64 260001
Chunk bitrate: 64 600000
Buffer size: 65 260001
[00007f253c003378] ps mux: Close
[00007f253c0e9a48] idummy demux: command `quit'
[00000000024bb1a8] [cli] lua interface error: Error loading script /home/cs244/vlc/share/lua/intf/cli.luac: lua/intf/modules/host.lua:286: Interrupted.
