[00000000025d91e8] core interface error: no suitable interface module
[0000000002510338] core libvlc error: interface "globalhotkeys,none" initialization failed
[00000000025d91e8] dbus interface error: Failed to connect to the D-Bus session daemon: Unable to autolaunch a dbus-daemon without a $DISPLAY for X11
[00000000025d91e8] core interface error: no suitable interface module
[0000000002510338] core libvlc error: interface "dbus,none" initialization failed
[0000000002510338] core libvlc: Running vlc with the default interface. Use 'cvlc' to use vlc without interface.
[00000000025d91e8] qt interface error: Could not connect to X server
[00000000025d91e8] skins2 interface error: cannot initialize OSFactory
[00000000025d91e8] [cli] lua interface: Listening on host "*console".
VLC media player 3.0.0-git Vetinari
Command Line Interface initialized. Type `help' for help.
> [00007fed54003378] ps mux: Open
making a DASHManager
new ratebased adaptionlogic
Chunk bitrate: 0 349952
Buffer size: 0 0
Chunk bitrate: 0 349952
Buffer size: 0 0
[00007fed5401a6e8] mp4 demux: Fragment sequence discontinuity detected 0 != 2
Download Time: 436882
[00007fed54027998] mp4 demux: Fragment sequence discontinuity detected 0 != 2
Startup Time: 1050000
Chunk bitrate: 0 2000000
Buffer size: 0 4001
Chunk bitrate: 0 2000000
Buffer size: 1 4001
Download Time: 2339610
Chunk bitrate: 1 2000000
Buffer size: 2 8001
Download Time: 2029110
Chunk bitrate: 2 2000000
Buffer size: 3 12001
Download Time: 2392117
Chunk bitrate: 3 2000000
Buffer size: 4 16001
Download Time: 1878650
Chunk bitrate: 4 2000000
Buffer size: 5 20001
Download Time: 2574252
Chunk bitrate: 5 2000000
Buffer size: 6 24001
Download Time: 1845338
Chunk bitrate: 6 2000000
Buffer size: 7 28001
Download Time: 1750818
Chunk bitrate: 7 2000000
Buffer size: 8 32001
Download Time: 2884721
Chunk bitrate: 8 2000000
Buffer size: 9 36001
Download Time: 2173810
Chunk bitrate: 9 2000000
Buffer size: 10 40001
Download Time: 2080957
Chunk bitrate: 10 2000000
Buffer size: 11 44001
Download Time: 2130706
Chunk bitrate: 11 1000000
Buffer size: 11 48001
Chunk bitrate: 11 1000000
Buffer size: 12 48001
Download Time: 1364874
Chunk bitrate: 12 2000000
Buffer size: 12 52001
Chunk bitrate: 12 2000000
Buffer size: 13 52001
Download Time: 2181027
Chunk bitrate: 13 2000000
Buffer size: 14 56001
Download Time: 2048229
Chunk bitrate: 14 2000000
Buffer size: 15 60001
Download Time: 1949462
Chunk bitrate: 15 1000000
Buffer size: 15 64001
Chunk bitrate: 15 1000000
Buffer size: 16 64001
Download Time: 1248147
Chunk bitrate: 16 2000000
Buffer size: 16 68001
Chunk bitrate: 16 2000000
Buffer size: 17 68001
Download Time: 2146078
Chunk bitrate: 17 2000000
Buffer size: 18 72001
Download Time: 2077328
Chunk bitrate: 18 2000000
Buffer size: 19 76001
Download Time: 1377950
Chunk bitrate: 19 2000000
Buffer size: 20 80001
Download Time: 2146520
Chunk bitrate: 20 2000000
Buffer size: 21 84001
Download Time: 1745858
Chunk bitrate: 21 1000000
Buffer size: 21 88001
Chunk bitrate: 21 1000000
Buffer size: 22 88001
Download Time: 1022882
Chunk bitrate: 22 2000000
Buffer size: 22 92001
Chunk bitrate: 22 2000000
Buffer size: 23 92001
Download Time: 2643224
Chunk bitrate: 23 1000000
Buffer size: 23 96001
Chunk bitrate: 23 1000000
Buffer size: 24 96001
Download Time: 1240605
Chunk bitrate: 24 2000000
Buffer size: 24 100001
Chunk bitrate: 24 2000000
Buffer size: 25 100001
Download Time: 2343760
Chunk bitrate: 25 2000000
Buffer size: 26 104001
Download Time: 1926056
Chunk bitrate: 26 2000000
Buffer size: 27 108001
Download Time: 1303225
Chunk bitrate: 27 2000000
Buffer size: 28 112001
Download Time: 2286270
Chunk bitrate: 28 2000000
Buffer size: 29 116001
Download Time: 2467923
Chunk bitrate: 29 2000000
Buffer size: 30 120001
Download Time: 1850178
Chunk bitrate: 30 2000000
Buffer size: 31 124001
Download Time: 1739733
Chunk bitrate: 31 2000000
Buffer size: 32 128001
Download Time: 3061078
Chunk bitrate: 32 2000000
Buffer size: 33 132001
Download Time: 2203448
Chunk bitrate: 33 2000000
Buffer size: 34 136001
Download Time: 2502307
Chunk bitrate: 34 2000000
Buffer size: 35 140001
Download Time: 2248746
Chunk bitrate: 35 2000000
Buffer size: 36 144001
Download Time: 1642296
Chunk bitrate: 36 2000000
Buffer size: 37 148001
Download Time: 2672586
Chunk bitrate: 37 2000000
Buffer size: 38 152001
Download Time: 2337370
Chunk bitrate: 38 2000000
Buffer size: 39 156001
Download Time: 2450973
Chunk bitrate: 39 2000000
Buffer size: 40 160001
Download Time: 1688724
Chunk bitrate: 40 1000000
Buffer size: 40 164001
Chunk bitrate: 40 1000000
Buffer size: 41 164001
Download Time: 1398488
Chunk bitrate: 41 2000000
Buffer size: 41 168001
Chunk bitrate: 41 2000000
Buffer size: 42 168001
Download Time: 1923003
Chunk bitrate: 42 2000000
Buffer size: 43 172001
Download Time: 2442316
Chunk bitrate: 43 2000000
Buffer size: 44 176001
Download Time: 1894424
Chunk bitrate: 44 1000000
Buffer size: 44 180001
Chunk bitrate: 44 1000000
Buffer size: 45 180001
Download Time: 1268876
Chunk bitrate: 45 2000000
Buffer size: 45 184001
Chunk bitrate: 45 2000000
Buffer size: 46 184001
Download Time: 2527013
Chunk bitrate: 46 2000000
Buffer size: 47 188001
Download Time: 1939831
Chunk bitrate: 47 2000000
Buffer size: 48 192001
Download Time: 1779409
Chunk bitrate: 48 2000000
Buffer size: 49 196001
Download Time: 2956224
Chunk bitrate: 49 2000000
Buffer size: 50 200001
Download Time: 2035048
Chunk bitrate: 50 2000000
Buffer size: 51 204001
Download Time: 1657698
Chunk bitrate: 51 2000000
Buffer size: 52 208001
Download Time: 2233031
Chunk bitrate: 52 2000000
Buffer size: 53 212001
Download Time: 1961093
Chunk bitrate: 53 2000000
Buffer size: 54 216001
Download Time: 2237074
Chunk bitrate: 54 2000000
Buffer size: 55 220001
Download Time: 2371444
Chunk bitrate: 55 1000000
Buffer size: 55 224001
Chunk bitrate: 55 1000000
Buffer size: 56 224001
Download Time: 1254970
Chunk bitrate: 56 1000000
Buffer size: 57 228001
Download Time: 883149
Chunk bitrate: 57 2000000
Buffer size: 57 232001
Chunk bitrate: 57 2000000
Buffer size: 58 232001
Download Time: 626948
Chunk bitrate: 58 2000000
Buffer size: 59 236001
Download Time: 2474092
Chunk bitrate: 59 2000000
Buffer size: 60 240001
Download Time: 1895527
Chunk bitrate: 60 2000000
Buffer size: 61 244001
Download Time: 2032847
Chunk bitrate: 61 2000000
Buffer size: 62 248001
Download Time: 764203
Chunk bitrate: 62 1000000
Buffer size: 62 252001
Chunk bitrate: 62 1000000
Buffer size: 63 252001
Download Time: 355549
[00007fed54003378] core mux error: cannot add this stream
[00007fed5414bb88] core decoder error: cannot create packetizer output (h264)
Chunk bitrate: 63 1000000
Buffer size: 64 256001
Download Time: 508552
Chunk bitrate: 64 2000000
Buffer size: 64 260001
Chunk bitrate: 64 2000000
Buffer size: 65 260001
[00007fed54003378] ps mux: Close
[00007fed500016b8] idummy demux: command `quit'
[00000000025d91e8] [cli] lua interface error: Error loading script /home/cs244/vlc/share/lua/intf/cli.luac: lua/intf/modules/host.lua:286: Interrupted.
