[00000000023bd1e8] core interface error: no suitable interface module
[00000000022f4338] core libvlc error: interface "globalhotkeys,none" initialization failed
[00000000023bd1e8] dbus interface error: Failed to connect to the D-Bus session daemon: Unable to autolaunch a dbus-daemon without a $DISPLAY for X11
[00000000023bd1e8] core interface error: no suitable interface module
[00000000022f4338] core libvlc error: interface "dbus,none" initialization failed
[00000000022f4338] core libvlc: Running vlc with the default interface. Use 'cvlc' to use vlc without interface.
[00000000023bd1e8] qt interface error: Could not connect to X server
[00000000023bd1e8] skins2 interface error: cannot initialize OSFactory
[00000000023bd1e8] [cli] lua interface: Listening on host "*console".
VLC media player 3.0.0-git Vetinari
Command Line Interface initialized. Type `help' for help.
> [00007f76d4003378] ps mux: Open
making a DASHManager
new ratebased adaptionlogic
Chunk bitrate: 0 349952
Buffer size: 0 0
Chunk bitrate: 0 349952
Buffer size: 0 0
[00007f76d4025458] mp4 demux: Fragment sequence discontinuity detected 0 != 2
Download Time: 294853
[00007f76d4024b18] mp4 demux: Fragment sequence discontinuity detected 0 != 2
Startup Time: 1050000
Chunk bitrate: 0 3000000
Buffer size: 0 4001
Chunk bitrate: 0 3000000
Buffer size: 1 4001
Download Time: 1384574
Chunk bitrate: 1 3000000
Buffer size: 2 8001
Download Time: 1824252
Chunk bitrate: 2 3000000
Buffer size: 3 12001
Download Time: 2268328
Chunk bitrate: 3 3000000
Buffer size: 4 16001
Download Time: 1043019
Chunk bitrate: 4 3000000
Buffer size: 5 20001
Download Time: 2143294
Chunk bitrate: 5 3000000
Buffer size: 6 24001
Download Time: 844257
Chunk bitrate: 6 3000000
Buffer size: 7 28001
Download Time: 903944
Chunk bitrate: 7 3000000
Buffer size: 8 32001
Download Time: 2614575
Chunk bitrate: 8 3000000
Buffer size: 9 36001
Download Time: 1522989
Chunk bitrate: 9 3000000
Buffer size: 10 40001
Download Time: 1106719
Chunk bitrate: 10 3000000
Buffer size: 11 44001
Download Time: 1488924
Chunk bitrate: 11 3000000
Buffer size: 12 48001
Download Time: 1775208
Chunk bitrate: 12 3000000
Buffer size: 13 52001
Download Time: 1115365
Chunk bitrate: 13 3000000
Buffer size: 14 56001
Download Time: 944624
Chunk bitrate: 14 3000000
Buffer size: 15 60001
Download Time: 1773025
Chunk bitrate: 15 3000000
Buffer size: 16 64001
Download Time: 2189959
Chunk bitrate: 16 3000000
Buffer size: 17 68001
Download Time: 1824188
Chunk bitrate: 17 3000000
Buffer size: 18 72001
Download Time: 2275184
Chunk bitrate: 18 3000000
Buffer size: 19 76001
Download Time: 971874
Chunk bitrate: 19 3000000
Buffer size: 20 80001
Download Time: 982922
Chunk bitrate: 20 3000000
Buffer size: 21 84001
Download Time: 603456
Chunk bitrate: 21 3000000
Buffer size: 22 88001
Download Time: 891824
Chunk bitrate: 22 3000000
Buffer size: 23 92001
Download Time: 2266319
Chunk bitrate: 23 3000000
Buffer size: 24 96001
Download Time: 1923519
Chunk bitrate: 24 3000000
Buffer size: 25 100001
Download Time: 1252542
Chunk bitrate: 25 3000000
Buffer size: 26 104001
Download Time: 1947613
Chunk bitrate: 26 3000000
Buffer size: 27 108001
Download Time: 867232
Chunk bitrate: 27 3000000
Buffer size: 28 112001
Download Time: 1351155
Chunk bitrate: 28 3000000
Buffer size: 29 116001
Download Time: 1414821
Chunk bitrate: 29 3000000
Buffer size: 30 120001
Download Time: 1115650
Chunk bitrate: 30 3000000
Buffer size: 31 124001
Download Time: 952110
Chunk bitrate: 31 3000000
Buffer size: 32 128001
Download Time: 2480175
Chunk bitrate: 32 3000000
Buffer size: 33 132001
Download Time: 2322323
Chunk bitrate: 33 3000000
Buffer size: 34 136001
Download Time: 1464472
Chunk bitrate: 34 3000000
Buffer size: 35 140001
Download Time: 1907244
Chunk bitrate: 35 3000000
Buffer size: 36 144001
Download Time: 933792
Chunk bitrate: 36 3000000
Buffer size: 37 148001
Download Time: 2243414
Chunk bitrate: 37 3000000
Buffer size: 38 152001
Download Time: 2341840
Chunk bitrate: 38 3000000
Buffer size: 39 156001
Download Time: 2026321
Chunk bitrate: 39 3000000
Buffer size: 40 160001
Download Time: 1100159
Chunk bitrate: 40 3000000
Buffer size: 41 164001
Download Time: 1674038
Chunk bitrate: 41 3000000
Buffer size: 42 168001
Download Time: 1322304
Chunk bitrate: 42 3000000
Buffer size: 43 172001
Download Time: 2399137
Chunk bitrate: 43 3000000
Buffer size: 44 176001
Download Time: 1280063
Chunk bitrate: 44 3000000
Buffer size: 45 180001
Download Time: 1617204
Chunk bitrate: 45 3000000
Buffer size: 46 184001
Download Time: 2236857
Chunk bitrate: 46 3000000
Buffer size: 47 188001
Download Time: 2089254
Chunk bitrate: 47 3000000
Buffer size: 48 192001
Download Time: 1747482
Chunk bitrate: 48 3000000
Buffer size: 49 196001
Download Time: 1526361
Chunk bitrate: 49 3000000
Buffer size: 50 200001
Download Time: 1438467
Chunk bitrate: 50 3000000
Buffer size: 51 204001
Download Time: 999131
Chunk bitrate: 51 3000000
Buffer size: 52 208001
Download Time: 2269725
Chunk bitrate: 52 3000000
Buffer size: 53 212001
Download Time: 1658329
Chunk bitrate: 53 3000000
Buffer size: 54 216001
Download Time: 1136586
Chunk bitrate: 54 3000000
Buffer size: 55 220001
Download Time: 1737995
Chunk bitrate: 55 3000000
Buffer size: 56 224001
Download Time: 2239531
Chunk bitrate: 56 3000000
Buffer size: 57 228001
Download Time: 1545250
Chunk bitrate: 57 3000000
Buffer size: 58 232001
Download Time: 651550
Chunk bitrate: 58 3000000
Buffer size: 59 236001
Download Time: 2158226
Chunk bitrate: 59 3000000
Buffer size: 60 240001
Download Time: 1136805
Chunk bitrate: 60 3000000
Buffer size: 61 244001
Download Time: 1205568
Chunk bitrate: 61 3000000
Buffer size: 62 248001
Download Time: 373783
Chunk bitrate: 62 3000000
Buffer size: 63 252001
Download Time: 448635
Chunk bitrate: 63 3000000
Buffer size: 64 256001
Download Time: 802265
Chunk bitrate: 64 3000000
Buffer size: 65 260001
[00007f76d4003378] ps mux: Close
[00007f76e0001558] idummy demux: command `quit'
[00000000023bd1e8] [cli] lua interface error: Error loading script /home/cs244/vlc/share/lua/intf/cli.luac: lua/intf/modules/host.lua:286: Interrupted.
