[000000000166f1e8] core interface error: no suitable interface module
[00000000015a6338] core libvlc error: interface "globalhotkeys,none" initialization failed
[000000000166f1e8] dbus interface error: Failed to connect to the D-Bus session daemon: Unable to autolaunch a dbus-daemon without a $DISPLAY for X11
[000000000166f1e8] core interface error: no suitable interface module
[00000000015a6338] core libvlc error: interface "dbus,none" initialization failed
[00000000015a6338] core libvlc: Running vlc with the default interface. Use 'cvlc' to use vlc without interface.
[000000000166f1e8] qt interface error: Could not connect to X server
[000000000166f1e8] skins2 interface error: cannot initialize OSFactory
[000000000166f1e8] [cli] lua interface: Listening on host "*console".
VLC media player 3.0.0-git Vetinari
Command Line Interface initialized. Type `help' for help.
> [00007f8f48003378] ps mux: Open
making a DASHManager
new ratebased adaptionlogic
Chunk bitrate: 0 349952
Buffer size: 0 0
Chunk bitrate: 0 349952
Buffer size: 0 0
[00007f8f48024798] mp4 demux: Fragment sequence discontinuity detected 0 != 2
Download Time: 1013054
[00007f8f48025098] mp4 demux: Fragment sequence discontinuity detected 0 != 2
Startup Time: 1050000
Chunk bitrate: 0 349952
Buffer size: 1 4001
Download Time: 606260
Chunk bitrate: 1 600000
Buffer size: 1 8001
Chunk bitrate: 1 600000
Buffer size: 2 8001
Download Time: 641090
Chunk bitrate: 2 600000
Buffer size: 3 12001
Download Time: 734617
Chunk bitrate: 3 600000
Buffer size: 4 16001
Download Time: 608152
Chunk bitrate: 4 600000
Buffer size: 5 20001
Download Time: 1537996
Chunk bitrate: 5 600000
Buffer size: 6 24001
Download Time: 815095
Chunk bitrate: 6 600000
Buffer size: 7 28001
Download Time: 850772
Chunk bitrate: 7 600000
Buffer size: 8 32001
Download Time: 809470
Chunk bitrate: 8 1000000
Buffer size: 8 36001
Chunk bitrate: 8 1000000
Buffer size: 9 36001
Download Time: 1502673
Chunk bitrate: 9 349952
Buffer size: 9 40001
Chunk bitrate: 9 349952
Buffer size: 10 40001
Download Time: 688479
Chunk bitrate: 10 600000
Buffer size: 10 44001
Chunk bitrate: 10 600000
Buffer size: 11 44001
Download Time: 980641
Chunk bitrate: 11 349952
Buffer size: 11 48001
Chunk bitrate: 11 349952
Buffer size: 12 48001
Download Time: 528366
Chunk bitrate: 12 600000
Buffer size: 12 52001
Chunk bitrate: 12 600000
Buffer size: 13 52001
Download Time: 770090
Chunk bitrate: 13 1000000
Buffer size: 13 56001
Chunk bitrate: 13 1000000
Buffer size: 14 56001
Download Time: 1619249
Chunk bitrate: 14 1000000
Buffer size: 15 60001
Download Time: 1137965
Chunk bitrate: 15 600000
Buffer size: 15 64001
Chunk bitrate: 15 600000
Buffer size: 16 64001
Download Time: 1418302
Chunk bitrate: 16 600000
Buffer size: 17 68001
Download Time: 856399
Chunk bitrate: 17 600000
Buffer size: 18 72001
Download Time: 1624891
Chunk bitrate: 18 1000000
Buffer size: 18 76001
Chunk bitrate: 18 1000000
Buffer size: 19 76001
Download Time: 927964
Chunk bitrate: 19 1000000
Buffer size: 20 80001
Download Time: 1614228
Chunk bitrate: 20 600000
Buffer size: 20 84001
Chunk bitrate: 20 600000
Buffer size: 21 84001
Download Time: 807224
Chunk bitrate: 21 600000
Buffer size: 22 88001
Download Time: 1137964
Chunk bitrate: 22 349952
Buffer size: 22 92001
Chunk bitrate: 22 349952
Buffer size: 23 92001
Download Time: 733256
Chunk bitrate: 23 349952
Buffer size: 24 96001
Download Time: 642415
Chunk bitrate: 24 349952
Buffer size: 25 100001
Download Time: 448776
Chunk bitrate: 25 600000
Buffer size: 25 104001
Chunk bitrate: 25 600000
Buffer size: 26 104001
Download Time: 971505
Chunk bitrate: 26 349952
Buffer size: 26 108001
Download Time: 203809
Chunk bitrate: 26 349952
Buffer size: 27 108001
Download Time: 727639
Chunk bitrate: 27 349952
Buffer size: 28 112001
Download Time: 958898
Chunk bitrate: 28 349952
Buffer size: 29 116001
Download Time: 735667
Chunk bitrate: 29 600000
Buffer size: 29 120001
Chunk bitrate: 29 600000
Buffer size: 30 120001
Download Time: 1204201
Download Time: 284930
Chunk bitrate: 30 600000
Buffer size: 31 124001
Download Time: 814190
Chunk bitrate: 31 349952
Buffer size: 31 128001
Chunk bitrate: 31 349952
Buffer size: 32 128001
Download Time: 811712
Chunk bitrate: 32 349952
Buffer size: 33 132001
Download Time: 613352
Chunk bitrate: 33 349952
Buffer size: 34 136001
Download Time: 1494680
Chunk bitrate: 34 600000
Buffer size: 34 140001
Chunk bitrate: 34 600000
Buffer size: 35 140001
Download Time: 1173842
[00007f8f48003378] core mux error: cannot add this stream
[00007f8f4809f108] core decoder error: cannot create packetizer output (h264)
Chunk bitrate: 35 600000
Buffer size: 36 144001
Download Time: 3654245
Chunk bitrate: 36 1000000
Buffer size: 36 148001
Chunk bitrate: 36 1000000
Buffer size: 37 148001
Download Time: 1384632
[00007f8f48003378] core mux error: cannot add this stream
[00007f8f48134ad8] core decoder error: cannot create packetizer output (h264)
Chunk bitrate: 37 1000000
Buffer size: 38 152001
Download Time: 978484
Chunk bitrate: 38 3000000
Buffer size: 38 156001
Chunk bitrate: 38 3000000
Buffer size: 39 156001
Download Time: 3385304
[00007f8f48003378] core mux error: cannot add this stream
[00007f8f480b5978] core decoder error: cannot create packetizer output (h264)
Chunk bitrate: 39 600000
Buffer size: 39 160001
Chunk bitrate: 39 600000
Buffer size: 40 160001
Download Time: 1466270
[00007f8f48003378] core mux error: cannot add this stream
[00007f8f480dacc8] core decoder error: cannot create packetizer output (h264)
Chunk bitrate: 40 349952
Buffer size: 40 164001
Chunk bitrate: 40 349952
Buffer size: 41 164001
Download Time: 531505
[00007f8f48003378] core mux error: cannot add this stream
[00007f8f480f8e68] core decoder error: cannot create packetizer output (h264)
Chunk bitrate: 41 600000
Buffer size: 41 168001
Chunk bitrate: 41 600000
Buffer size: 42 168001
Download Time: 854383
[00007f8f48003378] core mux error: cannot add this stream
[00007f8f480fb868] core decoder error: cannot create packetizer output (h264)
Chunk bitrate: 42 1000000
Buffer size: 42 172001
Chunk bitrate: 42 1000000
Buffer size: 43 172001
Download Time: 1342647
[00007f8f48003378] core mux error: cannot add this stream
[00007f8f481414c8] core decoder error: cannot create packetizer output (h264)
Chunk bitrate: 43 600000
Buffer size: 43 176001
Download Time: 122221
Chunk bitrate: 43 600000
Buffer size: 44 176001
Download Time: 1012003
[00007f8f48003378] core mux error: cannot add this stream
[00007f8f480fdef8] core decoder error: cannot create packetizer output (h264)
Chunk bitrate: 44 600000
Buffer size: 45 180001
Download Time: 1668337
Chunk bitrate: 45 1000000
Buffer size: 45 184001
Chunk bitrate: 45 1000000
Buffer size: 46 184001
Download Time: 1341348
[00007f8f48003378] core mux error: cannot add this stream
[00007f8f480b5638] core decoder error: cannot create packetizer output (h264)
Chunk bitrate: 46 1000000
Buffer size: 47 188001
Download Time: 1330719
Chunk bitrate: 47 600000
Buffer size: 47 192001
Chunk bitrate: 47 600000
Buffer size: 48 192001
Download Time: 855071
[00007f8f48003378] core mux error: cannot add this stream
[00007f8f481024b8] core decoder error: cannot create packetizer output (h264)
Chunk bitrate: 48 600000
Buffer size: 49 196001
Download Time: 1175610
Chunk bitrate: 49 349952
Buffer size: 49 200001
Chunk bitrate: 49 349952
Buffer size: 50 200001
Download Time: 814167
[00007f8f48003378] core mux error: cannot add this stream
[00007f8f480fdeb8] core decoder error: cannot create packetizer output (h264)
Chunk bitrate: 50 349952
Buffer size: 51 204001
Download Time: 817482
Chunk bitrate: 51 349952
Buffer size: 52 208001
Download Time: 692031
Chunk bitrate: 52 349952
Buffer size: 53 212001
Download Time: 610936
Chunk bitrate: 53 600000
Buffer size: 53 216001
Chunk bitrate: 53 600000
Buffer size: 54 216001
Download Time: 1494970
[00007f8f48003378] core mux error: cannot add this stream
[00007f8f481189b8] core decoder error: cannot create packetizer output (h264)
Chunk bitrate: 54 349952
Buffer size: 54 220001
Chunk bitrate: 54 349952
Buffer size: 55 220001
Download Time: 770402
[00007f8f48003378] core mux error: cannot add this stream
[00007f8f48103b48] core decoder error: cannot create packetizer output (h264)
Chunk bitrate: 55 600000
Buffer size: 55 224001
Chunk bitrate: 55 600000
Buffer size: 56 224001
Download Time: 1095189
[00007f8f48003378] core mux error: cannot add this stream
[00007f8f48120d18] core decoder error: cannot create packetizer output (h264)
Chunk bitrate: 56 600000
Buffer size: 57 228001
Download Time: 607057
Chunk bitrate: 57 600000
Buffer size: 58 232001
Download Time: 602877
Chunk bitrate: 58 349952
Buffer size: 58 236001
Chunk bitrate: 58 349952
Buffer size: 59 236001
Download Time: 1010538
[00007f8f48003378] core mux error: cannot add this stream
[00007f8f48070c28] core decoder error: cannot create packetizer output (h264)
Chunk bitrate: 59 600000
Buffer size: 59 240001
Chunk bitrate: 59 600000
Buffer size: 60 240001
Download Time: 1018436
[00007f8f48003378] core mux error: cannot add this stream
[00007f8f48129d28] core decoder error: cannot create packetizer output (h264)
Chunk bitrate: 60 1000000
Buffer size: 60 244001
Chunk bitrate: 60 1000000
Buffer size: 61 244001
Download Time: 1492290
[00007f8f48003378] core mux error: cannot add this stream
[00007f8f48159248] core decoder error: cannot create packetizer output (h264)
Chunk bitrate: 61 1000000
Buffer size: 62 248001
Download Time: 728586
Chunk bitrate: 62 1000000
Buffer size: 63 252001
Download Time: 646928
Chunk bitrate: 63 600000
Buffer size: 63 256001
Chunk bitrate: 63 600000
Buffer size: 64 256001
Download Time: 570503
[00007f8f48003378] core mux error: cannot add this stream
[00007f8f480dbc88] core decoder error: cannot create packetizer output (h264)
Chunk bitrate: 64 349952
Buffer size: 64 260001
Chunk bitrate: 64 349952
Buffer size: 65 260001
[00007f8f48003378] ps mux: Close
[00007f8f4802b688] idummy demux: command `quit'
[000000000166f1e8] [cli] lua interface error: Error loading script /home/cs244/vlc/share/lua/intf/cli.luac: lua/intf/modules/host.lua:286: Interrupted.
