[00000000011ac1e8] core interface error: no suitable interface module
[00000000010e3338] core libvlc error: interface "globalhotkeys,none" initialization failed
[00000000011ac1e8] dbus interface error: Failed to connect to the D-Bus session daemon: Unable to autolaunch a dbus-daemon without a $DISPLAY for X11
[00000000011ac1e8] core interface error: no suitable interface module
[00000000010e3338] core libvlc error: interface "dbus,none" initialization failed
[00000000010e3338] core libvlc: Running vlc with the default interface. Use 'cvlc' to use vlc without interface.
[00000000011ac1e8] qt interface error: Could not connect to X server
[00000000011ac1e8] skins2 interface error: cannot initialize OSFactory
[00007f8030003378] ps mux: Open
[00000000011ac1e8] [cli] lua interface: Listening on host "*console".
VLC media player 3.0.0-git Vetinari
Command Line Interface initialized. Type `help' for help.
> making a DASHManager
new ratebased adaptionlogic
Chunk bitrate: 0 349952
Buffer size: 0 0
Chunk bitrate: 0 349952
Buffer size: 0 0
[00007f80300217a8] mp4 demux: Fragment sequence discontinuity detected 0 != 2
Download Time: 780803
[00007f80300215d8] mp4 demux: Fragment sequence discontinuity detected 0 != 2
Startup Time: 1050000
Chunk bitrate: 0 600000
Buffer size: 0 4001
Chunk bitrate: 0 600000
Buffer size: 1 4001
Download Time: 785629
Chunk bitrate: 1 600000
Buffer size: 2 8001
Download Time: 570275
Chunk bitrate: 2 1000000
Buffer size: 2 12001
Chunk bitrate: 2 1000000
Buffer size: 3 12001
Download Time: 1003208
Chunk bitrate: 3 600000
Buffer size: 3 16001
Chunk bitrate: 3 600000
Buffer size: 4 16001
Download Time: 1916318
Chunk bitrate: 4 1000000
Buffer size: 4 20001
Chunk bitrate: 4 1000000
Buffer size: 5 20001
Download Time: 1787689
Chunk bitrate: 5 1000000
Buffer size: 6 24001
Download Time: 846924
Chunk bitrate: 6 1000000
Buffer size: 7 28001
Download Time: 852125
Chunk bitrate: 7 600000
Buffer size: 7 32001
Chunk bitrate: 7 600000
Buffer size: 8 32001
Download Time: 1103031
Chunk bitrate: 8 600000
Buffer size: 9 36001
Download Time: 1622834
Chunk bitrate: 9 1000000
Buffer size: 9 40001
Chunk bitrate: 9 1000000
Buffer size: 10 40001
Download Time: 1043730
Chunk bitrate: 10 600000
Buffer size: 10 44001
Chunk bitrate: 10 600000
Buffer size: 11 44001
Download Time: 646971
Chunk bitrate: 11 349952
Buffer size: 11 48001
Chunk bitrate: 11 349952
Buffer size: 12 48001
Download Time: 846151
Chunk bitrate: 12 349952
Buffer size: 13 52001
Download Time: 815606
Chunk bitrate: 13 600000
Buffer size: 13 56001
Chunk bitrate: 13 600000
Buffer size: 14 56001
Download Time: 859106
Chunk bitrate: 14 600000
Buffer size: 15 60001
Download Time: 937700
Chunk bitrate: 15 600000
Buffer size: 16 64001
Download Time: 1184443
Chunk bitrate: 16 1000000
Buffer size: 16 68001
Chunk bitrate: 16 1000000
Buffer size: 17 68001
Download Time: 1710434
Chunk bitrate: 17 600000
Buffer size: 17 72001
Chunk bitrate: 17 600000
Buffer size: 18 72001
Download Time: 860750
Chunk bitrate: 18 349952
Buffer size: 18 76001
Chunk bitrate: 18 349952
Buffer size: 19 76001
Download Time: 403570
Chunk bitrate: 19 349952
Buffer size: 20 80001
Download Time: 813928
Chunk bitrate: 20 349952
Buffer size: 21 84001
Download Time: 815869
Chunk bitrate: 21 600000
Buffer size: 21 88001
Chunk bitrate: 21 600000
Buffer size: 22 88001
Download Time: 813749
Chunk bitrate: 22 349952
Buffer size: 22 92001
Chunk bitrate: 22 349952
Buffer size: 23 92001
Download Time: 733752
Chunk bitrate: 23 349952
Buffer size: 24 96001
Download Time: 652620
Chunk bitrate: 24 600000
Buffer size: 24 100001
Chunk bitrate: 24 600000
Buffer size: 25 100001
Download Time: 978000
Chunk bitrate: 25 1000000
Buffer size: 25 104001
Chunk bitrate: 25 1000000
Buffer size: 26 104001
Download Time: 978059
[00007f8030003378] core mux error: cannot add this stream
[00007f803004ded8] core decoder error: cannot create packetizer output (h264)
Chunk bitrate: 26 349952
Buffer size: 26 108001
Chunk bitrate: 26 349952
Buffer size: 27 108001
Download Time: 526272
[00007f8030003378] core mux error: cannot add this stream
[00007f8030050ee8] core decoder error: cannot create packetizer output (h264)
Chunk bitrate: 27 349952
Buffer size: 28 112001
Download Time: 1098378
Chunk bitrate: 28 600000
Buffer size: 28 116001
Chunk bitrate: 28 600000
Buffer size: 29 116001
Download Time: 1226901
[00007f8030003378] core mux error: cannot add this stream
[00007f80300c4fb8] core decoder error: cannot create packetizer output (h264)
Chunk bitrate: 29 349952
Buffer size: 29 120001
Chunk bitrate: 29 349952
Buffer size: 30 120001
Download Time: 565687
[00007f8030003378] core mux error: cannot add this stream
[00007f80300d0438] core decoder error: cannot create packetizer output (h264)
Chunk bitrate: 30 600000
Buffer size: 30 124001
Chunk bitrate: 30 600000
Buffer size: 31 124001
Download Time: 655022
[00007f8030003378] core mux error: cannot add this stream
[00007f80300c6d88] core decoder error: cannot create packetizer output (h264)
Chunk bitrate: 31 600000
Buffer size: 32 128001
Download Time: 1178629
Chunk bitrate: 32 1000000
Buffer size: 32 132001
Chunk bitrate: 32 1000000
Buffer size: 33 132001
Download Time: 1293739
[00007f8030003378] core mux error: cannot add this stream
[00007f80301220f8] core decoder error: cannot create packetizer output (h264)
Chunk bitrate: 33 349952
Buffer size: 33 136001
Chunk bitrate: 33 349952
Buffer size: 34 136001
Download Time: 529632
[00007f8030003378] core mux error: cannot add this stream
[00007f80300d8a98] core decoder error: cannot create packetizer output (h264)
Chunk bitrate: 34 600000
Buffer size: 34 140001
Chunk bitrate: 34 600000
Buffer size: 35 140001
Download Time: 1346063
[00007f8030003378] core mux error: cannot add this stream
[00007f80300f19e8] core decoder error: cannot create packetizer output (h264)
Chunk bitrate: 35 349952
Buffer size: 35 144001
Chunk bitrate: 35 349952
Buffer size: 36 144001
Download Time: 684800
[00007f8030003378] core mux error: cannot add this stream
[00007f80300f14d8] core decoder error: cannot create packetizer output (h264)
Chunk bitrate: 36 600000
Buffer size: 36 148001
Chunk bitrate: 36 600000
Buffer size: 37 148001
Download Time: 1669016
[00007f8030003378] core mux error: cannot add this stream
[00007f80300fc8d8] core decoder error: cannot create packetizer output (h264)
Chunk bitrate: 37 349952
Buffer size: 37 152001
Chunk bitrate: 37 349952
Buffer size: 38 152001
Download Time: 973478
[00007f8030003378] core mux error: cannot add this stream
[00007f80300d0ac8] core decoder error: cannot create packetizer output (h264)
Chunk bitrate: 38 600000
Buffer size: 38 156001
Chunk bitrate: 38 600000
Buffer size: 39 156001
Download Time: 889688
[00007f8030003378] core mux error: cannot add this stream
[00007f80300f7d58] core decoder error: cannot create packetizer output (h264)
Chunk bitrate: 39 600000
Buffer size: 40 160001
Download Time: 896254
Chunk bitrate: 40 600000
Buffer size: 41 164001
Download Time: 1017730
Chunk bitrate: 41 349952
Buffer size: 41 168001
Chunk bitrate: 41 349952
Buffer size: 42 168001
Download Time: 613535
[00007f8030003378] core mux error: cannot add this stream
[00007f80300b0db8] core decoder error: cannot create packetizer output (h264)
Chunk bitrate: 42 600000
Buffer size: 42 172001
Chunk bitrate: 42 600000
Buffer size: 43 172001
Download Time: 1302360
[00007f8030003378] core mux error: cannot add this stream
[00007f803010c238] core decoder error: cannot create packetizer output (h264)
Chunk bitrate: 43 349952
Buffer size: 43 176001
Download Time: 481366
Chunk bitrate: 43 349952
Buffer size: 44 176001
Download Time: 611672
[00007f8030003378] core mux error: cannot add this stream
[00007f80300f42b8] core decoder error: cannot create packetizer output (h264)
Chunk bitrate: 44 349952
Buffer size: 45 180001
Download Time: 607965
Chunk bitrate: 45 349952
Buffer size: 46 184001
Download Time: 529147
Chunk bitrate: 46 1000000
Buffer size: 46 188001
Download Time: 607911
Chunk bitrate: 46 1000000
Buffer size: 47 188001
Download Time: 1379775
[00007f8030003378] core mux error: cannot add this stream
[00007f803014c758] core decoder error: cannot create packetizer output (h264)
Chunk bitrate: 47 600000
Buffer size: 47 192001
Chunk bitrate: 47 600000
Buffer size: 48 192001
Download Time: 1382670
[00007f8030003378] core mux error: cannot add this stream
[00007f803010cad8] core decoder error: cannot create packetizer output (h264)
Chunk bitrate: 48 1000000
Buffer size: 48 196001
Chunk bitrate: 48 1000000
Buffer size: 49 196001
Download Time: 1630619
[00007f8030003378] core mux error: cannot add this stream
[00007f803010c518] core decoder error: cannot create packetizer output (h264)
Chunk bitrate: 49 1000000
Buffer size: 50 200001
Download Time: 1299734
Chunk bitrate: 50 600000
Buffer size: 50 204001
Chunk bitrate: 50 600000
Buffer size: 51 204001
Download Time: 849742
[00007f8030003378] core mux error: cannot add this stream
[00007f80301148f8] core decoder error: cannot create packetizer output (h264)
Chunk bitrate: 51 349952
Buffer size: 51 208001
Chunk bitrate: 51 349952
Buffer size: 52 208001
Download Time: 973692
[00007f8030003378] core mux error: cannot add this stream
[00007f803003d1c8] core decoder error: cannot create packetizer output (h264)
Chunk bitrate: 52 349952
Buffer size: 53 212001
Download Time: 772077
Chunk bitrate: 53 1000000
Buffer size: 53 216001
Chunk bitrate: 53 1000000
Buffer size: 54 216001
Download Time: 1712938
[00007f8030003378] core mux error: cannot add this stream
[00007f8030168218] core decoder error: cannot create packetizer output (h264)
Chunk bitrate: 54 600000
Buffer size: 54 220001
Chunk bitrate: 54 600000
Buffer size: 55 220001
Download Time: 1133655
[00007f8030003378] core mux error: cannot add this stream
[00007f803012eb78] core decoder error: cannot create packetizer output (h264)
Chunk bitrate: 55 349952
Buffer size: 55 224001
Chunk bitrate: 55 349952
Buffer size: 56 224001
Download Time: 650851
[00007f8030003378] core mux error: cannot add this stream
[00007f80300fe138] core decoder error: cannot create packetizer output (h264)
Chunk bitrate: 56 600000
Buffer size: 56 228001
Chunk bitrate: 56 600000
Buffer size: 57 228001
Download Time: 977639
[00007f8030003378] core mux error: cannot add this stream
[00007f8030115028] core decoder error: cannot create packetizer output (h264)
Chunk bitrate: 57 349952
Buffer size: 57 232001
Chunk bitrate: 57 349952
Buffer size: 58 232001
Download Time: 201128
[00007f8030003378] core mux error: cannot add this stream
[00007f8030058f28] core decoder error: cannot create packetizer output (h264)
Chunk bitrate: 58 600000
Buffer size: 58 236001
Chunk bitrate: 58 600000
Buffer size: 59 236001
Download Time: 1466905
[00007f8030003378] core mux error: cannot add this stream
[00007f80300583c8] core decoder error: cannot create packetizer output (h264)
Chunk bitrate: 59 349952
Buffer size: 59 240001
Download Time: 244133
Chunk bitrate: 59 349952
Buffer size: 60 240001
Download Time: 970768
[00007f8030003378] core mux error: cannot add this stream
[00007f8030100628] core decoder error: cannot create packetizer output (h264)
Chunk bitrate: 60 349952
Buffer size: 61 244001
Download Time: 612868
Chunk bitrate: 61 349952
Buffer size: 62 248001
Download Time: 326099
Chunk bitrate: 62 349952
Buffer size: 63 252001
Download Time: 724453
Chunk bitrate: 63 349952
Buffer size: 64 256001
Download Time: 567579
Chunk bitrate: 64 600000
Buffer size: 64 260001
Chunk bitrate: 64 600000
Buffer size: 65 260001
[00007f8030003378] ps mux: Close
[00007f803010af78] idummy demux: command `quit'
[00000000011ac1e8] [cli] lua interface error: Error loading script /home/cs244/vlc/share/lua/intf/cli.luac: lua/intf/modules/host.lua:286: Interrupted.
