[00000000008221a8] core interface error: no suitable interface module
[0000000000759338] core libvlc error: interface "globalhotkeys,none" initialization failed
[00000000008221a8] dbus interface error: Failed to connect to the D-Bus session daemon: Unable to autolaunch a dbus-daemon without a $DISPLAY for X11
[00000000008221a8] core interface error: no suitable interface module
[0000000000759338] core libvlc error: interface "dbus,none" initialization failed
[0000000000759338] core libvlc: Running vlc with the default interface. Use 'cvlc' to use vlc without interface.
[00000000008221a8] qt interface error: Could not connect to X server
[00000000008221a8] skins2 interface error: cannot initialize OSFactory
[00000000008221a8] [cli] lua interface: Listening on host "*console".
VLC media player 3.0.0-git Vetinari
Command Line Interface initialized. Type `help' for help.
> [00007fc98c003378] ps mux: Open
making a DASHManager
new ratebased adaptionlogic
Chunk bitrate: 0 349952
Buffer size: 0 0
Chunk bitrate: 0 349952
Buffer size: 0 0
[00007fc98c023a58] mp4 demux: Fragment sequence discontinuity detected 0 != 2
Download Time: 1184193
[00007fc98c0181a8] mp4 demux: Fragment sequence discontinuity detected 0 != 2
Startup Time: 1050000
Chunk bitrate: 0 349952
Buffer size: 1 4001
Download Time: 566088
Chunk bitrate: 1 600000
Buffer size: 1 8001
Chunk bitrate: 1 600000
Buffer size: 2 8001
Download Time: 732145
Chunk bitrate: 2 349952
Buffer size: 2 12001
Chunk bitrate: 2 349952
Buffer size: 3 12001
Download Time: 646473
Chunk bitrate: 3 349952
Buffer size: 4 16001
Download Time: 526846
Chunk bitrate: 4 1000000
Buffer size: 4 20001
Chunk bitrate: 4 1000000
Buffer size: 5 20001
Download Time: 1615338
Chunk bitrate: 5 349952
Buffer size: 5 24001
Chunk bitrate: 5 349952
Buffer size: 6 24001
Download Time: 648728
Chunk bitrate: 6 600000
Buffer size: 6 28001
Chunk bitrate: 6 600000
Buffer size: 7 28001
Download Time: 813664
Chunk bitrate: 7 600000
Buffer size: 8 32001
Download Time: 768443
Chunk bitrate: 8 1000000
Buffer size: 8 36001
Chunk bitrate: 8 1000000
Buffer size: 9 36001
Download Time: 1306100
Chunk bitrate: 9 600000
Buffer size: 9 40001
Chunk bitrate: 9 600000
Buffer size: 10 40001
Download Time: 931041
Chunk bitrate: 10 1000000
Buffer size: 10 44001
Chunk bitrate: 10 1000000
Buffer size: 11 44001
Download Time: 2024986
Chunk bitrate: 11 349952
Buffer size: 11 48001
Chunk bitrate: 11 349952
Buffer size: 12 48001
Download Time: 1381215
Download Time: 451264
Chunk bitrate: 12 349952
Buffer size: 13 52001
Download Time: 770462
Chunk bitrate: 13 349952
Buffer size: 14 56001
Download Time: 930564
Chunk bitrate: 14 349952
Buffer size: 15 60001
Download Time: 1009105
Chunk bitrate: 15 349952
Buffer size: 16 64001
Download Time: 725848
Chunk bitrate: 16 600000
Buffer size: 16 68001
Chunk bitrate: 16 600000
Buffer size: 17 68001
Download Time: 1057867
Chunk bitrate: 17 349952
Buffer size: 17 72001
Chunk bitrate: 17 349952
Buffer size: 18 72001
Download Time: 809797
Chunk bitrate: 18 600000
Buffer size: 18 76001
Chunk bitrate: 18 600000
Buffer size: 19 76001
Download Time: 937003
Chunk bitrate: 19 600000
Buffer size: 20 80001
Download Time: 1300830
Chunk bitrate: 20 600000
Buffer size: 21 84001
Download Time: 757416
Chunk bitrate: 21 600000
Buffer size: 22 88001
Download Time: 1260698
Chunk bitrate: 22 600000
Buffer size: 23 92001
Download Time: 1467192
Chunk bitrate: 23 349952
Buffer size: 23 96001
Chunk bitrate: 23 349952
Buffer size: 24 96001
Download Time: 651398
Chunk bitrate: 24 600000
Buffer size: 24 100001
Chunk bitrate: 24 600000
Buffer size: 25 100001
Download Time: 697591
Chunk bitrate: 25 600000
Buffer size: 26 104001
Download Time: 1419796
Chunk bitrate: 26 349952
Buffer size: 26 108001
Chunk bitrate: 26 349952
Buffer size: 27 108001
Download Time: 450829
Chunk bitrate: 27 349952
Buffer size: 28 112001
Download Time: 652588
Chunk bitrate: 28 349952
Buffer size: 29 116001
Download Time: 1012813
Chunk bitrate: 29 600000
Buffer size: 29 120001
Chunk bitrate: 29 600000
Buffer size: 30 120001
Download Time: 1177398
Download Time: 411405
[00007fc98c003378] core mux error: cannot add this stream
[00007fc98c0c9828] core decoder error: cannot create packetizer output (h264)
Chunk bitrate: 30 349952
Buffer size: 30 124001
Chunk bitrate: 30 349952
Buffer size: 31 124001
Download Time: 490183
[00007fc98c003378] core mux error: cannot add this stream
[00007fc98c093598] core decoder error: cannot create packetizer output (h264)
Chunk bitrate: 31 1000000
Buffer size: 31 128001
Download Time: 241732
Chunk bitrate: 31 1000000
Buffer size: 32 128001
Download Time: 1911605
[00007fc98c003378] core mux error: cannot add this stream
[00007fc98c132e48] core decoder error: cannot create packetizer output (h264)
Chunk bitrate: 32 600000
Buffer size: 32 132001
Chunk bitrate: 32 600000
Buffer size: 33 132001
Download Time: 938299
[00007fc98c003378] core mux error: cannot add this stream
[00007fc98c0e91d8] core decoder error: cannot create packetizer output (h264)
Chunk bitrate: 33 349952
Buffer size: 33 136001
Chunk bitrate: 33 349952
Buffer size: 34 136001
Download Time: 809655
[00007fc98c003378] core mux error: cannot add this stream
[00007fc98c0b4138] core decoder error: cannot create packetizer output (h264)
Chunk bitrate: 34 349952
Buffer size: 35 140001
Download Time: 571931
Chunk bitrate: 35 1000000
Buffer size: 35 144001
Chunk bitrate: 35 1000000
Buffer size: 36 144001
Download Time: 1057421
[00007fc98c003378] core mux error: cannot add this stream
[00007fc98c10f058] core decoder error: cannot create packetizer output (h264)
Chunk bitrate: 36 600000
Buffer size: 36 148001
Chunk bitrate: 36 600000
Buffer size: 37 148001
Download Time: 2271283
[00007fc98c003378] core mux error: cannot add this stream
[00007fc98c0f4f38] core decoder error: cannot create packetizer output (h264)
Chunk bitrate: 37 349952
Buffer size: 37 152001
Chunk bitrate: 37 349952
Buffer size: 38 152001
Download Time: 721734
[00007fc98c003378] core mux error: cannot add this stream
[00007fc98c045f28] core decoder error: cannot create packetizer output (h264)
Chunk bitrate: 38 1000000
Buffer size: 38 156001
Chunk bitrate: 38 1000000
Buffer size: 39 156001
Download Time: 1787734
[00007fc98c003378] core mux error: cannot add this stream
[00007fc98c125f68] core decoder error: cannot create packetizer output (h264)
Chunk bitrate: 39 600000
Buffer size: 39 160001
Chunk bitrate: 39 600000
Buffer size: 40 160001
Download Time: 981830
[00007fc98c003378] core mux error: cannot add this stream
[00007fc98c0d2e08] core decoder error: cannot create packetizer output (h264)
Chunk bitrate: 40 600000
Buffer size: 41 164001
Download Time: 1015329
Chunk bitrate: 41 349952
Buffer size: 41 168001
Chunk bitrate: 41 349952
Buffer size: 42 168001
Download Time: 525665
[00007fc98c003378] core mux error: cannot add this stream
[00007fc98c0e4918] core decoder error: cannot create packetizer output (h264)
Chunk bitrate: 42 349952
Buffer size: 43 172001
Download Time: 1060655
Chunk bitrate: 43 600000
Buffer size: 43 176001
Chunk bitrate: 43 600000
Buffer size: 44 176001
Download Time: 1623228
[00007fc98c003378] core mux error: cannot add this stream
[00007fc98c105e58] core decoder error: cannot create packetizer output (h264)
Chunk bitrate: 44 349952
Buffer size: 44 180001
Chunk bitrate: 44 349952
Buffer size: 45 180001
Download Time: 569616
[00007fc98c003378] core mux error: cannot add this stream
[00007fc98c0bcfa8] core decoder error: cannot create packetizer output (h264)
Chunk bitrate: 45 349952
Buffer size: 46 184001
Download Time: 445719
Chunk bitrate: 46 600000
Buffer size: 46 188001
Chunk bitrate: 46 600000
Buffer size: 47 188001
Download Time: 892508
[00007fc98c003378] core mux error: cannot add this stream
[00007fc98c0e1c78] core decoder error: cannot create packetizer output (h264)
Chunk bitrate: 47 600000
Buffer size: 48 192001
Download Time: 1017223
Download Time: 205010
Chunk bitrate: 48 600000
Buffer size: 49 196001
Download Time: 1330044
Chunk bitrate: 49 600000
Buffer size: 50 200001
Download Time: 690034
Chunk bitrate: 50 600000
Buffer size: 51 204001
Download Time: 1180123
Chunk bitrate: 51 600000
Buffer size: 52 208001
Download Time: 898184
Chunk bitrate: 52 1000000
Buffer size: 52 212001
Chunk bitrate: 52 1000000
Buffer size: 53 212001
Download Time: 1341080
[00007fc98c003378] core mux error: cannot add this stream
[00007fc98c1433b8] core decoder error: cannot create packetizer output (h264)
Chunk bitrate: 53 349952
Buffer size: 53 216001
Chunk bitrate: 53 349952
Buffer size: 54 216001
Download Time: 650992
[00007fc98c003378] core mux error: cannot add this stream
[00007fc98c0f6ae8] core decoder error: cannot create packetizer output (h264)
Chunk bitrate: 54 349952
Buffer size: 55 220001
Download Time: 652008
Chunk bitrate: 55 600000
Buffer size: 55 224001
Chunk bitrate: 55 600000
Buffer size: 56 224001
Download Time: 1176337
[00007fc98c003378] core mux error: cannot add this stream
[00007fc98c125568] core decoder error: cannot create packetizer output (h264)
Chunk bitrate: 56 600000
Buffer size: 57 228001
Download Time: 941465
Chunk bitrate: 57 600000
Buffer size: 58 232001
Download Time: 647935
Chunk bitrate: 58 600000
Buffer size: 59 236001
Download Time: 1215868
Chunk bitrate: 59 600000
Buffer size: 60 240001
Download Time: 1011893
Chunk bitrate: 60 349952
Buffer size: 60 244001
Chunk bitrate: 60 349952
Buffer size: 61 244001
Download Time: 817338
[00007fc98c003378] core mux error: cannot add this stream
[00007fc98c0f0a28] core decoder error: cannot create packetizer output (h264)
Chunk bitrate: 61 600000
Buffer size: 61 248001
Chunk bitrate: 61 600000
Buffer size: 62 248001
Download Time: 608090
[00007fc98c003378] core mux error: cannot add this stream
[00007fc98c0efa38] core decoder error: cannot create packetizer output (h264)
Chunk bitrate: 62 600000
Buffer size: 63 252001
Download Time: 450578
Chunk bitrate: 63 600000
Buffer size: 64 256001
Download Time: 570765
Chunk bitrate: 64 349952
Buffer size: 64 260001
Chunk bitrate: 64 349952
Buffer size: 65 260001
[00007fc98c003378] ps mux: Close
[00007fc9840010a8] idummy demux: command `quit'
[00000000008221a8] [cli] lua interface error: Error loading script /home/cs244/vlc/share/lua/intf/cli.luac: lua/intf/modules/host.lua:286: Interrupted.
