[0000000000c34768] core interface error: no suitable interface module
[0000000000b72338] core libvlc error: interface "globalhotkeys,none" initialization failed
[0000000000c34768] dbus interface error: Failed to connect to the D-Bus session daemon: Unable to autolaunch a dbus-daemon without a $DISPLAY for X11
[0000000000c34768] core interface error: no suitable interface module
[0000000000b72338] core libvlc error: interface "dbus,none" initialization failed
[0000000000b72338] core libvlc: Running vlc with the default interface. Use 'cvlc' to use vlc without interface.
[0000000000c34768] qt interface error: Could not connect to X server
[0000000000c34768] skins2 interface error: cannot initialize OSFactory
[0000000000c34768] [cli] lua interface: Listening on host "*console".
VLC media player 3.0.0-git Vetinari
Command Line Interface initialized. Type `help' for help.
> [00007fc150003378] ps mux: Open
making a DASHManager
new ratebased adaptionlogic
Chunk bitrate: 0 349952
Buffer size: 0 0
Chunk bitrate: 0 349952
Buffer size: 0 0
[00007fc150022438] mp4 demux: Fragment sequence discontinuity detected 0 != 2
Download Time: 890892
[00007fc150017978] mp4 demux: Fragment sequence discontinuity detected 0 != 2
Startup Time: 1050000
Chunk bitrate: 0 349952
Buffer size: 1 4001
Download Time: 729146
Chunk bitrate: 1 600000
Buffer size: 1 8001
Chunk bitrate: 1 600000
Buffer size: 2 8001
Download Time: 855897
Chunk bitrate: 2 600000
Buffer size: 3 12001
Download Time: 1419076
Chunk bitrate: 3 349952
Buffer size: 3 16001
Chunk bitrate: 3 349952
Buffer size: 4 16001
Download Time: 856998
Chunk bitrate: 4 349952
Buffer size: 5 20001
Download Time: 931610
Chunk bitrate: 5 1000000
Buffer size: 5 24001
Chunk bitrate: 5 1000000
Buffer size: 6 24001
Download Time: 1296914
Chunk bitrate: 6 349952
Buffer size: 6 28001
Chunk bitrate: 6 349952
Buffer size: 7 28001
Download Time: 324238
Chunk bitrate: 7 1000000
Buffer size: 7 32001
Chunk bitrate: 7 1000000
Buffer size: 8 32001
Download Time: 4116483
Chunk bitrate: 8 349952
Buffer size: 8 36001
Chunk bitrate: 8 349952
Buffer size: 9 36001
Download Time: 1224881
Chunk bitrate: 9 349952
Buffer size: 10 40001
Download Time: 648295
Chunk bitrate: 10 600000
Buffer size: 10 44001
Chunk bitrate: 10 600000
Buffer size: 11 44001
Download Time: 896052
Chunk bitrate: 11 349952
Buffer size: 11 48001
Chunk bitrate: 11 349952
Buffer size: 12 48001
Download Time: 489346
Chunk bitrate: 12 600000
Buffer size: 12 52001
Chunk bitrate: 12 600000
Buffer size: 13 52001
Download Time: 811617
Chunk bitrate: 13 600000
Buffer size: 14 56001
Download Time: 895595
Chunk bitrate: 14 600000
Buffer size: 15 60001
Download Time: 1016915
Chunk bitrate: 15 349952
Buffer size: 15 64001
Chunk bitrate: 15 349952
Buffer size: 16 64001
Download Time: 687512
Chunk bitrate: 16 349952
Buffer size: 17 68001
Download Time: 810127
Chunk bitrate: 17 600000
Buffer size: 17 72001
Chunk bitrate: 17 600000
Buffer size: 18 72001
Download Time: 811719
Chunk bitrate: 18 349952
Buffer size: 18 76001
Chunk bitrate: 18 349952
Buffer size: 19 76001
Download Time: 488080
Chunk bitrate: 19 349952
Buffer size: 20 80001
Download Time: 765324
Chunk bitrate: 20 600000
Buffer size: 20 84001
Chunk bitrate: 20 600000
Buffer size: 21 84001
Download Time: 572129
Chunk bitrate: 21 349952
Buffer size: 21 88001
Chunk bitrate: 21 349952
Buffer size: 22 88001
Download Time: 734626
Chunk bitrate: 22 1000000
Buffer size: 22 92001
Chunk bitrate: 22 1000000
Buffer size: 23 92001
Download Time: 2226976
Chunk bitrate: 23 349952
Buffer size: 23 96001
Chunk bitrate: 23 349952
Buffer size: 24 96001
Download Time: 771427
[00007fc150003378] core mux error: cannot add this stream
[00007fc150074e98] core decoder error: cannot create packetizer output (h264)
Chunk bitrate: 24 349952
Buffer size: 25 100001
Download Time: 733487
Chunk bitrate: 25 349952
Buffer size: 26 104001
Download Time: 849589
Chunk bitrate: 26 349952
Buffer size: 27 108001
Download Time: 488903
Chunk bitrate: 27 349952
Buffer size: 28 112001
Download Time: 610210
Chunk bitrate: 28 349952
Buffer size: 29 116001
Download Time: 939514
Chunk bitrate: 29 349952
Buffer size: 30 120001
Download Time: 611770
Chunk bitrate: 30 349952
Buffer size: 31 124001
Download Time: 490553
Download Time: 286669
Chunk bitrate: 31 600000
Buffer size: 31 128001
Chunk bitrate: 31 600000
Buffer size: 32 128001
Download Time: 1061717
[00007fc150003378] core mux error: cannot add this stream
[00007fc1500efc18] core decoder error: cannot create packetizer output (h264)
Chunk bitrate: 32 349952
Buffer size: 32 132001
Chunk bitrate: 32 349952
Buffer size: 33 132001
Download Time: 652084
[00007fc150003378] core mux error: cannot add this stream
[00007fc1500c48e8] core decoder error: cannot create packetizer output (h264)
Chunk bitrate: 33 349952
Buffer size: 34 136001
Download Time: 1138844
Chunk bitrate: 34 600000
Buffer size: 34 140001
Chunk bitrate: 34 600000
Buffer size: 35 140001
Download Time: 1267966
[00007fc150003378] core mux error: cannot add this stream
[00007fc1500ed148] core decoder error: cannot create packetizer output (h264)
Chunk bitrate: 35 349952
Buffer size: 35 144001
Chunk bitrate: 35 349952
Buffer size: 36 144001
Download Time: 489091
[00007fc150003378] core mux error: cannot add this stream
[00007fc1500cb4a8] core decoder error: cannot create packetizer output (h264)
Chunk bitrate: 36 349952
Buffer size: 37 148001
Download Time: 728419
Chunk bitrate: 37 1000000
Buffer size: 37 152001
Chunk bitrate: 37 1000000
Buffer size: 38 152001
Download Time: 2078995
[00007fc150003378] core mux error: cannot add this stream
[00007fc1501327d8] core decoder error: cannot create packetizer output (h264)
Chunk bitrate: 38 1000000
Buffer size: 39 156001
Download Time: 1340102
Chunk bitrate: 39 600000
Buffer size: 39 160001
Chunk bitrate: 39 600000
Buffer size: 40 160001
Download Time: 1301163
[00007fc150003378] core mux error: cannot add this stream
[00007fc1500ecd18] core decoder error: cannot create packetizer output (h264)
Chunk bitrate: 40 600000
Buffer size: 41 164001
Download Time: 1424006
Chunk bitrate: 41 349952
Buffer size: 41 168001
Chunk bitrate: 41 349952
Buffer size: 42 168001
Download Time: 816363
[00007fc150003378] core mux error: cannot add this stream
[00007fc1500f14c8] core decoder error: cannot create packetizer output (h264)
Chunk bitrate: 42 349952
Buffer size: 43 172001
Download Time: 729382
Chunk bitrate: 43 349952
Buffer size: 44 176001
Download Time: 940365
Chunk bitrate: 44 600000
Buffer size: 44 180001
Chunk bitrate: 44 600000
Buffer size: 45 180001
Download Time: 815444
[00007fc150003378] core mux error: cannot add this stream
[00007fc1500e6858] core decoder error: cannot create packetizer output (h264)
Chunk bitrate: 45 600000
Buffer size: 46 184001
Download Time: 1466409
Chunk bitrate: 46 600000
Buffer size: 47 188001
Download Time: 1147769
Chunk bitrate: 47 1000000
Buffer size: 47 192001
Chunk bitrate: 47 1000000
Buffer size: 48 192001
Download Time: 977696
[00007fc150003378] core mux error: cannot add this stream
[00007fc1501242c8] core decoder error: cannot create packetizer output (h264)
Chunk bitrate: 48 600000
Buffer size: 48 196001
Chunk bitrate: 48 600000
Buffer size: 49 196001
Download Time: 1585931
[00007fc150003378] core mux error: cannot add this stream
[00007fc1501299d8] core decoder error: cannot create packetizer output (h264)
Chunk bitrate: 49 600000
Buffer size: 50 200001
Download Time: 979536
Chunk bitrate: 50 600000
Buffer size: 51 204001
Download Time: 853370
Chunk bitrate: 51 600000
Buffer size: 52 208001
Download Time: 977174
Chunk bitrate: 52 349952
Buffer size: 52 212001
Chunk bitrate: 52 349952
Buffer size: 53 212001
Download Time: 490741
[00007fc150003378] core mux error: cannot add this stream
[00007fc1500f6ba8] core decoder error: cannot create packetizer output (h264)
Chunk bitrate: 53 349952
Buffer size: 54 216001
Download Time: 776816
Chunk bitrate: 54 349952
Buffer size: 55 220001
Download Time: 610367
Chunk bitrate: 55 349952
Buffer size: 56 224001
Download Time: 650395
Chunk bitrate: 56 600000
Buffer size: 56 228001
Chunk bitrate: 56 600000
Buffer size: 57 228001
Download Time: 853872
[00007fc150003378] core mux error: cannot add this stream
[00007fc15012a308] core decoder error: cannot create packetizer output (h264)
Chunk bitrate: 57 349952
Buffer size: 57 232001
Chunk bitrate: 57 349952
Buffer size: 58 232001
Download Time: 283766
[00007fc150003378] core mux error: cannot add this stream
[00007fc1500932e8] core decoder error: cannot create packetizer output (h264)
Chunk bitrate: 58 600000
Buffer size: 58 236001
Chunk bitrate: 58 600000
Buffer size: 59 236001
Download Time: 1223123
[00007fc150003378] core mux error: cannot add this stream
[00007fc150092788] core decoder error: cannot create packetizer output (h264)
Chunk bitrate: 59 349952
Buffer size: 59 240001
Chunk bitrate: 59 349952
Buffer size: 60 240001
Download Time: 527010
[00007fc150003378] core mux error: cannot add this stream
[00007fc150138a28] core decoder error: cannot create packetizer output (h264)
Chunk bitrate: 60 349952
Buffer size: 61 244001
Download Time: 1200170
Chunk bitrate: 61 349952
Buffer size: 62 248001
Download Time: 326533
Chunk bitrate: 62 349952
Buffer size: 63 252001
Download Time: 329023
Chunk bitrate: 63 349952
Buffer size: 64 256001
Download Time: 368968
Chunk bitrate: 64 1000000
Buffer size: 64 260001
Chunk bitrate: 64 1000000
Buffer size: 65 260001
[00007fc150003378] ps mux: Close
[00007fc150107ab8] idummy demux: command `quit'
[0000000000c34768] [cli] lua interface error: Error loading script /home/cs244/vlc/share/lua/intf/cli.luac: lua/intf/modules/host.lua:286: Interrupted.
