[0000000001b9f1e8] core interface error: no suitable interface module
[0000000001ad6338] core libvlc error: interface "globalhotkeys,none" initialization failed
[0000000001b9f1e8] dbus interface error: Failed to connect to the D-Bus session daemon: Unable to autolaunch a dbus-daemon without a $DISPLAY for X11
[0000000001b9f1e8] core interface error: no suitable interface module
[0000000001ad6338] core libvlc error: interface "dbus,none" initialization failed
[0000000001ad6338] core libvlc: Running vlc with the default interface. Use 'cvlc' to use vlc without interface.
[0000000001b9f1e8] qt interface error: Could not connect to X server
[0000000001b9f1e8] skins2 interface error: cannot initialize OSFactory
[0000000001b9f1e8] [cli] lua interface: Listening on host "*console".
VLC media player 3.0.0-git Vetinari
Command Line Interface initialized. Type `help' for help.
> [00007f8394003378] ps mux: Open
making a DASHManager
new ratebased adaptionlogic
Chunk bitrate: 0 349952
Buffer size: 0 0
Chunk bitrate: 0 349952
Buffer size: 0 0
[00007f8394019878] mp4 demux: Fragment sequence discontinuity detected 0 != 2
Download Time: 741554
[00007f8394027268] mp4 demux: Fragment sequence discontinuity detected 0 != 2
Startup Time: 1050000
Chunk bitrate: 0 600000
Buffer size: 0 4001
Chunk bitrate: 0 600000
Buffer size: 1 4001
Download Time: 938988
Chunk bitrate: 1 600000
Buffer size: 2 8001
Download Time: 911239
Chunk bitrate: 2 1000000
Buffer size: 2 12001
Chunk bitrate: 2 1000000
Buffer size: 3 12001
Download Time: 1069154
Chunk bitrate: 3 349952
Buffer size: 3 16001
Chunk bitrate: 3 349952
Buffer size: 4 16001
Download Time: 680825
Chunk bitrate: 4 600000
Buffer size: 4 20001
Chunk bitrate: 4 600000
Buffer size: 5 20001
Download Time: 877025
Chunk bitrate: 5 600000
Buffer size: 6 24001
Download Time: 652303
Chunk bitrate: 6 600000
Buffer size: 7 28001
Download Time: 847166
Chunk bitrate: 7 600000
Buffer size: 8 32001
Download Time: 682747
Chunk bitrate: 8 600000
Buffer size: 9 36001
Download Time: 1025698
Chunk bitrate: 9 600000
Buffer size: 10 40001
Download Time: 779795
Chunk bitrate: 10 349952
Buffer size: 10 44001
Chunk bitrate: 10 349952
Buffer size: 11 44001
Download Time: 751535
Chunk bitrate: 11 349952
Buffer size: 12 48001
Download Time: 614614
Chunk bitrate: 12 600000
Buffer size: 12 52001
Chunk bitrate: 12 600000
Buffer size: 13 52001
Download Time: 882917
Chunk bitrate: 13 349952
Buffer size: 13 56001
Chunk bitrate: 13 349952
Buffer size: 14 56001
Download Time: 491080
Chunk bitrate: 14 600000
Buffer size: 14 60001
Chunk bitrate: 14 600000
Buffer size: 15 60001
Download Time: 1080724
Chunk bitrate: 15 1000000
Buffer size: 15 64001
Chunk bitrate: 15 1000000
Buffer size: 16 64001
Download Time: 1329050
Chunk bitrate: 16 1000000
Buffer size: 17 68001
Download Time: 1791551
Chunk bitrate: 17 600000
Buffer size: 17 72001
Chunk bitrate: 17 600000
Buffer size: 18 72001
Download Time: 716620
Chunk bitrate: 18 600000
Buffer size: 19 76001
Download Time: 746948
Chunk bitrate: 19 349952
Buffer size: 19 80001
Chunk bitrate: 19 349952
Buffer size: 20 80001
Download Time: 452850
Chunk bitrate: 20 600000
Buffer size: 20 84001
Chunk bitrate: 20 600000
Buffer size: 21 84001
Download Time: 581724
Chunk bitrate: 21 600000
Buffer size: 22 88001
Download Time: 814832
Chunk bitrate: 22 600000
Buffer size: 23 92001
Download Time: 1853222
Chunk bitrate: 23 349952
Buffer size: 23 96001
Chunk bitrate: 23 349952
Buffer size: 24 96001
Download Time: 616599
Chunk bitrate: 24 600000
Buffer size: 24 100001
Chunk bitrate: 24 600000
Buffer size: 25 100001
Download Time: 850472
Chunk bitrate: 25 349952
Buffer size: 25 104001
Chunk bitrate: 25 349952
Buffer size: 26 104001
Download Time: 747868
Chunk bitrate: 26 349952
Buffer size: 27 108001
Download Time: 551679
Chunk bitrate: 27 600000
Buffer size: 27 112001
Chunk bitrate: 27 600000
Buffer size: 28 112001
Download Time: 816484
[00007f8394003378] core mux error: cannot add this stream
[00007f83940e2508] core decoder error: cannot create packetizer output (h264)
Chunk bitrate: 28 600000
Buffer size: 29 116001
Download Time: 1108521
Chunk bitrate: 29 600000
Buffer size: 30 120001
Download Time: 651557
Chunk bitrate: 30 600000
Buffer size: 31 124001
Download Time: 1275604
Chunk bitrate: 31 600000
Buffer size: 32 128001
Download Time: 847176
Chunk bitrate: 32 600000
Buffer size: 33 132001
Download Time: 909994
Chunk bitrate: 33 1000000
Buffer size: 33 136001
Chunk bitrate: 33 1000000
Buffer size: 34 136001
Download Time: 1209624
[00007f8394003378] core mux error: cannot add this stream
[00007f839408fc58] core decoder error: cannot create packetizer output (h264)
Chunk bitrate: 34 600000
Buffer size: 34 140001
Chunk bitrate: 34 600000
Buffer size: 35 140001
Download Time: 944255
[00007f8394003378] core mux error: cannot add this stream
[00007f83940e9e68] core decoder error: cannot create packetizer output (h264)
Chunk bitrate: 35 1000000
Buffer size: 35 144001
Chunk bitrate: 35 1000000
Buffer size: 36 144001
Download Time: 909965
[00007f8394003378] core mux error: cannot add this stream
[00007f839410cb18] core decoder error: cannot create packetizer output (h264)
Chunk bitrate: 36 600000
Buffer size: 36 148001
Chunk bitrate: 36 600000
Buffer size: 37 148001
Download Time: 715103
[00007f8394003378] core mux error: cannot add this stream
[00007f83940f1b88] core decoder error: cannot create packetizer output (h264)
Chunk bitrate: 37 349952
Buffer size: 37 152001
Chunk bitrate: 37 349952
Buffer size: 38 152001
Download Time: 553074
[00007f8394003378] core mux error: cannot add this stream
[00007f83940ceeb8] core decoder error: cannot create packetizer output (h264)
Chunk bitrate: 38 1000000
Buffer size: 38 156001
Chunk bitrate: 38 1000000
Buffer size: 39 156001
Download Time: 1369946
[00007f8394003378] core mux error: cannot add this stream
[00007f83940b8e58] core decoder error: cannot create packetizer output (h264)
Chunk bitrate: 39 600000
Buffer size: 39 160001
Chunk bitrate: 39 600000
Buffer size: 40 160001
Download Time: 649684
[00007f8394003378] core mux error: cannot add this stream
[00007f83940edc98] core decoder error: cannot create packetizer output (h264)
Chunk bitrate: 40 600000
Buffer size: 41 164001
Download Time: 978320
Chunk bitrate: 41 600000
Buffer size: 42 168001
Download Time: 1078351
Chunk bitrate: 42 600000
Buffer size: 43 172001
Download Time: 750264
Chunk bitrate: 43 1000000
Buffer size: 43 176001
Chunk bitrate: 43 1000000
Buffer size: 44 176001
Download Time: 1104200
[00007f8394003378] core mux error: cannot add this stream
[00007f8394127e48] core decoder error: cannot create packetizer output (h264)
Chunk bitrate: 44 600000
Buffer size: 44 180001
Chunk bitrate: 44 600000
Buffer size: 45 180001
Download Time: 1270497
[00007f8394003378] core mux error: cannot add this stream
[00007f83940f2bc8] core decoder error: cannot create packetizer output (h264)
Chunk bitrate: 45 600000
Buffer size: 46 184001
Download Time: 847371
Chunk bitrate: 46 1000000
Buffer size: 46 188001
Chunk bitrate: 46 1000000
Buffer size: 47 188001
Download Time: 1114454
[00007f8394003378] core mux error: cannot add this stream
[00007f8394108a08] core decoder error: cannot create packetizer output (h264)
Chunk bitrate: 47 600000
Buffer size: 47 192001
Chunk bitrate: 47 600000
Buffer size: 48 192001
Download Time: 587265
[00007f8394003378] core mux error: cannot add this stream
[00007f8394105af8] core decoder error: cannot create packetizer output (h264)
Chunk bitrate: 48 349952
Buffer size: 48 196001
Chunk bitrate: 48 349952
Buffer size: 49 196001
Download Time: 914294
[00007f8394003378] core mux error: cannot add this stream
[00007f83940d08e8] core decoder error: cannot create packetizer output (h264)
Chunk bitrate: 49 600000
Buffer size: 49 200001
Chunk bitrate: 49 600000
Buffer size: 50 200001
Download Time: 744630
[00007f8394003378] core mux error: cannot add this stream
[00007f8394113168] core decoder error: cannot create packetizer output (h264)
Chunk bitrate: 50 349952
Buffer size: 50 204001
Chunk bitrate: 50 349952
Buffer size: 51 204001
Download Time: 690276
[00007f8394003378] core mux error: cannot add this stream
[00007f83940f40f8] core decoder error: cannot create packetizer output (h264)
Chunk bitrate: 51 600000
Buffer size: 51 208001
Chunk bitrate: 51 600000
Buffer size: 52 208001
Download Time: 816990
[00007f8394003378] core mux error: cannot add this stream
[00007f839411c538] core decoder error: cannot create packetizer output (h264)
Chunk bitrate: 52 1000000
Buffer size: 52 212001
Chunk bitrate: 52 1000000
Buffer size: 53 212001
Download Time: 1009949
[00007f8394003378] core mux error: cannot add this stream
[00007f83941448c8] core decoder error: cannot create packetizer output (h264)
Chunk bitrate: 53 349952
Buffer size: 53 216001
Chunk bitrate: 53 349952
Buffer size: 54 216001
Download Time: 617823
[00007f8394003378] core mux error: cannot add this stream
[00007f83940c9768] core decoder error: cannot create packetizer output (h264)
Chunk bitrate: 54 600000
Buffer size: 54 220001
Chunk bitrate: 54 600000
Buffer size: 55 220001
Download Time: 943100
[00007f8394003378] core mux error: cannot add this stream
[00007f839412b078] core decoder error: cannot create packetizer output (h264)
Chunk bitrate: 55 349952
Buffer size: 55 224001
Download Time: 196739
Chunk bitrate: 55 349952
Buffer size: 56 224001
Download Time: 489950
[00007f8394003378] core mux error: cannot add this stream
[00007f83940e32a8] core decoder error: cannot create packetizer output (h264)
Chunk bitrate: 56 600000
Buffer size: 56 228001
Chunk bitrate: 56 600000
Buffer size: 57 228001
Download Time: 876519
[00007f8394003378] core mux error: cannot add this stream
[00007f83941159f8] core decoder error: cannot create packetizer output (h264)
Chunk bitrate: 57 600000
Buffer size: 58 232001
Download Time: 651548
Chunk bitrate: 58 1000000
Buffer size: 58 236001
Chunk bitrate: 58 1000000
Buffer size: 59 236001
Download Time: 1468147
[00007f8394003378] core mux error: cannot add this stream
[00007f83940aedc8] core decoder error: cannot create packetizer output (h264)
Chunk bitrate: 59 600000
Buffer size: 59 240001
Chunk bitrate: 59 600000
Buffer size: 60 240001
Download Time: 881130
[00007f8394003378] core mux error: cannot add this stream
[00007f8394131aa8] core decoder error: cannot create packetizer output (h264)
Chunk bitrate: 60 349952
Buffer size: 60 244001
Download Time: 295074
Chunk bitrate: 60 349952
Buffer size: 61 244001
Download Time: 546296
[00007f8394003378] core mux error: cannot add this stream
[00007f839410e6c8] core decoder error: cannot create packetizer output (h264)
Chunk bitrate: 61 1000000
Buffer size: 61 248001
Chunk bitrate: 61 1000000
Buffer size: 62 248001
Download Time: 421869
[00007f8394003378] core mux error: cannot add this stream
[00007f83940e3048] core decoder error: cannot create packetizer output (h264)
Chunk bitrate: 62 1000000
Buffer size: 63 252001
Download Time: 322402
Chunk bitrate: 63 600000
Buffer size: 63 256001
Chunk bitrate: 63 600000
Buffer size: 64 256001
Download Time: 1596939
[00007f8394003378] core mux error: cannot add this stream
[00007f8394115d98] core decoder error: cannot create packetizer output (h264)
Chunk bitrate: 64 1000000
Buffer size: 64 260001
Chunk bitrate: 64 1000000
Buffer size: 65 260001
[00007f8394003378] ps mux: Close
[00007f8394088b98] idummy demux: command `quit'
[0000000001b9f1e8] [cli] lua interface error: Error loading script /home/cs244/vlc/share/lua/intf/cli.luac: lua/intf/modules/host.lua:286: Interrupted.
