[0000000001d671a8] core interface error: no suitable interface module
[0000000001c9e338] core libvlc error: interface "globalhotkeys,none" initialization failed
[0000000001d671a8] dbus interface error: Failed to connect to the D-Bus session daemon: Unable to autolaunch a dbus-daemon without a $DISPLAY for X11
[0000000001d671a8] core interface error: no suitable interface module
[0000000001c9e338] core libvlc error: interface "dbus,none" initialization failed
[0000000001c9e338] core libvlc: Running vlc with the default interface. Use 'cvlc' to use vlc without interface.
[0000000001d671a8] qt interface error: Could not connect to X server
[0000000001d671a8] skins2 interface error: cannot initialize OSFactory
[0000000001d671a8] [cli] lua interface: Listening on host "*console".
VLC media player 3.0.0-git Vetinari
Command Line Interface initialized. Type `help' for help.
> [00007fa5f0003378] ps mux: Open
making a DASHManager
new ratebased adaptionlogic
Chunk bitrate: 0 349952
Buffer size: 0 0
Download Time: 326588
Chunk bitrate: 0 349952
Buffer size: 0 0
[00007fa5f0025548] mp4 demux: Fragment sequence discontinuity detected 0 != 2
Download Time: 571744
[00007fa5f0024d88] mp4 demux: Fragment sequence discontinuity detected 0 != 2
Startup Time: 1050000
Chunk bitrate: 0 349952
Buffer size: 1 4001
Download Time: 814571
Chunk bitrate: 1 600000
Buffer size: 1 8001
Chunk bitrate: 1 600000
Buffer size: 2 8001
Download Time: 933618
Chunk bitrate: 2 349952
Buffer size: 2 12001
Chunk bitrate: 2 349952
Buffer size: 3 12001
Download Time: 897129
Chunk bitrate: 3 349952
Buffer size: 4 16001
Download Time: 728138
Chunk bitrate: 4 349952
Buffer size: 5 20001
Download Time: 936068
Chunk bitrate: 5 349952
Buffer size: 6 24001
Download Time: 852931
Chunk bitrate: 6 349952
Buffer size: 7 28001
Download Time: 610111
Chunk bitrate: 7 600000
Buffer size: 7 32001
Chunk bitrate: 7 600000
Buffer size: 8 32001
Download Time: 891083
Chunk bitrate: 8 1000000
Buffer size: 8 36001
Chunk bitrate: 8 1000000
Buffer size: 9 36001
Download Time: 1836200
Chunk bitrate: 9 349952
Buffer size: 9 40001
Chunk bitrate: 9 349952
Buffer size: 10 40001
Download Time: 1051888
Chunk bitrate: 10 349952
Buffer size: 11 44001
Download Time: 779450
Chunk bitrate: 11 349952
Buffer size: 12 48001
Download Time: 691582
Chunk bitrate: 12 600000
Buffer size: 12 52001
Chunk bitrate: 12 600000
Buffer size: 13 52001
Download Time: 773930
Chunk bitrate: 13 349952
Buffer size: 13 56001
Chunk bitrate: 13 349952
Buffer size: 14 56001
Download Time: 607753
Chunk bitrate: 14 600000
Buffer size: 14 60001
Chunk bitrate: 14 600000
Buffer size: 15 60001
Download Time: 768785
Chunk bitrate: 15 600000
Buffer size: 16 64001
Download Time: 809192
Chunk bitrate: 16 1000000
Buffer size: 16 68001
Chunk bitrate: 16 1000000
Buffer size: 17 68001
Download Time: 1143067
Chunk bitrate: 17 600000
Buffer size: 17 72001
Chunk bitrate: 17 600000
Buffer size: 18 72001
Download Time: 818621
Chunk bitrate: 18 1000000
Buffer size: 18 76001
Chunk bitrate: 18 1000000
Buffer size: 19 76001
Download Time: 892048
Chunk bitrate: 19 349952
Buffer size: 19 80001
Chunk bitrate: 19 349952
Buffer size: 20 80001
Download Time: 694256
Chunk bitrate: 20 349952
Buffer size: 21 84001
Download Time: 568776
Chunk bitrate: 21 600000
Buffer size: 21 88001
Chunk bitrate: 21 600000
Buffer size: 22 88001
Download Time: 1176431
Chunk bitrate: 22 1000000
Buffer size: 22 92001
Chunk bitrate: 22 1000000
Buffer size: 23 92001
Download Time: 1948153
Chunk bitrate: 23 349952
Buffer size: 23 96001
Chunk bitrate: 23 349952
Buffer size: 24 96001
Download Time: 767439
Chunk bitrate: 24 1000000
Buffer size: 24 100001
Chunk bitrate: 24 1000000
Buffer size: 25 100001
Download Time: 1216067
[00007fa5f0003378] core mux error: cannot add this stream
[00007fa5f0085928] core decoder error: cannot create packetizer output (h264)
Chunk bitrate: 25 600000
Buffer size: 25 104001
Chunk bitrate: 25 600000
Buffer size: 26 104001
Download Time: 815787
[00007fa5f0003378] core mux error: cannot add this stream
[00007fa5f00d8f38] core decoder error: cannot create packetizer output (h264)
Chunk bitrate: 26 349952
Buffer size: 26 108001
Chunk bitrate: 26 349952
Buffer size: 27 108001
Download Time: 326969
[00007fa5f0003378] core mux error: cannot add this stream
[00007fa5f00b1308] core decoder error: cannot create packetizer output (h264)
Chunk bitrate: 27 349952
Buffer size: 28 112001
Download Time: 770059
Chunk bitrate: 28 349952
Buffer size: 29 116001
Download Time: 697017
Chunk bitrate: 29 600000
Buffer size: 29 120001
Chunk bitrate: 29 600000
Buffer size: 30 120001
Download Time: 1051641
[00007fa5f0003378] core mux error: cannot add this stream
[00007fa5f00da738] core decoder error: cannot create packetizer output (h264)
Chunk bitrate: 30 600000
Buffer size: 31 124001
Download Time: 931162
Chunk bitrate: 31 349952
Buffer size: 31 128001
Chunk bitrate: 31 349952
Buffer size: 32 128001
Download Time: 692172
[00007fa5f0003378] core mux error: cannot add this stream
[00007fa5f0043248] core decoder error: cannot create packetizer output (h264)
Chunk bitrate: 32 349952
Buffer size: 33 132001
Download Time: 894406
Chunk bitrate: 33 600000
Buffer size: 33 136001
Chunk bitrate: 33 600000
Buffer size: 34 136001
Download Time: 978447
[00007fa5f0003378] core mux error: cannot add this stream
[00007fa5f00f7dd8] core decoder error: cannot create packetizer output (h264)
Chunk bitrate: 34 600000
Buffer size: 35 140001
Download Time: 1172202
Chunk bitrate: 35 600000
Buffer size: 36 144001
Download Time: 815490
Chunk bitrate: 36 600000
Buffer size: 37 148001
Download Time: 935450
Chunk bitrate: 37 600000
Buffer size: 38 152001
Download Time: 774890
Chunk bitrate: 38 2000000
Buffer size: 38 156001
Chunk bitrate: 38 2000000
Buffer size: 39 156001
Download Time: 2082657
[00007fa5f0003378] core mux error: cannot add this stream
[00007fa5f00c4918] core decoder error: cannot create packetizer output (h264)
Chunk bitrate: 39 1000000
Buffer size: 39 160001
Chunk bitrate: 39 1000000
Buffer size: 40 160001
Download Time: 1016199
Download Time: 979615
[00007fa5f0003378] core mux error: cannot add this stream
[00007fa5f01121b8] core decoder error: cannot create packetizer output (h264)
Chunk bitrate: 40 349952
Buffer size: 40 164001
Chunk bitrate: 40 349952
Buffer size: 41 164001
Download Time: 729523
[00007fa5f0003378] core mux error: cannot add this stream
[00007fa5f00e2fe8] core decoder error: cannot create packetizer output (h264)
Chunk bitrate: 41 349952
Buffer size: 42 168001
Download Time: 527664
Chunk bitrate: 42 1000000
Buffer size: 42 172001
Chunk bitrate: 42 1000000
Buffer size: 43 172001
Download Time: 1305002
[00007fa5f0003378] core mux error: cannot add this stream
[00007fa5f0143f78] core decoder error: cannot create packetizer output (h264)
Chunk bitrate: 43 600000
Buffer size: 43 176001
Chunk bitrate: 43 600000
Buffer size: 44 176001
Download Time: 936517
[00007fa5f0003378] core mux error: cannot add this stream
[00007fa5f00ff118] core decoder error: cannot create packetizer output (h264)
Chunk bitrate: 44 600000
Buffer size: 45 180001
Download Time: 693167
Chunk bitrate: 45 600000
Buffer size: 46 184001
Download Time: 1101011
Chunk bitrate: 46 600000
Buffer size: 47 188001
Download Time: 938838
Chunk bitrate: 47 1000000
Buffer size: 47 192001
Chunk bitrate: 47 1000000
Buffer size: 48 192001
Download Time: 1548711
[00007fa5f0003378] core mux error: cannot add this stream
[00007fa5f0126458] core decoder error: cannot create packetizer output (h264)
Chunk bitrate: 48 349952
Buffer size: 48 196001
Chunk bitrate: 48 349952
Buffer size: 49 196001
Download Time: 612959
[00007fa5f0003378] core mux error: cannot add this stream
[00007fa5f00cd068] core decoder error: cannot create packetizer output (h264)
Chunk bitrate: 49 349952
Buffer size: 50 200001
Download Time: 734325
Chunk bitrate: 50 349952
Buffer size: 51 204001
Download Time: 734461
Chunk bitrate: 51 600000
Buffer size: 51 208001
Chunk bitrate: 51 600000
Buffer size: 52 208001
Download Time: 1019495
[00007fa5f0003378] core mux error: cannot add this stream
[00007fa5f011bb78] core decoder error: cannot create packetizer output (h264)
Chunk bitrate: 52 349952
Buffer size: 52 212001
Chunk bitrate: 52 349952
Buffer size: 53 212001
Download Time: 3050004
[00007fa5f0003378] core mux error: cannot add this stream
[00007fa5f0118fe8] core decoder error: cannot create packetizer output (h264)
Chunk bitrate: 53 600000
Buffer size: 53 216001
Chunk bitrate: 53 600000
Buffer size: 54 216001
Download Time: 1019294
[00007fa5f0003378] core mux error: cannot add this stream
[00007fa5f011c058] core decoder error: cannot create packetizer output (h264)
Chunk bitrate: 54 600000
Buffer size: 55 220001
Download Time: 1387912
Chunk bitrate: 55 349952
Buffer size: 55 224001
Chunk bitrate: 55 349952
Buffer size: 56 224001
Download Time: 684959
[00007fa5f0003378] core mux error: cannot add this stream
[00007fa5f00f0d48] core decoder error: cannot create packetizer output (h264)
Chunk bitrate: 56 349952
Buffer size: 57 228001
Download Time: 692817
Chunk bitrate: 57 1000000
Buffer size: 57 232001
Chunk bitrate: 57 1000000
Buffer size: 58 232001
Download Time: 924761
[00007fa5f0003378] core mux error: cannot add this stream
[00007fa5f0117bc8] core decoder error: cannot create packetizer output (h264)
Chunk bitrate: 58 349952
Buffer size: 58 236001
Chunk bitrate: 58 349952
Buffer size: 59 236001
Download Time: 650664
[00007fa5f0003378] core mux error: cannot add this stream
[00007fa5f01165c8] core decoder error: cannot create packetizer output (h264)
Chunk bitrate: 59 1000000
Buffer size: 59 240001
Chunk bitrate: 59 1000000
Buffer size: 60 240001
Download Time: 1544469
[00007fa5f0003378] core mux error: cannot add this stream
[00007fa5f011acd8] core decoder error: cannot create packetizer output (h264)
Chunk bitrate: 60 1000000
Buffer size: 61 244001
Download Time: 2280877
Chunk bitrate: 61 600000
Buffer size: 61 248001
Chunk bitrate: 61 600000
Buffer size: 62 248001
Download Time: 323881
[00007fa5f0003378] core mux error: cannot add this stream
[00007fa5f0117978] core decoder error: cannot create packetizer output (h264)
Chunk bitrate: 62 1000000
Buffer size: 62 252001
Chunk bitrate: 62 1000000
Buffer size: 63 252001
Download Time: 856962
[00007fa5f0003378] core mux error: cannot add this stream
[00007fa5f00e7f08] core decoder error: cannot create packetizer output (h264)
Chunk bitrate: 63 349952
Buffer size: 63 256001
Chunk bitrate: 63 349952
Buffer size: 64 256001
Download Time: 331870
[00007fa5f0003378] core mux error: cannot add this stream
[00007fa5f00f0f78] core decoder error: cannot create packetizer output (h264)
Chunk bitrate: 64 349952
Buffer size: 65 260001
[00007fa5f0003378] ps mux: Close
[00007fa5f00c96b8] idummy demux: command `quit'
[0000000001d671a8] [cli] lua interface error: Error loading script /home/cs244/vlc/share/lua/intf/cli.luac: lua/intf/modules/host.lua:286: Interrupted.
