[0000000000a7d1a8] core interface error: no suitable interface module
[00000000009b4338] core libvlc error: interface "globalhotkeys,none" initialization failed
[0000000000a7d1a8] dbus interface error: Failed to connect to the D-Bus session daemon: Unable to autolaunch a dbus-daemon without a $DISPLAY for X11
[0000000000a7d1a8] core interface error: no suitable interface module
[00000000009b4338] core libvlc error: interface "dbus,none" initialization failed
[00000000009b4338] core libvlc: Running vlc with the default interface. Use 'cvlc' to use vlc without interface.
[0000000000a7d1a8] qt interface error: Could not connect to X server
[0000000000a7d1a8] skins2 interface error: cannot initialize OSFactory
[0000000000a7d1a8] [cli] lua interface: Listening on host "*console".
VLC media player 3.0.0-git Vetinari
Command Line Interface initialized. Type `help' for help.
> [00007fb3a4003378] ps mux: Open
making a DASHManager
new ratebased adaptionlogic
Chunk bitrate: 0 349952
Buffer size: 0 0
Chunk bitrate: 0 349952
Buffer size: 0 0
[00007fb3a40237e8] mp4 demux: Fragment sequence discontinuity detected 0 != 2
Download Time: 713415
[00007fb3a401a3a8] mp4 demux: Fragment sequence discontinuity detected 0 != 2
Startup Time: 1050000
Chunk bitrate: 0 349952
Buffer size: 1 4001
Download Time: 1805387
Chunk bitrate: 1 349952
Buffer size: 2 8001
Download Time: 549036
Chunk bitrate: 2 600000
Buffer size: 2 12001
Chunk bitrate: 2 600000
Buffer size: 3 12001
Download Time: 680076
Chunk bitrate: 3 600000
Buffer size: 4 16001
Download Time: 677346
Chunk bitrate: 4 600000
Buffer size: 5 20001
Download Time: 1010986
Chunk bitrate: 5 600000
Buffer size: 6 24001
Download Time: 746876
Chunk bitrate: 6 600000
Buffer size: 7 28001
Download Time: 815027
Chunk bitrate: 7 1000000
Buffer size: 7 32001
Chunk bitrate: 7 1000000
Buffer size: 8 32001
Download Time: 2698692
Chunk bitrate: 8 600000
Buffer size: 8 36001
Chunk bitrate: 8 600000
Buffer size: 9 36001
Download Time: 848623
Chunk bitrate: 9 349952
Buffer size: 9 40001
Chunk bitrate: 9 349952
Buffer size: 10 40001
Download Time: 2250628
Chunk bitrate: 10 349952
Buffer size: 11 44001
Download Time: 614940
Chunk bitrate: 11 349952
Buffer size: 12 48001
Download Time: 550676
Chunk bitrate: 12 600000
Buffer size: 12 52001
Chunk bitrate: 12 600000
Buffer size: 13 52001
Download Time: 877422
Chunk bitrate: 13 349952
Buffer size: 13 56001
Chunk bitrate: 13 349952
Buffer size: 14 56001
Download Time: 521389
Chunk bitrate: 14 600000
Buffer size: 14 60001
Chunk bitrate: 14 600000
Buffer size: 15 60001
Download Time: 744702
Chunk bitrate: 15 600000
Buffer size: 16 64001
Download Time: 1098578
Chunk bitrate: 16 1000000
Buffer size: 16 68001
Chunk bitrate: 16 1000000
Buffer size: 17 68001
Download Time: 880477
Chunk bitrate: 17 600000
Buffer size: 17 72001
Chunk bitrate: 17 600000
Buffer size: 18 72001
Download Time: 1306115
Chunk bitrate: 18 600000
Buffer size: 19 76001
Download Time: 521897
Chunk bitrate: 19 600000
Buffer size: 20 80001
Download Time: 878765
Chunk bitrate: 20 1000000
Buffer size: 20 84001
Chunk bitrate: 20 1000000
Buffer size: 21 84001
Download Time: 1430652
Chunk bitrate: 21 349952
Buffer size: 21 88001
Chunk bitrate: 21 349952
Buffer size: 22 88001
Download Time: 551266
Chunk bitrate: 22 600000
Buffer size: 22 92001
Chunk bitrate: 22 600000
Buffer size: 23 92001
Download Time: 1404956
Chunk bitrate: 23 1000000
Buffer size: 23 96001
Chunk bitrate: 23 1000000
Buffer size: 24 96001
Download Time: 1533267
Chunk bitrate: 24 600000
Buffer size: 24 100001
Chunk bitrate: 24 600000
Buffer size: 25 100001
Download Time: 1138275
Chunk bitrate: 25 1000000
Buffer size: 25 104001
Chunk bitrate: 25 1000000
Buffer size: 26 104001
Download Time: 1208502
Chunk bitrate: 26 600000
Buffer size: 26 108001
Chunk bitrate: 26 600000
Buffer size: 27 108001
Download Time: 778640
[00007fb3a4003378] core mux error: cannot add this stream
[00007fb3a40b93a8] core decoder error: cannot create packetizer output (h264)
Chunk bitrate: 27 1000000
Buffer size: 27 112001
Chunk bitrate: 27 1000000
Buffer size: 28 112001
Download Time: 1339879
[00007fb3a4003378] core mux error: cannot add this stream
[00007fb3a4070488] core decoder error: cannot create packetizer output (h264)
Chunk bitrate: 28 1000000
Buffer size: 29 116001
Download Time: 1661669
Chunk bitrate: 29 600000
Buffer size: 29 120001
Chunk bitrate: 29 600000
Buffer size: 30 120001
Download Time: 754277
[00007fb3a4003378] core mux error: cannot add this stream
[00007fb3a4094ef8] core decoder error: cannot create packetizer output (h264)
Chunk bitrate: 30 600000
Buffer size: 31 124001
Download Time: 782841
Chunk bitrate: 31 349952
Buffer size: 31 128001
Chunk bitrate: 31 349952
Buffer size: 32 128001
Download Time: 652242
[00007fb3a4003378] core mux error: cannot add this stream
[00007fb3a40d2648] core decoder error: cannot create packetizer output (h264)
Chunk bitrate: 32 600000
Buffer size: 32 132001
Download Time: 161419
Chunk bitrate: 32 600000
Buffer size: 33 132001
Download Time: 1140648
[00007fb3a4003378] core mux error: cannot add this stream
[00007fb3a40ea928] core decoder error: cannot create packetizer output (h264)
Chunk bitrate: 33 349952
Buffer size: 33 136001
Chunk bitrate: 33 349952
Buffer size: 34 136001
Download Time: 784592
[00007fb3a4003378] core mux error: cannot add this stream
[00007fb3a40901d8] core decoder error: cannot create packetizer output (h264)
Chunk bitrate: 34 600000
Buffer size: 34 140001
Chunk bitrate: 34 600000
Buffer size: 35 140001
Download Time: 781327
[00007fb3a4003378] core mux error: cannot add this stream
[00007fb3a40f05c8] core decoder error: cannot create packetizer output (h264)
Chunk bitrate: 35 600000
Buffer size: 36 144001
Download Time: 619208
Chunk bitrate: 36 1000000
Buffer size: 36 148001
Chunk bitrate: 36 1000000
Buffer size: 37 148001
Download Time: 1076194
[00007fb3a4003378] core mux error: cannot add this stream
[00007fb3a4050018] core decoder error: cannot create packetizer output (h264)
Chunk bitrate: 37 600000
Buffer size: 37 152001
Chunk bitrate: 37 600000
Buffer size: 38 152001
Download Time: 944179
[00007fb3a4003378] core mux error: cannot add this stream
[00007fb3a4123588] core decoder error: cannot create packetizer output (h264)
Chunk bitrate: 38 1000000
Buffer size: 38 156001
Chunk bitrate: 38 1000000
Buffer size: 39 156001
Download Time: 1111918
[00007fb3a4003378] core mux error: cannot add this stream
[00007fb3a40e0fb8] core decoder error: cannot create packetizer output (h264)
Chunk bitrate: 39 600000
Buffer size: 39 160001
Chunk bitrate: 39 600000
Buffer size: 40 160001
Download Time: 810566
[00007fb3a4003378] core mux error: cannot add this stream
[00007fb3a40b6918] core decoder error: cannot create packetizer output (h264)
Chunk bitrate: 40 1000000
Buffer size: 40 164001
Chunk bitrate: 40 1000000
Buffer size: 41 164001
Download Time: 1146083
[00007fb3a4003378] core mux error: cannot add this stream
[00007fb3a41447a8] core decoder error: cannot create packetizer output (h264)
Chunk bitrate: 41 600000
Buffer size: 41 168001
Chunk bitrate: 41 600000
Buffer size: 42 168001
Download Time: 946405
[00007fb3a4003378] core mux error: cannot add this stream
[00007fb3a4129458] core decoder error: cannot create packetizer output (h264)
Chunk bitrate: 42 1000000
Buffer size: 42 172001
Chunk bitrate: 42 1000000
Buffer size: 43 172001
Download Time: 1210489
[00007fb3a4003378] core mux error: cannot add this stream
[00007fb3a41498d8] core decoder error: cannot create packetizer output (h264)
Chunk bitrate: 43 349952
Buffer size: 43 176001
Chunk bitrate: 43 349952
Buffer size: 44 176001
Download Time: 846875
[00007fb3a4003378] core mux error: cannot add this stream
[00007fb3a40ae858] core decoder error: cannot create packetizer output (h264)
Chunk bitrate: 44 600000
Buffer size: 44 180001
Chunk bitrate: 44 600000
Buffer size: 45 180001
Download Time: 1238885
[00007fb3a4003378] core mux error: cannot add this stream
[00007fb3a40facc8] core decoder error: cannot create packetizer output (h264)
Chunk bitrate: 45 600000
Buffer size: 46 184001
Download Time: 912231
Chunk bitrate: 46 600000
Buffer size: 47 188001
Download Time: 715314
Chunk bitrate: 47 600000
Buffer size: 48 192001
Download Time: 1235348
Chunk bitrate: 48 349952
Buffer size: 48 196001
Chunk bitrate: 48 349952
Buffer size: 49 196001
Download Time: 488172
[00007fb3a4003378] core mux error: cannot add this stream
[00007fb3a4032648] core decoder error: cannot create packetizer output (h264)
Chunk bitrate: 49 600000
Buffer size: 49 200001
Chunk bitrate: 49 600000
Buffer size: 50 200001
Download Time: 845112
[00007fb3a4003378] core mux error: cannot add this stream
[00007fb3a4108a58] core decoder error: cannot create packetizer output (h264)
Chunk bitrate: 50 349952
Buffer size: 50 204001
Chunk bitrate: 50 349952
Buffer size: 51 204001
Download Time: 586191
[00007fb3a4003378] core mux error: cannot add this stream
[00007fb3a40bc758] core decoder error: cannot create packetizer output (h264)
Chunk bitrate: 51 1000000
Buffer size: 51 208001
Chunk bitrate: 51 1000000
Buffer size: 52 208001
Download Time: 1144170
[00007fb3a4003378] core mux error: cannot add this stream
[00007fb3a4125f18] core decoder error: cannot create packetizer output (h264)
Chunk bitrate: 52 1000000
Buffer size: 53 212001
Download Time: 1892166
Chunk bitrate: 53 1000000
Buffer size: 54 216001
Download Time: 1434588
Chunk bitrate: 54 349952
Buffer size: 54 220001
Chunk bitrate: 54 349952
Buffer size: 55 220001
Download Time: 683655
[00007fb3a4003378] core mux error: cannot add this stream
[00007fb3a40fdc48] core decoder error: cannot create packetizer output (h264)
Chunk bitrate: 55 600000
Buffer size: 55 224001
Chunk bitrate: 55 600000
Buffer size: 56 224001
Download Time: 651195
[00007fb3a4003378] core mux error: cannot add this stream
[00007fb3a412a568] core decoder error: cannot create packetizer output (h264)
Chunk bitrate: 56 600000
Buffer size: 57 228001
Download Time: 556890
Chunk bitrate: 57 600000
Buffer size: 58 232001
Download Time: 427528
Chunk bitrate: 58 349952
Buffer size: 58 236001
Chunk bitrate: 58 349952
Buffer size: 59 236001
Download Time: 753011
[00007fb3a4003378] core mux error: cannot add this stream
[00007fb3a4123e68] core decoder error: cannot create packetizer output (h264)
Chunk bitrate: 59 600000
Buffer size: 59 240001
Chunk bitrate: 59 600000
Buffer size: 60 240001
Download Time: 749935
[00007fb3a4003378] core mux error: cannot add this stream
[00007fb3a41348d8] core decoder error: cannot create packetizer output (h264)
Chunk bitrate: 60 600000
Buffer size: 61 244001
Download Time: 842664
Chunk bitrate: 61 349952
Buffer size: 61 248001
Chunk bitrate: 61 349952
Buffer size: 62 248001
Download Time: 262567
[00007fb3a4003378] core mux error: cannot add this stream
[00007fb3a40fcda8] core decoder error: cannot create packetizer output (h264)
Chunk bitrate: 62 1000000
Buffer size: 62 252001
Download Time: 197774
Chunk bitrate: 62 1000000
Buffer size: 63 252001
Download Time: 323289
[00007fb3a4003378] core mux error: cannot add this stream
[00007fb3a403f0a8] core decoder error: cannot create packetizer output (h264)
Chunk bitrate: 63 1000000
Buffer size: 64 256001
Download Time: 451897
Chunk bitrate: 64 600000
Buffer size: 64 260001
Chunk bitrate: 64 600000
Buffer size: 65 260001
[00007fb3a4003378] ps mux: Close
[00007fb3a00015c8] idummy demux: command `quit'
[0000000000a7d1a8] [cli] lua interface error: Error loading script /home/cs244/vlc/share/lua/intf/cli.luac: lua/intf/modules/host.lua:286: Interrupted.
