[00000000012e81e8] core interface error: no suitable interface module
[000000000121f338] core libvlc error: interface "globalhotkeys,none" initialization failed
[00000000012e81e8] dbus interface error: Failed to connect to the D-Bus session daemon: Unable to autolaunch a dbus-daemon without a $DISPLAY for X11
[00000000012e81e8] core interface error: no suitable interface module
[000000000121f338] core libvlc error: interface "dbus,none" initialization failed
[000000000121f338] core libvlc: Running vlc with the default interface. Use 'cvlc' to use vlc without interface.
[00000000012e81e8] qt interface error: Could not connect to X server
[00000000012e81e8] skins2 interface error: cannot initialize OSFactory
[00000000012e81e8] [cli] lua interface: Listening on host "*console".
VLC media player 3.0.0-git Vetinari
Command Line Interface initialized. Type `help' for help.
> [00007f1e44003378] ps mux: Open
making a DASHManager
new ratebased adaptionlogic
Chunk bitrate: 0 349952
Buffer size: 0 0
Chunk bitrate: 0 349952
Buffer size: 0 0
[00007f1e44019308] mp4 demux: Fragment sequence discontinuity detected 0 != 2
Download Time: 932477
[00007f1e44018b28] mp4 demux: Fragment sequence discontinuity detected 0 != 2
Startup Time: 1050000
Chunk bitrate: 0 349952
Buffer size: 1 4001
Download Time: 933941
Chunk bitrate: 1 349952
Buffer size: 2 8001
Download Time: 729911
Chunk bitrate: 2 349952
Buffer size: 3 12001
Download Time: 974438
Chunk bitrate: 3 349952
Buffer size: 4 16001
Download Time: 720118
Chunk bitrate: 4 349952
Buffer size: 5 20001
Download Time: 886243
Chunk bitrate: 5 349952
Buffer size: 6 24001
Download Time: 807434
Chunk bitrate: 6 600000
Buffer size: 6 28001
Chunk bitrate: 6 600000
Buffer size: 7 28001
Download Time: 1056314
Chunk bitrate: 7 349952
Buffer size: 7 32001
Chunk bitrate: 7 349952
Buffer size: 8 32001
Download Time: 1513324
Chunk bitrate: 8 1000000
Buffer size: 8 36001
Chunk bitrate: 8 1000000
Buffer size: 9 36001
Download Time: 1625531
Chunk bitrate: 9 600000
Buffer size: 9 40001
Chunk bitrate: 9 600000
Buffer size: 10 40001
Download Time: 1333206
Chunk bitrate: 10 600000
Buffer size: 11 44001
Download Time: 1173880
Chunk bitrate: 11 349952
Buffer size: 11 48001
Chunk bitrate: 11 349952
Buffer size: 12 48001
Download Time: 883599
Chunk bitrate: 12 600000
Buffer size: 12 52001
Chunk bitrate: 12 600000
Buffer size: 13 52001
Download Time: 1780160
Chunk bitrate: 13 600000
Buffer size: 14 56001
Download Time: 1535324
Chunk bitrate: 14 600000
Buffer size: 15 60001
Download Time: 1211522
Chunk bitrate: 15 349952
Buffer size: 15 64001
Chunk bitrate: 15 349952
Buffer size: 16 64001
Download Time: 855065
Chunk bitrate: 16 600000
Buffer size: 16 68001
Chunk bitrate: 16 600000
Buffer size: 17 68001
Download Time: 1097197
Chunk bitrate: 17 349952
Buffer size: 17 72001
Chunk bitrate: 17 349952
Buffer size: 18 72001
Download Time: 815008
Chunk bitrate: 18 349952
Buffer size: 19 76001
Download Time: 730133
Chunk bitrate: 19 600000
Buffer size: 19 80001
Chunk bitrate: 19 600000
Buffer size: 20 80001
Download Time: 1297417
Chunk bitrate: 20 349952
Buffer size: 20 84001
Chunk bitrate: 20 349952
Buffer size: 21 84001
Download Time: 611305
Chunk bitrate: 21 349952
Buffer size: 22 88001
Download Time: 1053793
Chunk bitrate: 22 349952
Buffer size: 23 92001
Download Time: 737201
Chunk bitrate: 23 349952
Buffer size: 24 96001
Download Time: 1182693
Chunk bitrate: 24 349952
Buffer size: 25 100001
Download Time: 855326
Chunk bitrate: 25 349952
Buffer size: 26 104001
Download Time: 845419
Chunk bitrate: 26 600000
Buffer size: 26 108001
Chunk bitrate: 26 600000
Buffer size: 27 108001
Download Time: 1185098
Chunk bitrate: 27 349952
Buffer size: 27 112001
Chunk bitrate: 27 349952
Buffer size: 28 112001
Download Time: 806931
Chunk bitrate: 28 349952
Buffer size: 29 116001
Download Time: 851673
Chunk bitrate: 29 600000
Buffer size: 29 120001
Chunk bitrate: 29 600000
Buffer size: 30 120001
Download Time: 1538667
Chunk bitrate: 30 349952
Buffer size: 30 124001
Chunk bitrate: 30 349952
Buffer size: 31 124001
Download Time: 773653
Chunk bitrate: 31 349952
Buffer size: 32 128001
Download Time: 727959
Chunk bitrate: 32 349952
Buffer size: 33 132001
Download Time: 814899
Chunk bitrate: 33 349952
Buffer size: 34 136001
Download Time: 814655
Chunk bitrate: 34 349952
Buffer size: 35 140001
Download Time: 893379
Chunk bitrate: 35 600000
Buffer size: 35 144001
Chunk bitrate: 35 600000
Buffer size: 36 144001
Download Time: 1531254
[00007f1e44003378] core mux error: cannot add this stream
[00007f1e440e05b8] core decoder error: cannot create packetizer output (h264)
Chunk bitrate: 36 349952
Buffer size: 36 148001
Chunk bitrate: 36 349952
Buffer size: 37 148001
Download Time: 848846
[00007f1e44003378] core mux error: cannot add this stream
[00007f1e440b5478] core decoder error: cannot create packetizer output (h264)
Chunk bitrate: 37 349952
Buffer size: 38 152001
Download Time: 730294
Chunk bitrate: 38 1000000
Buffer size: 38 156001
Chunk bitrate: 38 1000000
Buffer size: 39 156001
Download Time: 2076001
[00007f1e44003378] core mux error: cannot add this stream
[00007f1e4411d4c8] core decoder error: cannot create packetizer output (h264)
Chunk bitrate: 39 600000
Buffer size: 39 160001
Chunk bitrate: 39 600000
Buffer size: 40 160001
Download Time: 1012106
[00007f1e44003378] core mux error: cannot add this stream
[00007f1e440e7dd8] core decoder error: cannot create packetizer output (h264)
Chunk bitrate: 40 349952
Buffer size: 40 164001
Chunk bitrate: 40 349952
Buffer size: 41 164001
Download Time: 892755
[00007f1e44003378] core mux error: cannot add this stream
[00007f1e440da788] core decoder error: cannot create packetizer output (h264)
Chunk bitrate: 41 600000
Buffer size: 41 168001
Chunk bitrate: 41 600000
Buffer size: 42 168001
Download Time: 1056155
[00007f1e44003378] core mux error: cannot add this stream
[00007f1e440fb258] core decoder error: cannot create packetizer output (h264)
Chunk bitrate: 42 349952
Buffer size: 42 172001
Chunk bitrate: 42 349952
Buffer size: 43 172001
Download Time: 717656
[00007f1e44003378] core mux error: cannot add this stream
[00007f1e440e29d8] core decoder error: cannot create packetizer output (h264)
Chunk bitrate: 43 349952
Buffer size: 44 176001
Download Time: 813113
Chunk bitrate: 44 600000
Buffer size: 44 180001
Chunk bitrate: 44 600000
Buffer size: 45 180001
Download Time: 1102570
[00007f1e44003378] core mux error: cannot add this stream
[00007f1e441024b8] core decoder error: cannot create packetizer output (h264)
Chunk bitrate: 45 349952
Buffer size: 45 184001
Chunk bitrate: 45 349952
Buffer size: 46 184001
Download Time: 1102259
[00007f1e44003378] core mux error: cannot add this stream
[00007f1e440d6d98] core decoder error: cannot create packetizer output (h264)
Chunk bitrate: 46 349952
Buffer size: 47 188001
Download Time: 1050536
Chunk bitrate: 47 349952
Buffer size: 48 192001
Download Time: 1624210
Chunk bitrate: 48 349952
Buffer size: 49 196001
Download Time: 768975
Chunk bitrate: 49 349952
Buffer size: 50 200001
Download Time: 975513
Chunk bitrate: 50 600000
Buffer size: 50 204001
Chunk bitrate: 50 600000
Buffer size: 51 204001
Download Time: 1422511
[00007f1e44003378] core mux error: cannot add this stream
[00007f1e4410a628] core decoder error: cannot create packetizer output (h264)
Chunk bitrate: 51 349952
Buffer size: 51 208001
Chunk bitrate: 51 349952
Buffer size: 52 208001
Download Time: 654221
[00007f1e44003378] core mux error: cannot add this stream
[00007f1e440f2ac8] core decoder error: cannot create packetizer output (h264)
Chunk bitrate: 52 1000000
Buffer size: 52 212001
Chunk bitrate: 52 1000000
Buffer size: 53 212001
Download Time: 1673924
[00007f1e44003378] core mux error: cannot add this stream
[00007f1e4413d848] core decoder error: cannot create packetizer output (h264)
Chunk bitrate: 53 349952
Buffer size: 53 216001
Chunk bitrate: 53 349952
Buffer size: 54 216001
Download Time: 770936
[00007f1e44003378] core mux error: cannot add this stream
[00007f1e440f69f8] core decoder error: cannot create packetizer output (h264)
Chunk bitrate: 54 600000
Buffer size: 54 220001
Chunk bitrate: 54 600000
Buffer size: 55 220001
Download Time: 1827204
[00007f1e44003378] core mux error: cannot add this stream
[00007f1e44125008] core decoder error: cannot create packetizer output (h264)
Chunk bitrate: 55 349952
Buffer size: 55 224001
Chunk bitrate: 55 349952
Buffer size: 56 224001
Download Time: 738240
[00007f1e44003378] core mux error: cannot add this stream
[00007f1e44100518] core decoder error: cannot create packetizer output (h264)
Chunk bitrate: 56 349952
Buffer size: 57 228001
Download Time: 691941
Chunk bitrate: 57 349952
Buffer size: 58 232001
Download Time: 404525
Chunk bitrate: 58 349952
Buffer size: 59 236001
Download Time: 943259
Chunk bitrate: 59 349952
Buffer size: 60 240001
Download Time: 845729
Chunk bitrate: 60 349952
Buffer size: 61 244001
Download Time: 652168
Chunk bitrate: 61 349952
Buffer size: 62 248001
Download Time: 390842
Chunk bitrate: 62 600000
Buffer size: 62 252001
Chunk bitrate: 62 600000
Buffer size: 63 252001
Download Time: 458193
[00007f1e44003378] core mux error: cannot add this stream
[00007f1e440b2898] core decoder error: cannot create packetizer output (h264)
Chunk bitrate: 63 349952
Buffer size: 63 256001
Chunk bitrate: 63 349952
Buffer size: 64 256001
Download Time: 424660
[00007f1e44003378] core mux error: cannot add this stream
[00007f1e441025e8] core decoder error: cannot create packetizer output (h264)
Chunk bitrate: 64 600000
Buffer size: 64 260001
Chunk bitrate: 64 600000
Buffer size: 65 260001
[00007f1e44003378] ps mux: Close
[00007f1e34000e98] idummy demux: command `quit'
[00000000012e81e8] [cli] lua interface error: Error loading script /home/cs244/vlc/share/lua/intf/cli.luac: lua/intf/modules/host.lua:286: Interrupted.
