[0000000001c0d1e8] core interface error: no suitable interface module
[0000000001b44338] core libvlc error: interface "globalhotkeys,none" initialization failed
[0000000001c0d1e8] dbus interface error: Failed to connect to the D-Bus session daemon: Unable to autolaunch a dbus-daemon without a $DISPLAY for X11
[0000000001c0d1e8] core interface error: no suitable interface module
[0000000001b44338] core libvlc error: interface "dbus,none" initialization failed
[0000000001b44338] core libvlc: Running vlc with the default interface. Use 'cvlc' to use vlc without interface.
[0000000001c0d1e8] qt interface error: Could not connect to X server
[0000000001c0d1e8] skins2 interface error: cannot initialize OSFactory
[0000000001c0d1e8] [cli] lua interface: Listening on host "*console".
VLC media player 3.0.0-git Vetinari
Command Line Interface initialized. Type `help' for help.
> [00007f8e70003378] ps mux: Open
making a DASHManager
new ratebased adaptionlogic
Chunk bitrate: 0 349952
Buffer size: 0 0
Chunk bitrate: 0 349952
Buffer size: 0 0
[00007f8e70023968] mp4 demux: Fragment sequence discontinuity detected 0 != 2
Download Time: 976486
[00007f8e700249d8] mp4 demux: Fragment sequence discontinuity detected 0 != 2
Startup Time: 1050000
Chunk bitrate: 0 349952
Buffer size: 1 4001
Download Time: 603499
Chunk bitrate: 1 1000000
Buffer size: 1 8001
Chunk bitrate: 1 1000000
Buffer size: 2 8001
Download Time: 1049565
Chunk bitrate: 2 349952
Buffer size: 2 12001
Chunk bitrate: 2 349952
Buffer size: 3 12001
Download Time: 687650
Chunk bitrate: 3 1000000
Buffer size: 3 16001
Chunk bitrate: 3 1000000
Buffer size: 4 16001
Download Time: 728645
Chunk bitrate: 4 600000
Buffer size: 4 20001
Chunk bitrate: 4 600000
Buffer size: 5 20001
Download Time: 568843
Chunk bitrate: 5 600000
Buffer size: 6 24001
Download Time: 1294738
Chunk bitrate: 6 1000000
Buffer size: 6 28001
Download Time: 403644
Chunk bitrate: 6 1000000
Buffer size: 7 28001
Download Time: 1141203
Chunk bitrate: 7 349952
Buffer size: 7 32001
Chunk bitrate: 7 349952
Buffer size: 8 32001
Download Time: 1545550
Chunk bitrate: 8 349952
Buffer size: 9 36001
Download Time: 852247
Chunk bitrate: 9 349952
Buffer size: 10 40001
Download Time: 530588
Chunk bitrate: 10 600000
Buffer size: 10 44001
Chunk bitrate: 10 600000
Buffer size: 11 44001
Download Time: 685332
Chunk bitrate: 11 600000
Buffer size: 12 48001
Download Time: 1458621
Chunk bitrate: 12 1000000
Buffer size: 12 52001
Chunk bitrate: 12 1000000
Buffer size: 13 52001
Download Time: 1592046
Chunk bitrate: 13 349952
Buffer size: 13 56001
Chunk bitrate: 13 349952
Buffer size: 14 56001
Download Time: 484496
Download Time: 654418
Chunk bitrate: 14 349952
Buffer size: 15 60001
Download Time: 730807
Chunk bitrate: 15 600000
Buffer size: 15 64001
Chunk bitrate: 15 600000
Buffer size: 16 64001
Download Time: 1543461
Chunk bitrate: 16 600000
Buffer size: 17 68001
Download Time: 688777
Chunk bitrate: 17 1000000
Buffer size: 17 72001
Chunk bitrate: 17 1000000
Buffer size: 18 72001
Download Time: 898414
Chunk bitrate: 18 600000
Buffer size: 18 76001
Chunk bitrate: 18 600000
Buffer size: 19 76001
Download Time: 530092
Chunk bitrate: 19 349952
Buffer size: 19 80001
Chunk bitrate: 19 349952
Buffer size: 20 80001
Download Time: 652333
Chunk bitrate: 20 1000000
Buffer size: 20 84001
Chunk bitrate: 20 1000000
Buffer size: 21 84001
Download Time: 978055
Chunk bitrate: 21 600000
Buffer size: 21 88001
Chunk bitrate: 21 600000
Buffer size: 22 88001
Download Time: 1141164
Chunk bitrate: 22 349952
Buffer size: 22 92001
Chunk bitrate: 22 349952
Buffer size: 23 92001
Download Time: 1007539
[00007f8e70003378] core mux error: cannot add this stream
[00007f8e70089208] core decoder error: cannot create packetizer output (h264)
Chunk bitrate: 23 1000000
Buffer size: 23 96001
Chunk bitrate: 23 1000000
Buffer size: 24 96001
Download Time: 1274505
[00007f8e70003378] core mux error: cannot add this stream
[00007f8e70088998] core decoder error: cannot create packetizer output (h264)
Chunk bitrate: 24 600000
Buffer size: 24 100001
Chunk bitrate: 24 600000
Buffer size: 25 100001
Download Time: 781169
[00007f8e70003378] core mux error: cannot add this stream
[00007f8e700db678] core decoder error: cannot create packetizer output (h264)
Chunk bitrate: 25 349952
Buffer size: 25 104001
Chunk bitrate: 25 349952
Buffer size: 26 104001
Download Time: 457020
[00007f8e70003378] core mux error: cannot add this stream
[00007f8e700b9908] core decoder error: cannot create packetizer output (h264)
Chunk bitrate: 26 600000
Buffer size: 26 108001
Chunk bitrate: 26 600000
Buffer size: 27 108001
Download Time: 425003
[00007f8e70003378] core mux error: cannot add this stream
[00007f8e700c3268] core decoder error: cannot create packetizer output (h264)
Chunk bitrate: 27 600000
Buffer size: 28 112001
Download Time: 682536
Chunk bitrate: 28 1000000
Buffer size: 28 116001
Chunk bitrate: 28 1000000
Buffer size: 29 116001
Download Time: 978181
[00007f8e70003378] core mux error: cannot add this stream
[00007f8e7011ff18] core decoder error: cannot create packetizer output (h264)
Chunk bitrate: 29 1000000
Buffer size: 30 120001
Download Time: 847141
Chunk bitrate: 30 1000000
Buffer size: 31 124001
Download Time: 1043662
Chunk bitrate: 31 600000
Buffer size: 31 128001
Chunk bitrate: 31 600000
Buffer size: 32 128001
Download Time: 754467
[00007f8e70003378] core mux error: cannot add this stream
[00007f8e700f0fb8] core decoder error: cannot create packetizer output (h264)
Chunk bitrate: 32 1000000
Buffer size: 32 132001
Chunk bitrate: 32 1000000
Buffer size: 33 132001
Download Time: 1204375
[00007f8e70003378] core mux error: cannot add this stream
[00007f8e70124a88] core decoder error: cannot create packetizer output (h264)
Chunk bitrate: 33 600000
Buffer size: 33 136001
Chunk bitrate: 33 600000
Buffer size: 34 136001
Download Time: 620133
[00007f8e70003378] core mux error: cannot add this stream
[00007f8e700fb3f8] core decoder error: cannot create packetizer output (h264)
Chunk bitrate: 34 600000
Buffer size: 35 140001
Download Time: 1076183
Chunk bitrate: 35 600000
Buffer size: 36 144001
Download Time: 715475
Chunk bitrate: 36 600000
Buffer size: 37 148001
Download Time: 1005837
Chunk bitrate: 37 600000
Buffer size: 38 152001
Download Time: 681303
Chunk bitrate: 38 2000000
Buffer size: 38 156001
Chunk bitrate: 38 2000000
Buffer size: 39 156001
Download Time: 1596062
[00007f8e70003378] core mux error: cannot add this stream
[00007f8e700bc908] core decoder error: cannot create packetizer output (h264)
Chunk bitrate: 39 1000000
Buffer size: 39 160001
Chunk bitrate: 39 1000000
Buffer size: 40 160001
Download Time: 848688
[00007f8e70003378] core mux error: cannot add this stream
[00007f8e70116688] core decoder error: cannot create packetizer output (h264)
Chunk bitrate: 40 600000
Buffer size: 40 164001
Chunk bitrate: 40 600000
Buffer size: 41 164001
Download Time: 813075
[00007f8e70003378] core mux error: cannot add this stream
[00007f8e7010e238] core decoder error: cannot create packetizer output (h264)
Chunk bitrate: 41 349952
Buffer size: 41 168001
Chunk bitrate: 41 349952
Buffer size: 42 168001
Download Time: 484591
[00007f8e70003378] core mux error: cannot add this stream
[00007f8e700dccd8] core decoder error: cannot create packetizer output (h264)
Chunk bitrate: 42 600000
Buffer size: 42 172001
Chunk bitrate: 42 600000
Buffer size: 43 172001
Download Time: 550659
[00007f8e70003378] core mux error: cannot add this stream
[00007f8e700fd868] core decoder error: cannot create packetizer output (h264)
Chunk bitrate: 43 1000000
Buffer size: 43 176001
Chunk bitrate: 43 1000000
Buffer size: 44 176001
Download Time: 981081
[00007f8e70003378] core mux error: cannot add this stream
[00007f8e7012f008] core decoder error: cannot create packetizer output (h264)
Chunk bitrate: 44 600000
Buffer size: 44 180001
Chunk bitrate: 44 600000
Buffer size: 45 180001
Download Time: 613531
[00007f8e70003378] core mux error: cannot add this stream
[00007f8e70106838] core decoder error: cannot create packetizer output (h264)
Chunk bitrate: 45 349952
Buffer size: 45 184001
Chunk bitrate: 45 349952
Buffer size: 46 184001
Download Time: 354134
[00007f8e70003378] core mux error: cannot add this stream
[00007f8e700e2c48] core decoder error: cannot create packetizer output (h264)
Chunk bitrate: 46 1000000
Buffer size: 46 188001
Chunk bitrate: 46 1000000
Buffer size: 47 188001
Download Time: 978706
[00007f8e70003378] core mux error: cannot add this stream
[00007f8e700e26b8] core decoder error: cannot create packetizer output (h264)
Chunk bitrate: 47 600000
Buffer size: 47 192001
Chunk bitrate: 47 600000
Buffer size: 48 192001
Download Time: 1301973
[00007f8e70003378] core mux error: cannot add this stream
[00007f8e700ced88] core decoder error: cannot create packetizer output (h264)
Chunk bitrate: 48 1000000
Buffer size: 48 196001
Chunk bitrate: 48 1000000
Buffer size: 49 196001
Download Time: 1273933
[00007f8e70003378] core mux error: cannot add this stream
[00007f8e701544a8] core decoder error: cannot create packetizer output (h264)
Chunk bitrate: 49 1000000
Buffer size: 50 200001
Download Time: 1203532
Chunk bitrate: 50 600000
Buffer size: 50 204001
Chunk bitrate: 50 600000
Buffer size: 51 204001
Download Time: 2051334
[00007f8e70003378] core mux error: cannot add this stream
[00007f8e700f2db8] core decoder error: cannot create packetizer output (h264)
Chunk bitrate: 51 600000
Buffer size: 52 208001
Download Time: 647446
Chunk bitrate: 52 600000
Buffer size: 53 212001
Download Time: 555269
Chunk bitrate: 53 1000000
Buffer size: 53 216001
Chunk bitrate: 53 1000000
Buffer size: 54 216001
Download Time: 1400340
[00007f8e70003378] core mux error: cannot add this stream
[00007f8e701696d8] core decoder error: cannot create packetizer output (h264)
Chunk bitrate: 54 1000000
Buffer size: 55 220001
Download Time: 1240477
Chunk bitrate: 55 600000
Buffer size: 55 224001
Chunk bitrate: 55 600000
Buffer size: 56 224001
Download Time: 645737
[00007f8e70003378] core mux error: cannot add this stream
[00007f8e7012bce8] core decoder error: cannot create packetizer output (h264)
Chunk bitrate: 56 1000000
Buffer size: 56 228001
Chunk bitrate: 56 1000000
Buffer size: 57 228001
Download Time: 780492
[00007f8e70003378] core mux error: cannot add this stream
[00007f8e70138468] core decoder error: cannot create packetizer output (h264)
Chunk bitrate: 57 1000000
Buffer size: 58 232001
Download Time: 549569
Chunk bitrate: 58 1000000
Buffer size: 59 236001
Download Time: 3007091
Chunk bitrate: 59 600000
Buffer size: 59 240001
Chunk bitrate: 59 600000
Buffer size: 60 240001
Download Time: 518098
[00007f8e70003378] core mux error: cannot add this stream
[00007f8e70133678] core decoder error: cannot create packetizer output (h264)
Chunk bitrate: 60 1000000
Buffer size: 60 244001
Chunk bitrate: 60 1000000
Buffer size: 61 244001
Download Time: 1172156
[00007f8e70003378] core mux error: cannot add this stream
[00007f8e70163798] core decoder error: cannot create packetizer output (h264)
Chunk bitrate: 61 1000000
Buffer size: 62 248001
Download Time: 1041462
Chunk bitrate: 62 600000
Buffer size: 62 252001
Chunk bitrate: 62 600000
Buffer size: 63 252001
Download Time: 227013
[00007f8e70003378] core mux error: cannot add this stream
[00007f8e700c8e68] core decoder error: cannot create packetizer output (h264)
Chunk bitrate: 63 349952
Buffer size: 63 256001
Chunk bitrate: 63 349952
Buffer size: 64 256001
Download Time: 259605
[00007f8e70003378] core mux error: cannot add this stream
[00007f8e700e3ee8] core decoder error: cannot create packetizer output (h264)
Chunk bitrate: 64 600000
Buffer size: 64 260001
Chunk bitrate: 64 600000
Buffer size: 65 260001
[00007f8e70003378] ps mux: Close
[00007f8e6c001518] idummy demux: command `quit'
[0000000001c0d1e8] [cli] lua interface error: Error loading script /home/cs244/vlc/share/lua/intf/cli.luac: lua/intf/modules/host.lua:286: Interrupted.
