[0000000000b2b1e8] core interface error: no suitable interface module
[0000000000a62338] core libvlc error: interface "globalhotkeys,none" initialization failed
[0000000000b2b1e8] dbus interface error: Failed to connect to the D-Bus session daemon: Unable to autolaunch a dbus-daemon without a $DISPLAY for X11
[0000000000b2b1e8] core interface error: no suitable interface module
[0000000000a62338] core libvlc error: interface "dbus,none" initialization failed
[0000000000a62338] core libvlc: Running vlc with the default interface. Use 'cvlc' to use vlc without interface.
[0000000000b2b1e8] qt interface error: Could not connect to X server
[0000000000b2b1e8] skins2 interface error: cannot initialize OSFactory
[0000000000b2b1e8] [cli] lua interface: Listening on host "*console".
VLC media player 3.0.0-git Vetinari
Command Line Interface initialized. Type `help' for help.
> [00007f34cc003378] ps mux: Open
making a DASHManager
new ratebased adaptionlogic
Chunk bitrate: 0 349952
Buffer size: 0 0
Chunk bitrate: 0 349952
Buffer size: 0 0
[00007f34cc0275e8] mp4 demux: Fragment sequence discontinuity detected 0 != 2
Download Time: 2640826
[00007f34cc026d78] mp4 demux: Fragment sequence discontinuity detected 0 != 2
Startup Time: 1050000
Chunk bitrate: 0 349952
Buffer size: 1 4001
Download Time: 2948750
Chunk bitrate: 1 349952
Buffer size: 2 8001
Download Time: 1630249
Chunk bitrate: 2 349952
Buffer size: 3 12001
Download Time: 2804166
Chunk bitrate: 3 349952
Buffer size: 4 16001
Download Time: 2153958
Chunk bitrate: 4 349952
Buffer size: 5 20001
Download Time: 2879534
Chunk bitrate: 5 349952
Buffer size: 6 24001
Download Time: 1958093
Chunk bitrate: 6 349952
Buffer size: 7 28001
Download Time: 1996701
Chunk bitrate: 7 349952
Buffer size: 8 32001
Download Time: 2561582
Chunk bitrate: 8 349952
Buffer size: 9 36001
Download Time: 2528799
Chunk bitrate: 9 349952
Buffer size: 10 40001
Download Time: 2321373
Chunk bitrate: 10 349952
Buffer size: 11 44001
Download Time: 2085244
Chunk bitrate: 11 349952
Buffer size: 12 48001
Download Time: 2602832
Chunk bitrate: 12 349952
Buffer size: 13 52001
Download Time: 3021657
Chunk bitrate: 13 349952
Buffer size: 14 56001
Download Time: 2527233
Chunk bitrate: 14 349952
Buffer size: 15 60001
Download Time: 1996394
Chunk bitrate: 15 349952
Buffer size: 16 64001
Download Time: 2450007
Chunk bitrate: 16 349952
Buffer size: 17 68001
Download Time: 2119394
Chunk bitrate: 17 349952
Buffer size: 18 72001
Download Time: 2524151
Chunk bitrate: 18 349952
Buffer size: 19 76001
Download Time: 1749721
Chunk bitrate: 19 349952
Buffer size: 20 80001
Download Time: 2555580
Chunk bitrate: 20 349952
Buffer size: 21 84001
Download Time: 1583251
Chunk bitrate: 21 349952
Buffer size: 22 88001
Download Time: 1865214
Chunk bitrate: 22 349952
Buffer size: 23 92001
Download Time: 2322757
Chunk bitrate: 23 349952
Buffer size: 24 96001
Download Time: 2567814
Chunk bitrate: 24 349952
Buffer size: 25 100001
Download Time: 2251814
Chunk bitrate: 25 349952
Buffer size: 26 104001
Download Time: 2322248
Chunk bitrate: 26 349952
Buffer size: 27 108001
Download Time: 1497818
Chunk bitrate: 27 349952
Buffer size: 28 112001
Download Time: 2403411
Chunk bitrate: 28 349952
Buffer size: 29 116001
Download Time: 2598364
Chunk bitrate: 29 349952
Buffer size: 30 120001
Download Time: 2196941
Chunk bitrate: 30 349952
Buffer size: 31 124001
Download Time: 2074069
Chunk bitrate: 31 349952
Buffer size: 32 128001
Download Time: 2359976
Chunk bitrate: 32 349952
Buffer size: 33 132001
Download Time: 2024841
Chunk bitrate: 33 349952
Buffer size: 34 136001
Download Time: 3137214
Chunk bitrate: 34 349952
Buffer size: 35 140001
Download Time: 2328388
Chunk bitrate: 35 349952
Buffer size: 36 144001
Download Time: 2202941
Chunk bitrate: 36 349952
Buffer size: 37 148001
Download Time: 2404293
Chunk bitrate: 37 349952
Buffer size: 38 152001
Download Time: 2316896
Chunk bitrate: 38 349952
Buffer size: 39 156001
Download Time: 2431577
Chunk bitrate: 39 349952
Buffer size: 40 160001
Download Time: 1870288
Chunk bitrate: 40 349952
Buffer size: 41 164001
Download Time: 2995880
Chunk bitrate: 41 349952
Buffer size: 42 168001
Download Time: 2201198
Chunk bitrate: 42 349952
Buffer size: 43 172001
Download Time: 2321405
Chunk bitrate: 43 349952
Buffer size: 44 176001
Download Time: 2481420
Chunk bitrate: 44 349952
Buffer size: 45 180001
Download Time: 2237599
Chunk bitrate: 45 349952
Buffer size: 46 184001
Download Time: 2357963
Chunk bitrate: 46 349952
Buffer size: 47 188001
Download Time: 2237105
Chunk bitrate: 47 349952
Buffer size: 48 192001
Download Time: 1995214
Chunk bitrate: 48 349952
Buffer size: 49 196001
Download Time: 2321950
Chunk bitrate: 49 349952
Buffer size: 50 200001
Download Time: 2357793
Chunk bitrate: 50 349952
Buffer size: 51 204001
Download Time: 2075967
Chunk bitrate: 51 349952
Buffer size: 52 208001
Download Time: 2244327
Chunk bitrate: 52 349952
Buffer size: 53 212001
Download Time: 2202020
Chunk bitrate: 53 349952
Buffer size: 54 216001
Download Time: 1881550
Chunk bitrate: 54 349952
Buffer size: 55 220001
Download Time: 2525849
Chunk bitrate: 55 349952
Buffer size: 56 224001
Download Time: 2325105
Chunk bitrate: 56 349952
Buffer size: 57 228001
Download Time: 1882507
Chunk bitrate: 57 349952
Buffer size: 58 232001
Download Time: 896579
Chunk bitrate: 58 349952
Buffer size: 59 236001
Download Time: 2979295
Chunk bitrate: 59 349952
Buffer size: 60 240001
Download Time: 2257322
Chunk bitrate: 60 349952
Buffer size: 61 244001
Download Time: 550245
Download Time: 2326947
Chunk bitrate: 61 349952
Buffer size: 62 248001
Download Time: 896233
Chunk bitrate: 62 349952
Buffer size: 63 252001
Download Time: 1222027
Chunk bitrate: 63 349952
Buffer size: 64 256001
Download Time: 1056566
Chunk bitrate: 64 349952
Buffer size: 65 260001
[00007f34cc003378] ps mux: Close
[00007f34d00010a8] idummy demux: command `quit'
[0000000000b2b1e8] [cli] lua interface error: Error loading script /home/cs244/vlc/share/lua/intf/cli.luac: lua/intf/modules/host.lua:286: Interrupted.
