[0000000001db61a8] core interface error: no suitable interface module
[0000000001ced338] core libvlc error: interface "globalhotkeys,none" initialization failed
[0000000001db61a8] dbus interface error: Failed to connect to the D-Bus session daemon: Unable to autolaunch a dbus-daemon without a $DISPLAY for X11
[0000000001db61a8] core interface error: no suitable interface module
[0000000001ced338] core libvlc error: interface "dbus,none" initialization failed
[0000000001ced338] core libvlc: Running vlc with the default interface. Use 'cvlc' to use vlc without interface.
[0000000001db61a8] qt interface error: Could not connect to X server
[0000000001db61a8] skins2 interface error: cannot initialize OSFactory
[0000000001db61a8] [cli] lua interface: Listening on host "*console".
VLC media player 3.0.0-git Vetinari
Command Line Interface initialized. Type `help' for help.
> [00007fe9f4003378] ps mux: Open
making a DASHManager
new ratebased adaptionlogic
Chunk bitrate: 0 349952
Buffer size: 0 0
Download Time: 362992
Chunk bitrate: 0 349952
Buffer size: 0 0
[00007fe9f4024ce8] mp4 demux: Fragment sequence discontinuity detected 0 != 2
Download Time: 1545344
[00007fe9f4027668] mp4 demux: Fragment sequence discontinuity detected 0 != 2
Startup Time: 1050000
Chunk bitrate: 0 349952
Buffer size: 1 4001
Download Time: 1622687
Chunk bitrate: 1 349952
Buffer size: 2 8001
Download Time: 976277
Chunk bitrate: 2 349952
Buffer size: 3 12001
Download Time: 1624174
Chunk bitrate: 3 349952
Buffer size: 4 16001
Download Time: 1412959
Chunk bitrate: 4 349952
Buffer size: 5 20001
Download Time: 1779545
Chunk bitrate: 5 349952
Buffer size: 6 24001
Download Time: 1128365
Chunk bitrate: 6 349952
Buffer size: 7 28001
Download Time: 1217279
Chunk bitrate: 7 349952
Buffer size: 8 32001
Download Time: 1377456
Chunk bitrate: 8 349952
Buffer size: 9 36001
Download Time: 1462730
Chunk bitrate: 9 349952
Buffer size: 10 40001
Download Time: 1336435
Chunk bitrate: 10 349952
Buffer size: 11 44001
Download Time: 1331132
Chunk bitrate: 11 349952
Buffer size: 12 48001
Download Time: 1464451
Chunk bitrate: 12 349952
Buffer size: 13 52001
Download Time: 1585831
Chunk bitrate: 13 349952
Buffer size: 14 56001
Download Time: 1381945
Chunk bitrate: 14 349952
Buffer size: 15 60001
Download Time: 1219158
Chunk bitrate: 15 349952
Buffer size: 16 64001
Download Time: 1257316
Chunk bitrate: 16 349952
Buffer size: 17 68001
Download Time: 1328271
Chunk bitrate: 17 349952
Buffer size: 18 72001
Download Time: 1208682
Chunk bitrate: 18 349952
Buffer size: 19 76001
Download Time: 1054624
Chunk bitrate: 19 349952
Buffer size: 20 80001
Download Time: 1744621
Chunk bitrate: 20 349952
Buffer size: 21 84001
Download Time: 973411
Chunk bitrate: 21 349952
Buffer size: 22 88001
Download Time: 1096889
Chunk bitrate: 22 349952
Buffer size: 23 92001
Download Time: 1423246
Chunk bitrate: 23 349952
Buffer size: 24 96001
Download Time: 1539428
Chunk bitrate: 24 349952
Buffer size: 25 100001
Download Time: 1342643
Chunk bitrate: 25 349952
Buffer size: 26 104001
Download Time: 2097866
Chunk bitrate: 26 349952
Buffer size: 27 108001
Download Time: 1003721
Chunk bitrate: 27 349952
Buffer size: 28 112001
Download Time: 2375050
Chunk bitrate: 28 349952
Buffer size: 29 116001
Download Time: 1377799
Chunk bitrate: 29 349952
Buffer size: 30 120001
Download Time: 1179661
Chunk bitrate: 30 349952
Buffer size: 31 124001
Download Time: 1297148
Chunk bitrate: 31 349952
Buffer size: 32 128001
Download Time: 1261662
Chunk bitrate: 32 349952
Buffer size: 33 132001
Download Time: 1867086
Chunk bitrate: 33 349952
Buffer size: 34 136001
Download Time: 1454203
Chunk bitrate: 34 349952
Buffer size: 35 140001
Download Time: 1426053
Chunk bitrate: 35 349952
Buffer size: 36 144001
Download Time: 1305729
Chunk bitrate: 36 349952
Buffer size: 37 148001
Download Time: 1382021
Chunk bitrate: 37 349952
Buffer size: 38 152001
Download Time: 1581066
Chunk bitrate: 38 349952
Buffer size: 39 156001
Download Time: 1308397
Chunk bitrate: 39 349952
Buffer size: 40 160001
Download Time: 1133478
Chunk bitrate: 40 349952
Buffer size: 41 164001
Download Time: 1551061
Chunk bitrate: 41 349952
Buffer size: 42 168001
Download Time: 1306684
Chunk bitrate: 42 349952
Buffer size: 43 172001
Download Time: 1777186
Chunk bitrate: 43 349952
Buffer size: 44 176001
Download Time: 1223080
Chunk bitrate: 44 349952
Buffer size: 45 180001
Download Time: 1703608
Chunk bitrate: 45 349952
Buffer size: 46 184001
Download Time: 1463152
Chunk bitrate: 46 349952
Buffer size: 47 188001
Download Time: 1254890
Chunk bitrate: 47 349952
Buffer size: 48 192001
Download Time: 1257716
Download Time: 574621
Chunk bitrate: 48 349952
Buffer size: 49 196001
Download Time: 1466438
Chunk bitrate: 49 349952
Buffer size: 50 200001
Download Time: 1467535
Chunk bitrate: 50 349952
Buffer size: 51 204001
Download Time: 1290908
Chunk bitrate: 51 349952
Buffer size: 52 208001
Download Time: 1628596
Chunk bitrate: 52 349952
Buffer size: 53 212001
Download Time: 1339213
Chunk bitrate: 53 349952
Buffer size: 54 216001
Download Time: 1689065
Chunk bitrate: 54 349952
Buffer size: 55 220001
Download Time: 1541897
Chunk bitrate: 55 349952
Buffer size: 56 224001
Download Time: 1423505
Chunk bitrate: 56 600000
Buffer size: 56 228001
Chunk bitrate: 56 600000
Buffer size: 57 228001
Download Time: 1912123
Chunk bitrate: 57 349952
Buffer size: 57 232001
Chunk bitrate: 57 349952
Buffer size: 58 232001
Download Time: 852153
Chunk bitrate: 58 349952
Buffer size: 59 236001
Download Time: 1870694
Chunk bitrate: 59 349952
Buffer size: 60 240001
Download Time: 1572002
Chunk bitrate: 60 349952
Buffer size: 61 244001
Download Time: 1429803
Chunk bitrate: 61 349952
Buffer size: 62 248001
Download Time: 569253
Chunk bitrate: 62 349952
Buffer size: 63 252001
Download Time: 444534
Chunk bitrate: 63 349952
Buffer size: 64 256001
Download Time: 734122
Chunk bitrate: 64 349952
Buffer size: 65 260001
[00007fe9f4003378] ps mux: Close
[00007fe9f40b90f8] idummy demux: command `quit'
[0000000001db61a8] [cli] lua interface error: Error loading script /home/cs244/vlc/share/lua/intf/cli.luac: lua/intf/modules/host.lua:286: Interrupted.
