[00000000026871e8] core interface error: no suitable interface module
[00000000025be338] core libvlc error: interface "globalhotkeys,none" initialization failed
[00000000026871e8] dbus interface error: Failed to connect to the D-Bus session daemon: Unable to autolaunch a dbus-daemon without a $DISPLAY for X11
[00000000026871e8] core interface error: no suitable interface module
[00000000025be338] core libvlc error: interface "dbus,none" initialization failed
[00000000025be338] core libvlc: Running vlc with the default interface. Use 'cvlc' to use vlc without interface.
[00000000026871e8] qt interface error: Could not connect to X server
[00000000026871e8] skins2 interface error: cannot initialize OSFactory
[00007f0480003378] ps mux: Open
[00000000026871e8] [cli] lua interface: Listening on host "*console".
VLC media player 3.0.0-git Vetinari
Command Line Interface initialized. Type `help' for help.
> making a DASHManager
new ratebased adaptionlogic
Chunk bitrate: 0 349952
Buffer size: 0 0
Chunk bitrate: 0 349952
Buffer size: 0 0
[00007f0480025508] mp4 demux: Fragment sequence discontinuity detected 0 != 2
Download Time: 682514
[00007f04800253b8] mp4 demux: Fragment sequence discontinuity detected 0 != 2
Startup Time: 1050000
Chunk bitrate: 0 349952
Buffer size: 1 4001
Download Time: 882775
Chunk bitrate: 1 600000
Buffer size: 1 8001
Chunk bitrate: 1 600000
Buffer size: 2 8001
Download Time: 892778
Chunk bitrate: 2 349952
Buffer size: 2 12001
Chunk bitrate: 2 349952
Buffer size: 3 12001
Download Time: 485661
Chunk bitrate: 3 1000000
Buffer size: 3 16001
Chunk bitrate: 3 1000000
Buffer size: 4 16001
Download Time: 2360026
Chunk bitrate: 4 349952
Buffer size: 4 20001
Chunk bitrate: 4 349952
Buffer size: 5 20001
Download Time: 688139
Chunk bitrate: 5 600000
Buffer size: 5 24001
Chunk bitrate: 5 600000
Buffer size: 6 24001
Download Time: 729609
Chunk bitrate: 6 600000
Buffer size: 7 28001
Download Time: 815792
Chunk bitrate: 7 349952
Buffer size: 7 32001
Chunk bitrate: 7 349952
Buffer size: 8 32001
Download Time: 973890
Chunk bitrate: 8 349952
Buffer size: 9 36001
Download Time: 693137
Chunk bitrate: 9 600000
Buffer size: 9 40001
Chunk bitrate: 9 600000
Buffer size: 10 40001
Download Time: 980841
Chunk bitrate: 10 349952
Buffer size: 10 44001
Chunk bitrate: 10 349952
Buffer size: 11 44001
Download Time: 448611
Chunk bitrate: 11 349952
Buffer size: 12 48001
Download Time: 769851
Chunk bitrate: 12 349952
Buffer size: 13 52001
Download Time: 693367
Chunk bitrate: 13 349952
Buffer size: 14 56001
Download Time: 651565
Chunk bitrate: 14 600000
Buffer size: 14 60001
Chunk bitrate: 14 600000
Buffer size: 15 60001
Download Time: 1058642
Chunk bitrate: 15 349952
Buffer size: 15 64001
Chunk bitrate: 15 349952
Buffer size: 16 64001
Download Time: 931517
Chunk bitrate: 16 349952
Buffer size: 17 68001
Download Time: 889641
Chunk bitrate: 17 600000
Buffer size: 17 72001
Chunk bitrate: 17 600000
Buffer size: 18 72001
Download Time: 1918653
Chunk bitrate: 18 349952
Buffer size: 18 76001
Chunk bitrate: 18 349952
Buffer size: 19 76001
Download Time: 324217
Chunk bitrate: 19 349952
Buffer size: 20 80001
Download Time: 855086
Chunk bitrate: 20 349952
Buffer size: 21 84001
Download Time: 283764
Chunk bitrate: 21 349952
Buffer size: 22 88001
Download Time: 1136625
Chunk bitrate: 22 600000
Buffer size: 22 92001
Chunk bitrate: 22 600000
Buffer size: 23 92001
Download Time: 2611703
Chunk bitrate: 23 600000
Buffer size: 24 96001
Download Time: 1175726
Chunk bitrate: 24 600000
Buffer size: 25 100001
Download Time: 922098
Chunk bitrate: 25 600000
Buffer size: 26 104001
Download Time: 932716
Chunk bitrate: 26 349952
Buffer size: 26 108001
Chunk bitrate: 26 349952
Buffer size: 27 108001
Download Time: 683676
Chunk bitrate: 27 600000
Buffer size: 27 112001
Chunk bitrate: 27 600000
Buffer size: 28 112001
Download Time: 1210128
Chunk bitrate: 28 349952
Buffer size: 28 116001
Chunk bitrate: 28 349952
Buffer size: 29 116001
Download Time: 770633
[00007f0480003378] core mux error: cannot add this stream
[00007f04800a6a58] core decoder error: cannot create packetizer output (h264)
Chunk bitrate: 29 600000
Buffer size: 29 120001
Chunk bitrate: 29 600000
Buffer size: 30 120001
Download Time: 649379
[00007f0480003378] core mux error: cannot add this stream
[00007f04800ba7b8] core decoder error: cannot create packetizer output (h264)
Chunk bitrate: 30 600000
Buffer size: 31 124001
Download Time: 1016436
Chunk bitrate: 31 349952
Buffer size: 31 128001
Chunk bitrate: 31 349952
Buffer size: 32 128001
Download Time: 688330
[00007f0480003378] core mux error: cannot add this stream
[00007f04800c0208] core decoder error: cannot create packetizer output (h264)
Chunk bitrate: 32 349952
Buffer size: 33 132001
Download Time: 765623
Chunk bitrate: 33 349952
Buffer size: 34 136001
Download Time: 485127
Chunk bitrate: 34 349952
Buffer size: 35 140001
Download Time: 774935
Chunk bitrate: 35 600000
Buffer size: 35 144001
Chunk bitrate: 35 600000
Buffer size: 36 144001
Download Time: 688297
[00007f0480003378] core mux error: cannot add this stream
[00007f04800e5b78] core decoder error: cannot create packetizer output (h264)
Chunk bitrate: 36 349952
Buffer size: 36 148001
Chunk bitrate: 36 349952
Buffer size: 37 148001
Download Time: 488745
[00007f0480003378] core mux error: cannot add this stream
[00007f048009e758] core decoder error: cannot create packetizer output (h264)
Chunk bitrate: 37 349952
Buffer size: 38 152001
Download Time: 770060
Chunk bitrate: 38 1000000
Buffer size: 38 156001
Chunk bitrate: 38 1000000
Buffer size: 39 156001
Download Time: 1624132
[00007f0480003378] core mux error: cannot add this stream
[00007f0480121548] core decoder error: cannot create packetizer output (h264)
Chunk bitrate: 39 600000
Buffer size: 39 160001
Chunk bitrate: 39 600000
Buffer size: 40 160001
Download Time: 731676
Download Time: 370402
[00007f0480003378] core mux error: cannot add this stream
[00007f04800ebe78] core decoder error: cannot create packetizer output (h264)
Chunk bitrate: 40 349952
Buffer size: 40 164001
Chunk bitrate: 40 349952
Buffer size: 41 164001
Download Time: 693207
[00007f0480003378] core mux error: cannot add this stream
[00007f04800e5ee8] core decoder error: cannot create packetizer output (h264)
Chunk bitrate: 41 1000000
Buffer size: 41 168001
Chunk bitrate: 41 1000000
Buffer size: 42 168001
Download Time: 1057304
[00007f0480003378] core mux error: cannot add this stream
[00007f0480131288] core decoder error: cannot create packetizer output (h264)
Chunk bitrate: 42 600000
Buffer size: 42 172001
Chunk bitrate: 42 600000
Buffer size: 43 172001
Download Time: 1138394
[00007f0480003378] core mux error: cannot add this stream
[00007f0480105c88] core decoder error: cannot create packetizer output (h264)
Chunk bitrate: 43 600000
Buffer size: 44 176001
Download Time: 1055306
Chunk bitrate: 44 600000
Buffer size: 45 180001
Download Time: 1098016
Chunk bitrate: 45 600000
Buffer size: 46 184001
Download Time: 1138276
Chunk bitrate: 46 600000
Buffer size: 47 188001
Download Time: 652052
Chunk bitrate: 47 349952
Buffer size: 47 192001
Chunk bitrate: 47 349952
Buffer size: 48 192001
Download Time: 572221
[00007f0480003378] core mux error: cannot add this stream
[00007f048002ae88] core decoder error: cannot create packetizer output (h264)
Chunk bitrate: 48 600000
Buffer size: 48 196001
Chunk bitrate: 48 600000
Buffer size: 49 196001
Download Time: 1096607
[00007f0480003378] core mux error: cannot add this stream
[00007f0480114bd8] core decoder error: cannot create packetizer output (h264)
Chunk bitrate: 49 600000
Buffer size: 50 200001
Download Time: 1100600
Chunk bitrate: 50 600000
Buffer size: 51 204001
Download Time: 1546191
Chunk bitrate: 51 349952
Buffer size: 51 208001
Chunk bitrate: 51 349952
Buffer size: 52 208001
Download Time: 565721
[00007f0480003378] core mux error: cannot add this stream
[00007f04800bef38] core decoder error: cannot create packetizer output (h264)
Chunk bitrate: 52 600000
Buffer size: 52 212001
Chunk bitrate: 52 600000
Buffer size: 53 212001
Download Time: 1022458
[00007f0480003378] core mux error: cannot add this stream
[00007f0480115208] core decoder error: cannot create packetizer output (h264)
Chunk bitrate: 53 1000000
Buffer size: 53 216001
Chunk bitrate: 53 1000000
Buffer size: 54 216001
Download Time: 1473899
[00007f0480003378] core mux error: cannot add this stream
[00007f0480160518] core decoder error: cannot create packetizer output (h264)
Chunk bitrate: 54 349952
Buffer size: 54 220001
Chunk bitrate: 54 349952
Buffer size: 55 220001
Download Time: 692869
[00007f0480003378] core mux error: cannot add this stream
[00007f04800ffa98] core decoder error: cannot create packetizer output (h264)
Chunk bitrate: 55 349952
Buffer size: 56 224001
Download Time: 564858
Chunk bitrate: 56 600000
Buffer size: 56 228001
Download Time: 234527
Chunk bitrate: 56 600000
Buffer size: 57 228001
Download Time: 987829
[00007f0480003378] core mux error: cannot add this stream
[00007f04800f4c18] core decoder error: cannot create packetizer output (h264)
Chunk bitrate: 57 600000
Buffer size: 58 232001
Download Time: 443374
Chunk bitrate: 58 349952
Buffer size: 58 236001
Chunk bitrate: 58 349952
Buffer size: 59 236001
Download Time: 854769
[00007f0480003378] core mux error: cannot add this stream
[00007f048008d138] core decoder error: cannot create packetizer output (h264)
Chunk bitrate: 59 600000
Buffer size: 59 240001
Chunk bitrate: 59 600000
Buffer size: 60 240001
Download Time: 1016287
[00007f0480003378] core mux error: cannot add this stream
[00007f048012e598] core decoder error: cannot create packetizer output (h264)
Chunk bitrate: 60 349952
Buffer size: 60 244001
Chunk bitrate: 60 349952
Buffer size: 61 244001
Download Time: 1062763
[00007f0480003378] core mux error: cannot add this stream
[00007f048010bb98] core decoder error: cannot create packetizer output (h264)
Chunk bitrate: 61 349952
Buffer size: 62 248001
Download Time: 451225
Chunk bitrate: 62 349952
Buffer size: 63 252001
Download Time: 406542
Chunk bitrate: 63 349952
Buffer size: 64 256001
Download Time: 407570
Chunk bitrate: 64 349952
Buffer size: 65 260001
[00007f0480003378] ps mux: Close
[00007f047c0016e8] idummy demux: command `quit'
[00000000026871e8] [cli] lua interface error: Error loading script /home/cs244/vlc/share/lua/intf/cli.luac: lua/intf/modules/host.lua:286: Interrupted.
