[0000000000a9f548] core interface error: no suitable interface module
[00000000009d8338] core libvlc error: interface "globalhotkeys,none" initialization failed
[0000000000a9f548] dbus interface error: Failed to connect to the D-Bus session daemon: Unable to autolaunch a dbus-daemon without a $DISPLAY for X11
[0000000000a9f548] core interface error: no suitable interface module
[00000000009d8338] core libvlc error: interface "dbus,none" initialization failed
[00000000009d8338] core libvlc: Running vlc with the default interface. Use 'cvlc' to use vlc without interface.
[0000000000a9f548] qt interface error: Could not connect to X server
[0000000000a9f548] skins2 interface error: cannot initialize OSFactory
[0000000000a9f548] [cli] lua interface: Listening on host "*console".
VLC media player 3.0.0-git Vetinari
Command Line Interface initialized. Type `help' for help.
> [00007f71a4003378] ps mux: Open
making a DASHManager
new ratebased adaptionlogic
Chunk bitrate: 0 349952
Buffer size: 0 0
Chunk bitrate: 0 349952
Buffer size: 0 0
[00007f71a4023898] mp4 demux: Fragment sequence discontinuity detected 0 != 2
Download Time: 294185
[00007f71a401a968] mp4 demux: Fragment sequence discontinuity detected 0 != 2
Startup Time: 1050000
Chunk bitrate: 0 3000000
Buffer size: 0 4001
Chunk bitrate: 0 3000000
Buffer size: 1 4001
Download Time: 2270324
Chunk bitrate: 1 3000000
Buffer size: 2 8001
Download Time: 1902488
Chunk bitrate: 2 3000000
Buffer size: 3 12001
Download Time: 2334938
Chunk bitrate: 3 3000000
Buffer size: 4 16001
Download Time: 1943504
Chunk bitrate: 4 3000000
Buffer size: 5 20001
Download Time: 2483835
Chunk bitrate: 5 3000000
Buffer size: 6 24001
Download Time: 1684225
Chunk bitrate: 6 3000000
Buffer size: 7 28001
Download Time: 1654232
Chunk bitrate: 7 3000000
Buffer size: 8 32001
Download Time: 2615390
Chunk bitrate: 8 3000000
Buffer size: 9 36001
Download Time: 1916856
Chunk bitrate: 9 3000000
Buffer size: 10 40001
Download Time: 2207263
Chunk bitrate: 10 3000000
Buffer size: 11 44001
Download Time: 1919814
Chunk bitrate: 11 3000000
Buffer size: 12 48001
Download Time: 2662598
Chunk bitrate: 12 3000000
Buffer size: 13 52001
Download Time: 2227047
Chunk bitrate: 13 3000000
Buffer size: 14 56001
Download Time: 1879878
Chunk bitrate: 14 3000000
Buffer size: 15 60001
Download Time: 1773810
Chunk bitrate: 15 3000000
Buffer size: 16 64001
Download Time: 2191433
Chunk bitrate: 16 3000000
Buffer size: 17 68001
Download Time: 1822913
Chunk bitrate: 17 3000000
Buffer size: 18 72001
Download Time: 2276679
Chunk bitrate: 18 3000000
Buffer size: 19 76001
Download Time: 1290437
Chunk bitrate: 19 3000000
Buffer size: 20 80001
Download Time: 1962708
Chunk bitrate: 20 3000000
Buffer size: 21 84001
Download Time: 1203228
Chunk bitrate: 21 3000000
Buffer size: 22 88001
Download Time: 1783596
Chunk bitrate: 22 3000000
Buffer size: 23 92001
Download Time: 2343573
Chunk bitrate: 23 3000000
Buffer size: 24 96001
Download Time: 2085713
Chunk bitrate: 24 3000000
Buffer size: 25 100001
Download Time: 2062218
Chunk bitrate: 25 3000000
Buffer size: 26 104001
Download Time: 1948390
Chunk bitrate: 26 3000000
Buffer size: 27 108001
Download Time: 1238523
Chunk bitrate: 27 3000000
Buffer size: 28 112001
Download Time: 1943642
Chunk bitrate: 28 3000000
Buffer size: 29 116001
Download Time: 2414939
Chunk bitrate: 29 3000000
Buffer size: 30 120001
Download Time: 1505495
Chunk bitrate: 30 3000000
Buffer size: 31 124001
Download Time: 1527945
Chunk bitrate: 31 3000000
Buffer size: 32 128001
Download Time: 2480901
Chunk bitrate: 32 3000000
Buffer size: 33 132001
Download Time: 2320775
Chunk bitrate: 33 3000000
Buffer size: 34 136001
Download Time: 2268052
Chunk bitrate: 34 3000000
Buffer size: 35 140001
Download Time: 2070203
Chunk bitrate: 35 1000000
Buffer size: 35 144001
Chunk bitrate: 35 1000000
Buffer size: 36 144001
Download Time: 629360
Chunk bitrate: 36 2000000
Buffer size: 36 148001
Chunk bitrate: 36 2000000
Buffer size: 37 148001
Download Time: 1843798
Chunk bitrate: 37 1000000
Buffer size: 37 152001
Chunk bitrate: 37 1000000
Buffer size: 38 152001
Download Time: 884767
Chunk bitrate: 38 3000000
Buffer size: 38 156001
Chunk bitrate: 38 3000000
Buffer size: 39 156001
Download Time: 2072041
Chunk bitrate: 39 1000000
Buffer size: 39 160001
Chunk bitrate: 39 1000000
Buffer size: 40 160001
Download Time: 722383
Chunk bitrate: 40 1000000
Buffer size: 41 164001
Download Time: 817785
Chunk bitrate: 41 2000000
Buffer size: 41 168001
Chunk bitrate: 41 2000000
Buffer size: 42 168001
Download Time: 1333161
Chunk bitrate: 42 1000000
Buffer size: 42 172001
Chunk bitrate: 42 1000000
Buffer size: 43 172001
Download Time: 818837
Chunk bitrate: 43 1000000
Buffer size: 44 176001
Download Time: 736133
Chunk bitrate: 44 1000000
Buffer size: 45 180001
Download Time: 783780
Chunk bitrate: 45 1000000
Buffer size: 46 184001
Download Time: 803737
Chunk bitrate: 46 1000000
Buffer size: 47 188001
Download Time: 850969
Chunk bitrate: 47 1000000
Buffer size: 48 192001
Download Time: 642484
Chunk bitrate: 48 1000000
Buffer size: 49 196001
Download Time: 813582
Chunk bitrate: 49 2000000
Buffer size: 49 200001
Chunk bitrate: 49 2000000
Buffer size: 50 200001
Download Time: 1490372
Chunk bitrate: 50 2000000
Buffer size: 51 204001
Download Time: 1190672
Chunk bitrate: 51 1000000
Buffer size: 51 208001
Chunk bitrate: 51 1000000
Buffer size: 52 208001
Download Time: 771557
Chunk bitrate: 52 1000000
Buffer size: 53 212001
Download Time: 723741
Chunk bitrate: 53 1000000
Buffer size: 54 216001
Download Time: 1035087
Chunk bitrate: 54 1000000
Buffer size: 55 220001
Download Time: 805921
Chunk bitrate: 55 1000000
Buffer size: 56 224001
Download Time: 962516
Chunk bitrate: 56 1000000
Buffer size: 57 228001
Download Time: 536635
Chunk bitrate: 57 1000000
Buffer size: 58 232001
Download Time: 284659
Download Time: 98519
Chunk bitrate: 58 1000000
Buffer size: 59 236001
Download Time: 873112
Chunk bitrate: 59 1000000
Buffer size: 60 240001
Download Time: 735168
Chunk bitrate: 60 1000000
Buffer size: 61 244001
Download Time: 765817
Chunk bitrate: 61 2000000
Buffer size: 61 248001
Download Time: 93419
Chunk bitrate: 61 2000000
Buffer size: 62 248001
Download Time: 506693
Chunk bitrate: 62 1000000
Buffer size: 62 252001
Chunk bitrate: 62 1000000
Buffer size: 63 252001
Download Time: 246997
Chunk bitrate: 63 1000000
Buffer size: 64 256001
Download Time: 428436
Chunk bitrate: 64 2000000
Buffer size: 64 260001
Chunk bitrate: 64 2000000
Buffer size: 65 260001
[00007f71a4003378] ps mux: Close
[00007f71a4030f88] idummy demux: command `quit'
[0000000000a9f548] [cli] lua interface error: Error loading script /home/cs244/vlc/share/lua/intf/cli.luac: lua/intf/modules/host.lua:286: Interrupted.
