[000000000179b1e8] core interface error: no suitable interface module
[00000000016d2338] core libvlc error: interface "globalhotkeys,none" initialization failed
[000000000179b1e8] dbus interface error: Failed to connect to the D-Bus session daemon: Unable to autolaunch a dbus-daemon without a $DISPLAY for X11
[000000000179b1e8] core interface error: no suitable interface module
[00000000016d2338] core libvlc error: interface "dbus,none" initialization failed
[00000000016d2338] core libvlc: Running vlc with the default interface. Use 'cvlc' to use vlc without interface.
[000000000179b1e8] qt interface error: Could not connect to X server
[000000000179b1e8] skins2 interface error: cannot initialize OSFactory
[00007f5de8003378] ps mux: Open
[000000000179b1e8] [cli] lua interface: Listening on host "*console".
VLC media player 3.0.0-git Vetinari
Command Line Interface initialized. Type `help' for help.
> making a DASHManager
new ratebased adaptionlogic
Chunk bitrate: 0 349952
Buffer size: 0 0
Chunk bitrate: 0 349952
Buffer size: 0 0
[00007f5de80258d8] mp4 demux: Fragment sequence discontinuity detected 0 != 2
Download Time: 293758
[00007f5de8025d58] mp4 demux: Fragment sequence discontinuity detected 0 != 2
Startup Time: 1050000
Chunk bitrate: 0 3000000
Buffer size: 0 4001
Chunk bitrate: 0 3000000
Buffer size: 1 4001
Download Time: 3148501
Chunk bitrate: 1 2000000
Buffer size: 1 8001
Chunk bitrate: 1 2000000
Buffer size: 2 8001
Download Time: 1781851
Chunk bitrate: 2 2000000
Buffer size: 3 12001
Download Time: 1727693
Chunk bitrate: 3 3000000
Buffer size: 3 16001
Chunk bitrate: 3 3000000
Buffer size: 4 16001
Download Time: 2607206
Chunk bitrate: 4 2000000
Buffer size: 4 20001
Chunk bitrate: 4 2000000
Buffer size: 5 20001
Download Time: 2351631
Chunk bitrate: 5 3000000
Buffer size: 5 24001
Chunk bitrate: 5 3000000
Buffer size: 6 24001
Download Time: 2280041
Chunk bitrate: 6 2000000
Buffer size: 6 28001
Chunk bitrate: 6 2000000
Buffer size: 7 28001
Download Time: 1753119
Chunk bitrate: 7 2000000
Buffer size: 8 32001
Download Time: 2202493
Chunk bitrate: 8 3000000
Buffer size: 8 36001
Chunk bitrate: 8 3000000
Buffer size: 9 36001
Download Time: 2365254
Chunk bitrate: 9 2000000
Buffer size: 9 40001
Chunk bitrate: 9 2000000
Buffer size: 10 40001
Download Time: 1902140
Chunk bitrate: 10 3000000
Buffer size: 10 44001
Chunk bitrate: 10 3000000
Buffer size: 11 44001
Download Time: 2252983
Chunk bitrate: 11 3000000
Buffer size: 12 48001
Download Time: 3653969
Chunk bitrate: 12 3000000
Buffer size: 13 52001
Download Time: 3052549
Chunk bitrate: 13 2000000
Buffer size: 13 56001
Chunk bitrate: 13 2000000
Buffer size: 14 56001
Download Time: 2048739
Chunk bitrate: 14 2000000
Buffer size: 15 60001
Download Time: 1650062
Chunk bitrate: 15 3000000
Buffer size: 15 64001
Chunk bitrate: 15 3000000
Buffer size: 16 64001
Download Time: 2489536
Chunk bitrate: 16 2000000
Buffer size: 16 68001
Chunk bitrate: 16 2000000
Buffer size: 17 68001
Download Time: 1219128
Chunk bitrate: 17 3000000
Buffer size: 17 72001
Chunk bitrate: 17 3000000
Buffer size: 18 72001
Download Time: 2550899
Chunk bitrate: 18 2000000
Buffer size: 18 76001
Chunk bitrate: 18 2000000
Buffer size: 19 76001
Download Time: 1281251
Chunk bitrate: 19 3000000
Buffer size: 19 80001
Chunk bitrate: 19 3000000
Buffer size: 20 80001
Download Time: 2574911
Chunk bitrate: 20 2000000
Buffer size: 20 84001
Chunk bitrate: 20 2000000
Buffer size: 21 84001
Download Time: 1310467
[00007f5de8003378] core mux error: cannot add this stream
[00007f5de81b0ef8] core decoder error: cannot create packetizer output (h264)
Chunk bitrate: 21 2000000
Buffer size: 22 88001
Download Time: 1977081
Chunk bitrate: 22 2000000
Buffer size: 23 92001
Download Time: 2492218
Chunk bitrate: 23 2000000
Buffer size: 24 96001
Download Time: 1585308
Chunk bitrate: 24 2000000
Buffer size: 25 100001
Download Time: 1568017
Chunk bitrate: 25 2000000
Buffer size: 26 104001
Download Time: 1928856
Chunk bitrate: 26 2000000
Buffer size: 27 108001
Download Time: 1302738
Chunk bitrate: 27 2000000
Buffer size: 28 112001
Download Time: 2035240
Chunk bitrate: 28 2000000
Buffer size: 29 116001
Download Time: 2398152
Chunk bitrate: 29 3000000
Buffer size: 29 120001
Chunk bitrate: 29 3000000
Buffer size: 30 120001
Download Time: 1839222
[00007f5de8003378] core mux error: cannot add this stream
[00007f5de8174f78] core decoder error: cannot create packetizer output (h264)
Chunk bitrate: 30 3000000
Buffer size: 31 124001
Download Time: 1836097
Chunk bitrate: 31 2000000
Buffer size: 31 128001
Chunk bitrate: 31 2000000
Buffer size: 32 128001
Download Time: 2179447
[00007f5de8003378] core mux error: cannot add this stream
[00007f5de8043c78] core decoder error: cannot create packetizer output (h264)
Chunk bitrate: 32 2000000
Buffer size: 33 132001
Download Time: 1653892
Chunk bitrate: 33 3000000
Buffer size: 33 136001
Chunk bitrate: 33 3000000
Buffer size: 34 136001
Download Time: 3267036
[00007f5de8003378] core mux error: cannot add this stream
[00007f5de80c04a8] core decoder error: cannot create packetizer output (h264)
Chunk bitrate: 34 3000000
Buffer size: 35 140001
Download Time: 2734325
Chunk bitrate: 35 3000000
Buffer size: 36 144001
Download Time: 1666546
Chunk bitrate: 36 3000000
Buffer size: 37 148001
Download Time: 3475166
Chunk bitrate: 37 3000000
Buffer size: 38 152001
Download Time: 3009298
Chunk bitrate: 38 3000000
Buffer size: 39 156001
Download Time: 2688975
Chunk bitrate: 39 3000000
Buffer size: 40 160001
Download Time: 2067571
Chunk bitrate: 40 3000000
Buffer size: 41 164001
Download Time: 2649903
Chunk bitrate: 41 2000000
Buffer size: 41 168001
Chunk bitrate: 41 2000000
Buffer size: 42 168001
Download Time: 1922979
[00007f5de8003378] core mux error: cannot add this stream
[00007f5de81ae7c8] core decoder error: cannot create packetizer output (h264)
Chunk bitrate: 42 2000000
Buffer size: 43 172001
Download Time: 1946383
Chunk bitrate: 43 2000000
Buffer size: 44 176001
Download Time: 1883087
Chunk bitrate: 44 2000000
Buffer size: 45 180001
Download Time: 1350351
Chunk bitrate: 45 3000000
Buffer size: 45 184001
Chunk bitrate: 45 3000000
Buffer size: 46 184001
Download Time: 3060007
[00007f5de8003378] core mux error: cannot add this stream
[00007f5de815a428] core decoder error: cannot create packetizer output (h264)
Chunk bitrate: 46 2000000
Buffer size: 46 188001
Chunk bitrate: 46 2000000
Buffer size: 47 188001
Download Time: 1940707
[00007f5de8003378] core mux error: cannot add this stream
[00007f5de80d3c08] core decoder error: cannot create packetizer output (h264)
Chunk bitrate: 47 2000000
Buffer size: 48 192001
Download Time: 1782032
Chunk bitrate: 48 2000000
Buffer size: 49 196001
Download Time: 2457737
Chunk bitrate: 49 2000000
Buffer size: 50 200001
Download Time: 2037642
Chunk bitrate: 50 2000000
Buffer size: 51 204001
Download Time: 1657521
Chunk bitrate: 51 2000000
Buffer size: 52 208001
Download Time: 2234396
Chunk bitrate: 52 2000000
Buffer size: 53 212001
Download Time: 1959879
Chunk bitrate: 53 2000000
Buffer size: 54 216001
Download Time: 1771799
Chunk bitrate: 54 3000000
Buffer size: 54 220001
Chunk bitrate: 54 3000000
Buffer size: 55 220001
Download Time: 2379111
[00007f5de8003378] core mux error: cannot add this stream
[00007f5de8043aa8] core decoder error: cannot create packetizer output (h264)
Chunk bitrate: 55 3000000
Buffer size: 56 224001
Download Time: 3072579
Chunk bitrate: 56 2000000
Buffer size: 56 228001
Chunk bitrate: 56 2000000
Buffer size: 57 228001
Download Time: 1379530
[00007f5de8003378] core mux error: cannot add this stream
[00007f5de818f908] core decoder error: cannot create packetizer output (h264)
Chunk bitrate: 57 3000000
Buffer size: 57 232001
Chunk bitrate: 57 3000000
Buffer size: 58 232001
Download Time: 652747
[00007f5de8003378] core mux error: cannot add this stream
[00007f5de8037eb8] core decoder error: cannot create packetizer output (h264)
Chunk bitrate: 58 3000000
Buffer size: 59 236001
Download Time: 2729422
Chunk bitrate: 59 3000000
Buffer size: 60 240001
Download Time: 2006035
Chunk bitrate: 60 2000000
Buffer size: 60 244001
Chunk bitrate: 60 2000000
Buffer size: 61 244001
Download Time: 2031576
[00007f5de8003378] core mux error: cannot add this stream
[00007f5de808bf28] core decoder error: cannot create packetizer output (h264)
Chunk bitrate: 61 2000000
Buffer size: 62 248001
Download Time: 661990
Chunk bitrate: 62 2000000
Buffer size: 63 252001
Download Time: 470383
Chunk bitrate: 63 2000000
Buffer size: 64 256001
Download Time: 933466
Chunk bitrate: 64 2000000
Buffer size: 65 260001
[00007f5de8003378] ps mux: Close
[00007f5df00013c8] idummy demux: command `quit'
[000000000179b1e8] [cli] lua interface error: Error loading script /home/cs244/vlc/share/lua/intf/cli.luac: lua/intf/modules/host.lua:286: Interrupted.
