[00000000018af1e8] core interface error: no suitable interface module
[00000000017e6338] core libvlc error: interface "globalhotkeys,none" initialization failed
[00000000018af1e8] dbus interface error: Failed to connect to the D-Bus session daemon: Unable to autolaunch a dbus-daemon without a $DISPLAY for X11
[00000000018af1e8] core interface error: no suitable interface module
[00000000017e6338] core libvlc error: interface "dbus,none" initialization failed
[00000000017e6338] core libvlc: Running vlc with the default interface. Use 'cvlc' to use vlc without interface.
[00000000018af1e8] qt interface error: Could not connect to X server
[00000000018af1e8] skins2 interface error: cannot initialize OSFactory
[00000000018af1e8] [cli] lua interface: Listening on host "*console".
VLC media player 3.0.0-git Vetinari
Command Line Interface initialized. Type `help' for help.
> [00007f5e54003378] ps mux: Open
making a DASHManager
new ratebased adaptionlogic
Chunk bitrate: 0 349952
Buffer size: 0 0
Chunk bitrate: 0 349952
Buffer size: 0 0
[00007f5e54024738] mp4 demux: Fragment sequence discontinuity detected 0 != 2
Download Time: 692158
[00007f5e54024a38] mp4 demux: Fragment sequence discontinuity detected 0 != 2
Startup Time: 1050000
Chunk bitrate: 0 349952
Buffer size: 1 4001
Download Time: 1226103
Chunk bitrate: 1 349952
Buffer size: 2 8001
Download Time: 692295
Chunk bitrate: 2 600000
Buffer size: 2 12001
Chunk bitrate: 2 600000
Buffer size: 3 12001
Download Time: 1309268
Chunk bitrate: 3 349952
Buffer size: 3 16001
Chunk bitrate: 3 349952
Buffer size: 4 16001
Download Time: 450182
Chunk bitrate: 4 1000000
Buffer size: 4 20001
Chunk bitrate: 4 1000000
Buffer size: 5 20001
Download Time: 1577548
Chunk bitrate: 5 600000
Buffer size: 5 24001
Chunk bitrate: 5 600000
Buffer size: 6 24001
Download Time: 688532
Chunk bitrate: 6 600000
Buffer size: 7 28001
Download Time: 855565
Chunk bitrate: 7 600000
Buffer size: 8 32001
Download Time: 1382010
Chunk bitrate: 8 600000
Buffer size: 9 36001
Download Time: 811292
Chunk bitrate: 9 349952
Buffer size: 9 40001
Chunk bitrate: 9 349952
Buffer size: 10 40001
Download Time: 492974
Chunk bitrate: 10 600000
Buffer size: 10 44001
Chunk bitrate: 10 600000
Buffer size: 11 44001
Download Time: 938557
Chunk bitrate: 11 1000000
Buffer size: 11 48001
Chunk bitrate: 11 1000000
Buffer size: 12 48001
Download Time: 1387465
Chunk bitrate: 12 1000000
Buffer size: 13 52001
Download Time: 1306380
Chunk bitrate: 13 1000000
Buffer size: 14 56001
Download Time: 2403609
Chunk bitrate: 14 1000000
Buffer size: 15 60001
Download Time: 613166
Chunk bitrate: 15 1000000
Buffer size: 16 64001
Download Time: 1021122
Chunk bitrate: 16 349952
Buffer size: 16 68001
Chunk bitrate: 16 349952
Buffer size: 17 68001
Download Time: 733162
Chunk bitrate: 17 1000000
Buffer size: 17 72001
Chunk bitrate: 17 1000000
Buffer size: 18 72001
Download Time: 1265226
Chunk bitrate: 18 600000
Buffer size: 18 76001
Chunk bitrate: 18 600000
Buffer size: 19 76001
Download Time: 774928
Chunk bitrate: 19 600000
Buffer size: 20 80001
Download Time: 1586283
Chunk bitrate: 20 600000
Buffer size: 21 84001
Download Time: 2196607
Chunk bitrate: 21 600000
Buffer size: 22 88001
Download Time: 855160
Chunk bitrate: 22 349952
Buffer size: 22 92001
Chunk bitrate: 22 349952
Buffer size: 23 92001
Download Time: 776080
Chunk bitrate: 23 349952
Buffer size: 24 96001
Download Time: 820692
Chunk bitrate: 24 600000
Buffer size: 24 100001
Chunk bitrate: 24 600000
Buffer size: 25 100001
Download Time: 773025
Chunk bitrate: 25 600000
Buffer size: 26 104001
Download Time: 819575
Chunk bitrate: 26 1000000
Buffer size: 26 108001
Chunk bitrate: 26 1000000
Buffer size: 27 108001
Download Time: 732811
Chunk bitrate: 27 1000000
Buffer size: 28 112001
Download Time: 1221010
Chunk bitrate: 28 1000000
Buffer size: 29 116001
Download Time: 1175058
Chunk bitrate: 29 600000
Buffer size: 29 120001
Chunk bitrate: 29 600000
Buffer size: 30 120001
Download Time: 1347967
Chunk bitrate: 30 600000
Buffer size: 31 124001
Download Time: 1382120
Chunk bitrate: 31 600000
Buffer size: 32 128001
Download Time: 652380
Chunk bitrate: 32 1000000
Buffer size: 32 132001
Chunk bitrate: 32 1000000
Buffer size: 33 132001
Download Time: 1225041
Chunk bitrate: 33 349952
Buffer size: 33 136001
Chunk bitrate: 33 349952
Buffer size: 34 136001
Download Time: 492400
[00007f5e54003378] core mux error: cannot add this stream
[00007f5e540b8368] core decoder error: cannot create packetizer output (h264)
Chunk bitrate: 34 600000
Buffer size: 34 140001
Chunk bitrate: 34 600000
Buffer size: 35 140001
Download Time: 1347183
[00007f5e54003378] core mux error: cannot add this stream
[00007f5e540d5e58] core decoder error: cannot create packetizer output (h264)
Chunk bitrate: 35 1000000
Buffer size: 35 144001
Chunk bitrate: 35 1000000
Buffer size: 36 144001
Download Time: 1138405
[00007f5e54003378] core mux error: cannot add this stream
[00007f5e5410b4f8] core decoder error: cannot create packetizer output (h264)
Chunk bitrate: 36 349952
Buffer size: 36 148001
Chunk bitrate: 36 349952
Buffer size: 37 148001
Download Time: 1060913
[00007f5e54003378] core mux error: cannot add this stream
[00007f5e5408e438] core decoder error: cannot create packetizer output (h264)
Chunk bitrate: 37 600000
Buffer size: 37 152001
Chunk bitrate: 37 600000
Buffer size: 38 152001
Download Time: 777245
[00007f5e54003378] core mux error: cannot add this stream
[00007f5e540f82c8] core decoder error: cannot create packetizer output (h264)
Chunk bitrate: 38 2000000
Buffer size: 38 156001
Chunk bitrate: 38 2000000
Buffer size: 39 156001
Download Time: 2691167
[00007f5e54003378] core mux error: cannot add this stream
[00007f5e540c3a58] core decoder error: cannot create packetizer output (h264)
Chunk bitrate: 39 349952
Buffer size: 39 160001
Chunk bitrate: 39 349952
Buffer size: 40 160001
Download Time: 409824
[00007f5e54003378] core mux error: cannot add this stream
[00007f5e540a1e98] core decoder error: cannot create packetizer output (h264)
Chunk bitrate: 40 349952
Buffer size: 41 164001
Download Time: 1508744
Chunk bitrate: 41 349952
Buffer size: 42 168001
Download Time: 1794087
Chunk bitrate: 42 600000
Buffer size: 42 172001
Chunk bitrate: 42 600000
Buffer size: 43 172001
Download Time: 572806
[00007f5e54003378] core mux error: cannot add this stream
[00007f5e541058b8] core decoder error: cannot create packetizer output (h264)
Chunk bitrate: 43 1000000
Buffer size: 43 176001
Chunk bitrate: 43 1000000
Buffer size: 44 176001
Download Time: 817330
[00007f5e54003378] core mux error: cannot add this stream
[00007f5e541280a8] core decoder error: cannot create packetizer output (h264)
Chunk bitrate: 44 1000000
Buffer size: 45 180001
Download Time: 1223915
Chunk bitrate: 45 1000000
Buffer size: 46 184001
Download Time: 2036220
Chunk bitrate: 46 349952
Buffer size: 46 188001
Download Time: 160203
Chunk bitrate: 46 349952
Buffer size: 47 188001
Download Time: 570448
[00007f5e54003378] core mux error: cannot add this stream
[00007f5e540d6758] core decoder error: cannot create packetizer output (h264)
Chunk bitrate: 47 600000
Buffer size: 47 192001
Chunk bitrate: 47 600000
Buffer size: 48 192001
Download Time: 976167
[00007f5e54003378] core mux error: cannot add this stream
[00007f5e54104f38] core decoder error: cannot create packetizer output (h264)
Chunk bitrate: 48 349952
Buffer size: 48 196001
Chunk bitrate: 48 349952
Buffer size: 49 196001
Download Time: 1016887
[00007f5e54003378] core mux error: cannot add this stream
[00007f5e540de3b8] core decoder error: cannot create packetizer output (h264)
Chunk bitrate: 49 349952
Buffer size: 50 200001
Download Time: 607318
Chunk bitrate: 50 349952
Buffer size: 51 204001
Download Time: 852384
Chunk bitrate: 51 1000000
Buffer size: 51 208001
Chunk bitrate: 51 1000000
Buffer size: 52 208001
Download Time: 1057144
[00007f5e54003378] core mux error: cannot add this stream
[00007f5e540e3278] core decoder error: cannot create packetizer output (h264)
Chunk bitrate: 52 1000000
Buffer size: 53 212001
Download Time: 817909
Chunk bitrate: 53 349952
Buffer size: 53 216001
Chunk bitrate: 53 349952
Buffer size: 54 216001
Download Time: 529251
[00007f5e54003378] core mux error: cannot add this stream
[00007f5e540f1af8] core decoder error: cannot create packetizer output (h264)
Chunk bitrate: 54 600000
Buffer size: 54 220001
Chunk bitrate: 54 600000
Buffer size: 55 220001
Download Time: 1060624
[00007f5e54003378] core mux error: cannot add this stream
[00007f5e54125268] core decoder error: cannot create packetizer output (h264)
Chunk bitrate: 55 600000
Buffer size: 56 224001
Download Time: 894967
Chunk bitrate: 56 600000
Buffer size: 57 228001
Download Time: 650775
Chunk bitrate: 57 600000
Buffer size: 58 232001
Download Time: 370828
Chunk bitrate: 58 349952
Buffer size: 58 236001
Chunk bitrate: 58 349952
Buffer size: 59 236001
Download Time: 692003
[00007f5e54003378] core mux error: cannot add this stream
[00007f5e540ce898] core decoder error: cannot create packetizer output (h264)
Chunk bitrate: 59 600000
Buffer size: 59 240001
Chunk bitrate: 59 600000
Buffer size: 60 240001
Download Time: 1104204
[00007f5e54003378] core mux error: cannot add this stream
[00007f5e541186f8] core decoder error: cannot create packetizer output (h264)
Chunk bitrate: 60 600000
Buffer size: 61 244001
Download Time: 732436
Chunk bitrate: 61 349952
Buffer size: 61 248001
Chunk bitrate: 61 349952
Buffer size: 62 248001
Download Time: 488940
[00007f5e54003378] core mux error: cannot add this stream
[00007f5e540cf868] core decoder error: cannot create packetizer output (h264)
Chunk bitrate: 62 349952
Buffer size: 63 252001
Chunk bitrate: 63 1000000
Buffer size: 63 256001
Chunk bitrate: 63 1000000
Buffer size: 64 256001
Download Time: 897583
[00007f5e54003378] core mux error: cannot add this stream
[00007f5e54132b58] core decoder error: cannot create packetizer output (h264)
Chunk bitrate: 64 349952
Buffer size: 64 260001
Chunk bitrate: 64 349952
Buffer size: 65 260001
[00007f5e54003378] ps mux: Close
[00007f5e540e5d18] idummy demux: command `quit'
[00000000018af1e8] [cli] lua interface error: Error loading script /home/cs244/vlc/share/lua/intf/cli.luac: lua/intf/modules/host.lua:286: Interrupted.
