[00000000015591a8] core interface error: no suitable interface module
[0000000001490338] core libvlc error: interface "globalhotkeys,none" initialization failed
[00000000015591a8] dbus interface error: Failed to connect to the D-Bus session daemon: Unable to autolaunch a dbus-daemon without a $DISPLAY for X11
[00000000015591a8] core interface error: no suitable interface module
[0000000001490338] core libvlc error: interface "dbus,none" initialization failed
[0000000001490338] core libvlc: Running vlc with the default interface. Use 'cvlc' to use vlc without interface.
[00000000015591a8] qt interface error: Could not connect to X server
[00000000015591a8] skins2 interface error: cannot initialize OSFactory
[00000000015591a8] [cli] lua interface: Listening on host "*console".
VLC media player 3.0.0-git Vetinari
Command Line Interface initialized. Type `help' for help.
> [00007f4724003378] ps mux: Open
making a DASHManager
new ratebased adaptionlogic
Chunk bitrate: 0 349952
Buffer size: 0 0
Chunk bitrate: 0 349952
Buffer size: 0 0
[00007f4724024988] mp4 demux: Fragment sequence discontinuity detected 0 != 2
Download Time: 658281
[00007f47240253b8] mp4 demux: Fragment sequence discontinuity detected 0 != 2
Startup Time: 1050000
Chunk bitrate: 0 600000
Buffer size: 0 4001
Chunk bitrate: 0 600000
Buffer size: 1 4001
Download Time: 1133377
Chunk bitrate: 1 600000
Buffer size: 2 8001
Download Time: 736325
Chunk bitrate: 2 1000000
Buffer size: 2 12001
Chunk bitrate: 2 1000000
Buffer size: 3 12001
Download Time: 1635533
Chunk bitrate: 3 1000000
Buffer size: 4 16001
Download Time: 1407862
Chunk bitrate: 4 1000000
Buffer size: 5 20001
Download Time: 1834448
Chunk bitrate: 5 1000000
Buffer size: 6 24001
Download Time: 1190859
Chunk bitrate: 6 1000000
Buffer size: 7 28001
Download Time: 1245685
Chunk bitrate: 7 1000000
Buffer size: 8 32001
Download Time: 1733930
Chunk bitrate: 8 1000000
Buffer size: 9 36001
Download Time: 1502049
Chunk bitrate: 9 600000
Buffer size: 9 40001
Chunk bitrate: 9 600000
Buffer size: 10 40001
Download Time: 923363
Chunk bitrate: 10 1000000
Buffer size: 10 44001
Chunk bitrate: 10 1000000
Buffer size: 11 44001
Download Time: 1515259
Chunk bitrate: 11 1000000
Buffer size: 12 48001
Download Time: 1782169
Chunk bitrate: 12 1000000
Buffer size: 13 52001
Download Time: 1561147
Chunk bitrate: 13 1000000
Buffer size: 14 56001
Download Time: 1371220
Chunk bitrate: 14 1000000
Buffer size: 15 60001
Download Time: 1349899
Chunk bitrate: 15 1000000
Buffer size: 16 64001
Download Time: 1671682
Chunk bitrate: 16 1000000
Buffer size: 17 68001
Download Time: 1358543
Chunk bitrate: 17 1000000
Buffer size: 18 72001
Download Time: 1607521
Chunk bitrate: 18 1000000
Buffer size: 19 76001
Download Time: 988723
Chunk bitrate: 19 600000
Buffer size: 19 80001
Chunk bitrate: 19 600000
Buffer size: 20 80001
Download Time: 1039666
Chunk bitrate: 20 600000
Buffer size: 21 84001
Download Time: 623335
Chunk bitrate: 21 1000000
Buffer size: 21 88001
Chunk bitrate: 21 1000000
Buffer size: 22 88001
Download Time: 1325695
Chunk bitrate: 22 1000000
Buffer size: 23 92001
Download Time: 1717285
Chunk bitrate: 23 1000000
Buffer size: 24 96001
Download Time: 1575188
Chunk bitrate: 24 1000000
Buffer size: 25 100001
Download Time: 1429888
Chunk bitrate: 25 1000000
Buffer size: 26 104001
Download Time: 1395834
Chunk bitrate: 26 1000000
Buffer size: 27 108001
Download Time: 894752
Chunk bitrate: 27 1000000
Buffer size: 28 112001
Download Time: 1635390
Chunk bitrate: 28 1000000
Buffer size: 29 116001
Download Time: 1534495
Chunk bitrate: 29 1000000
Buffer size: 30 120001
Download Time: 1140803
Chunk bitrate: 30 1000000
Buffer size: 31 124001
Download Time: 1301611
Chunk bitrate: 31 1000000
Buffer size: 32 128001
Download Time: 1786827
Chunk bitrate: 32 1000000
Buffer size: 33 132001
Download Time: 1516866
Chunk bitrate: 33 1000000
Buffer size: 34 136001
Download Time: 1614350
Chunk bitrate: 34 1000000
Buffer size: 35 140001
Download Time: 1515704
Chunk bitrate: 35 1000000
Buffer size: 36 144001
Download Time: 1180069
Chunk bitrate: 36 600000
Buffer size: 36 148001
Chunk bitrate: 36 600000
Buffer size: 37 148001
Download Time: 974089
Chunk bitrate: 37 600000
Buffer size: 38 152001
Download Time: 977980
Chunk bitrate: 38 1000000
Buffer size: 38 156001
Chunk bitrate: 38 1000000
Buffer size: 39 156001
Download Time: 1405427
Chunk bitrate: 39 1000000
Buffer size: 40 160001
Download Time: 1204976
Chunk bitrate: 40 1000000
Buffer size: 41 164001
Download Time: 1597736
Chunk bitrate: 41 1000000
Buffer size: 42 168001
Download Time: 1455667
Chunk bitrate: 42 1000000
Buffer size: 43 172001
Download Time: 1711248
Chunk bitrate: 43 1000000
Buffer size: 44 176001
Download Time: 1300406
Chunk bitrate: 44 1000000
Buffer size: 45 180001
Download Time: 1575138
Chunk bitrate: 45 349952
Buffer size: 45 184001
Chunk bitrate: 45 349952
Buffer size: 46 184001
Download Time: 936223
Chunk bitrate: 46 349952
Buffer size: 47 188001
Download Time: 815623
Chunk bitrate: 47 600000
Buffer size: 47 192001
Chunk bitrate: 47 600000
Buffer size: 48 192001
Download Time: 1172610
Chunk bitrate: 48 349952
Buffer size: 48 196001
Chunk bitrate: 48 349952
Buffer size: 49 196001
Download Time: 1182264
Chunk bitrate: 49 349952
Buffer size: 50 200001
Download Time: 1627631
Chunk bitrate: 50 600000
Buffer size: 50 204001
Chunk bitrate: 50 600000
Buffer size: 51 204001
Download Time: 1060297
Chunk bitrate: 51 349952
Buffer size: 51 208001
Chunk bitrate: 51 349952
Buffer size: 52 208001
Download Time: 773501
Chunk bitrate: 52 349952
Buffer size: 53 212001
Download Time: 981724
Chunk bitrate: 53 600000
Buffer size: 53 216001
Chunk bitrate: 53 600000
Buffer size: 54 216001
Download Time: 1103984
Chunk bitrate: 54 600000
Buffer size: 55 220001
Download Time: 1917565
Chunk bitrate: 55 349952
Buffer size: 55 224001
Chunk bitrate: 55 349952
Buffer size: 56 224001
Download Time: 645203
Chunk bitrate: 56 600000
Buffer size: 56 228001
Chunk bitrate: 56 600000
Buffer size: 57 228001
Download Time: 1090685
[00007f4724003378] core mux error: cannot add this stream
[00007f4724028278] core decoder error: cannot create packetizer output (h264)
Chunk bitrate: 57 349952
Buffer size: 57 232001
Chunk bitrate: 57 349952
Buffer size: 58 232001
Download Time: 568341
[00007f4724003378] core mux error: cannot add this stream
[00007f472411e328] core decoder error: cannot create packetizer output (h264)
Chunk bitrate: 58 349952
Buffer size: 59 236001
Download Time: 894157
Chunk bitrate: 59 349952
Buffer size: 60 240001
Download Time: 691425
Chunk bitrate: 60 349952
Buffer size: 61 244001
Download Time: 615479
Chunk bitrate: 61 349952
Buffer size: 62 248001
Download Time: 409456
Chunk bitrate: 62 349952
Buffer size: 63 252001
Download Time: 322354
Chunk bitrate: 63 349952
Buffer size: 64 256001
Download Time: 530071
Chunk bitrate: 64 349952
Buffer size: 65 260001
[00007f4724003378] ps mux: Close
[00007f471c0010f8] idummy demux: command `quit'
[00000000015591a8] [cli] lua interface error: Error loading script /home/cs244/vlc/share/lua/intf/cli.luac: lua/intf/modules/host.lua:286: Interrupted.
