[0000000001f101e8] core interface error: no suitable interface module
[0000000001e47338] core libvlc error: interface "globalhotkeys,none" initialization failed
[0000000001f101e8] dbus interface error: Failed to connect to the D-Bus session daemon: Unable to autolaunch a dbus-daemon without a $DISPLAY for X11
[0000000001f101e8] core interface error: no suitable interface module
[0000000001e47338] core libvlc error: interface "dbus,none" initialization failed
[0000000001e47338] core libvlc: Running vlc with the default interface. Use 'cvlc' to use vlc without interface.
[0000000001f101e8] qt interface error: Could not connect to X server
[0000000001f101e8] skins2 interface error: cannot initialize OSFactory
[00007efed0003378] ps mux: Open
[0000000001f101e8] [cli] lua interface: Listening on host "*console".
VLC media player 3.0.0-git Vetinari
Command Line Interface initialized. Type `help' for help.
> making a DASHManager
new ratebased adaptionlogic
Chunk bitrate: 0 349952
Buffer size: 0 0
Chunk bitrate: 0 349952
Buffer size: 0 0
[00007efed00253f8] mp4 demux: Fragment sequence discontinuity detected 0 != 2
Download Time: 932057
[00007efed0023928] mp4 demux: Fragment sequence discontinuity detected 0 != 2
Startup Time: 1050000
Chunk bitrate: 0 349952
Buffer size: 1 4001
Download Time: 849698
Chunk bitrate: 1 600000
Buffer size: 1 8001
Chunk bitrate: 1 600000
Buffer size: 2 8001
Download Time: 896146
Chunk bitrate: 2 600000
Buffer size: 3 12001
Download Time: 1183760
Chunk bitrate: 3 349952
Buffer size: 3 16001
Chunk bitrate: 3 349952
Buffer size: 4 16001
Download Time: 1186103
Chunk bitrate: 4 600000
Buffer size: 4 20001
Chunk bitrate: 4 600000
Buffer size: 5 20001
Download Time: 1540507
Chunk bitrate: 5 349952
Buffer size: 5 24001
Chunk bitrate: 5 349952
Buffer size: 6 24001
Download Time: 652541
Chunk bitrate: 6 349952
Buffer size: 7 28001
Download Time: 774774
Chunk bitrate: 7 600000
Buffer size: 7 32001
Chunk bitrate: 7 600000
Buffer size: 8 32001
Download Time: 1179721
Chunk bitrate: 8 349952
Buffer size: 8 36001
Chunk bitrate: 8 349952
Buffer size: 9 36001
Download Time: 893675
Chunk bitrate: 9 349952
Buffer size: 10 40001
Download Time: 896918
Chunk bitrate: 10 600000
Buffer size: 10 44001
Chunk bitrate: 10 600000
Buffer size: 11 44001
Download Time: 1094615
Chunk bitrate: 11 349952
Buffer size: 11 48001
Chunk bitrate: 11 349952
Buffer size: 12 48001
Download Time: 766300
Chunk bitrate: 12 349952
Buffer size: 13 52001
Download Time: 1632915
Chunk bitrate: 13 349952
Buffer size: 14 56001
Download Time: 3219837
Chunk bitrate: 14 349952
Buffer size: 15 60001
Download Time: 1350271
Chunk bitrate: 15 349952
Buffer size: 16 64001
Download Time: 1388308
Chunk bitrate: 16 600000
Buffer size: 16 68001
Chunk bitrate: 16 600000
Buffer size: 17 68001
Download Time: 1056298
Chunk bitrate: 17 349952
Buffer size: 17 72001
Chunk bitrate: 17 349952
Buffer size: 18 72001
Download Time: 857607
Chunk bitrate: 18 600000
Buffer size: 18 76001
Chunk bitrate: 18 600000
Buffer size: 19 76001
Download Time: 737121
Chunk bitrate: 19 349952
Buffer size: 19 80001
Chunk bitrate: 19 349952
Buffer size: 20 80001
Download Time: 850186
Chunk bitrate: 20 349952
Buffer size: 21 84001
Download Time: 806201
Chunk bitrate: 21 600000
Buffer size: 21 88001
Chunk bitrate: 21 600000
Buffer size: 22 88001
Download Time: 1166399
Chunk bitrate: 22 349952
Buffer size: 22 92001
Download Time: 445352
Chunk bitrate: 22 349952
Buffer size: 23 92001
Download Time: 1667986
Chunk bitrate: 23 349952
Buffer size: 24 96001
Download Time: 777295
Download Time: 283127
Chunk bitrate: 24 600000
Buffer size: 24 100001
Chunk bitrate: 24 600000
Buffer size: 25 100001
Download Time: 1137190
Chunk bitrate: 25 600000
Buffer size: 26 104001
Download Time: 1260886
Chunk bitrate: 26 349952
Buffer size: 26 108001
Chunk bitrate: 26 349952
Buffer size: 27 108001
Download Time: 689173
[00007efed0003378] core mux error: cannot add this stream
[00007efed00d2df8] core decoder error: cannot create packetizer output (h264)
Chunk bitrate: 27 349952
Buffer size: 28 112001
Download Time: 1095641
Chunk bitrate: 28 349952
Buffer size: 29 116001
Download Time: 853450
Chunk bitrate: 29 349952
Buffer size: 30 120001
Download Time: 975985
Chunk bitrate: 30 600000
Buffer size: 30 124001
Chunk bitrate: 30 600000
Buffer size: 31 124001
Download Time: 1065245
[00007efed0003378] core mux error: cannot add this stream
[00007efed00dbd88] core decoder error: cannot create packetizer output (h264)
Chunk bitrate: 31 349952
Buffer size: 31 128001
Chunk bitrate: 31 349952
Buffer size: 32 128001
Download Time: 1014745
[00007efed0003378] core mux error: cannot add this stream
[00007efed00d5788] core decoder error: cannot create packetizer output (h264)
Chunk bitrate: 32 349952
Buffer size: 33 132001
Download Time: 980363
Chunk bitrate: 33 349952
Buffer size: 34 136001
Download Time: 899604
Chunk bitrate: 34 600000
Buffer size: 34 140001
Chunk bitrate: 34 600000
Buffer size: 35 140001
Download Time: 1138021
[00007efed0003378] core mux error: cannot add this stream
[00007efed00ec9f8] core decoder error: cannot create packetizer output (h264)
Chunk bitrate: 35 349952
Buffer size: 35 144001
Chunk bitrate: 35 349952
Buffer size: 36 144001
Download Time: 816378
[00007efed0003378] core mux error: cannot add this stream
[00007efed00cf3c8] core decoder error: cannot create packetizer output (h264)
Chunk bitrate: 36 600000
Buffer size: 36 148001
Chunk bitrate: 36 600000
Buffer size: 37 148001
Download Time: 2040672
[00007efed0003378] core mux error: cannot add this stream
[00007efed00f6f38] core decoder error: cannot create packetizer output (h264)
Chunk bitrate: 37 349952
Buffer size: 37 152001
Chunk bitrate: 37 349952
Buffer size: 38 152001
Download Time: 979772
[00007efed0003378] core mux error: cannot add this stream
[00007efed00bd628] core decoder error: cannot create packetizer output (h264)
Chunk bitrate: 38 600000
Buffer size: 38 156001
Chunk bitrate: 38 600000
Buffer size: 39 156001
Download Time: 1475953
[00007efed0003378] core mux error: cannot add this stream
[00007efed00f1b78] core decoder error: cannot create packetizer output (h264)
Chunk bitrate: 39 349952
Buffer size: 39 160001
Chunk bitrate: 39 349952
Buffer size: 40 160001
Download Time: 774863
[00007efed0003378] core mux error: cannot add this stream
[00007efed00c63e8] core decoder error: cannot create packetizer output (h264)
Chunk bitrate: 40 349952
Buffer size: 41 164001
Download Time: 849743
Chunk bitrate: 41 349952
Buffer size: 42 168001
Download Time: 692274
Chunk bitrate: 42 600000
Buffer size: 42 172001
Chunk bitrate: 42 600000
Buffer size: 43 172001
Download Time: 1668140
[00007efed0003378] core mux error: cannot add this stream
[00007efed0106848] core decoder error: cannot create packetizer output (h264)
Chunk bitrate: 43 349952
Buffer size: 43 176001
Chunk bitrate: 43 349952
Buffer size: 44 176001
Download Time: 772380
[00007efed0003378] core mux error: cannot add this stream
[00007efed00e4a18] core decoder error: cannot create packetizer output (h264)
Chunk bitrate: 44 1000000
Buffer size: 44 180001
Chunk bitrate: 44 1000000
Buffer size: 45 180001
Download Time: 1872763
[00007efed0003378] core mux error: cannot add this stream
[00007efed013b328] core decoder error: cannot create packetizer output (h264)
Chunk bitrate: 45 600000
Buffer size: 45 184001
Chunk bitrate: 45 600000
Buffer size: 46 184001
Download Time: 1796290
[00007efed0003378] core mux error: cannot add this stream
[00007efed010f428] core decoder error: cannot create packetizer output (h264)
Chunk bitrate: 46 349952
Buffer size: 46 188001
Chunk bitrate: 46 349952
Buffer size: 47 188001
Download Time: 813008
[00007efed0003378] core mux error: cannot add this stream
[00007efed00dc608] core decoder error: cannot create packetizer output (h264)
Chunk bitrate: 47 600000
Buffer size: 47 192001
Chunk bitrate: 47 600000
Buffer size: 48 192001
Download Time: 1307430
[00007efed0003378] core mux error: cannot add this stream
[00007efed010b0c8] core decoder error: cannot create packetizer output (h264)
Chunk bitrate: 48 349952
Buffer size: 48 196001
Chunk bitrate: 48 349952
Buffer size: 49 196001
Download Time: 813744
[00007efed0003378] core mux error: cannot add this stream
[00007efed00d77c8] core decoder error: cannot create packetizer output (h264)
Chunk bitrate: 49 349952
Buffer size: 50 200001
Download Time: 731608
Chunk bitrate: 50 349952
Buffer size: 51 204001
Download Time: 773177
Chunk bitrate: 51 349952
Buffer size: 52 208001
Download Time: 738694
Chunk bitrate: 52 349952
Buffer size: 53 212001
Download Time: 815221
Chunk bitrate: 53 349952
Buffer size: 54 216001
Download Time: 691710
Chunk bitrate: 54 349952
Buffer size: 55 220001
Download Time: 729147
Chunk bitrate: 55 600000
Buffer size: 55 224001
Chunk bitrate: 55 600000
Buffer size: 56 224001
Download Time: 1132559
[00007efed0003378] core mux error: cannot add this stream
[00007efed0126278] core decoder error: cannot create packetizer output (h264)
Chunk bitrate: 56 349952
Buffer size: 56 228001
Chunk bitrate: 56 349952
Buffer size: 57 228001
Download Time: 768133
[00007efed0003378] core mux error: cannot add this stream
[00007efed0099f18] core decoder error: cannot create packetizer output (h264)
Chunk bitrate: 57 349952
Buffer size: 58 232001
Download Time: 687868
Chunk bitrate: 58 600000
Buffer size: 58 236001
Chunk bitrate: 58 600000
Buffer size: 59 236001
Download Time: 1548185
[00007efed0003378] core mux error: cannot add this stream
[00007efed006f708] core decoder error: cannot create packetizer output (h264)
Chunk bitrate: 59 349952
Buffer size: 59 240001
Chunk bitrate: 59 349952
Buffer size: 60 240001
Download Time: 812005
[00007efed0003378] core mux error: cannot add this stream
[00007efed01025a8] core decoder error: cannot create packetizer output (h264)
Chunk bitrate: 60 600000
Buffer size: 60 244001
Chunk bitrate: 60 600000
Buffer size: 61 244001
Download Time: 1220430
[00007efed0003378] core mux error: cannot add this stream
[00007efed0133648] core decoder error: cannot create packetizer output (h264)
Chunk bitrate: 61 349952
Buffer size: 61 248001
Chunk bitrate: 61 349952
Buffer size: 62 248001
Download Time: 444617
[00007efed0003378] core mux error: cannot add this stream
[00007efed00f6778] core decoder error: cannot create packetizer output (h264)
Chunk bitrate: 62 600000
Buffer size: 62 252001
Chunk bitrate: 62 600000
Buffer size: 63 252001
Download Time: 488546
[00007efed0003378] core mux error: cannot add this stream
[00007efed00d98a8] core decoder error: cannot create packetizer output (h264)
Chunk bitrate: 63 349952
Buffer size: 63 256001
Chunk bitrate: 63 349952
Buffer size: 64 256001
Download Time: 409349
[00007efed0003378] core mux error: cannot add this stream
[00007efed00efe48] core decoder error: cannot create packetizer output (h264)
Chunk bitrate: 64 349952
Buffer size: 65 260001
[00007efed0003378] ps mux: Close
[00007efed0031e78] idummy demux: command `quit'
[0000000001f101e8] [cli] lua interface error: Error loading script /home/cs244/vlc/share/lua/intf/cli.luac: lua/intf/modules/host.lua:286: Interrupted.
