[00000000024561e8] core interface error: no suitable interface module
[000000000238d338] core libvlc error: interface "globalhotkeys,none" initialization failed
[00000000024561e8] dbus interface error: Failed to connect to the D-Bus session daemon: Unable to autolaunch a dbus-daemon without a $DISPLAY for X11
[00000000024561e8] core interface error: no suitable interface module
[000000000238d338] core libvlc error: interface "dbus,none" initialization failed
[000000000238d338] core libvlc: Running vlc with the default interface. Use 'cvlc' to use vlc without interface.
[00000000024561e8] qt interface error: Could not connect to X server
[00000000024561e8] skins2 interface error: cannot initialize OSFactory
[00000000024561e8] [cli] lua interface: Listening on host "*console".
VLC media player 3.0.0-git Vetinari
Command Line Interface initialized. Type `help' for help.
> [00007ffb74003378] ps mux: Open
making a DASHManager
new ratebased adaptionlogic
Chunk bitrate: 0 349952
Buffer size: 0 0
Chunk bitrate: 0 349952
Buffer size: 0 0
[00007ffb74027608] mp4 demux: Fragment sequence discontinuity detected 0 != 2
Download Time: 1018775
[00007ffb74024be8] mp4 demux: Fragment sequence discontinuity detected 0 != 2
Startup Time: 1050000
Chunk bitrate: 0 349952
Buffer size: 1 4001
Download Time: 2359007
Chunk bitrate: 1 600000
Buffer size: 1 8001
Chunk bitrate: 1 600000
Buffer size: 2 8001
Download Time: 1143013
Chunk bitrate: 2 349952
Buffer size: 2 12001
Chunk bitrate: 2 349952
Buffer size: 3 12001
Download Time: 853856
Chunk bitrate: 3 349952
Buffer size: 4 16001
Download Time: 935718
Chunk bitrate: 4 349952
Buffer size: 5 20001
Download Time: 1178887
Chunk bitrate: 5 349952
Buffer size: 6 24001
Download Time: 934778
Chunk bitrate: 6 600000
Buffer size: 6 28001
Chunk bitrate: 6 600000
Buffer size: 7 28001
Download Time: 1870869
Chunk bitrate: 7 349952
Buffer size: 7 32001
Chunk bitrate: 7 349952
Buffer size: 8 32001
Download Time: 1018730
Chunk bitrate: 8 349952
Buffer size: 9 36001
Download Time: 1055155
Chunk bitrate: 9 349952
Buffer size: 10 40001
Download Time: 936099
Chunk bitrate: 10 349952
Buffer size: 11 44001
Download Time: 814801
Chunk bitrate: 11 349952
Buffer size: 12 48001
Download Time: 1382898
Chunk bitrate: 12 349952
Buffer size: 13 52001
Download Time: 812544
Chunk bitrate: 13 349952
Buffer size: 14 56001
Download Time: 1060789
Chunk bitrate: 14 349952
Buffer size: 15 60001
Download Time: 772325
Chunk bitrate: 15 349952
Buffer size: 16 64001
Download Time: 1101837
Chunk bitrate: 16 349952
Buffer size: 17 68001
Download Time: 774814
Chunk bitrate: 17 349952
Buffer size: 18 72001
Download Time: 856141
Chunk bitrate: 18 349952
Buffer size: 19 76001
Download Time: 814246
Chunk bitrate: 19 349952
Buffer size: 20 80001
Download Time: 940866
Chunk bitrate: 20 349952
Buffer size: 21 84001
Download Time: 651796
Chunk bitrate: 21 349952
Buffer size: 22 88001
Download Time: 891375
Chunk bitrate: 22 349952
Buffer size: 23 92001
Download Time: 1180154
Chunk bitrate: 23 349952
Buffer size: 24 96001
Download Time: 813243
Chunk bitrate: 24 349952
Buffer size: 25 100001
Download Time: 851243
Chunk bitrate: 25 349952
Buffer size: 26 104001
Download Time: 934165
Chunk bitrate: 26 349952
Buffer size: 27 108001
Download Time: 486134
Chunk bitrate: 27 349952
Buffer size: 28 112001
Download Time: 977062
Chunk bitrate: 28 349952
Buffer size: 29 116001
Download Time: 975627
Chunk bitrate: 29 349952
Buffer size: 30 120001
Download Time: 736011
Chunk bitrate: 30 349952
Buffer size: 31 124001
Download Time: 850400
Chunk bitrate: 31 349952
Buffer size: 32 128001
Download Time: 1057265
Chunk bitrate: 32 349952
Buffer size: 33 132001
Download Time: 845835
Chunk bitrate: 33 349952
Buffer size: 34 136001
Download Time: 1224073
Chunk bitrate: 34 349952
Buffer size: 35 140001
Download Time: 940335
Chunk bitrate: 35 349952
Buffer size: 36 144001
Download Time: 819736
Chunk bitrate: 36 349952
Buffer size: 37 148001
Download Time: 1178677
Chunk bitrate: 37 349952
Buffer size: 38 152001
Download Time: 1100286
Chunk bitrate: 38 600000
Buffer size: 38 156001
Chunk bitrate: 38 600000
Buffer size: 39 156001
Download Time: 1350460
Chunk bitrate: 39 349952
Buffer size: 39 160001
Chunk bitrate: 39 349952
Buffer size: 40 160001
Download Time: 976734
Chunk bitrate: 40 600000
Buffer size: 40 164001
Chunk bitrate: 40 600000
Buffer size: 41 164001
Download Time: 1557635
Chunk bitrate: 41 349952
Buffer size: 41 168001
Chunk bitrate: 41 349952
Buffer size: 42 168001
Download Time: 1094155
Chunk bitrate: 42 349952
Buffer size: 43 172001
Download Time: 1098069
Chunk bitrate: 43 349952
Buffer size: 44 176001
Download Time: 1104169
Chunk bitrate: 44 349952
Buffer size: 45 180001
Download Time: 974595
Chunk bitrate: 45 349952
Buffer size: 46 184001
Download Time: 897346
Chunk bitrate: 46 349952
Buffer size: 47 188001
Download Time: 1753297
Chunk bitrate: 47 349952
Buffer size: 48 192001
Download Time: 902782
Chunk bitrate: 48 349952
Buffer size: 49 196001
Download Time: 1103397
Chunk bitrate: 49 349952
Buffer size: 50 200001
Download Time: 900995
Chunk bitrate: 50 600000
Buffer size: 50 204001
Chunk bitrate: 50 600000
Buffer size: 51 204001
Download Time: 1955833
Chunk bitrate: 51 349952
Buffer size: 51 208001
Chunk bitrate: 51 349952
Buffer size: 52 208001
Download Time: 817335
Chunk bitrate: 52 349952
Buffer size: 53 212001
Download Time: 975477
Chunk bitrate: 53 349952
Buffer size: 54 216001
Download Time: 769076
Chunk bitrate: 54 349952
Buffer size: 55 220001
Download Time: 1098092
Chunk bitrate: 55 349952
Buffer size: 56 224001
Download Time: 1018604
Chunk bitrate: 56 349952
Buffer size: 57 228001
Download Time: 1055311
Chunk bitrate: 57 600000
Buffer size: 57 232001
Chunk bitrate: 57 600000
Buffer size: 58 232001
Download Time: 449341
Chunk bitrate: 58 349952
Buffer size: 58 236001
Chunk bitrate: 58 349952
Buffer size: 59 236001
Download Time: 1309205
Chunk bitrate: 59 600000
Buffer size: 59 240001
Chunk bitrate: 59 600000
Buffer size: 60 240001
Download Time: 1262538
Chunk bitrate: 60 600000
Buffer size: 61 244001
Download Time: 1868533
Chunk bitrate: 61 349952
Buffer size: 61 248001
Chunk bitrate: 61 349952
Buffer size: 62 248001
Download Time: 612679
Chunk bitrate: 62 349952
Buffer size: 63 252001
Download Time: 367184
Chunk bitrate: 63 349952
Buffer size: 64 256001
Download Time: 769211
Chunk bitrate: 64 600000
Buffer size: 64 260001
Chunk bitrate: 64 600000
Buffer size: 65 260001
[00007ffb74003378] ps mux: Close
[00007ffb780012a8] idummy demux: command `quit'
[00000000024561e8] [cli] lua interface error: Error loading script /home/cs244/vlc/share/lua/intf/cli.luac: lua/intf/modules/host.lua:286: Interrupted.
