[0000000001448548] core interface error: no suitable interface module
[0000000001381338] core libvlc error: interface "globalhotkeys,none" initialization failed
[0000000001448548] dbus interface error: Failed to connect to the D-Bus session daemon: Unable to autolaunch a dbus-daemon without a $DISPLAY for X11
[0000000001448548] core interface error: no suitable interface module
[0000000001381338] core libvlc error: interface "dbus,none" initialization failed
[0000000001381338] core libvlc: Running vlc with the default interface. Use 'cvlc' to use vlc without interface.
[0000000001448548] qt interface error: Could not connect to X server
[0000000001448548] skins2 interface error: cannot initialize OSFactory
[0000000001448548] [cli] lua interface: Listening on host "*console".
VLC media player 3.0.0-git Vetinari
Command Line Interface initialized. Type `help' for help.
> [00007fb2d4003378] ps mux: Open
making a DASHManager
new ratebased adaptionlogic
Chunk bitrate: 0 349952
Buffer size: 0 0
Chunk bitrate: 0 349952
Buffer size: 0 0
[00007fb2d40278a8] mp4 demux: Fragment sequence discontinuity detected 0 != 2
Download Time: 297121
[00007fb2d4025238] mp4 demux: Fragment sequence discontinuity detected 0 != 2
Startup Time: 1050000
Chunk bitrate: 0 3000000
Buffer size: 0 4001
Chunk bitrate: 0 3000000
Buffer size: 1 4001
Download Time: 2269858
Chunk bitrate: 1 3000000
Buffer size: 2 8001
Download Time: 1912309
Chunk bitrate: 2 3000000
Buffer size: 3 12001
Download Time: 2334190
Chunk bitrate: 3 3000000
Buffer size: 4 16001
Download Time: 1941979
Chunk bitrate: 4 3000000
Buffer size: 5 20001
Download Time: 2485235
Chunk bitrate: 5 1000000
Buffer size: 5 24001
Chunk bitrate: 5 1000000
Buffer size: 6 24001
Download Time: 555102
Chunk bitrate: 6 3000000
Buffer size: 6 28001
Chunk bitrate: 6 3000000
Buffer size: 7 28001
Download Time: 1653366
Chunk bitrate: 7 3000000
Buffer size: 8 32001
Download Time: 2616123
Chunk bitrate: 8 3000000
Buffer size: 9 36001
Download Time: 1917322
Chunk bitrate: 9 3000000
Buffer size: 10 40001
Download Time: 2209328
Chunk bitrate: 10 3000000
Buffer size: 11 44001
Download Time: 1920166
Chunk bitrate: 11 3000000
Buffer size: 12 48001
Download Time: 2658267
Chunk bitrate: 12 3000000
Buffer size: 13 52001
Download Time: 2224982
Chunk bitrate: 13 3000000
Buffer size: 14 56001
Download Time: 1880559
Chunk bitrate: 14 3000000
Buffer size: 15 60001
Download Time: 1775628
Chunk bitrate: 15 3000000
Buffer size: 16 64001
Download Time: 2191474
Chunk bitrate: 16 3000000
Buffer size: 17 68001
Download Time: 1822773
Chunk bitrate: 17 3000000
Buffer size: 18 72001
Download Time: 2275479
Chunk bitrate: 18 3000000
Buffer size: 19 76001
Download Time: 1289744
Chunk bitrate: 19 3000000
Buffer size: 20 80001
Download Time: 1965545
Chunk bitrate: 20 3000000
Buffer size: 21 84001
Download Time: 1206316
Chunk bitrate: 21 3000000
Buffer size: 22 88001
Download Time: 1782662
Chunk bitrate: 22 3000000
Buffer size: 23 92001
Download Time: 2347672
Chunk bitrate: 23 3000000
Buffer size: 24 96001
Download Time: 2087693
Chunk bitrate: 24 3000000
Buffer size: 25 100001
Download Time: 2062148
Chunk bitrate: 25 3000000
Buffer size: 26 104001
Download Time: 1952327
Chunk bitrate: 26 3000000
Buffer size: 27 108001
Download Time: 1241298
Chunk bitrate: 27 3000000
Buffer size: 28 112001
Download Time: 1944395
Chunk bitrate: 28 3000000
Buffer size: 29 116001
Download Time: 2415862
Chunk bitrate: 29 3000000
Buffer size: 30 120001
Download Time: 1506009
Chunk bitrate: 30 3000000
Buffer size: 31 124001
Download Time: 1529149
Chunk bitrate: 31 3000000
Buffer size: 32 128001
Download Time: 2479424
Chunk bitrate: 32 3000000
Buffer size: 33 132001
Download Time: 2323412
Chunk bitrate: 33 3000000
Buffer size: 34 136001
Download Time: 2267014
Chunk bitrate: 34 3000000
Buffer size: 35 140001
Download Time: 2067776
Chunk bitrate: 35 3000000
Buffer size: 36 144001
Download Time: 1666528
Chunk bitrate: 36 3000000
Buffer size: 37 148001
Download Time: 2476369
Chunk bitrate: 37 3000000
Buffer size: 38 152001
Download Time: 2341770
Chunk bitrate: 38 3000000
Buffer size: 39 156001
Download Time: 2025776
Chunk bitrate: 39 3000000
Buffer size: 40 160001
Download Time: 1733423
Chunk bitrate: 40 3000000
Buffer size: 41 164001
Download Time: 2343745
Chunk bitrate: 41 3000000
Buffer size: 42 168001
Download Time: 1946291
Chunk bitrate: 42 3000000
Buffer size: 43 172001
Download Time: 2398414
Chunk bitrate: 43 3000000
Buffer size: 44 176001
Download Time: 1763937
Chunk bitrate: 44 3000000
Buffer size: 45 180001
Download Time: 2100385
Chunk bitrate: 45 3000000
Buffer size: 46 184001
Download Time: 2237629
Chunk bitrate: 46 3000000
Buffer size: 47 188001
Download Time: 2088937
Chunk bitrate: 47 3000000
Buffer size: 48 192001
Download Time: 1748433
Chunk bitrate: 48 3000000
Buffer size: 49 196001
Download Time: 2474384
Chunk bitrate: 49 3000000
Buffer size: 50 200001
Download Time: 1873831
Chunk bitrate: 50 3000000
Buffer size: 51 204001
Download Time: 1547057
Chunk bitrate: 51 3000000
Buffer size: 52 208001
Download Time: 2271938
Chunk bitrate: 52 3000000
Buffer size: 53 212001
Download Time: 2143567
Chunk bitrate: 53 3000000
Buffer size: 54 216001
Download Time: 2269701
Chunk bitrate: 54 3000000
Buffer size: 55 220001
Download Time: 2046283
Chunk bitrate: 55 3000000
Buffer size: 56 224001
Download Time: 2241384
Chunk bitrate: 56 3000000
Buffer size: 57 228001
Download Time: 1546547
Chunk bitrate: 57 3000000
Buffer size: 58 232001
Download Time: 651043
Chunk bitrate: 58 3000000
Buffer size: 59 236001
Download Time: 2394078
Chunk bitrate: 59 3000000
Buffer size: 60 240001
Download Time: 1826571
Chunk bitrate: 60 3000000
Buffer size: 61 244001
Download Time: 1905558
Chunk bitrate: 61 3000000
Buffer size: 62 248001
Download Time: 639950
Chunk bitrate: 62 3000000
Buffer size: 63 252001
Download Time: 452125
Chunk bitrate: 63 3000000
Buffer size: 64 256001
Download Time: 800016
Chunk bitrate: 64 3000000
Buffer size: 65 260001
[00007fb2d4003378] ps mux: Close
[00007fb2d4020238] idummy demux: command `quit'
[0000000001448548] [cli] lua interface error: Error loading script /home/cs244/vlc/share/lua/intf/cli.luac: lua/intf/modules/host.lua:286: Interrupted.
