[0000000001fc31e8] core interface error: no suitable interface module
[0000000001efa338] core libvlc error: interface "globalhotkeys,none" initialization failed
[0000000001fc31e8] dbus interface error: Failed to connect to the D-Bus session daemon: Unable to autolaunch a dbus-daemon without a $DISPLAY for X11
[0000000001fc31e8] core interface error: no suitable interface module
[0000000001efa338] core libvlc error: interface "dbus,none" initialization failed
[0000000001efa338] core libvlc: Running vlc with the default interface. Use 'cvlc' to use vlc without interface.
[0000000001fc31e8] qt interface error: Could not connect to X server
[0000000001fc31e8] skins2 interface error: cannot initialize OSFactory
[0000000001fc31e8] [cli] lua interface: Listening on host "*console".
VLC media player 3.0.0-git Vetinari
Command Line Interface initialized. Type `help' for help.
> [00007fc874003378] ps mux: Open
making a DASHManager
new ratebased adaptionlogic
Chunk bitrate: 0 349952
Buffer size: 0 0
Chunk bitrate: 0 349952
Buffer size: 0 0
[00007fc874016b88] mp4 demux: Fragment sequence discontinuity detected 0 != 2
Download Time: 1180625
[00007fc8740178e8] mp4 demux: Fragment sequence discontinuity detected 0 != 2
Startup Time: 1050000
Chunk bitrate: 0 349952
Buffer size: 1 4001
Download Time: 609242
Chunk bitrate: 1 600000
Buffer size: 1 8001
Chunk bitrate: 1 600000
Buffer size: 2 8001
Download Time: 1064081
Chunk bitrate: 2 1000000
Buffer size: 2 12001
Chunk bitrate: 2 1000000
Buffer size: 3 12001
Download Time: 3496801
Chunk bitrate: 3 600000
Buffer size: 3 16001
Chunk bitrate: 3 600000
Buffer size: 4 16001
Download Time: 734348
Chunk bitrate: 4 600000
Buffer size: 5 20001
Download Time: 980203
Chunk bitrate: 5 349952
Buffer size: 5 24001
Chunk bitrate: 5 349952
Buffer size: 6 24001
Download Time: 1426417
Chunk bitrate: 6 349952
Buffer size: 7 28001
Download Time: 648380
Chunk bitrate: 7 600000
Buffer size: 7 32001
Chunk bitrate: 7 600000
Buffer size: 8 32001
Download Time: 977830
Chunk bitrate: 8 600000
Buffer size: 9 36001
Download Time: 1225757
Chunk bitrate: 9 349952
Buffer size: 9 40001
Chunk bitrate: 9 349952
Buffer size: 10 40001
Download Time: 694794
Chunk bitrate: 10 349952
Buffer size: 11 44001
Download Time: 607784
Chunk bitrate: 11 349952
Buffer size: 12 48001
Download Time: 774685
Chunk bitrate: 12 600000
Buffer size: 12 52001
Chunk bitrate: 12 600000
Buffer size: 13 52001
Download Time: 1063744
Chunk bitrate: 13 600000
Buffer size: 14 56001
Download Time: 1054921
Chunk bitrate: 14 600000
Buffer size: 15 60001
Download Time: 2320163
Chunk bitrate: 15 349952
Buffer size: 15 64001
Chunk bitrate: 15 349952
Buffer size: 16 64001
Download Time: 1710250
Chunk bitrate: 16 600000
Buffer size: 16 68001
Chunk bitrate: 16 600000
Buffer size: 17 68001
Download Time: 1144004
Chunk bitrate: 17 600000
Buffer size: 18 72001
Download Time: 1096890
Chunk bitrate: 18 600000
Buffer size: 19 76001
Download Time: 850059
Chunk bitrate: 19 600000
Buffer size: 20 80001
Download Time: 1104563
Chunk bitrate: 20 600000
Buffer size: 21 84001
Download Time: 1179902
Chunk bitrate: 21 600000
Buffer size: 22 88001
Download Time: 1059661
Chunk bitrate: 22 349952
Buffer size: 22 92001
Chunk bitrate: 22 349952
Buffer size: 23 92001
Download Time: 1423796
Chunk bitrate: 23 1000000
Buffer size: 23 96001
Chunk bitrate: 23 1000000
Buffer size: 24 96001
Download Time: 1465745
Chunk bitrate: 24 600000
Buffer size: 24 100001
Chunk bitrate: 24 600000
Buffer size: 25 100001
Download Time: 1144594
Chunk bitrate: 25 1000000
Buffer size: 25 104001
Chunk bitrate: 25 1000000
Buffer size: 26 104001
Download Time: 1632186
Chunk bitrate: 26 600000
Buffer size: 26 108001
Chunk bitrate: 26 600000
Buffer size: 27 108001
Download Time: 816193
Chunk bitrate: 27 349952
Buffer size: 27 112001
Chunk bitrate: 27 349952
Buffer size: 28 112001
Download Time: 1176767
Chunk bitrate: 28 1000000
Buffer size: 28 116001
Download Time: 161136
Chunk bitrate: 28 1000000
Buffer size: 29 116001
Download Time: 1584873
[00007fc874003378] core mux error: cannot add this stream
[00007fc874118ec8] core decoder error: cannot create packetizer output (h264)
Chunk bitrate: 29 349952
Buffer size: 29 120001
Chunk bitrate: 29 349952
Buffer size: 30 120001
Download Time: 1061797
[00007fc874003378] core mux error: cannot add this stream
[00007fc8740b3808] core decoder error: cannot create packetizer output (h264)
Chunk bitrate: 30 349952
Buffer size: 31 124001
Download Time: 569833
Chunk bitrate: 31 349952
Buffer size: 32 128001
Download Time: 1057449
Chunk bitrate: 32 600000
Buffer size: 32 132001
Chunk bitrate: 32 600000
Buffer size: 33 132001
Download Time: 853132
[00007fc874003378] core mux error: cannot add this stream
[00007fc8740e9298] core decoder error: cannot create packetizer output (h264)
Chunk bitrate: 33 600000
Buffer size: 34 136001
Download Time: 1139416
Chunk bitrate: 34 349952
Buffer size: 34 140001
Chunk bitrate: 34 349952
Buffer size: 35 140001
Download Time: 608057
[00007fc874003378] core mux error: cannot add this stream
[00007fc8740d4458] core decoder error: cannot create packetizer output (h264)
Chunk bitrate: 35 600000
Buffer size: 35 144001
Chunk bitrate: 35 600000
Buffer size: 36 144001
Download Time: 1423052
[00007fc874003378] core mux error: cannot add this stream
[00007fc8740e4698] core decoder error: cannot create packetizer output (h264)
Chunk bitrate: 36 349952
Buffer size: 36 148001
Chunk bitrate: 36 349952
Buffer size: 37 148001
Download Time: 942012
[00007fc874003378] core mux error: cannot add this stream
[00007fc8740aabb8] core decoder error: cannot create packetizer output (h264)
Chunk bitrate: 37 349952
Buffer size: 38 152001
Download Time: 610717
Chunk bitrate: 38 1000000
Buffer size: 38 156001
Chunk bitrate: 38 1000000
Buffer size: 39 156001
Download Time: 2038199
[00007fc874003378] core mux error: cannot add this stream
[00007fc874122958] core decoder error: cannot create packetizer output (h264)
Chunk bitrate: 39 600000
Buffer size: 39 160001
Chunk bitrate: 39 600000
Buffer size: 40 160001
Download Time: 1097121
[00007fc874003378] core mux error: cannot add this stream
[00007fc8740cc1d8] core decoder error: cannot create packetizer output (h264)
Chunk bitrate: 40 600000
Buffer size: 41 164001
Download Time: 2649451
Chunk bitrate: 41 1000000
Buffer size: 41 168001
Chunk bitrate: 41 1000000
Buffer size: 42 168001
Download Time: 1390533
[00007fc874003378] core mux error: cannot add this stream
[00007fc874131708] core decoder error: cannot create packetizer output (h264)
Chunk bitrate: 42 600000
Buffer size: 42 172001
Chunk bitrate: 42 600000
Buffer size: 43 172001
Download Time: 1223266
[00007fc874003378] core mux error: cannot add this stream
[00007fc8741063b8] core decoder error: cannot create packetizer output (h264)
Chunk bitrate: 43 600000
Buffer size: 44 176001
Download Time: 820585
Chunk bitrate: 44 600000
Buffer size: 45 180001
Download Time: 1017129
Chunk bitrate: 45 349952
Buffer size: 45 184001
Chunk bitrate: 45 349952
Buffer size: 46 184001
Download Time: 935709
[00007fc874003378] core mux error: cannot add this stream
[00007fc87402d858] core decoder error: cannot create packetizer output (h264)
Chunk bitrate: 46 349952
Buffer size: 47 188001
Download Time: 651973
Chunk bitrate: 47 600000
Buffer size: 47 192001
Chunk bitrate: 47 600000
Buffer size: 48 192001
Download Time: 813468
[00007fc874003378] core mux error: cannot add this stream
[00007fc8740ec268] core decoder error: cannot create packetizer output (h264)
Chunk bitrate: 48 600000
Buffer size: 49 196001
Download Time: 1097622
Chunk bitrate: 49 600000
Buffer size: 50 200001
Download Time: 893729
Chunk bitrate: 50 349952
Buffer size: 50 204001
Chunk bitrate: 50 349952
Buffer size: 51 204001
Download Time: 776017
[00007fc874003378] core mux error: cannot add this stream
[00007fc8740fd598] core decoder error: cannot create packetizer output (h264)
Chunk bitrate: 51 349952
Buffer size: 52 208001
Download Time: 690474
Chunk bitrate: 52 1000000
Buffer size: 52 212001
Chunk bitrate: 52 1000000
Buffer size: 53 212001
Download Time: 1304540
[00007fc874003378] core mux error: cannot add this stream
[00007fc8741414e8] core decoder error: cannot create packetizer output (h264)
Chunk bitrate: 53 349952
Buffer size: 53 216001
Chunk bitrate: 53 349952
Buffer size: 54 216001
Download Time: 569855
[00007fc874003378] core mux error: cannot add this stream
[00007fc8740c4ea8] core decoder error: cannot create packetizer output (h264)
Chunk bitrate: 54 349952
Buffer size: 55 220001
Download Time: 735346
Chunk bitrate: 55 349952
Buffer size: 56 224001
Download Time: 1180467
Chunk bitrate: 56 600000
Buffer size: 56 228001
Chunk bitrate: 56 600000
Buffer size: 57 228001
Download Time: 860754
[00007fc874003378] core mux error: cannot add this stream
[00007fc874111018] core decoder error: cannot create packetizer output (h264)
Chunk bitrate: 57 600000
Buffer size: 58 232001
Download Time: 365339
Chunk bitrate: 58 349952
Buffer size: 58 236001
Chunk bitrate: 58 349952
Buffer size: 59 236001
Download Time: 846250
Download Time: 362915
[00007fc874003378] core mux error: cannot add this stream
[00007fc8740a86c8] core decoder error: cannot create packetizer output (h264)
Chunk bitrate: 59 349952
Buffer size: 60 240001
Download Time: 569211
Chunk bitrate: 60 349952
Buffer size: 61 244001
Download Time: 654693
Chunk bitrate: 61 600000
Buffer size: 61 248001
Chunk bitrate: 61 600000
Buffer size: 62 248001
Download Time: 608329
[00007fc874003378] core mux error: cannot add this stream
[00007fc8740e0148] core decoder error: cannot create packetizer output (h264)
Chunk bitrate: 62 349952
Buffer size: 62 252001
Chunk bitrate: 62 349952
Buffer size: 63 252001
Download Time: 324840
[00007fc874003378] core mux error: cannot add this stream
[00007fc8740fa698] core decoder error: cannot create packetizer output (h264)
Chunk bitrate: 63 349952
Buffer size: 64 256001
Download Time: 367589
Chunk bitrate: 64 600000
Buffer size: 64 260001
Chunk bitrate: 64 600000
Buffer size: 65 260001
[00007fc874003378] ps mux: Close
[00007fc8740bbc08] idummy demux: command `quit'
[0000000001fc31e8] [cli] lua interface error: Error loading script /home/cs244/vlc/share/lua/intf/cli.luac: lua/intf/modules/host.lua:286: Interrupted.
