[000000000218a1a8] core interface error: no suitable interface module
[00000000020c1338] core libvlc error: interface "globalhotkeys,none" initialization failed
[000000000218a1a8] dbus interface error: Failed to connect to the D-Bus session daemon: Unable to autolaunch a dbus-daemon without a $DISPLAY for X11
[000000000218a1a8] core interface error: no suitable interface module
[00000000020c1338] core libvlc error: interface "dbus,none" initialization failed
[00000000020c1338] core libvlc: Running vlc with the default interface. Use 'cvlc' to use vlc without interface.
[000000000218a1a8] qt interface error: Could not connect to X server
[000000000218a1a8] skins2 interface error: cannot initialize OSFactory
[000000000218a1a8] [cli] lua interface: Listening on host "*console".
VLC media player 3.0.0-git Vetinari
Command Line Interface initialized. Type `help' for help.
> [00007fb928003378] ps mux: Open
making a DASHManager
new ratebased adaptionlogic
Chunk bitrate: 0 349952
Buffer size: 0 0
Chunk bitrate: 0 349952
Buffer size: 0 0
[00007fb9280256f8] mp4 demux: Fragment sequence discontinuity detected 0 != 2
Download Time: 895047
[00007fb92801a168] mp4 demux: Fragment sequence discontinuity detected 0 != 2
Startup Time: 1050000
Chunk bitrate: 0 600000
Buffer size: 0 4001
Chunk bitrate: 0 600000
Buffer size: 1 4001
Download Time: 1589477
Chunk bitrate: 1 349952
Buffer size: 1 8001
Chunk bitrate: 1 349952
Buffer size: 2 8001
Download Time: 694275
Chunk bitrate: 2 349952
Buffer size: 3 12001
Download Time: 1142417
Chunk bitrate: 3 349952
Buffer size: 4 16001
Download Time: 735474
Chunk bitrate: 4 600000
Buffer size: 4 20001
Chunk bitrate: 4 600000
Buffer size: 5 20001
Download Time: 1829107
Chunk bitrate: 5 349952
Buffer size: 5 24001
Chunk bitrate: 5 349952
Buffer size: 6 24001
Download Time: 814874
Chunk bitrate: 6 349952
Buffer size: 7 28001
Download Time: 935218
Chunk bitrate: 7 600000
Buffer size: 7 32001
Chunk bitrate: 7 600000
Buffer size: 8 32001
Download Time: 1466689
Chunk bitrate: 8 349952
Buffer size: 8 36001
Chunk bitrate: 8 349952
Buffer size: 9 36001
Download Time: 899723
Chunk bitrate: 9 349952
Buffer size: 10 40001
Download Time: 931657
Chunk bitrate: 10 349952
Buffer size: 11 44001
Download Time: 810381
Chunk bitrate: 11 349952
Buffer size: 12 48001
Download Time: 1060906
Chunk bitrate: 12 349952
Buffer size: 13 52001
Download Time: 770403
Chunk bitrate: 13 600000
Buffer size: 13 56001
Chunk bitrate: 13 600000
Buffer size: 14 56001
Download Time: 1467611
Chunk bitrate: 14 600000
Buffer size: 15 60001
Download Time: 1261885
Chunk bitrate: 15 349952
Buffer size: 15 64001
Chunk bitrate: 15 349952
Buffer size: 16 64001
Download Time: 933834
Chunk bitrate: 16 600000
Buffer size: 16 68001
Chunk bitrate: 16 600000
Buffer size: 17 68001
Download Time: 1306357
Chunk bitrate: 17 349952
Buffer size: 17 72001
Chunk bitrate: 17 349952
Buffer size: 18 72001
Download Time: 775622
Chunk bitrate: 18 349952
Buffer size: 19 76001
Download Time: 1102704
Chunk bitrate: 19 349952
Buffer size: 20 80001
Download Time: 1345341
Chunk bitrate: 20 600000
Buffer size: 20 84001
Chunk bitrate: 20 600000
Buffer size: 21 84001
Download Time: 1018135
Chunk bitrate: 21 349952
Buffer size: 21 88001
Chunk bitrate: 21 349952
Buffer size: 22 88001
Download Time: 612399
Chunk bitrate: 22 349952
Buffer size: 23 92001
Download Time: 897051
Chunk bitrate: 23 349952
Buffer size: 24 96001
Download Time: 1183351
Chunk bitrate: 24 349952
Buffer size: 25 100001
Download Time: 1016524
Chunk bitrate: 25 349952
Buffer size: 26 104001
Download Time: 1183035
Chunk bitrate: 26 349952
Buffer size: 27 108001
Download Time: 687645
Chunk bitrate: 27 600000
Buffer size: 27 112001
Chunk bitrate: 27 600000
Buffer size: 28 112001
Download Time: 1873443
Chunk bitrate: 28 349952
Buffer size: 28 116001
Chunk bitrate: 28 349952
Buffer size: 29 116001
Download Time: 975204
Chunk bitrate: 29 349952
Buffer size: 30 120001
Download Time: 693665
Chunk bitrate: 30 349952
Buffer size: 31 124001
Download Time: 935391
Chunk bitrate: 31 349952
Buffer size: 32 128001
Download Time: 1138299
Chunk bitrate: 32 349952
Buffer size: 33 132001
Download Time: 1059377
Chunk bitrate: 33 349952
Buffer size: 34 136001
Download Time: 975740
Chunk bitrate: 34 349952
Buffer size: 35 140001
Download Time: 930282
Chunk bitrate: 35 349952
Buffer size: 36 144001
Download Time: 845567
Chunk bitrate: 36 349952
Buffer size: 37 148001
Download Time: 1785238
Chunk bitrate: 37 349952
Buffer size: 38 152001
Download Time: 895349
Chunk bitrate: 38 1000000
Buffer size: 38 156001
Chunk bitrate: 38 1000000
Buffer size: 39 156001
Download Time: 1868300
Chunk bitrate: 39 349952
Buffer size: 39 160001
Chunk bitrate: 39 349952
Buffer size: 40 160001
Download Time: 1058523
[00007fb928003378] core mux error: cannot add this stream
[00007fb92803c1a8] core decoder error: cannot create packetizer output (h264)
Chunk bitrate: 40 349952
Buffer size: 41 164001
Download Time: 978385
Chunk bitrate: 41 600000
Buffer size: 41 168001
Chunk bitrate: 41 600000
Buffer size: 42 168001
Download Time: 1307027
[00007fb928003378] core mux error: cannot add this stream
[00007fb9280f6b88] core decoder error: cannot create packetizer output (h264)
Chunk bitrate: 42 349952
Buffer size: 42 172001
Chunk bitrate: 42 349952
Buffer size: 43 172001
Download Time: 898476
[00007fb928003378] core mux error: cannot add this stream
[00007fb9280d7468] core decoder error: cannot create packetizer output (h264)
Chunk bitrate: 43 349952
Buffer size: 44 176001
Download Time: 1306969
Chunk bitrate: 44 349952
Buffer size: 45 180001
Download Time: 777407
Chunk bitrate: 45 349952
Buffer size: 46 184001
Download Time: 1219099
Chunk bitrate: 46 600000
Buffer size: 46 188001
Chunk bitrate: 46 600000
Buffer size: 47 188001
Download Time: 1382976
[00007fb928003378] core mux error: cannot add this stream
[00007fb9280f8b48] core decoder error: cannot create packetizer output (h264)
Chunk bitrate: 47 349952
Buffer size: 47 192001
Chunk bitrate: 47 349952
Buffer size: 48 192001
Download Time: 977641
[00007fb928003378] core mux error: cannot add this stream
[00007fb9280e2ea8] core decoder error: cannot create packetizer output (h264)
Chunk bitrate: 48 349952
Buffer size: 49 196001
Download Time: 1016846
Chunk bitrate: 49 349952
Buffer size: 50 200001
Download Time: 1263808
Chunk bitrate: 50 349952
Buffer size: 51 204001
Download Time: 978180
Chunk bitrate: 51 349952
Buffer size: 52 208001
Download Time: 1266211
Chunk bitrate: 52 349952
Buffer size: 53 212001
Download Time: 733293
Chunk bitrate: 53 349952
Buffer size: 54 216001
Download Time: 1380132
Chunk bitrate: 54 600000
Buffer size: 54 220001
Chunk bitrate: 54 600000
Buffer size: 55 220001
Download Time: 2155700
[00007fb928003378] core mux error: cannot add this stream
[00007fb92811a378] core decoder error: cannot create packetizer output (h264)
Chunk bitrate: 55 600000
Buffer size: 56 224001
Download Time: 1585052
Chunk bitrate: 56 600000
Buffer size: 57 228001
Download Time: 1022420
Chunk bitrate: 57 349952
Buffer size: 57 232001
Chunk bitrate: 57 349952
Buffer size: 58 232001
Download Time: 328821
[00007fb928003378] core mux error: cannot add this stream
[00007fb9280cb218] core decoder error: cannot create packetizer output (h264)
Chunk bitrate: 58 600000
Buffer size: 58 236001
Chunk bitrate: 58 600000
Buffer size: 59 236001
Download Time: 1465447
[00007fb928003378] core mux error: cannot add this stream
[00007fb9280ca6b8] core decoder error: cannot create packetizer output (h264)
Chunk bitrate: 59 349952
Buffer size: 59 240001
Chunk bitrate: 59 349952
Buffer size: 60 240001
Download Time: 944268
[00007fb928003378] core mux error: cannot add this stream
[00007fb9280f62f8] core decoder error: cannot create packetizer output (h264)
Chunk bitrate: 60 600000
Buffer size: 60 244001
Chunk bitrate: 60 600000
Buffer size: 61 244001
Download Time: 1288941
[00007fb928003378] core mux error: cannot add this stream
[00007fb928125318] core decoder error: cannot create packetizer output (h264)
Chunk bitrate: 61 349952
Buffer size: 61 248001
Chunk bitrate: 61 349952
Buffer size: 62 248001
Download Time: 652870
[00007fb928003378] core mux error: cannot add this stream
[00007fb9280cbce8] core decoder error: cannot create packetizer output (h264)
Chunk bitrate: 62 349952
Buffer size: 63 252001
Download Time: 572468
Chunk bitrate: 63 349952
Buffer size: 64 256001
Download Time: 728532
Chunk bitrate: 64 349952
Buffer size: 65 260001
[00007fb928003378] ps mux: Close
[00007fb928054018] idummy demux: command `quit'
[000000000218a1a8] [cli] lua interface error: Error loading script /home/cs244/vlc/share/lua/intf/cli.luac: lua/intf/modules/host.lua:286: Interrupted.
