[00000000014151a8] core interface error: no suitable interface module
[000000000134c338] core libvlc error: interface "globalhotkeys,none" initialization failed
[00000000014151a8] dbus interface error: Failed to connect to the D-Bus session daemon: Unable to autolaunch a dbus-daemon without a $DISPLAY for X11
[00000000014151a8] core interface error: no suitable interface module
[000000000134c338] core libvlc error: interface "dbus,none" initialization failed
[000000000134c338] core libvlc: Running vlc with the default interface. Use 'cvlc' to use vlc without interface.
[00000000014151a8] qt interface error: Could not connect to X server
[00000000014151a8] skins2 interface error: cannot initialize OSFactory
[00000000014151a8] [cli] lua interface: Listening on host "*console".
VLC media player 3.0.0-git Vetinari
Command Line Interface initialized. Type `help' for help.
> [00007fdcd0003378] ps mux: Open
making a DASHManager
new ratebased adaptionlogic
Chunk bitrate: 0 349952
Buffer size: 0 0
Chunk bitrate: 0 349952
Buffer size: 0 0
[00007fdcd0024b58] mp4 demux: Fragment sequence discontinuity detected 0 != 2
Download Time: 570771
[00007fdcd00237c8] mp4 demux: Fragment sequence discontinuity detected 0 != 2
Startup Time: 1050000
Chunk bitrate: 0 349952
Buffer size: 1 4001
Download Time: 967999
Chunk bitrate: 1 349952
Buffer size: 2 8001
Download Time: 731590
Chunk bitrate: 2 349952
Buffer size: 3 12001
Download Time: 529790
Chunk bitrate: 3 1000000
Buffer size: 3 16001
Chunk bitrate: 3 1000000
Buffer size: 4 16001
Download Time: 1383881
Chunk bitrate: 4 600000
Buffer size: 4 20001
Chunk bitrate: 4 600000
Buffer size: 5 20001
Download Time: 1093158
Chunk bitrate: 5 349952
Buffer size: 5 24001
Chunk bitrate: 5 349952
Buffer size: 6 24001
Download Time: 927167
Chunk bitrate: 6 600000
Buffer size: 6 28001
Chunk bitrate: 6 600000
Buffer size: 7 28001
Download Time: 1303219
Chunk bitrate: 7 600000
Buffer size: 8 32001
Download Time: 1138008
Chunk bitrate: 8 600000
Buffer size: 9 36001
Download Time: 1383169
Chunk bitrate: 9 600000
Buffer size: 10 40001
Download Time: 1100980
Chunk bitrate: 10 349952
Buffer size: 10 44001
Chunk bitrate: 10 349952
Buffer size: 11 44001
Download Time: 610712
Chunk bitrate: 11 1000000
Buffer size: 11 48001
Chunk bitrate: 11 1000000
Buffer size: 12 48001
Download Time: 1748304
Chunk bitrate: 12 349952
Buffer size: 12 52001
Chunk bitrate: 12 349952
Buffer size: 13 52001
Download Time: 590373
Chunk bitrate: 13 600000
Buffer size: 13 56001
Chunk bitrate: 13 600000
Buffer size: 14 56001
Download Time: 1183060
Chunk bitrate: 14 600000
Buffer size: 15 60001
Download Time: 1098408
Chunk bitrate: 15 349952
Buffer size: 15 64001
Chunk bitrate: 15 349952
Buffer size: 16 64001
Download Time: 409446
Chunk bitrate: 16 600000
Buffer size: 16 68001
Chunk bitrate: 16 600000
Buffer size: 17 68001
Download Time: 852906
Chunk bitrate: 17 1000000
Buffer size: 17 72001
Chunk bitrate: 17 1000000
Buffer size: 18 72001
Download Time: 2479628
Chunk bitrate: 18 1000000
Buffer size: 19 76001
Download Time: 648549
Chunk bitrate: 19 349952
Buffer size: 19 80001
Chunk bitrate: 19 349952
Buffer size: 20 80001
Download Time: 902088
Chunk bitrate: 20 600000
Buffer size: 20 84001
Chunk bitrate: 20 600000
Buffer size: 21 84001
Download Time: 450780
Chunk bitrate: 21 1000000
Buffer size: 21 88001
Chunk bitrate: 21 1000000
Buffer size: 22 88001
Download Time: 1550422
Chunk bitrate: 22 600000
Buffer size: 22 92001
Chunk bitrate: 22 600000
Buffer size: 23 92001
Download Time: 812075
Chunk bitrate: 23 1000000
Buffer size: 23 96001
Chunk bitrate: 23 1000000
Buffer size: 24 96001
Download Time: 1636128
[00007fdcd0003378] core mux error: cannot add this stream
[00007fdcd0092f08] core decoder error: cannot create packetizer output (h264)
Chunk bitrate: 24 600000
Buffer size: 24 100001
Chunk bitrate: 24 600000
Buffer size: 25 100001
Download Time: 926497
[00007fdcd0003378] core mux error: cannot add this stream
[00007fdcd010c838] core decoder error: cannot create packetizer output (h264)
Chunk bitrate: 25 600000
Buffer size: 26 104001
Download Time: 936369
Chunk bitrate: 26 349952
Buffer size: 26 108001
Chunk bitrate: 26 349952
Buffer size: 27 108001
Download Time: 450449
[00007fdcd0003378] core mux error: cannot add this stream
[00007fdcd00886d8] core decoder error: cannot create packetizer output (h264)
Chunk bitrate: 27 600000
Buffer size: 27 112001
Chunk bitrate: 27 600000
Buffer size: 28 112001
Download Time: 1465493
[00007fdcd0003378] core mux error: cannot add this stream
[00007fdcd00d6468] core decoder error: cannot create packetizer output (h264)
Chunk bitrate: 28 600000
Buffer size: 29 116001
Download Time: 1219992
Chunk bitrate: 29 600000
Buffer size: 30 120001
Download Time: 1302999
Chunk bitrate: 30 349952
Buffer size: 30 124001
Chunk bitrate: 30 349952
Buffer size: 31 124001
Download Time: 404825
[00007fdcd0003378] core mux error: cannot add this stream
[00007fdcd0058a98] core decoder error: cannot create packetizer output (h264)
Chunk bitrate: 31 1000000
Buffer size: 31 128001
Chunk bitrate: 31 1000000
Buffer size: 32 128001
Download Time: 1624387
[00007fdcd0003378] core mux error: cannot add this stream
[00007fdcd0135e08] core decoder error: cannot create packetizer output (h264)
Chunk bitrate: 32 600000
Buffer size: 32 132001
Chunk bitrate: 32 600000
Buffer size: 33 132001
Download Time: 818633
[00007fdcd0003378] core mux error: cannot add this stream
[00007fdcd00d46d8] core decoder error: cannot create packetizer output (h264)
Chunk bitrate: 33 600000
Buffer size: 34 136001
Download Time: 1225354
Chunk bitrate: 34 600000
Buffer size: 35 140001
Download Time: 1060036
Chunk bitrate: 35 1000000
Buffer size: 35 144001
Chunk bitrate: 35 1000000
Buffer size: 36 144001
Download Time: 1247906
[00007fdcd0003378] core mux error: cannot add this stream
[00007fdcd0110f78] core decoder error: cannot create packetizer output (h264)
Chunk bitrate: 36 349952
Buffer size: 36 148001
Chunk bitrate: 36 349952
Buffer size: 37 148001
Download Time: 1584162
[00007fdcd0003378] core mux error: cannot add this stream
[00007fdcd0110aa8] core decoder error: cannot create packetizer output (h264)
Chunk bitrate: 37 349952
Buffer size: 38 152001
Download Time: 2028964
Chunk bitrate: 38 349952
Buffer size: 39 156001
Download Time: 572436
Chunk bitrate: 39 600000
Buffer size: 39 160001
Chunk bitrate: 39 600000
Buffer size: 40 160001
Download Time: 608584
[00007fdcd0003378] core mux error: cannot add this stream
[00007fdcd00c4ca8] core decoder error: cannot create packetizer output (h264)
Chunk bitrate: 40 349952
Buffer size: 40 164001
Chunk bitrate: 40 349952
Buffer size: 41 164001
Download Time: 891869
[00007fdcd0003378] core mux error: cannot add this stream
[00007fdcd00ddce8] core decoder error: cannot create packetizer output (h264)
Chunk bitrate: 41 600000
Buffer size: 41 168001
Chunk bitrate: 41 600000
Buffer size: 42 168001
Download Time: 1097798
[00007fdcd0003378] core mux error: cannot add this stream
[00007fdcd00f4648] core decoder error: cannot create packetizer output (h264)
Chunk bitrate: 42 600000
Buffer size: 43 172001
Download Time: 1177309
Chunk bitrate: 43 600000
Buffer size: 44 176001
Download Time: 1589611
Chunk bitrate: 44 600000
Buffer size: 45 180001
Download Time: 892212
Chunk bitrate: 45 600000
Buffer size: 46 184001
Download Time: 1223854
Chunk bitrate: 46 349952
Buffer size: 46 188001
Chunk bitrate: 46 349952
Buffer size: 47 188001
Download Time: 602641
[00007fdcd0003378] core mux error: cannot add this stream
[00007fdcd00a7d68] core decoder error: cannot create packetizer output (h264)
Chunk bitrate: 47 349952
Buffer size: 48 192001
Download Time: 648934
Chunk bitrate: 48 349952
Buffer size: 49 196001
Download Time: 772260
Chunk bitrate: 49 349952
Buffer size: 50 200001
Download Time: 1105655
Chunk bitrate: 50 349952
Buffer size: 51 204001
Download Time: 572481
Chunk bitrate: 51 600000
Buffer size: 51 208001
Chunk bitrate: 51 600000
Buffer size: 52 208001
Download Time: 1058181
[00007fdcd0003378] core mux error: cannot add this stream
[00007fdcd011a868] core decoder error: cannot create packetizer output (h264)
Chunk bitrate: 52 349952
Buffer size: 52 212001
Chunk bitrate: 52 349952
Buffer size: 53 212001
Download Time: 770493
[00007fdcd0003378] core mux error: cannot add this stream
[00007fdcd00f01b8] core decoder error: cannot create packetizer output (h264)
Chunk bitrate: 53 1000000
Buffer size: 53 216001
Chunk bitrate: 53 1000000
Buffer size: 54 216001
Download Time: 2114341
[00007fdcd0003378] core mux error: cannot add this stream
[00007fdcd01615c8] core decoder error: cannot create packetizer output (h264)
Chunk bitrate: 54 600000
Buffer size: 54 220001
Chunk bitrate: 54 600000
Buffer size: 55 220001
Download Time: 771076
[00007fdcd0003378] core mux error: cannot add this stream
[00007fdcd0127158] core decoder error: cannot create packetizer output (h264)
Chunk bitrate: 55 600000
Buffer size: 56 224001
Download Time: 815100
Chunk bitrate: 56 600000
Buffer size: 57 228001
Download Time: 1017112
Chunk bitrate: 57 349952
Buffer size: 57 232001
Chunk bitrate: 57 349952
Buffer size: 58 232001
Download Time: 366712
[00007fdcd0003378] core mux error: cannot add this stream
[00007fdcd00d0a08] core decoder error: cannot create packetizer output (h264)
Chunk bitrate: 58 349952
Buffer size: 59 236001
Download Time: 1055142
Chunk bitrate: 59 600000
Buffer size: 59 240001
Chunk bitrate: 59 600000
Buffer size: 60 240001
Download Time: 772158
[00007fdcd0003378] core mux error: cannot add this stream
[00007fdcd012c308] core decoder error: cannot create packetizer output (h264)
Chunk bitrate: 60 600000
Buffer size: 61 244001
Download Time: 1467429
Chunk bitrate: 61 600000
Buffer size: 62 248001
Download Time: 569518
Chunk bitrate: 62 600000
Buffer size: 63 252001
Download Time: 449360
Chunk bitrate: 63 600000
Buffer size: 64 256001
Download Time: 608456
Chunk bitrate: 64 349952
Buffer size: 64 260001
Chunk bitrate: 64 349952
Buffer size: 65 260001
[00007fdcd0003378] ps mux: Close
[00007fdcc8000e98] idummy demux: command `quit'
[00000000014151a8] [cli] lua interface error: Error loading script /home/cs244/vlc/share/lua/intf/cli.luac: lua/intf/modules/host.lua:286: Interrupted.
