[0000000001a23788] core interface error: no suitable interface module
[0000000001961338] core libvlc error: interface "globalhotkeys,none" initialization failed
[0000000001a23788] dbus interface error: Failed to connect to the D-Bus session daemon: Unable to autolaunch a dbus-daemon without a $DISPLAY for X11
[0000000001a23788] core interface error: no suitable interface module
[0000000001961338] core libvlc error: interface "dbus,none" initialization failed
[0000000001961338] core libvlc: Running vlc with the default interface. Use 'cvlc' to use vlc without interface.
[0000000001a23788] qt interface error: Could not connect to X server
[0000000001a23788] skins2 interface error: cannot initialize OSFactory
[00007fe1ac003378] ps mux: Open
[0000000001a23788] [cli] lua interface: Listening on host "*console".
VLC media player 3.0.0-git Vetinari
Command Line Interface initialized. Type `help' for help.
> making a DASHManager
new ratebased adaptionlogic
Chunk bitrate: 0 349952
Buffer size: 0 0
Chunk bitrate: 0 349952
Buffer size: 0 0
[00007fe1ac0248d8] mp4 demux: Fragment sequence discontinuity detected 0 != 2
Download Time: 1057249
[00007fe1ac017a48] mp4 demux: Fragment sequence discontinuity detected 0 != 2
Startup Time: 1050000
Chunk bitrate: 0 349952
Buffer size: 1 4001
Download Time: 1056389
Chunk bitrate: 1 349952
Buffer size: 2 8001
Download Time: 450210
Chunk bitrate: 2 600000
Buffer size: 2 12001
Chunk bitrate: 2 600000
Buffer size: 3 12001
Download Time: 980422
Chunk bitrate: 3 349952
Buffer size: 3 16001
Chunk bitrate: 3 349952
Buffer size: 4 16001
Download Time: 814138
Chunk bitrate: 4 600000
Buffer size: 4 20001
Chunk bitrate: 4 600000
Buffer size: 5 20001
Download Time: 652513
Chunk bitrate: 5 600000
Buffer size: 6 24001
Download Time: 1256459
Chunk bitrate: 6 600000
Buffer size: 7 28001
Download Time: 569148
Chunk bitrate: 7 349952
Buffer size: 7 32001
Chunk bitrate: 7 349952
Buffer size: 8 32001
Download Time: 567807
Chunk bitrate: 8 600000
Buffer size: 8 36001
Chunk bitrate: 8 600000
Buffer size: 9 36001
Download Time: 1306423
Chunk bitrate: 9 600000
Buffer size: 10 40001
Download Time: 895734
Chunk bitrate: 10 1000000
Buffer size: 10 44001
Chunk bitrate: 10 1000000
Buffer size: 11 44001
Download Time: 1305517
Chunk bitrate: 11 349952
Buffer size: 11 48001
Chunk bitrate: 11 349952
Buffer size: 12 48001
Download Time: 1020576
Chunk bitrate: 12 600000
Buffer size: 12 52001
Chunk bitrate: 12 600000
Buffer size: 13 52001
Download Time: 1306481
Chunk bitrate: 13 1000000
Buffer size: 13 56001
Chunk bitrate: 13 1000000
Buffer size: 14 56001
Download Time: 1104831
Chunk bitrate: 14 600000
Buffer size: 14 60001
Chunk bitrate: 14 600000
Buffer size: 15 60001
Download Time: 1218380
Chunk bitrate: 15 600000
Buffer size: 16 64001
Download Time: 973666
Chunk bitrate: 16 349952
Buffer size: 16 68001
Chunk bitrate: 16 349952
Buffer size: 17 68001
Download Time: 570200
Chunk bitrate: 17 349952
Buffer size: 18 72001
Download Time: 567346
Chunk bitrate: 18 600000
Buffer size: 18 76001
Chunk bitrate: 18 600000
Buffer size: 19 76001
Download Time: 776201
Chunk bitrate: 19 349952
Buffer size: 19 80001
Chunk bitrate: 19 349952
Buffer size: 20 80001
Download Time: 2122253
Chunk bitrate: 20 349952
Buffer size: 21 84001
Download Time: 1386906
Chunk bitrate: 21 349952
Buffer size: 22 88001
Download Time: 653682
Chunk bitrate: 22 600000
Buffer size: 22 92001
Chunk bitrate: 22 600000
Buffer size: 23 92001
Download Time: 1747598
Chunk bitrate: 23 349952
Buffer size: 23 96001
Chunk bitrate: 23 349952
Buffer size: 24 96001
Download Time: 852518
Chunk bitrate: 24 600000
Buffer size: 24 100001
Chunk bitrate: 24 600000
Buffer size: 25 100001
Download Time: 529428
[00007fe1ac003378] core mux error: cannot add this stream
[00007fe1ac055d08] core decoder error: cannot create packetizer output (h264)
Chunk bitrate: 25 1000000
Buffer size: 25 104001
Chunk bitrate: 25 1000000
Buffer size: 26 104001
Download Time: 1226045
[00007fe1ac003378] core mux error: cannot add this stream
[00007fe1ac0b4d48] core decoder error: cannot create packetizer output (h264)
Chunk bitrate: 26 1000000
Buffer size: 27 108001
Download Time: 1099416
Chunk bitrate: 27 1000000
Buffer size: 28 112001
Download Time: 2839625
Chunk bitrate: 28 349952
Buffer size: 28 116001
Chunk bitrate: 28 349952
Buffer size: 29 116001
Download Time: 405241
[00007fe1ac003378] core mux error: cannot add this stream
[00007fe1ac0c4e08] core decoder error: cannot create packetizer output (h264)
Chunk bitrate: 29 349952
Buffer size: 30 120001
Download Time: 654228
Chunk bitrate: 30 600000
Buffer size: 30 124001
Chunk bitrate: 30 600000
Buffer size: 31 124001
Download Time: 935072
[00007fe1ac003378] core mux error: cannot add this stream
[00007fe1ac0def88] core decoder error: cannot create packetizer output (h264)
Chunk bitrate: 31 600000
Buffer size: 32 128001
Download Time: 1220139
Chunk bitrate: 32 349952
Buffer size: 32 132001
Chunk bitrate: 32 349952
Buffer size: 33 132001
Download Time: 894331
[00007fe1ac003378] core mux error: cannot add this stream
[00007fe1ac0e77c8] core decoder error: cannot create packetizer output (h264)
Chunk bitrate: 33 600000
Buffer size: 33 136001
Chunk bitrate: 33 600000
Buffer size: 34 136001
Download Time: 3265284
[00007fe1ac003378] core mux error: cannot add this stream
[00007fe1ac0f8fd8] core decoder error: cannot create packetizer output (h264)
Chunk bitrate: 34 1000000
Buffer size: 34 140001
Chunk bitrate: 34 1000000
Buffer size: 35 140001
Download Time: 1143542
[00007fe1ac003378] core mux error: cannot add this stream
[00007fe1ac0f8b08] core decoder error: cannot create packetizer output (h264)
Chunk bitrate: 35 349952
Buffer size: 35 144001
Chunk bitrate: 35 349952
Buffer size: 36 144001
Download Time: 568807
[00007fe1ac003378] core mux error: cannot add this stream
[00007fe1ac0f0bb8] core decoder error: cannot create packetizer output (h264)
Chunk bitrate: 36 349952
Buffer size: 37 148001
Download Time: 735667
Chunk bitrate: 37 600000
Buffer size: 37 152001
Chunk bitrate: 37 600000
Buffer size: 38 152001
Download Time: 772865
[00007fe1ac003378] core mux error: cannot add this stream
[00007fe1ac0fc618] core decoder error: cannot create packetizer output (h264)
Chunk bitrate: 38 2000000
Buffer size: 38 156001
Chunk bitrate: 38 2000000
Buffer size: 39 156001
Download Time: 2567465
[00007fe1ac003378] core mux error: cannot add this stream
[00007fe1ac0e4cf8] core decoder error: cannot create packetizer output (h264)
Chunk bitrate: 39 349952
Buffer size: 39 160001
Chunk bitrate: 39 349952
Buffer size: 40 160001
Download Time: 530145
[00007fe1ac003378] core mux error: cannot add this stream
[00007fe1ac0f2d28] core decoder error: cannot create packetizer output (h264)
Chunk bitrate: 40 600000
Buffer size: 40 164001
Chunk bitrate: 40 600000
Buffer size: 41 164001
Download Time: 1179463
[00007fe1ac003378] core mux error: cannot add this stream
[00007fe1ac10f188] core decoder error: cannot create packetizer output (h264)
Chunk bitrate: 41 600000
Buffer size: 42 168001
Download Time: 1105349
Chunk bitrate: 42 600000
Buffer size: 43 172001
Download Time: 975738
Chunk bitrate: 43 600000
Buffer size: 44 176001
Download Time: 972419
Chunk bitrate: 44 349952
Buffer size: 44 180001
Chunk bitrate: 44 349952
Buffer size: 45 180001
Download Time: 565231
[00007fe1ac003378] core mux error: cannot add this stream
[00007fe1ac0f7a48] core decoder error: cannot create packetizer output (h264)
Chunk bitrate: 45 600000
Buffer size: 45 184001
Chunk bitrate: 45 600000
Buffer size: 46 184001
Download Time: 1310798
[00007fe1ac003378] core mux error: cannot add this stream
[00007fe1ac112ec8] core decoder error: cannot create packetizer output (h264)
Chunk bitrate: 46 600000
Buffer size: 47 188001
Download Time: 608397
Chunk bitrate: 47 600000
Buffer size: 48 192001
Download Time: 814035
Chunk bitrate: 48 349952
Buffer size: 48 196001
Chunk bitrate: 48 349952
Buffer size: 49 196001
Download Time: 485205
[00007fe1ac003378] core mux error: cannot add this stream
[00007fe1ac0e18d8] core decoder error: cannot create packetizer output (h264)
Chunk bitrate: 49 600000
Buffer size: 49 200001
Chunk bitrate: 49 600000
Buffer size: 50 200001
Download Time: 1016348
[00007fe1ac003378] core mux error: cannot add this stream
[00007fe1ac116518] core decoder error: cannot create packetizer output (h264)
Chunk bitrate: 50 600000
Buffer size: 51 204001
Download Time: 897182
Chunk bitrate: 51 600000
Buffer size: 52 208001
Download Time: 1509344
Chunk bitrate: 52 600000
Buffer size: 53 212001
Download Time: 1015674
Chunk bitrate: 53 600000
Buffer size: 54 216001
Download Time: 1095059
Chunk bitrate: 54 600000
Buffer size: 55 220001
Download Time: 1388357
Chunk bitrate: 55 1000000
Buffer size: 55 224001
Chunk bitrate: 55 1000000
Buffer size: 56 224001
Download Time: 1390243
[00007fe1ac003378] core mux error: cannot add this stream
[00007fe1ac0edfd8] core decoder error: cannot create packetizer output (h264)
Chunk bitrate: 56 600000
Buffer size: 56 228001
Chunk bitrate: 56 600000
Buffer size: 57 228001
Download Time: 980819
[00007fe1ac003378] core mux error: cannot add this stream
[00007fe1ac0c79c8] core decoder error: cannot create packetizer output (h264)
Chunk bitrate: 57 600000
Buffer size: 58 232001
Download Time: 365449
Chunk bitrate: 58 1000000
Buffer size: 58 236001
Chunk bitrate: 58 1000000
Buffer size: 59 236001
Download Time: 1427425
[00007fe1ac003378] core mux error: cannot add this stream
[00007fe1ac0fdc88] core decoder error: cannot create packetizer output (h264)
Chunk bitrate: 59 1000000
Buffer size: 60 240001
Download Time: 2118603
Chunk bitrate: 60 600000
Buffer size: 60 244001
Chunk bitrate: 60 600000
Buffer size: 61 244001
Download Time: 977303
[00007fe1ac003378] core mux error: cannot add this stream
[00007fe1ac1660c8] core decoder error: cannot create packetizer output (h264)
Chunk bitrate: 61 600000
Buffer size: 62 248001
Download Time: 651831
Chunk bitrate: 62 600000
Buffer size: 63 252001
Download Time: 571617
Chunk bitrate: 63 349952
Buffer size: 63 256001
Chunk bitrate: 63 349952
Buffer size: 64 256001
Download Time: 410531
[00007fe1ac003378] core mux error: cannot add this stream
[00007fe1ac0f94e8] core decoder error: cannot create packetizer output (h264)
Chunk bitrate: 64 600000
Buffer size: 64 260001
Chunk bitrate: 64 600000
Buffer size: 65 260001
[00007fe1ac003378] ps mux: Close
[00007fe1ac102a58] idummy demux: command `quit'
[0000000001a23788] [cli] lua interface error: Error loading script /home/cs244/vlc/share/lua/intf/cli.luac: lua/intf/modules/host.lua:286: Interrupted.
