[000000000260f1e8] core interface error: no suitable interface module
[0000000002546338] core libvlc error: interface "globalhotkeys,none" initialization failed
[000000000260f1e8] dbus interface error: Failed to connect to the D-Bus session daemon: Unable to autolaunch a dbus-daemon without a $DISPLAY for X11
[000000000260f1e8] core interface error: no suitable interface module
[0000000002546338] core libvlc error: interface "dbus,none" initialization failed
[0000000002546338] core libvlc: Running vlc with the default interface. Use 'cvlc' to use vlc without interface.
[000000000260f1e8] qt interface error: Could not connect to X server
[000000000260f1e8] skins2 interface error: cannot initialize OSFactory
[00007f10ec003378] ps mux: Open
[000000000260f1e8] [cli] lua interface: Listening on host "*console".
VLC media player 3.0.0-git Vetinari
Command Line Interface initialized. Type `help' for help.
> making a DASHManager
new ratebased adaptionlogic
Chunk bitrate: 0 349952
Buffer size: 0 0
Chunk bitrate: 0 349952
Buffer size: 0 0
[00007f10ec0218a8] mp4 demux: Fragment sequence discontinuity detected 0 != 2
Download Time: 1499478
[00007f10ec017c58] mp4 demux: Fragment sequence discontinuity detected 0 != 2
Startup Time: 1050000
Chunk bitrate: 0 349952
Buffer size: 1 4001
Download Time: 1757391
Chunk bitrate: 1 349952
Buffer size: 2 8001
Download Time: 1015040
Chunk bitrate: 2 349952
Buffer size: 3 12001
Download Time: 1553249
Chunk bitrate: 3 349952
Buffer size: 4 16001
Download Time: 1220902
Chunk bitrate: 4 349952
Buffer size: 5 20001
Download Time: 1829448
Chunk bitrate: 5 349952
Buffer size: 6 24001
Download Time: 976648
Chunk bitrate: 6 349952
Buffer size: 7 28001
Download Time: 1299892
Chunk bitrate: 7 349952
Buffer size: 8 32001
Download Time: 1509025
Chunk bitrate: 8 349952
Buffer size: 9 36001
Download Time: 1383561
Chunk bitrate: 9 349952
Buffer size: 10 40001
Download Time: 1792876
Chunk bitrate: 10 349952
Buffer size: 11 44001
Download Time: 1300001
Chunk bitrate: 11 349952
Buffer size: 12 48001
Download Time: 1467992
Chunk bitrate: 12 349952
Buffer size: 13 52001
Download Time: 1264666
Chunk bitrate: 13 349952
Buffer size: 14 56001
Download Time: 1377243
Chunk bitrate: 14 349952
Buffer size: 15 60001
Download Time: 1300583
Chunk bitrate: 15 349952
Buffer size: 16 64001
Download Time: 1508431
Chunk bitrate: 16 349952
Buffer size: 17 68001
Download Time: 1181503
Chunk bitrate: 17 349952
Buffer size: 18 72001
Download Time: 1388844
Chunk bitrate: 18 349952
Buffer size: 19 76001
Download Time: 1057436
Chunk bitrate: 19 349952
Buffer size: 20 80001
Download Time: 1669113
Chunk bitrate: 20 349952
Buffer size: 21 84001
Download Time: 733540
Chunk bitrate: 21 349952
Buffer size: 22 88001
Download Time: 1176054
Chunk bitrate: 22 349952
Buffer size: 23 92001
Download Time: 1427611
Chunk bitrate: 23 349952
Buffer size: 24 96001
Download Time: 1464267
Chunk bitrate: 24 349952
Buffer size: 25 100001
Download Time: 1260783
Chunk bitrate: 25 349952
Buffer size: 26 104001
Download Time: 1418142
Chunk bitrate: 26 349952
Buffer size: 27 108001
Download Time: 774479
Chunk bitrate: 27 349952
Buffer size: 28 112001
Download Time: 1542953
Chunk bitrate: 28 349952
Buffer size: 29 116001
Download Time: 1462396
Chunk bitrate: 29 349952
Buffer size: 30 120001
Download Time: 1224983
Chunk bitrate: 30 349952
Buffer size: 31 124001
Download Time: 1343551
Chunk bitrate: 31 349952
Buffer size: 32 128001
Download Time: 1418969
Chunk bitrate: 32 349952
Buffer size: 33 132001
Download Time: 1666159
Chunk bitrate: 33 349952
Buffer size: 34 136001
Download Time: 1547751
Chunk bitrate: 34 349952
Buffer size: 35 140001
Download Time: 1304181
Chunk bitrate: 35 349952
Buffer size: 36 144001
Download Time: 1137023
Chunk bitrate: 36 600000
Buffer size: 36 148001
Chunk bitrate: 36 600000
Buffer size: 37 148001
Download Time: 2439354
Chunk bitrate: 37 349952
Buffer size: 37 152001
Chunk bitrate: 37 349952
Buffer size: 38 152001
Download Time: 1346713
Chunk bitrate: 38 600000
Buffer size: 38 156001
Chunk bitrate: 38 600000
Buffer size: 39 156001
Download Time: 1872092
Chunk bitrate: 39 349952
Buffer size: 39 160001
Download Time: 201658
Chunk bitrate: 39 349952
Buffer size: 40 160001
Download Time: 1465636
Download Time: 532369
Chunk bitrate: 40 349952
Buffer size: 41 164001
Download Time: 1539698
Chunk bitrate: 41 349952
Buffer size: 42 168001
Download Time: 1428146
Chunk bitrate: 42 349952
Buffer size: 43 172001
Download Time: 1384957
Chunk bitrate: 43 349952
Buffer size: 44 176001
Download Time: 1585986
Chunk bitrate: 44 349952
Buffer size: 45 180001
Download Time: 1265767
Chunk bitrate: 45 349952
Buffer size: 46 184001
Download Time: 1427676
Chunk bitrate: 46 349952
Buffer size: 47 188001
Download Time: 1665715
Chunk bitrate: 47 349952
Buffer size: 48 192001
Download Time: 1298184
Chunk bitrate: 48 349952
Buffer size: 49 196001
Download Time: 1305719
Chunk bitrate: 49 349952
Buffer size: 50 200001
Download Time: 1503135
Chunk bitrate: 50 349952
Buffer size: 51 204001
Download Time: 1387083
Chunk bitrate: 51 349952
Buffer size: 52 208001
Download Time: 1382231
Chunk bitrate: 52 349952
Buffer size: 53 212001
Download Time: 2197771
Chunk bitrate: 53 349952
Buffer size: 54 216001
Download Time: 1250769
Chunk bitrate: 54 349952
Buffer size: 55 220001
Download Time: 1629533
Chunk bitrate: 55 349952
Buffer size: 56 224001
Download Time: 1339834
Download Time: 534039
Chunk bitrate: 56 349952
Buffer size: 57 228001
Download Time: 1220772
Chunk bitrate: 57 349952
Buffer size: 58 232001
Download Time: 651447
Chunk bitrate: 58 349952
Buffer size: 59 236001
Download Time: 1791626
Chunk bitrate: 59 349952
Buffer size: 60 240001
Download Time: 1345839
Chunk bitrate: 60 349952
Buffer size: 61 244001
Download Time: 1378487
Chunk bitrate: 61 349952
Buffer size: 62 248001
Download Time: 690844
Chunk bitrate: 62 349952
Buffer size: 63 252001
Download Time: 445086
Chunk bitrate: 63 349952
Buffer size: 64 256001
Download Time: 1259272
Chunk bitrate: 64 349952
Buffer size: 65 260001
[00007f10ec003378] ps mux: Close
[00007f10f40012d8] idummy demux: command `quit'
[000000000260f1e8] [cli] lua interface error: Error loading script /home/cs244/vlc/share/lua/intf/cli.luac: lua/intf/modules/host.lua:286: Interrupted.
