[0000000002019788] core interface error: no suitable interface module
[0000000001f57338] core libvlc error: interface "globalhotkeys,none" initialization failed
[0000000002019788] dbus interface error: Failed to connect to the D-Bus session daemon: Unable to autolaunch a dbus-daemon without a $DISPLAY for X11
[0000000002019788] core interface error: no suitable interface module
[0000000001f57338] core libvlc error: interface "dbus,none" initialization failed
[0000000001f57338] core libvlc: Running vlc with the default interface. Use 'cvlc' to use vlc without interface.
[0000000002019788] qt interface error: Could not connect to X server
[0000000002019788] skins2 interface error: cannot initialize OSFactory
[0000000002019788] [cli] lua interface: Listening on host "*console".
VLC media player 3.0.0-git Vetinari
Command Line Interface initialized. Type `help' for help.
> [00007fd8e4003378] ps mux: Open
making a DASHManager
new ratebased adaptionlogic
Chunk bitrate: 0 349952
Buffer size: 0 0
Chunk bitrate: 0 349952
Buffer size: 0 0
[00007fd8e4024c88] mp4 demux: Fragment sequence discontinuity detected 0 != 2
Download Time: 1011692
[00007fd8e4017d98] mp4 demux: Fragment sequence discontinuity detected 0 != 2
Startup Time: 1050000
Chunk bitrate: 0 600000
Buffer size: 0 4001
Chunk bitrate: 0 600000
Buffer size: 1 4001
Download Time: 2064370
Chunk bitrate: 1 349952
Buffer size: 1 8001
Chunk bitrate: 1 349952
Buffer size: 2 8001
Download Time: 524021
Chunk bitrate: 2 600000
Buffer size: 2 12001
Chunk bitrate: 2 600000
Buffer size: 3 12001
Download Time: 1142507
Chunk bitrate: 3 600000
Buffer size: 4 16001
Download Time: 976076
Chunk bitrate: 4 349952
Buffer size: 4 20001
Chunk bitrate: 4 349952
Buffer size: 5 20001
Download Time: 852832
Chunk bitrate: 5 600000
Buffer size: 5 24001
Chunk bitrate: 5 600000
Buffer size: 6 24001
Download Time: 1054268
Chunk bitrate: 6 349952
Buffer size: 6 28001
Chunk bitrate: 6 349952
Buffer size: 7 28001
Download Time: 764999
Chunk bitrate: 7 349952
Buffer size: 8 32001
Download Time: 1009891
Chunk bitrate: 8 349952
Buffer size: 9 36001
Download Time: 1217621
Chunk bitrate: 9 349952
Buffer size: 10 40001
Download Time: 1219284
Chunk bitrate: 10 349952
Buffer size: 11 44001
Download Time: 682459
Chunk bitrate: 11 349952
Buffer size: 12 48001
Download Time: 854633
Chunk bitrate: 12 349952
Buffer size: 13 52001
Download Time: 854656
Chunk bitrate: 13 600000
Buffer size: 13 56001
Chunk bitrate: 13 600000
Buffer size: 14 56001
Download Time: 1419132
Chunk bitrate: 14 600000
Buffer size: 15 60001
Download Time: 977060
Chunk bitrate: 15 600000
Buffer size: 16 64001
Download Time: 979915
Chunk bitrate: 16 349952
Buffer size: 16 68001
Chunk bitrate: 16 349952
Buffer size: 17 68001
Download Time: 610119
Chunk bitrate: 17 349952
Buffer size: 18 72001
Download Time: 771663
Chunk bitrate: 18 349952
Buffer size: 19 76001
Download Time: 326117
Chunk bitrate: 19 349952
Buffer size: 20 80001
Download Time: 1135685
Chunk bitrate: 20 349952
Buffer size: 21 84001
Download Time: 1093320
Chunk bitrate: 21 600000
Buffer size: 21 88001
Chunk bitrate: 21 600000
Buffer size: 22 88001
Download Time: 937614
Chunk bitrate: 22 600000
Buffer size: 23 92001
Download Time: 1507449
Chunk bitrate: 23 600000
Buffer size: 24 96001
Download Time: 1345569
Chunk bitrate: 24 600000
Buffer size: 25 100001
Download Time: 928328
Chunk bitrate: 25 349952
Buffer size: 25 104001
Chunk bitrate: 25 349952
Buffer size: 26 104001
Download Time: 608092
Chunk bitrate: 26 600000
Buffer size: 26 108001
Chunk bitrate: 26 600000
Buffer size: 27 108001
Download Time: 776124
Chunk bitrate: 27 600000
Buffer size: 28 112001
Download Time: 1015089
Chunk bitrate: 28 349952
Buffer size: 28 116001
Chunk bitrate: 28 349952
Buffer size: 29 116001
Download Time: 1292190
Chunk bitrate: 29 600000
Buffer size: 29 120001
Chunk bitrate: 29 600000
Buffer size: 30 120001
Download Time: 1227194
Chunk bitrate: 30 349952
Buffer size: 30 124001
Chunk bitrate: 30 349952
Buffer size: 31 124001
Download Time: 859942
Chunk bitrate: 31 600000
Buffer size: 31 128001
Chunk bitrate: 31 600000
Buffer size: 32 128001
Download Time: 1464652
Chunk bitrate: 32 349952
Buffer size: 32 132001
Chunk bitrate: 32 349952
Buffer size: 33 132001
Download Time: 770861
[00007fd8e4003378] core mux error: cannot add this stream
[00007fd8e40c1198] core decoder error: cannot create packetizer output (h264)
Chunk bitrate: 33 349952
Buffer size: 34 136001
Download Time: 778769
Chunk bitrate: 34 349952
Buffer size: 35 140001
Download Time: 938120
Chunk bitrate: 35 600000
Buffer size: 35 144001
Chunk bitrate: 35 600000
Buffer size: 36 144001
Download Time: 1140465
[00007fd8e4003378] core mux error: cannot add this stream
[00007fd8e40e3758] core decoder error: cannot create packetizer output (h264)
Chunk bitrate: 36 600000
Buffer size: 37 148001
Download Time: 1542390
Chunk bitrate: 37 349952
Buffer size: 37 152001
Chunk bitrate: 37 349952
Buffer size: 38 152001
Download Time: 726989
[00007fd8e4003378] core mux error: cannot add this stream
[00007fd8e4045be8] core decoder error: cannot create packetizer output (h264)
Chunk bitrate: 38 1000000
Buffer size: 38 156001
Chunk bitrate: 38 1000000
Buffer size: 39 156001
Download Time: 1916832
[00007fd8e4003378] core mux error: cannot add this stream
[00007fd8e411f678] core decoder error: cannot create packetizer output (h264)
Chunk bitrate: 39 600000
Buffer size: 39 160001
Chunk bitrate: 39 600000
Buffer size: 40 160001
Download Time: 1173158
[00007fd8e4003378] core mux error: cannot add this stream
[00007fd8e40e9848] core decoder error: cannot create packetizer output (h264)
Chunk bitrate: 40 600000
Buffer size: 41 164001
Download Time: 1092611
Chunk bitrate: 41 349952
Buffer size: 41 168001
Chunk bitrate: 41 349952
Buffer size: 42 168001
Download Time: 612497
[00007fd8e4003378] core mux error: cannot add this stream
[00007fd8e40b8f68] core decoder error: cannot create packetizer output (h264)
Chunk bitrate: 42 349952
Buffer size: 43 172001
Download Time: 1266602
Chunk bitrate: 43 349952
Buffer size: 44 176001
Download Time: 1257186
Chunk bitrate: 44 349952
Buffer size: 45 180001
Download Time: 606036
Chunk bitrate: 45 1000000
Buffer size: 45 184001
Chunk bitrate: 45 1000000
Buffer size: 46 184001
Download Time: 1659956
[00007fd8e4003378] core mux error: cannot add this stream
[00007fd8e413c2b8] core decoder error: cannot create packetizer output (h264)
Chunk bitrate: 46 600000
Buffer size: 46 188001
Chunk bitrate: 46 600000
Buffer size: 47 188001
Download Time: 1051604
[00007fd8e4003378] core mux error: cannot add this stream
[00007fd8e40fb408] core decoder error: cannot create packetizer output (h264)
Chunk bitrate: 47 349952
Buffer size: 47 192001
Chunk bitrate: 47 349952
Buffer size: 48 192001
Download Time: 565492
[00007fd8e4003378] core mux error: cannot add this stream
[00007fd8e40e5be8] core decoder error: cannot create packetizer output (h264)
Chunk bitrate: 48 349952
Buffer size: 49 196001
Download Time: 768888
Chunk bitrate: 49 600000
Buffer size: 49 200001
Chunk bitrate: 49 600000
Buffer size: 50 200001
Download Time: 933807
[00007fd8e4003378] core mux error: cannot add this stream
[00007fd8e410fb88] core decoder error: cannot create packetizer output (h264)
Chunk bitrate: 50 600000
Buffer size: 51 204001
Download Time: 1992256
Chunk bitrate: 51 600000
Buffer size: 52 208001
Download Time: 2094705
Chunk bitrate: 52 349952
Buffer size: 52 212001
Chunk bitrate: 52 349952
Buffer size: 53 212001
Download Time: 976608
[00007fd8e4003378] core mux error: cannot add this stream
[00007fd8e40f20c8] core decoder error: cannot create packetizer output (h264)
Chunk bitrate: 53 600000
Buffer size: 53 216001
Chunk bitrate: 53 600000
Buffer size: 54 216001
Download Time: 1454038
[00007fd8e4003378] core mux error: cannot add this stream
[00007fd8e4116828] core decoder error: cannot create packetizer output (h264)
Chunk bitrate: 54 349952
Buffer size: 54 220001
Chunk bitrate: 54 349952
Buffer size: 55 220001
Download Time: 649148
[00007fd8e4003378] core mux error: cannot add this stream
[00007fd8e41024b8] core decoder error: cannot create packetizer output (h264)
Chunk bitrate: 55 349952
Buffer size: 56 224001
Download Time: 648894
Chunk bitrate: 56 600000
Buffer size: 56 228001
Chunk bitrate: 56 600000
Buffer size: 57 228001
Download Time: 973550
[00007fd8e4003378] core mux error: cannot add this stream
[00007fd8e410d5f8] core decoder error: cannot create packetizer output (h264)
Chunk bitrate: 57 600000
Buffer size: 58 232001
Download Time: 405312
Chunk bitrate: 58 600000
Buffer size: 59 236001
Download Time: 1582550
Chunk bitrate: 59 349952
Buffer size: 59 240001
Chunk bitrate: 59 349952
Buffer size: 60 240001
Download Time: 565092
[00007fd8e4003378] core mux error: cannot add this stream
[00007fd8e4105158] core decoder error: cannot create packetizer output (h264)
Chunk bitrate: 60 600000
Buffer size: 60 244001
Chunk bitrate: 60 600000
Buffer size: 61 244001
Download Time: 1140075
[00007fd8e4003378] core mux error: cannot add this stream
[00007fd8e412cc18] core decoder error: cannot create packetizer output (h264)
Chunk bitrate: 61 349952
Buffer size: 61 248001
Chunk bitrate: 61 349952
Buffer size: 62 248001
Download Time: 492693
[00007fd8e4003378] core mux error: cannot add this stream
[00007fd8e409a508] core decoder error: cannot create packetizer output (h264)
Chunk bitrate: 62 349952
Buffer size: 63 252001
Download Time: 446411
Chunk bitrate: 63 349952
Buffer size: 64 256001
Download Time: 530026
Chunk bitrate: 64 349952
Buffer size: 65 260001
[00007fd8e4003378] ps mux: Close
[00007fd8dc000e98] idummy demux: command `quit'
[0000000002019788] [cli] lua interface error: Error loading script /home/cs244/vlc/share/lua/intf/cli.luac: lua/intf/modules/host.lua:286: Interrupted.
