[00000000021201e8] core interface error: no suitable interface module
[0000000002057338] core libvlc error: interface "globalhotkeys,none" initialization failed
[00000000021201e8] dbus interface error: Failed to connect to the D-Bus session daemon: Unable to autolaunch a dbus-daemon without a $DISPLAY for X11
[00000000021201e8] core interface error: no suitable interface module
[0000000002057338] core libvlc error: interface "dbus,none" initialization failed
[0000000002057338] core libvlc: Running vlc with the default interface. Use 'cvlc' to use vlc without interface.
[00000000021201e8] qt interface error: Could not connect to X server
[00000000021201e8] skins2 interface error: cannot initialize OSFactory
[00000000021201e8] [cli] lua interface: Listening on host "*console".
VLC media player 3.0.0-git Vetinari
Command Line Interface initialized. Type `help' for help.
> [00007fa074003378] ps mux: Open
making a DASHManager
new ratebased adaptionlogic
Chunk bitrate: 0 349952
Buffer size: 0 0
Download Time: 260425
Chunk bitrate: 0 349952
Buffer size: 0 0
[00007fa074019468] mp4 demux: Fragment sequence discontinuity detected 0 != 2
Download Time: 619923
[00007fa074027168] mp4 demux: Fragment sequence discontinuity detected 0 != 2
Startup Time: 1050000
Chunk bitrate: 0 600000
Buffer size: 0 4001
Chunk bitrate: 0 600000
Buffer size: 1 4001
Download Time: 914103
Chunk bitrate: 1 600000
Buffer size: 2 8001
Download Time: 816289
Chunk bitrate: 2 1000000
Buffer size: 2 12001
Chunk bitrate: 2 1000000
Buffer size: 3 12001
Download Time: 1273311
Chunk bitrate: 3 600000
Buffer size: 3 16001
Chunk bitrate: 3 600000
Buffer size: 4 16001
Download Time: 713242
Chunk bitrate: 4 1000000
Buffer size: 4 20001
Chunk bitrate: 4 1000000
Buffer size: 5 20001
Download Time: 1664120
Chunk bitrate: 5 600000
Buffer size: 5 24001
Chunk bitrate: 5 600000
Buffer size: 6 24001
Download Time: 715715
Chunk bitrate: 6 1000000
Buffer size: 6 28001
Chunk bitrate: 6 1000000
Buffer size: 7 28001
Download Time: 1103869
Chunk bitrate: 7 600000
Buffer size: 7 32001
Chunk bitrate: 7 600000
Buffer size: 8 32001
Download Time: 811778
Chunk bitrate: 8 600000
Buffer size: 9 36001
Download Time: 816742
Chunk bitrate: 9 349952
Buffer size: 9 40001
Chunk bitrate: 9 349952
Buffer size: 10 40001
Download Time: 941642
Chunk bitrate: 10 600000
Buffer size: 10 44001
Chunk bitrate: 10 600000
Buffer size: 11 44001
Download Time: 777788
Chunk bitrate: 11 600000
Buffer size: 12 48001
Download Time: 1107545
Chunk bitrate: 12 600000
Buffer size: 13 52001
Download Time: 1037093
Chunk bitrate: 13 600000
Buffer size: 14 56001
Download Time: 1270335
Chunk bitrate: 14 600000
Buffer size: 15 60001
Download Time: 619934
Chunk bitrate: 15 349952
Buffer size: 15 64001
Chunk bitrate: 15 349952
Buffer size: 16 64001
Download Time: 258748
Chunk bitrate: 16 600000
Buffer size: 16 68001
Chunk bitrate: 16 600000
Buffer size: 17 68001
Download Time: 652696
Chunk bitrate: 17 349952
Buffer size: 17 72001
Chunk bitrate: 17 349952
Buffer size: 18 72001
Download Time: 424058
Chunk bitrate: 18 1000000
Buffer size: 18 76001
Chunk bitrate: 18 1000000
Buffer size: 19 76001
Download Time: 493987
Chunk bitrate: 19 600000
Buffer size: 19 80001
Chunk bitrate: 19 600000
Buffer size: 20 80001
Download Time: 1142840
Chunk bitrate: 20 600000
Buffer size: 21 84001
Download Time: 456487
Chunk bitrate: 21 1000000
Buffer size: 21 88001
Chunk bitrate: 21 1000000
Buffer size: 22 88001
Download Time: 912257
Chunk bitrate: 22 600000
Buffer size: 22 92001
Chunk bitrate: 22 600000
Buffer size: 23 92001
Download Time: 1145387
[00007fa074003378] core mux error: cannot add this stream
[00007fa074083a48] core decoder error: cannot create packetizer output (h264)
Chunk bitrate: 23 1000000
Buffer size: 23 96001
Chunk bitrate: 23 1000000
Buffer size: 24 96001
Download Time: 1174160
[00007fa074003378] core mux error: cannot add this stream
[00007fa074032558] core decoder error: cannot create packetizer output (h264)
Chunk bitrate: 24 349952
Buffer size: 24 100001
Chunk bitrate: 24 349952
Buffer size: 25 100001
Download Time: 419432
[00007fa074003378] core mux error: cannot add this stream
[00007fa074093988] core decoder error: cannot create packetizer output (h264)
Chunk bitrate: 25 600000
Buffer size: 25 104001
Chunk bitrate: 25 600000
Buffer size: 26 104001
Download Time: 844737
[00007fa074003378] core mux error: cannot add this stream
[00007fa0740baa58] core decoder error: cannot create packetizer output (h264)
Chunk bitrate: 26 349952
Buffer size: 26 108001
Chunk bitrate: 26 349952
Buffer size: 27 108001
Download Time: 521490
[00007fa074003378] core mux error: cannot add this stream
[00007fa0740a0fb8] core decoder error: cannot create packetizer output (h264)
Chunk bitrate: 27 349952
Buffer size: 28 112001
Download Time: 620047
Chunk bitrate: 28 349952
Buffer size: 29 116001
Download Time: 640816
Chunk bitrate: 29 600000
Buffer size: 29 120001
Chunk bitrate: 29 600000
Buffer size: 30 120001
Download Time: 555461
[00007fa074003378] core mux error: cannot add this stream
[00007fa074082178] core decoder error: cannot create packetizer output (h264)
Chunk bitrate: 30 600000
Buffer size: 31 124001
Download Time: 909045
Chunk bitrate: 31 600000
Buffer size: 32 128001
Download Time: 908634
Chunk bitrate: 32 600000
Buffer size: 33 132001
Download Time: 710790
Chunk bitrate: 33 600000
Buffer size: 34 136001
Download Time: 813919
Chunk bitrate: 34 600000
Buffer size: 35 140001
Download Time: 744360
Chunk bitrate: 35 600000
Buffer size: 36 144001
Download Time: 615958
Chunk bitrate: 36 1000000
Buffer size: 36 148001
Chunk bitrate: 36 1000000
Buffer size: 37 148001
Download Time: 1271343
[00007fa074003378] core mux error: cannot add this stream
[00007fa074072a58] core decoder error: cannot create packetizer output (h264)
Chunk bitrate: 37 1000000
Buffer size: 38 152001
Download Time: 1238793
Chunk bitrate: 38 2000000
Buffer size: 38 156001
Chunk bitrate: 38 2000000
Buffer size: 39 156001
Download Time: 1924544
[00007fa074003378] core mux error: cannot add this stream
[00007fa0740b8c48] core decoder error: cannot create packetizer output (h264)
Chunk bitrate: 39 1000000
Buffer size: 39 160001
Chunk bitrate: 39 1000000
Buffer size: 40 160001
Download Time: 1044005
[00007fa074003378] core mux error: cannot add this stream
[00007fa074113948] core decoder error: cannot create packetizer output (h264)
Chunk bitrate: 40 600000
Buffer size: 40 164001
Chunk bitrate: 40 600000
Buffer size: 41 164001
Download Time: 649519
[00007fa074003378] core mux error: cannot add this stream
[00007fa07410bb98] core decoder error: cannot create packetizer output (h264)
Chunk bitrate: 41 600000
Buffer size: 42 168001
Download Time: 1068450
Chunk bitrate: 42 600000
Buffer size: 43 172001
Download Time: 1106640
Chunk bitrate: 43 600000
Buffer size: 44 176001
Download Time: 874006
Chunk bitrate: 44 600000
Buffer size: 45 180001
Download Time: 582589
Chunk bitrate: 45 600000
Buffer size: 46 184001
Download Time: 877224
Chunk bitrate: 46 600000
Buffer size: 47 188001
Download Time: 654656
Chunk bitrate: 47 349952
Buffer size: 47 192001
Chunk bitrate: 47 349952
Buffer size: 48 192001
Download Time: 419286
[00007fa074003378] core mux error: cannot add this stream
[00007fa07407e988] core decoder error: cannot create packetizer output (h264)
Chunk bitrate: 48 600000
Buffer size: 48 196001
Chunk bitrate: 48 600000
Buffer size: 49 196001
Download Time: 679832
[00007fa074003378] core mux error: cannot add this stream
[00007fa074108968] core decoder error: cannot create packetizer output (h264)
Chunk bitrate: 49 600000
Buffer size: 50 200001
Download Time: 847069
Chunk bitrate: 50 600000
Buffer size: 51 204001
Download Time: 743294
Chunk bitrate: 51 600000
Buffer size: 52 208001
Download Time: 747620
Chunk bitrate: 52 1000000
Buffer size: 52 212001
Chunk bitrate: 52 1000000
Buffer size: 53 212001
Download Time: 2044395
[00007fa074003378] core mux error: cannot add this stream
[00007fa074140958] core decoder error: cannot create packetizer output (h264)
Chunk bitrate: 53 349952
Buffer size: 53 216001
Chunk bitrate: 53 349952
Buffer size: 54 216001
Download Time: 487387
[00007fa074003378] core mux error: cannot add this stream
[00007fa0740300b8] core decoder error: cannot create packetizer output (h264)
Chunk bitrate: 54 1000000
Buffer size: 54 220001
Chunk bitrate: 54 1000000
Buffer size: 55 220001
Download Time: 1402495
[00007fa074003378] core mux error: cannot add this stream
[00007fa074108c88] core decoder error: cannot create packetizer output (h264)
Chunk bitrate: 55 1000000
Buffer size: 56 224001
Download Time: 1337556
Chunk bitrate: 56 600000
Buffer size: 56 228001
Chunk bitrate: 56 600000
Buffer size: 57 228001
Download Time: 513028
[00007fa074003378] core mux error: cannot add this stream
[00007fa0740fcb78] core decoder error: cannot create packetizer output (h264)
Chunk bitrate: 57 600000
Buffer size: 58 232001
Download Time: 522270
Chunk bitrate: 58 349952
Buffer size: 58 236001
Chunk bitrate: 58 349952
Buffer size: 59 236001
Download Time: 550451
[00007fa074003378] core mux error: cannot add this stream
[00007fa0740e8d58] core decoder error: cannot create packetizer output (h264)
Chunk bitrate: 59 1000000
Buffer size: 59 240001
Chunk bitrate: 59 1000000
Buffer size: 60 240001
Download Time: 1208023
[00007fa074003378] core mux error: cannot add this stream
[00007fa0741544d8] core decoder error: cannot create packetizer output (h264)
Chunk bitrate: 60 1000000
Buffer size: 61 244001
Download Time: 941476
Chunk bitrate: 61 600000
Buffer size: 61 248001
Chunk bitrate: 61 600000
Buffer size: 62 248001
Download Time: 393995
[00007fa074003378] core mux error: cannot add this stream
[00007fa0740e67d8] core decoder error: cannot create packetizer output (h264)
Chunk bitrate: 62 600000
Buffer size: 63 252001
Download Time: 394732
Chunk bitrate: 63 600000
Buffer size: 64 256001
Download Time: 582295
Chunk bitrate: 64 1000000
Buffer size: 64 260001
Download Time: 231665
Chunk bitrate: 64 1000000
Buffer size: 65 260001
[00007fa074003378] ps mux: Close
[00007fa0780015c8] idummy demux: command `quit'
[00000000021201e8] [cli] lua interface error: Error loading script /home/cs244/vlc/share/lua/intf/cli.luac: lua/intf/modules/host.lua:286: Interrupted.
