[0000000001226548] core interface error: no suitable interface module
[000000000115f338] core libvlc error: interface "globalhotkeys,none" initialization failed
[0000000001226548] dbus interface error: Failed to connect to the D-Bus session daemon: Unable to autolaunch a dbus-daemon without a $DISPLAY for X11
[0000000001226548] core interface error: no suitable interface module
[000000000115f338] core libvlc error: interface "dbus,none" initialization failed
[000000000115f338] core libvlc: Running vlc with the default interface. Use 'cvlc' to use vlc without interface.
[0000000001226548] qt interface error: Could not connect to X server
[0000000001226548] skins2 interface error: cannot initialize OSFactory
[0000000001226548] [cli] lua interface: Listening on host "*console".
VLC media player 3.0.0-git Vetinari
Command Line Interface initialized. Type `help' for help.
> [00007f6c1c003378] ps mux: Open
making a DASHManager
new ratebased adaptionlogic
Chunk bitrate: 0 349952
Buffer size: 0 0
Chunk bitrate: 0 349952
Buffer size: 0 0
[00007f6c1c025418] mp4 demux: Fragment sequence discontinuity detected 0 != 2
Download Time: 588439
[00007f6c1c0176a8] mp4 demux: Fragment sequence discontinuity detected 0 != 2
Startup Time: 1050000
Chunk bitrate: 0 1000000
Buffer size: 0 4001
Chunk bitrate: 0 1000000
Buffer size: 1 4001
Download Time: 1612058
Chunk bitrate: 1 1000000
Buffer size: 2 8001
Download Time: 1170095
Chunk bitrate: 2 1000000
Buffer size: 3 12001
Download Time: 1547934
Chunk bitrate: 3 1000000
Buffer size: 4 16001
Download Time: 1311973
Chunk bitrate: 4 1000000
Buffer size: 5 20001
Download Time: 1734840
Chunk bitrate: 5 1000000
Buffer size: 6 24001
Download Time: 1102720
Chunk bitrate: 6 1000000
Buffer size: 7 28001
Download Time: 1199390
Chunk bitrate: 7 1000000
Buffer size: 8 32001
Download Time: 1656873
Chunk bitrate: 8 1000000
Buffer size: 9 36001
Download Time: 1475749
Chunk bitrate: 9 1000000
Buffer size: 10 40001
Download Time: 1368450
Chunk bitrate: 10 1000000
Buffer size: 11 44001
Download Time: 1400340
Chunk bitrate: 11 1000000
Buffer size: 12 48001
Download Time: 1731200
Chunk bitrate: 12 1000000
Buffer size: 13 52001
Download Time: 1551116
Chunk bitrate: 13 1000000
Buffer size: 14 56001
Download Time: 1332103
Chunk bitrate: 14 1000000
Buffer size: 15 60001
Download Time: 1167939
Chunk bitrate: 15 1000000
Buffer size: 16 64001
Download Time: 1539994
Chunk bitrate: 16 1000000
Buffer size: 17 68001
Download Time: 1360714
Chunk bitrate: 17 1000000
Buffer size: 18 72001
Download Time: 1540979
Chunk bitrate: 18 1000000
Buffer size: 19 76001
Download Time: 851207
Chunk bitrate: 19 1000000
Buffer size: 20 80001
Download Time: 1459829
Chunk bitrate: 20 1000000
Buffer size: 21 84001
Download Time: 947761
Chunk bitrate: 21 1000000
Buffer size: 22 88001
Download Time: 1320093
Chunk bitrate: 22 1000000
Buffer size: 23 92001
Download Time: 1668201
Chunk bitrate: 23 1000000
Buffer size: 24 96001
Download Time: 1564622
Chunk bitrate: 24 1000000
Buffer size: 25 100001
Download Time: 1360891
Chunk bitrate: 25 1000000
Buffer size: 26 104001
Download Time: 1336385
Chunk bitrate: 26 1000000
Buffer size: 27 108001
Download Time: 800459
Chunk bitrate: 27 1000000
Buffer size: 28 112001
Download Time: 1576688
Chunk bitrate: 28 1000000
Buffer size: 29 116001
Download Time: 1524430
Chunk bitrate: 29 1000000
Buffer size: 30 120001
Download Time: 1103430
Chunk bitrate: 30 1000000
Buffer size: 31 124001
Download Time: 1233233
Chunk bitrate: 31 1000000
Buffer size: 32 128001
Download Time: 1699943
Chunk bitrate: 32 1000000
Buffer size: 33 132001
Download Time: 1460472
Chunk bitrate: 33 1000000
Buffer size: 34 136001
Download Time: 1596683
Chunk bitrate: 34 1000000
Buffer size: 35 140001
Download Time: 1390772
Chunk bitrate: 35 1000000
Buffer size: 36 144001
Download Time: 1153172
Chunk bitrate: 36 1000000
Buffer size: 37 148001
Download Time: 1636275
Chunk bitrate: 37 1000000
Buffer size: 38 152001
Download Time: 1563052
Chunk bitrate: 38 2000000
Buffer size: 38 156001
Chunk bitrate: 38 2000000
Buffer size: 39 156001
Download Time: 2603033
Chunk bitrate: 39 1000000
Buffer size: 39 160001
Chunk bitrate: 39 1000000
Buffer size: 40 160001
Download Time: 1143580
Chunk bitrate: 40 1000000
Buffer size: 41 164001
Download Time: 1587298
Chunk bitrate: 41 1000000
Buffer size: 42 168001
Download Time: 1399459
Chunk bitrate: 42 1000000
Buffer size: 43 172001
Download Time: 1590129
Chunk bitrate: 43 1000000
Buffer size: 44 176001
Download Time: 1243672
Chunk bitrate: 44 1000000
Buffer size: 45 180001
Download Time: 1415707
Chunk bitrate: 45 1000000
Buffer size: 46 184001
Download Time: 1467718
Chunk bitrate: 46 1000000
Buffer size: 47 188001
Download Time: 1563246
Chunk bitrate: 47 1000000
Buffer size: 48 192001
Download Time: 1097070
Chunk bitrate: 48 1000000
Buffer size: 49 196001
Download Time: 1503674
Chunk bitrate: 49 1000000
Buffer size: 50 200001
Download Time: 1412353
Chunk bitrate: 50 1000000
Buffer size: 51 204001
Download Time: 1140839
Chunk bitrate: 51 1000000
Buffer size: 52 208001
Download Time: 1436801
Chunk bitrate: 52 1000000
Buffer size: 53 212001
Download Time: 1292619
Chunk bitrate: 53 1000000
Buffer size: 54 216001
Download Time: 1603589
Chunk bitrate: 54 1000000
Buffer size: 55 220001
Download Time: 1460608
Chunk bitrate: 55 1000000
Buffer size: 56 224001
Download Time: 1592963
Chunk bitrate: 56 1000000
Buffer size: 57 228001
Download Time: 967716
Chunk bitrate: 57 1000000
Buffer size: 58 232001
Download Time: 448387
Chunk bitrate: 58 1000000
Buffer size: 59 236001
Download Time: 1704882
Chunk bitrate: 59 1000000
Buffer size: 60 240001
Download Time: 1288494
Chunk bitrate: 60 1000000
Buffer size: 61 244001
Download Time: 1340753
Chunk bitrate: 61 1000000
Buffer size: 62 248001
Download Time: 483487
Chunk bitrate: 62 1000000
Buffer size: 63 252001
Download Time: 361205
Chunk bitrate: 63 1000000
Buffer size: 64 256001
Download Time: 668851
Chunk bitrate: 64 1000000
Buffer size: 65 260001
[00007f6c1c003378] ps mux: Close
[00007f6c180015c8] idummy demux: command `quit'
[0000000001226548] [cli] lua interface error: Error loading script /home/cs244/vlc/share/lua/intf/cli.luac: lua/intf/modules/host.lua:286: Interrupted.
