[0000000001ec21a8] core interface error: no suitable interface module
[0000000001df9338] core libvlc error: interface "globalhotkeys,none" initialization failed
[0000000001ec21a8] dbus interface error: Failed to connect to the D-Bus session daemon: Unable to autolaunch a dbus-daemon without a $DISPLAY for X11
[0000000001ec21a8] core interface error: no suitable interface module
[0000000001df9338] core libvlc error: interface "dbus,none" initialization failed
[0000000001df9338] core libvlc: Running vlc with the default interface. Use 'cvlc' to use vlc without interface.
[0000000001ec21a8] qt interface error: Could not connect to X server
[0000000001ec21a8] skins2 interface error: cannot initialize OSFactory
[0000000001ec21a8] [cli] lua interface: Listening on host "*console".
[00007f91bc003378] ps mux: Open
VLC media player 3.0.0-git Vetinari
Command Line Interface initialized. Type `help' for help.
> making a DASHManager
new ratebased adaptionlogic
Chunk bitrate: 0 349952
Buffer size: 0 0
Chunk bitrate: 0 349952
Buffer size: 0 0
[00007f91bc01a338] mp4 demux: Fragment sequence discontinuity detected 0 != 2
Download Time: 646823
[00007f91bc023948] mp4 demux: Fragment sequence discontinuity detected 0 != 2
Startup Time: 1050000
Chunk bitrate: 0 600000
Buffer size: 0 4001
Chunk bitrate: 0 600000
Buffer size: 1 4001
Download Time: 1031488
Chunk bitrate: 1 1000000
Buffer size: 1 8001
Chunk bitrate: 1 1000000
Buffer size: 2 8001
Download Time: 877675
Chunk bitrate: 2 600000
Buffer size: 2 12001
Chunk bitrate: 2 600000
Buffer size: 3 12001
Download Time: 975410
Chunk bitrate: 3 1000000
Buffer size: 3 16001
Chunk bitrate: 3 1000000
Buffer size: 4 16001
Download Time: 1431678
Chunk bitrate: 4 1000000
Buffer size: 5 20001
Download Time: 1433542
Chunk bitrate: 5 349952
Buffer size: 5 24001
Chunk bitrate: 5 349952
Buffer size: 6 24001
Download Time: 587200
Chunk bitrate: 6 349952
Buffer size: 7 28001
Download Time: 453695
Chunk bitrate: 7 1000000
Buffer size: 7 32001
Chunk bitrate: 7 1000000
Buffer size: 8 32001
Download Time: 974278
Chunk bitrate: 8 1000000
Buffer size: 9 36001
Download Time: 2020391
Chunk bitrate: 9 600000
Buffer size: 9 40001
Chunk bitrate: 9 600000
Buffer size: 10 40001
Download Time: 1136337
Chunk bitrate: 10 1000000
Buffer size: 10 44001
Chunk bitrate: 10 1000000
Buffer size: 11 44001
Download Time: 1328860
Chunk bitrate: 11 600000
Buffer size: 11 48001
Chunk bitrate: 11 600000
Buffer size: 12 48001
Download Time: 840291
Chunk bitrate: 12 1000000
Buffer size: 12 52001
Chunk bitrate: 12 1000000
Buffer size: 13 52001
Download Time: 1854251
Chunk bitrate: 13 349952
Buffer size: 13 56001
Chunk bitrate: 13 349952
Buffer size: 14 56001
Download Time: 651312
Chunk bitrate: 14 600000
Buffer size: 14 60001
Chunk bitrate: 14 600000
Buffer size: 15 60001
Download Time: 819310
Chunk bitrate: 15 349952
Buffer size: 15 64001
Chunk bitrate: 15 349952
Buffer size: 16 64001
Download Time: 1272300
Chunk bitrate: 16 349952
Buffer size: 17 68001
Download Time: 709813
Chunk bitrate: 17 600000
Buffer size: 17 72001
Chunk bitrate: 17 600000
Buffer size: 18 72001
Download Time: 815555
Chunk bitrate: 18 600000
Buffer size: 19 76001
Download Time: 715453
Chunk bitrate: 19 600000
Buffer size: 20 80001
Download Time: 979439
Chunk bitrate: 20 1000000
Buffer size: 20 84001
Chunk bitrate: 20 1000000
Buffer size: 21 84001
Download Time: 1103353
Chunk bitrate: 21 349952
Buffer size: 21 88001
Chunk bitrate: 21 349952
Buffer size: 22 88001
Download Time: 577561
[00007f91bc003378] core mux error: cannot add this stream
[00007f91bc09f148] core decoder error: cannot create packetizer output (h264)
Chunk bitrate: 22 600000
Buffer size: 22 92001
Chunk bitrate: 22 600000
Buffer size: 23 92001
Download Time: 842164
[00007f91bc003378] core mux error: cannot add this stream
[00007f91bc0b6b48] core decoder error: cannot create packetizer output (h264)
Chunk bitrate: 23 600000
Buffer size: 24 96001
Download Time: 879343
Chunk bitrate: 24 600000
Buffer size: 25 100001
Download Time: 747962
Chunk bitrate: 25 349952
Buffer size: 25 104001
Chunk bitrate: 25 349952
Buffer size: 26 104001
Download Time: 583213
[00007f91bc003378] core mux error: cannot add this stream
[00007f91bc04c4f8] core decoder error: cannot create packetizer output (h264)
Chunk bitrate: 26 349952
Buffer size: 27 108001
Download Time: 482839
Chunk bitrate: 27 349952
Buffer size: 28 112001
Download Time: 583395
Chunk bitrate: 28 600000
Buffer size: 28 116001
Chunk bitrate: 28 600000
Buffer size: 29 116001
Download Time: 943059
[00007f91bc003378] core mux error: cannot add this stream
[00007f91bc0eea78] core decoder error: cannot create packetizer output (h264)
Chunk bitrate: 29 600000
Buffer size: 30 120001
Download Time: 1139990
Chunk bitrate: 30 349952
Buffer size: 30 124001
Chunk bitrate: 30 349952
Buffer size: 31 124001
Download Time: 749611
[00007f91bc003378] core mux error: cannot add this stream
[00007f91bc02c238] core decoder error: cannot create packetizer output (h264)
Chunk bitrate: 31 600000
Buffer size: 31 128001
Chunk bitrate: 31 600000
Buffer size: 32 128001
Download Time: 1238683
[00007f91bc003378] core mux error: cannot add this stream
[00007f91bc0f4ad8] core decoder error: cannot create packetizer output (h264)
Chunk bitrate: 32 600000
Buffer size: 33 132001
Download Time: 821311
Chunk bitrate: 33 1000000
Buffer size: 33 136001
Chunk bitrate: 33 1000000
Buffer size: 34 136001
Download Time: 1391015
[00007f91bc003378] core mux error: cannot add this stream
[00007f91bc133b88] core decoder error: cannot create packetizer output (h264)
Chunk bitrate: 34 600000
Buffer size: 34 140001
Chunk bitrate: 34 600000
Buffer size: 35 140001
Download Time: 1119334
[00007f91bc003378] core mux error: cannot add this stream
[00007f91bc0e2058] core decoder error: cannot create packetizer output (h264)
Chunk bitrate: 35 600000
Buffer size: 36 144001
Download Time: 1210374
Chunk bitrate: 36 600000
Buffer size: 37 148001
Download Time: 1105454
Chunk bitrate: 37 600000
Buffer size: 38 152001
Download Time: 1165784
Chunk bitrate: 38 1000000
Buffer size: 38 156001
Chunk bitrate: 38 1000000
Buffer size: 39 156001
Download Time: 1330589
[00007f91bc003378] core mux error: cannot add this stream
[00007f91bc1273e8] core decoder error: cannot create packetizer output (h264)
Chunk bitrate: 39 600000
Buffer size: 39 160001
Chunk bitrate: 39 600000
Buffer size: 40 160001
Download Time: 787581
[00007f91bc003378] core mux error: cannot add this stream
[00007f91bc0f0398] core decoder error: cannot create packetizer output (h264)
Chunk bitrate: 40 1000000
Buffer size: 40 164001
Chunk bitrate: 40 1000000
Buffer size: 41 164001
Download Time: 1489759
[00007f91bc003378] core mux error: cannot add this stream
[00007f91bc143558] core decoder error: cannot create packetizer output (h264)
Chunk bitrate: 41 600000
Buffer size: 41 168001
Chunk bitrate: 41 600000
Buffer size: 42 168001
Download Time: 965776
[00007f91bc003378] core mux error: cannot add this stream
[00007f91bc1009c8] core decoder error: cannot create packetizer output (h264)
Chunk bitrate: 42 1000000
Buffer size: 42 172001
Chunk bitrate: 42 1000000
Buffer size: 43 172001
Download Time: 1488250
[00007f91bc003378] core mux error: cannot add this stream
[00007f91bc089e98] core decoder error: cannot create packetizer output (h264)
Chunk bitrate: 43 600000
Buffer size: 43 176001
Chunk bitrate: 43 600000
Buffer size: 44 176001
Download Time: 1366651
Download Time: 262489
[00007f91bc003378] core mux error: cannot add this stream
[00007f91bc1063e8] core decoder error: cannot create packetizer output (h264)
Chunk bitrate: 44 600000
Buffer size: 45 180001
Download Time: 1107292
Chunk bitrate: 45 349952
Buffer size: 45 184001
Chunk bitrate: 45 349952
Buffer size: 46 184001
Download Time: 555781
[00007f91bc003378] core mux error: cannot add this stream
[00007f91bc0dc008] core decoder error: cannot create packetizer output (h264)
Chunk bitrate: 46 600000
Buffer size: 46 188001
Chunk bitrate: 46 600000
Buffer size: 47 188001
Download Time: 742328
[00007f91bc003378] core mux error: cannot add this stream
[00007f91bc10aef8] core decoder error: cannot create packetizer output (h264)
Chunk bitrate: 47 600000
Buffer size: 48 192001
Download Time: 842858
Chunk bitrate: 48 600000
Buffer size: 49 196001
Download Time: 1305344
Chunk bitrate: 49 600000
Buffer size: 50 200001
Download Time: 1068285
Chunk bitrate: 50 1000000
Buffer size: 50 204001
Chunk bitrate: 50 1000000
Buffer size: 51 204001
Download Time: 1102016
[00007f91bc003378] core mux error: cannot add this stream
[00007f91bc100388] core decoder error: cannot create packetizer output (h264)
Chunk bitrate: 51 600000
Buffer size: 51 208001
Chunk bitrate: 51 600000
Buffer size: 52 208001
Download Time: 1009792
[00007f91bc003378] core mux error: cannot add this stream
[00007f91bc11de78] core decoder error: cannot create packetizer output (h264)
Chunk bitrate: 52 349952
Buffer size: 52 212001
Chunk bitrate: 52 349952
Buffer size: 53 212001
Download Time: 613709
[00007f91bc003378] core mux error: cannot add this stream
[00007f91bc0ed358] core decoder error: cannot create packetizer output (h264)
Chunk bitrate: 53 1000000
Buffer size: 53 216001
Chunk bitrate: 53 1000000
Buffer size: 54 216001
Download Time: 1914532
[00007f91bc003378] core mux error: cannot add this stream
[00007f91bc165c08] core decoder error: cannot create packetizer output (h264)
Chunk bitrate: 54 349952
Buffer size: 54 220001
Chunk bitrate: 54 349952
Buffer size: 55 220001
Download Time: 746188
[00007f91bc003378] core mux error: cannot add this stream
[00007f91bc101b78] core decoder error: cannot create packetizer output (h264)
Chunk bitrate: 55 600000
Buffer size: 55 224001
Download Time: 322474
Chunk bitrate: 55 600000
Buffer size: 56 224001
Download Time: 815578
[00007f91bc003378] core mux error: cannot add this stream
[00007f91bc12a0a8] core decoder error: cannot create packetizer output (h264)
Chunk bitrate: 56 349952
Buffer size: 56 228001
Chunk bitrate: 56 349952
Buffer size: 57 228001
Download Time: 456266
[00007f91bc003378] core mux error: cannot add this stream
[00007f91bc043898] core decoder error: cannot create packetizer output (h264)
Chunk bitrate: 57 349952
Buffer size: 58 232001
Download Time: 229591
Chunk bitrate: 58 600000
Buffer size: 58 236001
Download Time: 262242
Chunk bitrate: 58 600000
Buffer size: 59 236001
Download Time: 1012956
[00007f91bc003378] core mux error: cannot add this stream
[00007f91bc0b9158] core decoder error: cannot create packetizer output (h264)
Chunk bitrate: 59 600000
Buffer size: 60 240001
Download Time: 1144520
Chunk bitrate: 60 1000000
Buffer size: 60 244001
Download Time: 350624
Chunk bitrate: 60 1000000
Buffer size: 61 244001
Download Time: 1031371
[00007f91bc003378] core mux error: cannot add this stream
[00007f91bc162f08] core decoder error: cannot create packetizer output (h264)
Chunk bitrate: 61 1000000
Buffer size: 62 248001
Download Time: 611021
Chunk bitrate: 62 349952
Buffer size: 62 252001
Download Time: 193675
Chunk bitrate: 62 349952
Buffer size: 63 252001
Download Time: 292122
[00007f91bc003378] core mux error: cannot add this stream
[00007f91bc12cc88] core decoder error: cannot create packetizer output (h264)
Chunk bitrate: 63 349952
Buffer size: 64 256001
Download Time: 324003
Chunk bitrate: 64 600000
Buffer size: 64 260001
Chunk bitrate: 64 600000
Buffer size: 65 260001
[00007f91bc003378] ps mux: Close
[00007f91b80010f8] idummy demux: command `quit'
[0000000001ec21a8] [cli] lua interface error: Error loading script /home/cs244/vlc/share/lua/intf/cli.luac: lua/intf/modules/host.lua:286: Interrupted.
