[00000000021131e8] core interface error: no suitable interface module
[000000000204a338] core libvlc error: interface "globalhotkeys,none" initialization failed
[00000000021131e8] dbus interface error: Failed to connect to the D-Bus session daemon: Unable to autolaunch a dbus-daemon without a $DISPLAY for X11
[00000000021131e8] core interface error: no suitable interface module
[000000000204a338] core libvlc error: interface "dbus,none" initialization failed
[000000000204a338] core libvlc: Running vlc with the default interface. Use 'cvlc' to use vlc without interface.
[00000000021131e8] qt interface error: Could not connect to X server
[00000000021131e8] skins2 interface error: cannot initialize OSFactory
[00000000021131e8] [cli] lua interface: Listening on host "*console".
VLC media player 3.0.0-git Vetinari
Command Line Interface initialized. Type `help' for help.
> [00007f3ba4003378] ps mux: Open
making a DASHManager
new ratebased adaptionlogic
Chunk bitrate: 0 349952
Buffer size: 0 0
Chunk bitrate: 0 349952
Buffer size: 0 0
[00007f3ba4023808] mp4 demux: Fragment sequence discontinuity detected 0 != 2
Download Time: 486708
[00007f3ba4024c68] mp4 demux: Fragment sequence discontinuity detected 0 != 2
Startup Time: 1050000
Chunk bitrate: 0 349952
Buffer size: 1 4001
Download Time: 531686
Chunk bitrate: 1 600000
Buffer size: 1 8001
Chunk bitrate: 1 600000
Buffer size: 2 8001
Download Time: 896938
Chunk bitrate: 2 600000
Buffer size: 3 12001
Download Time: 1791516
Chunk bitrate: 3 1000000
Buffer size: 3 16001
Chunk bitrate: 3 1000000
Buffer size: 4 16001
Download Time: 1672775
Chunk bitrate: 4 600000
Buffer size: 4 20001
Chunk bitrate: 4 600000
Buffer size: 5 20001
Download Time: 1668013
Chunk bitrate: 5 349952
Buffer size: 5 24001
Chunk bitrate: 5 349952
Buffer size: 6 24001
Download Time: 369847
Chunk bitrate: 6 600000
Buffer size: 6 28001
Chunk bitrate: 6 600000
Buffer size: 7 28001
Download Time: 1868701
Chunk bitrate: 7 1000000
Buffer size: 7 32001
Chunk bitrate: 7 1000000
Buffer size: 8 32001
Download Time: 1510678
Chunk bitrate: 8 349952
Buffer size: 8 36001
Chunk bitrate: 8 349952
Buffer size: 9 36001
Download Time: 765714
Chunk bitrate: 9 349952
Buffer size: 10 40001
Download Time: 815172
Chunk bitrate: 10 349952
Buffer size: 11 44001
Download Time: 734575
Chunk bitrate: 11 600000
Buffer size: 11 48001
Chunk bitrate: 11 600000
Buffer size: 12 48001
Download Time: 979164
Chunk bitrate: 12 600000
Buffer size: 13 52001
Download Time: 976800
Chunk bitrate: 13 600000
Buffer size: 14 56001
Download Time: 855066
Chunk bitrate: 14 349952
Buffer size: 14 60001
Chunk bitrate: 14 349952
Buffer size: 15 60001
Download Time: 692936
Chunk bitrate: 15 349952
Buffer size: 16 64001
Download Time: 567304
Chunk bitrate: 16 1000000
Buffer size: 16 68001
Chunk bitrate: 16 1000000
Buffer size: 17 68001
Download Time: 1221179
Chunk bitrate: 17 600000
Buffer size: 17 72001
Chunk bitrate: 17 600000
Buffer size: 18 72001
Download Time: 646307
Chunk bitrate: 18 600000
Buffer size: 19 76001
Download Time: 569778
Chunk bitrate: 19 600000
Buffer size: 20 80001
Download Time: 1058061
Chunk bitrate: 20 1000000
Buffer size: 20 84001
Chunk bitrate: 20 1000000
Buffer size: 21 84001
Download Time: 1960308
Chunk bitrate: 21 600000
Buffer size: 21 88001
Chunk bitrate: 21 600000
Buffer size: 22 88001
Download Time: 939141
Chunk bitrate: 22 600000
Buffer size: 23 92001
Download Time: 1012321
Chunk bitrate: 23 349952
Buffer size: 23 96001
Chunk bitrate: 23 349952
Buffer size: 24 96001
Download Time: 406734
Chunk bitrate: 24 600000
Buffer size: 24 100001
Chunk bitrate: 24 600000
Buffer size: 25 100001
Download Time: 1059712
Chunk bitrate: 25 349952
Buffer size: 25 104001
Chunk bitrate: 25 349952
Buffer size: 26 104001
Download Time: 777038
[00007f3ba4003378] core mux error: cannot add this stream
[00007f3ba406dc08] core decoder error: cannot create packetizer output (h264)
Chunk bitrate: 26 600000
Buffer size: 26 108001
Chunk bitrate: 26 600000
Buffer size: 27 108001
Download Time: 607928
[00007f3ba4003378] core mux error: cannot add this stream
[00007f3ba4095e38] core decoder error: cannot create packetizer output (h264)
Chunk bitrate: 27 349952
Buffer size: 27 112001
Chunk bitrate: 27 349952
Buffer size: 28 112001
Download Time: 1053111
[00007f3ba4003378] core mux error: cannot add this stream
[00007f3ba409fc38] core decoder error: cannot create packetizer output (h264)
Chunk bitrate: 28 1000000
Buffer size: 28 116001
Chunk bitrate: 28 1000000
Buffer size: 29 116001
Download Time: 1181893
[00007f3ba4003378] core mux error: cannot add this stream
[00007f3ba411d158] core decoder error: cannot create packetizer output (h264)
Chunk bitrate: 29 1000000
Buffer size: 30 120001
Download Time: 815958
Chunk bitrate: 30 1000000
Buffer size: 31 124001
Download Time: 973313
Chunk bitrate: 31 600000
Buffer size: 31 128001
Chunk bitrate: 31 600000
Buffer size: 32 128001
Download Time: 1021468
[00007f3ba4003378] core mux error: cannot add this stream
[00007f3ba4048fd8] core decoder error: cannot create packetizer output (h264)
Chunk bitrate: 32 600000
Buffer size: 33 132001
Download Time: 1628714
Chunk bitrate: 33 600000
Buffer size: 34 136001
Download Time: 891795
Chunk bitrate: 34 1000000
Buffer size: 34 140001
Chunk bitrate: 34 1000000
Buffer size: 35 140001
Download Time: 1219821
[00007f3ba4003378] core mux error: cannot add this stream
[00007f3ba40d9258] core decoder error: cannot create packetizer output (h264)
Chunk bitrate: 35 349952
Buffer size: 35 144001
Chunk bitrate: 35 349952
Buffer size: 36 144001
Download Time: 734353
[00007f3ba4003378] core mux error: cannot add this stream
[00007f3ba40ff098] core decoder error: cannot create packetizer output (h264)
Chunk bitrate: 36 600000
Buffer size: 36 148001
Chunk bitrate: 36 600000
Buffer size: 37 148001
Download Time: 978254
[00007f3ba4003378] core mux error: cannot add this stream
[00007f3ba40eab18] core decoder error: cannot create packetizer output (h264)
Chunk bitrate: 37 349952
Buffer size: 37 152001
Chunk bitrate: 37 349952
Buffer size: 38 152001
Download Time: 493620
[00007f3ba4003378] core mux error: cannot add this stream
[00007f3ba40e76c8] core decoder error: cannot create packetizer output (h264)
Chunk bitrate: 38 1000000
Buffer size: 38 156001
Chunk bitrate: 38 1000000
Buffer size: 39 156001
Download Time: 1382147
[00007f3ba4003378] core mux error: cannot add this stream
[00007f3ba4125a38] core decoder error: cannot create packetizer output (h264)
Chunk bitrate: 39 349952
Buffer size: 39 160001
Chunk bitrate: 39 349952
Buffer size: 40 160001
Download Time: 898753
[00007f3ba4003378] core mux error: cannot add this stream
[00007f3ba40a22a8] core decoder error: cannot create packetizer output (h264)
Chunk bitrate: 40 600000
Buffer size: 40 164001
Chunk bitrate: 40 600000
Buffer size: 41 164001
Download Time: 1145584
[00007f3ba4003378] core mux error: cannot add this stream
[00007f3ba410e848] core decoder error: cannot create packetizer output (h264)
Chunk bitrate: 41 349952
Buffer size: 41 168001
Chunk bitrate: 41 349952
Buffer size: 42 168001
Download Time: 607077
[00007f3ba4003378] core mux error: cannot add this stream
[00007f3ba40e3e28] core decoder error: cannot create packetizer output (h264)
Chunk bitrate: 42 349952
Buffer size: 43 172001
Download Time: 1179869
Chunk bitrate: 43 349952
Buffer size: 44 176001
Download Time: 568887
Chunk bitrate: 44 349952
Buffer size: 45 180001
Download Time: 692940
Chunk bitrate: 45 349952
Buffer size: 46 184001
Download Time: 729317
Chunk bitrate: 46 349952
Buffer size: 47 188001
Download Time: 613137
Chunk bitrate: 47 600000
Buffer size: 47 192001
Chunk bitrate: 47 600000
Buffer size: 48 192001
Download Time: 651903
[00007f3ba4003378] core mux error: cannot add this stream
[00007f3ba4109698] core decoder error: cannot create packetizer output (h264)
Chunk bitrate: 48 1000000
Buffer size: 48 196001
Chunk bitrate: 48 1000000
Buffer size: 49 196001
Download Time: 1466060
[00007f3ba4003378] core mux error: cannot add this stream
[00007f3ba414e628] core decoder error: cannot create packetizer output (h264)
Chunk bitrate: 49 349952
Buffer size: 49 200001
Chunk bitrate: 49 349952
Buffer size: 50 200001
Download Time: 647937
[00007f3ba4003378] core mux error: cannot add this stream
[00007f3ba4040bf8] core decoder error: cannot create packetizer output (h264)
Chunk bitrate: 50 600000
Buffer size: 50 204001
Chunk bitrate: 50 600000
Buffer size: 51 204001
Download Time: 773737
[00007f3ba4003378] core mux error: cannot add this stream
[00007f3ba41131b8] core decoder error: cannot create packetizer output (h264)
Chunk bitrate: 51 600000
Buffer size: 52 208001
Download Time: 1100992
Chunk bitrate: 52 349952
Buffer size: 52 212001
Chunk bitrate: 52 349952
Buffer size: 53 212001
Download Time: 528101
[00007f3ba4003378] core mux error: cannot add this stream
[00007f3ba40ea648] core decoder error: cannot create packetizer output (h264)
Chunk bitrate: 53 600000
Buffer size: 53 216001
Chunk bitrate: 53 600000
Buffer size: 54 216001
Download Time: 937557
[00007f3ba4003378] core mux error: cannot add this stream
[00007f3ba411f608] core decoder error: cannot create packetizer output (h264)
Chunk bitrate: 54 600000
Buffer size: 55 220001
Download Time: 977681
Chunk bitrate: 55 349952
Buffer size: 55 224001
Chunk bitrate: 55 349952
Buffer size: 56 224001
Download Time: 575653
[00007f3ba4003378] core mux error: cannot add this stream
[00007f3ba4113f88] core decoder error: cannot create packetizer output (h264)
Chunk bitrate: 56 600000
Buffer size: 56 228001
Chunk bitrate: 56 600000
Buffer size: 57 228001
Download Time: 814258
[00007f3ba4003378] core mux error: cannot add this stream
[00007f3ba4112c98] core decoder error: cannot create packetizer output (h264)
Chunk bitrate: 57 349952
Buffer size: 57 232001
Chunk bitrate: 57 349952
Buffer size: 58 232001
Download Time: 492027
[00007f3ba4003378] core mux error: cannot add this stream
[00007f3ba40b7f78] core decoder error: cannot create packetizer output (h264)
Chunk bitrate: 58 349952
Buffer size: 59 236001
Download Time: 853638
Chunk bitrate: 59 600000
Buffer size: 59 240001
Chunk bitrate: 59 600000
Buffer size: 60 240001
Download Time: 979718
[00007f3ba4003378] core mux error: cannot add this stream
[00007f3ba4130ad8] core decoder error: cannot create packetizer output (h264)
Chunk bitrate: 60 349952
Buffer size: 60 244001
Chunk bitrate: 60 349952
Buffer size: 61 244001
Download Time: 532019
[00007f3ba4003378] core mux error: cannot add this stream
[00007f3ba410aac8] core decoder error: cannot create packetizer output (h264)
Chunk bitrate: 61 600000
Buffer size: 61 248001
Chunk bitrate: 61 600000
Buffer size: 62 248001
Download Time: 203735
[00007f3ba4003378] core mux error: cannot add this stream
[00007f3ba4096088] core decoder error: cannot create packetizer output (h264)
Chunk bitrate: 62 600000
Buffer size: 63 252001
Download Time: 811700
Chunk bitrate: 63 349952
Buffer size: 63 256001
Chunk bitrate: 63 349952
Buffer size: 64 256001
Download Time: 367865
[00007f3ba4003378] core mux error: cannot add this stream
[00007f3ba40fbb28] core decoder error: cannot create packetizer output (h264)
Chunk bitrate: 64 349952
Buffer size: 65 260001
[00007f3ba4003378] ps mux: Close
[00007f3ba4107b78] idummy demux: command `quit'
[00000000021131e8] [cli] lua interface error: Error loading script /home/cs244/vlc/share/lua/intf/cli.luac: lua/intf/modules/host.lua:286: Interrupted.
