[00000000021b9768] core interface error: no suitable interface module
[00000000020f7338] core libvlc error: interface "globalhotkeys,none" initialization failed
[00000000021b9768] dbus interface error: Failed to connect to the D-Bus session daemon: Unable to autolaunch a dbus-daemon without a $DISPLAY for X11
[00000000021b9768] core interface error: no suitable interface module
[00000000020f7338] core libvlc error: interface "dbus,none" initialization failed
[00000000020f7338] core libvlc: Running vlc with the default interface. Use 'cvlc' to use vlc without interface.
[00000000021b9768] qt interface error: Could not connect to X server
[00000000021b9768] skins2 interface error: cannot initialize OSFactory
[00000000021b9768] [cli] lua interface: Listening on host "*console".
VLC media player 3.0.0-git Vetinari
Command Line Interface initialized. Type `help' for help.
> [00007fa790003378] ps mux: Open
making a DASHManager
new ratebased adaptionlogic
Chunk bitrate: 0 349952
Buffer size: 0 0
Chunk bitrate: 0 349952
Buffer size: 0 0
[00007fa790027098] mp4 demux: Fragment sequence discontinuity detected 0 != 2
Download Time: 1387381
[00007fa790024308] mp4 demux: Fragment sequence discontinuity detected 0 != 2
Startup Time: 1050000
Chunk bitrate: 0 349952
Buffer size: 1 4001
Download Time: 1501536
Chunk bitrate: 1 349952
Buffer size: 2 8001
Download Time: 931624
Chunk bitrate: 2 349952
Buffer size: 3 12001
Download Time: 2883202
Chunk bitrate: 3 349952
Buffer size: 4 16001
Download Time: 1061060
Chunk bitrate: 4 600000
Buffer size: 4 20001
Chunk bitrate: 4 600000
Buffer size: 5 20001
Download Time: 2075561
Chunk bitrate: 5 349952
Buffer size: 5 24001
Chunk bitrate: 5 349952
Buffer size: 6 24001
Download Time: 1174947
Chunk bitrate: 6 349952
Buffer size: 7 28001
Download Time: 890420
Chunk bitrate: 7 349952
Buffer size: 8 32001
Download Time: 1138691
Chunk bitrate: 8 349952
Buffer size: 9 36001
Download Time: 1295121
Chunk bitrate: 9 349952
Buffer size: 10 40001
Download Time: 1219467
Chunk bitrate: 10 349952
Buffer size: 11 44001
Download Time: 1011906
Chunk bitrate: 11 349952
Buffer size: 12 48001
Download Time: 1383073
Chunk bitrate: 12 349952
Buffer size: 13 52001
Download Time: 1131465
Chunk bitrate: 13 349952
Buffer size: 14 56001
Download Time: 1304608
Chunk bitrate: 14 349952
Buffer size: 15 60001
Download Time: 2483160
Chunk bitrate: 15 349952
Buffer size: 16 64001
Download Time: 1794516
Chunk bitrate: 16 349952
Buffer size: 17 68001
Download Time: 1136979
Chunk bitrate: 17 349952
Buffer size: 18 72001
Download Time: 2071190
Chunk bitrate: 18 349952
Buffer size: 19 76001
Download Time: 1097549
Chunk bitrate: 19 349952
Buffer size: 20 80001
Download Time: 1304470
Chunk bitrate: 20 349952
Buffer size: 21 84001
Download Time: 853213
Chunk bitrate: 21 349952
Buffer size: 22 88001
Download Time: 1270233
Chunk bitrate: 22 349952
Buffer size: 23 92001
Download Time: 1873522
Chunk bitrate: 23 349952
Buffer size: 24 96001
Download Time: 1300953
Chunk bitrate: 24 349952
Buffer size: 25 100001
Download Time: 1223156
Chunk bitrate: 25 349952
Buffer size: 26 104001
Download Time: 1062217
Chunk bitrate: 26 349952
Buffer size: 27 108001
Download Time: 977530
Chunk bitrate: 27 349952
Buffer size: 28 112001
Download Time: 1132707
Chunk bitrate: 28 349952
Buffer size: 29 116001
Download Time: 1301418
Chunk bitrate: 29 349952
Buffer size: 30 120001
Download Time: 1260162
Chunk bitrate: 30 349952
Buffer size: 31 124001
Download Time: 1178975
Chunk bitrate: 31 349952
Buffer size: 32 128001
Download Time: 1218028
Chunk bitrate: 32 600000
Buffer size: 32 132001
Chunk bitrate: 32 600000
Buffer size: 33 132001
Download Time: 1903924
Chunk bitrate: 33 349952
Buffer size: 33 136001
Chunk bitrate: 33 349952
Buffer size: 34 136001
Download Time: 1343460
Chunk bitrate: 34 349952
Buffer size: 35 140001
Download Time: 1292761
Chunk bitrate: 35 349952
Buffer size: 36 144001
Download Time: 1903885
Chunk bitrate: 36 600000
Buffer size: 36 148001
Chunk bitrate: 36 600000
Buffer size: 37 148001
Download Time: 2565075
Chunk bitrate: 37 349952
Buffer size: 37 152001
Download Time: 284834
Chunk bitrate: 37 349952
Buffer size: 38 152001
Download Time: 1181693
Chunk bitrate: 38 600000
Buffer size: 38 156001
Chunk bitrate: 38 600000
Buffer size: 39 156001
Download Time: 1997964
Chunk bitrate: 39 349952
Buffer size: 39 160001
Chunk bitrate: 39 349952
Buffer size: 40 160001
Download Time: 1015580
Chunk bitrate: 40 349952
Buffer size: 41 164001
Download Time: 1590724
Chunk bitrate: 41 349952
Buffer size: 42 168001
Download Time: 1838096
Chunk bitrate: 42 349952
Buffer size: 43 172001
Download Time: 1170984
Chunk bitrate: 43 349952
Buffer size: 44 176001
Download Time: 1180745
Chunk bitrate: 44 349952
Buffer size: 45 180001
Download Time: 1219033
Chunk bitrate: 45 349952
Buffer size: 46 184001
Download Time: 1546034
Chunk bitrate: 46 349952
Buffer size: 47 188001
Download Time: 1465789
Chunk bitrate: 47 349952
Buffer size: 48 192001
Download Time: 1344818
Chunk bitrate: 48 349952
Buffer size: 49 196001
Download Time: 1340698
Chunk bitrate: 49 349952
Buffer size: 50 200001
Download Time: 1336357
Chunk bitrate: 50 349952
Buffer size: 51 204001
Download Time: 934973
Chunk bitrate: 51 349952
Buffer size: 52 208001
Download Time: 1143800
Chunk bitrate: 52 349952
Buffer size: 53 212001
Download Time: 1382868
Chunk bitrate: 53 349952
Buffer size: 54 216001
Download Time: 1141045
Chunk bitrate: 54 349952
Buffer size: 55 220001
Download Time: 1300000
Chunk bitrate: 55 349952
Buffer size: 56 224001
Download Time: 1300261
Chunk bitrate: 56 349952
Buffer size: 57 228001
Download Time: 896382
Chunk bitrate: 57 349952
Buffer size: 58 232001
Download Time: 897045
Chunk bitrate: 58 349952
Buffer size: 59 236001
Download Time: 1793122
Chunk bitrate: 59 349952
Buffer size: 60 240001
Download Time: 1015686
Chunk bitrate: 60 349952
Buffer size: 61 244001
Download Time: 1180123
Chunk bitrate: 61 349952
Buffer size: 62 248001
Download Time: 692252
Chunk bitrate: 62 349952
Buffer size: 63 252001
Download Time: 490848
Chunk bitrate: 63 600000
Buffer size: 63 256001
Chunk bitrate: 63 600000
Buffer size: 64 256001
Download Time: 1912235
Chunk bitrate: 64 349952
Buffer size: 64 260001
Chunk bitrate: 64 349952
Buffer size: 65 260001
[00007fa790003378] ps mux: Close
[00007fa79006f238] idummy demux: command `quit'
[00000000021b9768] [cli] lua interface error: Error loading script /home/cs244/vlc/share/lua/intf/cli.luac: lua/intf/modules/host.lua:286: Interrupted.
