19
38
57
76
95
114
133
152
171
190
209
228
247
266
285
304
323
342
361
380
399
418
437
456
475
494
513
532
551
570
589
608
627
646
665
684
703
722
741
760
779
798
817
836
855
874
893
912
931
950
969
988
1005
1022
1039
1056
1073
1090
1107
1124
1141
1158
1175
1192
1209
1226
1243
1260
1277
1294
1311
1328
1345
1362
1379
1396
1413
1430
1447
1464
1481
1498
1515
1532
1549
1566
1583
1600
1617
1634
1651
1668
1685
1702
1719
1736
1753
1770
1787
1804
1821
1838
1855
1872
1889
1906
1923
1940
1957
1974
1991
2008
2025
2042
2059
2076
2093
2110
2127
2144
2161
2178
2195
2212
2229
2246
2263
2280
2297
2314
2331
2348
2365
2382
2399
2416
2433
2450
2467
2484
2501
2518
2535
2552
2569
2586
2603
2620
2637
2654
2671
2688
2705
2722
2739
2756
2773
2790
2807
2824
2841
2858
2875
2892
2909
2926
2943
2960
2978
2996
3014
3032
3050
3068
3086
3104
3122
3140
3158
3176
3194
3212
3230
3248
3266
3284
3302
3320
3338
3356
3374
3392
3410
3428
3446
3464
3482
3500
3518
3536
3554
3572
3590
3608
3626
3644
3662
3680
3698
3716
3734
3752
3770
3788
3806
3824
3842
3860
3878
3896
3914
3932
3950
3967
3984
4001
4018
4035
4052
4069
4086
4103
4120
4137
4154
4171
4188
4205
4222
4239
4256
4273
4290
4307
4324
4341
4358
4375
4392
4409
4426
4443
4460
4477
4494
4511
4528
4545
4562
4579
4596
4613
4630
4647
4664
4681
4698
4715
4732
4749
4766
4783
4800
4817
4834
4851
4868
4885
4902
4919
4936
4955
4974
4993
5012
5031
5050
5069
5088
5107
5126
5145
5164
5183
5202
5221
5240
5259
5278
5297
5316
5335
5354
5373
5392
5411
5430
5449
5468
5487
5506
5525
5544
5563
5582
5601
5620
5639
5658
5677
5696
5715
5734
5753
5772
5791
5810
5829
5848
5867
5886
5905
5924
5942
5960
5978
5996
6014
6032
6050
6068
6086
6104
6122
6140
6158
6176
6194
6212
6230
6248
6266
6284
6302
6320
6338
6356
6374
6392
6410
6428
6446
6464
6482
6500
6518
6536
6554
6572
6590
6608
6626
6644
6662
6680
6698
6716
6734
6752
6770
6788
6806
6824
6842
6860
6878
6896
6914
6933
6952
6971
6990
7009
7028
7047
7066
7085
7104
7123
7142
7161
7180
7199
7218
7237
7256
7275
7294
7313
7332
7351
7370
7389
7408
7427
7446
7465
7484
7503
7522
7541
7560
7579
7598
7617
7636
7655
7674
7693
7712
7731
7750
7769
7788
7807
7826
7845
7864
7883
7902
7919
7936
7953
7970
7987
8004
8021
8038
8055
8072
8089
8106
8123
8140
8157
8174
8191
8208
8225
8242
8259
8276
8293
8310
8327
8344
8361
8378
8395
8412
8429
8446
8463
8480
8497
8514
8531
8548
8565
8582
8599
8616
8633
8650
8667
8684
8701
8718
8735
8752
8769
8786
8803
8820
8837
8854
8871
8888
8906
8924
8942
8960
8978
8996
9014
9032
9050
9068
9086
9104
9122
9140
9158
9176
9194
9212
9230
9248
9266
9284
9302
9320
9338
9356
9374
9392
9410
9428
9446
9464
9482
9500
9518
9536
9554
9572
9590
9608
9626
9644
9662
9680
9698
9716
9734
9752
9770
9788
9806
9824
9842
9860
9878
9896
9914
9932
9950
9968
9986
10004
10022
10040
10058
10076
10094
10112
10130
10148
10166
10184
10202
10220
10238
10256
10274
10292
10310
10328
10346
10364
10382
10400
10418
10436
10454
10472
10490
10508
10526
10544
10562
10580
10598
10616
10634
10652
10670
10688
10706
10724
10742
10760
10778
10796
10814
10832
10850
10868
10886
10904
10922
10940
10958
10976
10994
11012
11030
11048
11066
11084
11102
11120
11138
11156
11174
11192
11210
11228
11246
11264
11282
11300
11318
11336
11354
11372
11390
11408
11426
11444
11462
11480
11498
11516
11534
11552
11570
11588
11606
11624
11642
11660
11678
11696
11714
11732
11750
11768
11786
11804
11822
11840
11858
11875
11892
11909
11926
11943
11960
11977
11994
12011
12028
12045
12062
12079
12096
12113
12130
12147
12164
12181
12198
12215
12232
12249
12266
12283
12300
12317
12334
12351
12368
12385
12402
12419
12436
12453
12470
12487
12504
12521
12538
12555
12572
12589
12606
12623
12640
12657
12674
12691
12708
12725
12742
12759
12776
12793
12810
12827
12844
12862
12880
12898
12916
12934
12952
12970
12988
13006
13024
13042
13060
13078
13096
13114
13132
13150
13168
13186
13204
13222
13240
13258
13276
13294
13312
13330
13348
13366
13384
13402
13420
13438
13456
13474
13492
13510
13528
13546
13564
13582
13600
13618
13636
13654
13672
13690
13708
13726
13744
13762
13780
13798
13816
13834
13851
13868
13885
13902
13919
13936
13953
13970
13987
14004
14021
14038
14055
14072
14089
14106
14123
14140
14157
14174
14191
14208
14225
14242
14259
14276
14293
14310
14327
14344
14361
14378
14395
14412
14429
14446
14463
14480
14497
14514
14531
14548
14565
14582
14599
14616
14633
14650
14667
14684
14701
14718
14735
14752
14769
14786
14803
14820
14838
14856
14874
14892
14910
14928
14946
14964
14982
15000
15018
15036
15054
15072
15090
15108
15126
15144
15162
15180
15198
15216
15234
15252
15270
15288
15306
15324
15342
15360
15378
15396
15414
15432
15450
15468
15486
15504
15522
15540
15558
15576
15594
15612
15630
15648
15666
15684
15702
15720
15738
15756
15774
15792
15810
15827
15844
15861
15878
15895
15912
15929
15946
15963
15980
15997
16014
16031
16048
16065
16082
16099
16116
16133
16150
16167
16184
16201
16218
16235
16252
16269
16286
16303
16320
16337
16354
16371
16388
16405
16422
16439
16456
16473
16490
16507
16524
16541
16558
16575
16592
16609
16626
16643
16660
16677
16694
16711
16728
16745
16762
16779
16796
16814
16832
16850
16868
16886
16904
16922
16940
16958
16976
16994
17012
17030
17048
17066
17084
17102
17120
17138
17156
17174
17192
17210
17228
17246
17264
17282
17300
17318
17336
17354
17372
17390
17408
17426
17444
17462
17480
17498
17516
17534
17552
17570
17588
17606
17624
17642
17660
17678
17696
17714
17732
17750
17768
17786
17803
17820
17837
17854
17871
17888
17905
17922
17939
17956
17973
17990
18007
18024
18041
18058
18075
18092
18109
18126
18143
18160
18177
18194
18211
18228
18245
18262
18279
18296
18313
18330
18347
18364
18381
18398
18415
18432
18449
18466
18483
18500
18517
18534
18551
18568
18585
18602
18619
18636
18653
18670
18687
18704
18721
18738
18755
18772
18788
18804
18820
18836
18852
18868
18884
18900
18916
18932
18948
18964
18980
18996
19012
19028
19044
19060
19076
19092
19108
19124
19140
19156
19172
19188
19204
19220
19236
19252
19268
19284
19300
19316
19332
19348
19364
19380
19396
19412
19428
19444
19460
19476
19492
19508
19524
19540
19556
19572
19588
19604
19620
19636
19652
19668
19684
19700
19716
19732
19748
19764
19783
19802
19821
19840
19859
19878
19897
19916
19935
19954
19973
19992
20011
20030
20049
20068
20087
20106
20125
20144
20163
20182
20201
20220
20239
20258
20277
20296
20315
20334
20353
20372
20391
20410
20429
20448
20467
20486
20505
20524
20543
20562
20581
20600
20619
20638
20657
20676
20695
20714
20733
20752
20769
20786
20803
20820
20837
20854
20871
20888
20905
20922
20939
20956
20973
20990
21007
21024
21041
21058
21075
21092
21109
21126
21143
21160
21177
21194
21211
21228
21245
21262
21279
21296
21313
21330
21347
21364
21381
21398
21415
21432
21449
21466
21483
21500
21517
21534
21551
21568
21585
21602
21619
21636
21653
21670
21687
21704
21721
21738
21756
21774
21792
21810
21828
21846
21864
21882
21900
21918
21936
21954
21972
21990
22008
22026
22044
22062
22080
22098
22116
22134
22152
22170
22188
22206
22224
22242
22260
22278
22296
22314
22332
22350
22368
22386
22404
22422
22440
22458
22476
22494
22512
22530
22548
22566
22584
22602
22620
22638
22656
22674
22692
22710
22728
22746
22764
22782
22800
22818
22836
22854
22872
22890
22908
22926
22944
22962
22980
22998
23016
23034
23052
23070
23088
23106
23124
23142
23160
23178
23196
23214
23232
23250
23268
23286
23304
23322
23340
23358
23376
23394
23412
23430
23448
23466
23484
23502
23520
23538
23556
23574
23592
23610
23628
23646
23664
23682
23700
23718
23737
23756
23775
23794
23813
23832
23851
23870
23889
23908
23927
23946
23965
23984
24003
24022
24041
24060
24079
24098
24117
24136
24155
24174
24193
24212
24231
24250
24269
24288
24307
24326
24345
24364
24383
24402
24421
24440
24459
24478
24497
24516
24535
24554
24573
24592
24611
24630
24649
24668
24687
24706
24724
24742
24760
24778
24796
24814
24832
24850
24868
24886
24904
24922
24940
24958
24976
24994
25012
25030
25048
25066
25084
25102
25120
25138
25156
25174
25192
25210
25228
25246
25264
25282
25300
25318
25336
25354
25372
25390
25408
25426
25444
25462
25480
25498
25516
25534
25552
25570
25588
25606
25624
25642
25660
25678
25696
25714
25732
25750
25768
25786
25804
25822
25840
25858
25876
25894
25912
25930
25948
25966
25984
26002
26020
26038
26056
26074
26092
26110
26128
26146
26164
26182
26200
26218
26236
26254
26272
26290
26308
26326
26344
26362
26380
26398
26416
26434
26452
26470
26488
26506
26524
26542
26560
26578
26596
26614
26632
26650
26668
26686
26704
26722
26740
26758
26776
26794
26812
26830
26848
26866
26884
26902
26920
26938
26956
26974
26992
27010
27028
27046
27064
27082
27100
27118
27136
27154
27172
27190
27208
27226
27244
27262
27280
27298
27316
27334
27352
27370
27388
27406
27424
27442
27460
27478
27496
27514
27532
27550
27568
27586
27604
27622
27640
27658
27676
27693
27710
27727
27744
27761
27778
27795
27812
27829
27846
27863
27880
27897
27914
27931
27948
27965
27982
27999
28016
28033
28050
28067
28084
28101
28118
28135
28152
28169
28186
28203
28220
28237
28254
28271
28288
28305
28322
28339
28356
28373
28390
28407
28424
28441
28458
28475
28492
28509
28526
28543
28560
28577
28594
28611
28628
28645
28662
28680
28698
28716
28734
28752
28770
28788
28806
28824
28842
28860
28878
28896
28914
28932
28950
28968
28986
29004
29022
29040
29058
29076
29094
29112
29130
29148
29166
29184
29202
29220
29238
29256
29274
29292
29310
29328
29346
29364
29382
29400
29418
29436
29454
29472
29490
29508
29526
29544
29562
29580
29598
29616
29634
29652
29668
29684
29700
29716
29732
29748
29764
29780
29796
29812
29828
29844
29860
29876
29892
29908
29924
29940
29956
29972
29988
30004
30020
30036
30052
30068
30084
30100
30116
30132
30148
30164
30180
30196
30212
30228
30244
30260
30276
30292
30308
30324
30340
30356
30372
30388
30404
30420
30436
30452
30468
30484
30500
30516
30532
30548
30564
30580
30596
30612
30628
30644
30661
30678
30695
30712
30729
30746
30763
30780
30797
30814
30831
30848
30865
30882
30899
30916
30933
30950
30967
30984
31001
31018
31035
31052
31069
31086
31103
31120
31137
31154
31171
31188
31205
31222
31239
31256
31273
31290
31307
31324
31341
31358
31375
31392
31409
31426
31443
31460
31477
31494
31511
31528
31545
31562
31579
31596
31613
31630
31648
31666
31684
31702
31720
31738
31756
31774
31792
31810
31828
31846
31864
31882
31900
31918
31936
31954
31972
31990
32008
32026
32044
32062
32080
32098
32116
32134
32152
32170
32188
32206
32224
32242
32260
32278
32296
32314
32332
32350
32368
32386
32404
32422
32440
32458
32476
32494
32512
32530
32548
32566
32584
32602
32620
32638
32656
32674
32692
32710
32728
32746
32764
32782
32800
32818
32836
32854
32872
32890
32908
32926
32944
32962
32980
32998
33016
33034
33052
33070
33088
33106
33124
33142
33160
33178
33196
33214
33232
33250
33268
33286
33304
33322
33340
33358
33376
33394
33412
33430
33448
33466
33484
33502
33520
33538
33556
33574
33592
33610
33628
33646
33664
33682
33700
33718
33736
33754
33772
33790
33808
33826
33844
33862
33880
33898
33916
33934
33952
33970
33988
34006
34024
34042
34060
34078
34096
34114
34132
34150
34168
34186
34204
34222
34240
34258
34276
34294
34312
34330
34348
34366
34384
34402
34420
34438
34456
34474
34492
34510
34528
34546
34564
34582
34600
34618
34636
34654
34672
34690
34708
34726
34744
34762
34780
34798
34816
34834
34852
34870
34888
34906
34924
34942
34960
34978
34996
35014
35032
35050
35068
35086
35104
35122
35140
35158
35176
35194
35212
35230
35248
35266
35284
35302
35320
35338
35356
35374
35392
35410
35428
35446
35464
35482
35500
35518
35536
35554
35572
35590
35607
35624
35641
35658
35675
35692
35709
35726
35743
35760
35777
35794
35811
35828
35845
35862
35879
35896
35913
35930
35947
35964
35981
35998
36015
36032
36049
36066
36083
36100
36117
36134
36151
36168
36185
36202
36219
36236
36253
36270
36287
36304
36321
36338
36355
36372
36389
36406
36423
36440
36457
36474
36491
36508
36525
36542
36559
36576
36595
36614
36633
36652
36671
36690
36709
36728
36747
36766
36785
36804
36823
36842
36861
36880
36899
36918
36937
36956
36975
36994
37013
37032
37051
37070
37089
37108
37127
37146
37165
37184
37203
37222
37241
37260
37279
37298
37317
37336
37355
37374
37393
37412
37431
37450
37469
37488
37507
37526
37545
37564
37582
37600
37618
37636
37654
37672
37690
37708
37726
37744
37762
37780
37798
37816
37834
37852
37870
37888
37906
37924
37942
37960
37978
37996
38014
38032
38050
38068
38086
38104
38122
38140
38158
38176
38194
38212
38230
38248
38266
38284
38302
38320
38338
38356
38374
38392
38410
38428
38446
38464
38482
38500
38518
38536
38554
38570
38586
38602
38618
38634
38650
38666
38682
38698
38714
38730
38746
38762
38778
38794
38810
38826
38842
38858
38874
38890
38906
38922
38938
38954
38970
38986
39002
39018
39034
39050
39066
39082
39098
39114
39130
39146
39162
39178
39194
39210
39226
39242
39258
39274
39290
39306
39322
39338
39354
39370
39386
39402
39418
39434
39450
39466
39482
39498
39514
39530
39546
39565
39584
39603
39622
39641
39660
39679
39698
39717
39736
39755
39774
39793
39812
39831
39850
39869
39888
39907
39926
39945
39964
39983
40002
40021
40040
40059
40078
40097
40116
40135
40154
40173
40192
40211
40230
40249
40268
40287
40306
40325
40344
40363
40382
40401
40420
40439
40458
40477
40496
40515
40534
40552
40570
40588
40606
40624
40642
40660
40678
40696
40714
40732
40750
40768
40786
40804
40822
40840
40858
40876
40894
40912
40930
40948
40966
40984
41002
41020
41038
41056
41074
41092
41110
41128
41146
41164
41182
41200
41218
41236
41254
41272
41290
41308
41326
41344
41362
41380
41398
41416
41434
41452
41470
41488
41506
41524
41541
41558
41575
41592
41609
41626
41643
41660
41677
41694
41711
41728
41745
41762
41779
41796
41813
41830
41847
41864
41881
41898
41915
41932
41949
41966
41983
42000
42017
42034
42051
42068
42085
42102
42119
42136
42153
42170
42187
42204
42221
42238
42255
42272
42289
42306
42323
42340
42357
42374
42391
42408
42425
42442
42459
42476
42493
42510
42528
42546
42564
42582
42600
42618
42636
42654
42672
42690
42708
42726
42744
42762
42780
42798
42816
42834
42852
42870
42888
42906
42924
42942
42960
42978
42996
43014
43032
43050
43068
43086
43104
43122
43140
43158
43176
43194
43212
43230
43248
43266
43284
43302
43320
43338
43356
43374
43392
43410
43428
43446
43464
43482
43500
43519
43538
43557
43576
43595
43614
43633
43652
43671
43690
43709
43728
43747
43766
43785
43804
43823
43842
43861
43880
43899
43918
43937
43956
43975
43994
44013
44032
44051
44070
44089
44108
44127
44146
44165
44184
44203
44222
44241
44260
44279
44298
44317
44336
44355
44374
44393
44412
44431
44450
44469
44488
44505
44522
44539
44556
44573
44590
44607
44624
44641
44658
44675
44692
44709
44726
44743
44760
44777
44794
44811
44828
44845
44862
44879
44896
44913
44930
44947
44964
44981
44998
45015
45032
45049
45066
45083
45100
45117
45134
45151
45168
45185
45202
45219
45236
45253
45270
45287
45304
45321
45338
45355
45372
45389
45406
45423
45440
45457
45474
45492
45510
45528
45546
45564
45582
45600
45618
45636
45654
45672
45690
45708
45726
45744
45762
45780
45798
45816
45834
45852
45870
45888
45906
45924
45942
45960
45978
45996
46014
46032
46050
46068
46086
46104
46122
46140
46158
46176
46194
46212
46230
46248
46266
46284
46302
46320
46338
46356
46374
46392
46410
46428
46446
46464
46482
46500
46518
46536
46554
46572
46590
46608
46626
46644
46662
46680
46698
46716
46734
46752
46770
46788
46806
46824
46842
46860
46878
46896
46914
46932
46950
46968
46986
47004
47022
47040
47058
47076
47094
47112
47130
47148
47166
47184
47202
47220
47238
47256
47274
47292
47310
47328
47346
47364
47382
47400
47418
47436
47454
47472
47490
47508
47526
47544
47562
47580
47598
47616
47634
47652
47670
47688
47706
47724
47742
47760
47778
47796
47814
47832
47850
47868
47886
47904
47922
47940
47958
47976
47994
48012
48030
48048
48066
48084
48102
48120
48138
48156
48174
48192
48210
48228
48246
48264
48282
48300
48318
48336
48354
48372
48390
48408
48426
48444
48461
48478
48495
48512
48529
48546
48563
48580
48597
48614
48631
48648
48665
48682
48699
48716
48733
48750
48767
48784
48801
48818
48835
48852
48869
48886
48903
48920
48937
48954
48971
48988
49005
49022
49039
49056
49073
49090
49107
49124
49141
49158
49175
49192
49209
49226
49243
49260
49277
49294
49311
49328
49345
49362
49379
49396
49413
49430
49447
49464
49481
49498
49515
49532
49549
49566
49583
49600
49617
49634
49651
49668
49685
49702
49719
49736
49753
49770
49787
49804
49821
49838
49855
49872
49889
49906
49923
49940
49957
49974
49991
50008
50025
50042
50059
50076
50093
50110
50127
50144
50161
50178
50195
50212
50229
50246
50263
50280
50297
50314
50331
50348
50365
50382
50399
50416
50435
50454
50473
50492
50511
50530
50549
50568
50587
50606
50625
50644
50663
50682
50701
50720
50739
50758
50777
50796
50815
50834
50853
50872
50891
50910
50929
50948
50967
50986
51005
51024
51043
51062
51081
51100
51119
51138
51157
51176
51195
51214
51233
51252
51271
51290
51309
51328
51347
51366
51385
51404
51420
51436
51452
51468
51484
51500
51516
51532
51548
51564
51580
51596
51612
51628
51644
51660
51676
51692
51708
51724
51740
51756
51772
51788
51804
51820
51836
51852
51868
51884
51900
51916
51932
51948
51964
51980
51996
52012
52028
52044
52060
52076
52092
52108
52124
52140
52156
52172
52188
52204
52220
52236
52252
52268
52284
52300
52316
52332
52348
52364
52380
52396
52413
52430
52447
52464
52481
52498
52515
52532
52549
52566
52583
52600
52617
52634
52651
52668
52685
52702
52719
52736
52753
52770
52787
52804
52821
52838
52855
52872
52889
52906
52923
52940
52957
52974
52991
53008
53025
53042
53059
53076
53093
53110
53127
53144
53161
53178
53195
53212
53229
53246
53263
53280
53297
53314
53331
53348
53365
53382
53399
53416
53433
53450
53467
53484
53501
53518
53535
53552
53569
53586
53603
53620
53637
53654
53671
53688
53705
53722
53739
53756
53773
53790
53807
53824
53841
53858
53875
53892
53909
53926
53943
53960
53977
53994
54011
54028
54045
54062
54079
54096
54113
54130
54147
54164
54181
54198
54215
54232
54249
54266
54283
54300
54317
54334
54351
54368
54386
54404
54422
54440
54458
54476
54494
54512
54530
54548
54566
54584
54602
54620
54638
54656
54674
54692
54710
54728
54746
54764
54782
54800
54818
54836
54854
54872
54890
54908
54926
54944
54962
54980
54998
55016
55034
55052
55070
55088
55106
55124
55142
55160
55178
55196
55214
55232
55250
55268
55286
55304
55322
55340
55358
55377
55396
55415
55434
55453
55472
55491
55510
55529
55548
55567
55586
55605
55624
55643
55662
55681
55700
55719
55738
55757
55776
55795
55814
55833
55852
55871
55890
55909
55928
55947
55966
55985
56004
56023
56042
56061
56080
56099
56118
56137
56156
56175
56194
56213
56232
56251
56270
56289
56308
56327
56346
56364
56382
56400
56418
56436
56454
56472
56490
56508
56526
56544
56562
56580
56598
56616
56634
56652
56670
56688
56706
56724
56742
56760
56778
56796
56814
56832
56850
56868
56886
56904
56922
56940
56958
56976
56994
57012
57030
57048
57066
57084
57102
57120
57138
57156
57174
57192
57210
57228
57246
57264
57282
57300
57318
57336
57353
57370
57387
57404
57421
57438
57455
57472
57489
57506
57523
57540
57557
57574
57591
57608
57625
57642
57659
57676
57693
57710
57727
57744
57761
57778
57795
57812
57829
57846
57863
57880
57897
57914
57931
57948
57965
57982
57999
58016
58033
58050
58067
58084
58101
58118
58135
58152
58169
58186
58203
58220
58237
58254
58271
58288
58305
58322
58341
58360
58379
58398
58417
58436
58455
58474
58493
58512
58531
58550
58569
58588
58607
58626
58645
58664
58683
58702
58721
58740
58759
58778
58797
58816
58835
58854
58873
58892
58911
58930
58949
58968
58987
59006
59025
59044
59063
59082
59101
59120
59139
59158
59177
59196
59215
59234
59253
59272
59291
59310
59328
59346
59364
59382
59400
59418
59436
59454
59472
59490
59508
59526
59544
59562
59580
59598
59616
59634
59652
59670
59688
59706
59724
59742
59760
59778
59796
59814
59832
59850
59868
59886
59904
59922
59940
59958
59976
59994
60012
60030
60048
60066
60084
60102
60120
60138
60156
60174
60192
60210
60228
60246
60264
60282
60300
60317
60334
60351
60368
60385
60402
60419
60436
60453
60470
60487
60504
60521
60538
60555
60572
60589
60606
60623
60640
60657
60674
60691
60708
60725
60742
60759
60776
60793
60810
60827
60844
60861
60878
60895
60912
60929
60946
60963
60980
60997
61014
61031
61048
61065
61082
61099
61116
61133
61150
61167
61184
61201
61218
61235
61252
61269
61286
61305
61324
61343
61362
61381
61400
61419
61438
61457
61476
61495
61514
61533
61552
61571
61590
61609
61628
61647
61666
61685
61704
61723
61742
61761
61780
61799
61818
61837
61856
61875
61894
61913
61932
61951
61970
61989
62008
62027
62046
62065
62084
62103
62122
62141
62160
62179
62198
62217
62236
62255
62274
62291
62308
62325
62342
62359
62376
62393
62410
62427
62444
62461
62478
62495
62512
62529
62546
62563
62580
62597
62614
62631
62648
62665
62682
62699
62716
62733
62750
62767
62784
62801
62818
62835
62852
62869
62886
62903
62920
62937
62954
62971
62988
63005
63022
63039
63056
63073
63090
63107
63124
63141
63158
63175
63192
63209
63226
63243
63260
63278
63296
63314
63332
63350
63368
63386
63404
63422
63440
63458
63476
63494
63512
63530
63548
63566
63584
63602
63620
63638
63656
63674
63692
63710
63728
63746
63764
63782
63800
63818
63836
63854
63872
63890
63908
63926
63944
63962
63980
63998
64016
64034
64052
64070
64088
64106
64124
64142
64160
64178
64196
64214
64232
64250
64268
64286
64304
64322
64340
64358
64376
64394
64412
64430
64448
64466
64484
64502
64520
64538
64556
64574
64592
64610
64628
64646
64664
64682
64700
64718
64736
64754
64772
64790
64808
64826
64844
64862
64880
64898
64916
64934
64952
64970
64988
65006
65024
65042
65060
65078
65096
65114
65132
65150
65168
65186
65204
65222
65240
65258
65276
65294
65312
65330
65348
65366
65384
65402
65420
65438
65456
65474
65492
65510
65528
65546
65564
65582
65600
65618
65636
65654
65672
65690
65708
65726
65744
65762
65780
65798
65816
65834
65852
65870
65888
65906
65924
65942
65960
65978
65996
66014
66032
66050
66068
66086
66104
66122
66140
66158
66176
66194
66212
66230
66249
66268
66287
66306
66325
66344
66363
66382
66401
66420
66439
66458
66477
66496
66515
66534
66553
66572
66591
66610
66629
66648
66667
66686
66705
66724
66743
66762
66781
66800
66819
66838
66857
66876
66895
66914
66933
66952
66971
66990
67009
67028
67047
67066
67085
67104
67123
67142
67161
67180
67199
67218
67235
67252
67269
67286
67303
67320
67337
67354
67371
67388
67405
67422
67439
67456
67473
67490
67507
67524
67541
67558
67575
67592
67609
67626
67643
67660
67677
67694
67711
67728
67745
67762
67779
67796
67813
67830
67847
67864
67881
67898
67915
67932
67949
67966
67983
68000
68017
68034
68051
68068
68085
68102
68119
68136
68153
68170
68187
68204
68221
68238
68255
68272
68289
68306
68323
68340
68357
68374
68391
68408
68425
68442
68459
68476
68493
68510
68527
68544
68561
68578
68595
68612
68629
68646
68663
68680
68697
68714
68731
68748
68765
68782
68799
68816
68833
68850
68867
68884
68901
68918
68935
68952
68969
68986
69003
69020
69037
69054
69071
69088
69105
69122
69139
69156
69173
69190
69208
69226
69244
69262
69280
69298
69316
69334
69352
69370
69388
69406
69424
69442
69460
69478
69496
69514
69532
69550
69568
69586
69604
69622
69640
69658
69676
69694
69712
69730
69748
69766
69784
69802
69820
69838
69856
69874
69892
69910
69928
69946
69964
69982
70000
70018
70036
70054
70072
70090
70108
70126
70144
70162
70180
70197
70214
70231
70248
70265
70282
70299
70316
70333
70350
70367
70384
70401
70418
70435
70452
70469
70486
70503
70520
70537
70554
70571
70588
70605
70622
70639
70656
70673
70690
70707
70724
70741
70758
70775
70792
70809
70826
70843
70860
70877
70894
70911
70928
70945
70962
70979
70996
71013
71030
71047
71064
71081
71098
71115
71132
71149
71166
71184
71202
71220
71238
71256
71274
71292
71310
71328
71346
71364
71382
71400
71418
71436
71454
71472
71490
71508
71526
71544
71562
71580
71598
71616
71634
71652
71670
71688
71706
71724
71742
71760
71778
71796
71814
71832
71850
71868
71886
71904
71922
71940
71958
71976
71994
72012
72030
72048
72066
72084
72102
72120
72138
72156
72174
72192
72210
72228
72246
72264
72282
72300
72318
72336
72354
72372
72390
72408
72426
72444
72462
72480
72498
72516
72534
72552
72570
72588
72606
72624
72642
72660
72678
72696
72714
72732
72750
72768
72786
72804
72822
72840
72858
72876
72894
72912
72930
72948
72966
72984
73002
73020
73038
73056
73074
73092
73110
73128
73146
73164
73182
73200
73218
73236
73254
73272
73290
73308
73326
73344
73362
73380
73398
73416
73434
73452
73470
73488
73506
73524
73542
73560
73578
73596
73614
73632
73650
73668
73686
73704
73722
73740
73758
73776
73794
73812
73830
73848
73866
73884
73902
73920
73938
73956
73974
73992
74010
74028
74046
74064
74082
74100
74118
74136
74154
74172
74190
74208
74226
74244
74262
74280
74298
74316
74334
74352
74370
74388
74406
74424
74442
74460
74478
74496
74514
74532
74550
74568
74586
74604
74622
74640
74658
74676
74694
74712
74730
74748
74766
74784
74802
74820
74838
74856
74874
74892
74910
74928
74946
74964
74982
75000
75018
75036
75054
75072
75090
75108
75126
75144
75162
75180
75198
75216
75234
75252
75270
75288
75306
75324
75342
75360
75378
75396
75414
75432
75450
75468
75486
75504
75522
75540
75558
75576
75594
75612
75630
75648
75666
75684
75702
75720
75738
75756
75774
75792
75810
75828
75846
75864
75882
75900
75918
75936
75954
75972
75990
76008
76026
76044
76062
76080
76098
76116
76135
76154
76173
76192
76211
76230
76249
76268
76287
76306
76325
76344
76363
76382
76401
76420
76439
76458
76477
76496
76515
76534
76553
76572
76591
76610
76629
76648
76667
76686
76705
76724
76743
76762
76781
76800
76819
76838
76857
76876
76895
76914
76933
76952
76971
76990
77009
77028
77047
77066
77085
77104
77122
77140
77158
77176
77194
77212
77230
77248
77266
77284
77302
77320
77338
77356
77374
77392
77410
77428
77446
77464
77482
77500
77518
77536
77554
77572
77590
77608
77626
77644
77662
77680
77698
77716
77734
77752
77770
77788
77806
77824
77842
77860
77878
77896
77914
77932
77950
77968
77986
78004
78022
78040
78058
78076
78094
78112
78130
78148
78166
78184
78202
78220
78238
78256
78274
78292
78310
78328
78346
78364
78382
78400
78418
78436
78454
78472
78490
78508
78526
78544
78562
78580
78598
78616
78634
78652
78670
78688
78706
78724
78742
78760
78778
78796
78814
78832
78850
78868
78886
78904
78922
78940
78958
78976
78994
79012
79030
79048
79066
79084
79101
79118
79135
79152
79169
79186
79203
79220
79237
79254
79271
79288
79305
79322
79339
79356
79373
79390
79407
79424
79441
79458
79475
79492
79509
79526
79543
79560
79577
79594
79611
79628
79645
79662
79679
79696
79713
79730
79747
79764
79781
79798
79815
79832
79849
79866
79883
79900
79917
79934
79951
79968
79985
80002
80019
80036
80053
80070
80088
80106
80124
80142
80160
80178
80196
80214
80232
80250
80268
80286
80304
80322
80340
80358
80376
80394
80412
80430
80448
80466
80484
80502
80520
80538
80556
80574
80592
80610
80628
80646
80664
80682
80700
80718
80736
80754
80772
80790
80808
80826
80844
80862
80880
80898
80916
80934
80952
80970
80988
81006
81024
81042
81060
81078
81096
81114
81132
81150
81168
81186
81204
81222
81240
81258
81276
81294
81312
81330
81348
81366
81384
81402
81420
81438
81456
81474
81492
81510
81528
81546
81564
81582
81600
81618
81636
81654
81672
81690
81708
81726
81744
81762
81780
81798
81816
81834
81852
81870
81888
81906
81924
81942
81960
81978
81996
82014
82032
82050
82068
82086
82104
82122
82140
82158
82176
82194
82212
82230
82248
82266
82284
82302
82320
82338
82356
82374
82392
82410
82428
82446
82464
82482
82500
82518
82536
82554
82572
82590
82608
82626
82644
82662
82680
82698
82716
82734
82752
82770
82788
82806
82824
82842
82860
82878
82896
82914
82932
82950
82968
82986
83004
83022
83040
83057
83074
83091
83108
83125
83142
83159
83176
83193
83210
83227
83244
83261
83278
83295
83312
83329
83346
83363
83380
83397
83414
83431
83448
83465
83482
83499
83516
83533
83550
83567
83584
83601
83618
83635
83652
83669
83686
83703
83720
83737
83754
83771
83788
83805
83822
83839
83856
83873
83890
83907
83924
83941
83958
83975
83992
84009
84026
84043
84060
84077
84094
84111
84128
84145
84162
84179
84196
84213
84230
84247
84264
84281
84298
84315
84332
84349
84366
84383
84400
84417
84434
84451
84468
84485
84502
84519
84536
84553
84570
84587
84604
84621
84638
84655
84672
84689
84706
84723
84740
84757
84774
84791
84808
84825
84842
84859
84876
84893
84910
84927
84944
84961
84978
84995
85012
85029
85046
85063
85080
85097
85114
85131
85148
85165
85182
85199
85216
85233
85250
85267
85284
85301
85318
85335
85352
85369
85386
85403
85420
85437
85454
85471
85488
85505
85522
85539
85556
85573
85590
85607
85624
85641
85658
85675
85692
85709
85726
85743
85760
85777
85794
85811
85828
85845
85862
85879
85896
85913
85930
85947
85964
85981
85998
86016
86034
86052
86070
86088
86106
86124
86142
86160
86178
86196
86214
86232
86250
86268
86286
86304
86322
86340
86358
86376
86394
86412
86430
86448
86466
86484
86502
86520
86538
86556
86574
86592
86610
86628
86646
86664
86682
86700
86718
86736
86754
86772
86790
86808
86826
86844
86862
86880
86898
86916
86934
86952
86970
86988
87006
87024
87042
87060
87078
87096
87114
87132
87150
87168
87186
87204
87222
87240
87258
87276
87294
87312
87330
87348
87366
87384
87402
87420
87438
87456
87474
87492
87510
87528
87546
87564
87582
87600
87618
87636
87654
87672
87690
87708
87726
87744
87762
87780
87798
87816
87834
87852
87870
87888
87906
87924
87942
87960
87978
87996
88014
88032
88050
88068
88086
88104
88122
88140
88158
88176
88194
88212
88230
88248
88266
88284
88302
88320
88338
88356
88374
88392
88410
88428
88446
88464
88482
88500
88518
88536
88554
88572
88590
88608
88626
88644
88662
88680
88698
88716
88734
88752
88770
88788
88806
88824
88842
88860
88878
88896
88914
88932
88950
88968
88986
89004
89022
89040
89058
89076
89094
89112
89130
89148
89166
89184
89202
89220
89238
89256
89274
89292
89310
89328
89346
89364
89382
89400
89418
89436
89454
89472
89490
89508
89526
89544
89562
89580
89598
89616
89634
89652
89670
89688
89706
89724
89742
89760
89778
89796
89814
89832
89850
89868
89886
89904
89922
89940
89958
89976
89994
90012
90030
90048
90066
90084
90102
90120
90138
90156
90174
90192
90210
90228
90246
90264
90282
90300
90318
90336
90354
90372
90390
90408
90426
90444
90462
90480
90498
90516
90534
90552
90570
90588
90606
90624
90642
90660
90678
90696
90714
90732
90750
90768
90786
90804
90822
90840
90858
90876
90894
90912
90930
90948
90966
90984
91002
91020
91038
91056
91074
91092
91110
91128
91146
91164
91182
91200
91218
91236
91254
91272
91290
91308
91326
91344
91362
91380
91398
91416
91434
91452
91470
91488
91506
91524
91542
91560
91578
91596
91614
91632
91650
91668
91686
91704
91722
91740
91758
91776
91794
91812
91830
91848
91866
91884
91902
91920
91938
91956
91974
91992
92010
92028
92046
92064
92082
92100
92118
92136
92154
92172
92190
92208
92226
92244
92262
92280
92298
92316
92334
92352
92370
92388
92406
92424
92442
92460
92478
92496
92514
92532
92550
92568
92586
92604
92622
92640
92658
92676
92694
92712
92730
92748
92766
92784
92802
92820
92838
92856
92874
92892
92910
92928
92946
92964
92982
93000
93018
93036
93054
93072
93090
93108
93126
93144
93162
93180
93198
93216
93234
93252
93270
93288
93306
93324
93342
93360
93378
93396
93414
93432
93450
93468
93486
93504
93522
93540
93558
93576
93594
93612
93630
93648
93666
93684
93702
93720
93738
93756
93774
93792
93810
93828
93846
93864
93882
93900
93918
93936
93954
93972
93990
94008
94026
94044
94062
94080
94098
94116
94134
94152
94170
94188
94206
94224
94242
94260
94278
94296
94314
94332
94350
94368
94386
94404
94422
94440
94458
94476
94494
94512
94530
94548
94566
94584
94602
94620
94638
94656
94674
94692
94710
94728
94746
94764
94782
94800
94818
94836
94854
94872
94890
94908
94926
94944
94962
94980
94998
95016
95034
95052
95070
95088
95106
95124
95142
95160
95178
95196
95214
95232
95250
95268
95286
95304
95322
95340
95358
95376
95394
95412
95430
95448
95466
95484
95502
95520
95538
95556
95574
95592
95610
95628
95646
95664
95682
95700
95718
95736
95754
95772
95790
95808
95826
95844
95862
95880
95898
95916
95934
95952
95970
95988
96006
96024
96042
96060
96078
96096
96114
96132
96150
96168
96186
96204
96222
96240
96258
96276
96294
96312
96330
96348
96366
96384
96402
96420
96438
96456
96474
96492
96510
96528
96546
96564
96582
96600
96618
96636
96654
96672
96690
96708
96726
96744
96762
96780
96798
96816
96834
96852
96870
96888
96908
96928
96948
96968
96988
97008
97028
97048
97068
97088
97108
97128
97148
97168
97188
97208
97228
97248
97268
97288
97308
97328
97348
97368
97388
97408
97428
97448
97468
97488
97508
97528
97548
97568
97588
97608
97628
97648
97668
97688
97708
97728
97748
97768
97788
97808
97828
97848
97868
97888
97906
97924
97942
97960
97978
97996
98014
98032
98050
98068
98086
98104
98122
98140
98158
98176
98194
98212
98230
98248
98266
98284
98302
98320
98338
98356
98374
98392
98410
98428
98446
98464
98482
98500
98518
98536
98554
98572
98590
98608
98626
98644
98662
98680
98698
98716
98734
98752
98770
98788
98806
98824
98842
98860
98878
98896
98914
98932
98950
98968
98986
99004
99022
99040
99058
99076
99094
99112
99130
99148
99166
99184
99202
99220
99238
99256
99274
99292
99310
99328
99346
99364
99382
99400
99418
99436
99454
99472
99490
99508
99526
99544
99562
99580
99598
99616
99634
99652
99670
99688
99706
99724
99742
99760
99778
99796
99814
99832
99850
99868
99886
99904
99922
99940
99958
99976
99994
100012
100030
100048
100066
100084
100102
100120
100138
100156
100174
100192
100210
100228
100246
100264
100282
100300
100318
100336
100354
100372
100390
100408
100426
100444
100462
100480
100498
100516
100534
100552
100570
100588
100606
100624
100642
100660
100678
100696
100714
100732
100750
100768
100786
100804
100822
100840
100858
100875
100892
100909
100926
100943
100960
100977
100994
101011
101028
101045
101062
101079
101096
101113
101130
101147
101164
101181
101198
101215
101232
101249
101266
101283
101300
101317
101334
101351
101368
101385
101402
101419
101436
101453
101470
101487
101504
101521
101538
101555
101572
101589
101606
101623
101640
101657
101674
101691
101708
101725
101742
101759
101776
101793
101810
101827
101844
101862
101880
101898
101916
101934
101952
101970
101988
102006
102024
102042
102060
102078
102096
102114
102132
102150
102168
102186
102204
102222
102240
102258
102276
102294
102312
102330
102348
102366
102384
102402
102420
102438
102456
102474
102492
102510
102528
102546
102564
102582
102600
102618
102636
102654
102672
102690
102708
102726
102744
102762
102780
102798
102816
102834
102853
102872
102891
102910
102929
102948
102967
102986
103005
103024
103043
103062
103081
103100
103119
103138
103157
103176
103195
103214
103233
103252
103271
103290
103309
103328
103347
103366
103385
103404
103423
103442
103461
103480
103499
103518
103537
103556
103575
103594
103613
103632
103651
103670
103689
103708
103727
103746
103765
103784
103803
103822
103840
103858
103876
103894
103912
103930
103948
103966
103984
104002
104020
104038
104056
104074
104092
104110
104128
104146
104164
104182
104200
104218
104236
104254
104272
104290
104308
104326
104344
104362
104380
104398
104416
104434
104452
104470
104488
104506
104524
104542
104560
104578
104596
104614
104632
104650
104668
104686
104704
104722
104740
104758
104776
104794
104812
104829
104846
104863
104880
104897
104914
104931
104948
104965
104982
104999
105016
105033
105050
105067
105084
105101
105118
105135
105152
105169
105186
105203
105220
105237
105254
105271
105288
105305
105322
105339
105356
105373
105390
105407
105424
105441
105458
105475
105492
105509
105526
105543
105560
105577
105594
105611
105628
105645
105662
105679
105696
105713
105730
105747
105764
105781
105798
105816
105834
105852
105870
105888
105906
105924
105942
105960
105978
105996
106014
106032
106050
106068
106086
106104
106122
106140
106158
106176
106194
106212
106230
106248
106266
106284
106302
106320
106338
106356
106374
106392
106410
106428
106446
106464
106482
106500
106518
106536
106554
106572
106590
106608
106626
106644
106662
106680
106698
106716
106734
106752
106770
106788
106805
106822
106839
106856
106873
106890
106907
106924
106941
106958
106975
106992
107009
107026
107043
107060
107077
107094
107111
107128
107145
107162
107179
107196
107213
107230
107247
107264
107281
107298
107315
107332
107349
107366
107383
107400
107417
107434
107451
107468
107485
107502
107519
107536
107553
107570
107587
107604
107621
107638
107655
107672
107689
107706
107723
107740
107757
107774
107792
107810
107828
107846
107864
107882
107900
107918
107936
107954
107972
107990
108008
108026
108044
108062
108080
108098
108116
108134
108152
108170
108188
108206
108224
108242
108260
108278
108296
108314
108332
108350
108368
108386
108404
108422
108440
108458
108476
108494
108512
108530
108548
108566
108584
108602
108620
108638
108656
108674
108692
108710
108728
108746
108764
108781
108798
108815
108832
108849
108866
108883
108900
108917
108934
108951
108968
108985
109002
109019
109036
109053
109070
109087
109104
109121
109138
109155
109172
109189
109206
109223
109240
109257
109274
109291
109308
109325
109342
109359
109376
109393
109410
109427
109444
109461
109478
109495
109512
109529
109546
109563
109580
109597
109614
109631
109648
109665
109682
109699
109716
109733
109750
109767
109784
109801
109818
109835
109852
109869
109886
109903
109920
109937
109954
109971
109988
110005
110022
110039
110056
110073
110090
110107
110124
110141
110158
110175
110192
110209
110226
110243
110260
110277
110294
110311
110328
110345
110362
110379
110396
110413
110430
110447
110464
110481
110498
110515
110532
110549
110566
110583
110600
110617
110634
110651
110668
110685
110702
110719
110736
110755
110774
110793
110812
110831
110850
110869
110888
110907
110926
110945
110964
110983
111002
111021
111040
111059
111078
111097
111116
111135
111154
111173
111192
111211
111230
111249
111268
111287
111306
111325
111344
111363
111382
111401
111420
111439
111458
111477
111496
111515
111534
111553
111572
111591
111610
111629
111648
111667
111686
111705
111724
111743
111762
111781
111800
111819
111838
111857
111876
111895
111914
111933
111952
111971
111990
112009
112028
112047
112066
112085
112104
112123
112142
112161
112180
112199
112218
112237
112256
112275
112294
112313
112332
112351
112370
112389
112408
112427
112446
112465
112484
112503
112522
112541
112560
112579
112598
112617
112636
112655
112674
112693
112712
112729
112746
112763
112780
112797
112814
112831
112848
112865
112882
112899
112916
112933
112950
112967
112984
113001
113018
113035
113052
113069
113086
113103
113120
113137
113154
113171
113188
113205
113222
113239
113256
113273
113290
113307
113324
113341
113358
113375
113392
113409
113426
113443
113460
113477
113494
113511
113528
113545
113562
113579
113596
113613
113630
113647
113664
113681
113698
113718
113738
113758
113778
113798
113818
113838
113858
113878
113898
113918
113938
113958
113978
113998
114018
114038
114058
114078
114098
114118
114138
114158
114178
114198
114218
114238
114258
114278
114298
114318
114338
114358
114378
114398
114418
114438
114458
114478
114498
114518
114538
114558
114578
114598
114618
114638
114658
114678
114698
114717
114736
114755
114774
114793
114812
114831
114850
114869
114888
114907
114926
114945
114964
114983
115002
115021
115040
115059
115078
115097
115116
115135
115154
115173
115192
115211
115230
115249
115268
115287
115306
115325
115344
115363
115382
115401
115420
115439
115458
115477
115496
115515
115534
115553
115572
115591
115610
115629
115648
115667
115686
115706
115726
115746
115766
115786
115806
115826
115846
115866
115886
115906
115926
115946
115966
115986
116006
116026
116046
116066
116086
116106
116126
116146
116166
116186
116206
116226
116246
116266
116286
116306
116326
116346
116366
116386
116406
116426
116446
116466
116486
116506
116526
116546
116566
116586
116606
116626
116646
116666
116686
116704
116722
116740
116758
116776
116794
116812
116830
116848
116866
116884
116902
116920
116938
116956
116974
116992
117010
117028
117046
117064
117082
117100
117118
117136
117154
117172
117190
117208
117226
117244
117262
117280
117298
117316
117334
117352
117370
117388
117406
117424
117442
117460
117478
117496
117514
117532
117550
117568
117586
117604
117622
117640
117658
117676
117693
117710
117727
117744
117761
117778
117795
117812
117829
117846
117863
117880
117897
117914
117931
117948
117965
117982
117999
118016
118033
118050
118067
118084
118101
118118
118135
118152
118169
118186
118203
118220
118237
118254
118271
118288
118305
118322
118339
118356
118373
118390
118407
118424
118441
118458
118475
118492
118509
118526
118543
118560
118577
118594
118611
118628
118645
118662
118679
118696
118713
118730
118747
118764
118781
118798
118815
118832
118849
118866
118883
118900
118917
118934
118951
118968
118985
119002
119019
119036
119053
119070
119087
119104
119121
119138
119155
119172
119189
119206
119223
119240
119257
119274
119291
119308
119325
119342
119359
119376
119393
119410
119427
119444
119461
119478
119495
119512
119529
119546
119563
119580
119597
119614
119631
119648
119666
119684
119702
119720
119738
119756
119774
119792
119810
119828
119846
119864
119882
119900
119918
119936
119954
119972
119990
120008
120026
120044
120062
120080
120098
120116
120134
120152
120170
120188
120206
120224
120242
120260
120278
120296
120314
120332
120350
120368
120386
120404
120422
120440
120458
120476
120494
120512
120530
120548
120566
120584
120602
120620
120638
120656
120674
120692
120710
120728
120746
120764
120782
120800
120818
120836
120854
120872
120890
120908
120926
120944
120962
120980
120998
121016
121034
121052
121070
121088
121106
121124
121142
121160
121178
121196
121214
121232
121250
121268
121286
121304
121322
121340
121358
121376
121394
121412
121430
121448
121466
121484
121502
121520
121538
121556
121574
121592
121610
121628
121646
121664
121682
121700
121718
121736
121754
121772
121790
121808
121826
121844
121862
121880
121898
121916
121934
121952
121970
121988
122006
122024
122042
122060
122078
122096
122114
122132
122150
122168
122186
122204
122222
122240
122258
122276
122294
122312
122330
122348
122366
122384
122402
122420
122438
122456
122474
122492
122510
122528
122546
122564
122582
122600
122618
122636
122654
122672
122690
122708
122726
122744
122762
122780
122798
122816
122834
122852
122870
122888
122906
122924
122942
122960
122978
122996
123014
123032
123050
123068
123086
123104
123122
123140
123158
123176
123194
123212
123230
123248
123266
123284
123302
123320
123338
123356
123374
123392
123410
123428
123446
123464
123482
123500
123518
123536
123554
123572
123590
123608
123624
123640
123656
123672
123688
123704
123720
123736
123752
123768
123784
123800
123816
123832
123848
123864
123880
123896
123912
123928
123944
123960
123976
123992
124008
124024
124040
124056
124072
124088
124104
124120
124136
124152
124168
124184
124200
124216
124232
124248
124264
124280
124296
124312
124328
124344
124360
124376
124392
124408
124424
124440
124456
124472
124488
124504
124520
124536
124552
124568
124584
124600
124618
124636
124654
124672
124690
124708
124726
124744
124762
124780
124798
124816
124834
124852
124870
124888
124906
124924
124942
124960
124978
124996
125014
125032
125050
125068
125086
125104
125122
125140
125158
125176
125194
125212
125230
125248
125266
125284
125302
125320
125338
125356
125374
125392
125410
125428
125446
125464
125482
125500
125518
125536
125554
125572
125590
125607
125624
125641
125658
125675
125692
125709
125726
125743
125760
125777
125794
125811
125828
125845
125862
125879
125896
125913
125930
125947
125964
125981
125998
126015
126032
126049
126066
126083
126100
126117
126134
126151
126168
126185
126202
126219
126236
126253
126270
126287
126304
126321
126338
126355
126372
126389
126406
126423
126440
126457
126474
126491
126508
126525
126542
126559
126576
126593
126610
126627
126644
126661
126678
126695
126712
126729
126746
126763
126780
126797
126814
126831
126848
126865
126882
126899
126916
126933
126950
126967
126984
127001
127018
127035
127052
127069
127086
127103
127120
127137
127154
127171
127188
127205
127222
127239
127256
127273
127290
127307
127324
127341
127358
127375
127392
127409
127426
127443
127460
127477
127494
127511
127528
127545
127562
127580
127598
127616
127634
127652
127670
127688
127706
127724
127742
127760
127778
127796
127814
127832
127850
127868
127886
127904
127922
127940
127958
127976
127994
128012
128030
128048
128066
128084
128102
128120
128138
128156
128174
128192
128210
128228
128246
128264
128282
128300
128318
128336
128354
128372
128390
128408
128426
128444
128462
128480
128498
128516
128534
128552
128569
128586
128603
128620
128637
128654
128671
128688
128705
128722
128739
128756
128773
128790
128807
128824
128841
128858
128875
128892
128909
128926
128943
128960
128977
128994
129011
129028
129045
129062
129079
129096
129113
129130
129147
129164
129181
129198
129215
129232
129249
129266
129283
129300
129317
129334
129351
129368
129385
129402
129419
129436
129453
129470
129487
129504
129521
129538
129556
129574
129592
129610
129628
129646
129664
129682
129700
129718
129736
129754
129772
129790
129808
129826
129844
129862
129880
129898
129916
129934
129952
129970
129988
130006
130024
130042
130060
130078
130096
130114
130132
130150
130168
130186
130204
130222
130240
130258
130276
130294
130312
130330
130348
130366
130384
130402
130420
130438
130456
130474
130492
130510
130528
130546
130564
130582
130600
130618
130636
130654
130672
130690
130708
130726
130744
130762
130780
130798
130816
130834
130852
130870
130888
130906
130924
130942
130960
130978
130996
131014
131032
131050
131068
131086
131104
131122
131140
131158
131176
131194
131212
131230
131248
131266
131284
131302
131320
131338
131356
131374
131392
131410
131428
131446
131464
131482
131500
131518
131535
131552
131569
131586
131603
131620
131637
131654
131671
131688
131705
131722
131739
131756
131773
131790
131807
131824
131841
131858
131875
131892
131909
131926
131943
131960
131977
131994
132011
132028
132045
132062
132079
132096
132113
132130
132147
132164
132181
132198
132215
132232
132249
132266
132283
132300
132317
132334
132351
132368
132385
132402
132419
132436
132453
132470
132487
132504
132522
132540
132558
132576
132594
132612
132630
132648
132666
132684
132702
132720
132738
132756
132774
132792
132810
132828
132846
132864
132882
132900
132918
132936
132954
132972
132990
133008
133026
133044
133062
133080
133098
133116
133134
133152
133170
133188
133206
133224
133242
133260
133278
133296
133314
133332
133350
133368
133386
133404
133422
133440
133458
133476
133494
133512
133530
133548
133566
133584
133602
133620
133638
133656
133674
133692
133710
133728
133746
133764
133782
133800
133818
133836
133854
133872
133890
133908
133926
133944
133962
133980
133998
134016
134034
134052
134070
134088
134106
134124
134142
134160
134178
134196
134214
134232
134250
134268
134286
134304
134322
134340
134358
134376
134394
134412
134430
134448
134466
134484
134502
134520
134538
134556
134574
134592
134610
134628
134646
134664
134682
134700
134718
134736
134754
134772
134790
134808
134826
134844
134862
134880
134898
134916
134934
134952
134970
134988
135006
135024
135042
135060
135078
135096
135114
135132
135150
135168
135186
135204
135222
135240
135258
135276
135294
135312
135330
135348
135366
135384
135402
135420
135438
135456
135474
135492
135510
135528
135546
135564
135582
135600
135618
135636
135654
135672
135690
135708
135726
135744
135762
135780
135798
135816
135834
135852
135870
135888
135906
135924
135942
135960
135978
135996
136014
136032
136050
136068
136086
136104
136122
136140
136158
136176
136194
136212
136230
136248
136266
136284
136302
136320
136338
136356
136374
136392
136410
136428
136446
136464
136480
136496
136512
136528
136544
136560
136576
136592
136608
136624
136640
136656
136672
136688
136704
136720
136736
136752
136768
136784
136800
136816
136832
136848
136864
136880
136896
136912
136928
136944
136960
136976
136992
137008
137024
137040
137056
137072
137088
137104
137120
137136
137152
137168
137184
137200
137216
137232
137248
137264
137280
137296
137312
137328
137344
137360
137376
137392
137408
137424
137440
137456
137475
137494
137513
137532
137551
137570
137589
137608
137627
137646
137665
137684
137703
137722
137741
137760
137779
137798
137817
137836
137855
137874
137893
137912
137931
137950
137969
137988
138007
138026
138045
138064
138083
138102
138121
138140
138159
138178
138197
138216
138235
138254
138273
138292
138311
138330
138349
138368
138387
138406
138425
138444
138463
138482
138501
138520
138539
138558
138577
138596
138615
138634
138653
138672
138691
138710
138729
138748
138767
138786
138805
138824
138843
138862
138881
138900
138919
138938
138957
138976
138995
139014
139033
139052
139071
139090
139109
139128
139147
139166
139185
139204
139223
139242
139261
139280
139299
139318
139337
139356
139375
139394
139413
139432
139450
139468
139486
139504
139522
139540
139558
139576
139594
139612
139630
139648
139666
139684
139702
139720
139738
139756
139774
139792
139810
139828
139846
139864
139882
139900
139918
139936
139954
139972
139990
140008
140026
140044
140062
140080
140098
140116
140134
140152
140170
140188
140206
140224
140242
140260
140278
140296
140314
140332
140350
140368
140386
140404
140422
140440
140458
140476
140494
140512
140530
140548
140566
140584
140602
140620
140638
140656
140674
140692
140710
140728
140746
140764
140782
140800
140818
140836
140854
140872
140890
140908
140926
140944
140962
140980
140998
141016
141034
141052
141070
141088
141106
141124
141142
141160
141178
141196
141214
141232
141250
141268
141286
141304
141322
141340
141358
141376
141394
141412
141429
141446
141463
141480
141497
141514
141531
141548
141565
141582
141599
141616
141633
141650
141667
141684
141701
141718
141735
141752
141769
141786
141803
141820
141837
141854
141871
141888
141905
141922
141939
141956
141973
141990
142007
142024
142041
142058
142075
142092
142109
142126
142143
142160
142177
142194
142211
142228
142245
142262
142279
142296
142313
142330
142347
142364
142381
142398
142414
142430
142446
142462
142478
142494
142510
142526
142542
142558
142574
142590
142606
142622
142638
142654
142670
142686
142702
142718
142734
142750
142766
142782
142798
142814
142830
142846
142862
142878
142894
142910
142926
142942
142958
142974
142990
143006
143022
143038
143054
143070
143086
143102
143118
143134
143150
143166
143182
143198
143214
143230
143246
143262
143278
143294
143310
143326
143342
143358
143374
143390
143407
143424
143441
143458
143475
143492
143509
143526
143543
143560
143577
143594
143611
143628
143645
143662
143679
143696
143713
143730
143747
143764
143781
143798
143815
143832
143849
143866
143883
143900
143917
143934
143951
143968
143985
144002
144019
144036
144053
144070
144087
144104
144121
144138
144155
144172
144189
144206
144223
144240
144257
144274
144291
144308
144325
144342
144359
144376
144395
144414
144433
144452
144471
144490
144509
144528
144547
144566
144585
144604
144623
144642
144661
144680
144699
144718
144737
144756
144775
144794
144813
144832
144851
144870
144889
144908
144927
144946
144965
144984
145003
145022
145041
145060
145079
145098
145117
145136
145155
145174
145193
145212
145231
145250
145269
145288
145307
145326
145345
145364
145383
145402
145421
145440
145459
145478
145497
145516
145535
145554
145573
145592
145611
145630
145649
145668
145687
145706
145725
145744
145763
145782
145801
145820
145839
145858
145877
145896
145915
145934
145953
145972
145991
146010
146029
146048
146067
146086
146105
146124
146143
146162
146181
146200
146219
146238
146257
146276
146295
146314
146333
146352
146370
146388
146406
146424
146442
146460
146478
146496
146514
146532
146550
146568
146586
146604
146622
146640
146658
146676
146694
146712
146730
146748
146766
146784
146802
146820
146838
146856
146874
146892
146910
146928
146946
146964
146982
147000
147018
147036
147054
147072
147090
147108
147126
147144
147162
147180
147198
147216
147234
147252
147270
147288
147306
147324
147342
147360
147378
147396
147414
147432
147450
147468
147486
147504
147522
147540
147558
147576
147594
147612
147630
147648
147666
147684
147702
147720
147738
147756
147774
147792
147810
147828
147846
147864
147882
147900
147918
147936
147954
147972
147990
148008
148026
148044
148062
148080
148098
148116
148134
148152
148170
148188
148206
148224
148242
148260
148278
148296
148314
148332
148350
148368
148386
148404
148422
148440
148458
148476
148494
148512
148530
148548
148566
148584
148602
148620
148638
148656
148674
148692
148710
148728
148746
148764
148782
148800
148818
148836
148854
148872
148890
148908
148926
148944
148962
148980
148998
149016
149034
149052
149070
149088
149106
149124
149142
149160
149178
149196
149214
149232
149250
149268
149286
149304
149322
149340
149358
149376
149394
149412
149430
149448
149466
149484
149502
149520
149538
149556
149574
149592
149610
149628
149646
149664
149682
149700
149718
149736
149754
149772
149790
149808
149826
149844
149862
149880
149898
149916
149934
149952
149970
149988
150006
150024
150042
150060
150078
150096
150114
150132
150150
150168
150186
150204
150222
150240
150258
150276
150294
150312
150331
150350
150369
150388
150407
150426
150445
150464
150483
150502
150521
150540
150559
150578
150597
150616
150635
150654
150673
150692
150711
150730
150749
150768
150787
150806
150825
150844
150863
150882
150901
150920
150939
150958
150977
150996
151015
151034
151053
151072
151091
151110
151129
151148
151167
151186
151205
151224
151243
151262
151281
151300
151318
151336
151354
151372
151390
151408
151426
151444
151462
151480
151498
151516
151534
151552
151570
151588
151606
151624
151642
151660
151678
151696
151714
151732
151750
151768
151786
151804
151822
151840
151858
151876
151894
151912
151930
151948
151966
151984
152002
152020
152038
152056
152074
152092
152110
152128
152146
152164
152182
152200
152218
152236
152254
152272
152290
152307
152324
152341
152358
152375
152392
152409
152426
152443
152460
152477
152494
152511
152528
152545
152562
152579
152596
152613
152630
152647
152664
152681
152698
152715
152732
152749
152766
152783
152800
152817
152834
152851
152868
152885
152902
152919
152936
152953
152970
152987
153004
153021
153038
153055
153072
153089
153106
153123
153140
153157
153174
153191
153208
153225
153242
153259
153276
153293
153310
153327
153344
153361
153378
153395
153412
153429
153446
153463
153480
153497
153514
153531
153548
153565
153582
153599
153616
153633
153650
153667
153684
153701
153718
153735
153752
153769
153786
153803
153820
153837
153854
153871
153888
153905
153922
153939
153956
153973
153990
154007
154024
154041
154058
154075
154092
154109
154126
154143
154160
154177
154194
154211
154228
154245
154262
154280
154298
154316
154334
154352
154370
154388
154406
154424
154442
154460
154478
154496
154514
154532
154550
154568
154586
154604
154622
154640
154658
154676
154694
154712
154730
154748
154766
154784
154802
154820
154838
154856
154874
154892
154910
154928
154946
154964
154982
155000
155018
155036
155054
155072
155090
155108
155126
155144
155162
155180
155198
155216
155234
155252
155269
155286
155303
155320
155337
155354
155371
155388
155405
155422
155439
155456
155473
155490
155507
155524
155541
155558
155575
155592
155609
155626
155643
155660
155677
155694
155711
155728
155745
155762
155779
155796
155813
155830
155847
155864
155881
155898
155915
155932
155949
155966
155983
156000
156017
156034
156051
156068
156085
156102
156119
156136
156153
156170
156187
156204
156221
156238
156257
156276
156295
156314
156333
156352
156371
156390
156409
156428
156447
156466
156485
156504
156523
156542
156561
156580
156599
156618
156637
156656
156675
156694
156713
156732
156751
156770
156789
156808
156827
156846
156865
156884
156903
156922
156941
156960
156979
156998
157017
157036
157055
157074
157093
157112
157131
157150
157169
157188
157207
157226
157245
157264
157283
157302
157321
157340
157359
157378
157397
157416
157435
157454
157473
157492
157511
157530
157549
157568
157587
157606
157625
157644
157663
157682
157701
157720
157739
157758
157777
157796
157815
157834
157853
157872
157891
157910
157929
157948
157967
157986
158005
158024
158043
158062
158081
158100
158119
158138
158157
158176
158195
158214
158231
158248
158265
158282
158299
158316
158333
158350
158367
158384
158401
158418
158435
158452
158469
158486
158503
158520
158537
158554
158571
158588
158605
158622
158639
158656
158673
158690
158707
158724
158741
158758
158775
158792
158809
158826
158843
158860
158877
158894
158911
158928
158945
158962
158979
158996
159013
159030
159047
159064
159081
159098
159115
159132
159149
159166
159183
159200
159217
159234
159251
159268
159285
159302
159319
159336
159353
159370
159387
159404
159421
159438
159455
159472
159489
159506
159523
159540
159557
159574
159591
159608
159625
159642
159659
159676
159693
159710
159727
159744
159761
159778
159795
159812
159829
159846
159863
159880
159897
159914
159931
159948
159965
159982
159999
160016
160033
160050
160067
160084
160101
160118
160135
160152
160169
160186
160205
160224
160243
160262
160281
160300
160319
160338
160357
160376
160395
160414
160433
160452
160471
160490
160509
160528
160547
160566
160585
160604
160623
160642
160661
160680
160699
160718
160737
160756
160775
160794
160813
160832
160851
160870
160889
160908
160927
160946
160965
160984
161003
161022
161041
161060
161079
161098
161117
161136
161155
161174
161192
161210
161228
161246
161264
161282
161300
161318
161336
161354
161372
161390
161408
161426
161444
161462
161480
161498
161516
161534
161552
161570
161588
161606
161624
161642
161660
161678
161696
161714
161732
161750
161768
161786
161804
161822
161840
161858
161876
161894
161912
161930
161948
161966
161984
162002
162020
162038
162056
162074
162092
162110
162128
162146
162164
162181
162198
162215
162232
162249
162266
162283
162300
162317
162334
162351
162368
162385
162402
162419
162436
162453
162470
162487
162504
162521
162538
162555
162572
162589
162606
162623
162640
162657
162674
162691
162708
162725
162742
162759
162776
162793
162810
162827
162844
162861
162878
162895
162912
162929
162946
162963
162980
162997
163014
163031
163048
163065
163082
163099
163116
163133
163150
163168
163186
163204
163222
163240
163258
163276
163294
163312
163330
163348
163366
163384
163402
163420
163438
163456
163474
163492
163510
163528
163546
163564
163582
163600
163618
163636
163654
163672
163690
163708
163726
163744
163762
163780
163798
163816
163834
163852
163870
163888
163906
163924
163942
163960
163978
163996
164014
164032
164050
164068
164086
164104
164122
164140
164157
164174
164191
164208
164225
164242
164259
164276
164293
164310
164327
164344
164361
164378
164395
164412
164429
164446
164463
164480
164497
164514
164531
164548
164565
164582
164599
164616
164633
164650
164667
164684
164701
164718
164735
164752
164769
164786
164803
164820
164837
164854
164871
164888
164905
164922
164939
164956
164973
164990
165007
165024
165041
165058
165075
165092
165109
165126
165145
165164
165183
165202
165221
165240
165259
165278
165297
165316
165335
165354
165373
165392
165411
165430
165449
165468
165487
165506
165525
165544
165563
165582
165601
165620
165639
165658
165677
165696
165715
165734
165753
165772
165791
165810
165829
165848
165867
165886
165905
165924
165943
165962
165981
166000
166019
166038
166057
166076
166095
166114
166132
166150
166168
166186
166204
166222
166240
166258
166276
166294
166312
166330
166348
166366
166384
166402
166420
166438
166456
166474
166492
166510
166528
166546
166564
166582
166600
166618
166636
166654
166672
166690
166708
166726
166744
166762
166780
166798
166816
166834
166852
166870
166888
166906
166924
166942
166960
166978
166996
167014
167032
167050
167068
167086
167104
167122
167140
167158
167176
167194
167212
167230
167248
167266
167284
167302
167320
167338
167356
167374
167392
167410
167428
167446
167464
167482
167500
167518
167536
167554
167572
167590
167608
167626
167644
167662
167680
167698
167716
167734
167752
167770
167788
167806
167824
167842
167860
167878
167896
167914
167932
167950
167968
167986
168004
168022
168040
168058
168076
168094
168112
168130
168148
168166
168184
168202
168220
168238
168256
168274
168292
168310
168328
168346
168364
168382
168400
168418
168436
168454
168472
168490
168508
168526
168544
168562
168580
168598
168616
168634
168652
168670
168688
168706
168724
168742
168760
168778
168796
168814
168832
168850
168868
168886
168904
168922
168940
168958
168976
168994
169012
169030
169048
169066
169084
169104
169124
169144
169164
169184
169204
169224
169244
169264
169284
169304
169324
169344
169364
169384
169404
169424
169444
169464
169484
169504
169524
169544
169564
169584
169604
169624
169644
169664
169684
169704
169724
169744
169764
169784
169804
169824
169844
169864
169884
169904
169924
169944
169964
169984
170004
170024
170044
170064
170084
170102
170120
170138
170156
170174
170192
170210
170228
170246
170264
170282
170300
170318
170336
170354
170372
170390
170408
170426
170444
170462
170480
170498
170516
170534
170552
170570
170588
170606
170624
170642
170660
170678
170696
170714
170732
170750
170768
170786
170804
170822
170840
170858
170876
170894
170912
170930
170948
170966
170984
171002
171020
171038
171056
171074
171090
171106
171122
171138
171154
171170
171186
171202
171218
171234
171250
171266
171282
171298
171314
171330
171346
171362
171378
171394
171410
171426
171442
171458
171474
171490
171506
171522
171538
171554
171570
171586
171602
171618
171634
171650
171666
171682
171698
171714
171730
171746
171762
171778
171794
171810
171826
171842
171858
171874
171890
171906
171922
171938
171954
171970
171986
172002
172018
172034
172050
172066
172084
172102
172120
172138
172156
172174
172192
172210
172228
172246
172264
172282
172300
172318
172336
172354
172372
172390
172408
172426
172444
172462
172480
172498
172516
172534
172552
172570
172588
172606
172624
172642
172660
172678
172696
172714
172732
172750
172768
172786
172804
172822
172840
172858
172876
172894
172912
172930
172948
172966
172984
173002
173020
173038
173056
173074
173092
173110
173128
173146
173164
173182
173200
173218
173236
173254
173272
173290
173308
173326
173344
173362
173380
173398
173416
173434
173452
173470
173488
173506
173524
173542
173560
173578
173596
173614
173632
173650
173668
173686
173704
173722
173740
173758
173776
173794
173812
173830
173848
173866
173884
173902
173920
173938
173956
173974
173992
174010
174028
174046
174065
174084
174103
174122
174141
174160
174179
174198
174217
174236
174255
174274
174293
174312
174331
174350
174369
174388
174407
174426
174445
174464
174483
174502
174521
174540
174559
174578
174597
174616
174635
174654
174673
174692
174711
174730
174749
174768
174787
174806
174825
174844
174863
174882
174901
174920
174939
174958
174977
174996
175015
175034
175053
175072
175091
175110
175129
175148
175167
175186
175205
175224
175243
175262
175281
175300
175319
175338
175357
175376
175395
175414
175433
175452
175471
175490
175509
175528
175547
175566
175585
175604
175623
175642
175661
175680
175699
175718
175737
175756
175775
175794
175813
175832
175851
175870
175889
175908
175927
175946
175965
175984
176003
176022
176039
176056
176073
176090
176107
176124
176141
176158
176175
176192
176209
176226
176243
176260
176277
176294
176311
176328
176345
176362
176379
176396
176413
176430
176447
176464
176481
176498
176515
176532
176549
176566
176583
176600
176617
176634
176651
176668
176685
176702
176719
176736
176753
176770
176787
176804
176821
176838
176855
176872
176889
176906
176923
176940
176957
176974
176991
177008
177026
177044
177062
177080
177098
177116
177134
177152
177170
177188
177206
177224
177242
177260
177278
177296
177314
177332
177350
177368
177386
177404
177422
177440
177458
177476
177494
177512
177530
177548
177566
177584
177602
177620
177638
177656
177674
177692
177710
177728
177746
177764
177782
177800
177818
177836
177854
177872
177890
177908
177926
177944
177962
177980
177998
178016
178034
178052
178070
178088
178106
178124
178142
178160
178178
178196
178214
178232
178250
178268
178286
178304
178322
178340
178358
178376
178394
178412
178430
178448
178466
178484
178502
178520
178538
178556
178574
178592
178610
178628
178646
178664
178682
178700
178718
178736
178754
178772
178790
178808
178826
178844
178862
178880
178898
178916
178934
178952
178970
178988
179005
179022
179039
179056
179073
179090
179107
179124
179141
179158
179175
179192
179209
179226
179243
179260
179277
179294
179311
179328
179345
179362
179379
179396
179413
179430
179447
179464
179481
179498
179515
179532
179549
179566
179583
179600
179617
179634
179651
179668
179685
179702
179719
179736
179753
179770
179787
179804
179821
179838
179855
179872
179889
179906
179923
179940
179957
179974
179990
180006
180022
180038
180054
180070
180086
180102
180118
180134
180150
180166
180182
180198
180214
180230
180246
180262
180278
180294
180310
180326
180342
180358
180374
180390
180406
180422
180438
180454
180470
180486
180502
180518
180534
180550
180566
180582
180598
180614
180630
180646
180662
180678
180694
180710
180726
180742
180758
180774
180790
180806
180822
180838
180854
180870
180886
180902
180918
180934
180950
180966
180984
181002
181020
181038
181056
181074
181092
181110
181128
181146
181164
181182
181200
181218
181236
181254
181272
181290
181308
181326
181344
181362
181380
181398
181416
181434
181452
181470
181488
181506
181524
181542
181560
181578
181596
181614
181632
181650
181668
181686
181704
181722
181740
181758
181776
181794
181812
181830
181848
181866
181884
181902
181920
181938
181956
181974
181992
182010
182028
182046
182064
182082
182100
182118
182136
182154
182172
182190
182208
182226
182244
182262
182280
182298
182316
182334
182352
182370
182388
182406
182424
182442
182460
182478
182496
182514
182532
182550
182568
182586
182604
182622
182640
182658
182676
182694
182712
182730
182748
182766
182784
182802
182820
182838
182856
182874
182892
182910
182928
182946
182963
182980
182997
183014
183031
183048
183065
183082
183099
183116
183133
183150
183167
183184
183201
183218
183235
183252
183269
183286
183303
183320
183337
183354
183371
183388
183405
183422
183439
183456
183473
183490
183507
183524
183541
183558
183575
183592
183609
183626
183643
183660
183677
183694
183711
183728
183745
183762
183779
183796
183813
183830
183847
183864
183881
183898
183915
183932
183950
183968
183986
184004
184022
184040
184058
184076
184094
184112
184130
184148
184166
184184
184202
184220
184238
184256
184274
184292
184310
184328
184346
184364
184382
184400
184418
184436
184454
184472
184490
184508
184526
184544
184562
184580
184598
184616
184634
184652
184670
184688
184706
184724
184742
184760
184778
184796
184814
184832
184850
184868
184886
184904
184922
184941
184960
184979
184998
185017
185036
185055
185074
185093
185112
185131
185150
185169
185188
185207
185226
185245
185264
185283
185302
185321
185340
185359
185378
185397
185416
185435
185454
185473
185492
185511
185530
185549
185568
185587
185606
185625
185644
185663
185682
185701
185720
185739
185758
185777
185796
185815
185834
185853
185872
185891
185910
185928
185946
185964
185982
186000
186018
186036
186054
186072
186090
186108
186126
186144
186162
186180
186198
186216
186234
186252
186270
186288
186306
186324
186342
186360
186378
186396
186414
186432
186450
186468
186486
186504
186522
186540
186558
186576
186594
186612
186630
186648
186666
186684
186702
186720
186738
186756
186774
186792
186810
186828
186846
186864
186882
186900
186918
186936
186954
186972
186990
187008
187026
187044
187062
187080
187098
187116
187134
187152
187170
187188
187206
187224
187242
187260
187278
187296
187314
187332
187350
187368
187386
187404
187422
187440
187458
187476
187494
187512
187530
187548
187566
187584
187602
187620
187638
187656
187674
187692
187710
187728
187746
187764
187782
187800
187818
187836
187854
187872
187890
187908
187926
187944
187962
187980
187998
188016
188034
188052
188070
188088
188106
188124
188142
188160
188178
188196
188214
188232
188250
188268
188286
188304
188322
188340
188358
188376
188394
188412
188430
188448
188466
188484
188502
188520
188538
188556
188574
188592
188610
188628
188646
188664
188682
188700
188718
188736
188754
188772
188790
188808
188826
188844
188862
188880
188898
188916
188934
188952
188970
188988
189006
189024
189042
189060
189078
189096
189114
189132
189150
189168
189186
189204
189222
189240
189258
189276
189294
189312
189330
189348
189366
189384
189402
189420
189438
189456
189474
189492
189510
189528
189546
189564
189582
189600
189618
189636
189654
189672
189690
189708
189726
189744
189762
189780
189798
189816
189834
189852
189870
189889
189908
189927
189946
189965
189984
190003
190022
190041
190060
190079
190098
190117
190136
190155
190174
190193
190212
190231
190250
190269
190288
190307
190326
190345
190364
190383
190402
190421
190440
190459
190478
190497
190516
190535
190554
190573
190592
190611
190630
190649
190668
190687
190706
190725
190744
190763
190782
190801
190820
190839
190858
190876
190894
190912
190930
190948
190966
190984
191002
191020
191038
191056
191074
191092
191110
191128
191146
191164
191182
191200
191218
191236
191254
191272
191290
191308
191326
191344
191362
191380
191398
191416
191434
191452
191470
191488
191506
191524
191542
191560
191578
191596
191614
191632
191650
191668
191686
191704
191722
191740
191758
191776
191794
191812
191830
191848
191867
191886
191905
191924
191943
191962
191981
192000
192019
192038
192057
192076
192095
192114
192133
192152
192171
192190
192209
192228
192247
192266
192285
192304
192323
192342
192361
192380
192399
192418
192437
192456
192475
192494
192513
192532
192551
192570
192589
192608
192627
192646
192665
192684
192703
192722
192741
192760
192779
192798
192817
192836
192855
192874
192893
192912
192931
192950
192969
192988
193007
193026
193045
193064
193083
193102
193121
193140
193159
193178
193197
193216
193235
193254
193273
193292
193311
193330
193349
193368
193387
193406
193425
193444
193463
193482
193501
193520
193539
193558
193577
193596
193615
193634
193653
193672
193691
193710
193729
193748
193767
193786
193805
193824
193841
193858
193875
193892
193909
193926
193943
193960
193977
193994
194011
194028
194045
194062
194079
194096
194113
194130
194147
194164
194181
194198
194215
194232
194249
194266
194283
194300
194317
194334
194351
194368
194385
194402
194419
194436
194453
194470
194487
194504
194521
194538
194555
194572
194589
194606
194623
194640
194657
194674
194691
194708
194725
194742
194759
194776
194793
194810
194828
194846
194864
194882
194900
194918
194936
194954
194972
194990
195008
195026
195044
195062
195080
195098
195116
195134
195152
195170
195188
195206
195224
195242
195260
195278
195296
195314
195332
195350
195368
195386
195404
195422
195440
195458
195476
195494
195512
195530
195548
195566
195584
195602
195620
195638
195656
195674
195692
195710
195728
195746
195764
195782
195800
195818
195836
195854
195872
195890
195908
195926
195944
195962
195980
195998
196016
196034
196052
196070
196088
196106
196124
196142
196160
196178
196196
196214
196232
196250
196268
196286
196304
196322
196340
196358
196376
196394
196412
196430
196448
196466
196484
196502
196520
196538
196556
196574
196592
196610
196628
196646
196664
196682
196700
196718
196736
196754
196772
196790
196808
196826
196844
196862
196880
196898
196916
196934
196952
196970
196988
197006
197024
197042
197060
197078
197096
197114
197132
197150
197168
197186
197204
197222
197240
197258
197276
197294
197312
197330
197348
197366
197384
197402
197420
197438
197456
197474
197492
197510
197528
197546
197564
197582
197600
197618
197636
197654
197672
197690
197708
197726
197744
197762
197780
197797
197814
197831
197848
197865
197882
197899
197916
197933
197950
197967
197984
198001
198018
198035
198052
198069
198086
198103
198120
198137
198154
198171
198188
198205
198222
198239
198256
198273
198290
198307
198324
198341
198358
198375
198392
198409
198426
198443
198460
198477
198494
198511
198528
198545
198562
198579
198596
198613
198630
198647
198664
198681
198698
198715
198732
198749
198766
198784
198802
198820
198838
198856
198874
198892
198910
198928
198946
198964
198982
199000
199018
199036
199054
199072
199090
199108
199126
199144
199162
199180
199198
199216
199234
199252
199270
199288
199306
199324
199342
199360
199378
199396
199414
199432
199450
199468
199486
199504
199522
199540
199558
199576
199594
199612
199630
199648
199666
199684
199702
199720
199738
199756
199774
199792
199810
199828
199846
199864
199882
199900
199918
199936
199954
199972
199990
200008
200026
200044
200062
200080
200098
200116
200134
200152
200170
200188
200206
200224
200242
200260
200278
200296
200314
200332
200350
200368
200386
200404
200422
200440
200458
200476
200494
200512
200530
200548
200566
200584
200602
200620
200638
200656
200674
200692
200710
200728
200746
200764
200782
200800
200818
200836
200854
200872
200890
200908
200926
200944
200962
200980
200998
201016
201034
201052
201070
201088
201106
201124
201142
201160
201178
201196
201214
201232
201250
201268
201286
201304
201322
201340
201358
201376
201394
201412
201430
201448
201466
201484
201502
201520
201538
201556
201574
201592
201610
201628
201646
201664
201682
201700
201718
201736
201755
201774
201793
201812
201831
201850
201869
201888
201907
201926
201945
201964
201983
202002
202021
202040
202059
202078
202097
202116
202135
202154
202173
202192
202211
202230
202249
202268
202287
202306
202325
202344
202363
202382
202401
202420
202439
202458
202477
202496
202515
202534
202553
202572
202591
202610
202629
202648
202667
202686
202705
202724
202742
202760
202778
202796
202814
202832
202850
202868
202886
202904
202922
202940
202958
202976
202994
203012
203030
203048
203066
203084
203102
203120
203138
203156
203174
203192
203210
203228
203246
203264
203282
203300
203318
203336
203354
203372
203390
203408
203426
203444
203462
203480
203498
203516
203534
203552
203570
203588
203606
203624
203642
203660
203678
203696
203714
203731
203748
203765
203782
203799
203816
203833
203850
203867
203884
203901
203918
203935
203952
203969
203986
204003
204020
204037
204054
204071
204088
204105
204122
204139
204156
204173
204190
204207
204224
204241
204258
204275
204292
204309
204326
204343
204360
204377
204394
204411
204428
204445
204462
204479
204496
204513
204530
204547
204564
204581
204598
204615
204632
204649
204666
204683
204700
204719
204738
204757
204776
204795
204814
204833
204852
204871
204890
204909
204928
204947
204966
204985
205004
205023
205042
205061
205080
205099
205118
205137
205156
205175
205194
205213
205232
205251
205270
205289
205308
205327
205346
205365
205384
205403
205422
205441
205460
205479
205498
205517
205536
205555
205574
205593
205612
205631
205650
205669
205688
205705
205722
205739
205756
205773
205790
205807
205824
205841
205858
205875
205892
205909
205926
205943
205960
205977
205994
206011
206028
206045
206062
206079
206096
206113
206130
206147
206164
206181
206198
206215
206232
206249
206266
206283
206300
206317
206334
206351
206368
206385
206402
206419
206436
206453
206470
206487
206504
206521
206538
206555
206572
206589
206606
206623
206640
206657
206674
206691
206708
206725
206742
206759
206776
206793
206810
206827
206844
206861
206878
206895
206912
206929
206946
206963
206980
206997
207014
207031
207048
207065
207082
207099
207116
207133
207150
207167
207184
207201
207218
207235
207252
207269
207286
207303
207320
207337
207354
207371
207388
207405
207422
207439
207456
207473
207490
207507
207524
207541
207558
207575
207592
207609
207626
207643
207660
207677
207694
207711
207728
207745
207762
207779
207796
207813
207830
207847
207864
207881
207898
207915
207932
207949
207966
207983
208000
208017
208034
208051
208068
208085
208102
208119
208136
208153
208170
208187
208204
208221
208238
208255
208272
208289
208306
208323
208340
208357
208374
208391
208408
208425
208442
208459
208476
208493
208510
208527
208544
208561
208578
208595
208612
208629
208646
208664
208682
208700
208718
208736
208754
208772
208790
208808
208826
208844
208862
208880
208898
208916
208934
208952
208970
208988
209006
209024
209042
209060
209078
209096
209114
209132
209150
209168
209186
209204
209222
209240
209258
209276
209294
209312
209330
209348
209366
209384
209402
209420
209438
209456
209474
209492
209510
209528
209546
209564
209582
209600
209618
209636
209652
209668
209684
209700
209716
209732
209748
209764
209780
209796
209812
209828
209844
209860
209876
209892
209908
209924
209940
209956
209972
209988
210004
210020
210036
210052
210068
210084
210100
210116
210132
210148
210164
210180
210196
210212
210228
210244
210260
210276
210292
210308
210324
210340
210356
210372
210388
210404
210420
210436
210452
210468
210484
210500
210516
210532
210548
210564
210580
210596
210612
210628
210647
210666
210685
210704
210723
210742
210761
210780
210799
210818
210837
210856
210875
210894
210913
210932
210951
210970
210989
211008
211027
211046
211065
211084
211103
211122
211141
211160
211179
211198
211217
211236
211255
211274
211293
211312
211331
211350
211369
211388
211407
211426
211445
211464
211483
211502
211521
211540
211559
211578
211597
211616
211633
211650
211667
211684
211701
211718
211735
211752
211769
211786
211803
211820
211837
211854
211871
211888
211905
211922
211939
211956
211973
211990
212007
212024
212041
212058
212075
212092
212109
212126
212143
212160
212177
212194
212211
212228
212245
212262
212279
212296
212313
212330
212347
212364
212381
212398
212415
212432
212449
212466
212483
212500
212517
212534
212551
212568
212585
212602
212620
212638
212656
212674
212692
212710
212728
212746
212764
212782
212800
212818
212836
212854
212872
212890
212908
212926
212944
212962
212980
212998
213016
213034
213052
213070
213088
213106
213124
213142
213160
213178
213196
213214
213232
213250
213268
213286
213304
213322
213340
213358
213376
213394
213412
213430
213448
213466
213484
213502
213520
213538
213556
213574
213592
213609
213626
213643
213660
213677
213694
213711
213728
213745
213762
213779
213796
213813
213830
213847
213864
213881
213898
213915
213932
213949
213966
213983
214000
214017
214034
214051
214068
214085
214102
214119
214136
214153
214170
214187
214204
214221
214238
214255
214272
214289
214306
214323
214340
214357
214374
214391
214408
214425
214442
214459
214476
214493
214510
214527
214544
214561
214578
214596
214614
214632
214650
214668
214686
214704
214722
214740
214758
214776
214794
214812
214830
214848
214866
214884
214902
214920
214938
214956
214974
214992
215010
215028
215046
215064
215082
215100
215118
215136
215154
215172
215190
215208
215226
215244
215262
215280
215298
215316
215334
215352
215370
215388
215406
215424
215442
215460
215478
215496
215514
215532
215550
215568
215587
215606
215625
215644
215663
215682
215701
215720
215739
215758
215777
215796
215815
215834
215853
215872
215891
215910
215929
215948
215967
215986
216005
216024
216043
216062
216081
216100
216119
216138
216157
216176
216195
216214
216233
216252
216271
216290
216309
216328
216347
216366
216385
216404
216423
216442
216461
216480
216499
216518
216537
216556
216574
216592
216610
216628
216646
216664
216682
216700
216718
216736
216754
216772
216790
216808
216826
216844
216862
216880
216898
216916
216934
216952
216970
216988
217006
217024
217042
217060
217078
217096
217114
217132
217150
217168
217186
217204
217222
217240
217258
217276
217294
217312
217330
217348
217366
217384
217402
217420
217438
217456
217474
217492
217510
217528
217546
217565
217584
217603
217622
217641
217660
217679
217698
217717
217736
217755
217774
217793
217812
217831
217850
217869
217888
217907
217926
217945
217964
217983
218002
218021
218040
218059
218078
218097
218116
218135
218154
218173
218192
218211
218230
218249
218268
218287
218306
218325
218344
218363
218382
218401
218420
218439
218458
218477
218496
218515
218534
218552
218570
218588
218606
218624
218642
218660
218678
218696
218714
218732
218750
218768
218786
218804
218822
218840
218858
218876
218894
218912
218930
218948
218966
218984
219002
219020
219038
219056
219074
219092
219110
219128
219146
219164
219182
219200
219218
219236
219254
219272
219290
219308
219326
219344
219362
219380
219398
219416
219434
219452
219470
219488
219506
219524
219542
219560
219578
219596
219614
219632
219650
219668
219686
219704
219722
219740
219758
219776
219794
219812
219830
219848
219866
219884
219902
219920
219938
219956
219974
219992
220010
220028
220046
220064
220082
220100
220118
220136
220154
220172
220190
220208
220226
220244
220262
220280
220298
220316
220334
220352
220370
220388
220406
220424
220442
220460
220478
220496
220514
220532
220550
220568
220586
220604
220622
220640
220658
220676
220694
220712
220730
220748
220766
220784
220802
220820
220838
220856
220874
220892
220910
220928
220946
220964
220982
221000
221018
221036
221054
221072
221090
221108
221126
221144
221162
221180
221198
221216
221234
221252
221270
221288
221306
221324
221342
221360
221378
221396
221414
221432
221450
221468
221486
221504
221522
221540
221558
221576
221594
221612
221630
221648
221666
221684
221702
221720
221738
221756
221774
221792
221810
221828
221846
221864
221882
221900
221918
221936
221954
221972
221990
222008
222026
222044
222062
222080
222098
222116
222134
222152
222170
222188
222206
222224
222242
222260
222278
222296
222314
222332
222350
222368
222386
222404
222422
222440
222458
222476
222494
222512
222530
222548
222566
222584
222602
222620
222638
222656
222674
222692
222710
222728
222746
222764
222782
222800
222818
222836
222854
222872
222890
222908
222926
222944
222962
222980
222998
223016
223034
223052
223070
223088
223106
223124
223142
223160
223178
223196
223214
223232
223250
223268
223286
223304
223322
223340
223358
223376
223394
223412
223430
223448
223466
223484
223501
223518
223535
223552
223569
223586
223603
223620
223637
223654
223671
223688
223705
223722
223739
223756
223773
223790
223807
223824
223841
223858
223875
223892
223909
223926
223943
223960
223977
223994
224011
224028
224045
224062
224079
224096
224113
224130
224147
224164
224181
224198
224215
224232
224249
224266
224283
224300
224317
224334
224351
224368
224385
224402
224419
224436
224453
224470
224487
224504
224521
224538
224555
224572
224589
224606
224623
224640
224657
224674
224691
224708
224725
224742
224759
224776
224793
224810
224827
224844
224861
224878
224895
224912
224929
224946
224963
224980
224997
225014
225031
225048
225065
225082
225099
225116
225133
225150
225167
225184
225201
225218
225235
225252
225269
225286
225303
225320
225337
225354
225371
225388
225405
225422
225439
225456
225473
225490
225507
225524
225541
225558
225575
225592
225609
225626
225643
225660
225677
225694
225711
225728
225745
225762
225779
225796
225813
225830
225847
225864
225881
225898
225915
225932
225949
225966
225983
226000
226017
226034
226051
226068
226085
226102
226119
226136
226153
226170
226187
226204
226221
226238
226255
226272
226289
226306
226323
226340
226357
226374
226391
226408
226425
226442
226460
226478
226496
226514
226532
226550
226568
226586
226604
226622
226640
226658
226676
226694
226712
226730
226748
226766
226784
226802
226820
226838
226856
226874
226892
226910
226928
226946
226964
226982
227000
227018
227036
227054
227072
227090
227108
227126
227144
227162
227180
227198
227216
227234
227252
227270
227288
227306
227324
227342
227360
227378
227396
227414
227432
227450
227468
227486
227504
227522
227540
227558
227576
227594
227612
227630
227648
227666
227684
227702
227720
227738
227756
227774
227792
227810
227828
227846
227864
227882
227900
227918
227936
227954
227972
227990
228008
228026
228044
228062
228080
228098
228116
228134
228152
228170
228188
228206
228224
228242
228260
228278
228296
228314
228332
228350
228368
228386
228404
228422
228440
228458
228476
228494
228512
228530
228548
228566
228584
228602
228620
228638
228656
228674
228692
228710
228728
228746
228764
228782
228800
228818
228836
228854
228872
228890
228908
228926
228944
228962
228980
228998
229016
229034
229052
229070
229088
229106
229124
229142
229160
229178
229196
229214
229232
229250
229268
229286
229304
229322
229340
229358
229376
229394
229412
229430
229448
229466
229484
229502
229520
229538
229556
229574
229592
229610
229628
229646
229664
229682
229700
229718
229736
229754
229772
229790
229808
229826
229844
229862
229880
229898
229916
229934
229952
229970
229988
230006
230024
230042
230060
230078
230096
230114
230132
230150
230168
230186
230204
230222
230240
230258
230276
230294
230312
230330
230348
230366
230384
230402
230420
230438
230456
230474
230492
230510
230528
230546
230564
230582
230600
230618
230636
230654
230672
230690
230708
230726
230744
230762
230780
230798
230816
230834
230852
230870
230888
230906
230924
230942
230960
230978
230996
231014
231032
231050
231068
231086
231104
231122
231140
231158
231176
231194
231212
231230
231248
231266
231284
231302
231320
231338
231356
231374
231392
231413
231434
231455
231476
231497
231518
231539
231560
231581
231602
231623
231644
231665
231686
231707
231728
231749
231770
231791
231812
231833
231854
231875
231896
231917
231938
231959
231980
232001
232022
232043
232064
232085
232106
232127
232148
232169
232190
232211
232232
232253
232274
232295
232316
232337
232358
232379
232397
232415
232433
232451
232469
232487
232505
232523
232541
232559
232577
232595
232613
232631
232649
232667
232685
232703
232721
232739
232757
232775
232793
232811
232829
232847
232865
232883
232901
232919
232937
232955
232973
232991
233009
233027
233045
233063
233081
233099
233117
233135
233153
233171
233189
233207
233225
233243
233261
233279
233297
233315
233333
233351
233369
233386
233403
233420
233437
233454
233471
233488
233505
233522
233539
233556
233573
233590
233607
233624
233641
233658
233675
233692
233709
233726
233743
233760
233777
233794
233811
233828
233845
233862
233879
233896
233913
233930
233947
233964
233981
233998
234015
234032
234049
234066
234083
234100
234117
234134
234151
234168
234185
234202
234219
234236
234253
234270
234287
234304
234321
234338
234355
234373
234391
234409
234427
234445
234463
234481
234499
234517
234535
234553
234571
234589
234607
234625
234643
234661
234679
234697
234715
234733
234751
234769
234787
234805
234823
234841
234859
234877
234895
234913
234931
234949
234967
234985
235003
235021
235039
235057
235075
235093
235111
235129
235147
235165
235183
235201
235219
235237
235255
235273
235291
235309
235327
235345
235362
235379
235396
235413
235430
235447
235464
235481
235498
235515
235532
235549
235566
235583
235600
235617
235634
235651
235668
235685
235702
235719
235736
235753
235770
235787
235804
235821
235838
235855
235872
235889
235906
235923
235940
235957
235974
235991
236008
236025
236042
236059
236076
236093
236110
236127
236144
236161
236178
236195
236212
236229
236246
236263
236280
236297
236314
236331
236350
236369
236388
236407
236426
236445
236464
236483
236502
236521
236540
236559
236578
236597
236616
236635
236654
236673
236692
236711
236730
236749
236768
236787
236806
236825
236844
236863
236882
236901
236920
236939
236958
236977
236996
237015
237034
237053
237072
237091
237110
237129
237148
237167
237186
237205
237224
237243
237262
237281
237300
237319
