16
32
48
64
80
96
112
128
144
160
176
192
208
224
240
256
272
288
304
320
336
352
368
384
400
416
432
448
464
480
496
512
528
544
560
576
592
608
624
640
656
672
688
704
720
736
752
768
784
800
816
832
848
864
880
896
912
928
944
960
976
992
1008
1024
1040
1056
1072
1088
1104
1120
1136
1152
1168
1184
1200
1216
1232
1248
1264
1280
1296
1312
1328
1344
1360
1376
1392
1408
1424
1440
1456
1472
1488
1504
1520
1536
1552
1568
1584
1600
1616
1632
1648
1664
1680
1696
1712
1728
1744
1760
1776
1792
1808
1824
1840
1856
1872
1888
1904
1920
1936
1952
1968
1984
2000
2016
2032
2048
2064
2080
2096
2112
2128
2144
2160
2176
2192
2208
2224
2240
2256
2272
2288
2304
2320
2336
2352
2368
2384
2400
2416
2432
2448
2464
2480
2496
2512
2528
2544
2560
2576
2592
2608
2624
2640
2656
2672
2688
2704
2720
2736
2752
2768
2784
2800
2816
2832
2848
2864
2880
2896
2912
2928
2944
2960
2976
2992
3008
3024
3040
3056
3072
3088
3104
3120
3136
3152
3168
3184
3200
3216
3232
3248
3264
3280
3296
3312
3328
3344
3360
3376
3392
3408
3424
3440
3456
3472
3488
3504
3520
3536
3552
3568
3584
3600
3616
3632
3648
3664
3680
3696
3712
3728
3744
3760
3776
3792
3808
3824
3840
3856
3872
3888
3904
3920
3936
3952
3968
3986
4004
4022
4040
4058
4076
4094
4112
4130
4148
4166
4184
4202
4220
4238
4256
4274
4292
4310
4328
4346
4364
4382
4400
4418
4436
4454
4472
4490
4508
4526
4544
4562
4580
4598
4616
4634
4652
4670
4688
4706
4724
4742
4760
4778
4796
4814
4832
4850
4868
4886
4904
4922
4940
4958
4974
4990
5006
5022
5038
5054
5070
5086
5102
5118
5134
5150
5166
5182
5198
5214
5230
5246
5262
5278
5294
5310
5326
5342
5358
5374
5390
5406
5422
5438
5454
5470
5486
5502
5518
5534
5550
5566
5582
5598
5614
5630
5646
5662
5678
5694
5710
5726
5742
5758
5774
5790
5806
5822
5838
5854
5870
5886
5902
5918
5934
5950
5965
5980
5995
6010
6025
6040
6055
6070
6085
6100
6115
6130
6145
6160
6175
6190
6205
6220
6235
6250
6265
6280
6295
6310
6325
6340
6355
6370
6385
6400
6415
6430
6445
6460
6475
6490
6505
6520
6535
6550
6565
6580
6595
6610
6625
6640
6655
6670
6685
6700
6715
6730
6745
6760
6775
6790
6805
6820
6835
6850
6865
6880
6895
6910
6925
6940
6956
6972
6988
7004
7020
7036
7052
7068
7084
7100
7116
7132
7148
7164
7180
7196
7212
7228
7244
7260
7276
7292
7308
7324
7340
7356
7372
7388
7404
7420
7436
7452
7468
7484
7500
7516
7532
7548
7564
7580
7596
7612
7628
7644
7660
7676
7692
7708
7724
7740
7756
7772
7788
7804
7820
7836
7852
7868
7884
7900
7916
7932
7947
7962
7977
7992
8007
8022
8037
8052
8067
8082
8097
8112
8127
8142
8157
8172
8187
8202
8217
8232
8247
8262
8277
8292
8307
8322
8337
8352
8367
8382
8397
8412
8427
8442
8457
8472
8487
8502
8517
8532
8547
8562
8577
8592
8607
8622
8637
8652
8667
8682
8697
8712
8727
8742
8757
8772
8787
8802
8817
8832
8847
8862
8877
8892
8907
8922
8938
8954
8970
8986
9002
9018
9034
9050
9066
9082
9098
9114
9130
9146
9162
9178
9194
9210
9226
9242
9258
9274
9290
9306
9322
9338
9354
9370
9386
9402
9418
9434
9450
9466
9482
9498
9514
9530
9546
9562
9578
9594
9610
9626
9642
9658
9674
9690
9706
9722
9738
9754
9770
9786
9802
9818
9834
9850
9866
9882
9898
9914
9929
9944
9959
9974
9989
10004
10019
10034
10049
10064
10079
10094
10109
10124
10139
10154
10169
10184
10199
10214
10229
10244
10259
10274
10289
10304
10319
10334
10349
10364
10379
10394
10409
10424
10439
10454
10469
10484
10499
10514
10529
10544
10559
10574
10589
10604
10619
10634
10649
10664
10679
10694
10709
10724
10739
10754
10769
10784
10799
10814
10829
10844
10859
10874
10889
10904
10920
10936
10952
10968
10984
11000
11016
11032
11048
11064
11080
11096
11112
11128
11144
11160
11176
11192
11208
11224
11240
11256
11272
11288
11304
11320
11336
11352
11368
11384
11400
11416
11432
11448
11464
11480
11496
11512
11528
11544
11560
11576
11592
11608
11624
11640
11656
11672
11688
11704
11720
11736
11752
11768
11784
11800
11816
11832
11848
11864
11880
11896
11912
11928
11944
11960
11976
11992
12008
12024
12040
12056
12072
12088
12104
12120
12136
12152
12168
12184
12200
12216
12232
12248
12264
12280
12296
12312
12328
12344
12360
12376
12392
12408
12424
12440
12456
12472
12488
12504
12520
12536
12552
12568
12584
12600
12616
12632
12648
12664
12680
12696
12712
12728
12744
12760
12776
12792
12808
12824
12840
12856
12872
12888
12905
12922
12939
12956
12973
12990
13007
13024
13041
13058
13075
13092
13109
13126
13143
13160
13177
13194
13211
13228
13245
13262
13279
13296
13313
13330
13347
13364
13381
13398
13415
13432
13449
13466
13483
13500
13517
13534
13551
13568
13585
13602
13619
13636
13653
13670
13687
13704
13721
13738
13755
13772
13789
13806
13823
13840
13857
13874
13890
13906
13922
13938
13954
13970
13986
14002
14018
14034
14050
14066
14082
14098
14114
14130
14146
14162
14178
14194
14210
14226
14242
14258
14274
14290
14306
14322
14338
14354
14370
14386
14402
14418
14434
14450
14466
14482
14498
14514
14530
14546
14562
14578
14594
14610
14626
14642
14658
14674
14690
14706
14722
14738
14754
14770
14786
14802
14818
14834
14850
14866
14882
14898
14914
14930
14946
14962
14978
14994
15010
15026
15042
15058
15074
15090
15106
15122
15138
15154
15170
15186
15202
15218
15234
15250
15266
15282
15298
15314
15330
15346
15362
15378
15394
15410
15426
15442
15458
15474
15490
15506
15522
15538
15554
15570
15586
15602
15618
15634
15650
15666
15682
15698
15714
15730
15746
15762
15778
15794
15810
15826
15842
15858
15874
15890
15906
15922
15938
15954
15970
15986
16002
16018
16034
16050
16066
16082
16098
16114
16130
16146
16162
16178
16194
16210
16226
16242
16258
16274
16290
16306
16322
16338
16354
16370
16386
16402
16418
16434
16450
16466
16482
16498
16514
16530
16546
16562
16578
16594
16610
16626
16642
16658
16674
16690
16706
16722
16738
16754
16770
16786
16802
16818
16834
16850
16866
16882
16898
16914
16930
16946
16962
16978
16994
17010
17026
17042
17058
17074
17090
17106
17122
17138
17154
17170
17186
17202
17218
17234
17250
17266
17282
17298
17314
17330
17346
17362
17378
17394
17410
17426
17442
17458
17474
17490
17506
17522
17538
17554
17570
17586
17602
17618
17634
17650
17666
17682
17698
17714
17730
17746
17762
17778
17794
17810
17826
17842
17858
17874
17890
17906
17922
17938
17954
17970
17986
18002
18018
18034
18050
18066
18082
18098
18114
18130
18146
18162
18178
18194
18210
18226
18242
18258
18274
18290
18306
18322
18338
18354
18370
18386
18402
18418
18434
18450
18466
18482
18498
18514
18530
18546
18562
18578
18594
18610
18626
18642
18658
18674
18690
18706
18722
18738
18754
18770
18786
18802
18818
18834
18850
18866
18882
18898
18914
18930
18946
18962
18978
18994
19010
19026
19042
19058
19074
19090
19106
19122
19138
19154
19170
19186
19202
19218
19234
19250
19266
19282
19298
19314
19330
19346
19362
19378
19394
19410
19426
19442
19458
19474
19490
19506
19522
19538
19554
19570
19586
19602
19618
19634
19650
19666
19682
19698
19714
19730
19746
19762
19778
19794
19810
19826
19844
19862
19880
19898
19916
19934
19952
19970
19988
20006
20024
20042
20060
20078
20096
20114
20132
20150
20168
20186
20204
20222
20240
20258
20276
20294
20312
20330
20348
20366
20384
20402
20420
20438
20456
20474
20492
20510
20528
20546
20564
20582
20600
20618
20636
20654
20672
20690
20708
20726
20744
20762
20780
20798
20816
20832
20848
20864
20880
20896
20912
20928
20944
20960
20976
20992
21008
21024
21040
21056
21072
21088
21104
21120
21136
21152
21168
21184
21200
21216
21232
21248
21264
21280
21296
21312
21328
21344
21360
21376
21392
21408
21424
21440
21456
21472
21488
21504
21520
21536
21552
21568
21584
21600
21616
21632
21648
21664
21680
21696
21712
21728
21744
21760
21776
21792
21808
21824
21840
21856
21872
21888
21904
21920
21936
21952
21968
21984
22000
22016
22032
22048
22064
22080
22096
22112
22128
22144
22160
22176
22192
22208
22224
22240
22256
22272
22288
22304
22320
22336
22352
22368
22384
22400
22416
22432
22448
22464
22480
22496
22512
22528
22544
22560
22576
22592
22608
22624
22640
22656
22672
22688
22704
22720
22736
22752
22768
22784
22800
22816
22832
22848
22864
22880
22896
22912
22928
22944
22960
22976
22992
23008
23024
23040
23056
23072
23088
23104
23120
23136
23152
23168
23184
23200
23216
23232
23248
23264
23280
23296
23312
23328
23344
23360
23376
23392
23408
23424
23440
23456
23472
23488
23504
23520
23536
23552
23568
23584
23600
23616
23632
23648
23664
23680
23696
23712
23728
23744
23760
23776
23792
23808
23824
23840
23856
23872
23888
23904
23920
23936
23952
23968
23984
24000
24016
24032
24048
24064
24080
24096
24112
24128
24144
24160
24176
24192
24208
24224
24240
24256
24272
24288
24304
24320
24336
24352
24368
24384
24400
24416
24432
24448
24464
24480
24496
24512
24528
24544
24560
24576
24592
24608
24624
24640
24656
24672
24688
24704
24720
24736
24752
24768
24784
24800
24816
24832
24848
24864
24880
24896
24912
24928
24944
24960
24976
24992
25008
25024
25040
25056
25072
25088
25104
25120
25136
25152
25168
25184
25200
25216
25232
25248
25264
25280
25296
25312
25328
25344
25360
25376
25392
25408
25424
25440
25456
25472
25488
25504
25520
25536
25552
25568
25584
25600
25616
25632
25648
25664
25680
25696
25712
25728
25744
25760
25776
25791
25806
25821
25836
25851
25866
25881
25896
25911
25926
25941
25956
25971
25986
26001
26016
26031
26046
26061
26076
26091
26106
26121
26136
26151
26166
26181
26196
26211
26226
26241
26256
26271
26286
26301
26316
26331
26346
26361
26376
26391
26406
26421
26436
26451
26466
26481
26496
26511
26526
26541
26556
26571
26586
26601
26616
26631
26646
26661
26676
26691
26706
26721
26736
26751
26766
26782
26798
26814
26830
26846
26862
26878
26894
26910
26926
26942
26958
26974
26990
27006
27022
27038
27054
27070
27086
27102
27118
27134
27150
27166
27182
27198
27214
27230
27246
27262
27278
27294
27310
27326
27342
27358
27374
27390
27406
27422
27438
27454
27470
27486
27502
27518
27534
27550
27566
27582
27598
27614
27630
27646
27662
27678
27694
27710
27726
27742
27758
27774
27790
27806
27822
27838
27854
27870
27886
27902
27918
27934
27950
27966
27982
27998
28014
28030
28046
28062
28078
28094
28110
28126
28142
28158
28174
28190
28206
28222
28238
28254
28270
28286
28302
28318
28334
28350
28366
28382
28398
28414
28430
28446
28462
28478
28494
28510
28526
28542
28558
28574
28590
28606
28622
28638
28654
28670
28686
28702
28718
28734
28750
28767
28784
28801
28818
28835
28852
28869
28886
28903
28920
28937
28954
28971
28988
29005
29022
29039
29056
29073
29090
29107
29124
29141
29158
29175
29192
29209
29226
29243
29260
29277
29294
29311
29328
29345
29362
29379
29396
29413
29430
29447
29464
29481
29498
29515
29532
29549
29566
29583
29600
29617
29634
29651
29668
29685
29702
29719
29736
29751
29766
29781
29796
29811
29826
29841
29856
29871
29886
29901
29916
29931
29946
29961
29976
29991
30006
30021
30036
30051
30066
30081
30096
30111
30126
30141
30156
30171
30186
30201
30216
30231
30246
30261
30276
30291
30306
30321
30336
30351
30366
30381
30396
30411
30426
30441
30456
30471
30486
30501
30516
30531
30546
30561
30576
30591
30606
30621
30636
30651
30666
30681
30696
30711
30726
30743
30760
30777
30794
30811
30828
30845
30862
30879
30896
30913
30930
30947
30964
30981
30998
31015
31032
31049
31066
31083
31100
31117
31134
31151
31168
31185
31202
31219
31236
31253
31270
31287
31304
31321
31338
31355
31372
31389
31406
31423
31440
31457
31474
31491
31508
31525
31542
31559
31576
31593
31610
31627
31644
31661
31678
31695
31712
31728
31744
31760
31776
31792
31808
31824
31840
31856
31872
31888
31904
31920
31936
31952
31968
31984
32000
32016
32032
32048
32064
32080
32096
32112
32128
32144
32160
32176
32192
32208
32224
32240
32256
32272
32288
32304
32320
32336
32352
32368
32384
32400
32416
32432
32448
32464
32480
32496
32512
32528
32544
32560
32576
32592
32608
32624
32640
32656
32672
32688
32704
32721
32738
32755
32772
32789
32806
32823
32840
32857
32874
32891
32908
32925
32942
32959
32976
32993
33010
33027
33044
33061
33078
33095
33112
33129
33146
33163
33180
33197
33214
33231
33248
33265
33282
33299
33316
33333
33350
33367
33384
33401
33418
33435
33452
33469
33486
33503
33520
33537
33554
33571
33588
33605
33622
33639
33656
33673
33690
33706
33722
33738
33754
33770
33786
33802
33818
33834
33850
33866
33882
33898
33914
33930
33946
33962
33978
33994
34010
34026
34042
34058
34074
34090
34106
34122
34138
34154
34170
34186
34202
34218
34234
34250
34266
34282
34298
34314
34330
34346
34362
34378
34394
34410
34426
34442
34458
34474
34490
34506
34522
34538
34554
34570
34586
34602
34618
34634
34650
34666
34682
34697
34712
34727
34742
34757
34772
34787
34802
34817
34832
34847
34862
34877
34892
34907
34922
34937
34952
34967
34982
34997
35012
35027
35042
35057
35072
35087
35102
35117
35132
35147
35162
35177
35192
35207
35222
35237
35252
35267
35282
35297
35312
35327
35342
35357
35372
35387
35402
35417
35432
35447
35462
35477
35492
35507
35522
35537
35552
35567
35582
35597
35612
35627
35642
35657
35672
35688
35704
35720
35736
35752
35768
35784
35800
35816
35832
35848
35864
35880
35896
35912
35928
35944
35960
35976
35992
36008
36024
36040
36056
36072
36088
36104
36120
36136
36152
36168
36184
36200
36216
36232
36248
36264
36280
36296
36312
36328
36344
36360
36376
36392
36408
36424
36440
36456
36472
36488
36504
36520
36536
36552
36568
36584
36600
36616
36632
36648
36664
36680
36696
36712
36728
36744
36760
36776
36792
36808
36824
36840
36856
36872
36888
36904
36920
36936
36952
36968
36984
37000
37016
37032
37048
37064
37080
37096
37112
37128
37144
37160
37176
37192
37208
37224
37240
37256
37272
37288
37304
37320
37336
37352
37368
37384
37400
37416
37432
37448
37464
37480
37496
37512
37528
37544
37560
37576
37592
37608
37624
37640
37656
37673
37690
37707
37724
37741
37758
37775
37792
37809
37826
37843
37860
37877
37894
37911
37928
37945
37962
37979
37996
38013
38030
38047
38064
38081
38098
38115
38132
38149
38166
38183
38200
38217
38234
38251
38268
38285
38302
38319
38336
38353
38370
38387
38404
38421
38438
38455
38472
38489
38506
38523
38540
38557
38574
38591
38608
38625
38642
38658
38674
38690
38706
38722
38738
38754
38770
38786
38802
38818
38834
38850
38866
38882
38898
38914
38930
38946
38962
38978
38994
39010
39026
39042
39058
39074
39090
39106
39122
39138
39154
39170
39186
39202
39218
39234
39250
39266
39282
39298
39314
39330
39346
39362
39378
39394
39410
39426
39442
39458
39474
39490
39506
39522
39538
39554
39570
39586
39602
39618
39634
39651
39668
39685
39702
39719
39736
39753
39770
39787
39804
39821
39838
39855
39872
39889
39906
39923
39940
39957
39974
39991
40008
40025
40042
40059
40076
40093
40110
40127
40144
40161
40178
40195
40212
40229
40246
40263
40280
40297
40314
40331
40348
40365
40382
40399
40416
40433
40450
40467
40484
40501
40518
40535
40552
40569
40586
40603
40620
40636
40652
40668
40684
40700
40716
40732
40748
40764
40780
40796
40812
40828
40844
40860
40876
40892
40908
40924
40940
40956
40972
40988
41004
41020
41036
41052
41068
41084
41100
41116
41132
41148
41164
41180
41196
41212
41228
41244
41260
41276
41292
41308
41324
41340
41356
41372
41388
41404
41420
41436
41452
41468
41484
41500
41516
41532
41548
41564
41580
41596
41612
41628
41644
41660
41676
41692
41708
41724
41740
41756
41772
41788
41804
41820
41836
41852
41868
41884
41900
41916
41932
41948
41964
41980
41996
42012
42028
42044
42060
42076
42092
42108
42124
42140
42156
42172
42188
42204
42220
42236
42252
42268
42284
42300
42316
42332
42348
42364
42380
42396
42412
42428
42444
42460
42476
42492
42508
42524
42540
42556
42572
42588
42604
42620
42636
42652
42668
42684
42700
42716
42732
42748
42764
42780
42796
42812
42828
42844
42860
42876
42892
42908
42924
42940
42956
42972
42988
43004
43020
43036
43052
43068
43084
43100
43116
43132
43148
43164
43180
43196
43212
43228
43244
43260
43276
43292
43308
43324
43340
43356
43372
43388
43404
43420
43436
43452
43468
43484
43500
43516
43532
43548
43564
43580
43596
43613
43630
43647
43664
43681
43698
43715
43732
43749
43766
43783
43800
43817
43834
43851
43868
43885
43902
43919
43936
43953
43970
43987
44004
44021
44038
44055
44072
44089
44106
44123
44140
44157
44174
44191
44208
44225
44242
44259
44276
44293
44310
44327
44344
44361
44378
44395
44412
44429
44446
44463
44480
44497
44514
44531
44548
44565
44582
44598
44614
44630
44646
44662
44678
44694
44710
44726
44742
44758
44774
44790
44806
44822
44838
44854
44870
44886
44902
44918
44934
44950
44966
44982
44998
45014
45030
45046
45062
45078
45094
45110
45126
45142
45158
45174
45190
45206
45222
45238
45254
45270
45286
45302
45318
45334
45350
45366
45382
45398
45414
45430
45446
45462
45478
45494
45510
45526
45542
45558
45574
45590
45606
45622
45638
45654
45670
45686
45702
45718
45734
45750
45766
45782
45798
45814
45830
45846
45862
45878
45894
45910
45926
45942
45958
45974
45990
46006
46022
46038
46054
46070
46086
46102
46118
46134
46150
46166
46182
46198
46214
46230
46246
46262
46278
46294
46310
46326
46342
46358
46374
46390
46406
46422
46438
46454
46470
46486
46502
46518
46534
46550
46566
46581
46596
46611
46626
46641
46656
46671
46686
46701
46716
46731
46746
46761
46776
46791
46806
46821
46836
46851
46866
46881
46896
46911
46926
46941
46956
46971
46986
47001
47016
47031
47046
47061
47076
47091
47106
47121
47136
47151
47166
47181
47196
47211
47226
47241
47256
47271
47286
47301
47316
47331
47346
47361
47376
47391
47406
47421
47436
47451
47466
47481
47496
47511
47526
47541
47556
47573
47590
47607
47624
47641
47658
47675
47692
47709
47726
47743
47760
47777
47794
47811
47828
47845
47862
47879
47896
47913
47930
47947
47964
47981
47998
48015
48032
48049
48066
48083
48100
48117
48134
48151
48168
48185
48202
48219
48236
48253
48270
48287
48304
48321
48338
48355
48372
48389
48406
48423
48440
48457
48474
48491
48508
48525
48542
48558
48574
48590
48606
48622
48638
48654
48670
48686
48702
48718
48734
48750
48766
48782
48798
48814
48830
48846
48862
48878
48894
48910
48926
48942
48958
48974
48990
49006
49022
49038
49054
49070
49086
49102
49118
49134
49150
49166
49182
49198
49214
49230
49246
49262
49278
49294
49310
49326
49342
49358
49374
49390
49406
49422
49438
49454
49470
49486
49502
49518
49534
49550
49566
49582
49598
49614
49630
49646
49662
49678
49694
49710
49726
49742
49758
49774
49790
49806
49822
49838
49854
49870
49886
49902
49918
49934
49950
49966
49982
49998
50014
50030
50046
50062
50078
50094
50110
50126
50142
50158
50174
50190
50206
50222
50238
50254
50270
50286
50302
50318
50334
50350
50366
50382
50398
50414
50430
50446
50462
50478
50494
50510
50526
50542
50558
50574
50590
50606
50622
50638
50654
50670
50686
50702
50718
50734
50750
50766
50782
50798
50814
50830
50846
50862
50878
50894
50910
50926
50942
50958
50974
50990
51006
51022
51038
51054
51070
51086
51102
51118
51134
51150
51166
51182
51198
51214
51230
51246
51262
51278
51294
51310
51326
51342
51358
51374
51390
51406
51422
51438
51454
51470
51486
51502
51518
51534
51550
51566
51582
51598
51614
51630
51646
51662
51678
51694
51710
51726
51742
51758
51774
51790
51806
51822
51838
51854
51870
51886
51902
51918
51934
51950
51966
51982
51998
52014
52030
52046
52062
52078
52094
52110
52126
52142
52158
52174
52190
52206
52222
52238
52254
52270
52286
52302
52318
52334
52350
52366
52382
52398
52414
52430
52446
52462
52478
52494
52510
52526
52542
52558
52574
52590
52606
52622
52638
52654
52670
52686
52702
52718
52734
52750
52766
52782
52798
52814
52830
52846
52862
52878
52894
52910
52926
52942
52958
52974
52990
53006
53022
53038
53054
53070
53086
53102
53118
53134
53150
53166
53182
53198
53214
53230
53246
53262
53278
53294
53310
53326
53342
53358
53374
53390
53406
53422
53438
53454
53470
53486
53502
53518
53534
53550
53566
53582
53598
53614
53630
53646
53662
53678
53694
53710
53726
53742
53758
53774
53790
53806
53822
53838
53854
53870
53886
53902
53918
53934
53950
53966
53982
53998
54014
54030
54046
54062
54078
54094
54110
54126
54142
54158
54174
54190
54206
54222
54238
54254
54270
54286
54302
54318
54334
54350
54366
54382
54398
54414
54430
54446
54462
54478
54494
54510
54526
54542
54558
54574
54590
54606
54622
54638
54654
54670
54686
54702
54718
54734
54750
54766
54782
54798
54814
54830
54846
54862
54878
54894
54910
54926
54942
54958
54974
54990
55006
55022
55038
55054
55070
55086
55102
55118
55134
55150
55166
55182
55198
55214
55230
55246
55262
55278
55294
55310
55326
55342
55358
55374
55390
55406
55422
55438
55454
55470
55486
55502
55518
55534
55550
55566
55582
55598
55614
55630
55646
55662
55678
55694
55710
55726
55742
55758
55774
55790
55806
55822
55838
55854
55870
55886
55902
55918
55934
55950
55966
55982
55998
56014
56030
56046
56062
56078
56094
56110
56126
56142
56158
56174
56190
56206
56222
56238
56254
56270
56286
56302
56318
56334
56350
56366
56382
56398
56414
56430
56446
56462
56478
56493
56508
56523
56538
56553
56568
56583
56598
56613
56628
56643
56658
56673
56688
56703
56718
56733
56748
56763
56778
56793
56808
56823
56838
56853
56868
56883
56898
56913
56928
56943
56958
56973
56988
57003
57018
57033
57048
57063
57078
57093
57108
57123
57138
57153
57168
57183
57198
57213
57228
57243
57258
57273
57288
57303
57318
57333
57348
57363
57378
57393
57408
57423
57438
57453
57468
57483
57498
57513
57528
57543
57558
57573
57588
57603
57618
57633
57648
57663
57678
57693
57708
57723
57738
57753
57768
57783
57798
57813
57828
57843
57858
57873
57888
57903
57918
57933
57948
57963
57978
57993
58008
58023
58038
58053
58068
58083
58098
58113
58128
58143
58158
58173
58188
58203
58218
58233
58248
58263
58278
58293
58308
58323
58338
58353
58368
58383
58398
58413
58428
58443
58458
58474
58490
58506
58522
58538
58554
58570
58586
58602
58618
58634
58650
58666
58682
58698
58714
58730
58746
58762
58778
58794
58810
58826
58842
58858
58874
58890
58906
58922
58938
58954
58970
58986
59002
59018
59034
59050
59066
59082
59098
59114
59130
59146
59162
59178
59194
59210
59226
59242
59258
59274
59290
59306
59322
59338
59354
59370
59386
59402
59418
59434
59450
59465
59480
59495
59510
59525
59540
59555
59570
59585
59600
59615
59630
59645
59660
59675
59690
59705
59720
59735
59750
59765
59780
59795
59810
59825
59840
59855
59870
59885
59900
59915
59930
59945
59960
59975
59990
60005
60020
60035
60050
60065
60080
60095
60110
60125
60140
60155
60170
60185
60200
60215
60230
60245
60260
60275
60290
60305
60320
60335
60350
60365
60380
60395
60410
60425
60440
60455
60470
60485
60500
60515
60530
60545
60560
60575
60590
60605
60620
60635
60650
60665
60680
60695
60710
60725
60740
60755
60770
60785
60800
60815
60830
60845
60860
60875
60890
60905
60920
60935
60950
60965
60980
60995
61010
61025
61040
61055
61070
61085
61100
61115
61130
61145
61160
61175
61190
61205
61220
61235
61250
61265
61280
61295
61310
61325
61340
61355
61370
61385
61400
61415
61430
61446
61462
61478
61494
61510
61526
61542
61558
61574
61590
61606
61622
61638
61654
61670
61686
61702
61718
61734
61750
61766
61782
61798
61814
61830
61846
61862
61878
61894
61910
61926
61942
61958
61974
61990
62006
62022
62038
62054
62070
62086
62102
62118
62134
62150
62166
62182
62198
62214
62230
62246
62262
62278
62294
62310
62326
62342
62358
62374
62390
62406
62422
62438
62454
62470
62486
62502
62518
62534
62550
62566
62582
62598
62614
62630
62646
62662
62678
62694
62710
62726
62742
62758
62774
62790
62806
62822
62838
62854
62870
62886
62902
62918
62934
62950
62966
62982
62998
63014
63030
63046
63062
63078
63094
63110
63126
63142
63158
63174
63190
63206
63222
63238
63254
63270
63286
63302
63318
63334
63350
63366
63382
63398
63414
63431
63448
63465
63482
63499
63516
63533
63550
63567
63584
63601
63618
63635
63652
63669
63686
63703
63720
63737
63754
63771
63788
63805
63822
63839
63856
63873
63890
63907
63924
63941
63958
63975
63992
64009
64026
64043
64060
64077
64094
64111
64128
64145
64162
64179
64196
64213
64230
64247
64264
64281
64298
64315
64332
64349
64366
64383
64400
64416
64432
64448
64464
64480
64496
64512
64528
64544
64560
64576
64592
64608
64624
64640
64656
64672
64688
64704
64720
64736
64752
64768
64784
64800
64816
64832
64848
64864
64880
64896
64912
64928
64944
64960
64976
64992
65008
65024
65040
65056
65072
65088
65104
65120
65136
65152
65168
65184
65200
65216
65232
65248
65264
65280
65296
65312
65328
65344
65360
65376
65392
65408
65424
65440
65456
65472
65488
65504
65520
65536
65552
65568
65584
65600
65616
65632
65648
65664
65680
65696
65712
65728
65744
65760
65776
65792
65808
65824
65840
65856
65872
65888
65904
65920
65936
65952
65968
65984
66000
66016
66032
66048
66064
66080
66096
66112
66128
66144
66160
66176
66192
66208
66224
66240
66256
66272
66288
66304
66320
66336
66352
66368
66384
66400
66416
66432
66448
66464
66480
66496
66512
66528
66544
66560
66576
66592
66608
66624
66640
66656
66672
66688
66704
66720
66736
66752
66768
66784
66800
66816
66832
66848
66864
66880
66896
66912
66928
66944
66960
66976
66992
67008
67024
67040
67056
67072
67088
67104
67120
67136
67152
67168
67184
67200
67216
67232
67248
67264
67280
67296
67312
67328
67344
67360
67376
67392
67408
67424
67440
67456
67472
67488
67504
67520
67536
67552
67568
67584
67600
67616
67632
67648
67664
67680
67696
67712
67728
67744
67760
67776
67792
67808
67824
67840
67856
67872
67888
67904
67920
67936
67952
67968
67984
68000
68016
68032
68048
68064
68080
68096
68112
68128
68144
68160
68176
68192
68208
68224
68240
68256
68272
68288
68304
68320
68336
68352
68368
68385
68402
68419
68436
68453
68470
68487
68504
68521
68538
68555
68572
68589
68606
68623
68640
68657
68674
68691
68708
68725
68742
68759
68776
68793
68810
68827
68844
68861
68878
68895
68912
68929
68946
68963
68980
68997
69014
69031
69048
69065
69082
69099
69116
69133
69150
69167
69184
69201
69218
69235
69252
69269
69286
69303
69320
69337
69354
69370
69386
69402
69418
69434
69450
69466
69482
69498
69514
69530
69546
69562
69578
69594
69610
69626
69642
69658
69674
69690
69706
69722
69738
69754
69770
69786
69802
69818
69834
69850
69866
69882
69898
69914
69930
69946
69962
69978
69994
70010
70026
70042
70058
70074
70090
70106
70122
70138
70154
70170
70186
70202
70218
70234
70250
70266
70282
70298
70314
70330
70346
70362
70378
70394
70410
70426
70442
70458
70474
70490
70506
70522
70538
70554
70570
70586
70602
70618
70634
70650
70666
70682
70698
70714
70730
70746
70762
70778
70794
70810
70826
70842
70858
70874
70890
70906
70922
70938
70954
70970
70986
71002
71018
71034
71050
71066
71082
71098
71114
71130
71146
71162
71178
71194
71210
71226
71242
71258
71274
71290
71306
71322
71338
71353
71368
71383
71398
71413
71428
71443
71458
71473
71488
71503
71518
71533
71548
71563
71578
71593
71608
71623
71638
71653
71668
71683
71698
71713
71728
71743
71758
71773
71788
71803
71818
71833
71848
71863
71878
71893
71908
71923
71938
71953
71968
71983
71998
72013
72028
72043
72058
72073
72088
72103
72118
72133
72148
72163
72178
72193
72208
72223
72238
72253
72268
72283
72298
72313
72328
72344
72360
72376
72392
72408
72424
72440
72456
72472
72488
72504
72520
72536
72552
72568
72584
72600
72616
72632
72648
72664
72680
72696
72712
72728
72744
72760
72776
72792
72808
72824
72840
72856
72872
72888
72904
72920
72936
72952
72968
72984
73000
73016
73032
73048
73064
73080
73096
73112
73128
73144
73160
73176
73192
73208
73224
73240
73256
73272
73288
73304
73320
73335
73350
73365
73380
73395
73410
73425
73440
73455
73470
73485
73500
73515
73530
73545
73560
73575
73590
73605
73620
73635
73650
73665
73680
73695
73710
73725
73740
73755
73770
73785
73800
73815
73830
73845
73860
73875
73890
73905
73920
73935
73950
73965
73980
73995
74010
74025
74040
74055
74070
74085
74100
74115
74130
74145
74160
74175
74190
74205
74220
74235
74250
74265
74280
74295
74310
74325
74340
74355
74370
74385
74400
74415
74430
74445
74460
74475
74490
74505
74520
74535
74550
74565
74580
74595
74610
74625
74640
74655
74670
74685
74700
74715
74730
74745
74760
74775
74790
74805
74820
74835
74850
74865
74880
74895
74910
74925
74940
74955
74970
74985
75000
75015
75030
75045
75060
75075
75090
75105
75120
75135
75150
75165
75180
75195
75210
75225
75240
75255
75270
75285
75300
75316
75332
75348
75364
75380
75396
75412
75428
75444
75460
75476
75492
75508
75524
75540
75556
75572
75588
75604
75620
75636
75652
75668
75684
75700
75716
75732
75748
75764
75780
75796
75812
75828
75844
75860
75876
75892
75908
75924
75940
75956
75972
75988
76004
76020
76036
76052
76068
76084
76100
76116
76132
76148
76164
76180
76196
76212
76228
76244
76260
76276
76292
76308
76324
76340
76356
76372
76388
76404
76420
76436
76452
76468
76484
76500
76516
76532
76548
76564
76580
76596
76612
76628
76644
76660
76676
76692
76708
76724
76740
76756
76772
76788
76804
76820
76836
76852
76868
76884
76900
76916
76932
76948
76964
76980
76996
77012
77028
77044
77060
77076
77092
77108
77124
77140
77156
77172
77188
77204
77220
77236
77252
77268
77284
77300
77316
77332
77348
77364
77380
77396
77412
77428
77444
77460
77476
77492
77508
77524
77540
77556
77572
77588
77604
77620
77636
77652
77668
77684
77700
77716
77732
77748
77764
77780
77796
77812
77828
77844
77860
77876
77892
77908
77924
77940
77956
77972
77988
78004
78020
78036
78052
78068
78084
78100
78116
78132
78148
78164
78180
78196
78212
78228
78244
78260
78276
78292
78308
78324
78340
78356
78372
78388
78404
78420
78436
78452
78468
78484
78500
78516
78532
78548
78564
78580
78596
78612
78628
78644
78660
78676
78692
78708
78724
78740
78756
78772
78788
78804
78820
78836
78852
78868
78884
78900
78916
78932
78948
78964
78980
78996
79012
79028
79044
79060
79076
79092
79108
79124
79140
79156
79172
79188
79204
79220
79236
79252
79268
79284
79300
79316
79332
79348
79364
79380
79396
79412
79428
79444
79460
79476
79492
79508
79524
79540
79556
79572
79588
79604
79620
79636
79652
79668
79684
79700
79716
79732
79748
79764
79780
79796
79812
79828
79844
79860
79876
79892
79908
79924
79940
79956
79972
79988
80004
80020
80036
80052
80068
80084
80100
80116
80132
80148
80164
80180
80196
80212
80228
80244
80260
80276
80292
80308
80324
80340
80356
80372
80388
80404
80420
80436
80452
80468
80484
80500
80516
80532
80548
80564
80580
80596
80612
80628
80644
80660
80676
80692
80708
80724
80740
80756
80772
80788
80804
80820
80836
80852
80868
80884
80900
80916
80932
80948
80964
80980
80996
81012
81028
81044
81060
81076
81092
81108
81124
81140
81156
81172
81188
81204
81220
81236
81252
81269
81286
81303
81320
81337
81354
81371
81388
81405
81422
81439
81456
81473
81490
81507
81524
81541
81558
81575
81592
81609
81626
81643
81660
81677
81694
81711
81728
81745
81762
81779
81796
81813
81830
81847
81864
81881
81898
81915
81932
81949
81966
81983
82000
82017
82034
82051
82068
82085
82102
82119
82136
82153
82170
82187
82204
82221
82238
82254
82270
82286
82302
82318
82334
82350
82366
82382
82398
82414
82430
82446
82462
82478
82494
82510
82526
82542
82558
82574
82590
82606
82622
82638
82654
82670
82686
82702
82718
82734
82750
82766
82782
82798
82814
82830
82846
82862
82878
82894
82910
82926
82942
82958
82974
82990
83006
83022
83038
83054
83070
83086
83102
83118
83134
83150
83166
83182
83198
83214
83230
83246
83262
83278
83294
83310
83326
83342
83358
83374
83390
83406
83422
83438
83454
83470
83486
83502
83518
83534
83550
83566
83582
83598
83614
83630
83646
83662
83678
83694
83710
83726
83742
83758
83774
83790
83806
83822
83838
83854
83870
83886
83902
83918
83934
83950
83966
83982
83998
84014
84030
84046
84062
84078
84094
84110
84126
84142
84158
84174
84190
84206
84222
84239
84256
84273
84290
84307
84324
84341
84358
84375
84392
84409
84426
84443
84460
84477
84494
84511
84528
84545
84562
84579
84596
84613
84630
84647
84664
84681
84698
84715
84732
84749
84766
84783
84800
84817
84834
84851
84868
84885
84902
84919
84936
84953
84970
84987
85004
85021
85038
85055
85072
85089
85106
85123
85140
85157
85174
85191
85208
85224
85240
85256
85272
85288
85304
85320
85336
85352
85368
85384
85400
85416
85432
85448
85464
85480
85496
85512
85528
85544
85560
85576
85592
85608
85624
85640
85656
85672
85688
85704
85720
85736
85752
85768
85784
85800
85816
85832
85848
85864
85880
85896
85912
85928
85944
85960
85976
85992
86008
86024
86040
86056
86072
86088
86104
86120
86136
86152
86168
86184
86200
86216
86232
86248
86264
86280
86296
86312
86328
86344
86360
86376
86392
86408
86424
86440
86456
86472
86488
86504
86520
86536
86552
86568
86584
86600
86616
86632
86648
86664
86680
86696
86712
86728
86744
86760
86776
86792
86808
86824
86840
86856
86872
86888
86904
86920
86936
86952
86968
86984
87000
87016
87032
87048
87064
87080
87096
87112
87128
87144
87160
87176
87192
87208
87224
87240
87256
87272
87288
87304
87320
87336
87352
87368
87384
87400
87416
87432
87448
87464
87480
87496
87512
87528
87544
87560
87576
87592
87608
87624
87640
87656
87672
87688
87704
87720
87736
87752
87768
87784
87800
87816
87832
87848
87864
87880
87896
87912
87928
87944
87960
87976
87992
88008
88024
88040
88056
88072
88088
88104
88120
88136
88152
88168
88184
88200
88216
88232
88248
88264
88280
88296
88312
88328
88344
88360
88376
88392
88408
88424
88440
88456
88472
88488
88504
88520
88536
88552
88568
88584
88600
88616
88632
88648
88664
88680
88696
88712
88728
88744
88760
88776
88792
88808
88824
88840
88856
88872
88888
88904
88920
88936
88952
88968
88984
89000
89016
89032
89048
89064
89080
89096
89112
89128
89144
89160
89176
89192
89208
89224
89240
89256
89272
89288
89304
89320
89336
89352
89368
89384
89400
89416
89432
89448
89464
89480
89496
89512
89528
89544
89560
89576
89592
89608
89624
89640
89656
89672
89688
89704
89720
89736
89752
89768
89784
89800
89816
89832
89848
89864
89880
89896
89912
89928
89944
89960
89976
89992
90008
90024
90040
90056
90072
90088
90104
90120
90136
90152
90168
90184
90200
90216
90232
90248
90264
90280
90296
90312
90328
90344
90360
90376
90392
90408
90424
90440
90456
90472
90488
90504
90520
90536
90552
90568
90584
90600
90616
90632
90648
90664
90680
90696
90712
90728
90744
90760
90776
90792
90808
90824
90840
90856
90872
90888
90904
90920
90936
90952
90968
90984
91000
91016
91032
91048
91064
91080
91096
91112
91128
91144
91160
91176
91192
91208
91224
91240
91256
91272
91288
91304
91320
91336
91352
91368
91384
91400
91416
91432
91448
91464
91480
91496
91512
91528
91544
91560
91576
91592
91608
91624
91640
91656
91672
91688
91704
91720
91736
91752
91768
91784
91800
91816
91832
91848
91864
91880
91896
91912
91928
91944
91960
91976
91992
92008
92024
92040
92056
92072
92088
92104
92120
92136
92152
92168
92184
92200
92216
92232
92248
92264
92280
92296
92312
92328
92344
92360
92376
92392
92408
92424
92440
92456
92472
92488
92504
92520
92536
92552
92568
92584
92600
92616
92632
92648
92664
92680
92696
92712
92728
92744
92760
92776
92792
92808
92824
92840
92856
92872
92888
92904
92920
92936
92952
92968
92984
93000
93016
93032
93048
93064
93080
93096
93112
93128
93144
93159
93174
93189
93204
93219
93234
93249
93264
93279
93294
93309
93324
93339
93354
93369
93384
93399
93414
93429
93444
93459
93474
93489
93504
93519
93534
93549
93564
93579
93594
93609
93624
93639
93654
93669
93684
93699
93714
93729
93744
93759
93774
93789
93804
93819
93834
93849
93864
93879
93894
93909
93924
93939
93954
93969
93984
93999
94014
94029
94044
94059
94074
94089
94104
94119
94134
94150
94166
94182
94198
94214
94230
94246
94262
94278
94294
94310
94326
94342
94358
94374
94390
94406
94422
94438
94454
94470
94486
94502
94518
94534
94550
94566
94582
94598
94614
94630
94646
94662
94678
94694
94710
94726
94742
94758
94774
94790
94806
94822
94838
94854
94870
94886
94902
94918
94934
94950
94966
94982
94998
95014
95030
95046
95062
95078
95094
95110
95126
95144
95162
95180
95198
95216
95234
95252
95270
95288
95306
95324
95342
95360
95378
95396
95414
95432
95450
95468
95486
95504
95522
95540
95558
95576
95594
95612
95630
95648
95666
95684
95702
95720
95738
95756
95774
95792
95810
95828
95846
95864
95882
95900
95918
95936
95954
95972
95990
96008
96026
96044
96062
96080
96098
96116
96132
96148
96164
96180
96196
96212
96228
96244
96260
96276
96292
96308
96324
96340
96356
96372
96388
96404
96420
96436
96452
96468
96484
96500
96516
96532
96548
96564
96580
96596
96612
96628
96644
96660
96676
96692
96708
96724
96740
96756
96772
96788
96804
96820
96836
96852
96868
96884
96900
96916
96932
96948
96964
96980
96996
97012
97028
97044
97060
97076
97092
97108
97124
97140
97156
97172
97188
97204
97220
97236
97252
97268
97284
97300
97316
97332
97348
97364
97380
97396
97412
97428
97444
97460
97476
97492
97508
97524
97540
97556
97572
97588
97604
97620
97636
97652
97668
97684
97700
97716
97732
97748
97764
97780
97796
97812
97828
97844
97860
97876
97892
97908
97924
97940
97956
97972
97988
98004
98020
98036
98052
98068
98084
98100
98116
98132
98148
98164
98180
98196
98212
98228
98244
98260
98276
98292
98308
98324
98340
98356
98372
98388
98404
98420
98436
98452
98468
98484
98500
98516
98532
98548
98564
98580
98596
98612
98628
98644
98660
98676
98692
98708
98724
98740
98756
98772
98788
98804
98820
98836
98852
98868
98884
98900
98916
98932
98948
98964
98980
98996
99012
99028
99044
99060
99076
99092
99109
99126
99143
99160
99177
99194
99211
99228
99245
99262
99279
99296
99313
99330
99347
99364
99381
99398
99415
99432
99449
99466
99483
99500
99517
99534
99551
99568
99585
99602
99619
99636
99653
99670
99687
99704
99721
99738
99755
99772
99789
99806
99823
99840
99857
99874
99891
99908
99925
99942
99959
99976
99993
100010
100027
100044
100061
100078
100095
100112
100129
100146
100163
100180
100197
100214
100231
100248
100265
100282
100299
100316
100333
100350
100367
100384
100401
100418
100435
100452
100469
100486
100503
100520
100537
100554
100571
100588
100605
100622
100639
100656
100673
100690
100707
100724
100741
100758
100775
100792
100809
100826
100843
100860
100877
100894
100911
100928
100945
100962
100979
100996
101013
101030
101047
101064
101080
101096
101112
101128
101144
101160
101176
101192
101208
101224
101240
101256
101272
101288
101304
101320
101336
101352
101368
101384
101400
101416
101432
101448
101464
101480
101496
101512
101528
101544
101560
101576
101592
101608
101624
101640
101656
101672
101688
101704
101720
101736
101752
101768
101784
101800
101816
101832
101848
101864
101880
101896
101912
101928
101944
101960
101976
101992
102008
102024
102040
102056
102072
102088
102104
102120
102136
102152
102168
102184
102200
102216
102232
102248
102264
102280
102296
102312
102328
102344
102360
102376
102392
102408
102424
102440
102456
102472
102488
102504
102520
102536
102552
102568
102584
102600
102616
102632
102648
102664
102680
102696
102712
102728
102744
102760
102776
102792
102808
102824
102840
102856
102872
102888
102904
102920
102936
102952
102968
102984
103000
103016
103032
103048
103063
103078
103093
103108
103123
103138
103153
103168
103183
103198
103213
103228
103243
103258
103273
103288
103303
103318
103333
103348
103363
103378
103393
103408
103423
103438
103453
103468
103483
103498
103513
103528
103543
103558
103573
103588
103603
103618
103633
103648
103663
103678
103693
103708
103723
103738
103753
103768
103783
103798
103813
103828
103843
103858
103873
103888
103903
103918
103933
103948
103963
103978
103993
104008
104023
104038
104053
104068
104083
104098
104113
104128
104143
104158
104173
104188
104203
104218
104233
104248
104263
104278
104293
104308
104323
104338
104353
104368
104383
104398
104413
104428
104443
104458
104473
104488
104503
104518
104533
104548
104563
104578
104593
104608
104623
104638
104653
104668
104683
104698
104713
104728
104743
104758
104773
104788
104803
104818
104833
104848
104863
104878
104893
104908
104923
104938
104953
104968
104983
104998
105013
105028
105044
105060
105076
105092
105108
105124
105140
105156
105172
105188
105204
105220
105236
105252
105268
105284
105300
105316
105332
105348
105364
105380
105396
105412
105428
105444
105460
105476
105492
105508
105524
105540
105556
105572
105588
105604
105620
105636
105652
105668
105684
105700
105716
105732
105748
105764
105780
105796
105812
105828
105844
105860
105876
105892
105908
105924
105940
105956
105972
105988
106004
106020
106035
106050
106065
106080
106095
106110
106125
106140
106155
106170
106185
106200
106215
106230
106245
106260
106275
106290
106305
106320
106335
106350
106365
106380
106395
106410
106425
106440
106455
106470
106485
106500
106515
106530
106545
106560
106575
106590
106605
106620
106635
106650
106665
106680
106695
106710
106725
106740
106755
106770
106785
106800
106815
106830
106845
106860
106875
106890
106905
106920
106935
106950
106965
106980
106995
107010
107027
107044
107061
107078
107095
107112
107129
107146
107163
107180
107197
107214
107231
107248
107265
107282
107299
107316
107333
107350
107367
107384
107401
107418
107435
107452
107469
107486
107503
107520
107537
107554
107571
107588
107605
107622
107639
107656
107673
107690
107707
107724
107741
107758
107775
107792
107809
107826
107843
107860
107877
107894
107911
107928
107945
107962
107979
107996
108012
108028
108044
108060
108076
108092
108108
108124
108140
108156
108172
108188
108204
108220
108236
108252
108268
108284
108300
108316
108332
108348
108364
108380
108396
108412
108428
108444
108460
108476
108492
108508
108524
108540
108556
108572
108588
108604
108620
108636
108652
108668
108684
108700
108716
108732
108748
108764
108780
108796
108812
108828
108844
108860
108876
108892
108908
108924
108940
108956
108972
108988
109003
109018
109033
109048
109063
109078
109093
109108
109123
109138
109153
109168
109183
109198
109213
109228
109243
109258
109273
109288
109303
109318
109333
109348
109363
109378
109393
109408
109423
109438
109453
109468
109483
109498
109513
109528
109543
109558
109573
109588
109603
109618
109633
109648
109663
109678
109693
109708
109723
109738
109753
109768
109783
109798
109813
109828
109843
109858
109873
109888
109903
109918
109933
109948
109963
109978
109993
110008
110023
110038
110053
110068
110083
110098
110113
110128
110143
110158
110173
110188
110203
110218
110233
110248
110263
110278
110293
110308
110323
110338
110353
110368
110383
110398
110413
110428
110443
110458
110473
110488
110503
110518
110533
110548
110563
110578
110593
110608
110623
110638
110653
110668
110683
110698
110713
110728
110743
110758
110773
110788
110803
110818
110833
110848
110863
110878
110893
110908
110923
110938
110953
110968
110983
110998
111013
111028
111043
111058
111073
111088
111103
111118
111133
111148
111163
111178
111193
111208
111223
111238
111253
111268
111283
111298
111313
111328
111343
111358
111373
111388
111403
111418
111433
111448
111463
111478
111493
111508
111523
111538
111553
111568
111583
111598
111613
111628
111643
111658
111673
111688
111703
111718
111733
111748
111763
111778
111793
111808
111823
111838
111853
111868
111883
111898
111913
111928
111943
111958
111974
111990
112006
112022
112038
112054
112070
112086
112102
112118
112134
112150
112166
112182
112198
112214
112230
112246
112262
112278
112294
112310
112326
112342
112358
112374
112390
112406
112422
112438
112454
112470
112486
112502
112518
112534
112550
112566
112582
112598
112614
112630
112646
112662
112678
112694
112710
112726
112742
112758
112774
112790
112806
112822
112838
112854
112870
112886
112902
112918
112934
112950
112966
112982
112998
113014
113030
113046
113062
113078
113094
113110
113126
113142
113158
113174
113190
113206
113222
113238
113254
113270
113286
113302
113318
113334
113350
113366
113382
113398
113414
113430
113446
113462
113478
113494
113510
113526
113542
113558
113574
113590
113606
113622
113638
113654
113670
113686
113702
113718
113734
113750
113766
113782
113798
113814
113830
113846
113862
113878
113894
113910
113926
113942
113958
113974
113990
114006
114022
114038
114054
114070
114086
114102
114118
114134
114150
114166
114182
114198
114214
114230
114246
114262
114278
114294
114310
114326
114342
114358
114374
114390
114406
114422
114438
114454
114470
114486
114502
114518
114534
114550
114566
114582
114598
114614
114630
114646
114662
114678
114694
114710
114726
114742
114758
114774
114790
114806
114822
114838
114854
114870
114886
114902
114918
114934
114950
114966
114982
114998
115014
115030
115046
115062
115078
115094
115110
115126
115142
115158
115174
115190
115206
115222
115238
115254
115270
115286
115302
115318
115334
115350
115366
115382
115398
115414
115430
115446
115462
115478
115494
115510
115526
115542
115558
115574
115590
115606
115622
115638
115654
115670
115686
115702
115718
115734
115750
115766
115782
115798
115814
115830
115846
115862
115878
115894
115910
115926
115942
115958
115974
115990
116006
116022
116038
116054
116070
116086
116102
116118
116134
116150
116166
116182
116198
116214
116230
116246
116262
116278
116294
116310
116326
116342
116358
116374
116390
116406
116422
116438
116454
116470
116486
116502
116518
116534
116550
116566
116582
116598
116614
116630
116646
116662
116678
116694
116710
116726
116742
116758
116774
116790
116806
116822
116838
116854
116870
116886
116902
116918
116933
116948
116963
116978
116993
117008
117023
117038
117053
117068
117083
117098
117113
117128
117143
117158
117173
117188
117203
117218
117233
117248
117263
117278
117293
117308
117323
117338
117353
117368
117383
117398
117413
117428
117443
117458
117473
117488
117503
117518
117533
117548
117563
117578
117593
117608
117623
117638
117653
117668
117683
117698
117713
117728
117743
117758
117773
117788
117803
117818
117833
117848
117863
117878
117893
117908
117923
117938
117953
117968
117983
117998
118013
118028
118043
118058
118073
118088
118103
118118
118133
118148
118163
118178
118193
118208
118223
118238
118253
118268
118283
118298
118313
118328
118343
118358
118373
118388
118403
118418
118433
118448
118463
118478
118493
118508
118523
118538
118553
118568
118583
118598
118613
118628
118643
118658
118673
118688
118703
118718
118733
118748
118763
118778
118793
118808
118823
118838
118853
118868
118883
118898
118914
118930
118946
118962
118978
118994
119010
119026
119042
119058
119074
119090
119106
119122
119138
119154
119170
119186
119202
119218
119234
119250
119266
119282
119298
119314
119330
119346
119362
119378
119394
119410
119426
119442
119458
119474
119490
119506
119522
119538
119554
119570
119586
119602
119618
119634
119650
119666
119682
119698
119714
119730
119746
119762
119778
119794
119810
119826
119842
119858
119874
119890
119906
119922
119938
119954
119970
119986
120002
120018
120034
120050
120066
120082
120098
120114
120130
120146
120162
120178
120194
120210
120226
120242
120258
120274
120290
120306
120322
120338
120354
120370
120386
120402
120418
120434
120450
120466
120482
120498
120514
120530
120546
120562
120578
120594
120610
120626
120642
120658
120674
120690
120706
120722
120738
120754
120770
120786
120802
120818
120834
120850
120866
120882
120898
120914
120930
120946
120962
120978
120994
121010
121026
121042
121058
121074
121090
121106
121122
121138
121154
121170
121186
121202
121218
121234
121250
121266
121282
121298
121314
121330
121346
121362
121378
121394
121410
121426
121442
121458
121474
121490
121506
121522
121538
121554
121570
121586
121602
121618
121634
121650
121666
121682
121698
121714
121730
121746
121762
121778
121794
121810
121826
121842
121858
121874
121890
121906
121922
121938
121954
121970
121986
122002
122018
122034
122050
122066
122082
122098
122114
122130
122146
122162
122178
122194
122210
122226
122242
122258
122274
122290
122306
122322
122338
122354
122370
122386
122402
122418
122434
122450
122466
122482
122498
122514
122530
122546
122562
122578
122594
122610
122626
122642
122658
122674
122690
122706
122722
122738
122754
122770
122786
122802
122818
122834
122850
122866
122880
122894
122908
122922
122936
122950
122964
122978
122992
123006
123020
123034
123048
123062
123076
123090
123104
123118
123132
123146
123160
123174
123188
123202
123216
123230
123244
123258
123272
123286
123300
123314
123328
123342
123356
123370
123384
123398
123412
123426
123440
123454
123468
123482
123496
123510
123524
123538
123552
123566
123580
123594
123608
123622
123636
123650
123664
123678
123692
123706
123720
123734
123748
123762
123776
123790
123804
123818
123832
123846
123860
123875
123890
123905
123920
123935
123950
123965
123980
123995
124010
124025
124040
124055
124070
124085
124100
124115
124130
124145
124160
124175
124190
124205
124220
124235
124250
124265
124280
124295
124310
124325
124340
124355
124370
124385
124400
124415
124430
124445
124460
124475
124490
124505
124520
124535
124550
124565
124580
124595
124610
124625
124640
124655
124670
124685
124700
124715
124730
124745
124760
124775
124790
124805
124820
124835
124850
124866
124882
124898
124914
124930
124946
124962
124978
124994
125010
125026
125042
125058
125074
125090
125106
125122
125138
125154
125170
125186
125202
125218
125234
125250
125266
125282
125298
125314
125330
125346
125362
125378
125394
125410
125426
125442
125458
125474
125490
125506
125522
125538
125554
125570
125586
125602
125618
125634
125650
125666
125682
125698
125714
125730
125746
125762
125778
125794
125810
125826
125842
125859
125876
125893
125910
125927
125944
125961
125978
125995
126012
126029
126046
126063
126080
126097
126114
126131
126148
126165
126182
126199
126216
126233
126250
126267
126284
126301
126318
126335
126352
126369
126386
126403
126420
126437
126454
126471
126488
126505
126522
126539
126556
126573
126590
126607
126624
126641
126658
126675
126692
126709
126726
126743
126760
126777
126794
126811
126828
126845
126862
126879
126896
126913
126930
126947
126964
126981
126998
127015
127032
127049
127066
127083
127100
127117
127134
127151
127168
127185
127202
127219
127236
127253
127270
127287
127304
127321
127338
127355
127372
127389
127406
127423
127440
127457
127474
127491
127508
127525
127542
127559
127576
127593
127610
127627
127644
127661
127678
127695
127712
127729
127746
127763
127780
127797
127814
127830
127846
127862
127878
127894
127910
127926
127942
127958
127974
127990
128006
128022
128038
128054
128070
128086
128102
128118
128134
128150
128166
128182
128198
128214
128230
128246
128262
128278
128294
128310
128326
128342
128358
128374
128390
128406
128422
128438
128454
128470
128486
128502
128518
128534
128550
128566
128582
128598
128614
128630
128646
128662
128678
128694
128710
128726
128742
128758
128774
128790
128806
128822
128838
128854
128870
128886
128902
128918
128934
128950
128966
128982
128998
129014
129030
129046
129062
129078
129094
129110
129126
129142
129158
129174
129190
129206
129222
129238
129254
129270
129286
129302
129318
129334
129350
129366
129382
129398
129414
129430
129446
129462
129478
129494
129510
129526
129542
129558
129574
129590
129606
129622
129638
129654
129670
129686
129702
129718
129734
129750
129766
129782
129798
129813
129828
129843
129858
129873
129888
129903
129918
129933
129948
129963
129978
129993
130008
130023
130038
130053
130068
130083
130098
130113
130128
130143
130158
130173
130188
130203
130218
130233
130248
130263
130278
130293
130308
130323
130338
130353
130368
130383
130398
130413
130428
130443
130458
130473
130488
130503
130518
130533
130548
130563
130578
130593
130608
130623
130638
130653
130668
130683
130698
130713
130728
130743
130758
130773
130788
130804
130820
130836
130852
130868
130884
130900
130916
130932
130948
130964
130980
130996
131012
131028
131044
131060
131076
131092
131108
131124
131140
131156
131172
131188
131204
131220
131236
131252
131268
131284
131300
131316
131332
131348
131364
131380
131396
131412
131428
131444
131460
131476
131492
131508
131524
131540
131556
131572
131588
131604
131620
131636
131652
131668
131684
131700
131716
131732
131748
131764
131780
131796
131812
131828
131844
131860
131876
131892
131908
131924
131940
131956
131972
131988
132004
132020
132036
132052
132068
132084
132100
132116
132132
132148
132164
132180
132196
132212
132228
132244
132260
132276
132292
132308
132324
132340
132356
132372
132388
132404
132420
132436
132452
132468
132484
132500
132516
132532
132548
132564
132580
132596
132612
132628
132644
132660
132676
132692
132708
132724
132740
132756
132772
132788
132804
132820
132836
132852
132868
132884
132900
132916
132932
132948
132964
132980
132996
133012
133028
133044
133060
133076
133092
133108
133124
133140
133156
133172
133188
133204
133220
133236
133252
133268
133284
133300
133316
133332
133348
133364
133380
133396
133412
133428
133444
133460
133476
133492
133508
133524
133540
133556
133572
133588
133604
133620
133636
133652
133668
133684
133700
133716
133732
133748
133764
133780
133796
133812
133828
133844
133860
133876
133892
133908
133924
133940
133956
133972
133988
134004
134020
134036
134052
134068
134084
134100
134116
134132
134148
134164
134180
134196
134212
134228
134244
134260
134276
134292
134308
134324
134340
134356
134372
134388
134404
134420
134436
134452
134468
134484
134500
134516
134532
134548
134564
134580
134596
134612
134628
134644
134660
134676
134692
134708
134724
134740
134756
134772
134788
134804
134820
134836
134852
134868
134884
134900
134916
134932
134948
134964
134980
134996
135012
135028
135044
135060
135076
135092
135108
135124
135140
135156
135172
135188
135204
135220
135236
135252
135268
135284
135300
135316
135332
135348
135364
135380
135396
135412
135428
135444
135460
135476
135492
135508
135524
135540
135556
135572
135588
135604
135620
135636
135652
135668
135684
135700
135716
135732
135748
135764
135780
135796
135812
135828
135844
135860
135876
135892
135908
135924
135940
135956
135972
135988
136004
136020
136036
136052
136068
136084
136100
136116
136132
136148
136164
136180
136196
136212
136228
136244
136260
136276
136292
136308
136324
136340
136356
136372
136388
136404
136420
136436
136452
136468
136484
136500
136516
136532
136548
136564
136580
136596
136612
136628
136644
136660
136676
136692
136708
136724
136740
136756
136772
136788
136804
136820
136836
136852
136868
136884
136900
136916
136932
136948
136964
136980
136996
137012
137028
137044
137060
137076
137092
137108
137124
137140
137156
137172
137188
137204
137220
137236
137252
137268
137284
137300
137316
137332
137348
137364
137380
137396
137412
137428
137444
137460
137476
137492
137508
137524
137540
137556
137572
137588
137604
137620
137636
137652
137668
137684
137700
137716
137732
137748
137764
137780
137796
137812
137828
137844
137860
137876
137892
137908
137924
137940
137956
137972
137988
138004
138020
138036
138052
138068
138084
138100
138116
138132
138148
138164
138180
138196
138212
138228
138244
138260
138276
138292
138308
138324
138340
138356
138372
138388
138404
138420
138436
138452
138468
138484
138500
138516
138532
138548
138564
138580
138596
138612
138628
138644
138660
138676
138692
138708
138724
138740
138756
138772
138788
138804
138820
138836
138852
138868
138884
138900
138916
138932
138948
138964
138980
138996
139012
139028
139044
139060
139076
139092
139108
139124
139140
139156
139172
139188
139204
139220
139236
139252
139268
139284
139300
139316
139332
139348
139364
139380
139396
139412
139428
139444
139460
139476
139492
139508
139524
139540
139556
139572
139588
139604
139620
139636
139652
139668
139684
139700
139716
139731
139746
139761
139776
139791
139806
139821
139836
139851
139866
139881
139896
139911
139926
139941
139956
139971
139986
140001
140016
140031
140046
140061
140076
140091
140106
140121
140136
140151
140166
140181
140196
140211
140226
140241
140256
140271
140286
140301
140316
140331
140346
140361
140376
140391
140406
140421
140436
140451
140466
140481
140496
140511
140526
140541
140556
140571
140586
140601
140616
140631
140646
140661
140676
140691
140706
140722
140738
140754
140770
140786
140802
140818
140834
140850
140866
140882
140898
140914
140930
140946
140962
140978
140994
141010
141026
141042
141058
141074
141090
141106
141122
141138
141154
141170
141186
141202
141218
141234
141250
141266
141282
141298
141314
141330
141346
141362
141378
141394
141410
141426
141442
141458
141474
141490
141506
141522
141538
141554
141570
141586
141602
141618
141634
141650
141666
141682
141698
141713
141728
141743
141758
141773
141788
141803
141818
141833
141848
141863
141878
141893
141908
141923
141938
141953
141968
141983
141998
142013
142028
142043
142058
142073
142088
142103
142118
142133
142148
142163
142178
142193
142208
142223
142238
142253
142268
142283
142298
142313
142328
142343
142358
142373
142388
142403
142418
142433
142448
142463
142478
142493
142508
142523
142538
142553
142568
142583
142598
142613
142628
142643
142658
142673
142688
142704
142720
142736
142752
142768
142784
142800
142816
142832
142848
142864
142880
142896
142912
142928
142944
142960
142976
142992
143008
143024
143040
143056
143072
143088
143104
143120
143136
143152
143168
143184
143200
143216
143232
143248
143264
143280
143296
143312
143328
143344
143360
143376
143392
143408
143424
143440
143456
143472
143488
143504
143520
143536
143552
143568
143584
143600
143616
143632
143648
143664
143680
143695
143710
143725
143740
143755
143770
143785
143800
143815
143830
143845
143860
143875
143890
143905
143920
143935
143950
143965
143980
143995
144010
144025
144040
144055
144070
144085
144100
144115
144130
144145
144160
144175
144190
144205
144220
144235
144250
144265
144280
144295
144310
144325
144340
144355
144370
144385
144400
144415
144430
144445
144460
144475
144490
144505
144520
144535
144550
144565
144580
144595
144610
144625
144640
144655
144670
144686
144702
144718
144734
144750
144766
144782
144798
144814
144830
144846
144862
144878
144894
144910
144926
144942
144958
144974
144990
145006
145022
145038
145054
145070
145086
145102
145118
145134
145150
145166
145182
145198
145214
145230
145246
145262
145278
145294
145310
145326
145342
145358
145374
145390
145406
145422
145438
145454
145470
145486
145502
145518
145534
145550
145566
145582
145598
145614
145630
145646
145662
145677
145692
145707
145722
145737
145752
145767
145782
145797
145812
145827
145842
145857
145872
145887
145902
145917
145932
145947
145962
145977
145992
146007
146022
146037
146052
146067
146082
146097
146112
146127
146142
146157
146172
146187
146202
146217
146232
146247
146262
146277
146292
146307
146322
146337
146352
146367
146382
146397
146412
146427
146442
146457
146472
146487
146502
146517
146532
146547
146562
146577
146592
146607
146622
146637
146652
146667
146682
146697
146712
146727
146742
146757
146772
146787
146802
146817
146832
146847
146862
146877
146892
146907
146922
146937
146952
146967
146982
146997
147012
147027
147042
147057
147072
147087
147102
147117
147132
147147
147162
147177
147192
147207
147222
147237
147252
147267
147282
147297
147312
147327
147342
147357
147372
147387
147402
147417
147432
147447
147462
147477
147492
147507
147522
147537
147552
147567
147582
147597
147612
147627
147642
147657
147672
147687
147702
147717
147732
147747
147762
147777
147792
147807
147822
147837
147852
147867
147882
147897
147912
147927
147942
147957
147972
147987
148002
148017
148032
148047
148062
148077
148092
148107
148122
148137
148152
148167
148182
148197
148212
148227
148242
148257
148272
148287
148302
148317
148332
148347
148362
148377
148392
148407
148422
148437
148452
148467
148482
148497
148512
148527
148542
148557
148572
148587
148602
148617
148632
148647
148662
148677
148692
148707
148722
148737
148752
148767
148782
148797
148812
148827
148842
148857
148872
148887
148902
148917
148932
148947
148962
148977
148992
149007
149022
149037
149052
149067
149082
149097
149112
149127
149142
149157
149172
149187
149202
149217
149232
149247
149262
149277
149292
149307
149322
149337
149352
149367
149382
149397
149412
149427
149442
149457
149472
149487
149502
149517
149532
149547
149562
149577
149592
149607
149622
149637
149652
149667
149682
149697
149712
149727
149742
149757
149772
149787
149802
149817
149832
149847
149862
149877
149892
149907
149922
149937
149952
149967
149982
149997
150012
150027
150042
150057
150072
150087
150102
150117
150132
150147
150162
150177
150192
150207
150222
150237
150252
150267
150282
150297
150312
150327
150342
150357
150372
150387
150402
150417
150432
150447
150462
150477
150492
150507
150522
150537
150552
150567
150582
150597
150612
150629
150646
150663
150680
150697
150714
150731
150748
150765
150782
150799
150816
150833
150850
150867
150884
150901
150918
150935
150952
150969
150986
151003
151020
151037
151054
151071
151088
151105
151122
151139
151156
151173
151190
151207
151224
151241
151258
151275
151292
151309
151326
151343
151360
151377
151394
151411
151428
151445
151462
151479
151496
151513
151530
151547
151564
151581
151598
151614
151630
151646
151662
151678
151694
151710
151726
151742
151758
151774
151790
151806
151822
151838
151854
151870
151886
151902
151918
151934
151950
151966
151982
151998
152014
152030
152046
152062
152078
152094
152110
152126
152142
152158
152174
152190
152206
152222
152238
152254
152270
152286
152302
152318
152334
152350
152366
152382
152398
152414
152430
152446
152462
152478
152494
152510
152526
152542
152558
152574
152590
152605
152620
152635
152650
152665
152680
152695
152710
152725
152740
152755
152770
152785
152800
152815
152830
152845
152860
152875
152890
152905
152920
152935
152950
152965
152980
152995
153010
153025
153040
153055
153070
153085
153100
153115
153130
153145
153160
153175
153190
153205
153220
153235
153250
153265
153280
153295
153310
153325
153340
153355
153370
153385
153400
153415
153430
153445
153460
153475
153490
153505
153520
153535
153550
153565
153580
153596
153612
153628
153644
153660
153676
153692
153708
153724
153740
153756
153772
153788
153804
153820
153836
153852
153868
153884
153900
153916
153932
153948
153964
153980
153996
154012
154028
154044
154060
154076
154092
154108
154124
154140
154156
154172
154188
154204
154220
154236
154252
154268
154284
154300
154316
154332
154348
154364
154380
154396
154412
154428
154444
154460
154476
154492
154508
154524
154540
154556
154572
154588
154604
154620
154636
154652
154668
154684
154700
154716
154732
154748
154764
154780
154796
154812
154828
154844
154860
154876
154892
154908
154924
154940
154956
154972
154988
155004
155020
155036
155052
155068
155084
155100
155116
155132
155148
155164
155180
155196
155212
155228
155244
155260
155276
155292
155308
155324
155340
155356
155372
155388
155404
155420
155436
155452
155468
155484
155500
155516
155532
155548
155564
155580
155596
155612
155628
155644
155660
155676
155692
155708
155724
155740
155756
155772
155788
155804
155820
155836
155852
155868
155884
155900
155916
155932
155948
155964
155980
155996
156012
156028
156044
156060
156076
156092
156108
156124
156140
156156
156172
156188
156204
156220
156236
156252
156268
156284
156300
156316
156332
156348
156364
156380
156396
156412
156428
156444
156460
156476
156492
156508
156524
156540
156556
156572
156588
156604
156620
156636
156652
156668
156684
156700
156716
156732
156748
156764
156780
156796
156812
156828
156844
156860
156876
156892
156908
156924
156940
156956
156972
156988
157004
157020
157036
157052
157068
157084
157100
157116
157132
157148
157164
157180
157196
157212
157228
157244
157260
157276
157292
157308
157324
157340
157356
157372
157388
157404
157420
157436
157452
157468
157484
157500
157516
157532
157548
157565
157582
157599
157616
157633
157650
157667
157684
157701
157718
157735
157752
157769
157786
157803
157820
157837
157854
157871
157888
157905
157922
157939
157956
157973
157990
158007
158024
158041
158058
158075
158092
158109
158126
158143
158160
158177
158194
158211
158228
158245
158262
158279
158296
158313
158330
158347
158364
158381
158398
158415
158432
158449
158466
158483
158500
158517
158534
158550
158566
158582
158598
158614
158630
158646
158662
158678
158694
158710
158726
158742
158758
158774
158790
158806
158822
158838
158854
158870
158886
158902
158918
158934
158950
158966
158982
158998
159014
159030
159046
159062
159078
159094
159110
159126
159142
159158
159174
159190
159206
159222
159238
159254
159270
159286
159302
159318
159334
159350
159366
159382
159398
159414
159430
159446
159462
159478
159494
159510
159526
159542
159558
159574
159590
159606
159622
159638
159654
159670
159686
159702
159718
159734
159750
159766
159782
159798
159814
159830
159846
159862
159878
159894
159910
159926
159942
159958
159974
159990
160006
160022
160038
160054
160070
160086
160102
160118
160134
160150
160166
160182
160198
160214
160230
160246
160262
160278
160294
160310
160326
160342
160358
160374
160390
160406
160422
160438
160454
160470
160486
160502
160518
160535
160552
160569
160586
160603
160620
160637
160654
160671
160688
160705
160722
160739
160756
160773
160790
160807
160824
160841
160858
160875
160892
160909
160926
160943
160960
160977
160994
161011
161028
161045
161062
161079
161096
161113
161130
161147
161164
161181
161198
161215
161232
161249
161266
161283
161300
161317
161334
161351
161368
161385
161402
161419
161436
161453
161470
161487
161504
161519
161534
161549
161564
161579
161594
161609
161624
161639
161654
161669
161684
161699
161714
161729
161744
161759
161774
161789
161804
161819
161834
161849
161864
161879
161894
161909
161924
161939
161954
161969
161984
161999
162014
162029
162044
162059
162074
162089
162104
162119
162134
162149
162164
162179
162194
162209
162224
162239
162254
162269
162284
162299
162314
162329
162344
162359
162374
162389
162404
162419
162434
162449
162464
162479
162494
162510
162526
162542
162558
162574
162590
162606
162622
162638
162654
162670
162686
162702
162718
162734
162750
162766
162782
162798
162814
162830
162846
162862
162878
162894
162910
162926
162942
162958
162974
162990
163006
163022
163038
163054
163070
163086
163102
163118
163134
163150
163166
163182
163198
163214
163230
163246
163262
163278
163294
163310
163326
163342
163358
163374
163390
163406
163422
163438
163454
163470
163486
163502
163518
163534
163550
163566
163582
163598
163614
163630
163646
163662
163678
163694
163710
163726
163742
163758
163774
163790
163806
163822
163838
163854
163870
163886
163902
163918
163934
163950
163966
163982
163998
164014
164030
164046
164062
164078
164094
164110
164126
164142
164158
164174
164190
164206
164222
164238
164254
164270
164286
164302
164318
164334
164350
164366
164382
164398
164414
164430
164446
164462
164478
164494
164510
164526
164542
164558
164574
164590
164606
164622
164638
164654
164670
164686
164702
164718
164734
164750
164766
164782
164798
164814
164830
164846
164862
164878
164894
164910
164926
164942
164958
164974
164990
165006
165022
165038
165054
165070
165086
165102
165118
165134
165150
165166
165182
165198
165214
165230
165246
165262
165278
165294
165310
165326
165342
165358
165374
165390
165406
165422
165438
165454
165470
165486
165502
165518
165534
165550
165566
165582
165598
165614
165630
165646
165662
165678
165694
165710
165726
165742
165758
165774
165790
165806
165822
165838
165854
165870
165886
165902
165918
165934
165950
165966
165982
165998
166014
166030
166046
166062
166078
166094
166110
166126
166142
166158
166174
166190
166206
166222
166238
166254
166270
166286
166302
166318
166334
166350
166366
166382
166398
166414
166430
166446
166462
166478
166494
166510
166526
166542
166558
166574
166590
166606
166622
166638
166654
166670
166686
166702
166718
166734
166750
166766
166782
166798
166814
166830
166846
166862
166878
166894
166910
166926
166942
166958
166974
166990
167006
167022
167038
167054
167070
167086
167102
167118
167134
167150
167166
167182
167198
167214
167230
167246
167262
167278
167294
167310
167326
167342
167358
167374
167390
167406
167422
167438
167454
167470
167486
167502
167518
167534
167550
167566
167582
167598
167614
167630
167646
167662
167678
167694
167710
167726
167742
167758
167774
167790
167806
167822
167838
167854
167870
167886
167902
167918
167934
167950
167966
167982
167998
168014
168030
168046
168062
168078
168094
168110
168126
168142
168158
168174
168190
168206
168222
168238
168254
168270
168286
168302
168318
168334
168350
168366
168382
168398
168414
168430
168446
168462
168478
168494
168510
168526
168542
168558
168574
168590
168606
168622
168638
168654
168670
168686
168702
168718
168734
168750
168766
168782
168798
168814
168830
168846
168862
168878
168894
168910
168926
168942
168958
168974
168990
169006
169022
169038
169054
169070
169086
169102
169118
169134
169150
169166
169182
169198
169214
169230
169246
169262
169278
169294
169310
169326
169342
169358
169374
169390
169406
169422
169438
169454
169470
169486
169502
169518
169534
169550
169566
169582
169598
169614
169630
169646
169662
169678
169694
169710
169726
169742
169758
169774
169790
169806
169822
169838
169854
169870
169886
169902
169918
169934
169950
169966
169982
169998
170014
170030
170046
170062
170078
170094
170110
170126
170142
170158
170174
170190
170206
170222
170238
170254
170270
170286
170302
170318
170334
170350
170366
170382
170398
170414
170430
170447
170464
170481
170498
170515
170532
170549
170566
170583
170600
170617
170634
170651
170668
170685
170702
170719
170736
170753
170770
170787
170804
170821
170838
170855
170872
170889
170906
170923
170940
170957
170974
170991
171008
171025
171042
171059
171076
171093
171110
171127
171144
171161
171178
171195
171212
171229
171246
171263
171280
171297
171314
171331
171348
171365
171382
171399
171416
171432
171448
171464
171480
171496
171512
171528
171544
171560
171576
171592
171608
171624
171640
171656
171672
171688
171704
171720
171736
171752
171768
171784
171800
171816
171832
171848
171864
171880
171896
171912
171928
171944
171960
171976
171992
172008
172024
172040
172056
172072
172088
172104
172120
172136
172152
172168
172184
172200
172216
172232
172248
172264
172280
172296
172312
172328
172344
172360
172376
172392
172408
172424
172440
172456
172472
172488
172504
172520
172536
172552
172568
172584
172600
172616
172632
172648
172664
172680
172696
172712
172728
172744
172760
172776
172792
172808
172824
172840
172856
172872
172888
172904
172920
172936
172952
172968
172984
173000
173016
173032
173048
173064
173080
173096
173112
173128
173144
173160
173176
173192
173208
173224
173240
173256
173272
173288
173304
173320
173336
173352
173368
173384
173400
173416
173432
173448
173464
173480
173496
173512
173528
173544
173560
173576
173592
173608
173624
173640
173656
173672
173688
173704
173720
173736
173752
173768
173784
173800
173816
173832
173848
173864
173880
173896
173912
173928
173944
173960
173976
173992
174008
174024
174040
174056
174072
174088
174104
174120
174136
174152
174168
174184
174200
174216
174232
174248
174264
174280
174296
174312
174328
174344
174360
174376
174392
174408
174424
174440
174456
174472
174488
174504
174520
174536
174552
174568
174584
174600
174616
174632
174648
174664
174680
174696
174712
174728
174744
174760
174776
174792
174808
174824
174840
174856
174872
174888
174904
174920
174936
174952
174968
174984
175000
175016
175032
175048
175064
175080
175096
175112
175128
175144
175160
175176
175192
175208
175224
175240
175256
175272
175288
175304
175320
175336
175352
175368
175384
175400
175416
175432
175448
175464
175480
175496
175512
175528
175544
175560
175576
175592
175608
175624
175640
175656
175672
175688
175704
175720
175736
175752
175768
175784
175800
175816
175832
175848
175864
175880
175896
175912
175928
175944
175960
175976
175992
176008
176024
176040
176056
176072
176088
176104
176120
176136
176152
176168
176184
176200
176216
176232
176248
176264
176280
176296
176312
176328
176344
176360
176376
176391
176406
176421
176436
176451
176466
176481
176496
176511
176526
176541
176556
176571
176586
176601
176616
176631
176646
176661
176676
176691
176706
176721
176736
176751
176766
176781
176796
176811
176826
176841
176856
176871
176886
176901
176916
176931
176946
176961
176976
176991
177006
177021
177036
177051
177066
177081
177096
177111
177126
177141
177156
177171
177186
177201
177216
177231
177246
177261
177276
177291
177306
177321
177336
177351
177366
177381
177396
177411
177426
177441
177456
177471
177486
177501
177516
177531
177546
177561
177576
177591
177606
177621
177636
177651
177666
177681
177696
177711
177726
177741
177756
177771
177786
177801
177816
177831
177846
177861
177876
177891
177906
177921
177936
177951
177966
177981
177996
178011
178026
178041
178056
178071
178086
178101
178116
178131
178146
178161
178176
178191
178206
178221
178236
178251
178266
178281
178296
178311
178326
178341
178356
178373
178390
178407
178424
178441
178458
178475
178492
178509
178526
178543
178560
178577
178594
178611
178628
178645
178662
178679
178696
178713
178730
178747
178764
178781
178798
178815
178832
178849
178866
178883
178900
178917
178934
178951
178968
178985
179002
179019
179036
179053
179070
179087
179104
179121
179138
179155
179172
179189
179206
179223
179240
179257
179274
179291
179308
179325
179342
179358
179374
179390
179406
179422
179438
179454
179470
179486
179502
179518
179534
179550
179566
179582
179598
179614
179630
179646
179662
179678
179694
179710
179726
179742
179758
179774
179790
179806
179822
179838
179854
179870
179886
179902
179918
179934
179950
179966
179982
179998
180014
180030
180046
180062
180078
180094
180110
180126
180142
180158
180174
180190
180206
180222
180238
180254
180270
180286
180302
180318
180334
180349
180364
180379
180394
180409
180424
180439
180454
180469
180484
180499
180514
180529
180544
180559
180574
180589
180604
180619
180634
180649
180664
180679
180694
180709
180724
180739
180754
180769
180784
180799
180814
180829
180844
180859
180874
180889
180904
180919
180934
180949
180964
180979
180994
181009
181024
181039
181054
181069
181084
181099
181114
181129
181144
181159
181174
181189
181204
181219
181234
181249
181264
181279
181294
181309
181324
181341
181358
181375
181392
181409
181426
181443
181460
181477
181494
181511
181528
181545
181562
181579
181596
181613
181630
181647
181664
181681
181698
181715
181732
181749
181766
181783
181800
181817
181834
181851
181868
181885
181902
181919
181936
181953
181970
181987
182004
182021
182038
182055
182072
182089
182106
182123
182140
182157
182174
182191
182208
182225
182242
182259
182276
182293
182310
182326
182342
182358
182374
182390
182406
182422
182438
182454
182470
182486
182502
182518
182534
182550
182566
182582
182598
182614
182630
182646
182662
182678
182694
182710
182726
182742
182758
182774
182790
182806
182822
182838
182854
182870
182886
182902
182918
182934
182950
182966
182982
182998
183014
183030
183046
183062
183078
183094
183110
183126
183142
183158
183174
183190
183206
183222
183238
183254
183270
183286
183302
183318
183334
183350
183366
183382
183398
183414
183430
183446
183462
183478
183494
183510
183526
183542
183558
183574
183590
183606
183622
183638
183654
183670
183686
183702
183718
183734
183750
183766
183782
183798
183814
183830
183846
183862
183878
183894
183910
183926
183942
183958
183974
183990
184006
184022
184038
184054
184070
184086
184102
184118
184134
184150
184166
184182
184198
184214
184230
184246
184262
184278
184294
184309
184324
184339
184354
184369
184384
184399
184414
184429
184444
184459
184474
184489
184504
184519
184534
184549
184564
184579
184594
184609
184624
184639
184654
184669
184684
184699
184714
184729
184744
184759
184774
184789
184804
184819
184834
184849
184864
184879
184894
184909
184924
184939
184954
184969
184984
184999
185014
185029
185044
185059
185074
185089
185104
185119
185134
185149
185164
185179
185194
185209
185224
185239
185254
185269
185284
185300
185316
185332
185348
185364
185380
185396
185412
185428
185444
185460
185476
185492
185508
185524
185540
185556
185572
185588
185604
185620
185636
185652
185668
185684
185700
185716
185732
185748
185764
185780
185796
185812
185828
185844
185860
185876
185892
185908
185924
185940
185956
185972
185988
186004
186020
186036
186052
186068
186084
186100
186116
186132
186148
186164
186180
186196
186212
186228
186244
186260
186276
186292
186308
186324
186340
186356
186372
186388
186404
186420
186436
186452
186468
186484
186500
186516
186532
186548
186564
186580
186596
186612
186628
186644
186660
186676
186692
186708
186724
186740
186756
186772
186788
186804
186820
186836
186852
186868
186884
186900
186916
186932
186948
186964
186980
186996
187012
187028
187044
187060
187076
187092
187108
187124
187140
187156
187172
187188
187204
187220
187236
187252
187268
187283
187298
187313
187328
187343
187358
187373
187388
187403
187418
187433
187448
187463
187478
187493
187508
187523
187538
187553
187568
187583
187598
187613
187628
187643
187658
187673
187688
187703
187718
187733
187748
187763
187778
187793
187808
187823
187838
187853
187868
187883
187898
187913
187928
187943
187958
187973
187988
188003
188018
188033
188048
188063
188078
188093
188108
188123
188138
188153
188168
188183
188198
188213
188228
188243
188258
188275
188292
188309
188326
188343
188360
188377
188394
188411
188428
188445
188462
188479
188496
188513
188530
188547
188564
188581
188598
188615
188632
188649
188666
188683
188700
188717
188734
188751
188768
188785
188802
188819
188836
188853
188870
188887
188904
188921
188938
188955
188972
188989
189006
189023
189040
189057
189074
189091
189108
189125
189142
189159
189176
189193
189210
189227
189244
189260
189276
189292
189308
189324
189340
189356
189372
189388
189404
189420
189436
189452
189468
189484
189500
189516
189532
189548
189564
189580
189596
189612
189628
189644
189660
189676
189692
189708
189724
189740
189756
189772
189788
189804
189820
189836
189852
189868
189884
189900
189916
189932
189948
189964
189980
189996
190012
190028
190044
190060
190076
190092
190108
190124
190140
190156
190172
190188
190204
190220
190236
190251
190266
190281
190296
190311
190326
190341
190356
190371
190386
190401
190416
190431
190446
190461
190476
190491
190506
190521
190536
190551
190566
190581
190596
190611
190626
190641
190656
190671
190686
190701
190716
190731
190746
190761
190776
190791
190806
190821
190836
190851
190866
190881
190896
190911
190926
190941
190956
190971
190986
191001
191016
191031
191046
191061
191076
191091
191106
191121
191136
191151
191166
191181
191196
191211
191226
191242
191258
191274
191290
191306
191322
191338
191354
191370
191386
191402
191418
191434
191450
191466
191482
191498
191514
191530
191546
191562
191578
191594
191610
191626
191642
191658
191674
191690
191706
191722
191738
191754
191770
191786
191802
191818
191834
191850
191866
191882
191898
191914
191930
191946
191962
191978
191994
192010
192026
192042
192058
192074
192090
192106
192122
192138
192154
192170
192186
192202
192218
192234
192250
192266
192282
192298
192314
192330
192346
192362
192378
192394
192410
192426
192442
192458
192474
192490
192506
192522
192538
192554
192570
192586
192602
192618
192634
192650
192666
192682
192698
192714
192730
192746
192762
192778
192794
192810
192826
192842
192858
192874
192890
192906
192922
192938
192954
192970
192986
193002
193018
193034
193050
193066
193082
193098
193114
193130
193146
193162
193178
193194
193210
193227
193244
193261
193278
193295
193312
193329
193346
193363
193380
193397
193414
193431
193448
193465
193482
193499
193516
193533
193550
193567
193584
193601
193618
193635
193652
193669
193686
193703
193720
193737
193754
193771
193788
193805
193822
193839
193856
193873
193890
193907
193924
193941
193958
193975
193992
194009
194026
194043
194060
194077
194094
194111
194128
194145
194162
194179
194196
194211
194226
194241
194256
194271
194286
194301
194316
194331
194346
194361
194376
194391
194406
194421
194436
194451
194466
194481
194496
194511
194526
194541
194556
194571
194586
194601
194616
194631
194646
194661
194676
194691
194706
194721
194736
194751
194766
194781
194796
194811
194826
194841
194856
194871
194886
194901
194916
194931
194946
194961
194976
194991
195006
195021
195036
195051
195066
195081
195096
195111
195126
195141
195156
195171
195186
195202
195218
195234
195250
195266
195282
195298
195314
195330
195346
195362
195378
195394
195410
195426
195442
195458
195474
195490
195506
195522
195538
195554
195570
195586
195602
195618
195634
195650
195666
195682
195698
195714
195730
195746
195762
195778
195794
195810
195826
195842
195858
195874
195890
195906
195922
195938
195954
195970
195986
196002
196018
196034
196050
196066
196082
196098
196114
196130
196146
196162
196178
196193
196208
196223
196238
196253
196268
196283
196298
196313
196328
196343
196358
196373
196388
196403
196418
196433
196448
196463
196478
196493
196508
196523
196538
196553
196568
196583
196598
196613
196628
196643
196658
196673
196688
196703
196718
196733
196748
196763
196778
196793
196808
196823
196838
196853
196868
196883
196898
196913
196928
196943
196958
196973
196988
197003
197018
197033
197048
197063
197078
197093
197108
197123
197138
197153
197168
197184
197200
197216
197232
197248
197264
197280
197296
197312
197328
197344
197360
197376
197392
197408
197424
197440
197456
197472
197488
197504
197520
197536
197552
197568
197584
197600
197616
197632
197648
197664
197680
197696
197712
197728
197744
197760
197776
197792
197808
197824
197840
197856
197872
197888
197904
197920
197936
197952
197968
197984
198000
198016
198032
198048
198064
198080
198096
198112
198128
198144
198160
198176
198192
198208
198224
198240
198256
198272
198288
198304
198320
198336
198352
198368
198384
198400
198416
198432
198448
198464
198480
198496
198512
198528
198544
198560
198576
198592
198608
198624
198640
198656
198672
198688
198704
198720
198736
198752
198768
198784
198800
198816
198832
198848
198864
198880
198896
198912
198928
198944
198960
198976
198992
199008
199024
199040
199056
199072
199088
199104
199120
199136
199152
199167
199182
199197
199212
199227
199242
199257
199272
199287
199302
199317
199332
199347
199362
199377
199392
199407
199422
199437
199452
199467
199482
199497
199512
199527
199542
199557
199572
199587
199602
199617
199632
199647
199662
199677
199692
199707
199722
199737
199752
199767
199782
199797
199812
199827
199842
199857
199872
199887
199902
199917
199932
199947
199962
199977
199992
200007
200022
200037
200052
200067
200082
200097
200112
200127
200142
200158
200174
200190
200206
200222
200238
200254
200270
200286
200302
200318
200334
200350
200366
200382
200398
200414
200430
200446
200462
200478
200494
200510
200526
200542
200558
200574
200590
200606
200622
200638
200654
200670
200686
200702
200718
200734
200750
200766
200782
200798
200814
200830
200846
200862
200878
200894
200910
200926
200942
200958
200974
200990
201006
201022
201038
201054
201070
201086
201102
201118
201134
201150
201166
201182
201198
201214
201230
201246
201262
201278
201294
201310
201326
201342
201358
201374
201390
201406
201422
201438
201454
201470
201486
201502
201518
201534
201550
201566
201582
201598
201614
201630
201646
201662
201678
201694
201710
201726
201742
201758
201774
201790
201806
201822
201838
201854
201870
201886
201902
201918
201934
201950
201966
201982
201998
202014
202030
202046
202062
202078
202094
202110
202126
202141
202156
202171
202186
202201
202216
202231
202246
202261
202276
202291
202306
202321
202336
202351
202366
202381
202396
202411
202426
202441
202456
202471
202486
202501
202516
202531
202546
202561
202576
202591
202606
202621
202636
202651
202666
202681
202696
202711
202726
202741
202756
202771
202786
202801
202816
202831
202846
202861
202876
202891
202906
202921
202936
202951
202966
202981
202996
203011
203026
203041
203056
203071
203086
203101
203116
203132
203148
203164
203180
203196
203212
203228
203244
203260
203276
203292
203308
203324
203340
203356
203372
203388
203404
203420
203436
203452
203468
203484
203500
203516
203532
203548
203564
203580
203596
203612
203628
203644
203660
203676
203692
203708
203724
203740
203756
203772
203788
203804
203820
203836
203852
203868
203884
203900
203916
203932
203948
203964
203980
203996
204012
204028
204044
204060
204076
204092
204108
204123
204138
204153
204168
204183
204198
204213
204228
204243
204258
204273
204288
204303
204318
204333
204348
204363
204378
204393
204408
204423
204438
204453
204468
204483
204498
204513
204528
204543
204558
204573
204588
204603
204618
204633
204648
204663
204678
204693
204708
204723
204738
204753
204768
204783
204798
204813
204828
204843
204858
204873
204888
204903
204918
204933
204948
204963
204978
204993
205008
205023
205038
205053
205068
205083
205098
205113
205128
205143
205158
205173
205188
205203
205218
205233
205248
205263
205278
205293
205308
205323
205338
205353
205368
205383
205398
205413
205428
205443
205458
205473
205488
205503
205518
205533
205548
205563
205578
205593
205608
205623
205638
205653
205668
205683
205698
205713
205728
205743
205758
205773
205788
205803
205818
205833
205848
205863
205878
205893
205908
205923
205938
205953
205968
205983
205998
206013
206028
206043
206058
206073
206088
206103
206118
206133
206148
206163
206178
206193
206208
206223
206238
206253
206268
206283
206298
206313
206328
206343
206358
206373
206388
206403
206418
206433
206448
206463
206478
206493
206508
206523
206538
206553
206568
206583
206598
206613
206628
206643
206658
206673
206688
206703
206718
206733
206748
206763
206778
206793
206808
206823
206838
206853
206868
206883
206898
206913
206928
206943
206958
206973
206988
207003
207018
207033
207048
207063
207078
207094
207110
207126
207142
207158
207174
207190
207206
207222
207238
207254
207270
207286
207302
207318
207334
207350
207366
207382
207398
207414
207430
207446
207462
207478
207494
207510
207526
207542
207558
207574
207590
207606
207622
207638
207654
207670
207686
207702
207718
207734
207750
207766
207782
207798
207814
207830
207846
207862
207878
207894
207910
207926
207942
207958
207974
207990
208006
208022
208038
208054
208070
208086
208102
208118
208134
208150
208166
208182
208198
208214
208230
208246
208262
208278
208294
208310
208326
208342
208358
208374
208390
208406
208422
208438
208454
208470
208486
208502
208518
208534
208550
208566
208582
208598
208614
208630
208646
208662
208678
208694
208710
208726
208742
208758
208774
208790
208806
208822
208838
208854
208870
208886
208902
208918
208934
208950
208966
208982
208998
209014
209030
209046
209062
209078
209094
209110
209126
209142
209158
209174
209190
209206
209222
209238
209254
209270
209286
209302
209318
209334
209350
209366
209382
209398
209414
209430
209446
209462
209478
209494
209510
209526
209542
209558
209574
209590
209606
209622
209638
209654
209670
209686
209702
209718
209734
209750
209766
209782
209798
209814
209830
209846
209862
209878
209894
209910
209926
209942
209958
209974
209990
210006
210022
210038
210054
210070
210086
210102
210118
210134
210150
210166
210182
210198
210214
210230
210246
210262
210278
210294
210310
210326
210342
210358
210374
210390
210406
210422
210438
210454
210470
210486
210502
210518
210534
210550
210566
210582
210598
210614
210630
210646
210662
210678
210694
210710
210726
210742
210758
210774
210790
210806
210822
210838
210854
210870
210886
210902
210918
210934
210950
210966
210982
210998
211014
211030
211046
211062
211078
211094
211110
211126
211142
211158
211174
211190
211206
211222
211238
211254
211270
211286
211302
211318
211334
211350
211366
211382
211398
211414
211430
211446
211462
211478
211494
211510
211526
211542
211558
211574
211590
211606
211622
211638
211654
211670
211686
211702
211718
211734
211750
211766
211782
211798
211814
211830
211846
211862
211878
211894
211910
211926
211942
211958
211974
211990
212006
212022
212038
212054
212070
212086
212102
212118
212134
212150
212166
212182
212198
212214
212230
212246
212262
212278
212294
212310
212326
212342
212358
212374
212390
212406
212422
212438
212454
212470
212486
212502
212518
212534
212550
212566
212582
212598
212614
212630
212646
212662
212678
212694
212710
212726
212742
212758
212774
212790
212806
212822
212838
212854
212870
212886
212902
212918
212934
212950
212966
212982
212998
213014
213030
213046
213062
213078
213094
213110
213126
213142
213158
213174
213190
213206
213222
213238
213254
213270
213286
213302
213318
213334
213350
213366
213382
213398
213414
213430
213446
213462
213478
213494
213510
213526
213542
213558
213574
213590
213606
213622
213638
213654
213670
213686
213702
213718
213734
213750
213766
213782
213798
213814
213830
213846
213862
213878
213894
213910
213926
213942
213958
213974
213990
214006
214022
214038
214054
214070
214086
214102
214118
214134
214150
214166
214182
214198
214214
214230
214246
214262
214278
214294
214310
214326
214342
214358
214374
214390
214406
214422
214438
214454
214470
214486
214502
214518
214534
214550
214566
214582
214598
214614
214630
214646
214662
214678
214694
214710
214726
214742
214758
214774
214790
214806
214822
214838
214854
214870
214886
214902
214918
214934
214950
214966
214982
214998
215014
215029
215044
215059
215074
215089
215104
215119
215134
215149
215164
215179
215194
215209
215224
215239
215254
215269
215284
215299
215314
215329
215344
215359
215374
215389
215404
215419
215434
215449
215464
215479
215494
215509
215524
215539
215554
215569
215584
215599
215614
215629
215644
215659
215674
215689
215704
215719
215734
215749
215764
215779
215794
215809
215824
215839
215854
215869
215884
215899
215914
215929
215944
215959
215974
215989
216004
216021
216038
216055
216072
216089
216106
216123
216140
216157
216174
216191
216208
216225
216242
216259
216276
216293
216310
216327
216344
216361
216378
216395
216412
216429
216446
216463
216480
216497
216514
216531
216548
216565
216582
216599
216616
216633
216650
216667
216684
216701
216718
216735
216752
216769
216786
216803
216820
216837
216854
216871
216888
216905
216922
216939
216956
216973
216990
217007
217024
217041
217058
217075
217092
217109
217126
217143
217160
217177
217194
217211
217228
217245
217262
217279
217296
217313
217330
217347
217364
217381
217398
217415
217432
217449
217466
217483
217500
217517
217534
217551
217568
217585
217602
217619
217636
217653
217670
217687
217704
217721
217738
217755
217772
217789
217806
217823
217840
217857
217874
217891
217908
217925
217942
217959
217976
217991
218006
218021
218036
218051
218066
218081
218096
218111
218126
218141
218156
218171
218186
218201
218216
218231
218246
218261
218276
218291
218306
218321
218336
218351
218366
218381
218396
218411
218426
218441
218456
218471
218486
218501
218516
218531
218546
218561
218576
218591
218606
218621
218636
218651
218666
218681
218696
218711
218726
218741
218756
218771
218786
218801
218816
218831
218846
218861
218876
218891
218906
218921
218936
218951
218966
218981
218996
219011
219026
219041
219056
219071
219086
219101
219116
219131
219146
219161
219176
219191
219206
219221
219236
219251
219266
219281
219296
219311
219326
219341
219356
219371
219386
219401
219416
219431
219446
219461
219476
219491
219506
219521
219536
219551
219566
219581
219596
219611
219626
219641
219656
219671
219686
219701
219716
219731
219746
219761
219776
219791
219806
219821
219836
219851
219866
219881
219896
219911
219926
219941
219956
219973
219990
220007
220024
220041
220058
220075
220092
220109
220126
220143
220160
220177
220194
220211
220228
220245
220262
220279
220296
220313
220330
220347
220364
220381
220398
220415
220432
220449
220466
220483
220500
220517
220534
220551
220568
220585
220602
220619
220636
220653
220670
220687
220704
220721
220738
220755
220772
220789
220806
220823
220840
220857
220874
220891
220908
220925
220942
220958
220974
220990
221006
221022
221038
221054
221070
221086
221102
221118
221134
221150
221166
221182
221198
221214
221230
221246
221262
221278
221294
221310
221326
221342
221358
221374
221390
221406
221422
221438
221454
221470
221486
221502
221518
221534
221550
221566
221582
221598
221614
221630
221646
221662
221678
221694
221710
221726
221742
221758
221774
221790
221806
221822
221838
221854
221870
221886
221902
221918
221934
221950
221966
221982
221998
222014
222030
222046
222062
222078
222094
222110
222126
222142
222158
222174
222190
222206
222222
222238
222254
222270
222286
222302
222318
222334
222350
222366
222382
222398
222414
222430
222446
222462
222478
222494
222510
222526
222542
222558
222574
222590
222606
222622
222638
222654
222670
222686
222702
222718
222734
222750
222766
222782
222798
222814
222830
222846
222862
222878
222894
222910
222926
222942
222958
222974
222990
223006
223022
223038
223054
223070
223086
223102
223118
223134
223150
223166
223182
223198
223214
223230
223246
223262
223278
223294
223310
223326
223342
223358
223374
223390
223406
223422
223438
223454
223470
223486
223502
223518
223534
223550
223566
223582
223598
223614
223630
223646
223662
223678
223694
223710
223726
223742
223758
223774
223790
223806
223822
223838
223854
223870
223886
223902
223918
223933
223948
223963
223978
223993
224008
224023
224038
224053
224068
224083
224098
224113
224128
224143
224158
224173
224188
224203
224218
224233
224248
224263
224278
224293
224308
224323
224338
224353
224368
224383
224398
224413
224428
224443
224458
224473
224488
224503
224518
224533
224548
224563
224578
224593
224608
224623
224638
224653
224668
224683
224698
224713
224728
224743
224758
224773
224788
224803
224818
224833
224848
224863
224878
224893
224908
224924
224940
224956
224972
224988
225004
225020
225036
225052
225068
225084
225100
225116
225132
225148
225164
225180
225196
225212
225228
225244
225260
225276
225292
225308
225324
225340
225356
225372
225388
225404
225420
225436
225452
225468
225484
225500
225516
225532
225548
225564
225580
225596
225612
225628
225644
225660
225676
225692
225708
225724
225740
225756
225772
225788
225804
225820
225836
225852
225868
225884
225900
225917
225934
225951
225968
225985
226002
226019
226036
226053
226070
226087
226104
226121
226138
226155
226172
226189
226206
226223
226240
226257
226274
226291
226308
226325
226342
226359
226376
226393
226410
226427
226444
226461
226478
226495
226512
226529
226546
226563
226580
226597
226614
226631
226648
226665
226682
226699
226716
226733
226750
226767
226784
226801
226818
226835
226852
226869
226886
226902
226918
226934
226950
226966
226982
226998
227014
227030
227046
227062
227078
227094
227110
227126
227142
227158
227174
227190
227206
227222
227238
227254
227270
227286
227302
227318
227334
227350
227366
227382
227398
227414
227430
227446
227462
227478
227494
227510
227526
227542
227558
227574
227590
227606
227622
227638
227654
227670
227686
227702
227718
227734
227750
227766
227782
227798
227814
227830
227846
227862
227878
227894
227910
227926
227942
227958
227974
227990
228006
228022
228038
228054
228070
228086
228102
228118
228134
228150
228166
228182
228198
228214
228230
228246
228262
228278
228294
228310
228326
228342
228358
228374
228390
228406
228422
228438
228454
228470
228486
228502
228518
228534
228550
228566
228582
228598
228614
228630
228646
228662
228678
228694
228710
228726
228742
228758
228774
228790
228806
228822
228838
228854
228870
228887
228904
228921
228938
228955
228972
228989
229006
229023
229040
229057
229074
229091
229108
229125
229142
229159
229176
229193
229210
229227
229244
229261
229278
229295
229312
229329
229346
229363
229380
229397
229414
229431
229448
229465
229482
229499
229516
229533
229550
229567
229584
229601
229618
229635
229652
229669
229686
229703
229720
229737
229754
229771
229788
229805
229822
229839
229856
229873
229890
229907
229924
229941
229958
229975
229992
230009
230026
230043
230060
230077
230094
230111
230128
230145
230162
230179
230196
230213
230230
230247
230264
230281
230298
230315
230332
230349
230366
230383
230400
230417
230434
230451
230468
230485
230502
230519
230536
230553
230570
230587
230604
230621
230638
230655
230672
230689
230706
230723
230740
230757
230774
230791
230808
230825
230842
230858
230874
230890
230906
230922
230938
230954
230970
230986
231002
231018
231034
231050
231066
231082
231098
231114
231130
231146
231162
231178
231194
231210
231226
231242
231258
231274
231290
231306
231322
231338
231354
231370
231386
231402
231418
231434
231450
231466
231482
231498
231514
231530
231546
231562
231578
231594
231610
231626
231642
231658
231674
231690
231706
231722
231738
231754
231770
231786
231802
231818
231834
231850
231866
231882
231898
231914
231930
231946
231962
231978
231994
232010
232026
232042
232058
232074
232090
232106
232122
232138
232154
232170
232186
232202
232218
232234
232250
232266
232282
232298
232314
232330
232346
232362
232378
232394
232410
232426
232442
232458
232474
232490
232506
232522
232538
232554
232570
232586
232602
232618
232634
232650
232666
232682
232698
232714
232730
232746
232762
232778
232794
232810
232826
232842
232858
232874
232890
232906
232922
232938
232954
232970
232986
233002
233018
233034
233050
233066
233082
233098
233114
233130
233146
233162
233178
233194
233210
233226
233242
233258
233274
233290
233306
233322
233338
233354
233370
233386
233402
233418
233434
233450
233466
233482
233498
233514
233530
233546
233562
233578
233594
233610
233626
233642
233658
233674
233690
233706
233722
233738
233754
233770
233786
233802
233818
233833
233848
233863
233878
233893
233908
233923
233938
233953
233968
233983
233998
234013
234028
234043
234058
234073
234088
234103
234118
234133
234148
234163
234178
234193
234208
234223
234238
234253
234268
234283
234298
234313
234328
234343
234358
234373
234388
234403
234418
234433
234448
234463
234478
234493
234508
234523
234538
234553
234568
234583
234598
234613
234628
234643
234658
234673
234688
234703
234718
234733
234748
234763
234778
234793
234808
234824
234840
234856
234872
234888
234904
234920
234936
234952
234968
234984
235000
235016
235032
235048
235064
235080
235096
235112
235128
235144
235160
235176
235192
235208
235224
235240
235256
235272
235288
235304
235320
235336
235352
235368
235384
235400
235416
235432
235448
235464
235480
235496
235512
235528
235544
235560
235576
235592
235608
235624
235640
235656
235672
235688
235704
235720
235736
235752
235768
235784
235800
235816
235832
235848
235864
235880
235896
235912
235928
235944
235960
235976
235992
236008
236024
236040
236056
236072
236088
236104
236120
236136
236152
236168
236184
236200
236216
236232
236248
236264
236280
236296
236312
236328
236344
236360
236376
236392
236408
236424
236440
236456
236472
236488
236504
236520
236536
236552
236568
236584
236600
236616
236632
236648
236664
236680
236696
236712
236728
236744
236760
236776
236792
236808
236824
236840
236856
236872
236888
236904
236920
236936
236952
236968
236984
237000
237016
237032
237048
237064
237080
237096
237112
237128
237144
237160
237176
237192
237208
237224
237240
237256
237272
237288
237304
237320
237336
237352
237368
237384
237400
237416
237432
237448
237464
237480
237496
237512
237528
237544
237560
237576
237592
237608
237624
237640
237656
237672
237688
237704
237720
237736
237752
237768
237784
