18
36
54
72
90
108
126
144
162
180
198
216
234
252
270
288
306
324
342
360
378
396
414
432
450
468
486
504
522
540
558
576
594
612
630
648
666
684
702
720
738
756
774
792
810
828
846
864
882
900
918
936
954
972
990
1006
1022
1038
1054
1070
1086
1102
1118
1134
1150
1166
1182
1198
1214
1230
1246
1262
1278
1294
1310
1326
1342
1358
1374
1390
1406
1422
1438
1454
1470
1486
1502
1518
1534
1550
1566
1582
1598
1614
1630
1646
1662
1678
1694
1710
1726
1742
1758
1774
1790
1806
1822
1838
1854
1870
1886
1902
1918
1934
1950
1966
1982
2000
2018
2036
2054
2072
2090
2108
2126
2144
2162
2180
2198
2216
2234
2252
2270
2288
2306
2324
2342
2360
2378
2396
2414
2432
2450
2468
2486
2504
2522
2540
2558
2576
2594
2612
2630
2648
2666
2684
2702
2720
2738
2756
2774
2792
2810
2828
2846
2864
2882
2900
2918
2936
2954
2972
2989
3006
3023
3040
3057
3074
3091
3108
3125
3142
3159
3176
3193
3210
3227
3244
3261
3278
3295
3312
3329
3346
3363
3380
3397
3414
3431
3448
3465
3482
3499
3516
3533
3550
3567
3584
3601
3618
3635
3652
3669
3686
3703
3720
3737
3754
3771
3788
3805
3822
3839
3856
3873
3890
3907
3924
3941
3958
3975
3992
4009
4026
4043
4060
4077
4094
4111
4128
4145
4162
4179
4196
4213
4230
4247
4264
4281
4298
4315
4332
4349
4366
4383
4400
4417
4434
4451
4468
4485
4502
4519
4536
4553
4570
4587
4604
4621
4638
4655
4672
4689
4706
4723
4740
4757
4774
4791
4808
4825
4842
4859
4876
4893
4910
4927
4944
4963
4982
5001
5020
5039
5058
5077
5096
5115
5134
5153
5172
5191
5210
5229
5248
5267
5286
5305
5324
5343
5362
5381
5400
5419
5438
5457
5476
5495
5514
5533
5552
5571
5590
5609
5628
5647
5666
5685
5704
5723
5742
5761
5780
5799
5818
5837
5856
5875
5894
5913
5932
5950
5968
5986
6004
6022
6040
6058
6076
6094
6112
6130
6148
6166
6184
6202
6220
6238
6256
6274
6292
6310
6328
6346
6364
6382
6400
6418
6436
6454
6472
6490
6508
6526
6544
6562
6580
6598
6616
6634
6652
6670
6688
6706
6724
6742
6760
6778
6796
6814
6832
6850
6868
6886
6904
6922
6939
6956
6973
6990
7007
7024
7041
7058
7075
7092
7109
7126
7143
7160
7177
7194
7211
7228
7245
7262
7279
7296
7313
7330
7347
7364
7381
7398
7415
7432
7449
7466
7483
7500
7517
7534
7551
7568
7585
7602
7619
7636
7653
7670
7687
7704
7721
7738
7755
7772
7789
7806
7823
7840
7857
7874
7891
7908
7928
7948
7968
7988
8008
8028
8048
8068
8088
8108
8128
8148
8168
8188
8208
8228
8248
8268
8288
8308
8328
8348
8368
8388
8408
8428
8448
8468
8488
8508
8528
8548
8568
8588
8608
8628
8648
8668
8688
8708
8728
8748
8768
8788
8808
8828
8848
8868
8888
8908
8927
8946
8965
8984
9003
9022
9041
9060
9079
9098
9117
9136
9155
9174
9193
9212
9231
9250
9269
9288
9307
9326
9345
9364
9383
9402
9421
9440
9459
9478
9497
9516
9535
9554
9573
9592
9611
9630
9649
9668
9687
9706
9725
9744
9763
9782
9801
9820
9839
9858
9877
9896
9914
9932
9950
9968
9986
10004
10022
10040
10058
10076
10094
10112
10130
10148
10166
10184
10202
10220
10238
10256
10274
10292
10310
10328
10346
10364
10382
10400
10418
10436
10454
10472
10490
10508
10526
10544
10562
10580
10598
10616
10634
10652
10670
10688
10706
10724
10742
10760
10778
10796
10814
10832
10850
10868
10886
10904
10922
10940
10958
10976
10994
11012
11030
11048
11066
11084
11102
11120
11138
11156
11174
11192
11210
11228
11246
11264
11282
11300
11318
11336
11354
11372
11390
11408
11426
11444
11462
11480
11498
11516
11534
11552
11570
11588
11606
11624
11642
11660
11678
11696
11714
11732
11750
11768
11786
11804
11822
11840
11858
11876
11895
11914
11933
11952
11971
11990
12009
12028
12047
12066
12085
12104
12123
12142
12161
12180
12199
12218
12237
12256
12275
12294
12313
12332
12351
12370
12389
12408
12427
12446
12465
12484
12503
12522
12541
12560
12579
12598
12617
12636
12655
12674
12693
12712
12731
12750
12769
12788
12807
12826
12845
12864
12883
12902
12921
12940
12959
12978
12997
13016
13035
13054
13073
13092
13111
13130
13149
13168
13187
13206
13225
13244
13263
13282
13301
13320
13339
13358
13377
13396
13415
13434
13453
13472
13491
13510
13529
13548
13567
13586
13605
13624
13643
13662
13681
13700
13719
13738
13757
13776
13795
13814
13833
13852
13869
13886
13903
13920
13937
13954
13971
13988
14005
14022
14039
14056
14073
14090
14107
14124
14141
14158
14175
14192
14209
14226
14243
14260
14277
14294
14311
14328
14345
14362
14379
14396
14413
14430
14447
14464
14481
14498
14515
14532
14549
14566
14583
14600
14617
14634
14651
14668
14685
14702
14719
14736
14753
14770
14787
14804
14821
14838
14856
14874
14892
14910
14928
14946
14964
14982
15000
15018
15036
15054
15072
15090
15108
15126
15144
15162
15180
15198
15216
15234
15252
15270
15288
15306
15324
15342
15360
15378
15396
15414
15432
15450
15468
15486
15504
15522
15540
15558
15576
15594
15612
15630
15648
15666
15684
15702
15720
15738
15756
15774
15792
15810
15828
15846
15864
15882
15900
15918
15936
15954
15972
15990
16008
16026
16044
16062
16080
16098
16116
16134
16152
16170
16188
16206
16224
16242
16260
16278
16296
16314
16332
16350
16368
16386
16404
16422
16440
16458
16476
16494
16512
16530
16548
16566
16584
16602
16620
16638
16656
16674
16692
16710
16728
16746
16764
16782
16800
16818
16837
16856
16875
16894
16913
16932
16951
16970
16989
17008
17027
17046
17065
17084
17103
17122
17141
17160
17179
17198
17217
17236
17255
17274
17293
17312
17331
17350
17369
17388
17407
17426
17445
17464
17483
17502
17521
17540
17559
17578
17597
17616
17635
17654
17673
17692
17711
17730
17749
17768
17787
17806
17824
17842
17860
17878
17896
17914
17932
17950
17968
17986
18004
18022
18040
18058
18076
18094
18112
18130
18148
18166
18184
18202
18220
18238
18256
18274
18292
18310
18328
18346
18364
18382
18400
18418
18436
18454
18472
18490
18508
18526
18544
18562
18580
18598
18616
18634
18652
18670
18688
18706
18724
18742
18760
18778
18796
18813
18830
18847
18864
18881
18898
18915
18932
18949
18966
18983
19000
19017
19034
19051
19068
19085
19102
19119
19136
19153
19170
19187
19204
19221
19238
19255
19272
19289
19306
19323
19340
19357
19374
19391
19408
19425
19442
19459
19476
19493
19510
19527
19544
19561
19578
19595
19612
19629
19646
19663
19680
19697
19714
19731
19748
19765
19782
19800
19818
19836
19854
19872
19890
19908
19926
19944
19962
19980
19998
20016
20034
20052
20070
20088
20106
20124
20142
20160
20178
20196
20214
20232
20250
20268
20286
20304
20322
20340
20358
20376
20394
20412
20430
20448
20466
20484
20502
20520
20538
20556
20574
20592
20610
20628
20646
20664
20682
20700
20718
20736
20754
20772
20789
20806
20823
20840
20857
20874
20891
20908
20925
20942
20959
20976
20993
21010
21027
21044
21061
21078
21095
21112
21129
21146
21163
21180
21197
21214
21231
21248
21265
21282
21299
21316
21333
21350
21367
21384
21401
21418
21435
21452
21469
21486
21503
21520
21537
21554
21571
21588
21605
21622
21639
21656
21673
21690
21707
21724
21741
21758
21776
21794
21812
21830
21848
21866
21884
21902
21920
21938
21956
21974
21992
22010
22028
22046
22064
22082
22100
22118
22136
22154
22172
22190
22208
22226
22244
22262
22280
22298
22316
22334
22352
22370
22388
22406
22424
22442
22460
22478
22496
22514
22532
22550
22568
22586
22604
22622
22640
22658
22676
22694
22712
22730
22748
22767
22786
22805
22824
22843
22862
22881
22900
22919
22938
22957
22976
22995
23014
23033
23052
23071
23090
23109
23128
23147
23166
23185
23204
23223
23242
23261
23280
23299
23318
23337
23356
23375
23394
23413
23432
23451
23470
23489
23508
23527
23546
23565
23584
23603
23622
23641
23660
23679
23698
23717
23736
23755
23774
23793
23812
23831
23850
23869
23888
23907
23926
23945
23964
23983
24002
24021
24040
24059
24078
24097
24116
24135
24154
24173
24192
24211
24230
24249
24268
24287
24306
24325
24344
24363
24382
24401
24420
24439
24458
24477
24496
24515
24534
24553
24572
24591
24610
24629
24648
24667
24686
24705
24724
24743
24762
24781
24800
24819
24838
24857
24876
24895
24914
24933
24952
24971
24990
25009
25028
25047
25066
25085
25104
25123
25142
25161
25180
25199
25218
25237
25256
25275
25294
25313
25332
25351
25370
25389
25408
25427
25446
25465
25484
25503
25522
25541
25560
25579
25598
25617
25636
25655
25674
25693
25712
25729
25746
25763
25780
25797
25814
25831
25848
25865
25882
25899
25916
25933
25950
25967
25984
26001
26018
26035
26052
26069
26086
26103
26120
26137
26154
26171
26188
26205
26222
26239
26256
26273
26290
26307
26324
26341
26358
26375
26392
26409
26426
26443
26460
26477
26494
26511
26528
26545
26562
26579
26596
26613
26630
26647
26664
26681
26698
26716
26734
26752
26770
26788
26806
26824
26842
26860
26878
26896
26914
26932
26950
26968
26986
27004
27022
27040
27058
27076
27094
27112
27130
27148
27166
27184
27202
27220
27238
27256
27274
27292
27310
27328
27346
27364
27382
27400
27418
27436
27454
27472
27490
27508
27526
27544
27562
27580
27598
27616
27634
27652
27670
27688
27705
27722
27739
27756
27773
27790
27807
27824
27841
27858
27875
27892
27909
27926
27943
27960
27977
27994
28011
28028
28045
28062
28079
28096
28113
28130
28147
28164
28181
28198
28215
28232
28249
28266
28283
28300
28317
28334
28351
28368
28385
28402
28419
28436
28453
28470
28487
28504
28521
28538
28555
28572
28589
28606
28623
28640
28657
28674
28692
28710
28728
28746
28764
28782
28800
28818
28836
28854
28872
28890
28908
28926
28944
28962
28980
28998
29016
29034
29052
29070
29088
29106
29124
29142
29160
29178
29196
29214
29232
29250
29268
29286
29304
29322
29340
29358
29376
29394
29412
29430
29448
29466
29484
29502
29520
29538
29556
29574
29592
29610
29628
29646
29664
29683
29702
29721
29740
29759
29778
29797
29816
29835
29854
29873
29892
29911
29930
29949
29968
29987
30006
30025
30044
30063
30082
30101
30120
30139
30158
30177
30196
30215
30234
30253
30272
30291
30310
30329
30348
30367
30386
30405
30424
30443
30462
30481
30500
30519
30538
30557
30576
30595
30614
30633
30652
30669
30686
30703
30720
30737
30754
30771
30788
30805
30822
30839
30856
30873
30890
30907
30924
30941
30958
30975
30992
31009
31026
31043
31060
31077
31094
31111
31128
31145
31162
31179
31196
31213
31230
31247
31264
31281
31298
31315
31332
31349
31366
31383
31400
31417
31434
31451
31468
31485
31502
31519
31536
31553
31570
31587
31604
31621
31638
31655
31672
31689
31706
31723
31740
31757
31774
31791
31808
31825
31842
31859
31876
31893
31910
31927
31944
31961
31978
31995
32012
32029
32046
32063
32080
32097
32114
32131
32148
32165
32182
32199
32216
32233
32250
32267
32284
32301
32318
32335
32352
32369
32386
32403
32420
32437
32454
32471
32488
32505
32522
32539
32556
32573
32590
32607
32624
32640
32656
32672
32688
32704
32720
32736
32752
32768
32784
32800
32816
32832
32848
32864
32880
32896
32912
32928
32944
32960
32976
32992
33008
33024
33040
33056
33072
33088
33104
33120
33136
33152
33168
33184
33200
33216
33232
33248
33264
33280
33296
33312
33328
33344
33360
33376
33392
33408
33424
33440
33456
33472
33488
33504
33520
33536
33552
33568
33584
33600
33616
33634
33652
33670
33688
33706
33724
33742
33760
33778
33796
33814
33832
33850
33868
33886
33904
33922
33940
33958
33976
33994
34012
34030
34048
34066
34084
34102
34120
34138
34156
34174
34192
34210
34228
34246
34264
34282
34300
34318
34336
34354
34372
34390
34408
34426
34444
34462
34480
34498
34516
34534
34552
34570
34588
34606
34623
34640
34657
34674
34691
34708
34725
34742
34759
34776
34793
34810
34827
34844
34861
34878
34895
34912
34929
34946
34963
34980
34997
35014
35031
35048
35065
35082
35099
35116
35133
35150
35167
35184
35201
35218
35235
35252
35269
35286
35303
35320
35337
35354
35371
35388
35405
35422
35439
35456
35473
35490
35507
35524
35541
35558
35575
35592
35611
35630
35649
35668
35687
35706
35725
35744
35763
35782
35801
35820
35839
35858
35877
35896
35915
35934
35953
35972
35991
36010
36029
36048
36067
36086
36105
36124
36143
36162
36181
36200
36219
36238
36257
36276
36295
36314
36333
36352
36371
36390
36409
36428
36447
36466
36485
36504
36523
36542
36561
36580
36596
36612
36628
36644
36660
36676
36692
36708
36724
36740
36756
36772
36788
36804
36820
36836
36852
36868
36884
36900
36916
36932
36948
36964
36980
36996
37012
37028
37044
37060
37076
37092
37108
37124
37140
37156
37172
37188
37204
37220
37236
37252
37268
37284
37300
37316
37332
37348
37364
37380
37396
37412
37428
37444
37460
37476
37492
37508
37524
37540
37556
37572
37590
37608
37626
37644
37662
37680
37698
37716
37734
37752
37770
37788
37806
37824
37842
37860
37878
37896
37914
37932
37950
37968
37986
38004
38022
38040
38058
38076
38094
38112
38130
38148
38166
38184
38202
38220
38238
38256
38274
38292
38310
38328
38346
38364
38382
38400
38418
38436
38454
38472
38490
38508
38526
38544
38562
38580
38598
38616
38634
38652
38670
38688
38706
38724
38742
38760
38778
38796
38814
38832
38850
38868
38886
38904
38922
38940
38958
38976
38994
39012
39030
39048
39066
39084
39102
39120
39138
39156
39174
39192
39210
39228
39246
39264
39282
39300
39318
39336
39354
39372
39390
39408
39426
39444
39462
39480
39498
39516
39534
39552
39569
39586
39603
39620
39637
39654
39671
39688
39705
39722
39739
39756
39773
39790
39807
39824
39841
39858
39875
39892
39909
39926
39943
39960
39977
39994
40011
40028
40045
40062
40079
40096
40113
40130
40147
40164
40181
40198
40215
40232
40249
40266
40283
40300
40317
40334
40351
40368
40385
40402
40419
40436
40453
40470
40487
40504
40521
40538
40555
40572
40589
40606
40623
40640
40657
40674
40691
40708
40725
40742
40759
40776
40793
40810
40827
40844
40861
40878
40895
40912
40929
40946
40963
40980
40997
41014
41031
41048
41065
41082
41099
41116
41133
41150
41167
41184
41201
41218
41235
41252
41269
41286
41303
41320
41337
41354
41371
41388
41405
41422
41439
41456
41473
41490
41507
41524
41541
41558
41575
41592
41609
41626
41643
41660
41677
41694
41711
41728
41745
41762
41779
41796
41813
41830
41847
41864
41881
41898
41915
41932
41949
41966
41983
42000
42017
42034
42051
42068
42085
42102
42119
42136
42153
42170
42187
42204
42221
42238
42255
42272
42289
42306
42323
42340
42357
42374
42391
42408
42425
42442
42459
42476
42493
42510
42526
42542
42558
42574
42590
42606
42622
42638
42654
42670
42686
42702
42718
42734
42750
42766
42782
42798
42814
42830
42846
42862
42878
42894
42910
42926
42942
42958
42974
42990
43006
43022
43038
43054
43070
43086
43102
43118
43134
43150
43166
43182
43198
43214
43230
43246
43262
43278
43294
43310
43326
43342
43358
43374
43390
43406
43422
43438
43454
43470
43486
43502
43520
43538
43556
43574
43592
43610
43628
43646
43664
43682
43700
43718
43736
43754
43772
43790
43808
43826
43844
43862
43880
43898
43916
43934
43952
43970
43988
44006
44024
44042
44060
44078
44096
44114
44132
44150
44168
44186
44204
44222
44240
44258
44276
44294
44312
44330
44348
44366
44384
44402
44420
44438
44456
44474
44492
44509
44526
44543
44560
44577
44594
44611
44628
44645
44662
44679
44696
44713
44730
44747
44764
44781
44798
44815
44832
44849
44866
44883
44900
44917
44934
44951
44968
44985
45002
45019
45036
45053
45070
45087
45104
45121
45138
45155
45172
45189
45206
45223
45240
45257
45274
45291
45308
45325
45342
45359
45376
45393
45410
45427
45444
45461
45478
45496
45514
45532
45550
45568
45586
45604
45622
45640
45658
45676
45694
45712
45730
45748
45766
45784
45802
45820
45838
45856
45874
45892
45910
45928
45946
45964
45982
46000
46018
46036
46054
46072
46090
46108
46126
46144
46162
46180
46198
46216
46234
46252
46270
46288
46306
46324
46342
46360
46378
46396
46414
46432
46450
46468
46485
46502
46519
46536
46553
46570
46587
46604
46621
46638
46655
46672
46689
46706
46723
46740
46757
46774
46791
46808
46825
46842
46859
46876
46893
46910
46927
46944
46961
46978
46995
47012
47029
47046
47063
47080
47097
47114
47131
47148
47165
47182
47199
47216
47233
47250
47267
47284
47301
47318
47335
47352
47369
47386
47403
47420
47437
47454
47470
47486
47502
47518
47534
47550
47566
47582
47598
47614
47630
47646
47662
47678
47694
47710
47726
47742
47758
47774
47790
47806
47822
47838
47854
47870
47886
47902
47918
47934
47950
47966
47982
47998
48014
48030
48046
48062
48078
48094
48110
48126
48142
48158
48174
48190
48206
48222
48238
48254
48270
48286
48302
48318
48334
48350
48366
48382
48398
48414
48430
48446
48463
48480
48497
48514
48531
48548
48565
48582
48599
48616
48633
48650
48667
48684
48701
48718
48735
48752
48769
48786
48803
48820
48837
48854
48871
48888
48905
48922
48939
48956
48973
48990
49007
49024
49041
49058
49075
49092
49109
49126
49143
49160
49177
49194
49211
49228
49245
49262
49279
49296
49313
49330
49347
49364
49381
49398
49415
49432
49451
49470
49489
49508
49527
49546
49565
49584
49603
49622
49641
49660
49679
49698
49717
49736
49755
49774
49793
49812
49831
49850
49869
49888
49907
49926
49945
49964
49983
50002
50021
50040
50059
50078
50097
50116
50135
50154
50173
50192
50211
50230
50249
50268
50287
50306
50325
50344
50363
50382
50401
50420
50438
50456
50474
50492
50510
50528
50546
50564
50582
50600
50618
50636
50654
50672
50690
50708
50726
50744
50762
50780
50798
50816
50834
50852
50870
50888
50906
50924
50942
50960
50978
50996
51014
51032
51050
51068
51086
51104
51122
51140
51158
51176
51194
51212
51230
51248
51266
51284
51302
51320
51338
51356
51374
51392
51410
51428
51446
51464
51482
51500
51518
51536
51554
51572
51590
51608
51626
51644
51662
51680
51698
51716
51734
51752
51770
51788
51806
51824
51842
51860
51878
51896
51914
51932
51950
51968
51986
52004
52022
52040
52058
52076
52094
52112
52130
52148
52166
52184
52202
52220
52238
52256
52274
52292
52310
52328
52346
52364
52382
52400
52419
52438
52457
52476
52495
52514
52533
52552
52571
52590
52609
52628
52647
52666
52685
52704
52723
52742
52761
52780
52799
52818
52837
52856
52875
52894
52913
52932
52951
52970
52989
53008
53027
53046
53065
53084
53103
53122
53141
53160
53179
53198
53217
53236
53255
53274
53293
53312
53331
53350
53369
53388
53406
53424
53442
53460
53478
53496
53514
53532
53550
53568
53586
53604
53622
53640
53658
53676
53694
53712
53730
53748
53766
53784
53802
53820
53838
53856
53874
53892
53910
53928
53946
53964
53982
54000
54018
54036
54054
54072
54090
54108
54126
54144
54162
54180
54198
54216
54234
54252
54270
54288
54306
54324
54342
54360
54378
54396
54414
54432
54450
54468
54486
54504
54522
54540
54558
54576
54594
54612
54630
54648
54666
54684
54702
54720
54738
54756
54774
54792
54810
54828
54846
54864
54882
54900
54918
54936
54954
54972
54990
55008
55026
55044
55062
55080
55098
55116
55134
55152
55170
55188
55206
55224
55242
55260
55278
55296
55314
55332
55350
55368
55386
55404
55422
55440
55458
55476
55494
55512
55530
55548
55566
55584
55602
55620
55638
55656
55674
55692
55710
55728
55746
55764
55782
55800
55818
55836
55854
55872
55890
55908
55926
55944
55962
55980
55998
56016
56034
56052
56070
56088
56106
56124
56142
56160
56178
56196
56214
56232
56250
56268
56286
56304
56322
56340
56358
56375
56392
56409
56426
56443
56460
56477
56494
56511
56528
56545
56562
56579
56596
56613
56630
56647
56664
56681
56698
56715
56732
56749
56766
56783
56800
56817
56834
56851
56868
56885
56902
56919
56936
56953
56970
56987
57004
57021
57038
57055
57072
57089
57106
57123
57140
57157
57174
57191
57208
57225
57242
57259
57276
57293
57310
57327
57344
57362
57380
57398
57416
57434
57452
57470
57488
57506
57524
57542
57560
57578
57596
57614
57632
57650
57668
57686
57704
57722
57740
57758
57776
57794
57812
57830
57848
57866
57884
57902
57920
57938
57956
57974
57992
58010
58028
58046
58064
58082
58100
58118
58136
58154
58172
58190
58208
58226
58244
58262
58280
58298
58316
58334
58352
58370
58388
58406
58424
58442
58460
58478
58496
58514
58532
58550
58568
58586
58604
58622
58640
58658
58676
58694
58712
58730
58748
58766
58784
58802
58820
58838
58856
58874
58892
58910
58928
58946
58964
58982
59000
59018
59036
59054
59072
59090
59108
59126
59144
59162
59180
59198
59216
59234
59252
59270
59288
59306
59324
59341
59358
59375
59392
59409
59426
59443
59460
59477
59494
59511
59528
59545
59562
59579
59596
59613
59630
59647
59664
59681
59698
59715
59732
59749
59766
59783
59800
59817
59834
59851
59868
59885
59902
59919
59936
59953
59970
59987
60004
60021
60038
60055
60072
60089
60106
60123
60140
60157
60174
60191
60208
60225
60242
60259
60276
60293
60310
60328
60346
60364
60382
60400
60418
60436
60454
60472
60490
60508
60526
60544
60562
60580
60598
60616
60634
60652
60670
60688
60706
60724
60742
60760
60778
60796
60814
60832
60850
60868
60886
60904
60922
60940
60958
60976
60994
61012
61030
61048
61066
61084
61102
61120
61138
61156
61174
61192
61210
61228
61246
61264
61282
61300
61320
61340
61360
61380
61400
61420
61440
61460
61480
61500
61520
61540
61560
61580
61600
61620
61640
61660
61680
61700
61720
61740
61760
61780
61800
61820
61840
61860
61880
61900
61920
61940
61960
61980
62000
62020
62040
62060
62080
62100
62120
62140
62160
62180
62200
62220
62240
62260
62280
62300
62318
62336
62354
62372
62390
62408
62426
62444
62462
62480
62498
62516
62534
62552
62570
62588
62606
62624
62642
62660
62678
62696
62714
62732
62750
62768
62786
62804
62822
62840
62858
62876
62894
62912
62930
62948
62966
62984
63002
63020
63038
63056
63074
63092
63110
63128
63146
63164
63182
63200
63218
63236
63254
63272
63290
63308
63326
63344
63362
63380
63398
63416
63434
63452
63470
63488
63506
63524
63542
63560
63578
63596
63614
63632
63650
63668
63686
63704
63722
63740
63758
63776
63794
63812
63830
63848
63866
63884
63902
63920
63938
63956
63974
63992
64010
64028
64046
64064
64082
64100
64118
64136
64154
64172
64190
64208
64226
64244
64262
64280
64298
64316
64334
64352
64370
64388
64406
64424
64442
64460
64478
64496
64514
64532
64550
64568
64586
64604
64622
64640
64658
64676
64694
64712
64730
64748
64766
64784
64802
64820
64838
64856
64874
64892
64910
64928
64946
64964
64982
65000
65018
65036
65054
65072
65090
65108
65126
65144
65162
65180
65198
65216
65234
65252
65270
65289
65308
65327
65346
65365
65384
65403
65422
65441
65460
65479
65498
65517
65536
65555
65574
65593
65612
65631
65650
65669
65688
65707
65726
65745
65764
65783
65802
65821
65840
65859
65878
65897
65916
65935
65954
65973
65992
66011
66030
66049
66068
66087
66106
66125
66144
66163
66182
66201
66220
66239
66258
66275
66292
66309
66326
66343
66360
66377
66394
66411
66428
66445
66462
66479
66496
66513
66530
66547
66564
66581
66598
66615
66632
66649
66666
66683
66700
66717
66734
66751
66768
66785
66802
66819
66836
66853
66870
66887
66904
66921
66938
66955
66972
66989
67006
67023
67040
67057
67074
67091
67108
67125
67142
67159
67176
67193
67210
67227
67244
67263
67282
67301
67320
67339
67358
67377
67396
67415
67434
67453
67472
67491
67510
67529
67548
67567
67586
67605
67624
67643
67662
67681
67700
67719
67738
67757
67776
67795
67814
67833
67852
67871
67890
67909
67928
67947
67966
67985
68004
68023
68042
68061
68080
68099
68118
68137
68156
68175
68194
68213
68232
68250
68268
68286
68304
68322
68340
68358
68376
68394
68412
68430
68448
68466
68484
68502
68520
68538
68556
68574
68592
68610
68628
68646
68664
68682
68700
68718
68736
68754
68772
68790
68808
68826
68844
68862
68880
68898
68916
68934
68952
68970
68988
69006
69024
69042
69060
69078
69096
69114
69132
69150
69168
69186
69204
69222
69240
69258
69276
69294
69312
69330
69348
69366
69384
69402
69420
69438
69456
69474
69492
69510
69528
69546
69564
69582
69600
69618
69636
69654
69672
69690
69708
69726
69744
69762
69780
69798
69816
69834
69852
69870
69888
69906
69924
69942
69960
69978
69996
70014
70032
70050
70068
70086
70104
70122
70140
70158
70176
70194
70212
70229
70246
70263
70280
70297
70314
70331
70348
70365
70382
70399
70416
70433
70450
70467
70484
70501
70518
70535
70552
70569
70586
70603
70620
70637
70654
70671
70688
70705
70722
70739
70756
70773
70790
70807
70824
70841
70858
70875
70892
70909
70926
70943
70960
70977
70994
71011
71028
71045
71062
71079
71096
71113
71130
71147
71164
71181
71198
71216
71234
71252
71270
71288
71306
71324
71342
71360
71378
71396
71414
71432
71450
71468
71486
71504
71522
71540
71558
71576
71594
71612
71630
71648
71666
71684
71702
71720
71738
71756
71774
71792
71810
71828
71846
71864
71882
71900
71918
71936
71954
71972
71990
72008
72026
72044
72062
72080
72098
72116
72134
72152
72170
72188
72206
72224
72242
72260
72278
72296
72314
72332
72350
72368
72386
72404
72422
72440
72458
72476
72494
72512
72530
72548
72566
72584
72602
72620
72638
72656
72674
72692
72710
72728
72746
72764
72782
72800
72818
72836
72854
72872
72890
72908
72926
72944
72962
72980
72998
73016
73034
73052
73070
73088
73106
73124
73142
73160
73178
73197
73216
73235
73254
73273
73292
73311
73330
73349
73368
73387
73406
73425
73444
73463
73482
73501
73520
73539
73558
73577
73596
73615
73634
73653
73672
73691
73710
73729
73748
73767
73786
73805
73824
73843
73862
73881
73900
73919
73938
73957
73976
73995
74014
74033
74052
74071
74090
74109
74128
74147
74166
74183
74200
74217
74234
74251
74268
74285
74302
74319
74336
74353
74370
74387
74404
74421
74438
74455
74472
74489
74506
74523
74540
74557
74574
74591
74608
74625
74642
74659
74676
74693
74710
74727
74744
74761
74778
74795
74812
74829
74846
74863
74880
74897
74914
74931
74948
74965
74982
74999
75016
75033
75050
75067
75084
75101
75118
75135
75152
75170
75188
75206
75224
75242
75260
75278
75296
75314
75332
75350
75368
75386
75404
75422
75440
75458
75476
75494
75512
75530
75548
75566
75584
75602
75620
75638
75656
75674
75692
75710
75728
75746
75764
75782
75800
75818
75836
75854
75872
75890
75908
75926
75944
75962
75980
75998
76016
76034
76052
76070
76088
76106
76124
76142
76160
76178
76196
76214
76232
76250
76268
76286
76304
76322
76340
76358
76376
76394
76412
76430
76448
76466
76484
76502
76520
76538
76556
76574
76592
76610
76628
76646
76664
76682
76700
76718
76736
76754
76772
76790
76808
76826
76844
76862
76880
76898
76916
76934
76952
76970
76988
77006
77024
77042
77060
77078
77096
77114
77132
77150
77168
77186
77204
77222
77240
77258
77276
77294
77312
77330
77348
77366
77384
77402
77420
77438
77456
77474
77492
77510
77528
77546
77564
77582
77600
77618
77636
77654
77672
77690
77708
77726
77744
77762
77780
77798
77816
77834
77852
77870
77888
77906
77924
77942
77960
77978
77996
78014
78032
78050
78068
78086
78104
78122
78139
78156
78173
78190
78207
78224
78241
78258
78275
78292
78309
78326
78343
78360
78377
78394
78411
78428
78445
78462
78479
78496
78513
78530
78547
78564
78581
78598
78615
78632
78649
78666
78683
78700
78717
78734
78751
78768
78785
78802
78819
78836
78853
78870
78887
78904
78921
78938
78955
78972
78989
79006
79023
79040
79057
79074
79091
79108
79124
79140
79156
79172
79188
79204
79220
79236
79252
79268
79284
79300
79316
79332
79348
79364
79380
79396
79412
79428
79444
79460
79476
79492
79508
79524
79540
79556
79572
79588
79604
79620
79636
79652
79668
79684
79700
79716
79732
79748
79764
79780
79796
79812
79828
79844
79860
79876
79892
79908
79924
79940
79956
79972
79988
80004
80020
80036
80052
80068
80084
80100
80117
80134
80151
80168
80185
80202
80219
80236
80253
80270
80287
80304
80321
80338
80355
80372
80389
80406
80423
80440
80457
80474
80491
80508
80525
80542
80559
80576
80593
80610
80627
80644
80661
80678
80695
80712
80729
80746
80763
80780
80797
80814
80831
80848
80865
80882
80899
80916
80933
80950
80967
80984
81001
81018
81035
81052
81069
81086
81105
81124
81143
81162
81181
81200
81219
81238
81257
81276
81295
81314
81333
81352
81371
81390
81409
81428
81447
81466
81485
81504
81523
81542
81561
81580
81599
81618
81637
81656
81675
81694
81713
81732
81751
81770
81789
81808
81827
81846
81865
81884
81903
81922
81941
81960
81979
81998
82017
82036
82055
82074
82093
82112
82131
82150
82169
82188
82207
82226
82245
82264
82283
82302
82321
82340
82359
82378
82397
82416
82435
82454
82473
82492
82511
82530
82549
82568
82587
82606
82625
82644
82663
82682
82701
82720
82739
82758
82777
82796
82815
82834
82853
82872
82891
82910
82929
82948
82967
82986
83005
83024
83043
83062
83080
83098
83116
83134
83152
83170
83188
83206
83224
83242
83260
83278
83296
83314
83332
83350
83368
83386
83404
83422
83440
83458
83476
83494
83512
83530
83548
83566
83584
83602
83620
83638
83656
83674
83692
83710
83728
83746
83764
83782
83800
83818
83836
83854
83872
83890
83908
83926
83944
83962
83980
83998
84016
84034
84052
84070
84088
84106
84124
84142
84160
84178
84196
84214
84232
84250
84268
84286
84304
84322
84340
84358
84376
84394
84412
84430
84448
84466
84484
84502
84520
84538
84556
84574
84592
84610
84628
84646
84664
84682
84700
84718
84736
84754
84772
84790
84808
84826
84844
84862
84880
84898
84916
84934
84952
84970
84988
85006
85024
85042
85059
85076
85093
85110
85127
85144
85161
85178
85195
85212
85229
85246
85263
85280
85297
85314
85331
85348
85365
85382
85399
85416
85433
85450
85467
85484
85501
85518
85535
85552
85569
85586
85603
85620
85637
85654
85671
85688
85705
85722
85739
85756
85773
85790
85807
85824
85841
85858
85875
85892
85909
85926
85943
85960
85977
85994
86011
86028
86047
86066
86085
86104
86123
86142
86161
86180
86199
86218
86237
86256
86275
86294
86313
86332
86351
86370
86389
86408
86427
86446
86465
86484
86503
86522
86541
86560
86579
86598
86617
86636
86655
86674
86693
86712
86731
86750
86769
86788
86807
86826
86845
86864
86883
86902
86921
86940
86959
86978
86997
87016
87036
87056
87076
87096
87116
87136
87156
87176
87196
87216
87236
87256
87276
87296
87316
87336
87356
87376
87396
87416
87436
87456
87476
87496
87516
87536
87556
87576
87596
87616
87636
87656
87676
87696
87716
87736
87756
87776
87796
87816
87836
87856
87876
87896
87916
87936
87956
87976
87996
88016
88033
88050
88067
88084
88101
88118
88135
88152
88169
88186
88203
88220
88237
88254
88271
88288
88305
88322
88339
88356
88373
88390
88407
88424
88441
88458
88475
88492
88509
88526
88543
88560
88577
88594
88611
88628
88645
88662
88679
88696
88713
88730
88747
88764
88781
88798
88815
88832
88849
88866
88883
88900
88917
88934
88951
88968
88985
89002
89020
89038
89056
89074
89092
89110
89128
89146
89164
89182
89200
89218
89236
89254
89272
89290
89308
89326
89344
89362
89380
89398
89416
89434
89452
89470
89488
89506
89524
89542
89560
89578
89596
89614
89632
89650
89668
89686
89704
89722
89740
89758
89776
89794
89812
89830
89848
89866
89884
89902
89920
89938
89956
89974
89992
90009
90026
90043
90060
90077
90094
90111
90128
90145
90162
90179
90196
90213
90230
90247
90264
90281
90298
90315
90332
90349
90366
90383
90400
90417
90434
90451
90468
90485
90502
90519
90536
90553
90570
90587
90604
90621
90638
90655
90672
90689
90706
90723
90740
90757
90774
90791
90808
90825
90842
90859
90876
90893
90910
90927
90944
90961
90978
90996
91014
91032
91050
91068
91086
91104
91122
91140
91158
91176
91194
91212
91230
91248
91266
91284
91302
91320
91338
91356
91374
91392
91410
91428
91446
91464
91482
91500
91518
91536
91554
91572
91590
91608
91626
91644
91662
91680
91698
91716
91734
91752
91770
91788
91806
91824
91842
91860
91878
91896
91914
91932
91950
91968
91987
92006
92025
92044
92063
92082
92101
92120
92139
92158
92177
92196
92215
92234
92253
92272
92291
92310
92329
92348
92367
92386
92405
92424
92443
92462
92481
92500
92519
92538
92557
92576
92595
92614
92633
92652
92671
92690
92709
92728
92747
92766
92785
92804
92823
92842
92861
92880
92899
92918
92937
92956
92973
92990
93007
93024
93041
93058
93075
93092
93109
93126
93143
93160
93177
93194
93211
93228
93245
93262
93279
93296
93313
93330
93347
93364
93381
93398
93415
93432
93449
93466
93483
93500
93517
93534
93551
93568
93585
93602
93619
93636
93653
93670
93687
93704
93721
93738
93755
93772
93789
93806
93823
93840
93857
93874
93891
93908
93925
93942
93959
93976
93993
94010
94027
94044
94061
94078
94095
94112
94129
94146
94163
94180
94197
94214
94231
94248
94265
94282
94299
94316
94333
94350
94367
94384
94401
94418
94435
94452
94469
94486
94503
94520
94537
94554
94571
94588
94605
94622
94639
94656
94673
94690
94707
94724
94741
94758
94775
94792
94809
94826
94843
94860
94877
94894
94911
94928
94946
94964
94982
95000
95018
95036
95054
95072
95090
95108
95126
95144
95162
95180
95198
95216
95234
95252
95270
95288
95306
95324
95342
95360
95378
95396
95414
95432
95450
95468
95486
95504
95522
95540
95558
95576
95594
95612
95630
95648
95666
95684
95702
95720
95738
95756
95774
95792
95810
95828
95846
95864
95882
95900
95918
95938
95958
95978
95998
96018
96038
96058
96078
96098
96118
96138
96158
96178
96198
96218
96238
96258
96278
96298
96318
96338
96358
96378
96398
96418
96438
96458
96478
96498
96518
96538
96558
96578
96598
96618
96638
96658
96678
96698
96718
96738
96758
96778
96798
96818
96838
96858
96878
96898
96918
96936
96954
96972
96990
97008
97026
97044
97062
97080
97098
97116
97134
97152
97170
97188
97206
97224
97242
97260
97278
97296
97314
97332
97350
97368
97386
97404
97422
97440
97458
97476
97494
97512
97530
97548
97566
97584
97602
97620
97638
97656
97674
97692
97710
97728
97746
97764
97782
97800
97818
97836
97854
97872
97890
97908
97925
97942
97959
97976
97993
98010
98027
98044
98061
98078
98095
98112
98129
98146
98163
98180
98197
98214
98231
98248
98265
98282
98299
98316
98333
98350
98367
98384
98401
98418
98435
98452
98469
98486
98503
98520
98537
98554
98571
98588
98605
98622
98639
98656
98673
98690
98707
98724
98741
98758
98775
98792
98809
98826
98843
98860
98877
98894
98911
98928
98945
98962
98979
98996
99013
99030
99047
99064
99081
99098
99115
99132
99149
99166
99183
99200
99217
99234
99251
99268
99285
99302
99319
99336
99353
99370
99387
99404
99421
99438
99455
99472
99489
99506
99523
99540
99557
99574
99591
99608
99625
99642
99659
99676
99693
99710
99727
99744
99761
99778
99795
99812
99829
99846
99863
99880
99898
99916
99934
99952
99970
99988
100006
100024
100042
100060
100078
100096
100114
100132
100150
100168
100186
100204
100222
100240
100258
100276
100294
100312
100330
100348
100366
100384
100402
100420
100438
100456
100474
100492
100510
100528
100546
100564
100582
100600
100618
100636
100654
100672
100690
100708
100726
100744
100762
100780
100798
100816
100834
100852
100870
100889
100908
100927
100946
100965
100984
101003
101022
101041
101060
101079
101098
101117
101136
101155
101174
101193
101212
101231
101250
101269
101288
101307
101326
101345
101364
101383
101402
101421
101440
101459
101478
101497
101516
101535
101554
101573
101592
101611
101630
101649
101668
101687
101706
101725
101744
101763
101782
101801
101820
101839
101858
101875
101892
101909
101926
101943
101960
101977
101994
102011
102028
102045
102062
102079
102096
102113
102130
102147
102164
102181
102198
102215
102232
102249
102266
102283
102300
102317
102334
102351
102368
102385
102402
102419
102436
102453
102470
102487
102504
102521
102538
102555
102572
102589
102606
102623
102640
102657
102674
102691
102708
102725
102742
102759
102776
102793
102810
102827
102844
102861
102878
102895
102912
102929
102946
102963
102980
102997
103014
103031
103048
103065
103082
103099
103116
103133
103150
103167
103184
103201
103218
103235
103252
103269
103286
103303
103320
103337
103354
103371
103388
103405
103422
103439
103456
103473
103490
103507
103524
103541
103558
103575
103592
103609
103626
103643
103660
103677
103694
103711
103728
103745
103762
103779
103796
103813
103830
103847
103864
103881
103898
103915
103932
103949
103966
103983
104000
104017
104034
104051
104068
104085
104102
104119
104136
104153
104170
104187
104204
104221
104238
104255
104272
104289
104306
104323
104340
104357
104374
104391
104408
104425
104442
104459
104476
104493
104510
104527
104544
104561
104578
104595
104612
104629
104646
104663
104680
104697
104714
104731
104748
104765
104782
104799
104816
104833
104850
104867
104884
104901
104918
104935
104952
104969
104986
105003
105020
105037
105054
105071
105088
105105
105122
105139
105156
105173
105190
105207
105224
105241
105258
105275
105292
105309
105326
105343
105360
105377
105394
105411
105428
105445
105462
105479
105496
105513
105530
105547
105564
105581
105598
105615
105632
105649
105666
105683
105700
105717
105734
105751
105768
105785
105802
105820
105838
105856
105874
105892
105910
105928
105946
105964
105982
106000
106018
106036
106054
106072
106090
106108
106126
106144
106162
106180
106198
106216
106234
106252
106270
106288
106306
106324
106342
106360
106378
106396
106414
106432
106450
106468
106486
106504
106522
106540
106558
106576
106594
106612
106630
106648
106666
106684
106702
106720
106738
106756
106774
106792
106809
106826
106843
106860
106877
106894
106911
106928
106945
106962
106979
106996
107013
107030
107047
107064
107081
107098
107115
107132
107149
107166
107183
107200
107217
107234
107251
107268
107285
107302
107319
107336
107353
107370
107387
107404
107421
107438
107455
107472
107489
107506
107523
107540
107557
107574
107591
107608
107625
107642
107659
107676
107693
107710
107727
107744
107761
107778
107797
107816
107835
107854
107873
107892
107911
107930
107949
107968
107987
108006
108025
108044
108063
108082
108101
108120
108139
108158
108177
108196
108215
108234
108253
108272
108291
108310
108329
108348
108367
108386
108405
108424
108443
108462
108481
108500
108519
108538
108557
108576
108595
108614
108633
108652
108671
108690
108709
108728
108747
108766
108783
108800
108817
108834
108851
108868
108885
108902
108919
108936
108953
108970
108987
109004
109021
109038
109055
109072
109089
109106
109123
109140
109157
109174
109191
109208
109225
109242
109259
109276
109293
109310
109327
109344
109361
109378
109395
109412
109429
109446
109463
109480
109497
109514
109531
109548
109565
109582
109599
109616
109633
109650
109667
109684
109701
109718
109735
109752
109770
109788
109806
109824
109842
109860
109878
109896
109914
109932
109950
109968
109986
110004
110022
110040
110058
110076
110094
110112
110130
110148
110166
110184
110202
110220
110238
110256
110274
110292
110310
110328
110346
110364
110382
110400
110418
110436
110454
110472
110490
110508
110526
110544
110562
110580
110598
110616
110634
110652
110670
110688
110706
110724
110742
110761
110780
110799
110818
110837
110856
110875
110894
110913
110932
110951
110970
110989
111008
111027
111046
111065
111084
111103
111122
111141
111160
111179
111198
111217
111236
111255
111274
111293
111312
111331
111350
111369
111388
111407
111426
111445
111464
111483
111502
111521
111540
111559
111578
111597
111616
111635
111654
111673
111692
111711
111730
111747
111764
111781
111798
111815
111832
111849
111866
111883
111900
111917
111934
111951
111968
111985
112002
112019
112036
112053
112070
112087
112104
112121
112138
112155
112172
112189
112206
112223
112240
112257
112274
112291
112308
112325
112342
112359
112376
112393
112410
112427
112444
112461
112478
112495
112512
112529
112546
112563
112580
112597
112614
112631
112648
112665
112682
112699
112716
112734
112752
112770
112788
112806
112824
112842
112860
112878
112896
112914
112932
112950
112968
112986
113004
113022
113040
113058
113076
113094
113112
113130
113148
113166
113184
113202
113220
113238
113256
113274
113292
113310
113328
113346
113364
113382
113400
113418
113436
113454
113472
113490
113508
113526
113544
113562
113580
113598
113616
113634
113652
113670
113688
113706
113723
113740
113757
113774
113791
113808
113825
113842
113859
113876
113893
113910
113927
113944
113961
113978
113995
114012
114029
114046
114063
114080
114097
114114
114131
114148
114165
114182
114199
114216
114233
114250
114267
114284
114301
114318
114335
114352
114369
114386
114403
114420
114437
114454
114471
114488
114505
114522
114539
114556
114573
114590
114607
114624
114641
114658
114675
114692
114709
114726
114743
114760
114777
114794
114811
114828
114845
114862
114879
114896
114913
114930
114947
114964
114981
114998
115015
115032
115049
115066
115083
115100
115117
115134
115151
115168
115185
115202
115219
115236
115253
115270
115287
115304
115321
115338
115355
115372
115389
115406
115423
115440
115457
115474
115491
115508
115525
115542
115559
115576
115593
115610
115627
115644
115661
115678
115694
115710
115726
115742
115758
115774
115790
115806
115822
115838
115854
115870
115886
115902
115918
115934
115950
115966
115982
115998
116014
116030
116046
116062
116078
116094
116110
116126
116142
116158
116174
116190
116206
116222
116238
116254
116270
116286
116302
116318
116334
116350
116366
116382
116398
116414
116430
116446
116462
116478
116494
116510
116526
116542
116558
116574
116590
116606
116622
116638
116654
116670
116687
116704
116721
116738
116755
116772
116789
116806
116823
116840
116857
116874
116891
116908
116925
116942
116959
116976
116993
117010
117027
117044
117061
117078
117095
117112
117129
117146
117163
117180
117197
117214
117231
117248
117265
117282
117299
117316
117333
117350
117367
117384
117401
117418
117435
117452
117469
117486
117503
117520
117537
117554
117571
117588
117605
117622
117639
117656
117674
117692
117710
117728
117746
117764
117782
117800
117818
117836
117854
117872
117890
117908
117926
117944
117962
117980
117998
118016
118034
118052
118070
118088
118106
118124
118142
118160
118178
118196
118214
118232
118250
118268
118286
118304
118322
118340
118358
118376
118394
118412
118430
118448
118466
118484
118502
118520
118538
118556
118574
118592
118610
118628
118646
118666
118686
118706
118726
118746
118766
118786
118806
118826
118846
118866
118886
118906
118926
118946
118966
118986
119006
119026
119046
119066
119086
119106
119126
119146
119166
119186
119206
119226
119246
119266
119286
119306
119326
119346
119366
119386
119406
119426
119446
119466
119486
119506
119526
119546
119566
119586
119606
119626
119646
119665
119684
119703
119722
119741
119760
119779
119798
119817
119836
119855
119874
119893
119912
119931
119950
119969
119988
120007
120026
120045
120064
120083
120102
120121
120140
120159
120178
120197
120216
120235
120254
120273
120292
120311
120330
120349
120368
120387
120406
120425
120444
120463
120482
120501
120520
120539
120558
120577
120596
120615
120634
120652
120670
120688
120706
120724
120742
120760
120778
120796
120814
120832
120850
120868
120886
120904
120922
120940
120958
120976
120994
121012
121030
121048
121066
121084
121102
121120
121138
121156
121174
121192
121210
121228
121246
121264
121282
121300
121318
121336
121354
121372
121390
121408
121426
121444
121462
121480
121498
121516
121534
121552
121570
121588
121606
121624
121642
121660
121678
121696
121714
121732
121750
121768
121786
121804
121822
121840
121858
121876
121894
121912
121930
121948
121966
121984
122002
122020
122038
122056
122074
122092
122110
122128
122146
122164
122182
122200
122218
122236
122254
122272
122290
122308
122326
122344
122362
122380
122398
122416
122434
122452
122470
122488
122506
122524
122542
122560
122578
122596
122614
122632
122650
122668
122686
122704
122722
122740
122758
122776
122794
122812
122830
122848
122866
122884
122902
122920
122938
122956
122974
122992
123010
123028
123046
123064
123082
123100
123118
123136
123154
123172
123190
123208
123226
123244
123262
123280
123298
123316
123334
123352
123370
123388
123406
123424
123442
123460
123478
123496
123514
123532
123550
123568
123586
123604
123623
123642
123661
123680
123699
123718
123737
123756
123775
123794
123813
123832
123851
123870
123889
123908
123927
123946
123965
123984
124003
124022
124041
124060
124079
124098
124117
124136
124155
124174
124193
124212
124231
124250
124269
124288
124307
124326
124345
124364
124383
124402
124421
124440
124459
124478
124497
124516
124535
124554
124573
124592
124608
124624
124640
124656
124672
124688
124704
124720
124736
124752
124768
124784
124800
124816
124832
124848
124864
124880
124896
124912
124928
124944
124960
124976
124992
125008
125024
125040
125056
125072
125088
125104
125120
125136
125152
125168
125184
125200
125216
125232
125248
125264
125280
125296
125312
125328
125344
125360
125376
125392
125408
125424
125440
125456
125472
125488
125504
125520
125536
125552
125568
125584
125602
125620
125638
125656
125674
125692
125710
125728
125746
125764
125782
125800
125818
125836
125854
125872
125890
125908
125926
125944
125962
125980
125998
126016
126034
126052
126070
126088
126106
126124
126142
126160
126178
126196
126214
126232
126250
126268
126286
126304
126322
126340
126358
126376
126394
126412
126430
126448
126466
126484
126502
126520
126538
126556
126574
126592
126610
126628
126646
126664
126682
126700
126718
126736
126754
126772
126790
126808
126826
126844
126862
126880
126898
126916
126934
126952
126970
126988
127006
127024
127042
127060
127078
127096
127114
127132
127150
127168
127186
127204
127222
127240
127258
127276
127294
127312
127330
127348
127366
127384
127402
127420
127438
127456
127474
127492
127510
127528
127546
127564
127581
127598
127615
127632
127649
127666
127683
127700
127717
127734
127751
127768
127785
127802
127819
127836
127853
127870
127887
127904
127921
127938
127955
127972
127989
128006
128023
128040
128057
128074
128091
128108
128125
128142
128159
128176
128193
128210
128227
128244
128261
128278
128295
128312
128329
128346
128363
128380
128397
128414
128431
128448
128465
128482
128499
128516
128533
128550
128568
128586
128604
128622
128640
128658
128676
128694
128712
128730
128748
128766
128784
128802
128820
128838
128856
128874
128892
128910
128928
128946
128964
128982
129000
129018
129036
129054
129072
129090
129108
129126
129144
129162
129180
129198
129216
129234
129252
129270
129288
129306
129324
129342
129360
129378
129396
129414
129432
129450
129468
129486
129504
129522
129540
129556
129572
129588
129604
129620
129636
129652
129668
129684
129700
129716
129732
129748
129764
129780
129796
129812
129828
129844
129860
129876
129892
129908
129924
129940
129956
129972
129988
130004
130020
130036
130052
130068
130084
130100
130116
130132
130148
130164
130180
130196
130212
130228
130244
130260
130276
130292
130308
130324
130340
130356
130372
130388
130404
130420
130436
130452
130468
130484
130500
130516
130532
130550
130568
130586
130604
130622
130640
130658
130676
130694
130712
130730
130748
130766
130784
130802
130820
130838
130856
130874
130892
130910
130928
130946
130964
130982
131000
131018
131036
131054
131072
131090
131108
131126
131144
131162
131180
131198
131216
131234
131252
131270
131288
131306
131324
131342
131360
131378
131396
131414
131432
131450
131468
131486
131504
131522
131540
131558
131576
131594
131612
131630
131648
131666
131684
131702
131720
131738
131756
131774
131792
131810
131828
131846
131864
131882
131900
131918
131936
131954
131972
131990
132008
132026
132044
132062
132080
132098
132116
132134
132152
132170
132188
132206
132224
132242
132260
132278
132296
132314
132332
132350
132368
132386
132404
132422
132440
132458
132476
132494
132512
132529
132546
132563
132580
132597
132614
132631
132648
132665
132682
132699
132716
132733
132750
132767
132784
132801
132818
132835
132852
132869
132886
132903
132920
132937
132954
132971
132988
133005
133022
133039
133056
133073
133090
133107
133124
133141
133158
133175
133192
133209
133226
133243
133260
133277
133294
133311
133328
133345
133362
133379
133396
133413
133430
133447
133464
133481
133498
133516
133534
133552
133570
133588
133606
133624
133642
133660
133678
133696
133714
133732
133750
133768
133786
133804
133822
133840
133858
133876
133894
133912
133930
133948
133966
133984
134002
134020
134038
134056
134074
134092
134110
134128
134146
134164
134182
134200
134218
134236
134254
134272
134290
134308
134326
134344
134362
134380
134398
134416
134434
134452
134470
134488
134506
134524
134542
134560
134578
134596
134614
134632
134650
134668
134686
134704
134722
134740
134758
134776
134794
134812
134830
134848
134866
134884
134902
134920
134938
134956
134974
134992
135010
135028
135046
135064
135082
135100
135118
135136
135154
135172
135190
135208
135226
135244
135262
135280
135298
135316
135334
135352
135370
135388
135406
135424
135442
135460
135478
135495
135512
135529
135546
135563
135580
135597
135614
135631
135648
135665
135682
135699
135716
135733
135750
135767
135784
135801
135818
135835
135852
135869
135886
135903
135920
135937
135954
135971
135988
136005
136022
136039
136056
136073
136090
136107
136124
136141
136158
136175
136192
136209
136226
136243
136260
136277
136294
136311
136328
136345
136362
136379
136396
136413
136430
136447
136464
136482
136500
136518
136536
136554
136572
136590
136608
136626
136644
136662
136680
136698
136716
136734
136752
136770
136788
136806
136824
136842
136860
136878
136896
136914
136932
136950
136968
136986
137004
137022
137040
137058
137076
137094
137112
137130
137148
137166
137184
137202
137220
137238
137256
137274
137292
137310
137328
137346
137364
137382
137400
137418
137436
137454
137472
137490
137508
137526
137544
137562
137580
137598
137616
137634
137652
137670
137688
137706
137724
137742
137760
137778
137796
137814
137832
137850
137868
137886
137904
137922
137940
137958
137976
137994
138012
138030
138048
138066
138084
138102
138120
138138
138156
138174
138192
138210
138228
138246
138264
138282
138300
138318
138336
138354
138372
138390
138408
138426
138444
138461
138478
138495
138512
138529
138546
138563
138580
138597
138614
138631
138648
138665
138682
138699
138716
138733
138750
138767
138784
138801
138818
138835
138852
138869
138886
138903
138920
138937
138954
138971
138988
139005
139022
139039
139056
139073
139090
139107
139124
139141
139158
139175
139192
139209
139226
139243
139260
139277
139294
139311
139328
139345
139362
139379
139396
139413
139430
139449
139468
139487
139506
139525
139544
139563
139582
139601
139620
139639
139658
139677
139696
139715
139734
139753
139772
139791
139810
139829
139848
139867
139886
139905
139924
139943
139962
139981
140000
140019
140038
140057
140076
140095
140114
140133
140152
140171
140190
140209
140228
140247
140266
140285
140304
140323
140342
140361
140380
140399
140418
140436
140454
140472
140490
140508
140526
140544
140562
140580
140598
140616
140634
140652
140670
140688
140706
140724
140742
140760
140778
140796
140814
140832
140850
140868
140886
140904
140922
140940
140958
140976
140994
141012
141030
141048
141066
141084
141102
141120
141138
141156
141174
141192
141210
141228
141246
141264
141282
141300
141318
141336
141354
141372
141390
141408
141426
141444
141462
141480
141498
141516
141534
141552
141570
141588
141606
141624
141642
141660
141678
141696
141714
141732
141750
141768
141786
141804
141822
141840
141858
141876
141894
141912
141930
141948
141966
141984
142002
142020
142038
142056
142074
142092
142110
142128
142146
142164
142182
142200
142218
142236
142254
142272
142290
142308
142326
142344
142362
142380
142398
142416
142434
142452
142470
142488
142506
142524
142542
142560
142578
142596
142614
142632
142650
142668
142686
142704
142722
142740
142758
142776
142794
142812
142830
142848
142866
142884
142902
142920
142938
142956
142974
142992
143010
143028
143046
143064
143082
143100
143118
143136
143154
143172
143190
143208
143226
143244
143262
143280
143298
143316
143334
143352
143370
143388
143405
143422
143439
143456
143473
143490
143507
143524
143541
143558
143575
143592
143609
143626
143643
143660
143677
143694
143711
143728
143745
143762
143779
143796
143813
143830
143847
143864
143881
143898
143915
143932
143949
143966
143983
144000
144017
144034
144051
144068
144085
144102
144119
144136
144153
144170
144187
144204
144221
144238
144255
144272
144289
144306
144323
144340
144357
144374
144392
144410
144428
144446
144464
144482
144500
144518
144536
144554
144572
144590
144608
144626
144644
144662
144680
144698
144716
144734
144752
144770
144788
144806
144824
144842
144860
144878
144896
144914
144932
144950
144968
144986
145004
145022
145040
145058
145076
145094
145112
145130
145148
145166
145184
145202
145220
145238
145256
145274
145292
145310
145328
145346
145364
145380
145396
145412
145428
145444
145460
145476
145492
145508
145524
145540
145556
145572
145588
145604
145620
145636
145652
145668
145684
145700
145716
145732
145748
145764
145780
145796
145812
145828
145844
145860
145876
145892
145908
145924
145940
145956
145972
145988
146004
146020
146036
146052
146068
146084
146100
146116
146132
146148
146164
146180
146196
146212
146228
146244
146260
146276
146292
146308
146324
146340
146356
146375
146394
146413
146432
146451
146470
146489
146508
146527
146546
146565
146584
146603
146622
146641
146660
146679
146698
146717
146736
146755
146774
146793
146812
146831
146850
146869
146888
146907
146926
146945
146964
146983
147002
147021
147040
147059
147078
147097
147116
147135
147154
147173
147192
147211
147230
147249
147268
147287
147306
147325
147344
147364
147384
147404
147424
147444
147464
147484
147504
147524
147544
147564
147584
147604
147624
147644
147664
147684
147704
147724
147744
147764
147784
147804
147824
147844
147864
147884
147904
147924
147944
147964
147984
148004
148024
148044
148064
148084
148104
148124
148144
148164
148184
148204
148224
148244
148264
148284
148304
148324
148344
148361
148378
148395
148412
148429
148446
148463
148480
148497
148514
148531
148548
148565
148582
148599
148616
148633
148650
148667
148684
148701
148718
148735
148752
148769
148786
148803
148820
148837
148854
148871
148888
148905
148922
148939
148956
148973
148990
149007
149024
149041
149058
149075
149092
149109
149126
149143
149160
149177
149194
149211
149228
149245
149262
149279
149296
149313
149330
149347
149364
149381
149398
149415
149432
149449
149466
149483
149500
149517
149534
149551
149568
149585
149602
149619
149636
149653
149670
149687
149704
149721
149738
149755
149772
149789
149806
149823
149840
149857
149874
149891
149908
149925
149942
149959
149976
149993
150010
150027
150044
150061
150078
150095
150112
150129
150146
150163
150180
150197
150214
150231
150248
150265
150282
150299
150316
150333
150350
150367
150384
150401
150418
150435
150452
150469
150486
150503
150520
150537
150554
150571
150588
150605
150622
150639
150656
150673
150690
150707
150724
150741
150758
150775
150792
150809
150826
150843
150860
150877
150894
150911
150928
150945
150962
150979
150996
151013
151030
151047
151064
151081
151098
151115
151132
151149
151166
151183
151200
151217
151234
151251
151268
151285
151302
151320
151338
151356
151374
151392
151410
151428
151446
151464
151482
151500
151518
151536
151554
151572
151590
151608
151626
151644
151662
151680
151698
151716
151734
151752
151770
151788
151806
151824
151842
151860
151878
151896
151914
151932
151950
151968
151986
152004
152022
152040
152058
152076
152094
152112
152130
152148
152166
152184
152202
152220
152238
152256
152274
152292
152309
152326
152343
152360
152377
152394
152411
152428
152445
152462
152479
152496
152513
152530
152547
152564
152581
152598
152615
152632
152649
152666
152683
152700
152717
152734
152751
152768
152785
152802
152819
152836
152853
152870
152887
152904
152921
152938
152955
152972
152989
153006
153023
153040
153057
153074
153091
153108
153125
153142
153159
153176
153193
153210
153227
153244
153261
153278
153297
153316
153335
153354
153373
153392
153411
153430
153449
153468
153487
153506
153525
153544
153563
153582
153601
153620
153639
153658
153677
153696
153715
153734
153753
153772
153791
153810
153829
153848
153867
153886
153905
153924
153943
153962
153981
154000
154019
154038
154057
154076
154095
154114
154133
154152
154171
154190
154209
154228
154247
154266
154284
154302
154320
154338
154356
154374
154392
154410
154428
154446
154464
154482
154500
154518
154536
154554
154572
154590
154608
154626
154644
154662
154680
154698
154716
154734
154752
154770
154788
154806
154824
154842
154860
154878
154896
154914
154932
154950
154968
154986
155004
155022
155040
155058
155076
155094
155112
155130
155148
155166
155184
155202
155220
155238
155256
155274
155292
155310
155328
155346
155364
155382
155400
155418
155436
155454
155472
155490
155508
155526
155544
155562
155580
155598
155616
155634
155652
155670
155688
155706
155724
155742
155760
155778
155796
155814
155832
155850
155868
155886
155904
155922
155940
155958
155976
155994
156012
156030
156048
156066
156084
156102
156120
156138
156156
156174
156192
156210
156228
156246
156263
156280
156297
156314
156331
156348
156365
156382
156399
156416
156433
156450
156467
156484
156501
156518
156535
156552
156569
156586
156603
156620
156637
156654
156671
156688
156705
156722
156739
156756
156773
156790
156807
156824
156841
156858
156875
156892
156909
156926
156943
156960
156977
156994
157011
157028
157045
157062
157079
157096
157113
157130
157147
157164
157181
157198
157215
157232
157251
157270
157289
157308
157327
157346
157365
157384
157403
157422
157441
157460
157479
157498
157517
157536
157555
157574
157593
157612
157631
157650
157669
157688
157707
157726
157745
157764
157783
157802
157821
157840
157859
157878
157897
157916
157935
157954
157973
157992
158011
158030
158049
158068
158087
158106
158125
158144
158163
158182
158201
158220
158237
158254
158271
158288
158305
158322
158339
158356
158373
158390
158407
158424
158441
158458
158475
158492
158509
158526
158543
158560
158577
158594
158611
158628
158645
158662
158679
158696
158713
158730
158747
158764
158781
158798
158815
158832
158849
158866
158883
158900
158917
158934
158951
158968
158985
159002
159019
159036
159053
159070
159087
159104
159121
159138
159155
159172
159189
159206
159225
159244
159263
159282
159301
159320
159339
159358
159377
159396
159415
159434
159453
159472
159491
159510
159529
159548
159567
159586
159605
159624
159643
159662
159681
159700
159719
159738
159757
159776
159795
159814
159833
159852
159871
159890
159909
159928
159947
159966
159985
160004
160023
160042
160061
160080
160099
160118
160137
160156
160175
160194
160211
160228
160245
160262
160279
160296
160313
160330
160347
160364
160381
160398
160415
160432
160449
160466
160483
160500
160517
160534
160551
160568
160585
160602
160619
160636
160653
160670
160687
160704
160721
160738
160755
160772
160789
160806
160823
160840
160857
160874
160891
160908
160925
160942
160959
160976
160993
161010
161027
161044
161061
161078
161095
161112
161129
161146
161163
161180
161198
161216
161234
161252
161270
161288
161306
161324
161342
161360
161378
161396
161414
161432
161450
161468
161486
161504
161522
161540
161558
161576
161594
161612
161630
161648
161666
161684
161702
161720
161738
161756
161774
161792
161810
161828
161846
161864
161882
161900
161918
161936
161954
161972
161990
162008
162026
162044
162062
162080
162098
162116
162134
162152
162170
162188
162206
162224
162242
162260
162278
162296
162314
162332
162350
162368
162386
162404
162422
162440
162458
162476
162494
162512
162530
162548
162566
162584
162602
162620
162638
162656
162674
162692
162710
162728
162746
162764
162782
162800
162818
162836
162854
162872
162890
162908
162926
162944
162962
162980
162998
163016
163034
163052
163070
163088
163106
163124
163142
163160
163180
163200
163220
163240
163260
163280
163300
163320
163340
163360
163380
163400
163420
163440
163460
163480
163500
163520
163540
163560
163580
163600
163620
163640
163660
163680
163700
163720
163740
163760
163780
163800
163820
163840
163860
163880
163900
163920
163940
163960
163980
164000
164020
164040
164060
164080
164100
164120
164140
164160
164177
164194
164211
164228
164245
164262
164279
164296
164313
164330
164347
164364
164381
164398
164415
164432
164449
164466
164483
164500
164517
164534
164551
164568
164585
164602
164619
164636
164653
164670
164687
164704
164721
164738
164755
164772
164789
164806
164823
164840
164857
164874
164891
164908
164925
164942
164959
164976
164993
165010
165027
165044
165061
165078
165095
165112
165129
165146
165164
165182
165200
165218
165236
165254
165272
165290
165308
165326
165344
165362
165380
165398
165416
165434
165452
165470
165488
165506
165524
165542
165560
165578
165596
165614
165632
165650
165668
165686
165704
165722
165740
165758
165776
165794
165812
165830
165848
165866
165884
165902
165920
165938
165956
165974
165992
166010
166028
166046
166064
166082
166100
166118
166136
166153
166170
166187
166204
166221
166238
166255
166272
166289
166306
166323
166340
166357
166374
166391
166408
166425
166442
166459
166476
166493
166510
166527
166544
166561
166578
166595
166612
166629
166646
166663
166680
166697
166714
166731
166748
166765
166782
166799
166816
166833
166850
166867
166884
166901
166918
166935
166952
166969
166986
167003
167020
167037
167054
167071
167088
167105
167122
167141
167160
167179
167198
167217
167236
167255
167274
167293
167312
167331
167350
167369
167388
167407
167426
167445
167464
167483
167502
167521
167540
167559
167578
167597
167616
167635
167654
167673
167692
167711
167730
167749
167768
167787
167806
167825
167844
167863
167882
167901
167920
167939
167958
167977
167996
168015
168034
168053
168072
168091
168110
168128
168146
168164
168182
168200
168218
168236
168254
168272
168290
168308
168326
168344
168362
168380
168398
168416
168434
168452
168470
168488
168506
168524
168542
168560
168578
168596
168614
168632
168650
168668
168686
168704
168722
168740
168758
168776
168794
168812
168830
168848
168866
168884
168902
168920
168938
168956
168974
168992
169010
169028
169046
169064
169082
169100
169118
169136
169154
169172
169190
169208
169226
169244
169262
169280
169298
169316
169334
169352
169370
169388
169406
169424
169442
169460
169478
169496
169514
169532
169550
169568
169586
169604
169622
169640
169658
169676
169694
169712
169730
169748
169766
169784
169802
169820
169838
169856
169874
169892
169910
169928
169946
169964
169982
170000
170018
170036
170054
170072
170090
170108
170126
170144
170162
170180
170198
170216
170234
170252
170270
170288
170306
170324
170342
170360
170378
170396
170414
170432
170450
170468
170486
170504
170522
170540
170558
170576
170594
170612
170630
170648
170666
170684
170702
170720
170738
170756
170774
170792
170810
170828
170846
170864
170882
170900
170918
170936
170954
170972
170990
171008
171026
171044
171062
171080
171098
171116
171134
171152
171170
171188
171206
171224
171242
171260
171278
171296
171314
171332
171350
171368
171386
171404
171422
171440
171458
171476
171494
171512
171530
171548
171566
171584
171602
171620
171638
171656
171674
171692
171710
171728
171746
171764
171782
171800
171818
171836
171854
171872
171890
171908
171926
171944
171962
171980
171998
172016
172034
172052
172070
172091
172112
172133
172154
172175
172196
172217
172238
172259
172280
172301
172322
172343
172364
172385
172406
172427
172448
172469
172490
172511
172532
172553
172574
172595
172616
172637
172658
172679
172700
172721
172742
172763
172784
172805
172826
172847
172868
172889
172910
172931
172952
172973
172994
173015
173036
173057
173075
173093
173111
173129
173147
173165
173183
173201
173219
173237
173255
173273
173291
173309
173327
173345
173363
173381
173399
173417
173435
173453
173471
173489
173507
173525
173543
173561
173579
173597
173615
173633
173651
173669
173687
173705
173723
173741
173759
173777
173795
173813
173831
173849
173867
173885
173903
173921
173939
173957
173975
173993
174011
174029
174047
174064
174081
174098
174115
174132
174149
174166
174183
174200
174217
174234
174251
174268
174285
174302
174319
174336
174353
174370
174387
174404
174421
174438
174455
174472
174489
174506
174523
174540
174557
174574
174591
174608
174625
174642
174659
174676
174693
174710
174727
174744
174761
174778
174795
174812
174829
174846
174863
174880
174897
174914
174931
174948
174965
174982
174999
175016
175033
175051
175069
175087
175105
175123
175141
175159
175177
175195
175213
175231
175249
175267
175285
175303
175321
175339
175357
175375
175393
175411
175429
175447
175465
175483
175501
175519
175537
175555
175573
175591
175609
175627
175645
175663
175681
175699
175717
175735
175753
175771
175789
175807
175825
175843
175861
175879
175897
175915
175933
175951
175969
175987
176005
176023
176040
176057
176074
176091
176108
176125
176142
176159
176176
176193
176210
176227
176244
176261
176278
176295
176312
176329
176346
176363
176380
176397
176414
176431
176448
176465
176482
176499
176516
176533
176550
176567
176584
176601
176618
176635
176652
176669
176686
176703
176720
176737
176754
176771
176788
176805
176822
176839
176856
176873
176890
176907
176924
176941
176958
176975
176992
177009
177028
177047
177066
177085
177104
177123
177142
177161
177180
177199
177218
177237
177256
177275
177294
177313
177332
177351
177370
177389
177408
177427
177446
177465
177484
177503
177522
177541
177560
177579
177598
177617
177636
177655
177674
177693
177712
177731
177750
177769
177788
177807
177826
177845
177864
177883
177902
177921
177940
177959
177978
177997
178014
178031
178048
178065
178082
178099
178116
178133
178150
178167
178184
178201
178218
178235
178252
178269
178286
178303
178320
178337
178354
178371
178388
178405
178422
178439
178456
178473
178490
178507
178524
178541
178558
178575
178592
178609
178626
178643
178660
178677
178694
178711
178728
178745
178762
178779
178796
178813
178830
178847
178864
178881
178898
178915
178932
178949
178966
178983
179001
179019
179037
179055
179073
179091
179109
179127
179145
179163
179181
179199
179217
179235
179253
179271
179289
179307
179325
179343
179361
179379
179397
179415
179433
179451
179469
179487
179505
179523
179541
179559
179577
179595
179613
179631
179649
179667
179685
179703
179721
179739
179757
179775
179793
179811
179829
179847
179865
179883
179901
179919
179937
179955
179973
179992
180011
180030
180049
180068
180087
180106
180125
180144
180163
180182
180201
180220
180239
180258
180277
180296
180315
180334
180353
180372
180391
180410
180429
180448
180467
180486
180505
180524
180543
180562
180581
180600
180619
180638
180657
180676
180695
180714
180733
180752
180771
180790
180809
180828
180847
180866
180885
180904
180923
180942
180961
180979
180997
181015
181033
181051
181069
181087
181105
181123
181141
181159
181177
181195
181213
181231
181249
181267
181285
181303
181321
181339
181357
181375
181393
181411
181429
181447
181465
181483
181501
181519
181537
181555
181573
181591
181609
181627
181645
181663
181681
181699
181717
181735
181753
181771
181789
181807
181825
181843
181861
181879
181897
181915
181933
181951
181968
181985
182002
182019
182036
182053
182070
182087
182104
182121
182138
182155
182172
182189
182206
182223
182240
182257
182274
182291
182308
182325
182342
182359
182376
182393
182410
182427
182444
182461
182478
182495
182512
182529
182546
182563
182580
182597
182614
182631
182648
182665
182682
182699
182716
182733
182750
182767
182784
182801
182818
182835
182852
182869
182886
182903
182920
182937
182955
182973
182991
183009
183027
183045
183063
183081
183099
183117
183135
183153
183171
183189
183207
183225
183243
183261
183279
183297
183315
183333
183351
183369
183387
183405
183423
183441
183459
183477
183495
183513
183531
183549
183567
183585
183603
183621
183639
183657
183675
183693
183711
183729
183747
183765
183783
183801
183819
183837
183855
183873
183891
183909
183927
183946
183965
183984
184003
184022
184041
184060
184079
184098
184117
184136
184155
184174
184193
184212
184231
184250
184269
184288
184307
184326
184345
184364
184383
184402
184421
184440
184459
184478
184497
184516
184535
184554
184573
184592
184611
184630
184649
184668
184687
184706
184725
184744
184763
184782
184801
184820
184839
184858
184877
184896
184915
184932
184949
184966
184983
185000
185017
185034
185051
185068
185085
185102
185119
185136
185153
185170
185187
185204
185221
185238
185255
185272
185289
185306
185323
185340
185357
185374
185391
185408
185425
185442
185459
185476
185493
185510
185527
185544
185561
185578
185595
185612
185629
185646
185663
185680
185697
185714
185731
185748
185765
185782
185799
185816
185833
185850
185867
185884
185901
185919
185937
185955
185973
185991
186009
186027
186045
186063
186081
186099
186117
186135
186153
186171
186189
186207
186225
186243
186261
186279
186297
186315
186333
186351
186369
186387
186405
186423
186441
186459
186477
186495
186513
186531
186549
186567
186585
186603
186621
186639
186657
186675
186693
186711
186729
186747
186765
186783
186801
186819
186837
186855
186873
186891
186910
186929
186948
186967
186986
187005
187024
187043
187062
187081
187100
187119
187138
187157
187176
187195
187214
187233
187252
187271
187290
187309
187328
187347
187366
187385
187404
187423
187442
187461
187480
187499
187518
187537
187556
187575
187594
187613
187632
187651
187670
187689
187708
187727
187746
187765
187784
187803
187822
187841
187860
187879
187896
187913
187930
187947
187964
187981
187998
188015
188032
188049
188066
188083
188100
188117
188134
188151
188168
188185
188202
188219
188236
188253
188270
188287
188304
188321
188338
188355
188372
188389
188406
188423
188440
188457
188474
188491
188508
188525
188542
188559
188576
188593
188610
188627
188644
188661
188678
188695
188712
188729
188746
188763
188780
188797
188814
188831
188848
188865
188884
188903
188922
188941
188960
188979
188998
189017
189036
189055
189074
189093
189112
189131
189150
189169
189188
189207
189226
189245
189264
189283
189302
189321
189340
189359
189378
189397
189416
189435
189454
189473
189492
189511
189530
189549
189568
189587
189606
189625
189644
189663
189682
189701
189720
189739
189758
189777
189796
189815
189834
189853
189870
189887
189904
189921
189938
189955
189972
189989
190006
190023
190040
190057
190074
190091
190108
190125
190142
190159
190176
190193
190210
190227
190244
190261
190278
190295
190312
190329
190346
190363
190380
190397
190414
190431
190448
190465
190482
190499
190516
190533
190550
190567
190584
190601
190618
190635
190652
190669
190686
190703
190720
190737
190754
190771
190788
190805
190822
190839
190857
190875
190893
190911
190929
190947
190965
190983
191001
191019
191037
191055
191073
191091
191109
191127
191145
191163
191181
191199
191217
191235
191253
191271
191289
191307
191325
191343
191361
191379
191397
191415
191433
191451
191469
191487
191505
191523
191541
191559
191577
191595
191613
191631
191649
191667
191685
191703
191721
191739
191757
191775
191793
191811
191829
191846
191863
191880
191897
191914
191931
191948
191965
191982
191999
192016
192033
192050
192067
192084
192101
192118
192135
192152
192169
192186
192203
192220
192237
192254
192271
192288
192305
192322
192339
192356
192373
192390
192407
192424
192441
192458
192475
192492
192509
192526
192543
192560
192577
192594
192611
192628
192645
192662
192679
192696
192713
192730
192747
192764
192781
192798
192815
192834
192853
192872
192891
192910
192929
192948
192967
192986
193005
193024
193043
193062
193081
193100
193119
193138
193157
193176
193195
193214
193233
193252
193271
193290
193309
193328
193347
193366
193385
193404
193423
193442
193461
193480
193499
193518
193537
193556
193575
193594
193613
193632
193651
193670
193689
193708
193727
193746
193765
193784
193803
193820
193837
193854
193871
193888
193905
193922
193939
193956
193973
193990
194007
194024
194041
194058
194075
194092
194109
194126
194143
194160
194177
194194
194211
194228
194245
194262
194279
194296
194313
194330
194347
194364
194381
194398
194415
194432
194449
194466
194483
194500
194517
194534
194551
194568
194585
194602
194619
194636
194653
194670
194687
194704
194721
194738
194755
194772
194789
194807
194825
194843
194861
194879
194897
194915
194933
194951
194969
194987
195005
195023
195041
195059
195077
195095
195113
195131
195149
195167
195185
195203
195221
195239
195257
195275
195293
195311
195329
195347
195365
195383
195401
195419
195437
195455
195473
195491
195509
195527
195545
195563
195581
195599
195617
195635
195653
195671
195689
195707
195725
195743
195761
195779
195797
195815
195833
195851
195869
195887
195905
195923
195941
195959
195977
195995
196013
196031
196049
196067
196085
196103
196121
196139
196157
196175
196193
196211
196229
196247
196265
196283
196301
196319
196337
196355
196373
196391
196409
196427
196445
196463
196481
196499
196517
196535
196553
196571
196589
196607
196625
196643
196661
196679
196697
196715
196733
196751
196769
196786
196803
196820
196837
196854
196871
196888
196905
196922
196939
196956
196973
196990
197007
197024
197041
197058
197075
197092
197109
197126
197143
197160
197177
197194
197211
197228
197245
197262
197279
197296
197313
197330
197347
197364
197381
197398
197415
197432
197449
197466
197483
197500
197517
197534
197551
197568
197585
197602
197619
197636
197653
197670
197687
197704
197721
197738
197755
197773
197791
197809
197827
197845
197863
197881
197899
197917
197935
197953
197971
197989
198007
198025
198043
198061
198079
198097
198115
198133
198151
198169
198187
198205
198223
198241
198259
198277
198295
198313
198331
198349
198367
198385
198403
198421
198439
198457
198475
198493
198511
198529
198547
198565
198583
198601
198619
198637
198655
198673
198691
198709
198727
198745
198764
198783
198802
198821
198840
198859
198878
198897
198916
198935
198954
198973
198992
199011
199030
199049
199068
199087
199106
199125
199144
199163
199182
199201
199220
199239
199258
199277
199296
199315
199334
199353
199372
199391
199410
199429
199448
199467
199486
199505
199524
199543
199562
199581
199600
199619
199638
199657
199676
199695
199714
199733
199751
199769
199787
199805
199823
199841
199859
199877
199895
199913
199931
199949
199967
199985
200003
200021
200039
200057
200075
200093
200111
200129
200147
200165
200183
200201
200219
200237
200255
200273
200291
200309
200327
200345
200363
200381
200399
200417
200435
200453
200471
200489
200507
200525
200543
200561
200579
200597
200615
200633
200651
200669
200687
200705
200723
200741
200759
200777
200795
200813
200831
200849
200867
200885
200903
200921
200939
200957
200975
200993
201011
201029
201047
201065
201083
201101
201119
201137
201155
201173
201191
201209
201227
201245
201263
201281
201299
201317
201335
201353
201371
201389
201407
201425
201443
201461
201479
201497
201515
201533
201551
201569
201587
201605
201623
201641
201659
201677
201695
201713
201732
201751
201770
201789
201808
201827
201846
201865
201884
201903
201922
201941
201960
201979
201998
202017
202036
202055
202074
202093
202112
202131
202150
202169
202188
202207
202226
202245
202264
202283
202302
202321
202340
202359
202378
202397
202416
202435
202454
202473
202492
202511
202530
202549
202568
202587
202606
202625
202644
202663
202682
202701
202720
202739
202758
202777
202796
202815
202834
202853
202872
202891
202910
202929
202948
202967
202986
203005
203024
203043
203062
203081
203100
203119
203138
203157
203176
203195
203214
203233
203252
203271
203290
203309
203328
203347
203366
203385
203404
203423
203442
203461
203480
203499
203518
203537
203556
203575
203594
203613
203632
203651
203670
203689
203707
203725
203743
203761
203779
203797
203815
203833
203851
203869
203887
203905
203923
203941
203959
203977
203995
204013
204031
204049
204067
204085
204103
204121
204139
204157
204175
204193
204211
204229
204247
204265
204283
204301
204319
204337
204355
204373
204391
204409
204427
204445
204463
204481
204499
204517
204535
204553
204571
204589
204607
204625
204643
204661
204679
204696
204713
204730
204747
204764
204781
204798
204815
204832
204849
204866
204883
204900
204917
204934
204951
204968
204985
205002
205019
205036
205053
205070
205087
205104
205121
205138
205155
205172
205189
205206
205223
205240
205257
205274
205291
205308
205325
205342
205359
205376
205393
205410
205427
205444
205461
205478
205495
205512
205529
205546
205563
205580
205597
205614
205631
205648
205665
205682
205699
205716
205733
205750
205767
205784
205801
205818
205835
205852
205869
205886
205903
205920
205937
205954
205971
205988
206005
206022
206039
206056
206073
206090
206107
206124
206141
206158
206175
206192
206209
206226
206243
206260
206277
206294
206311
206328
206345
206362
206379
206396
206413
206430
206447
206464
206481
206498
206515
206532
206549
206566
206583
206600
206617
206634
206651
206668
206685
206702
206719
206736
206753
206770
206787
206804
206821
206838
206855
206872
206889
206906
206923
206940
206957
206974
206991
207008
207025
207042
207059
207076
207093
207110
207127
207144
207161
207178
207195
207212
207229
207246
207263
207280
207297
207314
207331
207348
207365
207382
207399
207416
207433
207450
207467
207484
207501
207518
207535
207552
207569
207586
207603
207620
207637
207655
207673
207691
207709
207727
207745
207763
207781
207799
207817
207835
207853
207871
207889
207907
207925
207943
207961
207979
207997
208015
208033
208051
208069
208087
208105
208123
208141
208159
208177
208195
208213
208231
208249
208267
208285
208303
208321
208339
208357
208375
208393
208411
208429
208447
208465
208483
208501
208519
208537
208555
208573
208591
208609
208627
208645
208663
208681
208699
208717
208735
208753
208771
208789
208807
208825
208843
208861
208879
208897
208915
208933
208951
208969
208987
209005
209023
209041
209059
209077
209095
209113
209131
209149
209167
209185
209203
209221
209239
209257
209275
209293
209311
209329
209347
209365
209383
209401
209419
209437
209455
209473
209491
209509
209527
209545
209563
209581
209599
209617
209635
209653
209671
209689
209707
209725
209743
209761
209779
209797
209815
209833
209851
209869
209887
209905
209923
209941
209959
209977
209995
210013
210031
210049
210067
210085
210103
210121
210139
210157
210175
210193
210211
210229
210247
210265
210283
210301
210319
210337
210355
210373
210391
210409
210427
210445
210463
210481
210499
210517
210535
210553
210571
210589
210607
210623
210639
210655
210671
210687
210703
210719
210735
210751
210767
210783
210799
210815
210831
210847
210863
210879
210895
210911
210927
210943
210959
210975
210991
211007
211023
211039
211055
211071
211087
211103
211119
211135
211151
211167
211183
211199
211215
211231
211247
211263
211279
211295
211311
211327
211343
211359
211375
211391
211407
211423
211439
211455
211471
211487
211503
211519
211535
211551
211567
211583
211599
211619
211639
211659
211679
211699
211719
211739
211759
211779
211799
211819
211839
211859
211879
211899
211919
211939
211959
211979
211999
212019
212039
212059
212079
212099
212119
212139
212159
212179
212199
212219
212239
212259
212279
212299
212319
212339
212359
212379
212399
212419
212439
212459
212479
212499
212519
212539
212559
212579
212599
212617
212635
212653
212671
212689
212707
212725
212743
212761
212779
212797
212815
212833
212851
212869
212887
212905
212923
212941
212959
212977
212995
213013
213031
213049
213067
213085
213103
213121
213139
213157
213175
213193
213211
213229
213247
213265
213283
213301
213319
213337
213355
213373
213391
213409
213427
213445
213463
213481
213499
213517
213535
213553
213571
213589
213606
213623
213640
213657
213674
213691
213708
213725
213742
213759
213776
213793
213810
213827
213844
213861
213878
213895
213912
213929
213946
213963
213980
213997
214014
214031
214048
214065
214082
214099
214116
214133
214150
214167
214184
214201
214218
214235
214252
214269
214286
214303
214320
214337
214354
214371
214388
214405
214422
214439
214456
214473
214490
214507
214524
214541
214558
214575
214595
214615
214635
214655
214675
214695
214715
214735
214755
214775
214795
214815
214835
214855
214875
214895
214915
214935
214955
214975
214995
215015
215035
215055
215075
215095
215115
215135
215155
215175
215195
215215
215235
215255
215275
215295
215315
215335
215355
215375
215395
215415
215435
215455
215475
215495
215515
215535
215555
215575
215594
215613
215632
215651
215670
215689
215708
215727
215746
215765
215784
215803
215822
215841
215860
215879
215898
215917
215936
215955
215974
215993
216012
216031
216050
216069
216088
216107
216126
216145
216164
216183
216202
216221
216240
216259
216278
216297
216316
216335
216354
216373
216392
216411
216430
216449
216468
216487
216506
216525
216544
216563
216582
216601
216620
216639
216658
216677
216696
216715
216734
216753
216772
216791
216810
216829
216848
216867
216886
216905
216924
216943
216962
216981
217000
217019
217038
217057
217076
217095
217114
217133
217152
217171
217190
217209
217228
217247
217266
217285
217304
217323
217342
217361
217380
217399
217418
217437
217456
217475
217494
217513
217532
217551
217569
217587
217605
217623
217641
217659
217677
217695
217713
217731
217749
217767
217785
217803
217821
217839
217857
217875
217893
217911
217929
217947
217965
217983
218001
218019
218037
218055
218073
218091
218109
218127
218145
218163
218181
218199
218217
218235
218253
218271
218289
218307
218325
218343
218361
218379
218397
218415
218433
218451
218469
218487
218505
218523
218541
218559
218577
218595
218613
218631
218649
218667
218685
218703
218721
218739
218757
218775
218793
218811
218829
218847
218865
218883
218901
218919
218937
218955
218973
218991
219009
219027
219045
219063
219081
219099
219117
219135
219153
219171
219189
219207
219225
219243
219261
219279
219297
219315
219333
219351
219369
219387
219405
219423
219441
219459
219477
219495
219513
219531
219548
219565
219582
219599
219616
219633
219650
219667
219684
219701
219718
219735
219752
219769
219786
219803
219820
219837
219854
219871
219888
219905
219922
219939
219956
219973
219990
220007
220024
220041
220058
220075
220092
220109
220126
220143
220160
220177
220194
220211
220228
220245
220262
220279
220296
220313
220330
220347
220364
220381
220398
220415
220432
220449
220466
220483
220500
220517
220535
220553
220571
220589
220607
220625
220643
220661
220679
220697
220715
220733
220751
220769
220787
220805
220823
220841
220859
220877
220895
220913
220931
220949
220967
220985
221003
221021
221039
221057
221075
221093
221111
221129
221147
221165
221183
221201
221219
221237
221255
221273
221291
221309
221327
221345
221363
221381
221399
221417
221435
221453
221471
221489
221507
221526
221545
221564
221583
221602
221621
221640
221659
221678
221697
221716
221735
221754
221773
221792
221811
221830
221849
221868
221887
221906
221925
221944
221963
221982
222001
222020
222039
222058
222077
222096
222115
222134
222153
222172
222191
222210
222229
222248
222267
222286
222305
222324
222343
222362
222381
222400
222419
222438
222457
222476
222495
222512
222529
222546
222563
222580
222597
222614
222631
222648
222665
222682
222699
222716
222733
222750
222767
222784
222801
222818
222835
222852
222869
222886
222903
222920
222937
222954
222971
222988
223005
223022
223039
223056
223073
223090
223107
223124
223141
223158
223175
223192
223209
223226
223243
223260
223277
223294
223311
223328
223345
223362
223379
223396
223413
223430
223447
223464
223481
223498
223515
223532
223549
223566
223583
223600
223617
223634
223651
223668
223685
223702
223719
223736
223753
223770
223787
223804
223821
223838
223855
223872
223889
223906
223923
223940
223957
223974
223991
224008
224025
224042
224059
224076
224093
224110
224127
224144
224161
224178
224195
224212
224229
224246
224263
224280
224297
224314
224331
224348
224365
224382
224399
224416
224433
224450
224467
224487
224507
224527
224547
224567
224587
224607
224627
224647
224667
224687
224707
224727
224747
224767
224787
224807
224827
224847
224867
224887
224907
224927
224947
224967
224987
225007
225027
225047
225067
225087
225107
225127
225147
225167
225187
225207
225227
225247
225267
225287
225307
225327
225347
225367
225387
225407
225427
225447
225467
225483
225499
225515
225531
225547
225563
225579
225595
225611
225627
225643
225659
225675
225691
225707
225723
225739
225755
225771
225787
225803
225819
225835
225851
225867
225883
225899
225915
225931
225947
225963
225979
225995
226011
226027
226043
226059
226075
226091
226107
226123
226139
226155
226171
226187
226203
226219
226235
226251
226267
226283
226299
226315
226331
226347
226363
226379
226395
226411
226427
226443
226459
226478
226497
226516
226535
226554
226573
226592
226611
226630
226649
226668
226687
226706
226725
226744
226763
226782
226801
226820
226839
226858
226877
226896
226915
226934
226953
226972
226991
227010
227029
227048
227067
227086
227105
227124
227143
227162
227181
227200
227219
227238
227257
227276
227295
227314
227333
227352
227371
227390
227409
227428
227447
227465
227483
227501
227519
227537
227555
227573
227591
227609
227627
227645
227663
227681
227699
227717
227735
227753
227771
227789
227807
227825
227843
227861
227879
227897
227915
227933
227951
227969
227987
228005
228023
228041
228059
228077
228095
228113
228131
228149
228167
228185
228203
228221
228239
228257
228275
228293
228311
228329
228347
228365
228383
228401
228419
228437
228455
228473
228491
228509
228527
228545
228563
228581
228599
228617
228635
228653
228671
228689
228707
228725
228743
228761
228779
228797
228815
228833
228851
228869
228887
228905
228923
228941
228959
228977
228995
229013
229031
229049
229067
229085
229103
229121
229139
229157
229175
229193
229211
229229
229247
229265
229283
229301
229319
229337
229355
229373
229391
229409
229427
229445
229463
229481
229499
229517
229535
229553
229571
229589
229607
229625
229643
229661
229679
229697
229715
229733
229751
229769
229787
229805
229823
229841
229859
229877
229895
229913
229931
229949
229967
229985
230003
230021
230039
230057
230075
230093
230111
230129
230147
230165
230183
230201
230219
230237
230255
230273
230291
230309
230327
230345
230363
230381
230399
230417
230434
230451
230468
230485
230502
230519
230536
230553
230570
230587
230604
230621
230638
230655
230672
230689
230706
230723
230740
230757
230774
230791
230808
230825
230842
230859
230876
230893
230910
230927
230944
230961
230978
230995
231012
231029
231046
231063
231080
231097
231114
231131
231148
231165
231182
231199
231216
231233
231250
231267
231284
231301
231318
231335
231352
231369
231386
231403
231420
231437
231454
231471
231488
231505
231522
231539
231556
231573
231590
231607
231624
231641
231658
231675
231692
231709
231726
231743
231760
231777
231794
231811
231828
231845
231862
231879
231896
231913
231930
231947
231964
231981
231998
232015
232032
232049
232066
232083
232100
232117
232134
232151
232168
232185
232202
232219
232236
232253
232270
232287
232304
232321
232338
232355
232372
232389
232407
232425
232443
232461
232479
232497
232515
232533
232551
232569
232587
232605
232623
232641
232659
232677
232695
232713
232731
232749
232767
232785
232803
232821
232839
232857
232875
232893
232911
232929
232947
232965
232983
233001
233019
233037
233055
233073
233091
233109
233127
233145
233163
233181
233199
233217
233235
233253
233271
233289
233307
233325
233343
233361
233379
233397
233415
233433
233451
233469
233487
233505
233523
233541
233559
233577
233595
233613
233631
233649
233667
233685
233703
233721
233739
233757
233775
233793
233811
233829
233847
233865
233883
233901
233919
233937
233955
233973
233991
234009
234027
234045
234063
234081
234099
234117
234135
234153
234171
234189
234207
234225
234243
234261
234279
234297
234315
234333
234351
234369
234386
234403
234420
234437
234454
234471
234488
234505
234522
234539
234556
234573
234590
234607
234624
234641
234658
234675
234692
234709
234726
234743
234760
234777
234794
234811
234828
234845
234862
234879
234896
234913
234930
234947
234964
234981
234998
235015
235032
235049
235066
235083
235100
235117
235134
235151
235168
235185
235202
235219
235236
235253
235270
235287
235304
235321
235338
235355
235372
235389
235406
235423
235440
235457
235474
235491
235508
235525
235542
235559
235576
235593
235610
235627
235644
235661
235678
235695
235712
235729
235746
235763
235780
235797
235814
235831
235848
235865
235882
235899
235916
235933
235950
235967
235984
236001
236018
236035
236052
236069
236086
236103
236120
236137
236154
236171
236188
236205
236222
236239
236256
236273
236290
236307
236324
236341
236359
236377
236395
236413
236431
236449
236467
236485
236503
236521
236539
236557
236575
236593
236611
236629
236647
236665
236683
236701
236719
236737
236755
236773
236791
236809
236827
236845
236863
236881
236899
236917
236935
236953
236971
236989
237007
237025
237043
237061
237079
237097
237115
237133
237151
237169
237187
237205
237223
237241
237259
237277
237295
237313
237331
