17
34
51
68
85
102
119
136
153
170
187
204
221
238
255
272
289
306
323
340
357
374
391
408
425
442
459
476
493
510
527
544
561
578
595
612
629
646
663
680
697
714
731
748
765
782
799
816
833
850
867
884
901
918
935
952
969
986
1003
1020
1037
1054
1071
1088
1105
1122
1139
1156
1173
1190
1207
1224
1241
1258
1275
1292
1309
1326
1343
1360
1377
1394
1411
1428
1445
1462
1479
1496
1513
1530
1547
1564
1581
1598
1615
1632
1649
1666
1683
1700
1717
1734
1751
1768
1785
1802
1819
1836
1853
1870
1887
1904
1921
1938
1955
1972
1989
2006
2023
2040
2057
2074
2091
2108
2125
2142
2159
2176
2193
2210
2227
2244
2261
2278
2295
2312
2329
2346
2363
2380
2397
2414
2431
2448
2465
2482
2499
2516
2533
2550
2567
2584
2601
2618
2635
2652
2669
2686
2703
2720
2737
2754
2771
2788
2805
2822
2839
2856
2873
2890
2907
2924
2941
2958
2975
2992
3009
3026
3043
3060
3077
3094
3111
3128
3145
3162
3179
3196
3213
3230
3247
3264
3281
3298
3315
3332
3349
3366
3383
3400
3417
3434
3451
3468
3485
3502
3519
3536
3553
3570
3587
3604
3621
3638
3655
3672
3689
3706
3723
3740
3757
3774
3791
3808
3825
3842
3859
3876
3893
3910
3927
3944
3961
3978
3995
4012
4029
4046
4063
4080
4097
4114
4131
4148
4165
4182
4199
4216
4233
4250
4267
4284
4301
4318
4335
4352
4369
4386
4403
4420
4437
4454
4471
4488
4505
4522
4539
4556
4573
4590
4607
4624
4641
4658
4675
4692
4709
4726
4743
4760
4777
4794
4811
4828
4845
4862
4879
4896
4913
4930
4946
4962
4978
4994
5010
5026
5042
5058
5074
5090
5106
5122
5138
5154
5170
5186
5202
5218
5234
5250
5266
5282
5298
5314
5330
5346
5362
5378
5394
5410
5426
5442
5458
5474
5490
5506
5522
5538
5554
5570
5586
5602
5618
5634
5650
5666
5682
5698
5714
5730
5746
5762
5778
5794
5810
5826
5842
5858
5874
5890
5906
5922
5939
5956
5973
5990
6007
6024
6041
6058
6075
6092
6109
6126
6143
6160
6177
6194
6211
6228
6245
6262
6279
6296
6313
6330
6347
6364
6381
6398
6415
6432
6449
6466
6483
6500
6517
6534
6551
6568
6585
6602
6619
6636
6653
6670
6687
6704
6721
6738
6755
6772
6789
6806
6823
6840
6857
6874
6891
6908
6926
6944
6962
6980
6998
7016
7034
7052
7070
7088
7106
7124
7142
7160
7178
7196
7214
7232
7250
7268
7286
7304
7322
7340
7358
7376
7394
7412
7430
7448
7466
7484
7502
7520
7538
7556
7574
7592
7610
7628
7646
7664
7682
7700
7718
7736
7754
7772
7790
7808
7826
7844
7862
7880
7898
7915
7932
7949
7966
7983
8000
8017
8034
8051
8068
8085
8102
8119
8136
8153
8170
8187
8204
8221
8238
8255
8272
8289
8306
8323
8340
8357
8374
8391
8408
8425
8442
8459
8476
8493
8510
8527
8544
8561
8578
8595
8612
8629
8646
8663
8680
8697
8714
8731
8748
8765
8782
8799
8816
8833
8850
8867
8884
8901
8918
8935
8952
8969
8986
9003
9020
9037
9054
9071
9088
9105
9122
9139
9156
9173
9190
9207
9224
9241
9258
9275
9292
9309
9326
9343
9360
9377
9394
9411
9428
9445
9462
9479
9496
9513
9530
9547
9564
9581
9598
9615
9632
9649
9666
9683
9700
9717
9734
9751
9768
9785
9802
9819
9836
9853
9870
9887
9904
9921
9938
9955
9972
9989
10006
10023
10040
10057
10074
10091
10108
10125
10142
10159
10176
10193
10210
10227
10244
10261
10278
10295
10312
10329
10346
10363
10380
10397
10414
10431
10448
10465
10482
10499
10516
10533
10550
10567
10584
10601
10618
10635
10652
10669
10686
10703
10720
10737
10754
10771
10788
10805
10822
10839
10856
10873
10890
10907
10924
10941
10958
10975
10992
11009
11026
11043
11060
11077
11094
11111
11128
11145
11162
11179
11196
11213
11230
11247
11264
11281
11298
11315
11332
11349
11366
11383
11400
11417
11434
11451
11468
11485
11502
11519
11536
11553
11570
11587
11604
11621
11638
11655
11672
11689
11706
11723
11740
11757
11774
11791
11808
11825
11842
11859
11876
11893
11910
11927
11944
11961
11978
11995
12012
12029
12046
12063
12080
12097
12114
12131
12148
12165
12182
12199
12216
12233
12250
12267
12284
12301
12318
12335
12352
12369
12386
12403
12420
12437
12454
12471
12488
12505
12522
12539
12556
12573
12590
12607
12624
12641
12658
12675
12692
12709
12726
12743
12760
12777
12794
12811
12828
12844
12860
12876
12892
12908
12924
12940
12956
12972
12988
13004
13020
13036
13052
13068
13084
13100
13116
13132
13148
13164
13180
13196
13212
13228
13244
13260
13276
13292
13308
13324
13340
13356
13372
13388
13404
13420
13436
13452
13468
13484
13500
13516
13532
13548
13564
13580
13596
13612
13628
13644
13660
13676
13692
13708
13724
13740
13756
13772
13788
13804
13820
13837
13854
13871
13888
13905
13922
13939
13956
13973
13990
14007
14024
14041
14058
14075
14092
14109
14126
14143
14160
14177
14194
14211
14228
14245
14262
14279
14296
14313
14330
14347
14364
14381
14398
14415
14432
14449
14466
14483
14500
14517
14534
14551
14568
14585
14602
14619
14636
14653
14670
14687
14704
14721
14738
14755
14772
14789
14806
14823
14840
14857
14874
14891
14908
14925
14942
14959
14976
14993
15010
15027
15044
15061
15078
15095
15112
15129
15146
15163
15180
15197
15214
15231
15248
15265
15282
15299
15316
15333
15350
15367
15384
15401
15418
15435
15452
15469
15486
15503
15520
15537
15554
15571
15588
15605
15622
15639
15656
15673
15690
15707
15724
15741
15758
15775
15792
15809
15826
15843
15860
15877
15894
15911
15928
15945
15962
15979
15996
16013
16030
16047
16064
16081
16098
16115
16132
16149
16166
16183
16200
16217
16234
16251
16268
16285
16302
16319
16336
16353
16370
16387
16404
16421
16438
16455
16472
16489
16506
16523
16540
16557
16574
16591
16608
16625
16642
16659
16676
16693
16710
16727
16744
16761
16778
16794
16810
16826
16842
16858
16874
16890
16906
16922
16938
16954
16970
16986
17002
17018
17034
17050
17066
17082
17098
17114
17130
17146
17162
17178
17194
17210
17226
17242
17258
17274
17290
17306
17322
17338
17354
17370
17386
17402
17418
17434
17450
17466
17482
17498
17514
17530
17546
17562
17578
17594
17610
17626
17642
17658
17674
17690
17706
17722
17738
17754
17770
17787
17804
17821
17838
17855
17872
17889
17906
17923
17940
17957
17974
17991
18008
18025
18042
18059
18076
18093
18110
18127
18144
18161
18178
18195
18212
18229
18246
18263
18280
18297
18314
18331
18348
18365
18382
18399
18416
18433
18450
18467
18484
18501
18518
18535
18552
18569
18586
18603
18620
18637
18654
18671
18688
18705
18722
18739
18756
18773
18790
18807
18824
18841
18858
18875
18892
18909
18926
18943
18960
18977
18994
19011
19028
19045
19062
19079
19096
19113
19130
19147
19164
19181
19198
19215
19232
19249
19266
19283
19300
19317
19334
19351
19368
19385
19402
19419
19436
19453
19470
19487
19504
19521
19538
19555
19572
19589
19606
19623
19640
19657
19674
19691
19708
19725
19742
19759
19776
19793
19810
19827
19844
19861
19878
19895
19912
19929
19946
19963
19980
19997
20014
20031
20048
20065
20082
20099
20116
20133
20150
20167
20184
20201
20218
20235
20252
20269
20286
20303
20320
20337
20354
20371
20388
20405
20422
20439
20456
20473
20490
20507
20524
20541
20558
20575
20592
20609
20626
20643
20660
20677
20694
20711
20728
20744
20760
20776
20792
20808
20824
20840
20856
20872
20888
20904
20920
20936
20952
20968
20984
21000
21016
21032
21048
21064
21080
21096
21112
21128
21144
21160
21176
21192
21208
21224
21240
21256
21272
21288
21304
21320
21336
21352
21368
21384
21400
21416
21432
21448
21464
21480
21496
21512
21528
21544
21560
21576
21592
21608
21624
21640
21656
21672
21688
21704
21720
21737
21754
21771
21788
21805
21822
21839
21856
21873
21890
21907
21924
21941
21958
21975
21992
22009
22026
22043
22060
22077
22094
22111
22128
22145
22162
22179
22196
22213
22230
22247
22264
22281
22298
22315
22332
22349
22366
22383
22400
22417
22434
22451
22468
22485
22502
22519
22536
22553
22570
22587
22604
22621
22638
22655
22672
22689
22706
22722
22738
22754
22770
22786
22802
22818
22834
22850
22866
22882
22898
22914
22930
22946
22962
22978
22994
23010
23026
23042
23058
23074
23090
23106
23122
23138
23154
23170
23186
23202
23218
23234
23250
23266
23282
23298
23314
23330
23346
23362
23378
23394
23410
23426
23442
23458
23474
23490
23506
23522
23538
23554
23570
23586
23602
23618
23634
23650
23666
23682
23698
23715
23732
23749
23766
23783
23800
23817
23834
23851
23868
23885
23902
23919
23936
23953
23970
23987
24004
24021
24038
24055
24072
24089
24106
24123
24140
24157
24174
24191
24208
24225
24242
24259
24276
24293
24310
24327
24344
24361
24378
24395
24412
24429
24446
24463
24480
24497
24514
24531
24548
24565
24582
24599
24616
24633
24650
24667
24684
24701
24718
24735
24752
24769
24786
24803
24820
24837
24854
24871
24888
24905
24922
24939
24956
24973
24990
25007
25024
25041
25058
25075
25092
25109
25126
25143
25160
25177
25194
25211
25228
25245
25262
25279
25296
25313
25330
25347
25364
25381
25398
25415
25432
25449
25466
25483
25500
25517
25534
25551
25568
25585
25602
25619
25636
25653
25670
25687
25704
25721
25738
25755
25772
25789
25806
25823
25840
25857
25874
25891
25908
25925
25942
25959
25976
25993
26010
26027
26044
26061
26078
26095
26112
26129
26146
26163
26180
26197
26214
26231
26248
26265
26282
26299
26316
26333
26350
26367
26384
26401
26418
26435
26452
26469
26486
26503
26520
26537
26554
26571
26588
26605
26622
26639
26656
26673
26690
26707
26724
26741
26758
26775
26792
26809
26826
26843
26860
26877
26894
26911
26928
26945
26962
26979
26996
27013
27030
27047
27064
27081
27098
27115
27132
27149
27166
27183
27200
27217
27234
27251
27268
27285
27302
27319
27336
27353
27370
27387
27404
27421
27438
27455
27472
27489
27506
27523
27540
27557
27574
27591
27608
27625
27642
27659
27676
27693
27710
27727
27744
27761
27778
27795
27812
27829
27846
27863
27880
27897
27914
27931
27948
27965
27982
27999
28016
28033
28050
28067
28084
28101
28118
28135
28152
28169
28186
28203
28220
28237
28254
28271
28288
28305
28322
28339
28356
28373
28390
28407
28424
28441
28458
28475
28492
28509
28526
28543
28560
28577
28594
28611
28628
28645
28662
28679
28696
28713
28730
28747
28764
28781
28798
28815
28832
28849
28866
28883
28900
28917
28934
28951
28968
28985
29002
29019
29036
29053
29070
29087
29104
29121
29138
29155
29172
29189
29206
29223
29240
29257
29274
29291
29308
29325
29342
29359
29376
29393
29410
29427
29444
29461
29478
29495
29512
29529
29546
29563
29580
29597
29614
29632
29650
29668
29686
29704
29722
29740
29758
29776
29794
29812
29830
29848
29866
29884
29902
29920
29938
29956
29974
29992
30010
30028
30046
30064
30082
30100
30118
30136
30154
30172
30190
30208
30226
30244
30262
30280
30298
30316
30334
30352
30370
30388
30406
30424
30442
30460
30478
30496
30514
30532
30550
30568
30586
30604
30620
30636
30652
30668
30684
30700
30716
30732
30748
30764
30780
30796
30812
30828
30844
30860
30876
30892
30908
30924
30940
30956
30972
30988
31004
31020
31036
31052
31068
31084
31100
31116
31132
31148
31164
31180
31196
31212
31228
31244
31260
31276
31292
31308
31324
31340
31356
31372
31388
31404
31420
31436
31452
31468
31484
31500
31516
31532
31548
31564
31580
31596
31613
31630
31647
31664
31681
31698
31715
31732
31749
31766
31783
31800
31817
31834
31851
31868
31885
31902
31919
31936
31953
31970
31987
32004
32021
32038
32055
32072
32089
32106
32123
32140
32157
32174
32191
32208
32225
32242
32259
32276
32293
32310
32327
32344
32361
32378
32395
32412
32429
32446
32463
32480
32497
32514
32531
32548
32565
32582
32599
32616
32633
32650
32667
32684
32701
32718
32735
32752
32769
32786
32803
32820
32837
32854
32871
32888
32905
32922
32939
32956
32973
32990
33007
33024
33041
33058
33075
33092
33109
33126
33143
33160
33177
33194
33211
33228
33245
33262
33279
33296
33313
33330
33347
33364
33381
33398
33415
33432
33449
33466
33483
33500
33517
33534
33551
33568
33585
33602
33619
33636
33653
33670
33687
33704
33721
33738
33755
33772
33789
33806
33823
33840
33857
33874
33891
33908
33925
33942
33959
33976
33993
34010
34027
34044
34061
34078
34095
34112
34129
34146
34163
34180
34197
34214
34231
34248
34265
34282
34299
34316
34333
34350
34367
34384
34401
34418
34435
34452
34469
34486
34503
34520
34537
34554
34571
34588
34605
34622
34639
34656
34673
34690
34707
34724
34741
34758
34775
34792
34809
34826
34843
34860
34877
34894
34911
34928
34945
34962
34979
34996
35013
35030
35047
35064
35081
35098
35115
35132
35149
35166
35183
35200
35217
35234
35251
35268
35285
35302
35319
35336
35353
35370
35387
35404
35421
35438
35455
35472
35489
35506
35523
35540
35557
35574
35591
35608
35625
35642
35659
35676
35693
35710
35727
35744
35761
35778
35795
35812
35829
35846
35863
35880
35897
35914
35931
35948
35965
35982
35999
36016
36033
36050
36067
36084
36101
36118
36135
36152
36169
36186
36203
36220
36237
36254
36271
36288
36305
36322
36339
36356
36373
36390
36407
36424
36441
36458
36475
36492
36509
36526
36543
36560
36577
36594
36611
36628
36645
36662
36679
36696
36713
36730
36747
36764
36781
36798
36815
36832
36849
36866
36883
36900
36917
36934
36951
36968
36985
37002
37019
37036
37053
37070
37087
37104
37121
37138
37155
37172
37189
37206
37223
37240
37257
37274
37291
37308
37325
37342
37359
37376
37393
37410
37427
37444
37461
37478
37495
37512
37529
37546
37563
37580
37597
37614
37631
37648
37665
37682
37699
37716
37733
37750
37767
37784
37801
37818
37835
37852
37869
37886
37903
37920
37937
37954
37971
37988
38005
38022
38039
38056
38073
38090
38107
38124
38141
38158
38175
38192
38209
38226
38243
38260
38277
38294
38311
38328
38345
38362
38379
38396
38413
38430
38447
38464
38481
38498
38515
38532
38549
38566
38583
38600
38617
38634
38651
38668
38685
38702
38719
38736
38753
38770
38787
38804
38821
38838
38855
38872
38889
38906
38923
38940
38957
38974
38991
39008
39025
39042
39059
39076
39093
39110
39127
39144
39161
39178
39195
39212
39229
39246
39263
39280
39297
39314
39331
39348
39365
39382
39399
39416
39433
39450
39467
39484
39501
39518
39535
39552
39569
39586
39603
39620
39637
39654
39671
39688
39705
39722
39739
39756
39773
39790
39807
39824
39841
39858
39875
39892
39909
39926
39943
39960
39977
39994
40011
40028
40045
40062
40079
40096
40113
40130
40147
40164
40181
40198
40215
40232
40249
40266
40283
40300
40317
40334
40351
40368
40385
40402
40419
40436
40453
40470
40486
40502
40518
40534
40550
40566
40582
40598
40614
40630
40646
40662
40678
40694
40710
40726
40742
40758
40774
40790
40806
40822
40838
40854
40870
40886
40902
40918
40934
40950
40966
40982
40998
41014
41030
41046
41062
41078
41094
41110
41126
41142
41158
41174
41190
41206
41222
41238
41254
41270
41286
41302
41318
41334
41350
41366
41382
41398
41414
41430
41446
41462
41478
41494
41510
41526
41542
41558
41574
41590
41606
41622
41638
41654
41670
41686
41702
41718
41734
41750
41766
41782
41798
41814
41830
41846
41862
41878
41894
41910
41926
41942
41958
41974
41990
42006
42022
42038
42054
42070
42086
42102
42118
42134
42150
42166
42182
42198
42214
42230
42246
42262
42278
42294
42310
42326
42342
42358
42374
42390
42406
42422
42438
42454
42471
42488
42505
42522
42539
42556
42573
42590
42607
42624
42641
42658
42675
42692
42709
42726
42743
42760
42777
42794
42811
42828
42845
42862
42879
42896
42913
42930
42947
42964
42981
42998
43015
43032
43049
43066
43083
43100
43117
43134
43151
43168
43185
43202
43219
43236
43253
43270
43287
43304
43321
43338
43355
43372
43389
43406
43423
43440
43457
43474
43491
43508
43525
43542
43559
43576
43593
43610
43627
43644
43661
43678
43695
43712
43729
43746
43763
43780
43797
43814
43831
43848
43865
43882
43899
43916
43933
43950
43967
43984
44001
44018
44035
44052
44069
44086
44103
44120
44137
44154
44171
44188
44205
44222
44239
44256
44273
44290
44307
44324
44341
44358
44375
44392
44409
44426
44443
44460
44477
44494
44511
44528
44545
44562
44579
44596
44613
44630
44647
44664
44681
44698
44715
44732
44749
44766
44783
44800
44817
44834
44851
44868
44885
44902
44919
44936
44953
44970
44987
45004
45021
45038
45055
45072
45089
45106
45123
45140
45157
45174
45191
45208
45225
45242
45259
45276
45293
45310
45327
45344
45361
45378
45395
45412
45429
45446
45463
45480
45497
45514
45531
45548
45565
45582
45599
45616
45633
45650
45667
45684
45701
45718
45735
45752
45769
45786
45803
45820
45837
45854
45871
45888
45905
45922
45939
45956
45973
45990
46007
46024
46041
46058
46075
46092
46109
46126
46143
46160
46177
46194
46211
46228
46245
46262
46279
46296
46313
46330
46347
46364
46381
46398
46415
46432
46449
46466
46483
46500
46517
46534
46551
46568
46585
46602
46619
46636
46653
46670
46687
46704
46721
46738
46755
46772
46789
46806
46823
46840
46857
46874
46891
46908
46925
46942
46959
46976
46993
47010
47027
47044
47061
47078
47095
47112
47129
47146
47163
47180
47197
47214
47231
47248
47265
47282
47299
47316
47333
47350
47367
47384
47401
47418
47435
47452
47469
47486
47503
47520
47537
47554
47571
47588
47605
47622
47639
47656
47673
47690
47707
47724
47741
47758
47775
47792
47809
47826
47843
47860
47877
47894
47911
47928
47945
47962
47979
47996
48013
48030
48047
48064
48081
48098
48115
48132
48149
48166
48183
48200
48217
48234
48251
48268
48285
48302
48319
48336
48353
48370
48387
48404
48421
48438
48455
48472
48489
48506
48523
48540
48557
48574
48591
48608
48625
48642
48659
48676
48693
48710
48727
48744
48761
48778
48795
48812
48829
48846
48863
48880
48897
48914
48931
48948
48965
48982
48999
49016
49033
49050
49067
49084
49101
49118
49135
49152
49169
49186
49203
49220
49237
49254
49271
49288
49305
49322
49339
49356
49373
49390
49407
49424
49441
49458
49475
49492
49509
49526
49543
49560
49577
49594
49611
49628
49645
49662
49679
49696
49713
49730
49747
49764
49781
49798
49815
49832
49849
49866
49883
49900
49917
49934
49951
49968
49985
50002
50019
50036
50053
50070
50087
50104
50121
50138
50155
50172
50189
50206
50223
50240
50257
50274
50291
50308
50325
50342
50359
50376
50393
50410
50427
50444
50461
50478
50495
50512
50529
50546
50563
50580
50597
50614
50631
50648
50665
50682
50699
50716
50733
50750
50767
50784
50801
50818
50835
50852
50869
50886
50903
50920
50937
50954
50971
50988
51005
51022
51039
51056
51073
51090
51107
51124
51141
51158
51175
51192
51209
51226
51243
51260
51277
51294
51311
51328
51345
51362
51379
51396
51413
51430
51447
51464
51481
51498
51515
51532
51549
51566
51583
51600
51617
51634
51651
51668
51685
51702
51719
51736
51753
51770
51787
51804
51821
51838
51855
51872
51889
51906
51923
51940
51957
51974
51991
52008
52025
52042
52059
52076
52093
52110
52127
52144
52161
52178
52195
52212
52229
52246
52263
52280
52297
52314
52331
52348
52365
52382
52399
52416
52433
52450
52467
52484
52501
52518
52535
52552
52569
52586
52603
52620
52637
52654
52671
52688
52705
52722
52739
52756
52773
52790
52807
52824
52841
52858
52875
52892
52909
52926
52943
52960
52977
52994
53011
53028
53045
53062
53079
53096
53113
53130
53147
53164
53181
53198
53215
53232
53249
53266
53283
53300
53316
53332
53348
53364
53380
53396
53412
53428
53444
53460
53476
53492
53508
53524
53540
53556
53572
53588
53604
53620
53636
53652
53668
53684
53700
53716
53732
53748
53764
53780
53796
53812
53828
53844
53860
53876
53892
53908
53924
53940
53956
53972
53988
54004
54020
54036
54052
54068
54084
54100
54116
54132
54148
54164
54180
54196
54212
54228
54244
54260
54276
54292
54309
54326
54343
54360
54377
54394
54411
54428
54445
54462
54479
54496
54513
54530
54547
54564
54581
54598
54615
54632
54649
54666
54683
54700
54717
54734
54751
54768
54785
54802
54819
54836
54853
54870
54887
54904
54921
54938
54955
54972
54989
55006
55023
55040
55057
55074
55091
55108
55125
55142
55159
55176
55193
55210
55227
55244
55261
55278
55295
55312
55329
55346
55363
55380
55397
55414
55431
55448
55465
55482
55499
55516
55533
55550
55567
55584
55601
55618
55635
55652
55669
55686
55703
55720
55737
55754
55771
55788
55805
55822
55839
55856
55873
55890
55907
55924
55941
55958
55975
55992
56009
56026
56043
56060
56077
56094
56111
56128
56145
56162
56179
56196
56213
56230
56247
56264
56281
56298
56315
56332
56349
56366
56383
56400
56417
56434
56451
56468
56485
56502
56519
56536
56553
56570
56587
56604
56621
56638
56655
56672
56689
56706
56723
56740
56757
56774
56791
56808
56825
56842
56859
56876
56893
56910
56927
56944
56961
56978
56995
57012
57029
57046
57063
57080
57097
57114
57131
57148
57165
57182
57199
57216
57233
57250
57266
57282
57298
57314
57330
57346
57362
57378
57394
57410
57426
57442
57458
57474
57490
57506
57522
57538
57554
57570
57586
57602
57618
57634
57650
57666
57682
57698
57714
57730
57746
57762
57778
57794
57810
57826
57842
57858
57874
57890
57906
57922
57938
57954
57970
57986
58002
58018
58034
58050
58066
58082
58098
58114
58130
58146
58162
58178
58194
58210
58226
58242
58259
58276
58293
58310
58327
58344
58361
58378
58395
58412
58429
58446
58463
58480
58497
58514
58531
58548
58565
58582
58599
58616
58633
58650
58667
58684
58701
58718
58735
58752
58769
58786
58803
58820
58837
58854
58871
58888
58905
58922
58939
58956
58973
58990
59007
59024
59041
59058
59075
59092
59109
59126
59143
59160
59177
59194
59211
59228
59244
59260
59276
59292
59308
59324
59340
59356
59372
59388
59404
59420
59436
59452
59468
59484
59500
59516
59532
59548
59564
59580
59596
59612
59628
59644
59660
59676
59692
59708
59724
59740
59756
59772
59788
59804
59820
59836
59852
59868
59884
59900
59916
59932
59948
59964
59980
59996
60012
60028
60044
60060
60076
60092
60108
60124
60140
60156
60172
60188
60204
60220
60237
60254
60271
60288
60305
60322
60339
60356
60373
60390
60407
60424
60441
60458
60475
60492
60509
60526
60543
60560
60577
60594
60611
60628
60645
60662
60679
60696
60713
60730
60747
60764
60781
60798
60815
60832
60849
60866
60883
60900
60917
60934
60951
60968
60985
61002
61019
61036
61053
61070
61087
61104
61121
61138
61155
61172
61189
61206
61223
61240
61257
61274
61291
61308
61325
61342
61359
61376
61393
61410
61427
61444
61461
61478
61495
61512
61529
61546
61563
61580
61597
61614
61631
61648
61665
61682
61699
61716
61733
61750
61767
61784
61801
61818
61835
61852
61869
61886
61903
61920
61937
61954
61971
61988
62005
62022
62039
62056
62073
62090
62107
62124
62141
62158
62175
62192
62209
62226
62243
62260
62277
62294
62311
62328
62345
62362
62379
62396
62413
62430
62447
62464
62481
62498
62515
62532
62549
62566
62583
62600
62617
62634
62651
62668
62685
62702
62719
62736
62753
62770
62787
62804
62821
62838
62855
62872
62889
62906
62923
62940
62957
62974
62991
63008
63025
63042
63059
63076
63093
63110
63127
63144
63161
63178
63195
63212
63229
63246
63263
63280
63297
63314
63331
63348
63365
63382
63399
63416
63433
63450
63467
63484
63501
63518
63535
63552
63569
63586
63603
63620
63637
63654
63671
63688
63705
63722
63739
63756
63773
63790
63807
63824
63841
63858
63875
63892
63909
63926
63943
63960
63977
63994
64011
64028
64045
64062
64079
64096
64113
64130
64147
64164
64181
64198
64215
64232
64249
64266
64283
64300
64317
64334
64351
64368
64385
64402
64419
64436
64453
64470
64487
64504
64521
64538
64555
64572
64589
64606
64623
64640
64657
64674
64691
64708
64725
64742
64759
64776
64793
64810
64827
64844
64861
64878
64895
64912
64929
64946
64963
64980
64997
65014
65031
65048
65065
65082
65099
65116
65133
65150
65166
65182
65198
65214
65230
65246
65262
65278
65294
65310
65326
65342
65358
65374
65390
65406
65422
65438
65454
65470
65486
65502
65518
65534
65550
65566
65582
65598
65614
65630
65646
65662
65678
65694
65710
65726
65742
65758
65774
65790
65806
65822
65838
65854
65870
65886
65902
65918
65934
65950
65966
65982
65998
66014
66030
66046
66062
66078
66094
66110
66126
66142
66159
66176
66193
66210
66227
66244
66261
66278
66295
66312
66329
66346
66363
66380
66397
66414
66431
66448
66465
66482
66499
66516
66533
66550
66567
66584
66601
66618
66635
66652
66669
66686
66703
66720
66737
66754
66771
66788
66805
66822
66839
66856
66873
66890
66907
66924
66941
66958
66975
66992
67009
67026
67043
67060
67077
67094
67111
67128
67145
67162
67179
67196
67213
67230
67247
67264
67281
67298
67315
67332
67349
67366
67383
67400
67417
67434
67451
67468
67485
67502
67519
67536
67553
67570
67587
67604
67621
67638
67655
67672
67689
67706
67723
67740
67757
67774
67791
67808
67825
67842
67859
67876
67893
67910
67927
67944
67961
67978
67995
68012
68029
68046
68063
68080
68097
68114
68131
68148
68165
68182
68199
68216
68233
68250
68267
68284
68301
68318
68335
68352
68369
68386
68403
68420
68437
68454
68471
68488
68505
68522
68539
68556
68573
68590
68607
68624
68641
68658
68675
68692
68709
68726
68743
68760
68777
68794
68811
68828
68845
68862
68879
68896
68913
68930
68947
68964
68981
68998
69015
69032
69049
69066
69083
69100
69116
69132
69148
69164
69180
69196
69212
69228
69244
69260
69276
69292
69308
69324
69340
69356
69372
69388
69404
69420
69436
69452
69468
69484
69500
69516
69532
69548
69564
69580
69596
69612
69628
69644
69660
69676
69692
69708
69724
69740
69756
69772
69788
69804
69820
69836
69852
69868
69884
69900
69916
69932
69948
69964
69980
69996
70012
70028
70044
70060
70076
70092
70109
70126
70143
70160
70177
70194
70211
70228
70245
70262
70279
70296
70313
70330
70347
70364
70381
70398
70415
70432
70449
70466
70483
70500
70517
70534
70551
70568
70585
70602
70619
70636
70653
70670
70687
70704
70721
70738
70755
70772
70789
70806
70823
70840
70857
70874
70891
70908
70925
70942
70959
70976
70993
71010
71027
71044
71061
71078
71094
71110
71126
71142
71158
71174
71190
71206
71222
71238
71254
71270
71286
71302
71318
71334
71350
71366
71382
71398
71414
71430
71446
71462
71478
71494
71510
71526
71542
71558
71574
71590
71606
71622
71638
71654
71670
71686
71702
71718
71734
71750
71766
71782
71798
71814
71830
71846
71862
71878
71894
71910
71926
71942
71958
71974
71990
72006
72022
72038
72054
72070
72086
72102
72118
72134
72150
72166
72182
72198
72214
72230
72246
72262
72278
72294
72310
72326
72342
72358
72374
72390
72406
72422
72438
72454
72470
72486
72502
72518
72534
72550
72566
72582
72598
72614
72630
72646
72662
72678
72694
72710
72726
72742
72758
72774
72790
72806
72822
72838
72854
72870
72886
72902
72918
72934
72950
72966
72982
72998
73014
73030
73046
73062
73078
73094
73110
73126
73142
73158
73174
73190
73206
73222
73238
73254
73270
73286
73302
73318
73334
73350
73366
73382
73398
73414
73430
73446
73462
73478
73494
73510
73526
73542
73558
73574
73590
73606
73622
73638
73654
73670
73686
73702
73718
73734
73750
73766
73782
73798
73814
73830
73846
73862
73878
73894
73910
73926
73942
73958
73974
73990
74006
74022
74038
74054
74070
74086
74102
74118
74134
74150
74166
74182
74198
74214
74230
74246
74262
74278
74294
74310
74326
74342
74358
74374
74390
74406
74422
74438
74454
74470
74486
74502
74518
74534
74550
74566
74582
74598
74614
74630
74646
74662
74678
74694
74710
74726
74742
74758
74774
74790
74806
74822
74838
74854
74870
74886
74902
74918
74934
74950
74966
74982
74998
75014
75030
75046
75063
75080
75097
75114
75131
75148
75165
75182
75199
75216
75233
75250
75267
75284
75301
75318
75335
75352
75369
75386
75403
75420
75437
75454
75471
75488
75505
75522
75539
75556
75573
75590
75607
75624
75641
75658
75675
75692
75709
75726
75743
75760
75777
75794
75811
75828
75845
75862
75879
75896
75913
75930
75947
75964
75981
75998
76015
76032
76049
76066
76083
76100
76117
76134
76151
76168
76185
76202
76219
76236
76253
76270
76287
76304
76321
76338
76355
76372
76389
76406
76423
76440
76457
76474
76491
76508
76525
76542
76559
76576
76593
76610
76627
76644
76661
76678
76695
76712
76729
76746
76763
76780
76797
76814
76831
76848
76865
76882
76899
76916
76933
76950
76967
76984
77001
77018
77035
77052
77069
77086
77103
77120
77137
77154
77171
77188
77205
77222
77239
77256
77273
77290
77307
77324
77341
77358
77375
77392
77409
77426
77443
77460
77477
77494
77511
77528
77545
77562
77579
77596
77613
77630
77647
77664
77681
77698
77715
77732
77749
77766
77783
77800
77817
77834
77851
77868
77885
77902
77919
77936
77953
77970
77987
78004
78021
78038
78055
78072
78089
78106
78123
78140
78157
78174
78191
78208
78225
78242
78259
78276
78293
78310
78327
78344
78361
78378
78395
78412
78429
78446
78463
78480
78497
78514
78531
78548
78565
78582
78599
78616
78633
78650
78667
78684
78701
78718
78735
78752
78769
78786
78803
78820
78837
78854
78871
78888
78905
78922
78939
78956
78973
78990
79007
79024
79041
79058
79075
79092
79109
79126
79143
79160
79177
79194
79211
79228
79245
79262
79279
79296
79313
79330
79347
79364
79381
79398
79415
79432
79449
79466
79483
79500
79517
79534
79551
79568
79585
79602
79619
79636
79653
79670
79687
79704
79721
79738
79755
79772
79789
79806
79823
79840
79857
79874
79891
79908
79925
79942
79959
79976
79992
80008
80024
80040
80056
80072
80088
80104
80120
80136
80152
80168
80184
80200
80216
80232
80248
80264
80280
80296
80312
80328
80344
80360
80376
80392
80408
80424
80440
80456
80472
80488
80504
80520
80536
80552
80568
80584
80600
80616
80632
80648
80664
80680
80696
80712
80728
80744
80760
80776
80792
80808
80824
80840
80856
80872
80888
80904
80920
80936
80952
80968
80984
81000
81016
81032
81048
81064
81080
81096
81112
81128
81144
81160
81176
81192
81208
81224
81240
81256
81272
81288
81304
81320
81336
81352
81368
81384
81400
81416
81432
81448
81464
81480
81496
81512
81528
81544
81560
81576
81592
81608
81624
81640
81656
81672
81688
81704
81720
81736
81752
81768
81784
81800
81816
81832
81848
81864
81880
81896
81912
81928
81944
81960
81977
81994
82011
82028
82045
82062
82079
82096
82113
82130
82147
82164
82181
82198
82215
82232
82249
82266
82283
82300
82317
82334
82351
82368
82385
82402
82419
82436
82453
82470
82487
82504
82521
82538
82555
82572
82589
82606
82623
82640
82657
82674
82691
82708
82725
82742
82759
82776
82793
82810
82827
82844
82861
82878
82895
82912
82929
82946
82962
82978
82994
83010
83026
83042
83058
83074
83090
83106
83122
83138
83154
83170
83186
83202
83218
83234
83250
83266
83282
83298
83314
83330
83346
83362
83378
83394
83410
83426
83442
83458
83474
83490
83506
83522
83538
83554
83570
83586
83602
83618
83634
83650
83666
83682
83698
83714
83730
83746
83762
83778
83794
83810
83826
83842
83858
83874
83890
83906
83922
83938
83954
83970
83986
84002
84018
84034
84050
84066
84082
84098
84114
84130
84146
84162
84178
84194
84210
84226
84242
84258
84274
84290
84306
84322
84338
84354
84370
84386
84402
84418
84434
84450
84466
84482
84498
84514
84530
84546
84562
84578
84594
84610
84626
84642
84658
84674
84690
84706
84722
84738
84754
84770
84786
84802
84818
84834
84850
84866
84882
84898
84914
84930
84946
84962
84978
84994
85010
85026
85042
85058
85074
85090
85106
85122
85138
85154
85170
85186
85202
85218
85234
85250
85266
85282
85298
85314
85330
85346
85362
85378
85394
85410
85426
85442
85458
85474
85490
85506
85522
85538
85554
85570
85586
85602
85618
85634
85650
85666
85682
85698
85714
85730
85746
85762
85778
85794
85810
85826
85842
85858
85874
85890
85906
85922
85939
85956
85973
85990
86007
86024
86041
86058
86075
86092
86109
86126
86143
86160
86177
86194
86211
86228
86245
86262
86279
86296
86313
86330
86347
86364
86381
86398
86415
86432
86449
86466
86483
86500
86517
86534
86551
86568
86585
86602
86619
86636
86653
86670
86687
86704
86721
86738
86755
86772
86789
86806
86823
86840
86857
86874
86891
86908
86925
86942
86959
86976
86993
87010
87027
87044
87061
87078
87095
87112
87129
87146
87163
87180
87197
87214
87231
87248
87265
87282
87299
87316
87333
87350
87367
87384
87401
87418
87435
87452
87469
87486
87503
87520
87537
87554
87571
87588
87605
87622
87639
87656
87673
87690
87707
87724
87741
87758
87775
87792
87809
87826
87843
87860
87877
87894
87910
87926
87942
87958
87974
87990
88006
88022
88038
88054
88070
88086
88102
88118
88134
88150
88166
88182
88198
88214
88230
88246
88262
88278
88294
88310
88326
88342
88358
88374
88390
88406
88422
88438
88454
88470
88486
88502
88518
88534
88550
88566
88582
88598
88614
88630
88646
88662
88678
88694
88710
88726
88742
88758
88774
88790
88806
88822
88838
88854
88870
88886
88903
88920
88937
88954
88971
88988
89005
89022
89039
89056
89073
89090
89107
89124
89141
89158
89175
89192
89209
89226
89243
89260
89277
89294
89311
89328
89345
89362
89379
89396
89413
89430
89447
89464
89481
89498
89515
89532
89549
89566
89583
89600
89617
89634
89651
89668
89685
89702
89719
89736
89753
89770
89787
89804
89821
89838
89855
89872
89889
89906
89923
89940
89957
89974
89991
90008
90025
90042
90059
90076
90093
90110
90127
90144
90161
90178
90195
90212
90229
90246
90263
90280
90297
90314
90331
90348
90365
90382
90399
90416
90433
90450
90467
90484
90501
90518
90535
90552
90569
90586
90603
90620
90637
90654
90671
90688
90705
90722
90739
90756
90773
90790
90807
90824
90841
90858
90874
90890
90906
90922
90938
90954
90970
90986
91002
91018
91034
91050
91066
91082
91098
91114
91130
91146
91162
91178
91194
91210
91226
91242
91258
91274
91290
91306
91322
91338
91354
91370
91386
91402
91418
91434
91450
91466
91482
91498
91514
91530
91546
91562
91578
91594
91610
91626
91642
91658
91674
91690
91706
91722
91738
91754
91770
91786
91802
91818
91834
91850
91866
91882
91898
91914
91930
91946
91962
91978
91994
92010
92026
92042
92058
92074
92090
92106
92122
92138
92154
92170
92186
92202
92218
92234
92250
92266
92282
92298
92314
92330
92346
92362
92378
92394
92410
92426
92442
92458
92474
92490
92506
92522
92538
92554
92570
92586
92602
92618
92634
92650
92666
92682
92698
92714
92730
92746
92762
92778
92794
92810
92826
92842
92858
92874
92890
92906
92922
92938
92954
92970
92986
93002
93018
93034
93050
93066
93082
93098
93114
93130
93146
93162
93178
93194
93210
93226
93242
93258
93274
93290
93306
93322
93338
93354
93370
93386
93402
93418
93434
93450
93466
93482
93498
93514
93530
93546
93562
93578
93594
93610
93626
93642
93658
93674
93690
93706
93722
93738
93754
93770
93786
93802
93818
93834
93851
93868
93885
93902
93919
93936
93953
93970
93987
94004
94021
94038
94055
94072
94089
94106
94123
94140
94157
94174
94191
94208
94225
94242
94259
94276
94293
94310
94327
94344
94361
94378
94395
94412
94429
94446
94463
94480
94497
94514
94531
94548
94565
94582
94599
94616
94633
94650
94667
94684
94701
94718
94735
94752
94769
94786
94803
94820
94836
94852
94868
94884
94900
94916
94932
94948
94964
94980
94996
95012
95028
95044
95060
95076
95092
95108
95124
95140
95156
95172
95188
95204
95220
95236
95252
95268
95284
95300
95316
95332
95348
95364
95380
95396
95412
95428
95444
95460
95476
95492
95508
95524
95540
95556
95572
95588
95604
95620
95636
95652
95668
95684
95700
95716
95732
95748
95764
95780
95796
95812
95829
95846
95863
95880
95897
95914
95931
95948
95965
95982
95999
96016
96033
96050
96067
96084
96101
96118
96135
96152
96169
96186
96203
96220
96237
96254
96271
96288
96305
96322
96339
96356
96373
96390
96407
96424
96441
96458
96475
96492
96509
96526
96543
96560
96577
96594
96611
96628
96645
96662
96679
96696
96713
96730
96747
96764
96781
96798
96815
96832
96849
96866
96883
96900
96917
96934
96951
96968
96985
97002
97019
97036
97053
97070
97087
97104
97121
97138
97155
97172
97189
97206
97223
97240
97257
97274
97291
97308
97325
97342
97359
97376
97393
97410
97427
97444
97461
97478
97495
97512
97529
97546
97563
97580
97597
97614
97631
97648
97665
97682
97699
97716
97733
97750
97767
97784
97801
97818
97835
97852
97869
97886
97903
97920
97937
97954
97971
97988
98005
98022
98039
98056
98073
98090
98107
98124
98141
98158
98175
98192
98209
98226
98243
98260
98277
98294
98311
98328
98345
98362
98379
98396
98413
98430
98447
98464
98481
98498
98515
98532
98549
98566
98583
98600
98617
98634
98651
98668
98685
98702
98719
98736
98753
98770
98787
98804
98821
98838
98855
98872
98889
98906
98923
98940
98957
98974
98991
99008
99025
99042
99059
99076
99093
99110
99127
99144
99161
99178
99195
99212
99229
99246
99263
99280
99297
99314
99331
99348
99365
99382
99399
99416
99433
99450
99467
99484
99501
99518
99535
99552
99569
99586
99603
99620
99637
99654
99671
99688
99705
99722
99739
99756
99773
99790
99807
99824
99841
99858
99875
99892
99909
99926
99943
99960
99977
99994
100011
100028
100045
100062
100079
100096
100113
100130
100147
100164
100181
100198
100215
100232
100249
100266
100283
100300
100317
100334
100351
100368
100385
100402
100419
100436
100453
100470
100487
100504
100521
100538
100555
100572
100589
100606
100623
100640
100657
100674
100691
100708
100725
100742
100759
100776
100793
100810
100827
100844
100861
100878
100895
100912
100929
100946
100963
100980
100997
101014
101031
101048
101065
101082
101099
101116
101133
101150
101167
101184
101201
101218
101235
101252
101269
101286
101303
101320
101337
101354
101371
101388
101405
101422
101439
101456
101473
101490
101507
101524
101541
101558
101575
101592
101609
101626
101643
101660
101677
101694
101711
101728
101744
101760
101776
101792
101808
101824
101840
101856
101872
101888
101904
101920
101936
101952
101968
101984
102000
102016
102032
102048
102064
102080
102096
102112
102128
102144
102160
102176
102192
102208
102224
102240
102256
102272
102288
102304
102320
102336
102352
102368
102384
102400
102416
102432
102448
102464
102480
102496
102512
102528
102544
102560
102576
102592
102608
102624
102640
102656
102672
102688
102704
102720
102737
102754
102771
102788
102805
102822
102839
102856
102873
102890
102907
102924
102941
102958
102975
102992
103009
103026
103043
103060
103077
103094
103111
103128
103145
103162
103179
103196
103213
103230
103247
103264
103281
103298
103315
103332
103349
103366
103383
103400
103417
103434
103451
103468
103485
103502
103519
103536
103553
103570
103587
103604
103621
103638
103655
103672
103689
103706
103722
103738
103754
103770
103786
103802
103818
103834
103850
103866
103882
103898
103914
103930
103946
103962
103978
103994
104010
104026
104042
104058
104074
104090
104106
104122
104138
104154
104170
104186
104202
104218
104234
104250
104266
104282
104298
104314
104330
104346
104362
104378
104394
104410
104426
104442
104458
104474
104490
104506
104522
104538
104554
104570
104586
104602
104618
104634
104650
104666
104682
104698
104714
104730
104746
104762
104778
104794
104810
104826
104842
104858
104874
104890
104906
104922
104938
104954
104970
104986
105002
105018
105034
105050
105066
105082
105098
105114
105130
105146
105162
105178
105194
105210
105226
105242
105258
105274
105290
105306
105322
105338
105354
105370
105386
105402
105418
105434
105450
105466
105482
105498
105514
105530
105546
105562
105578
105594
105610
105626
105642
105658
105674
105690
105707
105724
105741
105758
105775
105792
105809
105826
105843
105860
105877
105894
105911
105928
105945
105962
105979
105996
106013
106030
106047
106064
106081
106098
106115
106132
106149
106166
106183
106200
106217
106234
106251
106268
106285
106302
106319
106336
106353
106370
106387
106404
106421
106438
106455
106472
106489
106506
106523
106540
106557
106574
106591
106608
106625
106642
106659
106676
106693
106710
106727
106744
106761
106778
106795
106812
106829
106846
106863
106880
106897
106914
106931
106948
106965
106982
106999
107016
107033
107050
107067
107084
107101
107118
107135
107152
107169
107186
107203
107220
107237
107254
107271
107288
107305
107322
107339
107356
107373
107390
107407
107424
107441
107458
107475
107492
107509
107526
107543
107560
107577
107594
107611
107628
107645
107662
107679
107696
107713
107730
107747
107764
107781
107798
107815
107832
107849
107866
107883
107900
107917
107934
107951
107968
107985
108002
108019
108036
108053
108070
108087
108104
108121
108138
108155
108172
108189
108206
108223
108240
108257
108274
108291
108308
108325
108342
108359
108376
108393
108410
108427
108444
108461
108478
108495
108512
108529
108546
108563
108580
108597
108614
108631
108648
108665
108682
108699
108716
108733
108750
108767
108784
108801
108818
108835
108852
108869
108886
108903
108920
108937
108954
108971
108988
109005
109022
109039
109056
109073
109090
109107
109124
109141
109158
109175
109192
109209
109226
109243
109260
109277
109294
109311
109328
109345
109362
109379
109396
109413
109430
109447
109464
109481
109498
109515
109532
109549
109566
109583
109600
109617
109634
109651
109668
109685
109702
109719
109736
109753
109770
109787
109804
109821
109838
109855
109872
109889
109906
109923
109940
109957
109974
109991
110008
110025
110042
110059
110076
110093
110110
110127
110144
110161
110178
110195
110212
110229
110246
110263
110280
110297
110314
110331
110348
110365
110382
110399
110416
110433
110450
110467
110484
110501
110518
110535
110552
110569
110586
110603
110620
110636
110652
110668
110684
110700
110716
110732
110748
110764
110780
110796
110812
110828
110844
110860
110876
110892
110908
110924
110940
110956
110972
110988
111004
111020
111036
111052
111068
111084
111100
111116
111132
111148
111164
111180
111196
111212
111228
111244
111260
111276
111292
111308
111324
111340
111356
111372
111388
111404
111420
111436
111452
111468
111484
111500
111516
111532
111548
111564
111580
111596
111612
111629
111646
111663
111680
111697
111714
111731
111748
111765
111782
111799
111816
111833
111850
111867
111884
111901
111918
111935
111952
111969
111986
112003
112020
112037
112054
112071
112088
112105
112122
112139
112156
112173
112190
112207
112224
112241
112258
112275
112292
112309
112326
112343
112360
112377
112394
112411
112428
112445
112462
112479
112496
112513
112530
112547
112564
112581
112598
112615
112632
112649
112666
112683
112700
112717
112734
112751
112768
112785
112802
112819
112836
112853
112870
112887
112904
112921
112938
112955
112972
112989
113006
113023
113040
113057
113074
113091
113108
113125
113142
113159
113176
113193
113210
113227
113244
113261
113278
113295
113312
113329
113346
113363
113380
113397
113414
113431
113448
113465
113482
113499
113516
113533
113550
113567
113584
113601
113618
113635
113652
113669
113686
113703
113720
113737
113754
113771
113788
113805
113822
113839
113856
113873
113890
113907
113924
113941
113958
113975
113992
114009
114026
114043
114060
114077
114094
114111
114128
114145
114162
114179
114196
114213
114230
114247
114264
114281
114298
114315
114332
114349
114366
114383
114400
114417
114434
114451
114468
114485
114502
114519
114536
114553
114570
114587
114604
114621
114638
114655
114672
114689
114706
114723
114740
114757
114774
114791
114808
114825
114842
114859
114876
114893
114910
114927
114944
114961
114978
114995
115012
115029
115046
115063
115080
115097
115114
115131
115148
115165
115182
115199
115216
115233
115250
115267
115284
115301
115318
115335
115352
115369
115386
115403
115420
115437
115454
115471
115488
115505
115522
115539
115556
115573
115590
115607
115624
115641
115658
115675
115692
115709
115726
115743
115760
115777
115794
115811
115828
115845
115862
115879
115896
115913
115930
115947
115964
115981
115998
116015
116032
116049
116066
116083
116100
116117
116134
116151
116168
116185
116202
116219
116236
116253
116270
116287
116304
116321
116338
116355
116372
116389
116406
116423
116440
116457
116474
116491
116508
116525
116542
116559
116576
116593
116610
116627
116644
116661
116678
116695
116712
116729
116746
116763
116780
116797
116814
116831
116848
116865
116882
116899
116916
116933
116950
116967
116984
117001
117018
117035
117052
117069
117086
117103
117120
117137
117154
117171
117188
117205
117222
117239
117256
117273
117290
117307
117324
117341
117358
117375
117392
117409
117426
117443
117460
117477
117494
117511
117528
117544
117560
117576
117592
117608
117624
117640
117656
117672
117688
117704
117720
117736
117752
117768
117784
117800
117816
117832
117848
117864
117880
117896
117912
117928
117944
117960
117976
117992
118008
118024
118040
118056
118072
118088
118104
118120
118136
118152
118168
118184
118200
118216
118232
118248
118264
118280
118296
118312
118328
118344
118360
118376
118392
118408
118424
118440
118456
118472
118488
118504
118520
118537
118554
118571
118588
118605
118622
118639
118656
118673
118690
118707
118724
118741
118758
118775
118792
118809
118826
118843
118860
118877
118894
118911
118928
118945
118962
118979
118996
119013
119030
119047
119064
119081
119098
119115
119132
119149
119166
119183
119200
119217
119234
119251
119268
119285
119302
119319
119336
119353
119370
119387
119404
119421
119438
119455
119472
119489
119506
119522
119538
119554
119570
119586
119602
119618
119634
119650
119666
119682
119698
119714
119730
119746
119762
119778
119794
119810
119826
119842
119858
119874
119890
119906
119922
119938
119954
119970
119986
120002
120018
120034
120050
120066
120082
120098
120114
120130
120146
120162
120178
120194
120210
120226
120242
120258
120274
120290
120306
120322
120338
120354
120370
120386
120402
120418
120434
120450
120466
120482
120498
120514
120530
120546
120562
120578
120594
120610
120626
120642
120658
120674
120690
120706
120722
120738
120754
120770
120786
120802
120818
120834
120850
120866
120882
120898
120914
120930
120946
120962
120978
120994
121010
121026
121042
121058
121074
121090
121106
121122
121138
121154
121170
121186
121202
121218
121234
121250
121266
121282
121298
121314
121330
121346
121362
121378
121394
121410
121426
121442
121458
121474
121490
121506
121522
121538
121554
121570
121586
121602
121618
121634
121650
121666
121682
121698
121714
121730
121746
121762
121778
121794
121810
121826
121842
121858
121874
121890
121906
121922
121938
121954
121970
121986
122002
122018
122034
122050
122066
122082
122098
122114
122130
122146
122162
122178
122194
122210
122226
122242
122258
122274
122290
122306
122322
122338
122354
122370
122386
122402
122418
122434
122450
122466
122482
122498
122514
122530
122546
122562
122578
122594
122610
122626
122642
122658
122674
122690
122706
122722
122738
122754
122770
122786
122802
122818
122834
122850
122866
122882
122898
122914
122930
122946
122962
122978
122994
123010
123026
123042
123058
123074
123090
123106
123122
123138
123154
123170
123186
123202
123218
123234
123250
123266
123282
123298
123314
123330
123346
123362
123378
123394
123410
123426
123442
123458
123474
123491
123508
123525
123542
123559
123576
123593
123610
123627
123644
123661
123678
123695
123712
123729
123746
123763
123780
123797
123814
123831
123848
123865
123882
123899
123916
123933
123950
123967
123984
124001
124018
124035
124052
124069
124086
124103
124120
124137
124154
124171
124188
124205
124222
124239
124256
124273
124290
124307
124324
124341
124358
124375
124392
124409
124426
124443
124460
124476
124492
124508
124524
124540
124556
124572
124588
124604
124620
124636
124652
124668
124684
124700
124716
124732
124748
124764
124780
124796
124812
124828
124844
124860
124876
124892
124908
124924
124940
124956
124972
124988
125004
125020
125036
125052
125068
125084
125100
125116
125132
125148
125164
125180
125196
125212
125228
125244
125260
125276
125292
125308
125324
125340
125356
125372
125388
125404
125420
125436
125452
125469
125486
125503
125520
125537
125554
125571
125588
125605
125622
125639
125656
125673
125690
125707
125724
125741
125758
125775
125792
125809
125826
125843
125860
125877
125894
125911
125928
125945
125962
125979
125996
126013
126030
126047
126064
126081
126098
126115
126132
126149
126166
126183
126200
126217
126234
126251
126268
126285
126302
126319
126336
126353
126370
126387
126404
126421
126438
126454
126470
126486
126502
126518
126534
126550
126566
126582
126598
126614
126630
126646
126662
126678
126694
126710
126726
126742
126758
126774
126790
126806
126822
126838
126854
126870
126886
126902
126918
126934
126950
126966
126982
126998
127014
127030
127046
127062
127078
127094
127110
127126
127142
127158
127174
127190
127206
127222
127238
127254
127270
127286
127302
127318
127334
127350
127366
127382
127398
127414
127430
127447
127464
127481
127498
127515
127532
127549
127566
127583
127600
127617
127634
127651
127668
127685
127702
127719
127736
127753
127770
127787
127804
127821
127838
127855
127872
127889
127906
127923
127940
127957
127974
127991
128008
128025
128042
128059
128076
128093
128110
128127
128144
128161
128178
128195
128212
128229
128246
128263
128280
128297
128314
128331
128348
128365
128382
128399
128416
128433
128450
128467
128484
128501
128518
128535
128552
128569
128586
128603
128620
128637
128654
128671
128688
128705
128722
128739
128756
128773
128790
128807
128824
128841
128858
128875
128892
128909
128926
128943
128960
128977
128994
129011
129028
129045
129062
129079
129096
129113
129130
129147
129164
129181
129198
129215
129232
129249
129266
129283
129300
129317
129334
129351
129368
129385
129402
129419
129436
129453
129470
129487
129504
129521
129538
129555
129572
129589
129606
129623
129640
129657
129674
129691
129708
129725
129742
129759
129776
129793
129810
129827
129844
129861
129878
129895
129912
129929
129946
129963
129980
129997
130014
130031
130048
130065
130082
130099
130116
130133
130150
130167
130184
130201
130218
130235
130252
130269
130286
130303
130320
130337
130354
130371
130388
130404
130420
130436
130452
130468
130484
130500
130516
130532
130548
130564
130580
130596
130612
130628
130644
130660
130676
130692
130708
130724
130740
130756
130772
130788
130804
130820
130836
130852
130868
130884
130900
130916
130932
130948
130964
130980
130996
131012
131028
131044
131060
131076
131092
131108
131124
131140
131156
131172
131188
131204
131220
131236
131252
131268
131284
131300
131316
131332
131348
131364
131380
131397
131414
131431
131448
131465
131482
131499
131516
131533
131550
131567
131584
131601
131618
131635
131652
131669
131686
131703
131720
131737
131754
131771
131788
131805
131822
131839
131856
131873
131890
131907
131924
131941
131958
131975
131992
132009
132026
132043
132060
132077
132094
132111
132128
132145
132162
132179
132196
132213
132230
132247
132264
132281
132298
132315
132332
132349
132366
132383
132400
132417
132434
132451
132468
132485
132502
132519
132536
132553
132570
132587
132604
132621
132638
132655
132672
132689
132706
132723
132740
132757
132774
132791
132808
132825
132842
132859
132876
132893
132910
132927
132944
132961
132978
132995
133012
133029
133046
133063
133080
133097
133114
133131
133148
133165
133182
133199
133216
133233
133250
133267
133284
133301
133318
133335
133352
133369
133386
133403
133420
133437
133454
133471
133488
133505
133522
133539
133556
133573
133590
133607
133624
133641
133658
133675
133692
133709
133726
133743
133760
133777
133794
133811
133828
133845
133862
133879
133896
133913
133930
133947
133964
133981
133998
134015
134032
134049
134066
134083
134100
134117
134134
134151
134168
134185
134202
134219
134236
134253
134270
134287
134304
134321
134338
134354
134370
134386
134402
134418
134434
134450
134466
134482
134498
134514
134530
134546
134562
134578
134594
134610
134626
134642
134658
134674
134690
134706
134722
134738
134754
134770
134786
134802
134818
134834
134850
134866
134882
134898
134914
134930
134946
134962
134978
134994
135010
135026
135042
135058
135074
135090
135106
135122
135138
135154
135170
135186
135202
135218
135234
135250
135266
135282
135298
135314
135330
135347
135364
135381
135398
135415
135432
135449
135466
135483
135500
135517
135534
135551
135568
135585
135602
135619
135636
135653
135670
135687
135704
135721
135738
135755
135772
135789
135806
135823
135840
135857
135874
135891
135908
135925
135942
135959
135976
135993
136010
136027
136044
136061
136078
136095
136112
136129
136146
136163
136180
136197
136214
136231
136248
136265
136282
136299
136316
136333
136350
136367
136384
136401
136418
136435
136452
136469
136486
136503
136520
136537
136554
136571
136588
136605
136622
136639
136656
136673
136690
136707
136724
136741
136758
136775
136792
136809
136826
136843
136860
136877
136894
136911
136928
136945
136962
136979
136996
137013
137030
137047
137064
137081
137098
137115
137132
137149
137166
137183
137200
137217
137234
137251
137268
137285
137302
137318
137334
137350
137366
137382
137398
137414
137430
137446
137462
137478
137494
137510
137526
137542
137558
137574
137590
137606
137622
137638
137654
137670
137686
137702
137718
137734
137750
137766
137782
137798
137814
137830
137846
137862
137878
137894
137910
137926
137942
137958
137974
137990
138006
138022
138038
138054
138070
138086
138102
138118
138134
138150
138166
138182
138198
138214
138230
138246
138262
138278
138294
138310
138326
138342
138358
138374
138390
138406
138422
138438
138454
138470
138486
138502
138518
138534
138550
138566
138582
138598
138614
138630
138646
138662
138678
138694
138710
138726
138742
138758
138774
138790
138806
138822
138838
138854
138870
138886
138902
138918
138934
138950
138966
138982
138998
139014
139030
139046
139062
139078
139094
139110
139126
139142
139158
139174
139190
139206
139222
139238
139254
139270
139286
139303
139320
139337
139354
139371
139388
139405
139422
139439
139456
139473
139490
139507
139524
139541
139558
139575
139592
139609
139626
139643
139660
139677
139694
139711
139728
139745
139762
139779
139796
139813
139830
139847
139864
139881
139898
139915
139932
139949
139966
139983
140000
140017
140034
140051
140068
140085
140102
140119
140136
140153
140170
140187
140204
140221
140238
140255
140272
140290
140308
140326
140344
140362
140380
140398
140416
140434
140452
140470
140488
140506
140524
140542
140560
140578
140596
140614
140632
140650
140668
140686
140704
140722
140740
140758
140776
140794
140812
140830
140848
140866
140884
140902
140920
140938
140956
140974
140992
141010
141028
141046
141064
141082
141100
141118
141136
141154
141172
141190
141208
141226
141244
141262
141278
141294
141310
141326
141342
141358
141374
141390
141406
141422
141438
141454
141470
141486
141502
141518
141534
141550
141566
141582
141598
141614
141630
141646
141662
141678
141694
141710
141726
141742
141758
141774
141790
141806
141822
141838
141854
141870
141886
141902
141918
141934
141950
141966
141982
141998
142014
142030
142046
142062
142078
142094
142110
142126
142142
142158
142174
142190
142206
142222
142238
142254
142271
142288
142305
142322
142339
142356
142373
142390
142407
142424
142441
142458
142475
142492
142509
142526
142543
142560
142577
142594
142611
142628
142645
142662
142679
142696
142713
142730
142747
142764
142781
142798
142815
142832
142849
142866
142883
142900
142917
142934
142951
142968
142985
143002
143019
143036
143053
143070
143087
143104
143121
143138
143155
143172
143189
143206
143223
143240
143257
143274
143291
143308
143325
143342
143359
143376
143393
143410
143427
143444
143461
143478
143495
143512
143529
143546
143563
143580
143597
143614
143631
143648
143665
143682
143699
143716
143733
143750
143767
143784
143801
143818
143835
143852
143869
143886
143903
143920
143937
143954
143971
143988
144005
144022
144039
144056
144073
144090
144107
144124
144141
144158
144175
144192
144209
144226
144243
144260
144277
144294
144311
144328
144345
144362
144379
144396
144413
144430
144447
144464
144481
144498
144515
144532
144549
144566
144583
144600
144617
144634
144651
144668
144685
144702
144719
144736
144753
144770
144787
144804
144821
144838
144855
144872
144889
144906
144923
144940
144957
144974
144991
145008
145025
145042
145059
145076
145093
145110
145127
145144
145161
145178
145195
145212
145228
145244
145260
145276
145292
145308
145324
145340
145356
145372
145388
145404
145420
145436
145452
145468
145484
145500
145516
145532
145548
145564
145580
145596
145612
145628
145644
145660
145676
145692
145708
145724
145740
145756
145772
145788
145804
145820
145836
145852
145868
145884
145900
145916
145932
145948
145964
145980
145996
146012
146028
146044
146060
146076
146092
146108
146124
146140
146156
146172
146188
146204
146220
146236
146252
146268
146284
146300
146316
146332
146348
146364
146380
146396
146412
146428
146444
146460
146476
146492
146508
146524
146540
146556
146572
146588
146604
146620
146636
146652
146668
146684
146700
146716
146732
146748
146764
146780
146796
146812
146828
146844
146860
146876
146892
146908
146924
146940
146956
146972
146988
147004
147020
147036
147052
147068
147084
147100
147116
147132
147148
147164
147180
147196
147213
147230
147247
147264
147281
147298
147315
147332
147349
147366
147383
147400
147417
147434
147451
147468
147485
147502
147519
147536
147553
147570
147587
147604
147621
147638
147655
147672
147689
147706
147723
147740
147757
147774
147791
147808
147825
147842
147859
147876
147893
147910
147927
147944
147961
147978
147995
148012
148029
148046
148063
148080
148097
148114
148131
148148
148165
148182
148199
148216
148233
148250
148267
148284
148301
148318
148335
148352
148369
148386
148403
148420
148437
148454
148471
148488
148505
148522
148539
148556
148573
148590
148607
148624
148641
148658
148675
148692
148709
148726
148743
148760
148777
148794
148811
148828
148845
148862
148879
148896
148913
148930
148947
148964
148981
148998
149015
149032
149049
149066
149083
149100
149117
149134
149151
149168
149184
149200
149216
149232
149248
149264
149280
149296
149312
149328
149344
149360
149376
149392
149408
149424
149440
149456
149472
149488
149504
149520
149536
149552
149568
149584
149600
149616
149632
149648
149664
149680
149696
149712
149728
149744
149760
149776
149792
149808
149824
149840
149856
149872
149888
149904
149920
149936
149952
149968
149984
150000
150016
150032
150048
150064
150080
150096
150112
150128
150144
150160
150177
150194
150211
150228
150245
150262
150279
150296
150313
150330
150347
150364
150381
150398
150415
150432
150449
150466
150483
150500
150517
150534
150551
150568
150585
150602
150619
150636
150653
150670
150687
150704
150721
150738
150755
150772
150789
150806
150823
150840
150857
150874
150891
150908
150925
150942
150959
150976
150993
151010
151027
151044
151061
151078
151095
151112
151129
151146
151163
151180
151197
151214
151231
151248
151265
151282
151299
151316
151333
151350
151367
151384
151401
151418
151435
151452
151469
151486
151503
151520
151537
151554
151571
151588
151605
151622
151639
151656
151673
151690
151707
151724
151741
151758
151775
151792
151809
151826
151843
151860
151877
151894
151911
151928
151945
151962
151979
151996
152013
152030
152047
152064
152081
152098
152115
152132
152149
152166
152183
152200
152217
152234
152251
152268
152285
152302
152319
152336
152353
152370
152387
152404
152421
152438
152455
152472
152489
152506
152523
152540
152557
152574
152591
152608
152625
152642
152659
152676
152693
152710
152727
152744
152761
152778
152795
152812
152829
152846
152863
152880
152897
152914
152931
152948
152965
152982
152999
153016
153033
153050
153067
153084
153101
153118
153135
153152
153169
153186
153203
153220
153237
153254
153271
153288
153305
153322
153339
153356
153373
153390
153407
153424
153441
153458
153475
153492
153509
153526
153543
153560
153577
153594
153611
153628
153645
153662
153679
153696
153713
153730
153747
153764
153781
153798
153815
153832
153849
153866
153883
153900
153917
153934
153951
153968
153985
154002
154019
154036
154053
154070
154087
154104
154120
154136
154152
154168
154184
154200
154216
154232
154248
154264
154280
154296
154312
154328
154344
154360
154376
154392
154408
154424
154440
154456
154472
154488
154504
154520
154536
154552
154568
154584
154600
154616
154632
154648
154664
154680
154696
154712
154728
154744
154760
154776
154792
154808
154824
154840
154856
154872
154888
154904
154920
154936
154952
154968
154984
155000
155016
155032
155048
155064
155080
155096
155113
155130
155147
155164
155181
155198
155215
155232
155249
155266
155283
155300
155317
155334
155351
155368
155385
155402
155419
155436
155453
155470
155487
155504
155521
155538
155555
155572
155589
155606
155623
155640
155657
155674
155691
155708
155725
155742
155759
155776
155793
155810
155827
155844
155861
155878
155895
155912
155929
155946
155963
155980
155997
156014
156031
156048
156065
156082
156099
156116
156133
156150
156167
156184
156201
156218
156235
156252
156269
156286
156303
156320
156337
156354
156371
156388
156405
156422
156439
156456
156473
156490
156507
156524
156541
156558
156575
156592
156609
156626
156643
156660
156677
156694
156711
156728
156745
156762
156779
156796
156813
156830
156847
156864
156881
156898
156915
156932
156949
156966
156983
157000
157017
157034
157051
157068
157085
157102
157119
157136
157153
157170
157187
157204
157221
157238
157255
157272
157289
157306
157323
157340
157357
157374
157391
157408
157425
157442
157459
157476
157493
157510
157527
157544
157561
157578
157595
157612
157629
157646
157663
157680
157697
157714
157731
157748
157765
157782
157799
157816
157833
157850
157867
157884
157901
157918
157935
157952
157969
157986
158003
158020
158037
158054
158071
158088
158105
158122
158139
158156
158173
158190
158207
158224
158241
158258
158275
158292
158309
158326
158343
158360
158377
158394
158411
158428
158445
158462
158479
158496
158513
158530
158547
158564
158581
158598
158615
158632
158649
158666
158683
158700
158717
158734
158751
158768
158785
158802
158819
158836
158853
158870
158887
158904
158921
158938
158955
158972
158989
159006
159023
159040
159056
159072
159088
159104
159120
159136
159152
159168
159184
159200
159216
159232
159248
159264
159280
159296
159312
159328
159344
159360
159376
159392
159408
159424
159440
159456
159472
159488
159504
159520
159536
159552
159568
159584
159600
159616
159632
159648
159664
159680
159696
159712
159728
159744
159760
159776
159792
159808
159824
159840
159856
159872
159888
159904
159920
159936
159952
159968
159984
160000
160016
160032
160049
160066
160083
160100
160117
160134
160151
160168
160185
160202
160219
160236
160253
160270
160287
160304
160321
160338
160355
160372
160389
160406
160423
160440
160457
160474
160491
160508
160525
160542
160559
160576
160593
160610
160627
160644
160661
160678
160695
160712
160729
160746
160763
160780
160797
160814
160831
160848
160865
160882
160899
160916
160933
160950
160967
160984
161001
161018
161035
161052
161069
161086
161103
161120
161137
161154
161171
161188
161205
161222
161239
161256
161273
161290
161307
161324
161341
161358
161375
161392
161409
161426
161443
161460
161477
161494
161511
161528
161545
161562
161579
161596
161613
161630
161647
161664
161681
161698
161715
161732
161749
161766
161783
161800
161817
161834
161851
161868
161885
161902
161919
161936
161953
161970
161987
162004
162021
162038
162055
162072
162089
162106
162123
162140
162157
162174
162191
162208
162225
162242
162259
162276
162293
162310
162327
162344
162361
162378
162395
162412
162429
162446
162463
162480
162497
162514
162531
162548
162565
162582
162599
162616
162633
162650
162667
162684
162701
162718
162735
162752
162769
162786
162803
162820
162837
162854
162871
162888
162905
162922
162939
162956
162973
162990
163006
163022
163038
163054
163070
163086
163102
163118
163134
163150
163166
163182
163198
163214
163230
163246
163262
163278
163294
163310
163326
163342
163358
163374
163390
163406
163422
163438
163454
163470
163486
163502
163518
163534
163550
163566
163582
163598
163614
163630
163646
163662
163678
163694
163710
163726
163742
163758
163774
163790
163806
163822
163838
163854
163870
163886
163902
163918
163934
163950
163966
163982
163999
164016
164033
164050
164067
164084
164101
164118
164135
164152
164169
164186
164203
164220
164237
164254
164271
164288
164305
164322
164339
164356
164373
164390
164407
164424
164441
164458
164475
164492
164509
164526
164543
164560
164577
164594
164611
164628
164645
164662
164679
164696
164713
164730
164747
164764
164781
164798
164815
164832
164849
164866
164883
164900
164917
164934
164951
164968
164984
165000
165016
165032
165048
165064
165080
165096
165112
165128
165144
165160
165176
165192
165208
165224
165240
165256
165272
165288
165304
165320
165336
165352
165368
165384
165400
165416
165432
165448
165464
165480
165496
165512
165528
165544
165560
165576
165592
165608
165624
165640
165656
165672
165688
165704
165720
165736
165752
165768
165784
165800
165816
165832
165848
165864
165880
165896
165912
165928
165944
165960
165977
165994
166011
166028
166045
166062
166079
166096
166113
166130
166147
166164
166181
166198
166215
166232
166249
166266
166283
166300
166317
166334
166351
166368
166385
166402
166419
166436
166453
166470
166487
166504
166521
166538
166555
166572
166589
166606
166623
166640
166657
166674
166691
166708
166725
166742
166759
166776
166793
166810
166827
166844
166861
166878
166895
166912
166929
166946
166963
166980
166997
167014
167031
167048
167065
167082
167099
167116
167133
167150
167167
167184
167201
167218
167235
167252
167269
167286
167303
167320
167337
167354
167371
167388
167405
167422
167439
167456
167473
167490
167507
167524
167541
167558
167575
167592
167609
167626
167643
167660
167677
167694
167711
167728
167745
167762
167779
167796
167813
167830
167847
167864
167881
167898
167915
167932
167949
167966
167983
168000
168017
168034
168051
168068
168085
168102
168119
168136
168153
168170
168187
168204
168221
168238
168255
168272
168289
168306
168323
168340
168357
168374
168391
168408
168425
168442
168459
168476
168493
168510
168527
168544
168561
168578
168595
168612
168629
168646
168663
168680
168697
168714
168731
168748
168765
168782
168799
168816
168833
168850
168867
168884
168901
168918
168935
168952
168969
168986
169003
169020
169037
169054
169071
169088
169105
169122
169139
169156
169173
169190
169207
169224
169241
169258
169275
169292
169309
169326
169343
169360
169377
169394
169411
169428
169445
169462
169479
169496
169513
169530
169547
169564
169581
169598
169615
169632
169649
169666
169683
169700
169717
169734
169751
169768
169785
169802
169819
169836
169853
169870
169887
169904
169921
169938
169955
169972
169989
170006
170023
170040
170057
170074
170091
170108
170125
170142
170159
170176
170193
170210
170227
170244
170261
170278
170295
170312
170329
170346
170363
170380
170397
170414
170431
170448
170465
170482
170499
170516
170533
170550
170567
170584
170601
170618
170635
170652
170669
170686
170703
170720
170737
170754
170771
170788
170805
170822
170839
170856
170873
170890
170907
170924
170941
170958
170975
170992
171009
171026
171043
171060
171077
171094
171111
171128
171145
171162
171179
171196
171213
171230
171247
171264
171281
171298
171315
171332
171349
171366
171383
171400
171417
171434
171451
171468
171485
171502
171519
171536
171553
171570
171587
171604
171621
171638
171655
171672
171689
171706
171723
171740
171757
171774
171791
171808
171825
171842
171859
171876
171893
171910
171927
171944
171961
171978
171995
172012
172029
172046
172063
172080
172097
172114
172131
172148
172165
172182
172199
172216
172233
172250
172267
172284
172301
172318
172335
172352
172369
172386
172403
172420
172437
172454
172471
172488
172505
172522
172539
172556
172573
172590
172607
172624
172641
172658
172675
172692
172709
172726
172743
172760
172777
172794
172811
172828
172845
172862
172879
172896
172913
172930
172947
172964
172981
172998
173015
173032
173049
173066
173083
173100
173117
173134
173151
173168
173185
173202
173219
173236
173253
173270
173287
173304
173321
173338
173355
173372
173389
173406
173423
173440
173457
173474
173491
173508
173525
173542
173559
173576
173593
173610
173627
173644
173661
173678
173695
173712
173729
173746
173763
173780
173797
173814
173831
173848
173865
173882
173899
173916
173933
173950
173967
173984
174001
174018
174035
174052
174069
174086
174103
174120
174137
174154
174171
174188
174205
174222
174239
174256
174273
174290
174307
174324
174341
174358
174375
174392
174409
174426
174443
174460
174477
174494
174511
174528
174545
174562
174579
174596
174613
174630
174647
174664
174681
174698
174715
174732
174749
174766
174783
174800
174817
174834
174851
174868
174885
174902
174919
174936
174953
174970
174987
175004
175021
175038
175055
175072
175089
175106
175123
175140
175157
175174
175191
175208
175225
175242
175259
175276
175293
175310
175327
175344
175361
175378
175395
175412
175429
175446
175463
175480
175497
175514
175531
175548
175565
175582
175599
175616
175633
175650
175667
175684
175701
175718
175735
175752
175769
175786
175803
175820
175837
175854
175871
175888
175905
175922
175939
175956
175973
175990
176007
176024
176041
176058
176075
176092
176109
176126
176143
176160
176177
176194
176211
176228
176245
176262
176279
176296
176313
176330
176347
176364
176381
176398
176415
176432
176449
176466
176483
176500
176517
176534
176551
176568
176585
176602
176619
176636
176653
176670
176687
176704
176721
176738
176755
176772
176789
176806
176823
176840
176857
176874
176891
176908
176925
176942
176959
176976
176993
177010
177027
177044
177061
177078
177095
177112
177129
177146
177163
177180
177197
177214
177231
177248
177265
177282
177299
177316
177333
177350
177367
177384
177401
177418
177435
177452
177469
177486
177503
177520
177537
177554
177571
177588
177605
177622
177639
177656
177673
177690
177707
177724
177741
177758
177775
177792
177809
177826
177843
177860
177877
177894
177911
177928
177945
177962
177979
177996
178013
178030
178047
178064
178081
178098
178115
178132
178149
178166
178183
178200
178217
178234
178251
178268
178285
178302
178319
178336
178353
178370
178387
178404
178421
178438
178455
178472
178489
178506
178523
178540
178557
178574
178591
178608
178625
178642
178659
178676
178693
178710
178727
178744
178761
178778
178795
178812
178829
178846
178863
178880
178897
178914
178931
178948
178965
178982
178999
179016
179033
179050
179067
179084
179101
179118
179135
179152
179169
179186
179203
179220
179237
179254
179271
179288
179305
179322
179339
179356
179373
179390
179407
179424
179441
179458
179475
179492
179509
179526
179543
179560
179577
179594
179611
179628
179645
179662
179679
179696
179713
179730
179747
179764
179781
179798
179815
179832
179849
179866
179883
179900
179917
179934
179951
179968
179985
180002
180019
180036
180053
180070
180087
180104
180121
180138
180155
180172
180189
180206
180223
180240
180257
180274
180291
180308
180325
180342
180359
180376
180393
180410
180427
180444
180461
180478
180495
180512
180529
180546
180563
180580
180597
180614
180631
180648
180665
180682
180699
180716
180733
180750
180767
180784
180801
180818
180835
180852
180869
180886
180903
180920
180937
180954
180971
180988
181005
181022
181039
181056
181073
181090
181107
181124
181141
181158
181175
181192
181209
181226
181243
181260
181277
181294
181311
181328
181345
181362
181379
181396
181413
181430
181447
181464
181481
181498
181515
181532
181549
181566
181583
181600
181617
181634
181651
181668
181685
181702
181719
181736
181753
181770
181787
181804
181821
181838
181855
181872
181889
181906
181923
181940
181957
181974
181991
182008
182025
182042
182059
182076
182093
182110
182127
182144
182161
182178
182195
182212
182229
182246
182263
182280
182297
182314
182331
182348
182365
182382
182399
182416
182433
182450
182467
182484
182501
182518
182535
182552
182569
182586
182603
182620
182637
182654
182671
182688
182705
182722
182738
182754
182770
182786
182802
182818
182834
182850
182866
182882
182898
182914
182930
182946
182962
182978
182994
183010
183026
183042
183058
183074
183090
183106
183122
183138
183154
183170
183186
183202
183218
183234
183250
183266
183282
183298
183314
183330
183346
183362
183378
183394
183410
183426
183442
183458
183474
183490
183506
183522
183538
183554
183570
183586
183602
183618
183634
183650
183666
183682
183698
183714
183731
183748
183765
183782
183799
183816
183833
183850
183867
183884
183901
183918
183935
183952
183969
183986
184003
184020
184037
184054
184071
184088
184105
184122
184139
184156
184173
184190
184207
184224
184241
184258
184275
184292
184309
184326
184343
184360
184377
184394
184411
184428
184445
184462
184479
184496
184513
184530
184547
184564
184581
184598
184615
184632
184649
184666
184683
184700
184716
184732
184748
184764
184780
184796
184812
184828
184844
184860
184876
184892
184908
184924
184940
184956
184972
184988
185004
185020
185036
185052
185068
185084
185100
185116
185132
185148
185164
185180
185196
185212
185228
185244
185260
185276
185292
185308
185324
185340
185356
185372
185388
185404
185420
185436
185452
185468
185484
185500
185516
185532
185548
185564
185580
185596
185612
185628
185644
185660
185676
185692
185709
185726
185743
185760
185777
185794
185811
185828
185845
185862
185879
185896
185913
185930
185947
185964
185981
185998
186015
186032
186049
186066
186083
186100
186117
186134
186151
186168
186185
186202
186219
186236
186253
186270
186287
186304
186321
186338
186355
186372
186389
186406
186423
186440
186457
186474
186491
186508
186525
186542
186559
186576
186593
186610
186627
186644
186661
186678
186694
186710
186726
186742
186758
186774
186790
186806
186822
186838
186854
186870
186886
186902
186918
186934
186950
186966
186982
186998
187014
187030
187046
187062
187078
187094
187110
187126
187142
187158
187174
187190
187206
187222
187238
187254
187270
187286
187302
187318
187334
187350
187366
187382
187398
187414
187430
187446
187462
187478
187494
187510
187526
187542
187558
187574
187590
187606
187622
187638
187654
187670
187686
187702
187718
187734
187750
187766
187782
187798
187814
187830
187846
187862
187878
187894
187910
187926
187942
187958
187974
187990
188006
188022
188038
188054
188070
188086
188102
188118
188134
188150
188166
188182
188198
188214
188230
188246
188262
188278
188294
188310
188326
188342
188358
188374
188390
188406
188422
188438
188454
188470
188486
188502
188518
188534
188550
188566
188582
188598
188614
188630
188646
188662
188679
188696
188713
188730
188747
188764
188781
188798
188815
188832
188849
188866
188883
188900
188917
188934
188951
188968
188985
189002
189019
189036
189053
189070
189087
189104
189121
189138
189155
189172
189189
189206
189223
189240
189257
189274
189291
189308
189325
189342
189359
189376
189393
189410
189427
189444
189461
189478
189495
189512
189529
189546
189563
189580
189597
189614
189631
189648
189665
189682
189699
189716
189733
189750
189767
189784
189801
189818
189835
189852
189869
189886
189903
189920
189937
189954
189971
189988
190005
190022
190039
190056
190073
190090
190107
190124
190141
190158
190175
190192
190209
190226
190243
190260
190277
190294
190311
190328
190345
190362
190379
190396
190413
190430
190447
190464
190481
190498
190515
190532
190549
190566
190583
190600
190617
190634
190651
190668
190685
190702
190719
190736
190753
190770
190787
190804
190821
190838
190855
190872
190889
190906
190923
190940
190957
190974
190991
191008
191025
191042
191059
191076
191093
191110
191127
191144
191161
191178
191195
191212
191229
191246
191263
191280
191297
191314
191331
191348
191365
191382
191399
191416
191433
191450
191467
191484
191501
191518
191535
191552
191569
191586
191603
191620
191637
191654
191671
191688
191705
191722
191739
191756
191773
191790
191807
191824
191841
191858
191875
191892
191909
191926
191943
191960
191977
191994
192011
192028
192045
192062
192079
192096
192113
192130
192147
192164
192181
192198
192215
192232
192249
192266
192283
192300
192317
192334
192351
192368
192385
192402
192419
192436
192453
192470
192487
192504
192521
192538
192555
192572
192589
192606
192623
192640
192657
192674
192691
192708
192725
192742
192759
192776
192793
192810
192827
192844
192861
192878
192895
192912
192929
192946
192963
192980
192997
193014
193031
193048
193065
193082
193099
193116
193133
193150
193167
193184
193201
193218
193235
193252
193269
193286
193303
193320
193337
193354
193371
193388
193405
193422
193439
193456
193473
193490
193507
193524
193541
193558
193575
193592
193609
193626
193643
193660
193677
193694
193711
193728
193745
193762
193779
193796
193813
193830
193847
193864
193881
193898
193915
193932
193949
193966
193983
194000
194017
194034
194051
194068
194085
194102
194119
194136
194153
194170
194187
194204
194221
194238
194255
194272
194289
194306
194323
194340
194357
194374
194391
194408
194425
194442
194459
194476
194493
194510
194527
194544
194561
194578
194595
194612
194629
194646
194663
194680
194697
194714
194731
194748
194765
194782
194799
194816
194833
194850
194867
194884
194901
194918
194935
194952
194969
194986
195003
195020
195037
195054
195071
195088
195105
195122
195139
195156
195173
195190
195207
195224
195241
195258
195275
195292
195309
195326
195343
195360
195377
195394
195411
195428
195445
195462
195479
195496
195513
195530
195547
195564
195581
195598
195615
195632
195649
195666
195683
195700
195717
195734
195751
195768
195785
195802
195819
195836
195853
195870
195887
195904
195921
195938
195955
195972
195989
196006
196023
196040
196057
196074
196091
196108
196125
196142
196159
196176
196193
196210
196227
196244
196261
196278
196295
196312
196329
196346
196363
196380
196397
196414
196431
196448
196465
196482
196499
196516
196533
196550
196567
196584
196601
196618
196635
196652
196669
196686
196703
196720
196737
196754
196771
196788
196805
196822
196839
196856
196873
196890
196907
196924
196941
196958
196975
196992
197009
197026
197043
197060
197077
197094
197111
197128
197145
197162
197179
197196
197213
197230
197247
197264
197281
197298
197315
197332
197349
197366
197383
197400
197417
197434
197451
197468
197485
197502
197519
197536
197553
197570
197587
197604
197621
197638
197655
197672
197689
197706
197723
197740
197757
197774
197791
197808
197825
197842
197859
197876
197893
197910
197927
197944
197961
197978
197995
198012
198029
198046
198063
198080
198097
198114
198131
198148
198165
198182
198199
198216
198233
198250
198267
198284
198301
198318
198335
198352
198369
198386
198403
198420
198437
198454
198471
198488
198505
198522
198539
198556
198573
198590
198607
198624
198641
198658
198675
198692
198709
198726
198743
198760
198777
198794
198811
198828
198845
198862
198879
198896
198913
198930
198947
198964
198981
198998
199015
199032
199049
199066
199083
199100
199117
199134
199151
199168
199185
199202
199219
199236
199253
199270
199287
199304
199321
199338
199355
199372
199389
199406
199423
199440
199457
199474
199491
199508
199525
199542
199559
199576
199593
199610
199627
199644
199661
199678
199695
199712
199729
199746
199763
199780
199797
199814
199831
199848
199865
199882
199899
199916
199933
199950
199967
199984
200001
200018
200035
200052
200069
200086
200103
200120
200137
200154
200171
200188
200205
200222
200239
200256
200273
200290
200307
200324
200341
200358
200375
200392
200409
200426
200443
200460
200477
200494
200511
200528
200545
200562
200579
200596
200613
200630
200647
200664
200681
200698
200715
200732
200749
200766
200783
200800
200817
200834
200851
200868
200885
200902
200919
200936
200953
200970
200987
201004
201021
201038
201055
201072
201089
201106
201123
201140
201157
201174
201191
201208
201225
201242
201259
201276
201293
201310
201327
201344
201361
201378
201395
201412
201429
201446
201463
201480
201497
201514
201531
201548
201565
201582
201599
201616
201633
201650
201667
201684
201701
201718
201735
201752
201769
201786
201803
201820
201837
201854
201871
201888
201905
201922
201939
201956
201973
201990
202007
202024
202041
202058
202075
202092
202109
202126
202143
202160
202177
202194
202211
202228
202245
202262
202279
202296
202313
202330
202347
202364
202381
202398
202415
202432
202449
202466
202483
202500
202517
202534
202551
202568
202585
202602
202619
202636
202653
202670
202687
202704
202721
202738
202755
202772
202789
202806
202823
202840
202857
202874
202891
202908
202925
202942
202959
202976
202993
203010
203027
203044
203061
203078
203095
203112
203129
203146
203163
203180
203197
203214
203231
203248
203265
203282
203299
203316
203333
203350
203367
203384
203401
203418
203435
203452
203469
203486
203503
203520
203537
203554
203571
203588
203605
203622
203639
203656
203673
203690
203707
203724
203741
203758
203775
203792
203809
203826
203843
203860
203877
203894
203911
203928
203945
203962
203979
203996
204013
204030
204047
204064
204081
204098
204115
204132
204149
204166
204183
204200
204217
204234
204251
204268
204285
204302
204319
204336
204353
204370
204387
204404
204421
204438
204454
204470
204486
204502
204518
204534
204550
204566
204582
204598
204614
204630
204646
204662
204678
204694
204710
204726
204742
204758
204774
204790
204806
204822
204838
204854
204870
204886
204902
204918
204934
204950
204966
204982
204998
205014
205030
205046
205062
205078
205094
205110
205126
205142
205158
205174
205190
205206
205222
205238
205254
205270
205286
205302
205318
205334
205350
205366
205382
205398
205414
205430
205447
205464
205481
205498
205515
205532
205549
205566
205583
205600
205617
205634
205651
205668
205685
205702
205719
205736
205753
205770
205787
205804
205821
205838
205855
205872
205889
205906
205923
205940
205957
205974
205991
206008
206025
206042
206059
206076
206093
206110
206127
206144
206161
206178
206195
206212
206229
206246
206263
206280
206297
206314
206331
206348
206365
206382
206399
206416
206432
206448
206464
206480
206496
206512
206528
206544
206560
206576
206592
206608
206624
206640
206656
206672
206688
206704
206720
206736
206752
206768
206784
206800
206816
206832
206848
206864
206880
206896
206912
206928
206944
206960
206976
206992
207008
207024
207040
207056
207072
207088
207104
207120
207136
207152
207168
207184
207200
207216
207232
207248
207264
207280
207296
207312
207328
207344
207360
207376
207392
207408
207425
207442
207459
207476
207493
207510
207527
207544
207561
207578
207595
207612
207629
207646
207663
207680
207697
207714
207731
207748
207765
207782
207799
207816
207833
207850
207867
207884
207901
207918
207935
207952
207969
207986
208003
208020
208037
208054
208071
208088
208105
208122
208139
208156
208173
208190
208207
208224
208241
208258
208275
208292
208309
208326
208343
208360
208377
208394
208411
208428
208445
208462
208479
208496
208513
208530
208547
208564
208581
208598
208615
208632
208649
208666
208683
208700
208717
208734
208751
208768
208785
208802
208819
208836
208853
208870
208887
208904
208921
208938
208955
208972
208989
209006
209023
209040
209057
209074
209091
209108
209125
209142
209159
209176
209193
209210
209227
209244
209261
209278
209295
209312
209329
209346
209363
209380
209396
209412
209428
209444
209460
209476
209492
209508
209524
209540
209556
209572
209588
209604
209620
209636
209652
209668
209684
209700
209716
209732
209748
209764
209780
209796
209812
209828
209844
209860
209876
209892
209908
209924
209940
209956
209972
209988
210004
210020
210036
210052
210068
210084
210100
210116
210132
210148
210164
210180
210196
210212
210228
210244
210260
210276
210292
210308
210324
210340
210356
210372
210389
210406
210423
210440
210457
210474
210491
210508
210525
210542
210559
210576
210593
210610
210627
210644
210661
210678
210695
210712
210729
210746
210763
210780
210797
210814
210831
210848
210865
210882
210899
210916
210933
210950
210967
210984
211001
211018
211035
211052
211069
211086
211103
211120
211137
211154
211171
211188
211205
211222
211239
211256
211273
211290
211307
211324
211341
211358
211374
211390
211406
211422
211438
211454
211470
211486
211502
211518
211534
211550
211566
211582
211598
211614
211630
211646
211662
211678
211694
211710
211726
211742
211758
211774
211790
211806
211822
211838
211854
211870
211886
211902
211918
211934
211950
211966
211982
211998
212014
212030
212046
212062
212078
212094
212110
212126
212142
212158
212174
212190
212206
212222
212238
212254
212270
212286
212302
212318
212334
212350
212367
212384
212401
212418
212435
212452
212469
212486
212503
212520
212537
212554
212571
212588
212605
212622
212639
212656
212673
212690
212707
212724
212741
212758
212775
212792
212809
212826
212843
212860
212877
212894
212911
212928
212945
212962
212979
212996
213013
213030
213047
213064
213081
213098
213115
213132
213149
213166
213183
213200
213217
213234
213251
213268
213285
213302
213319
213336
213353
213370
213387
213404
213421
213438
213455
213472
213489
213506
213523
213540
213557
213574
213591
213608
213625
213642
213659
213676
213693
213710
213727
213744
213761
213778
213795
213812
213829
213846
213863
213880
213897
213914
213931
213948
213965
213982
213999
214016
214033
214050
214067
214084
214101
214118
214135
214152
214169
214186
214203
214220
214237
214254
214271
214288
214305
214322
214339
214356
214373
214390
214407
214424
214441
214458
214475
214492
214509
214526
214543
214560
214577
214594
214611
214628
214645
214662
214679
214696
214713
214730
214747
214764
214781
214798
214815
214832
214849
214866
214883
214900
214917
214934
214951
214968
214985
215002
215019
215036
215053
215070
215087
215104
215121
215138
215155
215172
215189
215206
215223
215240
215257
215274
215291
215308
215324
215340
215356
215372
215388
215404
215420
215436
215452
215468
215484
215500
215516
215532
215548
215564
215580
215596
215612
215628
215644
215660
215676
215692
215708
215724
215740
215756
215772
215788
215804
215820
215836
215852
215868
215884
215900
215916
215932
215948
215964
215980
215996
216012
216028
216044
216060
216076
216092
216108
216124
216140
216156
216172
216188
216204
216220
216236
216252
216268
216284
216300
216317
216334
216351
216368
216385
216402
216419
216436
216453
216470
216487
216504
216521
216538
216555
216572
216589
216606
216623
216640
216657
216674
216691
216708
216725
216742
216759
216776
216793
216810
216827
216844
216861
216878
216895
216912
216929
216946
216963
216980
216997
217014
217031
217048
217065
217082
217099
217116
217133
217150
217167
217184
217201
217218
217235
217252
217269
217286
217303
217320
217337
217354
217371
217388
217405
217422
217439
217456
217473
217490
217507
217524
217541
217558
217575
217592
217609
217626
217643
217660
217677
217694
217711
217728
217745
217762
217779
217796
217813
217830
217847
217864
217881
217898
217915
217932
217949
217966
217983
218000
218017
218034
218051
218068
218085
218102
218119
218136
218153
218170
218187
218204
218221
218238
218255
218272
218289
218306
218323
218340
218357
218374
218391
218408
218425
218442
218459
218476
218493
218510
218527
218544
218561
218578
218595
218612
218629
218646
218663
218680
218697
218714
218731
218748
218765
218782
218799
218816
218833
218850
218867
218884
218901
218918
218935
218952
218969
218986
219003
219020
219037
219054
219071
219088
219105
219122
219139
219156
219173
219190
219207
219224
219241
219258
219275
219292
219309
219326
219343
219360
219377
219394
219411
219428
219445
219462
219479
219496
219513
219530
219547
219564
219581
219598
219615
219632
219649
219666
219683
219700
219717
219734
219751
219768
219785
219802
219819
219836
219853
219870
219887
219904
219921
219938
219955
219972
219989
220006
220023
220040
220057
220074
220091
220108
220125
220142
220159
220176
220193
220210
220227
220244
220260
220276
220292
220308
220324
220340
220356
220372
220388
220404
220420
220436
220452
220468
220484
220500
220516
220532
220548
220564
220580
220596
220612
220628
220644
220660
220676
220692
220708
220724
220740
220756
220772
220788
220804
220820
220836
220852
220868
220884
220900
220916
220932
220948
220964
220980
220996
221012
221028
221044
221060
221076
221092
221108
221124
221140
221156
221172
221188
221204
221220
221236
221253
221270
221287
221304
221321
221338
221355
221372
221389
221406
221423
221440
221457
221474
221491
221508
221525
221542
221559
221576
221593
221610
221627
221644
221661
221678
221695
221712
221729
221746
221763
221780
221797
221814
221831
221848
221865
221882
221899
221916
221933
221950
221967
221984
222001
222018
222035
222052
222069
222086
222103
222120
222137
222154
222171
222188
222205
222222
222239
222256
222273
222290
222307
222324
222341
222358
222375
222392
222409
222426
222443
222460
222477
222494
222511
222528
222545
222562
222579
222596
222613
222630
222647
222664
222681
222698
222715
222732
222749
222766
222783
222800
222817
222834
222851
222868
222885
222902
222919
222936
222953
222970
222987
223004
223021
223038
223055
223072
223089
223106
223123
223140
223157
223174
223191
223208
223225
223242
223259
223276
223293
223310
223327
223344
223361
223378
223395
223412
223429
223446
223463
223480
223497
223514
223531
223548
223565
223582
223599
223616
223633
223650
223667
223684
223701
223718
223735
223752
223769
223786
223803
223820
223837
223854
223871
223888
223905
223922
223939
223956
223973
223990
224007
224024
224041
224058
224075
224092
224109
224126
224143
224160
224177
224194
224211
224228
224245
224262
224279
224296
224313
224330
224347
224364
224381
224398
224415
224432
224449
224466
224483
224500
224517
224534
224551
224568
224585
224602
224619
224636
224653
224670
224687
224704
224721
224738
224755
224772
224789
224806
224823
224840
224857
224874
224891
224908
224925
224942
224959
224976
224993
225010
225027
225044
225061
225078
225095
225112
225129
225146
225163
225180
225196
225212
225228
225244
225260
225276
225292
225308
225324
225340
225356
225372
225388
225404
225420
225436
225452
225468
225484
225500
225516
225532
225548
225564
225580
225596
225612
225628
225644
225660
225676
225692
225708
225724
225740
225756
225772
225788
225804
225820
225836
225852
225868
225884
225900
225916
225932
225948
225964
225980
225996
226012
226028
226044
226060
226076
226092
226108
226124
226140
226156
226172
226188
226204
226220
226236
226252
226268
226284
226300
226316
226332
226348
226364
226380
226396
226412
226428
226444
226460
226476
226492
226508
226524
226540
226556
226572
226588
226604
226620
226636
226652
226668
226684
226700
226716
226732
226748
226764
226780
226796
226812
226828
226844
226860
226876
226892
226908
226924
226940
226956
226972
226988
227004
227020
227036
227052
227068
227084
227100
227116
227132
227148
227164
227180
227196
227212
227228
227244
227260
227276
227292
227308
227324
227340
227356
227372
227388
227404
227420
227436
227452
227468
227484
227500
227516
227532
227548
227564
227580
227596
227612
227628
227644
227660
227676
227692
227708
227724
227740
227756
227772
227788
227804
227820
227836
227852
227868
227884
227900
227916
227932
227948
227964
227980
227996
228012
228028
228044
228060
228076
228092
228108
228124
228140
228156
228172
228188
228204
228220
228236
228252
228268
228284
228300
228316
228332
228348
228364
228380
228396
228412
228428
228444
228460
228476
228492
228508
228524
228540
228556
228572
228588
228604
228620
228636
228652
228668
228684
228700
228716
228732
228748
228764
228780
228796
228812
228828
228844
228860
228876
228892
228908
228924
228940
228956
228972
228988
229004
229020
229036
229052
229068
229084
229100
229116
229132
229148
229165
229182
229199
229216
229233
229250
229267
229284
229301
229318
229335
229352
229369
229386
229403
229420
229437
229454
229471
229488
229505
229522
229539
229556
229573
229590
229607
229624
229641
229658
229675
229692
229709
229726
229743
229760
229777
229794
229811
229828
229845
229862
229879
229896
229913
229930
229947
229964
229981
229998
230015
230032
230049
230066
230083
230100
230117
230134
230151
230168
230185
230202
230219
230236
230253
230270
230287
230304
230321
230338
230355
230372
230389
230406
230423
230440
230457
230474
230491
230508
230525
230542
230559
230576
230593
230610
230627
230644
230661
230678
230695
230712
230729
230746
230763
230780
230797
230814
230831
230848
230865
230882
230899
230916
230933
230950
230967
230984
231001
231018
231035
231052
231069
231086
231103
231120
231137
231154
231171
231188
231205
231222
231239
231256
231273
231290
231307
231324
231341
231358
231375
231392
231409
231426
231443
231460
231477
231494
231511
231528
231545
231562
231579
231596
231613
231630
231647
231664
231681
231698
231715
231732
231749
231766
231783
231800
231817
231834
231851
231868
231885
231902
231919
231936
231953
231970
231987
232004
232021
232038
232055
232072
232089
232106
232123
232140
232157
232174
232191
232208
232225
232242
232259
232276
232293
232310
232327
232344
232361
232378
232395
232412
232429
232446
232463
232480
232497
232514
232531
232548
232565
232582
232599
232616
232633
232650
232667
232684
232701
232718
232735
232752
232769
232786
232803
232820
232837
232854
232871
232888
232905
232922
232939
232956
232973
232990
233007
233024
233041
233058
233075
233092
233109
233126
233143
233160
233177
233194
233211
233228
233245
233262
233279
233296
233313
233330
233347
233364
233381
233398
233415
233432
233449
233466
233483
233500
233517
233534
233551
233568
233585
233602
233619
233636
233653
233670
233687
233704
233721
233738
233755
233772
233789
233806
233823
233840
233857
233874
233891
233908
233925
233942
233959
233976
233993
234010
234027
234044
234061
234078
234094
234110
234126
234142
234158
234174
234190
234206
234222
234238
234254
234270
234286
234302
234318
234334
234350
234366
234382
234398
234414
234430
234446
234462
234478
234494
234510
234526
234542
234558
234574
234590
234606
234622
234638
234654
234670
234686
234702
234718
234734
234750
234766
234782
234798
234814
234830
234846
234862
234878
234894
234910
234926
234942
234958
234974
234990
235006
235022
235038
235054
235070
235087
235104
235121
235138
235155
235172
235189
235206
235223
235240
235257
235274
235291
235308
235325
235342
235359
235376
235393
235410
235427
235444
235461
235478
235495
235512
235529
235546
235563
235580
235597
235614
235631
235648
235665
235682
235699
235716
235733
235750
235767
235784
235801
235818
235835
235852
235869
235886
235903
235920
235937
235954
235971
235988
236005
236022
236039
236056
236073
236090
236107
236124
236141
236158
236175
236192
236209
236226
236243
236260
236277
236294
236311
236328
236345
236362
236379
236396
236413
236430
236447
236464
236481
236498
236515
236532
236549
236566
236583
236600
236617
236634
236651
236668
236685
236702
236719
236736
236753
236770
236787
236804
236821
236838
236855
236872
236889
236906
236923
236940
236957
236974
236991
237008
237025
237042
