17
34
51
68
85
102
119
136
153
170
187
204
221
238
255
272
289
306
323
340
357
374
391
408
425
442
459
476
493
510
527
544
561
578
595
612
629
646
663
680
697
714
731
748
765
782
799
816
833
850
867
884
901
918
935
952
969
986
1003
1020
1037
1054
1071
1088
1105
1122
1139
1156
1173
1190
1207
1224
1241
1258
1275
1292
1309
1326
1343
1360
1377
1394
1411
1428
1445
1462
1479
1496
1513
1530
1547
1564
1581
1598
1615
1632
1649
1666
1683
1700
1717
1734
1751
1768
1785
1802
1819
1836
1853
1870
1887
1904
1921
1938
1955
1972
1989
2006
2023
2040
2057
2074
2091
2108
2125
2142
2159
2176
2193
2210
2227
2244
2261
2278
2295
2312
2329
2346
2363
2380
2397
2414
2431
2448
2465
2482
2499
2516
2533
2550
2567
2584
2601
2618
2635
2652
2669
2686
2703
2720
2737
2754
2771
2788
2805
2822
2839
2856
2873
2890
2907
2924
2941
2958
2975
2992
3009
3026
3043
3060
3077
3094
3111
3128
3145
3162
3179
3196
3213
3230
3247
3264
3281
3298
3315
3332
3349
3366
3383
3400
3417
3434
3451
3468
3485
3502
3519
3536
3553
3570
3587
3604
3621
3638
3655
3672
3689
3706
3723
3740
3757
3774
3791
3808
3825
3842
3859
3876
3893
3910
3927
3944
3961
3978
3995
4012
4029
4046
4063
4080
4097
4114
4131
4148
4165
4182
4199
4216
4233
4250
4267
4284
4301
4318
4335
4352
4369
4386
4403
4420
4437
4454
4471
4488
4505
4522
4539
4556
4573
4590
4607
4624
4641
4658
4675
4692
4709
4726
4743
4760
4777
4794
4811
4828
4845
4862
4879
4896
4913
4930
4947
4964
4981
4998
5015
5032
5049
5066
5083
5100
5117
5134
5151
5168
5185
5202
5219
5236
5253
5270
5287
5304
5321
5338
5355
5372
5389
5406
5423
5440
5457
5474
5491
5508
5525
5542
5559
5576
5593
5610
5627
5644
5661
5678
5695
5712
5729
5746
5763
5780
5797
5814
5831
5848
5865
5882
5899
5916
5933
5950
5967
5984
6001
6018
6035
6052
6069
6086
6103
6120
6137
6154
6171
6188
6205
6222
6239
6256
6273
6290
6307
6324
6341
6358
6375
6392
6409
6426
6443
6460
6477
6494
6511
6528
6545
6562
6579
6596
6613
6630
6647
6664
6681
6698
6715
6732
6749
6766
6783
6800
6817
6834
6851
6868
6885
6902
6919
6936
6953
6970
6987
7004
7021
7038
7055
7072
7089
7106
7123
7140
7157
7174
7191
7208
7225
7242
7259
7276
7293
7310
7327
7344
7361
7378
7395
7412
7429
7446
7463
7480
7497
7514
7531
7548
7565
7582
7599
7616
7633
7650
7667
7684
7701
7718
7735
7752
7769
7786
7803
7820
7837
7854
7871
7888
7905
7922
7939
7956
7973
7990
8007
8024
8041
8058
8075
8092
8109
8126
8143
8160
8177
8194
8211
8228
8245
8262
8279
8296
8313
8330
8347
8364
8381
8398
8415
8432
8449
8466
8483
8500
8517
8534
8551
8568
8585
8602
8619
8636
8653
8670
8687
8704
8721
8738
8755
8772
8789
8806
8823
8840
8857
8874
8891
8908
8925
8942
8959
8976
8993
9010
9027
9044
9061
9078
9095
9112
9129
9146
9163
9180
9197
9214
9231
9248
9265
9282
9299
9316
9333
9350
9367
9384
9401
9418
9435
9452
9469
9486
9503
9520
9537
9554
9571
9588
9605
9622
9639
9656
9673
9690
9707
9724
9741
9758
9775
9792
9809
9826
9843
9860
9877
9894
9911
9928
9945
9962
9979
9996
10013
10030
10047
10064
10081
10098
10115
10132
10149
10166
10183
10200
10217
10234
10251
10268
10285
10302
10319
10336
10353
10370
10387
10404
10421
10438
10455
10472
10489
10506
10523
10540
10557
10574
10591
10608
10625
10642
10659
10676
10693
10710
10727
10744
10761
10778
10795
10812
10829
10846
10863
10880
10897
10914
10931
10948
10965
10982
10999
11016
11033
11050
11067
11084
11101
11118
11135
11152
11169
11186
11203
11220
11237
11254
11271
11288
11305
11322
11339
11356
11373
11390
11407
11424
11441
11458
11475
11492
11509
11526
11543
11560
11577
11594
11611
11628
11645
11662
11679
11696
11713
11730
11747
11764
11781
11798
11815
11832
11849
11866
11883
11900
11917
11934
11951
11968
11985
12002
12019
12036
12053
12070
12087
12104
12121
12138
12155
12172
12189
12206
12223
12240
12257
12274
12291
12308
12325
12342
12359
12376
12393
12410
12427
12444
12461
12478
12495
12512
12529
12546
12563
12580
12597
12614
12631
12648
12665
12682
12699
12716
12733
12750
12767
12784
12801
12818
12835
12852
12869
12886
12903
12920
12937
12954
12971
12988
13005
13022
13039
13056
13073
13090
13107
13124
13141
13158
13175
13192
13209
13226
13243
13260
13277
13294
13311
13328
13345
13362
13379
13396
13413
13430
13447
13464
13481
13498
13515
13532
13549
13566
13583
13600
13617
13634
13651
13668
13685
13702
13719
13736
13753
13770
13787
13804
13821
13838
13855
13872
13889
13906
13923
13940
13957
13974
13991
14008
14025
14042
14059
14076
14093
14110
14127
14144
14161
14178
14195
14212
14229
14246
14263
14280
14297
14314
14331
14348
14365
14382
14399
14416
14433
14450
14467
14484
14501
14518
14535
14552
14569
14586
14603
14620
14637
14654
14671
14688
14705
14722
14739
14756
14773
14790
14807
14824
14841
14858
14875
14892
14909
14926
14943
14960
14977
14994
15011
15028
15045
15062
15079
15096
15113
15130
15147
15164
15181
15198
15215
15232
15249
15266
15283
15300
15317
15334
15351
15368
15385
15402
15419
15436
15453
15470
15487
15504
15521
15538
15555
15572
15589
15606
15623
15640
15657
15674
15691
15708
15725
15742
15759
15776
15793
15810
15827
15844
15861
15878
15895
15912
15929
15946
15963
15980
15997
16014
16031
16048
16065
16082
16099
16116
16133
16150
16167
16184
16201
16218
16235
16252
16269
16286
16303
16320
16337
16354
16371
16388
16405
16422
16439
16456
16473
16490
16507
16524
16541
16558
16575
16592
16609
16626
16643
16660
16677
16694
16711
16728
16745
16762
16779
16796
16813
16830
16847
16864
16881
16898
16915
16932
16949
16966
16983
17000
17017
17034
17051
17068
17085
17102
17119
17136
17153
17170
17187
17204
17221
17238
17255
17272
17289
17306
17323
17340
17357
17374
17391
17408
17425
17442
17459
17476
17493
17510
17527
17544
17561
17578
17595
17612
17629
17646
17663
17680
17697
17714
17731
17748
17765
17782
17799
17816
17833
17850
17867
17884
17901
17918
17935
17952
17969
17986
18003
18020
18037
18054
18071
18088
18105
18122
18139
18156
18173
18190
18207
18224
18241
18258
18275
18292
18309
18326
18343
18360
18377
18394
18411
18428
18445
18462
18479
18496
18513
18530
18547
18564
18581
18598
18615
18632
18649
18666
18683
18700
18717
18734
18751
18768
18785
18802
18819
18836
18853
18870
18887
18904
18921
18938
18955
18972
18989
19006
19023
19040
19057
19074
19091
19108
19125
19142
19159
19176
19193
19210
19227
19244
19261
19278
19295
19312
19329
19346
19363
19380
19397
19414
19431
19448
19465
19482
19499
19516
19533
19550
19567
19584
19601
19618
19635
19652
19669
19686
19703
19720
19737
19754
19771
19788
19805
19822
19839
19856
19873
19890
19907
19924
19941
19958
19975
19992
20009
20026
20043
20060
20077
20094
20111
20128
20145
20162
20179
20196
20213
20230
20247
20264
20281
20298
20315
20332
20349
20366
20383
20400
20417
20434
20451
20468
20485
20502
20519
20536
20553
20570
20587
20604
20621
20638
20655
20672
20689
20706
20723
20740
20757
20774
20791
20808
20825
20842
20859
20876
20893
20910
20927
20944
20961
20978
20995
21012
21029
21046
21063
21080
21097
21114
21131
21148
21165
21182
21199
21216
21233
21250
21267
21284
21301
21318
21335
21352
21369
21386
21403
21420
21437
21454
21471
21488
21505
21522
21539
21556
21573
21590
21607
21624
21641
21658
21675
21692
21709
21726
21743
21760
21777
21794
21811
21828
21845
21862
21879
21896
21913
21930
21947
21964
21981
21998
22015
22032
22049
22066
22083
22100
22117
22134
22151
22168
22185
22202
22219
22236
22253
22270
22287
22304
22321
22338
22355
22372
22389
22406
22423
22440
22457
22474
22491
22508
22525
22542
22559
22576
22593
22610
22627
22644
22661
22678
22695
22712
22729
22746
22763
22780
22797
22814
22831
22848
22865
22882
22899
22916
22933
22950
22967
22984
23001
23018
23035
23052
23069
23086
23103
23120
23137
23154
23171
23188
23205
23222
23239
23256
23273
23290
23307
23324
23341
23358
23375
23392
23409
23426
23443
23460
23477
23494
23511
23528
23545
23562
23579
23596
23613
23630
23647
23664
23681
23698
23715
23732
23749
23766
23783
23800
23817
23834
23851
23868
23885
23902
23919
23936
23953
23970
23987
24004
24021
24038
24055
24072
24089
24106
24123
24140
24157
24174
24191
24208
24225
24242
24259
24276
24293
24310
24327
24344
24361
24378
24395
24412
24429
24446
24463
24480
24497
24514
24531
24548
24565
24582
24599
24616
24633
24650
24667
24684
24701
24718
24735
24752
24769
24786
24803
24820
24837
24854
24871
24888
24905
24922
24939
24956
24973
24990
25007
25024
25041
25058
25075
25092
25109
25126
25143
25160
25177
25194
25211
25228
25245
25262
25279
25296
25313
25330
25347
25364
25381
25398
25415
25432
25449
25466
25483
25500
25517
25534
25551
25568
25585
25602
25619
25636
25653
25670
25687
25704
25721
25738
25755
25772
25789
25806
25823
25840
25857
25874
25891
25908
25925
25942
25959
25976
25993
26010
26027
26044
26061
26078
26095
26112
26129
26146
26163
26180
26197
26214
26231
26248
26265
26282
26299
26316
26333
26350
26367
26384
26401
26418
26435
26452
26469
26486
26503
26520
26537
26554
26571
26588
26605
26622
26639
26656
26673
26690
26707
26724
26741
26758
26775
26792
26809
26826
26843
26860
26877
26894
26911
26928
26945
26962
26979
26996
27013
27030
27047
27064
27081
27098
27115
27132
27149
27166
27183
27200
27217
27234
27251
27268
27285
27302
27319
27336
27353
27370
27387
27404
27421
27438
27455
27472
27489
27506
27523
27540
27557
27574
27591
27608
27625
27642
27659
27676
27693
27710
27727
27744
27761
27778
27795
27812
27829
27846
27863
27880
27897
27914
27931
27948
27965
27982
27999
28016
28033
28050
28067
28084
28101
28118
28135
28152
28169
28186
28203
28220
28237
28254
28271
28288
28305
28322
28339
28356
28373
28390
28407
28424
28441
28458
28475
28492
28509
28526
28543
28560
28577
28594
28611
28628
28645
28662
28679
28696
28713
28730
28747
28764
28781
28798
28815
28832
28849
28866
28883
28900
28917
28934
28951
28968
28985
29002
29019
29036
29053
29070
29087
29104
29121
29138
29155
29172
29189
29206
29223
29240
29257
29274
29291
29308
29325
29342
29359
29376
29393
29410
29427
29444
29461
29478
29495
29512
29529
29546
29563
29580
29597
29614
29631
29648
29665
29682
29699
29716
29733
29750
29767
29784
29801
29818
29835
29852
29869
29886
29903
29920
29937
29954
29971
29988
30005
30022
30039
30056
30073
30090
30107
30124
30141
30158
30175
30192
30209
30226
30243
30260
30277
30294
30311
30328
30345
30362
30379
30396
30413
30430
30447
30464
30481
30498
30515
30532
30549
30566
30583
30600
30617
30634
30651
30668
30685
30702
30719
30736
30753
30770
30787
30804
30821
30838
30855
30872
30889
30906
30923
30940
30957
30974
30991
31008
31025
31042
31059
31076
31093
31110
31127
31144
31161
31178
31195
31212
31229
31246
31263
31280
31297
31314
31331
31348
31365
31382
31399
31416
31433
31450
31467
31484
31501
31518
31535
31552
31569
31586
31603
31620
31637
31654
31671
31688
31705
31722
31739
31756
31773
31790
31807
31824
31841
31858
31875
31892
31909
31926
31943
31960
31977
31994
32011
32028
32045
32062
32079
32096
32113
32130
32147
32164
32181
32198
32215
32232
32249
32266
32283
32300
32317
32334
32351
32368
32385
32402
32419
32436
32453
32470
32487
32504
32521
32538
32555
32572
32589
32606
32623
32640
32657
32674
32691
32708
32725
32742
32759
32776
32793
32810
32827
32844
32861
32878
32895
32912
32929
32946
32963
32980
32997
33014
33031
33048
33065
33082
33099
33116
33133
33150
33167
33184
33201
33218
33235
33252
33269
33286
33303
33320
33337
33354
33371
33388
33405
33422
33439
33456
33473
33490
33507
33524
33541
33558
33575
33592
33609
33626
33643
33660
33677
33694
33711
33728
33745
33762
33779
33796
33813
33830
33847
33864
33881
33898
33915
33932
33949
33966
33983
34000
34017
34034
34051
34068
34085
34102
34119
34136
34153
34170
34187
34204
34221
34238
34255
34272
34289
34306
34323
34340
34357
34374
34391
34408
34425
34442
34459
34476
34493
34510
34527
34544
34561
34578
34595
34612
34629
34646
34663
34680
34697
34714
34731
34748
34765
34782
34799
34816
34833
34850
34867
34884
34901
34918
34935
34952
34969
34986
35003
35020
35037
35054
35071
35088
35105
35122
35139
35156
35173
35190
35207
35224
35241
35258
35275
35292
35309
35326
35343
35360
35377
35394
35411
35428
35445
35462
35479
35496
35513
35530
35547
35564
35581
35598
35615
35632
35649
35666
35683
35700
35717
35734
35751
35768
35785
35802
35819
35836
35853
35870
35887
35904
35921
35938
35955
35972
35989
36006
36023
36040
36057
36074
36091
36108
36125
36142
36159
36176
36193
36210
36227
36244
36261
36278
36295
36312
36329
36346
36363
36380
36397
36414
36431
36448
36465
36482
36499
36516
36533
36550
36567
36584
36601
36618
36635
36652
36669
36686
36703
36720
36737
36754
36771
36788
36805
36822
36839
36856
36873
36890
36907
36924
36941
36958
36975
36992
37009
37026
37043
37060
37077
37094
37111
37128
37145
37162
37179
37196
37213
37230
37247
37264
37281
37298
37315
37332
37349
37366
37383
37400
37417
37434
37451
37468
37485
37502
37519
37536
37553
37570
37587
37604
37621
37638
37655
37672
37689
37706
37723
37740
37757
37774
37791
37808
37825
37842
37859
37876
37893
37910
37927
37944
37961
37978
37995
38012
38029
38046
38063
38080
38097
38114
38131
38148
38165
38182
38199
38216
38233
38250
38267
38284
38301
38318
38335
38352
38369
38386
38403
38420
38437
38454
38471
38488
38505
38522
38539
38556
38573
38590
38607
38624
38641
38658
38675
38692
38709
38726
38743
38760
38777
38794
38811
38828
38845
38862
38879
38896
38913
38930
38947
38964
38981
38998
39015
39032
39049
39066
39083
39100
39117
39134
39151
39168
39185
39202
39219
39236
39253
39270
39287
39304
39321
39338
39355
39372
39389
39406
39423
39440
39457
39474
39491
39508
39525
39542
39559
39576
39593
39610
39627
39644
39661
39678
39695
39712
39729
39746
39763
39780
39797
39814
39831
39848
39865
39882
39899
39916
39933
39950
39967
39984
40001
40018
40035
40052
40069
40086
40103
40120
40137
40154
40171
40188
40205
40222
40239
40256
40273
40290
40307
40324
40341
40358
40375
40392
40409
40426
40443
40460
40477
40494
40511
40528
40545
40562
40579
40596
40613
40630
40647
40664
40681
40698
40715
40732
40749
40766
40783
40800
40817
40834
40851
40868
40885
40902
40919
40936
40953
40970
40987
41004
41021
41038
41055
41072
41089
41106
41123
41140
41157
41174
41191
41208
41225
41242
41259
41276
41293
41310
41327
41344
41361
41378
41395
41412
41429
41446
41463
41480
41497
41514
41531
41548
41565
41582
41599
41616
41633
41650
41667
41684
41701
41718
41735
41752
41769
41786
41803
41820
41837
41854
41871
41888
41905
41922
41939
41956
41973
41990
42007
42024
42041
42058
42075
42092
42109
42126
42143
42160
42177
42194
42211
42228
42245
42262
42279
42296
42313
42330
42347
42364
42381
42398
42415
42432
42449
42466
42483
42500
42517
42534
42551
42568
42585
42602
42619
42636
42653
42670
42687
42704
42721
42738
42755
42772
42789
42806
42823
42840
42857
42874
42891
42908
42925
42942
42959
42976
42993
43010
43027
43044
43061
43078
43095
43112
43129
43146
43163
43180
43197
43214
43231
43248
43265
43282
43299
43316
43333
43350
43367
43384
43401
43418
43435
43452
43469
43486
43503
43520
43537
43554
43571
43588
43605
43622
43639
43656
43673
43690
43707
43724
43741
43758
43775
43792
43809
43826
43843
43860
43877
43894
43911
43928
43945
43962
43979
43996
44013
44030
44047
44064
44081
44098
44115
44132
44149
44166
44183
44200
44217
44234
44251
44268
44285
44302
44319
44336
44353
44370
44387
44404
44421
44438
44455
44472
44489
44506
44523
44540
44557
44574
44591
44608
44625
44642
44659
44676
44693
44710
44727
44744
44761
44778
44795
44812
44829
44846
44863
44880
44897
44914
44931
44948
44965
44982
44999
45016
45033
45050
45067
45084
45101
45118
45135
45152
45169
45186
45203
45220
45237
45254
45271
45288
45305
45322
45339
45356
45373
45390
45407
45424
45441
45458
45475
45492
45509
45526
45543
45560
45577
45594
45611
45628
45645
45662
45679
45696
45713
45730
45747
45764
45781
45798
45815
45832
45849
45866
45883
45900
45917
45934
45951
45968
45985
46002
46019
46036
46053
46070
46087
46104
46121
46138
46155
46172
46189
46206
46223
46240
46257
46274
46291
46308
46325
46342
46359
46376
46393
46410
46427
46444
46461
46478
46495
46512
46529
46546
46563
46580
46597
46614
46631
46648
46665
46682
46699
46716
46733
46750
46767
46784
46801
46818
46835
46852
46869
46886
46903
46920
46937
46954
46971
46988
47005
47022
47039
47056
47073
47090
47107
47124
47141
47158
47175
47192
47209
47226
47243
47260
47277
47294
47311
47328
47345
47362
47379
47396
47413
47430
47447
47464
47481
47498
47515
47532
47549
47566
47583
47600
47617
47634
47651
47668
47685
47702
47719
47736
47753
47770
47787
47804
47821
47838
47855
47872
47889
47906
47923
47940
47957
47974
47991
48008
48025
48042
48059
48076
48093
48110
48127
48144
48161
48178
48195
48212
48229
48246
48263
48280
48297
48314
48331
48348
48365
48382
48399
48416
48433
48450
48467
48484
48501
48518
48535
48552
48569
48586
48603
48620
48637
48654
48671
48688
48705
48722
48739
48756
48773
48790
48807
48824
48841
48858
48875
48892
48909
48926
48943
48960
48977
48994
49011
49028
49045
49062
49079
49096
49113
49130
49147
49164
49181
49198
49215
49232
49249
49266
49283
49300
49317
49334
49351
49368
49385
49402
49419
49436
49453
49470
49487
49504
49521
49538
49555
49572
49589
49606
49623
49640
49657
49674
49691
49708
49725
49742
49759
49776
49793
49810
49827
49844
49861
49878
49895
49912
49929
49946
49963
49980
49997
50014
50031
50048
50065
50082
50099
50116
50133
50150
50167
50184
50201
50218
50235
50252
50269
50286
50303
50320
50337
50354
50371
50388
50405
50422
50439
50456
50473
50490
50507
50524
50541
50558
50575
50592
50609
50626
50643
50660
50677
50694
50711
50728
50745
50762
50779
50796
50813
50830
50847
50864
50881
50898
50915
50932
50949
50966
50983
51000
51017
51034
51051
51068
51085
51102
51119
51136
51153
51170
51187
51204
51221
51238
51255
51272
51289
51306
51323
51340
51357
51374
51391
51408
51425
51442
51459
51476
51493
51510
51527
51544
51561
51578
51595
51612
51629
51646
51663
51680
51697
51714
51731
51748
51765
51782
51799
51816
51833
51850
51867
51884
51901
51918
51935
51952
51969
51986
52003
52020
52037
52054
52071
52088
52105
52122
52139
52156
52173
52190
52207
52224
52241
52258
52275
52292
52309
52326
52343
52360
52377
52394
52411
52428
52445
52462
52479
52496
52513
52530
52547
52564
52581
52598
52615
52632
52649
52666
52683
52700
52717
52734
52751
52768
52785
52802
52819
52836
52853
52870
52887
52904
52921
52938
52955
52972
52989
53006
53023
53040
53057
53074
53091
53108
53125
53142
53159
53176
53193
53210
53227
53244
53261
53278
53295
53312
53329
53346
53363
53380
53397
53414
53431
53448
53465
53482
53499
53516
53533
53550
53567
53584
53601
53618
53635
53652
53669
53686
53703
53720
53737
53754
53771
53788
53805
53822
53839
53856
53873
53890
53907
53924
53941
53958
53975
53992
54009
54026
54043
54060
54077
54094
54111
54128
54145
54162
54179
54196
54213
54230
54247
54264
54281
54298
54315
54332
54349
54366
54383
54400
54417
54434
54451
54468
54485
54502
54519
54536
54553
54570
54587
54604
54621
54638
54655
54672
54689
54706
54723
54740
54757
54774
54791
54808
54825
54842
54859
54876
54893
54910
54927
54944
54961
54978
54995
55012
55029
55046
55063
55080
55097
55114
55131
55148
55165
55182
55199
55216
55233
55250
55267
55284
55301
55318
55335
55352
55369
55386
55403
55420
55437
55454
55471
55488
55505
55522
55539
55556
55573
55590
55607
55624
55641
55658
55675
55692
55709
55726
55743
55760
55777
55794
55811
55828
55845
55862
55879
55896
55913
55930
55947
55964
55981
55998
56015
56032
56049
56066
56083
56100
56117
56134
56151
56168
56185
56202
56219
56236
56253
56270
56287
56304
56321
56338
56355
56372
56389
56406
56423
56440
56457
56474
56491
56508
56525
56542
56559
56576
56593
56610
56627
56644
56661
56678
56695
56712
56729
56746
56763
56780
56797
56814
56831
56848
56865
56882
56899
56916
56933
56950
56967
56984
57001
57018
57035
57052
57069
57086
57103
57120
57137
57154
57171
57188
57205
57222
57239
57256
57273
57290
57307
57324
57341
57358
57375
57392
57409
57426
57443
57460
57477
57494
57511
57528
57545
57562
57579
57596
57613
57630
57647
57664
57681
57698
57715
57732
57749
57766
57783
57800
57817
57834
57851
57868
57885
57902
57919
57936
57953
57970
57987
58004
58021
58038
58055
58072
58089
58106
58123
58140
58157
58174
58191
58208
58225
58242
58259
58276
58293
58310
58327
58344
58361
58378
58395
58412
58429
58446
58463
58480
58497
58514
58531
58548
58565
58582
58599
58616
58633
58650
58667
58684
58701
58718
58735
58752
58769
58786
58803
58820
58837
58854
58871
58888
58905
58922
58939
58956
58973
58990
59007
59024
59041
59058
59075
59092
59109
59126
59143
59160
59177
59194
59211
59228
59245
59262
59279
59296
59313
59330
59347
59364
59381
59398
59415
59432
59449
59466
59483
59500
59517
59534
59551
59568
59585
59602
59619
59636
59653
59670
59687
59704
59721
59738
59755
59772
59789
59806
59823
59840
59857
59874
59891
59908
59925
59942
59959
59976
59993
60010
60027
60044
60061
60078
60095
60112
60129
60146
60163
60180
60197
60214
60231
60248
60265
60282
60299
60316
60333
60350
60367
60384
60401
60418
60435
60452
60469
60486
60503
60520
60537
60554
60571
60588
60605
60622
60639
60656
60673
60690
60707
60724
60741
60758
60775
60792
60809
60826
60843
60860
60877
60894
60911
60928
60945
60962
60979
60996
61013
61030
61047
61064
61081
61098
61115
61132
61149
61166
61183
61200
61217
61234
61251
61268
61285
61302
61319
61336
61353
61370
61387
61404
61421
61438
61455
61472
61489
61506
61523
61540
61557
61574
61591
61608
61625
61642
61659
61676
61693
61710
61727
61744
61761
61778
61795
61812
61829
61846
61863
61880
61897
61914
61931
61948
61965
61982
61999
62016
62033
62050
62067
62084
62101
62118
62135
62152
62169
62186
62203
62220
62237
62254
62271
62288
62305
62322
62339
62356
62373
62390
62407
62424
62441
62458
62475
62492
62509
62526
62543
62560
62577
62594
62611
62628
62645
62662
62679
62696
62713
62730
62747
62764
62781
62798
62815
62832
62849
62866
62883
62900
62917
62934
62951
62968
62985
63002
63019
63036
63053
63070
63087
63104
63121
63138
63155
63172
63189
63206
63223
63240
63257
63274
63291
63308
63325
63342
63359
63376
63393
63410
63427
63444
63461
63478
63495
63512
63529
63546
63563
63580
63597
63614
63631
63648
63665
63682
63699
63716
63733
63750
63767
63784
63801
63818
63835
63852
63869
63886
63903
63920
63937
63954
63971
63988
64005
64022
64039
64056
64073
64090
64107
64124
64141
64158
64175
64192
64209
64226
64243
64260
64277
64294
64311
64328
64345
64362
64379
64396
64413
64430
64447
64464
64481
64498
64515
64532
64549
64566
64583
64600
64617
64634
64651
64668
64685
64702
64719
64736
64753
64770
64787
64804
64821
64838
64855
64872
64889
64906
64923
64940
64957
64974
64991
65008
65025
65042
65059
65076
65093
65110
65127
65144
65161
65178
65195
65212
65229
65246
65263
65280
65297
65314
65331
65348
65365
65382
65399
65416
65433
65450
65467
65484
65501
65518
65535
65552
65569
65586
65603
65620
65637
65654
65671
65688
65705
65722
65739
65756
65773
65790
65807
65824
65841
65858
65875
65892
65909
65926
65943
65960
65977
65994
66011
66028
66045
66062
66079
66096
66113
66130
66147
66164
66181
66198
66215
66232
66249
66266
66283
66300
66317
66334
66351
66368
66385
66402
66419
66436
66453
66470
66487
66504
66521
66538
66555
66572
66589
66606
66623
66640
66657
66674
66691
66708
66725
66742
66759
66776
66793
66810
66827
66844
66861
66878
66895
66912
66929
66946
66963
66980
66997
67014
67031
67048
67065
67082
67099
67116
67133
67150
67167
67184
67201
67218
67235
67252
67269
67286
67303
67320
67337
67354
67371
67388
67405
67422
67439
67456
67473
67490
67507
67524
67541
67558
67575
67592
67609
67626
67643
67660
67677
67694
67711
67728
67745
67762
67779
67796
67813
67830
67847
67864
67881
67898
67915
67932
67949
67966
67983
68000
68017
68034
68051
68068
68085
68102
68119
68136
68153
68170
68187
68204
68221
68238
68255
68272
68289
68306
68323
68340
68357
68374
68391
68408
68425
68442
68459
68476
68493
68510
68527
68544
68561
68578
68595
68612
68629
68646
68663
68680
68697
68714
68731
68748
68765
68782
68799
68816
68833
68850
68867
68884
68901
68918
68935
68952
68969
68986
69003
69020
69037
69054
69071
69088
69105
69122
69139
69156
69173
69190
69207
69224
69241
69258
69275
69292
69309
69326
69343
69360
69377
69394
69411
69428
69445
69462
69479
69496
69513
69530
69547
69564
69581
69598
69615
69632
69649
69666
69683
69700
69717
69734
69751
69768
69785
69802
69819
69836
69853
69870
69887
69904
69921
69938
69955
69972
69989
70006
70023
70040
70057
70074
70091
70108
70125
70142
70159
70176
70193
70210
70227
70244
70261
70278
70295
70312
70329
70346
70363
70380
70397
70414
70431
70448
70465
70482
70499
70516
70533
70550
70567
70584
70601
70618
70635
70652
70669
70686
70703
70720
70737
70754
70771
70788
70805
70822
70839
70856
70873
70890
70907
70924
70941
70958
70975
70992
71009
71026
71043
71060
71077
71094
71111
71128
71145
71162
71179
71196
71213
71230
71247
71264
71281
71298
71315
71332
71349
71366
71383
71400
71417
71434
71451
71468
71485
71502
71519
71536
71553
71570
71587
71604
71621
71638
71655
71672
71689
71706
71723
71740
71757
71774
71791
71808
71825
71842
71859
71876
71893
71910
71927
71944
71961
71978
71995
72012
72029
72046
72063
72080
72097
72114
72131
72148
72165
72182
72199
72216
72233
72250
72267
72284
72301
72318
72335
72352
72369
72386
72403
72420
72437
72454
72471
72488
72505
72522
72539
72556
72573
72590
72607
72624
72641
72658
72675
72692
72709
72726
72743
72760
72777
72794
72811
72828
72845
72862
72879
72896
72913
72930
72947
72964
72981
72998
73015
73032
73049
73066
73083
73100
73117
73134
73151
73168
73185
73202
73219
73236
73253
73270
73287
73304
73321
73338
73355
73372
73389
73406
73423
73440
73457
73474
73491
73508
73525
73542
73559
73576
73593
73610
73627
73644
73661
73678
73695
73712
73729
73746
73763
73780
73797
73814
73831
73848
73865
73882
73899
73916
73933
73950
73967
73984
74001
74018
74035
74052
74069
74086
74103
74120
74137
74154
74171
74188
74205
74222
74239
74256
74273
74290
74307
74324
74341
74358
74375
74392
74409
74426
74443
74460
74477
74494
74511
74528
74545
74562
74579
74596
74613
74630
74647
74664
74681
74698
74715
74732
74749
74766
74783
74800
74817
74834
74851
74868
74885
74902
74919
74936
74953
74970
74987
75004
75021
75038
75055
75072
75089
75106
75123
75140
75157
75174
75191
75208
75225
75242
75259
75276
75293
75310
75327
75344
75361
75378
75395
75412
75429
75446
75463
75480
75497
75514
75531
75548
75565
75582
75599
75616
75633
75650
75667
75684
75701
75718
75735
75752
75769
75786
75803
75820
75837
75854
75871
75888
75905
75922
75939
75956
75973
75990
76007
76024
76041
76058
76075
76092
76109
76126
76143
76160
76177
76194
76211
76228
76245
76262
76279
76296
76313
76330
76347
76364
76381
76398
76415
76432
76449
76466
76483
76500
76517
76534
76551
76568
76585
76602
76619
76636
76653
76670
76687
76704
76721
76738
76755
76772
76789
76806
76823
76840
76857
76874
76891
76908
76925
76942
76959
76976
76993
77010
77027
77044
77061
77078
77095
77112
77129
77146
77163
77180
77197
77214
77231
77248
77265
77282
77299
77316
77333
77350
77367
77384
77401
77418
77435
77452
77469
77486
77503
77520
77537
77554
77571
77588
77605
77622
77639
77656
77673
77690
77707
77724
77741
77758
77775
77792
77809
77826
77843
77860
77877
77894
77911
77928
77945
77962
77979
77996
78013
78030
78047
78064
78081
78098
78115
78132
78149
78166
78183
78200
78217
78234
78251
78268
78285
78302
78319
78336
78353
78370
78387
78404
78421
78438
78455
78472
78489
78506
78523
78540
78557
78574
78591
78608
78625
78642
78659
78676
78693
78710
78727
78744
78761
78778
78795
78812
78829
78846
78863
78880
78897
78914
78931
78948
78965
78982
78999
79016
79033
79050
79067
79084
79101
79118
79135
79152
79169
79186
79203
79220
79237
79254
79271
79288
79305
79322
79339
79356
79373
79390
79407
79424
79441
79458
79475
79492
79509
79526
79543
79560
79577
79594
79611
79628
79645
79662
79679
79696
79713
79730
79747
79764
79781
79798
79815
79832
79849
79866
79883
79900
79917
79934
79951
79968
79985
80002
80019
80036
80053
80070
80087
80104
80121
80138
80155
80172
80189
80206
80223
80240
80257
80274
80291
80308
80325
80342
80359
80376
80393
80410
80427
80444
80461
80478
80495
80512
80529
80546
80563
80580
80597
80614
80631
80648
80665
80682
80699
80716
80733
80750
80767
80784
80801
80818
80835
80852
80869
80886
80903
80920
80937
80954
80971
80988
81005
81022
81039
81056
81073
81090
81107
81124
81141
81158
81175
81192
81209
81226
81243
81260
81277
81294
81311
81328
81345
81362
81379
81396
81413
81430
81447
81464
81481
81498
81515
81532
81549
81566
81583
81600
81617
81634
81651
81668
81685
81702
81719
81736
81753
81770
81787
81804
81821
81838
81855
81872
81889
81906
81923
81940
81957
81974
81991
82008
82025
82042
82059
82076
82093
82110
82127
82144
82161
82178
82195
82212
82229
82246
82263
82280
82297
82314
82331
82348
82365
82382
82399
82416
82433
82450
82467
82484
82501
82518
82535
82552
82569
82586
82603
82620
82637
82654
82671
82688
82705
82722
82739
82756
82773
82790
82807
82824
82841
82858
82875
82892
82909
82926
82943
82960
82977
82994
83011
83028
83045
83062
83079
83096
83113
83130
83147
83164
83181
83198
83215
83232
83249
83266
83283
83300
83317
83334
83351
83368
83385
83402
83419
83436
83453
83470
83487
83504
83521
83538
83555
83572
83589
83606
83623
83640
83657
83674
83691
83708
83725
83742
83759
83776
83793
83810
83828
83846
83864
83882
83900
83918
83936
83954
83972
83990
84008
84026
84044
84062
84080
84098
84116
84134
84152
84170
84188
84206
84224
84242
84260
84278
84296
84314
84332
84350
84368
84386
84404
84422
84440
84458
84476
84494
84512
84530
84548
84566
84584
84602
84620
84638
84656
84674
84692
84710
84728
84746
84764
84782
84800
84817
84834
84851
84868
84885
84902
84919
84936
84953
84970
84987
85004
85021
85038
85055
85072
85089
85106
85123
85140
85157
85174
85191
85208
85225
85242
85259
85276
85293
85310
85327
85344
85361
85378
85395
85412
85429
85446
85463
85480
85497
85514
85531
85548
85565
85582
85599
85616
85633
85650
85667
85684
85701
85718
85735
85752
85769
85786
85803
85820
85837
85854
85871
85888
85905
85922
85939
85956
85973
85990
86007
86024
86041
86058
86075
86092
86109
86126
86143
86160
86177
86194
86211
86228
86245
86262
86279
86296
86313
86330
86347
86364
86381
86398
86415
86432
86449
86466
86483
86500
86517
86534
86551
86568
86585
86602
86619
86636
86653
86670
86687
86704
86721
86738
86755
86772
86789
86806
86823
86840
86857
86874
86891
86908
86925
86942
86959
86976
86993
87010
87027
87044
87061
87078
87095
87112
87129
87146
87163
87180
87197
87214
87231
87248
87265
87282
87299
87316
87333
87350
87367
87384
87401
87418
87435
87452
87469
87486
87503
87520
87537
87554
87571
87588
87605
87622
87639
87656
87673
87690
87707
87724
87741
87758
87775
87792
87809
87826
87843
87860
87877
87894
87911
87928
87945
87962
87979
87996
88013
88030
88047
88064
88081
88098
88115
88132
88149
88166
88183
88200
88217
88234
88251
88268
88285
88302
88319
88336
88353
88370
88387
88404
88421
88438
88455
88472
88489
88506
88523
88540
88557
88574
88591
88608
88625
88642
88659
88676
88693
88710
88727
88744
88761
88778
88795
88812
88829
88846
88863
88880
88897
88914
88931
88948
88965
88982
88999
89016
89033
89050
89067
89084
89101
89118
89135
89152
89169
89186
89203
89220
89237
89254
89271
89288
89305
89322
89339
89356
89373
89390
89407
89424
89441
89458
89475
89492
89509
89526
89543
89560
89577
89594
89611
89628
89645
89662
89679
89696
89713
89730
89747
89764
89781
89798
89815
89832
89849
89866
89883
89900
89917
89934
89951
89968
89985
90002
90019
90036
90053
90070
90087
90104
90121
90138
90155
90172
90189
90206
90223
90240
90257
90274
90291
90308
90325
90342
90359
90376
90393
90410
90427
90444
90461
90478
90495
90512
90529
90546
90563
90580
90597
90614
90631
90648
90665
90682
90699
90716
90733
90750
90767
90784
90801
90818
90835
90852
90869
90886
90903
90920
90937
90954
90971
90988
91005
91022
91039
91056
91073
91090
91107
91124
91141
91158
91175
91192
91209
91226
91243
91260
91277
91294
91311
91328
91345
91362
91379
91396
91413
91430
91447
91464
91481
91498
91515
91532
91549
91566
91583
91600
91617
91634
91651
91668
91685
91702
91719
91736
91753
91770
91787
91804
91821
91838
91855
91872
91889
91906
91923
91940
91957
91974
91991
92008
92025
92042
92059
92076
92093
92110
92127
92144
92161
92178
92195
92212
92229
92246
92263
92280
92297
92314
92331
92348
92365
92382
92399
92416
92433
92450
92467
92484
92501
92518
92535
92552
92569
92586
92603
92620
92637
92654
92671
92688
92705
92722
92739
92756
92773
92790
92807
92824
92841
92858
92875
92892
92909
92926
92943
92960
92977
92994
93011
93028
93045
93062
93079
93096
93113
93130
93147
93164
93181
93198
93215
93232
93249
93266
93283
93300
93317
93334
93351
93368
93385
93402
93419
93436
93453
93470
93487
93504
93521
93538
93555
93572
93589
93606
93623
93640
93657
93674
93691
93708
93725
93742
93759
93776
93793
93810
93827
93844
93861
93878
93895
93912
93929
93946
93963
93980
93997
94014
94031
94048
94065
94082
94099
94116
94133
94150
94167
94184
94201
94218
94235
94252
94269
94286
94303
94320
94337
94354
94371
94388
94405
94422
94439
94456
94473
94490
94507
94524
94541
94558
94575
94592
94609
94626
94643
94660
94677
94694
94711
94728
94745
94762
94779
94796
94813
94830
94847
94864
94881
94898
94915
94932
94949
94966
94983
95000
95017
95034
95051
95068
95085
95102
95119
95136
95153
95170
95187
95204
95221
95238
95255
95272
95289
95306
95323
95340
95357
95374
95391
95408
95425
95442
95459
95476
95493
95510
95527
95544
95561
95578
95595
95612
95629
95646
95663
95680
95697
95714
95731
95748
95765
95782
95799
95816
95833
95850
95867
95884
95901
95918
95935
95952
95969
95986
96003
96020
96037
96054
96071
96088
96105
96122
96139
96156
96173
96190
96207
96224
96241
96258
96275
96292
96309
96326
96343
96360
96377
96394
96411
96428
96445
96462
96479
96496
96513
96530
96547
96564
96581
96598
96615
96632
96649
96666
96683
96700
96717
96734
96751
96768
96785
96802
96819
96836
96853
96870
96887
96904
96921
96938
96955
96972
96989
97006
97023
97040
97057
97074
97091
97108
97125
97142
97159
97176
97193
97210
97227
97244
97261
97278
97295
97312
97329
97346
97363
97380
97397
97414
97431
97448
97465
97482
97499
97516
97533
97550
97567
97584
97601
97618
97635
97652
97669
97686
97703
97720
97737
97754
97771
97788
97805
97822
97839
97856
97873
97890
97907
97924
97941
97958
97975
97992
98009
98026
98043
98060
98077
98094
98111
98128
98145
98162
98179
98196
98213
98230
98247
98264
98281
98298
98315
98332
98349
98366
98383
98400
98417
98434
98451
98468
98485
98502
98519
98536
98553
98570
98587
98604
98621
98638
98655
98672
98689
98706
98723
98740
98757
98774
98791
98808
98825
98842
98859
98876
98893
98910
98927
98944
98961
98978
98995
99012
99029
99046
99063
99080
99097
99114
99131
99148
99165
99182
99199
99216
99233
99250
99267
99284
99301
99318
99335
99352
99369
99386
99403
99420
99437
99454
99471
99488
99505
99522
99539
99556
99573
99590
99607
99624
99641
99658
99675
99692
99709
99726
99743
99760
99777
99794
99811
99828
99845
99862
99879
99896
99913
99930
99947
99964
99981
99998
100015
100032
100049
100066
100083
100100
100117
100134
100151
100168
100185
100202
100219
100236
100253
100270
100287
100304
100321
100338
100355
100372
100389
100406
100423
100440
100457
100474
100491
100508
100525
100542
100559
100576
100593
100610
100627
100644
100661
100678
100695
100712
100729
100746
100763
100780
100797
100814
100831
100848
100865
100882
100899
100916
100933
100950
100967
100984
101001
101018
101035
101052
101069
101086
101103
101120
101137
101154
101171
101188
101205
101222
101239
101256
101273
101290
101307
101324
101341
101358
101375
101392
101409
101426
101443
101460
101477
101494
101511
101528
101545
101562
101579
101596
101613
101630
101647
101664
101681
101698
101715
101732
101749
101766
101783
101800
101817
101834
101851
101868
101885
101902
101919
101936
101953
101970
101987
102004
102021
102038
102055
102072
102089
102106
102123
102140
102157
102174
102191
102208
102225
102242
102259
102276
102293
102310
102327
102344
102361
102378
102395
102412
102429
102446
102463
102480
102497
102514
102531
102548
102565
102582
102599
102616
102633
102650
102667
102684
102701
102718
102735
102752
102769
102786
102803
102820
102837
102854
102871
102888
102905
102922
102939
102956
102973
102990
103007
103024
103041
103058
103075
103092
103109
103126
103143
103160
103177
103194
103211
103228
103245
103262
103279
103296
103313
103330
103347
103364
103381
103398
103415
103432
103449
103466
103483
103500
103517
103534
103551
103568
103585
103602
103619
103636
103653
103670
103687
103704
103721
103738
103755
103772
103789
103806
103823
103840
103857
103874
103891
103908
103925
103942
103959
103976
103993
104010
104027
104044
104061
104078
104095
104112
104129
104146
104163
104180
104197
104214
104231
104248
104265
104282
104299
104316
104333
104350
104367
104384
104401
104418
104435
104452
104469
104486
104503
104520
104537
104554
104571
104588
104605
104622
104639
104656
104673
104690
104707
104724
104741
104758
104775
104792
104809
104826
104843
104860
104877
104894
104911
104928
104945
104962
104979
104996
105013
105030
105047
105064
105081
105098
105115
105132
105149
105166
105183
105200
105217
105234
105251
105268
105285
105302
105319
105336
105353
105370
105387
105404
105421
105438
105455
105472
105489
105506
105523
105540
105557
105574
105591
105608
105625
105642
105659
105676
105693
105710
105727
105744
105761
105778
105795
105812
105829
105846
105863
105880
105897
105914
105931
105948
105965
105982
105999
106016
106033
106050
106067
106084
106101
106118
106135
106152
106169
106186
106203
106220
106237
106254
106271
106288
106305
106322
106339
106356
106373
106390
106407
106424
106441
106458
106475
106492
106509
106526
106543
106560
106577
106594
106611
106628
106645
106662
106679
106696
106713
106730
106747
106764
106781
106798
106815
106832
106849
106866
106883
106900
106917
106934
106951
106968
106985
107002
107019
107036
107053
107070
107087
107104
107121
107138
107155
107172
107189
107206
107223
107240
107257
107274
107291
107308
107325
107342
107359
107376
107393
107410
107427
107444
107461
107478
107495
107512
107529
107546
107563
107580
107597
107614
107631
107648
107665
107682
107699
107716
107733
107750
107767
107784
107801
107818
107835
107852
107869
107886
107903
107920
107937
107954
107971
107988
108005
108022
108039
108056
108073
108090
108107
108124
108141
108158
108175
108192
108209
108226
108243
108260
108277
108294
108311
108328
108345
108362
108379
108396
108413
108430
108447
108464
108481
108498
108515
108532
108549
108566
108583
108600
108617
108634
108651
108668
108685
108702
108719
108736
108753
108770
108787
108804
108821
108838
108855
108872
108889
108906
108923
108940
108957
108974
108991
109008
109025
109042
109059
109076
109093
109110
109127
109144
109161
109178
109195
109212
109229
109246
109263
109280
109297
109314
109331
109348
109365
109382
109399
109416
109433
109450
109467
109484
109501
109518
109535
109552
109569
109586
109603
109620
109637
109654
109671
109688
109705
109722
109739
109756
109773
109790
109807
109824
109841
109858
109875
109892
109909
109926
109943
109960
109977
109994
110011
110028
110045
110062
110079
110096
110113
110130
110147
110164
110181
110198
110215
110232
110249
110266
110283
110300
110317
110334
110351
110368
110385
110402
110419
110436
110453
110470
110487
110504
110521
110538
110555
110572
110589
110606
110623
110640
110657
110674
110691
110708
110725
110742
110759
110776
110793
110810
110827
110844
110861
110878
110895
110912
110929
110946
110963
110980
110997
111014
111031
111048
111065
111082
111099
111116
111133
111150
111167
111184
111201
111218
111235
111252
111269
111286
111303
111320
111337
111354
111371
111388
111405
111422
111439
111456
111473
111490
111507
111524
111541
111558
111575
111592
111609
111626
111643
111660
111677
111694
111711
111728
111745
111762
111779
111796
111813
111830
111847
111864
111881
111898
111915
111932
111949
111966
111983
112000
112017
112034
112051
112068
112085
112102
112119
112136
112153
112170
112187
112204
112221
112238
112255
112272
112289
112306
112323
112340
112357
112374
112391
112408
112425
112442
112459
112476
112493
112510
112527
112544
112561
112578
112595
112612
112629
112646
112663
112680
112697
112714
112731
112748
112765
112782
112799
112816
112833
112850
112867
112884
112901
112918
112935
112952
112969
112986
113003
113020
113037
113054
113071
113088
113105
113122
113139
113156
113173
113190
113207
113224
113241
113258
113275
113292
113309
113326
113343
113360
113377
113394
113411
113428
113445
113462
113479
113496
113513
113530
113547
113564
113581
113598
113615
113632
113649
113666
113683
113700
113717
113734
113751
113768
113785
113802
113819
113836
113853
113870
113887
113904
113921
113938
113955
113972
113989
114006
114023
114040
114057
114074
114091
114108
114125
114142
114159
114176
114193
114210
114227
114244
114261
114278
114295
114312
114329
114346
114363
114380
114397
114414
114431
114448
114465
114482
114499
114516
114533
114550
114567
114584
114601
114618
114635
114652
114669
114686
114703
114720
114737
114754
114771
114788
114805
114822
114839
114856
114873
114890
114907
114924
114941
114958
114975
114992
115009
115026
115043
115060
115077
115094
115111
115128
115145
115162
115179
115196
115213
115230
115247
115264
115281
115298
115315
115332
115349
115366
115383
115400
115417
115434
115451
115468
115485
115502
115519
115536
115553
115570
115587
115604
115621
115638
115655
115672
115689
115706
115723
115740
115757
115774
115791
115808
115825
115842
115859
115876
115893
115910
115927
115944
115961
115978
115995
116012
116029
116046
116063
116080
116097
116114
116131
116148
116165
116182
116199
116216
116233
116250
116267
116284
116301
116318
116335
116352
116369
116386
116403
116420
116437
116454
116471
116488
116505
116522
116539
116556
116573
116590
116607
116624
116641
116658
116675
116692
116709
116726
116743
116760
116777
116794
116811
116828
116845
116862
116879
116896
116913
116930
116947
116964
116981
116998
117015
117032
117049
117066
117083
117100
117117
117134
117151
117168
117185
117202
117219
117236
117253
117270
117287
117304
117321
117338
117355
117372
117389
117406
117423
117440
117457
117474
117491
117508
117525
117542
117559
117576
117593
117610
117627
117644
117661
117678
117695
117712
117729
117746
117763
117780
117797
117814
117831
117848
117865
117882
117899
117916
117933
117950
117967
117984
118001
118018
118035
118052
118069
118086
118103
118120
118137
118154
118171
118188
118205
118222
118239
118256
118273
118290
118307
118324
118341
118358
118375
118392
118409
118426
118443
118460
118477
118494
118511
118528
118545
118562
118579
118596
118613
118630
118647
118664
118681
118698
118715
118732
118749
118766
118783
118800
118817
118834
118851
118868
118885
118902
118919
118936
118953
118970
118987
119004
119021
119038
119055
119072
119089
119106
119123
119140
119157
119174
119191
119208
119225
119242
119259
119276
119293
119310
119327
119344
119361
119378
119395
119412
119429
119446
119463
119480
119497
119514
119531
119548
119565
119582
119599
119616
119633
119650
119667
119684
119701
119718
119735
119752
119769
119786
119803
119820
119837
119854
119871
119888
119905
119922
119939
119956
119973
119990
120007
120024
120041
120058
120075
120092
120109
120126
120143
120160
120177
120194
120211
120228
120245
120262
120279
120296
120313
120330
120347
120364
120381
120398
120415
120432
120449
120466
120483
120500
120517
120534
120551
120568
120585
120602
120619
120636
120653
120670
120687
120704
120721
120738
120755
120772
120789
120806
120823
120840
120857
120874
120891
120908
120925
120942
120959
120976
120993
121010
121027
121044
121061
121078
121095
121112
121129
121146
121163
121180
121197
121214
121231
121248
121265
121282
121299
121316
121333
121350
121367
121384
121401
121418
121435
121452
121469
121486
121503
121520
121537
121554
121571
121588
121605
121622
121639
121656
121673
121690
121707
121724
121741
121758
121775
121792
121809
121826
121843
121860
121877
121894
121911
121928
121945
121962
121979
121996
122013
122030
122047
122064
122081
122098
122115
122132
122149
122166
122183
122200
122217
122234
122251
122268
122285
122302
122319
122336
122353
122370
122387
122404
122421
122438
122455
122472
122489
122506
122523
122540
122557
122574
122591
122608
122625
122642
122659
122676
122693
122710
122727
122744
122761
122778
122795
122812
122829
122846
122863
122880
122897
122914
122931
122948
122965
122982
122999
123016
123033
123050
123067
123084
123101
123118
123135
123152
123169
123186
123203
123220
123237
123254
123271
123288
123305
123322
123339
123356
123373
123390
123407
123424
123441
123458
123475
123492
123509
123526
123543
123560
123577
123594
123611
123628
123645
123662
123679
123696
123713
123730
123747
123764
123781
123798
123815
123832
123849
123866
123883
123900
123917
123934
123951
123968
123985
124002
124019
124036
124053
124070
124087
124104
124121
124138
124155
124172
124189
124206
124223
124240
124257
124274
124291
124308
124325
124342
124359
124376
124393
124410
124427
124444
124461
124478
124495
124512
124529
124546
124563
124580
124597
124614
124631
124648
124665
124682
124699
124716
124733
124750
124767
124784
124801
124818
124835
124852
124869
124886
124903
124920
124937
124954
124971
124988
125005
125022
125039
125056
125073
125090
125107
125124
125141
125158
125175
125192
125209
125226
125243
125260
125277
125294
125311
125328
125345
125362
125379
125396
125413
125430
125447
125464
125481
125498
125515
125532
125549
125566
125583
125600
125617
125634
125651
125668
125685
125702
125719
125736
125753
125770
125787
125804
125821
125838
125855
125872
125889
125906
125923
125940
125957
125974
125991
126008
126025
126042
126059
126076
126093
126110
126127
126144
126161
126178
126195
126212
126229
126246
126263
126280
126297
126314
126331
126348
126365
126382
126399
126416
126433
126450
126467
126484
126501
126518
126535
126552
126569
126586
126603
126620
126637
126654
126671
126688
126705
126722
126739
126756
126773
126790
126807
126824
126841
126858
126875
126892
126909
126926
126943
126960
126977
126994
127011
127028
127045
127062
127079
127096
127113
127130
127147
127164
127181
127198
127215
127232
127249
127266
127283
127300
127317
127334
127351
127368
127385
127402
127419
127436
127453
127470
127487
127504
127521
127538
127555
127572
127589
127606
127623
127640
127657
127674
127691
127708
127725
127742
127759
127776
127793
127810
127827
127844
127861
127878
127895
127912
127929
127946
127963
127980
127997
128014
128031
128048
128065
128082
128099
128116
128133
128150
128167
128184
128201
128218
128235
128252
128269
128286
128303
128320
128337
128354
128371
128388
128405
128422
128439
128456
128473
128490
128507
128524
128541
128558
128575
128592
128609
128626
128643
128660
128677
128694
128711
128728
128745
128762
128779
128796
128813
128830
128847
128864
128881
128898
128915
128932
128949
128966
128983
129000
129017
129034
129051
129068
129085
129102
129119
129136
129153
129170
129187
129204
129221
129238
129255
129272
129289
129306
129323
129340
129357
129374
129391
129408
129425
129442
129459
129476
129493
129510
129527
129544
129561
129578
129595
129612
129629
129646
129663
129680
129697
129714
129731
129748
129765
129782
129799
129816
129833
129850
129867
129884
129901
129918
129935
129952
129969
129986
130003
130020
130037
130054
130071
130088
130105
130122
130139
130156
130173
130190
130207
130224
130241
130258
130275
130292
130309
130326
130343
130360
130377
130394
130411
130428
130445
130462
130479
130496
130513
130530
130547
130564
130581
130598
130615
130632
130649
130666
130683
130700
130717
130734
130751
130768
130785
130802
130819
130836
130853
130870
130887
130904
130921
130938
130955
130972
130989
131006
131023
131040
131057
131074
131091
131108
131125
131142
131159
131176
131193
131210
131227
131244
131261
131278
131295
131312
131329
131346
131363
131380
131397
131414
131431
131448
131465
131482
131499
131516
131533
131550
131567
131584
131601
131618
131635
131652
131669
131686
131703
131720
131737
131754
131771
131788
131805
131822
131839
131856
131873
131890
131907
131924
131941
131958
131975
131992
132009
132026
132043
132060
132077
132094
132111
132128
132145
132162
132179
132196
132213
132230
132247
132264
132281
132298
132315
132332
132349
132366
132383
132400
132417
132434
132451
132468
132485
132502
132519
132536
132553
132570
132587
132604
132621
132638
132655
132672
132689
132706
132723
132740
132757
132774
132791
132808
132825
132842
132859
132876
132893
132910
132927
132944
132961
132978
132995
133012
133029
133046
133063
133080
133097
133114
133131
133148
133165
133182
133199
133216
133233
133250
133267
133284
133301
133318
133335
133352
133369
133386
133403
133420
133437
133454
133471
133488
133505
133522
133539
133556
133573
133590
133607
133624
133641
133658
133675
133692
133709
133726
133743
133760
133777
133794
133811
133828
133845
133862
133879
133896
133913
133930
133947
133964
133981
133998
134015
134032
134049
134066
134083
134100
134117
134134
134151
134168
134185
134202
134219
134236
134253
134270
134287
134304
134321
134338
134355
134372
134389
134406
134423
134440
134457
134474
134491
134508
134525
134542
134559
134576
134593
134610
134627
134644
134661
134678
134695
134712
134729
134746
134763
134780
134797
134814
134831
134848
134865
134882
134899
134916
134933
134950
134967
134984
135001
135018
135035
135052
135069
135086
135103
135120
135137
135154
135171
135188
135205
135222
135239
135256
135273
135290
135307
135324
135341
135358
135375
135392
135409
135426
135443
135460
135477
135494
135511
135528
135545
135562
135579
135596
135613
135630
135647
135664
135681
135698
135715
135732
135749
135766
135783
135800
135817
135834
135851
135868
135885
135902
135919
135936
135953
135970
135987
136004
136021
136038
136055
136072
136089
136106
136123
136140
136157
136174
136191
136208
136225
136242
136259
136276
136293
136310
136327
136344
136361
136378
136395
136412
136429
136446
136463
136480
136497
136514
136531
136548
136565
136582
136599
136616
136633
136650
136667
136684
136701
136718
136735
136752
136769
136786
136803
136820
136837
136854
136871
136888
136905
136922
136939
136956
136973
136990
137007
137024
137041
137058
137075
137092
137109
137126
137143
137160
137177
137194
137211
137228
137245
137262
137279
137296
137313
137330
137347
137364
137381
137398
137415
137432
137449
137466
137483
137500
137517
137534
137551
137568
137585
137602
137619
137636
137653
137670
137687
137704
137721
137738
137755
137772
137789
137806
137823
137840
137857
137874
137891
137908
137925
137942
137959
137976
137993
138010
138027
138044
138061
138078
138095
138112
138129
138146
138163
138180
138197
138214
138231
138248
138265
138282
138299
138316
138333
138350
138367
138384
138401
138418
138435
138452
138469
138486
138503
138520
138537
138554
138571
138588
138605
138622
138639
138656
138673
138690
138707
138724
138741
138758
138775
138792
138809
138826
138843
138860
138877
138894
138911
138928
138945
138962
138979
138996
139013
139030
139047
139064
139081
139098
139115
139132
139149
139166
139183
139200
139217
139234
139251
139268
139285
139302
139319
139336
139353
139370
139387
139404
139421
139438
139455
139472
139489
139506
139523
139540
139557
139574
139591
139608
139625
139642
139659
139676
139693
139710
139727
139744
139761
139778
139795
139812
139829
139846
139863
139880
139897
139914
139931
139948
139965
139982
139999
140016
140033
140050
140067
140084
140101
140118
140135
140152
140169
140186
140203
140220
140237
140254
140271
140288
140305
140322
140339
140356
140373
140390
140407
140424
140441
140458
140475
140492
140509
140526
140543
140560
140577
140594
140611
140628
140645
140662
140679
140696
140713
140730
140747
140764
140781
140798
140815
140832
140849
140866
140883
140900
140917
140934
140951
140968
140985
141002
141019
141036
141053
141070
141087
141104
141121
141138
141155
141172
141189
141206
141223
141240
141257
141274
141291
141308
141325
141342
141359
141376
141393
141410
141427
141444
141461
141478
141495
141512
141529
141546
141563
141580
141597
141614
141631
141648
141665
141682
141699
141716
141733
141750
141767
141784
141801
141818
141835
141852
141869
141886
141903
141920
141937
141954
141971
141988
142005
142022
142039
142056
142073
142090
142107
142124
142141
142158
142175
142192
142209
142226
142243
142260
142277
142294
142311
142328
142345
142362
142379
142396
142413
142430
142447
142464
142481
142498
142515
142532
142549
142566
142583
142600
142617
142634
142651
142668
142685
142702
142719
142736
142753
142770
142787
142804
142821
142838
142855
142872
142889
142906
142923
142940
142957
142974
142991
143008
143025
143042
143059
143076
143093
143110
143127
143144
143161
143178
143195
143212
143229
143246
143263
143280
143297
143314
143331
143348
143365
143382
143399
143416
143433
143450
143467
143484
143501
143518
143535
143552
143569
143586
143603
143620
143637
143654
143671
143688
143705
143722
143739
143756
143773
143790
143807
143824
143841
143858
143875
143892
143909
143926
143943
143960
143977
143994
144011
144028
144045
144062
144079
144096
144113
144130
144147
144164
144181
144198
144215
144232
144249
144266
144283
144300
144317
144334
144351
144368
144385
144402
144419
144436
144453
144470
144487
144504
144521
144538
144555
144572
144589
144606
144623
144640
144657
144674
144691
144708
144725
144742
144759
144776
144793
144810
144827
144844
144861
144878
144895
144912
144929
144946
144963
144980
144997
145014
145031
145048
145065
145082
145099
145116
145133
145150
145167
145184
145201
145218
145235
145252
145269
145286
145303
145320
145337
145354
145371
145388
145405
145422
145439
145456
145473
145490
145507
145524
145541
145558
145575
145592
145609
145626
145643
145660
145677
145694
145711
145728
145745
145762
145779
145796
145813
145830
145847
145864
145881
145898
145915
145932
145949
145966
145983
146000
146017
146034
146051
146068
146085
146102
146119
146136
146153
146170
146187
146204
146221
146238
146255
146272
146289
146306
146323
146340
146357
146374
146391
146408
146425
146442
146459
146476
146493
146510
146527
146544
146561
146578
146595
146612
146629
146646
146663
146680
146697
146714
146731
146748
146765
146782
146799
146816
146833
146850
146867
146884
146901
146918
146935
146952
146969
146986
147003
147020
147037
147054
147071
147088
147105
147122
147139
147156
147173
147190
147207
147224
147241
147258
147275
147292
147309
147326
147343
147360
147377
147394
147411
147428
147445
147462
147479
147496
147513
147530
147547
147564
147581
147598
147615
147632
147649
147666
147683
147700
147717
147734
147751
147768
147785
147802
147819
147836
147853
147870
147887
147904
147921
147938
147955
147972
147989
148006
148023
148040
148057
148074
148091
148108
148125
148142
148159
148176
148193
148210
148227
148244
148261
148278
148295
148312
148329
148346
148363
148380
148397
148414
148431
148448
148465
148482
148499
148516
148533
148550
148567
148584
148601
148618
148635
148652
148669
148686
148703
148720
148737
148754
148771
148788
148805
148822
148839
148856
148873
148890
148907
148924
148941
148958
148975
148992
149009
149026
149043
149060
149077
149094
149111
149128
149145
149162
149179
149196
149213
149230
149247
149264
149281
149298
149315
149332
149349
149366
149383
149400
149417
149434
149451
149468
149485
149502
149519
149536
149553
149570
149587
149604
149621
149638
149655
149672
149689
149706
149723
149740
149757
149774
149791
149808
149825
149842
149859
149876
149893
149910
149927
149944
149961
149978
149995
150012
150029
150046
150063
150080
150097
150114
150131
150148
150165
150182
150199
150216
150233
150250
150267
150284
150301
150318
150335
150352
150369
150386
150403
150420
150437
150454
150471
150488
150505
150522
150539
150556
150573
150590
150607
150624
150641
150658
150675
150692
150709
150726
150743
150760
150777
150794
150811
150828
150845
150862
150879
150896
150913
150930
150947
150964
150981
150998
151015
151032
151049
151066
151083
151100
151117
151134
151151
151168
151185
151202
151219
151236
151253
151270
151287
151304
151321
151338
151355
151372
151389
151406
151423
151440
151457
151474
151491
151508
151525
151542
151559
151576
151593
151610
151627
151644
151661
151678
151695
151712
151729
151746
151763
151780
151797
151814
151831
151848
151865
151882
151899
151916
151933
151950
151967
151984
152001
152018
152035
152052
152069
152086
152103
152120
152137
152154
152171
152188
152205
152222
152239
152256
152273
152290
152307
152324
152341
152358
152375
152392
152409
152426
152443
152460
152477
152494
152511
152528
152545
152562
152579
152596
152613
152630
152647
152664
152681
152698
152715
152732
152749
152766
152783
152800
152817
152834
152851
152868
152885
152902
152919
152936
152953
152970
152987
153004
153021
153038
153055
153072
153089
153106
153123
153140
153157
153174
153191
153208
153225
153242
153259
153276
153293
153310
153327
153344
153361
153378
153395
153412
153429
153446
153463
153480
153497
153514
153531
153548
153565
153582
153599
153616
153633
153650
153667
153684
153701
153718
153735
153752
153769
153786
153803
153820
153837
153854
153871
153888
153905
153922
153939
153956
153973
153990
154007
154024
154041
154058
154075
154092
154109
154126
154143
154160
154177
154194
154211
154228
154245
154262
154279
154296
154313
154330
154347
154364
154381
154398
154415
154432
154449
154466
154483
154500
154517
154534
154551
154568
154585
154602
154619
154636
154653
154670
154687
154704
154721
154738
154755
154772
154789
154806
154823
154840
154857
154874
154891
154908
154925
154942
154959
154976
154993
155010
155027
155044
155061
155078
155095
155112
155129
155146
155163
155180
155197
155214
155231
155248
155265
155282
155299
155316
155333
155350
155367
155384
155401
155418
155435
155452
155469
155486
155503
155520
155537
155554
155571
155588
155605
155622
155639
155656
155673
155690
155707
155724
155741
155758
155775
155792
155809
155826
155843
155860
155877
155894
155911
155928
155945
155962
155979
155996
156013
156030
156047
156064
156081
156098
156115
156132
156149
156166
156183
156200
156217
156234
156251
156268
156285
156302
156319
156336
156353
156370
156387
156404
156421
156438
156455
156472
156489
156506
156523
156540
156557
156574
156591
156608
156625
156642
156659
156676
156693
156710
156727
156744
156761
156778
156795
156812
156829
156846
156863
156880
156897
156914
156931
156948
156965
156982
156999
157016
157033
157050
157067
157084
157101
157118
157135
157152
157169
157186
157203
157220
157237
157254
157271
157288
157305
157322
157339
157356
157373
157390
157407
157424
157441
157458
157475
157492
157509
157526
157543
157560
157577
157594
157611
157628
157645
157662
157679
157696
157713
157730
157747
157764
157781
157798
157815
157832
157849
157866
157883
157900
157917
157934
157951
157968
157985
158002
158019
158036
158053
158070
158087
158104
158121
158138
158155
158172
158189
158206
158223
158240
158257
158274
158291
158308
158325
158342
158359
158376
158393
158410
158427
158444
158461
158478
158495
158512
158529
158546
158563
158580
158597
158614
158631
158648
158665
158682
158699
158716
158733
158750
158767
158784
158801
158818
158835
158852
158869
158886
158903
158920
158937
158954
158971
158988
159005
159022
159039
159056
159073
159090
159107
159124
159141
159158
159175
159192
159209
159226
159243
159260
159277
159294
159311
159328
159345
159362
159379
159396
159413
159430
159447
159464
159481
159498
159515
159532
159549
159566
159583
159600
159617
159634
159651
159668
159685
159702
159719
159736
159753
159770
159787
159804
159821
159838
159855
159872
159889
159906
159923
159940
159957
159974
159991
160008
160025
160042
160059
160076
160093
160110
160127
160144
160161
160178
160195
160212
160229
160246
160263
160280
160297
160314
160331
160348
160365
160382
160399
160416
160433
160450
160467
160484
160501
160518
160535
160552
160569
160586
160603
160620
160637
160654
160671
160688
160705
160722
160739
160756
160773
160790
160807
160824
160841
160858
160875
160892
160909
160926
160943
160960
160977
160994
161011
161028
161045
161062
161079
161096
161113
161130
161147
161164
161181
161198
161215
161232
161249
161266
161283
161300
161317
161334
161351
161368
161385
161402
161419
161436
161453
161470
161487
161504
161521
161538
161555
161572
161589
161606
161623
161640
161657
161674
161691
161708
161725
161742
161759
161776
161793
161810
161827
161844
161861
161878
161895
161912
161929
161946
161963
161980
161997
162014
162031
162048
162065
162082
162099
162116
162133
162150
162167
162184
162201
162218
162235
162252
162269
162286
162303
162320
162337
162354
162371
162388
162405
162422
162439
162456
162473
162490
162507
162524
162541
162558
162575
162592
162609
162626
162643
162660
162677
162694
162711
162728
162745
162762
162779
162796
162813
162830
162847
162864
162881
162898
162915
162932
162949
162966
162983
163000
163017
163034
163051
163068
163085
163102
163119
163136
163153
163170
163187
163204
163221
163238
163255
163272
163289
163306
163323
163340
163357
163374
163391
163408
163425
163442
163459
163476
163493
163510
163527
163544
163561
163578
163595
163612
163629
163646
163663
163680
163697
163714
163731
163748
163765
163782
163799
163816
163833
163850
163867
163884
163901
163918
163935
163952
163969
163986
164003
164020
164037
164054
164071
164088
164105
164122
164139
164156
164173
164190
164207
164224
164241
164258
164275
164292
164309
164326
164343
164360
164377
164394
164411
164428
164445
164462
164479
164496
164513
164530
164547
164564
164581
164598
164615
164632
164649
164666
164683
164700
164717
164734
164751
164768
164785
164802
164819
164836
164853
164870
164887
164904
164921
164938
164955
164972
164989
165006
165023
165040
165057
165074
165091
165108
165125
165142
165159
165176
165193
165210
165227
165244
165261
165278
165295
165312
165329
165346
165363
165380
165397
165414
165431
165448
165465
165482
165499
165516
165533
165550
165567
165584
165601
165618
165635
165652
165669
165686
165703
165720
165737
165754
165771
165788
165805
165822
165839
165856
165873
165890
165907
165924
165941
165958
165975
165992
166009
166026
166043
166060
166077
166094
166111
166128
166145
166162
166179
166196
166213
166230
166247
166264
166281
166298
166315
166332
166349
166366
166383
166400
166417
166434
166451
166468
166485
166502
166519
166536
166553
166570
166587
166604
166621
166638
166655
166672
166689
166706
166723
166740
166757
166774
166791
166808
166825
166842
166859
166876
166893
166910
166927
166944
166961
166978
166995
167012
167029
167046
167063
167080
167097
167114
167131
167148
167165
167182
167199
167216
167233
167250
167267
167284
167301
167318
167335
167352
167369
167386
167403
167420
167437
167454
167471
167488
167505
167522
167539
167556
167573
167590
167607
167624
167641
167658
167675
167692
167709
167726
167743
167760
167777
167794
167811
167828
167845
167862
167879
167896
167913
167930
167947
167964
167981
167998
168015
168032
168049
168066
168083
168100
168117
168134
168151
168168
168185
168202
168219
168236
168253
168270
168287
168304
168321
168338
168355
168372
168389
168406
168423
168440
168457
168474
168491
168508
168525
168542
168559
168576
168593
168610
168627
168644
168661
168678
168695
168712
168729
168746
168763
168780
168797
168814
168831
168848
168865
168882
168899
168916
168933
168950
168967
168984
169001
169018
169035
169052
169069
169086
169103
169120
169137
169154
169171
169188
169205
169222
169239
169256
169273
169290
169307
169324
169341
169358
169375
169392
169409
169426
169443
169460
169477
169494
169511
169528
169545
169562
169579
169596
169613
169630
169647
169664
169681
169698
169715
169732
169749
169766
169783
169800
169817
169834
169851
169868
169885
169902
169919
169936
169953
169970
169987
170004
170021
170038
170055
170072
170089
170106
170123
170140
170157
170174
170191
170208
170225
170242
170259
170276
170293
170310
170327
170344
170361
170378
170395
170412
170429
170446
170463
170480
170497
170514
170531
170548
170565
170582
170599
170616
170633
170650
170667
170684
170701
170718
170735
170752
170769
170786
170803
170820
170837
170854
170871
170888
170905
170922
170939
170956
170973
170990
171007
171024
171041
171058
171075
171092
171109
171126
171143
171160
171177
171194
171211
171228
171245
171262
171279
171296
171313
171330
171347
171364
171381
171398
171415
171432
171449
171466
171483
171500
171517
171534
171551
171568
171585
171602
171619
171636
171653
171670
171687
171704
171721
171738
171755
171772
171789
171806
171823
171840
171857
171874
171891
171908
171925
171942
171959
171976
171993
172010
172027
172044
172061
172078
172095
172112
172129
172146
172163
172180
172197
172214
172231
172248
172265
172282
172299
172316
172333
172350
172367
172384
172401
172418
172435
172452
172469
172486
172503
172520
172537
172554
172571
172588
172605
172622
172639
172656
172673
172690
172707
172724
172741
172758
172775
172792
172809
172826
172843
172860
172877
172894
172911
172928
172945
172962
172979
172996
173013
173030
173047
173064
173081
173098
173115
173132
173149
173166
173183
173200
173217
173234
173251
173268
173285
173302
173319
173336
173353
173370
173387
173404
173421
173438
173455
173472
173489
173506
173523
173540
173557
173574
173591
173608
173625
173642
173659
173676
173693
173710
173727
173744
173761
173778
173795
173812
173829
173846
173863
173880
173897
173914
173931
173948
173965
173982
173999
174016
174033
174050
174067
174084
174101
174118
174135
174152
174169
174186
174203
174220
174237
174254
174271
174288
174305
174322
174339
174356
174373
174390
174407
174424
174441
174458
174475
174492
174509
174526
174543
174560
174577
174594
174611
174628
174645
174662
174679
174696
174713
174730
174747
174764
174781
174798
174815
174832
174849
174866
174883
174900
174917
174934
174951
174968
174985
175002
175019
175036
175053
175070
175087
175104
175121
175138
175155
175172
175189
175206
175223
175240
175257
175274
175291
175308
175325
175342
175359
175376
175393
175410
175427
175444
175461
175478
175495
175512
175529
175546
175563
175580
175597
175614
175631
175648
175665
175682
175699
175716
175733
175750
175767
175784
175801
175818
175835
175852
175869
175886
175903
175920
175937
175954
175971
175988
176005
176022
176039
176056
176073
176090
176107
176124
176141
176158
176175
176192
176209
176226
176243
176260
176277
176294
176311
176328
176345
176362
176379
176396
176413
176430
176447
176464
176481
176498
176515
176532
176549
176566
176583
176600
176617
176634
176651
176668
176685
176702
176719
176736
176753
176770
176787
176804
176821
176838
176855
176872
176889
176906
176923
176940
176957
176974
176991
177008
177025
177042
177059
177076
177093
177110
177127
177144
177161
177178
177195
177212
177229
177246
177263
177280
177297
177314
177331
177348
177365
177382
177399
177416
177433
177450
177467
177484
177501
177518
177535
177552
177569
177586
177603
177620
177637
177654
177671
177688
177705
177722
177739
177756
177773
177790
177807
177824
177841
177858
177875
177892
177909
177926
177943
177960
177977
177994
178011
178028
178045
178062
178079
178096
178113
178130
178147
178164
178181
178198
178215
178232
178249
178266
178283
178300
178317
178334
178351
178368
178385
178402
178419
178436
178453
178470
178487
178504
178521
178538
178555
178572
178589
178606
178623
178640
178657
178674
178691
178708
178725
178742
178759
178776
178793
178810
178827
178844
178861
178878
178895
178912
178929
178946
178963
178980
178997
179014
179031
179048
179065
179082
179099
179116
179133
179150
179167
179184
179201
179218
179235
179252
179269
179286
179303
179320
179337
179354
179371
179388
179405
179422
179439
179456
179473
179490
179507
179524
179541
179558
179575
179592
179609
179626
179643
179660
179677
179694
179711
179728
179745
179762
179779
179796
179813
179830
179847
179864
179881
179898
179915
179932
179949
179966
179983
180000
180017
180034
180051
180068
180085
180102
180119
180136
180153
180170
180187
180204
180221
180238
180255
180272
180289
180306
180323
180340
180357
180374
180391
180408
180425
180442
180459
180476
180493
180510
180527
180544
180561
180578
180595
180612
180629
180646
180663
180680
180697
180714
180731
180748
180765
180782
180799
180816
180833
180850
180867
180884
180901
180918
180935
180952
180969
180986
181003
181020
181037
181054
181071
181088
181105
181122
181139
181156
181173
181190
181207
181224
181241
181258
181275
181292
181309
181326
181343
181360
181377
181394
181411
181428
181445
181462
181479
181496
181513
181530
181547
181564
181581
181598
181615
181632
181649
181666
181683
181700
181717
181734
181751
181768
181785
181802
181819
181836
181853
181870
181887
181904
181921
181938
181955
181972
181989
182006
182023
182040
182057
182074
182091
182108
182125
182142
182159
182176
182193
182210
182227
182244
182261
182278
182295
182312
182329
182346
182363
182380
182397
182414
182431
182448
182465
182482
182499
182516
182533
182550
182567
182584
182601
182618
182635
182652
182669
182686
182703
182720
182737
182754
182771
182788
182805
182822
182839
182856
182873
182890
182907
182924
182941
182958
182975
182992
183009
183026
183043
183060
183077
183094
183111
183128
183145
183162
183179
183196
183213
183230
183247
183264
183281
183298
183315
183332
183349
183366
183383
183400
183417
183434
183451
183468
183485
183502
183519
183536
183553
183570
183587
183604
183621
183638
183655
183672
183689
183706
183723
183740
183757
183774
183791
183808
183825
183842
183859
183876
183893
183910
183927
183944
183961
183978
183995
184012
184029
184046
184063
184080
184097
184114
184131
184148
184165
184182
184199
184216
184233
184250
184267
184284
184301
184318
184335
184352
184369
184386
184403
184420
184437
184454
184471
184488
184505
184522
184539
184556
184573
184590
184607
184624
184641
184658
184675
184692
184709
184726
184743
184760
184777
184794
184811
184828
184845
184862
184879
184896
184913
184930
184947
184964
184981
184998
185015
185032
185049
185066
185083
185100
185117
185134
185151
185168
185185
185202
185219
185236
185253
185270
185287
185304
185321
185338
185355
185372
185389
185406
185423
185440
185457
185474
185491
185508
185525
185542
185559
185576
185593
185610
185627
185644
185661
185678
185695
185712
185729
185746
185763
185780
185797
185814
185831
185848
185865
185882
185899
185916
185933
185950
185967
185984
186001
186018
186035
186052
186069
186086
186103
186120
186137
186154
186171
186188
186205
186222
186239
186256
186273
186290
186307
186324
186341
186358
186375
186392
186409
186426
186443
186460
186477
186494
186511
186528
186545
186562
186579
186596
186613
186630
186647
186664
186681
186698
186715
186732
186749
186766
186783
186800
186817
186834
186851
186868
186885
186902
186919
186936
186953
186970
186987
187004
187021
187038
187055
187072
187089
187106
187123
187140
187157
187174
187191
187208
187225
187242
187259
187276
187293
187310
187327
187344
187360
187376
187392
187408
187424
187440
187456
187472
187488
187504
187520
187536
187552
187568
187584
187600
187616
187632
187648
187664
187680
187696
187712
187728
187744
187760
187776
187792
187808
187824
187840
187856
187872
187888
187904
187920
187936
187952
187968
187984
188000
188016
188032
188048
188064
188080
188096
188112
188128
188144
188160
188176
188192
188208
188224
188240
188256
188272
188288
188304
188320
188336
188353
188370
188387
188404
188421
188438
188455
188472
188489
188506
188523
188540
188557
188574
188591
188608
188625
188642
188659
188676
188693
188710
188727
188744
188761
188778
188795
188812
188829
188846
188863
188880
188897
188914
188931
188948
188965
188982
188999
189016
189033
189050
189067
189084
189101
189118
189135
189152
189169
189186
189203
189220
189237
189254
189271
189288
189305
189322
189339
189356
189373
189390
189407
189424
189441
189458
189475
189492
189509
189526
189543
189560
189577
189594
189611
189628
189645
189662
189679
189696
189713
189730
189747
189764
189781
189798
189815
189832
189849
189866
189883
189900
189917
189934
189951
189968
189985
190002
190019
190036
190053
190070
190087
190104
190121
190138
190155
190172
190189
190206
190223
190240
190257
190274
190291
190308
190325
190342
190359
190376
190393
190410
190427
190444
190461
190478
190495
190512
190529
190546
190563
190580
190597
190614
190631
190648
190665
190682
190699
190716
190733
190750
190767
190784
190801
190818
190835
190852
190869
190886
190903
190920
190937
190954
190971
190988
191005
191022
191039
191056
191073
191090
191107
191124
191141
191158
191175
191192
191209
191226
191243
191260
191277
191294
191311
191328
191345
191362
191379
191396
191413
191430
191447
191464
191481
191498
191515
191532
191549
191566
191583
191600
191617
191634
191651
191668
191685
191702
191719
191736
191753
191770
191787
191804
191821
191838
191855
191872
191889
191906
191923
191940
191957
191974
191991
192008
192025
192042
192059
192076
192093
192110
192127
192144
192161
192178
192195
192212
192229
192246
192263
192280
192297
192314
192331
192348
192365
192382
192399
192416
192433
192450
192467
192484
192501
192518
192535
192552
192569
192586
192603
192620
192637
192654
192671
192688
192705
192722
192739
192756
192773
192790
192807
192824
192841
192858
192875
192892
192909
192926
192943
192960
192977
192994
193011
193028
193045
193062
193079
193096
193113
193130
193147
193164
193181
193198
193215
193232
193249
193266
193283
193300
193317
193334
193351
193368
193385
193402
193419
193436
193453
193470
193487
193504
193521
193538
193555
193572
193589
193606
193623
193640
193657
193674
193691
193708
193725
193742
193759
193776
193793
193810
193827
193844
193861
193878
193895
193912
193929
193946
193963
193980
193997
194014
194031
194048
194065
194082
194099
194116
194133
194150
194167
194184
194201
194218
194235
194252
194269
194286
194303
194320
194337
194354
194371
194388
194405
194422
194439
194456
194473
194490
194507
194524
194541
194558
194575
194592
194609
194626
194643
194660
194677
194694
194711
194728
194745
194762
194779
194796
194813
194830
194847
194864
194881
194898
194915
194932
194949
194966
194983
195000
195017
195034
195051
195068
195085
195102
195119
195136
195153
195170
195187
195204
195221
195238
195255
195272
195289
195306
195323
195340
195357
195374
195391
195408
195425
195442
195459
195476
195493
195510
195527
195544
195561
195578
195595
195612
195629
195646
195663
195680
195697
195714
195731
195748
195765
195782
195799
195816
195833
195850
195867
195884
195901
195918
195935
195952
195969
195986
196003
196020
196037
196054
196071
196088
196105
196122
196139
196156
196173
196190
196207
196224
196241
196258
196275
196292
196309
196326
196343
196360
196377
196394
196411
196428
196445
196462
196479
196496
196513
196530
196547
196564
196581
196598
196615
196632
196649
196666
196683
196700
196717
196734
196751
196768
196785
196802
196819
196836
196853
196870
196887
196904
196921
196938
196955
196972
196989
197006
197023
197040
197057
197074
197091
197108
197125
197142
197159
197176
197193
197210
197227
197244
197261
197278
197295
197312
197329
197346
197363
197380
197397
197414
197431
197448
197465
197482
197499
197516
197533
197550
197567
197584
197601
197618
197635
197652
197669
197686
197703
197720
197737
197754
197771
197788
197805
197822
197839
197856
197873
197890
197907
197924
197941
197958
197975
197992
198009
198026
198043
198060
198077
198094
198111
198128
198145
198162
198179
198196
198213
198230
198247
198264
198281
198298
198315
198332
198349
198366
198383
198400
198417
198434
198451
198468
198485
198502
198519
198536
198553
198570
198587
198604
198621
198638
198655
198672
198689
198706
198723
198740
198757
198774
198791
198808
198825
198842
198859
198876
198893
198910
198927
198944
198961
198978
198995
199012
199029
199046
199063
199080
199097
199114
199131
199148
199165
199182
199199
199216
199233
199250
199267
199284
199301
199318
199335
199352
199369
199386
199403
199420
199437
199454
199471
199488
199505
199522
199539
199556
199573
199590
199607
199624
199641
199658
199675
199692
199709
199726
199743
199760
199777
199794
199811
199828
199845
199862
199879
199896
199913
199930
199947
199964
199981
199998
200015
200032
200049
200066
200083
200100
200117
200134
200151
200168
200185
200202
200219
200236
200253
200270
200287
200304
200321
200338
200355
200372
200389
200406
200423
200440
200457
200474
200491
200508
200525
200542
200559
200576
200593
200610
200627
200644
200661
200678
200695
200712
200729
200746
200763
200780
200797
200814
200831
200848
200865
200882
200899
200916
200933
200950
200967
200984
201001
201018
201035
201052
201069
201086
201103
201120
201137
201154
201171
201188
201205
201222
201239
201256
201273
201290
201307
201324
201341
201358
201375
201392
201409
201426
201443
201460
201477
201494
201511
201528
201545
201562
201579
201596
201613
201630
201647
201664
201681
201698
201715
201732
201749
201766
201783
201800
201817
201834
201851
201868
201885
201902
201919
201936
201953
201970
201987
202004
202021
202038
202055
202072
202089
202106
202123
202140
202157
202174
202191
202208
202225
202242
202259
202276
202293
202310
202327
202344
202361
202378
202395
202412
202429
202446
202463
202480
202497
202514
202531
202548
202565
202582
202599
202616
202633
202650
202667
202684
202701
202718
202735
202752
202769
202786
202803
202820
202837
202854
202871
202888
202905
202922
202939
202956
202973
202990
203007
203024
203041
203058
203075
203092
203109
203126
203143
203160
203177
203194
203211
203228
203245
203262
203279
203296
203313
203330
203347
203364
203381
203398
203415
203432
203449
203466
203483
203500
203517
203534
203551
203568
203585
203602
203619
203636
203653
203670
203687
203704
203721
203738
203755
203772
203789
203806
203823
203840
203857
203874
203891
203908
203925
203942
203959
203976
203993
204010
204027
204044
204061
204078
204095
204112
204129
204146
204163
204180
204197
204214
204231
204248
204265
204282
204299
204316
204333
204350
204367
204384
204401
204418
204435
204452
204469
204486
204503
204520
204537
204554
204571
204588
204605
204622
204639
204656
204673
204690
204707
204724
204741
204758
204775
204792
204809
204826
204843
204860
204877
204894
204911
204928
204945
204962
204979
204996
205013
205030
205047
205064
205081
205098
205115
205132
205149
205166
205183
205200
205217
205234
205251
205268
205285
205302
205319
205336
205353
205370
205387
205404
205421
205438
205455
205472
205489
205506
205523
205540
205557
205574
205591
205608
205625
205642
205659
205676
205693
205710
205727
205744
205761
205778
205795
205812
205829
205846
205863
205880
205897
205914
205931
205948
205965
205982
205999
206016
206033
206050
206067
206084
206101
206118
206135
206152
206169
206186
206203
206220
206237
206254
206271
206288
206305
206322
206339
206356
206373
206390
206407
206424
206441
206458
206475
206492
206509
206526
206543
206560
206577
206594
206611
206628
206645
206662
206679
206696
206713
206730
206747
206764
206781
206798
206815
206832
206849
206866
206883
206900
206917
206934
206951
206968
206985
207002
207019
207036
207053
207070
207087
207104
207121
207138
207155
207172
207189
207206
207223
207240
207257
207274
207291
207308
207325
207342
207359
207376
207393
207410
207427
207444
207461
207478
207495
207512
207529
207546
207563
207580
207597
207614
207631
207648
207665
207682
207699
207716
207733
207750
207767
207784
207801
207818
207835
207852
207869
207886
207903
207920
207937
207954
207971
207988
208005
208022
208039
208056
208073
208090
208107
208124
208141
208158
208175
208192
208209
208226
208243
208260
208277
208294
208311
208328
208345
208362
208379
208396
208413
208430
208447
208464
208481
208498
208515
208532
208549
208566
208583
208600
208617
208634
208651
208668
208685
208702
208719
208736
208753
208770
208787
208804
208821
208838
208855
208872
208889
208906
208923
208940
208957
208974
208991
209008
209025
209042
209059
209076
209093
209110
209127
209144
209161
209178
209195
209212
209229
209246
209263
209280
209297
209314
209331
209348
209365
209382
209399
209416
209433
209450
209467
209484
209501
209518
209535
209552
209569
209586
209603
209620
209637
209654
209671
209688
209705
209722
209739
209756
209773
209790
209807
209824
209841
209858
209875
209892
209909
209926
209943
209960
209977
209994
210011
210028
210045
210062
210079
210096
210113
210130
210147
210164
210181
210198
210215
210232
210249
210266
210283
210300
210317
210334
210351
210368
210385
210402
210419
210436
210453
210470
210487
210504
210521
210538
210555
210572
210589
210606
210623
210640
210657
210674
210691
210708
210725
210742
210759
210776
210793
210810
210827
210844
210861
210878
210895
210912
210929
210946
210963
210980
210997
211014
211031
211048
211065
211082
211099
211116
211133
211150
211167
211184
211201
211218
211235
211252
211269
211286
211303
211320
211337
211354
211371
211388
211405
211422
211439
211456
211473
211490
211507
211524
211541
211558
211575
211592
211609
211626
211643
211660
211677
211694
211711
211728
211745
211762
211779
211796
211813
211830
211847
211864
211881
211898
211915
211932
211949
211966
211983
212000
212017
212034
212051
212068
212085
212102
212119
212136
212153
212170
212187
212204
212221
212238
212255
212272
212289
212306
212323
212340
212357
212374
212391
212408
212425
212442
212459
212476
212493
212510
212527
212544
212561
212578
212595
212612
212629
212646
212663
212680
212697
212714
212731
212748
212765
212782
212799
212816
212833
212850
212867
212884
212901
212918
212935
212952
212969
212986
213003
213020
213037
213054
213071
213088
213105
213122
213139
213156
213173
213190
213207
213224
213241
213258
213275
213292
213309
213326
213343
213360
213377
213394
213411
213428
213445
213462
213479
213496
213513
213530
213547
213564
213581
213598
213615
213632
213649
213666
213683
213700
213717
213734
213751
213768
213785
213802
213819
213836
213853
213870
213887
213904
213921
213938
213955
213972
213989
214006
214023
214040
214057
214074
214091
214108
214125
214142
214159
214176
214193
214210
214227
214244
214261
214278
214295
214312
214329
214346
214363
214380
214397
214414
214431
214448
214465
214482
214499
214516
214533
214550
214567
214584
214601
214618
214635
214652
214669
214686
214703
214720
214737
214754
214771
214788
214805
214822
214839
214856
214873
214890
214907
214924
214941
214958
214975
214992
215009
215026
215043
215060
215077
215094
215111
215128
215145
215162
215179
215196
215213
215230
215247
215264
215281
215298
215315
215332
215349
215366
215383
215400
215417
215434
215451
215468
215485
215502
215519
215536
215553
215570
215587
215604
215621
215638
215655
215672
215689
215706
215723
215740
215757
215774
215791
215808
215825
215842
215859
215876
215893
215910
215927
215944
215961
215978
215995
216012
216029
216046
216063
216080
216097
216114
216131
216148
216165
216182
216199
216216
216233
216250
216267
216284
216301
216318
216335
216352
216369
216386
216403
216420
216437
216454
216471
216488
216505
216522
216539
216556
216573
216590
216607
216624
216641
216658
216675
216692
216709
216726
216743
216760
216777
216794
216811
216828
216845
216862
216879
216896
216913
216930
216947
216964
216981
216998
217015
217032
217049
217066
217083
217100
217117
217134
217151
217168
217185
217202
217219
217236
217253
217270
217287
217304
217321
217338
217355
217372
217389
217406
217423
217440
217457
217474
217491
217508
217525
217542
217559
217576
217593
217610
217627
217644
217661
217678
217695
217712
217729
217746
217763
217780
217797
217814
217831
217848
217865
217882
217899
217916
217933
217950
217967
217984
218001
218018
218035
218052
218069
218086
218103
218120
218137
218154
218171
218188
218205
218222
218239
218256
218273
218290
218307
218324
218341
218358
218375
218392
218409
218426
218443
218460
218477
218494
218511
218528
218545
218562
218579
218596
218613
218630
218647
218664
218681
218698
218715
218732
218749
218766
218783
218800
218817
218834
218851
218868
218885
218902
218919
218936
218953
218970
218987
219004
219021
219038
219055
219072
219089
219106
219123
219140
219157
219174
219191
219208
219225
219242
219259
219276
219293
219310
219327
219344
219361
219378
219395
219412
219429
219446
219463
219480
219497
219514
219531
219548
219565
219582
219599
219616
219633
219650
219667
219684
219701
219718
219735
219752
219769
219786
219803
219820
219837
219854
219871
219888
219905
219922
219939
219956
219973
219990
220007
220024
220041
220058
220075
220092
220109
220126
220143
220160
220177
220194
220211
220228
220245
220262
220279
220296
220313
220330
220347
220364
220381
220398
220415
220432
220449
220466
220483
220500
220517
220534
220551
220568
220585
220602
220619
220636
220653
220670
220687
220704
220721
220738
220755
220772
220789
220806
220823
220840
220857
220874
220891
220908
220925
220942
220959
220976
220993
221010
221027
221044
221061
221078
221095
221112
221129
221146
221163
221180
221197
221214
221231
221248
221265
221282
221299
221316
221333
221350
221367
221384
221401
221418
221435
221452
221469
221486
221503
221520
221537
221554
221571
221588
221605
221622
221639
221656
221673
221690
221707
221724
221741
221758
221775
221792
221809
221826
221843
221860
221877
221894
221911
221928
221945
221962
221979
221996
222013
222030
222047
222064
222081
222098
222115
222132
222149
222166
222183
222200
222217
222234
222251
222268
222285
222302
222319
222336
222353
222370
222387
222404
222421
222438
222455
222472
222489
222506
222523
222540
222557
222574
222591
222608
222625
222642
222659
222676
222693
222710
222727
222744
222761
222778
222795
222812
222829
222846
222863
222880
222897
222914
222931
222948
222965
222982
222999
223016
223033
223050
223067
223084
223101
223118
223135
223152
223169
223186
223203
223220
223237
223254
223271
223288
223305
223322
223339
223356
223373
223390
223407
223424
223441
223458
223475
223492
223509
223526
223543
223560
223577
223594
223611
223628
223645
223662
223679
223696
223713
223730
223747
223764
223781
223798
223815
223832
223849
223866
223883
223900
223917
223934
223951
223968
223985
224002
224019
224036
224053
224070
224087
224104
224121
224138
224155
224172
224189
224206
224223
224240
224257
224274
224291
224308
224325
224342
224359
224376
224393
224410
224427
224444
224461
224478
224495
224512
224529
224546
224563
224580
224597
224614
224631
224648
224665
224682
224699
224716
224733
224750
224767
224784
224801
224818
224835
224852
224869
224886
224903
224920
224937
224954
224971
224988
225005
225022
225039
225056
225073
225090
225107
225124
225141
225158
225175
225192
225209
225226
225243
225260
225277
225294
225311
225328
225345
225362
225379
225396
225413
225430
225447
225464
225481
225498
225515
225532
225549
225566
225583
225600
225617
225634
225651
225668
225685
225702
225719
225736
225753
225770
225787
225804
225821
225838
225855
225872
225889
225906
225923
225940
225957
225974
225991
226008
226025
226042
226059
226076
226093
226110
226127
226144
226161
226178
226195
226212
226229
226246
226263
226280
226297
226314
226331
226348
226365
226382
226399
226416
226433
226450
226467
226484
226501
226518
226535
226552
226569
226586
226603
226620
226637
226654
226671
226688
226705
226722
226739
226756
226773
226790
226807
226824
226841
226858
226875
226892
226909
226926
226943
226960
226977
226994
227011
227028
227045
227062
227079
227096
227113
227130
227147
227164
227181
227198
227215
227232
227249
227266
227283
227300
227317
227334
227351
227368
227385
227402
227419
227436
227453
227470
227487
227504
227521
227538
227555
227572
227589
227606
227623
227640
227657
227674
227691
227708
227725
227742
227759
227776
227793
227810
227827
227844
227861
227878
227895
227912
227929
227946
227963
227980
227997
228014
228031
228048
228065
228082
228099
228116
228133
228150
228167
228184
228201
228218
228235
228252
228269
228286
228303
228320
228337
228354
228371
228388
228405
228422
228439
228456
228473
228490
228507
228524
228541
228558
228575
228592
228609
228626
228643
228660
228677
228694
228711
228728
228745
228762
228779
228796
228813
228830
228847
228864
228881
228898
228915
228932
228949
228966
228983
229000
229017
229034
229051
229068
229085
229102
229119
229136
229153
229170
229187
229204
229221
229238
229255
229272
229289
229306
229323
229340
229357
229374
229391
229408
229425
229442
229459
229476
229493
229510
229527
229544
229561
229578
229595
229612
229629
229646
229663
229680
229697
229714
229731
229748
229765
229782
229799
229816
229833
229850
229867
229884
229901
229918
229935
229952
229969
229986
230003
230020
230037
230054
230071
230088
230105
230122
230139
230156
230173
230190
230207
230224
230241
230258
230275
230292
230309
230326
230343
230360
230377
230394
230411
230428
230445
230462
230479
230496
230513
230530
230547
230564
230581
230598
230615
230632
230649
230666
230683
230700
230717
230734
230751
230768
230785
230802
230819
230836
230853
230870
230887
230904
230921
230938
230955
230972
230989
231006
231023
231040
231057
231074
231091
231108
231125
231142
231159
231176
231193
231210
231227
231244
231261
231278
231295
231312
231329
231346
231363
231380
231397
231414
231431
231448
231465
231482
231499
231516
231533
231550
231567
231584
231601
231618
231635
231652
231669
231686
231703
231720
231737
231754
231771
231788
231805
231822
231839
231856
231873
231890
231907
231924
231941
231958
231975
231992
232009
232026
232043
232060
232077
232094
232111
232128
232145
232162
232179
232196
232213
232230
232247
232264
232281
232298
232315
232332
232349
232366
232383
232400
232417
232434
232451
232468
232485
232502
232519
232536
232553
232570
232587
232604
232621
232638
232655
232672
232689
232706
232723
232740
232757
232774
232791
232808
232825
232842
232859
232876
232893
232910
232927
232944
232961
232978
232995
233012
233029
233046
233063
233080
233097
233114
233131
233148
233165
233182
233199
233216
233233
233250
233267
233284
233301
233318
233335
233352
233369
233386
233403
233420
233437
233454
233471
233488
233505
233522
233539
233556
233573
233590
233607
233624
233641
233658
233675
233692
233709
233726
233743
233760
233777
233794
233811
233828
233845
233862
233879
233896
233913
233930
233947
233964
233981
233998
234015
234032
234049
234066
234083
234100
234117
234134
234151
234168
234185
234202
234219
234236
234253
234270
234287
234304
234321
234338
234355
234372
234389
234406
234423
234440
234457
234474
234491
234508
234525
234542
234559
234576
234593
234610
234627
234644
234661
234678
234695
234712
234729
234746
234763
234780
234797
234814
234831
234848
234865
234882
234899
234916
234933
234950
234967
234984
235001
235018
235035
235052
235069
235086
235103
235120
235137
235154
235171
235188
235205
235222
235239
235256
235273
235290
235307
235324
235341
235358
235375
235392
235409
235426
235443
235460
235477
235494
235511
235528
235545
235562
235579
235596
235613
235630
235647
235664
235681
235698
235715
235732
235749
235766
235783
235800
235817
235834
235851
235868
235885
235902
235919
235936
235953
235970
235987
236004
236021
236038
236055
236072
236089
236106
236123
236140
236157
236174
236191
236208
236225
236242
236259
236276
236293
236310
236327
236344
236361
236378
236395
236412
236429
236446
236463
236480
236497
236514
236531
236548
236565
236582
236599
236616
236633
236650
