16
32
48
64
80
96
112
128
144
160
176
192
208
224
240
256
272
288
304
320
336
352
368
384
400
416
432
448
464
480
496
512
528
544
560
576
592
608
624
640
656
672
688
704
720
736
752
768
784
800
816
832
848
864
880
896
912
928
944
960
976
992
1008
1024
1040
1056
1072
1088
1104
1120
1136
1152
1168
1184
1200
1216
1232
1248
1264
1280
1296
1312
1328
1344
1360
1376
1392
1408
1424
1440
1456
1472
1488
1504
1520
1536
1552
1568
1584
1600
1616
1632
1648
1664
1680
1696
1712
1728
1744
1760
1776
1792
1808
1824
1840
1856
1872
1888
1904
1920
1936
1952
1968
1984
1999
2014
2029
2044
2059
2074
2089
2104
2119
2134
2149
2164
2179
2194
2209
2224
2239
2254
2269
2284
2299
2314
2329
2344
2359
2374
2389
2404
2419
2434
2449
2464
2479
2494
2509
2524
2539
2554
2569
2584
2599
2614
2629
2644
2659
2674
2689
2704
2719
2734
2749
2764
2779
2794
2809
2824
2839
2854
2869
2884
2899
2914
2929
2944
2959
2974
2990
3006
3022
3038
3054
3070
3086
3102
3118
3134
3150
3166
3182
3198
3214
3230
3246
3262
3278
3294
3310
3326
3342
3358
3374
3390
3406
3422
3438
3454
3470
3486
3502
3518
3534
3550
3566
3582
3598
3614
3630
3646
3662
3678
3694
3710
3726
3742
3758
3774
3790
3806
3822
3838
3854
3870
3886
3902
3918
3934
3950
3966
3981
3996
4011
4026
4041
4056
4071
4086
4101
4116
4131
4146
4161
4176
4191
4206
4221
4236
4251
4266
4281
4296
4311
4326
4341
4356
4371
4386
4401
4416
4431
4446
4461
4476
4491
4506
4521
4536
4551
4566
4581
4596
4611
4626
4641
4656
4671
4686
4701
4716
4731
4746
4761
4776
4791
4806
4821
4836
4851
4866
4881
4896
4911
4926
4941
4956
4972
4988
5004
5020
5036
5052
5068
5084
5100
5116
5132
5148
5164
5180
5196
5212
5228
5244
5260
5276
5292
5308
5324
5340
5356
5372
5388
5404
5420
5436
5452
5468
5484
5500
5516
5532
5548
5564
5580
5596
5612
5628
5644
5660
5676
5692
5708
5724
5740
5756
5772
5788
5804
5820
5836
5852
5868
5884
5900
5916
5932
5948
5964
5980
5996
6012
6028
6044
6060
6076
6092
6108
6124
6140
6156
6172
6188
6204
6220
6236
6252
6268
6284
6300
6316
6332
6348
6364
6380
6396
6412
6428
6444
6460
6476
6492
6508
6524
6540
6556
6572
6588
6604
6620
6636
6652
6668
6684
6700
6716
6732
6748
6764
6780
6796
6812
6828
6844
6860
6876
6892
6908
6924
6940
6956
6972
6988
7004
7020
7036
7052
7068
7084
7100
7116
7132
7148
7164
7180
7196
7212
7228
7244
7260
7276
7292
7308
7324
7340
7356
7372
7388
7404
7420
7436
7452
7468
7484
7500
7516
7532
7548
7564
7580
7596
7612
7628
7644
7660
7676
7692
7708
7724
7740
7756
7772
7788
7804
7820
7836
7852
7868
7884
7900
7916
7932
7947
7962
7977
7992
8007
8022
8037
8052
8067
8082
8097
8112
8127
8142
8157
8172
8187
8202
8217
8232
8247
8262
8277
8292
8307
8322
8337
8352
8367
8382
8397
8412
8427
8442
8457
8472
8487
8502
8517
8532
8547
8562
8577
8592
8607
8622
8637
8652
8667
8682
8697
8712
8727
8742
8757
8772
8787
8802
8817
8832
8847
8862
8877
8892
8907
8922
8938
8954
8970
8986
9002
9018
9034
9050
9066
9082
9098
9114
9130
9146
9162
9178
9194
9210
9226
9242
9258
9274
9290
9306
9322
9338
9354
9370
9386
9402
9418
9434
9450
9466
9482
9498
9514
9530
9546
9562
9578
9594
9610
9626
9642
9658
9674
9690
9706
9722
9738
9754
9770
9786
9802
9818
9834
9850
9866
9882
9898
9914
9929
9944
9959
9974
9989
10004
10019
10034
10049
10064
10079
10094
10109
10124
10139
10154
10169
10184
10199
10214
10229
10244
10259
10274
10289
10304
10319
10334
10349
10364
10379
10394
10409
10424
10439
10454
10469
10484
10499
10514
10529
10544
10559
10574
10589
10604
10619
10634
10649
10664
10679
10694
10709
10724
10739
10754
10769
10784
10799
10814
10829
10844
10859
10874
10889
10904
10920
10936
10952
10968
10984
11000
11016
11032
11048
11064
11080
11096
11112
11128
11144
11160
11176
11192
11208
11224
11240
11256
11272
11288
11304
11320
11336
11352
11368
11384
11400
11416
11432
11448
11464
11480
11496
11512
11528
11544
11560
11576
11592
11608
11624
11640
11656
11672
11688
11704
11720
11736
11752
11768
11784
11800
11816
11832
11848
11864
11880
11896
11911
11926
11941
11956
11971
11986
12001
12016
12031
12046
12061
12076
12091
12106
12121
12136
12151
12166
12181
12196
12211
12226
12241
12256
12271
12286
12301
12316
12331
12346
12361
12376
12391
12406
12421
12436
12451
12466
12481
12496
12511
12526
12541
12556
12571
12586
12601
12616
12631
12646
12661
12676
12691
12706
12721
12736
12751
12766
12781
12796
12811
12826
12841
12856
12871
12886
12902
12918
12934
12950
12966
12982
12998
13014
13030
13046
13062
13078
13094
13110
13126
13142
13158
13174
13190
13206
13222
13238
13254
13270
13286
13302
13318
13334
13350
13366
13382
13398
13414
13430
13446
13462
13478
13494
13510
13526
13542
13558
13574
13590
13606
13622
13638
13654
13670
13686
13702
13718
13734
13750
13766
13782
13798
13814
13830
13846
13862
13878
13894
13910
13926
13942
13958
13974
13990
14006
14022
14038
14054
14070
14086
14102
14118
14134
14150
14166
14182
14198
14214
14230
14246
14262
14278
14294
14310
14326
14342
14358
14374
14390
14406
14422
14438
14454
14470
14486
14502
14518
14534
14550
14566
14582
14598
14614
14630
14646
14662
14678
14694
14710
14726
14742
14758
14774
14790
14806
14822
14838
14854
14870
14886
14902
14918
14934
14950
14966
14982
14998
15014
15030
15046
15062
15078
15094
15110
15126
15142
15158
15174
15190
15206
15222
15238
15254
15270
15286
15302
15318
15334
15350
15366
15382
15398
15414
15430
15446
15462
15478
15494
15510
15526
15542
15558
15574
15590
15606
15622
15638
15654
15670
15686
15702
15718
15734
15750
15766
15782
15798
15814
15830
15846
15862
15877
15892
15907
15922
15937
15952
15967
15982
15997
16012
16027
16042
16057
16072
16087
16102
16117
16132
16147
16162
16177
16192
16207
16222
16237
16252
16267
16282
16297
16312
16327
16342
16357
16372
16387
16402
16417
16432
16447
16462
16477
16492
16507
16522
16537
16552
16567
16582
16597
16612
16627
16642
16657
16672
16687
16702
16717
16732
16747
16762
16777
16792
16807
16822
16837
16852
16868
16884
16900
16916
16932
16948
16964
16980
16996
17012
17028
17044
17060
17076
17092
17108
17124
17140
17156
17172
17188
17204
17220
17236
17252
17268
17284
17300
17316
17332
17348
17364
17380
17396
17412
17428
17444
17460
17476
17492
17508
17524
17540
17556
17572
17588
17604
17620
17636
17652
17668
17684
17700
17716
17732
17748
17764
17780
17796
17812
17828
17844
17860
17876
17892
17908
17924
17940
17956
17972
17988
18004
18020
18036
18052
18068
18084
18100
18116
18132
18148
18164
18180
18196
18212
18228
18244
18260
18276
18292
18308
18324
18340
18356
18372
18388
18404
18420
18436
18452
18468
18484
18500
18516
18532
18548
18564
18580
18596
18612
18628
18644
18660
18676
18692
18708
18724
18740
18756
18772
18788
18804
18820
18836
18851
18866
18881
18896
18911
18926
18941
18956
18971
18986
19001
19016
19031
19046
19061
19076
19091
19106
19121
19136
19151
19166
19181
19196
19211
19226
19241
19256
19271
19286
19301
19316
19331
19346
19361
19376
19391
19406
19421
19436
19451
19466
19481
19496
19511
19526
19541
19556
19571
19586
19601
19616
19631
19646
19661
19676
19691
19706
19721
19736
19751
19766
19781
19796
19811
19826
19842
19858
19874
19890
19906
19922
19938
19954
19970
19986
20002
20018
20034
20050
20066
20082
20098
20114
20130
20146
20162
20178
20194
20210
20226
20242
20258
20274
20290
20306
20322
20338
20354
20370
20386
20402
20418
20434
20450
20466
20482
20498
20514
20530
20546
20562
20578
20594
20610
20626
20642
20658
20674
20690
20706
20722
20738
20754
20770
20786
20802
20818
20833
20848
20863
20878
20893
20908
20923
20938
20953
20968
20983
20998
21013
21028
21043
21058
21073
21088
21103
21118
21133
21148
21163
21178
21193
21208
21223
21238
21253
21268
21283
21298
21313
21328
21343
21358
21373
21388
21403
21418
21433
21448
21463
21478
21493
21508
21523
21538
21553
21568
21583
21598
21613
21628
21643
21658
21673
21688
21703
21718
21733
21748
21763
21778
21793
21808
21824
21840
21856
21872
21888
21904
21920
21936
21952
21968
21984
22000
22016
22032
22048
22064
22080
22096
22112
22128
22144
22160
22176
22192
22208
22224
22240
22256
22272
22288
22304
22320
22336
22352
22368
22384
22400
22416
22432
22448
22464
22480
22496
22512
22528
22544
22560
22576
22592
22608
22624
22640
22656
22672
22688
22704
22720
22736
22752
22768
22784
22800
22816
22832
22848
22864
22880
22896
22912
22928
22944
22960
22976
22992
23008
23024
23040
23056
23072
23088
23104
23120
23136
23152
23168
23184
23200
23216
23232
23248
23264
23280
23296
23312
23328
23344
23360
23376
23392
23408
23424
23440
23456
23472
23488
23504
23520
23536
23552
23568
23584
23600
23616
23632
23648
23664
23680
23696
23712
23728
23744
23760
23776
23792
23809
23826
23843
23860
23877
23894
23911
23928
23945
23962
23979
23996
24013
24030
24047
24064
24081
24098
24115
24132
24149
24166
24183
24200
24217
24234
24251
24268
24285
24302
24319
24336
24353
24370
24387
24404
24421
24438
24455
24472
24489
24506
24523
24540
24557
24574
24591
24608
24625
24642
24659
24676
24693
24710
24727
24744
24761
24778
24794
24810
24826
24842
24858
24874
24890
24906
24922
24938
24954
24970
24986
25002
25018
25034
25050
25066
25082
25098
25114
25130
25146
25162
25178
25194
25210
25226
25242
25258
25274
25290
25306
25322
25338
25354
25370
25386
25402
25418
25434
25450
25466
25482
25498
25514
25530
25546
25562
25578
25594
25610
25626
25642
25658
25674
25690
25706
25722
25738
25754
25770
25787
25804
25821
25838
25855
25872
25889
25906
25923
25940
25957
25974
25991
26008
26025
26042
26059
26076
26093
26110
26127
26144
26161
26178
26195
26212
26229
26246
26263
26280
26297
26314
26331
26348
26365
26382
26399
26416
26433
26450
26467
26484
26501
26518
26535
26552
26569
26586
26603
26620
26637
26654
26671
26688
26705
26722
26739
26756
26772
26788
26804
26820
26836
26852
26868
26884
26900
26916
26932
26948
26964
26980
26996
27012
27028
27044
27060
27076
27092
27108
27124
27140
27156
27172
27188
27204
27220
27236
27252
27268
27284
27300
27316
27332
27348
27364
27380
27396
27412
27428
27444
27460
27476
27492
27508
27524
27540
27556
27572
27588
27604
27620
27636
27652
27668
27684
27700
27716
27732
27748
27764
27780
27796
27812
27828
27844
27860
27876
27892
27908
27924
27940
27956
27972
27988
28004
28020
28036
28052
28068
28084
28100
28116
28132
28148
28164
28180
28196
28212
28228
28244
28260
28276
28292
28308
28324
28340
28356
28372
28388
28404
28420
28436
28452
28468
28484
28500
28516
28532
28548
28564
28580
28596
28612
28628
28644
28660
28676
28692
28708
28724
28740
28755
28770
28785
28800
28815
28830
28845
28860
28875
28890
28905
28920
28935
28950
28965
28980
28995
29010
29025
29040
29055
29070
29085
29100
29115
29130
29145
29160
29175
29190
29205
29220
29235
29250
29265
29280
29295
29310
29325
29340
29355
29370
29385
29400
29415
29430
29445
29460
29475
29490
29505
29520
29535
29550
29565
29580
29595
29610
29625
29640
29655
29670
29685
29700
29715
29730
29747
29764
29781
29798
29815
29832
29849
29866
29883
29900
29917
29934
29951
29968
29985
30002
30019
30036
30053
30070
30087
30104
30121
30138
30155
30172
30189
30206
30223
30240
30257
30274
30291
30308
30325
30342
30359
30376
30393
30410
30427
30444
30461
30478
30495
30512
30529
30546
30563
30580
30597
30614
30631
30648
30665
30682
30699
30716
30731
30746
30761
30776
30791
30806
30821
30836
30851
30866
30881
30896
30911
30926
30941
30956
30971
30986
31001
31016
31031
31046
31061
31076
31091
31106
31121
31136
31151
31166
31181
31196
31211
31226
31241
31256
31271
31286
31301
31316
31331
31346
31361
31376
31391
31406
31421
31436
31451
31466
31481
31496
31511
31526
31541
31556
31571
31586
31601
31616
31631
31646
31661
31676
31691
31706
31722
31738
31754
31770
31786
31802
31818
31834
31850
31866
31882
31898
31914
31930
31946
31962
31978
31994
32010
32026
32042
32058
32074
32090
32106
32122
32138
32154
32170
32186
32202
32218
32234
32250
32266
32282
32298
32314
32330
32346
32362
32378
32394
32410
32426
32442
32458
32474
32490
32506
32522
32538
32554
32570
32586
32602
32618
32634
32650
32666
32682
32698
32714
32730
32746
32762
32778
32794
32810
32826
32842
32858
32874
32890
32906
32922
32938
32954
32970
32986
33002
33018
33034
33050
33066
33082
33098
33114
33130
33146
33162
33178
33194
33210
33226
33242
33258
33274
33290
33306
33322
33338
33354
33370
33386
33402
33418
33434
33450
33466
33482
33498
33514
33530
33546
33562
33578
33594
33610
33626
33642
33658
33674
33690
33706
33722
33738
33754
33770
33786
33802
33818
33834
33850
33866
33882
33898
33914
33930
33946
33962
33978
33994
34010
34026
34042
34058
34074
34090
34106
34122
34138
34154
34170
34186
34202
34218
34234
34250
34266
34282
34298
34314
34330
34346
34362
34378
34394
34410
34426
34442
34458
34474
34490
34506
34522
34538
34554
34570
34586
34602
34618
34634
34650
34666
34682
34697
34712
34727
34742
34757
34772
34787
34802
34817
34832
34847
34862
34877
34892
34907
34922
34937
34952
34967
34982
34997
35012
35027
35042
35057
35072
35087
35102
35117
35132
35147
35162
35177
35192
35207
35222
35237
35252
35267
35282
35297
35312
35327
35342
35357
35372
35387
35402
35417
35432
35447
35462
35477
35492
35507
35522
35537
35552
35567
35582
35597
35612
35627
35642
35657
35672
35687
35702
35717
35732
35747
35762
35777
35792
35807
35822
35837
35852
35867
35882
35897
35912
35927
35942
35957
35972
35987
36002
36017
36032
36047
36062
36077
36092
36107
36122
36137
36152
36167
36182
36197
36212
36227
36242
36257
36272
36287
36302
36317
36332
36347
36362
36377
36392
36407
36422
36437
36452
36467
36482
36497
36512
36527
36542
36557
36572
36587
36602
36617
36632
36647
36662
36677
36692
36707
36722
36737
36752
36767
36782
36797
36812
36827
36842
36857
36872
36887
36902
36917
36932
36947
36962
36977
36992
37007
37022
37037
37052
37067
37082
37097
37112
37127
37142
37157
37172
37187
37202
37217
37232
37247
37262
37277
37292
37307
37322
37337
37352
37367
37382
37397
37412
37427
37442
37457
37472
37487
37502
37517
37532
37547
37562
37577
37592
37607
37622
37637
37652
37667
37682
37697
37712
37727
37742
37757
37772
37787
37802
37817
37832
37847
37862
37877
37892
37907
37922
37937
37952
37967
37982
37997
38012
38027
38042
38057
38072
38087
38102
38117
38132
38147
38162
38177
38192
38207
38222
38237
38252
38267
38282
38297
38312
38327
38342
38357
38372
38387
38402
38417
38432
38447
38462
38477
38492
38507
38522
38537
38552
38567
38582
38597
38612
38627
38642
38658
38674
38690
38706
38722
38738
38754
38770
38786
38802
38818
38834
38850
38866
38882
38898
38914
38930
38946
38962
38978
38994
39010
39026
39042
39058
39074
39090
39106
39122
39138
39154
39170
39186
39202
39218
39234
39250
39266
39282
39298
39314
39330
39346
39362
39378
39394
39410
39426
39442
39458
39474
39490
39506
39522
39538
39554
39570
39586
39602
39618
39634
39650
39666
39682
39698
39714
39730
39746
39762
39778
39794
39810
39826
39842
39858
39874
39890
39906
39922
39938
39954
39970
39986
40002
40018
40034
40050
40066
40082
40098
40114
40130
40146
40162
40178
40194
40210
40226
40242
40258
40274
40290
40306
40322
40338
40354
40370
40386
40402
40418
40434
40450
40466
40482
40498
40514
40530
40546
40562
40578
40594
40610
40626
40642
40658
40674
40690
40706
40722
40738
40754
40770
40786
40802
40818
40834
40850
40866
40882
40898
40914
40930
40946
40962
40978
40994
41010
41026
41042
41058
41074
41090
41106
41122
41138
41154
41170
41186
41202
41218
41234
41250
41266
41282
41298
41314
41330
41346
41362
41378
41394
41410
41426
41442
41458
41474
41490
41506
41522
41538
41554
41570
41586
41602
41618
41634
41650
41666
41682
41698
41714
41730
41746
41762
41778
41794
41810
41826
41842
41858
41874
41890
41906
41922
41938
41954
41970
41986
42002
42018
42034
42050
42066
42082
42098
42114
42130
42146
42162
42178
42194
42210
42226
42242
42258
42274
42290
42306
42322
42338
42354
42370
42386
42402
42418
42434
42450
42466
42482
42498
42514
42530
42546
42562
42578
42594
42610
42627
42644
42661
42678
42695
42712
42729
42746
42763
42780
42797
42814
42831
42848
42865
42882
42899
42916
42933
42950
42967
42984
43001
43018
43035
43052
43069
43086
43103
43120
43137
43154
43171
43188
43205
43222
43239
43256
43273
43290
43307
43324
43341
43358
43375
43392
43409
43426
43443
43460
43477
43494
43511
43528
43545
43562
43579
43596
43612
43628
43644
43660
43676
43692
43708
43724
43740
43756
43772
43788
43804
43820
43836
43852
43868
43884
43900
43916
43932
43948
43964
43980
43996
44012
44028
44044
44060
44076
44092
44108
44124
44140
44156
44172
44188
44204
44220
44236
44252
44268
44284
44300
44316
44332
44348
44364
44380
44396
44412
44428
44444
44460
44476
44492
44508
44524
44540
44556
44572
44588
44603
44618
44633
44648
44663
44678
44693
44708
44723
44738
44753
44768
44783
44798
44813
44828
44843
44858
44873
44888
44903
44918
44933
44948
44963
44978
44993
45008
45023
45038
45053
45068
45083
45098
45113
45128
45143
45158
45173
45188
45203
45218
45233
45248
45263
45278
45293
45308
45323
45338
45353
45368
45383
45398
45413
45428
45443
45458
45473
45488
45503
45518
45533
45548
45563
45578
45594
45610
45626
45642
45658
45674
45690
45706
45722
45738
45754
45770
45786
45802
45818
45834
45850
45866
45882
45898
45914
45930
45946
45962
45978
45994
46010
46026
46042
46058
46074
46090
46106
46122
46138
46154
46170
46186
46202
46218
46234
46250
46266
46282
46298
46314
46330
46346
46362
46378
46394
46410
46426
46442
46458
46474
46490
46506
46522
46538
46554
46570
46586
46602
46618
46634
46650
46666
46682
46698
46714
46730
46746
46762
46778
46794
46810
46826
46842
46858
46874
46890
46906
46922
46938
46954
46970
46986
47002
47018
47034
47050
47066
47082
47098
47114
47130
47146
47162
47178
47194
47210
47226
47242
47258
47274
47290
47306
47322
47338
47354
47370
47386
47402
47418
47434
47450
47466
47482
47498
47514
47530
47546
47562
47578
47594
47610
47626
47642
47658
47674
47690
47706
47722
47738
47754
47770
47786
47802
47818
47834
47850
47866
47882
47898
47914
47930
47946
47962
47978
47994
48010
48026
48042
48058
48074
48090
48106
48122
48138
48154
48170
48186
48202
48218
48234
48250
48266
48282
48298
48314
48330
48346
48362
48378
48394
48410
48426
48442
48458
48474
48490
48506
48522
48538
48554
48570
48586
48602
48618
48634
48650
48666
48682
48698
48714
48730
48746
48762
48778
48794
48810
48826
48842
48858
48874
48890
48906
48922
48938
48954
48970
48986
49002
49018
49034
49050
49066
49082
49098
49114
49130
49146
49162
49178
49194
49210
49226
49242
49258
49274
49290
49306
49322
49338
49354
49370
49386
49402
49418
49434
49450
49466
49482
49498
49514
49530
49546
49561
49576
49591
49606
49621
49636
49651
49666
49681
49696
49711
49726
49741
49756
49771
49786
49801
49816
49831
49846
49861
49876
49891
49906
49921
49936
49951
49966
49981
49996
50011
50026
50041
50056
50071
50086
50101
50116
50131
50146
50161
50176
50191
50206
50221
50236
50251
50266
50281
50296
50311
50326
50341
50356
50371
50386
50401
50416
50431
50446
50461
50476
50491
50506
50521
50536
50551
50566
50581
50596
50611
50626
50641
50656
50671
50686
50701
50716
50731
50746
50761
50776
50791
50806
50821
50836
50851
50866
50881
50896
50911
50926
50941
50956
50971
50986
51001
51016
51031
51046
51061
51076
51091
51106
51121
51136
51151
51166
51181
51196
51211
51226
51241
51256
51271
51286
51301
51316
51331
51346
51361
51376
51391
51406
51421
51436
51451
51466
51481
51496
51511
51526
51542
51558
51574
51590
51606
51622
51638
51654
51670
51686
51702
51718
51734
51750
51766
51782
51798
51814
51830
51846
51862
51878
51894
51910
51926
51942
51958
51974
51990
52006
52022
52038
52054
52070
52086
52102
52118
52134
52150
52166
52182
52198
52214
52230
52246
52262
52278
52294
52310
52326
52342
52358
52374
52390
52406
52422
52438
52454
52470
52486
52502
52518
52534
52550
52566
52582
52598
52614
52630
52646
52662
52678
52694
52710
52726
52742
52758
52774
52790
52806
52822
52838
52854
52870
52886
52902
52918
52934
52950
52966
52982
52998
53014
53030
53046
53062
53078
53094
53110
53126
53142
53158
53174
53190
53206
53222
53238
53254
53270
53286
53302
53318
53334
53350
53366
53382
53398
53414
53430
53446
53462
53478
53494
53510
53525
53540
53555
53570
53585
53600
53615
53630
53645
53660
53675
53690
53705
53720
53735
53750
53765
53780
53795
53810
53825
53840
53855
53870
53885
53900
53915
53930
53945
53960
53975
53990
54005
54020
54035
54050
54065
54080
54095
54110
54125
54140
54155
54170
54185
54200
54215
54230
54245
54260
54275
54290
54305
54320
54335
54350
54365
54380
54395
54410
54425
54440
54455
54470
54485
54500
54517
54534
54551
54568
54585
54602
54619
54636
54653
54670
54687
54704
54721
54738
54755
54772
54789
54806
54823
54840
54857
54874
54891
54908
54925
54942
54959
54976
54993
55010
55027
55044
55061
55078
55095
55112
55129
55146
55163
55180
55197
55214
55231
55248
55265
55282
55299
55316
55333
55350
55367
55384
55401
55418
55435
55452
55469
55486
55501
55516
55531
55546
55561
55576
55591
55606
55621
55636
55651
55666
55681
55696
55711
55726
55741
55756
55771
55786
55801
55816
55831
55846
55861
55876
55891
55906
55921
55936
55951
55966
55981
55996
56011
56026
56041
56056
56071
56086
56101
56116
56131
56146
56161
56176
56191
56206
56221
56236
56251
56266
56281
56296
56311
56326
56341
56356
56371
56386
56401
56416
56431
56446
56461
56476
56492
56508
56524
56540
56556
56572
56588
56604
56620
56636
56652
56668
56684
56700
56716
56732
56748
56764
56780
56796
56812
56828
56844
56860
56876
56892
56908
56924
56940
56956
56972
56988
57004
57020
57036
57052
57068
57084
57100
57116
57132
57148
57164
57180
57196
57212
57228
57244
57260
57276
57292
57308
57324
57340
57356
57372
57388
57404
57420
57436
57452
57468
57484
57500
57516
57532
57548
57564
57580
57596
57612
57628
57644
57660
57676
57692
57708
57724
57740
57756
57772
57788
57804
57820
57836
57852
57868
57884
57900
57916
57932
57948
57964
57980
57996
58012
58028
58044
58060
58076
58092
58108
58124
58140
58156
58172
58188
58204
58220
58236
58252
58268
58284
58300
58316
58332
58348
58364
58380
58396
58412
58428
58444
58460
58475
58490
58505
58520
58535
58550
58565
58580
58595
58610
58625
58640
58655
58670
58685
58700
58715
58730
58745
58760
58775
58790
58805
58820
58835
58850
58865
58880
58895
58910
58925
58940
58955
58970
58985
59000
59015
59030
59045
59060
59075
59090
59105
59120
59135
59150
59165
59180
59195
59210
59225
59240
59255
59270
59285
59300
59315
59330
59345
59360
59375
59390
59405
59420
59435
59450
59466
59482
59498
59514
59530
59546
59562
59578
59594
59610
59626
59642
59658
59674
59690
59706
59722
59738
59754
59770
59786
59802
59818
59834
59850
59866
59882
59898
59914
59930
59946
59962
59978
59994
60010
60026
60042
60058
60074
60090
60106
60122
60138
60154
60170
60186
60202
60218
60234
60250
60266
60282
60298
60314
60330
60346
60362
60378
60394
60410
60426
60442
60457
60472
60487
60502
60517
60532
60547
60562
60577
60592
60607
60622
60637
60652
60667
60682
60697
60712
60727
60742
60757
60772
60787
60802
60817
60832
60847
60862
60877
60892
60907
60922
60937
60952
60967
60982
60997
61012
61027
61042
61057
61072
61087
61102
61117
61132
61147
61162
61177
61192
61207
61222
61237
61252
61267
61282
61297
61312
61327
61342
61357
61372
61387
61402
61417
61432
61448
61464
61480
61496
61512
61528
61544
61560
61576
61592
61608
61624
61640
61656
61672
61688
61704
61720
61736
61752
61768
61784
61800
61816
61832
61848
61864
61880
61896
61912
61928
61944
61960
61976
61992
62008
62024
62040
62056
62072
62088
62104
62120
62136
62152
62168
62184
62200
62216
62232
62248
62264
62280
62296
62312
62328
62344
62360
62376
62392
62408
62424
62439
62454
62469
62484
62499
62514
62529
62544
62559
62574
62589
62604
62619
62634
62649
62664
62679
62694
62709
62724
62739
62754
62769
62784
62799
62814
62829
62844
62859
62874
62889
62904
62919
62934
62949
62964
62979
62994
63009
63024
63039
63054
63069
63084
63099
63114
63129
63144
63159
63174
63189
63204
63219
63234
63249
63264
63279
63294
63309
63324
63339
63354
63369
63384
63399
63414
63430
63446
63462
63478
63494
63510
63526
63542
63558
63574
63590
63606
63622
63638
63654
63670
63686
63702
63718
63734
63750
63766
63782
63798
63814
63830
63846
63862
63878
63894
63910
63926
63942
63958
63974
63990
64006
64022
64038
64054
64070
64086
64102
64118
64134
64150
64166
64182
64198
64214
64230
64246
64262
64278
64294
64310
64326
64342
64358
64374
64390
64406
64422
64438
64454
64470
64486
64502
64518
64534
64550
64566
64582
64598
64614
64630
64646
64662
64678
64694
64710
64726
64742
64758
64774
64790
64806
64822
64838
64854
64870
64886
64902
64918
64934
64950
64966
64982
64998
65014
65030
65046
65062
65078
65094
65110
65126
65142
65158
65174
65190
65206
65222
65238
65254
65270
65286
65302
65318
65334
65350
65366
65382
65398
65414
65430
65446
65462
65478
65494
65510
65526
65542
65558
65574
65590
65606
65622
65638
65654
65670
65686
65702
65718
65734
65750
65766
65782
65798
65814
65830
65846
65862
65878
65894
65910
65926
65942
65958
65974
65990
66006
66022
66038
66054
66070
66086
66102
66118
66134
66150
66166
66182
66198
66214
66230
66246
66262
66278
66294
66310
66326
66342
66358
66374
66390
66405
66420
66435
66450
66465
66480
66495
66510
66525
66540
66555
66570
66585
66600
66615
66630
66645
66660
66675
66690
66705
66720
66735
66750
66765
66780
66795
66810
66825
66840
66855
66870
66885
66900
66915
66930
66945
66960
66975
66990
67005
67020
67035
67050
67065
67080
67095
67110
67125
67140
67155
67170
67185
67200
67215
67230
67245
67260
67275
67290
67305
67320
67335
67350
67365
67380
67396
67412
67428
67444
67460
67476
67492
67508
67524
67540
67556
67572
67588
67604
67620
67636
67652
67668
67684
67700
67716
67732
67748
67764
67780
67796
67812
67828
67844
67860
67876
67892
67908
67924
67940
67956
67972
67988
68004
68020
68036
68052
68068
68084
68100
68116
68132
68148
68164
68180
68196
68212
68228
68244
68260
68276
68292
68308
68324
68340
68356
68372
68388
68404
68420
68436
68452
68468
68484
68500
68516
68532
68548
68564
68580
68596
68612
68628
68644
68660
68676
68692
68708
68724
68740
68756
68772
68788
68804
68820
68836
68852
68868
68884
68900
68916
68932
68948
68964
68980
68996
69012
69028
69044
69060
69076
69092
69108
69124
69140
69156
69172
69188
69204
69220
69236
69252
69268
69284
69300
69316
69332
69348
69364
69380
69396
69412
69428
69444
69460
69476
69492
69508
69524
69540
69556
69572
69588
69604
69620
69636
69652
69668
69684
69700
69716
69732
69748
69764
69780
69796
69812
69828
69844
69860
69876
69892
69908
69924
69940
69956
69972
69988
70004
70020
70036
70052
70068
70084
70100
70116
70132
70148
70164
70180
70196
70212
70228
70244
70260
70276
70292
70308
70324
70340
70356
70372
70388
70404
70420
70436
70452
70468
70484
70500
70516
70532
70548
70564
70580
70596
70612
70628
70644
70660
70676
70692
70708
70724
70740
70756
70772
70788
70804
70820
70836
70852
70868
70884
70900
70916
70932
70948
70964
70980
70996
71012
71028
71044
71060
71076
71092
71108
71124
71140
71156
71172
71188
71204
71220
71236
71252
71268
71284
71300
71316
71332
71348
71364
71380
71396
71412
71428
71444
71460
71476
71492
71508
71524
71540
71556
71572
71588
71604
71620
71636
71652
71668
71684
71700
71716
71732
71748
71764
71780
71796
71812
71828
71844
71860
71876
71892
71908
71924
71940
71956
71972
71988
72004
72020
72036
72052
72068
72084
72100
72116
72132
72148
72164
72180
72196
72212
72228
72244
72260
72276
72292
72308
72324
72340
72356
72372
72388
72404
72420
72436
72452
72468
72484
72500
72516
72532
72548
72564
72580
72596
72612
72628
72644
72660
72676
72692
72708
72724
72740
72756
72772
72788
72804
72820
72836
72852
72868
72884
72900
72916
72932
72948
72964
72980
72996
73012
73028
73044
73060
73076
73092
73108
73124
73140
73156
73172
73188
73204
73220
73236
73252
73268
73284
73300
73316
73332
73349
73366
73383
73400
73417
73434
73451
73468
73485
73502
73519
73536
73553
73570
73587
73604
73621
73638
73655
73672
73689
73706
73723
73740
73757
73774
73791
73808
73825
73842
73859
73876
73893
73910
73927
73944
73961
73978
73995
74012
74029
74046
74063
74080
74097
74114
74131
74148
74165
74182
74199
74216
74233
74250
74267
74284
74301
74318
74333
74348
74363
74378
74393
74408
74423
74438
74453
74468
74483
74498
74513
74528
74543
74558
74573
74588
74603
74618
74633
74648
74663
74678
74693
74708
74723
74738
74753
74768
74783
74798
74813
74828
74843
74858
74873
74888
74903
74918
74933
74948
74963
74978
74993
75008
75023
75038
75053
75068
75083
75098
75113
75128
75143
75158
75173
75188
75203
75218
75233
75248
75263
75278
75293
75308
75324
75340
75356
75372
75388
75404
75420
75436
75452
75468
75484
75500
75516
75532
75548
75564
75580
75596
75612
75628
75644
75660
75676
75692
75708
75724
75740
75756
75772
75788
75804
75820
75836
75852
75868
75884
75900
75916
75932
75948
75964
75980
75996
76012
76028
76044
76060
76076
76092
76108
76124
76140
76156
76172
76188
76204
76220
76236
76252
76268
76284
76300
76316
76332
76348
76364
76380
76396
76412
76428
76444
76460
76476
76492
76508
76524
76540
76556
76572
76588
76604
76620
76636
76652
76668
76684
76700
76716
76732
76748
76764
76780
76796
76812
76828
76844
76860
76876
76892
76908
76924
76940
76956
76972
76988
77004
77020
77036
77052
77068
77084
77100
77116
77132
77148
77164
77180
77196
77212
77228
77244
77260
77276
77292
77309
77326
77343
77360
77377
77394
77411
77428
77445
77462
77479
77496
77513
77530
77547
77564
77581
77598
77615
77632
77649
77666
77683
77700
77717
77734
77751
77768
77785
77802
77819
77836
77853
77870
77887
77904
77921
77938
77955
77972
77989
78006
78023
78040
78057
78074
78091
78108
78125
78142
78159
78176
78193
78210
78227
78244
78261
78278
78294
78310
78326
78342
78358
78374
78390
78406
78422
78438
78454
78470
78486
78502
78518
78534
78550
78566
78582
78598
78614
78630
78646
78662
78678
78694
78710
78726
78742
78758
78774
78790
78806
78822
78838
78854
78870
78886
78902
78918
78934
78950
78966
78982
78998
79014
79030
79046
79062
79078
79094
79110
79126
79142
79158
79174
79190
79206
79222
79238
79254
79270
79287
79304
79321
79338
79355
79372
79389
79406
79423
79440
79457
79474
79491
79508
79525
79542
79559
79576
79593
79610
79627
79644
79661
79678
79695
79712
79729
79746
79763
79780
79797
79814
79831
79848
79865
79882
79899
79916
79933
79950
79967
79984
80001
80018
80035
80052
80069
80086
80103
80120
80137
80154
80171
80188
80205
80222
80239
80256
80272
80288
80304
80320
80336
80352
80368
80384
80400
80416
80432
80448
80464
80480
80496
80512
80528
80544
80560
80576
80592
80608
80624
80640
80656
80672
80688
80704
80720
80736
80752
80768
80784
80800
80816
80832
80848
80864
80880
80896
80912
80928
80944
80960
80976
80992
81008
81024
81040
81056
81072
81088
81104
81120
81136
81152
81168
81184
81200
81216
81232
81248
81264
81280
81296
81312
81328
81344
81360
81376
81392
81408
81424
81440
81456
81472
81488
81504
81520
81536
81552
81568
81584
81600
81616
81632
81648
81664
81680
81696
81712
81728
81744
81760
81776
81792
81808
81824
81840
81856
81872
81888
81904
81920
81936
81952
81968
81984
82000
82016
82032
82048
82064
82080
82096
82112
82128
82144
82160
82176
82192
82208
82224
82240
82256
82272
82288
82304
82320
82336
82352
82368
82384
82400
82416
82432
82448
82464
82480
82496
82512
82528
82544
82560
82576
82592
82608
82624
82640
82656
82672
82688
82704
82720
82736
82752
82768
82784
82800
82816
82832
82848
82864
82880
82896
82912
82928
82944
82960
82976
82992
83008
83024
83040
83056
83072
83088
83104
83120
83136
83152
83168
83184
83200
83216
83232
83248
83264
83280
83296
83312
83328
83344
83360
83376
83392
83408
83424
83440
83456
83472
83488
83504
83520
83536
83552
83568
83584
83600
83616
83632
83648
83664
83680
83696
83712
83728
83744
83760
83776
83792
83808
83824
83840
83856
83872
83888
83904
83920
83936
83952
83968
83984
84000
84016
84032
84048
84064
84080
84096
84112
84128
84144
84160
84176
84192
84208
84224
84240
84256
84272
84288
84304
84320
84336
84352
84368
84384
84400
84416
84432
84448
84464
84480
84496
84512
84528
84544
84560
84576
84592
84608
84624
84640
84656
84672
84688
84704
84720
84736
84752
84768
84784
84800
84816
84832
84848
84864
84880
84896
84912
84928
84944
84960
84976
84992
85008
85024
85040
85056
85072
85088
85104
85120
85136
85152
85168
85184
85200
85216
85232
85248
85264
85280
85296
85312
85328
85344
85360
85376
85392
85408
85424
85440
85456
85472
85488
85504
85520
85536
85552
85568
85584
85600
85616
85632
85648
85664
85680
85696
85712
85728
85744
85760
85776
85792
85808
85824
85840
85856
85872
85888
85904
85920
85936
85952
85968
85984
86000
86016
86032
86048
86064
86080
86096
86112
86128
86144
86160
86176
86192
86208
86223
86238
86253
86268
86283
86298
86313
86328
86343
86358
86373
86388
86403
86418
86433
86448
86463
86478
86493
86508
86523
86538
86553
86568
86583
86598
86613
86628
86643
86658
86673
86688
86703
86718
86733
86748
86763
86778
86793
86808
86823
86838
86853
86868
86883
86898
86913
86928
86943
86958
86973
86988
87003
87018
87033
87048
87063
87078
87093
87108
87123
87138
87153
87168
87183
87198
87214
87230
87246
87262
87278
87294
87310
87326
87342
87358
87374
87390
87406
87422
87438
87454
87470
87486
87502
87518
87534
87550
87566
87582
87598
87614
87630
87646
87662
87678
87694
87710
87726
87742
87758
87774
87790
87806
87822
87838
87854
87870
87886
87902
87918
87934
87950
87966
87982
87998
88014
88030
88046
88062
88078
88094
88110
88126
88142
88158
88174
88190
88207
88224
88241
88258
88275
88292
88309
88326
88343
88360
88377
88394
88411
88428
88445
88462
88479
88496
88513
88530
88547
88564
88581
88598
88615
88632
88649
88666
88683
88700
88717
88734
88751
88768
88785
88802
88819
88836
88853
88870
88887
88904
88921
88938
88955
88972
88989
89006
89023
89040
89057
89074
89091
89108
89125
89142
89159
89176
89192
89208
89224
89240
89256
89272
89288
89304
89320
89336
89352
89368
89384
89400
89416
89432
89448
89464
89480
89496
89512
89528
89544
89560
89576
89592
89608
89624
89640
89656
89672
89688
89704
89720
89736
89752
89768
89784
89800
89816
89832
89848
89864
89880
89896
89912
89928
89944
89960
89976
89992
90008
90024
90040
90056
90072
90088
90104
90120
90136
90152
90168
90184
90200
90216
90232
90248
90264
90280
90296
90312
90328
90344
90360
90376
90392
90408
90424
90440
90456
90472
90488
90504
90520
90536
90552
90568
90584
90600
90616
90632
90648
90664
90680
90696
90712
90728
90744
90760
90776
90792
90808
90824
90840
90856
90872
90888
90904
90920
90936
90952
90968
90984
91000
91016
91032
91048
91064
91080
91096
91112
91128
91144
91160
91176
91192
91208
91224
91240
91256
91272
91288
91304
91320
91336
91352
91368
91384
91400
91416
91432
91448
91464
91480
91496
91512
91528
91544
91560
91576
91592
91608
91624
91640
91656
91672
91688
91704
91720
91736
91752
91768
91784
91800
91816
91832
91848
91864
91880
91896
91912
91928
91944
91960
91976
91992
92008
92024
92040
92056
92072
92088
92104
92120
92136
92152
92168
92184
92200
92216
92232
92248
92264
92280
92296
92312
92328
92344
92360
92376
92392
92408
92424
92440
92456
92472
92488
92504
92520
92536
92552
92568
92584
92600
92616
92632
92648
92664
92680
92696
92712
92728
92744
92760
92776
92792
92808
92824
92840
92856
92872
92888
92904
92920
92936
92952
92968
92984
93000
93016
93032
93048
93064
93080
93096
93112
93128
93144
93160
93176
93192
93208
93224
93240
93256
93272
93288
93304
93320
93336
93352
93368
93384
93400
93416
93432
93448
93464
93480
93496
93512
93528
93544
93560
93576
93592
93608
93624
93640
93656
93672
93688
93704
93720
93736
93752
93768
93784
93800
93816
93832
93848
93864
93880
93896
93912
93928
93944
93960
93976
93992
94008
94024
94040
94056
94072
94088
94104
94120
94136
94152
94168
94184
94200
94216
94232
94248
94264
94280
94296
94312
94328
94344
94360
94376
94392
94408
94424
94440
94456
94472
94488
94504
94520
94536
94552
94568
94584
94600
94616
94632
94648
94664
94680
94696
94712
94728
94744
94760
94776
94792
94808
94824
94840
94856
94872
94888
94904
94920
94936
94952
94968
94984
95000
95016
95032
95048
95064
95080
95096
95112
95128
95144
95160
95176
95192
95208
95224
95240
95256
95272
95288
95304
95320
95336
95352
95368
95384
95400
95416
95432
95448
95464
95480
95496
95512
95528
95544
95560
95576
95592
95608
95624
95640
95656
95672
95688
95704
95720
95736
95752
95768
95784
95800
95816
95832
95848
95864
95880
95896
95912
95928
95944
95960
95976
95992
96008
96024
96040
96056
96072
96088
96104
96120
96136
96152
96168
96184
96200
96216
96232
96248
96264
96280
96296
96312
96328
96344
96360
96376
96392
96408
96424
96440
96456
96472
96488
96504
96520
96536
96552
96568
96584
96600
96616
96632
96648
96664
96680
96696
96712
96728
96744
96760
96776
96792
96808
96824
96840
96856
96872
96888
96904
96920
96936
96952
96968
96984
97000
97016
97032
97048
97064
97080
97096
97112
97127
97142
97157
97172
97187
97202
97217
97232
97247
97262
97277
97292
97307
97322
97337
97352
97367
97382
97397
97412
97427
97442
97457
97472
97487
97502
97517
97532
97547
97562
97577
97592
97607
97622
97637
97652
97667
97682
97697
97712
97727
97742
97757
97772
97787
97802
97817
97832
97847
97862
97877
97892
97907
97922
97937
97952
97967
97982
97997
98012
98027
98042
98057
98072
98087
98102
98118
98134
98150
98166
98182
98198
98214
98230
98246
98262
98278
98294
98310
98326
98342
98358
98374
98390
98406
98422
98438
98454
98470
98486
98502
98518
98534
98550
98566
98582
98598
98614
98630
98646
98662
98678
98694
98710
98726
98742
98758
98774
98790
98806
98822
98838
98854
98870
98886
98902
98918
98934
98950
98966
98982
98998
99014
99030
99046
99062
99078
99094
99110
99126
99142
99158
99174
99190
99206
99222
99238
99254
99270
99286
99302
99318
99334
99350
99366
99382
99398
99414
99430
99446
99462
99478
99494
99510
99526
99542
99558
99574
99590
99606
99622
99638
99654
99670
99686
99702
99718
99734
99750
99766
99782
99798
99814
99830
99846
99862
99878
99894
99910
99926
99942
99958
99974
99990
100006
100022
100038
100054
100070
100086
100102
100118
100134
100150
100166
100182
100198
100214
100230
100246
100262
100278
100294
100310
100326
100342
100358
100374
100390
100406
100422
100438
100454
100470
100486
100502
100518
100534
100550
100566
100582
100598
100614
100630
100646
100662
100678
100694
100710
100726
100742
100758
100774
100790
100806
100822
100838
100854
100870
100886
100902
100918
100934
100950
100966
100982
100998
101014
101030
101046
101062
101078
101093
101108
101123
101138
101153
101168
101183
101198
101213
101228
101243
101258
101273
101288
101303
101318
101333
101348
101363
101378
101393
101408
101423
101438
101453
101468
101483
101498
101513
101528
101543
101558
101573
101588
101603
101618
101633
101648
101663
101678
101693
101708
101723
101738
101753
101768
101783
101798
101813
101828
101843
101858
101873
101888
101903
101918
101933
101948
101963
101978
101993
102008
102023
102038
102053
102068
102084
102100
102116
102132
102148
102164
102180
102196
102212
102228
102244
102260
102276
102292
102308
102324
102340
102356
102372
102388
102404
102420
102436
102452
102468
102484
102500
102516
102532
102548
102564
102580
102596
102612
102628
102644
102660
102676
102692
102708
102724
102740
102756
102772
102788
102804
102820
102836
102852
102868
102884
102900
102916
102932
102948
102964
102980
102996
103012
103028
103044
103060
103075
103090
103105
103120
103135
103150
103165
103180
103195
103210
103225
103240
103255
103270
103285
103300
103315
103330
103345
103360
103375
103390
103405
103420
103435
103450
103465
103480
103495
103510
103525
103540
103555
103570
103585
103600
103615
103630
103645
103660
103675
103690
103705
103720
103735
103750
103765
103780
103795
103810
103825
103840
103855
103870
103885
103900
103915
103930
103945
103960
103975
103990
104005
104020
104035
104050
104066
104082
104098
104114
104130
104146
104162
104178
104194
104210
104226
104242
104258
104274
104290
104306
104322
104338
104354
104370
104386
104402
104418
104434
104450
104466
104482
104498
104514
104530
104546
104562
104578
104594
104610
104626
104642
104658
104674
104690
104706
104722
104738
104754
104770
104786
104802
104818
104834
104850
104866
104882
104898
104914
104930
104946
104962
104978
104994
105010
105026
105042
105058
105074
105090
105106
105122
105138
105154
105170
105186
105202
105218
105234
105250
105266
105282
105298
105314
105330
105346
105362
105378
105394
105410
105426
105442
105458
105474
105490
105506
105522
105538
105554
105570
105586
105602
105618
105634
105650
105666
105682
105698
105714
105730
105746
105762
105778
105794
105810
105826
105842
105858
105874
105890
105906
105922
105938
105954
105970
105986
106002
106018
106034
106050
106066
106082
106098
106114
106130
106146
106162
106178
106194
106210
106226
106242
106258
106274
106290
106306
106322
106338
106354
106370
106386
106402
106418
106434
106450
106466
106482
106498
106514
106530
106546
106562
106578
106594
106610
106626
106642
106658
106674
106690
106706
106722
106738
106754
106770
106786
106802
106818
106834
106850
106866
106882
106898
106914
106930
106946
106962
106978
106994
107010
107026
107042
107058
107074
107090
107106
107122
107138
107154
107170
107186
107202
107218
107234
107250
107266
107282
107298
107314
107330
107346
107362
107378
107394
107410
107426
107442
107458
107474
107490
107506
107522
107538
107554
107570
107586
107602
107618
107634
107650
107666
107682
107698
107714
107730
107746
107762
107778
107794
107810
107826
107842
107858
107874
107890
107906
107922
107938
107954
107970
107986
108002
108018
108034
108050
108066
108082
108098
108114
108130
108146
108162
108178
108194
108210
108226
108242
108258
108274
108290
108306
108322
108338
108354
108370
108386
108402
108418
108434
108450
108466
108482
108498
108514
108530
108546
108562
108578
108594
108610
108626
108642
108658
108674
108690
108706
108722
108738
108754
108770
108786
108802
108818
108834
108850
108866
108882
108898
108914
108930
108946
108962
108978
108994
109010
109025
109040
109055
109070
109085
109100
109115
109130
109145
109160
109175
109190
109205
109220
109235
109250
109265
109280
109295
109310
109325
109340
109355
109370
109385
109400
109415
109430
109445
109460
109475
109490
109505
109520
109535
109550
109565
109580
109595
109610
109625
109640
109655
109670
109685
109700
109715
109730
109745
109760
109775
109790
109805
109820
109835
109850
109865
109880
109895
109910
109925
109940
109955
109970
109985
110000
110016
110032
110048
110064
110080
110096
110112
110128
110144
110160
110176
110192
110208
110224
110240
110256
110272
110288
110304
110320
110336
110352
110368
110384
110400
110416
110432
110448
110464
110480
110496
110512
110528
110544
110560
110576
110592
110608
110624
110640
110656
110672
110688
110704
110720
110736
110752
110768
110784
110800
110816
110832
110848
110864
110880
110896
110912
110928
110944
110960
110976
110992
111008
111024
111040
111056
111072
111088
111104
111120
111136
111152
111168
111184
111200
111216
111232
111248
111264
111280
111296
111312
111328
111344
111360
111376
111392
111408
111424
111440
111456
111472
111488
111504
111520
111536
111552
111568
111584
111600
111616
111632
111648
111664
111680
111696
111712
111728
111744
111760
111776
111792
111808
111824
111840
111856
111872
111888
111904
111920
111936
111952
111968
111984
112001
112018
112035
112052
112069
112086
112103
112120
112137
112154
112171
112188
112205
112222
112239
112256
112273
112290
112307
112324
112341
112358
112375
112392
112409
112426
112443
112460
112477
112494
112511
112528
112545
112562
112579
112596
112613
112630
112647
112664
112681
112698
112715
112732
112749
112766
112783
112800
112817
112834
112851
112868
112885
112902
112919
112936
112953
112970
112986
113002
113018
113034
113050
113066
113082
113098
113114
113130
113146
113162
113178
113194
113210
113226
113242
113258
113274
113290
113306
113322
113338
113354
113370
113386
113402
113418
113434
113450
113466
113482
113498
113514
113530
113546
113562
113578
113594
113610
113626
113642
113658
113674
113690
113706
113722
113738
113754
113770
113786
113802
113818
113834
113850
113866
113882
113898
113914
113930
113946
113962
113978
113994
114010
114026
114042
114058
114074
114090
114106
114122
114138
114154
114170
114186
114202
114218
114234
114250
114266
114282
114298
114314
114330
114346
114362
114378
114394
114410
114426
114442
114458
114474
114490
114506
114522
114538
114554
114570
114586
114602
114618
114634
114650
114666
114682
114698
114714
114730
114746
114762
114778
114794
114810
114826
114842
114858
114874
114890
114906
114922
114938
114954
114970
114986
115002
115018
115034
115050
115066
115082
115098
115114
115130
115146
115162
115178
115194
115210
115226
115242
115258
115274
115290
115306
115322
115338
115354
115370
115386
115402
115418
115434
115450
115466
115482
115498
115514
115530
115546
115562
115578
115594
115610
115626
115642
115658
115674
115690
115706
115722
115738
115754
115770
115786
115802
115818
115834
115850
115866
115882
115898
115914
115930
115946
115962
115978
115994
116010
116026
116042
116058
116074
116090
116106
116122
116138
116154
116170
116186
116202
116218
116234
116250
116266
116282
116298
116314
116330
116346
116362
116378
116394
116410
116426
116442
116458
116474
116490
116506
116522
116538
116554
116570
116586
116602
116618
116634
116650
116666
116682
116698
116714
116730
116746
116762
116778
116794
116810
116826
116842
116858
116874
116890
116906
116922
116938
116953
116968
116983
116998
117013
117028
117043
117058
117073
117088
117103
117118
117133
117148
117163
117178
117193
117208
117223
117238
117253
117268
117283
117298
117313
117328
117343
117358
117373
117388
117403
117418
117433
117448
117463
117478
117493
117508
117523
117538
117553
117568
117583
117598
117613
117628
117643
117658
117673
117688
117703
117718
117733
117748
117763
117778
117793
117808
117823
117838
117853
117868
117883
117898
117913
117928
117944
117960
117976
117992
118008
118024
118040
118056
118072
118088
118104
118120
118136
118152
118168
118184
118200
118216
118232
118248
118264
118280
118296
118312
118328
118344
118360
118376
118392
118408
118424
118440
118456
118472
118488
118504
118520
118536
118552
118568
118584
118600
118616
118632
118648
118664
118680
118696
118712
118728
118744
118760
118776
118792
118808
118824
118840
118856
118872
118888
118904
118920
118935
118950
118965
118980
118995
119010
119025
119040
119055
119070
119085
119100
119115
119130
119145
119160
119175
119190
119205
119220
119235
119250
119265
119280
119295
119310
119325
119340
119355
119370
119385
119400
119415
119430
119445
119460
119475
119490
119505
119520
119535
119550
119565
119580
119595
119610
119625
119640
119655
119670
119685
119700
119715
119730
119745
119760
119775
119790
119805
119820
119835
119850
119865
119880
119895
119910
119927
119944
119961
119978
119995
120012
120029
120046
120063
120080
120097
120114
120131
120148
120165
120182
120199
120216
120233
120250
120267
120284
120301
120318
120335
120352
120369
120386
120403
120420
120437
120454
120471
120488
120505
120522
120539
120556
120573
120590
120607
120624
120641
120658
120675
120692
120709
120726
120743
120760
120777
120794
120811
120828
120845
120862
120879
120896
120912
120928
120944
120960
120976
120992
121008
121024
121040
121056
121072
121088
121104
121120
121136
121152
121168
121184
121200
121216
121232
121248
121264
121280
121296
121312
121328
121344
121360
121376
121392
121408
121424
121440
121456
121472
121488
121504
121520
121536
121552
121568
121584
121600
121616
121632
121648
121664
121680
121696
121712
121728
121744
121760
121776
121792
121808
121824
121840
121856
121872
121888
121904
121920
121936
121952
121968
121984
122000
122016
122032
122048
122064
122080
122096
122112
122128
122144
122160
122176
122192
122208
122224
122240
122256
122272
122288
122304
122320
122336
122352
122368
122384
122400
122416
122432
122448
122464
122480
122496
122512
122528
122544
122560
122576
122592
122608
122624
122640
122656
122672
122688
122704
122720
122736
122752
122768
122784
122800
122816
122832
122848
122864
122880
122895
122910
122925
122940
122955
122970
122985
123000
123015
123030
123045
123060
123075
123090
123105
123120
123135
123150
123165
123180
123195
123210
123225
123240
123255
123270
123285
123300
123315
123330
123345
123360
123375
123390
123405
123420
123435
123450
123465
123480
123495
123510
123525
123540
123555
123570
123585
123600
123615
123630
123645
123660
123675
123690
123705
123720
123735
123750
123765
123780
123795
123810
123825
123840
123855
123870
123886
123902
123918
123934
123950
123966
123982
123998
124014
124030
124046
124062
124078
124094
124110
124126
124142
124158
124174
124190
124206
124222
124238
124254
124270
124286
124302
124318
124334
124350
124366
124382
124398
124414
124430
124446
124462
124478
124494
124510
124526
124542
124558
124574
124590
124606
124622
124638
124654
124670
124686
124702
124718
124734
124750
124766
124782
124798
124814
124830
124846
124862
124878
124894
124910
124926
124942
124958
124974
124990
125006
125022
125038
125054
125070
125086
125102
125118
125134
125150
125166
125182
125198
125214
125230
125246
125262
125278
125294
125310
125326
125342
125358
125374
125390
125406
125422
125438
125454
125470
125486
125502
125518
125534
125550
125566
125582
125598
125614
125630
125646
125662
125678
125694
125710
125726
125742
125758
125774
125790
125806
125822
125838
125854
125870
125886
125902
125918
125934
125950
125966
125982
125998
126014
126030
126046
126062
126078
126094
126110
126126
126142
126158
126174
126190
126206
126222
126238
126254
126270
126286
126302
126318
126334
126350
126366
126382
126398
126414
126430
126446
126462
126478
126494
126510
126526
126542
126558
126574
126590
126606
126622
126638
126654
126670
126686
126702
126718
126734
126750
126766
126782
126798
126814
126830
126846
126862
126878
126894
126910
126926
126942
126958
126974
126990
127006
127022
127038
127054
127070
127086
127102
127118
127134
127150
127166
127182
127198
127214
127230
127246
127262
127278
127294
127310
127326
127342
127358
127374
127390
127406
127422
127438
127454
127470
127486
127502
127518
127534
127550
127566
127582
127598
127614
127630
127646
127662
127678
127694
127710
127726
127742
127758
127774
127790
127806
127822
127838
127853
127868
127883
127898
127913
127928
127943
127958
127973
127988
128003
128018
128033
128048
128063
128078
128093
128108
128123
128138
128153
128168
128183
128198
128213
128228
128243
128258
128273
128288
128303
128318
128333
128348
128363
128378
128393
128408
128423
128438
128453
128468
128483
128498
128513
128528
128543
128558
128573
128588
128603
128618
128633
128648
128663
128678
128693
128708
128723
128738
128753
128768
128783
128798
128813
128828
128843
128858
128873
128888
128903
128918
128933
128948
128963
128978
128993
129008
129023
129038
129053
129068
129083
129098
129113
129128
129143
129158
129173
129188
129203
129218
129233
129248
129263
129278
129293
129308
129323
129338
129353
129368
129383
129398
129413
129428
129443
129458
129473
129488
129503
129518
129533
129548
129563
129578
129593
129608
129623
129638
129653
129668
129683
129698
129713
129728
129743
129758
129773
129788
129803
129818
129834
129850
129866
129882
129898
129914
129930
129946
129962
129978
129994
130010
130026
130042
130058
130074
130090
130106
130122
130138
130154
130170
130186
130202
130218
130234
130250
130266
130282
130298
130314
130330
130346
130362
130378
130394
130410
130426
130442
130458
130474
130490
130506
130522
130538
130554
130570
130586
130602
130618
130634
130650
130666
130682
130698
130714
130730
130746
130762
130778
130794
130810
130826
130842
130858
130874
130890
130906
130922
130938
130954
130970
130986
131002
131018
131034
131050
131066
131082
131098
131114
131130
131146
131162
131178
131194
131210
131226
131242
131258
131274
131290
131306
131322
131338
131354
131370
131386
131402
131418
131434
131450
131466
131482
131498
131514
131530
131546
131562
131578
131594
131610
131626
131642
131658
131674
131690
131706
131722
131738
131754
131770
131786
131802
131818
131834
131850
131866
131882
131898
131914
131930
131946
131962
131978
131994
132010
132026
132042
132058
132074
132090
132106
132122
132138
132154
132170
132186
132202
132218
132234
132250
132266
132282
132298
132314
132330
132346
132362
132378
132394
132410
132426
132442
132458
132474
132490
132506
132522
132538
132554
132570
132586
132602
132618
132634
132650
132666
132682
132698
132714
132730
132746
132762
132778
132794
132810
132826
132842
132858
132874
132890
132906
132922
132938
132954
132970
132986
133002
133018
133034
133050
133066
133082
133098
133114
133130
133146
133162
133178
133194
133210
133226
133242
133258
133274
133290
133306
133322
133338
133354
133370
133386
133402
133418
133434
133450
133466
133482
133498
133514
133530
133546
133562
133578
133594
133610
133626
133642
133658
133674
133690
133706
133722
133738
133754
133770
133786
133802
133818
133834
133850
133866
133882
133898
133914
133930
133946
133962
133978
133994
134010
134026
134042
134058
134074
134090
134106
134122
134138
134154
134170
134186
134202
134218
134234
134250
134266
134282
134298
134314
134330
134346
134362
134378
134394
134410
134426
134442
134458
134474
134490
134506
134522
134538
134554
134570
134586
134602
134618
134634
134650
134666
134682
134698
134714
134730
134746
134762
134778
134793
134808
134823
134838
134853
134868
134883
134898
134913
134928
134943
134958
134973
134988
135003
135018
135033
135048
135063
135078
135093
135108
135123
135138
135153
135168
135183
135198
135213
135228
135243
135258
135273
135288
135303
135318
135333
135348
135363
135378
135393
135408
135423
135438
135453
135468
135483
135498
135513
135528
135543
135558
135573
135588
135603
135618
135633
135648
135663
135678
135693
135708
135723
135738
135753
135768
135784
135800
135816
135832
135848
135864
135880
135896
135912
135928
135944
135960
135976
135992
136008
136024
136040
136056
136072
136088
136104
136120
136136
136152
136168
136184
136200
136216
136232
136248
136264
136280
136296
136312
136328
136344
136360
136376
136392
136408
136424
136440
136456
136472
136488
136504
136520
136536
136552
136568
136584
136600
136616
136632
136648
136664
136680
136696
136712
136728
136744
136760
136776
136792
136808
136824
136840
136856
136872
136888
136904
136920
136936
136952
136968
136984
137000
137016
137032
137048
137064
137080
137096
137112
137128
137144
137160
137176
137192
137208
137224
137240
137256
137272
137288
137304
137320
137336
137352
137368
137384
137400
137416
137432
137448
137464
137480
137496
137512
137528
137544
137560
137576
137592
137608
137624
137640
137656
137672
137688
137704
137720
137736
137752
137767
137782
137797
137812
137827
137842
137857
137872
137887
137902
137917
137932
137947
137962
137977
137992
138007
138022
138037
138052
138067
138082
138097
138112
138127
138142
138157
138172
138187
138202
138217
138232
138247
138262
138277
138292
138307
138322
138337
138352
138367
138382
138397
138412
138427
138442
138457
138472
138487
138502
138517
138532
138547
138562
138577
138592
138607
138622
138637
138652
138667
138682
138697
138712
138727
138742
138757
138772
138787
138802
138817
138832
138847
138862
138877
138892
138907
138922
138937
138952
138967
138982
138997
139012
139027
139042
139057
139072
139087
139102
139117
139132
139147
139162
139177
139192
139207
139222
139237
139252
139267
139282
139297
139312
139327
139342
139357
139372
139387
139402
139417
139432
139447
139462
139477
139492
139507
139522
139537
139552
139567
139582
139597
139612
139627
139642
139657
139672
139687
139702
139717
139732
139748
139764
139780
139796
139812
139828
139844
139860
139876
139892
139908
139924
139940
139956
139972
139988
140004
140020
140036
140052
140068
140084
140100
140116
140132
140148
140164
140180
140196
140212
140228
140244
140260
140276
140292
140308
140324
140340
140356
140372
140388
140404
140420
140436
140452
140468
140484
140500
140516
140532
140548
140564
140580
140596
140612
140628
140644
140660
140676
140692
140708
140724
140739
140754
140769
140784
140799
140814
140829
140844
140859
140874
140889
140904
140919
140934
140949
140964
140979
140994
141009
141024
141039
141054
141069
141084
141099
141114
141129
141144
141159
141174
141189
141204
141219
141234
141249
141264
141279
141294
141309
141324
141339
141354
141369
141384
141399
141414
141429
141444
141459
141474
141489
141504
141519
141534
141549
141564
141579
141594
141609
141624
141639
141654
141669
141684
141699
141714
141730
141746
141762
141778
141794
141810
141826
141842
141858
141874
141890
141906
141922
141938
141954
141970
141986
142002
142018
142034
142050
142066
142082
142098
142114
142130
142146
142162
142178
142194
142210
142226
142242
142258
142274
142290
142306
142322
142338
142354
142370
142386
142402
142418
142434
142450
142466
142482
142498
142514
142530
142546
142562
142578
142594
142610
142626
142642
142658
142674
142690
142706
142721
142736
142751
142766
142781
142796
142811
142826
142841
142856
142871
142886
142901
142916
142931
142946
142961
142976
142991
143006
143021
143036
143051
143066
143081
143096
143111
143126
143141
143156
143171
143186
143201
143216
143231
143246
143261
143276
143291
143306
143321
143336
143351
143366
143381
143396
143411
143426
143441
143456
143471
143486
143501
143516
143531
143546
143561
143576
143591
143606
143621
143636
143651
143666
143681
143696
143713
143730
143747
143764
143781
143798
143815
143832
143849
143866
143883
143900
143917
143934
143951
143968
143985
144002
144019
144036
144053
144070
144087
144104
144121
144138
144155
144172
144189
144206
144223
144240
144257
144274
144291
144308
144325
144342
144359
144376
144393
144410
144427
144444
144461
144478
144495
144512
144529
144546
144563
144580
144597
144614
144631
144648
144665
144682
144698
144714
144730
144746
144762
144778
144794
144810
144826
144842
144858
144874
144890
144906
144922
144938
144954
144970
144986
145002
145018
145034
145050
145066
145082
145098
145114
145130
145146
145162
145178
145194
145210
145226
145242
145258
145274
145290
145306
145322
145338
145354
145370
145386
145402
145418
145434
145450
145466
145482
145498
145514
145530
145546
145562
145578
145594
145610
145626
145642
145658
145674
145690
145706
145722
145738
145754
145770
145786
145802
145818
145834
145850
145866
145882
145898
145914
145930
145946
145962
145978
145994
146010
146026
146042
146058
146074
146090
146106
146122
146138
146154
146170
146186
146202
146218
146234
146250
146266
146282
146298
146314
146330
146346
146362
146378
146394
146410
146426
146442
146458
146474
146490
146506
146522
146538
146554
146570
146586
146602
146618
146634
146650
146666
146681
146696
146711
146726
146741
146756
146771
146786
146801
146816
146831
146846
146861
146876
146891
146906
146921
146936
146951
146966
146981
146996
147011
147026
147041
147056
147071
147086
147101
147116
147131
147146
147161
147176
147191
147206
147221
147236
147251
147266
147281
147296
147311
147326
147341
147356
147371
147386
147401
147416
147431
147446
147461
147476
147491
147506
147521
147536
147551
147566
147581
147596
147611
147626
147641
147656
147672
147688
147704
147720
147736
147752
147768
147784
147800
147816
147832
147848
147864
147880
147896
147912
147928
147944
147960
147976
147992
148008
148024
148040
148056
148072
148088
148104
148120
148136
148152
148168
148184
148200
148216
148232
148248
148264
148280
148296
148312
148328
148344
148360
148376
148392
148408
148424
148440
148456
148472
148488
148504
148520
148536
148552
148568
148584
148600
148616
148632
148648
148664
148680
148696
148712
148728
148744
148760
148776
148792
148808
148824
148840
148856
148872
148888
148904
148920
148936
148952
148968
148984
149000
149016
149032
149048
149064
149080
149096
149112
149128
149144
149160
149176
149192
149208
149224
149240
149256
149272
149288
149304
149320
149336
149352
149368
149384
149400
149416
149432
149448
149464
149480
149496
149512
149528
149544
149560
149576
149592
149608
149624
149640
149656
149672
149688
149704
149720
149736
149752
149768
149784
149800
149816
149832
149848
149864
149880
149896
149912
149928
149944
149960
149976
149992
150008
150024
150040
150056
150072
150088
150104
150120
150136
150152
150168
150184
150200
150216
150232
150248
150264
150280
150296
150312
150328
150344
150360
150376
150392
150408
150424
150440
150456
150472
150488
150504
150520
150536
150552
150568
150584
150600
150616
150632
150649
150666
150683
150700
150717
150734
150751
150768
150785
150802
150819
150836
150853
150870
150887
150904
150921
150938
150955
150972
150989
151006
151023
151040
151057
151074
151091
151108
151125
151142
151159
151176
151193
151210
151227
151244
151261
151278
151295
151312
151329
151346
151363
151380
151397
151414
151431
151448
151465
151482
151499
151516
151533
151550
151567
151584
151601
151618
151634
151650
151666
151682
151698
151714
151730
151746
151762
151778
151794
151810
151826
151842
151858
151874
151890
151906
151922
151938
151954
151970
151986
152002
152018
152034
152050
152066
152082
152098
152114
152130
152146
152162
152178
152194
152210
152226
152242
152258
152274
152290
152306
152322
152338
152354
152370
152386
152402
152418
152434
152450
152466
152482
152498
152514
152530
152546
152562
152578
152594
152610
152625
152640
152655
152670
152685
152700
152715
152730
152745
152760
152775
152790
152805
152820
152835
152850
152865
152880
152895
152910
152925
152940
152955
152970
152985
153000
153015
153030
153045
153060
153075
153090
153105
153120
153135
153150
153165
153180
153195
153210
153225
153240
153255
153270
153285
153300
153315
153330
153345
153360
153375
153390
153405
153420
153435
153450
153465
153480
153495
153510
153525
153540
153555
153570
153585
153600
153616
153632
153648
153664
153680
153696
153712
153728
153744
153760
153776
153792
153808
153824
153840
153856
153872
153888
153904
153920
153936
153952
153968
153984
154000
154016
154032
154048
154064
154080
154096
154112
154128
154144
154160
154176
154192
154208
154224
154240
154256
154272
154288
154304
154320
154336
154352
154368
154384
154400
154416
154432
154448
154464
154480
154496
154512
154528
154544
154560
154576
154592
154607
154622
154637
154652
154667
154682
154697
154712
154727
154742
154757
154772
154787
154802
154817
154832
154847
154862
154877
154892
154907
154922
154937
154952
154967
154982
154997
155012
155027
155042
155057
155072
155087
155102
155117
155132
155147
155162
155177
155192
155207
155222
155237
155252
155267
155282
155297
155312
155327
155342
155357
155372
155387
155402
155417
155432
155447
155462
155477
155492
155507
155522
155537
155552
155567
155582
155598
155614
155630
155646
155662
155678
155694
155710
155726
155742
155758
155774
155790
155806
155822
155838
155854
155870
155886
155902
155918
155934
155950
155966
155982
155998
156014
156030
156046
156062
156078
156094
156110
156126
156142
156158
156174
156190
156206
156222
156238
156254
156270
156286
156302
156318
156334
156350
156366
156382
156398
156414
156430
156446
156462
156478
156494
156510
156526
156542
156558
156574
156590
156606
156622
156638
156654
156670
156686
156702
156718
156734
156750
156766
156782
156798
156814
156830
156846
156862
156878
156894
156910
156926
156942
156958
156974
156990
157006
157022
157038
157054
157070
157086
157102
157118
157134
157150
157166
157182
157198
157214
157230
157246
157262
157278
157294
157310
157326
157342
157358
157374
157390
157406
157422
157438
157454
157470
157486
157502
157518
157534
157550
157566
157582
157598
157614
157630
157646
157662
157678
157694
157710
157726
157742
157758
157774
157790
157806
157822
157838
157854
157870
157886
157902
157918
157934
157950
157966
157982
157998
158014
158030
158046
158062
158078
158094
158110
158126
158142
158158
158174
158190
158206
158222
158238
158254
158270
158286
158302
158318
158334
158350
158366
158382
158398
158414
158430
158446
158462
158478
158494
158510
158526
158542
158558
158574
158590
158606
158622
158638
158654
158670
158686
158702
158718
158734
158750
158766
158782
158798
158814
158830
158846
158862
158878
158894
158910
158926
158942
158958
158974
158990
159006
159022
159038
159054
159070
159086
159102
159118
159134
159150
159166
159182
159198
159214
159230
159246
159262
159278
159294
159310
159326
159342
159358
159374
159390
159406
159422
159438
159454
159470
159486
159502
159518
159534
159550
159566
159582
159598
159614
159630
159646
159662
159678
159694
159710
159726
159742
159758
159774
159790
159806
159822
159838
159854
159870
159886
159902
159918
159934
159950
159966
159982
159998
160014
160030
160046
160062
160078
160094
160110
160126
160142
160158
160174
160190
160206
160222
160238
160254
160270
160286
160302
160318
160334
160350
160366
160382
160398
160414
160430
160446
160462
160478
160494
160510
160526
160542
160558
160574
160590
160606
160622
160638
160654
160670
160686
160702
160718
160734
160750
160766
160782
160798
160814
160830
160846
160862
160878
160894
160910
160926
160942
160958
160974
160990
161006
161022
161038
161054
161070
161086
161102
161118
161134
161150
161166
161182
161198
161214
161230
161246
161262
161278
161294
161310
161326
161342
161358
161374
161390
161406
161422
161438
161454
161470
161486
161502
161518
161534
161550
161566
161582
161598
161614
161630
161646
161662
161678
161694
161710
161726
161742
161758
161774
161790
161806
161822
161838
161854
161870
161886
161902
161918
161934
161950
161966
161982
161998
162014
162030
162046
162062
162078
162094
162110
162126
162142
162158
162174
162190
162206
162222
162238
162254
162270
162286
162302
162318
162334
162350
162366
162382
162398
162414
162430
162446
162462
162478
162494
162510
162526
162542
162558
162574
162590
162606
162622
162638
162654
162670
162686
162702
162718
162734
162750
162766
162782
162798
162814
162830
162846
162862
162878
162894
162910
162926
162942
162958
162974
162990
163006
163022
163038
163054
163070
163086
163102
163118
163134
163150
163166
163182
163198
163214
163230
163246
163262
163278
163294
163310
163326
163342
163358
163374
163390
163406
163422
163438
163454
163470
163486
163502
163518
163534
163550
163566
163582
163598
163614
163630
163646
163662
163678
163694
163710
163726
163742
163758
163774
163790
163806
163822
163838
163854
163870
163886
163902
163918
163934
163950
163966
163982
163998
164014
164030
164046
164062
164078
164094
164110
164126
164142
164158
164174
164190
164206
164222
164238
164254
164270
164286
164302
164318
164334
164350
164366
164382
164398
164414
164430
164446
164462
164478
164494
164510
164526
164542
164558
164574
164590
164606
164622
164638
164654
164670
164686
164702
164718
164734
164750
164766
164782
164798
164814
164830
164846
164862
164878
164894
164910
164926
164942
164958
164974
164990
165006
165022
165038
165054
165070
165086
165102
165118
165134
165150
165166
165182
165198
165214
165230
165246
165262
165278
165294
165310
165326
165342
165358
165374
165390
165406
165422
165438
165454
165470
165486
165502
165518
165534
165550
165566
165582
165598
165614
165630
165646
165662
165678
165694
165710
165726
165742
165758
165774
165790
165806
165822
165838
165854
165870
165886
165902
165918
165934
165950
165966
165982
165998
166014
166030
166046
166062
166078
166094
166110
166126
166142
166158
166174
166190
166206
166222
166238
166254
166270
166286
166302
166318
166334
166350
166366
166382
166398
166414
166430
166446
166462
166478
166494
166509
166524
166539
166554
166569
166584
166599
166614
166629
166644
166659
166674
166689
166704
166719
166734
166749
166764
166779
166794
166809
166824
166839
166854
166869
166884
166899
166914
166929
166944
166959
166974
166989
167004
167019
167034
167049
167064
167079
167094
167109
167124
167139
167154
167169
167184
167199
167214
167229
167244
167259
167274
167289
167304
167319
167334
167349
167364
167379
167394
167409
167424
167439
167454
167469
167484
167499
167514
167529
167544
167559
167574
167589
167604
167619
167634
167649
167664
167679
167694
167709
167724
167739
167754
167769
167784
167799
167814
167829
167844
167859
167874
167889
167904
167919
167934
167949
167964
167979
167994
168009
168024
168039
168054
168069
168084
168099
168114
168129
168144
168159
168174
168189
168204
168219
168234
168249
168264
168279
168294
168309
168324
168339
168354
168369
168384
168399
168414
168429
168444
168459
168474
168490
168506
168522
168538
168554
168570
168586
168602
168618
168634
168650
168666
168682
168698
168714
168730
168746
168762
168778
168794
168810
168826
168842
168858
168874
168890
168906
168922
168938
168954
168970
168986
169002
169018
169034
169050
169066
169082
169098
169114
169130
169146
169162
169178
169194
169210
169226
169242
169258
169274
169290
169306
169322
169338
169354
169370
169386
169402
169418
169434
169450
169466
169481
169496
169511
169526
169541
169556
169571
169586
169601
169616
169631
169646
169661
169676
169691
169706
169721
169736
169751
169766
169781
169796
169811
169826
169841
169856
169871
169886
169901
169916
169931
169946
169961
169976
169991
170006
170021
170036
170051
170066
170081
170096
170111
170126
170141
170156
170171
170186
170201
170216
170231
170246
170261
170276
170291
170306
170321
170336
170351
170366
170381
170396
170411
170426
170441
170456
170471
170486
170501
170516
170531
170546
170561
170576
170591
170606
170621
170636
170651
170666
170681
170696
170711
170726
170741
170756
170771
170786
170801
170816
170831
170846
170861
170876
170891
170906
170921
170936
170951
170966
170981
170996
171011
171026
171041
171056
171071
171086
171101
171116
171131
171146
171161
171176
171191
171206
171221
171236
171251
171266
171281
171296
171311
171326
171341
171356
171371
171386
171401
171416
171431
171446
171461
171476
171491
171506
171521
171536
171551
171566
171581
171596
171611
171626
171641
171656
171671
171686
171701
171716
171731
171746
171761
171776
171791
171806
171821
171836
171851
171866
171881
171896
171911
171926
171941
171956
171971
171986
172001
172016
172031
172046
172061
172076
172091
172106
172121
172136
172151
172166
172181
172196
172211
172226
172241
172256
172271
172286
172301
172316
172331
172346
172361
172376
172391
172406
172421
172436
172452
172468
172484
172500
172516
172532
172548
172564
172580
172596
172612
172628
172644
172660
172676
172692
172708
172724
172740
172756
172772
172788
172804
172820
172836
172852
172868
172884
172900
172916
172932
172948
172964
172980
172996
173012
173028
173044
173060
173076
173092
173108
173124
173140
173156
173172
173188
173204
173220
173236
173252
173268
173284
173300
173316
173332
173348
173364
173380
173396
173412
173428
173444
173460
173476
173492
173508
173524
173540
173556
173572
173588
173604
173620
173636
173652
173668
173684
173700
173716
173732
173748
173764
173780
173796
173812
173828
173844
173860
173876
173892
173908
173924
173940
173956
173972
173988
174004
174020
174036
174052
174068
174084
174100
174116
174132
174148
174164
174180
174196
174212
174228
174244
174260
174276
174292
174308
174324
174340
174356
174372
174388
174404
174420
174435
174450
174465
174480
174495
174510
174525
174540
174555
174570
174585
174600
174615
174630
174645
174660
174675
174690
174705
174720
174735
174750
174765
174780
174795
174810
174825
174840
174855
174870
174885
174900
174915
174930
174945
174960
174975
174990
175005
175020
175035
175050
175065
175080
175095
175110
175125
175140
175155
175170
175185
175200
175215
175230
175245
175260
175275
175290
175305
175320
175335
175350
175365
175380
175395
175410
175426
175442
175458
175474
175490
175506
175522
175538
175554
175570
175586
175602
175618
175634
175650
175666
175682
175698
175714
175730
175746
175762
175778
175794
175810
175826
175842
175858
175874
175890
175906
175922
175938
175954
175970
175986
176002
176018
176034
176050
176066
176082
176098
176114
176130
176146
176162
176178
176194
176210
176226
176242
176258
176274
176290
176306
176322
176338
176354
176370
176386
176402
176418
176434
176450
176466
176482
176498
176514
176530
176546
176562
176578
176594
176610
176626
176642
176658
176674
176690
176706
176722
176738
176754
176770
176786
176802
176818
176834
176850
176866
176882
176898
176914
176930
176946
176962
176978
176994
177010
177026
177042
177058
177074
177090
177106
177122
177138
177154
177170
177186
177202
177218
177234
177250
177266
177282
177298
177314
177330
177346
177362
177378
177394
177410
177426
177442
177458
177474
177490
177506
177522
177538
177554
177570
177586
177602
177618
177634
177650
177666
177682
177698
177714
177730
177746
177762
177778
177794
177810
177826
177842
177858
177874
177890
177906
177922
177938
177954
177970
177986
178002
178018
178034
178050
178066
178082
178098
178114
178130
178146
178162
178178
178194
178210
178226
178242
178258
178274
178290
178306
178322
178338
178354
178370
178386
178402
178418
178434
178450
178466
178482
178498
178514
178530
178546
178562
178578
178594
178610
178626
178642
178658
178674
178690
178706
178722
178738
178754
178770
178786
178802
178818
178834
178850
178866
178882
178898
178914
178930
178946
178962
178978
178994
179010
179026
179042
179058
179074
179090
179106
179122
179138
179154
179170
179186
179202
179218
179234
179250
179266
179282
179298
179314
179330
179346
179362
179378
179394
179410
179426
179442
179458
179474
179490
179506
179522
179538
179554
179570
179586
179602
179618
179634
179650
179666
179682
179698
179714
179730
179746
179762
179778
179794
179810
179826
179842
179858
179874
179890
179906
179922
179938
179954
179970
179986
180002
180018
180034
180050
180066
180082
180098
180114
180130
180146
180162
180178
180194
180210
180226
180242
180258
180274
180290
180306
180322
180338
180354
180370
180386
180402
180418
180434
180450
180466
180482
180498
180514
180530
180546
180562
180578
180594
180610
180626
180642
180658
180674
180690
180706
180722
180738
180754
180770
180786
180802
180818
180834
180850
180866
180882
180898
180914
180930
180946
180962
180978
180994
181010
181026
181042
181058
181074
181090
181106
181122
181138
181154
181170
181186
181202
181218
181234
181250
181266
181282
181298
181314
181330
181346
181362
181378
181394
181410
181426
181442
181458
181474
181490
181506
181522
181538
181554
181570
181586
181602
181618
181634
181650
181666
181682
181698
181714
181730
181746
181762
181778
181794
181810
181826
181842
181858
181874
181890
181906
181922
181938
181954
181970
181986
182002
182018
182034
182050
182066
182082
182098
182114
182130
182146
182162
182178
182194
182210
182226
182242
182258
182274
182290
182306
182322
182338
182354
182370
182386
182402
182418
182434
182450
182466
182482
182498
182514
182530
182546
182562
182578
182594
182610
182626
182642
182658
182674
182690
182706
182722
182738
182754
182770
182786
182802
182818
182834
182850
182866
182882
182898
182914
182930
182946
182962
182978
182994
183010
183026
183042
183058
183074
183090
183106
183122
183138
183154
183170
183186
183202
183218
183234
183250
183266
183282
183298
183314
183330
183346
183362
183378
183394
183410
183426
183442
183458
183474
183490
183506
183522
183538
183554
183570
183586
183602
183618
183634
183650
183666
183682
183698
183714
183730
183746
183762
183778
183794
183810
183826
183842
183858
183874
183890
183906
183922
183938
183954
183970
183986
184002
184018
184034
184050
184066
184082
184098
184114
184130
184146
184162
184178
184194
184210
184226
184242
184258
184274
184290
184306
184322
184338
184354
184370
184386
184402
184418
184434
184450
184466
184482
184498
184514
184530
184546
184562
184578
184594
184610
184626
184642
184658
184674
184690
184706
184722
184738
184754
184770
184786
184802
184818
184834
184850
184866
184882
184898
184914
184930
184946
184962
184978
184994
185010
185026
185042
185058
185074
185090
185106
185122
185138
185154
185170
185186
185202
185218
185234
185250
185266
185282
185298
185314
185330
185346
185362
185378
185394
185410
185426
185442
185458
185474
185490
185506
185522
185538
185554
185570
185586
185602
185618
185634
185650
185666
185682
185698
185714
185730
185746
185762
185778
185794
185810
185826
185842
185858
185874
185890
185906
185922
185938
185954
185970
185986
186002
186018
186034
186050
186066
186082
186098
186114
186130
186146
186162
186178
186194
186210
186226
186242
186258
186274
186290
186306
186322
186337
186352
186367
186382
186397
186412
186427
186442
186457
186472
186487
186502
186517
186532
186547
186562
186577
186592
186607
186622
186637
186652
186667
186682
186697
186712
186727
186742
186757
186772
186787
186802
186817
186832
186847
186862
186877
186892
186907
186922
186937
186952
186967
186982
186997
187012
187027
187042
187057
187072
187087
187102
187117
187132
187147
187162
187177
187192
187207
187222
187237
187252
187267
187282
187297
187312
187327
187342
187357
187372
187387
187402
187417
187432
187447
187462
187477
187492
187507
187522
187537
187552
187567
187582
187597
187612
187627
187642
187657
187672
187687
187702
187717
187732
187747
187762
187777
187792
187807
187822
187837
187852
187867
187882
187897
187912
187927
187942
187957
187972
187987
188002
188017
188032
188047
188062
188077
188092
188107
188122
188137
188152
188167
188182
188197
188212
188227
188242
188257
188272
188287
188302
188319
188336
188353
188370
188387
188404
188421
188438
188455
188472
188489
188506
188523
188540
188557
188574
188591
188608
188625
188642
188659
188676
188693
188710
188727
188744
188761
188778
188795
188812
188829
188846
188863
188880
188897
188914
188931
188948
188965
188982
188999
189016
189033
189050
189067
189084
189101
189118
189135
189152
189169
189186
189203
189220
189237
189254
189271
189288
189304
189320
189336
189352
189368
189384
189400
189416
189432
189448
189464
189480
189496
189512
189528
189544
189560
189576
189592
189608
189624
189640
189656
189672
189688
189704
189720
189736
189752
189768
189784
189800
189816
189832
189848
189864
189880
189896
189912
189928
189944
189960
189976
189992
190008
190024
190040
190056
190072
190088
190104
190120
190136
190152
190168
190184
190200
190216
190232
190248
190264
190280
190296
190312
190328
190344
190360
190376
190392
190408
190424
190440
190456
190472
190488
190504
190520
190536
190552
190568
190584
190600
190616
190632
190648
190664
190680
190696
190712
190728
190744
190760
190776
190792
190808
190824
190840
190856
190872
190888
190904
190920
190936
190952
190968
190984
191000
191016
191032
191048
191064
191080
191096
191112
191128
191144
191160
191176
191192
191208
191224
191240
191256
191272
191288
191304
191320
191336
191352
191368
191384
191400
191416
191432
191448
191464
191480
191496
191512
191528
191544
191560
191576
191592
191608
191624
191640
191656
191672
191688
191704
191720
191736
191752
191768
191784
191800
191816
191832
191848
191864
191880
191896
191912
191928
191944
191960
191976
191992
192008
192024
192040
192056
192072
192088
192104
192120
192136
192152
192168
192184
192200
192216
192232
192248
192264
192280
192296
192312
192328
192344
192360
192376
192392
192408
192424
192440
192456
192472
192488
192504
192520
192536
192552
192568
192584
192600
192616
192632
192648
192664
192680
192696
192712
192728
192744
192760
192776
192792
192808
192824
192840
192856
192872
192888
192904
192920
192936
192952
192968
192984
193000
193016
193032
193048
193064
193080
193096
193112
193128
193144
193160
193176
193192
193208
193224
193240
193256
193273
193290
193307
193324
193341
193358
193375
193392
193409
193426
193443
193460
193477
193494
193511
193528
193545
193562
193579
193596
193613
193630
193647
193664
193681
193698
193715
193732
193749
193766
193783
193800
193817
193834
193851
193868
193885
193902
193919
193936
193953
193970
193987
194004
194021
194038
194055
194072
194089
194106
194123
194140
194157
194174
194191
194208
194225
194242
194258
194274
194290
194306
194322
194338
194354
194370
194386
194402
194418
194434
194450
194466
194482
194498
194514
194530
194546
194562
194578
194594
194610
194626
194642
194658
194674
194690
194706
194722
194738
194754
194770
194786
194802
194818
194834
194850
194866
194882
194898
194914
194930
194946
194962
194978
194994
195010
195026
195042
195058
195074
195090
195106
195122
195138
195154
195170
195186
195202
195218
195234
195250
195266
195282
195298
195314
195330
195346
195362
195378
195394
195410
195426
195442
195458
195474
195490
195506
195522
195538
195554
195570
195586
195602
195618
195634
195650
195666
195682
195698
195714
195730
195746
195762
195778
195794
195810
195826
195842
195858
195874
195890
195906
195922
195938
195954
195970
195986
196002
196018
196034
196050
196066
196082
196098
196114
196130
196146
196162
196178
196194
196210
196226
196242
196258
196274
196290
196306
196322
196338
196354
196370
196386
196402
196418
196434
196450
196466
196482
196498
196514
196530
196546
196562
196578
196594
196610
196626
196642
196658
196674
196690
196706
196722
196738
196754
196770
196786
196802
196818
196834
196850
196866
196882
196898
196914
196930
196946
196962
196978
196994
197010
197026
197042
197058
197074
197090
197106
197122
197138
197154
197170
197186
197202
197218
197234
197250
197266
197282
197298
197314
197330
197346
197362
197378
197394
197410
197426
197442
197458
197474
197490
197506
197522
197538
197554
197570
197586
197602
197618
197634
197650
197666
197682
197698
197714
197730
197746
197762
197778
197794
197810
197826
197842
197858
197874
197890
197906
197922
197938
197954
197970
197986
198002
198018
198034
198050
198066
198082
198098
198114
198130
198146
198162
198178
198194
198210
198226
198242
198258
198274
198290
198306
198322
198338
198354
198370
198386
198402
198418
198434
198450
198466
198482
198498
198514
198530
198546
198562
198578
198594
198610
198626
198642
198658
198674
198690
198706
198722
198738
198754
198770
198786
198802
198818
198834
198850
198866
198882
198898
198914
198930
198946
198962
198978
198994
199010
199026
199042
199058
199074
199090
199106
199122
199138
199154
199170
199186
199202
199218
199234
199250
199266
199282
199298
199314
199330
199346
199362
199378
199394
199410
199426
199442
199458
199474
199490
199506
199522
199538
199554
199570
199586
199602
199618
199634
199650
199666
199682
199698
199714
199730
199746
199762
199778
199794
199810
199826
199842
199858
199874
199890
199906
199922
199938
199954
199970
199986
200002
200018
200034
200050
200066
200082
200098
200114
200130
200146
200162
200178
200194
200210
200226
200242
200258
200274
200290
200306
200322
200338
200354
200370
200386
200402
200418
200434
200450
200466
200482
200498
200514
200530
200546
200562
200578
200594
200610
200626
200642
200658
200674
200690
200706
200722
200738
200754
200770
200786
200802
200818
200834
200850
200866
200882
200898
200914
200930
200946
200962
200978
200994
201010
201026
201042
201058
201074
201090
201106
201122
201138
201154
201170
201186
201202
201218
201234
201250
201266
201282
201298
201314
201330
201346
201362
201378
201394
201410
201426
201442
201458
201474
201490
201506
201522
201538
201554
201570
201586
201602
201618
201634
201650
201666
201682
201698
201714
201730
201746
201762
201778
201794
201810
201826
201842
201858
201874
201890
201906
201922
201938
201954
201970
201986
202002
202018
202034
202050
202066
202082
202098
202114
202130
202146
202162
202178
202193
202208
202223
202238
202253
202268
202283
202298
202313
202328
202343
202358
202373
202388
202403
202418
202433
202448
202463
202478
202493
202508
202523
202538
202553
202568
202583
202598
202613
202628
202643
202658
202673
202688
202703
202718
202733
202748
202763
202778
202793
202808
202823
202838
202853
202868
202883
202898
202913
202928
202943
202958
202973
202988
203003
203018
203033
203048
203063
203078
203093
203108
203123
203138
203153
203168
203184
203200
203216
203232
203248
203264
203280
203296
203312
203328
203344
203360
203376
203392
203408
203424
203440
203456
203472
203488
203504
203520
203536
203552
203568
203584
203600
203616
203632
203648
203664
203680
203696
203712
203728
203744
203760
203776
203792
203808
203824
203840
203856
203872
203888
203904
203920
203936
203952
203968
203984
204000
204016
204032
204048
204064
204080
204096
204112
204128
204144
204160
204176
204192
204208
204224
204240
204256
204272
204288
204304
204320
204336
204352
204368
204384
204400
204416
204432
204448
204464
204480
204496
204512
204528
204544
204560
204576
204592
204608
204624
204640
204656
204672
204688
204704
204720
204736
204752
204768
204784
204800
204816
204832
204848
204864
204880
204896
204912
204928
204944
204960
204976
204992
205008
205024
205040
205056
205072
205088
205104
205120
205136
205152
205167
205182
205197
205212
205227
205242
205257
205272
205287
205302
205317
205332
205347
205362
205377
205392
205407
205422
205437
205452
205467
205482
205497
205512
205527
205542
205557
205572
205587
205602
205617
205632
205647
205662
205677
205692
205707
205722
205737
205752
205767
205782
205797
205812
205827
205842
205857
205872
205887
205902
205917
205932
205947
205962
205977
205992
206007
206022
206037
206052
206067
206082
206097
206112
206127
206142
206157
206172
206187
206202
206217
206232
206247
206262
206277
206292
206307
206322
206337
206352
206367
206382
206397
206412
206427
206442
206457
206472
206487
206502
206517
206532
206547
206562
206577
206592
206607
206622
206637
206652
206667
206682
206697
206712
206727
206742
206757
206772
206787
206802
206817
206832
206847
206862
206877
206892
206907
206922
206937
206952
206967
206982
206997
207012
207027
207042
207057
207072
207087
207102
207117
207132
207148
207164
207180
207196
207212
207228
207244
207260
207276
207292
207308
207324
207340
207356
207372
207388
207404
207420
207436
207452
207468
207484
207500
207516
207532
207548
207564
207580
207596
207612
207628
207644
207660
207676
207692
207708
207724
207740
207756
207772
207788
207804
207820
207836
207852
207868
207884
207900
207916
207932
207948
207964
207980
207996
208012
208028
208044
208060
208076
208092
208108
208124
208141
208158
208175
208192
208209
208226
208243
208260
208277
208294
208311
208328
208345
208362
208379
208396
208413
208430
208447
208464
208481
208498
208515
208532
208549
208566
208583
208600
208617
208634
208651
208668
208685
208702
208719
208736
208753
208770
208787
208804
208821
208838
208855
208872
208889
208906
208923
208940
208957
208974
208991
209008
209025
209042
209059
209076
209093
209110
209126
209142
209158
209174
209190
209206
209222
209238
209254
209270
209286
209302
209318
209334
209350
209366
209382
209398
209414
209430
209446
209462
209478
209494
209510
209526
209542
209558
209574
209590
209606
209622
209638
209654
209670
209686
209702
209718
209734
209750
209766
209782
209798
209814
209830
209846
209862
209878
209894
209910
209926
209942
209958
209974
209990
210006
210022
210038
210054
210070
210086
210102
210118
210134
210150
210166
210182
210198
210214
210230
210246
210262
210278
210294
210310
210326
210342
210358
210374
210390
210406
210422
210438
210454
210470
210486
210502
210518
210534
210550
210566
210582
210598
210614
210630
210646
210662
210678
210694
210710
210726
210742
210758
210774
210790
210806
210822
210838
210854
210870
210886
210902
210918
210934
210950
210966
210982
210998
211014
211030
211046
211062
211078
211094
211110
211126
211142
211158
211174
211190
211206
211222
211238
211254
211270
211286
211302
211318
211334
211350
211366
211382
211398
211414
211430
211446
211462
211478
211494
211510
211526
211542
211558
211574
211590
211606
211622
211638
211654
211670
211686
211702
211718
211734
211750
211766
211782
211798
211814
211830
211846
211862
211878
211894
211910
211926
211942
211958
211974
211990
212006
212022
212038
212054
212070
212086
212101
212116
212131
212146
212161
212176
212191
212206
212221
212236
212251
212266
212281
212296
212311
212326
212341
212356
212371
212386
212401
212416
212431
212446
212461
212476
212491
212506
212521
212536
212551
212566
212581
212596
212611
212626
212641
212656
212671
212686
212701
212716
212731
212746
212761
212776
212791
212806
212821
212836
212851
212866
212881
212896
212911
212926
212941
212956
212971
212986
213001
213016
213031
213046
213061
213076
213091
213106
213121
213136
213151
213166
213181
213196
213211
213226
213241
213256
213271
213286
213301
213316
213331
213346
213361
213376
213391
213406
213421
213436
213451
213466
213481
213496
213511
213526
213541
213556
213571
213586
213601
213616
213631
213646
213661
213676
213691
213706
213721
213736
213751
213766
213781
213796
213811
213826
213841
213856
213871
213886
213901
213916
213931
213946
213961
213976
213991
214006
214021
214036
214051
214066
214082
214098
214114
214130
214146
214162
214178
214194
214210
214226
214242
214258
214274
214290
214306
214322
214338
214354
214370
214386
214402
214418
214434
214450
214466
214482
214498
214514
214530
214546
214562
214578
214594
214610
214626
214642
214658
214674
214690
214706
214722
214738
214754
214770
214786
214802
214818
214834
214850
214866
214882
214898
214914
214930
214946
214962
214978
214994
215010
215026
215042
215058
215074
215090
215106
215122
215138
215154
215170
215186
215202
215218
215234
215250
215266
215282
215298
215314
215330
215346
215362
215378
215394
215410
215426
215442
215458
215474
215490
215506
215522
215538
215554
215570
215586
215602
215618
215634
215650
215666
215682
215698
215714
215730
215746
215762
215778
215794
215810
215826
215842
215858
215874
215890
215906
215922
215938
215954
215970
215986
216002
216018
216034
216050
216066
216082
216098
216114
216130
216146
216162
216178
216194
216210
216226
216242
216258
216274
216290
216306
216322
216338
216354
216370
216386
216402
216418
216434
216450
216466
216482
216498
216514
216530
216546
216562
216578
216594
216610
216626
216642
216658
216674
216690
216706
216722
216738
216754
216770
216786
216802
216818
216834
216850
216866
216882
216898
216914
216930
216946
216962
216978
216994
217010
217026
217042
217057
217072
217087
217102
217117
217132
217147
217162
217177
217192
217207
217222
217237
217252
217267
217282
217297
217312
217327
217342
217357
217372
217387
217402
217417
217432
217447
217462
217477
217492
217507
217522
217537
217552
217567
217582
217597
217612
217627
217642
217657
217672
217687
217702
217717
217732
217747
217762
217777
217792
217807
217822
217837
217852
217867
217882
217897
217912
217927
217942
217957
217972
217987
218002
218017
218032
218047
218062
218077
218092
218107
218122
218137
218152
218167
218182
218197
218212
218227
218242
218257
218272
218287
218302
218317
218332
218347
218362
218377
218392
218407
218422
218437
218452
218467
218482
218497
218512
218527
218542
218557
218572
218587
218602
218617
218632
218647
218662
218677
218692
218707
218722
218737
218752
218767
218782
218797
218812
218827
218842
218857
218872
218887
218902
218917
218932
218947
218962
218977
218992
219007
219022
219037
219052
219067
219082
219097
219112
219127
219142
219157
219172
219187
219202
219217
219232
219247
219262
219277
219292
219307
219322
219337
219352
219367
219382
219397
219412
219427
219442
219457
219472
219487
219502
219517
219532
219547
219562
219577
219592
219607
219622
219637
219652
219667
219682
219697
219712
219727
219742
219757
219772
219787
219802
219817
219832
219847
219862
219877
219892
219907
219922
219937
219952
219967
219982
219997
220012
220027
220042
220057
220072
220087
220102
220117
220132
220147
220162
220177
220192
220207
220222
220237
220252
220267
220282
220297
220312
220327
220342
220357
220372
220387
220402
220417
220432
220447
220462
220477
220492
220507
220522
220537
220552
220567
220582
220597
220612
220627
220642
220657
220672
220687
220702
220717
220732
220747
220762
220777
220792
220807
220822
220837
220852
220867
220882
220897
220912
220927
220942
220957
220972
220987
221002
221018
221034
221050
221066
221082
221098
221114
221130
221146
221162
221178
221194
221210
221226
221242
221258
221274
221290
221306
221322
221338
221354
221370
221386
221402
221418
221434
221450
221466
221482
221498
221514
221530
221546
221562
221578
221594
221610
221626
221642
221658
221674
221690
221706
221722
221738
221754
221770
221786
221802
221818
221834
221850
221866
221882
221898
221914
221930
221946
221962
221978
221994
222010
222026
222042
222058
222074
222090
222106
222122
222138
222154
222170
222186
222202
222218
222234
222250
222266
222282
222298
222314
222330
222346
222362
222378
222394
222410
222426
222442
222458
222474
222490
222506
222522
222538
222554
222570
222586
222602
222618
222634
222650
222666
222682
222698
222714
222730
222746
222762
222778
222794
222810
222826
222842
222858
222874
222890
222906
222922
222938
222954
222970
222986
223001
223016
223031
223046
223061
223076
223091
223106
223121
223136
223151
223166
223181
223196
223211
223226
223241
223256
223271
223286
223301
223316
223331
223346
223361
223376
223391
223406
223421
223436
223451
223466
223481
223496
223511
223526
223541
223556
223571
223586
223601
223616
223631
223646
223661
223676
223691
223706
223721
223736
223751
223766
223781
223796
223811
223826
223841
223856
223871
223886
223901
223916
223931
223946
223961
223976
223991
224006
224021
224036
224051
224066
224081
224096
224111
224126
224141
224156
224171
224186
224201
224216
224231
224246
224261
224276
224291
224306
224321
224336
224351
224366
224381
224396
224411
224426
224441
224456
224471
224486
224501
224516
224531
224546
224561
224576
224591
224606
224621
224636
224651
224666
224681
224696
224711
224726
224741
224756
224771
224786
224801
224816
224831
224846
224861
224876
224891
224906
224921
224936
224951
224966
224982
224998
225014
225030
225046
225062
225078
225094
225110
225126
225142
225158
225174
225190
225206
225222
225238
225254
225270
225286
225302
225318
225334
225350
225366
225382
225398
225414
225430
225446
225462
225478
225494
225510
225526
225542
225558
225574
225590
225606
225622
225638
225654
225670
225686
225702
225718
225734
225750
225766
225782
225798
225814
225830
225846
225862
225878
225894
225910
225926
225942
225958
225973
225988
226003
226018
226033
226048
226063
226078
226093
226108
226123
226138
226153
226168
226183
226198
226213
226228
226243
226258
226273
226288
226303
226318
226333
226348
226363
226378
226393
226408
226423
226438
226453
226468
226483
226498
226513
226528
226543
226558
226573
226588
226603
226618
226633
226648
226663
226678
226693
226708
226723
226738
226753
226768
226783
226798
226813
226828
226843
226858
226873
226888
226903
226918
226933
226948
226964
226980
226996
227012
227028
227044
227060
227076
227092
227108
227124
227140
227156
227172
227188
227204
227220
227236
227252
227268
227284
227300
227316
227332
227348
227364
227380
227396
227412
227428
227444
227460
227476
227492
227508
227524
227540
227556
227572
227588
227604
227620
227636
227652
227668
227684
227700
227716
227732
227748
227764
227780
227796
227812
227828
227844
227860
227876
227892
227908
227924
227940
227956
227972
227988
228004
228020
228036
228052
228068
228084
228100
228116
228132
228148
228164
228180
228196
228212
228228
228244
228260
228276
228292
228308
228324
228340
228356
228372
228388
228404
228420
228436
228452
228468
228484
228500
228516
228532
228548
228564
228580
228596
228612
228628
228644
228660
228676
228692
228708
228724
228740
228756
228772
228788
228804
228820
228836
228852
228868
228884
228900
228916
228932
228947
228962
228977
228992
229007
229022
229037
229052
229067
229082
229097
229112
229127
229142
229157
229172
229187
229202
229217
229232
229247
229262
229277
229292
229307
229322
229337
229352
229367
229382
229397
229412
229427
229442
229457
229472
229487
229502
229517
229532
229547
229562
229577
229592
229607
229622
229637
229652
229667
229682
229697
229712
229727
229742
229757
229772
229787
229802
229817
229832
229847
229862
229877
229892
229907
229922
229937
229952
229967
229982
229997
230012
230027
230042
230057
230072
230087
230102
230117
230132
230147
230162
230177
230192
230207
230222
230237
230252
230267
230282
230297
230312
230327
230342
230357
230372
230387
230402
230417
230432
230447
230462
230477
230492
230507
230522
230537
230552
230567
230582
230597
230612
230627
230642
230657
230672
230687
230702
230717
230732
230747
230762
230777
230792
230807
230822
230837
230852
230867
230882
230897
230912
230928
230944
230960
230976
230992
231008
231024
231040
231056
231072
231088
231104
231120
231136
231152
231168
231184
231200
231216
231232
231248
231264
231280
231296
231312
231328
231344
231360
231376
231392
231408
231424
231440
231456
231472
231488
231504
231520
231536
231552
231568
231584
231600
231616
231632
231648
231664
231680
231696
231712
231728
231744
231760
231776
231792
231808
231824
231840
231856
231872
231888
231904
231920
231936
231952
231968
231984
232000
232016
232032
232048
232064
232080
232096
232112
232128
232144
232160
232176
232192
232208
232224
232240
232256
232272
232288
232304
232320
232336
232352
232368
232384
232400
232416
232432
232448
232464
232480
232496
232512
232528
232544
232560
232576
232592
232608
232624
232640
232656
232672
232688
232704
232720
232736
232752
232768
232784
232800
232816
232832
232848
232864
232880
232896
232911
232926
232941
232956
232971
232986
233001
233016
233031
233046
233061
233076
233091
233106
233121
233136
233151
233166
233181
233196
233211
233226
233241
233256
233271
233286
233301
233316
233331
233346
233361
233376
233391
233406
233421
233436
233451
233466
233481
233496
233511
233526
233541
233556
233571
233586
233601
233616
233631
233646
233661
233676
233691
233706
233721
233736
233751
233766
233781
233796
233811
233826
233841
233856
233871
233886
233902
233918
233934
233950
233966
233982
233998
234014
234030
234046
234062
234078
234094
234110
234126
234142
234158
234174
234190
234206
234222
234238
234254
234270
234286
234302
234318
234334
234350
234366
234382
234398
234414
234430
234446
234462
234478
234494
234510
234526
234542
234558
234574
234590
234606
234622
234638
234654
234670
234686
234702
234718
234734
234750
234766
234782
234798
234814
234830
234846
234862
234878
234894
234910
234926
234942
234958
234974
234990
235006
235022
235038
235054
235070
235086
235102
235118
235134
235150
235166
235182
235198
235214
235230
235246
235262
235278
235294
235310
235326
235342
235358
235374
235390
235406
235422
235438
235454
235470
235486
235502
235518
235534
235550
235566
235582
235598
235614
235630
235646
235662
235678
235694
235710
235726
235742
235758
235774
235790
235806
235822
235838
235854
235870
235885
235900
235915
235930
235945
235960
235975
235990
236005
236020
236035
236050
236065
236080
236095
236110
236125
236140
236155
236170
236185
236200
236215
236230
236245
236260
236275
236290
236305
236320
236335
236350
236365
236380
236395
236410
236425
236440
236455
236470
236485
236500
236515
236530
236545
236560
236575
236590
236605
236620
236635
236650
236665
236680
236695
236710
236725
236740
236755
236770
236785
236800
236815
236830
236845
236860
236877
236894
236911
236928
236945
236962
236979
236996
237013
237030
237047
237064
237081
237098
237115
237132
237149
237166
237183
237200
237217
237234
237251
237268
237285
237302
237319
237336
237353
237370
237387
237404
237421
237438
237455
237472
237489
237506
237523
237540
237557
237574
237591
237608
237625
237642
237659
237676
237693
237710
237727
237744
237761
237778
237795
237812
237829
237846
