16
32
48
64
80
96
112
128
144
160
176
192
208
224
240
256
272
288
304
320
336
352
368
384
400
416
432
448
464
480
496
512
528
544
560
576
592
608
624
640
656
672
688
704
720
736
752
768
784
800
816
832
848
864
880
896
912
928
944
960
976
992
1008
1024
1040
1056
1072
1088
1104
1120
1136
1152
1168
1184
1200
1216
1232
1248
1264
1280
1296
1312
1328
1344
1360
1376
1392
1408
1424
1440
1456
1472
1488
1504
1520
1536
1552
1568
1584
1600
1616
1632
1648
1664
1680
1696
1712
1728
1744
1760
1776
1792
1808
1824
1840
1856
1872
1888
1904
1920
1936
1952
1968
1984
2000
2016
2032
2048
2064
2080
2096
2112
2128
2144
2160
2176
2192
2208
2224
2240
2256
2272
2288
2304
2320
2336
2352
2368
2384
2400
2416
2432
2448
2464
2480
2496
2512
2528
2544
2560
2576
2592
2608
2624
2640
2656
2672
2688
2704
2720
2736
2752
2768
2784
2800
2816
2832
2848
2864
2880
2896
2912
2928
2944
2960
2976
2992
3008
3024
3040
3056
3072
3088
3104
3120
3136
3152
3168
3184
3200
3216
3232
3248
3264
3280
3296
3312
3328
3344
3360
3376
3392
3408
3424
3440
3456
3472
3488
3504
3520
3536
3552
3568
3584
3600
3616
3632
3648
3664
3680
3696
3712
3728
3744
3760
3776
3792
3808
3824
3840
3856
3872
3888
3904
3920
3936
3952
3968
3984
4000
4016
4032
4048
4064
4080
4096
4112
4128
4144
4160
4176
4192
4208
4224
4240
4256
4272
4288
4304
4320
4336
4352
4368
4384
4400
4416
4432
4448
4464
4480
4496
4512
4528
4544
4560
4576
4592
4608
4624
4640
4656
4672
4688
4704
4720
4736
4752
4768
4784
4800
4816
4832
4848
4864
4880
4896
4912
4928
4944
4960
4976
4992
5008
5024
5040
5056
5072
5088
5104
5120
5136
5152
5168
5184
5200
5216
5232
5248
5264
5280
5296
5312
5328
5344
5360
5376
5392
5408
5424
5440
5456
5472
5488
5504
5520
5536
5552
5568
5584
5600
5616
5632
5648
5664
5680
5696
5712
5728
5744
5760
5776
5792
5808
5824
5840
5856
5872
5888
5904
5920
5936
5952
5968
5984
6000
6016
6032
6048
6064
6080
6096
6112
6128
6144
6160
6176
6192
6208
6224
6240
6256
6272
6288
6304
6320
6336
6352
6368
6384
6400
6416
6432
6448
6464
6480
6496
6512
6528
6544
6560
6576
6592
6608
6624
6640
6656
6672
6688
6704
6720
6736
6752
6768
6784
6800
6816
6832
6848
6864
6880
6896
6912
6928
6944
6960
6976
6992
7008
7024
7040
7056
7072
7088
7104
7120
7136
7152
7168
7184
7200
7216
7232
7248
7264
7280
7296
7312
7328
7344
7360
7376
7392
7408
7424
7440
7456
7472
7488
7504
7520
7536
7552
7568
7584
7600
7616
7632
7648
7664
7680
7696
7712
7728
7744
7760
7776
7792
7808
7824
7840
7856
7872
7888
7904
7920
7936
7952
7968
7984
8000
8016
8032
8048
8064
8080
8096
8112
8128
8144
8160
8176
8192
8208
8224
8240
8256
8272
8288
8304
8320
8336
8352
8368
8384
8400
8416
8432
8448
8464
8480
8496
8512
8528
8544
8560
8576
8592
8608
8624
8640
8656
8672
8688
8704
8720
8736
8752
8768
8784
8800
8816
8832
8848
8864
8880
8896
8912
8928
8944
8960
8976
8992
9008
9024
9040
9056
9072
9088
9104
9120
9136
9152
9168
9184
9200
9216
9232
9248
9264
9280
9296
9312
9328
9344
9360
9376
9392
9408
9424
9440
9456
9472
9488
9504
9520
9536
9552
9568
9584
9600
9616
9632
9648
9664
9680
9696
9712
9728
9744
9760
9776
9792
9808
9824
9840
9856
9872
9888
9904
9920
9936
9952
9968
9984
10000
10016
10032
10048
10064
10080
10096
10112
10128
10144
10160
10176
10192
10208
10224
10240
10256
10272
10288
10304
10320
10336
10352
10368
10384
10400
10416
10432
10448
10464
10480
10496
10512
10528
10544
10560
10576
10592
10608
10624
10640
10656
10672
10688
10704
10720
10736
10752
10768
10784
10800
10816
10832
10848
10864
10880
10896
10912
10928
10944
10960
10976
10992
11008
11024
11040
11056
11072
11088
11104
11120
11136
11152
11168
11184
11200
11216
11232
11248
11264
11280
11296
11312
11328
11344
11360
11376
11392
11408
11424
11440
11456
11472
11488
11504
11520
11536
11552
11568
11584
11600
11616
11632
11648
11664
11680
11696
11712
11728
11744
11760
11776
11792
11808
11824
11840
11856
11872
11888
11904
11920
11936
11952
11968
11984
12000
12016
12032
12048
12064
12080
12096
12112
12128
12144
12160
12176
12192
12208
12224
12240
12256
12272
12288
12304
12320
12336
12352
12368
12384
12400
12416
12432
12448
12464
12480
12496
12512
12528
12544
12560
12576
12592
12608
12624
12640
12656
12672
12688
12704
12720
12736
12752
12768
12784
12800
12816
12832
12848
12864
12880
12896
12912
12928
12944
12960
12976
12992
13008
13024
13040
13056
13072
13088
13104
13120
13136
13152
13168
13184
13200
13216
13232
13248
13264
13280
13296
13312
13328
13344
13360
13376
13392
13408
13424
13440
13456
13472
13488
13504
13520
13536
13552
13568
13584
13600
13616
13632
13648
13664
13680
13696
13712
13728
13744
13760
13776
13792
13808
13824
13840
13856
13872
13888
13904
13920
13936
13952
13968
13984
14000
14016
14032
14048
14064
14080
14096
14112
14128
14144
14160
14176
14192
14208
14224
14240
14256
14272
14288
14304
14320
14336
14352
14368
14384
14400
14416
14432
14448
14464
14480
14496
14512
14528
14544
14560
14576
14592
14608
14624
14640
14656
14672
14688
14704
14720
14736
14752
14768
14784
14800
14816
14832
14848
14864
14880
14896
14912
14928
14944
14960
14976
14992
15008
15024
15040
15056
15072
15088
15104
15120
15136
15152
15168
15184
15200
15216
15232
15248
15264
15280
15296
15312
15328
15344
15360
15376
15392
15408
15424
15440
15456
15472
15488
15504
15520
15536
15552
15568
15584
15600
15616
15632
15648
15664
15680
15696
15712
15728
15744
15760
15776
15792
15808
15824
15840
15856
15872
15888
15904
15920
15936
15952
15968
15984
16000
16016
16032
16048
16064
16080
16096
16112
16128
16144
16160
16176
16192
16208
16224
16240
16256
16272
16288
16304
16320
16336
16352
16368
16384
16400
16416
16432
16448
16464
16480
16496
16512
16528
16544
16560
16576
16592
16608
16624
16640
16656
16672
16688
16704
16720
16736
16752
16768
16784
16800
16816
16832
16848
16864
16880
16896
16912
16928
16944
16960
16976
16992
17008
17024
17040
17056
17072
17088
17104
17120
17136
17152
17168
17184
17200
17216
17232
17248
17264
17280
17296
17312
17328
17344
17360
17376
17392
17408
17424
17440
17456
17472
17488
17504
17520
17536
17552
17568
17584
17600
17616
17632
17648
17664
17680
17696
17712
17728
17744
17760
17776
17792
17808
17824
17840
17856
17873
17890
17907
17924
17941
17958
17975
17992
18009
18026
18043
18060
18077
18094
18111
18128
18145
18162
18179
18196
18213
18230
18247
18264
18281
18298
18315
18332
18349
18366
18383
18400
18417
18434
18451
18468
18485
18502
18519
18536
18553
18570
18587
18604
18621
18638
18655
18672
18689
18706
18723
18740
18757
18774
18791
18808
18825
18842
18859
18876
18893
18910
18927
18944
18961
18978
18995
19012
19029
19046
19063
19080
19097
19114
19131
19148
19165
19182
19199
19216
19233
19250
19267
19284
19301
19318
19335
19352
19369
19386
19403
19420
19437
19454
19471
19488
19505
19522
19539
19556
19573
19590
19607
19624
19641
19658
19675
19692
19709
19726
19743
19760
19777
19794
19811
19828
19844
19860
19876
19892
19908
19924
19940
19956
19972
19988
20004
20020
20036
20052
20068
20084
20100
20116
20132
20148
20164
20180
20196
20212
20228
20244
20260
20276
20292
20308
20324
20340
20356
20372
20388
20404
20420
20436
20452
20468
20484
20500
20516
20532
20548
20564
20580
20596
20612
20628
20644
20660
20676
20692
20708
20724
20740
20756
20772
20788
20804
20820
20836
20852
20868
20884
20900
20916
20932
20948
20964
20980
20996
21012
21028
21044
21060
21076
21092
21108
21124
21140
21156
21172
21188
21204
21220
21236
21252
21268
21284
21300
21316
21332
21348
21364
21380
21396
21412
21428
21444
21460
21476
21492
21508
21524
21540
21556
21572
21588
21604
21620
21636
21652
21668
21684
21700
21716
21732
21748
21764
21780
21796
21812
21828
21844
21860
21876
21892
21908
21924
21940
21956
21972
21988
22004
22020
22036
22052
22068
22084
22100
22116
22132
22148
22164
22180
22196
22212
22228
22244
22260
22276
22292
22308
22324
22340
22356
22372
22388
22404
22420
22436
22452
22468
22484
22500
22516
22532
22548
22564
22580
22596
22612
22628
22644
22660
22676
22692
22708
22724
22740
22756
22772
22788
22804
22820
22836
22852
22868
22884
22900
22916
22932
22948
22964
22980
22996
23012
23028
23044
23060
23076
23092
23108
23124
23140
23156
23172
23188
23204
23220
23236
23252
23268
23284
23300
23316
23332
23348
23364
23380
23396
23412
23428
23444
23460
23476
23492
23508
23524
23540
23556
23572
23588
23604
23620
23636
23652
23668
23684
23700
23716
23732
23748
23764
23780
23796
23812
23828
23844
23860
23876
23892
23908
23924
23940
23956
23972
23988
24004
24020
24036
24052
24068
24084
24100
24116
24132
24148
24164
24180
24196
24212
24228
24244
24260
24276
24292
24308
24324
24340
24356
24372
24388
24404
24420
24436
24452
24468
24484
24500
24516
24532
24548
24564
24580
24596
24612
24628
24644
24660
24676
24692
24708
24724
24740
24756
24772
24788
24804
24820
24836
24852
24868
24884
24900
24916
24932
24948
24964
24980
24996
25012
25028
25044
25060
25076
25092
25108
25124
25140
25156
25172
25188
25204
25220
25236
25252
25268
25284
25300
25316
25332
25348
25364
25380
25396
25412
25428
25444
25460
25476
25492
25508
25524
25540
25556
25572
25588
25604
25620
25636
25652
25668
25684
25700
25716
25732
25748
25764
25780
25796
25812
25828
25844
25860
25876
25892
25908
25924
25940
25956
25972
25988
26004
26020
26036
26052
26068
26084
26100
26116
26132
26148
26164
26180
26196
26212
26228
26244
26260
26276
26292
26308
26324
26340
26356
26372
26388
26404
26420
26436
26452
26468
26484
26500
26516
26532
26548
26564
26580
26596
26612
26628
26644
26660
26676
26692
26708
26724
26740
26756
26772
26788
26804
26820
26836
26852
26868
26884
26900
26916
26932
26948
26964
26980
26996
27012
27028
27044
27060
27076
27092
27108
27124
27140
27156
27172
27188
27204
27220
27236
27252
27268
27284
27300
27316
27332
27348
27364
27380
27396
27412
27428
27444
27460
27476
27492
27508
27524
27540
27556
27572
27588
27604
27620
27636
27652
27668
27684
27700
27716
27732
27748
27764
27780
27796
27812
27828
27844
27860
27876
27892
27908
27924
27940
27956
27972
27988
28004
28020
28036
28052
28068
28084
28100
28116
28132
28148
28164
28180
28196
28212
28228
28244
28260
28276
28292
28308
28324
28340
28356
28372
28388
28404
28420
28436
28452
28468
28484
28500
28516
28532
28548
28564
28580
28596
28612
28628
28644
28660
28676
28692
28708
28724
28740
28756
28772
28788
28804
28820
28836
28852
28868
28884
28900
28916
28932
28948
28964
28980
28996
29012
29028
29044
29060
29076
29092
29108
29124
29140
29156
29172
29188
29204
29220
29236
29252
29268
29284
29300
29316
29332
29348
29364
29380
29396
29412
29428
29444
29460
29476
29492
29508
29524
29540
29556
29572
29588
29604
29620
29636
29652
29668
29684
29700
29716
29732
29748
29764
29780
29796
29812
29828
29844
29860
29876
29892
29908
29924
29940
29956
29972
29988
30004
30020
30036
30052
30068
30084
30100
30116
30132
30148
30164
30180
30196
30212
30228
30244
30260
30276
30292
30308
30324
30340
30356
30372
30388
30404
30420
30436
30452
30468
30484
30500
30516
30532
30548
30564
30580
30596
30612
30628
30644
30660
30676
30692
30708
30724
30740
30756
30772
30788
30804
30820
30836
30852
30868
30884
30900
30916
30932
30948
30964
30980
30996
31012
31028
31044
31060
31076
31092
31108
31124
31140
31156
31172
31188
31204
31220
31236
31252
31268
31284
31300
31316
31332
31348
31364
31380
31396
31412
31428
31444
31460
31476
31492
31508
31524
31540
31556
31572
31588
31604
31620
31636
31652
31668
31684
31700
31716
31732
31748
31764
31780
31796
31812
31828
31844
31860
31876
31892
31908
31924
31940
31956
31972
31988
32004
32020
32036
32052
32068
32084
32100
32116
32132
32148
32164
32180
32196
32212
32228
32244
32260
32276
32292
32308
32324
32340
32356
32372
32388
32404
32420
32436
32452
32468
32484
32500
32516
32532
32548
32564
32580
32596
32612
32628
32644
32660
32676
32692
32708
32724
32740
32756
32772
32788
32804
32820
32836
32852
32868
32884
32900
32916
32932
32948
32964
32980
32996
33012
33028
33044
33060
33076
33092
33108
33124
33140
33156
33172
33188
33204
33220
33236
33252
33268
33284
33300
33316
33332
33348
33364
33380
33396
33412
33428
33444
33460
33476
33492
33508
33524
33540
33556
33572
33588
33604
33620
33636
33652
33668
33684
33700
33716
33732
33748
33764
33780
33796
33812
33828
33844
33860
33876
33892
33908
33924
33940
33956
33972
33988
34004
34020
34036
34052
34068
34084
34100
34116
34132
34148
34164
34180
34196
34212
34228
34244
34260
34276
34292
34308
34324
34340
34356
34372
34388
34404
34420
34436
34452
34468
34484
34500
34516
34532
34548
34564
34580
34596
34612
34628
34644
34660
34676
34692
34708
34724
34740
34756
34772
34788
34804
34820
34836
34852
34868
34884
34900
34916
34932
34948
34964
34980
34996
35012
35028
35044
35060
35076
35092
35108
35124
35140
35156
35172
35188
35204
35220
35236
35252
35268
35284
35300
35316
35332
35348
35364
35380
35396
35412
35428
35444
35460
35476
35492
35508
35524
35540
35556
35572
35588
35604
35620
35636
35652
35668
35684
35700
35716
35732
35748
35764
35780
35796
35812
35828
35844
35860
35876
35892
35908
35924
35940
35956
35972
35988
36004
36020
36036
36052
36068
36084
36100
36116
36132
36148
36164
36180
36196
36212
36228
36244
36260
36276
36292
36308
36324
36340
36356
36372
36388
36404
36420
36436
36452
36468
36484
36500
36516
36532
36548
36564
36580
36596
36612
36628
36644
36660
36676
36692
36708
36724
36740
36756
36772
36788
36804
36820
36836
36852
36868
36884
36900
36916
36932
36948
36964
36980
36996
37012
37028
37044
37060
37076
37092
37108
37124
37140
37156
37172
37188
37204
37220
37236
37252
37268
37284
37300
37316
37332
37348
37364
37380
37396
37412
37428
37444
37460
37476
37492
37508
37524
37540
37556
37572
37588
37604
37620
37636
37652
37668
37684
37700
37716
37732
37748
37764
37780
37796
37812
37828
37844
37860
37876
37892
37908
37924
37940
37956
37972
37988
38004
38020
38036
38052
38068
38084
38100
38116
38132
38148
38164
38180
38196
38212
38228
38244
38260
38276
38292
38308
38324
38340
38356
38372
38388
38404
38420
38436
38452
38468
38484
38500
38516
38532
38548
38564
38580
38596
38612
38628
38644
38660
38676
38692
38708
38724
38740
38756
38772
38788
38804
38820
38836
38852
38868
38884
38900
38916
38932
38948
38964
38980
38996
39012
39028
39044
39060
39076
39092
39108
39124
39140
39156
39172
39188
39204
39220
39236
39252
39268
39284
39300
39316
39332
39348
39364
39380
39396
39412
39428
39444
39460
39476
39492
39508
39524
39540
39556
39572
39588
39604
39620
39636
39652
39668
39684
39700
39716
39732
39748
39764
39780
39796
39812
39828
39844
39860
39876
39892
39908
39924
39940
39956
39972
39988
40004
40020
40036
40052
40068
40084
40100
40116
40132
40148
40164
40180
40196
40212
40228
40244
40260
40276
40292
40308
40324
40340
40356
40372
40388
40404
40420
40436
40452
40468
40484
40500
40516
40532
40548
40564
40580
40596
40612
40628
40644
40660
40676
40692
40708
40724
40740
40756
40772
40788
40804
40820
40836
40852
40868
40884
40900
40916
40932
40948
40964
40980
40996
41012
41028
41044
41060
41076
41092
41108
41124
41140
41156
41172
41188
41204
41220
41236
41252
41268
41284
41300
41316
41332
41348
41364
41380
41396
41412
41428
41444
41460
41476
41492
41508
41524
41540
41556
41572
41588
41604
41620
41636
41652
41668
41684
41700
41716
41732
41748
41764
41780
41796
41812
41828
41844
41860
41876
41892
41908
41924
41940
41956
41972
41988
42004
42020
42036
42052
42068
42084
42100
42116
42132
42148
42164
42180
42196
42212
42228
42244
42260
42276
42292
42308
42324
42340
42356
42372
42388
42404
42420
42436
42452
42468
42484
42500
42516
42532
42548
42564
42580
42596
42612
42628
42644
42660
42676
42692
42708
42724
42740
42756
42772
42788
42804
42820
42836
42852
42868
42884
42900
42916
42932
42948
42964
42980
42996
43012
43028
43044
43060
43076
43092
43108
43124
43140
43156
43172
43188
43204
43220
43236
43252
43268
43284
43300
43316
43332
43348
43364
43380
43396
43412
43428
43444
43460
43476
43492
43508
43524
43540
43556
43572
43588
43604
43620
43636
43652
43668
43684
43700
43716
43732
43748
43764
43780
43796
43812
43828
43844
43860
43876
43892
43908
43924
43940
43956
43972
43988
44004
44020
44036
44052
44068
44084
44100
44116
44132
44148
44164
44180
44196
44212
44228
44244
44260
44276
44292
44308
44324
44340
44356
44372
44388
44404
44420
44436
44452
44468
44484
44500
44516
44532
44548
44564
44580
44596
44612
44628
44644
44660
44676
44692
44708
44724
44740
44756
44772
44788
44804
44820
44836
44852
44868
44884
44900
44916
44932
44948
44964
44980
44996
45012
45028
45044
45060
45076
45092
45108
45124
45140
45156
45172
45188
45204
45220
45236
45252
45268
45284
45300
45316
45332
45348
45364
45380
45396
45412
45428
45444
45460
45476
45492
45508
45524
45540
45556
45572
45588
45604
45620
45636
45652
45668
45684
45700
45716
45732
45748
45764
45780
45796
45812
45828
45844
45860
45876
45892
45908
45924
45940
45956
45972
45988
46004
46020
46036
46052
46068
46084
46100
46116
46132
46148
46164
46180
46196
46212
46228
46244
46260
46276
46292
46308
46324
46340
46356
46372
46388
46404
46420
46436
46452
46468
46484
46500
46516
46532
46548
46564
46580
46596
46612
46629
46646
46663
46680
46697
46714
46731
46748
46765
46782
46799
46816
46833
46850
46867
46884
46901
46918
46935
46952
46969
46986
47003
47020
47037
47054
47071
47088
47105
47122
47139
47156
47173
47190
47207
47224
47241
47258
47275
47292
47309
47326
47343
47360
47377
47394
47411
47428
47445
47462
47479
47496
47513
47530
47547
47564
47581
47598
47614
47630
47646
47662
47678
47694
47710
47726
47742
47758
47774
47790
47806
47822
47838
47854
47870
47886
47902
47918
47934
47950
47966
47982
47998
48014
48030
48046
48062
48078
48094
48110
48126
48142
48158
48174
48190
48206
48222
48238
48254
48270
48286
48302
48318
48334
48350
48366
48382
48398
48414
48430
48446
48462
48478
48494
48510
48526
48542
48558
48574
48590
48606
48622
48638
48654
48670
48686
48702
48718
48734
48750
48766
48782
48798
48814
48830
48846
48862
48878
48894
48910
48926
48942
48958
48974
48990
49006
49022
49038
49054
49070
49086
49102
49118
49134
49150
49166
49182
49198
49214
49230
49246
49262
49278
49294
49310
49326
49342
49358
49374
49390
49406
49422
49438
49454
49470
49486
49502
49518
49534
49550
49566
49582
49598
49614
49630
49646
49662
49678
49694
49710
49726
49742
49758
49774
49790
49806
49822
49838
49854
49870
49886
49902
49918
49934
49950
49966
49982
49998
50014
50030
50046
50062
50078
50094
50110
50126
50142
50158
50174
50190
50206
50222
50238
50254
50270
50286
50302
50318
50334
50350
50366
50382
50398
50414
50430
50446
50462
50478
50494
50510
50526
50542
50558
50574
50590
50606
50622
50638
50654
50670
50686
50702
50718
50734
50750
50766
50782
50798
50814
50830
50846
50862
50878
50894
50910
50926
50942
50958
50974
50990
51006
51022
51038
51054
51070
51086
51102
51118
51134
51150
51166
51182
51198
51214
51230
51246
51262
51278
51294
51310
51326
51342
51358
51374
51390
51406
51422
51438
51454
51470
51486
51502
51518
51534
51550
51566
51582
51598
51614
51630
51646
51662
51678
51694
51710
51726
51742
51758
51774
51790
51806
51822
51838
51854
51870
51886
51902
51918
51934
51950
51966
51982
51998
52014
52030
52046
52062
52078
52094
52110
52126
52142
52158
52174
52190
52206
52222
52238
52254
52270
52286
52302
52318
52334
52350
52366
52382
52398
52414
52430
52446
52462
52478
52494
52510
52526
52542
52558
52574
52590
52606
52622
52638
52654
52670
52686
52702
52718
52734
52750
52766
52782
52798
52814
52830
52846
52862
52878
52894
52910
52926
52942
52958
52974
52990
53006
53022
53038
53054
53070
53086
53102
53118
53134
53150
53166
53182
53198
53214
53230
53246
53262
53278
53294
53310
53326
53342
53358
53374
53390
53406
53422
53438
53454
53470
53486
53502
53518
53534
53550
53566
53582
53598
53614
53630
53646
53662
53678
53694
53710
53726
53742
53758
53774
53790
53806
53822
53838
53854
53870
53886
53902
53918
53934
53950
53966
53982
53998
54014
54030
54046
54062
54078
54094
54110
54126
54142
54158
54174
54190
54206
54222
54238
54254
54270
54286
54302
54318
54334
54350
54366
54382
54398
54414
54430
54446
54462
54478
54494
54510
54526
54542
54558
54574
54590
54606
54622
54638
54654
54670
54686
54702
54718
54734
54750
54766
54782
54798
54814
54830
54846
54862
54878
54894
54910
54926
54942
54958
54974
54990
55006
55022
55038
55054
55070
55086
55102
55118
55134
55150
55166
55182
55198
55214
55230
55246
55262
55278
55294
55310
55326
55342
55358
55374
55390
55406
55422
55438
55454
55470
55486
55502
55518
55534
55550
55566
55582
55598
55614
55630
55646
55662
55678
55694
55710
55726
55742
55758
55774
55790
55806
55822
55838
55854
55870
55886
55902
55918
55934
55950
55966
55982
55998
56014
56030
56046
56062
56078
56094
56110
56126
56142
56158
56174
56190
56206
56222
56238
56254
56270
56286
56302
56318
56334
56350
56366
56382
56398
56414
56430
56446
56462
56478
56494
56510
56526
56542
56558
56574
56590
56606
56622
56638
56654
56670
56686
56702
56718
56734
56750
56766
56782
56798
56814
56830
56846
56862
56878
56894
56910
56926
56942
56958
56974
56990
57006
57022
57038
57054
57070
57086
57102
57118
57134
57150
57166
57182
57198
57214
57230
57246
57262
57278
57294
57310
57326
57342
57358
57374
57390
57406
57422
57438
57454
57470
57486
57502
57518
57535
57552
57569
57586
57603
57620
57637
57654
57671
57688
57705
57722
57739
57756
57773
57790
57807
57824
57841
57858
57875
57892
57909
57926
57943
57960
57977
57994
58011
58028
58045
58062
58079
58096
58113
58130
58147
58164
58181
58198
58215
58232
58249
58266
58283
58300
58317
58334
58351
58368
58385
58402
58419
58436
58453
58470
58487
58504
58520
58536
58552
58568
58584
58600
58616
58632
58648
58664
58680
58696
58712
58728
58744
58760
58776
58792
58808
58824
58840
58856
58872
58888
58904
58920
58936
58952
58968
58984
59000
59016
59032
59048
59064
59080
59096
59112
59128
59144
59160
59176
59192
59208
59224
59240
59256
59272
59288
59304
59320
59336
59352
59368
59384
59400
59416
59432
59448
59464
59480
59496
59512
59528
59544
59560
59576
59592
59608
59624
59640
59656
59672
59688
59704
59720
59736
59752
59768
59784
59800
59816
59832
59848
59864
59880
59896
59912
59928
59944
59960
59976
59992
60008
60024
60040
60056
60072
60088
60104
60120
60136
60152
60168
60184
60200
60216
60232
60248
60264
60280
60296
60312
60328
60344
60360
60376
60392
60408
60424
60440
60456
60472
60488
60504
60520
60536
60552
60568
60584
60600
60616
60632
60648
60664
60680
60696
60712
60728
60744
60760
60776
60792
60808
60824
60840
60856
60872
60888
60904
60920
60936
60952
60968
60984
61000
61016
61032
61048
61064
61080
61096
61112
61128
61144
61160
61176
61192
61208
61224
61240
61256
61272
61288
61304
61320
61336
61352
61368
61384
61400
61416
61432
61448
61464
61480
61496
61512
61528
61544
61560
61576
61592
61608
61624
61640
61656
61672
61688
61704
61720
61736
61752
61768
61784
61800
61816
61832
61848
61864
61880
61896
61912
61928
61944
61960
61976
61992
62008
62024
62040
62056
62072
62088
62104
62120
62136
62152
62168
62184
62200
62216
62232
62248
62264
62280
62296
62312
62328
62344
62360
62376
62392
62408
62424
62440
62456
62472
62488
62504
62520
62536
62552
62568
62584
62600
62616
62632
62648
62664
62680
62696
62712
62728
62744
62760
62776
62792
62808
62824
62840
62856
62872
62888
62904
62920
62936
62952
62968
62984
63000
63016
63032
63048
63064
63080
63096
63112
63128
63144
63160
63176
63192
63208
63224
63240
63256
63272
63288
63304
63320
63336
63352
63368
63384
63400
63416
63432
63448
63464
63479
63494
63509
63524
63539
63554
63569
63584
63599
63614
63629
63644
63659
63674
63689
63704
63719
63734
63749
63764
63779
63794
63809
63824
63839
63854
63869
63884
63899
63914
63929
63944
63959
63974
63989
64004
64019
64034
64049
64064
64079
64094
64109
64124
64139
64154
64169
64184
64199
64214
64229
64244
64259
64274
64289
64304
64319
64334
64349
64364
64379
64394
64409
64424
64439
64454
64470
64486
64502
64518
64534
64550
64566
64582
64598
64614
64630
64646
64662
64678
64694
64710
64726
64742
64758
64774
64790
64806
64822
64838
64854
64870
64886
64902
64918
64934
64950
64966
64982
64998
65014
65030
65046
65062
65078
65094
65110
65126
65142
65158
65174
65190
65206
65222
65238
65254
65270
65286
65302
65318
65334
65350
65366
65382
65398
65414
65430
65446
65462
65478
65494
65510
65526
65542
65558
65574
65590
65606
65622
65638
65654
65670
65686
65702
65718
65734
65750
65766
65782
65798
65814
65830
65846
65862
65878
65894
65910
65926
65942
65958
65974
65990
66006
66022
66038
66054
66070
66086
66102
66118
66134
66150
66166
66182
66198
66214
66230
66246
66262
66278
66294
66310
66326
66342
66358
66374
66390
66406
66422
66438
66454
66470
66486
66502
66518
66534
66550
66566
66582
66598
66614
66630
66646
66662
66678
66694
66710
66726
66742
66758
66774
66790
66806
66822
66838
66854
66870
66886
66902
66918
66934
66950
66966
66982
66998
67014
67030
67046
67062
67078
67094
67110
67126
67142
67158
67174
67190
67206
67222
67238
67254
67270
67286
67302
67318
67334
67350
67366
67382
67398
67414
67430
67447
67464
67481
67498
67515
67532
67549
67566
67583
67600
67617
67634
67651
67668
67685
67702
67719
67736
67753
67770
67787
67804
67821
67838
67855
67872
67889
67906
67923
67940
67957
67974
67991
68008
68025
68042
68059
68076
68093
68110
68127
68144
68161
68178
68195
68212
68229
68246
68263
68280
68297
68314
68331
68348
68365
68382
68399
68416
68432
68448
68464
68480
68496
68512
68528
68544
68560
68576
68592
68608
68624
68640
68656
68672
68688
68704
68720
68736
68752
68768
68784
68800
68816
68832
68848
68864
68880
68896
68912
68928
68944
68960
68976
68992
69008
69024
69040
69056
69072
69088
69104
69120
69136
69152
69168
69184
69200
69216
69232
69248
69264
69280
69296
69312
69328
69344
69360
69376
69392
69408
69425
69442
69459
69476
69493
69510
69527
69544
69561
69578
69595
69612
69629
69646
69663
69680
69697
69714
69731
69748
69765
69782
69799
69816
69833
69850
69867
69884
69901
69918
69935
69952
69969
69986
70003
70020
70037
70054
70071
70088
70105
70122
70139
70156
70173
70190
70207
70224
70241
70258
70275
70292
70309
70326
70343
70360
70377
70394
70410
70426
70442
70458
70474
70490
70506
70522
70538
70554
70570
70586
70602
70618
70634
70650
70666
70682
70698
70714
70730
70746
70762
70778
70794
70810
70826
70842
70858
70874
70890
70906
70922
70938
70954
70970
70986
71002
71018
71034
71050
71066
71082
71098
71114
71130
71146
71162
71178
71194
71210
71226
71242
71258
71274
71290
71306
71322
71338
71354
71370
71386
71403
71420
71437
71454
71471
71488
71505
71522
71539
71556
71573
71590
71607
71624
71641
71658
71675
71692
71709
71726
71743
71760
71777
71794
71811
71828
71845
71862
71879
71896
71913
71930
71947
71964
71981
71998
72015
72032
72049
72066
72083
72100
72117
72134
72151
72168
72185
72202
72219
72236
72253
72270
72287
72304
72321
72338
72355
72372
72388
72404
72420
72436
72452
72468
72484
72500
72516
72532
72548
72564
72580
72596
72612
72628
72644
72660
72676
72692
72708
72724
72740
72756
72772
72788
72804
72820
72836
72852
72868
72884
72900
72916
72932
72948
72964
72980
72996
73012
73028
73044
73060
73076
73092
73108
73124
73140
73156
73172
73188
73204
73220
73236
73252
73268
73284
73300
73316
73332
73348
73364
73380
73396
73412
73428
73444
73460
73476
73492
73508
73524
73540
73556
73572
73588
73604
73620
73636
73652
73668
73684
73700
73716
73732
73748
73764
73780
73796
73812
73828
73844
73860
73876
73892
73908
73924
73940
73956
73972
73988
74004
74020
74036
74052
74068
74084
74100
74116
74132
74148
74164
74180
74196
74212
74228
74244
74260
74276
74292
74308
74324
74340
74356
74372
74388
74404
74420
74436
74452
74468
74484
74500
74516
74532
74548
74564
74580
74596
74612
74628
74644
74660
74676
74692
74708
74724
74740
74756
74772
74788
74804
74820
74836
74852
74868
74884
74900
74916
74932
74948
74964
74980
74996
75012
75028
75044
75060
75076
75092
75108
75124
75140
75156
75172
75188
75204
75220
75236
75252
75268
75284
75300
75316
75332
75348
75363
75378
75393
75408
75423
75438
75453
75468
75483
75498
75513
75528
75543
75558
75573
75588
75603
75618
75633
75648
75663
75678
75693
75708
75723
75738
75753
75768
75783
75798
75813
75828
75843
75858
75873
75888
75903
75918
75933
75948
75963
75978
75993
76008
76023
76038
76053
76068
76083
76098
76113
76128
76143
76158
76173
76188
76203
76218
76233
76248
76263
76278
76293
76308
76323
76338
76354
76370
76386
76402
76418
76434
76450
76466
76482
76498
76514
76530
76546
76562
76578
76594
76610
76626
76642
76658
76674
76690
76706
76722
76738
76754
76770
76786
76802
76818
76834
76850
76866
76882
76898
76914
76930
76946
76962
76978
76994
77010
77026
77042
77058
77074
77090
77106
77122
77138
77154
77170
77186
77202
77218
77234
77250
77266
77282
77298
77314
77330
77346
77362
77378
77394
77410
77426
77442
77458
77474
77490
77506
77522
77538
77554
77570
77586
77602
77618
77634
77650
77666
77682
77698
77714
77730
77746
77762
77778
77794
77810
77826
77842
77858
77874
77890
77906
77922
77938
77954
77970
77986
78002
78018
78034
78050
78066
78082
78098
78114
78130
78146
78162
78178
78194
78210
78226
78242
78258
78274
78290
78306
78322
78338
78354
78370
78386
78402
78418
78434
78450
78466
78482
78498
78514
78530
78546
78562
78578
78594
78610
78626
78642
78658
78674
78690
78706
78722
78738
78754
78770
78786
78802
78818
78834
78850
78866
78882
78898
78914
78930
78946
78962
78978
78994
79010
79026
79042
79058
79074
79090
79106
79122
79138
79154
79170
79186
79202
79218
79234
79250
79266
79282
79298
79314
79330
79346
79362
79378
79394
79410
79426
79442
79458
79474
79490
79506
79522
79538
79554
79570
79586
79602
79618
79634
79650
79666
79682
79698
79714
79730
79746
79762
79778
79794
79810
79826
79842
79858
79874
79890
79906
79922
79938
79954
79970
79986
80002
80018
80034
80050
80066
80082
80098
80114
80130
80146
80162
80178
80194
80210
80226
80242
80258
80274
80290
80306
80322
80338
80354
80370
80386
80402
80418
80434
80450
80466
80482
80498
80514
80530
80546
80562
80578
80594
80610
80626
80642
80658
80674
80690
80706
80722
80738
80754
80770
80786
80802
80818
80834
80850
80866
80882
80898
80914
80930
80946
80962
80978
80994
81010
81026
81042
81058
81074
81090
81106
81122
81138
81154
81170
81186
81202
81218
81234
81250
81266
81282
81298
81315
81332
81349
81366
81383
81400
81417
81434
81451
81468
81485
81502
81519
81536
81553
81570
81587
81604
81621
81638
81655
81672
81689
81706
81723
81740
81757
81774
81791
81808
81825
81842
81859
81876
81893
81910
81927
81944
81961
81978
81995
82012
82029
82046
82063
82080
82097
82114
82131
82148
82165
82182
82199
82216
82233
82250
82267
82284
82300
82316
82332
82348
82364
82380
82396
82412
82428
82444
82460
82476
82492
82508
82524
82540
82556
82572
82588
82604
82620
82636
82652
82668
82684
82700
82716
82732
82748
82764
82780
82796
82812
82828
82844
82860
82876
82892
82908
82924
82940
82956
82972
82988
83004
83020
83036
83052
83068
83084
83100
83116
83132
83148
83164
83180
83196
83212
83228
83244
83260
83276
83292
83308
83324
83340
83356
83372
83388
83404
83420
83436
83452
83468
83484
83500
83516
83532
83548
83564
83580
83596
83612
83628
83644
83660
83676
83692
83708
83724
83740
83756
83772
83788
83804
83820
83836
83852
83868
83884
83900
83916
83932
83948
83964
83980
83996
84012
84028
84044
84060
84076
84092
84108
84124
84140
84156
84172
84188
84204
84220
84236
84252
84268
84284
84300
84316
84332
84348
84364
84380
84396
84412
84428
84444
84460
84476
84492
84508
84524
84540
84556
84572
84588
84604
84620
84636
84652
84668
84684
84700
84716
84732
84748
84764
84780
84796
84812
84828
84844
84860
84876
84892
84908
84924
84940
84956
84972
84988
85004
85020
85036
85052
85068
85084
85100
85116
85132
85148
85164
85180
85196
85212
85228
85244
85260
85276
85292
85308
85324
85340
85356
85372
85388
85404
85420
85436
85452
85468
85484
85500
85516
85532
85548
85564
85580
85596
85612
85628
85644
85660
85676
85692
85708
85724
85740
85756
85772
85788
85804
85820
85836
85852
85868
85884
85900
85916
85932
85948
85964
85980
85996
86012
86028
86044
86060
86076
86092
86108
86124
86140
86156
86172
86188
86204
86220
86236
86252
86268
86284
86300
86316
86332
86348
86364
86380
86396
86412
86428
86444
86460
86476
86492
86508
86524
86540
86556
86572
86588
86604
86620
86636
86652
86668
86684
86700
86716
86732
86748
86764
86780
86796
86812
86828
86844
86860
86876
86892
86908
86924
86940
86956
86972
86988
87004
87020
87036
87052
87068
87084
87100
87116
87132
87148
87164
87180
87196
87212
87228
87244
87260
87276
87292
87308
87324
87340
87356
87372
87388
87404
87420
87436
87452
87468
87484
87500
87516
87532
87548
87564
87580
87596
87612
87628
87644
87660
87676
87692
87708
87724
87740
87756
87772
87788
87804
87820
87836
87852
87868
87884
87900
87916
87932
87948
87964
87980
87996
88012
88028
88044
88060
88076
88092
88108
88124
88140
88156
88172
88188
88204
88220
88236
88252
88268
88284
88300
88316
88332
88348
88364
88380
88396
88412
88428
88444
88460
88476
88492
88508
88524
88540
88556
88572
88588
88604
88620
88636
88652
88668
88684
88700
88716
88732
88748
88764
88780
88796
88812
88828
88844
88860
88876
88892
88908
88924
88940
88956
88972
88988
89004
89020
89036
89052
89068
89084
89100
89116
89132
89148
89164
89180
89196
89212
89228
89244
89260
89276
89292
89308
89324
89340
89356
89372
89388
89404
89420
89436
89452
89468
89484
89500
89516
89532
89548
89564
89580
89596
89612
89628
89644
89660
89676
89692
89708
89724
89740
89756
89772
89788
89804
89820
89836
89852
89868
89884
89900
89916
89932
89948
89964
89980
89996
90012
90028
90044
90060
90076
90092
90108
90124
90140
90156
90172
90188
90204
90220
90236
90252
90268
90284
90300
90316
90332
90348
90364
90380
90396
90412
90428
90444
90460
90476
90492
90508
90524
90540
90556
90572
90588
90604
90620
90636
90652
90668
90684
90700
90716
90732
90748
90764
90780
90796
90812
90828
90844
90860
90876
90892
90908
90924
90940
90956
90972
90988
91004
91020
91036
91052
91068
91084
91100
91116
91132
91148
91164
91180
91196
91212
91229
91246
91263
91280
91297
91314
91331
91348
91365
91382
91399
91416
91433
91450
91467
91484
91501
91518
91535
91552
91569
91586
91603
91620
91637
91654
91671
91688
91705
91722
91739
91756
91773
91790
91807
91824
91841
91858
91875
91892
91909
91926
91943
91960
91977
91994
92011
92028
92045
92062
92079
92096
92113
92130
92147
92164
92181
92198
92214
92230
92246
92262
92278
92294
92310
92326
92342
92358
92374
92390
92406
92422
92438
92454
92470
92486
92502
92518
92534
92550
92566
92582
92598
92614
92630
92646
92662
92678
92694
92710
92726
92742
92758
92774
92790
92806
92822
92838
92854
92870
92886
92902
92918
92934
92950
92966
92982
92998
93014
93030
93046
93062
93078
93094
93110
93126
93142
93158
93174
93190
93206
93222
93238
93254
93270
93286
93302
93318
93334
93350
93366
93382
93398
93414
93430
93446
93462
93478
93494
93510
93526
93542
93558
93574
93590
93606
93622
93638
93654
93670
93686
93702
93718
93734
93750
93766
93782
93798
93814
93830
93846
93862
93878
93894
93910
93926
93942
93958
93974
93990
94006
94022
94038
94054
94070
94086
94102
94118
94134
94150
94166
94182
94198
94214
94230
94246
94262
94278
94294
94310
94326
94342
94358
94374
94390
94406
94422
94438
94454
94470
94486
94502
94518
94534
94550
94566
94582
94598
94614
94630
94646
94662
94678
94694
94710
94726
94742
94758
94774
94790
94806
94822
94838
94854
94870
94886
94902
94918
94934
94950
94966
94982
94998
95014
95030
95046
95062
95078
95094
95110
95126
95142
95158
95174
95190
95206
95222
95238
95254
95270
95286
95302
95318
95334
95350
95366
95382
95398
95414
95430
95446
95462
95478
95494
95510
95526
95542
95558
95574
95590
95606
95622
95638
95654
95670
95686
95702
95718
95734
95750
95766
95782
95798
95814
95830
95846
95862
95878
95894
95910
95926
95942
95958
95974
95990
96006
96022
96038
96054
96070
96086
96102
96118
96134
96150
96166
96182
96198
96214
96230
96246
96262
96278
96294
96310
96326
96342
96358
96374
96390
96406
96422
96438
96454
96470
96486
96502
96518
96534
96550
96566
96582
96598
96614
96630
96646
96662
96678
96694
96710
96726
96742
96758
96774
96790
96806
96822
96838
96854
96870
96886
96902
96918
96934
96950
96966
96982
96998
97014
97030
97046
97062
97078
97094
97110
97126
97142
97158
97174
97190
97206
97222
97238
97254
97270
97286
97302
97318
97334
97350
97366
97382
97398
97414
97430
97446
97462
97478
97494
97510
97526
97542
97558
97574
97590
97606
97622
97638
97654
97670
97686
97702
97718
97734
97750
97766
97782
97798
97814
97830
97846
97862
97878
97894
97910
97926
97942
97958
97974
97990
98006
98022
98038
98054
98070
98086
98102
98118
98134
98150
98166
98182
98198
98214
98230
98246
98262
98278
98294
98310
98326
98342
98358
98374
98390
98406
98422
98438
98454
98470
98486
98502
98518
98534
98550
98566
98582
98598
98614
98630
98646
98662
98678
98694
98710
98726
98742
98758
98774
98790
98806
98822
98838
98854
98870
98886
98902
98918
98934
98950
98966
98982
98998
99014
99030
99046
99062
99078
99094
99110
99126
99142
99158
99174
99190
99206
99222
99238
99254
99270
99286
99302
99318
99334
99350
99366
99382
99398
99414
99430
99446
99462
99478
99494
99510
99526
99542
99558
99574
99590
99606
99622
99638
99654
99670
99686
99702
99718
99734
99750
99766
99782
99798
99814
99830
99846
99862
99878
99894
99910
99926
99942
99958
99974
99990
100006
100022
100038
100054
100070
100086
100102
100118
100134
100150
100166
100182
100198
100214
100230
100246
100262
100278
100294
100310
100326
100342
100358
100374
100390
100406
100422
100438
100454
100470
100486
100502
100518
100534
100550
100566
100582
100598
100614
100630
100646
100662
100678
100694
100710
100726
100742
100758
100774
100790
100806
100822
100838
100854
100870
100886
100902
100918
100934
100950
100966
100982
100998
101014
101030
101046
101062
101078
101094
101110
101126
101142
101158
101174
101190
101206
101222
101238
101254
101270
101286
101302
101318
101334
101350
101366
101382
101398
101414
101430
101446
101462
101478
101494
101510
101526
101542
101558
101574
101590
101606
101622
101638
101654
101670
101686
101702
101718
101734
101750
101766
101782
101798
101814
101830
101846
101862
101878
101894
101910
101926
101942
101958
101974
101990
102006
102022
102038
102054
102070
102086
102102
102118
102135
102152
102169
102186
102203
102220
102237
102254
102271
102288
102305
102322
102339
102356
102373
102390
102407
102424
102441
102458
102475
102492
102509
102526
102543
102560
102577
102594
102611
102628
102645
102662
102679
102696
102713
102730
102747
102764
102781
102798
102815
102832
102849
102866
102883
102900
102917
102934
102951
102968
102985
103002
103019
103036
103053
103070
103087
103104
103120
103136
103152
103168
103184
103200
103216
103232
103248
103264
103280
103296
103312
103328
103344
103360
103376
103392
103408
103424
103440
103456
103472
103488
103504
103520
103536
103552
103568
103584
103600
103616
103632
103648
103664
103680
103696
103712
103728
103744
103760
103776
103792
103808
103824
103840
103856
103872
103888
103904
103920
103936
103952
103968
103984
104000
104016
104032
104048
104064
104080
104096
104112
104128
104144
104160
104176
104192
104208
104224
104240
104256
104272
104288
104304
104320
104336
104352
104368
104384
104400
104416
104432
104448
104464
104480
104496
104512
104528
104544
104560
104576
104592
104608
104624
104640
104656
104672
104688
104704
104720
104736
104752
104768
104784
104800
104816
104832
104848
104864
104880
104896
104912
104928
104944
104960
104976
104992
105008
105024
105040
105056
105072
105088
105104
105120
105136
105152
105168
105184
105200
105216
105232
105248
105264
105280
105296
105312
105328
105344
105360
105376
105392
105408
105424
105440
105456
105472
105488
105504
105520
105536
105552
105568
105584
105600
105616
105632
105648
105664
105680
105696
105712
105728
105744
105760
105776
105792
105808
105824
105840
105856
105872
105888
105904
105920
105936
105952
105968
105984
106000
106016
106032
106048
106064
106080
106096
106112
106128
106144
106160
106176
106192
106208
106224
106240
106256
106272
106288
106304
106320
106336
106352
106368
106384
106400
106416
106432
106448
106464
106480
106496
106512
106528
106544
106560
106576
106592
106608
106624
106640
106656
106672
106688
106704
106720
106736
106752
106768
106784
106800
106816
106832
106848
106864
106880
106896
106912
106928
106944
106960
106976
106992
107008
107024
107040
107056
107072
107088
107104
107120
107136
107152
107168
107184
107200
107216
107232
107248
107264
107280
107296
107312
107328
107344
107360
107376
107392
107408
107424
107440
107456
107472
107488
107504
107520
107536
107552
107568
107584
107600
107616
107632
107648
107664
107680
107696
107712
107728
107744
107760
107776
107792
107808
107824
107840
107856
107872
107888
107904
107920
107936
107952
107968
107984
108000
108016
108032
108048
108064
108080
108096
108112
108128
108144
108160
108176
108192
108208
108224
108240
108256
108272
108288
108304
108320
108336
108352
108368
108384
108400
108416
108432
108448
108464
108480
108496
108512
108528
108544
108560
108576
108592
108608
108624
108640
108656
108672
108688
108704
108720
108736
108752
108768
108784
108800
108816
108832
108848
108864
108880
108896
108912
108928
108944
108960
108976
108992
109008
109024
109040
109056
109072
109088
109104
109120
109136
109152
109168
109184
109200
109216
109232
109248
109264
109280
109296
109312
109328
109344
109360
109376
109392
109408
109424
109440
109456
109472
109488
109504
109520
109536
109552
109568
109584
109600
109616
109632
109648
109664
109680
109696
109712
109728
109744
109760
109776
109792
109808
109824
109840
109856
109872
109888
109904
109920
109936
109952
109968
109984
110000
110016
110032
110048
110064
110080
110096
110112
110128
110144
110160
110176
110192
110208
110224
110240
110256
110272
110288
110304
110320
110336
110352
110368
110384
110400
110416
110432
110448
110464
110480
110496
110512
110528
110544
110560
110576
110592
110608
110624
110640
110656
110672
110688
110704
110720
110736
110752
110768
110784
110800
110816
110832
110848
110864
110880
110896
110912
110928
110944
110960
110976
110992
111008
111024
111040
111056
111072
111088
111104
111120
111136
111152
111168
111184
111200
111216
111232
111248
111264
111280
111296
111312
111328
111344
111360
111376
111392
111408
111424
111440
111456
111472
111488
111504
111520
111536
111552
111568
111584
111600
111616
111632
111648
111664
111680
111696
111712
111728
111744
111760
111776
111792
111808
111824
111840
111856
111872
111888
111904
111920
111936
111952
111968
111984
112000
112016
112032
112048
112064
112080
112096
112112
112128
112144
112160
112176
112192
112208
112224
112240
112256
112272
112288
112304
112320
112336
112352
112368
112384
112400
112416
112432
112448
112464
112480
112496
112512
112528
112544
112560
112576
112592
112608
112624
112640
112656
112672
112688
112704
112720
112736
112752
112768
112784
112800
112816
112832
112848
112864
112880
112896
112912
112928
112944
112960
112976
112992
113008
113024
113041
113058
113075
113092
113109
113126
113143
113160
113177
113194
113211
113228
113245
113262
113279
113296
113313
113330
113347
113364
113381
113398
113415
113432
113449
113466
113483
113500
113517
113534
113551
113568
113585
113602
113619
113636
113653
113670
113687
113704
113721
113738
113755
113772
113789
113806
113823
113840
113857
113874
113891
113908
113925
113942
113959
113976
113993
114010
114026
114042
114058
114074
114090
114106
114122
114138
114154
114170
114186
114202
114218
114234
114250
114266
114282
114298
114314
114330
114346
114362
114378
114394
114410
114426
114442
114458
114474
114490
114506
114522
114538
114554
114570
114586
114602
114618
114634
114650
114666
114682
114698
114714
114730
114746
114762
114778
114794
114810
114826
114842
114858
114874
114890
114906
114922
114938
114954
114970
114986
115002
115018
115034
115050
115066
115082
115098
115114
115130
115146
115162
115178
115194
115210
115226
115242
115258
115274
115290
115306
115322
115338
115354
115370
115386
115402
115418
115434
115450
115466
115482
115498
115514
115530
115546
115562
115578
115594
115610
115626
115642
115658
115674
115690
115706
115722
115738
115754
115770
115786
115802
115818
115834
115850
115866
115882
115898
115914
115930
115946
115962
115978
115994
116010
116026
116042
116058
116074
116090
116106
116122
116138
116154
116170
116186
116202
116218
116234
116250
116266
116282
116298
116314
116330
116346
116362
116378
116394
116410
116426
116442
116458
116474
116490
116506
116522
116538
116554
116570
116586
116602
116618
116634
116650
116666
116682
116698
116714
116730
116746
116762
116778
116794
116810
116826
116842
116858
116874
116890
116906
116922
116938
116954
116970
116986
117002
117018
117034
117050
117066
117082
117098
117114
117130
117146
117162
117178
117194
117210
117226
117242
117258
117274
117290
117306
117322
117338
117354
117370
117386
117402
117418
117434
117450
117466
117482
117498
117514
117530
117546
117562
117578
117594
117610
117626
117642
117658
117674
117690
117706
117722
117738
117754
117770
117786
117802
117818
117834
117850
117866
117882
117898
117914
117930
117946
117962
117978
117995
118012
118029
118046
118063
118080
118097
118114
118131
118148
118165
118182
118199
118216
118233
118250
118267
118284
118301
118318
118335
118352
118369
118386
118403
118420
118437
118454
118471
118488
118505
118522
118539
118556
118573
118590
118607
118624
118641
118658
118675
118692
118709
118726
118743
118760
118777
118794
118811
118828
118845
118862
118879
118896
118913
118930
118947
118964
118980
118996
119012
119028
119044
119060
119076
119092
119108
119124
119140
119156
119172
119188
119204
119220
119236
119252
119268
119284
119300
119316
119332
119348
119364
119380
119396
119412
119428
119444
119460
119476
119492
119508
119524
119540
119556
119572
119588
119604
119620
119636
119652
119668
119684
119700
119716
119732
119748
119764
119780
119796
119812
119828
119844
119860
119876
119892
119908
119924
119940
119956
119972
119988
120004
120020
120036
120052
120068
120084
120100
120116
120132
120148
120164
120180
120196
120212
120228
120244
120260
120276
120292
120308
120324
120340
120356
120372
120388
120404
120420
120436
120452
120468
120484
120500
120516
120532
120548
120564
120580
120596
120612
120628
120644
120660
120676
120692
120708
120724
120740
120756
120772
120788
120804
120820
120836
120852
120868
120884
120900
120916
120932
120948
120965
120982
120999
121016
121033
121050
121067
121084
121101
121118
121135
121152
121169
121186
121203
121220
121237
121254
121271
121288
121305
121322
121339
121356
121373
121390
121407
121424
121441
121458
121475
121492
121509
121526
121543
121560
121577
121594
121611
121628
121645
121662
121679
121696
121713
121730
121747
121764
121781
121798
121815
121832
121849
121866
121883
121900
121917
121934
121950
121966
121982
121998
122014
122030
122046
122062
122078
122094
122110
122126
122142
122158
122174
122190
122206
122222
122238
122254
122270
122286
122302
122318
122334
122350
122366
122382
122398
122414
122430
122446
122462
122478
122494
122510
122526
122542
122558
122574
122590
122606
122622
122638
122654
122670
122686
122702
122718
122734
122750
122766
122782
122798
122814
122830
122846
122862
122878
122894
122910
122926
122942
122958
122974
122990
123006
123022
123038
123054
123070
123086
123102
123118
123134
123150
123166
123182
123198
123214
123230
123246
123262
123278
123294
123310
123326
123342
123358
123374
123390
123406
123422
123438
123454
123470
123486
123502
123518
123534
123550
123566
123582
123598
123614
123630
123646
123662
123678
123694
123710
123726
123742
123758
123774
123790
123806
123822
123838
123854
123870
123886
123902
123918
123934
123950
123966
123982
123998
124014
124030
124046
124062
124078
124094
124110
124126
124142
124158
124174
124190
124206
124222
124238
124254
124270
124286
124302
124318
124334
124350
124366
124382
124398
124414
124430
124446
124462
124478
124494
124510
124526
124542
124558
124574
124590
124606
124622
124638
124654
124670
124686
124702
124718
124734
124750
124766
124782
124798
124814
124830
124846
124862
124878
124894
124910
124926
124942
124958
124974
124990
125006
125022
125038
125054
125070
125086
125102
125118
125134
125150
125166
125182
125198
125214
125230
125246
125262
125278
125294
125310
125326
125342
125358
125374
125390
125406
125422
125438
125454
125470
125486
125502
125518
125534
125550
125566
125582
125598
125614
125630
125646
125662
125678
125694
125710
125726
125742
125758
125774
125790
125806
125822
125838
125854
125870
125886
125902
125918
125934
125950
125966
125982
125998
126014
126030
126046
126062
126078
126094
126110
126126
126142
126158
126174
126190
126206
126222
126238
126254
126270
126286
126302
126318
126334
126350
126366
126382
126398
126414
126430
126446
126462
126478
126494
126510
126526
126542
126558
126574
126590
126606
126622
126638
126654
126670
126686
126702
126718
126734
126750
126766
126782
126798
126814
126830
126846
126862
126878
126894
126910
126926
126942
126958
126974
126990
127006
127022
127038
127054
127070
127086
127102
127118
127134
127150
127166
127182
127198
127214
127230
127246
127262
127278
127294
127310
127326
127342
127358
127374
127390
127406
127422
127438
127454
127470
127486
127502
127518
127534
127550
127566
127582
127598
127614
127630
127646
127662
127678
127694
127710
127726
127742
127758
127774
127790
127806
127822
127838
127854
127870
127886
127902
127918
127934
127950
127966
127982
127998
128014
128030
128046
128062
128078
128094
128110
128126
128142
128158
128174
128190
128206
128222
128238
128254
128270
128286
128302
128318
128334
128350
128366
128382
128398
128414
128430
128446
128462
128478
128494
128510
128526
128542
128558
128574
128590
128606
128622
128638
128654
128670
128686
128702
128718
128734
128750
128766
128782
128798
128814
128830
128846
128862
128878
128894
128910
128926
128942
128958
128974
128990
129006
129022
129038
129054
129070
129086
129102
129118
129134
129150
129166
129182
129198
129214
129230
129246
129262
129278
129294
129310
129326
129342
129358
129374
129390
129406
129422
129438
129454
129470
129486
129502
129518
129534
129550
129566
129582
129598
129614
129630
129646
129662
129678
129694
129710
129726
129742
129758
129774
129790
129806
129822
129838
129854
129870
129886
129902
129918
129934
129950
129966
129982
129998
130014
130030
130046
130062
130078
130094
130110
130126
130142
130158
130174
130190
130206
130222
130238
130254
130270
130286
130302
130318
130334
130350
130366
130382
130398
130414
130430
130446
130462
130478
130494
130510
130526
130542
130558
130574
130590
130606
130622
130638
130654
130670
130686
130702
130718
130734
130750
130766
130782
130798
130814
130830
130846
130862
130879
130896
130913
130930
130947
130964
130981
130998
131015
131032
131049
131066
131083
131100
131117
131134
131151
131168
131185
131202
131219
131236
131253
131270
131287
131304
131321
131338
131355
131372
131389
131406
131423
131440
131457
131474
131491
131508
131525
131542
131559
131576
131593
131610
131627
131644
131661
131678
131695
131712
131729
131746
131763
131780
131797
131814
131831
131848
131864
131880
131896
131912
131928
131944
131960
131976
131992
132008
132024
132040
132056
132072
132088
132104
132120
132136
132152
132168
132184
132200
132216
132232
132248
132264
132280
132296
132312
132328
132344
132360
132376
132392
132408
132424
132440
132456
132472
132488
132504
132520
132536
132552
132568
132584
132600
132616
132632
132648
132664
132680
132696
132712
132728
132744
132760
132776
132792
132808
132824
132840
132856
132872
132888
132904
132920
132936
132952
132968
132984
133000
133016
133032
133048
133064
133080
133096
133112
133128
133144
133160
133176
133192
133208
133224
133240
133256
133272
133288
133304
133320
133336
133352
133368
133384
133400
133416
133432
133448
133464
133480
133496
133512
133528
133544
133560
133576
133592
133608
133624
133640
133656
133672
133688
133704
133720
133736
133752
133768
133784
133800
133816
133832
133848
133864
133880
133896
133912
133928
133944
133960
133976
133992
134008
134024
134040
134056
134072
134088
134104
134120
134136
134152
134168
134184
134200
134216
134232
134248
134264
134280
134296
134312
134328
134344
134360
134376
134392
134408
134424
134440
134456
134472
134488
134504
134520
134536
134552
134568
134584
134600
134616
134632
134648
134664
134680
134696
134712
134728
134744
134760
134776
134792
134808
134824
134840
134856
134872
134888
134904
134920
134936
134952
134968
134984
135000
135016
135032
135048
135064
135080
135096
135112
135128
135144
135160
135176
135192
135208
135224
135240
135256
135272
135288
135304
135320
135336
135352
135368
135384
135400
135416
135432
135448
135464
135480
135496
135512
135528
135544
135560
135576
135592
135608
135624
135640
135656
135672
135688
135704
135720
135736
135752
135768
135784
135800
135816
135832
135848
135864
135880
135896
135912
135928
135944
135960
135976
135992
136008
136024
136040
136056
136072
136088
136104
136120
136136
136152
136168
136184
136200
136216
136232
136248
136264
136280
136296
136312
136328
136344
136360
136376
136392
136408
136424
136440
136456
136472
136488
136504
136520
136536
136552
136568
136584
136600
136616
136632
136648
136664
136680
136696
136712
136728
136744
136760
136776
136792
136808
136824
136840
136856
136872
136888
136904
136920
136936
136952
136968
136984
137000
137016
137032
137048
137064
137080
137096
137112
137128
137144
137160
137176
137192
137208
137224
137240
137256
137272
137288
137304
137320
137336
137352
137368
137384
137400
137416
137432
137448
137464
137480
137496
137512
137528
137544
137560
137576
137592
137608
137624
137640
137656
137672
137688
137704
137720
137736
137752
137768
137784
137800
137816
137832
137848
137864
137880
137896
137912
137928
137944
137960
137976
137992
138008
138024
138040
138056
138072
138088
138104
138120
138136
138152
138168
138184
138200
138216
138232
138248
138264
138280
138296
138312
138328
138344
138360
138376
138392
138408
138424
138440
138456
138472
138488
138504
138520
138536
138552
138568
138584
138600
138616
138632
138648
138664
138680
138696
138712
138728
138744
138760
138776
138792
138808
138824
138840
138856
138872
138888
138904
138920
138936
138952
138968
138984
139000
139016
139032
139048
139064
139080
139096
139112
139128
139144
139160
139176
139192
139208
139224
139240
139256
139272
139288
139304
139320
139336
139352
139368
139384
139400
139416
139432
139448
139464
139480
139496
139512
139528
139544
139560
139576
139592
139608
139624
139640
139656
139672
139688
139704
139720
139736
139752
139768
139784
139800
139816
139832
139848
139864
139880
139896
139912
139928
139944
139960
139976
139992
140008
140024
140040
140056
140072
140088
140104
140120
140136
140152
140168
140184
140200
140216
140232
140248
140264
140280
140296
140312
140328
140344
140360
140376
140392
140408
140424
140440
140456
140472
140488
140504
140520
140536
140552
140568
140584
140600
140616
140632
140648
140664
140680
140696
140712
140728
140744
140760
140776
140792
140808
140824
140840
140856
140872
140888
140904
140920
140936
140952
140968
140984
141000
141016
141032
141048
141064
141080
141096
141112
141128
141144
141160
141176
141192
141208
141224
141240
141256
141272
141288
141304
141320
141336
141352
141368
141384
141400
141416
141432
141448
141464
141480
141496
141512
141528
141544
141560
141576
141592
141608
141624
141640
141656
141672
141688
141704
141720
141736
141752
141768
141784
141800
141816
141832
141848
141864
141880
141896
141912
141928
141944
141960
141976
141992
142008
142024
142040
142056
142072
142088
142104
142120
142136
142152
142168
142184
142200
142216
142232
142248
142264
142280
142296
142312
142328
142344
142360
142376
142392
142408
142424
142440
142456
142472
142488
142504
142520
142536
142552
142568
142584
142600
142616
142632
142648
142664
142680
142696
142712
142728
142744
142760
142776
142792
142808
142824
142840
142856
142872
142888
142904
142920
142936
142952
142968
142984
143000
143016
143032
143048
143064
143080
143096
143112
143128
143144
143160
143176
143192
143208
143224
143240
143256
143272
143288
143304
143320
143336
143352
143368
143384
143400
143416
143432
143448
143464
143480
143496
143512
143528
143544
143560
143576
143592
143608
143624
143640
143656
143672
143688
143704
143720
143736
143752
143768
143784
143800
143816
143832
143848
143864
143880
143896
143912
143928
143944
143960
143976
143992
144008
144024
144040
144056
144072
144088
144104
144120
144136
144152
144168
144184
144200
144216
144232
144248
144264
144280
144296
144312
144328
144344
144360
144376
144392
144408
144424
144440
144456
144472
144488
144504
144520
144536
144552
144568
144584
144600
144616
144632
144648
144664
144680
144696
144712
144728
144744
144760
144776
144792
144808
144824
144840
144856
144872
144888
144904
144920
144936
144952
144968
144984
145000
145016
145032
145048
145064
145080
145096
145112
145128
145144
145160
145176
145192
145208
145224
145240
145256
145272
145288
145304
145320
145336
145352
145368
145384
145400
145416
145432
145448
145464
145480
145496
145512
145528
145544
145560
145576
145592
145608
145624
145640
145656
145672
145688
145704
145720
145736
145752
145768
145784
145800
145816
145832
145848
145864
145880
145896
145912
145928
145944
145960
145976
145992
146008
146024
146040
146056
146072
146088
146104
146120
146136
146152
146168
146184
146200
146216
146232
146248
146264
146280
146296
146312
146328
146344
146360
146376
146392
146408
146424
146440
146456
146472
146488
146504
146520
146536
146552
146568
146584
146600
146616
146632
146648
146664
146680
146696
146712
146728
146745
146762
146779
146796
146813
146830
146847
146864
146881
146898
146915
146932
146949
146966
146983
147000
147017
147034
147051
147068
147085
147102
147119
147136
147153
147170
147187
147204
147221
147238
147255
147272
147289
147306
147323
147340
147357
147374
147391
147408
147425
147442
147459
147476
147493
147510
147527
147544
147561
147578
147595
147612
147629
147646
147663
147680
147697
147714
147729
147744
147759
147774
147789
147804
147819
147834
147849
147864
147879
147894
147909
147924
147939
147954
147969
147984
147999
148014
148029
148044
148059
148074
148089
148104
148119
148134
148149
148164
148179
148194
148209
148224
148239
148254
148269
148284
148299
148314
148329
148344
148359
148374
148389
148404
148419
148434
148449
148464
148479
148494
148509
148524
148539
148554
148569
148584
148599
148614
148629
148644
148659
148674
148689
148704
148720
148736
148752
148768
148784
148800
148816
148832
148848
148864
148880
148896
148912
148928
148944
148960
148976
148992
149008
149024
149040
149056
149072
149088
149104
149120
149136
149152
149168
149184
149200
149216
149232
149248
149264
149280
149296
149312
149328
149344
149360
149376
149392
149408
149424
149440
149456
149472
149488
149504
149520
149536
149552
149568
149584
149600
149616
149632
149648
149664
149680
149696
149712
149728
149744
149760
149776
149792
149808
149824
149840
149856
149872
149888
149904
149920
149936
149952
149968
149984
150000
150016
150032
150048
150064
150080
150096
150112
150128
150144
150160
150176
150192
150208
150224
150240
150256
150272
150288
150304
150320
150336
150352
150368
150384
150400
150416
150432
150448
150464
150480
150496
150512
150528
150544
150560
150576
150592
150608
150624
150640
150656
150672
150688
150704
150720
150736
150752
150768
150784
150800
150816
150832
150848
150864
150880
150896
150912
150928
150944
150960
150976
150992
151008
151024
151040
151056
151072
151088
151104
151120
151136
151152
151168
151184
151200
151216
151232
151248
151264
151280
151296
151312
151328
151344
151360
151376
151392
151408
151424
151440
151456
151472
151488
151504
151520
151536
151552
151568
151584
151600
151616
151632
151648
151664
151680
151696
151712
151728
151744
151760
151776
151792
151808
151824
151840
151856
151872
151888
151904
151920
151936
151952
151968
151984
152000
152016
152032
152048
152064
152080
152096
152112
152128
152144
152160
152176
152192
152208
152224
152240
152256
152272
152288
152304
152320
152336
152352
152368
152384
152400
152416
152432
152448
152464
152480
152496
152512
152528
152544
152560
152576
152592
152608
152624
152640
152656
152672
152688
152704
152720
152736
152752
152768
152784
152800
152816
152832
152848
152864
152880
152896
152912
152928
152944
152960
152976
152992
153008
153024
153040
153056
153072
153088
153104
153120
153136
153152
153168
153184
153200
153216
153232
153248
153264
153280
153296
153312
153328
153344
153360
153376
153392
153408
153424
153440
153456
153472
153488
153504
153520
153536
153552
153568
153584
153600
153616
153632
153648
153664
153680
153696
153712
153728
153744
153760
153776
153792
153808
153824
153840
153856
153872
153888
153904
153920
153936
153952
153968
153984
154000
154016
154032
154048
154064
154080
154096
154112
154128
154144
154160
154176
154192
154208
154224
154240
154256
154272
154288
154304
154320
154336
154352
154368
154384
154400
154416
154432
154448
154464
154480
154496
154512
154528
154544
154560
154576
154592
154608
154624
154640
154656
154673
154690
154707
154724
154741
154758
154775
154792
154809
154826
154843
154860
154877
154894
154911
154928
154945
154962
154979
154996
155013
155030
155047
155064
155081
155098
155115
155132
155149
155166
155183
155200
155217
155234
155251
155268
155285
155302
155319
155336
155353
155370
155387
155404
155421
155438
155455
155472
155489
155506
155523
155540
155557
155574
155591
155608
155625
155642
155658
155674
155690
155706
155722
155738
155754
155770
155786
155802
155818
155834
155850
155866
155882
155898
155914
155930
155946
155962
155978
155994
156010
156026
156042
156058
156074
156090
156106
156122
156138
156154
156170
156186
156202
156218
156234
156250
156266
156282
156298
156314
156330
156346
156362
156378
156394
156410
156426
156442
156458
156474
156490
156506
156522
156538
156554
156570
156586
156602
156618
156634
156650
156666
156682
156698
156714
156730
156746
156762
156778
156794
156810
156826
156842
156858
156874
156890
156906
156922
156938
156954
156970
156986
157002
157018
157034
157050
157066
157082
157098
157114
157130
157146
157162
157178
157194
157210
157226
157242
157258
157274
157290
157306
157322
157338
157354
157370
157386
157402
157418
157434
157450
157466
157482
157498
157514
157530
157546
157562
157578
157594
157610
157626
157642
157658
157674
157690
157706
157722
157738
157754
157770
157786
157802
157818
157834
157850
157866
157882
157898
157914
157930
157946
157962
157978
157994
158010
158026
158042
158058
158074
158090
158106
158122
158138
158154
158170
158186
158202
158218
158234
158250
158266
158282
158298
158314
158330
158346
158362
158378
158394
158410
158426
158442
158458
158474
158490
158506
158522
158538
158554
158570
158586
158602
158618
158634
158650
158666
158682
158698
158714
158730
158746
158762
158778
158794
158810
158826
158842
158858
158874
158890
158906
158922
158938
158954
158970
158986
159002
159018
159034
159050
159066
159082
159098
159114
159130
159146
159162
159178
159194
159210
159226
159242
159258
159274
159290
159306
159322
159338
159354
159370
159386
159402
159418
159434
159450
159466
159482
159498
159514
159530
159546
159562
159578
159594
159610
159626
159642
159658
159674
159690
159706
159722
159738
159754
159770
159786
159802
159818
159834
159850
159866
159882
159898
159914
159930
159946
159962
159978
159994
160010
160026
160042
160058
160074
160090
160106
160122
160138
160154
160170
160186
160202
160218
160234
160250
160266
160282
160298
160314
160330
160346
160362
160378
160394
160410
160426
160442
160458
160474
160490
160506
160522
160538
160554
160570
160586
160602
160618
160634
160650
160666
160682
160698
160714
160730
160746
160762
160778
160794
160810
160826
160842
160858
160874
160890
160906
160922
160938
160954
160970
160986
161002
161018
161034
161050
161066
161082
161098
161114
161130
161146
161162
161178
161194
161210
161226
161242
161258
161274
161290
161306
161322
161338
161354
161370
161386
161402
161418
161434
161450
161466
161482
161498
161514
161530
161546
161562
161578
161594
161610
161626
161642
161658
161674
161690
161706
161722
161738
161754
161770
161786
161802
161818
161834
161850
161866
161882
161898
161914
161930
161946
161962
161978
161994
162010
162026
162042
162058
162074
162090
162106
162122
162138
162154
162170
162186
162202
162218
162234
162250
162266
162282
162298
162314
162330
162346
162362
162378
162394
162410
162426
162442
162458
162474
162490
162506
162522
162538
162554
162570
162586
162602
162618
162634
162650
162666
162682
162698
162714
162730
162746
162762
162778
162794
162810
162826
162842
162858
162874
162890
162906
162922
162938
162954
162970
162986
163002
163018
163034
163050
163066
163082
163098
163114
163130
163146
163162
163178
163194
163210
163226
163242
163258
163274
163290
163306
163322
163338
163354
163370
163386
163402
163418
163434
163450
163466
163482
163498
163514
163530
163546
163562
163578
163594
163610
163626
163642
163658
163674
163690
163706
163722
163738
163754
163770
163786
163802
163818
163834
163850
163866
163882
163898
163914
163930
163946
163962
163978
163994
164010
164026
164042
164058
164074
164090
164106
164122
164138
164154
164170
164186
164202
164218
164234
164250
164266
164282
164298
164314
164330
164346
164362
164378
164394
164410
164426
164442
164458
164474
164490
164506
164522
164538
164554
164570
164587
164604
164621
164638
164655
164672
164689
164706
164723
164740
164757
164774
164791
164808
164825
164842
164859
164876
164893
164910
164927
164944
164961
164978
164995
165012
165029
165046
165063
165080
165097
165114
165131
165148
165165
165182
165199
165216
165233
165250
165267
165284
165301
165318
165335
165352
165369
165386
165403
165420
165437
165454
165471
165488
165505
165522
165539
165556
165571
165586
165601
165616
165631
165646
165661
165676
165691
165706
165721
165736
165751
165766
165781
165796
165811
165826
165841
165856
165871
165886
165901
165916
165931
165946
165961
165976
165991
166006
166021
166036
166051
166066
166081
166096
166111
166126
166141
166156
166171
166186
166201
166216
166231
166246
166261
166276
166291
166306
166321
166336
166351
166366
166381
166396
166411
166426
166441
166456
166471
166486
166501
166516
166531
166546
166562
166578
166594
166610
166626
166642
166658
166674
166690
166706
166722
166738
166754
166770
166786
166802
166818
166834
166850
166866
166882
166898
166914
166930
166946
166962
166978
166994
167010
167026
167042
167058
167074
167090
167106
167122
167138
167154
167170
167186
167202
167218
167234
167250
167266
167282
167298
167314
167330
167346
167362
167378
167394
167410
167426
167442
167458
167474
167490
167506
167522
167538
167554
167570
167586
167602
167618
167634
167650
167666
167682
167698
167714
167730
167746
167762
167778
167794
167810
167826
167842
167858
167874
167890
167906
167922
167938
167954
167970
167986
168002
168018
168034
168050
168066
168082
168098
168114
168130
168146
168162
168178
168194
168210
168226
168242
168258
168274
168290
168306
168322
168338
168354
168370
168386
168402
168418
168434
168450
168466
168482
168498
168514
168530
168546
168562
168578
168594
168610
168626
168642
168658
168674
168690
168706
168722
168738
168754
168770
168786
168802
168818
168834
168850
168866
168882
168898
168914
168930
168946
168962
168978
168994
169010
169026
169042
169058
169074
169090
169106
169122
169138
169154
169170
169186
169202
169218
169234
169250
169266
169282
169298
169314
169330
169346
169362
169378
169394
169410
169426
169442
169458
169474
169490
169506
169522
169538
169554
169570
169586
169602
169618
169634
169650
169666
169682
169698
169714
169730
169746
169762
169778
169794
169810
169826
169842
169858
169874
169890
169906
169922
169938
169954
169970
169986
170002
170018
170034
170050
170066
170082
170098
170114
170130
170146
170162
170178
170194
170210
170226
170242
170258
170274
170290
170306
170322
170338
170354
170370
170386
170402
170418
170434
170450
170466
170482
170498
170514
170530
170546
170562
170578
170594
170610
170626
170642
170658
170674
170690
170706
170722
170738
170754
170770
170786
170802
170818
170834
170850
170866
170882
170898
170914
170930
170946
170962
170978
170994
171010
171026
171042
171058
171074
171090
171106
171122
171138
171154
171170
171186
171202
171218
171234
171250
171266
171282
171298
171314
171330
171346
171362
171378
171394
171410
171426
171442
171458
171474
171490
171506
171522
171538
171554
171570
171586
171602
171618
171634
171650
171666
171682
171698
171714
171730
171746
171762
171778
171794
171810
171826
171842
171858
171874
171890
171906
171922
171938
171954
171970
171986
172002
172018
172034
172050
172066
172082
172098
172114
172130
172146
172162
172178
172194
172210
172226
172242
172258
172274
172290
172306
172322
172338
172354
172370
172386
172402
172418
172434
172450
172466
172482
172498
172514
172530
172546
172562
172578
172594
172610
172626
172642
172658
172674
172690
172706
172722
172738
172754
172770
172786
172802
172818
172834
172850
172866
172882
172898
172914
172930
172946
172962
172978
172994
173010
173026
173042
173058
173074
173090
173106
173122
173138
173154
173170
173186
173202
173218
173234
173250
173266
173282
173298
173314
173330
173346
173362
173378
173394
173410
173426
173442
173458
173474
173490
173506
173522
173538
173554
173570
173586
173602
173618
173634
173650
173666
173682
173698
173714
173730
173746
173762
173778
173794
173810
173826
173842
173858
173874
173890
173906
173922
173938
173954
173970
173986
174002
174018
174034
174050
174066
174082
174098
174114
174130
174146
174162
174178
174194
174210
174226
174242
174258
174274
174290
174306
174322
174338
174354
174370
174386
174402
174418
174434
174450
174466
174482
174499
174516
174533
174550
174567
174584
174601
174618
174635
174652
174669
174686
174703
174720
174737
174754
174771
174788
174805
174822
174839
174856
174873
174890
174907
174924
174941
174958
174975
174992
175009
175026
175043
175060
175077
175094
175111
175128
175145
175162
175179
175196
175213
175230
175247
175264
175281
175298
175315
175332
175349
175366
175383
175400
175417
175434
175451
175468
175484
175500
175516
175532
175548
175564
175580
175596
175612
175628
175644
175660
175676
175692
175708
175724
175740
175756
175772
175788
175804
175820
175836
175852
175868
175884
175900
175916
175932
175948
175964
175980
175996
176012
176028
176044
176060
176076
176092
176108
176124
176140
176156
176172
176188
176204
176220
176236
176252
176268
176284
176300
176316
176332
176348
176364
176380
176396
176412
176428
176444
176460
176476
176492
176508
176524
176540
176556
176572
176588
176604
176620
176636
176652
176668
176684
176700
176716
176732
176748
176764
176780
176796
176812
176828
176844
176860
176876
176892
176908
176924
176940
176956
176972
176988
177004
177020
177036
177052
177068
177084
177100
177116
177132
177148
177164
177180
177196
177212
177228
177244
177260
177276
177292
177308
177324
177340
177356
177372
177388
177404
177420
177436
177452
177468
177484
177500
177516
177532
177548
177564
177580
177596
177612
177628
177644
177660
177676
177692
177708
177724
177740
177756
177772
177788
177804
177820
177836
177852
177868
177884
177900
177916
177932
177948
177964
177980
177996
178012
178028
178044
178060
178076
178092
178108
178124
178140
178156
178172
178188
178204
178220
178236
178252
178268
178284
178300
178316
178332
178348
178364
178380
178396
178412
178428
178444
178460
178476
178492
178508
178524
178540
178556
178572
178588
178604
178620
178636
178652
178668
178684
178700
178716
178732
178748
178764
178780
178796
178812
178828
178844
178860
178876
178892
178908
178924
178940
178956
178972
178988
179004
179020
179036
179052
179068
179084
179100
179116
179132
179148
179164
179180
179196
179212
179228
179244
179260
179276
179292
179308
179324
179340
179356
179372
179388
179404
179420
179436
179453
179470
179487
179504
179521
179538
179555
179572
179589
179606
179623
179640
179657
179674
179691
179708
179725
179742
179759
179776
179793
179810
179827
179844
179861
179878
179895
179912
179929
179946
179963
179980
179997
180014
180031
180048
180065
180082
180099
180116
180133
180150
180167
180184
180201
180218
180235
180252
180269
180286
180303
180320
180337
180354
180371
180388
180405
180422
180438
180454
180470
180486
180502
180518
180534
180550
180566
180582
180598
180614
180630
180646
180662
180678
180694
180710
180726
180742
180758
180774
180790
180806
180822
180838
180854
180870
180886
180902
180918
180934
180950
180966
180982
180998
181014
181030
181046
181062
181078
181094
181110
181126
181142
181158
181174
181190
181206
181222
181238
181254
181270
181286
181302
181318
181334
181350
181366
181382
181398
181414
181430
181446
181462
181478
181494
181510
181526
181542
181558
181574
181590
181606
181622
181638
181654
181670
181686
181702
181718
181734
181750
181766
181782
181798
181814
181830
181846
181862
181878
181894
181910
181926
181942
181958
181974
181990
182006
182022
182038
182054
182070
182086
182102
182118
182134
182150
182166
182182
182198
182214
182230
182246
182262
182278
182294
182310
182326
182342
182358
182374
182390
182406
182422
182438
182454
182470
182486
182502
182518
182534
182550
182566
182582
182598
182614
182630
182646
182662
182678
182694
182710
182726
182742
182758
182774
182790
182806
182822
182838
182854
182870
182886
182902
182918
182934
182950
182966
182982
182998
183014
183030
183046
183062
183078
183094
183110
183126
183142
183158
183174
183190
183206
183222
183238
183254
183270
183286
183302
183318
183334
183350
183366
183382
183398
183414
183430
183446
183462
183478
183494
183510
183526
183542
183558
183574
183590
183606
183622
183638
183654
183670
183686
183702
183718
183734
183750
183766
183782
183798
183814
183830
183846
183862
183878
183894
183910
183926
183942
183958
183974
183990
184006
184022
184038
184054
184070
184086
184102
184118
184134
184150
184166
184182
184198
184214
184230
184246
184262
184278
184294
184310
184326
184342
184358
184374
184390
184406
184422
184438
184454
184470
184486
184502
184518
184534
184550
184566
184582
184598
184614
184630
184646
184662
184678
184694
184710
184726
184742
184758
184774
184790
184806
184822
184838
184854
184870
184886
184902
184918
184934
184950
184966
184982
184998
185014
185030
185046
185062
185078
185094
185110
185126
185142
185158
185174
185190
185206
185222
185238
185254
185270
185286
185302
185318
185334
185350
185366
185382
185398
185414
185430
185446
185462
185478
185494
185510
185526
185542
185558
185574
185590
185606
185622
185638
185654
185670
185686
185702
185718
185734
185750
185766
185782
185798
185814
185830
185846
185862
185878
185894
185910
185926
185942
185958
185974
185990
186006
186022
186038
186054
186070
186086
186102
186118
186134
186150
186166
186182
186198
186214
186230
186246
186262
186278
186294
186310
186326
186342
186358
186374
186391
186408
186425
186442
186459
186476
186493
186510
186527
186544
186561
186578
186595
186612
186629
186646
186663
186680
186697
186714
186731
186748
186765
186782
186799
186816
186833
186850
186867
186884
186901
186918
186935
186952
186969
186986
187003
187020
187037
187054
187071
187088
187105
187122
187139
187156
187173
187190
187207
187224
187241
187258
187275
187292
187309
187326
187343
187360
187376
187392
187408
187424
187440
187456
187472
187488
187504
187520
187536
187552
187568
187584
187600
187616
187632
187648
187664
187680
187696
187712
187728
187744
187760
187776
187792
187808
187824
187840
187856
187872
187888
187904
187920
187936
187952
187968
187984
188000
188016
188032
188048
188064
188080
188096
188112
188128
188144
188160
188176
188192
188208
188224
188240
188256
188272
188288
188304
188320
188336
188352
188368
188384
188400
188416
188432
188448
188464
188480
188496
188512
188528
188544
188560
188576
188592
188608
188624
188640
188656
188672
188688
188704
188720
188736
188752
188768
188784
188800
188816
188832
188848
188864
188880
188896
188912
188928
188944
188960
188976
188992
189008
189024
189040
189056
189072
189088
189104
189120
189136
189152
189168
189184
189200
189216
189232
189248
189264
189280
189296
189312
189328
189344
189360
189376
189392
189408
189424
189440
189456
189472
189488
189504
189520
189536
189552
189568
189584
189600
189616
189632
189648
189664
189680
189696
189712
189728
189744
189760
189776
189792
189808
189824
189840
189856
189872
189888
189904
189920
189936
189952
189968
189984
190000
190016
190032
190048
190064
190080
190096
190112
190128
190144
190160
190176
190192
190208
190224
190240
190256
190272
190288
190304
190320
190336
190353
190370
190387
190404
190421
190438
190455
190472
190489
190506
190523
190540
190557
190574
190591
190608
190625
190642
190659
190676
190693
190710
190727
190744
190761
190778
190795
190812
190829
190846
190863
190880
190897
190914
190931
190948
190965
190982
190999
191016
191033
191050
191067
191084
191101
191118
191135
191152
191169
191186
191203
191220
191237
191254
191271
191288
191305
191322
191338
191354
191370
191386
191402
191418
191434
191450
191466
191482
191498
191514
191530
191546
191562
191578
191594
191610
191626
191642
191658
191674
191690
191706
191722
191738
191754
191770
191786
191802
191818
191834
191850
191866
191882
191898
191914
191930
191946
191962
191978
191994
192010
192026
192042
192058
192074
192090
192106
192122
192138
192154
192170
192186
192202
192218
192234
192250
192266
192282
192298
192314
192330
192346
192362
192378
192394
192410
192426
192442
192458
192474
192490
192506
192522
192538
192554
192570
192586
192602
192618
192634
192650
192666
192682
192698
192714
192730
192746
192762
192778
192794
192810
192826
192842
192858
192874
192890
192906
192922
192938
192954
192970
192986
193002
193018
193034
193050
193066
193082
193098
193114
193130
193146
193162
193178
193194
193210
193226
193242
193258
193274
193290
193306
193322
193338
193354
193370
193386
193402
193418
193434
193450
193466
193482
193498
193514
193530
193546
193562
193578
193594
193610
193626
193642
193658
193674
193690
193706
193722
193738
193754
193770
193786
193802
193818
193834
193850
193866
193882
193898
193914
193930
193946
193962
193978
193994
194010
194026
194042
194058
194074
194090
194106
194122
194138
194154
194170
194186
194202
194218
194234
194250
194266
194282
194298
194314
194330
194346
194362
194378
194394
194410
194426
194442
194458
194474
194490
194506
194522
194538
194554
194570
194586
194602
194618
194634
194650
194666
194682
194698
194714
194730
194746
194762
194778
194794
194810
194826
194842
194858
194874
194890
194906
194922
194938
194954
194970
194986
195002
195018
195034
195050
195066
195082
195098
195114
195130
195146
195162
195178
195194
195210
195226
195242
195258
195274
195290
195306
195322
195338
195354
195370
195386
195402
195418
195434
195450
195466
195482
195498
195514
195530
195546
195562
195578
195594
195610
195626
195642
195658
195674
195690
195706
195722
195738
195754
195770
195786
195802
195818
195834
195850
195866
195882
195898
195914
195930
195946
195962
195978
195994
196010
196026
196042
196058
196074
196090
196106
196122
196138
196154
196170
196186
196202
196218
196234
196250
196266
196282
196298
196314
196330
196346
196362
196378
196394
196410
196426
196442
196458
196474
196490
196506
196522
196538
196554
196570
196586
196602
196618
196634
196650
196666
196682
196698
196714
196730
196746
196762
196778
196794
196810
196826
196842
196858
196874
196890
196906
196922
196938
196954
196970
196986
197002
197018
197034
197050
197066
197082
197098
197114
197130
197146
197162
197178
197194
197210
197226
197242
197258
197274
197290
197306
197322
197338
197354
197370
197386
197402
197418
197434
197450
197466
197482
197498
197514
197530
197546
197562
197578
197594
197610
197626
197642
197658
197674
197690
197706
197722
197738
197754
197770
197786
197802
197818
197834
197850
197866
197882
197898
197914
197930
197946
197962
197978
197994
198010
198026
198042
198058
198074
198090
198106
198122
198138
198154
198170
198186
198202
198218
198234
198250
198266
198282
198298
198314
198330
198346
198362
198378
198394
198410
198426
198442
198458
198474
198490
198506
198522
198538
198554
198570
198586
198602
198618
198634
198650
198666
198682
198698
198714
198730
198746
198762
198778
198794
198810
198826
198842
198858
198874
198890
198906
198922
198938
198954
198970
198986
199002
199018
199034
199050
199066
199082
199098
199114
199130
199146
199162
199178
199194
199210
199226
199242
199258
199274
199290
199306
199322
199338
199354
199370
199386
199402
199418
199434
199450
199466
199482
199498
199514
199530
199546
199562
199578
199594
199610
199626
199642
199658
199674
199690
199706
199722
199738
199754
199770
199786
199802
199818
199834
199850
199866
199882
199898
199914
199930
199946
199962
199978
199994
200010
200026
200042
200058
200074
200090
200106
200122
200138
200154
200170
200186
200202
200218
200234
200250
200266
200282
200298
200314
200330
200346
200362
200378
200394
200410
200426
200442
200458
200474
200490
200506
200522
200538
200554
200570
200586
200602
200618
200634
200650
200666
200682
200698
200714
200730
200746
200762
200778
200794
200810
200826
200842
200858
200874
200890
200906
200922
200938
200954
200970
200986
201002
201018
201034
201050
201066
201082
201098
201114
201130
201146
201162
201178
201194
201210
201226
201242
201258
201274
201290
201306
201322
201338
201354
201370
201386
201402
201418
201434
201450
201466
201482
201498
201514
201530
201546
201562
201578
201594
201610
201626
201642
201658
201674
201690
201706
201722
201738
201754
201770
201786
201802
201818
201834
201850
201866
201882
201898
201914
201930
201946
201962
201978
201994
202010
202026
202042
202058
202074
202090
202106
202122
202138
202154
202170
202186
202202
202218
202234
202250
202266
202282
202298
202314
202330
202346
202362
202378
202394
202410
202426
202442
202458
202474
202490
202506
202522
202538
202554
202570
202586
202602
202618
202634
202650
202666
202682
202698
202714
202730
202746
202762
202778
202794
202810
202826
202842
202858
202874
202890
202906
202922
202938
202954
202970
202986
203002
203018
203034
203050
203066
203082
203098
203114
203130
203146
203162
203178
203194
203210
203226
203242
203258
203274
203290
203306
203322
203338
203354
203370
203386
203402
203418
203434
203450
203466
203482
203498
203514
203530
203546
203562
203578
203594
203610
203626
203642
203658
203674
203690
203706
203722
203738
203754
203770
203786
203802
203818
203834
203850
203866
203882
203898
203914
203930
203946
203962
203978
203994
204010
204026
204042
204058
204074
204090
204106
204122
204138
204154
204170
204186
204202
204218
204235
204252
204269
204286
204303
204320
204337
204354
204371
204388
204405
204422
204439
204456
204473
204490
204507
204524
204541
204558
204575
204592
204609
204626
204643
204660
204677
204694
204711
204728
204745
204762
204779
204796
204813
204830
204847
204864
204881
204898
204915
204932
204949
204966
204983
205000
205017
205034
205051
205068
205085
205102
205119
205136
205153
205170
205187
205204
205220
205236
205252
205268
205284
205300
205316
205332
205348
205364
205380
205396
205412
205428
205444
205460
205476
205492
205508
205524
205540
205556
205572
205588
205604
205620
205636
205652
205668
205684
205700
205716
205732
205748
205764
205780
205796
205812
205828
205844
205860
205876
205892
205908
205924
205940
205956
205972
205988
206004
206020
206036
206052
206068
206084
206100
206116
206132
206148
206164
206180
206196
206212
206228
206244
206260
206276
206292
206308
206324
206340
206356
206372
206388
206404
206420
206436
206452
206468
206484
206500
206516
206532
206548
206564
206580
206596
206612
206628
206644
206660
206676
206692
206708
206724
206740
206756
206772
206788
206804
206820
206836
206852
206868
206884
206900
206916
206932
206948
206964
206980
206996
207012
207028
207044
207060
207076
207092
207108
207124
207140
207156
207172
207188
207204
207220
207236
207252
207268
207284
207300
207316
207332
207348
207364
207380
207396
207412
207428
207444
207460
207476
207492
207508
207524
207540
207556
207572
207588
207604
207620
207636
207652
207668
207684
207700
207716
207732
207748
207764
207780
207796
207812
207828
207844
207860
207876
207892
207908
207924
207940
207956
207972
207988
208004
208020
208036
208052
208068
208084
208100
208116
208132
208148
208164
208180
208196
208212
208228
208244
208260
208276
208292
208308
208324
208340
208356
208372
208388
208404
208420
208436
208452
208468
208484
208500
208516
208532
208548
208564
208580
208596
208612
208628
208644
208660
208676
208692
208708
208724
208740
208756
208772
208788
208804
208820
208836
208852
208868
208884
208900
208916
208932
208948
208964
208980
208996
209012
209028
209044
209060
209076
209092
209108
209124
209140
209156
209172
209188
209204
209220
209236
209252
209268
209284
209300
209316
209332
209348
209364
209380
209396
209412
209428
209444
209460
209476
209492
209508
209524
209540
209556
209572
209588
209604
209620
209636
209652
209668
209684
209700
209716
209732
209748
209764
209780
209796
209812
209828
209844
209860
209876
209892
209908
209924
209940
209956
209972
209988
210004
210020
210036
210052
210068
210084
210100
210116
210132
210148
210164
210179
210194
210209
210224
210239
210254
210269
210284
210299
210314
210329
210344
210359
210374
210389
210404
210419
210434
210449
210464
210479
210494
210509
210524
210539
210554
210569
210584
210599
210614
210629
210644
210659
210674
210689
210704
210719
210734
210749
210764
210779
210794
210809
210824
210839
210854
210869
210884
210899
210914
210929
210944
210959
210974
210989
211004
211019
211034
211049
211064
211079
211094
211109
211124
211139
211154
211170
211186
211202
211218
211234
211250
211266
211282
211298
211314
211330
211346
211362
211378
211394
211410
211426
211442
211458
211474
211490
211506
211522
211538
211554
211570
211586
211602
211618
211634
211650
211666
211682
211698
211714
211730
211746
211762
211778
211794
211810
211826
211842
211858
211874
211890
211906
211922
211938
211954
211970
211986
212002
212018
212034
212050
212066
212082
212098
212114
212130
212146
212162
212178
212194
212210
212226
212242
212258
212274
212290
212306
212322
212338
212354
212370
212386
212402
212418
212434
212450
212466
212482
212498
212514
212530
212546
212562
212578
212594
212610
212626
212642
212658
212674
212690
212706
212722
212738
212754
212770
212786
212802
212818
212834
212850
212866
212882
212898
212914
212930
212946
212962
212978
212994
213010
213026
213042
213058
213074
213090
213106
213122
213138
213154
213170
213186
213202
213218
213234
213250
213266
213282
213298
213314
213330
213346
213362
213378
213394
213410
213426
213442
213458
213474
213490
213506
213522
213538
213554
213570
213586
213602
213618
213634
213650
213666
213682
213698
213714
213730
213746
213762
213778
213794
213810
213826
213842
213858
213874
213890
213906
213922
213938
213954
213970
213986
214002
214018
214034
214050
214066
214082
214098
214114
214130
214147
214164
214181
214198
214215
214232
214249
214266
214283
214300
214317
214334
214351
214368
214385
214402
214419
214436
214453
214470
214487
214504
214521
214538
214555
214572
214589
214606
214623
214640
214657
214674
214691
214708
214725
214742
214759
214776
214793
214810
214827
214844
214861
214878
214895
214912
214929
214946
214963
214980
214997
215014
215031
215048
215065
215082
215099
215116
215132
215148
215164
215180
215196
215212
215228
215244
215260
215276
215292
215308
215324
215340
215356
215372
215388
215404
215420
215436
215452
215468
215484
215500
215516
215532
215548
215564
215580
215596
215612
215628
215644
215660
215676
215692
215708
215724
215740
215756
215772
215788
215804
215820
215836
215852
215868
215884
215900
215916
215932
215948
215964
215980
215996
216012
216028
216044
216060
216076
216092
216108
216124
216140
216156
216172
216188
216204
216220
216236
216252
216268
216284
216300
216316
216332
216348
216364
216380
216396
216412
216428
216444
216460
216476
216492
216508
216524
216540
216556
216572
216588
216604
216620
216636
216652
216668
216684
216700
216716
216732
216748
216764
216780
216796
216812
216828
216844
216860
216876
216892
216908
216924
216940
216956
216972
216988
217004
217020
217036
217052
217068
217084
217100
217116
217132
217148
217164
217180
217196
217212
217228
217244
217260
217276
217292
217308
217324
217340
217356
217372
217388
217404
217420
217436
217452
217468
217484
217500
217516
217532
217548
217564
217580
217596
217612
217628
217644
217660
217676
217692
217708
217724
217740
217756
217772
217788
217804
217820
217836
217852
217868
217884
217900
217916
217932
217948
217964
217980
217996
218012
218028
218044
218060
218076
218092
218108
218124
218140
218156
218172
218188
218204
218220
218236
218252
218268
218284
218300
218316
218332
218348
218364
218380
218396
218412
218428
218444
218460
218476
218492
218508
218524
218540
218556
218572
218588
218604
218620
218636
218652
218668
218684
218700
218716
218732
218748
218764
218780
218796
218812
218828
218844
218860
218876
218892
218908
218924
218940
218956
218972
218988
219004
219020
219036
219052
219068
219084
219100
219116
219132
219148
219164
219180
219196
219212
219228
219244
219260
219276
219292
219308
219324
219340
219356
219372
219388
219404
219420
219436
219452
219468
219484
219500
219516
219532
219548
219564
219580
219596
219612
219628
219644
219660
219676
219692
219708
219724
219740
219756
219772
219788
219804
219820
219836
219852
219868
219884
219900
219916
219932
219948
219964
219980
219996
220012
220028
220044
220060
220076
220092
220108
220124
220140
220156
220172
220188
220204
220220
220236
220252
220268
220284
220300
220316
220332
220348
220364
220380
220396
220412
220428
220444
220460
220476
220492
220508
220524
220540
220556
220572
220588
220604
220620
220636
220652
220668
220684
220700
220716
220732
220748
220764
220780
220796
220812
220828
220844
220860
220876
220892
220908
220924
220940
220956
220972
220988
221004
221020
221036
221052
221068
221084
221100
221116
221132
221148
221164
221180
221196
221212
221228
221244
221260
221276
221292
221308
221324
221340
221356
221372
221388
221404
221420
221436
221452
221468
221484
221500
221516
221532
221548
221564
221580
221596
221612
221628
221644
221660
221676
221692
221708
221724
221740
221756
221772
221788
221804
221820
221836
221852
221868
221884
221900
221916
221932
221948
221964
221980
221996
222012
222028
222044
222060
222076
222092
222108
222124
222140
222156
222172
222188
222204
222220
222236
222252
222268
222284
222300
222316
222332
222348
222364
222380
222396
222412
222428
222444
222460
222476
222492
222508
222524
222540
222556
222572
222588
222604
222620
222636
222652
222668
222684
222700
222716
222732
222748
222764
222780
222796
222812
222828
222844
222860
222876
222892
222908
222924
222940
222956
222972
222988
223004
223020
223036
223052
223068
223084
223100
223116
223132
223148
223164
223180
223196
223212
223228
223244
223260
223276
223292
223308
223324
223340
223356
223372
223388
223404
223420
223436
223452
223468
223484
223500
223516
223532
223548
223564
223580
223596
223612
223628
223644
223660
223676
223692
223708
223724
223740
223756
223772
223788
223804
223820
223836
223852
223868
223884
223900
223916
223932
223948
223964
223980
223996
224012
224028
224044
224060
224076
224092
224108
224124
224140
224156
224172
224188
224204
224220
224236
224252
224268
224284
224300
224316
224332
224348
224364
224380
224396
224412
224428
224444
224460
224476
224492
224508
224524
224540
224556
224572
224588
224604
224620
224636
224652
224668
224684
224700
224716
224732
224748
224764
224780
224796
224812
224828
224844
224860
224876
224892
224908
224924
224940
224956
224972
224988
225004
225020
225036
225052
225068
225084
225100
225116
225132
225148
225164
225180
225196
225212
225228
225244
225260
225276
225292
225308
225324
225340
225356
225372
225388
225404
225420
225436
225452
225468
225484
225500
225516
225532
225548
225564
225580
225596
225612
225628
225644
225660
225676
225692
225708
225724
225740
225756
225772
225788
225804
225820
225836
225852
225868
225884
225900
225916
225932
225948
225964
225980
225996
226012
226028
226044
226060
226076
226092
226108
226124
226140
226156
226172
226188
226204
226220
226236
226252
226268
226284
226300
226316
226332
226348
226364
226380
226396
226412
226428
226444
226460
226476
226492
226508
226524
226540
226556
226572
226588
226604
226620
226636
226652
226668
226684
226700
226716
226732
226748
226764
226780
226796
226812
226828
226844
226860
226876
226892
226908
226924
226940
226956
226972
226988
227004
227020
227036
227052
227068
227084
227100
227116
227132
227148
227164
227180
227196
227212
227228
227244
227260
227276
227292
227308
227324
227340
227356
227372
227388
227404
227420
227436
227452
227468
227484
227500
227516
227532
227548
227564
227580
227596
227612
227628
227644
227660
227676
227692
227708
227724
227740
227756
227772
227788
227804
227820
227836
227852
227868
227884
227900
227916
227932
227948
227964
227980
227996
228012
228028
228044
228060
228076
228092
228108
228124
228140
228156
228172
228188
228204
228220
228236
228252
228268
228284
228300
228316
228332
228348
228364
228380
228396
228412
228428
228444
228460
228476
228492
228508
228524
228540
228556
228572
228588
228604
228620
228636
228652
228668
228684
228700
228716
228732
228748
228764
228780
228796
228812
228828
228844
228860
228876
228892
228908
228924
228940
228956
228972
228988
229004
229020
229036
229052
229068
229084
229100
229116
229132
229148
229164
229180
229196
229212
229228
229244
229260
229276
229292
229308
229324
229340
229356
229372
229388
229404
229420
229436
229452
229468
229484
229500
229516
229532
229548
229564
229580
229596
229612
229628
229644
229660
229676
229692
229708
229724
229740
229756
229772
229788
229804
229820
229836
229852
229868
229884
229900
229916
229932
229948
229964
229980
229996
230012
230028
230044
230060
230076
230092
230108
230124
230140
230156
230172
230188
230204
230220
230236
230252
230268
230284
230300
230316
230332
230348
230364
230380
230396
230412
230428
230444
230460
230476
230492
230508
230524
230540
230556
230572
230588
230604
230620
230636
230652
230668
230684
230700
230716
230732
230748
230764
230780
230796
230812
230828
230844
230860
230876
230892
230908
230924
230940
230956
230972
230988
231004
231020
231036
231052
231068
231084
231100
231116
231132
231148
231164
231180
231196
231212
231228
231244
231260
231276
231292
231308
231324
231340
231356
231372
231388
231404
231420
231436
231452
231468
231484
231500
231516
231532
231548
231564
231580
231596
231612
231628
231644
231660
231676
231692
231708
231724
231740
231756
231772
231788
231804
231820
231836
231852
231868
231884
231900
231916
231932
231948
231964
231980
231997
232014
232031
232048
232065
232082
232099
232116
232133
232150
232167
232184
232201
232218
232235
232252
232269
232286
232303
232320
232337
232354
232371
232388
232405
232422
232439
232456
232473
232490
232507
232524
232541
232558
232575
232592
232609
232626
232643
232660
232677
232694
232711
232728
232745
232762
232779
232796
232813
232830
232847
232864
232881
232898
232915
232932
232949
232966
232982
232998
233014
233030
233046
233062
233078
233094
233110
233126
233142
233158
233174
233190
233206
233222
233238
233254
233270
233286
233302
233318
233334
233350
233366
233382
233398
233414
233430
233446
233462
233478
233494
233510
233526
233542
233558
233574
233590
233606
233622
233638
233654
233670
233686
233702
233718
233734
233750
233766
233782
233798
233814
233830
233846
233862
233878
233894
233910
233926
233942
233958
233974
233990
234006
234022
234038
234054
234070
234086
234102
234118
234134
234150
234166
234182
234198
234214
234230
234246
234262
234278
234294
234310
234326
234342
234358
234374
234390
234406
234422
234438
234454
234470
234486
234502
234518
234534
234550
234566
234582
234598
234614
234630
234646
234662
234678
234694
234710
234726
234742
234758
234774
234790
234806
234822
234838
234854
234870
234886
234902
234918
234934
234950
234966
234982
234998
235014
235030
235046
235062
235078
235094
235110
235126
235142
235158
235174
235190
235206
235222
235238
235254
235270
235286
235302
235318
235334
235350
235366
235382
235398
235414
235430
235446
235462
235478
235494
235510
235526
235542
235558
235574
235590
235606
235622
235638
235654
235670
235686
235702
235718
235734
235750
235766
235782
235798
235814
235830
235846
235862
235878
235894
235910
235926
235942
235958
235974
235990
236006
236022
236038
236054
236070
236086
236102
236118
236134
236150
236166
236182
236198
236214
236230
236246
236262
236278
236294
236310
236326
236342
236358
236374
236390
236406
236422
236438
236454
236470
236486
236502
236518
236534
236550
236566
236582
236598
236614
236630
236646
236662
236678
236694
236710
236726
236742
236758
236774
236790
236806
236822
236838
236854
236870
236886
236902
236918
236934
236950
236966
236982
236998
237014
237030
237046
237062
237078
237094
237110
237126
237142
237158
237174
237190
237206
237222
237238
237254
237270
237286
237302
237318
237334
237350
237366
237382
237398
237414
237430
237446
237462
237478
237494
237510
237526
237542
237558
237574
237590
237606
237622
237638
237654
237670
237686
237702
237718
237734
237750
237766
237782
237798
237814
237830
237846
237862
237878
237894
237910
237926
