16
32
48
64
80
96
112
128
144
160
176
192
208
224
240
256
272
288
304
320
336
352
368
384
400
416
432
448
464
480
496
512
528
544
560
576
592
608
624
640
656
672
688
704
720
736
752
768
784
800
816
832
848
864
880
896
912
928
944
960
976
992
1009
1026
1043
1060
1077
1094
1111
1128
1145
1162
1179
1196
1213
1230
1247
1264
1281
1298
1315
1332
1349
1366
1383
1400
1417
1434
1451
1468
1485
1502
1519
1536
1553
1570
1587
1604
1621
1638
1655
1672
1689
1706
1723
1740
1757
1774
1791
1808
1825
1842
1859
1876
1893
1910
1927
1944
1961
1978
1994
2010
2026
2042
2058
2074
2090
2106
2122
2138
2154
2170
2186
2202
2218
2234
2250
2266
2282
2298
2314
2330
2346
2362
2378
2394
2410
2426
2442
2458
2474
2490
2506
2522
2538
2554
2570
2586
2602
2618
2634
2650
2666
2682
2698
2714
2730
2746
2762
2778
2794
2810
2826
2842
2858
2874
2890
2906
2922
2938
2954
2970
2987
3004
3021
3038
3055
3072
3089
3106
3123
3140
3157
3174
3191
3208
3225
3242
3259
3276
3293
3310
3327
3344
3361
3378
3395
3412
3429
3446
3463
3480
3497
3514
3531
3548
3565
3582
3599
3616
3633
3650
3667
3684
3701
3718
3735
3752
3769
3786
3803
3820
3837
3854
3871
3888
3905
3922
3939
3956
3972
3988
4004
4020
4036
4052
4068
4084
4100
4116
4132
4148
4164
4180
4196
4212
4228
4244
4260
4276
4292
4308
4324
4340
4356
4372
4388
4404
4420
4436
4452
4468
4484
4500
4516
4532
4548
4564
4580
4596
4612
4628
4644
4660
4676
4692
4708
4724
4740
4756
4772
4788
4804
4820
4836
4852
4868
4884
4900
4916
4932
4948
4964
4980
4996
5012
5028
5044
5060
5076
5092
5108
5124
5140
5156
5172
5188
5204
5220
5236
5252
5268
5284
5300
5316
5332
5348
5364
5380
5396
5412
5428
5444
5460
5476
5492
5508
5524
5540
5556
5572
5588
5604
5620
5636
5652
5668
5684
5700
5716
5732
5748
5764
5780
5796
5812
5828
5844
5860
5876
5892
5908
5924
5940
5957
5974
5991
6008
6025
6042
6059
6076
6093
6110
6127
6144
6161
6178
6195
6212
6229
6246
6263
6280
6297
6314
6331
6348
6365
6382
6399
6416
6433
6450
6467
6484
6501
6518
6535
6552
6569
6586
6603
6620
6637
6654
6671
6688
6705
6722
6739
6756
6773
6790
6807
6824
6841
6858
6875
6892
6909
6926
6943
6960
6977
6994
7011
7028
7045
7062
7079
7096
7113
7130
7147
7164
7181
7198
7215
7232
7249
7266
7283
7300
7317
7334
7351
7368
7385
7402
7419
7436
7453
7470
7487
7504
7521
7538
7555
7572
7589
7606
7623
7640
7657
7674
7691
7708
7725
7742
7759
7776
7793
7810
7827
7844
7861
7878
7895
7912
7930
7948
7966
7984
8002
8020
8038
8056
8074
8092
8110
8128
8146
8164
8182
8200
8218
8236
8254
8272
8290
8308
8326
8344
8362
8380
8398
8416
8434
8452
8470
8488
8506
8524
8542
8560
8578
8596
8614
8632
8650
8668
8686
8704
8722
8740
8758
8776
8794
8812
8830
8848
8866
8884
8902
8919
8936
8953
8970
8987
9004
9021
9038
9055
9072
9089
9106
9123
9140
9157
9174
9191
9208
9225
9242
9259
9276
9293
9310
9327
9344
9361
9378
9395
9412
9429
9446
9463
9480
9497
9514
9531
9548
9565
9582
9599
9616
9633
9650
9667
9684
9701
9718
9735
9752
9769
9786
9803
9820
9837
9854
9871
9888
9905
9922
9939
9956
9973
9990
10007
10024
10041
10058
10075
10092
10109
10126
10143
10160
10177
10194
10211
10228
10245
10262
10279
10296
10313
10330
10347
10364
10381
10398
10415
10432
10449
10466
10483
10500
10517
10534
10551
10568
10585
10602
10619
10636
10653
10670
10687
10704
10721
10738
10755
10772
10789
10806
10823
10840
10857
10874
10892
10910
10928
10946
10964
10982
11000
11018
11036
11054
11072
11090
11108
11126
11144
11162
11180
11198
11216
11234
11252
11270
11288
11306
11324
11342
11360
11378
11396
11414
11432
11450
11468
11486
11504
11522
11540
11558
11576
11594
11612
11630
11648
11666
11684
11702
11720
11738
11756
11774
11792
11810
11828
11846
11864
11881
11898
11915
11932
11949
11966
11983
12000
12017
12034
12051
12068
12085
12102
12119
12136
12153
12170
12187
12204
12221
12238
12255
12272
12289
12306
12323
12340
12357
12374
12391
12408
12425
12442
12459
12476
12493
12510
12527
12544
12561
12578
12595
12612
12629
12646
12663
12680
12697
12714
12731
12748
12765
12782
12799
12816
12833
12850
12867
12884
12901
12918
12935
12952
12969
12986
13003
13020
13037
13054
13071
13088
13105
13122
13139
13156
13173
13190
13207
13224
13241
13258
13275
13292
13309
13326
13343
13360
13377
13394
13411
13428
13445
13462
13479
13496
13513
13530
13547
13564
13581
13598
13615
13632
13649
13666
13683
13700
13717
13734
13751
13768
13785
13802
13819
13836
13854
13872
13890
13908
13926
13944
13962
13980
13998
14016
14034
14052
14070
14088
14106
14124
14142
14160
14178
14196
14214
14232
14250
14268
14286
14304
14322
14340
14358
14376
14394
14412
14430
14448
14466
14484
14502
14520
14538
14556
14574
14592
14610
14628
14646
14664
14682
14700
14718
14736
14754
14772
14790
14808
14826
14842
14858
14874
14890
14906
14922
14938
14954
14970
14986
15002
15018
15034
15050
15066
15082
15098
15114
15130
15146
15162
15178
15194
15210
15226
15242
15258
15274
15290
15306
15322
15338
15354
15370
15386
15402
15418
15434
15450
15466
15482
15498
15514
15530
15546
15562
15578
15594
15610
15626
15642
15658
15674
15690
15706
15722
15738
15754
15770
15786
15802
15818
15836
15854
15872
15890
15908
15926
15944
15962
15980
15998
16016
16034
16052
16070
16088
16106
16124
16142
16160
16178
16196
16214
16232
16250
16268
16286
16304
16322
16340
16358
16376
16394
16412
16430
16448
16466
16484
16502
16520
16538
16556
16574
16592
16610
16628
16646
16664
16682
16700
16718
16736
16754
16772
16790
16808
16825
16842
16859
16876
16893
16910
16927
16944
16961
16978
16995
17012
17029
17046
17063
17080
17097
17114
17131
17148
17165
17182
17199
17216
17233
17250
17267
17284
17301
17318
17335
17352
17369
17386
17403
17420
17437
17454
17471
17488
17505
17522
17539
17556
17573
17590
17607
17624
17641
17658
17675
17692
17709
17726
17743
17760
17777
17794
17810
17826
17842
17858
17874
17890
17906
17922
17938
17954
17970
17986
18002
18018
18034
18050
18066
18082
18098
18114
18130
18146
18162
18178
18194
18210
18226
18242
18258
18274
18290
18306
18322
18338
18354
18370
18386
18402
18418
18434
18450
18466
18482
18498
18514
18530
18546
18562
18578
18594
18610
18626
18642
18658
18674
18690
18706
18722
18738
18754
18770
18786
18802
18818
18834
18850
18866
18882
18898
18914
18930
18946
18962
18978
18994
19010
19026
19042
19058
19074
19090
19106
19122
19138
19154
19170
19186
19202
19218
19234
19250
19266
19282
19298
19314
19330
19346
19362
19378
19394
19410
19426
19442
19458
19474
19490
19506
19522
19538
19554
19570
19586
19602
19618
19634
19650
19666
19682
19698
19714
19730
19746
19762
19778
19795
19812
19829
19846
19863
19880
19897
19914
19931
19948
19965
19982
19999
20016
20033
20050
20067
20084
20101
20118
20135
20152
20169
20186
20203
20220
20237
20254
20271
20288
20305
20322
20339
20356
20373
20390
20407
20424
20441
20458
20475
20492
20509
20526
20543
20560
20577
20594
20611
20628
20645
20662
20679
20696
20713
20730
20747
20764
20780
20796
20812
20828
20844
20860
20876
20892
20908
20924
20940
20956
20972
20988
21004
21020
21036
21052
21068
21084
21100
21116
21132
21148
21164
21180
21196
21212
21228
21244
21260
21276
21292
21308
21324
21340
21356
21372
21388
21404
21420
21436
21452
21468
21484
21500
21516
21532
21548
21564
21580
21596
21612
21628
21644
21660
21676
21692
21708
21724
21740
21756
21773
21790
21807
21824
21841
21858
21875
21892
21909
21926
21943
21960
21977
21994
22011
22028
22045
22062
22079
22096
22113
22130
22147
22164
22181
22198
22215
22232
22249
22266
22283
22300
22317
22334
22351
22368
22385
22402
22419
22436
22453
22470
22487
22504
22521
22538
22555
22572
22589
22606
22623
22640
22657
22674
22691
22708
22725
22742
22759
22776
22793
22810
22827
22844
22861
22878
22895
22912
22929
22946
22963
22980
22997
23014
23031
23048
23065
23082
23099
23116
23133
23150
23167
23184
23201
23218
23235
23252
23269
23286
23303
23320
23337
23354
23371
23388
23405
23422
23439
23456
23473
23490
23507
23524
23541
23558
23575
23592
23609
23626
23643
23660
23677
23694
23711
23728
23744
23760
23776
23792
23808
23824
23840
23856
23872
23888
23904
23920
23936
23952
23968
23984
24000
24016
24032
24048
24064
24080
24096
24112
24128
24144
24160
24176
24192
24208
24224
24240
24256
24272
24288
24304
24320
24336
24352
24368
24384
24400
24416
24432
24448
24464
24480
24496
24512
24528
24544
24560
24576
24592
24608
24624
24640
24656
24672
24688
24704
24720
24737
24754
24771
24788
24805
24822
24839
24856
24873
24890
24907
24924
24941
24958
24975
24992
25009
25026
25043
25060
25077
25094
25111
25128
25145
25162
25179
25196
25213
25230
25247
25264
25281
25298
25315
25332
25349
25366
25383
25400
25417
25434
25451
25468
25485
25502
25519
25536
25553
25570
25587
25604
25621
25638
25655
25672
25689
25706
25724
25742
25760
25778
25796
25814
25832
25850
25868
25886
25904
25922
25940
25958
25976
25994
26012
26030
26048
26066
26084
26102
26120
26138
26156
26174
26192
26210
26228
26246
26264
26282
26300
26318
26336
26354
26372
26390
26408
26426
26444
26462
26480
26498
26516
26534
26552
26570
26588
26606
26624
26642
26660
26678
26696
26713
26730
26747
26764
26781
26798
26815
26832
26849
26866
26883
26900
26917
26934
26951
26968
26985
27002
27019
27036
27053
27070
27087
27104
27121
27138
27155
27172
27189
27206
27223
27240
27257
27274
27291
27308
27325
27342
27359
27376
27393
27410
27427
27444
27461
27478
27495
27512
27529
27546
27563
27580
27597
27614
27631
27648
27665
27682
27698
27714
27730
27746
27762
27778
27794
27810
27826
27842
27858
27874
27890
27906
27922
27938
27954
27970
27986
28002
28018
28034
28050
28066
28082
28098
28114
28130
28146
28162
28178
28194
28210
28226
28242
28258
28274
28290
28306
28322
28338
28354
28370
28386
28402
28418
28434
28450
28466
28482
28498
28514
28530
28546
28562
28578
28594
28610
28626
28642
28658
28674
28691
28708
28725
28742
28759
28776
28793
28810
28827
28844
28861
28878
28895
28912
28929
28946
28963
28980
28997
29014
29031
29048
29065
29082
29099
29116
29133
29150
29167
29184
29201
29218
29235
29252
29269
29286
29303
29320
29337
29354
29371
29388
29405
29422
29439
29456
29473
29490
29507
29524
29541
29558
29575
29592
29609
29626
29643
29660
29676
29692
29708
29724
29740
29756
29772
29788
29804
29820
29836
29852
29868
29884
29900
29916
29932
29948
29964
29980
29996
30012
30028
30044
30060
30076
30092
30108
30124
30140
30156
30172
30188
30204
30220
30236
30252
30268
30284
30300
30316
30332
30348
30364
30380
30396
30412
30428
30444
30460
30476
30492
30508
30524
30540
30556
30572
30588
30604
30620
30636
30652
30669
30686
30703
30720
30737
30754
30771
30788
30805
30822
30839
30856
30873
30890
30907
30924
30941
30958
30975
30992
31009
31026
31043
31060
31077
31094
31111
31128
31145
31162
31179
31196
31213
31230
31247
31264
31281
31298
31315
31332
31349
31366
31383
31400
31417
31434
31451
31468
31485
31502
31519
31536
31553
31570
31587
31604
31621
31638
31656
31674
31692
31710
31728
31746
31764
31782
31800
31818
31836
31854
31872
31890
31908
31926
31944
31962
31980
31998
32016
32034
32052
32070
32088
32106
32124
32142
32160
32178
32196
32214
32232
32250
32268
32286
32304
32322
32340
32358
32376
32394
32412
32430
32448
32466
32484
32502
32520
32538
32556
32574
32592
32610
32628
32646
32664
32682
32700
32718
32736
32754
32772
32790
32808
32826
32844
32862
32880
32898
32916
32934
32952
32970
32988
33006
33024
33042
33060
33078
33096
33114
33132
33150
33168
33186
33204
33222
33240
33258
33276
33294
33312
33330
33348
33366
33384
33402
33420
33438
33456
33474
33492
33510
33528
33546
33564
33582
33600
33618
33634
33650
33666
33682
33698
33714
33730
33746
33762
33778
33794
33810
33826
33842
33858
33874
33890
33906
33922
33938
33954
33970
33986
34002
34018
34034
34050
34066
34082
34098
34114
34130
34146
34162
34178
34194
34210
34226
34242
34258
34274
34290
34306
34322
34338
34354
34370
34386
34402
34418
34434
34450
34466
34482
34498
34514
34530
34546
34562
34578
34594
34610
34627
34644
34661
34678
34695
34712
34729
34746
34763
34780
34797
34814
34831
34848
34865
34882
34899
34916
34933
34950
34967
34984
35001
35018
35035
35052
35069
35086
35103
35120
35137
35154
35171
35188
35205
35222
35239
35256
35273
35290
35307
35324
35341
35358
35375
35392
35409
35426
35443
35460
35477
35494
35511
35528
35545
35562
35579
35596
35612
35628
35644
35660
35676
35692
35708
35724
35740
35756
35772
35788
35804
35820
35836
35852
35868
35884
35900
35916
35932
35948
35964
35980
35996
36012
36028
36044
36060
36076
36092
36108
36124
36140
36156
36172
36188
36204
36220
36236
36252
36268
36284
36300
36316
36332
36348
36364
36380
36396
36412
36428
36444
36460
36476
36492
36508
36524
36540
36556
36572
36588
36604
36620
36636
36652
36668
36684
36700
36716
36732
36748
36764
36780
36796
36812
36828
36844
36860
36876
36892
36908
36924
36940
36956
36972
36988
37004
37020
37036
37052
37068
37084
37100
37116
37132
37148
37164
37180
37196
37212
37228
37244
37260
37276
37292
37308
37324
37340
37356
37372
37388
37404
37420
37436
37452
37468
37484
37500
37516
37532
37548
37564
37580
37596
37612
37628
37644
37660
37676
37692
37708
37724
37740
37756
37772
37788
37804
37820
37836
37852
37868
37884
37900
37916
37932
37948
37964
37980
37996
38012
38028
38044
38060
38076
38092
38108
38124
38140
38156
38172
38188
38204
38220
38236
38252
38268
38284
38300
38316
38332
38348
38364
38380
38396
38412
38428
38444
38460
38476
38492
38508
38524
38540
38556
38572
38588
38604
38620
38636
38652
38668
38684
38700
38716
38732
38748
38764
38780
38796
38812
38828
38844
38860
38876
38892
38908
38924
38940
38956
38972
38988
39004
39020
39036
39052
39068
39084
39100
39116
39132
39148
39164
39180
39196
39212
39228
39244
39260
39276
39292
39308
39324
39340
39356
39372
39388
39404
39420
39436
39452
39468
39484
39500
39516
39532
39548
39564
39581
39598
39615
39632
39649
39666
39683
39700
39717
39734
39751
39768
39785
39802
39819
39836
39853
39870
39887
39904
39921
39938
39955
39972
39989
40006
40023
40040
40057
40074
40091
40108
40125
40142
40159
40176
40193
40210
40227
40244
40261
40278
40295
40312
40329
40346
40363
40380
40397
40414
40431
40448
40465
40482
40499
40516
40533
40550
40566
40582
40598
40614
40630
40646
40662
40678
40694
40710
40726
40742
40758
40774
40790
40806
40822
40838
40854
40870
40886
40902
40918
40934
40950
40966
40982
40998
41014
41030
41046
41062
41078
41094
41110
41126
41142
41158
41174
41190
41206
41222
41238
41254
41270
41286
41302
41318
41334
41350
41366
41382
41398
41414
41430
41446
41462
41478
41494
41510
41526
41542
41559
41576
41593
41610
41627
41644
41661
41678
41695
41712
41729
41746
41763
41780
41797
41814
41831
41848
41865
41882
41899
41916
41933
41950
41967
41984
42001
42018
42035
42052
42069
42086
42103
42120
42137
42154
42171
42188
42205
42222
42239
42256
42273
42290
42307
42324
42341
42358
42375
42392
42409
42426
42443
42460
42477
42494
42511
42528
42546
42564
42582
42600
42618
42636
42654
42672
42690
42708
42726
42744
42762
42780
42798
42816
42834
42852
42870
42888
42906
42924
42942
42960
42978
42996
43014
43032
43050
43068
43086
43104
43122
43140
43158
43176
43194
43212
43230
43248
43266
43284
43302
43320
43338
43356
43374
43392
43410
43428
43446
43464
43482
43500
43518
43533
43548
43563
43578
43593
43608
43623
43638
43653
43668
43683
43698
43713
43728
43743
43758
43773
43788
43803
43818
43833
43848
43863
43878
43893
43908
43923
43938
43953
43968
43983
43998
44013
44028
44043
44058
44073
44088
44103
44118
44133
44148
44163
44178
44193
44208
44223
44238
44253
44268
44283
44298
44313
44328
44343
44358
44373
44388
44403
44418
44433
44448
44463
44478
44493
44508
44527
44546
44565
44584
44603
44622
44641
44660
44679
44698
44717
44736
44755
44774
44793
44812
44831
44850
44869
44888
44907
44926
44945
44964
44983
45002
45021
45040
45059
45078
45097
45116
45135
45154
45173
45192
45211
45230
45249
45268
45287
45306
45325
45344
45363
45382
45401
45420
45439
45458
45477
45496
45512
45528
45544
45560
45576
45592
45608
45624
45640
45656
45672
45688
45704
45720
45736
45752
45768
45784
45800
45816
45832
45848
45864
45880
45896
45912
45928
45944
45960
45976
45992
46008
46024
46040
46056
46072
46088
46104
46120
46136
46152
46168
46184
46200
46216
46232
46248
46264
46280
46296
46312
46328
46344
46360
46376
46392
46408
46424
46440
46456
46472
46488
46503
46518
46533
46548
46563
46578
46593
46608
46623
46638
46653
46668
46683
46698
46713
46728
46743
46758
46773
46788
46803
46818
46833
46848
46863
46878
46893
46908
46923
46938
46953
46968
46983
46998
47013
47028
47043
47058
47073
47088
47103
47118
47133
47148
47163
47178
47193
47208
47223
47238
47253
47268
47283
47298
47313
47328
47343
47358
47373
47388
47403
47418
47433
47448
47463
47478
47496
47514
47532
47550
47568
47586
47604
47622
47640
47658
47676
47694
47712
47730
47748
47766
47784
47802
47820
47838
47856
47874
47892
47910
47928
47946
47964
47982
48000
48018
48036
48054
48072
48090
48108
48126
48144
48162
48180
48198
48216
48234
48252
48270
48288
48306
48324
48342
48360
48378
48396
48414
48432
48450
48468
48484
48500
48516
48532
48548
48564
48580
48596
48612
48628
48644
48660
48676
48692
48708
48724
48740
48756
48772
48788
48804
48820
48836
48852
48868
48884
48900
48916
48932
48948
48964
48980
48996
49012
49028
49044
49060
49076
49092
49108
49124
49140
49156
49172
49188
49204
49220
49236
49252
49268
49284
49300
49316
49332
49348
49364
49380
49396
49412
49428
49444
49460
49476
49492
49508
49524
49540
49556
49572
49588
49604
49620
49636
49652
49668
49684
49700
49716
49732
49748
49764
49780
49796
49812
49828
49844
49860
49876
49892
49908
49924
49940
49956
49972
49988
50004
50020
50036
50052
50068
50084
50100
50116
50132
50148
50164
50180
50196
50212
50228
50244
50260
50276
50292
50308
50324
50340
50356
50372
50388
50404
50420
50436
50452
50468
50484
50500
50516
50532
50548
50564
50580
50596
50612
50628
50644
50660
50676
50692
50708
50724
50740
50756
50772
50788
50804
50820
50836
50852
50868
50884
50900
50916
50932
50948
50964
50980
50996
51012
51028
51044
51060
51076
51092
51108
51124
51140
51156
51172
51188
51204
51220
51236
51252
51268
51284
51300
51316
51332
51348
51364
51380
51396
51412
51428
51444
51462
51480
51498
51516
51534
51552
51570
51588
51606
51624
51642
51660
51678
51696
51714
51732
51750
51768
51786
51804
51822
51840
51858
51876
51894
51912
51930
51948
51966
51984
52002
52020
52038
52056
52074
52092
52110
52128
52146
52164
52182
52200
52218
52236
52254
52272
52290
52308
52326
52344
52362
52380
52398
52416
52434
52452
52470
52488
52506
52524
52542
52560
52578
52596
52614
52632
52650
52668
52686
52704
52722
52740
52758
52776
52794
52812
52830
52848
52866
52884
52902
52920
52938
52956
52974
52992
53010
53028
53046
53064
53082
53100
53118
53136
53154
53172
53190
53208
53226
53244
53262
53280
53298
53316
53334
53352
53370
53388
53406
53424
53440
53456
53472
53488
53504
53520
53536
53552
53568
53584
53600
53616
53632
53648
53664
53680
53696
53712
53728
53744
53760
53776
53792
53808
53824
53840
53856
53872
53888
53904
53920
53936
53952
53968
53984
54000
54016
54032
54048
54064
54080
54096
54112
54128
54144
54160
54176
54192
54208
54224
54240
54256
54272
54288
54304
54320
54336
54352
54368
54384
54400
54416
54433
54450
54467
54484
54501
54518
54535
54552
54569
54586
54603
54620
54637
54654
54671
54688
54705
54722
54739
54756
54773
54790
54807
54824
54841
54858
54875
54892
54909
54926
54943
54960
54977
54994
55011
55028
55045
55062
55079
55096
55113
55130
55147
55164
55181
55198
55215
55232
55249
55266
55283
55300
55317
55334
55351
55368
55385
55402
55419
55436
55453
55470
55487
55504
55521
55538
55555
55572
55589
55606
55623
55640
55657
55674
55691
55708
55725
55742
55759
55776
55793
55810
55827
55844
55861
55878
55895
55912
55929
55946
55963
55980
55997
56014
56031
56048
56065
56082
56099
56116
56133
56150
56167
56184
56201
56218
56235
56252
56269
56286
56303
56320
56337
56354
56371
56388
56406
56424
56442
56460
56478
56496
56514
56532
56550
56568
56586
56604
56622
56640
56658
56676
56694
56712
56730
56748
56766
56784
56802
56820
56838
56856
56874
56892
56910
56928
56946
56964
56982
57000
57018
57036
57054
57072
57090
57108
57126
57144
57162
57180
57198
57216
57234
57252
57270
57288
57306
57324
57342
57360
57378
57395
57412
57429
57446
57463
57480
57497
57514
57531
57548
57565
57582
57599
57616
57633
57650
57667
57684
57701
57718
57735
57752
57769
57786
57803
57820
57837
57854
57871
57888
57905
57922
57939
57956
57973
57990
58007
58024
58041
58058
58075
58092
58109
58126
58143
58160
58177
58194
58211
58228
58245
58262
58279
58296
58313
58330
58347
58364
58380
58396
58412
58428
58444
58460
58476
58492
58508
58524
58540
58556
58572
58588
58604
58620
58636
58652
58668
58684
58700
58716
58732
58748
58764
58780
58796
58812
58828
58844
58860
58876
58892
58908
58924
58940
58956
58972
58988
59004
59020
59036
59052
59068
59084
59100
59116
59132
59148
59164
59180
59196
59212
59228
59244
59260
59276
59292
59308
59324
59340
59356
59372
59388
59404
59420
59436
59452
59468
59484
59500
59516
59532
59548
59564
59580
59596
59612
59628
59644
59660
59676
59692
59708
59724
59740
59756
59772
59788
59804
59820
59836
59852
59868
59884
59900
59916
59932
59948
59964
59980
59996
60012
60028
60044
60060
60076
60092
60108
60124
60140
60156
60172
60188
60204
60220
60236
60252
60268
60284
60300
60316
60332
60348
60365
60382
60399
60416
60433
60450
60467
60484
60501
60518
60535
60552
60569
60586
60603
60620
60637
60654
60671
60688
60705
60722
60739
60756
60773
60790
60807
60824
60841
60858
60875
60892
60909
60926
60943
60960
60977
60994
61011
61028
61045
61062
61079
61096
61113
61130
61147
61164
61181
61198
61215
61232
61249
61266
61283
61300
61317
61334
61351
61368
61385
61402
61419
61436
61453
61470
61487
61504
61521
61538
61555
61572
61589
61606
61623
61640
61657
61674
61691
61708
61725
61742
61759
61776
61793
61810
61827
61844
61861
61878
61895
61912
61929
61946
61963
61980
61997
62014
62031
62048
62065
62082
62099
62116
62133
62150
62167
62184
62201
62218
62235
62252
62269
62286
62303
62320
62336
62352
62368
62384
62400
62416
62432
62448
62464
62480
62496
62512
62528
62544
62560
62576
62592
62608
62624
62640
62656
62672
62688
62704
62720
62736
62752
62768
62784
62800
62816
62832
62848
62864
62880
62896
62912
62928
62944
62960
62976
62992
63008
63024
63040
63056
63072
63088
63104
63120
63136
63152
63168
63184
63200
63216
63232
63248
63264
63280
63296
63312
63328
63344
63360
63376
63392
63408
63424
63440
63456
63472
63488
63504
63520
63536
63552
63568
63584
63600
63616
63632
63648
63664
63680
63696
63712
63728
63744
63760
63776
63792
63808
63824
63840
63856
63872
63888
63904
63920
63936
63952
63968
63984
64000
64016
64032
64048
64064
64080
64096
64112
64128
64144
64160
64176
64192
64208
64224
64240
64256
64272
64288
64304
64320
64336
64352
64368
64384
64400
64416
64432
64448
64464
64480
64496
64512
64528
64544
64560
64576
64592
64608
64624
64640
64656
64672
64688
64704
64720
64736
64752
64768
64784
64800
64816
64832
64848
64864
64880
64896
64912
64928
64944
64960
64976
64992
65008
65024
65040
65056
65072
65088
65104
65120
65136
65152
65168
65184
65200
65216
65232
65248
65264
65280
65296
65312
65328
65344
65360
65376
65392
65408
65424
65440
65456
65472
65488
65504
65520
65536
65552
65568
65584
65600
65616
65632
65648
65664
65680
65696
65712
65728
65744
65760
65776
65792
65808
65824
65840
65856
65872
65888
65904
65920
65936
65952
65968
65984
66000
66016
66032
66048
66064
66080
66096
66112
66128
66144
66160
66176
66192
66208
66224
66240
66256
66272
66288
66304
66320
66336
66352
66368
66384
66400
66416
66432
66448
66464
66480
66496
66512
66528
66544
66560
66576
66592
66608
66624
66640
66656
66672
66688
66704
66720
66736
66752
66768
66784
66800
66816
66832
66848
66864
66880
66896
66912
66928
66944
66960
66976
66992
67008
67024
67040
67056
67072
67088
67104
67120
67136
67152
67168
67184
67200
67216
67232
67248
67264
67280
67296
67312
67328
67344
67360
67376
67392
67408
67424
67440
67456
67472
67488
67504
67520
67536
67552
67568
67584
67600
67616
67632
67648
67664
67680
67696
67712
67728
67744
67760
67776
67792
67808
67824
67840
67856
67872
67888
67904
67920
67936
67952
67968
67984
68000
68016
68032
68048
68064
68080
68096
68112
68128
68144
68160
68176
68192
68208
68224
68240
68256
68272
68288
68304
68320
68336
68352
68368
68384
68400
68416
68432
68448
68464
68480
68496
68512
68528
68544
68560
68576
68592
68608
68624
68640
68656
68672
68688
68704
68720
68736
68752
68768
68784
68800
68816
68832
68848
68864
68880
68896
68912
68928
68944
68960
68976
68992
69008
69024
69040
69056
69072
69088
69104
69120
69136
69152
69168
69184
69200
69216
69232
69248
69264
69280
69296
69312
69328
69344
69360
69376
69392
69408
69424
69440
69456
69472
69488
69504
69520
69536
69552
69568
69584
69600
69616
69632
69648
69664
69680
69696
69712
69728
69744
69760
69776
69792
69808
69824
69840
69856
69872
69888
69904
69920
69936
69952
69968
69984
70000
70016
70032
70048
70064
70080
70096
70112
70128
70144
70160
70176
70192
70208
70224
70240
70256
70271
70286
70301
70316
70331
70346
70361
70376
70391
70406
70421
70436
70451
70466
70481
70496
70511
70526
70541
70556
70571
70586
70601
70616
70631
70646
70661
70676
70691
70706
70721
70736
70751
70766
70781
70796
70811
70826
70841
70856
70871
70886
70901
70916
70931
70946
70961
70976
70991
71006
71021
71036
71051
71066
71081
71096
71111
71126
71141
71156
71171
71186
71201
71216
71231
71246
71263
71280
71297
71314
71331
71348
71365
71382
71399
71416
71433
71450
71467
71484
71501
71518
71535
71552
71569
71586
71603
71620
71637
71654
71671
71688
71705
71722
71739
71756
71773
71790
71807
71824
71841
71858
71875
71892
71909
71926
71943
71960
71977
71994
72011
72028
72045
72062
72079
72096
72113
72130
72147
72164
72181
72198
72215
72232
72248
72264
72280
72296
72312
72328
72344
72360
72376
72392
72408
72424
72440
72456
72472
72488
72504
72520
72536
72552
72568
72584
72600
72616
72632
72648
72664
72680
72696
72712
72728
72744
72760
72776
72792
72808
72824
72840
72856
72872
72888
72904
72920
72936
72952
72968
72984
73000
73016
73032
73048
73064
73080
73096
73112
73128
73144
73160
73176
73192
73208
73224
73240
73256
73272
73288
73304
73320
73336
73352
73368
73384
73400
73416
73432
73448
73464
73480
73496
73512
73528
73544
73560
73576
73592
73608
73624
73640
73656
73672
73688
73704
73720
73736
73752
73768
73784
73800
73816
73832
73848
73864
73880
73896
73912
73928
73944
73960
73976
73992
74008
74024
74040
74056
74072
74088
74104
74120
74136
74152
74168
74184
74200
74216
74234
74252
74270
74288
74306
74324
74342
74360
74378
74396
74414
74432
74450
74468
74486
74504
74522
74540
74558
74576
74594
74612
74630
74648
74666
74684
74702
74720
74738
74756
74774
74792
74810
74828
74846
74864
74882
74900
74918
74936
74954
74972
74990
75008
75026
75044
75062
75080
75098
75116
75134
75152
75170
75188
75206
75223
75240
75257
75274
75291
75308
75325
75342
75359
75376
75393
75410
75427
75444
75461
75478
75495
75512
75529
75546
75563
75580
75597
75614
75631
75648
75665
75682
75699
75716
75733
75750
75767
75784
75801
75818
75835
75852
75869
75886
75903
75920
75937
75954
75971
75988
76005
76022
76039
76056
76073
76090
76107
76124
76141
76158
76175
76192
76208
76224
76240
76256
76272
76288
76304
76320
76336
76352
76368
76384
76400
76416
76432
76448
76464
76480
76496
76512
76528
76544
76560
76576
76592
76608
76624
76640
76656
76672
76688
76704
76720
76736
76752
76768
76784
76800
76816
76832
76848
76864
76880
76896
76912
76928
76944
76960
76976
76992
77008
77024
77040
77056
77072
77088
77104
77120
77136
77152
77168
77184
77201
77218
77235
77252
77269
77286
77303
77320
77337
77354
77371
77388
77405
77422
77439
77456
77473
77490
77507
77524
77541
77558
77575
77592
77609
77626
77643
77660
77677
77694
77711
77728
77745
77762
77779
77796
77813
77830
77847
77864
77881
77898
77915
77932
77949
77966
77983
78000
78017
78034
78051
78068
78085
78102
78119
78136
78153
78170
78188
78206
78224
78242
78260
78278
78296
78314
78332
78350
78368
78386
78404
78422
78440
78458
78476
78494
78512
78530
78548
78566
78584
78602
78620
78638
78656
78674
78692
78710
78728
78746
78764
78782
78800
78818
78836
78854
78872
78890
78908
78926
78944
78962
78980
78998
79016
79034
79052
79070
79088
79106
79124
79142
79160
79177
79194
79211
79228
79245
79262
79279
79296
79313
79330
79347
79364
79381
79398
79415
79432
79449
79466
79483
79500
79517
79534
79551
79568
79585
79602
79619
79636
79653
79670
79687
79704
79721
79738
79755
79772
79789
79806
79823
79840
79857
79874
79891
79908
79925
79942
79959
79976
79993
80010
80027
80044
80061
80078
80095
80112
80129
80146
80163
80180
80197
80214
80231
80248
80265
80282
80299
80316
80333
80350
80367
80384
80401
80418
80435
80452
80469
80486
80503
80520
80537
80554
80571
80588
80605
80622
80639
80656
80673
80690
80707
80724
80741
80758
80775
80792
80809
80826
80843
80860
80877
80894
80911
80928
80945
80962
80979
80996
81013
81030
81047
81064
81081
81098
81115
81132
81147
81162
81177
81192
81207
81222
81237
81252
81267
81282
81297
81312
81327
81342
81357
81372
81387
81402
81417
81432
81447
81462
81477
81492
81507
81522
81537
81552
81567
81582
81597
81612
81627
81642
81657
81672
81687
81702
81717
81732
81747
81762
81777
81792
81807
81822
81837
81852
81867
81882
81897
81912
81927
81942
81957
81972
81987
82002
82017
82032
82047
82062
82077
82092
82107
82122
82139
82156
82173
82190
82207
82224
82241
82258
82275
82292
82309
82326
82343
82360
82377
82394
82411
82428
82445
82462
82479
82496
82513
82530
82547
82564
82581
82598
82615
82632
82649
82666
82683
82700
82717
82734
82751
82768
82785
82802
82819
82836
82853
82870
82887
82904
82921
82938
82955
82972
82989
83006
83023
83040
83057
83074
83091
83108
83125
83142
83159
83176
83193
83210
83227
83244
83261
83278
83295
83312
83329
83346
83363
83380
83397
83414
83431
83448
83465
83482
83499
83516
83533
83550
83567
83584
83601
83618
83635
83652
83669
83686
83703
83720
83737
83754
83771
83788
83805
83822
83839
83856
83873
83890
83907
83924
83941
83958
83975
83992
84009
84026
84043
84060
84077
84094
84110
84126
84142
84158
84174
84190
84206
84222
84238
84254
84270
84286
84302
84318
84334
84350
84366
84382
84398
84414
84430
84446
84462
84478
84494
84510
84526
84542
84558
84574
84590
84606
84622
84638
84654
84670
84686
84702
84718
84734
84750
84766
84782
84798
84814
84830
84846
84862
84878
84894
84910
84926
84942
84958
84974
84990
85006
85022
85038
85054
85070
85086
85103
85120
85137
85154
85171
85188
85205
85222
85239
85256
85273
85290
85307
85324
85341
85358
85375
85392
85409
85426
85443
85460
85477
85494
85511
85528
85545
85562
85579
85596
85613
85630
85647
85664
85681
85698
85715
85732
85749
85766
85783
85800
85817
85834
85851
85868
85885
85902
85919
85936
85953
85970
85987
86004
86021
86038
86055
86072
86089
86106
86123
86140
86157
86174
86191
86208
86225
86242
86259
86276
86293
86310
86327
86344
86361
86378
86395
86412
86429
86446
86463
86480
86497
86514
86531
86548
86565
86582
86599
86616
86633
86650
86667
86684
86701
86718
86735
86752
86769
86786
86803
86820
86837
86854
86871
86888
86905
86922
86939
86956
86973
86990
87007
87024
87041
87058
87073
87088
87103
87118
87133
87148
87163
87178
87193
87208
87223
87238
87253
87268
87283
87298
87313
87328
87343
87358
87373
87388
87403
87418
87433
87448
87463
87478
87493
87508
87523
87538
87553
87568
87583
87598
87613
87628
87643
87658
87673
87688
87703
87718
87733
87748
87763
87778
87793
87808
87823
87838
87853
87868
87883
87898
87913
87928
87943
87958
87973
87988
88003
88018
88033
88048
88064
88080
88096
88112
88128
88144
88160
88176
88192
88208
88224
88240
88256
88272
88288
88304
88320
88336
88352
88368
88384
88400
88416
88432
88448
88464
88480
88496
88512
88528
88544
88560
88576
88592
88608
88624
88640
88656
88672
88688
88704
88720
88736
88752
88768
88784
88800
88816
88832
88848
88864
88880
88896
88912
88928
88944
88960
88976
88992
89008
89024
89040
89057
89074
89091
89108
89125
89142
89159
89176
89193
89210
89227
89244
89261
89278
89295
89312
89329
89346
89363
89380
89397
89414
89431
89448
89465
89482
89499
89516
89533
89550
89567
89584
89601
89618
89635
89652
89669
89686
89703
89720
89737
89754
89771
89788
89805
89822
89839
89856
89873
89890
89907
89924
89941
89958
89975
89992
90009
90026
90042
90058
90074
90090
90106
90122
90138
90154
90170
90186
90202
90218
90234
90250
90266
90282
90298
90314
90330
90346
90362
90378
90394
90410
90426
90442
90458
90474
90490
90506
90522
90538
90554
90570
90586
90602
90618
90634
90650
90666
90682
90698
90714
90730
90746
90762
90778
90794
90810
90826
90842
90858
90874
90890
90906
90922
90938
90954
90970
90986
91002
91018
91035
91052
91069
91086
91103
91120
91137
91154
91171
91188
91205
91222
91239
91256
91273
91290
91307
91324
91341
91358
91375
91392
91409
91426
91443
91460
91477
91494
91511
91528
91545
91562
91579
91596
91613
91630
91647
91664
91681
91698
91715
91732
91749
91766
91783
91800
91817
91834
91851
91868
91885
91902
91919
91936
91953
91970
91987
92004
92021
92038
92055
92072
92089
92106
92123
92140
92157
92174
92191
92208
92225
92242
92259
92276
92293
92310
92327
92344
92361
92378
92395
92412
92429
92446
92463
92480
92497
92514
92531
92548
92565
92582
92599
92616
92633
92650
92667
92684
92701
92718
92735
92752
92769
92786
92803
92820
92837
92854
92871
92888
92905
92922
92939
92956
92973
92990
93006
93022
93038
93054
93070
93086
93102
93118
93134
93150
93166
93182
93198
93214
93230
93246
93262
93278
93294
93310
93326
93342
93358
93374
93390
93406
93422
93438
93454
93470
93486
93502
93518
93534
93550
93566
93582
93598
93614
93630
93646
93662
93678
93694
93710
93726
93742
93758
93774
93790
93806
93822
93838
93854
93870
93886
93902
93918
93934
93950
93966
93982
93998
94014
94030
94046
94062
94078
94094
94110
94126
94142
94158
94174
94190
94206
94222
94238
94254
94270
94286
94302
94318
94334
94350
94366
94382
94398
94414
94430
94446
94462
94478
94494
94510
94526
94542
94558
94574
94590
94606
94622
94638
94654
94670
94686
94702
94718
94734
94750
94766
94782
94798
94814
94830
94846
94862
94878
94894
94910
94926
94942
94958
94974
94989
95004
95019
95034
95049
95064
95079
95094
95109
95124
95139
95154
95169
95184
95199
95214
95229
95244
95259
95274
95289
95304
95319
95334
95349
95364
95379
95394
95409
95424
95439
95454
95469
95484
95499
95514
95529
95544
95559
95574
95589
95604
95619
95634
95649
95664
95679
95694
95709
95724
95739
95754
95769
95784
95799
95814
95829
95844
95859
95874
95889
95904
95919
95934
95949
95964
95981
95998
96015
96032
96049
96066
96083
96100
96117
96134
96151
96168
96185
96202
96219
96236
96253
96270
96287
96304
96321
96338
96355
96372
96389
96406
96423
96440
96457
96474
96491
96508
96525
96542
96559
96576
96593
96610
96627
96644
96661
96678
96695
96712
96729
96746
96763
96780
96797
96814
96831
96848
96865
96882
96899
96916
96933
96950
96967
96984
97001
97018
97035
97052
97069
97086
97103
97120
97137
97154
97171
97188
97205
97222
97239
97256
97273
97290
97307
97324
97341
97358
97375
97392
97409
97426
97443
97460
97477
97494
97511
97528
97545
97562
97579
97596
97613
97630
97647
97664
97681
97698
97715
97732
97749
97766
97783
97800
97817
97834
97851
97868
97885
97902
97919
97936
97953
97970
97987
98004
98021
98038
98055
98072
98089
98106
98123
98140
98157
98174
98191
98208
98225
98242
98259
98276
98293
98310
98327
98344
98361
98378
98395
98412
98429
98446
98463
98480
98497
98514
98531
98548
98565
98582
98599
98616
98633
98650
98667
98684
98701
98718
98735
98752
98769
98786
98803
98820
98837
98854
98871
98888
98905
98922
98939
98956
98973
98990
99007
99024
99041
99058
99075
99092
99109
99126
99143
99160
99177
99194
99211
99228
99245
99262
99279
99296
99313
99330
99347
99364
99381
99398
99415
99432
99449
99466
99483
99500
99517
99534
99551
99568
99585
99602
99619
99636
99653
99670
99687
99704
99721
99738
99755
99772
99789
99806
99823
99840
99857
99874
99891
99908
99924
99940
99956
99972
99988
100004
100020
100036
100052
100068
100084
100100
100116
100132
100148
100164
100180
100196
100212
100228
100244
100260
100276
100292
100308
100324
100340
100356
100372
100388
100404
100420
100436
100452
100468
100484
100500
100516
100532
100548
100564
100580
100596
100612
100628
100644
100660
100676
100692
100708
100724
100740
100756
100772
100788
100804
100820
100836
100852
100868
100884
100900
100917
100934
100951
100968
100985
101002
101019
101036
101053
101070
101087
101104
101121
101138
101155
101172
101189
101206
101223
101240
101257
101274
101291
101308
101325
101342
101359
101376
101393
101410
101427
101444
101461
101478
101495
101512
101529
101546
101563
101580
101597
101614
101631
101648
101665
101682
101699
101716
101733
101750
101767
101784
101801
101818
101835
101852
101869
101886
101902
101918
101934
101950
101966
101982
101998
102014
102030
102046
102062
102078
102094
102110
102126
102142
102158
102174
102190
102206
102222
102238
102254
102270
102286
102302
102318
102334
102350
102366
102382
102398
102414
102430
102446
102462
102478
102494
102510
102526
102542
102558
102574
102590
102606
102622
102638
102654
102670
102686
102702
102718
102734
102750
102766
102782
102798
102814
102830
102846
102862
102878
102895
102912
102929
102946
102963
102980
102997
103014
103031
103048
103065
103082
103099
103116
103133
103150
103167
103184
103201
103218
103235
103252
103269
103286
103303
103320
103337
103354
103371
103388
103405
103422
103439
103456
103473
103490
103507
103524
103541
103558
103575
103592
103609
103626
103643
103660
103677
103694
103711
103728
103745
103762
103779
103796
103813
103830
103847
103864
103880
103896
103912
103928
103944
103960
103976
103992
104008
104024
104040
104056
104072
104088
104104
104120
104136
104152
104168
104184
104200
104216
104232
104248
104264
104280
104296
104312
104328
104344
104360
104376
104392
104408
104424
104440
104456
104472
104488
104504
104520
104536
104552
104568
104584
104600
104616
104632
104648
104664
104680
104696
104712
104728
104744
104760
104776
104792
104808
104824
104840
104856
104873
104890
104907
104924
104941
104958
104975
104992
105009
105026
105043
105060
105077
105094
105111
105128
105145
105162
105179
105196
105213
105230
105247
105264
105281
105298
105315
105332
105349
105366
105383
105400
105417
105434
105451
105468
105485
105502
105519
105536
105553
105570
105587
105604
105621
105638
105655
105672
105689
105706
105723
105740
105757
105774
105791
105808
105825
105842
105858
105874
105890
105906
105922
105938
105954
105970
105986
106002
106018
106034
106050
106066
106082
106098
106114
106130
106146
106162
106178
106194
106210
106226
106242
106258
106274
106290
106306
106322
106338
106354
106370
106386
106402
106418
106434
106450
106466
106482
106498
106514
106530
106546
106562
106578
106594
106610
106626
106642
106658
106674
106690
106706
106722
106738
106754
106770
106786
106802
106818
106834
106851
106868
106885
106902
106919
106936
106953
106970
106987
107004
107021
107038
107055
107072
107089
107106
107123
107140
107157
107174
107191
107208
107225
107242
107259
107276
107293
107310
107327
107344
107361
107378
107395
107412
107429
107446
107463
107480
107497
107514
107531
107548
107565
107582
107599
107616
107633
107650
107667
107684
107701
107718
107735
107752
107769
107786
107803
107820
107838
107856
107874
107892
107910
107928
107946
107964
107982
108000
108018
108036
108054
108072
108090
108108
108126
108144
108162
108180
108198
108216
108234
108252
108270
108288
108306
108324
108342
108360
108378
108396
108414
108432
108450
108468
108486
108504
108522
108540
108558
108576
108594
108612
108630
108648
108666
108684
108702
108720
108738
108756
108774
108792
108810
108827
108844
108861
108878
108895
108912
108929
108946
108963
108980
108997
109014
109031
109048
109065
109082
109099
109116
109133
109150
109167
109184
109201
109218
109235
109252
109269
109286
109303
109320
109337
109354
109371
109388
109405
109422
109439
109456
109473
109490
109507
109524
109541
109558
109575
109592
109609
109626
109643
109660
109677
109694
109711
109728
109745
109762
109779
109796
109813
109830
109847
109864
109881
109898
109915
109932
109949
109966
109983
110000
110017
110034
110051
110068
110085
110102
110119
110136
110153
110170
110187
110204
110221
110238
110255
110272
110289
110306
110323
110340
110357
110374
110391
110408
110425
110442
110459
110476
110493
110510
110527
110544
110561
110578
110595
110612
110629
110646
110663
110680
110697
110714
110731
110748
110765
110782
110799
110816
110833
110850
110867
110884
110901
110918
110935
110952
110969
110986
111003
111020
111037
111054
111071
111088
111105
111122
111139
111156
111173
111190
111207
111224
111241
111258
111275
111292
111309
111326
111343
111360
111377
111394
111411
111428
111445
111462
111479
111496
111513
111530
111547
111564
111581
111598
111615
111632
111649
111666
111683
111700
111717
111734
111751
111768
111786
111804
111822
111840
111858
111876
111894
111912
111930
111948
111966
111984
112002
112020
112038
112056
112074
112092
112110
112128
112146
112164
112182
112200
112218
112236
112254
112272
112290
112308
112326
112344
112362
112380
112398
112416
112434
112452
112470
112488
112506
112524
112542
112560
112578
112596
112614
112632
112650
112668
112686
112704
112722
112740
112758
112777
112796
112815
112834
112853
112872
112891
112910
112929
112948
112967
112986
113005
113024
113043
113062
113081
113100
113119
113138
113157
113176
113195
113214
113233
113252
113271
113290
113309
113328
113347
113366
113385
113404
113423
113442
113461
113480
113499
113518
113537
113556
113575
113594
113613
113632
113651
113670
113689
113708
113727
113746
113763
113780
113797
113814
113831
113848
113865
113882
113899
113916
113933
113950
113967
113984
114001
114018
114035
114052
114069
114086
114103
114120
114137
114154
114171
114188
114205
114222
114239
114256
114273
114290
114307
114324
114341
114358
114375
114392
114409
114426
114443
114460
114477
114494
114511
114528
114545
114562
114579
114596
114613
114630
114647
114664
114681
114698
114715
114732
114749
114766
114783
114800
114817
114834
114851
114868
114885
114902
114919
114936
114953
114970
114987
115004
115021
115038
115055
115072
115089
115106
115123
115140
115157
115174
115191
115208
115225
115242
115259
115276
115293
115310
115327
115344
115361
115378
115395
115412
115429
115446
115463
115480
115497
115514
115531
115548
115565
115582
115599
115616
115633
115650
115667
115684
115701
115718
115734
115750
115766
115782
115798
115814
115830
115846
115862
115878
115894
115910
115926
115942
115958
115974
115990
116006
116022
116038
116054
116070
116086
116102
116118
116134
116150
116166
116182
116198
116214
116230
116246
116262
116278
116294
116310
116326
116342
116358
116374
116390
116406
116422
116438
116454
116470
116486
116502
116518
116534
116550
116566
116582
116598
116614
116630
116646
116662
116678
116694
116710
116727
116744
116761
116778
116795
116812
116829
116846
116863
116880
116897
116914
116931
116948
116965
116982
116999
117016
117033
117050
117067
117084
117101
117118
117135
117152
117169
117186
117203
117220
117237
117254
117271
117288
117305
117322
117339
117356
117373
117390
117407
117424
117441
117458
117475
117492
117509
117526
117543
117560
117577
117594
117611
117628
117645
117662
117679
117696
117714
117732
117750
117768
117786
117804
117822
117840
117858
117876
117894
117912
117930
117948
117966
117984
118002
118020
118038
118056
118074
118092
118110
118128
118146
118164
118182
118200
118218
118236
118254
118272
118290
118308
118326
118344
118362
118380
118398
118416
118434
118452
118470
118488
118506
118524
118542
118560
118578
118596
118614
118632
118650
118668
118686
118702
118718
118734
118750
118766
118782
118798
118814
118830
118846
118862
118878
118894
118910
118926
118942
118958
118974
118990
119006
119022
119038
119054
119070
119086
119102
119118
119134
119150
119166
119182
119198
119214
119230
119246
119262
119278
119294
119310
119326
119342
119358
119374
119390
119406
119422
119438
119454
119470
119486
119502
119518
119534
119550
119566
119582
119598
119614
119630
119646
119662
119678
119694
119710
119726
119742
119758
119774
119790
119806
119822
119838
119854
119870
119886
119902
119918
119934
119950
119966
119982
119998
120014
120030
120046
120062
120078
120094
120110
120126
120142
120158
120174
120190
120206
120222
120238
120254
120270
120286
120302
120318
120334
120350
120366
120382
120398
120414
120430
120446
120462
120478
120494
120510
120526
120542
120558
120574
120590
120606
120622
120638
120654
120670
120686
120702
120718
120734
120750
120766
120782
120798
120814
120830
120846
120862
120878
120894
120910
120926
120942
120958
120974
120990
121006
121022
121038
121054
121070
121086
121102
121118
121134
121150
121166
121182
121198
121214
121230
121246
121262
121278
121294
121310
121326
121342
121358
121374
121390
121406
121422
121438
121454
121470
121486
121502
121518
121534
121550
121566
121582
121598
121614
121630
121646
121662
121679
121696
121713
121730
121747
121764
121781
121798
121815
121832
121849
121866
121883
121900
121917
121934
121951
121968
121985
122002
122019
122036
122053
122070
122087
122104
122121
122138
122155
122172
122189
122206
122223
122240
122257
122274
122291
122308
122325
122342
122359
122376
122393
122410
122427
122444
122461
122478
122495
122512
122529
122546
122563
122580
122597
122614
122631
122648
122666
122684
122702
122720
122738
122756
122774
122792
122810
122828
122846
122864
122882
122900
122918
122936
122954
122972
122990
123008
123026
123044
123062
123080
123098
123116
123134
123152
123170
123188
123206
123224
123242
123260
123278
123296
123314
123332
123350
123368
123386
123404
123422
123440
123458
123476
123494
123512
123530
123548
123566
123584
123602
123620
123638
123655
123672
123689
123706
123723
123740
123757
123774
123791
123808
123825
123842
123859
123876
123893
123910
123927
123944
123961
123978
123995
124012
124029
124046
124063
124080
124097
124114
124131
124148
124165
124182
124199
124216
124233
124250
124267
124284
124301
124318
124335
124352
124369
124386
124403
124420
124437
124454
124471
124488
124505
124522
124539
124556
124573
124590
124607
124624
124640
124656
124672
124688
124704
124720
124736
124752
124768
124784
124800
124816
124832
124848
124864
124880
124896
124912
124928
124944
124960
124976
124992
125008
125024
125040
125056
125072
125088
125104
125120
125136
125152
125168
125184
125200
125216
125232
125248
125264
125280
125296
125312
125328
125344
125360
125376
125392
125408
125424
125440
125456
125472
125488
125504
125520
125536
125552
125568
125584
125600
125616
125633
125650
125667
125684
125701
125718
125735
125752
125769
125786
125803
125820
125837
125854
125871
125888
125905
125922
125939
125956
125973
125990
126007
126024
126041
126058
126075
126092
126109
126126
126143
126160
126177
126194
126211
126228
126245
126262
126279
126296
126313
126330
126347
126364
126381
126398
126415
126432
126449
126466
126483
126500
126517
126534
126551
126568
126585
126602
126618
126634
126650
126666
126682
126698
126714
126730
126746
126762
126778
126794
126810
126826
126842
126858
126874
126890
126906
126922
126938
126954
126970
126986
127002
127018
127034
127050
127066
127082
127098
127114
127130
127146
127162
127178
127194
127210
127226
127242
127258
127274
127290
127306
127322
127338
127354
127370
127386
127402
127418
127434
127450
127466
127482
127498
127514
127530
127546
127562
127578
127594
127611
127628
127645
127662
127679
127696
127713
127730
127747
127764
127781
127798
127815
127832
127849
127866
127883
127900
127917
127934
127951
127968
127985
128002
128019
128036
128053
128070
128087
128104
128121
128138
128155
128172
128189
128206
128223
128240
128257
128274
128291
128308
128325
128342
128359
128376
128393
128410
128427
128444
128461
128478
128495
128512
128529
128546
128563
128580
128598
128616
128634
128652
128670
128688
128706
128724
128742
128760
128778
128796
128814
128832
128850
128868
128886
128904
128922
128940
128958
128976
128994
129012
129030
129048
129066
129084
129102
129120
129138
129156
129174
129192
129210
129228
129246
129264
129282
129300
129318
129336
129354
129372
129390
129408
129426
129444
129462
129480
129498
129516
129534
129552
129570
129586
129602
129618
129634
129650
129666
129682
129698
129714
129730
129746
129762
129778
129794
129810
129826
129842
129858
129874
129890
129906
129922
129938
129954
129970
129986
130002
130018
130034
130050
130066
130082
130098
130114
130130
130146
130162
130178
130194
130210
130226
130242
130258
130274
130290
130306
130322
130338
130354
130370
130386
130402
130418
130434
130450
130466
130482
130498
130514
130530
130546
130562
130581
130600
130619
130638
130657
130676
130695
130714
130733
130752
130771
130790
130809
130828
130847
130866
130885
130904
130923
130942
130961
130980
130999
131018
131037
131056
131075
131094
131113
131132
131151
131170
131189
131208
131227
131246
131265
131284
131303
131322
131341
131360
131379
131398
131417
131436
131455
131474
131493
131512
131531
131550
131567
131584
131601
131618
131635
131652
131669
131686
131703
131720
131737
131754
131771
131788
131805
131822
131839
131856
131873
131890
131907
131924
131941
131958
131975
131992
132009
132026
132043
132060
132077
132094
132111
132128
132145
132162
132179
132196
132213
132230
132247
132264
132281
132298
132315
132332
132349
132366
132383
132400
132417
132434
132451
132468
132485
132502
132519
132536
132553
132570
132587
132604
132621
132638
132655
132672
132689
132706
132723
132740
132757
132774
132791
132808
132825
132842
132859
132876
132893
132910
132927
132944
132961
132978
132995
133012
133029
133046
133063
133080
133097
133114
133131
133148
133165
133182
133199
133216
133233
133250
133267
133284
133301
133318
133335
133352
133369
133386
133403
133420
133437
133454
133471
133488
133505
133522
133540
133558
133576
133594
133612
133630
133648
133666
133684
133702
133720
133738
133756
133774
133792
133810
133828
133846
133864
133882
133900
133918
133936
133954
133972
133990
134008
134026
134044
134062
134080
134098
134116
134134
134152
134170
134188
134206
134224
134242
134260
134278
134296
134314
134332
134350
134368
134386
134404
134422
134440
134458
134476
134494
134512
134528
134544
134560
134576
134592
134608
134624
134640
134656
134672
134688
134704
134720
134736
134752
134768
134784
134800
134816
134832
134848
134864
134880
134896
134912
134928
134944
134960
134976
134992
135008
135024
135040
135056
135072
135088
135104
135120
135136
135152
135168
135184
135200
135216
135232
135248
135264
135280
135296
135312
135328
135344
135360
135376
135392
135408
135424
135440
135456
135472
135488
135504
135520
135536
135552
135568
135584
135600
135616
135632
135648
135664
135680
135696
135712
135728
135744
135760
135776
135792
135808
135824
135840
135856
135872
135888
135904
135920
135936
135952
135968
135984
136000
136016
136032
136048
136064
136080
136096
136112
136128
136144
136160
136176
136192
136208
136224
136240
136256
136272
136288
136304
136320
136336
136352
136368
136384
136400
136416
136432
136448
136464
136480
136496
136513
136530
136547
136564
136581
136598
136615
136632
136649
136666
136683
136700
136717
136734
136751
136768
136785
136802
136819
136836
136853
136870
136887
136904
136921
136938
136955
136972
136989
137006
137023
137040
137057
137074
137091
137108
137125
137142
137159
137176
137193
137210
137227
137244
137261
137278
137295
137312
137329
137346
137363
137380
137397
137414
137431
137448
137465
137482
137499
137516
137533
137550
137567
137584
137601
137618
137635
137652
137669
137686
137703
137720
137737
137754
137771
137788
137805
137822
137839
137856
137873
137890
137907
137924
137941
137958
137975
137992
138009
138026
138043
138060
138077
138094
138111
138128
138145
138162
138179
138196
138213
138230
138247
138264
138281
138298
138315
138332
138349
138366
138383
138400
138417
138434
138451
138468
138486
138504
138522
138540
138558
138576
138594
138612
138630
138648
138666
138684
138702
138720
138738
138756
138774
138792
138810
138828
138846
138864
138882
138900
138918
138936
138954
138972
138990
139008
139026
139044
139062
139080
139098
139116
139134
139152
139170
139188
139206
139224
139242
139260
139278
139296
139314
139332
139350
139368
139386
139404
139422
139440
139458
139476
139494
139512
139530
139548
139566
139584
139602
139620
139638
139656
139674
139692
139710
139728
139746
139764
139782
139800
139818
139836
139854
139872
139890
139908
139926
139944
139962
139980
139998
140016
140034
140052
140070
140088
140106
140124
140142
140160
140178
140196
140214
140232
140250
140268
140286
140304
140322
140340
140358
140376
140394
140412
140430
140448
140466
140484
140502
140520
140538
140556
140574
140592
140610
140628
140646
140664
140682
140700
140718
140736
140754
140772
140790
140808
140826
140844
140862
140880
140898
140916
140934
140952
140970
140988
141006
141024
141042
141060
141078
141096
141114
141132
141150
141168
141186
141204
141222
141240
141258
141276
141294
141312
141330
141348
141366
141384
141402
141420
141438
141455
141472
141489
141506
141523
141540
141557
141574
141591
141608
141625
141642
141659
141676
141693
141710
141727
141744
141761
141778
141795
141812
141829
141846
141863
141880
141897
141914
141931
141948
141965
141982
141999
142016
142033
142050
142067
142084
142101
142118
142135
142152
142169
142186
142203
142220
142237
142254
142271
142288
142305
142322
142339
142356
142373
142390
142407
142424
142441
142458
142475
142492
142509
142526
142543
142560
142577
142594
142611
142628
142645
142662
142679
142696
142713
142730
142747
142764
142781
142798
142815
142832
142849
142866
142883
142900
142917
142934
142951
142968
142985
143002
143019
143036
143053
143070
143087
143104
143121
143138
143155
143172
143189
143206
143223
143240
143257
143274
143291
143308
143325
143342
143359
143376
143393
143410
143427
143444
143461
143478
143495
143512
143529
143546
143563
143580
143597
143614
143631
143648
143665
143682
143699
143716
143733
143750
143767
143784
143801
143818
143835
143852
143869
143886
143903
143920
143937
143954
143971
143988
144005
144022
144039
144056
144073
144090
144107
144124
144141
144158
144175
144192
144209
144226
144243
144260
144277
144294
144311
144328
144345
144362
144379
144396
144412
144428
144444
144460
144476
144492
144508
144524
144540
144556
144572
144588
144604
144620
144636
144652
144668
144684
144700
144716
144732
144748
144764
144780
144796
144812
144828
144844
144860
144876
144892
144908
144924
144940
144956
144972
144988
145004
145020
145036
145052
145068
145084
145100
145116
145132
145148
145164
145180
145196
145212
145228
145244
145260
145276
145292
145308
145324
145340
145356
145372
145388
145405
145422
145439
145456
145473
145490
145507
145524
145541
145558
145575
145592
145609
145626
145643
145660
145677
145694
145711
145728
145745
145762
145779
145796
145813
145830
145847
145864
145881
145898
145915
145932
145949
145966
145983
146000
146017
146034
146051
146068
146085
146102
146119
146136
146153
146170
146187
146204
146221
146238
146255
146272
146289
146306
146323
146340
146357
146374
146389
146404
146419
146434
146449
146464
146479
146494
146509
146524
146539
146554
146569
146584
146599
146614
146629
146644
146659
146674
146689
146704
146719
146734
146749
146764
146779
146794
146809
146824
146839
146854
146869
146884
146899
146914
146929
146944
146959
146974
146989
147004
147019
147034
147049
147064
147079
147094
147109
147124
147139
147154
147169
147184
147199
147214
147229
147244
147259
147274
147289
147304
147319
147334
147349
147364
147380
147396
147412
147428
147444
147460
147476
147492
147508
147524
147540
147556
147572
147588
147604
147620
147636
147652
147668
147684
147700
147716
147732
147748
147764
147780
147796
147812
147828
147844
147860
147876
147892
147908
147924
147940
147956
147972
147988
148004
148020
148036
148052
148068
148084
148100
148116
148132
148148
148164
148180
148196
148212
148228
148244
148260
148276
148292
148308
148324
148340
148356
148374
148392
148410
148428
148446
148464
148482
148500
148518
148536
148554
148572
148590
148608
148626
148644
148662
148680
148698
148716
148734
148752
148770
148788
148806
148824
148842
148860
148878
148896
148914
148932
148950
148968
148986
149004
149022
149040
149058
149076
149094
149112
149130
149148
149166
149184
149202
149220
149238
149256
149274
149292
149310
149328
149346
149363
149380
149397
149414
149431
149448
149465
149482
149499
149516
149533
149550
149567
149584
149601
149618
149635
149652
149669
149686
149703
149720
149737
149754
149771
149788
149805
149822
149839
149856
149873
149890
149907
149924
149941
149958
149975
149992
150009
150026
150043
150060
150077
150094
150111
150128
150145
150162
150179
150196
150213
150230
150247
150264
150281
150298
150315
150332
150349
150366
150383
150400
150417
150434
150451
150468
150485
150502
150519
150536
150553
150570
150587
150604
150621
150638
150655
150672
150689
150706
150723
150740
150757
150774
150791
150808
150825
150842
150859
150876
150893
150910
150927
150944
150961
150978
150995
151012
151029
151046
151063
151080
151097
151114
151131
151148
151165
151182
151199
151216
151233
151250
151267
151284
151301
151318
151335
151352
151369
151386
151403
151420
151437
151454
151471
151488
151505
151522
151539
151556
151573
151590
151607
151624
151641
151658
151675
151692
151709
151726
151743
151760
151777
151794
151811
151828
151845
151862
151879
151896
151913
151930
151947
151964
151981
151998
152015
152032
152049
152066
152083
152100
152117
152134
152151
152168
152185
152202
152219
152236
152253
152270
152287
152304
152319
152334
152349
152364
152379
152394
152409
152424
152439
152454
152469
152484
152499
152514
152529
152544
152559
152574
152589
152604
152619
152634
152649
152664
152679
152694
152709
152724
152739
152754
152769
152784
152799
152814
152829
152844
152859
152874
152889
152904
152919
152934
152949
152964
152979
152994
153009
153024
153039
153054
153069
153084
153099
153114
153129
153144
153159
153174
153189
153204
153219
153234
153249
153264
153279
153294
153310
153326
153342
153358
153374
153390
153406
153422
153438
153454
153470
153486
153502
153518
153534
153550
153566
153582
153598
153614
153630
153646
153662
153678
153694
153710
153726
153742
153758
153774
153790
153806
153822
153838
153854
153870
153886
153902
153918
153934
153950
153966
153982
153998
154014
154030
154046
154062
154078
154094
154110
154126
154142
154158
154174
154190
154206
154222
154238
154254
154270
154286
154303
154320
154337
154354
154371
154388
154405
154422
154439
154456
154473
154490
154507
154524
154541
154558
154575
154592
154609
154626
154643
154660
154677
154694
154711
154728
154745
154762
154779
154796
154813
154830
154847
154864
154881
154898
154915
154932
154949
154966
154983
155000
155017
155034
155051
155068
155085
155102
155119
155136
155153
155170
155187
155204
155221
155238
155255
155272
155289
155306
155323
155340
155357
155374
155391
155408
155425
155442
155459
155476
155493
155510
155527
155544
155561
155578
155595
155612
155629
155646
155663
155680
155697
155714
155731
155748
155765
155782
155799
155816
155833
155850
155867
155884
155901
155918
155935
155952
155969
155986
156003
156020
156037
156054
156071
156088
156105
156122
156139
156156
156173
156190
156207
156224
156241
156258
156276
156294
156312
156330
156348
156366
156384
156402
156420
156438
156456
156474
156492
156510
156528
156546
156564
156582
156600
156618
156636
156654
156672
156690
156708
156726
156744
156762
156780
156798
156816
156834
156852
156870
156888
156906
156924
156942
156960
156978
156996
157014
157032
157050
157068
157086
157104
157122
157140
157158
157176
157194
157212
157230
157248
157265
157282
157299
157316
157333
157350
157367
157384
157401
157418
157435
157452
157469
157486
157503
157520
157537
157554
157571
157588
157605
157622
157639
157656
157673
157690
157707
157724
157741
157758
157775
157792
157809
157826
157843
157860
157877
157894
157911
157928
157945
157962
157979
157996
158013
158030
158047
158064
158081
158098
158115
158132
158149
158166
158183
158200
158217
158234
158250
158266
158282
158298
158314
158330
158346
158362
158378
158394
158410
158426
158442
158458
158474
158490
158506
158522
158538
158554
158570
158586
158602
158618
158634
158650
158666
158682
158698
158714
158730
158746
158762
158778
158794
158810
158826
158842
158858
158874
158890
158906
158922
158938
158954
158970
158986
159002
159018
159034
159050
159066
159082
159098
159114
159130
159146
159162
159178
159194
159210
159226
159244
159262
159280
159298
159316
159334
159352
159370
159388
159406
159424
159442
159460
159478
159496
159514
159532
159550
159568
159586
159604
159622
159640
159658
159676
159694
159712
159730
159748
159766
159784
159802
159820
159838
159856
159874
159892
159910
159928
159946
159964
159982
160000
160018
160036
160054
160072
160090
160108
160126
160144
160162
160180
160198
160216
160232
160248
160264
160280
160296
160312
160328
160344
160360
160376
160392
160408
160424
160440
160456
160472
160488
160504
160520
160536
160552
160568
160584
160600
160616
160632
160648
160664
160680
160696
160712
160728
160744
160760
160776
160792
160808
160824
160840
160856
160872
160888
160904
160920
160936
160952
160968
160984
161000
161016
161032
161048
161064
161080
161096
161112
161128
161144
161160
161176
161192
161208
161224
161240
161256
161272
161288
161304
161320
161336
161352
161368
161384
161400
161416
161432
161448
161464
161480
161496
161512
161528
161544
161560
161576
161592
161608
161624
161640
161656
161672
161688
161704
161720
161736
161752
161768
161784
161800
161816
161832
161848
161864
161880
161896
161912
161928
161944
161960
161976
161992
162008
162024
162040
162056
162072
162088
162104
162120
162136
162152
162168
162184
162200
162216
162232
162248
162264
162280
162296
162312
162328
162344
162360
162376
162392
162408
162424
162440
162456
162472
162488
162504
162520
162536
162552
162568
162584
162600
162616
162632
162648
162664
162680
162696
162712
162728
162744
162760
162776
162792
162808
162824
162840
162856
162872
162888
162904
162920
162936
162952
162968
162984
163000
163016
163032
163048
163064
163080
163096
163112
163128
163144
163160
163176
163192
163210
163228
163246
163264
163282
163300
163318
163336
163354
163372
163390
163408
163426
163444
163462
163480
163498
163516
163534
163552
163570
163588
163606
163624
163642
163660
163678
163696
163714
163732
163750
163768
163786
163804
163822
163840
163858
163876
163894
163912
163930
163948
163966
163984
164002
164020
164038
164056
164074
164092
164110
164128
164146
164164
164182
164198
164214
164230
164246
164262
164278
164294
164310
164326
164342
164358
164374
164390
164406
164422
164438
164454
164470
164486
164502
164518
164534
164550
164566
164582
164598
164614
164630
164646
164662
164678
164694
164710
164726
164742
164758
164774
164790
164806
164822
164838
164854
164870
164886
164902
164918
164934
164950
164966
164982
164998
165014
165030
165046
165062
165078
165094
165110
165126
165142
165158
165174
165191
165208
165225
165242
165259
165276
165293
165310
165327
165344
165361
165378
165395
165412
165429
165446
165463
165480
165497
165514
165531
165548
165565
165582
165599
165616
165633
165650
165667
165684
165701
165718
165735
165752
165769
165786
165803
165820
165837
165854
165871
165888
165905
165922
165939
165956
165973
165990
166007
166024
166041
166058
166075
166092
166109
166126
166143
166160
166178
166196
166214
166232
166250
166268
166286
166304
166322
166340
166358
166376
166394
166412
166430
166448
166466
166484
166502
166520
166538
166556
166574
166592
166610
166628
166646
166664
166682
166700
166718
166736
166754
166772
166790
166808
166826
166844
166862
166880
166898
166916
166934
166952
166970
166988
167006
167024
167042
167060
167078
167096
167114
167132
167150
167168
167186
167204
167222
167240
167258
167276
167294
167312
167330
167348
167366
167384
167402
167420
167438
167456
167474
167492
167510
167528
167546
167564
167582
167600
167618
167636
167654
167672
167690
167708
167726
167744
167762
167780
167798
167816
167834
167852
167870
167888
167906
167924
167942
167960
167978
167996
168014
168032
168050
168068
168086
168104
168122
168140
168157
168174
168191
168208
168225
168242
168259
168276
168293
168310
168327
168344
168361
168378
168395
168412
168429
168446
168463
168480
168497
168514
168531
168548
168565
168582
168599
168616
168633
168650
168667
168684
168701
168718
168735
168752
168769
168786
168803
168820
168837
168854
168871
168888
168905
168922
168939
168956
168973
168990
169007
169024
169041
169058
169075
169092
169109
169126
169142
169158
169174
169190
169206
169222
169238
169254
169270
169286
169302
169318
169334
169350
169366
169382
169398
169414
169430
169446
169462
169478
169494
169510
169526
169542
169558
169574
169590
169606
169622
169638
169654
169670
169686
169702
169718
169734
169750
169766
169782
169798
169814
169830
169846
169862
169878
169894
169910
169926
169942
169958
169974
169990
170006
170022
170038
170054
170070
170086
170102
170118
170135
170152
170169
170186
170203
170220
170237
170254
170271
170288
170305
170322
170339
170356
170373
170390
170407
170424
170441
170458
170475
170492
170509
170526
170543
170560
170577
170594
170611
170628
170645
170662
170679
170696
170713
170730
170747
170764
170781
170798
170815
170832
170849
170866
170883
170900
170917
170934
170951
170968
170985
171002
171019
171036
171053
171070
171087
171104
171121
171138
171155
171172
171189
171206
171223
171240
171257
171274
171291
171308
171325
171342
171359
171376
171393
171410
171427
171444
171461
171478
171495
171512
171529
171546
171563
171580
171597
171614
171631
171648
171665
171682
171699
171716
171733
171750
171767
171784
171801
171818
171835
171852
171869
171886
171903
171920
171937
171954
171971
171988
172005
172022
172039
172056
172073
172090
172106
172122
172138
172154
172170
172186
172202
172218
172234
172250
172266
172282
172298
172314
172330
172346
172362
172378
172394
172410
172426
172442
172458
172474
172490
172506
172522
172538
172554
172570
172586
172602
172618
172634
172650
172666
172682
172698
172714
172730
172746
172762
172778
172794
172810
172826
172842
172858
172874
172890
172906
172922
172938
172954
172970
172986
173002
173018
173034
173050
173066
173082
173099
173116
173133
173150
173167
173184
173201
173218
173235
173252
173269
173286
173303
173320
173337
173354
173371
173388
173405
173422
173439
173456
173473
173490
173507
173524
173541
173558
173575
173592
173609
173626
173643
173660
173677
173694
173711
173728
173745
173762
173779
173796
173813
173830
173847
173864
173881
173898
173915
173932
173949
173966
173983
174000
174017
174034
174051
174068
174085
174102
174119
174136
174153
174170
174187
174204
174221
174238
174255
174272
174289
174306
174323
174340
174357
174374
174391
174408
174425
174442
174459
174476
174493
174510
174527
174544
174561
174578
174595
174612
174629
174646
174663
174680
174697
174714
174731
174748
174765
174782
174799
174816
174833
174850
174867
174884
174901
174918
174935
174952
174969
174986
175003
175020
175037
175054
175071
175088
175105
175122
175139
175156
175173
175190
175207
175224
175241
175258
175275
175292
175309
175326
175343
175360
175377
175394
175411
175428
175445
175462
175479
175496
175513
175530
175547
175564
175581
175598
175615
175632
175649
175666
175683
175700
175717
175734
175751
175768
175785
175802
175819
175836
175853
175870
175887
175904
175921
175938
175955
175972
175989
176006
176023
176040
176057
176074
176091
176108
176125
176142
176159
176176
176193
176210
176227
176244
176261
176278
176295
176312
176329
176346
176363
176380
176397
176414
176431
176448
176465
176482
176499
176516
176533
176550
176567
176584
176601
176618
176635
176652
176669
176686
176703
176720
176737
176754
176771
176788
176805
176822
176839
176856
176873
176890
176907
176924
176941
176958
176975
176992
177009
177026
177043
177060
177077
177094
177111
177128
177145
177162
177179
177196
177213
177230
177247
177264
177281
177298
177315
177332
177349
177366
177383
177400
177417
177434
177451
177468
177485
177502
177519
177536
177553
177570
177587
177604
177621
177638
177655
177672
177689
177706
177723
177740
177757
177774
177791
177808
177825
177842
177859
177876
177893
177910
177927
177944
177961
177978
177995
178012
178028
178044
178060
178076
178092
178108
178124
178140
178156
178172
178188
178204
178220
178236
178252
178268
178284
178300
178316
178332
178348
178364
178380
178396
178412
178428
178444
178460
178476
178492
178508
178524
178540
178556
178572
178588
178604
178620
178636
178652
178668
178684
178700
178716
178732
178748
178764
178780
178796
178812
178828
178844
178860
178876
178892
178908
178924
178940
178956
178972
178988
179004
179021
179038
179055
179072
179089
179106
179123
179140
179157
179174
179191
179208
179225
179242
179259
179276
179293
179310
179327
179344
179361
179378
179395
179412
179429
179446
179463
179480
179497
179514
179531
179548
179565
179582
179599
179616
179633
179650
179667
179684
179701
179718
179735
179752
179769
179786
179803
179820
179837
179854
179871
179888
179905
179922
179939
179956
179973
179990
180007
180024
180041
180058
180075
180092
180109
180126
180143
180160
180177
180194
180211
180228
180245
180262
180279
180296
180313
180330
180347
180364
180381
180398
180415
180432
180449
180466
180483
180500
180517
180534
180551
180568
180585
180602
180619
180636
180653
180670
180687
180704
180721
180738
180755
180772
180789
180806
180823
180840
180857
180874
180891
180908
180925
180942
180959
180976
180992
181008
181024
181040
181056
181072
181088
181104
181120
181136
181152
181168
181184
181200
181216
181232
181248
181264
181280
181296
181312
181328
181344
181360
181376
181392
181408
181424
181440
181456
181472
181488
181504
181520
181536
181552
181568
181584
181600
181616
181632
181648
181664
181680
181696
181712
181728
181744
181760
181776
181792
181808
181824
181840
181856
181872
181888
181904
181920
181936
181952
181968
181983
181998
182013
182028
182043
182058
182073
182088
182103
182118
182133
182148
182163
182178
182193
182208
182223
182238
182253
182268
182283
182298
182313
182328
182343
182358
182373
182388
182403
182418
182433
182448
182463
182478
182493
182508
182523
182538
182553
182568
182583
182598
182613
182628
182643
182658
182673
182688
182703
182718
182733
182748
182763
182778
182793
182808
182823
182838
182853
182868
182883
182898
182913
182928
182943
182958
182977
182996
183015
183034
183053
183072
183091
183110
183129
183148
183167
183186
183205
183224
183243
183262
183281
183300
183319
183338
183357
183376
183395
183414
183433
183452
183471
183490
183509
183528
183547
183566
183585
183604
183623
183642
183661
183680
183699
183718
183737
183756
183775
183794
183813
183832
183851
183870
183889
183908
183927
183946
183962
183978
183994
184010
184026
184042
184058
184074
184090
184106
184122
184138
184154
184170
184186
184202
184218
184234
184250
184266
184282
184298
184314
184330
184346
184362
184378
184394
184410
184426
184442
184458
184474
184490
184506
184522
184538
184554
184570
184586
184602
184618
184634
184650
184666
184682
184698
184714
184730
184746
184762
184778
184794
184810
184826
184842
184858
184874
184890
184906
184922
184938
184954
184970
184986
185002
185018
185034
185050
185066
185082
185098
185114
185130
185146
185162
185178
185194
185210
185226
185242
185258
185274
185290
185306
185322
185338
185354
185370
185386
185402
185418
185434
185450
185466
185482
185498
185514
185530
185546
185562
185578
185594
185610
185626
185642
185658
185674
185690
185706
185722
185738
185754
185770
185786
185802
185818
185834
185850
185866
185882
185898
185914
185930
185948
185966
185984
186002
186020
186038
186056
186074
186092
186110
186128
186146
186164
186182
186200
186218
186236
186254
186272
186290
186308
186326
186344
186362
186380
186398
186416
186434
186452
186470
186488
186506
186524
186542
186560
186578
186596
186614
186632
186650
186668
186686
186704
186722
186740
186758
186776
186794
186812
186830
186848
186866
186884
186902
186920
186937
186954
186971
186988
187005
187022
187039
187056
187073
187090
187107
187124
187141
187158
187175
187192
187209
187226
187243
187260
187277
187294
187311
187328
187345
187362
187379
187396
187413
187430
187447
187464
187481
187498
187515
187532
187549
187566
187583
187600
187617
187634
187651
187668
187685
187702
187719
187736
187753
187770
187787
187804
187821
187838
187855
187872
187889
187906
187921
187936
187951
187966
187981
187996
188011
188026
188041
188056
188071
188086
188101
188116
188131
188146
188161
188176
188191
188206
188221
188236
188251
188266
188281
188296
188311
188326
188341
188356
188371
188386
188401
188416
188431
188446
188461
188476
188491
188506
188521
188536
188551
188566
188581
188596
188611
188626
188641
188656
188671
188686
188701
188716
188731
188746
188761
188776
188791
188806
188821
188836
188851
188866
188881
188896
188913
188930
188947
188964
188981
188998
189015
189032
189049
189066
189083
189100
189117
189134
189151
189168
189185
189202
189219
189236
189253
189270
189287
189304
189321
189338
189355
189372
189389
189406
189423
189440
189457
189474
189491
189508
189525
189542
189559
189576
189593
189610
189627
189644
189661
189678
189695
189712
189729
189746
189763
189780
189797
189814
189831
189848
189865
189882
189900
189918
189936
189954
189972
189990
190008
190026
190044
190062
190080
190098
190116
190134
190152
190170
190188
190206
190224
190242
190260
190278
190296
190314
190332
190350
190368
190386
190404
190422
190440
190458
190476
190494
190512
190530
190548
190566
190584
190602
190620
190638
190656
190674
190692
190710
190728
190746
190764
190782
190800
190818
190836
190854
190872
190889
190906
190923
190940
190957
190974
190991
191008
191025
191042
191059
191076
191093
191110
191127
191144
191161
191178
191195
191212
191229
191246
191263
191280
191297
191314
191331
191348
191365
191382
191399
191416
191433
191450
191467
191484
191501
191518
191535
191552
191569
191586
191603
191620
191637
191654
191671
191688
191705
191722
191739
191756
191773
191790
191807
191824
191841
191858
191875
191892
191909
191926
191943
191960
191977
191994
192011
192028
192045
192062
192079
192096
192113
192130
192147
192164
192181
192198
192215
192232
192249
192266
192283
192300
192317
192334
192351
192368
192385
192402
192419
192436
192453
192470
192487
192504
192521
192538
192555
192572
192589
192606
192623
192640
192657
192674
192691
192708
192725
192742
192759
192776
192793
192810
192827
192844
192861
192878
192895
192912
192929
192946
192963
192980
192997
193014
193031
193048
193065
193082
193099
193116
193133
193150
193167
193184
193201
193218
193235
193252
193269
193286
193303
193320
193337
193354
193371
193388
193405
193422
193439
193456
193473
193490
193507
193524
193541
193558
193575
193592
193609
193626
193643
193660
193677
193694
193711
193728
193745
193762
193779
193796
193813
193830
193846
193862
193878
193894
193910
193926
193942
193958
193974
193990
194006
194022
194038
194054
194070
194086
194102
194118
194134
194150
194166
194182
194198
194214
194230
194246
194262
194278
194294
194310
194326
194342
194358
194374
194390
194406
194422
194438
194454
194470
194486
194502
194518
194534
194550
194566
194582
194598
194614
194630
194646
194662
194678
194694
194710
194726
194742
194758
194774
194790
194806
194822
194838
194854
194870
194886
194902
194918
194934
194950
194966
194982
194998
195014
195030
195046
195062
195078
195094
195110
195126
195142
195158
195174
195190
195206
195222
195238
195254
195270
195286
195302
195318
195334
195350
195366
195382
195398
195414
195430
195446
195462
195478
195494
195510
195526
195542
195558
195574
195590
195606
195622
195638
195654
195670
195686
195702
195718
195734
195750
195766
195782
195798
195814
195831
195848
195865
195882
195899
195916
195933
195950
195967
195984
196001
196018
196035
196052
196069
196086
196103
196120
196137
196154
196171
196188
196205
196222
196239
196256
196273
196290
196307
196324
196341
196358
196375
196392
196409
196426
196443
196460
196477
196494
196511
196528
196545
196562
196579
196596
196613
196630
196647
196664
196681
196698
196715
196732
196749
196766
196783
196800
196816
196832
196848
196864
196880
196896
196912
196928
196944
196960
196976
196992
197008
197024
197040
197056
197072
197088
197104
197120
197136
197152
197168
197184
197200
197216
197232
197248
197264
197280
197296
197312
197328
197344
197360
197376
197392
197408
197424
197440
197456
197472
197488
197504
197520
197536
197552
197568
197584
197600
197616
197632
197648
197664
197680
197696
197712
197728
197744
197760
197776
197792
197808
197824
197840
197856
197872
197888
197904
197920
197936
197952
197968
197984
198000
198016
198032
198048
198064
198080
198096
198112
198128
198144
198160
198176
198192
198208
198224
198240
198256
198272
198288
198304
198320
198336
198352
198368
198384
198400
198416
198432
198448
198464
198480
198496
198512
198528
198544
198560
198576
198592
198608
198624
198640
198656
198672
198688
198704
198720
198736
198752
198768
198784
198800
198816
198832
198848
198864
198880
198896
198912
198928
198944
198960
198976
198992
199008
199024
199040
199056
199072
199088
199104
199120
199136
199152
199168
199184
199200
199216
199232
199248
199264
199280
199296
199312
199328
199344
199360
199376
199392
199408
199424
199440
199456
199472
199488
199504
199520
199536
199552
199568
199584
199600
199616
199632
199648
199664
199680
199696
199712
199728
199744
199760
199776
199794
199812
199830
199848
199866
199884
199902
199920
199938
199956
199974
199992
200010
200028
200046
200064
200082
200100
200118
200136
200154
200172
200190
200208
200226
200244
200262
200280
200298
200316
200334
200352
200370
200388
200406
200424
200442
200460
200478
200496
200514
200532
200550
200568
200586
200604
200622
200640
200658
200676
200694
200712
200730
200748
200766
200782
200798
200814
200830
200846
200862
200878
200894
200910
200926
200942
200958
200974
200990
201006
201022
201038
201054
201070
201086
201102
201118
201134
201150
201166
201182
201198
201214
201230
201246
201262
201278
201294
201310
201326
201342
201358
201374
201390
201406
201422
201438
201454
201470
201486
201502
201518
201534
201550
201566
201582
201598
201614
201630
201646
201662
201678
201694
201710
201726
201742
201758
201775
201792
201809
201826
201843
201860
201877
201894
201911
201928
201945
201962
201979
201996
202013
202030
202047
202064
202081
202098
202115
202132
202149
202166
202183
202200
202217
202234
202251
202268
202285
202302
202319
202336
202353
202370
202387
202404
202421
202438
202455
202472
202489
202506
202523
202540
202557
202574
202591
202608
202625
202642
202659
202676
202693
202710
202727
202744
202761
202778
202795
202812
202829
202846
202863
202880
202897
202914
202931
202948
202965
202982
202999
203016
203033
203050
203067
203084
203101
203118
203135
203152
203169
203186
203203
203220
203237
203254
203271
203288
203305
203322
203339
203356
203373
203390
203407
203424
203441
203458
203475
203492
203509
203526
203543
203560
203577
203594
203611
203628
203645
203662
203679
203696
203713
203730
203748
203766
203784
203802
203820
203838
203856
203874
203892
203910
203928
203946
203964
203982
204000
204018
204036
204054
204072
204090
204108
204126
204144
204162
204180
204198
204216
204234
204252
204270
204288
204306
204324
204342
204360
204378
204396
204414
204432
204450
204468
204486
204504
204522
204540
204558
204576
204594
204612
204630
204648
204666
204684
204702
204720
204736
204752
204768
204784
204800
204816
204832
204848
204864
204880
204896
204912
204928
204944
204960
204976
204992
205008
205024
205040
205056
205072
205088
205104
205120
205136
205152
205168
205184
205200
205216
205232
205248
205264
205280
205296
205312
205328
205344
205360
205376
205392
205408
205424
205440
205456
205472
205488
205504
205520
205536
205552
205568
205584
205600
205616
205632
205648
205664
205680
205696
205712
205729
205746
205763
205780
205797
205814
205831
205848
205865
205882
205899
205916
205933
205950
205967
205984
206001
206018
206035
206052
206069
206086
206103
206120
206137
206154
206171
206188
206205
206222
206239
206256
206273
206290
206307
206324
206341
206358
206375
206392
206409
206426
206443
206460
206477
206494
206511
206528
206545
206562
206579
206596
206613
206630
206647
206664
206681
206698
206715
206732
206749
206766
206783
206800
206817
206834
206851
206868
206885
206902
206919
206936
206953
206970
206987
207004
207021
207038
207055
207072
207089
207106
207123
207140
207157
207174
207191
207208
207225
207242
207259
207276
207293
207310
207327
207344
207361
207378
207395
207412
207429
207446
207463
207480
207497
207514
207531
207548
207565
207582
207599
207616
207633
207650
207667
207684
207700
207716
207732
207748
207764
207780
207796
207812
207828
207844
207860
207876
207892
207908
207924
207940
207956
207972
207988
208004
208020
208036
208052
208068
208084
208100
208116
208132
208148
208164
208180
208196
208212
208228
208244
208260
208276
208292
208308
208324
208340
208356
208372
208388
208404
208420
208436
208452
208468
208484
208500
208516
208532
208548
208564
208580
208596
208612
208628
208644
208660
208676
208693
208710
208727
208744
208761
208778
208795
208812
208829
208846
208863
208880
208897
208914
208931
208948
208965
208982
208999
209016
209033
209050
209067
209084
209101
209118
209135
209152
209169
209186
209203
209220
209237
209254
209271
209288
209305
209322
209339
209356
209373
209390
209407
209424
209441
209458
209475
209492
209509
209526
209543
209560
209577
209594
209611
209628
209645
209662
209680
209698
209716
209734
209752
209770
209788
209806
209824
209842
209860
209878
209896
209914
209932
209950
209968
209986
210004
210022
210040
210058
210076
210094
210112
210130
210148
210166
210184
210202
210220
210238
210256
210274
210292
210310
210328
210346
210364
210382
210400
210418
210436
210454
210472
210490
210508
210526
210544
210562
210580
210598
210616
210634
210652
210669
210686
210703
210720
210737
210754
210771
210788
210805
210822
210839
210856
210873
210890
210907
210924
210941
210958
210975
210992
211009
211026
211043
211060
211077
211094
211111
211128
211145
211162
211179
211196
211213
211230
211247
211264
211281
211298
211315
211332
211349
211366
211383
211400
211417
211434
211451
211468
211485
211502
211519
211536
211553
211570
211587
211604
211621
211638
211655
211672
211689
211706
211723
211740
211757
211774
211791
211808
211825
211842
211859
211876
211893
211910
211927
211944
211961
211978
211995
212012
212029
212046
212063
212080
212097
212114
212131
212148
212165
212182
212199
212216
212233
212250
212267
212284
212301
212318
212335
212352
212369
212386
212403
212420
212437
212454
212471
212488
212505
212522
212539
212556
212573
212590
212607
212624
212641
212658
212675
212692
212709
212726
212743
212760
212777
212794
212811
212828
212845
212862
212879
212896
212913
212930
212947
212964
212981
212998
213015
213032
213049
213066
213083
213100
213117
213134
213151
213168
213185
213202
213219
213236
213253
213270
213287
213304
213321
213338
213355
213372
213389
213406
213423
213440
213457
213474
213491
213508
213525
213542
213559
213576
213593
213610
213627
213644
213661
213678
213695
213712
213729
213746
213763
213780
213797
213814
213831
213848
213865
213882
213899
213916
213933
213950
213967
213984
214001
214018
214035
214052
214069
214086
214103
214120
214137
214154
214171
214188
214205
214222
214239
214256
214273
214290
214307
214324
214341
214358
214375
214392
214409
214426
214443
214460
214477
214494
214511
214528
214545
214562
214579
214596
214613
214630
214647
214664
214681
214698
214715
214732
214749
214766
214783
214800
214817
214834
214851
214868
214885
214902
214919
214936
214953
214970
214987
215004
215021
215038
215055
215072
215089
215106
215123
215140
215157
215174
215191
215208
215225
215242
215259
215276
215293
215310
215327
215344
215361
215378
215395
215412
215429
215446
215463
215480
215497
215514
215531
215548
215565
215582
215598
215614
215630
215646
215662
215678
215694
215710
215726
215742
215758
215774
215790
215806
215822
215838
215854
215870
215886
215902
215918
215934
215950
215966
215982
215998
216014
216030
216046
216062
216078
216094
216110
216126
216142
216158
216174
216190
216206
216222
216238
216254
216270
216286
216302
216318
216334
216350
216366
216382
216398
216414
216430
216446
216462
216478
216494
216510
216526
216542
216558
216574
216591
216608
216625
216642
216659
216676
216693
216710
216727
216744
216761
216778
216795
216812
216829
216846
216863
216880
216897
216914
216931
216948
216965
216982
216999
217016
217033
217050
217067
217084
217101
217118
217135
217152
217169
217186
217203
217220
217237
217254
217271
217288
217305
217322
217339
217356
217373
217390
217407
217424
217441
217458
217475
217492
217509
217526
217543
217560
217576
217592
217608
217624
217640
217656
217672
217688
217704
217720
217736
217752
217768
217784
217800
217816
217832
217848
217864
217880
217896
217912
217928
217944
217960
217976
217992
218008
218024
218040
218056
218072
218088
218104
218120
218136
218152
218168
218184
218200
218216
218232
218248
218264
218280
218296
218312
218328
218344
218360
218376
218392
218408
218424
218440
218456
218472
218488
218504
218520
218536
218552
218569
218586
218603
218620
218637
218654
218671
218688
218705
218722
218739
218756
218773
218790
218807
218824
218841
218858
218875
218892
218909
218926
218943
218960
218977
218994
219011
219028
219045
219062
219079
219096
219113
219130
219147
219164
219181
219198
219215
219232
219249
219266
219283
219300
219317
219334
219351
219368
219385
219402
219419
219436
219453
219470
219487
219504
219521
219538
219555
219572
219589
219606
219623
219640
219657
219674
219691
219708
219725
219742
219759
219776
219793
219810
219827
219844
219861
219878
219895
219912
219929
219946
219963
219980
219997
220014
220031
220048
220065
220082
220099
220116
220133
220150
220167
220184
220201
220218
220235
220252
220269
220286
220303
220320
220337
220354
220371
220388
220405
220422
220439
220456
220473
220490
220507
220524
220541
220558
220575
220592
220609
220626
220643
220660
220677
220694
220711
220728
220745
220762
220779
220796
220813
220830
220847
220864
220881
220898
220915
220932
220949
220966
220983
221000
221017
221034
221051
221068
221085
221102
221119
221136
221153
221170
221187
221204
221221
221238
221255
221272
221289
221306
221323
221340
221357
221374
221391
221408
221425
221442
221459
221476
221493
221510
221525
221540
221555
221570
221585
221600
221615
221630
221645
221660
221675
221690
221705
221720
221735
221750
221765
221780
221795
221810
221825
221840
221855
221870
221885
221900
221915
221930
221945
221960
221975
221990
222005
222020
222035
222050
222065
222080
222095
222110
222125
222140
222155
222170
222185
222200
222215
222230
222245
222260
222275
222290
222305
222320
222335
222350
222365
222380
222395
222410
222425
222440
222455
222470
222485
222500
222516
222532
222548
222564
222580
222596
222612
222628
222644
222660
222676
222692
222708
222724
222740
222756
222772
222788
222804
222820
222836
222852
222868
222884
222900
222916
222932
222948
222964
222980
222996
223012
223028
223044
223060
223076
223092
223108
223124
223140
223156
223172
223188
223204
223220
223236
223252
223268
223284
223300
223316
223332
223348
223364
223380
223396
223412
223428
223444
223460
223476
223492
223508
223524
223540
223556
223572
223588
223604
223620
223636
223652
223668
223684
223700
223716
223732
223748
223764
223780
223796
223812
223828
223844
223860
223876
223892
223908
223924
223940
223956
223972
223988
224004
224020
224036
224052
224068
224084
224100
224116
224132
224148
224164
224180
224196
224212
224228
224244
224260
224276
224292
224308
224324
224340
224356
224372
224388
224404
224420
224436
224452
224468
224484
224500
224516
224532
224548
224564
224580
224596
224612
224628
224644
224660
224676
224692
224708
224724
224740
224756
224772
224788
224804
224820
224836
224852
224868
224884
224900
224916
224932
224948
224964
224980
224996
225012
225028
225044
225060
225076
225092
225108
225124
225140
225156
225172
225188
225204
225220
225236
225252
225268
225284
225300
225316
225332
225348
225364
225380
225396
225412
225428
225444
225460
225476
225493
225510
225527
225544
225561
225578
225595
225612
225629
225646
225663
225680
225697
225714
225731
225748
225765
225782
225799
225816
225833
225850
225867
225884
225901
225918
225935
225952
225969
225986
226003
226020
226037
226054
226071
226088
226105
226122
226139
226156
226173
226190
226207
226224
226241
226258
226275
226292
226309
226326
226343
226360
226377
226394
226411
226428
226445
226462
226478
226494
226510
226526
226542
226558
226574
226590
226606
226622
226638
226654
226670
226686
226702
226718
226734
226750
226766
226782
226798
226814
226830
226846
226862
226878
226894
226910
226926
226942
226958
226974
226990
227006
227022
227038
227054
227070
227086
227102
227118
227134
227150
227166
227182
227198
227214
227230
227246
227262
227278
227294
227310
227326
227342
227358
227374
227390
227406
227422
227438
227454
227470
227486
227502
227518
227534
227550
227566
227582
227598
227614
227630
227646
227662
227678
227694
227710
227726
227742
227758
227774
227790
227806
227822
227838
227854
227870
227886
227902
227918
227934
227950
227966
227982
227998
228014
228030
228046
228062
228078
228094
228110
228126
228142
228158
228174
228190
228206
228222
228238
228254
228270
228286
228302
228318
228334
228350
228366
228382
228398
228414
228430
228446
228462
228478
228494
228510
228526
228542
228558
228574
228590
228606
228622
228638
228654
228670
228686
228702
228718
228734
228750
228766
228782
228798
228814
228830
228846
228862
228878
228894
228910
228926
228942
228958
228974
228990
229006
229022
229038
229054
229070
229086
229102
229118
229134
229150
229166
229182
229198
229214
229230
229246
229262
229278
229294
229310
229326
229342
229358
229374
229390
229406
229422
229438
229455
229472
229489
229506
229523
229540
229557
229574
229591
229608
229625
229642
229659
229676
229693
229710
229727
229744
229761
229778
229795
229812
229829
229846
229863
229880
229897
229914
229931
229948
229965
229982
229999
230016
230033
230050
230067
230084
230101
230118
230135
230152
230169
230186
230203
230220
230237
230254
230271
230288
230305
230322
230339
230356
230373
230390
230407
230424
230440
230456
230472
230488
230504
230520
230536
230552
230568
230584
230600
230616
230632
230648
230664
230680
230696
230712
230728
230744
230760
230776
230792
230808
230824
230840
230856
230872
230888
230904
230920
230936
230952
230968
230984
231000
231016
231032
231048
231064
231080
231096
231112
231128
231144
231160
231176
231192
231208
231224
231240
231256
231272
231288
231304
231320
231336
231352
231368
231384
231400
231416
231432
231448
231464
231480
231496
231512
231528
231544
231560
231576
231592
231608
231624
231640
231656
231672
231688
231704
231720
231736
231752
231768
231784
231800
231816
231832
231848
231864
231880
231896
231912
231928
231944
231960
231976
231992
232008
232024
232040
232056
232072
232088
232104
232120
232136
232152
232168
232184
232200
232216
232232
232248
232264
232280
232296
232312
232328
232344
232360
232376
232392
232408
232425
232442
232459
232476
232493
232510
232527
232544
232561
232578
232595
232612
232629
232646
232663
232680
232697
232714
232731
232748
232765
232782
232799
232816
232833
232850
232867
232884
232901
232918
232935
232952
232969
232986
233003
233020
233037
233054
233071
233088
233105
233122
233139
233156
233173
233190
233207
233224
233241
233258
233275
233292
233309
233326
233343
233360
233377
233394
233411
233428
233445
233462
233479
233496
233513
233530
233547
233564
233581
233598
233615
233632
233649
233666
233683
233700
233717
233734
233751
233768
233785
233802
233819
233836
233853
233870
233887
233904
233921
233938
233955
233972
233989
234006
234023
234040
234057
234074
234091
234108
234125
234142
234159
234176
234193
234210
234227
234244
234261
234278
234295
234312
234329
234346
234363
234380
234396
234412
234428
234444
234460
234476
234492
234508
234524
234540
234556
234572
234588
234604
234620
234636
234652
234668
234684
234700
234716
234732
234748
234764
234780
234796
234812
234828
234844
234860
234876
234892
234908
234924
234940
234956
234972
234988
235004
235020
235036
235052
235068
235084
235100
235116
235132
235148
235164
235180
235196
235212
235228
235244
235260
235276
235292
235308
235324
235340
235356
235372
235389
235406
235423
235440
235457
235474
235491
235508
235525
235542
235559
235576
235593
235610
235627
235644
235661
235678
235695
235712
235729
235746
235763
235780
235797
235814
235831
235848
235865
235882
235899
235916
235933
235950
235967
235984
236001
236018
236035
236052
236069
236086
236103
236120
236137
236154
236171
236188
236205
236222
236239
236256
236273
236290
236307
236324
236341
236358
236375
236392
236409
236426
236443
236460
236477
236494
236511
236528
236545
236562
236579
236596
236613
236630
236647
236664
236681
236698
236715
236732
236749
236766
236783
236800
236817
236834
236851
236868
236885
236902
236919
236936
236953
236970
236987
237004
237021
237038
237055
237072
237089
237106
237123
237140
237157
237174
237191
237208
237225
237242
237259
237276
237293
237310
237327
237344
