15
30
45
60
75
90
105
120
135
150
165
180
195
210
225
240
255
270
285
300
315
330
345
360
375
390
405
420
435
450
465
480
495
510
525
540
555
570
585
600
615
630
645
660
675
690
705
720
735
750
765
780
795
810
825
840
855
870
885
900
915
930
945
960
975
990
1006
1022
1038
1054
1070
1086
1102
1118
1134
1150
1166
1182
1198
1214
1230
1246
1262
1278
1294
1310
1326
1342
1358
1374
1390
1406
1422
1438
1454
1470
1486
1502
1518
1534
1550
1566
1582
1598
1614
1630
1646
1662
1678
1694
1710
1726
1742
1758
1774
1790
1806
1822
1838
1854
1870
1886
1902
1918
1934
1950
1966
1982
1998
2014
2030
2046
2062
2078
2094
2110
2126
2142
2158
2174
2190
2206
2222
2238
2254
2270
2286
2302
2318
2334
2350
2366
2382
2398
2414
2430
2446
2462
2478
2494
2510
2526
2542
2558
2574
2590
2606
2622
2638
2654
2670
2686
2702
2718
2734
2750
2766
2782
2798
2814
2830
2846
2862
2878
2894
2910
2926
2942
2958
2974
2990
3006
3022
3038
3054
3070
3086
3102
3118
3134
3150
3166
3182
3198
3214
3230
3246
3262
3278
3294
3310
3326
3342
3358
3374
3390
3406
3422
3438
3454
3470
3486
3502
3518
3534
3550
3566
3582
3598
3614
3630
3646
3662
3678
3694
3710
3726
3742
3758
3774
3790
3806
3822
3838
3854
3870
3886
3902
3918
3934
3950
3966
3982
3998
4014
4030
4046
4062
4078
4094
4110
4126
4142
4158
4174
4190
4206
4222
4238
4254
4270
4286
4302
4318
4334
4350
4366
4382
4398
4414
4430
4446
4462
4478
4494
4510
4526
4542
4558
4574
4590
4606
4622
4638
4654
4670
4686
4702
4718
4734
4750
4766
4782
4798
4814
4830
4846
4862
4878
4894
4910
4926
4942
4958
4973
4988
5003
5018
5033
5048
5063
5078
5093
5108
5123
5138
5153
5168
5183
5198
5213
5228
5243
5258
5273
5288
5303
5318
5333
5348
5363
5378
5393
5408
5423
5438
5453
5468
5483
5498
5513
5528
5543
5558
5573
5588
5603
5618
5633
5648
5663
5678
5693
5708
5723
5738
5753
5768
5783
5798
5813
5828
5843
5858
5873
5888
5903
5918
5933
5948
5965
5982
5999
6016
6033
6050
6067
6084
6101
6118
6135
6152
6169
6186
6203
6220
6237
6254
6271
6288
6305
6322
6339
6356
6373
6390
6407
6424
6441
6458
6475
6492
6509
6526
6543
6560
6577
6594
6611
6628
6645
6662
6679
6696
6713
6730
6747
6764
6781
6798
6815
6832
6849
6866
6883
6900
6917
6934
6949
6964
6979
6994
7009
7024
7039
7054
7069
7084
7099
7114
7129
7144
7159
7174
7189
7204
7219
7234
7249
7264
7279
7294
7309
7324
7339
7354
7369
7384
7399
7414
7429
7444
7459
7474
7489
7504
7519
7534
7549
7564
7579
7594
7609
7624
7639
7654
7669
7684
7699
7714
7729
7744
7759
7774
7789
7804
7819
7834
7849
7864
7879
7894
7909
7924
7941
7958
7975
7992
8009
8026
8043
8060
8077
8094
8111
8128
8145
8162
8179
8196
8213
8230
8247
8264
8281
8298
8315
8332
8349
8366
8383
8400
8417
8434
8451
8468
8485
8502
8519
8536
8553
8570
8587
8604
8621
8638
8655
8672
8689
8706
8723
8740
8757
8774
8791
8808
8825
8842
8859
8876
8893
8910
8926
8942
8958
8974
8990
9006
9022
9038
9054
9070
9086
9102
9118
9134
9150
9166
9182
9198
9214
9230
9246
9262
9278
9294
9310
9326
9342
9358
9374
9390
9406
9422
9438
9454
9470
9486
9502
9518
9534
9550
9566
9582
9598
9614
9630
9646
9662
9678
9694
9710
9726
9742
9758
9774
9790
9806
9822
9838
9854
9870
9886
9902
9918
9934
9950
9966
9982
9998
10014
10030
10046
10062
10078
10094
10110
10126
10142
10158
10174
10190
10206
10222
10238
10254
10270
10286
10302
10318
10334
10350
10366
10382
10398
10414
10430
10446
10462
10478
10494
10510
10526
10542
10558
10574
10590
10606
10622
10638
10654
10670
10686
10702
10718
10734
10750
10766
10782
10798
10814
10830
10846
10862
10878
10894
10910
10926
10942
10958
10974
10990
11006
11022
11038
11054
11070
11086
11102
11118
11134
11150
11166
11182
11198
11214
11230
11246
11262
11278
11294
11310
11326
11342
11358
11374
11390
11406
11422
11438
11454
11470
11486
11502
11518
11534
11550
11566
11582
11598
11614
11630
11646
11662
11678
11694
11710
11726
11742
11758
11774
11790
11806
11822
11838
11854
11870
11886
11902
11918
11934
11950
11966
11982
11998
12014
12030
12046
12062
12078
12094
12110
12126
12142
12158
12174
12190
12206
12222
12238
12254
12270
12286
12302
12318
12334
12350
12366
12382
12398
12414
12430
12446
12462
12478
12494
12510
12526
12542
12558
12574
12590
12606
12622
12638
12654
12670
12686
12702
12718
12734
12750
12766
12782
12798
12814
12830
12846
12862
12878
12894
12910
12926
12942
12958
12974
12990
13006
13022
13038
13054
13070
13086
13102
13118
13134
13150
13166
13182
13198
13214
13230
13246
13262
13278
13294
13310
13326
13342
13358
13374
13390
13406
13422
13438
13454
13470
13486
13502
13518
13534
13550
13566
13582
13598
13614
13630
13646
13662
13678
13694
13710
13726
13742
13758
13774
13790
13806
13822
13838
13854
13870
13886
13902
13918
13934
13950
13966
13982
13998
14014
14030
14046
14062
14078
14094
14110
14126
14142
14158
14174
14190
14206
14222
14238
14254
14270
14286
14302
14318
14334
14350
14366
14382
14398
14414
14430
14446
14462
14478
14494
14510
14526
14542
14558
14574
14590
14606
14622
14638
14654
14670
14686
14702
14718
14734
14750
14766
14782
14798
14814
14830
14846
14862
14878
14894
14910
14926
14942
14958
14974
14990
15006
15022
15038
15054
15070
15086
15102
15118
15134
15150
15166
15182
15198
15214
15230
15246
15262
15278
15294
15310
15326
15342
15358
15374
15390
15406
15422
15438
15454
15470
15486
15502
15518
15534
15550
15566
15582
15598
15614
15630
15646
15662
15678
15694
15710
15726
15742
15758
15774
15790
15806
15822
15838
15854
15870
15886
15902
15918
15934
15950
15966
15982
15998
16014
16030
16046
16062
16078
16094
16110
16126
16142
16158
16174
16190
16206
16222
16238
16254
16270
16286
16302
16318
16334
16350
16366
16382
16398
16414
16430
16446
16462
16478
16494
16510
16526
16542
16558
16574
16590
16606
16622
16638
16654
16670
16686
16702
16718
16734
16750
16766
16782
16798
16814
16830
16846
16862
16878
16894
16910
16926
16942
16958
16974
16990
17006
17022
17038
17054
17070
17086
17102
17118
17134
17150
17166
17182
17198
17214
17230
17246
17262
17278
17294
17310
17326
17342
17358
17374
17390
17406
17422
17438
17454
17470
17486
17502
17518
17534
17550
17566
17582
17598
17614
17630
17646
17662
17678
17694
17710
17726
17742
17758
17774
17790
17806
17822
17838
17854
17870
17886
17902
17918
17934
17950
17966
17982
17998
18014
18030
18046
18062
18078
18094
18110
18126
18142
18158
18174
18190
18206
18222
18238
18254
18270
18286
18302
18318
18334
18350
18366
18382
18398
18414
18430
18446
18462
18478
18494
18510
18526
18542
18558
18574
18590
18606
18622
18638
18654
18670
18686
18702
18718
18734
18750
18766
18782
18798
18814
18830
18846
18862
18878
18894
18910
18926
18942
18958
18974
18990
19006
19022
19038
19054
19070
19086
19102
19118
19134
19150
19166
19182
19198
19214
19230
19246
19262
19278
19294
19310
19326
19342
19358
19374
19390
19406
19422
19438
19454
19470
19486
19502
19518
19534
19550
19566
19582
19598
19614
19630
19646
19662
19678
19694
19710
19726
19742
19758
19774
19790
19806
19822
19838
19854
19870
19886
19902
19918
19934
19950
19966
19982
19998
20014
20030
20046
20062
20078
20094
20110
20126
20142
20158
20174
20190
20206
20222
20238
20254
20270
20286
20302
20318
20334
20350
20366
20382
20398
20414
20430
20446
20462
20478
20494
20510
20526
20542
20558
20574
20590
20606
20622
20638
20654
20670
20686
20702
20718
20734
20750
20766
20782
20798
20814
20830
20846
20862
20878
20894
20910
20926
20942
20958
20974
20990
21006
21022
21038
21054
21070
21086
21102
21118
21134
21150
21166
21182
21198
21214
21230
21246
21262
21278
21294
21310
21326
21342
21358
21374
21390
21406
21422
21438
21454
21470
21486
21502
21518
21534
21550
21566
21582
21598
21614
21630
21646
21662
21678
21694
21710
21726
21742
21758
21774
21790
21806
21821
21836
21851
21866
21881
21896
21911
21926
21941
21956
21971
21986
22001
22016
22031
22046
22061
22076
22091
22106
22121
22136
22151
22166
22181
22196
22211
22226
22241
22256
22271
22286
22301
22316
22331
22346
22361
22376
22391
22406
22421
22436
22451
22466
22481
22496
22511
22526
22541
22556
22571
22586
22601
22616
22631
22646
22661
22676
22691
22706
22721
22736
22751
22766
22781
22796
22812
22828
22844
22860
22876
22892
22908
22924
22940
22956
22972
22988
23004
23020
23036
23052
23068
23084
23100
23116
23132
23148
23164
23180
23196
23212
23228
23244
23260
23276
23292
23308
23324
23340
23356
23372
23388
23404
23420
23436
23452
23468
23484
23500
23516
23532
23548
23564
23580
23596
23612
23628
23644
23660
23676
23692
23708
23724
23740
23756
23772
23788
23805
23822
23839
23856
23873
23890
23907
23924
23941
23958
23975
23992
24009
24026
24043
24060
24077
24094
24111
24128
24145
24162
24179
24196
24213
24230
24247
24264
24281
24298
24315
24332
24349
24366
24383
24400
24417
24434
24451
24468
24485
24502
24519
24536
24553
24570
24587
24604
24621
24638
24655
24672
24689
24706
24723
24740
24757
24774
24791
24808
24825
24842
24859
24876
24893
24910
24927
24944
24961
24978
24995
25012
25029
25046
25063
25080
25097
25114
25131
25148
25165
25182
25199
25216
25233
25250
25267
25284
25301
25318
25335
25352
25369
25386
25403
25420
25437
25454
25471
25488
25505
25522
25539
25556
25573
25590
25607
25624
25641
25658
25675
25692
25709
25726
25743
25760
25777
25794
25811
25828
25845
25862
25879
25896
25913
25930
25947
25964
25981
25998
26015
26032
26049
26066
26083
26100
26117
26134
26151
26168
26185
26202
26219
26236
26253
26270
26287
26304
26321
26338
26355
26372
26389
26406
26423
26440
26457
26474
26491
26508
26525
26542
26559
26576
26593
26610
26627
26644
26661
26678
26695
26712
26729
26746
26762
26778
26794
26810
26826
26842
26858
26874
26890
26906
26922
26938
26954
26970
26986
27002
27018
27034
27050
27066
27082
27098
27114
27130
27146
27162
27178
27194
27210
27226
27242
27258
27274
27290
27306
27322
27338
27354
27370
27386
27402
27418
27434
27450
27466
27482
27498
27514
27530
27546
27562
27578
27594
27610
27626
27642
27658
27674
27690
27706
27722
27738
27755
27772
27789
27806
27823
27840
27857
27874
27891
27908
27925
27942
27959
27976
27993
28010
28027
28044
28061
28078
28095
28112
28129
28146
28163
28180
28197
28214
28231
28248
28265
28282
28299
28316
28333
28350
28367
28384
28401
28418
28435
28452
28469
28486
28503
28520
28537
28554
28571
28588
28605
28622
28639
28656
28673
28690
28707
28724
28741
28758
28775
28792
28809
28826
28843
28860
28877
28894
28911
28928
28945
28962
28979
28996
29013
29030
29047
29064
29081
29098
29115
29132
29149
29166
29183
29200
29217
29234
29251
29268
29285
29302
29319
29336
29353
29370
29387
29404
29421
29438
29455
29472
29489
29506
29523
29540
29557
29574
29591
29608
29625
29642
29659
29676
29693
29710
29726
29742
29758
29774
29790
29806
29822
29838
29854
29870
29886
29902
29918
29934
29950
29966
29982
29998
30014
30030
30046
30062
30078
30094
30110
30126
30142
30158
30174
30190
30206
30222
30238
30254
30270
30286
30302
30318
30334
30350
30366
30382
30398
30414
30430
30446
30462
30478
30494
30510
30526
30542
30558
30574
30590
30606
30622
30638
30654
30670
30686
30702
30718
30734
30750
30766
30782
30798
30814
30830
30846
30862
30878
30894
30910
30926
30942
30958
30974
30990
31006
31022
31038
31054
31070
31086
31102
31118
31134
31150
31166
31182
31198
31214
31230
31246
31262
31278
31294
31310
31326
31342
31358
31374
31390
31406
31422
31438
31454
31470
31486
31502
31518
31534
31550
31566
31582
31598
31614
31630
31646
31662
31678
31694
31709
31724
31739
31754
31769
31784
31799
31814
31829
31844
31859
31874
31889
31904
31919
31934
31949
31964
31979
31994
32009
32024
32039
32054
32069
32084
32099
32114
32129
32144
32159
32174
32189
32204
32219
32234
32249
32264
32279
32294
32309
32324
32339
32354
32369
32384
32399
32414
32429
32444
32459
32474
32489
32504
32519
32534
32549
32564
32579
32594
32609
32624
32639
32654
32669
32684
32700
32716
32732
32748
32764
32780
32796
32812
32828
32844
32860
32876
32892
32908
32924
32940
32956
32972
32988
33004
33020
33036
33052
33068
33084
33100
33116
33132
33148
33164
33180
33196
33212
33228
33244
33260
33276
33292
33308
33324
33340
33356
33372
33388
33404
33420
33436
33452
33468
33484
33500
33516
33532
33548
33564
33580
33596
33612
33628
33644
33660
33676
33692
33708
33724
33740
33756
33772
33788
33804
33820
33836
33852
33868
33884
33900
33916
33932
33948
33964
33980
33996
34012
34028
34044
34060
34076
34092
34108
34124
34140
34156
34172
34188
34204
34220
34236
34252
34268
34284
34300
34316
34332
34348
34364
34380
34396
34412
34428
34444
34460
34476
34492
34508
34524
34540
34556
34572
34588
34604
34620
34636
34652
34668
34684
34700
34716
34732
34748
34764
34780
34796
34812
34828
34844
34860
34876
34892
34908
34924
34940
34956
34972
34988
35004
35020
35036
35052
35068
35084
35100
35116
35132
35148
35164
35180
35196
35212
35228
35244
35260
35276
35292
35308
35324
35340
35356
35372
35388
35404
35420
35436
35452
35468
35484
35500
35516
35532
35548
35564
35580
35596
35612
35628
35644
35660
35676
35692
35708
35724
35740
35756
35772
35788
35804
35820
35836
35852
35868
35884
35900
35916
35932
35948
35964
35980
35996
36012
36028
36044
36060
36076
36092
36108
36124
36140
36156
36172
36188
36204
36220
36236
36252
36268
36284
36300
36316
36332
36348
36364
36380
36396
36412
36428
36444
36460
36476
36492
36508
36524
36540
36556
36572
36588
36604
36620
36636
36652
36669
36686
36703
36720
36737
36754
36771
36788
36805
36822
36839
36856
36873
36890
36907
36924
36941
36958
36975
36992
37009
37026
37043
37060
37077
37094
37111
37128
37145
37162
37179
37196
37213
37230
37247
37264
37281
37298
37315
37332
37349
37366
37383
37400
37417
37434
37451
37468
37485
37502
37519
37536
37553
37570
37587
37604
37621
37638
37656
37674
37692
37710
37728
37746
37764
37782
37800
37818
37836
37854
37872
37890
37908
37926
37944
37962
37980
37998
38016
38034
38052
38070
38088
38106
38124
38142
38160
38178
38196
38214
38232
38250
38268
38286
38304
38322
38340
38358
38376
38394
38412
38430
38448
38466
38484
38502
38520
38538
38556
38574
38592
38610
38628
38645
38662
38679
38696
38713
38730
38747
38764
38781
38798
38815
38832
38849
38866
38883
38900
38917
38934
38951
38968
38985
39002
39019
39036
39053
39070
39087
39104
39121
39138
39155
39172
39189
39206
39223
39240
39257
39274
39291
39308
39325
39342
39359
39376
39393
39410
39427
39444
39461
39478
39495
39512
39529
39546
39563
39580
39597
39614
39629
39644
39659
39674
39689
39704
39719
39734
39749
39764
39779
39794
39809
39824
39839
39854
39869
39884
39899
39914
39929
39944
39959
39974
39989
40004
40019
40034
40049
40064
40079
40094
40109
40124
40139
40154
40169
40184
40199
40214
40229
40244
40259
40274
40289
40304
40319
40334
40349
40364
40379
40394
40409
40424
40439
40454
40469
40484
40499
40514
40529
40544
40559
40574
40589
40604
40619
40634
40649
40664
40679
40694
40709
40724
40739
40754
40769
40784
40799
40814
40829
40844
40859
40874
40889
40904
40919
40934
40949
40964
40979
40994
41009
41024
41039
41054
41069
41084
41099
41114
41129
41144
41159
41174
41189
41204
41219
41234
41249
41264
41279
41294
41309
41324
41339
41354
41369
41384
41399
41414
41429
41444
41459
41474
41489
41504
41519
41534
41549
41564
41579
41594
41611
41628
41645
41662
41679
41696
41713
41730
41747
41764
41781
41798
41815
41832
41849
41866
41883
41900
41917
41934
41951
41968
41985
42002
42019
42036
42053
42070
42087
42104
42121
42138
42155
42172
42189
42206
42223
42240
42257
42274
42291
42308
42325
42342
42359
42376
42393
42410
42427
42444
42461
42478
42495
42512
42529
42546
42563
42580
42596
42612
42628
42644
42660
42676
42692
42708
42724
42740
42756
42772
42788
42804
42820
42836
42852
42868
42884
42900
42916
42932
42948
42964
42980
42996
43012
43028
43044
43060
43076
43092
43108
43124
43140
43156
43172
43188
43204
43220
43236
43252
43268
43284
43300
43316
43332
43348
43364
43380
43396
43412
43428
43444
43460
43476
43492
43508
43524
43540
43556
43572
43590
43608
43626
43644
43662
43680
43698
43716
43734
43752
43770
43788
43806
43824
43842
43860
43878
43896
43914
43932
43950
43968
43986
44004
44022
44040
44058
44076
44094
44112
44130
44148
44166
44184
44202
44220
44238
44256
44274
44292
44310
44328
44346
44364
44382
44400
44418
44436
44454
44472
44490
44508
44526
44544
44562
44580
44598
44616
44634
44652
44670
44688
44706
44724
44742
44760
44778
44796
44814
44832
44850
44868
44886
44904
44922
44940
44958
44976
44994
45012
45030
45048
45066
45084
45102
45120
45138
45156
45174
45192
45210
45228
45246
45264
45282
45300
45318
45336
45354
45372
45390
45408
45426
45444
45462
45480
45498
45516
45534
45552
45568
45584
45600
45616
45632
45648
45664
45680
45696
45712
45728
45744
45760
45776
45792
45808
45824
45840
45856
45872
45888
45904
45920
45936
45952
45968
45984
46000
46016
46032
46048
46064
46080
46096
46112
46128
46144
46160
46176
46192
46208
46224
46240
46256
46272
46288
46304
46320
46336
46352
46368
46384
46400
46416
46432
46448
46464
46480
46496
46512
46528
46544
46561
46578
46595
46612
46629
46646
46663
46680
46697
46714
46731
46748
46765
46782
46799
46816
46833
46850
46867
46884
46901
46918
46935
46952
46969
46986
47003
47020
47037
47054
47071
47088
47105
47122
47139
47156
47173
47190
47207
47224
47241
47258
47275
47292
47309
47326
47343
47360
47377
47394
47411
47428
47445
47462
47479
47496
47513
47530
47547
47564
47581
47598
47615
47632
47649
47666
47683
47700
47717
47734
47751
47768
47785
47802
47819
47836
47853
47870
47887
47904
47921
47938
47955
47972
47989
48006
48023
48040
48057
48074
48091
48108
48125
48142
48159
48176
48193
48210
48227
48244
48261
48278
48295
48312
48329
48346
48363
48380
48397
48414
48431
48448
48465
48482
48499
48516
48532
48548
48564
48580
48596
48612
48628
48644
48660
48676
48692
48708
48724
48740
48756
48772
48788
48804
48820
48836
48852
48868
48884
48900
48916
48932
48948
48964
48980
48996
49012
49028
49044
49060
49076
49092
49108
49124
49140
49156
49172
49188
49204
49220
49236
49252
49268
49284
49300
49316
49332
49348
49364
49380
49396
49412
49428
49444
49460
49476
49492
49508
49524
49540
49556
49572
49588
49604
49620
49636
49652
49668
49684
49700
49716
49732
49748
49764
49780
49796
49812
49828
49844
49860
49876
49892
49908
49924
49940
49956
49972
49988
50004
50020
50036
50052
50068
50084
50100
50116
50132
50148
50164
50180
50196
50212
50228
50244
50260
50276
50292
50308
50324
50340
50356
50372
50388
50404
50420
50436
50452
50468
50484
50500
50515
50530
50545
50560
50575
50590
50605
50620
50635
50650
50665
50680
50695
50710
50725
50740
50755
50770
50785
50800
50815
50830
50845
50860
50875
50890
50905
50920
50935
50950
50965
50980
50995
51010
51025
51040
51055
51070
51085
51100
51115
51130
51145
51160
51175
51190
51205
51220
51235
51250
51265
51280
51295
51310
51325
51340
51355
51370
51385
51400
51415
51430
51445
51460
51475
51490
51506
51522
51538
51554
51570
51586
51602
51618
51634
51650
51666
51682
51698
51714
51730
51746
51762
51778
51794
51810
51826
51842
51858
51874
51890
51906
51922
51938
51954
51970
51986
52002
52018
52034
52050
52066
52082
52098
52114
52130
52146
52162
52178
52194
52210
52226
52242
52258
52274
52290
52306
52322
52338
52354
52370
52386
52402
52418
52434
52450
52466
52482
52498
52514
52530
52546
52562
52578
52594
52610
52626
52642
52658
52674
52690
52706
52722
52738
52754
52770
52786
52802
52818
52834
52850
52866
52882
52898
52914
52930
52946
52962
52978
52994
53010
53026
53042
53058
53074
53090
53106
53122
53138
53154
53170
53186
53202
53218
53234
53250
53266
53282
53298
53314
53330
53346
53362
53378
53394
53410
53426
53442
53458
53474
53490
53506
53522
53538
53554
53570
53586
53602
53618
53634
53650
53666
53682
53698
53714
53730
53746
53762
53778
53794
53810
53826
53842
53858
53874
53890
53906
53922
53938
53954
53970
53986
54002
54018
54034
54050
54066
54082
54098
54114
54130
54146
54162
54178
54194
54210
54226
54242
54258
54274
54290
54306
54322
54338
54354
54370
54386
54402
54418
54434
54450
54466
54482
54498
54514
54530
54546
54562
54578
54594
54610
54626
54642
54658
54674
54690
54706
54722
54738
54754
54770
54786
54802
54818
54834
54850
54866
54882
54898
54914
54930
54946
54962
54978
54994
55010
55026
55042
55058
55074
55090
55106
55122
55138
55154
55170
55186
55202
55218
55234
55250
55266
55282
55298
55314
55330
55346
55362
55378
55394
55410
55426
55442
55458
55473
55488
55503
55518
55533
55548
55563
55578
55593
55608
55623
55638
55653
55668
55683
55698
55713
55728
55743
55758
55773
55788
55803
55818
55833
55848
55863
55878
55893
55908
55923
55938
55953
55968
55983
55998
56013
56028
56043
56058
56073
56088
56103
56118
56133
56148
56163
56178
56193
56208
56223
56238
56253
56268
56283
56298
56313
56328
56343
56358
56373
56388
56403
56418
56433
56448
56464
56480
56496
56512
56528
56544
56560
56576
56592
56608
56624
56640
56656
56672
56688
56704
56720
56736
56752
56768
56784
56800
56816
56832
56848
56864
56880
56896
56912
56928
56944
56960
56976
56992
57008
57024
57040
57056
57072
57088
57104
57120
57136
57152
57168
57184
57200
57216
57232
57248
57264
57280
57296
57312
57328
57344
57360
57376
57392
57408
57424
57440
57456
57472
57488
57504
57520
57536
57552
57568
57584
57600
57616
57632
57648
57664
57680
57696
57712
57728
57744
57760
57776
57792
57808
57824
57840
57856
57872
57888
57904
57920
57936
57952
57968
57984
58000
58016
58032
58048
58064
58080
58096
58112
58128
58144
58160
58176
58192
58208
58224
58240
58256
58272
58288
58304
58320
58336
58352
58368
58384
58400
58416
58432
58447
58462
58477
58492
58507
58522
58537
58552
58567
58582
58597
58612
58627
58642
58657
58672
58687
58702
58717
58732
58747
58762
58777
58792
58807
58822
58837
58852
58867
58882
58897
58912
58927
58942
58957
58972
58987
59002
59017
59032
59047
59062
59077
59092
59107
59122
59137
59152
59167
59182
59197
59212
59227
59242
59257
59272
59287
59302
59317
59332
59347
59362
59377
59392
59407
59422
59436
59450
59464
59478
59492
59506
59520
59534
59548
59562
59576
59590
59604
59618
59632
59646
59660
59674
59688
59702
59716
59730
59744
59758
59772
59786
59800
59814
59828
59842
59856
59870
59884
59898
59912
59926
59940
59954
59968
59982
59996
60010
60024
60038
60052
60066
60080
60094
60108
60122
60136
60150
60164
60178
60192
60206
60220
60234
60248
60262
60276
60290
60304
60318
60332
60346
60360
60374
60388
60402
60416
60433
60450
60467
60484
60501
60518
60535
60552
60569
60586
60603
60620
60637
60654
60671
60688
60705
60722
60739
60756
60773
60790
60807
60824
60841
60858
60875
60892
60909
60926
60943
60960
60977
60994
61011
61028
61045
61062
61079
61096
61113
61130
61147
61164
61181
61198
61215
61232
61249
61266
61283
61300
61317
61334
61351
61368
61385
61402
61418
61434
61450
61466
61482
61498
61514
61530
61546
61562
61578
61594
61610
61626
61642
61658
61674
61690
61706
61722
61738
61754
61770
61786
61802
61818
61834
61850
61866
61882
61898
61914
61930
61946
61962
61978
61994
62010
62026
62042
62058
62074
62090
62106
62122
62138
62154
62170
62186
62202
62218
62234
62250
62266
62282
62298
62314
62330
62346
62362
62378
62394
62410
62426
62442
62458
62474
62490
62506
62522
62538
62554
62570
62586
62602
62618
62634
62650
62666
62682
62698
62714
62730
62746
62762
62778
62794
62810
62826
62842
62858
62874
62890
62906
62922
62938
62954
62970
62986
63002
63018
63034
63050
63066
63082
63098
63114
63130
63146
63162
63178
63194
63210
63226
63242
63258
63274
63290
63306
63322
63338
63354
63370
63386
63404
63422
63440
63458
63476
63494
63512
63530
63548
63566
63584
63602
63620
63638
63656
63674
63692
63710
63728
63746
63764
63782
63800
63818
63836
63854
63872
63890
63908
63926
63944
63962
63980
63998
64016
64034
64052
64070
64088
64106
64124
64142
64160
64178
64196
64214
64232
64250
64268
64286
64304
64322
64340
64358
64376
64393
64410
64427
64444
64461
64478
64495
64512
64529
64546
64563
64580
64597
64614
64631
64648
64665
64682
64699
64716
64733
64750
64767
64784
64801
64818
64835
64852
64869
64886
64903
64920
64937
64954
64971
64988
65005
65022
65039
65056
65073
65090
65107
65124
65141
65158
65175
65192
65209
65226
65243
65260
65277
65294
65311
65328
65345
65362
65379
65396
65413
65430
65447
65464
65481
65498
65515
65532
65549
65566
65583
65600
65617
65634
65651
65668
65685
65702
65719
65736
65753
65770
65787
65804
65821
65838
65855
65872
65889
65906
65923
65940
65957
65974
65991
66008
66025
66042
66059
66076
66093
66110
66127
66144
66161
66178
66195
66212
66229
66246
66263
66280
66297
66314
66331
66348
66363
66378
66393
66408
66423
66438
66453
66468
66483
66498
66513
66528
66543
66558
66573
66588
66603
66618
66633
66648
66663
66678
66693
66708
66723
66738
66753
66768
66783
66798
66813
66828
66843
66858
66873
66888
66903
66918
66933
66948
66963
66978
66993
67008
67023
67038
67053
67068
67083
67098
67113
67128
67143
67158
67173
67188
67203
67218
67233
67248
67263
67278
67293
67308
67323
67338
67354
67370
67386
67402
67418
67434
67450
67466
67482
67498
67514
67530
67546
67562
67578
67594
67610
67626
67642
67658
67674
67690
67706
67722
67738
67754
67770
67786
67802
67818
67834
67850
67866
67882
67898
67914
67930
67946
67962
67978
67994
68010
68026
68042
68058
68074
68090
68106
68122
68138
68154
68170
68186
68202
68218
68234
68250
68266
68282
68298
68314
68330
68345
68360
68375
68390
68405
68420
68435
68450
68465
68480
68495
68510
68525
68540
68555
68570
68585
68600
68615
68630
68645
68660
68675
68690
68705
68720
68735
68750
68765
68780
68795
68810
68825
68840
68855
68870
68885
68900
68915
68930
68945
68960
68975
68990
69005
69020
69035
69050
69065
69080
69095
69110
69125
69140
69155
69170
69185
69200
69215
69230
69245
69260
69275
69290
69305
69320
69336
69352
69368
69384
69400
69416
69432
69448
69464
69480
69496
69512
69528
69544
69560
69576
69592
69608
69624
69640
69656
69672
69688
69704
69720
69736
69752
69768
69784
69800
69816
69832
69848
69864
69880
69896
69912
69928
69944
69960
69976
69992
70008
70024
70040
70056
70072
70088
70104
70120
70136
70152
70168
70184
70200
70216
70232
70248
70264
70280
70296
70312
70327
70342
70357
70372
70387
70402
70417
70432
70447
70462
70477
70492
70507
70522
70537
70552
70567
70582
70597
70612
70627
70642
70657
70672
70687
70702
70717
70732
70747
70762
70777
70792
70807
70822
70837
70852
70867
70882
70897
70912
70927
70942
70957
70972
70987
71002
71017
71032
71047
71062
71077
71092
71107
71122
71137
71152
71167
71182
71197
71212
71227
71242
71257
71272
71287
71302
71318
71334
71350
71366
71382
71398
71414
71430
71446
71462
71478
71494
71510
71526
71542
71558
71574
71590
71606
71622
71638
71654
71670
71686
71702
71718
71734
71750
71766
71782
71798
71814
71830
71846
71862
71878
71894
71910
71926
71942
71958
71974
71990
72006
72022
72038
72054
72070
72086
72102
72118
72134
72150
72166
72182
72198
72214
72230
72246
72262
72278
72294
72310
72326
72342
72358
72374
72390
72406
72422
72438
72454
72470
72486
72502
72518
72534
72550
72566
72582
72598
72614
72630
72646
72662
72678
72694
72710
72726
72742
72758
72774
72790
72806
72822
72838
72854
72870
72886
72902
72918
72934
72950
72966
72982
72998
73014
73030
73046
73062
73078
73094
73110
73126
73142
73158
73174
73190
73206
73222
73238
73254
73270
73286
73301
73316
73331
73346
73361
73376
73391
73406
73421
73436
73451
73466
73481
73496
73511
73526
73541
73556
73571
73586
73601
73616
73631
73646
73661
73676
73691
73706
73721
73736
73751
73766
73781
73796
73811
73826
73841
73856
73871
73886
73901
73916
73931
73946
73961
73976
73991
74006
74021
74036
74051
74066
74081
74096
74111
74126
74141
74156
74171
74186
74201
74216
74231
74246
74261
74276
74292
74308
74324
74340
74356
74372
74388
74404
74420
74436
74452
74468
74484
74500
74516
74532
74548
74564
74580
74596
74612
74628
74644
74660
74676
74692
74708
74724
74740
74756
74772
74788
74804
74820
74836
74852
74868
74884
74900
74916
74932
74948
74964
74980
74996
75012
75028
75044
75060
75076
75092
75108
75124
75140
75156
75172
75188
75204
75220
75236
75252
75268
75284
75300
75316
75332
75348
75364
75380
75396
75412
75428
75444
75460
75476
75492
75508
75524
75540
75556
75572
75588
75604
75620
75636
75652
75668
75684
75700
75716
75732
75748
75764
75780
75796
75812
75828
75844
75860
75876
75892
75908
75924
75940
75956
75972
75988
76004
76020
76036
76052
76068
76084
76100
76116
76132
76148
76164
76180
76196
76212
76228
76244
76260
76275
76290
76305
76320
76335
76350
76365
76380
76395
76410
76425
76440
76455
76470
76485
76500
76515
76530
76545
76560
76575
76590
76605
76620
76635
76650
76665
76680
76695
76710
76725
76740
76755
76770
76785
76800
76815
76830
76845
76860
76875
76890
76905
76920
76935
76950
76965
76980
76995
77010
77025
77040
77055
77070
77085
77100
77115
77130
77145
77160
77175
77190
77205
77220
77235
77250
77267
77284
77301
77318
77335
77352
77369
77386
77403
77420
77437
77454
77471
77488
77505
77522
77539
77556
77573
77590
77607
77624
77641
77658
77675
77692
77709
77726
77743
77760
77777
77794
77811
77828
77845
77862
77879
77896
77913
77930
77947
77964
77981
77998
78015
78032
78049
78066
78083
78100
78117
78134
78151
78168
78185
78202
78219
78236
78253
78270
78287
78304
78321
78338
78355
78372
78389
78406
78423
78440
78457
78474
78491
78508
78525
78542
78559
78576
78593
78610
78627
78644
78661
78678
78695
78712
78729
78746
78763
78780
78797
78814
78831
78848
78865
78882
78899
78916
78933
78950
78967
78984
79001
79018
79035
79052
79069
79086
79103
79120
79137
79154
79171
79188
79205
79222
79238
79254
79270
79286
79302
79318
79334
79350
79366
79382
79398
79414
79430
79446
79462
79478
79494
79510
79526
79542
79558
79574
79590
79606
79622
79638
79654
79670
79686
79702
79718
79734
79750
79766
79782
79798
79814
79830
79846
79862
79878
79894
79910
79926
79942
79958
79974
79990
80006
80022
80038
80054
80070
80086
80102
80118
80134
80150
80166
80182
80198
80214
80230
80246
80262
80278
80294
80310
80326
80342
80358
80374
80390
80406
80422
80438
80454
80470
80486
80502
80518
80534
80550
80566
80582
80598
80614
80630
80646
80662
80678
80694
80710
80726
80742
80758
80774
80790
80806
80822
80838
80854
80870
80886
80902
80918
80934
80950
80966
80982
80998
81014
81030
81046
81062
81078
81094
81110
81126
81142
81158
81174
81190
81206
81222
81238
81254
81270
81286
81302
81318
81334
81350
81366
81382
81398
81414
81430
81446
81462
81478
81494
81510
81526
81542
81558
81574
81590
81606
81622
81638
81654
81670
81686
81702
81718
81734
81750
81766
81782
81798
81814
81830
81846
81862
81878
81894
81910
81926
81942
81958
81974
81990
82006
82022
82038
82054
82070
82086
82102
82118
82134
82150
82166
82182
82198
82215
82232
82249
82266
82283
82300
82317
82334
82351
82368
82385
82402
82419
82436
82453
82470
82487
82504
82521
82538
82555
82572
82589
82606
82623
82640
82657
82674
82691
82708
82725
82742
82759
82776
82793
82810
82827
82844
82861
82878
82895
82912
82929
82946
82963
82980
82997
83014
83031
83048
83065
83082
83099
83116
83133
83150
83167
83184
83200
83216
83232
83248
83264
83280
83296
83312
83328
83344
83360
83376
83392
83408
83424
83440
83456
83472
83488
83504
83520
83536
83552
83568
83584
83600
83616
83632
83648
83664
83680
83696
83712
83728
83744
83760
83776
83792
83808
83824
83840
83856
83872
83888
83904
83920
83936
83952
83968
83984
84000
84016
84032
84048
84064
84080
84096
84112
84128
84144
84160
84176
84193
84210
84227
84244
84261
84278
84295
84312
84329
84346
84363
84380
84397
84414
84431
84448
84465
84482
84499
84516
84533
84550
84567
84584
84601
84618
84635
84652
84669
84686
84703
84720
84737
84754
84771
84788
84805
84822
84839
84856
84873
84890
84907
84924
84941
84958
84975
84992
85009
85026
85043
85060
85077
85094
85111
85128
85145
85162
85178
85194
85210
85226
85242
85258
85274
85290
85306
85322
85338
85354
85370
85386
85402
85418
85434
85450
85466
85482
85498
85514
85530
85546
85562
85578
85594
85610
85626
85642
85658
85674
85690
85706
85722
85738
85754
85770
85786
85802
85818
85834
85850
85866
85882
85898
85914
85930
85946
85962
85978
85994
86010
86026
86042
86058
86074
86090
86106
86122
86138
86154
86169
86184
86199
86214
86229
86244
86259
86274
86289
86304
86319
86334
86349
86364
86379
86394
86409
86424
86439
86454
86469
86484
86499
86514
86529
86544
86559
86574
86589
86604
86619
86634
86649
86664
86679
86694
86709
86724
86739
86754
86769
86784
86799
86814
86829
86844
86859
86874
86889
86904
86919
86934
86949
86964
86979
86994
87009
87024
87039
87054
87069
87084
87099
87114
87129
87144
87161
87178
87195
87212
87229
87246
87263
87280
87297
87314
87331
87348
87365
87382
87399
87416
87433
87450
87467
87484
87501
87518
87535
87552
87569
87586
87603
87620
87637
87654
87671
87688
87705
87722
87739
87756
87773
87790
87807
87824
87841
87858
87875
87892
87909
87926
87943
87960
87977
87994
88011
88028
88045
88062
88079
88096
88113
88130
88146
88162
88178
88194
88210
88226
88242
88258
88274
88290
88306
88322
88338
88354
88370
88386
88402
88418
88434
88450
88466
88482
88498
88514
88530
88546
88562
88578
88594
88610
88626
88642
88658
88674
88690
88706
88722
88738
88754
88770
88786
88802
88818
88834
88850
88866
88882
88898
88914
88930
88946
88962
88978
88994
89010
89026
89042
89058
89074
89090
89106
89122
89138
89154
89170
89186
89202
89218
89234
89250
89266
89282
89298
89314
89330
89346
89362
89378
89394
89410
89426
89442
89458
89474
89490
89506
89522
89538
89554
89570
89586
89602
89618
89634
89650
89666
89682
89698
89714
89730
89746
89762
89778
89794
89810
89826
89842
89858
89874
89890
89906
89922
89938
89954
89970
89986
90002
90018
90034
90050
90066
90082
90098
90114
90131
90148
90165
90182
90199
90216
90233
90250
90267
90284
90301
90318
90335
90352
90369
90386
90403
90420
90437
90454
90471
90488
90505
90522
90539
90556
90573
90590
90607
90624
90641
90658
90675
90692
90709
90726
90743
90760
90777
90794
90811
90828
90845
90862
90879
90896
90913
90930
90947
90964
90981
90998
91015
91032
91049
91066
91083
91100
91115
91130
91145
91160
91175
91190
91205
91220
91235
91250
91265
91280
91295
91310
91325
91340
91355
91370
91385
91400
91415
91430
91445
91460
91475
91490
91505
91520
91535
91550
91565
91580
91595
91610
91625
91640
91655
91670
91685
91700
91715
91730
91745
91760
91775
91790
91805
91820
91835
91850
91865
91880
91895
91910
91925
91940
91955
91970
91985
92000
92015
92030
92045
92060
92075
92090
92106
92122
92138
92154
92170
92186
92202
92218
92234
92250
92266
92282
92298
92314
92330
92346
92362
92378
92394
92410
92426
92442
92458
92474
92490
92506
92522
92538
92554
92570
92586
92602
92618
92634
92650
92666
92682
92698
92714
92730
92746
92762
92778
92794
92810
92826
92842
92858
92874
92890
92906
92922
92938
92954
92970
92986
93002
93018
93034
93050
93066
93082
93099
93116
93133
93150
93167
93184
93201
93218
93235
93252
93269
93286
93303
93320
93337
93354
93371
93388
93405
93422
93439
93456
93473
93490
93507
93524
93541
93558
93575
93592
93609
93626
93643
93660
93677
93694
93711
93728
93745
93762
93779
93796
93813
93830
93847
93864
93881
93898
93915
93932
93949
93966
93983
94000
94017
94034
94051
94068
94086
94104
94122
94140
94158
94176
94194
94212
94230
94248
94266
94284
94302
94320
94338
94356
94374
94392
94410
94428
94446
94464
94482
94500
94518
94536
94554
94572
94590
94608
94626
94644
94662
94680
94698
94716
94734
94752
94770
94788
94806
94824
94842
94860
94878
94896
94914
94932
94950
94968
94986
95004
95022
95040
95058
95074
95090
95106
95122
95138
95154
95170
95186
95202
95218
95234
95250
95266
95282
95298
95314
95330
95346
95362
95378
95394
95410
95426
95442
95458
95474
95490
95506
95522
95538
95554
95570
95586
95602
95618
95634
95650
95666
95682
95698
95714
95730
95746
95762
95778
95794
95810
95826
95842
95858
95874
95890
95906
95922
95938
95954
95970
95986
96002
96018
96034
96050
96066
96082
96098
96114
96130
96146
96162
96178
96194
96210
96226
96242
96258
96274
96290
96306
96322
96338
96354
96370
96386
96402
96418
96434
96450
96466
96482
96498
96514
96530
96546
96562
96578
96594
96610
96626
96642
96658
96674
96690
96706
96722
96738
96754
96770
96786
96802
96818
96834
96850
96866
96882
96898
96914
96930
96946
96962
96978
96994
97010
97026
97042
97058
97074
97090
97106
97122
97138
97154
97170
97186
97202
97218
97234
97250
97266
97282
97298
97314
97330
97346
97362
97378
97394
97410
97426
97442
97458
97474
97490
97506
97522
97538
97554
97570
97586
97602
97618
97634
97650
97666
97682
97698
97714
97730
97746
97762
97778
97794
97810
97826
97842
97858
97874
97890
97906
97922
97938
97954
97970
97986
98002
98018
98034
98051
98068
98085
98102
98119
98136
98153
98170
98187
98204
98221
98238
98255
98272
98289
98306
98323
98340
98357
98374
98391
98408
98425
98442
98459
98476
98493
98510
98527
98544
98561
98578
98595
98612
98629
98646
98663
98680
98697
98714
98731
98748
98765
98782
98799
98816
98833
98850
98867
98884
98901
98918
98935
98952
98969
98986
99003
99020
99036
99052
99068
99084
99100
99116
99132
99148
99164
99180
99196
99212
99228
99244
99260
99276
99292
99308
99324
99340
99356
99372
99388
99404
99420
99436
99452
99468
99484
99500
99516
99532
99548
99564
99580
99596
99612
99628
99644
99660
99676
99692
99708
99724
99740
99756
99772
99788
99804
99820
99836
99852
99868
99884
99900
99916
99932
99948
99964
99980
99996
100012
100028
100044
100060
100076
100092
100108
100124
100140
100156
100172
100188
100204
100220
100236
100252
100268
100284
100300
100316
100332
100348
100364
100380
100396
100412
100428
100444
100460
100476
100492
100508
100524
100540
100556
100572
100588
100604
100620
100636
100652
100668
100684
100700
100716
100732
100748
100764
100780
100796
100812
100828
100844
100860
100876
100892
100908
100924
100940
100956
100972
100988
101004
101023
101042
101061
101080
101099
101118
101137
101156
101175
101194
101213
101232
101251
101270
101289
101308
101327
101346
101365
101384
101403
101422
101441
101460
101479
101498
101517
101536
101555
101574
101593
101612
101631
101650
101669
101688
101707
101726
101745
101764
101783
101802
101821
101840
101859
101878
101897
101916
101935
101954
101973
101992
102007
102022
102037
102052
102067
102082
102097
102112
102127
102142
102157
102172
102187
102202
102217
102232
102247
102262
102277
102292
102307
102322
102337
102352
102367
102382
102397
102412
102427
102442
102457
102472
102487
102502
102517
102532
102547
102562
102577
102592
102607
102622
102637
102652
102667
102682
102697
102712
102727
102742
102757
102772
102787
102802
102817
102832
102847
102862
102877
102892
102907
102922
102937
102952
102967
102982
102999
103016
103033
103050
103067
103084
103101
103118
103135
103152
103169
103186
103203
103220
103237
103254
103271
103288
103305
103322
103339
103356
103373
103390
103407
103424
103441
103458
103475
103492
103509
103526
103543
103560
103577
103594
103611
103628
103645
103662
103679
103696
103713
103730
103747
103764
103781
103798
103815
103832
103849
103866
103883
103900
103917
103934
103951
103968
103983
103998
104013
104028
104043
104058
104073
104088
104103
104118
104133
104148
104163
104178
104193
104208
104223
104238
104253
104268
104283
104298
104313
104328
104343
104358
104373
104388
104403
104418
104433
104448
104463
104478
104493
104508
104523
104538
104553
104568
104583
104598
104613
104628
104643
104658
104673
104688
104703
104718
104733
104748
104763
104778
104793
104808
104823
104838
104853
104868
104883
104898
104913
104928
104943
104958
104974
104990
105006
105022
105038
105054
105070
105086
105102
105118
105134
105150
105166
105182
105198
105214
105230
105246
105262
105278
105294
105310
105326
105342
105358
105374
105390
105406
105422
105438
105454
105470
105486
105502
105518
105534
105550
105566
105582
105598
105614
105630
105646
105662
105678
105694
105710
105726
105742
105758
105774
105790
105806
105822
105838
105854
105870
105886
105902
105918
105934
105950
105966
105982
105998
106014
106030
106046
106062
106078
106094
106110
106126
106142
106158
106174
106190
106206
106222
106238
106254
106270
106286
106302
106318
106334
106350
106366
106382
106398
106414
106430
106446
106462
106478
106494
106510
106526
106542
106558
106574
106590
106606
106622
106638
106654
106670
106686
106702
106718
106734
106750
106766
106782
106798
106814
106830
106846
106862
106878
106894
106910
106926
106942
106958
106974
106990
107006
107022
107038
107054
107070
107086
107102
107118
107134
107150
107166
107182
107198
107214
107230
107246
107262
107278
107294
107310
107326
107342
107358
107374
107390
107406
107422
107438
107454
107470
107486
107502
107518
107534
107550
107566
107582
107598
107614
107630
107646
107662
107678
107694
107710
107726
107742
107758
107774
107790
107806
107822
107838
107854
107870
107886
107902
107918
107934
107951
107968
107985
108002
108019
108036
108053
108070
108087
108104
108121
108138
108155
108172
108189
108206
108223
108240
108257
108274
108291
108308
108325
108342
108359
108376
108393
108410
108427
108444
108461
108478
108495
108512
108529
108546
108563
108580
108597
108614
108631
108648
108665
108682
108699
108716
108733
108750
108767
108784
108801
108818
108835
108852
108869
108886
108903
108920
108935
108950
108965
108980
108995
109010
109025
109040
109055
109070
109085
109100
109115
109130
109145
109160
109175
109190
109205
109220
109235
109250
109265
109280
109295
109310
109325
109340
109355
109370
109385
109400
109415
109430
109445
109460
109475
109490
109505
109520
109535
109550
109565
109580
109595
109610
109625
109640
109655
109670
109685
109700
109715
109730
109745
109760
109775
109790
109805
109820
109835
109850
109865
109880
109895
109910
109926
109942
109958
109974
109990
110006
110022
110038
110054
110070
110086
110102
110118
110134
110150
110166
110182
110198
110214
110230
110246
110262
110278
110294
110310
110326
110342
110358
110374
110390
110406
110422
110438
110454
110470
110486
110502
110518
110534
110550
110566
110582
110598
110614
110630
110646
110662
110678
110694
110710
110726
110742
110758
110774
110790
110806
110822
110838
110854
110870
110886
110902
110917
110932
110947
110962
110977
110992
111007
111022
111037
111052
111067
111082
111097
111112
111127
111142
111157
111172
111187
111202
111217
111232
111247
111262
111277
111292
111307
111322
111337
111352
111367
111382
111397
111412
111427
111442
111457
111472
111487
111502
111517
111532
111547
111562
111577
111592
111607
111622
111637
111652
111667
111682
111697
111712
111727
111742
111757
111772
111787
111802
111817
111832
111847
111862
111877
111892
111908
111924
111940
111956
111972
111988
112004
112020
112036
112052
112068
112084
112100
112116
112132
112148
112164
112180
112196
112212
112228
112244
112260
112276
112292
112308
112324
112340
112356
112372
112388
112404
112420
112436
112452
112468
112484
112500
112516
112532
112548
112564
112580
112596
112612
112628
112644
112660
112676
112692
112708
112724
112740
112756
112772
112788
112804
112820
112836
112852
112868
112884
112899
112914
112929
112944
112959
112974
112989
113004
113019
113034
113049
113064
113079
113094
113109
113124
113139
113154
113169
113184
113199
113214
113229
113244
113259
113274
113289
113304
113319
113334
113349
113364
113379
113394
113409
113424
113439
113454
113469
113484
113499
113514
113529
113544
113559
113574
113589
113604
113619
113634
113649
113664
113679
113694
113709
113724
113739
113754
113769
113784
113799
113814
113829
113844
113859
113874
113892
113910
113928
113946
113964
113982
114000
114018
114036
114054
114072
114090
114108
114126
114144
114162
114180
114198
114216
114234
114252
114270
114288
114306
114324
114342
114360
114378
114396
114414
114432
114450
114468
114486
114504
114522
114540
114558
114576
114594
114612
114630
114648
114666
114684
114702
114720
114738
114756
114774
114792
114810
114828
114846
114864
114880
114896
114912
114928
114944
114960
114976
114992
115008
115024
115040
115056
115072
115088
115104
115120
115136
115152
115168
115184
115200
115216
115232
115248
115264
115280
115296
115312
115328
115344
115360
115376
115392
115408
115424
115440
115456
115472
115488
115504
115520
115536
115552
115568
115584
115600
115616
115632
115648
115664
115680
115696
115712
115728
115744
115760
115776
115792
115808
115824
115840
115856
115871
115886
115901
115916
115931
115946
115961
115976
115991
116006
116021
116036
116051
116066
116081
116096
116111
116126
116141
116156
116171
116186
116201
116216
116231
116246
116261
116276
116291
116306
116321
116336
116351
116366
116381
116396
116411
116426
116441
116456
116471
116486
116501
116516
116531
116546
116561
116576
116591
116606
116621
116636
116651
116666
116681
116696
116711
116726
116741
116756
116771
116786
116801
116816
116831
116846
116861
116876
116891
116906
116921
116936
116951
116966
116981
116996
117011
117026
117041
117056
117071
117086
117101
117116
117131
117146
117161
117176
117191
117206
117221
117236
117251
117266
117281
117296
117311
117326
117341
117356
117371
117386
117401
117416
117431
117446
117461
117476
117491
117506
117521
117536
117551
117566
117581
117596
117611
117626
117641
117656
117671
117686
117701
117716
117731
117746
117761
117776
117791
117806
117821
117836
117852
117868
117884
117900
117916
117932
117948
117964
117980
117996
118012
118028
118044
118060
118076
118092
118108
118124
118140
118156
118172
118188
118204
118220
118236
118252
118268
118284
118300
118316
118332
118348
118364
118380
118396
118412
118428
118444
118460
118476
118492
118508
118524
118540
118556
118572
118588
118604
118620
118636
118652
118668
118684
118700
118716
118732
118748
118764
118780
118796
118812
118828
118844
118860
118876
118892
118908
118924
118940
118956
118972
118988
119004
119020
119036
119052
119068
119084
119100
119116
119132
119148
119164
119180
119196
119212
119228
119244
119260
119276
119292
119308
119324
119340
119356
119372
119388
119404
119420
119436
119452
119468
119484
119500
119516
119532
119548
119564
119580
119596
119612
119628
119644
119660
119676
119692
119708
119724
119740
119756
119772
119788
119804
119820
119836
119852
119868
119884
119900
119916
119932
119948
119964
119980
119996
120012
120028
120044
120060
120076
120092
120108
120124
120140
120156
120172
120188
120204
120220
120236
120252
120268
120284
120300
120316
120332
120348
120364
120380
120396
120412
120428
120444
120460
120476
120492
120508
120524
120540
120556
120572
120588
120604
120620
120636
120652
120668
120684
120700
120716
120732
120748
120764
120780
120796
120812
120830
120848
120866
120884
120902
120920
120938
120956
120974
120992
121010
121028
121046
121064
121082
121100
121118
121136
121154
121172
121190
121208
121226
121244
121262
121280
121298
121316
121334
121352
121370
121388
121406
121424
121442
121460
121478
121496
121514
121532
121550
121568
121586
121604
121622
121640
121658
121676
121694
121712
121730
121748
121766
121784
121802
121819
121836
121853
121870
121887
121904
121921
121938
121955
121972
121989
122006
122023
122040
122057
122074
122091
122108
122125
122142
122159
122176
122193
122210
122227
122244
122261
122278
122295
122312
122329
122346
122363
122380
122397
122414
122431
122448
122465
122482
122499
122516
122533
122550
122567
122584
122601
122618
122635
122652
122669
122686
122703
122720
122737
122754
122771
122788
122803
122818
122833
122848
122863
122878
122893
122908
122923
122938
122953
122968
122983
122998
123013
123028
123043
123058
123073
123088
123103
123118
123133
123148
123163
123178
123193
123208
123223
123238
123253
123268
123283
123298
123313
123328
123343
123358
123373
123388
123403
123418
123433
123448
123463
123478
123493
123508
123523
123538
123553
123568
123583
123598
123613
123628
123643
123658
123673
123688
123703
123718
123733
123748
123763
123778
123795
123812
123829
123846
123863
123880
123897
123914
123931
123948
123965
123982
123999
124016
124033
124050
124067
124084
124101
124118
124135
124152
124169
124186
124203
124220
124237
124254
124271
124288
124305
124322
124339
124356
124373
124390
124407
124424
124441
124458
124475
124492
124509
124526
124543
124560
124577
124594
124611
124628
124645
124662
124679
124696
124713
124730
124747
124764
124781
124798
124815
124832
124849
124866
124883
124900
124917
124934
124951
124968
124985
125002
125019
125036
125053
125070
125087
125104
125121
125138
125155
125172
125189
125206
125223
125240
125257
125274
125291
125308
125325
125342
125359
125376
125393
125410
125427
125444
125461
125478
125495
125512
125529
125546
125563
125580
125597
125614
125631
125648
125665
125682
125699
125716
125733
125750
125766
125782
125798
125814
125830
125846
125862
125878
125894
125910
125926
125942
125958
125974
125990
126006
126022
126038
126054
126070
126086
126102
126118
126134
126150
126166
126182
126198
126214
126230
126246
126262
126278
126294
126310
126326
126342
126358
126374
126390
126406
126422
126438
126454
126470
126486
126502
126518
126534
126550
126566
126582
126598
126614
126630
126646
126662
126678
126694
126710
126726
126742
126758
126774
126790
126806
126822
126838
126854
126870
126886
126902
126918
126934
126950
126966
126982
126998
127014
127030
127046
127062
127078
127094
127110
127126
127142
127158
127174
127190
127206
127222
127238
127254
127270
127286
127302
127318
127334
127350
127366
127382
127398
127414
127430
127446
127462
127478
127494
127510
127526
127542
127558
127574
127590
127606
127622
127638
127654
127670
127686
127702
127718
127734
127750
127766
127782
127798
127814
127830
127846
127862
127878
127894
127910
127926
127942
127958
127974
127990
128006
128022
128038
128054
128070
128086
128102
128118
128134
128150
128166
128182
128198
128214
128230
128246
128262
128278
128294
128310
128326
128342
128358
128374
128390
128406
128422
128438
128454
128470
128486
128502
128518
128534
128550
128566
128582
128598
128614
128630
128646
128662
128678
128694
128710
128726
128743
128760
128777
128794
128811
128828
128845
128862
128879
128896
128913
128930
128947
128964
128981
128998
129015
129032
129049
129066
129083
129100
129117
129134
129151
129168
129185
129202
129219
129236
129253
129270
129287
129304
129321
129338
129355
129372
129389
129406
129423
129440
129457
129474
129491
129508
129525
129542
129559
129576
129593
129610
129627
129644
129661
129678
129695
129712
129728
129744
129760
129776
129792
129808
129824
129840
129856
129872
129888
129904
129920
129936
129952
129968
129984
130000
130016
130032
130048
130064
130080
130096
130112
130128
130144
130160
130176
130192
130208
130224
130240
130256
130272
130288
130304
130320
130336
130352
130368
130384
130400
130416
130432
130448
130464
130480
130496
130512
130528
130544
130560
130576
130592
130608
130624
130640
130656
130672
130688
130704
130720
130736
130752
130768
130784
130800
130816
130832
130848
130864
130880
130896
130912
130928
130944
130960
130976
130992
131008
131024
131040
131056
131072
131088
131104
131120
131136
131152
131168
131184
131200
131216
131232
131248
131264
131280
131296
131312
131328
131344
131360
131376
131392
131408
131424
131440
131456
131472
131488
131504
131520
131536
131552
131568
131584
131600
131616
131632
131648
131664
131680
131696
131712
131728
131744
131760
131776
131792
131808
131824
131840
131856
131872
131888
131904
131920
131936
131952
131968
131984
132000
132016
132032
132048
132064
132080
132096
132112
132128
132144
132160
132176
132192
132208
132224
132240
132256
132272
132288
132304
132320
132336
132352
132368
132384
132400
132416
132432
132448
132464
132480
132496
132512
132528
132544
132560
132576
132592
132608
132624
132640
132656
132672
132688
132704
132720
132736
132752
132768
132784
132800
132816
132832
132848
132864
132880
132896
132912
132928
132944
132960
132976
132992
133008
133024
133040
133056
133072
133088
133104
133120
133136
133152
133168
133184
133200
133216
133232
133248
133264
133280
133296
133312
133328
133344
133360
133376
133392
133408
133424
133440
133456
133472
133488
133504
133520
133536
133552
133568
133584
133600
133616
133632
133648
133664
133680
133695
133710
133725
133740
133755
133770
133785
133800
133815
133830
133845
133860
133875
133890
133905
133920
133935
133950
133965
133980
133995
134010
134025
134040
134055
134070
134085
134100
134115
134130
134145
134160
134175
134190
134205
134220
134235
134250
134265
134280
134295
134310
134325
134340
134355
134370
134385
134400
134415
134430
134445
134460
134475
134490
134505
134520
134535
134550
134565
134580
134595
134610
134625
134640
134655
134670
134686
134702
134718
134734
134750
134766
134782
134798
134814
134830
134846
134862
134878
134894
134910
134926
134942
134958
134974
134990
135006
135022
135038
135054
135070
135086
135102
135118
135134
135150
135166
135182
135198
135214
135230
135246
135262
135278
135294
135310
135326
135342
135358
135374
135390
135406
135422
135438
135454
135470
135486
135502
135518
135534
135550
135566
135582
135598
135614
135630
135646
135662
135678
135694
135710
135726
135742
135758
135774
135790
135806
135822
135838
135854
135870
135886
135902
135918
135934
135950
135966
135982
135998
136014
136030
136046
136062
136078
136094
136110
136126
136142
136158
136174
136190
136206
136222
136238
136254
136270
136286
136302
136318
136334
136350
136366
136382
136398
136414
136430
136446
136462
136478
136494
136510
136526
136542
136558
136574
136590
136606
136622
136638
136654
136671
136688
136705
136722
136739
136756
136773
136790
136807
136824
136841
136858
136875
136892
136909
136926
136943
136960
136977
136994
137011
137028
137045
137062
137079
137096
137113
137130
137147
137164
137181
137198
137215
137232
137249
137266
137283
137300
137317
137334
137351
137368
137385
137402
137419
137436
137453
137470
137487
137504
137521
137538
137555
137572
137589
137606
137623
137640
137655
137670
137685
137700
137715
137730
137745
137760
137775
137790
137805
137820
137835
137850
137865
137880
137895
137910
137925
137940
137955
137970
137985
138000
138015
138030
138045
138060
138075
138090
138105
138120
138135
138150
138165
138180
138195
138210
138225
138240
138255
138270
138285
138300
138315
138330
138345
138360
138375
138390
138405
138420
138435
138450
138465
138480
138495
138510
138525
138540
138555
138570
138585
138600
138615
138630
138647
138664
138681
138698
138715
138732
138749
138766
138783
138800
138817
138834
138851
138868
138885
138902
138919
138936
138953
138970
138987
139004
139021
139038
139055
139072
139089
139106
139123
139140
139157
139174
139191
139208
139225
139242
139259
139276
139293
139310
139327
139344
139361
139378
139395
139412
139429
139446
139463
139480
139497
139514
139531
139548
139565
139582
139599
139616
139632
139648
139664
139680
139696
139712
139728
139744
139760
139776
139792
139808
139824
139840
139856
139872
139888
139904
139920
139936
139952
139968
139984
140000
140016
140032
140048
140064
140080
140096
140112
140128
140144
140160
140176
140192
140208
140224
140240
140256
140272
140288
140304
140320
140336
140352
140368
140384
140400
140416
140432
140448
140464
140480
140496
140512
140528
140544
140560
140576
140592
140608
140623
140638
140653
140668
140683
140698
140713
140728
140743
140758
140773
140788
140803
140818
140833
140848
140863
140878
140893
140908
140923
140938
140953
140968
140983
140998
141013
141028
141043
141058
141073
141088
141103
141118
141133
141148
141163
141178
141193
141208
141223
141238
141253
141268
141283
141298
141313
141328
141343
141358
141373
141388
141403
141418
141433
141448
141463
141478
141493
141508
141523
141538
141553
141568
141583
141598
141613
141628
141643
141658
141673
141688
141703
141718
141733
141748
141763
141778
141793
141808
141823
141838
141853
141868
141883
141898
141913
141928
141943
141958
141973
141988
142003
142018
142033
142048
142063
142078
142093
142108
142123
142138
142153
142168
142183
142198
142213
142228
142243
142258
142273
142288
142303
142318
142333
142348
142363
142378
142393
142408
142423
142438
142453
142468
142483
142498
142513
142528
142543
142558
142573
142588
142604
142620
142636
142652
142668
142684
142700
142716
142732
142748
142764
142780
142796
142812
142828
142844
142860
142876
142892
142908
142924
142940
142956
142972
142988
143004
143020
143036
143052
143068
143084
143100
143116
143132
143148
143164
143180
143196
143212
143228
143244
143260
143276
143292
143308
143324
143340
143356
143372
143388
143404
143420
143436
143452
143468
143484
143500
143516
143532
143548
143564
143580
143596
143612
143628
143644
143660
143676
143692
143708
143724
143740
143756
143772
143788
143804
143820
143836
143852
143868
143884
143900
143916
143932
143948
143964
143980
143996
144012
144028
144044
144060
144076
144092
144108
144124
144140
144156
144172
144188
144204
144220
144236
144252
144268
144284
144300
144316
144332
144348
144364
144380
144396
144412
144428
144444
144460
144476
144492
144508
144524
144540
144556
144572
144589
144606
144623
144640
144657
144674
144691
144708
144725
144742
144759
144776
144793
144810
144827
144844
144861
144878
144895
144912
144929
144946
144963
144980
144997
145014
145031
145048
145065
145082
145099
145116
145133
145150
145167
145184
145201
145218
145235
145252
145269
145286
145303
145320
145337
145354
145371
145388
145405
145422
145439
145456
145473
145490
145507
145524
145541
145558
145575
145592
145609
145626
145643
145660
145677
145694
145711
145728
145745
145762
145779
145796
145813
145830
145847
145864
145881
145898
145915
145932
145949
145966
145983
146000
146017
146034
146051
146068
146085
146102
146119
146136
146153
146170
146187
146204
146221
146238
146255
146272
146289
146306
146323
146340
146357
146374
146391
146408
146425
146442
146459
146476
146493
146510
146527
146544
146562
146580
146598
146616
146634
146652
146670
146688
146706
146724
146742
146760
146778
146796
146814
146832
146850
146868
146886
146904
146922
146940
146958
146976
146994
147012
147030
147048
147066
147084
147102
147120
147138
147156
147174
147192
147210
147228
147246
147264
147282
147300
147318
147336
147354
147372
147390
147408
147426
147444
147462
147480
147498
147516
147534
147550
147566
147582
147598
147614
147630
147646
147662
147678
147694
147710
147726
147742
147758
147774
147790
147806
147822
147838
147854
147870
147886
147902
147918
147934
147950
147966
147982
147998
148014
148030
148046
148062
148078
148094
148110
148126
148142
148158
148174
148190
148206
148222
148238
148254
148270
148286
148302
148318
148334
148350
148366
148382
148398
148414
148430
148446
148462
148478
148494
148510
148526
148541
148556
148571
148586
148601
148616
148631
148646
148661
148676
148691
148706
148721
148736
148751
148766
148781
148796
148811
148826
148841
148856
148871
148886
148901
148916
148931
148946
148961
148976
148991
149006
149021
149036
149051
149066
149081
149096
149111
149126
149141
149156
149171
149186
149201
149216
149231
149246
149261
149276
149291
149306
149321
149336
149351
149366
149381
149396
149411
149426
149441
149456
149471
149486
149501
149516
149532
149548
149564
149580
149596
149612
149628
149644
149660
149676
149692
149708
149724
149740
149756
149772
149788
149804
149820
149836
149852
149868
149884
149900
149916
149932
149948
149964
149980
149996
150012
150028
150044
150060
150076
150092
150108
150124
150140
150156
150172
150188
150204
150220
150236
150252
150268
150284
150300
150316
150332
150348
150364
150380
150396
150412
150428
150444
150460
150476
150492
150508
150525
150542
150559
150576
150593
150610
150627
150644
150661
150678
150695
150712
150729
150746
150763
150780
150797
150814
150831
150848
150865
150882
150899
150916
150933
150950
150967
150984
151001
151018
151035
151052
151069
151086
151103
151120
151137
151154
151171
151188
151205
151222
151239
151256
151273
151290
151307
151324
151341
151358
151375
151392
151409
151426
151443
151460
151477
151494
151510
151526
151542
151558
151574
151590
151606
151622
151638
151654
151670
151686
151702
151718
151734
151750
151766
151782
151798
151814
151830
151846
151862
151878
151894
151910
151926
151942
151958
151974
151990
152006
152022
152038
152054
152070
152086
152102
152118
152134
152150
152166
152182
152198
152214
152230
152246
152262
152278
152294
152310
152326
152342
152358
152374
152390
152406
152422
152438
152454
152470
152486
152503
152520
152537
152554
152571
152588
152605
152622
152639
152656
152673
152690
152707
152724
152741
152758
152775
152792
152809
152826
152843
152860
152877
152894
152911
152928
152945
152962
152979
152996
153013
153030
153047
153064
153081
153098
153115
153132
153149
153166
153183
153200
153217
153234
153251
153268
153285
153302
153319
153336
153353
153370
153387
153404
153421
153438
153455
153472
153488
153504
153520
153536
153552
153568
153584
153600
153616
153632
153648
153664
153680
153696
153712
153728
153744
153760
153776
153792
153808
153824
153840
153856
153872
153888
153904
153920
153936
153952
153968
153984
154000
154016
154032
154048
154064
154080
154096
154112
154128
154144
154160
154176
154192
154208
154224
154240
154256
154272
154288
154304
154320
154336
154352
154368
154384
154400
154416
154432
154448
154464
154480
154496
154512
154528
154544
154560
154576
154592
154608
154624
154640
154656
154672
154688
154704
154720
154736
154752
154768
154784
154800
154816
154832
154848
154864
154880
154896
154912
154928
154944
154960
154976
154992
155008
155024
155040
155056
155072
155088
155104
155120
155136
155152
155168
155184
155200
155216
155232
155248
155264
155280
155296
155312
155328
155344
155360
155376
155392
155408
155424
155440
155456
155472
155488
155504
155520
155536
155552
155568
155584
155600
155616
155632
155648
155664
155680
155696
155712
155728
155744
155760
155776
155792
155808
155824
155840
155856
155872
155888
155904
155920
155936
155952
155968
155984
156000
156016
156032
156048
156064
156080
156096
156112
156128
156144
156160
156176
156192
156208
156224
156240
156256
156272
156288
156304
156320
156336
156352
156368
156384
156400
156416
156432
156448
156464
156480
156496
156512
156528
156544
156560
156576
156592
156608
156624
156640
156656
156672
156688
156704
156720
156736
156752
156768
156784
156800
156816
156832
156848
156864
156880
156896
156912
156928
156944
156960
156976
156992
157008
157024
157040
157056
157072
157088
157104
157120
157136
157152
157168
157184
157200
157216
157232
157248
157264
157280
157296
157312
157328
157344
157360
157376
157392
157408
157424
157440
157455
157470
157485
157500
157515
157530
157545
157560
157575
157590
157605
157620
157635
157650
157665
157680
157695
157710
157725
157740
157755
157770
157785
157800
157815
157830
157845
157860
157875
157890
157905
157920
157935
157950
157965
157980
157995
158010
158025
158040
158055
158070
158085
158100
158115
158130
158145
158160
158175
158190
158205
158220
158235
158250
158265
158280
158295
158310
158325
158340
158355
158370
158385
158400
158415
158430
158445
158460
158475
158490
158505
158520
158535
158550
158565
158580
158595
158610
158625
158640
158655
158670
158685
158700
158715
158730
158745
158760
158775
158790
158805
158820
158835
158850
158865
158880
158895
158910
158925
158940
158955
158970
158985
159000
159015
159030
159045
159060
159075
159090
159105
159120
159135
159150
159165
159180
159195
159210
159225
159240
159255
159270
159285
159300
159315
159330
159345
159360
159375
159390
159405
159420
159437
159454
159471
159488
159505
159522
159539
159556
159573
159590
159607
159624
159641
159658
159675
159692
159709
159726
159743
159760
159777
159794
159811
159828
159845
159862
159879
159896
159913
159930
159947
159964
159981
159998
160015
160032
160049
160066
160083
160100
160117
160134
160151
160168
160185
160202
160219
160236
160253
160270
160287
160304
160321
160338
160355
160372
160389
160406
160422
160438
160454
160470
160486
160502
160518
160534
160550
160566
160582
160598
160614
160630
160646
160662
160678
160694
160710
160726
160742
160758
160774
160790
160806
160822
160838
160854
160870
160886
160902
160918
160934
160950
160966
160982
160998
161014
161030
161046
161062
161078
161094
161110
161126
161142
161158
161174
161190
161206
161222
161238
161254
161270
161286
161302
161318
161334
161350
161366
161382
161398
161414
161430
161446
161462
161478
161494
161510
161526
161542
161558
161574
161590
161606
161622
161638
161654
161670
161686
161702
161718
161734
161750
161766
161782
161798
161814
161830
161846
161862
161878
161894
161910
161926
161942
161958
161974
161990
162006
162022
162038
162054
162070
162086
162102
162118
162134
162150
162166
162182
162198
162214
162230
162246
162262
162278
162294
162310
162326
162342
162358
162374
162390
162408
162426
162444
162462
162480
162498
162516
162534
162552
162570
162588
162606
162624
162642
162660
162678
162696
162714
162732
162750
162768
162786
162804
162822
162840
162858
162876
162894
162912
162930
162948
162966
162984
163002
163020
163038
163056
163074
163092
163110
163128
163146
163164
163182
163200
163218
163236
163254
163272
163290
163308
163326
163344
163362
163380
163396
163412
163428
163444
163460
163476
163492
163508
163524
163540
163556
163572
163588
163604
163620
163636
163652
163668
163684
163700
163716
163732
163748
163764
163780
163796
163812
163828
163844
163860
163876
163892
163908
163924
163940
163956
163972
163988
164004
164020
164036
164052
164068
164084
164100
164116
164132
164148
164164
164180
164196
164212
164228
164244
164260
164276
164292
164308
164324
164340
164356
164372
164388
164404
164420
164436
164452
164468
164484
164500
164516
164532
164548
164564
164580
164596
164612
164628
164644
164660
164676
164692
164708
164724
164740
164756
164772
164788
164804
164820
164836
164852
164868
164884
164900
164916
164932
164948
164964
164980
164996
165012
165028
165044
165060
165076
165092
165108
165124
165140
165156
165172
165188
165204
165220
165236
165252
165268
165284
165300
165316
165332
165348
165364
165381
165398
165415
165432
165449
165466
165483
165500
165517
165534
165551
165568
165585
165602
165619
165636
165653
165670
165687
165704
165721
165738
165755
165772
165789
165806
165823
165840
165857
165874
165891
165908
165925
165942
165959
165976
165993
166010
166027
166044
166061
166078
166095
166112
166129
166146
166163
166180
166197
166214
166231
166248
166265
166282
166299
166316
166333
166350
166366
166382
166398
166414
166430
166446
166462
166478
166494
166510
166526
166542
166558
166574
166590
166606
166622
166638
166654
166670
166686
166702
166718
166734
166750
166766
166782
166798
166814
166830
166846
166862
166878
166894
166910
166926
166942
166958
166974
166990
167006
167022
167038
167054
167070
167086
167102
167118
167134
167150
167166
167182
167198
167214
167230
167246
167262
167278
167294
167310
167326
167342
167358
167374
167390
167406
167422
167438
167454
167470
167486
167502
167518
167534
167550
167566
167582
167598
167614
167630
167646
167662
167678
167694
167710
167726
167742
167758
167774
167790
167806
167822
167838
167854
167870
167886
167902
167918
167934
167950
167966
167982
167998
168014
168030
168046
168062
168078
168094
168110
168126
168142
168158
168174
168190
168206
168222
168238
168254
168270
168286
168302
168318
168334
168351
168368
168385
168402
168419
168436
168453
168470
168487
168504
168521
168538
168555
168572
168589
168606
168623
168640
168657
168674
168691
168708
168725
168742
168759
168776
168793
168810
168827
168844
168861
168878
168895
168912
168929
168946
168963
168980
168997
169014
169031
169048
169065
169082
169099
169116
169133
169150
169167
169184
169201
169218
169235
169252
169269
169286
169303
169320
169336
169352
169368
169384
169400
169416
169432
169448
169464
169480
169496
169512
169528
169544
169560
169576
169592
169608
169624
169640
169656
169672
169688
169704
169720
169736
169752
169768
169784
169800
169816
169832
169848
169864
169880
169896
169912
169928
169944
169960
169976
169992
170008
170024
170040
170056
170072
170088
170104
170120
170136
170152
170168
170184
170200
170216
170232
170248
170264
170280
170296
170312
170328
170344
170360
170376
170392
170408
170424
170440
170456
170472
170488
170504
170520
170536
170552
170568
170584
170600
170616
170632
170648
170664
170680
170696
170712
170728
170744
170760
170776
170792
170808
170824
170840
170856
170872
170888
170904
170920
170936
170952
170968
170984
171000
171016
171032
171048
171064
171080
171096
171112
171128
171144
171160
171176
171192
171208
171224
171240
171256
171272
171288
171304
171320
171336
171352
171368
171384
171400
171416
171432
171448
171464
171480
171496
171512
171528
171544
171560
171576
171592
171608
171624
171640
171656
171672
171688
171704
171720
171736
171752
171768
171784
171800
171816
171832
171848
171864
171880
171896
171912
171928
171944
171960
171976
171992
172008
172024
172040
172056
172072
172088
172104
172120
172136
172152
172168
172184
172200
172216
172232
172248
172264
172280
172296
172312
172328
172344
172360
172376
172392
172408
172424
172440
172456
172472
172488
172504
172520
172536
172552
172568
172584
172600
172616
172632
172648
172664
172680
172696
172712
172728
172744
172760
172776
172792
172808
172824
172840
172856
172872
172888
172904
172920
172936
172952
172968
172984
173000
173016
173032
173048
173064
173080
173096
173112
173128
173144
173160
173176
173192
173208
173224
173240
173256
173272
173288
173304
173320
173336
173352
173368
173384
173400
173416
173432
173448
173464
173480
173496
173512
173528
173544
173560
173576
173592
173608
173624
173640
173656
173672
173688
173704
173720
173736
173752
173768
173784
173800
173816
173832
173848
173864
173880
173896
173912
173928
173944
173960
173976
173992
174008
174024
174040
174056
174072
174088
174104
174120
174136
174152
174168
174184
174200
174216
174232
174248
174264
174280
174295
174310
174325
174340
174355
174370
174385
174400
174415
174430
174445
174460
174475
174490
174505
174520
174535
174550
174565
174580
174595
174610
174625
174640
174655
174670
174685
174700
174715
174730
174745
174760
174775
174790
174805
174820
174835
174850
174865
174880
174895
174910
174925
174940
174955
174970
174985
175000
175015
175030
175045
175060
175075
175090
175105
175120
175135
175150
175165
175180
175195
175210
175225
175240
175255
175270
175286
175302
175318
175334
175350
175366
175382
175398
175414
175430
175446
175462
175478
175494
175510
175526
175542
175558
175574
175590
175606
175622
175638
175654
175670
175686
175702
175718
175734
175750
175766
175782
175798
175814
175830
175846
175862
175878
175894
175910
175926
175942
175958
175974
175990
176006
176022
176038
176054
176070
176086
176102
176118
176134
176150
176166
176182
176198
176214
176230
176246
176262
176279
176296
176313
176330
176347
176364
176381
176398
176415
176432
176449
176466
176483
176500
176517
176534
176551
176568
176585
176602
176619
176636
176653
176670
176687
176704
176721
176738
176755
176772
176789
176806
176823
176840
176857
176874
176891
176908
176925
176942
176959
176976
176993
177010
177027
177044
177061
177078
177095
177112
177129
177146
177163
177180
177197
177214
177231
177248
177264
177280
177296
177312
177328
177344
177360
177376
177392
177408
177424
177440
177456
177472
177488
177504
177520
177536
177552
177568
177584
177600
177616
177632
177648
177664
177680
177696
177712
177728
177744
177760
177776
177792
177808
177824
177840
177856
177872
177888
177904
177920
177936
177952
177968
177984
178000
178016
178032
178048
178064
178080
178096
178112
178128
178144
178160
178176
178192
178208
178224
178240
178256
178272
178288
178304
178320
178336
178352
178368
178384
178400
178416
178432
178448
178464
178480
178496
178512
178528
178544
178560
178576
178592
178608
178624
178640
178656
178672
178688
178704
178720
178736
178752
178768
178784
178800
178816
178832
178848
178864
178880
178896
178912
178928
178944
178960
178976
178992
179008
179024
179040
179056
179072
179088
179104
179120
179136
179152
179168
179184
179200
179216
179232
179249
179266
179283
179300
179317
179334
179351
179368
179385
179402
179419
179436
179453
179470
179487
179504
179521
179538
179555
179572
179589
179606
179623
179640
179657
179674
179691
179708
179725
179742
179759
179776
179793
179810
179827
179844
179861
179878
179895
179912
179929
179946
179963
179980
179997
180014
180031
180048
180065
180082
180099
180116
180133
180150
180167
180184
180201
180218
180234
180250
180266
180282
180298
180314
180330
180346
180362
180378
180394
180410
180426
180442
180458
180474
180490
180506
180522
180538
180554
180570
180586
180602
180618
180634
180650
180666
180682
180698
180714
180730
180746
180762
180778
180794
180810
180826
180842
180858
180874
180890
180906
180922
180938
180954
180970
180986
181002
181018
181034
181050
181066
181082
181098
181114
181130
181146
181162
181178
181194
181210
181225
181240
181255
181270
181285
181300
181315
181330
181345
181360
181375
181390
181405
181420
181435
181450
181465
181480
181495
181510
181525
181540
181555
181570
181585
181600
181615
181630
181645
181660
181675
181690
181705
181720
181735
181750
181765
181780
181795
181810
181825
181840
181855
181870
181885
181900
181915
181930
181945
181960
181975
181990
182005
182020
182035
182050
182065
182080
182095
182110
182125
182140
182155
182170
182185
182200
182215
182230
182245
182260
182275
182290
182305
182320
182335
182350
182365
182380
182395
182410
182425
182440
182455
182470
182485
182500
182515
182530
182545
182560
182575
182590
182605
182620
182635
182650
182665
182680
182695
182710
182725
182740
182755
182770
182785
182800
182815
182830
182845
182860
182875
182890
182905
182920
182935
182950
182965
182980
182995
183010
183025
183040
183055
183070
183085
183100
183115
183130
183145
183160
183175
183190
183207
183224
183241
183258
183275
183292
183309
183326
183343
183360
183377
183394
183411
183428
183445
183462
183479
183496
183513
183530
183547
183564
183581
183598
183615
183632
183649
183666
183683
183700
183717
183734
183751
183768
183785
183802
183819
183836
183853
183870
183887
183904
183921
183938
183955
183972
183989
184006
184023
184040
184057
184074
184091
184108
184125
184142
184159
184176
184193
184210
184227
184244
184261
184278
184295
184312
184329
184346
184363
184380
184397
184414
184431
184448
184465
184482
184499
184516
184533
184550
184567
184584
184601
184618
184635
184652
184669
184686
184703
184720
184737
184754
184771
184788
184805
184822
184839
184856
184873
184890
184907
184924
184941
184958
184975
184992
185009
185026
185043
185060
185077
185094
185111
185128
185145
185162
185178
185194
185210
185226
185242
185258
185274
185290
185306
185322
185338
185354
185370
185386
185402
185418
185434
185450
185466
185482
185498
185514
185530
185546
185562
185578
185594
185610
185626
185642
185658
185674
185690
185706
185722
185738
185754
185770
185786
185802
185818
185834
185850
185866
185882
185898
185914
185930
185946
185962
185978
185994
186010
186026
186042
186058
186074
186090
186106
186122
186138
186154
186169
186184
186199
186214
186229
186244
186259
186274
186289
186304
186319
186334
186349
186364
186379
186394
186409
186424
186439
186454
186469
186484
186499
186514
186529
186544
186559
186574
186589
186604
186619
186634
186649
186664
186679
186694
186709
186724
186739
186754
186769
186784
186799
186814
186829
186844
186859
186874
186889
186904
186919
186934
186949
186964
186979
186994
187009
187024
187039
187054
187069
187084
187099
187114
187129
187144
187159
187174
187189
187204
187219
187234
187249
187264
187279
187294
187309
187324
187339
187354
187369
187384
187399
187414
187429
187444
187459
187474
187489
187504
187519
187534
187549
187564
187579
187594
187609
187624
187639
187654
187669
187684
187699
187714
187729
187744
187759
187774
187789
187804
187819
187834
187849
187864
187879
187894
187909
187924
187939
187954
187969
187984
187999
188014
188029
188044
188059
188074
188089
188104
188119
188134
188151
188168
188185
188202
188219
188236
188253
188270
188287
188304
188321
188338
188355
188372
188389
188406
188423
188440
188457
188474
188491
188508
188525
188542
188559
188576
188593
188610
188627
188644
188661
188678
188695
188712
188729
188746
188763
188780
188797
188814
188831
188848
188865
188882
188899
188916
188933
188950
188967
188984
189001
189018
189035
189052
189069
189086
189103
189120
189136
189152
189168
189184
189200
189216
189232
189248
189264
189280
189296
189312
189328
189344
189360
189376
189392
189408
189424
189440
189456
189472
189488
189504
189520
189536
189552
189568
189584
189600
189616
189632
189648
189664
189680
189696
189712
189728
189744
189760
189776
189792
189808
189824
189840
189856
189872
189888
189904
189920
189936
189952
189968
189984
190000
190016
190032
190048
190064
190080
190096
190112
190128
190144
190160
190176
190192
190208
190224
190240
190256
190272
190288
190304
190320
190336
190352
190368
190384
190400
190416
190432
190448
190464
190480
190496
190512
190528
190544
190560
190576
190592
190608
190624
190640
190656
190672
190688
190704
190720
190736
190752
190768
190784
190800
190816
190832
190848
190864
190880
190896
190912
190928
190944
190960
190976
190992
191008
191024
191040
191056
191072
191088
191104
191120
191136
191152
191168
191184
191200
191216
191232
191248
191264
191280
191296
191312
191328
191344
191360
191376
191392
191408
191424
191440
191456
191472
191488
191504
191520
191536
191552
191568
191584
191600
191616
191632
191648
191664
191680
191696
191712
191728
191744
191760
191776
191792
191808
191824
191840
191856
191872
191888
191904
191920
191936
191952
191968
191984
192000
192016
192032
192048
192064
192080
192096
192112
192128
192144
192160
192176
192192
192208
192224
192240
192256
192272
192288
192304
192320
192336
192352
192368
192384
192400
192416
192432
192448
192464
192480
192496
192512
192528
192544
192560
192576
192592
192608
192624
192640
192656
192672
192688
192704
192720
192736
192752
192768
192784
192800
192816
192832
192848
192864
192880
192896
192912
192928
192944
192960
192976
192992
193008
193024
193040
193056
193072
193088
193105
193122
193139
193156
193173
193190
193207
193224
193241
193258
193275
193292
193309
193326
193343
193360
193377
193394
193411
193428
193445
193462
193479
193496
193513
193530
193547
193564
193581
193598
193615
193632
193649
193666
193683
193700
193717
193734
193751
193768
193785
193802
193819
193836
193853
193870
193887
193904
193921
193938
193955
193972
193989
194006
194023
194040
194057
194074
194091
194108
194125
194142
194159
194176
194193
194210
194227
194244
194261
194278
194295
194312
194329
194346
194363
194380
194397
194414
194431
194448
194465
194482
194499
194516
194533
194550
194567
194584
194601
194618
194635
194652
194669
194686
194703
194720
194737
194754
194771
194788
194805
194822
194839
194856
194873
194890
194907
194924
194941
194958
194975
194992
195009
195026
195043
195060
195076
195092
195108
195124
195140
195156
195172
195188
195204
195220
195236
195252
195268
195284
195300
195316
195332
195348
195364
195380
195396
195412
195428
195444
195460
195476
195492
195508
195524
195540
195556
195572
195588
195604
195620
195636
195652
195668
195684
195700
195716
195732
195748
195764
195780
195796
195812
195828
195844
195860
195876
195892
195908
195924
195940
195956
195972
195988
196004
196020
196036
196052
196069
196086
196103
196120
196137
196154
196171
196188
196205
196222
196239
196256
196273
196290
196307
196324
196341
196358
196375
196392
196409
196426
196443
196460
196477
196494
196511
196528
196545
196562
196579
196596
196613
196630
196647
196664
196681
196698
196715
196732
196749
196766
196783
196800
196817
196834
196851
196868
196885
196902
196919
196936
196953
196970
196987
197004
197021
197038
197053
197068
197083
197098
197113
197128
197143
197158
197173
197188
197203
197218
197233
197248
197263
197278
197293
197308
197323
197338
197353
197368
197383
197398
197413
197428
197443
197458
197473
197488
197503
197518
197533
197548
197563
197578
197593
197608
197623
197638
197653
197668
197683
197698
197713
197728
197743
197758
197773
197788
197803
197818
197833
197848
197863
197878
197893
197908
197923
197938
197953
197968
197983
197998
198013
198028
198043
198058
198073
198088
198103
198118
198133
198148
198163
198178
198193
198208
198223
198238
198253
198268
198283
198298
198313
198328
198343
198358
198373
198388
198403
198418
198433
198448
198463
198478
198493
198508
198523
198538
198553
198568
198583
198598
198613
198628
198643
198658
198673
198688
198703
198718
198733
198748
198763
198778
198793
198808
198823
198838
198853
198868
198883
198898
198913
198928
198943
198958
198973
198988
199003
199018
199034
199050
199066
199082
199098
199114
199130
199146
199162
199178
199194
199210
199226
199242
199258
199274
199290
199306
199322
199338
199354
199370
199386
199402
199418
199434
199450
199466
199482
199498
199514
199530
199546
199562
199578
199594
199610
199626
199642
199658
199674
199690
199706
199722
199738
199754
199770
199786
199802
199818
199834
199850
199866
199882
199898
199914
199930
199946
199962
199978
199994
200010
200027
200044
200061
200078
200095
200112
200129
200146
200163
200180
200197
200214
200231
200248
200265
200282
200299
200316
200333
200350
200367
200384
200401
200418
200435
200452
200469
200486
200503
200520
200537
200554
200571
200588
200605
200622
200639
200656
200673
200690
200707
200724
200741
200758
200775
200792
200809
200826
200843
200860
200877
200894
200911
200928
200945
200962
200979
200996
201011
201026
201041
201056
201071
201086
201101
201116
201131
201146
201161
201176
201191
201206
201221
201236
201251
201266
201281
201296
201311
201326
201341
201356
201371
201386
201401
201416
201431
201446
201461
201476
201491
201506
201521
201536
201551
201566
201581
201596
201611
201626
201641
201656
201671
201686
201701
201716
201731
201746
201761
201776
201791
201806
201821
201836
201851
201866
201881
201896
201911
201926
201941
201956
201971
201986
202002
202018
202034
202050
202066
202082
202098
202114
202130
202146
202162
202178
202194
202210
202226
202242
202258
202274
202290
202306
202322
202338
202354
202370
202386
202402
202418
202434
202450
202466
202482
202498
202514
202530
202546
202562
202578
202594
202610
202626
202642
202658
202674
202690
202706
202722
202738
202754
202770
202786
202802
202818
202834
202850
202866
202882
202898
202914
202930
202946
202962
202978
202996
203014
203032
203050
203068
203086
203104
203122
203140
203158
203176
203194
203212
203230
203248
203266
203284
203302
203320
203338
203356
203374
203392
203410
203428
203446
203464
203482
203500
203518
203536
203554
203572
203590
203608
203626
203644
203662
203680
203698
203716
203734
203752
203770
203788
203806
203824
203842
203860
203878
203896
203914
203932
203950
203968
203984
204000
204016
204032
204048
204064
204080
204096
204112
204128
204144
204160
204176
204192
204208
204224
204240
204256
204272
204288
204304
204320
204336
204352
204368
204384
204400
204416
204432
204448
204464
204480
204496
204512
204528
204544
204560
204576
204592
204608
204624
204640
204656
204672
204688
204704
204720
204736
204752
204768
204784
204800
204816
204832
204848
204864
204880
204896
204912
204928
204944
204960
204976
204992
205008
205024
205040
205056
205072
205088
205104
205120
205136
205152
205168
205184
205200
205216
205232
205248
205264
205280
205296
205312
205328
205344
205360
205376
205392
205408
205424
205440
205456
205472
205488
205504
205520
205536
205552
205568
205584
205600
205616
205632
205648
205664
205680
205696
205712
205728
205744
205760
205776
205792
205808
205824
205840
205856
205872
205888
205904
205920
205936
205952
205968
205984
206000
206016
206032
206048
206064
206080
206096
206112
206128
206144
206160
206176
206192
206208
206224
206240
206256
206272
206288
206304
206320
206336
206352
206368
206384
206400
206416
206432
206448
206464
206480
206496
206512
206528
206544
206560
206576
206592
206608
206624
206640
206656
206672
206688
206704
206720
206736
206752
206768
206784
206800
206816
206832
206848
206864
206880
206896
206912
206928
206944
206960
206976
206992
207008
207024
207040
207056
207072
207088
207104
207120
207136
207152
207168
207184
207200
207216
207232
207248
207264
207280
207296
207312
207328
207344
207360
207376
207392
207408
207424
207440
207456
207472
207488
207504
207520
207536
207552
207568
207584
207600
207616
207632
207648
207664
207680
207696
207712
207728
207744
207760
207776
207792
207808
207824
207840
207856
207872
207888
207904
207920
207936
207953
207970
207987
208004
208021
208038
208055
208072
208089
208106
208123
208140
208157
208174
208191
208208
208225
208242
208259
208276
208293
208310
208327
208344
208361
208378
208395
208412
208429
208446
208463
208480
208497
208514
208531
208548
208565
208582
208599
208616
208633
208650
208667
208684
208701
208718
208735
208752
208769
208786
208803
208820
208837
208854
208871
208888
208905
208922
208938
208954
208970
208986
209002
209018
209034
209050
209066
209082
209098
209114
209130
209146
209162
209178
209194
209210
209226
209242
209258
209274
209290
209306
209322
209338
209354
209370
209386
209402
209418
209434
209450
209466
209482
209498
209514
209530
209546
209562
209578
209594
209610
209626
209642
209658
209674
209690
209706
209722
209738
209754
209770
209786
209802
209818
209834
209850
209866
209882
209898
209914
209930
209946
209962
209978
209994
210010
210026
210042
210058
210074
210090
210106
210122
210138
210154
210170
210186
210202
210218
210234
210250
210266
210282
210298
210314
210330
210346
210362
210378
210394
210410
210426
210442
210458
210474
210490
210506
210522
210538
210554
210570
210586
210602
210618
210634
210650
210666
210682
210698
210714
210730
210746
210762
210778
210794
210810
210826
210842
210858
210874
210890
210906
210922
210938
210954
210970
210986
211002
211018
211034
211050
211066
211082
211098
211114
211130
211146
211162
211178
211194
211210
211226
211242
211258
211274
211290
211306
211322
211338
211354
211370
211386
211402
211418
211434
211450
211466
211482
211498
211514
211530
211546
211562
211578
211594
211610
211626
211642
211658
211674
211690
211706
211722
211738
211754
211770
211786
211802
211818
211834
211850
211866
211882
211898
211915
211932
211949
211966
211983
212000
212017
212034
212051
212068
212085
212102
212119
212136
212153
212170
212187
212204
212221
212238
212255
212272
212289
212306
212323
212340
212357
212374
212391
212408
212425
212442
212459
212476
212493
212510
212527
212544
212561
212578
212595
212612
212629
212646
212663
212680
212697
212714
212731
212748
212765
212782
212799
212816
212833
212850
212867
212884
212901
212918
212935
212952
212969
212986
213003
213020
213037
213054
213071
213088
213105
213122
213139
213156
213173
213190
213207
213224
213241
213258
213275
213292
213309
213326
213343
213360
213377
213394
213411
213428
213445
213462
213479
213496
213513
213530
213547
213564
213581
213598
213615
213632
213649
213666
213683
213700
213717
213734
213751
213768
213785
213802
213819
213836
213853
213870
213886
213902
213918
213934
213950
213966
213982
213998
214014
214030
214046
214062
214078
214094
214110
214126
214142
214158
214174
214190
214206
214222
214238
214254
214270
214286
214302
214318
214334
214350
214366
214382
214398
214414
214430
214446
214462
214478
214494
214510
214526
214542
214558
214574
214590
214606
214622
214638
214654
214670
214686
214702
214718
214734
214750
214766
214782
214798
214814
214830
214846
214862
214877
214892
214907
214922
214937
214952
214967
214982
214997
215012
215027
215042
215057
215072
215087
215102
215117
215132
215147
215162
215177
215192
215207
215222
215237
215252
215267
215282
215297
215312
215327
215342
215357
215372
215387
215402
215417
215432
215447
215462
215477
215492
215507
215522
215537
215552
215567
215582
215597
215612
215627
215642
215657
215672
215687
215702
215717
215732
215747
215762
215777
215792
215807
215822
215837
215852
215869
215886
215903
215920
215937
215954
215971
215988
216005
216022
216039
216056
216073
216090
216107
216124
216141
216158
216175
216192
216209
216226
216243
216260
216277
216294
216311
216328
216345
216362
216379
216396
216413
216430
216447
216464
216481
216498
216515
216532
216549
216566
216583
216600
216617
216634
216651
216668
216685
216702
216719
216736
216753
216770
216787
216804
216821
216838
216854
216870
216886
216902
216918
216934
216950
216966
216982
216998
217014
217030
217046
217062
217078
217094
217110
217126
217142
217158
217174
217190
217206
217222
217238
217254
217270
217286
217302
217318
217334
217350
217366
217382
217398
217414
217430
217446
217462
217478
217494
217510
217526
217542
217558
217574
217590
217606
217622
217638
217654
217670
217686
217702
217718
217734
217750
217766
217782
217798
217814
217830
217846
217862
217878
217894
217910
217926
217942
217958
217974
217990
218006
218022
218038
218054
218070
218086
218102
218118
218134
218150
218166
218182
218198
218214
218230
218246
218262
218278
218294
218310
218326
218342
218358
218374
218390
218406
218422
218438
218454
218470
218486
218502
218518
218534
218550
218566
218582
218598
218614
218630
218646
218662
218678
218694
218710
218726
218742
218758
218774
218790
218806
218822
218838
218854
218870
218886
218902
218918
218934
218950
218966
218982
218998
219014
219030
219046
219062
219078
219094
219110
219126
219142
219158
219174
219190
219206
219222
219238
219254
219270
219286
219302
219318
219334
219350
219366
219382
219398
219414
219430
219446
219462
219478
219494
219510
219526
219542
219558
219574
219590
219606
219622
219638
219654
219670
219686
219702
219718
219734
219750
219766
219782
219798
219814
219830
219846
219862
219878
219894
219910
219926
219942
219958
219974
219990
220006
220022
220038
220054
220070
220086
220102
220118
220134
220150
220166
220182
220198
220214
220230
220246
220262
220278
220294
220310
220326
220342
220358
220374
220390
220406
220422
220438
220454
220470
220486
220502
220518
220534
220550
220566
220582
220598
220614
220630
220646
220662
220678
220694
220710
220726
220742
220758
220774
220790
220806
220822
220838
220854
220870
220886
220902
220918
220934
220950
220966
220982
220998
221014
221030
221046
221062
221078
221094
221110
221126
221142
221158
221174
221190
221206
221222
221238
221254
221270
221286
221302
221318
221334
221350
221366
221382
221398
221414
221430
221446
221462
221478
221494
221510
221526
221542
221558
221574
221590
221606
221622
221638
221654
221670
221686
221702
221718
221734
221750
221766
221782
221798
221814
221830
221846
221862
221878
221894
221910
221926
221942
221958
221974
221990
222006
222022
222038
222054
222070
222086
222102
222118
222134
222150
222166
222182
222198
222214
222230
222246
222262
222278
222294
222310
222326
222342
222358
222374
222390
222406
222422
222438
222454
222470
222486
222502
222518
222534
222550
222566
222582
222598
222614
222630
222646
222662
222678
222694
222710
222726
222742
222758
222774
222790
222807
222824
222841
222858
222875
222892
222909
222926
222943
222960
222977
222994
223011
223028
223045
223062
223079
223096
223113
223130
223147
223164
223181
223198
223215
223232
223249
223266
223283
223300
223317
223334
223351
223368
223385
223402
223419
223436
223453
223470
223487
223504
223521
223538
223555
223572
223589
223606
223623
223640
223657
223674
223691
223708
223725
223742
223759
223776
223792
223808
223824
223840
223856
223872
223888
223904
223920
223936
223952
223968
223984
224000
224016
224032
224048
224064
224080
224096
224112
224128
224144
224160
224176
224192
224208
224224
224240
224256
224272
224288
224304
224320
224336
224352
224368
224384
224400
224416
224432
224448
224464
224480
224496
224512
224528
224544
224560
224576
224592
224608
224624
224640
224656
224672
224688
224704
224720
224736
224752
224768
224785
224802
224819
224836
224853
224870
224887
224904
224921
224938
224955
224972
224989
225006
225023
225040
225057
225074
225091
225108
225125
225142
225159
225176
225193
225210
225227
225244
225261
225278
225295
225312
225329
225346
225363
225380
225397
225414
225431
225448
225465
225482
225499
225516
225533
225550
225567
225584
225601
225618
225635
225652
225669
225686
225703
225720
225737
225754
225770
225786
225802
225818
225834
225850
225866
225882
225898
225914
225930
225946
225962
225978
225994
226010
226026
226042
226058
226074
226090
226106
226122
226138
226154
226170
226186
226202
226218
226234
226250
226266
226282
226298
226314
226330
226346
226362
226378
226394
226410
226426
226442
226458
226474
226490
226506
226522
226538
226554
226570
226586
226602
226618
226634
226650
226666
226682
226698
226714
226730
226746
226761
226776
226791
226806
226821
226836
226851
226866
226881
226896
226911
226926
226941
226956
226971
226986
227001
227016
227031
227046
227061
227076
227091
227106
227121
227136
227151
227166
227181
227196
227211
227226
227241
227256
227271
227286
227301
227316
227331
227346
227361
227376
227391
227406
227421
227436
227451
227466
227481
227496
227511
227526
227541
227556
227571
227586
227601
227616
227631
227646
227661
227676
227691
227706
227721
227736
227752
227768
227784
227800
227816
227832
227848
227864
227880
227896
227912
227928
227944
227960
227976
227992
228008
228024
228040
228056
228072
228088
228104
228120
228136
228152
228168
228184
228200
228216
228232
228248
228264
228280
228296
228312
228328
228344
228360
228376
228392
228408
228424
228440
228456
228472
228488
228504
228520
228536
228552
228568
228584
228600
228616
228632
228648
228664
228680
228696
228712
228728
228744
228760
228776
228792
228808
228824
228840
228856
228872
228888
228904
228920
228936
228952
228968
228984
229000
229016
229032
229048
229064
229080
229096
229112
229128
229144
229160
229176
229192
229208
229224
229240
229256
229272
229288
229304
229320
229336
229352
229368
229384
229400
229416
229432
229448
229464
229480
229496
229512
229528
229544
229560
229576
229592
229608
229624
229640
229656
229672
229688
229704
229720
229736
229752
229768
229784
229800
229816
229832
229848
229864
229880
229896
229912
229928
229944
229960
229976
229992
230008
230024
230040
230056
230072
230088
230104
230120
230136
230152
230168
230184
230200
230216
230232
230248
230264
230280
230296
230312
230328
230344
230360
230376
230392
230408
230424
230440
230456
230472
230488
230504
230520
230536
230552
230568
230584
230600
230616
230632
230648
230664
230680
230696
230712
230727
230742
230757
230772
230787
230802
230817
230832
230847
230862
230877
230892
230907
230922
230937
230952
230967
230982
230997
231012
231027
231042
231057
231072
231087
231102
231117
231132
231147
231162
231177
231192
231207
231222
231237
231252
231267
231282
231297
231312
231327
231342
231357
231372
231387
231402
231417
231432
231447
231462
231477
231492
231507
231522
231537
231552
231567
231582
231597
231612
231627
231642
231657
231672
231687
231702
231717
231732
231747
231762
231777
231792
231807
231822
231837
231852
231867
231882
231897
231912
231927
231942
231957
231972
231987
232002
232017
232032
232047
232062
232077
232092
232107
232122
232137
232152
232167
232182
232197
232212
232227
232242
232257
232272
232287
232302
232317
232332
232347
232362
232377
232392
232407
232422
232437
232452
232467
232482
232497
232512
232527
232542
232557
232572
232587
232602
232617
232632
232647
232662
232677
232692
232707
232722
232737
232752
232767
232782
232797
232812
232827
232842
232857
232872
232887
232902
232917
232932
232947
232962
232977
232992
233007
233022
233037
233052
233067
233082
233097
233112
233127
233142
233157
233172
233187
233202
233217
233232
233247
233262
233277
233292
233307
233322
233337
233352
233367
233382
233397
233412
233427
233442
233457
233472
233487
233502
233517
233532
233547
233562
233577
233592
233607
233622
233637
233652
233667
233682
233697
233712
233727
233742
233757
233772
233787
233802
233817
233832
233847
233862
233877
233892
233907
233922
233937
233952
233967
233982
233997
234012
234027
234042
234057
234072
234087
234102
234117
234132
234147
234162
234177
234192
234207
234222
234237
234252
234267
234282
234297
234312
234327
234342
234357
234372
234387
234402
234417
234432
234447
234462
234477
234492
234507
234522
234537
234552
234567
234582
234597
234612
234627
234642
234657
234672
234688
234704
234720
234736
234752
234768
234784
234800
234816
234832
234848
234864
234880
234896
234912
234928
234944
234960
234976
234992
235008
235024
235040
235056
235072
235088
235104
235120
235136
235152
235168
235184
235200
235216
235232
235248
235264
235280
235296
235312
235328
235344
235360
235376
235392
235408
235424
235440
235456
235472
235488
235504
235520
235536
235552
235568
235584
235600
235616
235632
235648
235664
235680
235696
235712
235728
235744
235760
235776
235792
235808
235824
235840
235856
235872
235888
235904
235920
235936
235952
235968
235984
236000
236016
236032
236048
236064
236080
236096
236112
236128
236144
236160
236176
236192
236208
236224
236240
236256
236272
236288
236304
236320
236336
236352
236368
236384
236400
236416
236432
236448
236464
236480
236496
236512
236528
236544
236560
236576
236592
236608
236624
236640
236656
236672
236688
236704
236720
236736
236752
236768
236784
236800
236816
236832
236848
236864
236880
236896
236912
236928
236944
236960
236976
236992
237008
237024
237040
237056
237072
237088
237104
237120
237136
237152
237168
237184
237200
237216
237232
237248
237264
237280
237296
237312
237328
237344
237360
237376
237392
237408
237424
237440
237456
237472
237488
237504
237520
237536
237552
237568
237584
237600
237616
237632
237648
