[00000000015011e8] core interface error: no suitable interface module
[0000000001438338] core libvlc error: interface "globalhotkeys,none" initialization failed
[00000000015011e8] dbus interface error: Failed to connect to the D-Bus session daemon: Unable to autolaunch a dbus-daemon without a $DISPLAY for X11
[00000000015011e8] core interface error: no suitable interface module
[0000000001438338] core libvlc error: interface "dbus,none" initialization failed
[0000000001438338] core libvlc: Running vlc with the default interface. Use 'cvlc' to use vlc without interface.
[00000000015011e8] qt interface error: Could not connect to X server
[00000000015011e8] skins2 interface error: cannot initialize OSFactory
[00007fa858003378] ps mux: Open
[00000000015011e8] [cli] lua interface: Listening on host "*console".
VLC media player 3.0.0-git Vetinari
Command Line Interface initialized. Type `help' for help.
> making a DASHManager
new ratebased adaptionlogic
Chunk bitrate: 0 349952
Buffer size: 0 0
Chunk bitrate: 0 349952
Buffer size: 0 0
[00007fa858019298] mp4 demux: Fragment sequence discontinuity detected 0 != 2
Download Time: 148545
[00007fa8580260f8] mp4 demux: Fragment sequence discontinuity detected 0 != 2
Startup Time: 1050000
Chunk bitrate: 0 3000000
Buffer size: 0 4001
Chunk bitrate: 0 3000000
Buffer size: 1 4001
Download Time: 1136654
Chunk bitrate: 1 3000000
Buffer size: 2 8001
Download Time: 952635
Chunk bitrate: 2 3000000
Buffer size: 3 12001
Download Time: 1169832
Chunk bitrate: 3 3000000
Buffer size: 4 16001
Download Time: 973478
Chunk bitrate: 4 3000000
Buffer size: 5 20001
Download Time: 2186587
Chunk bitrate: 5 3000000
Buffer size: 6 24001
Download Time: 1684129
Chunk bitrate: 6 3000000
Buffer size: 7 28001
Download Time: 1653275
Chunk bitrate: 7 3000000
Buffer size: 8 32001
Download Time: 2615187
Download Time: 48710
Chunk bitrate: 8 3000000
Buffer size: 9 36001
Download Time: 1915625
Chunk bitrate: 9 3000000
Buffer size: 10 40001
Download Time: 1105927
Chunk bitrate: 10 3000000
Buffer size: 11 44001
Download Time: 961743
Chunk bitrate: 11 3000000
Buffer size: 12 48001
Download Time: 1329754
Chunk bitrate: 12 3000000
Buffer size: 13 52001
Download Time: 1114638
Chunk bitrate: 13 3000000
Buffer size: 14 56001
Download Time: 946353
Chunk bitrate: 14 3000000
Buffer size: 15 60001
Download Time: 889015
Chunk bitrate: 15 3000000
Buffer size: 16 64001
Download Time: 1097996
Chunk bitrate: 16 3000000
Buffer size: 17 68001
Download Time: 914512
Chunk bitrate: 17 3000000
Buffer size: 18 72001
Download Time: 1140426
Chunk bitrate: 18 3000000
Buffer size: 19 76001
Download Time: 1093239
Chunk bitrate: 19 3000000
Buffer size: 20 80001
Download Time: 1964419
Chunk bitrate: 20 3000000
Buffer size: 21 84001
Download Time: 1201176
Chunk bitrate: 21 3000000
Buffer size: 22 88001
Download Time: 1781776
Chunk bitrate: 22 3000000
Buffer size: 23 92001
Download Time: 2342976
Chunk bitrate: 23 3000000
Buffer size: 24 96001
Download Time: 1816805
Chunk bitrate: 24 3000000
Buffer size: 25 100001
Download Time: 1031521
Chunk bitrate: 25 3000000
Buffer size: 26 104001
Download Time: 975460
Chunk bitrate: 26 3000000
Buffer size: 27 108001
Download Time: 621275
Chunk bitrate: 27 3000000
Buffer size: 28 112001
Download Time: 973435
Chunk bitrate: 28 3000000
Buffer size: 29 116001
Download Time: 1210504
Chunk bitrate: 29 3000000
Buffer size: 30 120001
Download Time: 754715
Chunk bitrate: 30 3000000
Buffer size: 31 124001
Download Time: 764741
Chunk bitrate: 31 3000000
Buffer size: 32 128001
Download Time: 1243451
Chunk bitrate: 32 3000000
Buffer size: 33 132001
Download Time: 1162547
Chunk bitrate: 33 3000000
Buffer size: 34 136001
Download Time: 1605041
Chunk bitrate: 34 3000000
Buffer size: 35 140001
Download Time: 2069703
Chunk bitrate: 35 3000000
Buffer size: 36 144001
Download Time: 1666391
Chunk bitrate: 36 3000000
Buffer size: 37 148001
Download Time: 2474803
Chunk bitrate: 37 3000000
Buffer size: 38 152001
Download Time: 2344076
Chunk bitrate: 38 3000000
Buffer size: 39 156001
Download Time: 2023633
Chunk bitrate: 39 3000000
Buffer size: 40 160001
Download Time: 1735096
Chunk bitrate: 40 3000000
Buffer size: 41 164001
Download Time: 2343554
Chunk bitrate: 41 3000000
Buffer size: 42 168001
Download Time: 1946547
Chunk bitrate: 42 3000000
Buffer size: 43 172001
Download Time: 2188707
Chunk bitrate: 43 3000000
Buffer size: 44 176001
Download Time: 883169
Chunk bitrate: 44 3000000
Buffer size: 45 180001
Download Time: 1052249
Chunk bitrate: 45 3000000
Buffer size: 46 184001
Download Time: 1121059
Chunk bitrate: 46 3000000
Buffer size: 47 188001
Download Time: 1051665
Chunk bitrate: 47 3000000
Buffer size: 48 192001
Download Time: 877243
Chunk bitrate: 48 3000000
Buffer size: 49 196001
Download Time: 1238069
Chunk bitrate: 49 3000000
Buffer size: 50 200001
Download Time: 939942
Chunk bitrate: 50 3000000
Buffer size: 51 204001
Download Time: 776014
Chunk bitrate: 51 3000000
Buffer size: 52 208001
Download Time: 1137226
Chunk bitrate: 52 3000000
Buffer size: 53 212001
Download Time: 1773465
Chunk bitrate: 53 3000000
Buffer size: 54 216001
Download Time: 2268574
Chunk bitrate: 54 3000000
Buffer size: 55 220001
Download Time: 1633948
Chunk bitrate: 55 3000000
Buffer size: 56 224001
Download Time: 1122099
Chunk bitrate: 56 3000000
Buffer size: 57 228001
Download Time: 775657
Chunk bitrate: 57 3000000
Buffer size: 58 232001
Download Time: 328441
Chunk bitrate: 58 3000000
Buffer size: 59 236001
Download Time: 1198822
Chunk bitrate: 59 3000000
Buffer size: 60 240001
Download Time: 915189
Chunk bitrate: 60 3000000
Buffer size: 61 244001
Download Time: 2768092
Chunk bitrate: 61 2000000
Buffer size: 61 248001
Chunk bitrate: 61 2000000
Buffer size: 62 248001
Download Time: 663209
Chunk bitrate: 62 2000000
Buffer size: 63 252001
Download Time: 469306
Chunk bitrate: 63 2000000
Buffer size: 64 256001
Download Time: 924581
Chunk bitrate: 64 3000000
Buffer size: 64 260001
Chunk bitrate: 64 3000000
Buffer size: 65 260001
[00007fa858003378] ps mux: Close
[00007fa854001218] idummy demux: command `quit'
[00000000015011e8] [cli] lua interface error: Error loading script /home/cs244/vlc/share/lua/intf/cli.luac: lua/intf/modules/host.lua:286: Interrupted.
