[0000000001aae1e8] core interface error: no suitable interface module
[00000000019e5338] core libvlc error: interface "globalhotkeys,none" initialization failed
[0000000001aae1e8] dbus interface error: Failed to connect to the D-Bus session daemon: Unable to autolaunch a dbus-daemon without a $DISPLAY for X11
[0000000001aae1e8] core interface error: no suitable interface module
[00000000019e5338] core libvlc error: interface "dbus,none" initialization failed
[00000000019e5338] core libvlc: Running vlc with the default interface. Use 'cvlc' to use vlc without interface.
[0000000001aae1e8] qt interface error: Could not connect to X server
[0000000001aae1e8] skins2 interface error: cannot initialize OSFactory
[0000000001aae1e8] [cli] lua interface: Listening on host "*console".
VLC media player 3.0.0-git Vetinari
Command Line Interface initialized. Type `help' for help.
> [00007fd6ec003378] ps mux: Open
making a DASHManager
new ratebased adaptionlogic
Chunk bitrate: 0 349952
Buffer size: 0 0
Chunk bitrate: 0 349952
Buffer size: 0 0
[00007fd6ec027518] mp4 demux: Fragment sequence discontinuity detected 0 != 2
Download Time: 294875
[00007fd6ec027ce8] mp4 demux: Fragment sequence discontinuity detected 0 != 2
Startup Time: 1050000
Chunk bitrate: 0 3000000
Buffer size: 0 4001
Chunk bitrate: 0 3000000
Buffer size: 1 4001
Download Time: 2270070
Chunk bitrate: 1 3000000
Buffer size: 2 8001
Download Time: 1901688
Chunk bitrate: 2 3000000
Buffer size: 3 12001
Download Time: 1274353
Chunk bitrate: 3 3000000
Buffer size: 4 16001
Download Time: 973477
Chunk bitrate: 4 3000000
Buffer size: 5 20001
Download Time: 1243758
Chunk bitrate: 5 3000000
Buffer size: 6 24001
Download Time: 844591
Chunk bitrate: 6 3000000
Buffer size: 7 28001
Download Time: 1001813
Chunk bitrate: 7 2000000
Buffer size: 7 32001
Chunk bitrate: 7 2000000
Buffer size: 8 32001
Download Time: 2657012
Chunk bitrate: 8 2000000
Buffer size: 9 36001
Download Time: 1942064
Chunk bitrate: 9 2000000
Buffer size: 10 40001
Download Time: 2071758
Chunk bitrate: 10 2000000
Buffer size: 11 44001
Download Time: 1978888
Chunk bitrate: 11 2000000
Buffer size: 12 48001
Download Time: 2015265
Chunk bitrate: 12 3000000
Buffer size: 12 52001
Chunk bitrate: 12 3000000
Buffer size: 13 52001
Download Time: 2226178
Chunk bitrate: 13 3000000
Buffer size: 14 56001
Download Time: 2416795
Chunk bitrate: 14 2000000
Buffer size: 14 60001
Chunk bitrate: 14 2000000
Buffer size: 15 60001
Download Time: 2432322
Chunk bitrate: 15 1000000
Buffer size: 15 64001
Chunk bitrate: 15 1000000
Buffer size: 16 64001
Download Time: 1468808
Chunk bitrate: 16 2000000
Buffer size: 16 68001
Chunk bitrate: 16 2000000
Buffer size: 17 68001
Download Time: 1820119
Chunk bitrate: 17 2000000
Buffer size: 18 72001
Download Time: 2073927
Chunk bitrate: 18 2000000
Buffer size: 19 76001
Download Time: 1140903
Chunk bitrate: 19 3000000
Buffer size: 19 80001
Chunk bitrate: 19 3000000
Buffer size: 20 80001
Download Time: 1963311
Chunk bitrate: 20 3000000
Buffer size: 21 84001
Download Time: 1202389
Chunk bitrate: 21 3000000
Buffer size: 22 88001
Download Time: 1781997
Chunk bitrate: 22 3000000
Buffer size: 23 92001
Download Time: 2342772
Chunk bitrate: 23 3000000
Buffer size: 24 96001
Download Time: 2271639
Chunk bitrate: 24 1000000
Buffer size: 24 100001
Chunk bitrate: 24 1000000
Buffer size: 25 100001
Download Time: 1700283
Chunk bitrate: 25 1000000
Buffer size: 26 104001
Download Time: 1669320
Chunk bitrate: 26 1000000
Buffer size: 27 108001
Download Time: 971488
Chunk bitrate: 27 2000000
Buffer size: 27 112001
Chunk bitrate: 27 2000000
Buffer size: 28 112001
Download Time: 2037122
Chunk bitrate: 28 2000000
Buffer size: 29 116001
Download Time: 2466351
Chunk bitrate: 29 2000000
Buffer size: 30 120001
Download Time: 1596907
Chunk bitrate: 30 2000000
Buffer size: 31 124001
Download Time: 1739023
Chunk bitrate: 31 2000000
Buffer size: 32 128001
Download Time: 2357142
Chunk bitrate: 32 3000000
Buffer size: 32 132001
Chunk bitrate: 32 3000000
Buffer size: 33 132001
Download Time: 2320657
Chunk bitrate: 33 3000000
Buffer size: 34 136001
Download Time: 2755980
Chunk bitrate: 34 1000000
Buffer size: 34 140001
Chunk bitrate: 34 1000000
Buffer size: 35 140001
Download Time: 1734065
Chunk bitrate: 35 1000000
Buffer size: 36 144001
Download Time: 1438990
Chunk bitrate: 36 1000000
Buffer size: 37 148001
Download Time: 1480036
Chunk bitrate: 37 2000000
Buffer size: 37 152001
Chunk bitrate: 37 2000000
Buffer size: 38 152001
Download Time: 2339880
Chunk bitrate: 38 2000000
Buffer size: 39 156001
Download Time: 1950485
Chunk bitrate: 39 2000000
Buffer size: 40 160001
Download Time: 1678776
Chunk bitrate: 40 2000000
Buffer size: 41 164001
Download Time: 2450077
Chunk bitrate: 41 2000000
Buffer size: 42 168001
Download Time: 1398598
Chunk bitrate: 42 3000000
Buffer size: 42 172001
Chunk bitrate: 42 3000000
Buffer size: 43 172001
Download Time: 2399708
Chunk bitrate: 43 3000000
Buffer size: 44 176001
Download Time: 2088832
Chunk bitrate: 44 2000000
Buffer size: 44 180001
Chunk bitrate: 44 2000000
Buffer size: 45 180001
Download Time: 2691943
Chunk bitrate: 45 1000000
Buffer size: 45 184001
Chunk bitrate: 45 1000000
Buffer size: 46 184001
Download Time: 1452006
Chunk bitrate: 46 1000000
Buffer size: 47 188001
Download Time: 1149135
Chunk bitrate: 47 2000000
Buffer size: 47 192001
Chunk bitrate: 47 2000000
Buffer size: 48 192001
Download Time: 1780490
[00007fd6ec003378] core mux error: cannot add this stream
[00007fd6ec0c9e98] core decoder error: cannot create packetizer output (h264)
Chunk bitrate: 48 2000000
Buffer size: 49 196001
Download Time: 2209594
Chunk bitrate: 49 3000000
Buffer size: 49 200001
Chunk bitrate: 49 3000000
Buffer size: 50 200001
Download Time: 1875867
[00007fd6ec003378] core mux error: cannot add this stream
[00007fd6ec0bd398] core decoder error: cannot create packetizer output (h264)
Chunk bitrate: 50 3000000
Buffer size: 51 204001
Download Time: 1548797
Chunk bitrate: 51 3000000
Buffer size: 52 208001
Download Time: 2268278
Chunk bitrate: 52 3000000
Buffer size: 53 212001
Download Time: 2142520
Chunk bitrate: 53 3000000
Buffer size: 54 216001
Download Time: 3129305
Chunk bitrate: 54 1000000
Buffer size: 54 220001
Chunk bitrate: 54 1000000
Buffer size: 55 220001
Download Time: 1459435
[00007fd6ec003378] core mux error: cannot add this stream
[00007fd6ec0aa888] core decoder error: cannot create packetizer output (h264)
Chunk bitrate: 55 1000000
Buffer size: 56 224001
Download Time: 1596534
Chunk bitrate: 56 2000000
Buffer size: 56 228001
Chunk bitrate: 56 2000000
Buffer size: 57 228001
Download Time: 1376209
[00007fd6ec003378] core mux error: cannot add this stream
[00007fd6ec1a0ce8] core decoder error: cannot create packetizer output (h264)
Chunk bitrate: 57 2000000
Buffer size: 58 232001
Download Time: 626119
Chunk bitrate: 58 2000000
Buffer size: 59 236001
Download Time: 2475615
Chunk bitrate: 59 2000000
Buffer size: 60 240001
Download Time: 1338672
Chunk bitrate: 60 3000000
Buffer size: 60 244001
Chunk bitrate: 60 3000000
Buffer size: 61 244001
Download Time: 1903315
[00007fd6ec003378] core mux error: cannot add this stream
[00007fd6ec0b8af8] core decoder error: cannot create packetizer output (h264)
Chunk bitrate: 61 3000000
Buffer size: 62 248001
Download Time: 639506
Chunk bitrate: 62 3000000
Buffer size: 63 252001
Download Time: 449555
Chunk bitrate: 63 3000000
Buffer size: 64 256001
Download Time: 741982
Chunk bitrate: 64 3000000
Buffer size: 65 260001
[00007fd6ec003378] ps mux: Close
[00007fd6ec1e5198] idummy demux: command `quit'
[0000000001aae1e8] [cli] lua interface error: Error loading script /home/cs244/vlc/share/lua/intf/cli.luac: lua/intf/modules/host.lua:286: Interrupted.
