[00000000010871e8] core interface error: no suitable interface module
[0000000000fbe338] core libvlc error: interface "globalhotkeys,none" initialization failed
[00000000010871e8] dbus interface error: Failed to connect to the D-Bus session daemon: Unable to autolaunch a dbus-daemon without a $DISPLAY for X11
[00000000010871e8] core interface error: no suitable interface module
[0000000000fbe338] core libvlc error: interface "dbus,none" initialization failed
[0000000000fbe338] core libvlc: Running vlc with the default interface. Use 'cvlc' to use vlc without interface.
[00000000010871e8] qt interface error: Could not connect to X server
[00000000010871e8] skins2 interface error: cannot initialize OSFactory
[00000000010871e8] [cli] lua interface: Listening on host "*console".
VLC media player 3.0.0-git Vetinari
Command Line Interface initialized. Type `help' for help.
> [00007ff2a0003378] ps mux: Open
making a DASHManager
new ratebased adaptionlogic
Chunk bitrate: 0 349952
Buffer size: 0 0
Chunk bitrate: 0 349952
Buffer size: 0 0
[00007ff2a00254d8] mp4 demux: Fragment sequence discontinuity detected 0 != 2
Download Time: 587748
[00007ff2a0023dd8] mp4 demux: Fragment sequence discontinuity detected 0 != 2
Startup Time: 1050000
Chunk bitrate: 0 1000000
Buffer size: 0 4001
Chunk bitrate: 0 1000000
Buffer size: 1 4001
Download Time: 1611475
Chunk bitrate: 1 1000000
Buffer size: 2 8001
Download Time: 1170261
Chunk bitrate: 2 1000000
Buffer size: 3 12001
Download Time: 2093077
Chunk bitrate: 3 600000
Buffer size: 3 16001
Chunk bitrate: 3 600000
Buffer size: 4 16001
Download Time: 1673169
Chunk bitrate: 4 600000
Buffer size: 5 20001
Download Time: 2178947
Chunk bitrate: 5 1000000
Buffer size: 5 24001
Chunk bitrate: 5 1000000
Buffer size: 6 24001
Download Time: 1655682
Chunk bitrate: 6 1000000
Buffer size: 7 28001
Download Time: 1794503
Chunk bitrate: 7 1000000
Buffer size: 8 32001
Download Time: 1910320
Chunk bitrate: 8 1000000
Buffer size: 9 36001
Download Time: 1471385
Chunk bitrate: 9 1000000
Buffer size: 10 40001
Download Time: 1288669
Chunk bitrate: 10 1000000
Buffer size: 11 44001
Download Time: 1399447
Chunk bitrate: 11 1000000
Buffer size: 12 48001
Download Time: 1729610
Chunk bitrate: 12 1000000
Buffer size: 13 52001
Download Time: 1551675
Chunk bitrate: 13 1000000
Buffer size: 14 56001
Download Time: 1972697
Chunk bitrate: 14 600000
Buffer size: 14 60001
Chunk bitrate: 14 600000
Buffer size: 15 60001
Download Time: 1790944
Chunk bitrate: 15 600000
Buffer size: 16 64001
Download Time: 1825122
Chunk bitrate: 16 1000000
Buffer size: 16 68001
Chunk bitrate: 16 1000000
Buffer size: 17 68001
Download Time: 1937901
Chunk bitrate: 17 1000000
Buffer size: 18 72001
Download Time: 2306729
Chunk bitrate: 18 1000000
Buffer size: 19 76001
Download Time: 862380
Chunk bitrate: 19 1000000
Buffer size: 20 80001
Download Time: 1460444
Chunk bitrate: 20 1000000
Buffer size: 21 84001
Download Time: 944737
Chunk bitrate: 21 1000000
Buffer size: 22 88001
Download Time: 1320071
Chunk bitrate: 22 1000000
Buffer size: 23 92001
Download Time: 1667799
Chunk bitrate: 23 1000000
Buffer size: 24 96001
Download Time: 1561011
Chunk bitrate: 24 1000000
Buffer size: 25 100001
Download Time: 1360256
Chunk bitrate: 25 1000000
Buffer size: 26 104001
Download Time: 2809661
Chunk bitrate: 26 600000
Buffer size: 26 108001
Chunk bitrate: 26 600000
Buffer size: 27 108001
Download Time: 1251384
Chunk bitrate: 27 600000
Buffer size: 28 112001
Download Time: 1585076
Chunk bitrate: 28 1000000
Buffer size: 28 116001
Chunk bitrate: 28 1000000
Buffer size: 29 116001
Download Time: 2285494
Chunk bitrate: 29 1000000
Buffer size: 30 120001
Download Time: 1582520
Chunk bitrate: 30 1000000
Buffer size: 31 124001
Download Time: 1236156
Chunk bitrate: 31 1000000
Buffer size: 32 128001
Download Time: 1699040
Chunk bitrate: 32 1000000
Buffer size: 33 132001
Download Time: 1460448
Chunk bitrate: 33 1000000
Buffer size: 34 136001
Download Time: 1600118
Chunk bitrate: 34 1000000
Buffer size: 35 140001
Download Time: 1392130
Chunk bitrate: 35 1000000
Buffer size: 36 144001
Download Time: 1156364
Chunk bitrate: 36 1000000
Buffer size: 37 148001
Download Time: 2926109
Chunk bitrate: 37 600000
Buffer size: 37 152001
Chunk bitrate: 37 600000
Buffer size: 38 152001
Download Time: 2052443
Chunk bitrate: 38 600000
Buffer size: 39 156001
Download Time: 1210721
Chunk bitrate: 39 1000000
Buffer size: 39 160001
Chunk bitrate: 39 1000000
Buffer size: 40 160001
Download Time: 1715545
Chunk bitrate: 40 1000000
Buffer size: 41 164001
Download Time: 2222158
Chunk bitrate: 41 1000000
Buffer size: 42 168001
Download Time: 1399841
Chunk bitrate: 42 1000000
Buffer size: 43 172001
Download Time: 1589196
Chunk bitrate: 43 1000000
Buffer size: 44 176001
Download Time: 1244638
Chunk bitrate: 44 1000000
Buffer size: 45 180001
Download Time: 1415318
Chunk bitrate: 45 1000000
Buffer size: 46 184001
Download Time: 1468256
Chunk bitrate: 46 1000000
Buffer size: 47 188001
Download Time: 1512118
Chunk bitrate: 47 1000000
Buffer size: 48 192001
Download Time: 2024755
Chunk bitrate: 48 600000
Buffer size: 48 196001
Chunk bitrate: 48 600000
Buffer size: 49 196001
Download Time: 2070084
Chunk bitrate: 49 600000
Buffer size: 50 200001
Download Time: 1559707
Chunk bitrate: 50 1000000
Buffer size: 50 204001
Chunk bitrate: 50 1000000
Buffer size: 51 204001
Download Time: 1715664
Chunk bitrate: 51 1000000
Buffer size: 52 208001
Download Time: 2155286
Chunk bitrate: 52 1000000
Buffer size: 53 212001
Download Time: 1288808
Chunk bitrate: 53 1000000
Buffer size: 54 216001
Download Time: 1603300
Chunk bitrate: 54 1000000
Buffer size: 55 220001
Download Time: 1460593
Chunk bitrate: 55 1000000
Buffer size: 56 224001
Download Time: 1595721
Chunk bitrate: 56 1000000
Buffer size: 57 228001
Download Time: 965134
Chunk bitrate: 57 1000000
Buffer size: 58 232001
Download Time: 448620
Chunk bitrate: 58 1000000
Buffer size: 59 236001
Download Time: 1699735
Chunk bitrate: 59 1000000
Buffer size: 60 240001
Download Time: 2697661
Chunk bitrate: 60 600000
Buffer size: 60 244001
Chunk bitrate: 60 600000
Buffer size: 61 244001
Download Time: 1962085
Chunk bitrate: 61 600000
Buffer size: 62 248001
Download Time: 424918
Chunk bitrate: 62 1000000
Buffer size: 62 252001
Chunk bitrate: 62 1000000
Buffer size: 63 252001
Download Time: 545693
Chunk bitrate: 63 1000000
Buffer size: 64 256001
Download Time: 996789
Chunk bitrate: 64 1000000
Buffer size: 65 260001
[00007ff2a0003378] ps mux: Close
[00007ff2a0040a88] idummy demux: command `quit'
[00000000010871e8] [cli] lua interface error: Error loading script /home/cs244/vlc/share/lua/intf/cli.luac: lua/intf/modules/host.lua:286: Interrupted.
