[00000000024711e8] core interface error: no suitable interface module
[00000000023a8338] core libvlc error: interface "globalhotkeys,none" initialization failed
[00000000024711e8] dbus interface error: Failed to connect to the D-Bus session daemon: Unable to autolaunch a dbus-daemon without a $DISPLAY for X11
[00000000024711e8] core interface error: no suitable interface module
[00000000023a8338] core libvlc error: interface "dbus,none" initialization failed
[00000000023a8338] core libvlc: Running vlc with the default interface. Use 'cvlc' to use vlc without interface.
[00000000024711e8] qt interface error: Could not connect to X server
[00000000024711e8] skins2 interface error: cannot initialize OSFactory
[00000000024711e8] [cli] lua interface: Listening on host "*console".
VLC media player 3.0.0-git Vetinari
Command Line Interface initialized. Type `help' for help.
> [00007f40ac003378] ps mux: Open
making a DASHManager
new ratebased adaptionlogic
Chunk bitrate: 0 349952
Buffer size: 0 0
Chunk bitrate: 0 349952
Buffer size: 0 0
[00007f40ac01a568] mp4 demux: Fragment sequence discontinuity detected 0 != 2
Download Time: 150190
[00007f40ac021e88] mp4 demux: Fragment sequence discontinuity detected 0 != 2
Startup Time: 1050000
Chunk bitrate: 0 3000000
Buffer size: 0 4001
Chunk bitrate: 0 3000000
Buffer size: 1 4001
Download Time: 1136606
Chunk bitrate: 1 3000000
Buffer size: 2 8001
Download Time: 952762
Chunk bitrate: 2 3000000
Buffer size: 3 12001
Download Time: 1169528
Chunk bitrate: 3 3000000
Buffer size: 4 16001
Download Time: 976123
Chunk bitrate: 4 3000000
Buffer size: 5 20001
Download Time: 4190504
Chunk bitrate: 5 1000000
Buffer size: 5 24001
Chunk bitrate: 5 1000000
Buffer size: 6 24001
Download Time: 1065536
Chunk bitrate: 6 2000000
Buffer size: 6 28001
Chunk bitrate: 6 2000000
Buffer size: 7 28001
Download Time: 1751947
Chunk bitrate: 7 2000000
Buffer size: 8 32001
Download Time: 2660570
Chunk bitrate: 8 2000000
Buffer size: 9 36001
Download Time: 1370302
Chunk bitrate: 9 3000000
Buffer size: 9 40001
Chunk bitrate: 9 3000000
Buffer size: 10 40001
Download Time: 2207999
Chunk bitrate: 10 3000000
Buffer size: 11 44001
Download Time: 1727425
Chunk bitrate: 11 3000000
Buffer size: 12 48001
Download Time: 1329022
Chunk bitrate: 12 3000000
Buffer size: 13 52001
Download Time: 1115430
Chunk bitrate: 13 3000000
Buffer size: 14 56001
Download Time: 941229
Chunk bitrate: 14 3000000
Buffer size: 15 60001
Download Time: 894037
Chunk bitrate: 15 3000000
Buffer size: 16 64001
Download Time: 3274038
Chunk bitrate: 16 1000000
Buffer size: 16 68001
Chunk bitrate: 16 1000000
Buffer size: 17 68001
Download Time: 1292378
Chunk bitrate: 17 1000000
Buffer size: 18 72001
Download Time: 1300187
Chunk bitrate: 18 2000000
Buffer size: 18 76001
Chunk bitrate: 18 2000000
Buffer size: 19 76001
Download Time: 1380471
Chunk bitrate: 19 2000000
Buffer size: 20 80001
Download Time: 2147328
Chunk bitrate: 20 2000000
Buffer size: 21 84001
Download Time: 1039921
Chunk bitrate: 21 3000000
Buffer size: 21 88001
Chunk bitrate: 21 3000000
Buffer size: 22 88001
Download Time: 1779309
Chunk bitrate: 22 3000000
Buffer size: 23 92001
Download Time: 2344951
Chunk bitrate: 23 3000000
Buffer size: 24 96001
Download Time: 3045970
Chunk bitrate: 24 2000000
Buffer size: 24 100001
Chunk bitrate: 24 2000000
Buffer size: 25 100001
Download Time: 2057039
Chunk bitrate: 25 3000000
Buffer size: 25 104001
Chunk bitrate: 25 3000000
Buffer size: 26 104001
Download Time: 1948037
Chunk bitrate: 26 3000000
Buffer size: 27 108001
Download Time: 1237612
Chunk bitrate: 27 3000000
Buffer size: 28 112001
Download Time: 1779044
Chunk bitrate: 28 3000000
Buffer size: 29 116001
Download Time: 1209624
Chunk bitrate: 29 3000000
Buffer size: 30 120001
Download Time: 755842
Chunk bitrate: 30 3000000
Buffer size: 31 124001
Download Time: 772635
Chunk bitrate: 31 3000000
Buffer size: 32 128001
Download Time: 1242185
Chunk bitrate: 32 3000000
Buffer size: 33 132001
Download Time: 2560180
Chunk bitrate: 33 2000000
Buffer size: 33 136001
Chunk bitrate: 33 2000000
Buffer size: 34 136001
Download Time: 2999835
Chunk bitrate: 34 2000000
Buffer size: 35 140001
Download Time: 2247970
Chunk bitrate: 35 2000000
Buffer size: 36 144001
Download Time: 1642738
Chunk bitrate: 36 2000000
Buffer size: 37 148001
Download Time: 1914521
Chunk bitrate: 37 3000000
Buffer size: 37 152001
Chunk bitrate: 37 3000000
Buffer size: 38 152001
Download Time: 2342338
Chunk bitrate: 38 3000000
Buffer size: 39 156001
Download Time: 1768856
Chunk bitrate: 39 3000000
Buffer size: 40 160001
Download Time: 867971
Chunk bitrate: 40 3000000
Buffer size: 41 164001
Download Time: 1173370
Chunk bitrate: 41 3000000
Buffer size: 42 168001
Download Time: 975589
Chunk bitrate: 42 3000000
Buffer size: 43 172001
Download Time: 1205188
Chunk bitrate: 43 3000000
Buffer size: 44 176001
Download Time: 2436866
Chunk bitrate: 44 1000000
Buffer size: 44 180001
Chunk bitrate: 44 1000000
Buffer size: 45 180001
Download Time: 1416692
Chunk bitrate: 45 1000000
Buffer size: 46 184001
Download Time: 1423613
Chunk bitrate: 46 2000000
Buffer size: 46 188001
Chunk bitrate: 46 2000000
Buffer size: 47 188001
Download Time: 1940817
Chunk bitrate: 47 2000000
Buffer size: 48 192001
Download Time: 1781801
Chunk bitrate: 48 2000000
Buffer size: 49 196001
Download Time: 1902890
Chunk bitrate: 49 3000000
Buffer size: 49 200001
Chunk bitrate: 49 3000000
Buffer size: 50 200001
Download Time: 1874564
Chunk bitrate: 50 3000000
Buffer size: 51 204001
Download Time: 1549866
Chunk bitrate: 51 3000000
Buffer size: 52 208001
Download Time: 1282230
Chunk bitrate: 52 3000000
Buffer size: 53 212001
Download Time: 1073520
Chunk bitrate: 53 3000000
Buffer size: 54 216001
Download Time: 1138631
Chunk bitrate: 54 3000000
Buffer size: 55 220001
Download Time: 1024956
Chunk bitrate: 55 3000000
Buffer size: 56 224001
Download Time: 2535019
Chunk bitrate: 56 2000000
Buffer size: 56 228001
Chunk bitrate: 56 2000000
Buffer size: 57 228001
Download Time: 1840060
Chunk bitrate: 57 1000000
Buffer size: 57 232001
Chunk bitrate: 57 1000000
Buffer size: 58 232001
Download Time: 448104
[00007f40ac003378] core mux error: cannot add this stream
[00007f40ac1b4998] core decoder error: cannot create packetizer output (h264)
Chunk bitrate: 58 1000000
Buffer size: 59 236001
Download Time: 1399561
Chunk bitrate: 59 2000000
Buffer size: 59 240001
Chunk bitrate: 59 2000000
Buffer size: 60 240001
Download Time: 1895776
[00007f40ac003378] core mux error: cannot add this stream
[00007f40ac1ec8e8] core decoder error: cannot create packetizer output (h264)
Chunk bitrate: 60 2000000
Buffer size: 61 244001
Download Time: 2030350
Chunk bitrate: 61 3000000
Buffer size: 61 248001
Chunk bitrate: 61 3000000
Buffer size: 62 248001
Download Time: 640358
[00007f40ac003378] core mux error: cannot add this stream
[00007f40ac22cbd8] core decoder error: cannot create packetizer output (h264)
Chunk bitrate: 62 3000000
Buffer size: 63 252001
Download Time: 451197
Chunk bitrate: 63 3000000
Buffer size: 64 256001
Download Time: 800818
Chunk bitrate: 64 3000000
Buffer size: 65 260001
[00007f40ac003378] ps mux: Close
[00007f40a8001668] idummy demux: command `quit'
[00000000024711e8] [cli] lua interface error: Error loading script /home/cs244/vlc/share/lua/intf/cli.luac: lua/intf/modules/host.lua:286: Interrupted.
