[0000000001f271e8] core interface error: no suitable interface module
[0000000001e5e338] core libvlc error: interface "globalhotkeys,none" initialization failed
[0000000001f271e8] dbus interface error: Failed to connect to the D-Bus session daemon: Unable to autolaunch a dbus-daemon without a $DISPLAY for X11
[0000000001f271e8] core interface error: no suitable interface module
[0000000001e5e338] core libvlc error: interface "dbus,none" initialization failed
[0000000001e5e338] core libvlc: Running vlc with the default interface. Use 'cvlc' to use vlc without interface.
[0000000001f271e8] qt interface error: Could not connect to X server
[0000000001f271e8] skins2 interface error: cannot initialize OSFactory
[0000000001f271e8] [cli] lua interface: Listening on host "*console".
VLC media player 3.0.0-git Vetinari
Command Line Interface initialized. Type `help' for help.
> [00007f5de4003378] ps mux: Open
making a DASHManager
new ratebased adaptionlogic
Chunk bitrate: 0 349952
Buffer size: 0 0
Chunk bitrate: 0 349952
Buffer size: 0 0
[00007f5de4019318] mp4 demux: Fragment sequence discontinuity detected 0 != 2
Download Time: 881991
[00007f5de4023558] mp4 demux: Fragment sequence discontinuity detected 0 != 2
Startup Time: 1050000
Chunk bitrate: 0 1000000
Buffer size: 0 4001
Chunk bitrate: 0 1000000
Buffer size: 1 4001
Download Time: 2417964
Chunk bitrate: 1 1000000
Buffer size: 2 8001
Download Time: 1456002
Chunk bitrate: 2 2000000
Buffer size: 2 12001
Chunk bitrate: 2 2000000
Buffer size: 3 12001
Download Time: 2393732
Chunk bitrate: 3 2000000
Buffer size: 4 16001
Download Time: 1879768
Chunk bitrate: 4 2000000
Buffer size: 5 20001
Download Time: 1772509
Chunk bitrate: 5 3000000
Buffer size: 5 24001
Chunk bitrate: 5 3000000
Buffer size: 6 24001
Download Time: 1683147
Chunk bitrate: 6 3000000
Buffer size: 7 28001
Download Time: 1783721
Chunk bitrate: 7 1000000
Buffer size: 7 32001
Chunk bitrate: 7 1000000
Buffer size: 8 32001
Download Time: 2897390
Chunk bitrate: 8 1000000
Buffer size: 9 36001
Download Time: 2279843
Chunk bitrate: 9 1000000
Buffer size: 10 40001
Download Time: 1610368
Chunk bitrate: 10 1000000
Buffer size: 11 44001
Download Time: 1746194
Chunk bitrate: 11 1000000
Buffer size: 12 48001
Download Time: 1513736
Chunk bitrate: 12 2000000
Buffer size: 12 52001
Chunk bitrate: 12 2000000
Buffer size: 13 52001
Download Time: 2184167
Chunk bitrate: 13 2000000
Buffer size: 14 56001
Download Time: 1924650
Chunk bitrate: 14 3000000
Buffer size: 14 60001
Chunk bitrate: 14 3000000
Buffer size: 15 60001
Download Time: 1773893
Chunk bitrate: 15 3000000
Buffer size: 16 64001
Download Time: 2190267
Chunk bitrate: 16 3000000
Buffer size: 17 68001
Download Time: 5450298
Chunk bitrate: 17 600000
Buffer size: 17 72001
Chunk bitrate: 17 600000
Buffer size: 18 72001
Download Time: 1079830
Chunk bitrate: 18 1000000
Buffer size: 18 76001
Chunk bitrate: 18 1000000
Buffer size: 19 76001
Download Time: 1065126
Chunk bitrate: 19 1000000
Buffer size: 20 80001
Download Time: 1824922
Chunk bitrate: 20 1000000
Buffer size: 21 84001
Download Time: 948681
Chunk bitrate: 21 2000000
Buffer size: 21 88001
Chunk bitrate: 21 2000000
Buffer size: 22 88001
Download Time: 1977326
Chunk bitrate: 22 2000000
Buffer size: 23 92001
Download Time: 2493667
Chunk bitrate: 23 3000000
Buffer size: 23 96001
Chunk bitrate: 23 3000000
Buffer size: 24 96001
Download Time: 2085916
Chunk bitrate: 24 3000000
Buffer size: 25 100001
Download Time: 2057867
Chunk bitrate: 25 3000000
Buffer size: 26 104001
Download Time: 5087573
Chunk bitrate: 26 1000000
Buffer size: 26 108001
Chunk bitrate: 26 1000000
Buffer size: 27 108001
Download Time: 1258397
Chunk bitrate: 27 1000000
Buffer size: 28 112001
Download Time: 2359493
Chunk bitrate: 28 1000000
Buffer size: 29 116001
Download Time: 1886249
Chunk bitrate: 29 2000000
Buffer size: 29 120001
Chunk bitrate: 29 2000000
Buffer size: 30 120001
Download Time: 1599597
Chunk bitrate: 30 2000000
Buffer size: 31 124001
Download Time: 1740298
Chunk bitrate: 31 2000000
Buffer size: 32 128001
Download Time: 2120303
Chunk bitrate: 32 3000000
Buffer size: 32 132001
Chunk bitrate: 32 3000000
Buffer size: 33 132001
Download Time: 2322049
Chunk bitrate: 33 3000000
Buffer size: 34 136001
Download Time: 4298685
Chunk bitrate: 34 1000000
Buffer size: 34 140001
Chunk bitrate: 34 1000000
Buffer size: 35 140001
Download Time: 2299022
Chunk bitrate: 35 1000000
Buffer size: 36 144001
Download Time: 1444362
Chunk bitrate: 36 1000000
Buffer size: 37 148001
Download Time: 2040786
Chunk bitrate: 37 1000000
Buffer size: 38 152001
Download Time: 1446757
Chunk bitrate: 38 2000000
Buffer size: 38 156001
Chunk bitrate: 38 2000000
Buffer size: 39 156001
Download Time: 1955870
Chunk bitrate: 39 2000000
Buffer size: 40 160001
Download Time: 1679917
Chunk bitrate: 40 2000000
Buffer size: 41 164001
Download Time: 1776915
Chunk bitrate: 41 3000000
Buffer size: 41 168001
Chunk bitrate: 41 3000000
Buffer size: 42 168001
Download Time: 1945776
[00007f5de4003378] core mux error: cannot add this stream
[00007f5de4195c08] core decoder error: cannot create packetizer output (h264)
Chunk bitrate: 42 3000000
Buffer size: 43 172001
Download Time: 3608050
Chunk bitrate: 43 1000000
Buffer size: 43 176001
Chunk bitrate: 43 1000000
Buffer size: 44 176001
Download Time: 1554380
[00007f5de4003378] core mux error: cannot add this stream
[00007f5de4186c48] core decoder error: cannot create packetizer output (h264)
Chunk bitrate: 44 1000000
Buffer size: 45 180001
Download Time: 1526760
Chunk bitrate: 45 2000000
Buffer size: 45 184001
Chunk bitrate: 45 2000000
Buffer size: 46 184001
Download Time: 2280144
[00007f5de4003378] core mux error: cannot add this stream
[00007f5de4097f38] core decoder error: cannot create packetizer output (h264)
Chunk bitrate: 46 2000000
Buffer size: 47 188001
Download Time: 1941641
Chunk bitrate: 47 2000000
Buffer size: 48 192001
Download Time: 1248072
Chunk bitrate: 48 3000000
Buffer size: 48 196001
Chunk bitrate: 48 3000000
Buffer size: 49 196001
Download Time: 2472015
[00007f5de4003378] core mux error: cannot add this stream
[00007f5de40b4a58] core decoder error: cannot create packetizer output (h264)
Chunk bitrate: 49 3000000
Buffer size: 50 200001
Download Time: 1609431
Chunk bitrate: 50 3000000
Buffer size: 51 204001
Download Time: 777111
Chunk bitrate: 51 3000000
Buffer size: 52 208001
Download Time: 1137175
Download Time: 27824
Chunk bitrate: 52 3000000
Buffer size: 53 212001
Download Time: 1074363
Chunk bitrate: 53 3000000
Buffer size: 54 216001
Download Time: 1142272
Chunk bitrate: 54 3000000
Buffer size: 55 220001
Download Time: 1024755
Chunk bitrate: 55 3000000
Buffer size: 56 224001
Download Time: 1122269
Chunk bitrate: 56 3000000
Buffer size: 57 228001
Download Time: 775657
Chunk bitrate: 57 3000000
Buffer size: 58 232001
Download Time: 328009
Chunk bitrate: 58 3000000
Buffer size: 59 236001
Download Time: 1198795
Chunk bitrate: 59 3000000
Buffer size: 60 240001
Download Time: 914737
Chunk bitrate: 60 3000000
Buffer size: 61 244001
Download Time: 955693
Chunk bitrate: 61 3000000
Buffer size: 62 248001
Download Time: 322431
Chunk bitrate: 62 3000000
Buffer size: 63 252001
Download Time: 227722
Chunk bitrate: 63 3000000
Buffer size: 64 256001
Download Time: 401432
Chunk bitrate: 64 3000000
Buffer size: 65 260001
[00007f5de4003378] ps mux: Close
[00007f5de00015c8] idummy demux: command `quit'
[0000000001f271e8] [cli] lua interface error: Error loading script /home/cs244/vlc/share/lua/intf/cli.luac: lua/intf/modules/host.lua:286: Interrupted.
