[00000000021251e8] core interface error: no suitable interface module
[000000000205c338] core libvlc error: interface "globalhotkeys,none" initialization failed
[00000000021251e8] dbus interface error: Failed to connect to the D-Bus session daemon: Unable to autolaunch a dbus-daemon without a $DISPLAY for X11
[00000000021251e8] core interface error: no suitable interface module
[000000000205c338] core libvlc error: interface "dbus,none" initialization failed
[000000000205c338] core libvlc: Running vlc with the default interface. Use 'cvlc' to use vlc without interface.
[00000000021251e8] qt interface error: Could not connect to X server
[00000000021251e8] skins2 interface error: cannot initialize OSFactory
[00000000021251e8] [cli] lua interface: Listening on host "*console".
VLC media player 3.0.0-git Vetinari
Command Line Interface initialized. Type `help' for help.
> [00007f0c48003378] ps mux: Open
making a DASHManager
new ratebased adaptionlogic
Chunk bitrate: 0 349952
Buffer size: 0 0
Chunk bitrate: 0 349952
Buffer size: 0 0
[00007f0c48027378] mp4 demux: Fragment sequence discontinuity detected 0 != 2
Download Time: 293235
[00007f0c48018f98] mp4 demux: Fragment sequence discontinuity detected 0 != 2
Startup Time: 1050000
Chunk bitrate: 0 3000000
Buffer size: 0 4001
Chunk bitrate: 0 3000000
Buffer size: 1 4001
Download Time: 2269365
Chunk bitrate: 1 3000000
Buffer size: 2 8001
Download Time: 1902919
Chunk bitrate: 2 3000000
Buffer size: 3 12001
Download Time: 2333168
Chunk bitrate: 3 3000000
Buffer size: 4 16001
Download Time: 1944358
Chunk bitrate: 4 3000000
Buffer size: 5 20001
Download Time: 1632816
Chunk bitrate: 5 3000000
Buffer size: 6 24001
Download Time: 843751
Chunk bitrate: 6 3000000
Buffer size: 7 28001
Download Time: 829317
Chunk bitrate: 7 3000000
Buffer size: 8 32001
Download Time: 1310280
Chunk bitrate: 8 3000000
Buffer size: 9 36001
Download Time: 959155
Chunk bitrate: 9 3000000
Buffer size: 10 40001
Download Time: 3238137
Chunk bitrate: 10 2000000
Buffer size: 10 44001
Chunk bitrate: 10 2000000
Buffer size: 11 44001
Download Time: 1890095
Chunk bitrate: 11 3000000
Buffer size: 11 48001
Chunk bitrate: 11 3000000
Buffer size: 12 48001
Download Time: 2656489
Chunk bitrate: 12 3000000
Buffer size: 13 52001
Download Time: 2225032
Chunk bitrate: 13 3000000
Buffer size: 14 56001
Download Time: 1879968
Chunk bitrate: 14 3000000
Buffer size: 15 60001
Download Time: 1776616
Chunk bitrate: 15 3000000
Buffer size: 16 64001
Download Time: 1541907
Chunk bitrate: 16 3000000
Buffer size: 17 68001
Download Time: 913864
Chunk bitrate: 17 3000000
Buffer size: 18 72001
Download Time: 1139631
Chunk bitrate: 18 3000000
Buffer size: 19 76001
Download Time: 647998
Chunk bitrate: 19 3000000
Buffer size: 20 80001
Download Time: 984422
Chunk bitrate: 20 3000000
Buffer size: 21 84001
Download Time: 703602
Chunk bitrate: 21 3000000
Buffer size: 22 88001
Download Time: 1780098
Chunk bitrate: 22 3000000
Buffer size: 23 92001
Download Time: 2342798
Chunk bitrate: 23 3000000
Buffer size: 24 96001
Download Time: 2085621
Chunk bitrate: 24 3000000
Buffer size: 25 100001
Download Time: 2057713
Chunk bitrate: 25 3000000
Buffer size: 26 104001
Download Time: 1605597
Download Time: 27437
Chunk bitrate: 26 3000000
Buffer size: 27 108001
Download Time: 621662
Chunk bitrate: 27 3000000
Buffer size: 28 112001
Download Time: 974851
Chunk bitrate: 28 3000000
Buffer size: 29 116001
Download Time: 1210425
Chunk bitrate: 29 3000000
Buffer size: 30 120001
Download Time: 756181
Chunk bitrate: 30 3000000
Buffer size: 31 124001
Download Time: 764341
Chunk bitrate: 31 3000000
Buffer size: 32 128001
Download Time: 3444333
Chunk bitrate: 32 2000000
Buffer size: 32 132001
Chunk bitrate: 32 2000000
Buffer size: 33 132001
Download Time: 1945860
Chunk bitrate: 33 3000000
Buffer size: 33 136001
Chunk bitrate: 33 3000000
Buffer size: 34 136001
Download Time: 2267855
Chunk bitrate: 34 3000000
Buffer size: 35 140001
Download Time: 2070630
Chunk bitrate: 35 3000000
Buffer size: 36 144001
Download Time: 1667194
Chunk bitrate: 36 3000000
Buffer size: 37 148001
Download Time: 2476969
Chunk bitrate: 37 3000000
Buffer size: 38 152001
Download Time: 1589485
Chunk bitrate: 38 3000000
Buffer size: 39 156001
Download Time: 1013787
Chunk bitrate: 39 3000000
Buffer size: 40 160001
Download Time: 869705
Chunk bitrate: 40 3000000
Buffer size: 41 164001
Download Time: 1173097
Chunk bitrate: 41 3000000
Buffer size: 42 168001
Download Time: 976134
Chunk bitrate: 42 3000000
Buffer size: 43 172001
Download Time: 2323019
Chunk bitrate: 43 3000000
Buffer size: 44 176001
Download Time: 1764937
Chunk bitrate: 44 3000000
Buffer size: 45 180001
Download Time: 2099454
Chunk bitrate: 45 3000000
Buffer size: 46 184001
Download Time: 2243770
Chunk bitrate: 46 3000000
Buffer size: 47 188001
Download Time: 2091097
Chunk bitrate: 47 3000000
Buffer size: 48 192001
Download Time: 1747454
Chunk bitrate: 48 3000000
Buffer size: 49 196001
Download Time: 2474531
Chunk bitrate: 49 3000000
Buffer size: 50 200001
Download Time: 937847
Chunk bitrate: 50 3000000
Buffer size: 51 204001
Download Time: 776650
Chunk bitrate: 51 3000000
Buffer size: 52 208001
Download Time: 1136727
Chunk bitrate: 52 3000000
Buffer size: 53 212001
Download Time: 1075010
Chunk bitrate: 53 3000000
Buffer size: 54 216001
Download Time: 1567456
Chunk bitrate: 54 2000000
Buffer size: 54 220001
Chunk bitrate: 54 2000000
Buffer size: 55 220001
Download Time: 2150825
Chunk bitrate: 55 2000000
Buffer size: 56 224001
Download Time: 2314836
Chunk bitrate: 56 3000000
Buffer size: 56 228001
Chunk bitrate: 56 3000000
Buffer size: 57 228001
Download Time: 1545215
Chunk bitrate: 57 3000000
Buffer size: 58 232001
Download Time: 652144
Chunk bitrate: 58 3000000
Buffer size: 59 236001
Download Time: 2394042
Chunk bitrate: 59 3000000
Buffer size: 60 240001
Download Time: 1826771
Chunk bitrate: 60 3000000
Buffer size: 61 244001
Download Time: 1903301
Chunk bitrate: 61 3000000
Buffer size: 62 248001
Download Time: 639472
Chunk bitrate: 62 3000000
Buffer size: 63 252001
Download Time: 395356
Chunk bitrate: 63 3000000
Buffer size: 64 256001
Download Time: 401846
Chunk bitrate: 64 3000000
Buffer size: 65 260001
[00007f0c48003378] ps mux: Close
[00007f0c44001238] idummy demux: command `quit'
[00000000021251e8] [cli] lua interface error: Error loading script /home/cs244/vlc/share/lua/intf/cli.luac: lua/intf/modules/host.lua:286: Interrupted.
