[0000000001c871e8] core interface error: no suitable interface module
[0000000001bbe338] core libvlc error: interface "globalhotkeys,none" initialization failed
[0000000001c871e8] dbus interface error: Failed to connect to the D-Bus session daemon: Unable to autolaunch a dbus-daemon without a $DISPLAY for X11
[0000000001c871e8] core interface error: no suitable interface module
[0000000001bbe338] core libvlc error: interface "dbus,none" initialization failed
[0000000001bbe338] core libvlc: Running vlc with the default interface. Use 'cvlc' to use vlc without interface.
[0000000001c871e8] qt interface error: Could not connect to X server
[0000000001c871e8] skins2 interface error: cannot initialize OSFactory
[0000000001c871e8] [cli] lua interface: Listening on host "*console".
VLC media player 3.0.0-git Vetinari
Command Line Interface initialized. Type `help' for help.
> [00007fe160003378] ps mux: Open
making a DASHManager
new ratebased adaptionlogic
Chunk bitrate: 0 349952
Buffer size: 0 0
Chunk bitrate: 0 349952
Buffer size: 0 0
[00007fe1600275d8] mp4 demux: Fragment sequence discontinuity detected 0 != 2
Download Time: 1322748
[00007fe160023288] mp4 demux: Fragment sequence discontinuity detected 0 != 2
Startup Time: 1050000
Chunk bitrate: 0 600000
Buffer size: 0 4001
Chunk bitrate: 0 600000
Buffer size: 1 4001
Download Time: 2330463
Chunk bitrate: 1 600000
Buffer size: 2 8001
Download Time: 1350320
Chunk bitrate: 2 1000000
Buffer size: 2 12001
Chunk bitrate: 2 1000000
Buffer size: 3 12001
Download Time: 2709223
Chunk bitrate: 3 1000000
Buffer size: 4 16001
Download Time: 1659390
Chunk bitrate: 4 2000000
Buffer size: 4 20001
Chunk bitrate: 4 2000000
Buffer size: 5 20001
Download Time: 2573679
Chunk bitrate: 5 2000000
Buffer size: 6 24001
Download Time: 1593651
Chunk bitrate: 6 2000000
Buffer size: 7 28001
Download Time: 1205443
Chunk bitrate: 7 3000000
Buffer size: 7 32001
Chunk bitrate: 7 3000000
Buffer size: 8 32001
Download Time: 2615978
Chunk bitrate: 8 3000000
Buffer size: 9 36001
Download Time: 3772297
Chunk bitrate: 9 1000000
Buffer size: 9 40001
Chunk bitrate: 9 1000000
Buffer size: 10 40001
Download Time: 2239920
Chunk bitrate: 10 1000000
Buffer size: 11 44001
Download Time: 1747364
Chunk bitrate: 11 1000000
Buffer size: 12 48001
Download Time: 2161725
Chunk bitrate: 12 1000000
Buffer size: 13 52001
Download Time: 1433600
Chunk bitrate: 13 2000000
Buffer size: 13 56001
Chunk bitrate: 13 2000000
Buffer size: 14 56001
Download Time: 2049635
Chunk bitrate: 14 2000000
Buffer size: 15 60001
Download Time: 1827779
Chunk bitrate: 15 2000000
Buffer size: 16 64001
Download Time: 1505409
Chunk bitrate: 16 3000000
Buffer size: 16 68001
Chunk bitrate: 16 3000000
Buffer size: 17 68001
Download Time: 1824600
Chunk bitrate: 17 3000000
Buffer size: 18 72001
Download Time: 3771624
Chunk bitrate: 18 1000000
Buffer size: 18 76001
Chunk bitrate: 18 1000000
Buffer size: 19 76001
Download Time: 1490714
Chunk bitrate: 19 1000000
Buffer size: 20 80001
Download Time: 2119737
Chunk bitrate: 20 1000000
Buffer size: 21 84001
Download Time: 1181276
Chunk bitrate: 21 1000000
Buffer size: 22 88001
Download Time: 1647174
Chunk bitrate: 22 1000000
Buffer size: 23 92001
Download Time: 1539926
Chunk bitrate: 23 2000000
Buffer size: 23 96001
Chunk bitrate: 23 2000000
Buffer size: 24 96001
Download Time: 2085640
Chunk bitrate: 24 2000000
Buffer size: 25 100001
Download Time: 2023513
Chunk bitrate: 25 3000000
Buffer size: 25 104001
Chunk bitrate: 25 3000000
Buffer size: 26 104001
Download Time: 1947260
Chunk bitrate: 26 3000000
Buffer size: 27 108001
Download Time: 1240366
Chunk bitrate: 27 3000000
Buffer size: 28 112001
Download Time: 2926162
Chunk bitrate: 28 1000000
Buffer size: 28 116001
Chunk bitrate: 28 1000000
Buffer size: 29 116001
Download Time: 2669932
Chunk bitrate: 29 1000000
Buffer size: 30 120001
Download Time: 1545576
Chunk bitrate: 30 1000000
Buffer size: 31 124001
Download Time: 1541685
Chunk bitrate: 31 1000000
Buffer size: 32 128001
Download Time: 2121495
Chunk bitrate: 32 1000000
Buffer size: 33 132001
Download Time: 1459700
Chunk bitrate: 33 1000000
Buffer size: 34 136001
Download Time: 1599960
Chunk bitrate: 34 1000000
Buffer size: 35 140001
Download Time: 1391596
Chunk bitrate: 35 1000000
Buffer size: 36 144001
Download Time: 707260
Chunk bitrate: 36 3000000
Buffer size: 36 148001
Chunk bitrate: 36 3000000
Buffer size: 37 148001
Download Time: 2476150
Chunk bitrate: 37 3000000
Buffer size: 38 152001
Download Time: 3426694
Chunk bitrate: 38 2000000
Buffer size: 38 156001
Chunk bitrate: 38 2000000
Buffer size: 39 156001
Download Time: 5030551
Chunk bitrate: 39 600000
Buffer size: 39 160001
Chunk bitrate: 39 600000
Buffer size: 40 160001
Download Time: 1839547
Chunk bitrate: 40 600000
Buffer size: 41 164001
Download Time: 1925320
Chunk bitrate: 41 1000000
Buffer size: 41 168001
Chunk bitrate: 41 1000000
Buffer size: 42 168001
Download Time: 2099551
Chunk bitrate: 42 1000000
Buffer size: 43 172001
Download Time: 2154842
Chunk bitrate: 43 1000000
Buffer size: 44 176001
Download Time: 1245017
Chunk bitrate: 44 1000000
Buffer size: 45 180001
Download Time: 1416613
Chunk bitrate: 45 1000000
Buffer size: 46 184001
Download Time: 1468147
Chunk bitrate: 46 1000000
Buffer size: 47 188001
Download Time: 1511618
Chunk bitrate: 47 1000000
Buffer size: 48 192001
Download Time: 1097130
Chunk bitrate: 48 1000000
Buffer size: 49 196001
Download Time: 1501340
Chunk bitrate: 49 1000000
Buffer size: 50 200001
Download Time: 2605499
Chunk bitrate: 50 600000
Buffer size: 50 204001
Chunk bitrate: 50 600000
Buffer size: 51 204001
Download Time: 1909439
[00007fe160003378] core mux error: cannot add this stream
[00007fe1600c8798] core decoder error: cannot create packetizer output (h264)
Chunk bitrate: 51 600000
Buffer size: 52 208001
Download Time: 1710831
Chunk bitrate: 52 600000
Buffer size: 53 212001
Download Time: 1397559
Chunk bitrate: 53 1000000
Buffer size: 53 216001
Chunk bitrate: 53 1000000
Buffer size: 54 216001
Download Time: 2503953
[00007fe160003378] core mux error: cannot add this stream
[00007fe16014f478] core decoder error: cannot create packetizer output (h264)
Chunk bitrate: 54 1000000
Buffer size: 55 220001
Download Time: 1460992
Chunk bitrate: 55 1000000
Buffer size: 56 224001
Download Time: 1593925
Chunk bitrate: 56 1000000
Buffer size: 57 228001
Download Time: 966022
Chunk bitrate: 57 1000000
Buffer size: 58 232001
Download Time: 445815
Chunk bitrate: 58 1000000
Buffer size: 59 236001
Download Time: 1698657
Chunk bitrate: 59 1000000
Buffer size: 60 240001
Download Time: 1285697
Chunk bitrate: 60 1000000
Buffer size: 61 244001
Download Time: 1338396
Chunk bitrate: 61 1000000
Buffer size: 62 248001
Download Time: 1171373
Chunk bitrate: 62 600000
Buffer size: 62 252001
Chunk bitrate: 62 600000
Buffer size: 63 252001
Download Time: 579938
[00007fe160003378] core mux error: cannot add this stream
[00007fe16009e378] core decoder error: cannot create packetizer output (h264)
Chunk bitrate: 63 600000
Buffer size: 64 256001
Download Time: 1156603
Chunk bitrate: 64 600000
Buffer size: 65 260001
[00007fe160003378] ps mux: Close
[00007fe14c0010f8] idummy demux: command `quit'
[0000000001c871e8] [cli] lua interface error: Error loading script /home/cs244/vlc/share/lua/intf/cli.luac: lua/intf/modules/host.lua:286: Interrupted.
