[0000000000b131e8] core interface error: no suitable interface module
[0000000000a4a338] core libvlc error: interface "globalhotkeys,none" initialization failed
[0000000000b131e8] dbus interface error: Failed to connect to the D-Bus session daemon: Unable to autolaunch a dbus-daemon without a $DISPLAY for X11
[0000000000b131e8] core interface error: no suitable interface module
[0000000000a4a338] core libvlc error: interface "dbus,none" initialization failed
[0000000000a4a338] core libvlc: Running vlc with the default interface. Use 'cvlc' to use vlc without interface.
[0000000000b131e8] qt interface error: Could not connect to X server
[0000000000b131e8] skins2 interface error: cannot initialize OSFactory
[0000000000b131e8] [cli] lua interface: Listening on host "*console".
VLC media player 3.0.0-git Vetinari
Command Line Interface initialized. Type `help' for help.
> [00007f0a40003378] ps mux: Open
making a DASHManager
new ratebased adaptionlogic
Chunk bitrate: 0 349952
Buffer size: 0 0
Chunk bitrate: 0 349952
Buffer size: 0 0
[00007f0a40019968] mp4 demux: Fragment sequence discontinuity detected 0 != 2
Download Time: 583766
[00007f0a40025148] mp4 demux: Fragment sequence discontinuity detected 0 != 2
Startup Time: 1050000
Chunk bitrate: 0 1000000
Buffer size: 0 4001
Chunk bitrate: 0 1000000
Buffer size: 1 4001
Download Time: 1607941
Chunk bitrate: 1 1000000
Buffer size: 2 8001
Download Time: 1166340
Chunk bitrate: 2 1000000
Buffer size: 3 12001
Download Time: 1448003
Chunk bitrate: 3 2000000
Buffer size: 3 16001
Chunk bitrate: 3 2000000
Buffer size: 4 16001
Download Time: 1877475
Chunk bitrate: 4 2000000
Buffer size: 5 20001
Download Time: 2571866
Chunk bitrate: 5 2000000
Buffer size: 6 24001
Download Time: 1066781
Chunk bitrate: 6 3000000
Buffer size: 6 28001
Chunk bitrate: 6 3000000
Buffer size: 7 28001
Download Time: 1653414
Chunk bitrate: 7 3000000
Buffer size: 8 32001
Download Time: 2402697
Chunk bitrate: 8 3000000
Buffer size: 9 36001
Download Time: 960658
Chunk bitrate: 9 3000000
Buffer size: 10 40001
Download Time: 1104695
Chunk bitrate: 10 3000000
Buffer size: 11 44001
Download Time: 961276
Chunk bitrate: 11 3000000
Buffer size: 12 48001
Download Time: 1329917
Chunk bitrate: 12 3000000
Buffer size: 13 52001
Download Time: 4494838
Chunk bitrate: 13 1000000
Buffer size: 13 56001
Chunk bitrate: 13 1000000
Buffer size: 14 56001
Download Time: 1454494
Chunk bitrate: 14 1000000
Buffer size: 15 60001
Download Time: 1162809
Chunk bitrate: 15 1000000
Buffer size: 16 64001
Download Time: 1536081
Chunk bitrate: 16 1000000
Buffer size: 17 68001
Download Time: 1240296
Chunk bitrate: 17 3000000
Buffer size: 17 72001
Chunk bitrate: 17 3000000
Buffer size: 18 72001
Download Time: 2275843
Chunk bitrate: 18 3000000
Buffer size: 19 76001
Download Time: 1287982
Chunk bitrate: 19 3000000
Buffer size: 20 80001
Download Time: 1965040
Chunk bitrate: 20 3000000
Buffer size: 21 84001
Download Time: 1201817
Chunk bitrate: 21 3000000
Buffer size: 22 88001
Download Time: 1781710
Chunk bitrate: 22 3000000
Buffer size: 23 92001
Download Time: 4191699
Chunk bitrate: 23 1000000
Buffer size: 23 96001
Chunk bitrate: 23 1000000
Buffer size: 24 96001
Download Time: 1879582
Chunk bitrate: 24 2000000
Buffer size: 24 100001
Chunk bitrate: 24 2000000
Buffer size: 25 100001
Download Time: 2070557
Chunk bitrate: 25 2000000
Buffer size: 26 104001
Download Time: 1927417
Chunk bitrate: 26 2000000
Buffer size: 27 108001
Download Time: 1090919
Chunk bitrate: 27 3000000
Buffer size: 27 112001
Chunk bitrate: 27 3000000
Buffer size: 28 112001
Download Time: 1944082
Download Time: 49947
Chunk bitrate: 28 3000000
Buffer size: 29 116001
Download Time: 2416159
Chunk bitrate: 29 3000000
Buffer size: 30 120001
Download Time: 778019
Chunk bitrate: 30 3000000
Buffer size: 31 124001
Download Time: 764680
Chunk bitrate: 31 3000000
Buffer size: 32 128001
Download Time: 1242708
Chunk bitrate: 32 3000000
Buffer size: 33 132001
Download Time: 1163955
Chunk bitrate: 33 3000000
Buffer size: 34 136001
Download Time: 1772522
Chunk bitrate: 34 1000000
Buffer size: 34 140001
Chunk bitrate: 34 1000000
Buffer size: 35 140001
Download Time: 1734801
Chunk bitrate: 35 1000000
Buffer size: 36 144001
Download Time: 1440902
Chunk bitrate: 36 1000000
Buffer size: 37 148001
Download Time: 1488201
Chunk bitrate: 37 2000000
Buffer size: 37 152001
Chunk bitrate: 37 2000000
Buffer size: 38 152001
Download Time: 2333052
Chunk bitrate: 38 2000000
Buffer size: 39 156001
Download Time: 1767207
Chunk bitrate: 39 3000000
Buffer size: 39 160001
Chunk bitrate: 39 3000000
Buffer size: 40 160001
Download Time: 868357
Chunk bitrate: 40 3000000
Buffer size: 41 164001
Download Time: 1173284
Chunk bitrate: 41 3000000
Buffer size: 42 168001
Download Time: 975208
Chunk bitrate: 42 3000000
Buffer size: 43 172001
Download Time: 1201820
Chunk bitrate: 43 3000000
Buffer size: 44 176001
Download Time: 1243543
Chunk bitrate: 44 3000000
Buffer size: 45 180001
Download Time: 2100599
Chunk bitrate: 45 3000000
Buffer size: 46 184001
Download Time: 2401962
Chunk bitrate: 46 2000000
Buffer size: 46 188001
Chunk bitrate: 46 2000000
Buffer size: 47 188001
Download Time: 2588030
Chunk bitrate: 47 1000000
Buffer size: 47 192001
Chunk bitrate: 47 1000000
Buffer size: 48 192001
Download Time: 1092359
Chunk bitrate: 48 1000000
Buffer size: 49 196001
Download Time: 1292854
Chunk bitrate: 49 2000000
Buffer size: 49 200001
Chunk bitrate: 49 2000000
Buffer size: 50 200001
Download Time: 2034719
Chunk bitrate: 50 2000000
Buffer size: 51 204001
Download Time: 1657154
Chunk bitrate: 51 2000000
Buffer size: 52 208001
Download Time: 2233784
Chunk bitrate: 52 2000000
Buffer size: 53 212001
Download Time: 1960669
Chunk bitrate: 53 2000000
Buffer size: 54 216001
Download Time: 1479099
Chunk bitrate: 54 3000000
Buffer size: 54 220001
Chunk bitrate: 54 3000000
Buffer size: 55 220001
Download Time: 1024837
Chunk bitrate: 55 3000000
Buffer size: 56 224001
Download Time: 1121658
Chunk bitrate: 56 3000000
Buffer size: 57 228001
Download Time: 774754
Chunk bitrate: 57 3000000
Buffer size: 58 232001
Download Time: 328491
Chunk bitrate: 58 3000000
Buffer size: 59 236001
Download Time: 1198320
Chunk bitrate: 59 2000000
Buffer size: 59 240001
Chunk bitrate: 59 2000000
Buffer size: 60 240001
Download Time: 1895994
[00007f0a40003378] core mux error: cannot add this stream
[00007f0a40040448] core decoder error: cannot create packetizer output (h264)
Chunk bitrate: 60 2000000
Buffer size: 61 244001
Download Time: 2027527
Chunk bitrate: 61 2000000
Buffer size: 62 248001
Download Time: 660600
Chunk bitrate: 62 2000000
Buffer size: 63 252001
Download Time: 586121
Chunk bitrate: 63 1000000
Buffer size: 63 256001
Chunk bitrate: 63 1000000
Buffer size: 64 256001
Download Time: 667728
[00007f0a40003378] core mux error: cannot add this stream
[00007f0a40201768] core decoder error: cannot create packetizer output (h264)
Chunk bitrate: 64 1000000
Buffer size: 65 260001
[00007f0a40003378] ps mux: Close
[00007f0a3c0016d8] idummy demux: command `quit'
[0000000000b131e8] [cli] lua interface error: Error loading script /home/cs244/vlc/share/lua/intf/cli.luac: lua/intf/modules/host.lua:286: Interrupted.
