[00000000012ea1e8] core interface error: no suitable interface module
[0000000001221338] core libvlc error: interface "globalhotkeys,none" initialization failed
[00000000012ea1e8] dbus interface error: Failed to connect to the D-Bus session daemon: Unable to autolaunch a dbus-daemon without a $DISPLAY for X11
[00000000012ea1e8] core interface error: no suitable interface module
[0000000001221338] core libvlc error: interface "dbus,none" initialization failed
[0000000001221338] core libvlc: Running vlc with the default interface. Use 'cvlc' to use vlc without interface.
[00000000012ea1e8] qt interface error: Could not connect to X server
[00000000012ea1e8] skins2 interface error: cannot initialize OSFactory
[00000000012ea1e8] [cli] lua interface: Listening on host "*console".
VLC media player 3.0.0-git Vetinari
Command Line Interface initialized. Type `help' for help.
> [00007f095c003378] ps mux: Open
making a DASHManager
new ratebased adaptionlogic
Chunk bitrate: 0 349952
Buffer size: 0 0
Chunk bitrate: 0 349952
Buffer size: 0 0
[00007f095c025898] mp4 demux: Fragment sequence discontinuity detected 0 != 2
Download Time: 438260
[00007f095c023c58] mp4 demux: Fragment sequence discontinuity detected 0 != 2
Startup Time: 1050000
Chunk bitrate: 0 2000000
Buffer size: 0 4001
Chunk bitrate: 0 2000000
Buffer size: 1 4001
Download Time: 2336882
Chunk bitrate: 1 2000000
Buffer size: 2 8001
Download Time: 1780455
Chunk bitrate: 2 2000000
Buffer size: 3 12001
Download Time: 6002310
Chunk bitrate: 3 1000000
Buffer size: 3 16001
Chunk bitrate: 3 1000000
Buffer size: 4 16001
Download Time: 1967580
Chunk bitrate: 4 1000000
Buffer size: 5 20001
Download Time: 2291395
Chunk bitrate: 5 1000000
Buffer size: 6 24001
Download Time: 1103918
Chunk bitrate: 6 1000000
Buffer size: 7 28001
Download Time: 1196353
Chunk bitrate: 7 1000000
Buffer size: 8 32001
Download Time: 1655968
Chunk bitrate: 8 1000000
Buffer size: 9 36001
Download Time: 1127756
Chunk bitrate: 9 2000000
Buffer size: 9 40001
Chunk bitrate: 9 2000000
Buffer size: 10 40001
Download Time: 2072390
Chunk bitrate: 10 2000000
Buffer size: 11 44001
Download Time: 2374642
Chunk bitrate: 11 1000000
Buffer size: 11 48001
Chunk bitrate: 11 1000000
Buffer size: 12 48001
Download Time: 3455996
Chunk bitrate: 12 600000
Buffer size: 12 52001
Chunk bitrate: 12 600000
Buffer size: 13 52001
Download Time: 1457538
Chunk bitrate: 13 1000000
Buffer size: 13 56001
Chunk bitrate: 13 1000000
Buffer size: 14 56001
Download Time: 1997855
Chunk bitrate: 14 1000000
Buffer size: 15 60001
Download Time: 1723516
Chunk bitrate: 15 1000000
Buffer size: 16 64001
Download Time: 1536668
Chunk bitrate: 16 1000000
Buffer size: 17 68001
Download Time: 1292045
Chunk bitrate: 17 1000000
Buffer size: 18 72001
Download Time: 1534910
Chunk bitrate: 18 1000000
Buffer size: 19 76001
Download Time: 685820
Chunk bitrate: 19 2000000
Buffer size: 19 80001
Chunk bitrate: 19 2000000
Buffer size: 20 80001
Download Time: 2147648
Chunk bitrate: 20 2000000
Buffer size: 21 84001
Download Time: 1307647
Chunk bitrate: 21 2000000
Buffer size: 22 88001
Download Time: 3890452
Chunk bitrate: 22 600000
Buffer size: 22 92001
Chunk bitrate: 22 600000
Buffer size: 23 92001
Download Time: 1957937
Chunk bitrate: 23 1000000
Buffer size: 23 96001
Chunk bitrate: 23 1000000
Buffer size: 24 96001
Download Time: 2339628
Chunk bitrate: 24 1000000
Buffer size: 25 100001
Download Time: 2041264
Chunk bitrate: 25 1000000
Buffer size: 26 104001
Download Time: 1335411
Chunk bitrate: 26 1000000
Buffer size: 27 108001
Download Time: 795312
Chunk bitrate: 27 1000000
Buffer size: 28 112001
Download Time: 1572433
Chunk bitrate: 28 1000000
Buffer size: 29 116001
Download Time: 1520040
Chunk bitrate: 29 1000000
Buffer size: 30 120001
Download Time: 1103564
Chunk bitrate: 30 1000000
Buffer size: 31 124001
Download Time: 1231791
Chunk bitrate: 31 1000000
Buffer size: 32 128001
Download Time: 1699685
Chunk bitrate: 32 1000000
Buffer size: 33 132001
Download Time: 3992638
Chunk bitrate: 33 600000
Buffer size: 33 136001
Chunk bitrate: 33 600000
Buffer size: 34 136001
Download Time: 2130860
Chunk bitrate: 34 600000
Buffer size: 35 140001
Download Time: 1683166
Chunk bitrate: 35 600000
Buffer size: 36 144001
Download Time: 1468594
Chunk bitrate: 36 1000000
Buffer size: 36 148001
Chunk bitrate: 36 1000000
Buffer size: 37 148001
Download Time: 2448013
Chunk bitrate: 37 1000000
Buffer size: 38 152001
Download Time: 2310280
Chunk bitrate: 38 1000000
Buffer size: 39 156001
Download Time: 1661706
Chunk bitrate: 39 1000000
Buffer size: 40 160001
Download Time: 1431045
Chunk bitrate: 40 1000000
Buffer size: 41 164001
Download Time: 2381719
Chunk bitrate: 41 600000
Buffer size: 41 168001
Chunk bitrate: 41 600000
Buffer size: 42 168001
Download Time: 1899038
Chunk bitrate: 42 600000
Buffer size: 43 172001
Download Time: 1801364
Chunk bitrate: 43 3000000
Buffer size: 43 176001
Chunk bitrate: 43 3000000
Buffer size: 44 176001
Download Time: 1760294
Chunk bitrate: 44 3000000
Buffer size: 45 180001
Download Time: 2098206
Chunk bitrate: 45 3000000
Buffer size: 46 184001
Download Time: 1571841
Chunk bitrate: 46 3000000
Buffer size: 47 188001
Download Time: 1046801
Chunk bitrate: 47 3000000
Buffer size: 48 192001
Download Time: 875862
Chunk bitrate: 48 3000000
Buffer size: 49 196001
Download Time: 1239627
Chunk bitrate: 49 3000000
Buffer size: 50 200001
Download Time: 938858
Chunk bitrate: 50 3000000
Buffer size: 51 204001
Download Time: 2170059
Chunk bitrate: 51 2000000
Buffer size: 51 208001
Chunk bitrate: 51 2000000
Buffer size: 52 208001
Download Time: 2235190
Chunk bitrate: 52 2000000
Buffer size: 53 212001
Download Time: 1959240
Chunk bitrate: 53 2000000
Buffer size: 54 216001
Download Time: 2236729
Chunk bitrate: 54 2000000
Buffer size: 55 220001
Download Time: 1821109
Chunk bitrate: 55 3000000
Buffer size: 55 224001
Chunk bitrate: 55 3000000
Buffer size: 56 224001
Download Time: 2240452
Chunk bitrate: 56 3000000
Buffer size: 57 228001
Download Time: 1545638
Chunk bitrate: 57 3000000
Buffer size: 58 232001
Download Time: 521069
Chunk bitrate: 58 3000000
Buffer size: 59 236001
Download Time: 1200497
Chunk bitrate: 59 3000000
Buffer size: 60 240001
Download Time: 915197
Chunk bitrate: 60 3000000
Buffer size: 61 244001
Download Time: 954255
Chunk bitrate: 61 3000000
Buffer size: 62 248001
Download Time: 321253
Chunk bitrate: 62 3000000
Buffer size: 63 252001
Download Time: 229908
Chunk bitrate: 63 3000000
Buffer size: 64 256001
Download Time: 402748
Chunk bitrate: 64 3000000
Buffer size: 65 260001
[00007f095c003378] ps mux: Close
[00007f0968001288] idummy demux: command `quit'
[00000000012ea1e8] [cli] lua interface error: Error loading script /home/cs244/vlc/share/lua/intf/cli.luac: lua/intf/modules/host.lua:286: Interrupted.
