[0000000001c3d1e8] core interface error: no suitable interface module
[0000000001b74338] core libvlc error: interface "globalhotkeys,none" initialization failed
[0000000001c3d1e8] dbus interface error: Failed to connect to the D-Bus session daemon: Unable to autolaunch a dbus-daemon without a $DISPLAY for X11
[0000000001c3d1e8] core interface error: no suitable interface module
[0000000001b74338] core libvlc error: interface "dbus,none" initialization failed
[0000000001b74338] core libvlc: Running vlc with the default interface. Use 'cvlc' to use vlc without interface.
[0000000001c3d1e8] qt interface error: Could not connect to X server
[0000000001c3d1e8] skins2 interface error: cannot initialize OSFactory
[0000000001c3d1e8] [cli] lua interface: Listening on host "*console".
VLC media player 3.0.0-git Vetinari
Command Line Interface initialized. Type `help' for help.
> [00007fa804003378] ps mux: Open
making a DASHManager
new ratebased adaptionlogic
Chunk bitrate: 0 349952
Buffer size: 0 0
Chunk bitrate: 0 349952
Buffer size: 0 0
[00007fa804027278] mp4 demux: Fragment sequence discontinuity detected 0 != 2
Download Time: 1322786
[00007fa80401a8c8] mp4 demux: Fragment sequence discontinuity detected 0 != 2
Startup Time: 1050000
Chunk bitrate: 0 600000
Buffer size: 0 4001
Chunk bitrate: 0 600000
Buffer size: 1 4001
Download Time: 2331035
Chunk bitrate: 1 600000
Buffer size: 2 8001
Download Time: 1239397
Chunk bitrate: 2 1000000
Buffer size: 2 12001
Chunk bitrate: 2 1000000
Buffer size: 3 12001
Download Time: 2321781
Chunk bitrate: 3 1000000
Buffer size: 4 16001
Download Time: 1885134
Chunk bitrate: 4 1000000
Buffer size: 5 20001
Download Time: 1711854
Chunk bitrate: 5 1000000
Buffer size: 6 24001
Download Time: 1104855
Chunk bitrate: 6 1000000
Buffer size: 7 28001
Download Time: 1196468
Chunk bitrate: 7 1000000
Buffer size: 8 32001
Download Time: 3202110
Chunk bitrate: 8 600000
Buffer size: 8 36001
Chunk bitrate: 8 600000
Buffer size: 9 36001
Download Time: 2063293
Chunk bitrate: 9 1000000
Buffer size: 9 40001
Chunk bitrate: 9 1000000
Buffer size: 10 40001
Download Time: 1932519
Chunk bitrate: 10 1000000
Buffer size: 11 44001
Download Time: 2095405
Chunk bitrate: 11 1000000
Buffer size: 12 48001
Download Time: 1865606
Chunk bitrate: 12 1000000
Buffer size: 13 52001
Download Time: 1550157
Chunk bitrate: 13 1000000
Buffer size: 14 56001
Download Time: 1330022
Chunk bitrate: 14 1000000
Buffer size: 15 60001
Download Time: 2182474
Chunk bitrate: 15 600000
Buffer size: 15 64001
Chunk bitrate: 15 600000
Buffer size: 16 64001
Download Time: 1952057
Chunk bitrate: 16 600000
Buffer size: 17 68001
Download Time: 1462960
Chunk bitrate: 17 1000000
Buffer size: 17 72001
Chunk bitrate: 17 1000000
Buffer size: 18 72001
Download Time: 2309357
Chunk bitrate: 18 1000000
Buffer size: 19 76001
Download Time: 1274772
Chunk bitrate: 19 1000000
Buffer size: 20 80001
Download Time: 1534443
Chunk bitrate: 20 1000000
Buffer size: 21 84001
Download Time: 948656
Chunk bitrate: 21 1000000
Buffer size: 22 88001
Download Time: 1319872
Chunk bitrate: 22 1000000
Buffer size: 23 92001
Download Time: 2343430
Chunk bitrate: 23 600000
Buffer size: 23 96001
Chunk bitrate: 23 600000
Buffer size: 24 96001
Download Time: 2096078
Chunk bitrate: 24 600000
Buffer size: 25 100001
Download Time: 1736944
Chunk bitrate: 25 600000
Buffer size: 26 104001
Download Time: 1466334
Chunk bitrate: 26 1000000
Buffer size: 26 108001
Chunk bitrate: 26 1000000
Buffer size: 27 108001
Download Time: 1399995
Chunk bitrate: 27 1000000
Buffer size: 28 112001
Download Time: 2030880
Chunk bitrate: 28 1000000
Buffer size: 29 116001
Download Time: 1523357
Chunk bitrate: 29 1000000
Buffer size: 30 120001
Download Time: 1103858
Chunk bitrate: 30 1000000
Buffer size: 31 124001
Download Time: 1396982
Chunk bitrate: 31 600000
Buffer size: 31 128001
Chunk bitrate: 31 600000
Buffer size: 32 128001
Download Time: 2168186
Chunk bitrate: 32 600000
Buffer size: 33 132001
Download Time: 1937271
Chunk bitrate: 33 600000
Buffer size: 34 136001
Download Time: 1448778
Chunk bitrate: 34 1000000
Buffer size: 34 140001
Chunk bitrate: 34 1000000
Buffer size: 35 140001
Download Time: 2087873
Chunk bitrate: 35 1000000
Buffer size: 36 144001
Download Time: 1516618
Chunk bitrate: 36 1000000
Buffer size: 37 148001
Download Time: 1633821
Chunk bitrate: 37 1000000
Buffer size: 38 152001
Download Time: 1563206
Chunk bitrate: 38 2000000
Buffer size: 38 156001
Chunk bitrate: 38 2000000
Buffer size: 39 156001
Download Time: 4548902
Chunk bitrate: 39 600000
Buffer size: 39 160001
Chunk bitrate: 39 600000
Buffer size: 40 160001
Download Time: 1425646
Chunk bitrate: 40 1000000
Buffer size: 40 164001
Chunk bitrate: 40 1000000
Buffer size: 41 164001
Download Time: 1587055
Chunk bitrate: 41 1000000
Buffer size: 42 168001
Download Time: 1398720
Chunk bitrate: 42 1000000
Buffer size: 43 172001
Download Time: 1512128
Chunk bitrate: 43 3000000
Buffer size: 43 176001
Chunk bitrate: 43 3000000
Buffer size: 44 176001
Download Time: 1761454
Chunk bitrate: 44 3000000
Buffer size: 45 180001
Download Time: 2100239
Chunk bitrate: 45 3000000
Buffer size: 46 184001
Download Time: 2238891
Chunk bitrate: 46 3000000
Buffer size: 47 188001
Download Time: 2089877
Chunk bitrate: 47 3000000
Buffer size: 48 192001
Download Time: 2482625
Chunk bitrate: 48 1000000
Buffer size: 48 196001
Chunk bitrate: 48 1000000
Buffer size: 49 196001
Download Time: 2631052
Chunk bitrate: 49 1000000
Buffer size: 50 200001
Download Time: 1824869
Chunk bitrate: 50 1000000
Buffer size: 51 204001
Download Time: 1145356
Chunk bitrate: 51 1000000
Buffer size: 52 208001
Download Time: 1440217
Chunk bitrate: 52 1000000
Buffer size: 53 212001
Download Time: 1284288
Chunk bitrate: 53 2000000
Buffer size: 53 216001
Chunk bitrate: 53 2000000
Buffer size: 54 216001
Download Time: 2238068
[00007fa804003378] core mux error: cannot add this stream
[00007fa8040ce158] core decoder error: cannot create packetizer output (h264)
Chunk bitrate: 54 2000000
Buffer size: 55 220001
Download Time: 2150443
Chunk bitrate: 55 2000000
Buffer size: 56 224001
Download Time: 4641161
Chunk bitrate: 56 1000000
Buffer size: 56 228001
Chunk bitrate: 56 1000000
Buffer size: 57 228001
Download Time: 1121999
[00007fa804003378] core mux error: cannot add this stream
[00007fa80409c308] core decoder error: cannot create packetizer output (h264)
Chunk bitrate: 57 1000000
Buffer size: 58 232001
Download Time: 448732
Chunk bitrate: 58 1000000
Buffer size: 59 236001
Download Time: 1697404
Chunk bitrate: 59 1000000
Buffer size: 60 240001
Download Time: 1284675
Chunk bitrate: 60 1000000
Buffer size: 61 244001
Download Time: 925238
Chunk bitrate: 61 3000000
Buffer size: 61 248001
Chunk bitrate: 61 3000000
Buffer size: 62 248001
Download Time: 640225
[00007fa804003378] core mux error: cannot add this stream
[00007fa8040b6e38] core decoder error: cannot create packetizer output (h264)
Chunk bitrate: 62 3000000
Buffer size: 63 252001
Download Time: 452208
Chunk bitrate: 63 3000000
Buffer size: 64 256001
Download Time: 799437
Chunk bitrate: 64 3000000
Buffer size: 65 260001
[00007fa804003378] ps mux: Close
[00007fa800001288] idummy demux: command `quit'
[0000000001c3d1e8] [cli] lua interface error: Error loading script /home/cs244/vlc/share/lua/intf/cli.luac: lua/intf/modules/host.lua:286: Interrupted.
