[00000000015591e8] core interface error: no suitable interface module
[0000000001490338] core libvlc error: interface "globalhotkeys,none" initialization failed
[00000000015591e8] dbus interface error: Failed to connect to the D-Bus session daemon: Unable to autolaunch a dbus-daemon without a $DISPLAY for X11
[00000000015591e8] core interface error: no suitable interface module
[0000000001490338] core libvlc error: interface "dbus,none" initialization failed
[0000000001490338] core libvlc: Running vlc with the default interface. Use 'cvlc' to use vlc without interface.
[00000000015591e8] qt interface error: Could not connect to X server
[00000000015591e8] skins2 interface error: cannot initialize OSFactory
[00000000015591e8] [cli] lua interface: Listening on host "*console".
VLC media player 3.0.0-git Vetinari
Command Line Interface initialized. Type `help' for help.
> [00007fca28003378] ps mux: Open
making a DASHManager
new ratebased adaptionlogic
Chunk bitrate: 0 349952
Buffer size: 0 0
Chunk bitrate: 0 349952
Buffer size: 0 0
[00007fca2801a198] mp4 demux: Fragment sequence discontinuity detected 0 != 2
Download Time: 441762
[00007fca28018088] mp4 demux: Fragment sequence discontinuity detected 0 != 2
Startup Time: 1050000
Chunk bitrate: 0 2000000
Buffer size: 0 4001
Chunk bitrate: 0 2000000
Buffer size: 1 4001
Download Time: 2339468
Chunk bitrate: 1 2000000
Buffer size: 2 8001
Download Time: 1781775
Chunk bitrate: 2 2000000
Buffer size: 3 12001
Download Time: 1596550
Chunk bitrate: 3 3000000
Buffer size: 3 16001
Chunk bitrate: 3 3000000
Buffer size: 4 16001
Download Time: 1942714
Chunk bitrate: 4 3000000
Buffer size: 5 20001
Download Time: 1914802
Chunk bitrate: 5 3000000
Buffer size: 6 24001
Download Time: 843565
Chunk bitrate: 6 3000000
Buffer size: 7 28001
Download Time: 828048
Chunk bitrate: 7 3000000
Buffer size: 8 32001
Download Time: 1309583
Chunk bitrate: 8 3000000
Buffer size: 9 36001
Download Time: 960408
Chunk bitrate: 9 3000000
Buffer size: 10 40001
Download Time: 2933972
Chunk bitrate: 10 2000000
Buffer size: 10 44001
Chunk bitrate: 10 2000000
Buffer size: 11 44001
Download Time: 1980375
Chunk bitrate: 11 2000000
Buffer size: 12 48001
Download Time: 2674169
Chunk bitrate: 12 2000000
Buffer size: 13 52001
Download Time: 2185018
Chunk bitrate: 13 2000000
Buffer size: 14 56001
Download Time: 1395328
Chunk bitrate: 14 3000000
Buffer size: 14 60001
Chunk bitrate: 14 3000000
Buffer size: 15 60001
Download Time: 1773066
Chunk bitrate: 15 3000000
Buffer size: 16 64001
Download Time: 1995788
Chunk bitrate: 16 3000000
Buffer size: 17 68001
Download Time: 913521
Chunk bitrate: 17 3000000
Buffer size: 18 72001
Download Time: 1140035
Chunk bitrate: 18 3000000
Buffer size: 19 76001
Download Time: 646333
Chunk bitrate: 19 3000000
Buffer size: 20 80001
Download Time: 984458
Chunk bitrate: 20 3000000
Buffer size: 21 84001
Download Time: 603914
Chunk bitrate: 21 3000000
Buffer size: 22 88001
Download Time: 2016297
Chunk bitrate: 22 2000000
Buffer size: 22 92001
Chunk bitrate: 22 2000000
Buffer size: 23 92001
Download Time: 2492924
Chunk bitrate: 23 2000000
Buffer size: 24 96001
Download Time: 1606014
Chunk bitrate: 24 3000000
Buffer size: 24 100001
Chunk bitrate: 24 3000000
Buffer size: 25 100001
Download Time: 2057431
Chunk bitrate: 25 3000000
Buffer size: 26 104001
Download Time: 1908260
Chunk bitrate: 26 3000000
Buffer size: 27 108001
Download Time: 620439
Chunk bitrate: 27 3000000
Buffer size: 28 112001
Download Time: 975140
Chunk bitrate: 28 3000000
Buffer size: 29 116001
Download Time: 1216484
Chunk bitrate: 29 3000000
Buffer size: 30 120001
Download Time: 755697
Chunk bitrate: 30 3000000
Buffer size: 31 124001
Download Time: 766102
Chunk bitrate: 31 3000000
Buffer size: 32 128001
Download Time: 4441799
Chunk bitrate: 32 1000000
Buffer size: 32 132001
Chunk bitrate: 32 1000000
Buffer size: 33 132001
Download Time: 1436477
Chunk bitrate: 33 2000000
Buffer size: 33 136001
Chunk bitrate: 33 2000000
Buffer size: 34 136001
Download Time: 2249495
Chunk bitrate: 34 2000000
Buffer size: 35 140001
Download Time: 2165367
Chunk bitrate: 35 3000000
Buffer size: 35 144001
Chunk bitrate: 35 3000000
Buffer size: 36 144001
Download Time: 1666161
Chunk bitrate: 36 3000000
Buffer size: 37 148001
Download Time: 2477175
Chunk bitrate: 37 3000000
Buffer size: 38 152001
Download Time: 1405816
Chunk bitrate: 38 3000000
Buffer size: 39 156001
Download Time: 1013642
Chunk bitrate: 39 3000000
Buffer size: 40 160001
Download Time: 869549
Chunk bitrate: 40 3000000
Buffer size: 41 164001
Download Time: 1173806
Chunk bitrate: 41 3000000
Buffer size: 42 168001
Download Time: 975176
Chunk bitrate: 42 3000000
Buffer size: 43 172001
Download Time: 1202116
Chunk bitrate: 43 3000000
Buffer size: 44 176001
Download Time: 883060
Chunk bitrate: 44 3000000
Buffer size: 45 180001
Download Time: 1052063
Chunk bitrate: 45 3000000
Buffer size: 46 184001
Download Time: 1120626
Chunk bitrate: 46 3000000
Buffer size: 47 188001
Download Time: 1577821
Chunk bitrate: 47 3000000
Buffer size: 48 192001
Download Time: 1747721
Chunk bitrate: 48 3000000
Buffer size: 49 196001
Download Time: 2472104
Chunk bitrate: 49 3000000
Buffer size: 50 200001
Download Time: 1876355
Chunk bitrate: 50 3000000
Buffer size: 51 204001
Download Time: 1548598
Chunk bitrate: 51 3000000
Buffer size: 52 208001
Download Time: 2269701
Chunk bitrate: 52 3000000
Buffer size: 53 212001
Download Time: 2144922
Chunk bitrate: 53 3000000
Buffer size: 54 216001
Download Time: 1885360
Chunk bitrate: 54 3000000
Buffer size: 55 220001
Download Time: 1026277
Chunk bitrate: 55 3000000
Buffer size: 56 224001
Download Time: 1122225
Chunk bitrate: 56 3000000
Buffer size: 57 228001
Download Time: 774089
Chunk bitrate: 57 3000000
Buffer size: 58 232001
Download Time: 327851
Chunk bitrate: 58 3000000
Buffer size: 59 236001
Download Time: 1204172
Chunk bitrate: 59 3000000
Buffer size: 60 240001
Download Time: 1826652
Chunk bitrate: 60 3000000
Buffer size: 61 244001
Download Time: 1903398
Chunk bitrate: 61 3000000
Buffer size: 62 248001
Download Time: 641590
Chunk bitrate: 62 3000000
Buffer size: 63 252001
Download Time: 423190
Chunk bitrate: 63 3000000
Buffer size: 64 256001
Download Time: 402611
Chunk bitrate: 64 3000000
Buffer size: 65 260001
[00007fca28003378] ps mux: Close
[00007fca24001528] idummy demux: command `quit'
[00000000015591e8] [cli] lua interface error: Error loading script /home/cs244/vlc/share/lua/intf/cli.luac: lua/intf/modules/host.lua:286: Interrupted.
