[00000000017d01e8] core interface error: no suitable interface module
[0000000001707338] core libvlc error: interface "globalhotkeys,none" initialization failed
[00000000017d01e8] dbus interface error: Failed to connect to the D-Bus session daemon: Unable to autolaunch a dbus-daemon without a $DISPLAY for X11
[00000000017d01e8] core interface error: no suitable interface module
[0000000001707338] core libvlc error: interface "dbus,none" initialization failed
[0000000001707338] core libvlc: Running vlc with the default interface. Use 'cvlc' to use vlc without interface.
[00000000017d01e8] qt interface error: Could not connect to X server
[00000000017d01e8] skins2 interface error: cannot initialize OSFactory
[00000000017d01e8] [cli] lua interface: Listening on host "*console".
VLC media player 3.0.0-git Vetinari
Command Line Interface initialized. Type `help' for help.
> [00007f635c003378] ps mux: Open
making a DASHManager
new ratebased adaptionlogic
Chunk bitrate: 0 349952
Buffer size: 0 0
Chunk bitrate: 0 349952
Buffer size: 0 0
[00007f635c027128] mp4 demux: Fragment sequence discontinuity detected 0 != 2
Download Time: 294358
Download Time: 7816
[00007f635c019228] mp4 demux: Fragment sequence discontinuity detected 0 != 2
Download Time: 48169
Startup Time: 1050000
Chunk bitrate: 0 3000000
Buffer size: 0 4001
Chunk bitrate: 0 3000000
Buffer size: 1 4001
Download Time: 2271487
Chunk bitrate: 1 3000000
Buffer size: 2 8001
Download Time: 1901776
Chunk bitrate: 2 3000000
Buffer size: 3 12001
Download Time: 4473755
Chunk bitrate: 3 1000000
Buffer size: 3 16001
Chunk bitrate: 3 1000000
Buffer size: 4 16001
Download Time: 1130824
Chunk bitrate: 4 2000000
Buffer size: 4 20001
Chunk bitrate: 4 2000000
Buffer size: 5 20001
Download Time: 2574157
Chunk bitrate: 5 2000000
Buffer size: 6 24001
Download Time: 1658266
Chunk bitrate: 6 2000000
Buffer size: 7 28001
Download Time: 1748570
Chunk bitrate: 7 2000000
Buffer size: 8 32001
Download Time: 2662093
Chunk bitrate: 8 2000000
Buffer size: 9 36001
Download Time: 1442388
Chunk bitrate: 9 3000000
Buffer size: 9 40001
Chunk bitrate: 9 3000000
Buffer size: 10 40001
Download Time: 2206164
Chunk bitrate: 10 3000000
Buffer size: 11 44001
Download Time: 2160938
Chunk bitrate: 11 2000000
Buffer size: 11 48001
Chunk bitrate: 11 2000000
Buffer size: 12 48001
Download Time: 3563657
Chunk bitrate: 12 1000000
Buffer size: 12 52001
Chunk bitrate: 12 1000000
Buffer size: 13 52001
Download Time: 1343780
Chunk bitrate: 13 2000000
Buffer size: 13 56001
Chunk bitrate: 13 2000000
Buffer size: 14 56001
Download Time: 2045573
Chunk bitrate: 14 2000000
Buffer size: 15 60001
Download Time: 1824033
Chunk bitrate: 15 2000000
Buffer size: 16 64001
Download Time: 1553253
Chunk bitrate: 16 3000000
Buffer size: 16 68001
Chunk bitrate: 16 3000000
Buffer size: 17 68001
Download Time: 1824189
Chunk bitrate: 17 3000000
Buffer size: 18 72001
Download Time: 2767951
Chunk bitrate: 18 1000000
Buffer size: 18 76001
Chunk bitrate: 18 1000000
Buffer size: 19 76001
Download Time: 847782
Chunk bitrate: 19 1000000
Buffer size: 20 80001
Download Time: 1455803
Chunk bitrate: 20 1000000
Buffer size: 21 84001
Download Time: 943395
Chunk bitrate: 21 1000000
Buffer size: 22 88001
Download Time: 839508
Chunk bitrate: 22 3000000
Buffer size: 22 92001
Chunk bitrate: 22 3000000
Buffer size: 23 92001
Download Time: 2342571
Chunk bitrate: 23 3000000
Buffer size: 24 96001
Download Time: 2085578
Chunk bitrate: 24 3000000
Buffer size: 25 100001
Download Time: 2055932
Chunk bitrate: 25 3000000
Buffer size: 26 104001
Download Time: 1948178
Chunk bitrate: 26 3000000
Buffer size: 27 108001
Download Time: 2074205
Chunk bitrate: 27 1000000
Buffer size: 27 112001
Chunk bitrate: 27 1000000
Buffer size: 28 112001
Download Time: 2357860
Chunk bitrate: 28 1000000
Buffer size: 29 116001
Download Time: 2280905
Chunk bitrate: 29 1000000
Buffer size: 30 120001
Download Time: 1652323
Chunk bitrate: 30 1000000
Buffer size: 31 124001
Download Time: 1850284
Chunk bitrate: 31 2000000
Buffer size: 31 128001
Chunk bitrate: 31 2000000
Buffer size: 32 128001
Download Time: 2672457
Chunk bitrate: 32 2000000
Buffer size: 33 132001
Download Time: 2113687
Chunk bitrate: 33 2000000
Buffer size: 34 136001
Download Time: 3748683
Chunk bitrate: 34 1000000
Buffer size: 34 140001
Chunk bitrate: 34 1000000
Buffer size: 35 140001
Download Time: 1869768
Chunk bitrate: 35 1000000
Buffer size: 36 144001
Download Time: 1727852
Chunk bitrate: 36 1000000
Buffer size: 37 148001
Download Time: 2324183
Download Time: 69028
Chunk bitrate: 37 2000000
Buffer size: 37 152001
Chunk bitrate: 37 2000000
Buffer size: 38 152001
Download Time: 2340107
Chunk bitrate: 38 2000000
Buffer size: 39 156001
Download Time: 1950366
Chunk bitrate: 39 2000000
Buffer size: 40 160001
Download Time: 1235008
Chunk bitrate: 40 3000000
Buffer size: 40 164001
Chunk bitrate: 40 3000000
Buffer size: 41 164001
Download Time: 2343409
Chunk bitrate: 41 3000000
Buffer size: 42 168001
Download Time: 2525708
Chunk bitrate: 42 1000000
Buffer size: 42 172001
Chunk bitrate: 42 1000000
Buffer size: 43 172001
Download Time: 2382133
[00007f635c003378] core mux error: cannot add this stream
[00007f635c0dcb28] core decoder error: cannot create packetizer output (h264)
Chunk bitrate: 43 1000000
Buffer size: 44 176001
Download Time: 1719611
Chunk bitrate: 44 1000000
Buffer size: 45 180001
Download Time: 1414513
Chunk bitrate: 45 1000000
Buffer size: 46 184001
Download Time: 1465631
Chunk bitrate: 46 1000000
Buffer size: 47 188001
Download Time: 1508941
Chunk bitrate: 47 2000000
Buffer size: 47 192001
Chunk bitrate: 47 2000000
Buffer size: 48 192001
Download Time: 1781966
[00007f635c003378] core mux error: cannot add this stream
[00007f635c05bc48] core decoder error: cannot create packetizer output (h264)
Chunk bitrate: 48 2000000
Buffer size: 49 196001
Download Time: 2453731
Chunk bitrate: 49 2000000
Buffer size: 50 200001
Download Time: 1545168
Chunk bitrate: 50 3000000
Buffer size: 50 204001
Chunk bitrate: 50 3000000
Buffer size: 51 204001
Download Time: 1547317
[00007f635c003378] core mux error: cannot add this stream
[00007f635c1ae6c8] core decoder error: cannot create packetizer output (h264)
Chunk bitrate: 51 3000000
Buffer size: 52 208001
Download Time: 2269814
Chunk bitrate: 52 3000000
Buffer size: 53 212001
Download Time: 5905963
Chunk bitrate: 53 1000000
Buffer size: 53 216001
Chunk bitrate: 53 1000000
Buffer size: 54 216001
Download Time: 1604003
[00007f635c003378] core mux error: cannot add this stream
[00007f635c1b6e68] core decoder error: cannot create packetizer output (h264)
Chunk bitrate: 54 1000000
Buffer size: 55 220001
Download Time: 1457180
Chunk bitrate: 55 1000000
Buffer size: 56 224001
Download Time: 1389930
Chunk bitrate: 56 2000000
Buffer size: 56 228001
Chunk bitrate: 56 2000000
Buffer size: 57 228001
Download Time: 1376722
[00007f635c003378] core mux error: cannot add this stream
[00007f635c19be08] core decoder error: cannot create packetizer output (h264)
Chunk bitrate: 57 2000000
Buffer size: 58 232001
Download Time: 625939
Chunk bitrate: 58 2000000
Buffer size: 59 236001
Download Time: 2364009
Chunk bitrate: 59 3000000
Buffer size: 59 240001
Chunk bitrate: 59 3000000
Buffer size: 60 240001
Download Time: 1825716
[00007f635c003378] core mux error: cannot add this stream
[00007f635c1dde58] core decoder error: cannot create packetizer output (h264)
Chunk bitrate: 60 3000000
Buffer size: 61 244001
Download Time: 1903019
Chunk bitrate: 61 3000000
Buffer size: 62 248001
Download Time: 639044
Chunk bitrate: 62 3000000
Buffer size: 63 252001
Download Time: 936747
Chunk bitrate: 63 1000000
Buffer size: 63 256001
Chunk bitrate: 63 1000000
Buffer size: 64 256001
Download Time: 995737
[00007f635c003378] core mux error: cannot add this stream
[00007f635c08a258] core decoder error: cannot create packetizer output (h264)
Chunk bitrate: 64 1000000
Buffer size: 65 260001
[00007f635c003378] ps mux: Close
[00007f635c0464a8] idummy demux: command `quit'
[00000000017d01e8] [cli] lua interface error: Error loading script /home/cs244/vlc/share/lua/intf/cli.luac: lua/intf/modules/host.lua:286: Interrupted.
