[000000000188c548] core interface error: no suitable interface module
[00000000017c5338] core libvlc error: interface "globalhotkeys,none" initialization failed
[000000000188c548] dbus interface error: Failed to connect to the D-Bus session daemon: Unable to autolaunch a dbus-daemon without a $DISPLAY for X11
[000000000188c548] core interface error: no suitable interface module
[00000000017c5338] core libvlc error: interface "dbus,none" initialization failed
[00000000017c5338] core libvlc: Running vlc with the default interface. Use 'cvlc' to use vlc without interface.
[000000000188c548] qt interface error: Could not connect to X server
[000000000188c548] skins2 interface error: cannot initialize OSFactory
[000000000188c548] [cli] lua interface: Listening on host "*console".
VLC media player 3.0.0-git Vetinari
Command Line Interface initialized. Type `help' for help.
> [00007fc83c003378] ps mux: Open
making a DASHManager
new ratebased adaptionlogic
Chunk bitrate: 0 349952
Buffer size: 0 0
Chunk bitrate: 0 349952
Buffer size: 0 0
[00007fc83c025588] mp4 demux: Fragment sequence discontinuity detected 0 != 2
Download Time: 309222
[00007fc83c019028] mp4 demux: Fragment sequence discontinuity detected 0 != 2
Startup Time: 1050000
Chunk bitrate: 0 3000000
Buffer size: 0 4001
Chunk bitrate: 0 3000000
Buffer size: 1 4001
Download Time: 2269670
Chunk bitrate: 1 3000000
Buffer size: 2 8001
Download Time: 1900976
Chunk bitrate: 2 3000000
Buffer size: 3 12001
Download Time: 1210198
Chunk bitrate: 3 3000000
Buffer size: 4 16001
Download Time: 973133
Chunk bitrate: 4 3000000
Buffer size: 5 20001
Download Time: 1244580
Chunk bitrate: 5 3000000
Buffer size: 6 24001
Download Time: 843689
Chunk bitrate: 6 3000000
Buffer size: 7 28001
Download Time: 965135
Chunk bitrate: 7 3000000
Buffer size: 8 32001
Download Time: 2615522
Chunk bitrate: 8 3000000
Buffer size: 9 36001
Download Time: 1915348
Chunk bitrate: 9 3000000
Buffer size: 10 40001
Download Time: 2207121
Chunk bitrate: 10 3000000
Buffer size: 11 44001
Download Time: 1920041
Chunk bitrate: 11 3000000
Buffer size: 12 48001
Download Time: 1729039
Chunk bitrate: 12 3000000
Buffer size: 13 52001
Download Time: 1114009
Chunk bitrate: 13 3000000
Buffer size: 14 56001
Download Time: 943421
Chunk bitrate: 14 3000000
Buffer size: 15 60001
Download Time: 889487
Chunk bitrate: 15 3000000
Buffer size: 16 64001
Download Time: 1099537
Chunk bitrate: 16 3000000
Buffer size: 17 68001
Download Time: 917784
Chunk bitrate: 17 3000000
Buffer size: 18 72001
Download Time: 1139927
Chunk bitrate: 18 3000000
Buffer size: 19 76001
Download Time: 647203
Chunk bitrate: 19 3000000
Buffer size: 20 80001
Download Time: 983696
Chunk bitrate: 20 3000000
Buffer size: 21 84001
Download Time: 602445
Download Time: 26466
Chunk bitrate: 21 3000000
Buffer size: 22 88001
Download Time: 1363463
Chunk bitrate: 22 3000000
Buffer size: 23 92001
Download Time: 2343455
Chunk bitrate: 23 3000000
Buffer size: 24 96001
Download Time: 2088413
Chunk bitrate: 24 3000000
Buffer size: 25 100001
Download Time: 2056884
Chunk bitrate: 25 3000000
Buffer size: 26 104001
Download Time: 1947901
Chunk bitrate: 26 3000000
Buffer size: 27 108001
Download Time: 1240764
Chunk bitrate: 27 3000000
Buffer size: 28 112001
Download Time: 1944694
Chunk bitrate: 28 3000000
Buffer size: 29 116001
Download Time: 2232448
Chunk bitrate: 29 3000000
Buffer size: 30 120001
Download Time: 754737
Chunk bitrate: 30 3000000
Buffer size: 31 124001
Download Time: 765484
Chunk bitrate: 31 3000000
Buffer size: 32 128001
Download Time: 1242214
Chunk bitrate: 32 3000000
Buffer size: 33 132001
Download Time: 1163584
Chunk bitrate: 33 3000000
Buffer size: 34 136001
Download Time: 1540776
Chunk bitrate: 34 3000000
Buffer size: 35 140001
Download Time: 2069450
Chunk bitrate: 35 3000000
Buffer size: 36 144001
Download Time: 1666136
Chunk bitrate: 36 3000000
Buffer size: 37 148001
Download Time: 1382868
Chunk bitrate: 37 3000000
Buffer size: 38 152001
Download Time: 1172191
Chunk bitrate: 38 3000000
Buffer size: 39 156001
Download Time: 1014921
Chunk bitrate: 39 3000000
Buffer size: 40 160001
Download Time: 869590
Chunk bitrate: 40 3000000
Buffer size: 41 164001
Download Time: 1173916
Chunk bitrate: 41 3000000
Buffer size: 42 168001
Download Time: 974531
Chunk bitrate: 42 3000000
Buffer size: 43 172001
Download Time: 1205447
Chunk bitrate: 43 3000000
Buffer size: 44 176001
Download Time: 884529
Chunk bitrate: 44 3000000
Buffer size: 45 180001
Download Time: 1051300
Chunk bitrate: 45 3000000
Buffer size: 46 184001
Download Time: 2956282
Chunk bitrate: 46 2000000
Buffer size: 46 188001
Chunk bitrate: 46 2000000
Buffer size: 47 188001
Download Time: 1940768
Chunk bitrate: 47 2000000
Buffer size: 48 192001
Download Time: 1234971
Chunk bitrate: 48 3000000
Buffer size: 48 196001
Chunk bitrate: 48 3000000
Buffer size: 49 196001
Download Time: 2471714
Chunk bitrate: 49 3000000
Buffer size: 50 200001
Download Time: 1874711
Chunk bitrate: 50 3000000
Buffer size: 51 204001
Download Time: 1547476
Chunk bitrate: 51 3000000
Buffer size: 52 208001
Download Time: 2269955
Chunk bitrate: 52 3000000
Buffer size: 53 212001
Download Time: 1303507
Chunk bitrate: 53 3000000
Buffer size: 54 216001
Download Time: 1136804
Chunk bitrate: 54 3000000
Buffer size: 55 220001
Download Time: 1026705
Chunk bitrate: 55 3000000
Buffer size: 56 224001
Download Time: 1121813
Chunk bitrate: 56 3000000
Buffer size: 57 228001
Download Time: 830483
Chunk bitrate: 57 2000000
Buffer size: 57 232001
Chunk bitrate: 57 2000000
Buffer size: 58 232001
Download Time: 630050
Chunk bitrate: 58 2000000
Buffer size: 59 236001
Download Time: 2475786
Chunk bitrate: 59 2000000
Buffer size: 60 240001
Download Time: 2113183
Chunk bitrate: 60 1000000
Buffer size: 60 244001
Chunk bitrate: 60 1000000
Buffer size: 61 244001
Download Time: 1674794
Chunk bitrate: 61 1000000
Buffer size: 62 248001
Download Time: 604678
Chunk bitrate: 62 1000000
Buffer size: 63 252001
Download Time: 452386
Chunk bitrate: 63 1000000
Buffer size: 64 256001
Download Time: 831738
Chunk bitrate: 64 1000000
Buffer size: 65 260001
[00007fc83c003378] ps mux: Close
[00007fc838001528] idummy demux: command `quit'
[000000000188c548] [cli] lua interface error: Error loading script /home/cs244/vlc/share/lua/intf/cli.luac: lua/intf/modules/host.lua:286: Interrupted.
