[00000000021791e8] core interface error: no suitable interface module
[00000000020b0338] core libvlc error: interface "globalhotkeys,none" initialization failed
[00000000021791e8] dbus interface error: Failed to connect to the D-Bus session daemon: Unable to autolaunch a dbus-daemon without a $DISPLAY for X11
[00000000021791e8] core interface error: no suitable interface module
[00000000020b0338] core libvlc error: interface "dbus,none" initialization failed
[00000000020b0338] core libvlc: Running vlc with the default interface. Use 'cvlc' to use vlc without interface.
[00000000021791e8] qt interface error: Could not connect to X server
[00000000021791e8] skins2 interface error: cannot initialize OSFactory
[00000000021791e8] [cli] lua interface: Listening on host "*console".
VLC media player 3.0.0-git Vetinari
Command Line Interface initialized. Type `help' for help.
> [00007f2214003378] ps mux: Open
making a DASHManager
new ratebased adaptionlogic
Chunk bitrate: 0 349952
Buffer size: 0 0
Chunk bitrate: 0 349952
Buffer size: 0 0
[00007f2214024c58] mp4 demux: Fragment sequence discontinuity detected 0 != 2
Download Time: 440731
[00007f2214019e78] mp4 demux: Fragment sequence discontinuity detected 0 != 2
Startup Time: 1050000
Chunk bitrate: 0 2000000
Buffer size: 0 4001
Chunk bitrate: 0 2000000
Buffer size: 1 4001
Download Time: 2340225
Chunk bitrate: 1 2000000
Buffer size: 2 8001
Download Time: 1781028
Chunk bitrate: 2 2000000
Buffer size: 3 12001
Download Time: 1603969
Chunk bitrate: 3 3000000
Buffer size: 3 16001
Chunk bitrate: 3 3000000
Buffer size: 4 16001
Download Time: 1942272
Chunk bitrate: 4 3000000
Buffer size: 5 20001
Download Time: 4742618
Chunk bitrate: 5 1000000
Buffer size: 5 24001
Chunk bitrate: 5 1000000
Buffer size: 6 24001
Download Time: 1804464
Chunk bitrate: 6 600000
Buffer size: 6 28001
Chunk bitrate: 6 600000
Buffer size: 7 28001
Download Time: 1910502
Chunk bitrate: 7 600000
Buffer size: 8 32001
Download Time: 2673982
Chunk bitrate: 8 349952
Buffer size: 8 36001
Chunk bitrate: 8 349952
Buffer size: 9 36001
Download Time: 3807036
Chunk bitrate: 9 600000
Buffer size: 9 40001
Chunk bitrate: 9 600000
Buffer size: 10 40001
Download Time: 1979684
Chunk bitrate: 10 600000
Buffer size: 11 44001
Download Time: 1607143
Chunk bitrate: 11 600000
Buffer size: 12 48001
Download Time: 1723251
Chunk bitrate: 12 1000000
Buffer size: 12 52001
Chunk bitrate: 12 1000000
Buffer size: 13 52001
Download Time: 2715613
Chunk bitrate: 13 1000000
Buffer size: 14 56001
Download Time: 1737677
Chunk bitrate: 14 1000000
Buffer size: 15 60001
Download Time: 1458816
Chunk bitrate: 15 1000000
Buffer size: 16 64001
Download Time: 2000903
Chunk bitrate: 16 600000
Buffer size: 16 68001
Chunk bitrate: 16 600000
Buffer size: 17 68001
Download Time: 1827071
Chunk bitrate: 17 600000
Buffer size: 18 72001
Download Time: 1940451
Chunk bitrate: 18 600000
Buffer size: 19 76001
Download Time: 998049
Chunk bitrate: 19 1000000
Buffer size: 19 80001
Chunk bitrate: 19 1000000
Buffer size: 20 80001
Download Time: 2190166
Chunk bitrate: 20 1000000
Buffer size: 21 84001
Download Time: 1416928
Chunk bitrate: 21 1000000
Buffer size: 22 88001
Download Time: 1412243
Chunk bitrate: 22 1000000
Buffer size: 23 92001
Download Time: 1665090
Chunk bitrate: 23 1000000
Buffer size: 24 96001
Download Time: 1564867
Chunk bitrate: 24 1000000
Buffer size: 25 100001
Download Time: 3381729
Chunk bitrate: 25 600000
Buffer size: 25 104001
Chunk bitrate: 25 600000
Buffer size: 26 104001
Download Time: 2144212
Chunk bitrate: 26 600000
Buffer size: 27 108001
Download Time: 967500
Chunk bitrate: 27 1000000
Buffer size: 27 112001
Chunk bitrate: 27 1000000
Buffer size: 28 112001
Download Time: 2757843
Chunk bitrate: 28 1000000
Buffer size: 29 116001
Download Time: 1609166
Chunk bitrate: 29 1000000
Buffer size: 30 120001
Download Time: 1100540
Chunk bitrate: 30 1000000
Buffer size: 31 124001
Download Time: 1233269
Chunk bitrate: 31 1000000
Buffer size: 32 128001
Download Time: 2620264
Chunk bitrate: 32 600000
Buffer size: 32 132001
Chunk bitrate: 32 600000
Buffer size: 33 132001
Download Time: 1943993
Chunk bitrate: 33 600000
Buffer size: 34 136001
Download Time: 1678417
Chunk bitrate: 34 1000000
Buffer size: 34 140001
Chunk bitrate: 34 1000000
Buffer size: 35 140001
Download Time: 2088039
Chunk bitrate: 35 1000000
Buffer size: 36 144001
Download Time: 1792244
Chunk bitrate: 36 600000
Buffer size: 36 148001
Chunk bitrate: 36 600000
Buffer size: 37 148001
Download Time: 2096659
Chunk bitrate: 37 600000
Buffer size: 38 152001
Download Time: 2093311
Chunk bitrate: 38 600000
Buffer size: 39 156001
Download Time: 966432
Chunk bitrate: 39 1000000
Buffer size: 39 160001
Chunk bitrate: 39 1000000
Buffer size: 40 160001
Download Time: 1429449
Chunk bitrate: 40 1000000
Buffer size: 41 164001
Download Time: 1984737
Chunk bitrate: 41 1000000
Buffer size: 42 168001
Download Time: 791303
Chunk bitrate: 42 3000000
Buffer size: 42 172001
Chunk bitrate: 42 3000000
Buffer size: 43 172001
Download Time: 2399549
[00007f2214003378] core mux error: cannot add this stream
[00007f22140fd7e8] core decoder error: cannot create packetizer output (h264)
Chunk bitrate: 43 3000000
Buffer size: 44 176001
Download Time: 1760957
Chunk bitrate: 44 3000000
Buffer size: 45 180001
Download Time: 6623486
Chunk bitrate: 45 1000000
Buffer size: 45 184001
Chunk bitrate: 45 1000000
Buffer size: 46 184001
Download Time: 1834778
[00007f2214003378] core mux error: cannot add this stream
[00007f2214179308] core decoder error: cannot create packetizer output (h264)
Chunk bitrate: 46 1000000
Buffer size: 47 188001
Download Time: 1656314
Chunk bitrate: 47 2000000
Buffer size: 47 192001
Chunk bitrate: 47 2000000
Buffer size: 48 192001
Download Time: 1782038
[00007f2214003378] core mux error: cannot add this stream
[00007f2214083f58] core decoder error: cannot create packetizer output (h264)
Chunk bitrate: 48 2000000
Buffer size: 49 196001
Download Time: 2456642
Chunk bitrate: 49 2000000
Buffer size: 50 200001
Download Time: 1416740
Chunk bitrate: 50 3000000
Buffer size: 50 204001
Chunk bitrate: 50 3000000
Buffer size: 51 204001
Download Time: 1547798
[00007f2214003378] core mux error: cannot add this stream
[00007f2214129f38] core decoder error: cannot create packetizer output (h264)
Chunk bitrate: 51 3000000
Buffer size: 52 208001
Download Time: 2527883
Chunk bitrate: 52 1000000
Buffer size: 52 212001
Chunk bitrate: 52 1000000
Buffer size: 53 212001
Download Time: 1615413
[00007f2214003378] core mux error: cannot add this stream
[00007f22141234d8] core decoder error: cannot create packetizer output (h264)
Chunk bitrate: 53 1000000
Buffer size: 54 216001
Download Time: 2001701
Chunk bitrate: 54 1000000
Buffer size: 55 220001
Download Time: 1571962
Chunk bitrate: 55 1000000
Buffer size: 56 224001
Download Time: 1593375
Chunk bitrate: 56 1000000
Buffer size: 57 228001
Download Time: 968088
Chunk bitrate: 57 1000000
Buffer size: 58 232001
Download Time: 446692
Chunk bitrate: 58 1000000
Buffer size: 59 236001
Download Time: 1356545
Chunk bitrate: 59 2000000
Buffer size: 59 240001
Chunk bitrate: 59 2000000
Buffer size: 60 240001
Download Time: 1896548
[00007f2214003378] core mux error: cannot add this stream
[00007f221404f018] core decoder error: cannot create packetizer output (h264)
Chunk bitrate: 60 2000000
Buffer size: 61 244001
Download Time: 1989227
Chunk bitrate: 61 3000000
Buffer size: 61 248001
Chunk bitrate: 61 3000000
Buffer size: 62 248001
Download Time: 639849
[00007f2214003378] core mux error: cannot add this stream
[00007f2214071ab8] core decoder error: cannot create packetizer output (h264)
Chunk bitrate: 62 3000000
Buffer size: 63 252001
Download Time: 449346
Chunk bitrate: 63 3000000
Buffer size: 64 256001
Download Time: 799815
Chunk bitrate: 64 3000000
Buffer size: 65 260001
[00007f2214003378] ps mux: Close
[00007f2210031d78] idummy demux: command `quit'
[00000000021791e8] [cli] lua interface error: Error loading script /home/cs244/vlc/share/lua/intf/cli.luac: lua/intf/modules/host.lua:286: Interrupted.
