[00000000012f91e8] core interface error: no suitable interface module
[0000000001230338] core libvlc error: interface "globalhotkeys,none" initialization failed
[00000000012f91e8] dbus interface error: Failed to connect to the D-Bus session daemon: Unable to autolaunch a dbus-daemon without a $DISPLAY for X11
[00000000012f91e8] core interface error: no suitable interface module
[0000000001230338] core libvlc error: interface "dbus,none" initialization failed
[0000000001230338] core libvlc: Running vlc with the default interface. Use 'cvlc' to use vlc without interface.
[00000000012f91e8] qt interface error: Could not connect to X server
[00000000012f91e8] skins2 interface error: cannot initialize OSFactory
[00000000012f91e8] [cli] lua interface: Listening on host "*console".
VLC media player 3.0.0-git Vetinari
Command Line Interface initialized. Type `help' for help.
> [00007f0540003378] ps mux: Open
making a DASHManager
new ratebased adaptionlogic
Chunk bitrate: 0 349952
Buffer size: 0 0
Chunk bitrate: 0 349952
Buffer size: 0 0
[00007f0540023778] mp4 demux: Fragment sequence discontinuity detected 0 != 2
Download Time: 293665
[00007f0540017b18] mp4 demux: Fragment sequence discontinuity detected 0 != 2
Startup Time: 1050000
Chunk bitrate: 0 3000000
Buffer size: 0 4001
Chunk bitrate: 0 3000000
Buffer size: 1 4001
Download Time: 2270184
Chunk bitrate: 1 3000000
Buffer size: 2 8001
Download Time: 1901925
Chunk bitrate: 2 3000000
Buffer size: 3 12001
Download Time: 2334109
Chunk bitrate: 3 3000000
Buffer size: 4 16001
Download Time: 1943165
Chunk bitrate: 4 3000000
Buffer size: 5 20001
Download Time: 4968057
Chunk bitrate: 5 1000000
Buffer size: 5 24001
Chunk bitrate: 5 1000000
Buffer size: 6 24001
Download Time: 1246030
Chunk bitrate: 6 1000000
Buffer size: 7 28001
Download Time: 1199302
Chunk bitrate: 7 1000000
Buffer size: 8 32001
Download Time: 1662280
Chunk bitrate: 8 1000000
Buffer size: 9 36001
Download Time: 1429454
Chunk bitrate: 9 2000000
Buffer size: 9 40001
Chunk bitrate: 9 2000000
Buffer size: 10 40001
Download Time: 2076352
Chunk bitrate: 10 2000000
Buffer size: 11 44001
Download Time: 1979993
Chunk bitrate: 11 2000000
Buffer size: 12 48001
Download Time: 2674905
Chunk bitrate: 12 2000000
Buffer size: 13 52001
Download Time: 2184994
Chunk bitrate: 13 2000000
Buffer size: 14 56001
Download Time: 1548485
Chunk bitrate: 14 3000000
Buffer size: 14 60001
Chunk bitrate: 14 3000000
Buffer size: 15 60001
Download Time: 1774684
Chunk bitrate: 15 3000000
Buffer size: 16 64001
Download Time: 2150288
Chunk bitrate: 16 3000000
Buffer size: 17 68001
Download Time: 913769
Chunk bitrate: 17 3000000
Buffer size: 18 72001
Download Time: 1140246
Chunk bitrate: 18 3000000
Buffer size: 19 76001
Download Time: 651214
Chunk bitrate: 19 3000000
Buffer size: 20 80001
Download Time: 984118
Chunk bitrate: 20 3000000
Buffer size: 21 84001
Download Time: 602770
Chunk bitrate: 21 3000000
Buffer size: 22 88001
Download Time: 2140159
Chunk bitrate: 22 2000000
Buffer size: 22 92001
Chunk bitrate: 22 2000000
Buffer size: 23 92001
Download Time: 3297094
Chunk bitrate: 23 2000000
Buffer size: 24 96001
Download Time: 2085127
Chunk bitrate: 24 2000000
Buffer size: 25 100001
Download Time: 2069137
Chunk bitrate: 25 2000000
Buffer size: 26 104001
Download Time: 1464218
Chunk bitrate: 26 3000000
Buffer size: 26 108001
Chunk bitrate: 26 3000000
Buffer size: 27 108001
Download Time: 1237645
Chunk bitrate: 27 3000000
Buffer size: 28 112001
Download Time: 1943852
Chunk bitrate: 28 3000000
Buffer size: 29 116001
Download Time: 1566500
Chunk bitrate: 29 3000000
Buffer size: 30 120001
Download Time: 808597
Chunk bitrate: 30 3000000
Buffer size: 31 124001
Download Time: 766133
Chunk bitrate: 31 3000000
Buffer size: 32 128001
Download Time: 1242583
Chunk bitrate: 32 3000000
Buffer size: 33 132001
Download Time: 1163067
Chunk bitrate: 33 3000000
Buffer size: 34 136001
Download Time: 4501539
Chunk bitrate: 34 1000000
Buffer size: 34 140001
Chunk bitrate: 34 1000000
Buffer size: 35 140001
Download Time: 1143361
Chunk bitrate: 35 2000000
Buffer size: 35 144001
Chunk bitrate: 35 2000000
Buffer size: 36 144001
Download Time: 1644148
Chunk bitrate: 36 2000000
Buffer size: 37 148001
Download Time: 2427703
Chunk bitrate: 37 3000000
Buffer size: 37 152001
Chunk bitrate: 37 3000000
Buffer size: 38 152001
Download Time: 2344214
Chunk bitrate: 38 3000000
Buffer size: 39 156001
Download Time: 2023096
Chunk bitrate: 39 3000000
Buffer size: 40 160001
Download Time: 1102076
Chunk bitrate: 40 3000000
Buffer size: 41 164001
Download Time: 1173865
Chunk bitrate: 41 3000000
Buffer size: 42 168001
Download Time: 974963
Chunk bitrate: 42 3000000
Buffer size: 43 172001
Download Time: 1202356
Chunk bitrate: 43 3000000
Buffer size: 44 176001
Download Time: 881863
Chunk bitrate: 44 2000000
Buffer size: 44 180001
Chunk bitrate: 44 2000000
Buffer size: 45 180001
Download Time: 2695298
Chunk bitrate: 45 1000000
Buffer size: 45 184001
Chunk bitrate: 45 1000000
Buffer size: 46 184001
Download Time: 1468088
Chunk bitrate: 46 1000000
Buffer size: 47 188001
Download Time: 1266760
Chunk bitrate: 47 2000000
Buffer size: 47 192001
Chunk bitrate: 47 2000000
Buffer size: 48 192001
Download Time: 1785317
Chunk bitrate: 48 2000000
Buffer size: 49 196001
Download Time: 2410362
Chunk bitrate: 49 3000000
Buffer size: 49 200001
Chunk bitrate: 49 3000000
Buffer size: 50 200001
Download Time: 1874172
Chunk bitrate: 50 3000000
Buffer size: 51 204001
Download Time: 1547136
Chunk bitrate: 51 3000000
Buffer size: 52 208001
Download Time: 1790771
Chunk bitrate: 52 3000000
Buffer size: 53 212001
Download Time: 1072961
Chunk bitrate: 53 3000000
Buffer size: 54 216001
Download Time: 1136405
Chunk bitrate: 54 3000000
Buffer size: 55 220001
Download Time: 1025979
Chunk bitrate: 55 3000000
Buffer size: 56 224001
Download Time: 1121835
Chunk bitrate: 56 3000000
Buffer size: 57 228001
Download Time: 2315247
Chunk bitrate: 57 2000000
Buffer size: 57 232001
Chunk bitrate: 57 2000000
Buffer size: 58 232001
Download Time: 627293
Chunk bitrate: 58 2000000
Buffer size: 59 236001
Download Time: 2473087
Chunk bitrate: 59 2000000
Buffer size: 60 240001
Download Time: 1901888
Chunk bitrate: 60 2000000
Buffer size: 61 244001
Download Time: 2030205
Chunk bitrate: 61 2000000
Buffer size: 62 248001
Download Time: 529433
Chunk bitrate: 62 3000000
Buffer size: 62 252001
Chunk bitrate: 62 3000000
Buffer size: 63 252001
Download Time: 449504
Chunk bitrate: 63 3000000
Buffer size: 64 256001
Download Time: 800765
Chunk bitrate: 64 3000000
Buffer size: 65 260001
[00007f0540003378] ps mux: Close
[00007f0538000e98] idummy demux: command `quit'
[00000000012f91e8] [cli] lua interface error: Error loading script /home/cs244/vlc/share/lua/intf/cli.luac: lua/intf/modules/host.lua:286: Interrupted.
