[00000000010a51e8] core interface error: no suitable interface module
[0000000000fdc338] core libvlc error: interface "globalhotkeys,none" initialization failed
[00000000010a51e8] dbus interface error: Failed to connect to the D-Bus session daemon: Unable to autolaunch a dbus-daemon without a $DISPLAY for X11
[00000000010a51e8] core interface error: no suitable interface module
[0000000000fdc338] core libvlc error: interface "dbus,none" initialization failed
[0000000000fdc338] core libvlc: Running vlc with the default interface. Use 'cvlc' to use vlc without interface.
[00000000010a51e8] qt interface error: Could not connect to X server
[00000000010a51e8] skins2 interface error: cannot initialize OSFactory
[00000000010a51e8] [cli] lua interface: Listening on host "*console".
VLC media player 3.0.0-git Vetinari
Command Line Interface initialized. Type `help' for help.
> [00007f3f78003378] ps mux: Open
making a DASHManager
new ratebased adaptionlogic
Chunk bitrate: 0 349952
Buffer size: 0 0
Chunk bitrate: 0 349952
Buffer size: 0 0
[00007f3f78023828] mp4 demux: Fragment sequence discontinuity detected 0 != 2
Download Time: 586432
[00007f3f780248d8] mp4 demux: Fragment sequence discontinuity detected 0 != 2
Startup Time: 1050000
Chunk bitrate: 0 1000000
Buffer size: 0 4001
Chunk bitrate: 0 1000000
Buffer size: 1 4001
Download Time: 1611620
Chunk bitrate: 1 1000000
Buffer size: 2 8001
Download Time: 1170795
Chunk bitrate: 2 1000000
Buffer size: 3 12001
Download Time: 2098242
Chunk bitrate: 3 600000
Buffer size: 3 16001
Chunk bitrate: 3 600000
Buffer size: 4 16001
Download Time: 1673508
Chunk bitrate: 4 600000
Buffer size: 5 20001
Download Time: 2176341
Chunk bitrate: 5 1000000
Buffer size: 5 24001
Chunk bitrate: 5 1000000
Buffer size: 6 24001
Download Time: 1655236
Chunk bitrate: 6 1000000
Buffer size: 7 28001
Download Time: 1795933
Chunk bitrate: 7 1000000
Buffer size: 8 32001
Download Time: 1908418
Chunk bitrate: 8 1000000
Buffer size: 9 36001
Download Time: 1472096
Chunk bitrate: 9 1000000
Buffer size: 10 40001
Download Time: 1288498
Chunk bitrate: 10 1000000
Buffer size: 11 44001
Download Time: 1396614
Chunk bitrate: 11 1000000
Buffer size: 12 48001
Download Time: 1729579
Chunk bitrate: 12 1000000
Buffer size: 13 52001
Download Time: 1551934
Chunk bitrate: 13 1000000
Buffer size: 14 56001
Download Time: 1972794
Chunk bitrate: 14 600000
Buffer size: 14 60001
Chunk bitrate: 14 600000
Buffer size: 15 60001
Download Time: 1790522
Chunk bitrate: 15 600000
Buffer size: 16 64001
Download Time: 1824884
Chunk bitrate: 16 1000000
Buffer size: 16 68001
Chunk bitrate: 16 1000000
Buffer size: 17 68001
Download Time: 1937705
Chunk bitrate: 17 1000000
Buffer size: 18 72001
Download Time: 2304764
Chunk bitrate: 18 1000000
Buffer size: 19 76001
Download Time: 1277750
Chunk bitrate: 19 1000000
Buffer size: 20 80001
Download Time: 2186617
Chunk bitrate: 20 1000000
Buffer size: 21 84001
Download Time: 1372616
Chunk bitrate: 21 1000000
Buffer size: 22 88001
Download Time: 1320040
Chunk bitrate: 22 1000000
Buffer size: 23 92001
Download Time: 1668057
Chunk bitrate: 23 1000000
Buffer size: 24 96001
Download Time: 1563273
Chunk bitrate: 24 1000000
Buffer size: 25 100001
Download Time: 3056596
Chunk bitrate: 25 600000
Buffer size: 25 104001
Chunk bitrate: 25 600000
Buffer size: 26 104001
Download Time: 1658953
Chunk bitrate: 26 3000000
Buffer size: 26 108001
Chunk bitrate: 26 3000000
Buffer size: 27 108001
Download Time: 1237483
Chunk bitrate: 27 3000000
Buffer size: 28 112001
Download Time: 1943496
Chunk bitrate: 28 3000000
Buffer size: 29 116001
Download Time: 2000594
Chunk bitrate: 29 3000000
Buffer size: 30 120001
Download Time: 755450
Chunk bitrate: 30 3000000
Buffer size: 31 124001
Download Time: 765418
Chunk bitrate: 31 3000000
Buffer size: 32 128001
Download Time: 1241787
Chunk bitrate: 32 3000000
Buffer size: 33 132001
Download Time: 1163971
Chunk bitrate: 33 3000000
Buffer size: 34 136001
Download Time: 1135528
Chunk bitrate: 34 3000000
Buffer size: 35 140001
Download Time: 1035403
Chunk bitrate: 35 3000000
Buffer size: 36 144001
Download Time: 834312
Chunk bitrate: 36 3000000
Buffer size: 37 148001
Download Time: 1239858
Chunk bitrate: 37 3000000
Buffer size: 38 152001
Download Time: 1249172
Chunk bitrate: 38 3000000
Buffer size: 39 156001
Download Time: 2025494
Chunk bitrate: 39 3000000
Buffer size: 40 160001
Download Time: 1734364
Chunk bitrate: 40 3000000
Buffer size: 41 164001
Download Time: 2344651
Chunk bitrate: 41 3000000
Buffer size: 42 168001
Download Time: 1948666
Chunk bitrate: 42 3000000
Buffer size: 43 172001
Download Time: 2401000
Chunk bitrate: 43 3000000
Buffer size: 44 176001
Download Time: 1761424
Chunk bitrate: 44 3000000
Buffer size: 45 180001
Download Time: 2098769
Chunk bitrate: 45 3000000
Buffer size: 46 184001
Download Time: 2240005
Chunk bitrate: 46 3000000
Buffer size: 47 188001
Download Time: 2090648
Chunk bitrate: 47 3000000
Buffer size: 48 192001
Download Time: 1747137
Chunk bitrate: 48 3000000
Buffer size: 49 196001
Download Time: 2471023
Chunk bitrate: 49 3000000
Buffer size: 50 200001
Download Time: 1624895
Chunk bitrate: 50 3000000
Buffer size: 51 204001
Download Time: 776053
Chunk bitrate: 51 3000000
Buffer size: 52 208001
Download Time: 1136489
Chunk bitrate: 52 3000000
Buffer size: 53 212001
Download Time: 1076992
Chunk bitrate: 53 3000000
Buffer size: 54 216001
Download Time: 1141324
Chunk bitrate: 54 3000000
Buffer size: 55 220001
Download Time: 1024949
Download Time: 26934
Chunk bitrate: 55 3000000
Buffer size: 56 224001
Download Time: 1124303
Chunk bitrate: 56 3000000
Buffer size: 57 228001
Download Time: 775266
Chunk bitrate: 57 3000000
Buffer size: 58 232001
Download Time: 327297
Chunk bitrate: 58 3000000
Buffer size: 59 236001
Download Time: 1198950
Chunk bitrate: 59 3000000
Buffer size: 60 240001
Download Time: 986189
Chunk bitrate: 60 3000000
Buffer size: 61 244001
Download Time: 1903422
Chunk bitrate: 61 3000000
Buffer size: 62 248001
Download Time: 639738
Chunk bitrate: 62 3000000
Buffer size: 63 252001
Download Time: 452370
Chunk bitrate: 63 3000000
Buffer size: 64 256001
Download Time: 800433
Chunk bitrate: 64 3000000
Buffer size: 65 260001
[00007f3f78003378] ps mux: Close
[00007f3f800015c8] idummy demux: command `quit'
[00000000010a51e8] [cli] lua interface error: Error loading script /home/cs244/vlc/share/lua/intf/cli.luac: lua/intf/modules/host.lua:286: Interrupted.
