[0000000000d891e8] core interface error: no suitable interface module
[0000000000cc0338] core libvlc error: interface "globalhotkeys,none" initialization failed
[0000000000d891e8] dbus interface error: Failed to connect to the D-Bus session daemon: Unable to autolaunch a dbus-daemon without a $DISPLAY for X11
[0000000000d891e8] core interface error: no suitable interface module
[0000000000cc0338] core libvlc error: interface "dbus,none" initialization failed
[0000000000cc0338] core libvlc: Running vlc with the default interface. Use 'cvlc' to use vlc without interface.
[0000000000d891e8] qt interface error: Could not connect to X server
[0000000000d891e8] skins2 interface error: cannot initialize OSFactory
[0000000000d891e8] [cli] lua interface: Listening on host "*console".
VLC media player 3.0.0-git Vetinari
Command Line Interface initialized. Type `help' for help.
> [00007f40dc003378] ps mux: Open
making a DASHManager
new ratebased adaptionlogic
Chunk bitrate: 0 349952
Buffer size: 0 0
Chunk bitrate: 0 349952
Buffer size: 0 0
[00007f40dc01a1c8] mp4 demux: Fragment sequence discontinuity detected 0 != 2
Download Time: 148179
[00007f40dc0251c8] mp4 demux: Fragment sequence discontinuity detected 0 != 2
Startup Time: 1050000
Chunk bitrate: 0 3000000
Buffer size: 0 4001
Chunk bitrate: 0 3000000
Buffer size: 1 4001
Download Time: 1136523
Chunk bitrate: 1 3000000
Buffer size: 2 8001
Download Time: 953140
Chunk bitrate: 2 3000000
Buffer size: 3 12001
Download Time: 1169397
Chunk bitrate: 3 3000000
Buffer size: 4 16001
Download Time: 972361
Chunk bitrate: 4 3000000
Buffer size: 5 20001
Download Time: 2183402
Chunk bitrate: 5 3000000
Buffer size: 6 24001
Download Time: 1682939
Chunk bitrate: 6 3000000
Buffer size: 7 28001
Download Time: 1493350
Chunk bitrate: 7 3000000
Buffer size: 8 32001
Download Time: 1309499
Chunk bitrate: 8 3000000
Buffer size: 9 36001
Download Time: 961019
Chunk bitrate: 9 3000000
Buffer size: 10 40001
Download Time: 1106246
Chunk bitrate: 10 3000000
Buffer size: 11 44001
Download Time: 962405
Chunk bitrate: 11 3000000
Buffer size: 12 48001
Download Time: 3304695
Chunk bitrate: 12 2000000
Buffer size: 12 52001
Chunk bitrate: 12 2000000
Buffer size: 13 52001
Download Time: 2184209
Chunk bitrate: 13 2000000
Buffer size: 14 56001
Download Time: 2045147
Chunk bitrate: 14 2000000
Buffer size: 15 60001
Download Time: 1824852
Chunk bitrate: 15 2000000
Buffer size: 16 64001
Download Time: 1686839
Chunk bitrate: 16 3000000
Buffer size: 16 68001
Chunk bitrate: 16 3000000
Buffer size: 17 68001
Download Time: 1823551
Chunk bitrate: 17 3000000
Buffer size: 18 72001
Download Time: 2159373
Chunk bitrate: 18 3000000
Buffer size: 19 76001
Download Time: 646761
Chunk bitrate: 19 3000000
Buffer size: 20 80001
Download Time: 984540
Chunk bitrate: 20 3000000
Buffer size: 21 84001
Download Time: 602735
Chunk bitrate: 21 3000000
Buffer size: 22 88001
Download Time: 891627
Chunk bitrate: 22 3000000
Buffer size: 23 92001
Download Time: 1174623
Chunk bitrate: 23 3000000
Buffer size: 24 96001
Download Time: 6520151
Chunk bitrate: 24 1000000
Buffer size: 24 100001
Chunk bitrate: 24 1000000
Buffer size: 25 100001
Download Time: 2372448
Chunk bitrate: 25 1000000
Buffer size: 26 104001
Download Time: 2688474
Chunk bitrate: 26 600000
Buffer size: 26 108001
Chunk bitrate: 26 600000
Buffer size: 27 108001
Download Time: 1241993
Chunk bitrate: 27 600000
Buffer size: 28 112001
Download Time: 2066141
Chunk bitrate: 28 600000
Buffer size: 29 116001
Download Time: 2219672
Chunk bitrate: 29 600000
Buffer size: 30 120001
Download Time: 1643356
Chunk bitrate: 30 600000
Buffer size: 31 124001
Download Time: 1889011
Chunk bitrate: 31 600000
Buffer size: 32 128001
Download Time: 2396359
Chunk bitrate: 32 600000
Buffer size: 33 132001
Download Time: 2496352
Chunk bitrate: 33 349952
Buffer size: 33 136001
Chunk bitrate: 33 349952
Buffer size: 34 136001
Download Time: 1788057
Chunk bitrate: 34 349952
Buffer size: 35 140001
Download Time: 1378714
Chunk bitrate: 35 600000
Buffer size: 35 144001
Chunk bitrate: 35 600000
Buffer size: 36 144001
Download Time: 2023540
Chunk bitrate: 36 600000
Buffer size: 37 148001
Download Time: 2371270
Chunk bitrate: 37 600000
Buffer size: 38 152001
Download Time: 2051962
Chunk bitrate: 38 600000
Buffer size: 39 156001
Download Time: 1710973
Chunk bitrate: 39 1000000
Buffer size: 39 160001
Chunk bitrate: 39 1000000
Buffer size: 40 160001
Download Time: 1716021
Chunk bitrate: 40 1000000
Buffer size: 41 164001
Download Time: 2372335
Chunk bitrate: 41 1000000
Buffer size: 42 168001
Download Time: 975264
Chunk bitrate: 42 3000000
Buffer size: 42 172001
Chunk bitrate: 42 3000000
Buffer size: 43 172001
Download Time: 2397789
Chunk bitrate: 43 3000000
Buffer size: 44 176001
Download Time: 1760155
Chunk bitrate: 44 3000000
Buffer size: 45 180001
Download Time: 1107285
Chunk bitrate: 45 3000000
Buffer size: 46 184001
Download Time: 1120797
Chunk bitrate: 46 3000000
Buffer size: 47 188001
Download Time: 1047444
Chunk bitrate: 47 3000000
Buffer size: 48 192001
Download Time: 876408
Chunk bitrate: 48 3000000
Buffer size: 49 196001
Download Time: 2434676
Chunk bitrate: 49 2000000
Buffer size: 49 200001
Chunk bitrate: 49 2000000
Buffer size: 50 200001
Download Time: 2715626
Chunk bitrate: 50 1000000
Buffer size: 50 204001
Chunk bitrate: 50 1000000
Buffer size: 51 204001
Download Time: 972285
Chunk bitrate: 51 2000000
Buffer size: 51 208001
Chunk bitrate: 51 2000000
Buffer size: 52 208001
Download Time: 2231972
Chunk bitrate: 52 2000000
Buffer size: 53 212001
Download Time: 1962000
Chunk bitrate: 53 2000000
Buffer size: 54 216001
Download Time: 780985
Chunk bitrate: 54 3000000
Buffer size: 54 220001
Chunk bitrate: 54 3000000
Buffer size: 55 220001
Download Time: 1024210
Chunk bitrate: 55 3000000
Buffer size: 56 224001
Download Time: 1122187
Chunk bitrate: 56 3000000
Buffer size: 57 228001
Download Time: 776052
Chunk bitrate: 57 3000000
Buffer size: 58 232001
Download Time: 327721
Chunk bitrate: 58 3000000
Buffer size: 59 236001
Download Time: 1198026
Chunk bitrate: 59 3000000
Buffer size: 60 240001
Download Time: 914986
Chunk bitrate: 60 3000000
Buffer size: 61 244001
Download Time: 954634
Chunk bitrate: 61 3000000
Buffer size: 62 248001
Download Time: 321759
Chunk bitrate: 62 3000000
Buffer size: 63 252001
Download Time: 227815
Chunk bitrate: 63 3000000
Buffer size: 64 256001
Download Time: 403258
Chunk bitrate: 64 3000000
Buffer size: 65 260001
[00007f40dc003378] ps mux: Close
[00007f40d8001698] idummy demux: command `quit'
[0000000000d891e8] [cli] lua interface error: Error loading script /home/cs244/vlc/share/lua/intf/cli.luac: lua/intf/modules/host.lua:286: Interrupted.
