[00000000020891e8] core interface error: no suitable interface module
[0000000001fc0338] core libvlc error: interface "globalhotkeys,none" initialization failed
[00000000020891e8] dbus interface error: Failed to connect to the D-Bus session daemon: Unable to autolaunch a dbus-daemon without a $DISPLAY for X11
[00000000020891e8] core interface error: no suitable interface module
[0000000001fc0338] core libvlc error: interface "dbus,none" initialization failed
[0000000001fc0338] core libvlc: Running vlc with the default interface. Use 'cvlc' to use vlc without interface.
[00000000020891e8] qt interface error: Could not connect to X server
[00000000020891e8] skins2 interface error: cannot initialize OSFactory
[00000000020891e8] [cli] lua interface: Listening on host "*console".
VLC media player 3.0.0-git Vetinari
Command Line Interface initialized. Type `help' for help.
> [00007f161c003378] ps mux: Open
making a DASHManager
new ratebased adaptionlogic
Chunk bitrate: 0 349952
Buffer size: 0 0
Chunk bitrate: 0 349952
Buffer size: 0 0
[00007f161c019388] mp4 demux: Fragment sequence discontinuity detected 0 != 2
Download Time: 296761
[00007f161c023f78] mp4 demux: Fragment sequence discontinuity detected 0 != 2
Startup Time: 1050000
Chunk bitrate: 0 3000000
Buffer size: 0 4001
Chunk bitrate: 0 3000000
Buffer size: 1 4001
Download Time: 2270470
Chunk bitrate: 1 3000000
Buffer size: 2 8001
Download Time: 1901325
Chunk bitrate: 2 3000000
Buffer size: 3 12001
Download Time: 2332863
Chunk bitrate: 3 3000000
Buffer size: 4 16001
Download Time: 1942400
Chunk bitrate: 4 3000000
Buffer size: 5 20001
Download Time: 1644520
Chunk bitrate: 5 3000000
Buffer size: 6 24001
Download Time: 844119
Chunk bitrate: 6 3000000
Buffer size: 7 28001
Download Time: 829183
Chunk bitrate: 7 3000000
Buffer size: 8 32001
Download Time: 1309900
Chunk bitrate: 8 3000000
Buffer size: 9 36001
Download Time: 960314
Chunk bitrate: 9 3000000
Buffer size: 10 40001
Download Time: 3200255
Chunk bitrate: 10 2000000
Buffer size: 10 44001
Chunk bitrate: 10 2000000
Buffer size: 11 44001
Download Time: 1908524
Chunk bitrate: 11 3000000
Buffer size: 11 48001
Chunk bitrate: 11 3000000
Buffer size: 12 48001
Download Time: 2655659
Chunk bitrate: 12 3000000
Buffer size: 13 52001
Download Time: 2154272
Chunk bitrate: 13 3000000
Buffer size: 14 56001
Download Time: 941068
Chunk bitrate: 14 3000000
Buffer size: 15 60001
Download Time: 889849
Chunk bitrate: 15 3000000
Buffer size: 16 64001
Download Time: 1096321
Chunk bitrate: 16 3000000
Buffer size: 17 68001
Download Time: 914727
Chunk bitrate: 17 3000000
Buffer size: 18 72001
Download Time: 1140040
Chunk bitrate: 18 3000000
Buffer size: 19 76001
Download Time: 648235
Chunk bitrate: 19 3000000
Buffer size: 20 80001
Download Time: 983206
Chunk bitrate: 20 3000000
Buffer size: 21 84001
Download Time: 603760
Chunk bitrate: 21 3000000
Buffer size: 22 88001
Download Time: 893408
Chunk bitrate: 22 3000000
Buffer size: 23 92001
Download Time: 1173991
Chunk bitrate: 23 3000000
Buffer size: 24 96001
Download Time: 1799003
Chunk bitrate: 24 3000000
Buffer size: 25 100001
Download Time: 2057418
Chunk bitrate: 25 3000000
Buffer size: 26 104001
Download Time: 2884460
Chunk bitrate: 26 1000000
Buffer size: 26 108001
Chunk bitrate: 26 1000000
Buffer size: 27 108001
Download Time: 1000388
Chunk bitrate: 27 1000000
Buffer size: 28 112001
Download Time: 1965560
Chunk bitrate: 28 1000000
Buffer size: 29 116001
Download Time: 1537420
Chunk bitrate: 29 1000000
Buffer size: 30 120001
Download Time: 1104057
Chunk bitrate: 30 1000000
Buffer size: 31 124001
Download Time: 1234351
Chunk bitrate: 31 1000000
Buffer size: 32 128001
Download Time: 1900061
Chunk bitrate: 32 1000000
Buffer size: 33 132001
Download Time: 1821188
Chunk bitrate: 33 1000000
Buffer size: 34 136001
Download Time: 1983372
Chunk bitrate: 34 1000000
Buffer size: 35 140001
Download Time: 1390701
Chunk bitrate: 35 1000000
Buffer size: 36 144001
Download Time: 1155355
Chunk bitrate: 36 1000000
Buffer size: 37 148001
Download Time: 1633113
Chunk bitrate: 37 1000000
Buffer size: 38 152001
Download Time: 1241620
Chunk bitrate: 38 2000000
Buffer size: 38 156001
Chunk bitrate: 38 2000000
Buffer size: 39 156001
Download Time: 1953246
Chunk bitrate: 39 2000000
Buffer size: 40 160001
Download Time: 1677073
Chunk bitrate: 40 2000000
Buffer size: 41 164001
Download Time: 1709813
Chunk bitrate: 41 3000000
Buffer size: 41 168001
Chunk bitrate: 41 3000000
Buffer size: 42 168001
Download Time: 1945603
Chunk bitrate: 42 3000000
Buffer size: 43 172001
Download Time: 4296028
Chunk bitrate: 43 1000000
Buffer size: 43 176001
Chunk bitrate: 43 1000000
Buffer size: 44 176001
Download Time: 1866138
Chunk bitrate: 44 1000000
Buffer size: 45 180001
Download Time: 1415019
Chunk bitrate: 45 1000000
Buffer size: 46 184001
Download Time: 1468177
Chunk bitrate: 46 1000000
Buffer size: 47 188001
Download Time: 1512246
Chunk bitrate: 47 1000000
Buffer size: 48 192001
Download Time: 891261
Chunk bitrate: 48 2000000
Buffer size: 48 196001
Chunk bitrate: 48 2000000
Buffer size: 49 196001
Download Time: 2457219
Chunk bitrate: 49 2000000
Buffer size: 50 200001
Download Time: 1948274
Chunk bitrate: 50 3000000
Buffer size: 50 204001
Chunk bitrate: 50 3000000
Buffer size: 51 204001
Download Time: 1548289
Chunk bitrate: 51 3000000
Buffer size: 52 208001
Download Time: 2270287
Chunk bitrate: 52 3000000
Buffer size: 53 212001
Download Time: 4123315
Chunk bitrate: 53 1000000
Buffer size: 53 216001
Chunk bitrate: 53 1000000
Buffer size: 54 216001
Download Time: 1915480
Chunk bitrate: 54 1000000
Buffer size: 55 220001
Download Time: 1459387
Chunk bitrate: 55 1000000
Buffer size: 56 224001
Download Time: 1595838
Chunk bitrate: 56 1000000
Buffer size: 57 228001
Download Time: 967541
Chunk bitrate: 57 1000000
Buffer size: 58 232001
Download Time: 506933
Chunk bitrate: 58 1000000
Buffer size: 59 236001
Download Time: 2121782
Chunk bitrate: 59 1000000
Buffer size: 60 240001
Download Time: 1605613
Chunk bitrate: 60 1000000
Buffer size: 61 244001
Download Time: 1883950
Chunk bitrate: 61 1000000
Buffer size: 62 248001
Download Time: 721314
Chunk bitrate: 62 1000000
Buffer size: 63 252001
Download Time: 542579
Chunk bitrate: 63 1000000
Buffer size: 64 256001
Download Time: 997586
Chunk bitrate: 64 1000000
Buffer size: 65 260001
[00007f161c003378] ps mux: Close
[00007f161c0db1f8] idummy demux: command `quit'
[00000000020891e8] [cli] lua interface error: Error loading script /home/cs244/vlc/share/lua/intf/cli.luac: lua/intf/modules/host.lua:286: Interrupted.
