[00000000024061e8] core interface error: no suitable interface module
[000000000233d338] core libvlc error: interface "globalhotkeys,none" initialization failed
[00000000024061e8] dbus interface error: Failed to connect to the D-Bus session daemon: Unable to autolaunch a dbus-daemon without a $DISPLAY for X11
[00000000024061e8] core interface error: no suitable interface module
[000000000233d338] core libvlc error: interface "dbus,none" initialization failed
[000000000233d338] core libvlc: Running vlc with the default interface. Use 'cvlc' to use vlc without interface.
[00000000024061e8] qt interface error: Could not connect to X server
[00000000024061e8] skins2 interface error: cannot initialize OSFactory
[00000000024061e8] [cli] lua interface: Listening on host "*console".
VLC media player 3.0.0-git Vetinari
Command Line Interface initialized. Type `help' for help.
> [00007f45a8003378] ps mux: Open
making a DASHManager
new ratebased adaptionlogic
Chunk bitrate: 0 349952
Buffer size: 0 0
Chunk bitrate: 0 349952
Buffer size: 0 0
[00007f45a8018988] mp4 demux: Fragment sequence discontinuity detected 0 != 2
Download Time: 2351829
[00007f45a8026f78] mp4 demux: Fragment sequence discontinuity detected 0 != 2
Startup Time: 1050000
Chunk bitrate: 0 349952
Buffer size: 1 4001
Download Time: 1956350
Chunk bitrate: 1 2000000
Buffer size: 1 8001
Chunk bitrate: 1 2000000
Buffer size: 2 8001
Download Time: 1187556
Chunk bitrate: 2 3000000
Buffer size: 2 12001
Chunk bitrate: 2 3000000
Buffer size: 3 12001
Download Time: 2333523
Chunk bitrate: 3 3000000
Buffer size: 4 16001
Download Time: 3017945
Chunk bitrate: 4 1000000
Buffer size: 4 20001
Chunk bitrate: 4 1000000
Buffer size: 5 20001
Download Time: 2139741
Chunk bitrate: 5 1000000
Buffer size: 6 24001
Download Time: 1379313
Chunk bitrate: 6 1000000
Buffer size: 7 28001
Download Time: 1499235
Chunk bitrate: 7 1000000
Buffer size: 8 32001
Download Time: 2066268
Chunk bitrate: 8 1000000
Buffer size: 9 36001
Download Time: 1292521
Chunk bitrate: 9 2000000
Buffer size: 9 40001
Chunk bitrate: 9 2000000
Buffer size: 10 40001
Download Time: 2075708
Chunk bitrate: 10 2000000
Buffer size: 11 44001
Download Time: 1966413
Chunk bitrate: 11 3000000
Buffer size: 11 48001
Chunk bitrate: 11 3000000
Buffer size: 12 48001
Download Time: 2656056
Chunk bitrate: 12 3000000
Buffer size: 13 52001
Download Time: 2281848
Chunk bitrate: 13 1000000
Buffer size: 13 56001
Chunk bitrate: 13 1000000
Buffer size: 14 56001
Download Time: 2330637
Chunk bitrate: 14 1000000
Buffer size: 15 60001
Download Time: 2038637
Chunk bitrate: 15 1000000
Buffer size: 16 64001
Download Time: 1924948
Chunk bitrate: 16 1000000
Buffer size: 17 68001
Download Time: 1611946
Chunk bitrate: 17 1000000
Buffer size: 18 72001
Download Time: 1643107
Chunk bitrate: 18 2000000
Buffer size: 18 76001
Chunk bitrate: 18 2000000
Buffer size: 19 76001
Download Time: 1380033
Chunk bitrate: 19 2000000
Buffer size: 20 80001
Download Time: 2147429
Chunk bitrate: 20 2000000
Buffer size: 21 84001
Download Time: 1142804
Chunk bitrate: 21 3000000
Buffer size: 21 88001
Chunk bitrate: 21 3000000
Buffer size: 22 88001
Download Time: 1780260
Chunk bitrate: 22 3000000
Buffer size: 23 92001
Download Time: 2343208
Chunk bitrate: 23 3000000
Buffer size: 24 96001
Download Time: 5489677
Chunk bitrate: 24 1000000
Buffer size: 24 100001
Chunk bitrate: 24 1000000
Buffer size: 25 100001
Download Time: 1700387
Chunk bitrate: 25 1000000
Buffer size: 26 104001
Download Time: 1675738
Chunk bitrate: 26 1000000
Buffer size: 27 108001
Download Time: 995907
Chunk bitrate: 27 1000000
Buffer size: 28 112001
Download Time: 1181261
Chunk bitrate: 28 2000000
Buffer size: 28 116001
Chunk bitrate: 28 2000000
Buffer size: 29 116001
Download Time: 2465151
Chunk bitrate: 29 2000000
Buffer size: 30 120001
Download Time: 1457504
Chunk bitrate: 30 3000000
Buffer size: 30 124001
Chunk bitrate: 30 3000000
Buffer size: 31 124001
Download Time: 1525800
Chunk bitrate: 31 3000000
Buffer size: 32 128001
Download Time: 2479884
Chunk bitrate: 32 3000000
Buffer size: 33 132001
Download Time: 6426022
Chunk bitrate: 33 1000000
Buffer size: 33 136001
Chunk bitrate: 33 1000000
Buffer size: 34 136001
Download Time: 2000375
Chunk bitrate: 34 1000000
Buffer size: 35 140001
Download Time: 1736465
Chunk bitrate: 35 1000000
Buffer size: 36 144001
Download Time: 865198
Chunk bitrate: 36 2000000
Buffer size: 36 148001
Chunk bitrate: 36 2000000
Buffer size: 37 148001
Download Time: 2427470
Chunk bitrate: 37 2000000
Buffer size: 38 152001
Download Time: 2045177
Chunk bitrate: 38 3000000
Buffer size: 38 156001
Chunk bitrate: 38 3000000
Buffer size: 39 156001
Download Time: 2024698
Chunk bitrate: 39 3000000
Buffer size: 40 160001
Download Time: 1734725
Chunk bitrate: 40 3000000
Buffer size: 41 164001
Download Time: 6512686
Chunk bitrate: 41 1000000
Buffer size: 41 168001
Chunk bitrate: 41 1000000
Buffer size: 42 168001
Download Time: 1749742
Chunk bitrate: 42 1000000
Buffer size: 43 172001
Download Time: 1985026
Chunk bitrate: 43 2000000
Buffer size: 43 176001
Chunk bitrate: 43 2000000
Buffer size: 44 176001
Download Time: 1883529
[00007f45a8003378] core mux error: cannot add this stream
[00007f45a812b808] core decoder error: cannot create packetizer output (h264)
Chunk bitrate: 44 2000000
Buffer size: 45 180001
Download Time: 2022219
Chunk bitrate: 45 2000000
Buffer size: 46 184001
Download Time: 1805624
Chunk bitrate: 46 3000000
Buffer size: 46 188001
Chunk bitrate: 46 3000000
Buffer size: 47 188001
Download Time: 2090209
[00007f45a8003378] core mux error: cannot add this stream
[00007f45a82142d8] core decoder error: cannot create packetizer output (h264)
Chunk bitrate: 47 3000000
Buffer size: 48 192001
Download Time: 1747736
Chunk bitrate: 48 3000000
Buffer size: 49 196001
Download Time: 7538039
Chunk bitrate: 49 1000000
Buffer size: 49 200001
Chunk bitrate: 49 1000000
Buffer size: 50 200001
Download Time: 1765086
[00007f45a8003378] core mux error: cannot add this stream
[00007f45a8030a98] core decoder error: cannot create packetizer output (h264)
Chunk bitrate: 50 1000000
Buffer size: 51 204001
Download Time: 1048036
Chunk bitrate: 51 2000000
Buffer size: 51 208001
Chunk bitrate: 51 2000000
Buffer size: 52 208001
Download Time: 2238669
[00007f45a8003378] core mux error: cannot add this stream
[00007f45a8184ea8] core decoder error: cannot create packetizer output (h264)
Chunk bitrate: 52 2000000
Buffer size: 53 212001
Download Time: 1961543
Chunk bitrate: 53 2000000
Buffer size: 54 216001
Download Time: 1490882
Chunk bitrate: 54 3000000
Buffer size: 54 220001
Chunk bitrate: 54 3000000
Buffer size: 55 220001
Download Time: 2045778
[00007f45a8003378] core mux error: cannot add this stream
[00007f45a80fca78] core decoder error: cannot create packetizer output (h264)
Chunk bitrate: 55 3000000
Buffer size: 56 224001
Download Time: 4475200
Chunk bitrate: 56 1000000
Buffer size: 56 228001
Chunk bitrate: 56 1000000
Buffer size: 57 228001
Download Time: 1687389
[00007f45a8003378] core mux error: cannot add this stream
[00007f45a806d888] core decoder error: cannot create packetizer output (h264)
Chunk bitrate: 57 1000000
Buffer size: 58 232001
Download Time: 557176
Chunk bitrate: 58 1000000
Buffer size: 59 236001
Download Time: 2123588
Chunk bitrate: 59 1000000
Buffer size: 60 240001
Download Time: 1608320
Chunk bitrate: 60 1000000
Buffer size: 61 244001
Download Time: 1086914
Chunk bitrate: 61 2000000
Buffer size: 61 248001
Chunk bitrate: 61 2000000
Buffer size: 62 248001
Download Time: 662845
[00007f45a8003378] core mux error: cannot add this stream
[00007f45a817a268] core decoder error: cannot create packetizer output (h264)
Chunk bitrate: 62 2000000
Buffer size: 63 252001
Download Time: 472069
Chunk bitrate: 63 2000000
Buffer size: 64 256001
Download Time: 934058
Chunk bitrate: 64 2000000
Buffer size: 65 260001
[00007f45a8003378] ps mux: Close
[00007f45a0000e98] idummy demux: command `quit'
[00000000024061e8] [cli] lua interface error: Error loading script /home/cs244/vlc/share/lua/intf/cli.luac: lua/intf/modules/host.lua:286: Interrupted.
