[000000000167c548] core interface error: no suitable interface module
[00000000015b5338] core libvlc error: interface "globalhotkeys,none" initialization failed
[000000000167c548] dbus interface error: Failed to connect to the D-Bus session daemon: Unable to autolaunch a dbus-daemon without a $DISPLAY for X11
[000000000167c548] core interface error: no suitable interface module
[00000000015b5338] core libvlc error: interface "dbus,none" initialization failed
[00000000015b5338] core libvlc: Running vlc with the default interface. Use 'cvlc' to use vlc without interface.
[000000000167c548] qt interface error: Could not connect to X server
[000000000167c548] skins2 interface error: cannot initialize OSFactory
[000000000167c548] [cli] lua interface: Listening on host "*console".
VLC media player 3.0.0-git Vetinari
Command Line Interface initialized. Type `help' for help.
> [00007f9310003378] ps mux: Open
making a DASHManager
new ratebased adaptionlogic
Chunk bitrate: 0 349952
Buffer size: 0 0
Chunk bitrate: 0 349952
Buffer size: 0 0
[00007f93100256c8] mp4 demux: Fragment sequence discontinuity detected 0 != 2
Download Time: 441141
[00007f9310017148] mp4 demux: Fragment sequence discontinuity detected 0 != 2
Startup Time: 1050000
Chunk bitrate: 0 2000000
Buffer size: 0 4001
Chunk bitrate: 0 2000000
Buffer size: 1 4001
Download Time: 2340578
Chunk bitrate: 1 2000000
Buffer size: 2 8001
Download Time: 1781450
Chunk bitrate: 2 3000000
Buffer size: 2 12001
Chunk bitrate: 2 3000000
Buffer size: 3 12001
Download Time: 2333478
Chunk bitrate: 3 3000000
Buffer size: 4 16001
Download Time: 1941462
Chunk bitrate: 4 3000000
Buffer size: 5 20001
Download Time: 2483024
Chunk bitrate: 5 3000000
Buffer size: 6 24001
Download Time: 1683728
Chunk bitrate: 6 3000000
Buffer size: 7 28001
Download Time: 1475977
Chunk bitrate: 7 3000000
Buffer size: 8 32001
Download Time: 1309667
Chunk bitrate: 8 3000000
Buffer size: 9 36001
Download Time: 960091
Chunk bitrate: 9 3000000
Buffer size: 10 40001
Download Time: 1105746
Chunk bitrate: 10 3000000
Buffer size: 11 44001
Download Time: 962702
Chunk bitrate: 11 3000000
Buffer size: 12 48001
Download Time: 2335073
Chunk bitrate: 12 3000000
Buffer size: 13 52001
Download Time: 2225709
Chunk bitrate: 13 3000000
Buffer size: 14 56001
Download Time: 1881454
Chunk bitrate: 14 3000000
Buffer size: 15 60001
Download Time: 1774050
Chunk bitrate: 15 3000000
Buffer size: 16 64001
Download Time: 2189577
Chunk bitrate: 16 3000000
Buffer size: 17 68001
Download Time: 1824155
Chunk bitrate: 17 3000000
Buffer size: 18 72001
Download Time: 2275131
Chunk bitrate: 18 3000000
Buffer size: 19 76001
Download Time: 864311
Chunk bitrate: 19 3000000
Buffer size: 20 80001
Download Time: 983473
Chunk bitrate: 20 3000000
Buffer size: 21 84001
Download Time: 604495
Chunk bitrate: 21 3000000
Buffer size: 22 88001
Download Time: 891740
Chunk bitrate: 22 3000000
Buffer size: 23 92001
Download Time: 1174473
Chunk bitrate: 23 3000000
Buffer size: 24 96001
Download Time: 1330129
Chunk bitrate: 24 3000000
Buffer size: 25 100001
Download Time: 2058110
Chunk bitrate: 25 3000000
Buffer size: 26 104001
Download Time: 1947398
Chunk bitrate: 26 3000000
Buffer size: 27 108001
Download Time: 1238617
Chunk bitrate: 27 3000000
Buffer size: 28 112001
Download Time: 1944359
Chunk bitrate: 28 3000000
Buffer size: 29 116001
Download Time: 2194970
Chunk bitrate: 29 3000000
Buffer size: 30 120001
Download Time: 755291
Chunk bitrate: 30 3000000
Buffer size: 31 124001
Download Time: 765225
Chunk bitrate: 31 3000000
Buffer size: 32 128001
Download Time: 1242376
Chunk bitrate: 32 3000000
Buffer size: 33 132001
Download Time: 1163405
Chunk bitrate: 33 3000000
Buffer size: 34 136001
Download Time: 2924189
Chunk bitrate: 34 1000000
Buffer size: 34 140001
Chunk bitrate: 34 1000000
Buffer size: 35 140001
Download Time: 1740266
Chunk bitrate: 35 1000000
Buffer size: 36 144001
Download Time: 1168775
Chunk bitrate: 36 2000000
Buffer size: 36 148001
Chunk bitrate: 36 2000000
Buffer size: 37 148001
Download Time: 2426259
Chunk bitrate: 37 2000000
Buffer size: 38 152001
Download Time: 2199349
Chunk bitrate: 38 2000000
Buffer size: 39 156001
Download Time: 1301461
Chunk bitrate: 39 3000000
Buffer size: 39 160001
Chunk bitrate: 39 3000000
Buffer size: 40 160001
Download Time: 1733468
Chunk bitrate: 40 3000000
Buffer size: 41 164001
Download Time: 2346006
Chunk bitrate: 41 3000000
Buffer size: 42 168001
Download Time: 1944355
Chunk bitrate: 42 3000000
Buffer size: 43 172001
Download Time: 2637356
Chunk bitrate: 43 1000000
Buffer size: 43 176001
Chunk bitrate: 43 1000000
Buffer size: 44 176001
Download Time: 1244140
Chunk bitrate: 44 1000000
Buffer size: 45 180001
Download Time: 1413952
Chunk bitrate: 45 1000000
Buffer size: 46 184001
Download Time: 1465690
Chunk bitrate: 46 1000000
Buffer size: 47 188001
Download Time: 1133565
Chunk bitrate: 47 2000000
Buffer size: 47 192001
Chunk bitrate: 47 2000000
Buffer size: 48 192001
Download Time: 1782004
Chunk bitrate: 48 2000000
Buffer size: 49 196001
Download Time: 2272116
Chunk bitrate: 49 3000000
Buffer size: 49 200001
Chunk bitrate: 49 3000000
Buffer size: 50 200001
Download Time: 1875872
Chunk bitrate: 50 3000000
Buffer size: 51 204001
Download Time: 1548054
Chunk bitrate: 51 3000000
Buffer size: 52 208001
Download Time: 1651511
Chunk bitrate: 52 3000000
Buffer size: 53 212001
Download Time: 1074050
Chunk bitrate: 53 3000000
Buffer size: 54 216001
Download Time: 1137867
Chunk bitrate: 54 3000000
Buffer size: 55 220001
Download Time: 1026056
Chunk bitrate: 55 3000000
Buffer size: 56 224001
Download Time: 1447636
Chunk bitrate: 56 2000000
Buffer size: 56 228001
Chunk bitrate: 56 2000000
Buffer size: 57 228001
Download Time: 1839482
Chunk bitrate: 57 1000000
Buffer size: 57 232001
Chunk bitrate: 57 1000000
Buffer size: 58 232001
Download Time: 447642
Chunk bitrate: 58 1000000
Buffer size: 59 236001
Download Time: 1699176
Chunk bitrate: 59 1000000
Buffer size: 60 240001
Download Time: 1001222
Chunk bitrate: 60 2000000
Buffer size: 60 244001
Chunk bitrate: 60 2000000
Buffer size: 61 244001
Download Time: 2111864
Chunk bitrate: 61 2000000
Buffer size: 62 248001
Download Time: 663427
Chunk bitrate: 62 2000000
Buffer size: 63 252001
Download Time: 470727
Chunk bitrate: 63 2000000
Buffer size: 64 256001
Download Time: 815713
Chunk bitrate: 64 3000000
Buffer size: 64 260001
Chunk bitrate: 64 3000000
Buffer size: 65 260001
[00007f9310003378] ps mux: Close
[00007f930c001668] idummy demux: command `quit'
[000000000167c548] [cli] lua interface error: Error loading script /home/cs244/vlc/share/lua/intf/cli.luac: lua/intf/modules/host.lua:286: Interrupted.
