[0000000000ce91e8] core interface error: no suitable interface module
[0000000000c20338] core libvlc error: interface "globalhotkeys,none" initialization failed
[0000000000ce91e8] dbus interface error: Failed to connect to the D-Bus session daemon: Unable to autolaunch a dbus-daemon without a $DISPLAY for X11
[0000000000ce91e8] core interface error: no suitable interface module
[0000000000c20338] core libvlc error: interface "dbus,none" initialization failed
[0000000000c20338] core libvlc: Running vlc with the default interface. Use 'cvlc' to use vlc without interface.
[0000000000ce91e8] qt interface error: Could not connect to X server
[0000000000ce91e8] skins2 interface error: cannot initialize OSFactory
[0000000000ce91e8] [cli] lua interface: Listening on host "*console".
VLC media player 3.0.0-git Vetinari
Command Line Interface initialized. Type `help' for help.
> [00007fce4c003378] ps mux: Open
making a DASHManager
new ratebased adaptionlogic
Chunk bitrate: 0 349952
Buffer size: 0 0
Chunk bitrate: 0 349952
Buffer size: 0 0
[00007fce4c027528] mp4 demux: Fragment sequence discontinuity detected 0 != 2
Download Time: 440002
[00007fce4c025f38] mp4 demux: Fragment sequence discontinuity detected 0 != 2
Startup Time: 1050000
Chunk bitrate: 0 2000000
Buffer size: 0 4001
Chunk bitrate: 0 2000000
Buffer size: 1 4001
Download Time: 2340144
Chunk bitrate: 1 2000000
Buffer size: 2 8001
Download Time: 1781668
Chunk bitrate: 2 2000000
Buffer size: 3 12001
Download Time: 1608668
Chunk bitrate: 3 3000000
Buffer size: 3 16001
Chunk bitrate: 3 3000000
Buffer size: 4 16001
Download Time: 1941940
Chunk bitrate: 4 3000000
Buffer size: 5 20001
Download Time: 1928675
Chunk bitrate: 5 3000000
Buffer size: 6 24001
Download Time: 843386
Chunk bitrate: 6 3000000
Buffer size: 7 28001
Download Time: 829210
Chunk bitrate: 7 3000000
Buffer size: 8 32001
Download Time: 1309880
Chunk bitrate: 8 3000000
Buffer size: 9 36001
Download Time: 959834
Chunk bitrate: 9 3000000
Buffer size: 10 40001
Download Time: 3386017
Chunk bitrate: 10 1000000
Buffer size: 10 44001
Chunk bitrate: 10 1000000
Buffer size: 11 44001
Download Time: 1399284
Chunk bitrate: 11 1000000
Buffer size: 12 48001
Download Time: 1384357
Chunk bitrate: 12 2000000
Buffer size: 12 52001
Chunk bitrate: 12 2000000
Buffer size: 13 52001
Download Time: 2183292
Chunk bitrate: 13 2000000
Buffer size: 14 56001
Download Time: 1901645
Chunk bitrate: 14 3000000
Buffer size: 14 60001
Chunk bitrate: 14 3000000
Buffer size: 15 60001
Download Time: 1774076
Chunk bitrate: 15 3000000
Buffer size: 16 64001
Download Time: 2190350
Chunk bitrate: 16 3000000
Buffer size: 17 68001
Download Time: 1197003
Chunk bitrate: 17 3000000
Buffer size: 18 72001
Download Time: 1139786
Chunk bitrate: 18 3000000
Buffer size: 19 76001
Download Time: 646879
Chunk bitrate: 19 3000000
Buffer size: 20 80001
Download Time: 984013
Chunk bitrate: 20 3000000
Buffer size: 21 84001
Download Time: 603383
Chunk bitrate: 21 3000000
Buffer size: 22 88001
Download Time: 1039067
Chunk bitrate: 22 2000000
Buffer size: 22 92001
Chunk bitrate: 22 2000000
Buffer size: 23 92001
Download Time: 3324137
Chunk bitrate: 23 1000000
Buffer size: 23 96001
Chunk bitrate: 23 1000000
Buffer size: 24 96001
Download Time: 1485424
Chunk bitrate: 24 2000000
Buffer size: 24 100001
Chunk bitrate: 24 2000000
Buffer size: 25 100001
Download Time: 2070110
Chunk bitrate: 25 2000000
Buffer size: 26 104001
Download Time: 1927259
Chunk bitrate: 26 2000000
Buffer size: 27 108001
Download Time: 1040789
Chunk bitrate: 27 3000000
Buffer size: 27 112001
Chunk bitrate: 27 3000000
Buffer size: 28 112001
Download Time: 1944022
Chunk bitrate: 28 3000000
Buffer size: 29 116001
Download Time: 2415954
Chunk bitrate: 29 3000000
Buffer size: 30 120001
Download Time: 754598
Chunk bitrate: 30 3000000
Buffer size: 31 124001
Download Time: 765904
Chunk bitrate: 31 3000000
Buffer size: 32 128001
Download Time: 1241535
Chunk bitrate: 32 3000000
Buffer size: 33 132001
Download Time: 1163267
Chunk bitrate: 33 3000000
Buffer size: 34 136001
Download Time: 2011663
Chunk bitrate: 34 1000000
Buffer size: 34 140001
Chunk bitrate: 34 1000000
Buffer size: 35 140001
Download Time: 1740045
Chunk bitrate: 35 1000000
Buffer size: 36 144001
Download Time: 1444292
Chunk bitrate: 36 1000000
Buffer size: 37 148001
Download Time: 1357283
Chunk bitrate: 37 2000000
Buffer size: 37 152001
Chunk bitrate: 37 2000000
Buffer size: 38 152001
Download Time: 2339859
Chunk bitrate: 38 2000000
Buffer size: 39 156001
Download Time: 1789149
Chunk bitrate: 39 3000000
Buffer size: 39 160001
Chunk bitrate: 39 3000000
Buffer size: 40 160001
Download Time: 1733650
Chunk bitrate: 40 3000000
Buffer size: 41 164001
Download Time: 2344797
Chunk bitrate: 41 3000000
Buffer size: 42 168001
Download Time: 1180918
Chunk bitrate: 42 3000000
Buffer size: 43 172001
Download Time: 1202788
Chunk bitrate: 43 3000000
Buffer size: 44 176001
Download Time: 882853
Chunk bitrate: 44 3000000
Buffer size: 45 180001
Download Time: 1051850
Chunk bitrate: 45 3000000
Buffer size: 46 184001
Download Time: 1580550
Chunk bitrate: 46 2000000
Buffer size: 46 188001
Chunk bitrate: 46 2000000
Buffer size: 47 188001
Download Time: 2587545
Chunk bitrate: 47 1000000
Buffer size: 47 192001
Chunk bitrate: 47 1000000
Buffer size: 48 192001
Download Time: 1096590
Chunk bitrate: 48 1000000
Buffer size: 49 196001
Download Time: 1219673
Chunk bitrate: 49 2000000
Buffer size: 49 200001
Chunk bitrate: 49 2000000
Buffer size: 50 200001
Download Time: 2037045
Chunk bitrate: 50 2000000
Buffer size: 51 204001
Download Time: 1658848
Chunk bitrate: 51 2000000
Buffer size: 52 208001
Download Time: 1559606
Chunk bitrate: 52 3000000
Buffer size: 52 212001
Chunk bitrate: 52 3000000
Buffer size: 53 212001
Download Time: 2144318
[00007fce4c003378] core mux error: cannot add this stream
[00007fce4c038fe8] core decoder error: cannot create packetizer output (h264)
Chunk bitrate: 53 3000000
Buffer size: 54 216001
Download Time: 2269731
Chunk bitrate: 54 3000000
Buffer size: 55 220001
Download Time: 2046793
Chunk bitrate: 55 3000000
Buffer size: 56 224001
Download Time: 2647390
Chunk bitrate: 56 1000000
Buffer size: 56 228001
Chunk bitrate: 56 1000000
Buffer size: 57 228001
Download Time: 1210229
[00007fce4c003378] core mux error: cannot add this stream
[00007fce4c034e58] core decoder error: cannot create packetizer output (h264)
Chunk bitrate: 57 1000000
Buffer size: 58 232001
Download Time: 556892
Chunk bitrate: 58 1000000
Buffer size: 59 236001
Download Time: 2123158
Chunk bitrate: 59 2000000
Buffer size: 59 240001
Chunk bitrate: 59 2000000
Buffer size: 60 240001
Download Time: 1263362
[00007fce4c003378] core mux error: cannot add this stream
[00007fce4c13f3f8] core decoder error: cannot create packetizer output (h264)
Chunk bitrate: 60 3000000
Buffer size: 60 244001
Chunk bitrate: 60 3000000
Buffer size: 61 244001
Download Time: 1904136
[00007fce4c003378] core mux error: cannot add this stream
[00007fce4c1cec68] core decoder error: cannot create packetizer output (h264)
Chunk bitrate: 61 3000000
Buffer size: 62 248001
Download Time: 639374
Chunk bitrate: 62 3000000
Buffer size: 63 252001
Download Time: 450309
Chunk bitrate: 63 3000000
Buffer size: 64 256001
Download Time: 1580442
Chunk bitrate: 64 1000000
Buffer size: 64 260001
Chunk bitrate: 64 1000000
Buffer size: 65 260001
[00007fce4c003378] ps mux: Close
[00007fce44001058] idummy demux: command `quit'
[0000000000ce91e8] [cli] lua interface error: Error loading script /home/cs244/vlc/share/lua/intf/cli.luac: lua/intf/modules/host.lua:286: Interrupted.
