[00000000026511e8] core interface error: no suitable interface module
[0000000002588338] core libvlc error: interface "globalhotkeys,none" initialization failed
[00000000026511e8] dbus interface error: Failed to connect to the D-Bus session daemon: Unable to autolaunch a dbus-daemon without a $DISPLAY for X11
[00000000026511e8] core interface error: no suitable interface module
[0000000002588338] core libvlc error: interface "dbus,none" initialization failed
[0000000002588338] core libvlc: Running vlc with the default interface. Use 'cvlc' to use vlc without interface.
[00000000026511e8] qt interface error: Could not connect to X server
[00000000026511e8] skins2 interface error: cannot initialize OSFactory
[00000000026511e8] [cli] lua interface: Listening on host "*console".
VLC media player 3.0.0-git Vetinari
Command Line Interface initialized. Type `help' for help.
> [00007fb188003378] ps mux: Open
making a DASHManager
new ratebased adaptionlogic
Chunk bitrate: 0 349952
Buffer size: 0 0
Chunk bitrate: 0 349952
Buffer size: 0 0
[00007fb188023a18] mp4 demux: Fragment sequence discontinuity detected 0 != 2
Download Time: 440851
[00007fb188019998] mp4 demux: Fragment sequence discontinuity detected 0 != 2
Startup Time: 1050000
Chunk bitrate: 0 2000000
Buffer size: 0 4001
Chunk bitrate: 0 2000000
Buffer size: 1 4001
Download Time: 2339997
Chunk bitrate: 1 2000000
Buffer size: 2 8001
Download Time: 1782319
Chunk bitrate: 2 2000000
Buffer size: 3 12001
Download Time: 1599677
Chunk bitrate: 3 3000000
Buffer size: 3 16001
Chunk bitrate: 3 3000000
Buffer size: 4 16001
Download Time: 1942581
Chunk bitrate: 4 3000000
Buffer size: 5 20001
Download Time: 1917947
Chunk bitrate: 5 3000000
Buffer size: 6 24001
Download Time: 843247
Chunk bitrate: 6 3000000
Buffer size: 7 28001
Download Time: 829071
Chunk bitrate: 7 3000000
Buffer size: 8 32001
Download Time: 1310080
Chunk bitrate: 8 3000000
Buffer size: 9 36001
Download Time: 960281
Chunk bitrate: 9 3000000
Buffer size: 10 40001
Download Time: 1105136
Chunk bitrate: 10 3000000
Buffer size: 11 44001
Download Time: 961532
Chunk bitrate: 11 3000000
Buffer size: 12 48001
Download Time: 1329580
Chunk bitrate: 12 3000000
Buffer size: 13 52001
Download Time: 1114456
Chunk bitrate: 13 3000000
Buffer size: 14 56001
Download Time: 1445933
Chunk bitrate: 14 2000000
Buffer size: 14 60001
Chunk bitrate: 14 2000000
Buffer size: 15 60001
Download Time: 1827167
Chunk bitrate: 15 2000000
Buffer size: 16 64001
Download Time: 2193838
Chunk bitrate: 16 2000000
Buffer size: 17 68001
Download Time: 1216019
Chunk bitrate: 17 3000000
Buffer size: 17 72001
Chunk bitrate: 17 3000000
Buffer size: 18 72001
Download Time: 2275314
Chunk bitrate: 18 3000000
Buffer size: 19 76001
Download Time: 1289207
Chunk bitrate: 19 3000000
Buffer size: 20 80001
Download Time: 996700
Chunk bitrate: 20 3000000
Buffer size: 21 84001
Download Time: 603162
Chunk bitrate: 21 3000000
Buffer size: 22 88001
Download Time: 893924
Chunk bitrate: 22 3000000
Buffer size: 23 92001
Download Time: 1174075
Chunk bitrate: 23 3000000
Buffer size: 24 96001
Download Time: 1045022
Chunk bitrate: 24 3000000
Buffer size: 25 100001
Download Time: 1030882
Chunk bitrate: 25 3000000
Buffer size: 26 104001
Download Time: 976338
Chunk bitrate: 26 3000000
Buffer size: 27 108001
Download Time: 620769
Chunk bitrate: 27 3000000
Buffer size: 28 112001
Download Time: 973799
Download Time: 27185
Chunk bitrate: 28 3000000
Buffer size: 29 116001
Download Time: 1210477
Chunk bitrate: 29 3000000
Buffer size: 30 120001
Download Time: 1894486
Chunk bitrate: 30 2000000
Buffer size: 30 124001
Chunk bitrate: 30 2000000
Buffer size: 31 124001
Download Time: 1739794
Chunk bitrate: 31 2000000
Buffer size: 32 128001
Download Time: 2241790
Chunk bitrate: 32 3000000
Buffer size: 32 132001
Chunk bitrate: 32 3000000
Buffer size: 33 132001
Download Time: 2321488
Chunk bitrate: 33 3000000
Buffer size: 34 136001
Download Time: 1985431
Chunk bitrate: 34 3000000
Buffer size: 35 140001
Download Time: 1036465
Chunk bitrate: 35 3000000
Buffer size: 36 144001
Download Time: 834247
Chunk bitrate: 36 3000000
Buffer size: 37 148001
Download Time: 1239988
Chunk bitrate: 37 3000000
Buffer size: 38 152001
Download Time: 1173377
Chunk bitrate: 38 3000000
Buffer size: 39 156001
Download Time: 1015499
Chunk bitrate: 39 3000000
Buffer size: 40 160001
Download Time: 869286
Chunk bitrate: 40 3000000
Buffer size: 41 164001
Download Time: 1174589
Chunk bitrate: 41 3000000
Buffer size: 42 168001
Download Time: 975623
Chunk bitrate: 42 3000000
Buffer size: 43 172001
Download Time: 1383986
Chunk bitrate: 43 2000000
Buffer size: 43 176001
Chunk bitrate: 43 2000000
Buffer size: 44 176001
Download Time: 1883381
Chunk bitrate: 44 2000000
Buffer size: 45 180001
Download Time: 2021976
Chunk bitrate: 45 2000000
Buffer size: 46 184001
Download Time: 1711063
Chunk bitrate: 46 3000000
Buffer size: 46 188001
Chunk bitrate: 46 3000000
Buffer size: 47 188001
Download Time: 2089890
Chunk bitrate: 47 3000000
Buffer size: 48 192001
Download Time: 1749053
Chunk bitrate: 48 3000000
Buffer size: 49 196001
Download Time: 2471956
Chunk bitrate: 49 3000000
Buffer size: 50 200001
Download Time: 1877455
Chunk bitrate: 50 3000000
Buffer size: 51 204001
Download Time: 974081
Chunk bitrate: 51 3000000
Buffer size: 52 208001
Download Time: 1136485
Chunk bitrate: 52 3000000
Buffer size: 53 212001
Download Time: 1073436
Chunk bitrate: 53 3000000
Buffer size: 54 216001
Download Time: 1140153
Chunk bitrate: 54 3000000
Buffer size: 55 220001
Download Time: 1735689
Chunk bitrate: 55 1000000
Buffer size: 55 224001
Chunk bitrate: 55 1000000
Buffer size: 56 224001
Download Time: 4055760
Chunk bitrate: 56 349952
Buffer size: 56 228001
Chunk bitrate: 56 349952
Buffer size: 57 228001
Download Time: 2058298
Chunk bitrate: 57 349952
Buffer size: 58 232001
Download Time: 898369
Chunk bitrate: 58 349952
Buffer size: 59 236001
Download Time: 3911912
Chunk bitrate: 59 349952
Buffer size: 60 240001
Download Time: 2236259
Chunk bitrate: 60 349952
Buffer size: 61 244001
Download Time: 2093101
Chunk bitrate: 61 349952
Buffer size: 62 248001
Download Time: 713262
Chunk bitrate: 62 600000
Buffer size: 62 252001
Chunk bitrate: 62 600000
Buffer size: 63 252001
Download Time: 405909
Chunk bitrate: 63 600000
Buffer size: 64 256001
Download Time: 806089
Chunk bitrate: 64 1000000
Buffer size: 64 260001
Chunk bitrate: 64 1000000
Buffer size: 65 260001
[00007fb188003378] ps mux: Close
[00007fb1840010a8] idummy demux: command `quit'
[00000000026511e8] [cli] lua interface error: Error loading script /home/cs244/vlc/share/lua/intf/cli.luac: lua/intf/modules/host.lua:286: Interrupted.
