[00000000014a91e8] core interface error: no suitable interface module
[00000000013e0338] core libvlc error: interface "globalhotkeys,none" initialization failed
[00000000014a91e8] dbus interface error: Failed to connect to the D-Bus session daemon: Unable to autolaunch a dbus-daemon without a $DISPLAY for X11
[00000000014a91e8] core interface error: no suitable interface module
[00000000013e0338] core libvlc error: interface "dbus,none" initialization failed
[00000000013e0338] core libvlc: Running vlc with the default interface. Use 'cvlc' to use vlc without interface.
[00000000014a91e8] qt interface error: Could not connect to X server
[00000000014a91e8] skins2 interface error: cannot initialize OSFactory
[00007f2498003378] ps mux: Open
[00000000014a91e8] [cli] lua interface: Listening on host "*console".
VLC media player 3.0.0-git Vetinari
Command Line Interface initialized. Type `help' for help.
> making a DASHManager
new ratebased adaptionlogic
Chunk bitrate: 0 349952
Buffer size: 0 0
Chunk bitrate: 0 349952
Buffer size: 0 0
[00007f2498025558] mp4 demux: Fragment sequence discontinuity detected 0 != 2
Download Time: 149154
[00007f2498017818] mp4 demux: Fragment sequence discontinuity detected 0 != 2
Startup Time: 1050000
Chunk bitrate: 0 3000000
Buffer size: 0 4001
Chunk bitrate: 0 3000000
Buffer size: 1 4001
Download Time: 1137310
Chunk bitrate: 1 3000000
Buffer size: 2 8001
Download Time: 953673
Chunk bitrate: 2 3000000
Buffer size: 3 12001
Download Time: 1170862
Download Time: 27277
Chunk bitrate: 3 3000000
Buffer size: 4 16001
Download Time: 973526
Chunk bitrate: 4 3000000
Buffer size: 5 20001
Download Time: 4035301
Chunk bitrate: 5 1000000
Buffer size: 5 24001
Chunk bitrate: 5 1000000
Buffer size: 6 24001
Download Time: 1103794
Chunk bitrate: 6 1000000
Buffer size: 7 28001
Download Time: 900187
Chunk bitrate: 7 2000000
Buffer size: 7 32001
Chunk bitrate: 7 2000000
Buffer size: 8 32001
Download Time: 2661046
Chunk bitrate: 8 2000000
Buffer size: 9 36001
Download Time: 1700737
Chunk bitrate: 9 3000000
Buffer size: 9 40001
Chunk bitrate: 9 3000000
Buffer size: 10 40001
Download Time: 2209748
Chunk bitrate: 10 3000000
Buffer size: 11 44001
Download Time: 1922799
Chunk bitrate: 11 3000000
Buffer size: 12 48001
Download Time: 1462514
Chunk bitrate: 12 3000000
Buffer size: 13 52001
Download Time: 1114657
Chunk bitrate: 13 3000000
Buffer size: 14 56001
Download Time: 945646
Chunk bitrate: 14 3000000
Buffer size: 15 60001
Download Time: 987658
Chunk bitrate: 15 3000000
Buffer size: 16 64001
Download Time: 2675614
Chunk bitrate: 16 2000000
Buffer size: 16 68001
Chunk bitrate: 16 2000000
Buffer size: 17 68001
Download Time: 2431484
Chunk bitrate: 17 1000000
Buffer size: 17 72001
Chunk bitrate: 17 1000000
Buffer size: 18 72001
Download Time: 1212831
Chunk bitrate: 18 2000000
Buffer size: 18 76001
Chunk bitrate: 18 2000000
Buffer size: 19 76001
Download Time: 1382831
Chunk bitrate: 19 2000000
Buffer size: 20 80001
Download Time: 2148633
Chunk bitrate: 20 2000000
Buffer size: 21 84001
Download Time: 952602
Chunk bitrate: 21 3000000
Buffer size: 21 88001
Chunk bitrate: 21 3000000
Buffer size: 22 88001
Download Time: 1779872
Chunk bitrate: 22 3000000
Buffer size: 23 92001
Download Time: 2343557
Chunk bitrate: 23 3000000
Buffer size: 24 96001
Download Time: 1045503
Chunk bitrate: 24 3000000
Buffer size: 25 100001
Download Time: 1031826
Chunk bitrate: 25 3000000
Buffer size: 26 104001
Download Time: 977667
Chunk bitrate: 26 3000000
Buffer size: 27 108001
Download Time: 624096
Chunk bitrate: 27 3000000
Buffer size: 28 112001
Download Time: 974151
Chunk bitrate: 28 3000000
Buffer size: 29 116001
Download Time: 4295674
Chunk bitrate: 29 1000000
Buffer size: 29 120001
Chunk bitrate: 29 1000000
Buffer size: 30 120001
Download Time: 1020891
Chunk bitrate: 30 2000000
Buffer size: 30 124001
Chunk bitrate: 30 2000000
Buffer size: 31 124001
Download Time: 1742832
Chunk bitrate: 31 2000000
Buffer size: 32 128001
Download Time: 2730968
Chunk bitrate: 32 1000000
Buffer size: 32 132001
Chunk bitrate: 32 1000000
Buffer size: 33 132001
Download Time: 367501
Chunk bitrate: 33 3000000
Buffer size: 33 136001
Chunk bitrate: 33 3000000
Buffer size: 34 136001
Download Time: 1136684
Chunk bitrate: 34 3000000
Buffer size: 35 140001
Download Time: 1035612
Chunk bitrate: 35 3000000
Buffer size: 36 144001
Download Time: 834813
Chunk bitrate: 36 3000000
Buffer size: 37 148001
Download Time: 1239989
Chunk bitrate: 37 3000000
Buffer size: 38 152001
Download Time: 4188396
Chunk bitrate: 38 2000000
Buffer size: 38 156001
Chunk bitrate: 38 2000000
Buffer size: 39 156001
Download Time: 1370982
Chunk bitrate: 39 3000000
Buffer size: 39 160001
Chunk bitrate: 39 3000000
Buffer size: 40 160001
Download Time: 955428
Chunk bitrate: 40 3000000
Buffer size: 41 164001
Download Time: 1173401
Chunk bitrate: 41 3000000
Buffer size: 42 168001
Download Time: 976161
Chunk bitrate: 42 3000000
Buffer size: 43 172001
Download Time: 1202034
Chunk bitrate: 43 3000000
Buffer size: 44 176001
Download Time: 2447323
Chunk bitrate: 44 2000000
Buffer size: 44 180001
Chunk bitrate: 44 2000000
Buffer size: 45 180001
Download Time: 2022184
Chunk bitrate: 45 2000000
Buffer size: 46 184001
Download Time: 2881254
Chunk bitrate: 46 1000000
Buffer size: 46 188001
Chunk bitrate: 46 1000000
Buffer size: 47 188001
Download Time: 1512152
[00007f2498003378] core mux error: cannot add this stream
[00007f2498221898] core decoder error: cannot create packetizer output (h264)
Chunk bitrate: 47 1000000
Buffer size: 48 192001
Download Time: 1036148
Chunk bitrate: 48 2000000
Buffer size: 48 196001
Chunk bitrate: 48 2000000
Buffer size: 49 196001
Download Time: 2457144
[00007f2498003378] core mux error: cannot add this stream
[00007f24981a9498] core decoder error: cannot create packetizer output (h264)
Chunk bitrate: 49 2000000
Buffer size: 50 200001
Download Time: 2039368
Chunk bitrate: 50 2000000
Buffer size: 51 204001
Download Time: 1136340
Chunk bitrate: 51 3000000
Buffer size: 51 208001
Chunk bitrate: 51 3000000
Buffer size: 52 208001
Download Time: 2272838
[00007f2498003378] core mux error: cannot add this stream
[00007f24980df678] core decoder error: cannot create packetizer output (h264)
Chunk bitrate: 52 3000000
Buffer size: 53 212001
Download Time: 3007638
Chunk bitrate: 53 1000000
Buffer size: 53 216001
Chunk bitrate: 53 1000000
Buffer size: 54 216001
Download Time: 2004700
[00007f2498003378] core mux error: cannot add this stream
[00007f249819b338] core decoder error: cannot create packetizer output (h264)
Chunk bitrate: 54 1000000
Buffer size: 55 220001
Download Time: 1750458
Chunk bitrate: 55 1000000
Buffer size: 56 224001
Download Time: 1593338
Chunk bitrate: 56 1000000
Buffer size: 57 228001
Download Time: 965298
Chunk bitrate: 57 1000000
Buffer size: 58 232001
Download Time: 445265
Chunk bitrate: 58 1000000
Buffer size: 59 236001
Download Time: 1558668
Chunk bitrate: 59 2000000
Buffer size: 59 240001
Chunk bitrate: 59 2000000
Buffer size: 60 240001
Download Time: 1896582
[00007f2498003378] core mux error: cannot add this stream
[00007f24980be0b8] core decoder error: cannot create packetizer output (h264)
Chunk bitrate: 60 2000000
Buffer size: 61 244001
Download Time: 2032348
Chunk bitrate: 61 2000000
Buffer size: 62 248001
Download Time: 575725
Chunk bitrate: 62 3000000
Buffer size: 62 252001
Chunk bitrate: 62 3000000
Buffer size: 63 252001
Download Time: 452000
[00007f2498003378] core mux error: cannot add this stream
[00007f2498086478] core decoder error: cannot create packetizer output (h264)
Chunk bitrate: 63 3000000
Buffer size: 64 256001
Download Time: 802390
Chunk bitrate: 64 3000000
Buffer size: 65 260001
[00007f2498003378] ps mux: Close
[00007f24940015c8] idummy demux: command `quit'
[00000000014a91e8] [cli] lua interface error: Error loading script /home/cs244/vlc/share/lua/intf/cli.luac: lua/intf/modules/host.lua:286: Interrupted.
