[000000000160a1e8] core interface error: no suitable interface module
[0000000001541338] core libvlc error: interface "globalhotkeys,none" initialization failed
[000000000160a1e8] dbus interface error: Failed to connect to the D-Bus session daemon: Unable to autolaunch a dbus-daemon without a $DISPLAY for X11
[000000000160a1e8] core interface error: no suitable interface module
[0000000001541338] core libvlc error: interface "dbus,none" initialization failed
[0000000001541338] core libvlc: Running vlc with the default interface. Use 'cvlc' to use vlc without interface.
[000000000160a1e8] qt interface error: Could not connect to X server
[000000000160a1e8] skins2 interface error: cannot initialize OSFactory
[000000000160a1e8] [cli] lua interface: Listening on host "*console".
VLC media player 3.0.0-git Vetinari
Command Line Interface initialized. Type `help' for help.
> [00007fbc18003378] ps mux: Open
making a DASHManager
new ratebased adaptionlogic
Chunk bitrate: 0 349952
Buffer size: 0 0
Chunk bitrate: 0 349952
Buffer size: 0 0
[00007fbc18027918] mp4 demux: Fragment sequence discontinuity detected 0 != 2
Download Time: 585080
[00007fbc18021a48] mp4 demux: Fragment sequence discontinuity detected 0 != 2
Startup Time: 1050000
Chunk bitrate: 0 1000000
Buffer size: 0 4001
Chunk bitrate: 0 1000000
Buffer size: 1 4001
Download Time: 1611418
Chunk bitrate: 1 1000000
Buffer size: 2 8001
Download Time: 1170315
Chunk bitrate: 2 1000000
Buffer size: 3 12001
Download Time: 1859398
Chunk bitrate: 3 1000000
Buffer size: 4 16001
Download Time: 2292364
Chunk bitrate: 4 1000000
Buffer size: 5 20001
Download Time: 2410760
Chunk bitrate: 5 1000000
Buffer size: 6 24001
Download Time: 1104807
Chunk bitrate: 6 1000000
Buffer size: 7 28001
Download Time: 1197520
Chunk bitrate: 7 1000000
Buffer size: 8 32001
Download Time: 1704749
Chunk bitrate: 8 600000
Buffer size: 8 36001
Chunk bitrate: 8 600000
Buffer size: 9 36001
Download Time: 2439837
Chunk bitrate: 9 600000
Buffer size: 10 40001
Download Time: 2435533
Chunk bitrate: 10 349952
Buffer size: 10 44001
Chunk bitrate: 10 349952
Buffer size: 11 44001
Download Time: 2200725
Chunk bitrate: 11 349952
Buffer size: 12 48001
Download Time: 2028002
Chunk bitrate: 12 600000
Buffer size: 12 52001
Chunk bitrate: 12 600000
Buffer size: 13 52001
Download Time: 2239636
Chunk bitrate: 13 600000
Buffer size: 14 56001
Download Time: 1555110
Chunk bitrate: 14 3000000
Buffer size: 14 60001
Chunk bitrate: 14 3000000
Buffer size: 15 60001
Download Time: 888896
Chunk bitrate: 15 3000000
Buffer size: 16 64001
Download Time: 1096617
Chunk bitrate: 16 3000000
Buffer size: 17 68001
Download Time: 916935
Chunk bitrate: 17 3000000
Buffer size: 18 72001
Download Time: 1139638
Chunk bitrate: 18 3000000
Buffer size: 19 76001
Download Time: 646694
Chunk bitrate: 19 3000000
Buffer size: 20 80001
Download Time: 4728596
Chunk bitrate: 20 1000000
Buffer size: 20 84001
Chunk bitrate: 20 1000000
Buffer size: 21 84001
Download Time: 780492
Chunk bitrate: 21 2000000
Buffer size: 21 88001
Chunk bitrate: 21 2000000
Buffer size: 22 88001
Download Time: 1976589
Chunk bitrate: 22 2000000
Buffer size: 23 92001
Download Time: 2411731
Chunk bitrate: 23 3000000
Buffer size: 23 96001
Chunk bitrate: 23 3000000
Buffer size: 24 96001
Download Time: 2086627
Chunk bitrate: 24 3000000
Buffer size: 25 100001
Download Time: 2056896
Chunk bitrate: 25 3000000
Buffer size: 26 104001
Download Time: 1237425
Chunk bitrate: 26 3000000
Buffer size: 27 108001
Download Time: 620928
Chunk bitrate: 27 3000000
Buffer size: 28 112001
Download Time: 974211
Chunk bitrate: 28 3000000
Buffer size: 29 116001
Download Time: 1210268
Chunk bitrate: 29 3000000
Buffer size: 30 120001
Download Time: 755378
Download Time: 25275
Chunk bitrate: 30 3000000
Buffer size: 31 124001
Download Time: 1340739
Chunk bitrate: 31 2000000
Buffer size: 31 128001
Chunk bitrate: 31 2000000
Buffer size: 32 128001
Download Time: 3563568
Chunk bitrate: 32 1000000
Buffer size: 32 132001
Chunk bitrate: 32 1000000
Buffer size: 33 132001
Download Time: 1203782
Chunk bitrate: 33 2000000
Buffer size: 33 136001
Chunk bitrate: 33 2000000
Buffer size: 34 136001
Download Time: 2249352
Chunk bitrate: 34 2000000
Buffer size: 35 140001
Download Time: 2101792
Chunk bitrate: 35 3000000
Buffer size: 35 144001
Chunk bitrate: 35 3000000
Buffer size: 36 144001
Download Time: 1666818
Chunk bitrate: 36 2000000
Buffer size: 36 148001
Chunk bitrate: 36 2000000
Buffer size: 37 148001
Download Time: 1642179
Chunk bitrate: 37 3000000
Buffer size: 37 152001
Chunk bitrate: 37 3000000
Buffer size: 38 152001
Download Time: 1724699
Chunk bitrate: 38 3000000
Buffer size: 39 156001
Download Time: 1014303
Chunk bitrate: 39 3000000
Buffer size: 40 160001
Download Time: 868184
Chunk bitrate: 40 3000000
Buffer size: 41 164001
Download Time: 1174994
Chunk bitrate: 41 3000000
Buffer size: 42 168001
Download Time: 975280
Chunk bitrate: 42 3000000
Buffer size: 43 172001
Download Time: 4163695
Chunk bitrate: 43 1000000
Buffer size: 43 176001
Chunk bitrate: 43 1000000
Buffer size: 44 176001
Download Time: 1166790
Chunk bitrate: 44 2000000
Buffer size: 44 180001
Chunk bitrate: 44 2000000
Buffer size: 45 180001
Download Time: 2021527
[00007fbc18003378] core mux error: cannot add this stream
[00007fbc18031428] core decoder error: cannot create packetizer output (h264)
Chunk bitrate: 45 2000000
Buffer size: 46 184001
Download Time: 2278905
Chunk bitrate: 46 2000000
Buffer size: 47 188001
Download Time: 1371620
Chunk bitrate: 47 3000000
Buffer size: 47 192001
Chunk bitrate: 47 3000000
Buffer size: 48 192001
Download Time: 1747715
[00007fbc18003378] core mux error: cannot add this stream
[00007fbc1817c978] core decoder error: cannot create packetizer output (h264)
Chunk bitrate: 48 3000000
Buffer size: 49 196001
Download Time: 2235236
Chunk bitrate: 49 3000000
Buffer size: 50 200001
Download Time: 939458
Chunk bitrate: 50 3000000
Buffer size: 51 204001
Download Time: 779420
Chunk bitrate: 51 3000000
Buffer size: 52 208001
Download Time: 1137066
Chunk bitrate: 52 3000000
Buffer size: 53 212001
Download Time: 1074336
Chunk bitrate: 53 3000000
Buffer size: 54 216001
Download Time: 2496366
Chunk bitrate: 54 2000000
Buffer size: 54 220001
Chunk bitrate: 54 2000000
Buffer size: 55 220001
Download Time: 2867944
[00007fbc18003378] core mux error: cannot add this stream
[00007fbc18031218] core decoder error: cannot create packetizer output (h264)
Chunk bitrate: 55 1000000
Buffer size: 55 224001
Chunk bitrate: 55 1000000
Buffer size: 56 224001
Download Time: 844381
[00007fbc18003378] core mux error: cannot add this stream
[00007fbc181a40e8] core decoder error: cannot create packetizer output (h264)
Chunk bitrate: 56 3000000
Buffer size: 56 228001
Chunk bitrate: 56 3000000
Buffer size: 57 228001
Download Time: 1545720
[00007fbc18003378] core mux error: cannot add this stream
[00007fbc1815c8d8] core decoder error: cannot create packetizer output (h264)
Chunk bitrate: 57 3000000
Buffer size: 58 232001
Download Time: 652870
Chunk bitrate: 58 3000000
Buffer size: 59 236001
Download Time: 2902748
Chunk bitrate: 59 1000000
Buffer size: 59 240001
Chunk bitrate: 59 1000000
Buffer size: 60 240001
Download Time: 1288477
[00007fbc18003378] core mux error: cannot add this stream
[00007fbc181fa2a8] core decoder error: cannot create packetizer output (h264)
Chunk bitrate: 60 1000000
Buffer size: 61 244001
Download Time: 1337189
Chunk bitrate: 61 1000000
Buffer size: 62 248001
Download Time: 481969
Chunk bitrate: 62 1000000
Buffer size: 63 252001
Download Time: 361613
Chunk bitrate: 63 1000000
Buffer size: 64 256001
Download Time: 1661700
Chunk bitrate: 64 600000
Buffer size: 64 260001
Chunk bitrate: 64 600000
Buffer size: 65 260001
[00007fbc18003378] ps mux: Close
[00007fbc10001058] idummy demux: command `quit'
[000000000160a1e8] [cli] lua interface error: Error loading script /home/cs244/vlc/share/lua/intf/cli.luac: lua/intf/modules/host.lua:286: Interrupted.
