[00000000013041e8] core interface error: no suitable interface module
[000000000123b338] core libvlc error: interface "globalhotkeys,none" initialization failed
[00000000013041e8] dbus interface error: Failed to connect to the D-Bus session daemon: Unable to autolaunch a dbus-daemon without a $DISPLAY for X11
[00000000013041e8] core interface error: no suitable interface module
[000000000123b338] core libvlc error: interface "dbus,none" initialization failed
[000000000123b338] core libvlc: Running vlc with the default interface. Use 'cvlc' to use vlc without interface.
[00000000013041e8] qt interface error: Could not connect to X server
[00000000013041e8] skins2 interface error: cannot initialize OSFactory
[00000000013041e8] [cli] lua interface: Listening on host "*console".
VLC media player 3.0.0-git Vetinari
Command Line Interface initialized. Type `help' for help.
> [00007f60b4003378] ps mux: Open
making a DASHManager
new ratebased adaptionlogic
Chunk bitrate: 0 349952
Buffer size: 0 0
Chunk bitrate: 0 349952
Buffer size: 0 0
[00007f60b40248f8] mp4 demux: Fragment sequence discontinuity detected 0 != 2
Download Time: 440833
[00007f60b4017438] mp4 demux: Fragment sequence discontinuity detected 0 != 2
Startup Time: 1050000
Chunk bitrate: 0 2000000
Buffer size: 0 4001
Chunk bitrate: 0 2000000
Buffer size: 1 4001
Download Time: 2336366
Chunk bitrate: 1 2000000
Buffer size: 2 8001
Download Time: 1779241
Chunk bitrate: 2 2000000
Buffer size: 3 12001
Download Time: 1598075
Chunk bitrate: 3 3000000
Buffer size: 3 16001
Chunk bitrate: 3 3000000
Buffer size: 4 16001
Download Time: 1942332
Chunk bitrate: 4 3000000
Buffer size: 5 20001
Download Time: 1918166
Chunk bitrate: 5 3000000
Buffer size: 6 24001
Download Time: 844088
Chunk bitrate: 6 3000000
Buffer size: 7 28001
Download Time: 829495
Chunk bitrate: 7 3000000
Buffer size: 8 32001
Download Time: 1309424
Download Time: 26886
Chunk bitrate: 8 3000000
Buffer size: 9 36001
Download Time: 959993
Chunk bitrate: 9 3000000
Buffer size: 10 40001
Download Time: 2646055
Chunk bitrate: 10 2000000
Buffer size: 10 44001
Chunk bitrate: 10 2000000
Buffer size: 11 44001
Download Time: 1979560
Chunk bitrate: 11 2000000
Buffer size: 12 48001
Download Time: 1964805
Chunk bitrate: 12 3000000
Buffer size: 12 52001
Chunk bitrate: 12 3000000
Buffer size: 13 52001
Download Time: 2226009
Chunk bitrate: 13 3000000
Buffer size: 14 56001
Download Time: 1557339
Chunk bitrate: 14 3000000
Buffer size: 15 60001
Download Time: 888452
Chunk bitrate: 15 3000000
Buffer size: 16 64001
Download Time: 1100112
Chunk bitrate: 16 3000000
Buffer size: 17 68001
Download Time: 914687
Chunk bitrate: 17 3000000
Buffer size: 18 72001
Download Time: 1139661
Chunk bitrate: 18 3000000
Buffer size: 19 76001
Download Time: 1338537
Chunk bitrate: 19 1000000
Buffer size: 19 80001
Chunk bitrate: 19 1000000
Buffer size: 20 80001
Download Time: 1819065
Chunk bitrate: 20 1000000
Buffer size: 21 84001
Download Time: 1178963
Chunk bitrate: 21 1000000
Buffer size: 22 88001
Download Time: 1293325
Chunk bitrate: 22 2000000
Buffer size: 22 92001
Chunk bitrate: 22 2000000
Buffer size: 23 92001
Download Time: 2489868
Chunk bitrate: 23 2000000
Buffer size: 24 96001
Download Time: 1992319
Chunk bitrate: 24 3000000
Buffer size: 24 100001
Chunk bitrate: 24 3000000
Buffer size: 25 100001
Download Time: 2058082
Chunk bitrate: 25 3000000
Buffer size: 26 104001
Download Time: 1946760
Chunk bitrate: 26 3000000
Buffer size: 27 108001
Download Time: 943476
Chunk bitrate: 27 3000000
Buffer size: 28 112001
Download Time: 974570
Chunk bitrate: 28 3000000
Buffer size: 29 116001
Download Time: 1209447
Chunk bitrate: 29 3000000
Buffer size: 30 120001
Download Time: 755204
Chunk bitrate: 30 3000000
Buffer size: 31 124001
Download Time: 764503
Chunk bitrate: 31 3000000
Buffer size: 32 128001
Download Time: 2420882
Chunk bitrate: 32 2000000
Buffer size: 32 132001
Chunk bitrate: 32 2000000
Buffer size: 33 132001
Download Time: 2824150
Chunk bitrate: 33 1000000
Buffer size: 33 136001
Chunk bitrate: 33 1000000
Buffer size: 34 136001
Download Time: 1294906
Chunk bitrate: 34 2000000
Buffer size: 34 140001
Chunk bitrate: 34 2000000
Buffer size: 35 140001
Download Time: 2247362
Chunk bitrate: 35 2000000
Buffer size: 36 144001
Download Time: 1642475
Chunk bitrate: 36 2000000
Buffer size: 37 148001
Download Time: 1617947
Chunk bitrate: 37 3000000
Buffer size: 37 152001
Chunk bitrate: 37 3000000
Buffer size: 38 152001
Download Time: 2342812
Chunk bitrate: 38 3000000
Buffer size: 39 156001
Download Time: 1458567
Chunk bitrate: 39 3000000
Buffer size: 40 160001
Download Time: 869142
Chunk bitrate: 40 3000000
Buffer size: 41 164001
Download Time: 1175277
Chunk bitrate: 41 3000000
Buffer size: 42 168001
Download Time: 975199
Chunk bitrate: 42 3000000
Buffer size: 43 172001
Download Time: 1202842
Chunk bitrate: 43 3000000
Buffer size: 44 176001
Download Time: 3360478
Chunk bitrate: 44 1000000
Buffer size: 44 180001
Chunk bitrate: 44 1000000
Buffer size: 45 180001
Download Time: 1416275
Chunk bitrate: 45 1000000
Buffer size: 46 184001
Download Time: 1114513
Chunk bitrate: 46 2000000
Buffer size: 46 188001
Chunk bitrate: 46 2000000
Buffer size: 47 188001
Download Time: 1937912
Chunk bitrate: 47 2000000
Buffer size: 48 192001
Download Time: 1779202
Chunk bitrate: 48 2000000
Buffer size: 49 196001
Download Time: 1637366
Chunk bitrate: 49 3000000
Buffer size: 49 200001
Chunk bitrate: 49 3000000
Buffer size: 50 200001
Download Time: 1875995
Chunk bitrate: 50 3000000
Buffer size: 51 204001
Download Time: 1454716
Chunk bitrate: 51 3000000
Buffer size: 52 208001
Download Time: 1137112
Chunk bitrate: 52 3000000
Buffer size: 53 212001
Download Time: 1074267
Chunk bitrate: 53 3000000
Buffer size: 54 216001
Download Time: 1136783
Chunk bitrate: 54 3000000
Buffer size: 55 220001
Download Time: 1025059
Chunk bitrate: 55 3000000
Buffer size: 56 224001
Download Time: 3746913
Chunk bitrate: 56 1000000
Buffer size: 56 228001
Chunk bitrate: 56 1000000
Buffer size: 57 228001
Download Time: 964220
Chunk bitrate: 57 1000000
Buffer size: 58 232001
Download Time: 412862
Chunk bitrate: 58 2000000
Buffer size: 58 236001
Chunk bitrate: 58 2000000
Buffer size: 59 236001
Download Time: 2471148
[00007f60b4003378] core mux error: cannot add this stream
[00007f60b417bf38] core decoder error: cannot create packetizer output (h264)
Chunk bitrate: 59 2000000
Buffer size: 60 240001
Download Time: 1894249
Chunk bitrate: 60 2000000
Buffer size: 61 244001
Download Time: 1455770
Chunk bitrate: 61 3000000
Buffer size: 61 248001
Chunk bitrate: 61 3000000
Buffer size: 62 248001
Download Time: 639466
[00007f60b4003378] core mux error: cannot add this stream
[00007f60b4212468] core decoder error: cannot create packetizer output (h264)
Chunk bitrate: 62 3000000
Buffer size: 63 252001
Download Time: 448431
Chunk bitrate: 63 3000000
Buffer size: 64 256001
Download Time: 802780
Chunk bitrate: 64 3000000
Buffer size: 65 260001
[00007f60b4003378] ps mux: Close
[00007f60b0001668] idummy demux: command `quit'
[00000000013041e8] [cli] lua interface error: Error loading script /home/cs244/vlc/share/lua/intf/cli.luac: lua/intf/modules/host.lua:286: Interrupted.
