[000000000077d1e8] core interface error: no suitable interface module
[00000000006b4338] core libvlc error: interface "globalhotkeys,none" initialization failed
[000000000077d1e8] dbus interface error: Failed to connect to the D-Bus session daemon: Unable to autolaunch a dbus-daemon without a $DISPLAY for X11
[000000000077d1e8] core interface error: no suitable interface module
[00000000006b4338] core libvlc error: interface "dbus,none" initialization failed
[00000000006b4338] core libvlc: Running vlc with the default interface. Use 'cvlc' to use vlc without interface.
[000000000077d1e8] qt interface error: Could not connect to X server
[000000000077d1e8] skins2 interface error: cannot initialize OSFactory
[000000000077d1e8] [cli] lua interface: Listening on host "*console".
VLC media player 3.0.0-git Vetinari
Command Line Interface initialized. Type `help' for help.
> [00007f9530003378] ps mux: Open
making a DASHManager
new ratebased adaptionlogic
Chunk bitrate: 0 349952
Buffer size: 0 0
Chunk bitrate: 0 349952
Buffer size: 0 0
[00007f9530027718] mp4 demux: Fragment sequence discontinuity detected 0 != 2
Download Time: 295856
[00007f9530026fd8] mp4 demux: Fragment sequence discontinuity detected 0 != 2
Startup Time: 1050000
Chunk bitrate: 0 3000000
Buffer size: 0 4001
Chunk bitrate: 0 3000000
Buffer size: 1 4001
Download Time: 2270390
Chunk bitrate: 1 3000000
Buffer size: 2 8001
Download Time: 1903228
Chunk bitrate: 2 3000000
Buffer size: 3 12001
Download Time: 2333783
Chunk bitrate: 3 3000000
Buffer size: 4 16001
Download Time: 1946206
Chunk bitrate: 4 3000000
Buffer size: 5 20001
Download Time: 1381461
Chunk bitrate: 5 3000000
Buffer size: 6 24001
Download Time: 844293
Chunk bitrate: 6 3000000
Buffer size: 7 28001
Download Time: 829495
Chunk bitrate: 7 3000000
Buffer size: 8 32001
Download Time: 1310936
Chunk bitrate: 8 3000000
Buffer size: 9 36001
Download Time: 1351591
Chunk bitrate: 9 2000000
Buffer size: 9 40001
Chunk bitrate: 9 2000000
Buffer size: 10 40001
Download Time: 2075182
Chunk bitrate: 10 2000000
Buffer size: 11 44001
Download Time: 1979016
Chunk bitrate: 11 2000000
Buffer size: 12 48001
Download Time: 1822322
Chunk bitrate: 12 3000000
Buffer size: 12 52001
Chunk bitrate: 12 3000000
Buffer size: 13 52001
Download Time: 2225941
Chunk bitrate: 13 3000000
Buffer size: 14 56001
Download Time: 1879029
Chunk bitrate: 14 3000000
Buffer size: 15 60001
Download Time: 1773831
Chunk bitrate: 15 3000000
Buffer size: 16 64001
Download Time: 2189324
Chunk bitrate: 16 3000000
Buffer size: 17 68001
Download Time: 913083
Chunk bitrate: 17 3000000
Buffer size: 18 72001
Download Time: 1139434
Chunk bitrate: 18 3000000
Buffer size: 19 76001
Download Time: 645784
Chunk bitrate: 19 3000000
Buffer size: 20 80001
Download Time: 983065
Chunk bitrate: 20 3000000
Buffer size: 21 84001
Download Time: 602104
Chunk bitrate: 21 3000000
Buffer size: 22 88001
Download Time: 1625223
Chunk bitrate: 22 2000000
Buffer size: 22 92001
Chunk bitrate: 22 2000000
Buffer size: 23 92001
Download Time: 2492580
Chunk bitrate: 23 2000000
Buffer size: 24 96001
Download Time: 1803152
Chunk bitrate: 24 3000000
Buffer size: 24 100001
Chunk bitrate: 24 3000000
Buffer size: 25 100001
Download Time: 2057713
Chunk bitrate: 25 3000000
Buffer size: 26 104001
Download Time: 1948787
Chunk bitrate: 26 3000000
Buffer size: 27 108001
Download Time: 1238467
Chunk bitrate: 27 2000000
Buffer size: 27 112001
Chunk bitrate: 27 2000000
Buffer size: 28 112001
Download Time: 1357562
Chunk bitrate: 28 3000000
Buffer size: 28 116001
Chunk bitrate: 28 3000000
Buffer size: 29 116001
Download Time: 2418253
Chunk bitrate: 29 3000000
Buffer size: 30 120001
Download Time: 759835
Chunk bitrate: 30 3000000
Buffer size: 31 124001
Download Time: 767754
Chunk bitrate: 31 3000000
Buffer size: 32 128001
Download Time: 1247278
Chunk bitrate: 32 3000000
Buffer size: 33 132001
Download Time: 1162509
Chunk bitrate: 33 3000000
Buffer size: 34 136001
Download Time: 1508570
Chunk bitrate: 34 2000000
Buffer size: 34 140001
Chunk bitrate: 34 2000000
Buffer size: 35 140001
Download Time: 2246626
Chunk bitrate: 35 2000000
Buffer size: 36 144001
Download Time: 1642481
Chunk bitrate: 36 2000000
Buffer size: 37 148001
Download Time: 1718060
Chunk bitrate: 37 3000000
Buffer size: 37 152001
Chunk bitrate: 37 3000000
Buffer size: 38 152001
Download Time: 2341532
Chunk bitrate: 38 3000000
Buffer size: 39 156001
Download Time: 2023547
Chunk bitrate: 39 3000000
Buffer size: 40 160001
Download Time: 1735716
Chunk bitrate: 40 3000000
Buffer size: 41 164001
Download Time: 2297504
Chunk bitrate: 41 3000000
Buffer size: 42 168001
Download Time: 976675
Chunk bitrate: 42 3000000
Buffer size: 43 172001
Download Time: 1203829
Download Time: 25202
Chunk bitrate: 43 3000000
Buffer size: 44 176001
Download Time: 882889
Chunk bitrate: 44 3000000
Buffer size: 45 180001
Download Time: 1051524
Chunk bitrate: 45 3000000
Buffer size: 46 184001
Download Time: 2520589
Chunk bitrate: 46 2000000
Buffer size: 46 188001
Chunk bitrate: 46 2000000
Buffer size: 47 188001
Download Time: 2587997
Chunk bitrate: 47 1000000
Buffer size: 47 192001
Chunk bitrate: 47 1000000
Buffer size: 48 192001
Download Time: 707985
Chunk bitrate: 48 3000000
Buffer size: 48 196001
Chunk bitrate: 48 3000000
Buffer size: 49 196001
Download Time: 2471849
Chunk bitrate: 49 3000000
Buffer size: 50 200001
Download Time: 1875386
Chunk bitrate: 50 3000000
Buffer size: 51 204001
Download Time: 1554524
Chunk bitrate: 51 3000000
Buffer size: 52 208001
Download Time: 2268750
Chunk bitrate: 52 3000000
Buffer size: 53 212001
Download Time: 1644111
Chunk bitrate: 53 3000000
Buffer size: 54 216001
Download Time: 1137487
Chunk bitrate: 54 3000000
Buffer size: 55 220001
Download Time: 1027990
Chunk bitrate: 55 3000000
Buffer size: 56 224001
Download Time: 1122812
Chunk bitrate: 56 3000000
Buffer size: 57 228001
Download Time: 777419
Chunk bitrate: 57 3000000
Buffer size: 58 232001
Download Time: 392245
Chunk bitrate: 58 3000000
Buffer size: 59 236001
Download Time: 2394020
Chunk bitrate: 59 3000000
Buffer size: 60 240001
Download Time: 1824666
Chunk bitrate: 60 3000000
Buffer size: 61 244001
Download Time: 2612117
Chunk bitrate: 61 2000000
Buffer size: 61 248001
Chunk bitrate: 61 2000000
Buffer size: 62 248001
Download Time: 662642
Chunk bitrate: 62 2000000
Buffer size: 63 252001
Download Time: 473078
Chunk bitrate: 63 2000000
Buffer size: 64 256001
Download Time: 933951
Chunk bitrate: 64 2000000
Buffer size: 65 260001
[00007f9530003378] ps mux: Close
[00007f953006ac18] idummy demux: command `quit'
[000000000077d1e8] [cli] lua interface error: Error loading script /home/cs244/vlc/share/lua/intf/cli.luac: lua/intf/modules/host.lua:286: Interrupted.
