[0000000001f801e8] core interface error: no suitable interface module
[0000000001eb7338] core libvlc error: interface "globalhotkeys,none" initialization failed
[0000000001f801e8] dbus interface error: Failed to connect to the D-Bus session daemon: Unable to autolaunch a dbus-daemon without a $DISPLAY for X11
[0000000001f801e8] core interface error: no suitable interface module
[0000000001eb7338] core libvlc error: interface "dbus,none" initialization failed
[0000000001eb7338] core libvlc: Running vlc with the default interface. Use 'cvlc' to use vlc without interface.
[0000000001f801e8] qt interface error: Could not connect to X server
[0000000001f801e8] skins2 interface error: cannot initialize OSFactory
[0000000001f801e8] [cli] lua interface: Listening on host "*console".
VLC media player 3.0.0-git Vetinari
Command Line Interface initialized. Type `help' for help.
> [00007f6644003378] ps mux: Open
making a DASHManager
new ratebased adaptionlogic
Chunk bitrate: 0 349952
Buffer size: 0 0
Chunk bitrate: 0 349952
Buffer size: 0 0
[00007f6644024838] mp4 demux: Fragment sequence discontinuity detected 0 != 2
Download Time: 1028965
[00007f6644017fc8] mp4 demux: Fragment sequence discontinuity detected 0 != 2
Startup Time: 1050000
Chunk bitrate: 0 600000
Buffer size: 0 4001
Chunk bitrate: 0 600000
Buffer size: 1 4001
Download Time: 1813220
Chunk bitrate: 1 1000000
Buffer size: 1 8001
Chunk bitrate: 1 1000000
Buffer size: 2 8001
Download Time: 1897403
Chunk bitrate: 2 1000000
Buffer size: 3 12001
Download Time: 1934694
Chunk bitrate: 3 1000000
Buffer size: 4 16001
Download Time: 1635624
Chunk bitrate: 4 1000000
Buffer size: 5 20001
Download Time: 1550473
Chunk bitrate: 5 2000000
Buffer size: 5 24001
Chunk bitrate: 5 2000000
Buffer size: 6 24001
Download Time: 1592642
Chunk bitrate: 6 2000000
Buffer size: 7 28001
Download Time: 1749386
Chunk bitrate: 7 2000000
Buffer size: 8 32001
Download Time: 1951596
Chunk bitrate: 8 3000000
Buffer size: 8 36001
Chunk bitrate: 8 3000000
Buffer size: 9 36001
Download Time: 1915098
Chunk bitrate: 9 3000000
Buffer size: 10 40001
Download Time: 3531374
Chunk bitrate: 10 1000000
Buffer size: 10 44001
Chunk bitrate: 10 1000000
Buffer size: 11 44001
Download Time: 2096503
Chunk bitrate: 11 1000000
Buffer size: 12 48001
Download Time: 2259420
Chunk bitrate: 12 1000000
Buffer size: 13 52001
Download Time: 1936109
Chunk bitrate: 13 1000000
Buffer size: 14 56001
Download Time: 1456168
Chunk bitrate: 14 2000000
Buffer size: 14 60001
Chunk bitrate: 14 2000000
Buffer size: 15 60001
Download Time: 1826597
Chunk bitrate: 15 2000000
Buffer size: 16 64001
Download Time: 2195268
Chunk bitrate: 16 2000000
Buffer size: 17 68001
Download Time: 1357771
Chunk bitrate: 17 3000000
Buffer size: 17 72001
Chunk bitrate: 17 3000000
Buffer size: 18 72001
Download Time: 2278340
Chunk bitrate: 18 3000000
Buffer size: 19 76001
Download Time: 1290324
Chunk bitrate: 19 3000000
Buffer size: 20 80001
Download Time: 5233158
Chunk bitrate: 20 1000000
Buffer size: 20 84001
Chunk bitrate: 20 1000000
Buffer size: 21 84001
Download Time: 1184834
Chunk bitrate: 21 1000000
Buffer size: 22 88001
Download Time: 1650240
Chunk bitrate: 22 1000000
Buffer size: 23 92001
Download Time: 1988844
Chunk bitrate: 23 2000000
Buffer size: 23 96001
Chunk bitrate: 23 2000000
Buffer size: 24 96001
Download Time: 2083937
Chunk bitrate: 24 2000000
Buffer size: 25 100001
Download Time: 2069121
Chunk bitrate: 25 2000000
Buffer size: 26 104001
Download Time: 2415349
Chunk bitrate: 26 1000000
Buffer size: 26 108001
Chunk bitrate: 26 1000000
Buffer size: 27 108001
Download Time: 799891
Chunk bitrate: 27 1000000
Buffer size: 28 112001
Download Time: 1575937
Chunk bitrate: 28 1000000
Buffer size: 29 116001
Download Time: 1232290
Chunk bitrate: 29 2000000
Buffer size: 29 120001
Chunk bitrate: 29 2000000
Buffer size: 30 120001
Download Time: 1610598
Chunk bitrate: 30 2000000
Buffer size: 31 124001
Download Time: 1740044
Chunk bitrate: 31 2000000
Buffer size: 32 128001
Download Time: 1957582
Chunk bitrate: 32 3000000
Buffer size: 32 132001
Chunk bitrate: 32 3000000
Buffer size: 33 132001
Download Time: 2321810
Chunk bitrate: 33 3000000
Buffer size: 34 136001
Download Time: 4546388
Chunk bitrate: 34 1000000
Buffer size: 34 140001
Chunk bitrate: 34 1000000
Buffer size: 35 140001
Download Time: 1863327
Chunk bitrate: 35 1000000
Buffer size: 36 144001
Download Time: 1155172
Chunk bitrate: 36 1000000
Buffer size: 37 148001
Download Time: 1636307
Chunk bitrate: 37 1000000
Buffer size: 38 152001
Download Time: 1515069
Chunk bitrate: 38 2000000
Buffer size: 38 156001
Chunk bitrate: 38 2000000
Buffer size: 39 156001
Download Time: 1953162
Chunk bitrate: 39 2000000
Buffer size: 40 160001
Download Time: 1680237
Chunk bitrate: 40 2000000
Buffer size: 41 164001
Download Time: 1985597
Chunk bitrate: 41 3000000
Buffer size: 41 168001
Chunk bitrate: 41 3000000
Buffer size: 42 168001
Download Time: 1946174
Chunk bitrate: 42 3000000
Buffer size: 43 172001
Download Time: 3200621
Chunk bitrate: 43 1000000
Buffer size: 43 176001
Chunk bitrate: 43 1000000
Buffer size: 44 176001
Download Time: 1866011
[00007f6644003378] core mux error: cannot add this stream
[00007f66440f3d18] core decoder error: cannot create packetizer output (h264)
Chunk bitrate: 44 1000000
Buffer size: 45 180001
Download Time: 1949336
Chunk bitrate: 45 1000000
Buffer size: 46 184001
Download Time: 1465962
Chunk bitrate: 46 1000000
Buffer size: 47 188001
Download Time: 1510853
Chunk bitrate: 47 1000000
Buffer size: 48 192001
Download Time: 1094013
Chunk bitrate: 48 1000000
Buffer size: 49 196001
Download Time: 1173847
Chunk bitrate: 49 2000000
Buffer size: 49 200001
Chunk bitrate: 49 2000000
Buffer size: 50 200001
Download Time: 2037486
[00007f6644003378] core mux error: cannot add this stream
[00007f66440c04c8] core decoder error: cannot create packetizer output (h264)
Chunk bitrate: 50 2000000
Buffer size: 51 204001
Download Time: 1658846
Chunk bitrate: 51 2000000
Buffer size: 52 208001
Download Time: 1586718
Chunk bitrate: 52 3000000
Buffer size: 52 212001
Chunk bitrate: 52 3000000
Buffer size: 53 212001
Download Time: 2143163
[00007f6644003378] core mux error: cannot add this stream
[00007f6644194ba8] core decoder error: cannot create packetizer output (h264)
Chunk bitrate: 53 3000000
Buffer size: 54 216001
Download Time: 4357458
Chunk bitrate: 54 1000000
Buffer size: 54 220001
Chunk bitrate: 54 1000000
Buffer size: 55 220001
Download Time: 2026679
[00007f6644003378] core mux error: cannot add this stream
[00007f66441ad998] core decoder error: cannot create packetizer output (h264)
Chunk bitrate: 55 1000000
Buffer size: 56 224001
Download Time: 1592716
Chunk bitrate: 56 1000000
Buffer size: 57 228001
Download Time: 965086
Chunk bitrate: 57 1000000
Buffer size: 58 232001
Download Time: 446243
Chunk bitrate: 58 1000000
Buffer size: 59 236001
Download Time: 1592230
Chunk bitrate: 59 2000000
Buffer size: 59 240001
Chunk bitrate: 59 2000000
Buffer size: 60 240001
Download Time: 1896341
[00007f6644003378] core mux error: cannot add this stream
[00007f66441d3868] core decoder error: cannot create packetizer output (h264)
Chunk bitrate: 60 2000000
Buffer size: 61 244001
Download Time: 2031091
Chunk bitrate: 61 2000000
Buffer size: 62 248001
Download Time: 613731
Chunk bitrate: 62 3000000
Buffer size: 62 252001
Chunk bitrate: 62 3000000
Buffer size: 63 252001
Download Time: 450156
[00007f6644003378] core mux error: cannot add this stream
[00007f664411a558] core decoder error: cannot create packetizer output (h264)
Chunk bitrate: 63 3000000
Buffer size: 64 256001
Download Time: 802239
Chunk bitrate: 64 3000000
Buffer size: 65 260001
[00007f6644003378] ps mux: Close
[00007f66400016b8] idummy demux: command `quit'
[0000000001f801e8] [cli] lua interface error: Error loading script /home/cs244/vlc/share/lua/intf/cli.luac: lua/intf/modules/host.lua:286: Interrupted.
