[00000000023ff1e8] core interface error: no suitable interface module
[0000000002336338] core libvlc error: interface "globalhotkeys,none" initialization failed
[00000000023ff1e8] dbus interface error: Failed to connect to the D-Bus session daemon: Unable to autolaunch a dbus-daemon without a $DISPLAY for X11
[00000000023ff1e8] core interface error: no suitable interface module
[0000000002336338] core libvlc error: interface "dbus,none" initialization failed
[0000000002336338] core libvlc: Running vlc with the default interface. Use 'cvlc' to use vlc without interface.
[00000000023ff1e8] qt interface error: Could not connect to X server
[00000000023ff1e8] skins2 interface error: cannot initialize OSFactory
[00000000023ff1e8] [cli] lua interface: Listening on host "*console".
VLC media player 3.0.0-git Vetinari
Command Line Interface initialized. Type `help' for help.
> [00007fc6bc003378] ps mux: Open
making a DASHManager
new ratebased adaptionlogic
Chunk bitrate: 0 349952
Buffer size: 0 0
Chunk bitrate: 0 349952
Buffer size: 0 0
[00007fc6bc017968] mp4 demux: Fragment sequence discontinuity detected 0 != 2
Download Time: 439376
[00007fc6bc017798] mp4 demux: Fragment sequence discontinuity detected 0 != 2
Startup Time: 1050000
Chunk bitrate: 0 2000000
Buffer size: 0 4001
Chunk bitrate: 0 2000000
Buffer size: 1 4001
Download Time: 2339705
Chunk bitrate: 1 2000000
Buffer size: 2 8001
Download Time: 1782504
Chunk bitrate: 2 2000000
Buffer size: 3 12001
Download Time: 1599667
Chunk bitrate: 3 3000000
Buffer size: 3 16001
Chunk bitrate: 3 3000000
Buffer size: 4 16001
Download Time: 1941698
Chunk bitrate: 4 3000000
Buffer size: 5 20001
Download Time: 1901111
Chunk bitrate: 5 3000000
Buffer size: 6 24001
Download Time: 843375
Chunk bitrate: 6 3000000
Buffer size: 7 28001
Download Time: 830376
Chunk bitrate: 7 3000000
Buffer size: 8 32001
Download Time: 1310464
Chunk bitrate: 8 3000000
Buffer size: 9 36001
Download Time: 959998
Chunk bitrate: 9 3000000
Buffer size: 10 40001
Download Time: 3479903
Chunk bitrate: 10 1000000
Buffer size: 10 44001
Chunk bitrate: 10 1000000
Buffer size: 11 44001
Download Time: 1399577
Chunk bitrate: 11 1000000
Buffer size: 12 48001
Download Time: 1351085
Chunk bitrate: 12 2000000
Buffer size: 12 52001
Chunk bitrate: 12 2000000
Buffer size: 13 52001
Download Time: 2184106
Chunk bitrate: 13 2000000
Buffer size: 14 56001
Download Time: 1871798
Chunk bitrate: 14 3000000
Buffer size: 14 60001
Chunk bitrate: 14 3000000
Buffer size: 15 60001
Download Time: 1774331
Chunk bitrate: 15 3000000
Buffer size: 16 64001
Download Time: 2189299
Chunk bitrate: 16 3000000
Buffer size: 17 68001
Download Time: 1163141
Chunk bitrate: 17 3000000
Buffer size: 18 72001
Download Time: 1140500
Chunk bitrate: 18 3000000
Buffer size: 19 76001
Download Time: 646551
Chunk bitrate: 19 3000000
Buffer size: 20 80001
Download Time: 983107
Chunk bitrate: 20 3000000
Buffer size: 21 84001
Download Time: 603684
Chunk bitrate: 21 3000000
Buffer size: 22 88001
Download Time: 1061005
Chunk bitrate: 22 2000000
Buffer size: 22 92001
Chunk bitrate: 22 2000000
Buffer size: 23 92001
Download Time: 2492520
Chunk bitrate: 23 2000000
Buffer size: 24 96001
Download Time: 2082877
Chunk bitrate: 24 2000000
Buffer size: 25 100001
Download Time: 2069101
Chunk bitrate: 25 2000000
Buffer size: 26 104001
Download Time: 1928063
Chunk bitrate: 26 2000000
Buffer size: 27 108001
Download Time: 1124089
Chunk bitrate: 27 3000000
Buffer size: 27 112001
Chunk bitrate: 27 3000000
Buffer size: 28 112001
Download Time: 1943934
Chunk bitrate: 28 3000000
Buffer size: 29 116001
Download Time: 2415599
Chunk bitrate: 29 3000000
Buffer size: 30 120001
Download Time: 784346
Chunk bitrate: 30 3000000
Buffer size: 31 124001
Download Time: 764186
Chunk bitrate: 31 3000000
Buffer size: 32 128001
Download Time: 1242537
Chunk bitrate: 32 3000000
Buffer size: 33 132001
Download Time: 1162901
Chunk bitrate: 33 3000000
Buffer size: 34 136001
Download Time: 1442178
Chunk bitrate: 34 2000000
Buffer size: 34 140001
Chunk bitrate: 34 2000000
Buffer size: 35 140001
Download Time: 2247000
Chunk bitrate: 35 2000000
Buffer size: 36 144001
Download Time: 1642004
Chunk bitrate: 36 2000000
Buffer size: 37 148001
Download Time: 1751158
Chunk bitrate: 37 3000000
Buffer size: 37 152001
Chunk bitrate: 37 3000000
Buffer size: 38 152001
Download Time: 2341695
Chunk bitrate: 38 3000000
Buffer size: 39 156001
Download Time: 2855333
Chunk bitrate: 39 1000000
Buffer size: 39 160001
Chunk bitrate: 39 1000000
Buffer size: 40 160001
Download Time: 1144039
Chunk bitrate: 40 1000000
Buffer size: 41 164001
Download Time: 1586303
Chunk bitrate: 41 1000000
Buffer size: 42 168001
Download Time: 1121568
Chunk bitrate: 42 2000000
Buffer size: 42 172001
Chunk bitrate: 42 2000000
Buffer size: 43 172001
Download Time: 2445254
Chunk bitrate: 43 2000000
Buffer size: 44 176001
Download Time: 1772649
Chunk bitrate: 44 3000000
Buffer size: 44 180001
Chunk bitrate: 44 3000000
Buffer size: 45 180001
Download Time: 2100430
Chunk bitrate: 45 3000000
Buffer size: 46 184001
Download Time: 2237141
Chunk bitrate: 46 3000000
Buffer size: 47 188001
Download Time: 2090530
Chunk bitrate: 47 3000000
Buffer size: 48 192001
Download Time: 1748952
Chunk bitrate: 48 3000000
Buffer size: 49 196001
Download Time: 3627319
Chunk bitrate: 49 1000000
Buffer size: 49 200001
Chunk bitrate: 49 1000000
Buffer size: 50 200001
Download Time: 1412638
Chunk bitrate: 50 1000000
Buffer size: 51 204001
Download Time: 1121680
Chunk bitrate: 51 2000000
Buffer size: 51 208001
Chunk bitrate: 51 2000000
Buffer size: 52 208001
Download Time: 2234626
Chunk bitrate: 52 2000000
Buffer size: 53 212001
Download Time: 1961982
Chunk bitrate: 53 2000000
Buffer size: 54 216001
Download Time: 2239033
Chunk bitrate: 54 2000000
Buffer size: 55 220001
Download Time: 2148837
Chunk bitrate: 55 2000000
Buffer size: 56 224001
Download Time: 1954776
Chunk bitrate: 56 3000000
Buffer size: 56 228001
Chunk bitrate: 56 3000000
Buffer size: 57 228001
Download Time: 1545136
Chunk bitrate: 57 3000000
Buffer size: 58 232001
Download Time: 653829
Chunk bitrate: 58 3000000
Buffer size: 59 236001
Download Time: 2010224
Chunk bitrate: 59 3000000
Buffer size: 60 240001
Download Time: 915243
Chunk bitrate: 60 3000000
Buffer size: 61 244001
Download Time: 954181
Chunk bitrate: 61 3000000
Buffer size: 62 248001
Download Time: 322388
Chunk bitrate: 62 3000000
Buffer size: 63 252001
Download Time: 227116
Chunk bitrate: 63 3000000
Buffer size: 64 256001
Download Time: 402937
Chunk bitrate: 64 3000000
Buffer size: 65 260001
[00007fc6bc003378] ps mux: Close
[00007fc6b8001788] idummy demux: command `quit'
[00000000023ff1e8] [cli] lua interface error: Error loading script /home/cs244/vlc/share/lua/intf/cli.luac: lua/intf/modules/host.lua:286: Interrupted.
