[00000000026a11e8] core interface error: no suitable interface module
[00000000025d8338] core libvlc error: interface "globalhotkeys,none" initialization failed
[00000000026a11e8] dbus interface error: Failed to connect to the D-Bus session daemon: Unable to autolaunch a dbus-daemon without a $DISPLAY for X11
[00000000026a11e8] core interface error: no suitable interface module
[00000000025d8338] core libvlc error: interface "dbus,none" initialization failed
[00000000025d8338] core libvlc: Running vlc with the default interface. Use 'cvlc' to use vlc without interface.
[00000000026a11e8] qt interface error: Could not connect to X server
[00000000026a11e8] skins2 interface error: cannot initialize OSFactory
[00000000026a11e8] [cli] lua interface: Listening on host "*console".
VLC media player 3.0.0-git Vetinari
Command Line Interface initialized. Type `help' for help.
> [00007ffaf4003378] ps mux: Open
making a DASHManager
new ratebased adaptionlogic
Chunk bitrate: 0 349952
Buffer size: 0 0
Chunk bitrate: 0 349952
Buffer size: 0 0
[00007ffaf4027688] mp4 demux: Fragment sequence discontinuity detected 0 != 2
Download Time: 1763065
[00007ffaf4025eb8] mp4 demux: Fragment sequence discontinuity detected 0 != 2
Startup Time: 1050000
Chunk bitrate: 0 349952
Buffer size: 1 4001
Download Time: 1855925
Chunk bitrate: 1 349952
Buffer size: 2 8001
Download Time: 873718
Chunk bitrate: 2 600000
Buffer size: 2 12001
Chunk bitrate: 2 600000
Buffer size: 3 12001
Download Time: 2007356
Chunk bitrate: 3 600000
Buffer size: 4 16001
Download Time: 1483026
Chunk bitrate: 4 600000
Buffer size: 5 20001
Download Time: 2940277
Chunk bitrate: 5 349952
Buffer size: 5 24001
Chunk bitrate: 5 349952
Buffer size: 6 24001
Download Time: 1176189
Chunk bitrate: 6 349952
Buffer size: 7 28001
Download Time: 1054100
Chunk bitrate: 7 600000
Buffer size: 7 32001
Chunk bitrate: 7 600000
Buffer size: 8 32001
Download Time: 1839810
Chunk bitrate: 8 600000
Buffer size: 9 36001
Download Time: 1874986
Chunk bitrate: 9 600000
Buffer size: 10 40001
Download Time: 2534581
Chunk bitrate: 10 349952
Buffer size: 10 44001
Chunk bitrate: 10 349952
Buffer size: 11 44001
Download Time: 1379641
Chunk bitrate: 11 349952
Buffer size: 12 48001
Download Time: 1324181
Chunk bitrate: 12 600000
Buffer size: 12 52001
Chunk bitrate: 12 600000
Buffer size: 13 52001
Download Time: 1792244
Chunk bitrate: 13 600000
Buffer size: 14 56001
Download Time: 1750026
Chunk bitrate: 14 600000
Buffer size: 15 60001
Download Time: 872542
Chunk bitrate: 15 1000000
Buffer size: 15 64001
Chunk bitrate: 15 1000000
Buffer size: 16 64001
Download Time: 1563917
Chunk bitrate: 16 1000000
Buffer size: 17 68001
Download Time: 1353447
Chunk bitrate: 17 1000000
Buffer size: 18 72001
Download Time: 1417117
Chunk bitrate: 18 2000000
Buffer size: 18 76001
Chunk bitrate: 18 2000000
Buffer size: 19 76001
Download Time: 1379188
Chunk bitrate: 19 2000000
Buffer size: 20 80001
Download Time: 2148548
Chunk bitrate: 20 2000000
Buffer size: 21 84001
Download Time: 1158706
Chunk bitrate: 21 3000000
Buffer size: 21 88001
Chunk bitrate: 21 3000000
Buffer size: 22 88001
Download Time: 1781800
Chunk bitrate: 22 3000000
Buffer size: 23 92001
Download Time: 2343465
Chunk bitrate: 23 3000000
Buffer size: 24 96001
Download Time: 1240558
Chunk bitrate: 24 3000000
Buffer size: 25 100001
Download Time: 1030884
Chunk bitrate: 25 3000000
Buffer size: 26 104001
Download Time: 975005
Chunk bitrate: 26 3000000
Buffer size: 27 108001
Download Time: 621571
Chunk bitrate: 27 3000000
Buffer size: 28 112001
Download Time: 974128
Chunk bitrate: 28 3000000
Buffer size: 29 116001
Download Time: 3669848
Chunk bitrate: 29 1000000
Buffer size: 29 120001
Chunk bitrate: 29 1000000
Buffer size: 30 120001
Download Time: 1104226
Chunk bitrate: 30 1000000
Buffer size: 31 124001
Download Time: 1025424
Chunk bitrate: 31 2000000
Buffer size: 31 128001
Chunk bitrate: 31 2000000
Buffer size: 32 128001
Download Time: 2673356
Chunk bitrate: 32 2000000
Buffer size: 33 132001
Download Time: 1919708
Chunk bitrate: 33 3000000
Buffer size: 33 136001
Chunk bitrate: 33 3000000
Buffer size: 34 136001
Download Time: 2267659
Chunk bitrate: 34 3000000
Buffer size: 35 140001
Download Time: 2067830
Chunk bitrate: 35 3000000
Buffer size: 36 144001
Download Time: 881295
Chunk bitrate: 36 3000000
Buffer size: 37 148001
Download Time: 1333637
Chunk bitrate: 37 3000000
Buffer size: 38 152001
Download Time: 1173088
Chunk bitrate: 38 3000000
Buffer size: 39 156001
Download Time: 1019716
Chunk bitrate: 39 3000000
Buffer size: 40 160001
Download Time: 1801573
Chunk bitrate: 40 2000000
Buffer size: 40 164001
Chunk bitrate: 40 2000000
Buffer size: 41 164001
Download Time: 3335433
Chunk bitrate: 41 1000000
Buffer size: 41 168001
Chunk bitrate: 41 1000000
Buffer size: 42 168001
Download Time: 1097745
Chunk bitrate: 42 2000000
Buffer size: 42 172001
Chunk bitrate: 42 2000000
Buffer size: 43 172001
Download Time: 2448255
Chunk bitrate: 43 2000000
Buffer size: 44 176001
Download Time: 1748554
Chunk bitrate: 44 3000000
Buffer size: 44 180001
Chunk bitrate: 44 3000000
Buffer size: 45 180001
Download Time: 2099577
Chunk bitrate: 45 3000000
Buffer size: 46 184001
Download Time: 2240195
Chunk bitrate: 46 3000000
Buffer size: 47 188001
Download Time: 2090104
Chunk bitrate: 47 3000000
Buffer size: 48 192001
Download Time: 1750240
Chunk bitrate: 48 3000000
Buffer size: 49 196001
Download Time: 3679719
Chunk bitrate: 49 1000000
Buffer size: 49 200001
Chunk bitrate: 49 1000000
Buffer size: 50 200001
Download Time: 1481230
[00007ffaf4003378] core mux error: cannot add this stream
[00007ffaf4041438] core decoder error: cannot create packetizer output (h264)
Chunk bitrate: 50 1000000
Buffer size: 51 204001
Download Time: 1079314
Chunk bitrate: 51 2000000
Buffer size: 51 208001
Chunk bitrate: 51 2000000
Buffer size: 52 208001
Download Time: 2235031
[00007ffaf4003378] core mux error: cannot add this stream
[00007ffaf40f6088] core decoder error: cannot create packetizer output (h264)
Chunk bitrate: 52 2000000
Buffer size: 53 212001
Download Time: 1962257
Chunk bitrate: 53 2000000
Buffer size: 54 216001
Download Time: 1614612
Chunk bitrate: 54 3000000
Buffer size: 54 220001
Chunk bitrate: 54 3000000
Buffer size: 55 220001
Download Time: 2045748
[00007ffaf4003378] core mux error: cannot add this stream
[00007ffaf40b6d58] core decoder error: cannot create packetizer output (h264)
Chunk bitrate: 55 3000000
Buffer size: 56 224001
Download Time: 1915225
Chunk bitrate: 56 3000000
Buffer size: 57 228001
Download Time: 774682
Chunk bitrate: 57 3000000
Buffer size: 58 232001
Download Time: 327811
Chunk bitrate: 58 3000000
Buffer size: 59 236001
Download Time: 1198336
Chunk bitrate: 59 3000000
Buffer size: 60 240001
Download Time: 918353
Chunk bitrate: 60 3000000
Buffer size: 61 244001
Download Time: 954780
Chunk bitrate: 61 3000000
Buffer size: 62 248001
Download Time: 325406
Chunk bitrate: 62 2000000
Buffer size: 62 252001
Chunk bitrate: 62 2000000
Buffer size: 63 252001
Download Time: 627979
[00007ffaf4003378] core mux error: cannot add this stream
[00007ffaf411aa38] core decoder error: cannot create packetizer output (h264)
Chunk bitrate: 63 1000000
Buffer size: 63 256001
Chunk bitrate: 63 1000000
Buffer size: 64 256001
Download Time: 668699
[00007ffaf4003378] core mux error: cannot add this stream
[00007ffaf4155b38] core decoder error: cannot create packetizer output (h264)
Chunk bitrate: 64 1000000
Buffer size: 65 260001
[00007ffaf4003378] ps mux: Close
[00007ffae00010a8] idummy demux: command `quit'
[00000000026a11e8] [cli] lua interface error: Error loading script /home/cs244/vlc/share/lua/intf/cli.luac: lua/intf/modules/host.lua:286: Interrupted.
