[00000000011111e8] core interface error: no suitable interface module
[0000000001048338] core libvlc error: interface "globalhotkeys,none" initialization failed
[00000000011111e8] dbus interface error: Failed to connect to the D-Bus session daemon: Unable to autolaunch a dbus-daemon without a $DISPLAY for X11
[00000000011111e8] core interface error: no suitable interface module
[0000000001048338] core libvlc error: interface "dbus,none" initialization failed
[0000000001048338] core libvlc: Running vlc with the default interface. Use 'cvlc' to use vlc without interface.
[00000000011111e8] qt interface error: Could not connect to X server
[00000000011111e8] skins2 interface error: cannot initialize OSFactory
[00000000011111e8] [cli] lua interface: Listening on host "*console".
VLC media player 3.0.0-git Vetinari
Command Line Interface initialized. Type `help' for help.
> [00007fc370003378] ps mux: Open
making a DASHManager
new ratebased adaptionlogic
Chunk bitrate: 0 349952
Buffer size: 0 0
Chunk bitrate: 0 349952
Buffer size: 0 0
[00007fc37001a568] mp4 demux: Fragment sequence discontinuity detected 0 != 2
Download Time: 588038
[00007fc3700214c8] mp4 demux: Fragment sequence discontinuity detected 0 != 2
Startup Time: 1050000
Chunk bitrate: 0 1000000
Buffer size: 0 4001
Chunk bitrate: 0 1000000
Buffer size: 1 4001
Download Time: 1611344
Chunk bitrate: 1 1000000
Buffer size: 2 8001
Download Time: 1170903
Chunk bitrate: 2 1000000
Buffer size: 3 12001
Download Time: 1443409
Chunk bitrate: 3 2000000
Buffer size: 3 16001
Chunk bitrate: 3 2000000
Buffer size: 4 16001
Download Time: 1880846
Chunk bitrate: 4 2000000
Buffer size: 5 20001
Download Time: 2574005
Chunk bitrate: 5 2000000
Buffer size: 6 24001
Download Time: 1064034
Chunk bitrate: 6 3000000
Buffer size: 6 28001
Chunk bitrate: 6 3000000
Buffer size: 7 28001
Download Time: 1653306
Chunk bitrate: 7 3000000
Buffer size: 8 32001
Download Time: 2385889
Chunk bitrate: 8 3000000
Buffer size: 9 36001
Download Time: 959804
Chunk bitrate: 9 3000000
Buffer size: 10 40001
Download Time: 1106649
Chunk bitrate: 10 3000000
Buffer size: 11 44001
Download Time: 962273
Chunk bitrate: 11 3000000
Buffer size: 12 48001
Download Time: 1329700
Chunk bitrate: 12 3000000
Buffer size: 13 52001
Download Time: 3703328
Chunk bitrate: 13 1000000
Buffer size: 13 56001
Chunk bitrate: 13 1000000
Buffer size: 14 56001
Download Time: 1332863
Chunk bitrate: 14 1000000
Buffer size: 15 60001
Download Time: 875392
Chunk bitrate: 15 2000000
Buffer size: 15 64001
Chunk bitrate: 15 2000000
Buffer size: 16 64001
Download Time: 2195479
Chunk bitrate: 16 2000000
Buffer size: 17 68001
Download Time: 1802534
Chunk bitrate: 17 3000000
Buffer size: 17 72001
Chunk bitrate: 17 3000000
Buffer size: 18 72001
Download Time: 2276377
Chunk bitrate: 18 3000000
Buffer size: 19 76001
Download Time: 1289154
Chunk bitrate: 19 3000000
Buffer size: 20 80001
Download Time: 1591877
Chunk bitrate: 20 3000000
Buffer size: 21 84001
Download Time: 602529
Chunk bitrate: 21 3000000
Buffer size: 22 88001
Download Time: 892666
Chunk bitrate: 22 3000000
Buffer size: 23 92001
Download Time: 1174790
Chunk bitrate: 23 3000000
Buffer size: 24 96001
Download Time: 1045370
Chunk bitrate: 24 3000000
Buffer size: 25 100001
Download Time: 1859102
Chunk bitrate: 25 2000000
Buffer size: 25 104001
Chunk bitrate: 25 2000000
Buffer size: 26 104001
Download Time: 2572177
Chunk bitrate: 26 1000000
Buffer size: 26 108001
Chunk bitrate: 26 1000000
Buffer size: 27 108001
Download Time: 800318
Chunk bitrate: 27 1000000
Buffer size: 28 112001
Download Time: 1229096
Chunk bitrate: 28 2000000
Buffer size: 28 116001
Chunk bitrate: 28 2000000
Buffer size: 29 116001
Download Time: 2465197
Chunk bitrate: 29 2000000
Buffer size: 30 120001
Download Time: 1509405
Chunk bitrate: 30 3000000
Buffer size: 30 124001
Chunk bitrate: 30 3000000
Buffer size: 31 124001
Download Time: 1526043
Chunk bitrate: 31 3000000
Buffer size: 32 128001
Download Time: 2479116
Chunk bitrate: 32 3000000
Buffer size: 33 132001
Download Time: 2323197
Chunk bitrate: 33 3000000
Buffer size: 34 136001
Download Time: 2266880
Chunk bitrate: 34 3000000
Buffer size: 35 140001
Download Time: 3197153
Chunk bitrate: 35 1000000
Buffer size: 35 144001
Chunk bitrate: 35 1000000
Buffer size: 36 144001
Download Time: 1155843
Chunk bitrate: 36 1000000
Buffer size: 37 148001
Download Time: 1567167
Chunk bitrate: 37 2000000
Buffer size: 37 152001
Chunk bitrate: 37 2000000
Buffer size: 38 152001
Download Time: 2340285
Chunk bitrate: 38 2000000
Buffer size: 39 156001
Download Time: 1953778
Chunk bitrate: 39 2000000
Buffer size: 40 160001
Download Time: 1206432
Chunk bitrate: 40 3000000
Buffer size: 40 164001
Chunk bitrate: 40 3000000
Buffer size: 41 164001
Download Time: 2344052
Chunk bitrate: 41 3000000
Buffer size: 42 168001
Download Time: 2121214
Chunk bitrate: 42 2000000
Buffer size: 42 172001
Chunk bitrate: 42 2000000
Buffer size: 43 172001
Download Time: 2447532
Chunk bitrate: 43 2000000
Buffer size: 44 176001
Download Time: 1932888
Chunk bitrate: 44 600000
Buffer size: 44 180001
Chunk bitrate: 44 600000
Buffer size: 45 180001
Download Time: 1844881
Chunk bitrate: 45 600000
Buffer size: 46 184001
Download Time: 2055522
Chunk bitrate: 46 600000
Buffer size: 47 188001
Download Time: 1806075
Chunk bitrate: 47 600000
Buffer size: 48 192001
Download Time: 1689333
Chunk bitrate: 48 600000
Buffer size: 49 196001
Download Time: 1690382
Chunk bitrate: 49 1000000
Buffer size: 49 200001
Chunk bitrate: 49 1000000
Buffer size: 50 200001
Download Time: 1411404
[00007fc370003378] core mux error: cannot add this stream
[00007fc370036748] core decoder error: cannot create packetizer output (h264)
Chunk bitrate: 50 1000000
Buffer size: 51 204001
Download Time: 1141604
Chunk bitrate: 51 1000000
Buffer size: 52 208001
Download Time: 1437577
Chunk bitrate: 52 1000000
Buffer size: 53 212001
Download Time: 2033775
Chunk bitrate: 53 1000000
Buffer size: 54 216001
Download Time: 2804666
Chunk bitrate: 54 1000000
Buffer size: 55 220001
Download Time: 1856287
Chunk bitrate: 55 1000000
Buffer size: 56 224001
Download Time: 1992035
Chunk bitrate: 56 1000000
Buffer size: 57 228001
Download Time: 1133924
Chunk bitrate: 57 2000000
Buffer size: 57 232001
Chunk bitrate: 57 2000000
Buffer size: 58 232001
Download Time: 626601
[00007fc370003378] core mux error: cannot add this stream
[00007fc37005a788] core decoder error: cannot create packetizer output (h264)
Chunk bitrate: 58 2000000
Buffer size: 59 236001
Download Time: 2474416
Chunk bitrate: 59 2000000
Buffer size: 60 240001
Download Time: 1777948
Chunk bitrate: 60 3000000
Buffer size: 60 244001
Chunk bitrate: 60 3000000
Buffer size: 61 244001
Download Time: 1903719
[00007fc370003378] core mux error: cannot add this stream
[00007fc3701c4c28] core decoder error: cannot create packetizer output (h264)
Chunk bitrate: 61 3000000
Buffer size: 62 248001
Download Time: 639334
Chunk bitrate: 62 3000000
Buffer size: 63 252001
Download Time: 450142
Chunk bitrate: 63 3000000
Buffer size: 64 256001
Download Time: 799161
Chunk bitrate: 64 3000000
Buffer size: 65 260001
[00007fc370003378] ps mux: Close
[00007fc36c001698] idummy demux: command `quit'
[00000000011111e8] [cli] lua interface error: Error loading script /home/cs244/vlc/share/lua/intf/cli.luac: lua/intf/modules/host.lua:286: Interrupted.
