[00000000017e91e8] core interface error: no suitable interface module
[0000000001720338] core libvlc error: interface "globalhotkeys,none" initialization failed
[00000000017e91e8] dbus interface error: Failed to connect to the D-Bus session daemon: Unable to autolaunch a dbus-daemon without a $DISPLAY for X11
[00000000017e91e8] core interface error: no suitable interface module
[0000000001720338] core libvlc error: interface "dbus,none" initialization failed
[0000000001720338] core libvlc: Running vlc with the default interface. Use 'cvlc' to use vlc without interface.
[00000000017e91e8] qt interface error: Could not connect to X server
[00000000017e91e8] skins2 interface error: cannot initialize OSFactory
[00000000017e91e8] [cli] lua interface: Listening on host "*console".
VLC media player 3.0.0-git Vetinari
Command Line Interface initialized. Type `help' for help.
> [00007fe93c003378] ps mux: Open
making a DASHManager
new ratebased adaptionlogic
Chunk bitrate: 0 349952
Buffer size: 0 0
Chunk bitrate: 0 349952
Buffer size: 0 0
[00007fe93c024378] mp4 demux: Fragment sequence discontinuity detected 0 != 2
Download Time: 440887
[00007fe93c027078] mp4 demux: Fragment sequence discontinuity detected 0 != 2
Startup Time: 1050000
Chunk bitrate: 0 2000000
Buffer size: 0 4001
Chunk bitrate: 0 2000000
Buffer size: 1 4001
Download Time: 2339717
Chunk bitrate: 1 2000000
Buffer size: 2 8001
Download Time: 1779799
Chunk bitrate: 2 2000000
Buffer size: 3 12001
Download Time: 1597949
Chunk bitrate: 3 3000000
Buffer size: 3 16001
Chunk bitrate: 3 3000000
Buffer size: 4 16001
Download Time: 1941312
Chunk bitrate: 4 3000000
Buffer size: 5 20001
Download Time: 1903541
Chunk bitrate: 5 3000000
Buffer size: 6 24001
Download Time: 844009
Chunk bitrate: 6 3000000
Buffer size: 7 28001
Download Time: 829354
Chunk bitrate: 7 3000000
Buffer size: 8 32001
Download Time: 1310814
Chunk bitrate: 8 3000000
Buffer size: 9 36001
Download Time: 960030
Chunk bitrate: 9 3000000
Buffer size: 10 40001
Download Time: 4269812
Chunk bitrate: 10 1000000
Buffer size: 10 44001
Chunk bitrate: 10 1000000
Buffer size: 11 44001
Download Time: 1409069
Chunk bitrate: 11 2000000
Buffer size: 11 48001
Chunk bitrate: 11 2000000
Buffer size: 12 48001
Download Time: 2676080
Chunk bitrate: 12 2000000
Buffer size: 13 52001
Download Time: 2004556
Chunk bitrate: 13 3000000
Buffer size: 13 56001
Chunk bitrate: 13 3000000
Buffer size: 14 56001
Download Time: 1879900
Chunk bitrate: 14 3000000
Buffer size: 15 60001
Download Time: 1772809
Chunk bitrate: 15 3000000
Buffer size: 16 64001
Download Time: 1503658
Chunk bitrate: 16 3000000
Buffer size: 17 68001
Download Time: 914385
Chunk bitrate: 17 3000000
Buffer size: 18 72001
Download Time: 1140962
Chunk bitrate: 18 3000000
Buffer size: 19 76001
Download Time: 651928
Chunk bitrate: 19 3000000
Buffer size: 20 80001
Download Time: 984347
Chunk bitrate: 20 3000000
Buffer size: 21 84001
Download Time: 743977
Chunk bitrate: 21 3000000
Buffer size: 22 88001
Download Time: 1779715
Chunk bitrate: 22 3000000
Buffer size: 23 92001
Download Time: 2343410
Chunk bitrate: 23 3000000
Buffer size: 24 96001
Download Time: 1261223
Chunk bitrate: 24 3000000
Buffer size: 25 100001
Download Time: 1030265
Chunk bitrate: 25 3000000
Buffer size: 26 104001
Download Time: 976597
Chunk bitrate: 26 3000000
Buffer size: 27 108001
Download Time: 620771
Chunk bitrate: 27 3000000
Buffer size: 28 112001
Download Time: 974646
Chunk bitrate: 28 3000000
Buffer size: 29 116001
Download Time: 2807994
Chunk bitrate: 29 2000000
Buffer size: 29 120001
Chunk bitrate: 29 2000000
Buffer size: 30 120001
Download Time: 1599522
Chunk bitrate: 30 2000000
Buffer size: 31 124001
Download Time: 1740368
Chunk bitrate: 31 2000000
Buffer size: 32 128001
Download Time: 2672438
Chunk bitrate: 32 2000000
Buffer size: 33 132001
Download Time: 1834593
Chunk bitrate: 33 3000000
Buffer size: 33 136001
Chunk bitrate: 33 3000000
Buffer size: 34 136001
Download Time: 2267743
Chunk bitrate: 34 3000000
Buffer size: 35 140001
Download Time: 2057266
Chunk bitrate: 35 3000000
Buffer size: 36 144001
Download Time: 835084
Chunk bitrate: 36 3000000
Buffer size: 37 148001
Download Time: 1239879
Chunk bitrate: 37 3000000
Buffer size: 38 152001
Download Time: 1172700
Chunk bitrate: 38 3000000
Buffer size: 39 156001
Download Time: 1015055
Chunk bitrate: 39 3000000
Buffer size: 40 160001
Download Time: 1793500
Chunk bitrate: 40 2000000
Buffer size: 40 164001
Chunk bitrate: 40 2000000
Buffer size: 41 164001
Download Time: 3268339
Chunk bitrate: 41 1000000
Buffer size: 41 168001
Chunk bitrate: 41 1000000
Buffer size: 42 168001
Download Time: 1116704
Chunk bitrate: 42 2000000
Buffer size: 42 172001
Chunk bitrate: 42 2000000
Buffer size: 43 172001
Download Time: 2445168
Chunk bitrate: 43 2000000
Buffer size: 44 176001
Download Time: 1767710
Chunk bitrate: 44 3000000
Buffer size: 44 180001
Chunk bitrate: 44 3000000
Buffer size: 45 180001
Download Time: 2099240
Chunk bitrate: 45 3000000
Buffer size: 46 184001
Download Time: 2238287
Chunk bitrate: 46 3000000
Buffer size: 47 188001
Download Time: 1174741
Chunk bitrate: 47 3000000
Buffer size: 48 192001
Download Time: 876533
Chunk bitrate: 48 3000000
Buffer size: 49 196001
Download Time: 1239959
Chunk bitrate: 49 3000000
Buffer size: 50 200001
Download Time: 939267
Chunk bitrate: 50 3000000
Buffer size: 51 204001
Download Time: 776425
Chunk bitrate: 51 3000000
Buffer size: 52 208001
Download Time: 4265550
Chunk bitrate: 52 1000000
Buffer size: 52 212001
Chunk bitrate: 52 1000000
Buffer size: 53 212001
Download Time: 1147272
Chunk bitrate: 53 2000000
Buffer size: 53 216001
Chunk bitrate: 53 2000000
Buffer size: 54 216001
Download Time: 2238293
Chunk bitrate: 54 2000000
Buffer size: 55 220001
Download Time: 2151362
Chunk bitrate: 55 3000000
Buffer size: 55 224001
Chunk bitrate: 55 3000000
Buffer size: 56 224001
Download Time: 2240746
Chunk bitrate: 56 3000000
Buffer size: 57 228001
Download Time: 1548526
Chunk bitrate: 57 3000000
Buffer size: 58 232001
Download Time: 650619
Chunk bitrate: 58 3000000
Buffer size: 59 236001
Download Time: 1364695
Chunk bitrate: 59 3000000
Buffer size: 60 240001
Download Time: 914536
Chunk bitrate: 60 3000000
Buffer size: 61 244001
Download Time: 955007
Chunk bitrate: 61 3000000
Buffer size: 62 248001
Download Time: 325430
Chunk bitrate: 62 3000000
Buffer size: 63 252001
Download Time: 227058
Chunk bitrate: 63 3000000
Buffer size: 64 256001
Download Time: 401404
Chunk bitrate: 64 3000000
Buffer size: 65 260001
[00007fe93c003378] ps mux: Close
[00007fe93c0b5db8] idummy demux: command `quit'
[00000000017e91e8] [cli] lua interface error: Error loading script /home/cs244/vlc/share/lua/intf/cli.luac: lua/intf/modules/host.lua:286: Interrupted.
