[00000000014b31e8] core interface error: no suitable interface module
[00000000013ea338] core libvlc error: interface "globalhotkeys,none" initialization failed
[00000000014b31e8] dbus interface error: Failed to connect to the D-Bus session daemon: Unable to autolaunch a dbus-daemon without a $DISPLAY for X11
[00000000014b31e8] core interface error: no suitable interface module
[00000000013ea338] core libvlc error: interface "dbus,none" initialization failed
[00000000013ea338] core libvlc: Running vlc with the default interface. Use 'cvlc' to use vlc without interface.
[00000000014b31e8] qt interface error: Could not connect to X server
[00000000014b31e8] skins2 interface error: cannot initialize OSFactory
[00007f58c0003378] ps mux: Open
[00000000014b31e8] [cli] lua interface: Listening on host "*console".
VLC media player 3.0.0-git Vetinari
Command Line Interface initialized. Type `help' for help.
> making a DASHManager
new ratebased adaptionlogic
Chunk bitrate: 0 349952
Buffer size: 0 0
Chunk bitrate: 0 349952
Buffer size: 0 0
[00007f58c001a768] mp4 demux: Fragment sequence discontinuity detected 0 != 2
Download Time: 440574
[00007f58c00235a8] mp4 demux: Fragment sequence discontinuity detected 0 != 2
Startup Time: 1050000
Chunk bitrate: 0 2000000
Buffer size: 0 4001
Chunk bitrate: 0 2000000
Buffer size: 1 4001
Download Time: 2340176
Chunk bitrate: 1 2000000
Buffer size: 2 8001
Download Time: 1781077
Chunk bitrate: 2 2000000
Buffer size: 3 12001
Download Time: 1612048
Chunk bitrate: 3 3000000
Buffer size: 3 16001
Chunk bitrate: 3 3000000
Buffer size: 4 16001
Download Time: 1942161
Chunk bitrate: 4 3000000
Buffer size: 5 20001
Download Time: 1930272
Chunk bitrate: 5 3000000
Buffer size: 6 24001
Download Time: 844187
Chunk bitrate: 6 3000000
Buffer size: 7 28001
Download Time: 828690
Chunk bitrate: 7 3000000
Buffer size: 8 32001
Download Time: 1309649
Chunk bitrate: 8 3000000
Buffer size: 9 36001
Download Time: 960720
Chunk bitrate: 9 3000000
Buffer size: 10 40001
Download Time: 2636276
Chunk bitrate: 10 2000000
Buffer size: 10 44001
Chunk bitrate: 10 2000000
Buffer size: 11 44001
Download Time: 1983097
Chunk bitrate: 11 2000000
Buffer size: 12 48001
Download Time: 4836472
Chunk bitrate: 12 1000000
Buffer size: 12 52001
Chunk bitrate: 12 1000000
Buffer size: 13 52001
Download Time: 1775662
Chunk bitrate: 13 1000000
Buffer size: 14 56001
Download Time: 1330797
Chunk bitrate: 14 1000000
Buffer size: 15 60001
Download Time: 1165922
Chunk bitrate: 15 1000000
Buffer size: 16 64001
Download Time: 1232489
Chunk bitrate: 16 3000000
Buffer size: 16 68001
Chunk bitrate: 16 3000000
Buffer size: 17 68001
Download Time: 1823233
Chunk bitrate: 17 3000000
Buffer size: 18 72001
Download Time: 2275860
Chunk bitrate: 18 3000000
Buffer size: 19 76001
Download Time: 2594588
Chunk bitrate: 19 1000000
Buffer size: 19 80001
Chunk bitrate: 19 1000000
Buffer size: 20 80001
Download Time: 1825118
Chunk bitrate: 20 1000000
Buffer size: 21 84001
Download Time: 1004725
Chunk bitrate: 21 2000000
Buffer size: 21 88001
Chunk bitrate: 21 2000000
Buffer size: 22 88001
Download Time: 1979804
Chunk bitrate: 22 2000000
Buffer size: 23 92001
Download Time: 2493151
Chunk bitrate: 23 2000000
Buffer size: 24 96001
Download Time: 1393176
Chunk bitrate: 24 3000000
Buffer size: 24 100001
Chunk bitrate: 24 3000000
Buffer size: 25 100001
Download Time: 2058150
Chunk bitrate: 25 3000000
Buffer size: 26 104001
Download Time: 2707311
Chunk bitrate: 26 1000000
Buffer size: 26 108001
Chunk bitrate: 26 1000000
Buffer size: 27 108001
Download Time: 999559
Chunk bitrate: 27 1000000
Buffer size: 28 112001
Download Time: 1971833
Chunk bitrate: 28 1000000
Buffer size: 29 116001
Download Time: 1289287
Chunk bitrate: 29 2000000
Buffer size: 29 120001
Chunk bitrate: 29 2000000
Buffer size: 30 120001
Download Time: 1598314
Chunk bitrate: 30 2000000
Buffer size: 31 124001
Download Time: 1742849
Chunk bitrate: 31 2000000
Buffer size: 32 128001
Download Time: 1949360
Chunk bitrate: 32 3000000
Buffer size: 32 132001
Chunk bitrate: 32 3000000
Buffer size: 33 132001
Download Time: 2321896
Chunk bitrate: 33 3000000
Buffer size: 34 136001
Download Time: 3432687
Chunk bitrate: 34 1000000
Buffer size: 34 140001
Chunk bitrate: 34 1000000
Buffer size: 35 140001
Download Time: 1390992
Chunk bitrate: 35 1000000
Buffer size: 36 144001
Download Time: 1131753
Chunk bitrate: 36 2000000
Buffer size: 36 148001
Chunk bitrate: 36 2000000
Buffer size: 37 148001
Download Time: 2427306
Chunk bitrate: 37 2000000
Buffer size: 38 152001
Download Time: 2311890
Chunk bitrate: 38 2000000
Buffer size: 39 156001
Download Time: 1302437
Chunk bitrate: 39 3000000
Buffer size: 39 160001
Chunk bitrate: 39 3000000
Buffer size: 40 160001
Download Time: 1733029
Chunk bitrate: 40 3000000
Buffer size: 41 164001
Download Time: 3178602
Chunk bitrate: 41 1000000
Buffer size: 41 168001
Chunk bitrate: 41 1000000
Buffer size: 42 168001
Download Time: 1749745
Chunk bitrate: 42 1000000
Buffer size: 43 172001
Download Time: 1905521
Chunk bitrate: 43 1000000
Buffer size: 44 176001
Download Time: 1245200
Chunk bitrate: 44 1000000
Buffer size: 45 180001
Download Time: 1416290
Chunk bitrate: 45 1000000
Buffer size: 46 184001
Download Time: 1466554
Chunk bitrate: 46 1000000
Buffer size: 47 188001
Download Time: 834065
Chunk bitrate: 47 3000000
Buffer size: 47 192001
Chunk bitrate: 47 3000000
Buffer size: 48 192001
Download Time: 1747843
[00007f58c0003378] core mux error: cannot add this stream
[00007f58c0113e88] core decoder error: cannot create packetizer output (h264)
Chunk bitrate: 48 3000000
Buffer size: 49 196001
Download Time: 2492952
Chunk bitrate: 49 1000000
Buffer size: 49 200001
Chunk bitrate: 49 1000000
Buffer size: 50 200001
Download Time: 1765025
[00007f58c0003378] core mux error: cannot add this stream
[00007f58c00d50f8] core decoder error: cannot create packetizer output (h264)
Chunk bitrate: 50 1000000
Buffer size: 51 204001
Download Time: 1427339
Chunk bitrate: 51 1000000
Buffer size: 52 208001
Download Time: 1551220
Chunk bitrate: 52 3000000
Buffer size: 52 212001
Chunk bitrate: 52 3000000
Buffer size: 53 212001
Download Time: 2144159
[00007f58c0003378] core mux error: cannot add this stream
[00007f58c013af28] core decoder error: cannot create packetizer output (h264)
Chunk bitrate: 53 3000000
Buffer size: 54 216001
Download Time: 2270213
Chunk bitrate: 54 3000000
Buffer size: 55 220001
Download Time: 5634577
Chunk bitrate: 55 1000000
Buffer size: 55 224001
Chunk bitrate: 55 1000000
Buffer size: 56 224001
Download Time: 2393855
[00007f58c0003378] core mux error: cannot add this stream
[00007f58c00e1688] core decoder error: cannot create packetizer output (h264)
Chunk bitrate: 56 1000000
Buffer size: 57 228001
Download Time: 1453840
Chunk bitrate: 57 1000000
Buffer size: 58 232001
Download Time: 486531
Chunk bitrate: 58 2000000
Buffer size: 58 236001
Chunk bitrate: 58 2000000
Buffer size: 59 236001
Download Time: 2477592
[00007f58c0003378] core mux error: cannot add this stream
[00007f58c00470b8] core decoder error: cannot create packetizer output (h264)
Chunk bitrate: 59 2000000
Buffer size: 60 240001
Download Time: 1896539
Chunk bitrate: 60 2000000
Buffer size: 61 244001
Download Time: 2028804
Chunk bitrate: 61 2000000
Buffer size: 62 248001
Download Time: 663488
Chunk bitrate: 62 2000000
Buffer size: 63 252001
Download Time: 468826
Chunk bitrate: 63 2000000
Buffer size: 64 256001
Download Time: 934183
Chunk bitrate: 64 2000000
Buffer size: 65 260001
[00007f58c0003378] ps mux: Close
[00007f58b80010f8] idummy demux: command `quit'
[00000000014b31e8] [cli] lua interface error: Error loading script /home/cs244/vlc/share/lua/intf/cli.luac: lua/intf/modules/host.lua:286: Interrupted.
