[00000000022661e8] core interface error: no suitable interface module
[000000000219d338] core libvlc error: interface "globalhotkeys,none" initialization failed
[00000000022661e8] dbus interface error: Failed to connect to the D-Bus session daemon: Unable to autolaunch a dbus-daemon without a $DISPLAY for X11
[00000000022661e8] core interface error: no suitable interface module
[000000000219d338] core libvlc error: interface "dbus,none" initialization failed
[000000000219d338] core libvlc: Running vlc with the default interface. Use 'cvlc' to use vlc without interface.
[00000000022661e8] qt interface error: Could not connect to X server
[00000000022661e8] skins2 interface error: cannot initialize OSFactory
[00000000022661e8] [cli] lua interface: Listening on host "*console".
VLC media player 3.0.0-git Vetinari
Command Line Interface initialized. Type `help' for help.
> [00007f9400003378] ps mux: Open
making a DASHManager
new ratebased adaptionlogic
Chunk bitrate: 0 349952
Buffer size: 0 0
Chunk bitrate: 0 349952
Buffer size: 0 0
[00007f9400025608] mp4 demux: Fragment sequence discontinuity detected 0 != 2
Download Time: 588238
[00007f9400025758] mp4 demux: Fragment sequence discontinuity detected 0 != 2
Startup Time: 1050000
Chunk bitrate: 0 1000000
Buffer size: 0 4001
Chunk bitrate: 0 1000000
Buffer size: 1 4001
Download Time: 1611221
Chunk bitrate: 1 1000000
Buffer size: 2 8001
Download Time: 1168724
Chunk bitrate: 2 1000000
Buffer size: 3 12001
Download Time: 1446502
Chunk bitrate: 3 2000000
Buffer size: 3 16001
Chunk bitrate: 3 2000000
Buffer size: 4 16001
Download Time: 1880155
Chunk bitrate: 4 2000000
Buffer size: 5 20001
Download Time: 2574840
Chunk bitrate: 5 2000000
Buffer size: 6 24001
Download Time: 1062040
Chunk bitrate: 6 3000000
Buffer size: 6 28001
Chunk bitrate: 6 3000000
Buffer size: 7 28001
Download Time: 1653773
Chunk bitrate: 7 3000000
Buffer size: 8 32001
Download Time: 3755141
Chunk bitrate: 8 1000000
Buffer size: 8 36001
Chunk bitrate: 8 1000000
Buffer size: 9 36001
Download Time: 2576318
Chunk bitrate: 9 1000000
Buffer size: 10 40001
Download Time: 1736919
Chunk bitrate: 10 1000000
Buffer size: 11 44001
Download Time: 1746446
Chunk bitrate: 11 1000000
Buffer size: 12 48001
Download Time: 1988450
Chunk bitrate: 12 2000000
Buffer size: 12 52001
Chunk bitrate: 12 2000000
Buffer size: 13 52001
Download Time: 2183893
Chunk bitrate: 13 2000000
Buffer size: 14 56001
Download Time: 2048384
Chunk bitrate: 14 2000000
Buffer size: 15 60001
Download Time: 1304894
Chunk bitrate: 15 3000000
Buffer size: 15 64001
Chunk bitrate: 15 3000000
Buffer size: 16 64001
Download Time: 2189563
Chunk bitrate: 16 3000000
Buffer size: 17 68001
Download Time: 2345631
Chunk bitrate: 17 1000000
Buffer size: 17 72001
Chunk bitrate: 17 1000000
Buffer size: 18 72001
Download Time: 3079504
Chunk bitrate: 18 600000
Buffer size: 18 76001
Chunk bitrate: 18 600000
Buffer size: 19 76001
Download Time: 1025924
Chunk bitrate: 19 1000000
Buffer size: 19 80001
Chunk bitrate: 19 1000000
Buffer size: 20 80001
Download Time: 1823912
Chunk bitrate: 20 1000000
Buffer size: 21 84001
Download Time: 1184592
Chunk bitrate: 21 1000000
Buffer size: 22 88001
Download Time: 1526447
Chunk bitrate: 22 2000000
Buffer size: 22 92001
Chunk bitrate: 22 2000000
Buffer size: 23 92001
Download Time: 2492529
Chunk bitrate: 23 2000000
Buffer size: 24 96001
Download Time: 2084217
Chunk bitrate: 24 2000000
Buffer size: 25 100001
Download Time: 1382885
Chunk bitrate: 25 3000000
Buffer size: 25 104001
Chunk bitrate: 25 3000000
Buffer size: 26 104001
Download Time: 1947305
Chunk bitrate: 26 3000000
Buffer size: 27 108001
Download Time: 1239154
Chunk bitrate: 27 3000000
Buffer size: 28 112001
Download Time: 6362879
Chunk bitrate: 28 1000000
Buffer size: 28 116001
Chunk bitrate: 28 1000000
Buffer size: 29 116001
Download Time: 1904352
Chunk bitrate: 29 1000000
Buffer size: 30 120001
Download Time: 1379145
Chunk bitrate: 30 1000000
Buffer size: 31 124001
Download Time: 1006916
Chunk bitrate: 31 2000000
Buffer size: 31 128001
Chunk bitrate: 31 2000000
Buffer size: 32 128001
Download Time: 2672858
Chunk bitrate: 32 2000000
Buffer size: 33 132001
Download Time: 1864390
Chunk bitrate: 33 3000000
Buffer size: 33 136001
Chunk bitrate: 33 3000000
Buffer size: 34 136001
Download Time: 2267643
Chunk bitrate: 34 3000000
Buffer size: 35 140001
Download Time: 2066959
Chunk bitrate: 35 2000000
Buffer size: 35 144001
Chunk bitrate: 35 2000000
Buffer size: 36 144001
Download Time: 3835089
Chunk bitrate: 36 1000000
Buffer size: 36 148001
Chunk bitrate: 36 1000000
Buffer size: 37 148001
Download Time: 2582758
[00007f9400003378] core mux error: cannot add this stream
[00007f9400146108] core decoder error: cannot create packetizer output (h264)
Chunk bitrate: 37 1000000
Buffer size: 38 152001
Download Time: 2346662
Chunk bitrate: 38 1000000
Buffer size: 39 156001
Download Time: 1555786
Chunk bitrate: 39 1000000
Buffer size: 40 160001
Download Time: 1141936
Chunk bitrate: 40 1000000
Buffer size: 41 164001
Download Time: 1585500
Chunk bitrate: 41 1000000
Buffer size: 42 168001
Download Time: 1622680
Chunk bitrate: 42 1000000
Buffer size: 43 172001
Download Time: 2776619
Chunk bitrate: 43 1000000
Buffer size: 44 176001
Download Time: 2408047
Chunk bitrate: 44 600000
Buffer size: 44 180001
Chunk bitrate: 44 600000
Buffer size: 45 180001
Download Time: 1844378
[00007f9400003378] core mux error: cannot add this stream
[00007f94000b7888] core decoder error: cannot create packetizer output (h264)
Chunk bitrate: 45 600000
Buffer size: 46 184001
Download Time: 1960122
Chunk bitrate: 46 600000
Buffer size: 47 188001
Download Time: 1404627
Chunk bitrate: 47 1000000
Buffer size: 47 192001
Chunk bitrate: 47 1000000
Buffer size: 48 192001
Download Time: 1917700
[00007f9400003378] core mux error: cannot add this stream
[00007f94000e7ea8] core decoder error: cannot create packetizer output (h264)
Chunk bitrate: 48 1000000
Buffer size: 49 196001
Download Time: 1845693
Chunk bitrate: 49 1000000
Buffer size: 50 200001
Download Time: 1410238
Chunk bitrate: 50 1000000
Buffer size: 51 204001
Download Time: 1142104
Chunk bitrate: 51 1000000
Buffer size: 52 208001
Download Time: 1847482
Chunk bitrate: 52 600000
Buffer size: 52 212001
Chunk bitrate: 52 600000
Buffer size: 53 212001
Download Time: 1799572
[00007f9400003378] core mux error: cannot add this stream
[00007f940016d648] core decoder error: cannot create packetizer output (h264)
Chunk bitrate: 53 600000
Buffer size: 54 216001
Download Time: 1868213
Chunk bitrate: 54 600000
Buffer size: 55 220001
Download Time: 1622333
Chunk bitrate: 55 1000000
Buffer size: 55 224001
Chunk bitrate: 55 1000000
Buffer size: 56 224001
Download Time: 2793543
[00007f9400003378] core mux error: cannot add this stream
[00007f94000eb2c8] core decoder error: cannot create packetizer output (h264)
Chunk bitrate: 56 1000000
Buffer size: 57 228001
Download Time: 1024545
Chunk bitrate: 57 1000000
Buffer size: 58 232001
Download Time: 444835
Chunk bitrate: 58 1000000
Buffer size: 59 236001
Download Time: 1697776
Chunk bitrate: 59 1000000
Buffer size: 60 240001
Download Time: 1285759
Chunk bitrate: 60 1000000
Buffer size: 61 244001
Download Time: 2909690
Chunk bitrate: 61 600000
Buffer size: 61 248001
Chunk bitrate: 61 600000
Buffer size: 62 248001
Download Time: 700365
[00007f9400003378] core mux error: cannot add this stream
[00007f9400161ec8] core decoder error: cannot create packetizer output (h264)
Chunk bitrate: 62 600000
Buffer size: 63 252001
Download Time: 577761
Chunk bitrate: 63 600000
Buffer size: 64 256001
Download Time: 911197
Chunk bitrate: 64 600000
Buffer size: 65 260001
[00007f9400003378] ps mux: Close
[00007f93fc005c18] idummy demux: command `quit'
[00000000022661e8] [cli] lua interface error: Error loading script /home/cs244/vlc/share/lua/intf/cli.luac: lua/intf/modules/host.lua:286: Interrupted.
