[0000000000b77548] core interface error: no suitable interface module
[0000000000ab0338] core libvlc error: interface "globalhotkeys,none" initialization failed
[0000000000b77548] dbus interface error: Failed to connect to the D-Bus session daemon: Unable to autolaunch a dbus-daemon without a $DISPLAY for X11
[0000000000b77548] core interface error: no suitable interface module
[0000000000ab0338] core libvlc error: interface "dbus,none" initialization failed
[0000000000ab0338] core libvlc: Running vlc with the default interface. Use 'cvlc' to use vlc without interface.
[0000000000b77548] qt interface error: Could not connect to X server
[0000000000b77548] skins2 interface error: cannot initialize OSFactory
[0000000000b77548] [cli] lua interface: Listening on host "*console".
VLC media player 3.0.0-git Vetinari
Command Line Interface initialized. Type `help' for help.
> [00007f6d34003378] ps mux: Open
making a DASHManager
new ratebased adaptionlogic
Chunk bitrate: 0 349952
Buffer size: 0 0
Chunk bitrate: 0 349952
Buffer size: 0 0
[00007f6d34024828] mp4 demux: Fragment sequence discontinuity detected 0 != 2
Download Time: 149397
[00007f6d34017388] mp4 demux: Fragment sequence discontinuity detected 0 != 2
Startup Time: 1050000
Chunk bitrate: 0 3000000
Buffer size: 0 4001
Chunk bitrate: 0 3000000
Buffer size: 1 4001
Download Time: 1137254
Chunk bitrate: 1 3000000
Buffer size: 2 8001
Download Time: 952832
Chunk bitrate: 2 3000000
Buffer size: 3 12001
Download Time: 1169806
Chunk bitrate: 3 3000000
Buffer size: 4 16001
Download Time: 975427
Chunk bitrate: 4 3000000
Buffer size: 5 20001
Download Time: 1243946
Chunk bitrate: 5 3000000
Buffer size: 6 24001
Download Time: 843921
Chunk bitrate: 6 3000000
Buffer size: 7 28001
Download Time: 829549
Chunk bitrate: 7 3000000
Buffer size: 8 32001
Download Time: 1309112
Chunk bitrate: 8 3000000
Buffer size: 9 36001
Download Time: 1027271
Chunk bitrate: 9 3000000
Buffer size: 10 40001
Download Time: 2207094
Chunk bitrate: 10 3000000
Buffer size: 11 44001
Download Time: 1918781
Chunk bitrate: 11 3000000
Buffer size: 12 48001
Download Time: 2655059
Chunk bitrate: 12 3000000
Buffer size: 13 52001
Download Time: 2224881
Chunk bitrate: 13 3000000
Buffer size: 14 56001
Download Time: 1235647
Chunk bitrate: 14 3000000
Buffer size: 15 60001
Download Time: 888517
Chunk bitrate: 15 3000000
Buffer size: 16 64001
Download Time: 1096488
Chunk bitrate: 16 3000000
Buffer size: 17 68001
Download Time: 914592
Chunk bitrate: 17 3000000
Buffer size: 18 72001
Download Time: 1139511
Chunk bitrate: 18 3000000
Buffer size: 19 76001
Download Time: 646158
Chunk bitrate: 19 3000000
Buffer size: 20 80001
Download Time: 983608
Chunk bitrate: 20 3000000
Buffer size: 21 84001
Download Time: 603523
Chunk bitrate: 21 3000000
Buffer size: 22 88001
Download Time: 890981
Chunk bitrate: 22 3000000
Buffer size: 23 92001
Download Time: 1175852
Chunk bitrate: 23 3000000
Buffer size: 24 96001
Download Time: 1397842
Chunk bitrate: 24 3000000
Buffer size: 25 100001
Download Time: 2056582
Chunk bitrate: 25 3000000
Buffer size: 26 104001
Download Time: 1947873
Chunk bitrate: 26 3000000
Buffer size: 27 108001
Download Time: 1792475
Chunk bitrate: 27 2000000
Buffer size: 27 112001
Chunk bitrate: 27 2000000
Buffer size: 28 112001
Download Time: 2037139
Chunk bitrate: 28 2000000
Buffer size: 29 116001
Download Time: 2020599
Chunk bitrate: 29 3000000
Buffer size: 29 120001
Chunk bitrate: 29 3000000
Buffer size: 30 120001
Download Time: 1508610
Chunk bitrate: 30 3000000
Buffer size: 31 124001
Download Time: 1525847
Chunk bitrate: 31 3000000
Buffer size: 32 128001
Download Time: 1689674
Chunk bitrate: 32 3000000
Buffer size: 33 132001
Download Time: 1163445
Chunk bitrate: 33 3000000
Buffer size: 34 136001
Download Time: 1136717
Chunk bitrate: 34 3000000
Buffer size: 35 140001
Download Time: 1036780
Chunk bitrate: 35 3000000
Buffer size: 36 144001
Download Time: 1025133
Chunk bitrate: 36 2000000
Buffer size: 36 148001
Chunk bitrate: 36 2000000
Buffer size: 37 148001
Download Time: 2426449
Chunk bitrate: 37 2000000
Buffer size: 38 152001
Download Time: 2437382
Chunk bitrate: 38 2000000
Buffer size: 39 156001
Download Time: 2602614
Chunk bitrate: 39 1000000
Buffer size: 39 160001
Chunk bitrate: 39 1000000
Buffer size: 40 160001
Download Time: 1143119
Chunk bitrate: 40 1000000
Buffer size: 41 164001
Download Time: 1111300
Chunk bitrate: 41 3000000
Buffer size: 41 168001
Chunk bitrate: 41 3000000
Buffer size: 42 168001
Download Time: 1945970
Chunk bitrate: 42 3000000
Buffer size: 43 172001
Download Time: 2399988
Chunk bitrate: 43 3000000
Buffer size: 44 176001
Download Time: 1761807
Chunk bitrate: 44 3000000
Buffer size: 45 180001
Download Time: 2100090
Chunk bitrate: 45 3000000
Buffer size: 46 184001
Download Time: 1635162
Chunk bitrate: 46 3000000
Buffer size: 47 188001
Download Time: 1046958
Chunk bitrate: 47 3000000
Buffer size: 48 192001
Download Time: 876795
Chunk bitrate: 48 3000000
Buffer size: 49 196001
Download Time: 1238908
Chunk bitrate: 49 3000000
Buffer size: 50 200001
Download Time: 940636
Chunk bitrate: 50 3000000
Buffer size: 51 204001
Download Time: 2062856
Chunk bitrate: 51 2000000
Buffer size: 51 208001
Chunk bitrate: 51 2000000
Buffer size: 52 208001
Download Time: 2235305
Chunk bitrate: 52 2000000
Buffer size: 53 212001
Download Time: 1964606
Chunk bitrate: 53 2000000
Buffer size: 54 216001
Download Time: 2238000
Chunk bitrate: 54 2000000
Buffer size: 55 220001
Download Time: 1870318
Chunk bitrate: 55 3000000
Buffer size: 55 224001
Chunk bitrate: 55 3000000
Buffer size: 56 224001
Download Time: 2240478
Chunk bitrate: 56 3000000
Buffer size: 57 228001
Download Time: 1545776
Chunk bitrate: 57 3000000
Buffer size: 58 232001
Download Time: 565306
Chunk bitrate: 58 3000000
Buffer size: 59 236001
Download Time: 1198531
Chunk bitrate: 59 3000000
Buffer size: 60 240001
Download Time: 915438
Chunk bitrate: 60 3000000
Buffer size: 61 244001
Download Time: 953515
Chunk bitrate: 61 3000000
Buffer size: 62 248001
Download Time: 321920
Chunk bitrate: 62 3000000
Buffer size: 63 252001
Download Time: 227517
Chunk bitrate: 63 3000000
Buffer size: 64 256001
Download Time: 402031
Chunk bitrate: 64 3000000
Buffer size: 65 260001
[00007f6d34003378] ps mux: Close
[00007f6d300012a8] idummy demux: command `quit'
[0000000000b77548] [cli] lua interface error: Error loading script /home/cs244/vlc/share/lua/intf/cli.luac: lua/intf/modules/host.lua:286: Interrupted.
