[0000000000ac01e8] core interface error: no suitable interface module
[00000000009f7338] core libvlc error: interface "globalhotkeys,none" initialization failed
[0000000000ac01e8] dbus interface error: Failed to connect to the D-Bus session daemon: Unable to autolaunch a dbus-daemon without a $DISPLAY for X11
[0000000000ac01e8] core interface error: no suitable interface module
[00000000009f7338] core libvlc error: interface "dbus,none" initialization failed
[00000000009f7338] core libvlc: Running vlc with the default interface. Use 'cvlc' to use vlc without interface.
[0000000000ac01e8] qt interface error: Could not connect to X server
[0000000000ac01e8] skins2 interface error: cannot initialize OSFactory
[00007f1eb4003378] ps mux: Open
[0000000000ac01e8] [cli] lua interface: Listening on host "*console".
VLC media player 3.0.0-git Vetinari
Command Line Interface initialized. Type `help' for help.
> making a DASHManager
new ratebased adaptionlogic
Chunk bitrate: 0 349952
Buffer size: 0 0
Chunk bitrate: 0 349952
Buffer size: 0 0
[00007f1eb4024bd8] mp4 demux: Fragment sequence discontinuity detected 0 != 2
Download Time: 1910476
[00007f1eb4019238] mp4 demux: Fragment sequence discontinuity detected 0 != 2
Startup Time: 1050000
Chunk bitrate: 0 349952
Buffer size: 1 4001
Download Time: 2009409
Chunk bitrate: 1 349952
Buffer size: 2 8001
Download Time: 1245295
Chunk bitrate: 2 349952
Buffer size: 3 12001
Download Time: 1881761
Chunk bitrate: 3 349952
Buffer size: 4 16001
Download Time: 1529840
Chunk bitrate: 4 349952
Buffer size: 5 20001
Download Time: 2278275
Chunk bitrate: 5 349952
Buffer size: 6 24001
Download Time: 1368681
Chunk bitrate: 6 349952
Buffer size: 7 28001
Download Time: 1413495
Chunk bitrate: 7 349952
Buffer size: 8 32001
Download Time: 1777510
Chunk bitrate: 8 349952
Buffer size: 9 36001
Download Time: 1777566
Chunk bitrate: 9 349952
Buffer size: 10 40001
Download Time: 1738444
Chunk bitrate: 10 349952
Buffer size: 11 44001
Download Time: 1427899
Chunk bitrate: 11 349952
Buffer size: 12 48001
Download Time: 649768
Chunk bitrate: 12 3000000
Buffer size: 12 52001
Chunk bitrate: 12 3000000
Buffer size: 13 52001
Download Time: 2226264
Chunk bitrate: 13 3000000
Buffer size: 14 56001
Download Time: 1878582
Chunk bitrate: 14 3000000
Buffer size: 15 60001
Download Time: 4294216
Chunk bitrate: 15 1000000
Buffer size: 15 64001
Chunk bitrate: 15 1000000
Buffer size: 16 64001
Download Time: 1259953
Chunk bitrate: 16 3000000
Buffer size: 16 68001
Chunk bitrate: 16 3000000
Buffer size: 17 68001
Download Time: 913174
Chunk bitrate: 17 3000000
Buffer size: 18 72001
Download Time: 1140315
Chunk bitrate: 18 3000000
Buffer size: 19 76001
Download Time: 646638
Chunk bitrate: 19 3000000
Buffer size: 20 80001
Download Time: 984277
Chunk bitrate: 20 3000000
Buffer size: 21 84001
Download Time: 603626
Chunk bitrate: 21 3000000
Buffer size: 22 88001
Download Time: 1482673
Chunk bitrate: 22 3000000
Buffer size: 23 92001
Download Time: 2343533
Chunk bitrate: 23 3000000
Buffer size: 24 96001
Download Time: 2087176
Chunk bitrate: 24 3000000
Buffer size: 25 100001
Download Time: 2057980
Chunk bitrate: 25 3000000
Buffer size: 26 104001
Download Time: 1949275
Chunk bitrate: 26 3000000
Buffer size: 27 108001
Download Time: 670081
Chunk bitrate: 27 3000000
Buffer size: 28 112001
Download Time: 974537
Chunk bitrate: 28 3000000
Buffer size: 29 116001
Download Time: 1209616
Chunk bitrate: 29 3000000
Buffer size: 30 120001
Download Time: 754737
Chunk bitrate: 30 3000000
Buffer size: 31 124001
Download Time: 765077
Chunk bitrate: 31 3000000
Buffer size: 32 128001
Download Time: 3249507
Chunk bitrate: 32 1000000
Buffer size: 32 132001
Chunk bitrate: 32 1000000
Buffer size: 33 132001
Download Time: 1459903
Chunk bitrate: 33 1000000
Buffer size: 34 136001
Download Time: 1361955
Chunk bitrate: 34 2000000
Buffer size: 34 140001
Chunk bitrate: 34 2000000
Buffer size: 35 140001
Download Time: 2246933
Chunk bitrate: 35 2000000
Buffer size: 36 144001
Download Time: 1642173
Chunk bitrate: 36 2000000
Buffer size: 37 148001
Download Time: 911495
Chunk bitrate: 37 3000000
Buffer size: 37 152001
Chunk bitrate: 37 3000000
Buffer size: 38 152001
Download Time: 1172004
Chunk bitrate: 38 3000000
Buffer size: 39 156001
Download Time: 1014227
Chunk bitrate: 39 3000000
Buffer size: 40 160001
Download Time: 868941
Chunk bitrate: 40 3000000
Buffer size: 41 164001
Download Time: 1537247
Chunk bitrate: 41 2000000
Buffer size: 41 168001
Chunk bitrate: 41 2000000
Buffer size: 42 168001
Download Time: 2561843
Chunk bitrate: 42 1000000
Buffer size: 42 172001
Chunk bitrate: 42 1000000
Buffer size: 43 172001
Download Time: 1588462
Chunk bitrate: 43 1000000
Buffer size: 44 176001
Download Time: 938918
Chunk bitrate: 44 2000000
Buffer size: 44 180001
Chunk bitrate: 44 2000000
Buffer size: 45 180001
Download Time: 2021912
Chunk bitrate: 45 2000000
Buffer size: 46 184001
Download Time: 2280295
Chunk bitrate: 46 2000000
Buffer size: 47 188001
Download Time: 1939710
Chunk bitrate: 47 2000000
Buffer size: 48 192001
Download Time: 1781804
Chunk bitrate: 48 2000000
Buffer size: 49 196001
Download Time: 1261495
Chunk bitrate: 49 3000000
Buffer size: 49 200001
Chunk bitrate: 49 3000000
Buffer size: 50 200001
Download Time: 937949
Chunk bitrate: 50 3000000
Buffer size: 51 204001
Download Time: 775651
Chunk bitrate: 51 3000000
Buffer size: 52 208001
Download Time: 1137312
Chunk bitrate: 52 3000000
Buffer size: 53 212001
Download Time: 1072905
Chunk bitrate: 53 3000000
Buffer size: 54 216001
Download Time: 3614981
Chunk bitrate: 54 1000000
Buffer size: 54 220001
Chunk bitrate: 54 1000000
Buffer size: 55 220001
Download Time: 1459169
Chunk bitrate: 55 1000000
Buffer size: 56 224001
Download Time: 1199653
Chunk bitrate: 56 2000000
Buffer size: 56 228001
Chunk bitrate: 56 2000000
Buffer size: 57 228001
Download Time: 1380283
Chunk bitrate: 57 2000000
Buffer size: 58 232001
Download Time: 625860
Chunk bitrate: 58 2000000
Buffer size: 59 236001
Download Time: 2171989
Chunk bitrate: 59 3000000
Buffer size: 59 240001
Chunk bitrate: 59 3000000
Buffer size: 60 240001
Download Time: 1825592
Chunk bitrate: 60 3000000
Buffer size: 61 244001
Download Time: 1904205
Chunk bitrate: 61 3000000
Buffer size: 62 248001
Download Time: 639287
Chunk bitrate: 62 3000000
Buffer size: 63 252001
Download Time: 452321
Chunk bitrate: 63 3000000
Buffer size: 64 256001
Download Time: 799671
Chunk bitrate: 64 3000000
Buffer size: 65 260001
[00007f1eb4003378] ps mux: Close
[00007f1eb4160ff8] idummy demux: command `quit'
[0000000000ac01e8] [cli] lua interface error: Error loading script /home/cs244/vlc/share/lua/intf/cli.luac: lua/intf/modules/host.lua:286: Interrupted.
