[0000000000c6e1e8] core interface error: no suitable interface module
[0000000000ba5338] core libvlc error: interface "globalhotkeys,none" initialization failed
[0000000000c6e1e8] dbus interface error: Failed to connect to the D-Bus session daemon: Unable to autolaunch a dbus-daemon without a $DISPLAY for X11
[0000000000c6e1e8] core interface error: no suitable interface module
[0000000000ba5338] core libvlc error: interface "dbus,none" initialization failed
[0000000000ba5338] core libvlc: Running vlc with the default interface. Use 'cvlc' to use vlc without interface.
[0000000000c6e1e8] qt interface error: Could not connect to X server
[0000000000c6e1e8] skins2 interface error: cannot initialize OSFactory
[0000000000c6e1e8] [cli] lua interface: Listening on host "*console".
VLC media player 3.0.0-git Vetinari
Command Line Interface initialized. Type `help' for help.
> [00007f1d68003378] ps mux: Open
making a DASHManager
new ratebased adaptionlogic
Chunk bitrate: 0 349952
Buffer size: 0 0
Chunk bitrate: 0 349952
Buffer size: 0 0
[00007f1d68024428] mp4 demux: Fragment sequence discontinuity detected 0 != 2
Download Time: 1764130
[00007f1d68024278] mp4 demux: Fragment sequence discontinuity detected 0 != 2
Startup Time: 1050000
Chunk bitrate: 0 349952
Buffer size: 1 4001
Download Time: 1850290
Chunk bitrate: 1 349952
Buffer size: 2 8001
Download Time: 873739
Chunk bitrate: 2 600000
Buffer size: 2 12001
Chunk bitrate: 2 600000
Buffer size: 3 12001
Download Time: 1756512
Chunk bitrate: 3 1000000
Buffer size: 3 16001
Chunk bitrate: 3 1000000
Buffer size: 4 16001
Download Time: 2296714
Chunk bitrate: 4 1000000
Buffer size: 5 20001
Download Time: 1282069
Chunk bitrate: 5 2000000
Buffer size: 5 24001
Chunk bitrate: 5 2000000
Buffer size: 6 24001
Download Time: 1592697
Chunk bitrate: 6 2000000
Buffer size: 7 28001
Download Time: 1752367
Chunk bitrate: 7 2000000
Buffer size: 8 32001
Download Time: 966491
Chunk bitrate: 8 3000000
Buffer size: 8 36001
Chunk bitrate: 8 3000000
Buffer size: 9 36001
Download Time: 961191
Chunk bitrate: 9 3000000
Buffer size: 10 40001
Download Time: 1105748
Chunk bitrate: 10 3000000
Buffer size: 11 44001
Download Time: 961812
Chunk bitrate: 11 3000000
Buffer size: 12 48001
Download Time: 2705673
Chunk bitrate: 12 1000000
Buffer size: 12 52001
Chunk bitrate: 12 1000000
Buffer size: 13 52001
Download Time: 1940170
Chunk bitrate: 13 1000000
Buffer size: 14 56001
Download Time: 1426491
Chunk bitrate: 14 2000000
Buffer size: 14 60001
Chunk bitrate: 14 2000000
Buffer size: 15 60001
Download Time: 1826830
Chunk bitrate: 15 2000000
Buffer size: 16 64001
Download Time: 2193427
Chunk bitrate: 16 2000000
Buffer size: 17 68001
Download Time: 1340528
Chunk bitrate: 17 3000000
Buffer size: 17 72001
Chunk bitrate: 17 3000000
Buffer size: 18 72001
Download Time: 2276140
Chunk bitrate: 18 3000000
Buffer size: 19 76001
Download Time: 1289794
Chunk bitrate: 19 3000000
Buffer size: 20 80001
Download Time: 1130980
Chunk bitrate: 20 3000000
Buffer size: 21 84001
Download Time: 603476
Chunk bitrate: 21 3000000
Buffer size: 22 88001
Download Time: 893293
Chunk bitrate: 22 3000000
Buffer size: 23 92001
Download Time: 1174647
Chunk bitrate: 23 3000000
Buffer size: 24 96001
Download Time: 1044793
Chunk bitrate: 24 3000000
Buffer size: 25 100001
Download Time: 4022826
Chunk bitrate: 25 1000000
Buffer size: 25 104001
Chunk bitrate: 25 1000000
Buffer size: 26 104001
Download Time: 1450215
Chunk bitrate: 26 2000000
Buffer size: 26 108001
Chunk bitrate: 26 2000000
Buffer size: 27 108001
Download Time: 1302233
Chunk bitrate: 27 2000000
Buffer size: 28 112001
Download Time: 2036032
Chunk bitrate: 28 2000000
Buffer size: 29 116001
Download Time: 2002866
Chunk bitrate: 29 3000000
Buffer size: 29 120001
Chunk bitrate: 29 3000000
Buffer size: 30 120001
Download Time: 1505660
Chunk bitrate: 30 3000000
Buffer size: 31 124001
Download Time: 1525691
Chunk bitrate: 31 3000000
Buffer size: 32 128001
Download Time: 1674014
Chunk bitrate: 32 3000000
Buffer size: 33 132001
Download Time: 1162456
Chunk bitrate: 33 3000000
Buffer size: 34 136001
Download Time: 1134415
Chunk bitrate: 34 3000000
Buffer size: 35 140001
Download Time: 1036541
Chunk bitrate: 35 3000000
Buffer size: 36 144001
Download Time: 1287951
Chunk bitrate: 36 1000000
Buffer size: 36 148001
Chunk bitrate: 36 1000000
Buffer size: 37 148001
Download Time: 2045532
Chunk bitrate: 37 1000000
Buffer size: 38 152001
Download Time: 1954599
Chunk bitrate: 38 1000000
Buffer size: 39 156001
Download Time: 1337891
Chunk bitrate: 39 1000000
Buffer size: 40 160001
Download Time: 1145409
Chunk bitrate: 40 1000000
Buffer size: 41 164001
Download Time: 1585263
Chunk bitrate: 41 1000000
Buffer size: 42 168001
Download Time: 1037869
Chunk bitrate: 42 3000000
Buffer size: 42 172001
Chunk bitrate: 42 3000000
Buffer size: 43 172001
Download Time: 2400616
Chunk bitrate: 43 3000000
Buffer size: 44 176001
Download Time: 1761099
Chunk bitrate: 44 3000000
Buffer size: 45 180001
Download Time: 1200164
Chunk bitrate: 45 3000000
Buffer size: 46 184001
Download Time: 1121729
Chunk bitrate: 46 3000000
Buffer size: 47 188001
Download Time: 1046885
Chunk bitrate: 47 3000000
Buffer size: 48 192001
Download Time: 876700
Chunk bitrate: 48 3000000
Buffer size: 49 196001
Download Time: 2482577
Chunk bitrate: 49 1000000
Buffer size: 49 200001
Chunk bitrate: 49 1000000
Buffer size: 50 200001
Download Time: 1765310
Chunk bitrate: 50 1000000
Buffer size: 51 204001
Download Time: 1426300
Chunk bitrate: 51 1000000
Buffer size: 52 208001
Download Time: 1795956
Chunk bitrate: 52 1000000
Buffer size: 53 212001
Download Time: 1615112
Chunk bitrate: 53 1000000
Buffer size: 54 216001
Download Time: 1518545
Chunk bitrate: 54 3000000
Buffer size: 54 220001
Chunk bitrate: 54 3000000
Buffer size: 55 220001
Download Time: 2046213
Chunk bitrate: 55 3000000
Buffer size: 56 224001
Download Time: 2238658
Chunk bitrate: 56 3000000
Buffer size: 57 228001
Download Time: 5425686
Chunk bitrate: 57 1000000
Buffer size: 57 232001
Chunk bitrate: 57 1000000
Buffer size: 58 232001
Download Time: 560598
Chunk bitrate: 58 1000000
Buffer size: 59 236001
Download Time: 2125661
Chunk bitrate: 59 1000000
Buffer size: 60 240001
Download Time: 1609743
Chunk bitrate: 60 1000000
Buffer size: 61 244001
Download Time: 1339850
Chunk bitrate: 61 1000000
Buffer size: 62 248001
Download Time: 484295
Chunk bitrate: 62 1000000
Buffer size: 63 252001
Download Time: 360707
Chunk bitrate: 63 1000000
Buffer size: 64 256001
Download Time: 667458
Chunk bitrate: 64 1000000
Buffer size: 65 260001
[00007f1d68003378] ps mux: Close
[00007f1d6806abe8] idummy demux: command `quit'
[0000000000c6e1e8] [cli] lua interface error: Error loading script /home/cs244/vlc/share/lua/intf/cli.luac: lua/intf/modules/host.lua:286: Interrupted.
