[0000000001b481e8] core interface error: no suitable interface module
[0000000001a7f338] core libvlc error: interface "globalhotkeys,none" initialization failed
[0000000001b481e8] dbus interface error: Failed to connect to the D-Bus session daemon: Unable to autolaunch a dbus-daemon without a $DISPLAY for X11
[0000000001b481e8] core interface error: no suitable interface module
[0000000001a7f338] core libvlc error: interface "dbus,none" initialization failed
[0000000001a7f338] core libvlc: Running vlc with the default interface. Use 'cvlc' to use vlc without interface.
[0000000001b481e8] qt interface error: Could not connect to X server
[0000000001b481e8] skins2 interface error: cannot initialize OSFactory
[0000000001b481e8] [cli] lua interface: Listening on host "*console".
VLC media player 3.0.0-git Vetinari
Command Line Interface initialized. Type `help' for help.
> [00007fe5f0003378] ps mux: Open
making a DASHManager
new ratebased adaptionlogic
Chunk bitrate: 0 349952
Buffer size: 0 0
Chunk bitrate: 0 349952
Buffer size: 0 0
[00007fe5f001a5b8] mp4 demux: Fragment sequence discontinuity detected 0 != 2
Download Time: 1469574
[00007fe5f00219d8] mp4 demux: Fragment sequence discontinuity detected 0 != 2
Startup Time: 1050000
Chunk bitrate: 0 600000
Buffer size: 0 4001
Chunk bitrate: 0 600000
Buffer size: 1 4001
Download Time: 2590841
Chunk bitrate: 1 600000
Buffer size: 2 8001
Download Time: 1255311
Chunk bitrate: 2 1000000
Buffer size: 2 12001
Chunk bitrate: 2 1000000
Buffer size: 3 12001
Download Time: 2709240
Chunk bitrate: 3 1000000
Buffer size: 4 16001
Download Time: 1652746
Chunk bitrate: 4 1000000
Buffer size: 5 20001
Download Time: 1712300
Chunk bitrate: 5 1000000
Buffer size: 6 24001
Download Time: 1104009
Chunk bitrate: 6 1000000
Buffer size: 7 28001
Download Time: 1464229
Chunk bitrate: 7 600000
Buffer size: 7 32001
Chunk bitrate: 7 600000
Buffer size: 8 32001
Download Time: 2300059
Chunk bitrate: 8 600000
Buffer size: 9 36001
Download Time: 2163165
Chunk bitrate: 9 600000
Buffer size: 10 40001
Download Time: 1535633
Chunk bitrate: 10 1000000
Buffer size: 10 44001
Chunk bitrate: 10 1000000
Buffer size: 11 44001
Download Time: 2449221
Chunk bitrate: 11 1000000
Buffer size: 12 48001
Download Time: 1749175
Chunk bitrate: 12 1000000
Buffer size: 13 52001
Download Time: 1552090
Chunk bitrate: 13 1000000
Buffer size: 14 56001
Download Time: 1332472
Chunk bitrate: 14 1000000
Buffer size: 15 60001
Download Time: 2488739
Chunk bitrate: 15 600000
Buffer size: 15 64001
Chunk bitrate: 15 600000
Buffer size: 16 64001
Download Time: 1953281
Chunk bitrate: 16 600000
Buffer size: 17 68001
Download Time: 1460540
Chunk bitrate: 17 1000000
Buffer size: 17 72001
Chunk bitrate: 17 1000000
Buffer size: 18 72001
Download Time: 2694225
Chunk bitrate: 18 1000000
Buffer size: 19 76001
Download Time: 1135122
Chunk bitrate: 19 1000000
Buffer size: 20 80001
Download Time: 1460858
Chunk bitrate: 20 1000000
Buffer size: 21 84001
Download Time: 948954
Chunk bitrate: 21 1000000
Buffer size: 22 88001
Download Time: 1316787
Chunk bitrate: 22 1000000
Buffer size: 23 92001
Download Time: 3549512
Chunk bitrate: 23 600000
Buffer size: 23 96001
Chunk bitrate: 23 600000
Buffer size: 24 96001
Download Time: 2105233
Chunk bitrate: 24 600000
Buffer size: 25 100001
Download Time: 1465305
Chunk bitrate: 25 1000000
Buffer size: 25 104001
Chunk bitrate: 25 1000000
Buffer size: 26 104001
Download Time: 2345081
Chunk bitrate: 26 1000000
Buffer size: 27 108001
Download Time: 851296
Chunk bitrate: 27 1000000
Buffer size: 28 112001
Download Time: 1573357
Chunk bitrate: 28 1000000
Buffer size: 29 116001
Download Time: 1520544
Chunk bitrate: 29 1000000
Buffer size: 30 120001
Download Time: 1452366
Chunk bitrate: 30 600000
Buffer size: 30 124001
Chunk bitrate: 30 600000
Buffer size: 31 124001
Download Time: 1919093
Chunk bitrate: 31 600000
Buffer size: 32 128001
Download Time: 2276170
Chunk bitrate: 32 600000
Buffer size: 33 132001
Download Time: 1507744
Chunk bitrate: 33 1000000
Buffer size: 33 136001
Chunk bitrate: 33 1000000
Buffer size: 34 136001
Download Time: 2799120
Chunk bitrate: 34 1000000
Buffer size: 35 140001
Download Time: 1389519
Chunk bitrate: 35 1000000
Buffer size: 36 144001
Download Time: 1156973
Chunk bitrate: 36 1000000
Buffer size: 37 148001
Download Time: 1636602
Chunk bitrate: 37 1000000
Buffer size: 38 152001
Download Time: 638948
Chunk bitrate: 38 3000000
Buffer size: 38 156001
Chunk bitrate: 38 3000000
Buffer size: 39 156001
Download Time: 1014243
Chunk bitrate: 39 3000000
Buffer size: 40 160001
Download Time: 868715
Chunk bitrate: 40 3000000
Buffer size: 41 164001
Download Time: 1175188
Chunk bitrate: 41 3000000
Buffer size: 42 168001
Download Time: 974390
Chunk bitrate: 42 3000000
Buffer size: 43 172001
Download Time: 2571418
Chunk bitrate: 43 2000000
Buffer size: 43 176001
Chunk bitrate: 43 2000000
Buffer size: 44 176001
Download Time: 1884463
Chunk bitrate: 44 2000000
Buffer size: 45 180001
Download Time: 1644991
Chunk bitrate: 45 3000000
Buffer size: 45 184001
Chunk bitrate: 45 3000000
Buffer size: 46 184001
Download Time: 2237885
Chunk bitrate: 46 3000000
Buffer size: 47 188001
Download Time: 2089559
Chunk bitrate: 47 3000000
Buffer size: 48 192001
Download Time: 1747048
Chunk bitrate: 48 3000000
Buffer size: 49 196001
Download Time: 2471827
Chunk bitrate: 49 3000000
Buffer size: 50 200001
Download Time: 1145657
Chunk bitrate: 50 3000000
Buffer size: 51 204001
Download Time: 775919
Chunk bitrate: 51 3000000
Buffer size: 52 208001
Download Time: 1137028
Chunk bitrate: 52 3000000
Buffer size: 53 212001
Download Time: 1073168
Chunk bitrate: 53 3000000
Buffer size: 54 216001
Download Time: 1136241
Chunk bitrate: 54 3000000
Buffer size: 55 220001
Download Time: 3066559
Chunk bitrate: 55 2000000
Buffer size: 55 224001
Chunk bitrate: 55 2000000
Buffer size: 56 224001
Download Time: 2250544
Chunk bitrate: 56 3000000
Buffer size: 56 228001
Chunk bitrate: 56 3000000
Buffer size: 57 228001
Download Time: 1547045
Chunk bitrate: 57 3000000
Buffer size: 58 232001
Download Time: 652634
Chunk bitrate: 58 3000000
Buffer size: 59 236001
Download Time: 2395967
Chunk bitrate: 59 3000000
Buffer size: 60 240001
Download Time: 1824827
Chunk bitrate: 60 3000000
Buffer size: 61 244001
Download Time: 1903958
Chunk bitrate: 61 3000000
Buffer size: 62 248001
Download Time: 640246
Chunk bitrate: 62 3000000
Buffer size: 63 252001
Download Time: 342012
Chunk bitrate: 63 3000000
Buffer size: 64 256001
Download Time: 401992
Chunk bitrate: 64 3000000
Buffer size: 65 260001
[00007fe5f0003378] ps mux: Close
[00007fe5ec001778] idummy demux: command `quit'
[0000000001b481e8] [cli] lua interface error: Error loading script /home/cs244/vlc/share/lua/intf/cli.luac: lua/intf/modules/host.lua:286: Interrupted.
