[000000000086a1e8] core interface error: no suitable interface module
[00000000007a1338] core libvlc error: interface "globalhotkeys,none" initialization failed
[000000000086a1e8] dbus interface error: Failed to connect to the D-Bus session daemon: Unable to autolaunch a dbus-daemon without a $DISPLAY for X11
[000000000086a1e8] core interface error: no suitable interface module
[00000000007a1338] core libvlc error: interface "dbus,none" initialization failed
[00000000007a1338] core libvlc: Running vlc with the default interface. Use 'cvlc' to use vlc without interface.
[000000000086a1e8] qt interface error: Could not connect to X server
[000000000086a1e8] skins2 interface error: cannot initialize OSFactory
[000000000086a1e8] [cli] lua interface: Listening on host "*console".
VLC media player 3.0.0-git Vetinari
Command Line Interface initialized. Type `help' for help.
> [00007f2f14003378] ps mux: Open
making a DASHManager
new ratebased adaptionlogic
Chunk bitrate: 0 349952
Buffer size: 0 0
Chunk bitrate: 0 349952
Buffer size: 0 0
[00007f2f14019468] mp4 demux: Fragment sequence discontinuity detected 0 != 2
Download Time: 294153
[00007f2f14026468] mp4 demux: Fragment sequence discontinuity detected 0 != 2
Startup Time: 1050000
Chunk bitrate: 0 3000000
Buffer size: 0 4001
Chunk bitrate: 0 3000000
Buffer size: 1 4001
Download Time: 2269662
Chunk bitrate: 1 3000000
Buffer size: 2 8001
Download Time: 1902875
Chunk bitrate: 2 3000000
Buffer size: 3 12001
Download Time: 6201153
Chunk bitrate: 3 1000000
Buffer size: 3 16001
Chunk bitrate: 3 1000000
Buffer size: 4 16001
Download Time: 1307615
Chunk bitrate: 4 1000000
Buffer size: 5 20001
Download Time: 1706250
Chunk bitrate: 5 1000000
Buffer size: 6 24001
Download Time: 851758
Chunk bitrate: 6 3000000
Buffer size: 6 28001
Chunk bitrate: 6 3000000
Buffer size: 7 28001
Download Time: 1653973
Chunk bitrate: 7 3000000
Buffer size: 8 32001
Download Time: 2615251
Chunk bitrate: 8 3000000
Buffer size: 9 36001
Download Time: 1915454
Chunk bitrate: 9 3000000
Buffer size: 10 40001
Download Time: 2209594
Chunk bitrate: 10 3000000
Buffer size: 11 44001
Download Time: 3175617
Chunk bitrate: 11 1000000
Buffer size: 11 48001
Chunk bitrate: 11 1000000
Buffer size: 12 48001
Download Time: 2159065
Chunk bitrate: 12 1000000
Buffer size: 13 52001
Download Time: 1645377
Chunk bitrate: 13 1000000
Buffer size: 14 56001
Download Time: 1328071
Chunk bitrate: 14 1000000
Buffer size: 15 60001
Download Time: 1169024
Chunk bitrate: 15 1000000
Buffer size: 16 64001
Download Time: 1418588
Chunk bitrate: 16 2000000
Buffer size: 16 68001
Chunk bitrate: 16 2000000
Buffer size: 17 68001
Download Time: 1824047
Chunk bitrate: 17 2000000
Buffer size: 18 72001
Download Time: 2073570
Chunk bitrate: 18 2000000
Buffer size: 19 76001
Download Time: 1087335
Chunk bitrate: 19 3000000
Buffer size: 19 80001
Chunk bitrate: 19 3000000
Buffer size: 20 80001
Download Time: 1964519
Chunk bitrate: 20 3000000
Buffer size: 21 84001
Download Time: 1202040
Chunk bitrate: 21 3000000
Buffer size: 22 88001
Download Time: 2817105
Chunk bitrate: 22 1000000
Buffer size: 22 92001
Chunk bitrate: 22 1000000
Buffer size: 23 92001
Download Time: 2080192
Chunk bitrate: 23 1000000
Buffer size: 24 96001
Download Time: 1745534
Chunk bitrate: 24 1000000
Buffer size: 25 100001
Download Time: 1361261
Chunk bitrate: 25 1000000
Buffer size: 26 104001
Download Time: 1335854
Chunk bitrate: 26 1000000
Buffer size: 27 108001
Download Time: 796617
Chunk bitrate: 27 1000000
Buffer size: 28 112001
Download Time: 1258103
Chunk bitrate: 28 2000000
Buffer size: 28 116001
Chunk bitrate: 28 2000000
Buffer size: 29 116001
Download Time: 2462803
Chunk bitrate: 29 2000000
Buffer size: 30 120001
Download Time: 1537605
Chunk bitrate: 30 3000000
Buffer size: 30 124001
Chunk bitrate: 30 3000000
Buffer size: 31 124001
Download Time: 1525405
Chunk bitrate: 31 3000000
Buffer size: 32 128001
Download Time: 2480289
Chunk bitrate: 32 3000000
Buffer size: 33 132001
Download Time: 2323344
Chunk bitrate: 33 3000000
Buffer size: 34 136001
Download Time: 2266375
Chunk bitrate: 34 3000000
Buffer size: 35 140001
Download Time: 2067430
Chunk bitrate: 35 3000000
Buffer size: 36 144001
Download Time: 1665518
Chunk bitrate: 36 3000000
Buffer size: 37 148001
Download Time: 2781536
Chunk bitrate: 37 1000000
Buffer size: 37 152001
Chunk bitrate: 37 1000000
Buffer size: 38 152001
Download Time: 1563774
Chunk bitrate: 38 1000000
Buffer size: 39 156001
Download Time: 1330054
Chunk bitrate: 39 1000000
Buffer size: 40 160001
Download Time: 1141056
Chunk bitrate: 40 2000000
Buffer size: 40 164001
Chunk bitrate: 40 2000000
Buffer size: 41 164001
Download Time: 2447234
Chunk bitrate: 41 2000000
Buffer size: 42 168001
Download Time: 1919981
Chunk bitrate: 42 2000000
Buffer size: 43 172001
Download Time: 1773988
Chunk bitrate: 43 3000000
Buffer size: 43 176001
Chunk bitrate: 43 3000000
Buffer size: 44 176001
Download Time: 1762329
Chunk bitrate: 44 3000000
Buffer size: 45 180001
Download Time: 1939700
Chunk bitrate: 45 3000000
Buffer size: 46 184001
Download Time: 1120451
Chunk bitrate: 46 3000000
Buffer size: 47 188001
Download Time: 1046517
Chunk bitrate: 47 3000000
Buffer size: 48 192001
Download Time: 876659
Chunk bitrate: 48 3000000
Buffer size: 49 196001
Download Time: 1237952
Chunk bitrate: 49 3000000
Buffer size: 50 200001
Download Time: 3105523
Chunk bitrate: 50 1000000
Buffer size: 50 204001
Chunk bitrate: 50 1000000
Buffer size: 51 204001
Download Time: 1420220
Chunk bitrate: 51 1000000
Buffer size: 52 208001
Download Time: 1318391
Chunk bitrate: 52 2000000
Buffer size: 52 212001
Chunk bitrate: 52 2000000
Buffer size: 53 212001
Download Time: 1959420
Chunk bitrate: 53 2000000
Buffer size: 54 216001
Download Time: 2210918
Chunk bitrate: 54 3000000
Buffer size: 54 220001
Chunk bitrate: 54 3000000
Buffer size: 55 220001
Download Time: 2045651
Chunk bitrate: 55 3000000
Buffer size: 56 224001
Download Time: 2239058
Chunk bitrate: 56 3000000
Buffer size: 57 228001
Download Time: 1014545
Chunk bitrate: 57 3000000
Buffer size: 58 232001
Download Time: 327680
Chunk bitrate: 58 3000000
Buffer size: 59 236001
Download Time: 1198559
Chunk bitrate: 59 3000000
Buffer size: 60 240001
Download Time: 915244
Chunk bitrate: 60 3000000
Buffer size: 61 244001
Download Time: 954391
Chunk bitrate: 61 3000000
Buffer size: 62 248001
Download Time: 321300
Chunk bitrate: 62 3000000
Buffer size: 63 252001
Download Time: 226385
Chunk bitrate: 63 3000000
Buffer size: 64 256001
Download Time: 790225
Chunk bitrate: 64 1000000
Buffer size: 64 260001
Chunk bitrate: 64 1000000
Buffer size: 65 260001
[00007f2f14003378] ps mux: Close
[00007f2f10001148] idummy demux: command `quit'
[000000000086a1e8] [cli] lua interface error: Error loading script /home/cs244/vlc/share/lua/intf/cli.luac: lua/intf/modules/host.lua:286: Interrupted.
