[00000000013f31e8] core interface error: no suitable interface module
[000000000132a338] core libvlc error: interface "globalhotkeys,none" initialization failed
[00000000013f31e8] dbus interface error: Failed to connect to the D-Bus session daemon: Unable to autolaunch a dbus-daemon without a $DISPLAY for X11
[00000000013f31e8] core interface error: no suitable interface module
[000000000132a338] core libvlc error: interface "dbus,none" initialization failed
[000000000132a338] core libvlc: Running vlc with the default interface. Use 'cvlc' to use vlc without interface.
[00000000013f31e8] qt interface error: Could not connect to X server
[00000000013f31e8] skins2 interface error: cannot initialize OSFactory
[00000000013f31e8] [cli] lua interface: Listening on host "*console".
VLC media player 3.0.0-git Vetinari
Command Line Interface initialized. Type `help' for help.
> [00007f598c003378] ps mux: Open
making a DASHManager
new ratebased adaptionlogic
Chunk bitrate: 0 349952
Buffer size: 0 0
Chunk bitrate: 0 349952
Buffer size: 0 0
[00007f598c0234d8] mp4 demux: Fragment sequence discontinuity detected 0 != 2
Download Time: 729709
[00007f598c019848] mp4 demux: Fragment sequence discontinuity detected 0 != 2
Startup Time: 1050000
Chunk bitrate: 0 1000000
Buffer size: 0 4001
Chunk bitrate: 0 1000000
Buffer size: 1 4001
Download Time: 2009633
Chunk bitrate: 1 1000000
Buffer size: 2 8001
Download Time: 1465108
Chunk bitrate: 2 1000000
Buffer size: 3 12001
Download Time: 1586974
Chunk bitrate: 3 1000000
Buffer size: 4 16001
Download Time: 1308649
Chunk bitrate: 4 1000000
Buffer size: 5 20001
Download Time: 1712095
Chunk bitrate: 5 1000000
Buffer size: 6 24001
Download Time: 706781
Chunk bitrate: 6 3000000
Buffer size: 6 28001
Chunk bitrate: 6 3000000
Buffer size: 7 28001
Download Time: 1653982
Chunk bitrate: 7 3000000
Buffer size: 8 32001
Download Time: 2617158
Chunk bitrate: 8 3000000
Buffer size: 9 36001
Download Time: 1914797
Chunk bitrate: 9 3000000
Buffer size: 10 40001
Download Time: 2209392
Chunk bitrate: 10 3000000
Buffer size: 11 44001
Download Time: 3394435
Chunk bitrate: 11 1000000
Buffer size: 11 48001
Chunk bitrate: 11 1000000
Buffer size: 12 48001
Download Time: 2159949
Chunk bitrate: 12 1000000
Buffer size: 13 52001
Download Time: 1211890
Chunk bitrate: 13 2000000
Buffer size: 13 56001
Chunk bitrate: 13 2000000
Buffer size: 14 56001
Download Time: 2045994
Chunk bitrate: 14 2000000
Buffer size: 15 60001
Download Time: 1785736
Chunk bitrate: 15 3000000
Buffer size: 15 64001
Chunk bitrate: 15 3000000
Buffer size: 16 64001
Download Time: 2190008
Chunk bitrate: 16 3000000
Buffer size: 17 68001
Download Time: 1823321
Chunk bitrate: 17 3000000
Buffer size: 18 72001
Download Time: 2275405
Chunk bitrate: 18 3000000
Buffer size: 19 76001
Download Time: 1288892
Chunk bitrate: 19 3000000
Buffer size: 20 80001
Download Time: 1962250
Chunk bitrate: 20 3000000
Buffer size: 21 84001
Download Time: 2918786
Chunk bitrate: 21 1000000
Buffer size: 21 88001
Chunk bitrate: 21 1000000
Buffer size: 22 88001
Download Time: 1645461
Chunk bitrate: 22 1000000
Buffer size: 23 92001
Download Time: 1710629
Chunk bitrate: 23 1000000
Buffer size: 24 96001
Download Time: 1564367
Chunk bitrate: 24 1000000
Buffer size: 25 100001
Download Time: 1361338
Chunk bitrate: 25 1000000
Buffer size: 26 104001
Download Time: 823303
Chunk bitrate: 26 3000000
Buffer size: 26 108001
Chunk bitrate: 26 3000000
Buffer size: 27 108001
Download Time: 1237903
Chunk bitrate: 27 3000000
Buffer size: 28 112001
Download Time: 1943531
Chunk bitrate: 28 3000000
Buffer size: 29 116001
Download Time: 2416687
Chunk bitrate: 29 3000000
Buffer size: 30 120001
Download Time: 1504071
Chunk bitrate: 30 3000000
Buffer size: 31 124001
Download Time: 1526111
Chunk bitrate: 31 3000000
Buffer size: 32 128001
Download Time: 4424734
Chunk bitrate: 32 1000000
Buffer size: 32 132001
Chunk bitrate: 32 1000000
Buffer size: 33 132001
Download Time: 1455656
Chunk bitrate: 33 1000000
Buffer size: 34 136001
Download Time: 1595641
Chunk bitrate: 34 1000000
Buffer size: 35 140001
Download Time: 1392294
Chunk bitrate: 35 1000000
Buffer size: 36 144001
Download Time: 1152524
Chunk bitrate: 36 1000000
Buffer size: 37 148001
Download Time: 828095
Chunk bitrate: 37 3000000
Buffer size: 37 152001
Chunk bitrate: 37 3000000
Buffer size: 38 152001
Download Time: 2343046
Chunk bitrate: 38 3000000
Buffer size: 39 156001
Download Time: 2022860
Chunk bitrate: 39 3000000
Buffer size: 40 160001
Download Time: 1733840
Chunk bitrate: 40 3000000
Buffer size: 41 164001
Download Time: 2342904
Chunk bitrate: 41 3000000
Buffer size: 42 168001
Download Time: 4157389
Chunk bitrate: 42 1000000
Buffer size: 42 172001
Chunk bitrate: 42 1000000
Buffer size: 43 172001
Download Time: 1822196
Chunk bitrate: 43 1000000
Buffer size: 44 176001
Download Time: 1237978
Chunk bitrate: 44 1000000
Buffer size: 45 180001
Download Time: 1411949
Chunk bitrate: 45 1000000
Buffer size: 46 184001
Download Time: 1435317
Chunk bitrate: 46 3000000
Buffer size: 46 188001
Chunk bitrate: 46 3000000
Buffer size: 47 188001
Download Time: 2090380
Chunk bitrate: 47 3000000
Buffer size: 48 192001
Download Time: 1749211
Chunk bitrate: 48 3000000
Buffer size: 49 196001
Download Time: 2473011
Chunk bitrate: 49 3000000
Buffer size: 50 200001
Download Time: 1875664
Chunk bitrate: 50 3000000
Buffer size: 51 204001
Download Time: 1585718
Chunk bitrate: 51 1000000
Buffer size: 51 208001
Chunk bitrate: 51 1000000
Buffer size: 52 208001
Download Time: 1431870
Chunk bitrate: 52 1000000
Buffer size: 53 212001
Download Time: 1286327
Chunk bitrate: 53 1000000
Buffer size: 54 216001
Download Time: 1599776
Chunk bitrate: 54 1000000
Buffer size: 55 220001
Download Time: 1143732
Chunk bitrate: 55 2000000
Buffer size: 55 224001
Chunk bitrate: 55 2000000
Buffer size: 56 224001
Download Time: 2450893
Chunk bitrate: 56 2000000
Buffer size: 57 228001
Download Time: 1376717
Chunk bitrate: 57 2000000
Buffer size: 58 232001
Download Time: 209766
Chunk bitrate: 58 3000000
Buffer size: 58 236001
Chunk bitrate: 58 3000000
Buffer size: 59 236001
Download Time: 1199560
Chunk bitrate: 59 3000000
Buffer size: 60 240001
Download Time: 914746
Chunk bitrate: 60 3000000
Buffer size: 61 244001
Download Time: 957732
Chunk bitrate: 61 3000000
Buffer size: 62 248001
Download Time: 322194
Chunk bitrate: 62 3000000
Buffer size: 63 252001
Download Time: 226487
Chunk bitrate: 63 3000000
Buffer size: 64 256001
Download Time: 401962
Chunk bitrate: 64 3000000
Buffer size: 65 260001
[00007f598c003378] ps mux: Close
[00007f5988001668] idummy demux: command `quit'
[00000000013f31e8] [cli] lua interface error: Error loading script /home/cs244/vlc/share/lua/intf/cli.luac: lua/intf/modules/host.lua:286: Interrupted.
