[0000000001b351e8] core interface error: no suitable interface module
[0000000001a6c338] core libvlc error: interface "globalhotkeys,none" initialization failed
[0000000001b351e8] dbus interface error: Failed to connect to the D-Bus session daemon: Unable to autolaunch a dbus-daemon without a $DISPLAY for X11
[0000000001b351e8] core interface error: no suitable interface module
[0000000001a6c338] core libvlc error: interface "dbus,none" initialization failed
[0000000001a6c338] core libvlc: Running vlc with the default interface. Use 'cvlc' to use vlc without interface.
[0000000001b351e8] qt interface error: Could not connect to X server
[0000000001b351e8] skins2 interface error: cannot initialize OSFactory
[0000000001b351e8] [cli] lua interface: Listening on host "*console".
VLC media player 3.0.0-git Vetinari
Command Line Interface initialized. Type `help' for help.
> [00007f6200003378] ps mux: Open
making a DASHManager
new ratebased adaptionlogic
Chunk bitrate: 0 349952
Buffer size: 0 0
Chunk bitrate: 0 349952
Buffer size: 0 0
[00007f6200026b48] mp4 demux: Fragment sequence discontinuity detected 0 != 2
Download Time: 729952
[00007f6200024da8] mp4 demux: Fragment sequence discontinuity detected 0 != 2
Startup Time: 1050000
Chunk bitrate: 0 1000000
Buffer size: 0 4001
Chunk bitrate: 0 1000000
Buffer size: 1 4001
Download Time: 2010072
Chunk bitrate: 1 1000000
Buffer size: 2 8001
Download Time: 1458653
Chunk bitrate: 2 1000000
Buffer size: 3 12001
Download Time: 2602876
Chunk bitrate: 3 1000000
Buffer size: 4 16001
Download Time: 2286144
Chunk bitrate: 4 1000000
Buffer size: 5 20001
Download Time: 1301315
Chunk bitrate: 5 2000000
Buffer size: 5 24001
Chunk bitrate: 5 2000000
Buffer size: 6 24001
Download Time: 1589680
Chunk bitrate: 6 2000000
Buffer size: 7 28001
Download Time: 1749173
Chunk bitrate: 7 2000000
Buffer size: 8 32001
Download Time: 1823540
Chunk bitrate: 8 3000000
Buffer size: 8 36001
Chunk bitrate: 8 3000000
Buffer size: 9 36001
Download Time: 1916079
Chunk bitrate: 9 3000000
Buffer size: 10 40001
Download Time: 3595359
Chunk bitrate: 10 1000000
Buffer size: 10 44001
Chunk bitrate: 10 1000000
Buffer size: 11 44001
Download Time: 1742384
Chunk bitrate: 11 1000000
Buffer size: 12 48001
Download Time: 1869001
Chunk bitrate: 12 1000000
Buffer size: 13 52001
Download Time: 1547912
Chunk bitrate: 13 1000000
Buffer size: 14 56001
Download Time: 1330186
Chunk bitrate: 14 1000000
Buffer size: 15 60001
Download Time: 1032193
Chunk bitrate: 15 2000000
Buffer size: 15 64001
Chunk bitrate: 15 2000000
Buffer size: 16 64001
Download Time: 2192237
Chunk bitrate: 16 2000000
Buffer size: 17 68001
Download Time: 1820717
Chunk bitrate: 17 2000000
Buffer size: 18 72001
Download Time: 1501340
Chunk bitrate: 18 3000000
Buffer size: 18 76001
Chunk bitrate: 18 3000000
Buffer size: 19 76001
Download Time: 1289737
Chunk bitrate: 19 3000000
Buffer size: 20 80001
Download Time: 1961973
Chunk bitrate: 20 3000000
Buffer size: 21 84001
Download Time: 2483750
Chunk bitrate: 21 1000000
Buffer size: 21 88001
Chunk bitrate: 21 1000000
Buffer size: 22 88001
Download Time: 1645141
Chunk bitrate: 22 1000000
Buffer size: 23 92001
Download Time: 1855078
Chunk bitrate: 23 1000000
Buffer size: 24 96001
Download Time: 1560698
Chunk bitrate: 24 1000000
Buffer size: 25 100001
Download Time: 1360884
Chunk bitrate: 25 1000000
Buffer size: 26 104001
Download Time: 1111223
Chunk bitrate: 26 3000000
Buffer size: 26 108001
Chunk bitrate: 26 3000000
Buffer size: 27 108001
Download Time: 1237589
Chunk bitrate: 27 3000000
Buffer size: 28 112001
Download Time: 1943667
Chunk bitrate: 28 3000000
Buffer size: 29 116001
Download Time: 1918930
Chunk bitrate: 29 3000000
Buffer size: 30 120001
Download Time: 755678
Chunk bitrate: 30 3000000
Buffer size: 31 124001
Download Time: 765859
Chunk bitrate: 31 3000000
Buffer size: 32 128001
Download Time: 1241910
Chunk bitrate: 32 3000000
Buffer size: 33 132001
Download Time: 1163280
Chunk bitrate: 33 3000000
Buffer size: 34 136001
Download Time: 2592550
Chunk bitrate: 34 2000000
Buffer size: 34 140001
Chunk bitrate: 34 2000000
Buffer size: 35 140001
Download Time: 2243724
Chunk bitrate: 35 2000000
Buffer size: 36 144001
Download Time: 1231401
Chunk bitrate: 36 3000000
Buffer size: 36 148001
Chunk bitrate: 36 3000000
Buffer size: 37 148001
Download Time: 2476493
Chunk bitrate: 37 3000000
Buffer size: 38 152001
Download Time: 2341555
Chunk bitrate: 38 3000000
Buffer size: 39 156001
Download Time: 2022792
Chunk bitrate: 39 3000000
Buffer size: 40 160001
Download Time: 1732898
Chunk bitrate: 40 3000000
Buffer size: 41 164001
Download Time: 3354432
Chunk bitrate: 41 2000000
Buffer size: 41 168001
Chunk bitrate: 41 2000000
Buffer size: 42 168001
Download Time: 1909535
Chunk bitrate: 42 3000000
Buffer size: 42 172001
Chunk bitrate: 42 3000000
Buffer size: 43 172001
Download Time: 2400633
Chunk bitrate: 43 3000000
Buffer size: 44 176001
Download Time: 1760908
Chunk bitrate: 44 3000000
Buffer size: 45 180001
Download Time: 1372845
Chunk bitrate: 45 3000000
Buffer size: 46 184001
Download Time: 1121467
Chunk bitrate: 46 3000000
Buffer size: 47 188001
Download Time: 1046766
Chunk bitrate: 47 3000000
Buffer size: 48 192001
Download Time: 875626
Chunk bitrate: 48 3000000
Buffer size: 49 196001
Download Time: 1514308
Chunk bitrate: 49 3000000
Buffer size: 50 200001
Download Time: 2811865
Chunk bitrate: 50 2000000
Buffer size: 50 204001
Chunk bitrate: 50 2000000
Buffer size: 51 204001
Download Time: 1659194
Chunk bitrate: 51 2000000
Buffer size: 52 208001
Download Time: 2232854
Chunk bitrate: 52 2000000
Buffer size: 53 212001
Download Time: 1962459
Chunk bitrate: 53 2000000
Buffer size: 54 216001
Download Time: 1668337
Chunk bitrate: 54 3000000
Buffer size: 54 220001
Chunk bitrate: 54 3000000
Buffer size: 55 220001
Download Time: 2046137
Chunk bitrate: 55 3000000
Buffer size: 56 224001
Download Time: 1971519
Chunk bitrate: 56 3000000
Buffer size: 57 228001
Download Time: 773686
Chunk bitrate: 57 3000000
Buffer size: 58 232001
Download Time: 327782
Chunk bitrate: 58 3000000
Buffer size: 59 236001
Download Time: 1199191
Chunk bitrate: 59 3000000
Buffer size: 60 240001
Download Time: 915213
Chunk bitrate: 60 3000000
Buffer size: 61 244001
Download Time: 954027
Chunk bitrate: 61 3000000
Buffer size: 62 248001
Download Time: 321804
Chunk bitrate: 62 3000000
Buffer size: 63 252001
Download Time: 642979
Chunk bitrate: 63 2000000
Buffer size: 63 256001
Chunk bitrate: 63 2000000
Buffer size: 64 256001
Download Time: 936410
Chunk bitrate: 64 2000000
Buffer size: 65 260001
[00007f6200003378] ps mux: Close
[00007f61fc001698] idummy demux: command `quit'
[0000000001b351e8] [cli] lua interface error: Error loading script /home/cs244/vlc/share/lua/intf/cli.luac: lua/intf/modules/host.lua:286: Interrupted.
