[00000000022751e8] core interface error: no suitable interface module
[00000000021ac338] core libvlc error: interface "globalhotkeys,none" initialization failed
[00000000022751e8] dbus interface error: Failed to connect to the D-Bus session daemon: Unable to autolaunch a dbus-daemon without a $DISPLAY for X11
[00000000022751e8] core interface error: no suitable interface module
[00000000021ac338] core libvlc error: interface "dbus,none" initialization failed
[00000000021ac338] core libvlc: Running vlc with the default interface. Use 'cvlc' to use vlc without interface.
[00000000022751e8] qt interface error: Could not connect to X server
[00000000022751e8] skins2 interface error: cannot initialize OSFactory
[00007fdec4003378] ps mux: Open
[00000000022751e8] [cli] lua interface: Listening on host "*console".
VLC media player 3.0.0-git Vetinari
Command Line Interface initialized. Type `help' for help.
> making a DASHManager
new ratebased adaptionlogic
Chunk bitrate: 0 349952
Buffer size: 0 0
Chunk bitrate: 0 349952
Buffer size: 0 0
[00007fdec4025558] mp4 demux: Fragment sequence discontinuity detected 0 != 2
Download Time: 735076
[00007fdec401a9f8] mp4 demux: Fragment sequence discontinuity detected 0 != 2
Startup Time: 1050000
Chunk bitrate: 0 1000000
Buffer size: 0 4001
Chunk bitrate: 0 1000000
Buffer size: 1 4001
Download Time: 2015588
Chunk bitrate: 1 1000000
Buffer size: 2 8001
Download Time: 1464970
Chunk bitrate: 2 1000000
Buffer size: 3 12001
Download Time: 1242283
Chunk bitrate: 3 2000000
Buffer size: 3 16001
Chunk bitrate: 3 2000000
Buffer size: 4 16001
Download Time: 1880933
Chunk bitrate: 4 2000000
Buffer size: 5 20001
Download Time: 4763322
Chunk bitrate: 5 600000
Buffer size: 5 24001
Chunk bitrate: 5 600000
Buffer size: 6 24001
Download Time: 2222962
Chunk bitrate: 6 349952
Buffer size: 6 28001
Chunk bitrate: 6 349952
Buffer size: 7 28001
Download Time: 1404507
Chunk bitrate: 7 349952
Buffer size: 8 32001
Download Time: 1777429
Chunk bitrate: 8 349952
Buffer size: 9 36001
Download Time: 1777255
Chunk bitrate: 9 349952
Buffer size: 10 40001
Download Time: 1738213
Chunk bitrate: 10 349952
Buffer size: 11 44001
Download Time: 1427026
Chunk bitrate: 11 349952
Buffer size: 12 48001
Download Time: 1804050
Chunk bitrate: 12 349952
Buffer size: 13 52001
Download Time: 1634344
Chunk bitrate: 13 349952
Buffer size: 14 56001
Download Time: 1765237
Chunk bitrate: 14 349952
Buffer size: 15 60001
Download Time: 1439021
Chunk bitrate: 15 349952
Buffer size: 16 64001
Download Time: 1581173
Chunk bitrate: 16 2000000
Buffer size: 16 68001
Chunk bitrate: 16 2000000
Buffer size: 17 68001
Download Time: 1216353
Chunk bitrate: 17 3000000
Buffer size: 17 72001
Chunk bitrate: 17 3000000
Buffer size: 18 72001
Download Time: 2277924
Chunk bitrate: 18 3000000
Buffer size: 19 76001
Download Time: 1289845
Chunk bitrate: 19 1000000
Buffer size: 19 80001
Chunk bitrate: 19 1000000
Buffer size: 20 80001
Download Time: 1825124
Chunk bitrate: 20 1000000
Buffer size: 21 84001
Download Time: 1184819
Chunk bitrate: 21 1000000
Buffer size: 22 88001
Download Time: 1636044
Chunk bitrate: 22 2000000
Buffer size: 22 92001
Chunk bitrate: 22 2000000
Buffer size: 23 92001
Download Time: 2493004
Chunk bitrate: 23 2000000
Buffer size: 24 96001
Download Time: 2082749
Chunk bitrate: 24 2000000
Buffer size: 25 100001
Download Time: 803415
Chunk bitrate: 25 3000000
Buffer size: 25 104001
Chunk bitrate: 25 3000000
Buffer size: 26 104001
Download Time: 977023
Chunk bitrate: 26 3000000
Buffer size: 27 108001
Download Time: 619967
Chunk bitrate: 27 3000000
Buffer size: 28 112001
Download Time: 974495
Chunk bitrate: 28 3000000
Buffer size: 29 116001
Download Time: 1211518
Chunk bitrate: 29 3000000
Buffer size: 30 120001
Download Time: 2540657
Chunk bitrate: 30 1000000
Buffer size: 30 124001
Chunk bitrate: 30 1000000
Buffer size: 31 124001
Download Time: 1236686
Chunk bitrate: 31 1000000
Buffer size: 32 128001
Download Time: 1699096
Chunk bitrate: 32 1000000
Buffer size: 33 132001
Download Time: 1459060
Chunk bitrate: 33 1000000
Buffer size: 34 136001
Download Time: 1600358
Chunk bitrate: 34 1000000
Buffer size: 35 140001
Download Time: 1250684
Chunk bitrate: 35 3000000
Buffer size: 35 144001
Chunk bitrate: 35 3000000
Buffer size: 36 144001
Download Time: 1665694
Chunk bitrate: 36 3000000
Buffer size: 37 148001
Download Time: 2475915
Chunk bitrate: 37 3000000
Buffer size: 38 152001
Download Time: 1419780
Chunk bitrate: 38 3000000
Buffer size: 39 156001
Download Time: 1013539
Chunk bitrate: 39 3000000
Buffer size: 40 160001
Download Time: 869945
Chunk bitrate: 40 3000000
Buffer size: 41 164001
Download Time: 1177466
Chunk bitrate: 41 3000000
Buffer size: 42 168001
Download Time: 1152951
Chunk bitrate: 42 2000000
Buffer size: 42 172001
Chunk bitrate: 42 2000000
Buffer size: 43 172001
Download Time: 3259449
Chunk bitrate: 43 1000000
Buffer size: 43 176001
Chunk bitrate: 43 1000000
Buffer size: 44 176001
Download Time: 1243459
Chunk bitrate: 44 2000000
Buffer size: 44 180001
Chunk bitrate: 44 2000000
Buffer size: 45 180001
Download Time: 2022106
Chunk bitrate: 45 2000000
Buffer size: 46 184001
Download Time: 2279735
Chunk bitrate: 46 2000000
Buffer size: 47 188001
Download Time: 1451058
Chunk bitrate: 47 3000000
Buffer size: 47 192001
Chunk bitrate: 47 3000000
Buffer size: 48 192001
Download Time: 1747666
Chunk bitrate: 48 3000000
Buffer size: 49 196001
Download Time: 2316326
Chunk bitrate: 49 3000000
Buffer size: 50 200001
Download Time: 940310
Chunk bitrate: 50 3000000
Buffer size: 51 204001
Download Time: 775684
Chunk bitrate: 51 3000000
Buffer size: 52 208001
Download Time: 1137188
Chunk bitrate: 52 3000000
Buffer size: 53 212001
Download Time: 1074641
Chunk bitrate: 53 3000000
Buffer size: 54 216001
Download Time: 1895052
Chunk bitrate: 54 2000000
Buffer size: 54 220001
Chunk bitrate: 54 2000000
Buffer size: 55 220001
Download Time: 2151189
[00007fdec4003378] core mux error: cannot add this stream
[00007fdec4221b08] core decoder error: cannot create packetizer output (h264)
Chunk bitrate: 55 2000000
Buffer size: 56 224001
Download Time: 2456803
Chunk bitrate: 56 2000000
Buffer size: 57 228001
Download Time: 1379593
Chunk bitrate: 57 2000000
Buffer size: 58 232001
Download Time: 627330
Chunk bitrate: 58 2000000
Buffer size: 59 236001
Download Time: 2268233
Chunk bitrate: 59 3000000
Buffer size: 59 240001
Chunk bitrate: 59 3000000
Buffer size: 60 240001
Download Time: 1825853
[00007fdec4003378] core mux error: cannot add this stream
[00007fdec422e148] core decoder error: cannot create packetizer output (h264)
Chunk bitrate: 60 3000000
Buffer size: 61 244001
Download Time: 1902597
Chunk bitrate: 61 3000000
Buffer size: 62 248001
Download Time: 641866
Chunk bitrate: 62 3000000
Buffer size: 63 252001
Download Time: 227520
Chunk bitrate: 63 3000000
Buffer size: 64 256001
Download Time: 401540
Chunk bitrate: 64 3000000
Buffer size: 65 260001
[00007fdec4003378] ps mux: Close
[00007fdebc0010a8] idummy demux: command `quit'
[00000000022751e8] [cli] lua interface error: Error loading script /home/cs244/vlc/share/lua/intf/cli.luac: lua/intf/modules/host.lua:286: Interrupted.
