[00000000017a91e8] core interface error: no suitable interface module
[00000000016e0338] core libvlc error: interface "globalhotkeys,none" initialization failed
[00000000017a91e8] dbus interface error: Failed to connect to the D-Bus session daemon: Unable to autolaunch a dbus-daemon without a $DISPLAY for X11
[00000000017a91e8] core interface error: no suitable interface module
[00000000016e0338] core libvlc error: interface "dbus,none" initialization failed
[00000000016e0338] core libvlc: Running vlc with the default interface. Use 'cvlc' to use vlc without interface.
[00000000017a91e8] qt interface error: Could not connect to X server
[00000000017a91e8] skins2 interface error: cannot initialize OSFactory
[00000000017a91e8] [cli] lua interface: Listening on host "*console".
VLC media player 3.0.0-git Vetinari
Command Line Interface initialized. Type `help' for help.
> [00007f3c7c003378] ps mux: Open
making a DASHManager
new ratebased adaptionlogic
Chunk bitrate: 0 349952
Buffer size: 0 0
Chunk bitrate: 0 349952
Buffer size: 0 0
[00007f3c7c01a3f8] mp4 demux: Fragment sequence discontinuity detected 0 != 2
Download Time: 148645
[00007f3c7c025568] mp4 demux: Fragment sequence discontinuity detected 0 != 2
Startup Time: 1050000
Chunk bitrate: 0 3000000
Buffer size: 0 4001
Chunk bitrate: 0 3000000
Buffer size: 1 4001
Download Time: 1136497
Chunk bitrate: 1 3000000
Buffer size: 2 8001
Download Time: 952408
Chunk bitrate: 2 3000000
Buffer size: 3 12001
Download Time: 1168090
Chunk bitrate: 3 3000000
Buffer size: 4 16001
Download Time: 973547
Chunk bitrate: 4 3000000
Buffer size: 5 20001
Download Time: 1244085
Chunk bitrate: 5 3000000
Buffer size: 6 24001
Download Time: 843366
Chunk bitrate: 6 3000000
Buffer size: 7 28001
Download Time: 829095
Chunk bitrate: 7 3000000
Buffer size: 8 32001
Download Time: 1310082
Chunk bitrate: 8 3000000
Buffer size: 9 36001
Download Time: 960472
Chunk bitrate: 9 3000000
Buffer size: 10 40001
Download Time: 3309837
Chunk bitrate: 10 2000000
Buffer size: 10 44001
Chunk bitrate: 10 2000000
Buffer size: 11 44001
Download Time: 1832694
Chunk bitrate: 11 3000000
Buffer size: 11 48001
Chunk bitrate: 11 3000000
Buffer size: 12 48001
Download Time: 2656073
Chunk bitrate: 12 3000000
Buffer size: 13 52001
Download Time: 2076353
Chunk bitrate: 13 3000000
Buffer size: 14 56001
Download Time: 941952
Chunk bitrate: 14 3000000
Buffer size: 15 60001
Download Time: 888711
Chunk bitrate: 15 3000000
Buffer size: 16 64001
Download Time: 1096378
Chunk bitrate: 16 3000000
Buffer size: 17 68001
Download Time: 913781
Chunk bitrate: 17 3000000
Buffer size: 18 72001
Download Time: 1141356
Chunk bitrate: 18 3000000
Buffer size: 19 76001
Download Time: 647229
Chunk bitrate: 19 3000000
Buffer size: 20 80001
Download Time: 983980
Chunk bitrate: 20 3000000
Buffer size: 21 84001
Download Time: 602895
Chunk bitrate: 21 3000000
Buffer size: 22 88001
Download Time: 892827
Chunk bitrate: 22 3000000
Buffer size: 23 92001
Download Time: 1174706
Chunk bitrate: 23 3000000
Buffer size: 24 96001
Download Time: 1874231
Chunk bitrate: 24 3000000
Buffer size: 25 100001
Download Time: 2059046
Chunk bitrate: 25 3000000
Buffer size: 26 104001
Download Time: 2334405
Chunk bitrate: 26 2000000
Buffer size: 26 108001
Chunk bitrate: 26 2000000
Buffer size: 27 108001
Download Time: 1301728
Chunk bitrate: 27 2000000
Buffer size: 28 112001
Download Time: 2038035
Chunk bitrate: 28 2000000
Buffer size: 29 116001
Download Time: 992248
Chunk bitrate: 29 3000000
Buffer size: 29 120001
Chunk bitrate: 29 3000000
Buffer size: 30 120001
Download Time: 755783
Chunk bitrate: 30 3000000
Buffer size: 31 124001
Download Time: 764691
Chunk bitrate: 31 3000000
Buffer size: 32 128001
Download Time: 1241986
Chunk bitrate: 32 3000000
Buffer size: 33 132001
Download Time: 1166731
Chunk bitrate: 33 3000000
Buffer size: 34 136001
Download Time: 1143497
Chunk bitrate: 34 3000000
Buffer size: 35 140001
Download Time: 1036154
Chunk bitrate: 35 3000000
Buffer size: 36 144001
Download Time: 835828
Chunk bitrate: 36 3000000
Buffer size: 37 148001
Download Time: 1240085
Chunk bitrate: 37 3000000
Buffer size: 38 152001
Download Time: 1997501
Chunk bitrate: 38 3000000
Buffer size: 39 156001
Download Time: 3035090
Chunk bitrate: 39 2000000
Buffer size: 39 160001
Chunk bitrate: 39 2000000
Buffer size: 40 160001
Download Time: 1332125
Chunk bitrate: 40 3000000
Buffer size: 40 164001
Chunk bitrate: 40 3000000
Buffer size: 41 164001
Download Time: 2343779
Chunk bitrate: 41 3000000
Buffer size: 42 168001
Download Time: 2530041
Chunk bitrate: 42 600000
Buffer size: 42 172001
Chunk bitrate: 42 600000
Buffer size: 43 172001
Download Time: 2924911
Chunk bitrate: 43 349952
Buffer size: 43 176001
Chunk bitrate: 43 349952
Buffer size: 44 176001
Download Time: 1611031
Chunk bitrate: 44 349952
Buffer size: 45 180001
Download Time: 1594308
Chunk bitrate: 45 349952
Buffer size: 46 184001
Download Time: 1751982
Chunk bitrate: 46 349952
Buffer size: 47 188001
Download Time: 1608067
Chunk bitrate: 47 349952
Buffer size: 48 192001
Download Time: 1504795
Chunk bitrate: 48 349952
Buffer size: 49 196001
Download Time: 1673212
Chunk bitrate: 49 349952
Buffer size: 50 200001
Download Time: 1714184
Chunk bitrate: 50 349952
Buffer size: 51 204001
Download Time: 1517577
Chunk bitrate: 51 349952
Buffer size: 52 208001
Download Time: 1583793
Chunk bitrate: 52 349952
Buffer size: 53 212001
Download Time: 1596006
Chunk bitrate: 53 349952
Buffer size: 54 216001
Download Time: 1383778
Chunk bitrate: 54 1000000
Buffer size: 54 220001
Chunk bitrate: 54 1000000
Buffer size: 55 220001
Download Time: 1825274
Chunk bitrate: 55 1000000
Buffer size: 56 224001
Download Time: 1992880
Chunk bitrate: 56 1000000
Buffer size: 57 228001
Download Time: 1109108
Chunk bitrate: 57 1000000
Buffer size: 58 232001
Download Time: 448364
Chunk bitrate: 58 1000000
Buffer size: 59 236001
Download Time: 1699366
Chunk bitrate: 59 1000000
Buffer size: 60 240001
Download Time: 1284714
Chunk bitrate: 60 1000000
Buffer size: 61 244001
Download Time: 1055754
Chunk bitrate: 61 3000000
Buffer size: 61 248001
Chunk bitrate: 61 3000000
Buffer size: 62 248001
Download Time: 640159
Chunk bitrate: 62 3000000
Buffer size: 63 252001
Download Time: 450667
Chunk bitrate: 63 3000000
Buffer size: 64 256001
Download Time: 800873
Chunk bitrate: 64 3000000
Buffer size: 65 260001
[00007f3c7c003378] ps mux: Close
[00007f3c7c0cae48] idummy demux: command `quit'
[00000000017a91e8] [cli] lua interface error: Error loading script /home/cs244/vlc/share/lua/intf/cli.luac: lua/intf/modules/host.lua:286: Interrupted.
