[00000000013311e8] core interface error: no suitable interface module
[0000000001268338] core libvlc error: interface "globalhotkeys,none" initialization failed
[00000000013311e8] dbus interface error: Failed to connect to the D-Bus session daemon: Unable to autolaunch a dbus-daemon without a $DISPLAY for X11
[00000000013311e8] core interface error: no suitable interface module
[0000000001268338] core libvlc error: interface "dbus,none" initialization failed
[0000000001268338] core libvlc: Running vlc with the default interface. Use 'cvlc' to use vlc without interface.
[00000000013311e8] qt interface error: Could not connect to X server
[00000000013311e8] skins2 interface error: cannot initialize OSFactory
[00000000013311e8] [cli] lua interface: Listening on host "*console".
VLC media player 3.0.0-git Vetinari
Command Line Interface initialized. Type `help' for help.
> [00007f2884003378] ps mux: Open
making a DASHManager
new ratebased adaptionlogic
Chunk bitrate: 0 349952
Buffer size: 0 0
Chunk bitrate: 0 349952
Buffer size: 0 0
[00007f2884023ae8] mp4 demux: Fragment sequence discontinuity detected 0 != 2
Download Time: 875927
[00007f2884022e78] mp4 demux: Fragment sequence discontinuity detected 0 != 2
Startup Time: 1050000
Chunk bitrate: 0 1000000
Buffer size: 0 4001
Chunk bitrate: 0 1000000
Buffer size: 1 4001
Download Time: 2411763
Chunk bitrate: 1 1000000
Buffer size: 2 8001
Download Time: 1573564
Chunk bitrate: 2 1000000
Buffer size: 3 12001
Download Time: 1544763
Chunk bitrate: 3 1000000
Buffer size: 4 16001
Download Time: 1307677
Chunk bitrate: 4 1000000
Buffer size: 5 20001
Download Time: 1658228
Chunk bitrate: 5 2000000
Buffer size: 5 24001
Chunk bitrate: 5 2000000
Buffer size: 6 24001
Download Time: 1593165
Chunk bitrate: 6 2000000
Buffer size: 7 28001
Download Time: 1753107
Chunk bitrate: 7 2000000
Buffer size: 8 32001
Download Time: 3582846
Chunk bitrate: 8 1000000
Buffer size: 8 36001
Chunk bitrate: 8 1000000
Buffer size: 9 36001
Download Time: 1835178
Chunk bitrate: 9 1000000
Buffer size: 10 40001
Download Time: 1477862
Chunk bitrate: 10 1000000
Buffer size: 11 44001
Download Time: 1401371
Chunk bitrate: 11 1000000
Buffer size: 12 48001
Download Time: 1729366
Chunk bitrate: 12 1000000
Buffer size: 13 52001
Download Time: 1337895
Chunk bitrate: 13 2000000
Buffer size: 13 56001
Chunk bitrate: 13 2000000
Buffer size: 14 56001
Download Time: 2045256
Chunk bitrate: 14 2000000
Buffer size: 15 60001
Download Time: 1824043
Chunk bitrate: 15 2000000
Buffer size: 16 64001
Download Time: 1545430
Chunk bitrate: 16 3000000
Buffer size: 16 68001
Chunk bitrate: 16 3000000
Buffer size: 17 68001
Download Time: 1823788
Chunk bitrate: 17 3000000
Buffer size: 18 72001
Download Time: 3566921
Chunk bitrate: 18 1000000
Buffer size: 18 76001
Chunk bitrate: 18 1000000
Buffer size: 19 76001
Download Time: 1490623
Chunk bitrate: 19 1000000
Buffer size: 20 80001
Download Time: 2034029
Chunk bitrate: 20 1000000
Buffer size: 21 84001
Download Time: 944295
Chunk bitrate: 21 1000000
Buffer size: 22 88001
Download Time: 1323980
Chunk bitrate: 22 1000000
Buffer size: 23 92001
Download Time: 1662955
Chunk bitrate: 23 1000000
Buffer size: 24 96001
Download Time: 1171043
Chunk bitrate: 24 2000000
Buffer size: 24 100001
Chunk bitrate: 24 2000000
Buffer size: 25 100001
Download Time: 2067031
Chunk bitrate: 25 2000000
Buffer size: 26 104001
Download Time: 1811172
Chunk bitrate: 26 3000000
Buffer size: 26 108001
Chunk bitrate: 26 3000000
Buffer size: 27 108001
Download Time: 1237100
Chunk bitrate: 27 3000000
Buffer size: 28 112001
Download Time: 1942440
Chunk bitrate: 28 3000000
Buffer size: 29 116001
Download Time: 4394250
Chunk bitrate: 29 1000000
Buffer size: 29 120001
Chunk bitrate: 29 1000000
Buffer size: 30 120001
Download Time: 1656175
Chunk bitrate: 30 1000000
Buffer size: 31 124001
Download Time: 1254192
Chunk bitrate: 31 1000000
Buffer size: 32 128001
Download Time: 1696025
Chunk bitrate: 32 1000000
Buffer size: 33 132001
Download Time: 1454588
Chunk bitrate: 33 1000000
Buffer size: 34 136001
Download Time: 1286815
Chunk bitrate: 34 2000000
Buffer size: 34 140001
Chunk bitrate: 34 2000000
Buffer size: 35 140001
Download Time: 2246536
Chunk bitrate: 35 2000000
Buffer size: 36 144001
Download Time: 1641054
Chunk bitrate: 36 3000000
Buffer size: 36 148001
Chunk bitrate: 36 3000000
Buffer size: 37 148001
Download Time: 2483359
Chunk bitrate: 37 3000000
Buffer size: 38 152001
Download Time: 2341840
Chunk bitrate: 38 3000000
Buffer size: 39 156001
Download Time: 5690896
Chunk bitrate: 39 1000000
Buffer size: 39 160001
Chunk bitrate: 39 1000000
Buffer size: 40 160001
Download Time: 1143990
Chunk bitrate: 40 1000000
Buffer size: 41 164001
Download Time: 1582343
Chunk bitrate: 41 1000000
Buffer size: 42 168001
Download Time: 1369611
Chunk bitrate: 42 2000000
Buffer size: 42 172001
Chunk bitrate: 42 2000000
Buffer size: 43 172001
Download Time: 2444940
Chunk bitrate: 43 2000000
Buffer size: 44 176001
Download Time: 1880449
Chunk bitrate: 44 2000000
Buffer size: 45 180001
Download Time: 1467926
Chunk bitrate: 45 3000000
Buffer size: 45 184001
Chunk bitrate: 45 3000000
Buffer size: 46 184001
Download Time: 2236788
Chunk bitrate: 46 3000000
Buffer size: 47 188001
Download Time: 3199383
Chunk bitrate: 47 1000000
Buffer size: 47 192001
Chunk bitrate: 47 1000000
Buffer size: 48 192001
Download Time: 1637655
Chunk bitrate: 48 1000000
Buffer size: 49 196001
Download Time: 1961862
Chunk bitrate: 49 1000000
Buffer size: 50 200001
Download Time: 1411958
Chunk bitrate: 50 1000000
Buffer size: 51 204001
Download Time: 1144712
Chunk bitrate: 51 1000000
Buffer size: 52 208001
Download Time: 1436369
Chunk bitrate: 52 1000000
Buffer size: 53 212001
Download Time: 977080
Chunk bitrate: 53 2000000
Buffer size: 53 216001
Chunk bitrate: 53 2000000
Buffer size: 54 216001
Download Time: 2238565
[00007f2884003378] core mux error: cannot add this stream
[00007f28840e55a8] core decoder error: cannot create packetizer output (h264)
Chunk bitrate: 54 2000000
Buffer size: 55 220001
Download Time: 1989029
Chunk bitrate: 55 3000000
Buffer size: 55 224001
Chunk bitrate: 55 3000000
Buffer size: 56 224001
Download Time: 2239582
[00007f2884003378] core mux error: cannot add this stream
[00007f28840c4a28] core decoder error: cannot create packetizer output (h264)
Chunk bitrate: 56 3000000
Buffer size: 57 228001
Download Time: 1546622
Chunk bitrate: 57 3000000
Buffer size: 58 232001
Download Time: 653065
Chunk bitrate: 58 3000000
Buffer size: 59 236001
Download Time: 6429000
Chunk bitrate: 59 1000000
Buffer size: 59 240001
Chunk bitrate: 59 1000000
Buffer size: 60 240001
Download Time: 1287366
[00007f2884003378] core mux error: cannot add this stream
[00007f28840cf2e8] core decoder error: cannot create packetizer output (h264)
Chunk bitrate: 60 1000000
Buffer size: 61 244001
Download Time: 1336410
Chunk bitrate: 61 1000000
Buffer size: 62 248001
Download Time: 485299
Chunk bitrate: 62 1000000
Buffer size: 63 252001
Download Time: 499273
Chunk bitrate: 63 1000000
Buffer size: 64 256001
Download Time: 993980
Chunk bitrate: 64 1000000
Buffer size: 65 260001
[00007f2884003378] ps mux: Close
[00007f28841cbb18] idummy demux: command `quit'
[00000000013311e8] [cli] lua interface error: Error loading script /home/cs244/vlc/share/lua/intf/cli.luac: lua/intf/modules/host.lua:286: Interrupted.
