[0000000001aac1e8] core interface error: no suitable interface module
[00000000019e3338] core libvlc error: interface "globalhotkeys,none" initialization failed
[0000000001aac1e8] dbus interface error: Failed to connect to the D-Bus session daemon: Unable to autolaunch a dbus-daemon without a $DISPLAY for X11
[0000000001aac1e8] core interface error: no suitable interface module
[00000000019e3338] core libvlc error: interface "dbus,none" initialization failed
[00000000019e3338] core libvlc: Running vlc with the default interface. Use 'cvlc' to use vlc without interface.
[0000000001aac1e8] qt interface error: Could not connect to X server
[0000000001aac1e8] skins2 interface error: cannot initialize OSFactory
[0000000001aac1e8] [cli] lua interface: Listening on host "*console".
VLC media player 3.0.0-git Vetinari
Command Line Interface initialized. Type `help' for help.
> [00007f30f4003378] ps mux: Open
making a DASHManager
new ratebased adaptionlogic
Chunk bitrate: 0 349952
Buffer size: 0 0
Chunk bitrate: 0 349952
Buffer size: 0 0
[00007f30f401a2f8] mp4 demux: Fragment sequence discontinuity detected 0 != 2
Download Time: 149345
[00007f30f40241f8] mp4 demux: Fragment sequence discontinuity detected 0 != 2
Startup Time: 1050000
Chunk bitrate: 0 3000000
Buffer size: 0 4001
Chunk bitrate: 0 3000000
Buffer size: 1 4001
Download Time: 1136537
Chunk bitrate: 1 3000000
Buffer size: 2 8001
Download Time: 952468
Chunk bitrate: 2 3000000
Buffer size: 3 12001
Download Time: 1168521
Chunk bitrate: 3 3000000
Buffer size: 4 16001
Download Time: 972564
Chunk bitrate: 4 3000000
Buffer size: 5 20001
Download Time: 4094128
Chunk bitrate: 5 1000000
Buffer size: 5 24001
Chunk bitrate: 5 1000000
Buffer size: 6 24001
Download Time: 1099782
Chunk bitrate: 6 2000000
Buffer size: 6 28001
Chunk bitrate: 6 2000000
Buffer size: 7 28001
Download Time: 1752169
Chunk bitrate: 7 2000000
Buffer size: 8 32001
Download Time: 2659006
Chunk bitrate: 8 2000000
Buffer size: 9 36001
Download Time: 1402925
Chunk bitrate: 9 3000000
Buffer size: 9 40001
Chunk bitrate: 9 3000000
Buffer size: 10 40001
Download Time: 2207688
Chunk bitrate: 10 3000000
Buffer size: 11 44001
Download Time: 2081625
Chunk bitrate: 11 2000000
Buffer size: 11 48001
Chunk bitrate: 11 2000000
Buffer size: 12 48001
Download Time: 2676238
Chunk bitrate: 12 2000000
Buffer size: 13 52001
Download Time: 2184073
Chunk bitrate: 13 2000000
Buffer size: 14 56001
Download Time: 2048361
Chunk bitrate: 14 2000000
Buffer size: 15 60001
Download Time: 1825060
Chunk bitrate: 15 2000000
Buffer size: 16 64001
Download Time: 1591952
Chunk bitrate: 16 3000000
Buffer size: 16 68001
Chunk bitrate: 16 3000000
Buffer size: 17 68001
Download Time: 1823841
Chunk bitrate: 17 3000000
Buffer size: 18 72001
Download Time: 2059499
Chunk bitrate: 18 3000000
Buffer size: 19 76001
Download Time: 645594
Chunk bitrate: 19 3000000
Buffer size: 20 80001
Download Time: 983544
Chunk bitrate: 20 3000000
Buffer size: 21 84001
Download Time: 602921
Chunk bitrate: 21 3000000
Buffer size: 22 88001
Download Time: 891221
Chunk bitrate: 22 3000000
Buffer size: 23 92001
Download Time: 1175375
Chunk bitrate: 23 3000000
Buffer size: 24 96001
Download Time: 2540617
Chunk bitrate: 24 2000000
Buffer size: 24 100001
Chunk bitrate: 24 2000000
Buffer size: 25 100001
Download Time: 2070112
Chunk bitrate: 25 2000000
Buffer size: 26 104001
Download Time: 1457936
Chunk bitrate: 26 3000000
Buffer size: 26 108001
Chunk bitrate: 26 3000000
Buffer size: 27 108001
Download Time: 1237354
Chunk bitrate: 27 3000000
Buffer size: 28 112001
Download Time: 1944460
Chunk bitrate: 28 3000000
Buffer size: 29 116001
Download Time: 2415188
Chunk bitrate: 29 3000000
Buffer size: 30 120001
Download Time: 1506134
Chunk bitrate: 30 3000000
Buffer size: 31 124001
Download Time: 1524803
Chunk bitrate: 31 3000000
Buffer size: 32 128001
Download Time: 1287401
Chunk bitrate: 32 3000000
Buffer size: 33 132001
Download Time: 1163706
Chunk bitrate: 33 3000000
Buffer size: 34 136001
Download Time: 1136662
Chunk bitrate: 34 3000000
Buffer size: 35 140001
Download Time: 1036143
Chunk bitrate: 35 3000000
Buffer size: 36 144001
Download Time: 1323500
Chunk bitrate: 36 3000000
Buffer size: 37 148001
Download Time: 2476190
Chunk bitrate: 37 3000000
Buffer size: 38 152001
Download Time: 2342060
Chunk bitrate: 38 3000000
Buffer size: 39 156001
Download Time: 2024050
Chunk bitrate: 39 3000000
Buffer size: 40 160001
Download Time: 1733354
Chunk bitrate: 40 3000000
Buffer size: 41 164001
Download Time: 1265353
Chunk bitrate: 41 3000000
Buffer size: 42 168001
Download Time: 975293
Chunk bitrate: 42 3000000
Buffer size: 43 172001
Download Time: 1201805
Chunk bitrate: 43 3000000
Buffer size: 44 176001
Download Time: 883008
Chunk bitrate: 44 3000000
Buffer size: 45 180001
Download Time: 1379807
Chunk bitrate: 45 3000000
Buffer size: 46 184001
Download Time: 2237028
Chunk bitrate: 46 3000000
Buffer size: 47 188001
Download Time: 2135367
Chunk bitrate: 47 2000000
Buffer size: 47 192001
Chunk bitrate: 47 2000000
Buffer size: 48 192001
Download Time: 1782336
Chunk bitrate: 48 2000000
Buffer size: 49 196001
Download Time: 2456781
Chunk bitrate: 49 2000000
Buffer size: 50 200001
Download Time: 1419697
Chunk bitrate: 50 3000000
Buffer size: 50 204001
Chunk bitrate: 50 3000000
Buffer size: 51 204001
Download Time: 1547334
Chunk bitrate: 51 3000000
Buffer size: 52 208001
Download Time: 2186514
Chunk bitrate: 52 3000000
Buffer size: 53 212001
Download Time: 1074028
Chunk bitrate: 53 3000000
Buffer size: 54 216001
Download Time: 1137655
Chunk bitrate: 54 3000000
Buffer size: 55 220001
Download Time: 1025407
Chunk bitrate: 55 3000000
Buffer size: 56 224001
Download Time: 1121628
Chunk bitrate: 56 3000000
Buffer size: 57 228001
Download Time: 1539561
Chunk bitrate: 57 2000000
Buffer size: 57 232001
Chunk bitrate: 57 2000000
Buffer size: 58 232001
Download Time: 627550
Chunk bitrate: 58 2000000
Buffer size: 59 236001
Download Time: 2476004
Chunk bitrate: 59 2000000
Buffer size: 60 240001
Download Time: 1432590
Chunk bitrate: 60 3000000
Buffer size: 60 244001
Chunk bitrate: 60 3000000
Buffer size: 61 244001
Download Time: 1904541
Chunk bitrate: 61 3000000
Buffer size: 62 248001
Download Time: 641555
Chunk bitrate: 62 3000000
Buffer size: 63 252001
Download Time: 450140
Chunk bitrate: 63 3000000
Buffer size: 64 256001
Download Time: 800358
Chunk bitrate: 64 3000000
Buffer size: 65 260001
[00007f30f4003378] ps mux: Close
[00007f30f0009b68] idummy demux: command `quit'
[0000000001aac1e8] [cli] lua interface error: Error loading script /home/cs244/vlc/share/lua/intf/cli.luac: lua/intf/modules/host.lua:286: Interrupted.
