[00000000007421e8] core interface error: no suitable interface module
[0000000000679338] core libvlc error: interface "globalhotkeys,none" initialization failed
[00000000007421e8] dbus interface error: Failed to connect to the D-Bus session daemon: Unable to autolaunch a dbus-daemon without a $DISPLAY for X11
[00000000007421e8] core interface error: no suitable interface module
[0000000000679338] core libvlc error: interface "dbus,none" initialization failed
[0000000000679338] core libvlc: Running vlc with the default interface. Use 'cvlc' to use vlc without interface.
[00000000007421e8] qt interface error: Could not connect to X server
[00000000007421e8] skins2 interface error: cannot initialize OSFactory
[00007fc7c8003378] ps mux: Open
[00000000007421e8] [cli] lua interface: Listening on host "*console".
VLC media player 3.0.0-git Vetinari
Command Line Interface initialized. Type `help' for help.
> making a DASHManager
new ratebased adaptionlogic
Chunk bitrate: 0 349952
Buffer size: 0 0
Chunk bitrate: 0 349952
Buffer size: 0 0
[00007fc7c80254c8] mp4 demux: Fragment sequence discontinuity detected 0 != 2
Download Time: 1167094
[00007fc7c8026c68] mp4 demux: Fragment sequence discontinuity detected 0 != 2
Startup Time: 1050000
Chunk bitrate: 0 600000
Buffer size: 0 4001
Chunk bitrate: 0 600000
Buffer size: 1 4001
Download Time: 2064176
Chunk bitrate: 1 600000
Buffer size: 2 8001
Download Time: 1193932
Chunk bitrate: 2 3000000
Buffer size: 2 12001
Chunk bitrate: 2 3000000
Buffer size: 3 12001
Download Time: 2333577
Chunk bitrate: 3 3000000
Buffer size: 4 16001
Download Time: 1942822
Chunk bitrate: 4 3000000
Buffer size: 5 20001
Download Time: 6902932
Chunk bitrate: 5 1000000
Buffer size: 5 24001
Chunk bitrate: 5 1000000
Buffer size: 6 24001
Download Time: 1379437
Chunk bitrate: 6 1000000
Buffer size: 7 28001
Download Time: 1494481
Chunk bitrate: 7 1000000
Buffer size: 8 32001
Download Time: 1719586
Chunk bitrate: 8 1000000
Buffer size: 9 36001
Download Time: 1472627
Chunk bitrate: 9 1000000
Buffer size: 10 40001
Download Time: 1284831
Chunk bitrate: 10 1000000
Buffer size: 11 44001
Download Time: 1190851
Chunk bitrate: 11 2000000
Buffer size: 11 48001
Chunk bitrate: 11 2000000
Buffer size: 12 48001
Download Time: 2675452
Chunk bitrate: 12 2000000
Buffer size: 13 52001
Download Time: 3046390
Chunk bitrate: 13 1000000
Buffer size: 13 56001
Chunk bitrate: 13 1000000
Buffer size: 14 56001
Download Time: 2324935
Chunk bitrate: 14 1000000
Buffer size: 15 60001
Download Time: 1862120
Chunk bitrate: 15 1000000
Buffer size: 16 64001
Download Time: 2301547
Chunk bitrate: 16 1000000
Buffer size: 17 68001
Download Time: 1639982
Chunk bitrate: 17 2000000
Buffer size: 17 72001
Chunk bitrate: 17 2000000
Buffer size: 18 72001
Download Time: 2073716
Chunk bitrate: 18 2000000
Buffer size: 19 76001
Download Time: 1378255
Chunk bitrate: 19 2000000
Buffer size: 20 80001
Download Time: 1769571
Chunk bitrate: 20 3000000
Buffer size: 20 84001
Chunk bitrate: 20 3000000
Buffer size: 21 84001
Download Time: 1202493
Chunk bitrate: 21 3000000
Buffer size: 22 88001
Download Time: 1778208
Chunk bitrate: 22 3000000
Buffer size: 23 92001
Download Time: 3593097
Chunk bitrate: 23 1000000
Buffer size: 23 96001
Chunk bitrate: 23 1000000
Buffer size: 24 96001
Download Time: 1564288
Chunk bitrate: 24 1000000
Buffer size: 25 100001
Download Time: 1045404
Chunk bitrate: 25 3000000
Buffer size: 25 104001
Chunk bitrate: 25 3000000
Buffer size: 26 104001
Download Time: 1947705
Chunk bitrate: 26 3000000
Buffer size: 27 108001
Download Time: 1237031
Chunk bitrate: 27 3000000
Buffer size: 28 112001
Download Time: 1943860
Chunk bitrate: 28 3000000
Buffer size: 29 116001
Download Time: 2415208
Chunk bitrate: 29 3000000
Buffer size: 30 120001
Download Time: 1505656
Chunk bitrate: 30 3000000
Buffer size: 31 124001
Download Time: 1525499
Chunk bitrate: 31 3000000
Buffer size: 32 128001
Download Time: 2479272
Chunk bitrate: 32 3000000
Buffer size: 33 132001
Download Time: 2883751
Chunk bitrate: 33 2000000
Buffer size: 33 136001
Chunk bitrate: 33 2000000
Buffer size: 34 136001
Download Time: 2246909
Chunk bitrate: 34 2000000
Buffer size: 35 140001
Download Time: 1804075
Chunk bitrate: 35 3000000
Buffer size: 35 144001
Chunk bitrate: 35 3000000
Buffer size: 36 144001
Download Time: 1665763
Chunk bitrate: 36 3000000
Buffer size: 37 148001
Download Time: 2389694
Chunk bitrate: 37 3000000
Buffer size: 38 152001
Download Time: 1173298
Chunk bitrate: 38 3000000
Buffer size: 39 156001
Download Time: 1013721
Chunk bitrate: 39 3000000
Buffer size: 40 160001
Download Time: 869854
Chunk bitrate: 40 3000000
Buffer size: 41 164001
Download Time: 1174039
Chunk bitrate: 41 3000000
Buffer size: 42 168001
Download Time: 974372
Chunk bitrate: 42 3000000
Buffer size: 43 172001
Download Time: 1202061
Chunk bitrate: 43 3000000
Buffer size: 44 176001
Download Time: 882313
Chunk bitrate: 44 3000000
Buffer size: 45 180001
Download Time: 1053330
Chunk bitrate: 45 3000000
Buffer size: 46 184001
Download Time: 1121290
Chunk bitrate: 46 3000000
Buffer size: 47 188001
Download Time: 2916741
Chunk bitrate: 47 2000000
Buffer size: 47 192001
Chunk bitrate: 47 2000000
Buffer size: 48 192001
Download Time: 1782359
Chunk bitrate: 48 2000000
Buffer size: 49 196001
Download Time: 1719383
Chunk bitrate: 49 3000000
Buffer size: 49 200001
Chunk bitrate: 49 3000000
Buffer size: 50 200001
Download Time: 1873404
Chunk bitrate: 50 3000000
Buffer size: 51 204001
Download Time: 1547924
Chunk bitrate: 51 3000000
Buffer size: 52 208001
Download Time: 2270122
Chunk bitrate: 52 3000000
Buffer size: 53 212001
Download Time: 2142595
Chunk bitrate: 53 3000000
Buffer size: 54 216001
Download Time: 1339574
Chunk bitrate: 54 3000000
Buffer size: 55 220001
Download Time: 1024426
Chunk bitrate: 55 3000000
Buffer size: 56 224001
Download Time: 1121497
Chunk bitrate: 56 3000000
Buffer size: 57 228001
Download Time: 775331
Chunk bitrate: 57 3000000
Buffer size: 58 232001
Download Time: 327891
Chunk bitrate: 58 3000000
Buffer size: 59 236001
Download Time: 2290990
Chunk bitrate: 59 2000000
Buffer size: 59 240001
Chunk bitrate: 59 2000000
Buffer size: 60 240001
Download Time: 1892748
Chunk bitrate: 60 2000000
Buffer size: 61 244001
Download Time: 1785108
Chunk bitrate: 61 3000000
Buffer size: 61 248001
Chunk bitrate: 61 3000000
Buffer size: 62 248001
Download Time: 638540
Chunk bitrate: 62 3000000
Buffer size: 63 252001
Download Time: 448325
Chunk bitrate: 63 3000000
Buffer size: 64 256001
Download Time: 798614
Chunk bitrate: 64 3000000
Buffer size: 65 260001
[00007fc7c8003378] ps mux: Close
[00007fc7c00010f8] idummy demux: command `quit'
[00000000007421e8] [cli] lua interface error: Error loading script /home/cs244/vlc/share/lua/intf/cli.luac: lua/intf/modules/host.lua:286: Interrupted.
