[0000000001080548] core interface error: no suitable interface module
[0000000000fb9338] core libvlc error: interface "globalhotkeys,none" initialization failed
[0000000001080548] dbus interface error: Failed to connect to the D-Bus session daemon: Unable to autolaunch a dbus-daemon without a $DISPLAY for X11
[0000000001080548] core interface error: no suitable interface module
[0000000000fb9338] core libvlc error: interface "dbus,none" initialization failed
[0000000000fb9338] core libvlc: Running vlc with the default interface. Use 'cvlc' to use vlc without interface.
[0000000001080548] qt interface error: Could not connect to X server
[0000000001080548] skins2 interface error: cannot initialize OSFactory
[0000000001080548] [cli] lua interface: Listening on host "*console".
VLC media player 3.0.0-git Vetinari
Command Line Interface initialized. Type `help' for help.
> [00007f5cdc003378] ps mux: Open
making a DASHManager
new ratebased adaptionlogic
Chunk bitrate: 0 349952
Buffer size: 0 0
Chunk bitrate: 0 349952
Buffer size: 0 0
[00007f5cdc0253f8] mp4 demux: Fragment sequence discontinuity detected 0 != 2
Download Time: 296095
[00007f5cdc017558] mp4 demux: Fragment sequence discontinuity detected 0 != 2
Startup Time: 1050000
Chunk bitrate: 0 3000000
Buffer size: 0 4001
Chunk bitrate: 0 3000000
Buffer size: 1 4001
Download Time: 2270631
Chunk bitrate: 1 3000000
Buffer size: 2 8001
Download Time: 1900468
Chunk bitrate: 2 3000000
Buffer size: 3 12001
Download Time: 5929990
Chunk bitrate: 3 2000000
Buffer size: 3 16001
Chunk bitrate: 3 2000000
Buffer size: 4 16001
Download Time: 1881691
Chunk bitrate: 4 2000000
Buffer size: 5 20001
Download Time: 2435326
Chunk bitrate: 5 3000000
Buffer size: 5 24001
Chunk bitrate: 5 3000000
Buffer size: 6 24001
Download Time: 1684474
Chunk bitrate: 6 3000000
Buffer size: 7 28001
Download Time: 1654902
Chunk bitrate: 7 3000000
Buffer size: 8 32001
Download Time: 5425421
Chunk bitrate: 8 1000000
Buffer size: 8 36001
Chunk bitrate: 8 1000000
Buffer size: 9 36001
Download Time: 1677755
Chunk bitrate: 9 1000000
Buffer size: 10 40001
Download Time: 1286427
Chunk bitrate: 10 1000000
Buffer size: 11 44001
Download Time: 1400108
Chunk bitrate: 11 1000000
Buffer size: 12 48001
Download Time: 1340060
Chunk bitrate: 12 3000000
Buffer size: 12 52001
Chunk bitrate: 12 3000000
Buffer size: 13 52001
Download Time: 2225831
Chunk bitrate: 13 3000000
Buffer size: 14 56001
Download Time: 1887987
Chunk bitrate: 14 3000000
Buffer size: 15 60001
Download Time: 1775921
Chunk bitrate: 15 3000000
Buffer size: 16 64001
Download Time: 2192381
Chunk bitrate: 16 3000000
Buffer size: 17 68001
Download Time: 2697659
Chunk bitrate: 17 1000000
Buffer size: 17 72001
Chunk bitrate: 17 1000000
Buffer size: 18 72001
Download Time: 1925166
Chunk bitrate: 18 1000000
Buffer size: 19 76001
Download Time: 1065462
Chunk bitrate: 19 1000000
Buffer size: 20 80001
Download Time: 1489620
Chunk bitrate: 20 1000000
Buffer size: 21 84001
Download Time: 948635
Chunk bitrate: 21 1000000
Buffer size: 22 88001
Download Time: 1316764
Chunk bitrate: 22 1000000
Buffer size: 23 92001
Download Time: 1527926
Chunk bitrate: 23 2000000
Buffer size: 23 96001
Chunk bitrate: 23 2000000
Buffer size: 24 96001
Download Time: 2085334
Chunk bitrate: 24 2000000
Buffer size: 25 100001
Download Time: 2068764
Chunk bitrate: 25 2000000
Buffer size: 26 104001
Download Time: 1346630
Chunk bitrate: 26 3000000
Buffer size: 26 108001
Chunk bitrate: 26 3000000
Buffer size: 27 108001
Download Time: 1237870
Chunk bitrate: 27 3000000
Buffer size: 28 112001
Download Time: 1946526
Chunk bitrate: 28 3000000
Buffer size: 29 116001
Download Time: 5319392
Chunk bitrate: 29 1000000
Buffer size: 29 120001
Chunk bitrate: 29 1000000
Buffer size: 30 120001
Download Time: 1106964
Chunk bitrate: 30 1000000
Buffer size: 31 124001
Download Time: 1233979
Chunk bitrate: 31 1000000
Buffer size: 32 128001
Download Time: 1700585
Chunk bitrate: 32 1000000
Buffer size: 33 132001
Download Time: 1262669
Chunk bitrate: 33 2000000
Buffer size: 33 136001
Chunk bitrate: 33 2000000
Buffer size: 34 136001
Download Time: 2249637
Chunk bitrate: 34 2000000
Buffer size: 35 140001
Download Time: 2161999
Chunk bitrate: 35 3000000
Buffer size: 35 144001
Chunk bitrate: 35 3000000
Buffer size: 36 144001
Download Time: 1665641
Chunk bitrate: 36 3000000
Buffer size: 37 148001
Download Time: 2475223
Chunk bitrate: 37 3000000
Buffer size: 38 152001
Download Time: 5155859
Chunk bitrate: 38 2000000
Buffer size: 38 156001
Chunk bitrate: 38 2000000
Buffer size: 39 156001
Download Time: 2660660
Chunk bitrate: 39 1000000
Buffer size: 39 160001
Chunk bitrate: 39 1000000
Buffer size: 40 160001
Download Time: 1143688
Chunk bitrate: 40 1000000
Buffer size: 41 164001
Download Time: 1505693
Chunk bitrate: 41 2000000
Buffer size: 41 168001
Chunk bitrate: 41 2000000
Buffer size: 42 168001
Download Time: 1922996
Chunk bitrate: 42 2000000
Buffer size: 43 172001
Download Time: 2446176
Chunk bitrate: 43 2000000
Buffer size: 44 176001
Download Time: 1883596
Chunk bitrate: 44 2000000
Buffer size: 45 180001
Download Time: 2020833
Chunk bitrate: 45 2000000
Buffer size: 46 184001
Download Time: 4263836
Chunk bitrate: 46 600000
Buffer size: 46 188001
Chunk bitrate: 46 600000
Buffer size: 47 188001
Download Time: 1606162
Chunk bitrate: 47 1000000
Buffer size: 47 192001
Chunk bitrate: 47 1000000
Buffer size: 48 192001
Download Time: 1643756
[00007f5cdc003378] core mux error: cannot add this stream
[00007f5cdc203608] core decoder error: cannot create packetizer output (h264)
Chunk bitrate: 48 1000000
Buffer size: 49 196001
Download Time: 2252168
Chunk bitrate: 49 1000000
Buffer size: 50 200001
Download Time: 1621795
Chunk bitrate: 50 1000000
Buffer size: 51 204001
Download Time: 1141298
Chunk bitrate: 51 1000000
Buffer size: 52 208001
Download Time: 1437540
Chunk bitrate: 52 1000000
Buffer size: 53 212001
Download Time: 1365682
Chunk bitrate: 53 1000000
Buffer size: 54 216001
Download Time: 2403740
Chunk bitrate: 54 1000000
Buffer size: 55 220001
Download Time: 2300433
Chunk bitrate: 55 600000
Buffer size: 55 224001
Chunk bitrate: 55 600000
Buffer size: 56 224001
Download Time: 2592282
[00007f5cdc003378] core mux error: cannot add this stream
[00007f5cdc050388] core decoder error: cannot create packetizer output (h264)
Chunk bitrate: 56 349952
Buffer size: 56 228001
Chunk bitrate: 56 349952
Buffer size: 57 228001
Download Time: 1176150
[00007f5cdc003378] core mux error: cannot add this stream
[00007f5cdc184e08] core decoder error: cannot create packetizer output (h264)
Chunk bitrate: 57 349952
Buffer size: 58 232001
Download Time: 155489
Chunk bitrate: 58 2000000
Buffer size: 58 236001
Chunk bitrate: 58 2000000
Buffer size: 59 236001
Download Time: 2474727
[00007f5cdc003378] core mux error: cannot add this stream
[00007f5cdc0e2038] core decoder error: cannot create packetizer output (h264)
Chunk bitrate: 59 2000000
Buffer size: 60 240001
Download Time: 1895228
Chunk bitrate: 60 2000000
Buffer size: 61 244001
Download Time: 1443218
Chunk bitrate: 61 3000000
Buffer size: 61 248001
Chunk bitrate: 61 3000000
Buffer size: 62 248001
Download Time: 640772
[00007f5cdc003378] core mux error: cannot add this stream
[00007f5cdc076408] core decoder error: cannot create packetizer output (h264)
Chunk bitrate: 62 3000000
Buffer size: 63 252001
Download Time: 449277
Chunk bitrate: 63 3000000
Buffer size: 64 256001
Download Time: 800627
Chunk bitrate: 64 3000000
Buffer size: 65 260001
[00007f5cdc003378] ps mux: Close
[00007f5cd8001288] idummy demux: command `quit'
[0000000001080548] [cli] lua interface error: Error loading script /home/cs244/vlc/share/lua/intf/cli.luac: lua/intf/modules/host.lua:286: Interrupted.
