[0000000001a811e8] core interface error: no suitable interface module
[00000000019b8338] core libvlc error: interface "globalhotkeys,none" initialization failed
[0000000001a811e8] dbus interface error: Failed to connect to the D-Bus session daemon: Unable to autolaunch a dbus-daemon without a $DISPLAY for X11
[0000000001a811e8] core interface error: no suitable interface module
[00000000019b8338] core libvlc error: interface "dbus,none" initialization failed
[00000000019b8338] core libvlc: Running vlc with the default interface. Use 'cvlc' to use vlc without interface.
[0000000001a811e8] qt interface error: Could not connect to X server
[0000000001a811e8] skins2 interface error: cannot initialize OSFactory
[0000000001a811e8] [cli] lua interface: Listening on host "*console".
VLC media player 3.0.0-git Vetinari
Command Line Interface initialized. Type `help' for help.
> [00007f8ef4003378] ps mux: Open
making a DASHManager
new ratebased adaptionlogic
Chunk bitrate: 0 349952
Buffer size: 0 0
Chunk bitrate: 0 349952
Buffer size: 0 0
[00007f8ef4023a38] mp4 demux: Fragment sequence discontinuity detected 0 != 2
Download Time: 2336347
[00007f8ef40251d8] mp4 demux: Fragment sequence discontinuity detected 0 != 2
Startup Time: 1050000
Chunk bitrate: 0 349952
Buffer size: 1 4001
Download Time: 2474015
Chunk bitrate: 1 349952
Buffer size: 2 8001
Download Time: 1532490
Chunk bitrate: 2 349952
Buffer size: 3 12001
Download Time: 2300710
Chunk bitrate: 3 349952
Buffer size: 4 16001
Download Time: 1868791
Chunk bitrate: 4 349952
Buffer size: 5 20001
Download Time: 2588929
Chunk bitrate: 5 349952
Buffer size: 6 24001
Download Time: 1548214
Chunk bitrate: 6 349952
Buffer size: 7 28001
Download Time: 1726355
Chunk bitrate: 7 349952
Buffer size: 8 32001
Download Time: 2173037
Chunk bitrate: 8 349952
Buffer size: 9 36001
Download Time: 2188457
Chunk bitrate: 9 349952
Buffer size: 10 40001
Download Time: 2140736
Chunk bitrate: 10 349952
Buffer size: 11 44001
Download Time: 1740428
Chunk bitrate: 11 349952
Buffer size: 12 48001
Download Time: 2205032
Chunk bitrate: 12 349952
Buffer size: 13 52001
Download Time: 2012972
Chunk bitrate: 13 349952
Buffer size: 14 56001
Download Time: 2171308
Chunk bitrate: 14 349952
Buffer size: 15 60001
Download Time: 1773400
Chunk bitrate: 15 349952
Buffer size: 16 64001
Download Time: 2108689
Chunk bitrate: 16 349952
Buffer size: 17 68001
Download Time: 1916783
Chunk bitrate: 17 349952
Buffer size: 18 72001
Download Time: 2028964
Chunk bitrate: 18 349952
Buffer size: 19 76001
Download Time: 1500681
Chunk bitrate: 19 349952
Buffer size: 20 80001
Download Time: 2076682
Chunk bitrate: 20 600000
Buffer size: 20 84001
Chunk bitrate: 20 600000
Buffer size: 21 84001
Download Time: 1606550
Chunk bitrate: 21 600000
Buffer size: 22 88001
Download Time: 2360718
Chunk bitrate: 22 600000
Buffer size: 23 92001
Download Time: 2790191
Chunk bitrate: 23 600000
Buffer size: 24 96001
Download Time: 2615944
Chunk bitrate: 24 349952
Buffer size: 24 100001
Chunk bitrate: 24 349952
Buffer size: 25 100001
Download Time: 1511644
Chunk bitrate: 25 349952
Buffer size: 26 104001
Download Time: 1495242
Chunk bitrate: 26 349952
Buffer size: 27 108001
Download Time: 890849
Chunk bitrate: 27 600000
Buffer size: 27 112001
Chunk bitrate: 27 600000
Buffer size: 28 112001
Download Time: 2519541
Chunk bitrate: 28 600000
Buffer size: 29 116001
Download Time: 2724393
Chunk bitrate: 29 600000
Buffer size: 30 120001
Download Time: 2009382
Chunk bitrate: 30 600000
Buffer size: 31 124001
Download Time: 2097237
Chunk bitrate: 31 600000
Buffer size: 32 128001
Download Time: 2636838
Chunk bitrate: 32 600000
Buffer size: 33 132001
Download Time: 2503098
Chunk bitrate: 33 349952
Buffer size: 33 136001
Chunk bitrate: 33 349952
Buffer size: 34 136001
Download Time: 1788746
Chunk bitrate: 34 349952
Buffer size: 35 140001
Download Time: 1401982
Chunk bitrate: 35 600000
Buffer size: 35 144001
Chunk bitrate: 35 600000
Buffer size: 36 144001
Download Time: 2023507
Chunk bitrate: 36 600000
Buffer size: 37 148001
Download Time: 2546940
Chunk bitrate: 37 600000
Buffer size: 38 152001
Download Time: 2496778
Chunk bitrate: 38 600000
Buffer size: 39 156001
Download Time: 2130907
Chunk bitrate: 39 600000
Buffer size: 40 160001
Download Time: 2010014
Chunk bitrate: 40 600000
Buffer size: 41 164001
Download Time: 2842745
Chunk bitrate: 41 349952
Buffer size: 41 168001
Chunk bitrate: 41 349952
Buffer size: 42 168001
Download Time: 1499786
Chunk bitrate: 42 349952
Buffer size: 43 172001
Download Time: 1507064
Chunk bitrate: 43 349952
Buffer size: 44 176001
Download Time: 1350784
Chunk bitrate: 44 600000
Buffer size: 44 180001
Chunk bitrate: 44 600000
Buffer size: 45 180001
Download Time: 2254452
Chunk bitrate: 45 600000
Buffer size: 46 184001
Download Time: 2513723
Chunk bitrate: 46 600000
Buffer size: 47 188001
Download Time: 2196177
Chunk bitrate: 47 600000
Buffer size: 48 192001
Download Time: 2054064
Chunk bitrate: 48 600000
Buffer size: 49 196001
Download Time: 2515107
Chunk bitrate: 49 600000
Buffer size: 50 200001
Download Time: 2547165
Chunk bitrate: 50 349952
Buffer size: 50 204001
Chunk bitrate: 50 349952
Buffer size: 51 204001
Download Time: 1404089
Chunk bitrate: 51 349952
Buffer size: 52 208001
Download Time: 1411629
Chunk bitrate: 52 600000
Buffer size: 52 212001
Chunk bitrate: 52 600000
Buffer size: 53 212001
Download Time: 2199887
Chunk bitrate: 53 600000
Buffer size: 54 216001
Download Time: 2282537
Chunk bitrate: 54 600000
Buffer size: 55 220001
Download Time: 2548488
Chunk bitrate: 55 600000
Buffer size: 56 224001
Download Time: 2361235
Chunk bitrate: 56 600000
Buffer size: 57 228001
Download Time: 1733662
Chunk bitrate: 57 600000
Buffer size: 58 232001
Download Time: 755623
Chunk bitrate: 58 600000
Buffer size: 59 236001
Download Time: 3168594
Chunk bitrate: 59 349952
Buffer size: 59 240001
Chunk bitrate: 59 349952
Buffer size: 60 240001
Download Time: 1463795
Chunk bitrate: 60 349952
Buffer size: 61 244001
Download Time: 1468425
Chunk bitrate: 61 600000
Buffer size: 61 248001
Chunk bitrate: 61 600000
Buffer size: 62 248001
Download Time: 758799
Chunk bitrate: 62 600000
Buffer size: 63 252001
Download Time: 625039
Chunk bitrate: 63 600000
Buffer size: 64 256001
Download Time: 1346663
Chunk bitrate: 64 600000
Buffer size: 65 260001
[00007f8ef4003378] ps mux: Close
[00007f8ef00012a8] idummy demux: command `quit'
[0000000001a811e8] [cli] lua interface error: Error loading script /home/cs244/vlc/share/lua/intf/cli.luac: lua/intf/modules/host.lua:286: Interrupted.
