[00000000013881e8] core interface error: no suitable interface module
[00000000012bf338] core libvlc error: interface "globalhotkeys,none" initialization failed
[00000000013881e8] dbus interface error: Failed to connect to the D-Bus session daemon: Unable to autolaunch a dbus-daemon without a $DISPLAY for X11
[00000000013881e8] core interface error: no suitable interface module
[00000000012bf338] core libvlc error: interface "dbus,none" initialization failed
[00000000012bf338] core libvlc: Running vlc with the default interface. Use 'cvlc' to use vlc without interface.
[00000000013881e8] qt interface error: Could not connect to X server
[00000000013881e8] skins2 interface error: cannot initialize OSFactory
[00000000013881e8] [cli] lua interface: Listening on host "*console".
VLC media player 3.0.0-git Vetinari
Command Line Interface initialized. Type `help' for help.
> [00007f1408003378] ps mux: Open
making a DASHManager
new ratebased adaptionlogic
Chunk bitrate: 0 349952
Buffer size: 0 0
Chunk bitrate: 0 349952
Buffer size: 0 0
[00007f1408027698] mp4 demux: Fragment sequence discontinuity detected 0 != 2
Download Time: 293835
[00007f1408023558] mp4 demux: Fragment sequence discontinuity detected 0 != 2
Startup Time: 1050000
Chunk bitrate: 0 3000000
Buffer size: 0 4001
Chunk bitrate: 0 3000000
Buffer size: 1 4001
Download Time: 2269470
Chunk bitrate: 1 3000000
Buffer size: 2 8001
Download Time: 1904824
Chunk bitrate: 2 3000000
Buffer size: 3 12001
Download Time: 4654169
Chunk bitrate: 3 1000000
Buffer size: 3 16001
Chunk bitrate: 3 1000000
Buffer size: 4 16001
Download Time: 1043577
Chunk bitrate: 4 2000000
Buffer size: 4 20001
Chunk bitrate: 4 2000000
Buffer size: 5 20001
Download Time: 2573972
Chunk bitrate: 5 2000000
Buffer size: 6 24001
Download Time: 1488809
Chunk bitrate: 6 3000000
Buffer size: 6 28001
Chunk bitrate: 6 3000000
Buffer size: 7 28001
Download Time: 828260
Chunk bitrate: 7 3000000
Buffer size: 8 32001
Download Time: 1309329
Chunk bitrate: 8 3000000
Buffer size: 9 36001
Download Time: 959830
Chunk bitrate: 9 3000000
Buffer size: 10 40001
Download Time: 1106751
Chunk bitrate: 10 3000000
Buffer size: 11 44001
Download Time: 5593260
Chunk bitrate: 11 600000
Buffer size: 11 48001
Chunk bitrate: 11 600000
Buffer size: 12 48001
Download Time: 1952746
Chunk bitrate: 12 600000
Buffer size: 13 52001
Download Time: 1786527
Chunk bitrate: 13 600000
Buffer size: 14 56001
Download Time: 1326022
Chunk bitrate: 14 1000000
Buffer size: 14 60001
Chunk bitrate: 14 1000000
Buffer size: 15 60001
Download Time: 1460246
Chunk bitrate: 15 1000000
Buffer size: 16 64001
Download Time: 1925576
Chunk bitrate: 16 1000000
Buffer size: 17 68001
Download Time: 2046503
Chunk bitrate: 17 1000000
Buffer size: 18 72001
Download Time: 2691253
Chunk bitrate: 18 1000000
Buffer size: 19 76001
Download Time: 2236994
Chunk bitrate: 19 349952
Buffer size: 19 80001
Chunk bitrate: 19 349952
Buffer size: 20 80001
Download Time: 1692210
Chunk bitrate: 20 349952
Buffer size: 21 84001
Download Time: 940653
Chunk bitrate: 21 600000
Buffer size: 21 88001
Chunk bitrate: 21 600000
Buffer size: 22 88001
Download Time: 1504109
Chunk bitrate: 22 600000
Buffer size: 23 92001
Download Time: 1779080
Chunk bitrate: 23 1000000
Buffer size: 23 96001
Chunk bitrate: 23 1000000
Buffer size: 24 96001
Download Time: 2071308
Chunk bitrate: 24 1000000
Buffer size: 25 100001
Download Time: 1359901
Chunk bitrate: 25 1000000
Buffer size: 26 104001
Download Time: 1340606
Chunk bitrate: 26 1000000
Buffer size: 27 108001
Download Time: 800564
Chunk bitrate: 27 1000000
Buffer size: 28 112001
Download Time: 3521014
Chunk bitrate: 28 600000
Buffer size: 28 116001
Chunk bitrate: 28 600000
Buffer size: 29 116001
Download Time: 1901770
Chunk bitrate: 29 1000000
Buffer size: 29 120001
Chunk bitrate: 29 1000000
Buffer size: 30 120001
Download Time: 1656037
Chunk bitrate: 30 1000000
Buffer size: 31 124001
Download Time: 1849448
Chunk bitrate: 31 1000000
Buffer size: 32 128001
Download Time: 1849058
Chunk bitrate: 32 1000000
Buffer size: 33 132001
Download Time: 1463962
Chunk bitrate: 33 1000000
Buffer size: 34 136001
Download Time: 1599226
Chunk bitrate: 34 1000000
Buffer size: 35 140001
Download Time: 1390547
Chunk bitrate: 35 1000000
Buffer size: 36 144001
Download Time: 1155202
Chunk bitrate: 36 1000000
Buffer size: 37 148001
Download Time: 1635447
Chunk bitrate: 37 1000000
Buffer size: 38 152001
Download Time: 2808595
Chunk bitrate: 38 1000000
Buffer size: 39 156001
Download Time: 2907022
Chunk bitrate: 39 1000000
Buffer size: 40 160001
Download Time: 1711785
Chunk bitrate: 40 1000000
Buffer size: 41 164001
Download Time: 2378909
Chunk bitrate: 41 1000000
Buffer size: 42 168001
Download Time: 1492504
Chunk bitrate: 42 1000000
Buffer size: 43 172001
Download Time: 1591490
Chunk bitrate: 43 1000000
Buffer size: 44 176001
Download Time: 1251896
Chunk bitrate: 44 1000000
Buffer size: 45 180001
Download Time: 1415396
Chunk bitrate: 45 1000000
Buffer size: 46 184001
Download Time: 1467895
Chunk bitrate: 46 1000000
Buffer size: 47 188001
Download Time: 1511378
Chunk bitrate: 47 1000000
Buffer size: 48 192001
Download Time: 1311064
Chunk bitrate: 48 600000
Buffer size: 48 196001
Chunk bitrate: 48 600000
Buffer size: 49 196001
Download Time: 2299292
Chunk bitrate: 49 600000
Buffer size: 50 200001
Download Time: 2022624
Chunk bitrate: 50 1000000
Buffer size: 50 204001
Chunk bitrate: 50 1000000
Buffer size: 51 204001
Download Time: 1715418
Chunk bitrate: 51 1000000
Buffer size: 52 208001
Download Time: 2155008
Chunk bitrate: 52 1000000
Buffer size: 53 212001
Download Time: 1437775
Chunk bitrate: 53 1000000
Buffer size: 54 216001
Download Time: 1603864
Chunk bitrate: 54 1000000
Buffer size: 55 220001
Download Time: 1459920
Chunk bitrate: 55 1000000
Buffer size: 56 224001
Download Time: 1596356
Chunk bitrate: 56 1000000
Buffer size: 57 228001
Download Time: 964840
Chunk bitrate: 57 1000000
Buffer size: 58 232001
Download Time: 451886
Chunk bitrate: 58 1000000
Buffer size: 59 236001
Download Time: 1704125
Chunk bitrate: 59 1000000
Buffer size: 60 240001
Download Time: 2470314
Chunk bitrate: 60 600000
Buffer size: 60 244001
Chunk bitrate: 60 600000
Buffer size: 61 244001
Download Time: 2180206
Chunk bitrate: 61 600000
Buffer size: 62 248001
Download Time: 584135
Chunk bitrate: 62 600000
Buffer size: 63 252001
Download Time: 402174
Chunk bitrate: 63 1000000
Buffer size: 63 256001
Chunk bitrate: 63 1000000
Buffer size: 64 256001
Download Time: 1168739
Chunk bitrate: 64 600000
Buffer size: 64 260001
Chunk bitrate: 64 600000
Buffer size: 65 260001
[00007f1408003378] ps mux: Close
[00007f1410004a88] idummy demux: command `quit'
[00000000013881e8] [cli] lua interface error: Error loading script /home/cs244/vlc/share/lua/intf/cli.luac: lua/intf/modules/host.lua:286: Interrupted.
