[00000000022c61e8] core interface error: no suitable interface module
[00000000021fd338] core libvlc error: interface "globalhotkeys,none" initialization failed
[00000000022c61e8] dbus interface error: Failed to connect to the D-Bus session daemon: Unable to autolaunch a dbus-daemon without a $DISPLAY for X11
[00000000022c61e8] core interface error: no suitable interface module
[00000000021fd338] core libvlc error: interface "dbus,none" initialization failed
[00000000021fd338] core libvlc: Running vlc with the default interface. Use 'cvlc' to use vlc without interface.
[00000000022c61e8] qt interface error: Could not connect to X server
[00000000022c61e8] skins2 interface error: cannot initialize OSFactory
[00000000022c61e8] [cli] lua interface: Listening on host "*console".
VLC media player 3.0.0-git Vetinari
Command Line Interface initialized. Type `help' for help.
> [00007febdc003378] ps mux: Open
making a DASHManager
new ratebased adaptionlogic
Chunk bitrate: 0 349952
Buffer size: 0 0
Chunk bitrate: 0 349952
Buffer size: 0 0
[00007febdc0214a8] mp4 demux: Fragment sequence discontinuity detected 0 != 2
Download Time: 1739616
[00007febdc018638] mp4 demux: Fragment sequence discontinuity detected 0 != 2
Startup Time: 1050000
Chunk bitrate: 0 349952
Buffer size: 1 4001
Download Time: 1842089
Chunk bitrate: 1 349952
Buffer size: 2 8001
Download Time: 1090032
Chunk bitrate: 2 600000
Buffer size: 2 12001
Chunk bitrate: 2 600000
Buffer size: 3 12001
Download Time: 2739656
Chunk bitrate: 3 600000
Buffer size: 4 16001
Download Time: 2019306
Chunk bitrate: 4 600000
Buffer size: 5 20001
Download Time: 2844680
Chunk bitrate: 5 600000
Buffer size: 6 24001
Download Time: 1111227
Chunk bitrate: 6 2000000
Buffer size: 6 28001
Chunk bitrate: 6 2000000
Buffer size: 7 28001
Download Time: 1745676
Chunk bitrate: 7 2000000
Buffer size: 8 32001
Download Time: 2655591
Chunk bitrate: 8 2000000
Buffer size: 9 36001
Download Time: 1324380
Chunk bitrate: 9 3000000
Buffer size: 9 40001
Chunk bitrate: 9 3000000
Buffer size: 10 40001
Download Time: 2207729
Chunk bitrate: 10 3000000
Buffer size: 11 44001
Download Time: 2637911
Chunk bitrate: 11 1000000
Buffer size: 11 48001
Chunk bitrate: 11 1000000
Buffer size: 12 48001
Download Time: 2154632
Chunk bitrate: 12 1000000
Buffer size: 13 52001
Download Time: 1824452
Chunk bitrate: 13 1000000
Buffer size: 14 56001
Download Time: 1323714
Chunk bitrate: 14 1000000
Buffer size: 15 60001
Download Time: 1159323
Chunk bitrate: 15 1000000
Buffer size: 16 64001
Download Time: 1533233
Chunk bitrate: 16 1000000
Buffer size: 17 68001
Download Time: 738864
Chunk bitrate: 17 3000000
Buffer size: 17 72001
Chunk bitrate: 17 3000000
Buffer size: 18 72001
Download Time: 2277348
Chunk bitrate: 18 3000000
Buffer size: 19 76001
Download Time: 1290141
Chunk bitrate: 19 3000000
Buffer size: 20 80001
Download Time: 1964049
Chunk bitrate: 20 3000000
Buffer size: 21 84001
Download Time: 1202782
Chunk bitrate: 21 3000000
Buffer size: 22 88001
Download Time: 1780117
Chunk bitrate: 22 3000000
Buffer size: 23 92001
Download Time: 1475165
Chunk bitrate: 23 3000000
Buffer size: 24 96001
Download Time: 1045027
Chunk bitrate: 24 3000000
Buffer size: 25 100001
Download Time: 1031165
Chunk bitrate: 25 3000000
Buffer size: 26 104001
Download Time: 976430
Chunk bitrate: 26 3000000
Buffer size: 27 108001
Download Time: 621893
Chunk bitrate: 27 3000000
Buffer size: 28 112001
Download Time: 974464
Chunk bitrate: 28 3000000
Buffer size: 29 116001
Download Time: 1210952
Chunk bitrate: 29 3000000
Buffer size: 30 120001
Download Time: 755231
Chunk bitrate: 30 3000000
Buffer size: 31 124001
Download Time: 764485
Chunk bitrate: 31 3000000
Buffer size: 32 128001
Download Time: 1241972
Chunk bitrate: 32 3000000
Buffer size: 33 132001
Download Time: 1167560
Chunk bitrate: 33 3000000
Buffer size: 34 136001
Download Time: 1135246
Chunk bitrate: 34 3000000
Buffer size: 35 140001
Download Time: 1036560
Chunk bitrate: 35 3000000
Buffer size: 36 144001
Download Time: 835736
Chunk bitrate: 36 3000000
Buffer size: 37 148001
Download Time: 1240001
Chunk bitrate: 37 3000000
Buffer size: 38 152001
Download Time: 1172953
Chunk bitrate: 38 3000000
Buffer size: 39 156001
Download Time: 1013925
Chunk bitrate: 39 3000000
Buffer size: 40 160001
Download Time: 868137
Chunk bitrate: 40 3000000
Buffer size: 41 164001
Download Time: 1173969
Chunk bitrate: 41 3000000
Buffer size: 42 168001
Download Time: 975094
Chunk bitrate: 42 3000000
Buffer size: 43 172001
Download Time: 1202643
Chunk bitrate: 43 3000000
Buffer size: 44 176001
Download Time: 884024
Chunk bitrate: 44 3000000
Buffer size: 45 180001
Download Time: 1051741
Chunk bitrate: 45 3000000
Buffer size: 46 184001
Download Time: 1121079
Chunk bitrate: 46 3000000
Buffer size: 47 188001
Download Time: 1046658
Chunk bitrate: 47 3000000
Buffer size: 48 192001
Download Time: 877144
Chunk bitrate: 48 3000000
Buffer size: 49 196001
Download Time: 1237599
Chunk bitrate: 49 3000000
Buffer size: 50 200001
Download Time: 940645
Chunk bitrate: 50 3000000
Buffer size: 51 204001
Download Time: 778170
Chunk bitrate: 51 3000000
Buffer size: 52 208001
Download Time: 1142014
Chunk bitrate: 52 3000000
Buffer size: 53 212001
Download Time: 1080026
Chunk bitrate: 53 3000000
Buffer size: 54 216001
Download Time: 1136691
Chunk bitrate: 54 3000000
Buffer size: 55 220001
Download Time: 1032963
Chunk bitrate: 55 3000000
Buffer size: 56 224001
Download Time: 1122352
Chunk bitrate: 56 3000000
Buffer size: 57 228001
Download Time: 775679
Chunk bitrate: 57 3000000
Buffer size: 58 232001
Download Time: 329552
Chunk bitrate: 58 3000000
Buffer size: 59 236001
Download Time: 1200127
Chunk bitrate: 59 3000000
Buffer size: 60 240001
Download Time: 915707
Chunk bitrate: 60 3000000
Buffer size: 61 244001
Download Time: 954350
Chunk bitrate: 61 3000000
Buffer size: 62 248001
Download Time: 321506
Chunk bitrate: 62 3000000
Buffer size: 63 252001
Download Time: 231214
Chunk bitrate: 63 3000000
Buffer size: 64 256001
Download Time: 401773
Chunk bitrate: 64 3000000
Buffer size: 65 260001
[00007febdc003378] ps mux: Close
[00007febdc055298] idummy demux: command `quit'
[00000000022c61e8] [cli] lua interface error: Error loading script /home/cs244/vlc/share/lua/intf/cli.luac: lua/intf/modules/host.lua:286: Interrupted.
