[0000000001b251e8] core interface error: no suitable interface module
[0000000001a5c338] core libvlc error: interface "globalhotkeys,none" initialization failed
[0000000001b251e8] dbus interface error: Failed to connect to the D-Bus session daemon: Unable to autolaunch a dbus-daemon without a $DISPLAY for X11
[0000000001b251e8] core interface error: no suitable interface module
[0000000001a5c338] core libvlc error: interface "dbus,none" initialization failed
[0000000001a5c338] core libvlc: Running vlc with the default interface. Use 'cvlc' to use vlc without interface.
[0000000001b251e8] qt interface error: Could not connect to X server
[0000000001b251e8] skins2 interface error: cannot initialize OSFactory
[0000000001b251e8] [cli] lua interface: Listening on host "*console".
VLC media player 3.0.0-git Vetinari
Command Line Interface initialized. Type `help' for help.
> [00007f2b9c003378] ps mux: Open
making a DASHManager
new ratebased adaptionlogic
Chunk bitrate: 0 349952
Buffer size: 0 0
Chunk bitrate: 0 349952
Buffer size: 0 0
[00007f2b9c0277d8] mp4 demux: Fragment sequence discontinuity detected 0 != 2
Download Time: 438233
[00007f2b9c023668] mp4 demux: Fragment sequence discontinuity detected 0 != 2
Startup Time: 1050000
Chunk bitrate: 0 2000000
Buffer size: 0 4001
Chunk bitrate: 0 2000000
Buffer size: 1 4001
Download Time: 2334347
Chunk bitrate: 1 2000000
Buffer size: 2 8001
Download Time: 1779054
Chunk bitrate: 2 3000000
Buffer size: 2 12001
Chunk bitrate: 2 3000000
Buffer size: 3 12001
Download Time: 2333403
Chunk bitrate: 3 3000000
Buffer size: 4 16001
Download Time: 1940910
Chunk bitrate: 4 3000000
Buffer size: 5 20001
Download Time: 1523068
Chunk bitrate: 5 3000000
Buffer size: 6 24001
Download Time: 844012
Chunk bitrate: 6 3000000
Buffer size: 7 28001
Download Time: 828526
Chunk bitrate: 7 3000000
Buffer size: 8 32001
Download Time: 1309758
Chunk bitrate: 8 3000000
Buffer size: 9 36001
Download Time: 1024652
Chunk bitrate: 9 3000000
Buffer size: 10 40001
Download Time: 3309941
Chunk bitrate: 10 2000000
Buffer size: 10 44001
Chunk bitrate: 10 2000000
Buffer size: 11 44001
Download Time: 1976390
Chunk bitrate: 11 2000000
Buffer size: 12 48001
Download Time: 2673799
Chunk bitrate: 12 2000000
Buffer size: 13 52001
Download Time: 1994434
Chunk bitrate: 13 3000000
Buffer size: 13 56001
Chunk bitrate: 13 3000000
Buffer size: 14 56001
Download Time: 1880324
Chunk bitrate: 14 3000000
Buffer size: 15 60001
Download Time: 1783306
Chunk bitrate: 15 3000000
Buffer size: 16 64001
Download Time: 2191253
Chunk bitrate: 16 3000000
Buffer size: 17 68001
Download Time: 1824317
Chunk bitrate: 17 3000000
Buffer size: 18 72001
Download Time: 1970811
Chunk bitrate: 18 3000000
Buffer size: 19 76001
Download Time: 647834
Chunk bitrate: 19 3000000
Buffer size: 20 80001
Download Time: 985319
Download Time: 27156
Chunk bitrate: 20 3000000
Buffer size: 21 84001
Download Time: 603209
Chunk bitrate: 21 3000000
Buffer size: 22 88001
Download Time: 891950
Chunk bitrate: 22 3000000
Buffer size: 23 92001
Download Time: 1173602
Chunk bitrate: 23 3000000
Buffer size: 24 96001
Download Time: 2735247
Chunk bitrate: 24 2000000
Buffer size: 24 100001
Chunk bitrate: 24 2000000
Buffer size: 25 100001
Download Time: 2063827
Chunk bitrate: 25 2000000
Buffer size: 26 104001
Download Time: 1360694
Chunk bitrate: 26 3000000
Buffer size: 26 108001
Chunk bitrate: 26 3000000
Buffer size: 27 108001
Download Time: 1237305
Chunk bitrate: 27 3000000
Buffer size: 28 112001
Download Time: 1942851
Chunk bitrate: 28 3000000
Buffer size: 29 116001
Download Time: 2414317
Chunk bitrate: 29 3000000
Buffer size: 30 120001
Download Time: 1506196
Chunk bitrate: 30 3000000
Buffer size: 31 124001
Download Time: 1512952
Chunk bitrate: 31 3000000
Buffer size: 32 128001
Download Time: 1241153
Chunk bitrate: 32 3000000
Buffer size: 33 132001
Download Time: 1163475
Chunk bitrate: 33 3000000
Buffer size: 34 136001
Download Time: 1136850
Chunk bitrate: 34 3000000
Buffer size: 35 140001
Download Time: 1036726
Chunk bitrate: 35 3000000
Buffer size: 36 144001
Download Time: 2011131
Chunk bitrate: 36 2000000
Buffer size: 36 148001
Chunk bitrate: 36 2000000
Buffer size: 37 148001
Download Time: 2421437
Chunk bitrate: 37 2000000
Buffer size: 38 152001
Download Time: 1755162
Chunk bitrate: 38 3000000
Buffer size: 38 156001
Chunk bitrate: 38 3000000
Buffer size: 39 156001
Download Time: 2023235
Chunk bitrate: 39 3000000
Buffer size: 40 160001
Download Time: 1731806
Chunk bitrate: 40 3000000
Buffer size: 41 164001
Download Time: 2349351
Chunk bitrate: 41 3000000
Buffer size: 42 168001
Download Time: 1944938
Chunk bitrate: 42 3000000
Buffer size: 43 172001
Download Time: 1470920
Chunk bitrate: 43 3000000
Buffer size: 44 176001
Download Time: 882078
Chunk bitrate: 44 3000000
Buffer size: 45 180001
Download Time: 1051640
Chunk bitrate: 45 3000000
Buffer size: 46 184001
Download Time: 1121134
Chunk bitrate: 46 3000000
Buffer size: 47 188001
Download Time: 1369425
Chunk bitrate: 47 2000000
Buffer size: 47 192001
Chunk bitrate: 47 2000000
Buffer size: 48 192001
Download Time: 1776250
Chunk bitrate: 48 2000000
Buffer size: 49 196001
Download Time: 2450489
Chunk bitrate: 49 2000000
Buffer size: 50 200001
Download Time: 1372226
Chunk bitrate: 50 3000000
Buffer size: 50 204001
Chunk bitrate: 50 3000000
Buffer size: 51 204001
Download Time: 1547847
Chunk bitrate: 51 3000000
Buffer size: 52 208001
Download Time: 2269569
Chunk bitrate: 52 3000000
Buffer size: 53 212001
Download Time: 2144387
Chunk bitrate: 53 3000000
Buffer size: 54 216001
Download Time: 2269747
Chunk bitrate: 54 3000000
Buffer size: 55 220001
Download Time: 1109158
Chunk bitrate: 55 3000000
Buffer size: 56 224001
Download Time: 1120770
Chunk bitrate: 56 3000000
Buffer size: 57 228001
Download Time: 775755
Chunk bitrate: 57 3000000
Buffer size: 58 232001
Download Time: 327838
Chunk bitrate: 58 3000000
Buffer size: 59 236001
Download Time: 1200277
Chunk bitrate: 59 3000000
Buffer size: 60 240001
Download Time: 1789505
Chunk bitrate: 60 2000000
Buffer size: 60 244001
Chunk bitrate: 60 2000000
Buffer size: 61 244001
Download Time: 2027333
Chunk bitrate: 61 2000000
Buffer size: 62 248001
Download Time: 659427
Chunk bitrate: 62 2000000
Buffer size: 63 252001
Download Time: 465424
Chunk bitrate: 63 2000000
Buffer size: 64 256001
Download Time: 698714
Chunk bitrate: 64 3000000
Buffer size: 64 260001
Chunk bitrate: 64 3000000
Buffer size: 65 260001
[00007f2b9c003378] ps mux: Close
[00007f2b94001058] idummy demux: command `quit'
[0000000001b251e8] [cli] lua interface error: Error loading script /home/cs244/vlc/share/lua/intf/cli.luac: lua/intf/modules/host.lua:286: Interrupted.
