[0000000001ad71e8] core interface error: no suitable interface module
[0000000001a0e338] core libvlc error: interface "globalhotkeys,none" initialization failed
[0000000001ad71e8] dbus interface error: Failed to connect to the D-Bus session daemon: Unable to autolaunch a dbus-daemon without a $DISPLAY for X11
[0000000001ad71e8] core interface error: no suitable interface module
[0000000001a0e338] core libvlc error: interface "dbus,none" initialization failed
[0000000001a0e338] core libvlc: Running vlc with the default interface. Use 'cvlc' to use vlc without interface.
[0000000001ad71e8] qt interface error: Could not connect to X server
[0000000001ad71e8] skins2 interface error: cannot initialize OSFactory
[0000000001ad71e8] [cli] lua interface: Listening on host "*console".
VLC media player 3.0.0-git Vetinari
Command Line Interface initialized. Type `help' for help.
> [00007fa498003378] ps mux: Open
making a DASHManager
new ratebased adaptionlogic
Chunk bitrate: 0 349952
Buffer size: 0 0
Chunk bitrate: 0 349952
Buffer size: 0 0
[00007fa4980269d8] mp4 demux: Fragment sequence discontinuity detected 0 != 2
Download Time: 440399
[00007fa498026dd8] mp4 demux: Fragment sequence discontinuity detected 0 != 2
Startup Time: 1050000
Chunk bitrate: 0 2000000
Buffer size: 0 4001
Chunk bitrate: 0 2000000
Buffer size: 1 4001
Download Time: 2339604
Chunk bitrate: 1 2000000
Buffer size: 2 8001
Download Time: 1781477
Chunk bitrate: 2 2000000
Buffer size: 3 12001
Download Time: 1602633
Chunk bitrate: 3 3000000
Buffer size: 3 16001
Chunk bitrate: 3 3000000
Buffer size: 4 16001
Download Time: 1941905
Chunk bitrate: 4 3000000
Buffer size: 5 20001
Download Time: 2483472
Chunk bitrate: 5 3000000
Buffer size: 6 24001
Download Time: 1685079
Chunk bitrate: 6 3000000
Buffer size: 7 28001
Download Time: 1652617
Chunk bitrate: 7 3000000
Buffer size: 8 32001
Download Time: 1497136
Chunk bitrate: 8 3000000
Buffer size: 9 36001
Download Time: 959831
Chunk bitrate: 9 3000000
Buffer size: 10 40001
Download Time: 1105372
Chunk bitrate: 10 3000000
Buffer size: 11 44001
Download Time: 961633
Chunk bitrate: 11 3000000
Buffer size: 12 48001
Download Time: 2552569
Chunk bitrate: 12 2000000
Buffer size: 12 52001
Chunk bitrate: 12 2000000
Buffer size: 13 52001
Download Time: 2184041
Chunk bitrate: 13 2000000
Buffer size: 14 56001
Download Time: 1637206
Chunk bitrate: 14 3000000
Buffer size: 14 60001
Chunk bitrate: 14 3000000
Buffer size: 15 60001
Download Time: 1776021
Chunk bitrate: 15 3000000
Buffer size: 16 64001
Download Time: 2189624
Chunk bitrate: 16 3000000
Buffer size: 17 68001
Download Time: 1824745
Chunk bitrate: 17 3000000
Buffer size: 18 72001
Download Time: 2276324
Chunk bitrate: 18 3000000
Buffer size: 19 76001
Download Time: 1058671
Chunk bitrate: 19 3000000
Buffer size: 20 80001
Download Time: 984393
Chunk bitrate: 20 3000000
Buffer size: 21 84001
Download Time: 603342
Chunk bitrate: 21 3000000
Buffer size: 22 88001
Download Time: 891388
Chunk bitrate: 22 3000000
Buffer size: 23 92001
Download Time: 1173522
Chunk bitrate: 23 3000000
Buffer size: 24 96001
Download Time: 1242372
Chunk bitrate: 24 2000000
Buffer size: 24 100001
Chunk bitrate: 24 2000000
Buffer size: 25 100001
Download Time: 2069273
Chunk bitrate: 25 2000000
Buffer size: 26 104001
Download Time: 1928187
Chunk bitrate: 26 2000000
Buffer size: 27 108001
Download Time: 1024032
Chunk bitrate: 27 3000000
Buffer size: 27 112001
Chunk bitrate: 27 3000000
Buffer size: 28 112001
Download Time: 1943143
Chunk bitrate: 28 3000000
Buffer size: 29 116001
Download Time: 2417922
Chunk bitrate: 29 3000000
Buffer size: 30 120001
Download Time: 1505739
Chunk bitrate: 30 3000000
Buffer size: 31 124001
Download Time: 1530577
Chunk bitrate: 31 3000000
Buffer size: 32 128001
Download Time: 2126284
Chunk bitrate: 32 3000000
Buffer size: 33 132001
Download Time: 1163828
Chunk bitrate: 33 3000000
Buffer size: 34 136001
Download Time: 1136736
Chunk bitrate: 34 3000000
Buffer size: 35 140001
Download Time: 1035950
Chunk bitrate: 35 3000000
Buffer size: 36 144001
Download Time: 833455
Chunk bitrate: 36 3000000
Buffer size: 37 148001
Download Time: 3080869
Chunk bitrate: 37 2000000
Buffer size: 37 152001
Chunk bitrate: 37 2000000
Buffer size: 38 152001
Download Time: 2253691
Chunk bitrate: 38 2000000
Buffer size: 39 156001
Download Time: 1301650
Chunk bitrate: 39 3000000
Buffer size: 39 160001
Chunk bitrate: 39 3000000
Buffer size: 40 160001
Download Time: 1733642
Chunk bitrate: 40 3000000
Buffer size: 41 164001
Download Time: 2343966
Chunk bitrate: 41 3000000
Buffer size: 42 168001
Download Time: 1946619
Chunk bitrate: 42 3000000
Buffer size: 43 172001
Download Time: 2327779
Chunk bitrate: 43 3000000
Buffer size: 44 176001
Download Time: 882824
Chunk bitrate: 44 3000000
Buffer size: 45 180001
Download Time: 1051858
Chunk bitrate: 45 3000000
Buffer size: 46 184001
Download Time: 1121712
Chunk bitrate: 46 3000000
Buffer size: 47 188001
Download Time: 1047207
Chunk bitrate: 47 3000000
Buffer size: 48 192001
Download Time: 1724698
Chunk bitrate: 48 1000000
Buffer size: 48 196001
Chunk bitrate: 48 1000000
Buffer size: 49 196001
Download Time: 1880291
Chunk bitrate: 49 1000000
Buffer size: 50 200001
Download Time: 1764494
Chunk bitrate: 50 2000000
Buffer size: 50 204001
Chunk bitrate: 50 2000000
Buffer size: 51 204001
Download Time: 1658825
Chunk bitrate: 51 2000000
Buffer size: 52 208001
Download Time: 2235325
Chunk bitrate: 52 2000000
Buffer size: 53 212001
Download Time: 1598696
Chunk bitrate: 53 3000000
Buffer size: 53 216001
Chunk bitrate: 53 3000000
Buffer size: 54 216001
Download Time: 2269964
Chunk bitrate: 54 3000000
Buffer size: 55 220001
Download Time: 2358059
Chunk bitrate: 55 1000000
Buffer size: 55 224001
Chunk bitrate: 55 1000000
Buffer size: 56 224001
Download Time: 2393209
Chunk bitrate: 56 1000000
Buffer size: 57 228001
Download Time: 1447614
Chunk bitrate: 57 1000000
Buffer size: 58 232001
Download Time: 519627
Chunk bitrate: 58 1000000
Buffer size: 59 236001
Download Time: 1700083
Chunk bitrate: 59 1000000
Buffer size: 60 240001
Download Time: 1288191
Chunk bitrate: 60 1000000
Buffer size: 61 244001
Download Time: 1337417
Chunk bitrate: 61 1000000
Buffer size: 62 248001
Download Time: 361998
Chunk bitrate: 62 2000000
Buffer size: 62 252001
Chunk bitrate: 62 2000000
Buffer size: 63 252001
Download Time: 471015
Chunk bitrate: 63 2000000
Buffer size: 64 256001
Download Time: 934812
Chunk bitrate: 64 2000000
Buffer size: 65 260001
[00007fa498003378] ps mux: Close
[00007fa4940012a8] idummy demux: command `quit'
[0000000001ad71e8] [cli] lua interface error: Error loading script /home/cs244/vlc/share/lua/intf/cli.luac: lua/intf/modules/host.lua:286: Interrupted.
