[00000000012f91e8] core interface error: no suitable interface module
[0000000001230338] core libvlc error: interface "globalhotkeys,none" initialization failed
[00000000012f91e8] dbus interface error: Failed to connect to the D-Bus session daemon: Unable to autolaunch a dbus-daemon without a $DISPLAY for X11
[00000000012f91e8] core interface error: no suitable interface module
[0000000001230338] core libvlc error: interface "dbus,none" initialization failed
[0000000001230338] core libvlc: Running vlc with the default interface. Use 'cvlc' to use vlc without interface.
[00000000012f91e8] qt interface error: Could not connect to X server
[00000000012f91e8] skins2 interface error: cannot initialize OSFactory
[00000000012f91e8] [cli] lua interface: Listening on host "*console".
VLC media player 3.0.0-git Vetinari
Command Line Interface initialized. Type `help' for help.
> [00007fe964003378] ps mux: Open
making a DASHManager
new ratebased adaptionlogic
Chunk bitrate: 0 349952
Buffer size: 0 0
Chunk bitrate: 0 349952
Buffer size: 0 0
[00007fe964024018] mp4 demux: Fragment sequence discontinuity detected 0 != 2
Download Time: 587462
[00007fe964019308] mp4 demux: Fragment sequence discontinuity detected 0 != 2
Startup Time: 1050000
Chunk bitrate: 0 1000000
Buffer size: 0 4001
Chunk bitrate: 0 1000000
Buffer size: 1 4001
Download Time: 1607040
Chunk bitrate: 1 1000000
Buffer size: 2 8001
Download Time: 1166476
Chunk bitrate: 2 1000000
Buffer size: 3 12001
Download Time: 1448454
Chunk bitrate: 3 2000000
Buffer size: 3 16001
Chunk bitrate: 3 2000000
Buffer size: 4 16001
Download Time: 1878580
Chunk bitrate: 4 2000000
Buffer size: 5 20001
Download Time: 2574500
Chunk bitrate: 5 2000000
Buffer size: 6 24001
Download Time: 1061850
Chunk bitrate: 6 3000000
Buffer size: 6 28001
Chunk bitrate: 6 3000000
Buffer size: 7 28001
Download Time: 1653467
Chunk bitrate: 7 3000000
Buffer size: 8 32001
Download Time: 2395160
Chunk bitrate: 8 3000000
Buffer size: 9 36001
Download Time: 959510
Chunk bitrate: 9 3000000
Buffer size: 10 40001
Download Time: 1105506
Chunk bitrate: 10 3000000
Buffer size: 11 44001
Download Time: 961431
Chunk bitrate: 11 3000000
Buffer size: 12 48001
Download Time: 1331715
Chunk bitrate: 12 3000000
Buffer size: 13 52001
Download Time: 4542979
Chunk bitrate: 13 1000000
Buffer size: 13 56001
Chunk bitrate: 13 1000000
Buffer size: 14 56001
Download Time: 1225953
Chunk bitrate: 14 2000000
Buffer size: 14 60001
Chunk bitrate: 14 2000000
Buffer size: 15 60001
Download Time: 1823866
Chunk bitrate: 15 2000000
Buffer size: 16 64001
Download Time: 2193795
Chunk bitrate: 16 2000000
Buffer size: 17 68001
Download Time: 1246759
Chunk bitrate: 17 3000000
Buffer size: 17 72001
Chunk bitrate: 17 3000000
Buffer size: 18 72001
Download Time: 2274910
Chunk bitrate: 18 3000000
Buffer size: 19 76001
Download Time: 1288402
Chunk bitrate: 19 3000000
Buffer size: 20 80001
Download Time: 1040858
Chunk bitrate: 20 3000000
Buffer size: 21 84001
Download Time: 603046
Chunk bitrate: 21 3000000
Buffer size: 22 88001
Download Time: 891837
Chunk bitrate: 22 3000000
Buffer size: 23 92001
Download Time: 1177623
Chunk bitrate: 23 3000000
Buffer size: 24 96001
Download Time: 1044114
Chunk bitrate: 24 3000000
Buffer size: 25 100001
Download Time: 4350029
Chunk bitrate: 25 1000000
Buffer size: 25 104001
Chunk bitrate: 25 1000000
Buffer size: 26 104001
Download Time: 1289314
Chunk bitrate: 26 2000000
Buffer size: 26 108001
Chunk bitrate: 26 2000000
Buffer size: 27 108001
Download Time: 1299561
Chunk bitrate: 27 2000000
Buffer size: 28 112001
Download Time: 2034615
Chunk bitrate: 28 2000000
Buffer size: 29 116001
Download Time: 1925136
Chunk bitrate: 29 3000000
Buffer size: 29 120001
Chunk bitrate: 29 3000000
Buffer size: 30 120001
Download Time: 1506554
Chunk bitrate: 30 3000000
Buffer size: 31 124001
Download Time: 1525505
Chunk bitrate: 31 3000000
Buffer size: 32 128001
Download Time: 1605192
Chunk bitrate: 32 3000000
Buffer size: 33 132001
Download Time: 1162908
Chunk bitrate: 33 3000000
Buffer size: 34 136001
Download Time: 1139913
Download Time: 27059
Chunk bitrate: 34 3000000
Buffer size: 35 140001
Download Time: 1035042
Chunk bitrate: 35 3000000
Buffer size: 36 144001
Download Time: 1564869
Chunk bitrate: 36 1000000
Buffer size: 36 148001
Chunk bitrate: 36 1000000
Buffer size: 37 148001
Download Time: 2039381
Chunk bitrate: 37 1000000
Buffer size: 38 152001
Download Time: 1841379
Chunk bitrate: 38 1000000
Buffer size: 39 156001
Download Time: 995436
Chunk bitrate: 39 2000000
Buffer size: 39 160001
Chunk bitrate: 39 2000000
Buffer size: 40 160001
Download Time: 1676266
Chunk bitrate: 40 2000000
Buffer size: 41 164001
Download Time: 2294382
Chunk bitrate: 41 3000000
Buffer size: 41 168001
Chunk bitrate: 41 3000000
Buffer size: 42 168001
Download Time: 1945229
Chunk bitrate: 42 3000000
Buffer size: 43 172001
Download Time: 2399177
Chunk bitrate: 43 3000000
Buffer size: 44 176001
Download Time: 971003
Chunk bitrate: 44 3000000
Buffer size: 45 180001
Download Time: 1054798
Chunk bitrate: 45 3000000
Buffer size: 46 184001
Download Time: 1120833
Chunk bitrate: 46 3000000
Buffer size: 47 188001
Download Time: 1047867
Chunk bitrate: 47 3000000
Buffer size: 48 192001
Download Time: 939284
Chunk bitrate: 48 2000000
Buffer size: 48 196001
Chunk bitrate: 48 2000000
Buffer size: 49 196001
Download Time: 4095038
Chunk bitrate: 49 1000000
Buffer size: 49 200001
Chunk bitrate: 49 1000000
Buffer size: 50 200001
Download Time: 1765258
Chunk bitrate: 50 1000000
Buffer size: 51 204001
Download Time: 1425865
Chunk bitrate: 51 1000000
Buffer size: 52 208001
Download Time: 1801269
Chunk bitrate: 52 1000000
Buffer size: 53 212001
Download Time: 1041405
Chunk bitrate: 53 2000000
Buffer size: 53 216001
Chunk bitrate: 53 2000000
Buffer size: 54 216001
Download Time: 2234760
Chunk bitrate: 54 2000000
Buffer size: 55 220001
Download Time: 2016977
Chunk bitrate: 55 3000000
Buffer size: 55 224001
Chunk bitrate: 55 3000000
Buffer size: 56 224001
Download Time: 2239960
[00007fe964003378] core mux error: cannot add this stream
[00007fe9641f5348] core decoder error: cannot create packetizer output (h264)
Chunk bitrate: 56 3000000
Buffer size: 57 228001
Download Time: 1545975
Chunk bitrate: 57 3000000
Buffer size: 58 232001
Download Time: 650717
Chunk bitrate: 58 3000000
Buffer size: 59 236001
Download Time: 1237129
Chunk bitrate: 59 3000000
Buffer size: 60 240001
Download Time: 915042
Chunk bitrate: 60 3000000
Buffer size: 61 244001
Download Time: 954194
Chunk bitrate: 61 3000000
Buffer size: 62 248001
Download Time: 322582
Chunk bitrate: 62 3000000
Buffer size: 63 252001
Download Time: 225578
Chunk bitrate: 63 3000000
Buffer size: 64 256001
Download Time: 401222
Chunk bitrate: 64 3000000
Buffer size: 65 260001
[00007fe964003378] ps mux: Close
[00007fe96410ddd8] idummy demux: command `quit'
[00000000012f91e8] [cli] lua interface error: Error loading script /home/cs244/vlc/share/lua/intf/cli.luac: lua/intf/modules/host.lua:286: Interrupted.
