[00000000015fd548] core interface error: no suitable interface module
[0000000001536338] core libvlc error: interface "globalhotkeys,none" initialization failed
[00000000015fd548] dbus interface error: Failed to connect to the D-Bus session daemon: Unable to autolaunch a dbus-daemon without a $DISPLAY for X11
[00000000015fd548] core interface error: no suitable interface module
[0000000001536338] core libvlc error: interface "dbus,none" initialization failed
[0000000001536338] core libvlc: Running vlc with the default interface. Use 'cvlc' to use vlc without interface.
[00000000015fd548] qt interface error: Could not connect to X server
[00000000015fd548] skins2 interface error: cannot initialize OSFactory
[00000000015fd548] [cli] lua interface: Listening on host "*console".
VLC media player 3.0.0-git Vetinari
Command Line Interface initialized. Type `help' for help.
> [00007f3520003378] ps mux: Open
making a DASHManager
new ratebased adaptionlogic
Chunk bitrate: 0 349952
Buffer size: 0 0
Chunk bitrate: 0 349952
Buffer size: 0 0
[00007f3520027298] mp4 demux: Fragment sequence discontinuity detected 0 != 2
Download Time: 1176633
[00007f35200273e8] mp4 demux: Fragment sequence discontinuity detected 0 != 2
Startup Time: 1050000
Chunk bitrate: 0 600000
Buffer size: 0 4001
Chunk bitrate: 0 600000
Buffer size: 1 4001
Download Time: 2072376
Chunk bitrate: 1 600000
Buffer size: 2 8001
Download Time: 1254892
Chunk bitrate: 2 1000000
Buffer size: 2 12001
Chunk bitrate: 2 1000000
Buffer size: 3 12001
Download Time: 1934796
Chunk bitrate: 3 1000000
Buffer size: 4 16001
Download Time: 1639224
Chunk bitrate: 4 1000000
Buffer size: 5 20001
Download Time: 1608982
Chunk bitrate: 5 2000000
Buffer size: 5 24001
Chunk bitrate: 5 2000000
Buffer size: 6 24001
Download Time: 1592936
Chunk bitrate: 6 2000000
Buffer size: 7 28001
Download Time: 1749735
Chunk bitrate: 7 2000000
Buffer size: 8 32001
Download Time: 1980243
Chunk bitrate: 8 3000000
Buffer size: 8 36001
Chunk bitrate: 8 3000000
Buffer size: 9 36001
Download Time: 1916376
Chunk bitrate: 9 3000000
Buffer size: 10 40001
Download Time: 3729423
Chunk bitrate: 10 1000000
Buffer size: 10 44001
Chunk bitrate: 10 1000000
Buffer size: 11 44001
Download Time: 2448763
Chunk bitrate: 11 1000000
Buffer size: 12 48001
Download Time: 2177026
Chunk bitrate: 12 1000000
Buffer size: 13 52001
Download Time: 1940186
Chunk bitrate: 13 1000000
Buffer size: 14 56001
Download Time: 1076502
Chunk bitrate: 14 3000000
Buffer size: 14 60001
Chunk bitrate: 14 3000000
Buffer size: 15 60001
Download Time: 1774690
Chunk bitrate: 15 3000000
Buffer size: 16 64001
Download Time: 2190973
Chunk bitrate: 16 3000000
Buffer size: 17 68001
Download Time: 1830080
Chunk bitrate: 17 3000000
Buffer size: 18 72001
Download Time: 2276081
Chunk bitrate: 18 3000000
Buffer size: 19 76001
Download Time: 1376328
Chunk bitrate: 19 1000000
Buffer size: 19 80001
Chunk bitrate: 19 1000000
Buffer size: 20 80001
Download Time: 2555337
Chunk bitrate: 20 1000000
Buffer size: 21 84001
Download Time: 1655292
Chunk bitrate: 21 1000000
Buffer size: 22 88001
Download Time: 1687784
Chunk bitrate: 22 1000000
Buffer size: 23 92001
Download Time: 2081822
Chunk bitrate: 23 1000000
Buffer size: 24 96001
Download Time: 1615025
Chunk bitrate: 24 2000000
Buffer size: 24 100001
Chunk bitrate: 24 2000000
Buffer size: 25 100001
Download Time: 2139165
Chunk bitrate: 25 2000000
Buffer size: 26 104001
Download Time: 1929432
Chunk bitrate: 26 2000000
Buffer size: 27 108001
Download Time: 926108
Chunk bitrate: 27 3000000
Buffer size: 27 112001
Chunk bitrate: 27 3000000
Buffer size: 28 112001
Download Time: 1945965
Chunk bitrate: 28 3000000
Buffer size: 29 116001
Download Time: 2985583
Chunk bitrate: 29 1000000
Buffer size: 29 120001
Chunk bitrate: 29 1000000
Buffer size: 30 120001
Download Time: 1931903
Chunk bitrate: 30 1000000
Buffer size: 31 124001
Download Time: 2083425
Chunk bitrate: 31 1000000
Buffer size: 32 128001
Download Time: 2121193
Chunk bitrate: 32 1000000
Buffer size: 33 132001
Download Time: 1821065
Chunk bitrate: 33 1000000
Buffer size: 34 136001
Download Time: 1398228
Chunk bitrate: 34 2000000
Buffer size: 34 140001
Chunk bitrate: 34 2000000
Buffer size: 35 140001
Download Time: 2247336
Chunk bitrate: 35 2000000
Buffer size: 36 144001
Download Time: 1643145
Chunk bitrate: 36 1000000
Buffer size: 36 148001
Chunk bitrate: 36 1000000
Buffer size: 37 148001
Download Time: 3680942
Chunk bitrate: 37 600000
Buffer size: 37 152001
Chunk bitrate: 37 600000
Buffer size: 38 152001
Download Time: 2051688
Chunk bitrate: 38 600000
Buffer size: 39 156001
Download Time: 1740759
Chunk bitrate: 39 600000
Buffer size: 40 160001
Download Time: 1652601
Chunk bitrate: 40 349952
Buffer size: 40 164001
Chunk bitrate: 40 349952
Buffer size: 41 164001
Download Time: 2627841
Chunk bitrate: 41 349952
Buffer size: 42 168001
Download Time: 2166199
Chunk bitrate: 42 349952
Buffer size: 43 172001
Download Time: 2027929
Chunk bitrate: 43 349952
Buffer size: 44 176001
Download Time: 1791562
Chunk bitrate: 44 600000
Buffer size: 44 180001
Chunk bitrate: 44 600000
Buffer size: 45 180001
Download Time: 1844797
Chunk bitrate: 45 600000
Buffer size: 46 184001
Download Time: 2056089
Chunk bitrate: 46 600000
Buffer size: 47 188001
Download Time: 1806032
Chunk bitrate: 47 600000
Buffer size: 48 192001
Download Time: 1688280
Chunk bitrate: 48 600000
Buffer size: 49 196001
Download Time: 2067042
Chunk bitrate: 49 600000
Buffer size: 50 200001
Download Time: 1950143
Chunk bitrate: 50 600000
Buffer size: 51 204001
Download Time: 1715104
Chunk bitrate: 51 600000
Buffer size: 52 208001
Download Time: 1976893
Chunk bitrate: 52 600000
Buffer size: 53 212001
Download Time: 1796908
Chunk bitrate: 53 600000
Buffer size: 54 216001
Download Time: 1872766
Chunk bitrate: 54 600000
Buffer size: 55 220001
Download Time: 2084059
Chunk bitrate: 55 600000
Buffer size: 56 224001
Download Time: 1940493
Chunk bitrate: 56 600000
Buffer size: 57 228001
Download Time: 1429806
Chunk bitrate: 57 600000
Buffer size: 58 232001
Download Time: 617149
Chunk bitrate: 58 600000
Buffer size: 59 236001
Download Time: 2940562
Chunk bitrate: 59 349952
Buffer size: 59 240001
Chunk bitrate: 59 349952
Buffer size: 60 240001
Download Time: 1722830
[00007f3520003378] core mux error: cannot add this stream
[00007f35200cfaf8] core decoder error: cannot create packetizer output (h264)
Chunk bitrate: 60 349952
Buffer size: 61 244001
Download Time: 1778392
Chunk bitrate: 61 349952
Buffer size: 62 248001
Download Time: 595591
Chunk bitrate: 62 349952
Buffer size: 63 252001
Download Time: 439797
Chunk bitrate: 63 349952
Buffer size: 64 256001
Download Time: 778382
Chunk bitrate: 64 349952
Buffer size: 65 260001
[00007f3520003378] ps mux: Close
[00007f351c001758] idummy demux: command `quit'
[00000000015fd548] [cli] lua interface error: Error loading script /home/cs244/vlc/share/lua/intf/cli.luac: lua/intf/modules/host.lua:286: Interrupted.
