[0000000000b341e8] core interface error: no suitable interface module
[0000000000a6b338] core libvlc error: interface "globalhotkeys,none" initialization failed
[0000000000b341e8] dbus interface error: Failed to connect to the D-Bus session daemon: Unable to autolaunch a dbus-daemon without a $DISPLAY for X11
[0000000000b341e8] core interface error: no suitable interface module
[0000000000a6b338] core libvlc error: interface "dbus,none" initialization failed
[0000000000a6b338] core libvlc: Running vlc with the default interface. Use 'cvlc' to use vlc without interface.
[0000000000b341e8] qt interface error: Could not connect to X server
[0000000000b341e8] skins2 interface error: cannot initialize OSFactory
[0000000000b341e8] [cli] lua interface: Listening on host "*console".
VLC media player 3.0.0-git Vetinari
Command Line Interface initialized. Type `help' for help.
> [00007fdae0003378] ps mux: Open
making a DASHManager
new ratebased adaptionlogic
Chunk bitrate: 0 349952
Buffer size: 0 0
Chunk bitrate: 0 349952
Buffer size: 0 0
[00007fdae00245c8] mp4 demux: Fragment sequence discontinuity detected 0 != 2
Download Time: 588074
[00007fdae0024958] mp4 demux: Fragment sequence discontinuity detected 0 != 2
Startup Time: 1050000
Chunk bitrate: 0 1000000
Buffer size: 0 4001
Chunk bitrate: 0 1000000
Buffer size: 1 4001
Download Time: 1611715
Chunk bitrate: 1 1000000
Buffer size: 2 8001
Download Time: 1170408
Chunk bitrate: 2 1000000
Buffer size: 3 12001
Download Time: 1440010
Chunk bitrate: 3 2000000
Buffer size: 3 16001
Chunk bitrate: 3 2000000
Buffer size: 4 16001
Download Time: 1880885
Chunk bitrate: 4 2000000
Buffer size: 5 20001
Download Time: 2574671
Chunk bitrate: 5 2000000
Buffer size: 6 24001
Download Time: 1062200
Chunk bitrate: 6 3000000
Buffer size: 6 28001
Chunk bitrate: 6 3000000
Buffer size: 7 28001
Download Time: 1653958
Chunk bitrate: 7 3000000
Buffer size: 8 32001
Download Time: 3551562
Chunk bitrate: 8 1000000
Buffer size: 8 36001
Chunk bitrate: 8 1000000
Buffer size: 9 36001
Download Time: 2208253
Chunk bitrate: 9 1000000
Buffer size: 10 40001
Download Time: 1639799
Chunk bitrate: 10 1000000
Buffer size: 11 44001
Download Time: 1400237
Chunk bitrate: 11 1000000
Buffer size: 12 48001
Download Time: 1729798
Chunk bitrate: 12 1000000
Buffer size: 13 52001
Download Time: 1413315
Chunk bitrate: 13 2000000
Buffer size: 13 56001
Chunk bitrate: 13 2000000
Buffer size: 14 56001
Download Time: 2049426
Chunk bitrate: 14 2000000
Buffer size: 15 60001
Download Time: 1827756
Chunk bitrate: 15 2000000
Buffer size: 16 64001
Download Time: 1616790
Chunk bitrate: 16 3000000
Buffer size: 16 68001
Chunk bitrate: 16 3000000
Buffer size: 17 68001
Download Time: 1823744
Chunk bitrate: 17 3000000
Buffer size: 18 72001
Download Time: 3210514
Chunk bitrate: 18 1000000
Buffer size: 18 76001
Chunk bitrate: 18 1000000
Buffer size: 19 76001
Download Time: 1491514
Chunk bitrate: 19 1000000
Buffer size: 20 80001
Download Time: 2034902
Chunk bitrate: 20 3000000
Buffer size: 20 84001
Chunk bitrate: 20 3000000
Buffer size: 21 84001
Download Time: 1202063
Chunk bitrate: 21 3000000
Buffer size: 22 88001
Download Time: 1780094
Chunk bitrate: 22 3000000
Buffer size: 23 92001
Download Time: 4802102
Chunk bitrate: 23 600000
Buffer size: 23 96001
Chunk bitrate: 23 600000
Buffer size: 24 96001
Download Time: 1812328
Chunk bitrate: 24 1000000
Buffer size: 24 100001
Chunk bitrate: 24 1000000
Buffer size: 25 100001
Download Time: 1360628
Chunk bitrate: 25 1000000
Buffer size: 26 104001
Download Time: 1338830
Chunk bitrate: 26 1000000
Buffer size: 27 108001
Download Time: 800256
Chunk bitrate: 27 1000000
Buffer size: 28 112001
Download Time: 1215191
Chunk bitrate: 28 3000000
Buffer size: 28 116001
Chunk bitrate: 28 3000000
Buffer size: 29 116001
Download Time: 2415415
Chunk bitrate: 29 3000000
Buffer size: 30 120001
Download Time: 1508252
Chunk bitrate: 30 3000000
Buffer size: 31 124001
Download Time: 1035264
Chunk bitrate: 31 3000000
Buffer size: 32 128001
Download Time: 1242899
Chunk bitrate: 32 3000000
Buffer size: 33 132001
Download Time: 1163061
Chunk bitrate: 33 3000000
Buffer size: 34 136001
Download Time: 1135741
Chunk bitrate: 34 3000000
Buffer size: 35 140001
Download Time: 1639993
Chunk bitrate: 35 2000000
Buffer size: 35 144001
Chunk bitrate: 35 2000000
Buffer size: 36 144001
Download Time: 2192107
Chunk bitrate: 36 1000000
Buffer size: 36 148001
Chunk bitrate: 36 1000000
Buffer size: 37 148001
Download Time: 1636043
Chunk bitrate: 37 2000000
Buffer size: 37 152001
Chunk bitrate: 37 2000000
Buffer size: 38 152001
Download Time: 2340019
Chunk bitrate: 38 2000000
Buffer size: 39 156001
Download Time: 1953365
Chunk bitrate: 39 2000000
Buffer size: 40 160001
Download Time: 1305607
Chunk bitrate: 40 3000000
Buffer size: 40 164001
Chunk bitrate: 40 3000000
Buffer size: 41 164001
Download Time: 2343580
Chunk bitrate: 41 3000000
Buffer size: 42 168001
Download Time: 1871751
Chunk bitrate: 42 3000000
Buffer size: 43 172001
Download Time: 1202272
Chunk bitrate: 43 3000000
Buffer size: 44 176001
Download Time: 882673
Chunk bitrate: 44 3000000
Buffer size: 45 180001
Download Time: 1052686
Download Time: 27526
Chunk bitrate: 45 3000000
Buffer size: 46 184001
Download Time: 1121405
Chunk bitrate: 46 3000000
Buffer size: 47 188001
Download Time: 2670251
Chunk bitrate: 47 1000000
Buffer size: 47 192001
Chunk bitrate: 47 1000000
Buffer size: 48 192001
Download Time: 1096151
[00007fdae0003378] core mux error: cannot add this stream
[00007fdae01245d8] core decoder error: cannot create packetizer output (h264)
Chunk bitrate: 48 1000000
Buffer size: 49 196001
Download Time: 1504897
Chunk bitrate: 49 2000000
Buffer size: 49 200001
Chunk bitrate: 49 2000000
Buffer size: 50 200001
Download Time: 2036583
[00007fdae0003378] core mux error: cannot add this stream
[00007fdae00e31a8] core decoder error: cannot create packetizer output (h264)
Chunk bitrate: 50 2000000
Buffer size: 51 204001
Download Time: 1659305
Chunk bitrate: 51 2000000
Buffer size: 52 208001
Download Time: 1850326
Chunk bitrate: 52 3000000
Buffer size: 52 212001
Chunk bitrate: 52 3000000
Buffer size: 53 212001
Download Time: 2143817
[00007fdae0003378] core mux error: cannot add this stream
[00007fdae01d0c48] core decoder error: cannot create packetizer output (h264)
Chunk bitrate: 53 3000000
Buffer size: 54 216001
Download Time: 2120595
Chunk bitrate: 54 3000000
Buffer size: 55 220001
Download Time: 1025046
Chunk bitrate: 55 3000000
Buffer size: 56 224001
Download Time: 1121932
Chunk bitrate: 56 3000000
Buffer size: 57 228001
Download Time: 774937
Chunk bitrate: 57 3000000
Buffer size: 58 232001
Download Time: 327872
Chunk bitrate: 58 3000000
Buffer size: 59 236001
Download Time: 1199171
Chunk bitrate: 59 3000000
Buffer size: 60 240001
Download Time: 3006742
Chunk bitrate: 60 1000000
Buffer size: 60 244001
Chunk bitrate: 60 1000000
Buffer size: 61 244001
Download Time: 1339740
[00007fdae0003378] core mux error: cannot add this stream
[00007fdae0189818] core decoder error: cannot create packetizer output (h264)
Chunk bitrate: 61 1000000
Buffer size: 62 248001
Download Time: 484471
Chunk bitrate: 62 1000000
Buffer size: 63 252001
Download Time: 291123
Chunk bitrate: 63 2000000
Buffer size: 63 256001
Chunk bitrate: 63 2000000
Buffer size: 64 256001
Download Time: 935548
[00007fdae0003378] core mux error: cannot add this stream
[00007fdae0185708] core decoder error: cannot create packetizer output (h264)
Chunk bitrate: 64 2000000
Buffer size: 65 260001
[00007fdae0003378] ps mux: Close
[00007fdadc001618] idummy demux: command `quit'
[0000000000b341e8] [cli] lua interface error: Error loading script /home/cs244/vlc/share/lua/intf/cli.luac: lua/intf/modules/host.lua:286: Interrupted.
