[00000000024b41e8] core interface error: no suitable interface module
[00000000023eb338] core libvlc error: interface "globalhotkeys,none" initialization failed
[00000000024b41e8] dbus interface error: Failed to connect to the D-Bus session daemon: Unable to autolaunch a dbus-daemon without a $DISPLAY for X11
[00000000024b41e8] core interface error: no suitable interface module
[00000000023eb338] core libvlc error: interface "dbus,none" initialization failed
[00000000023eb338] core libvlc: Running vlc with the default interface. Use 'cvlc' to use vlc without interface.
[00000000024b41e8] qt interface error: Could not connect to X server
[00000000024b41e8] skins2 interface error: cannot initialize OSFactory
[00000000024b41e8] [cli] lua interface: Listening on host "*console".
VLC media player 3.0.0-git Vetinari
Command Line Interface initialized. Type `help' for help.
> [00007f8ab8003378] ps mux: Open
making a DASHManager
new ratebased adaptionlogic
Chunk bitrate: 0 349952
Buffer size: 0 0
Chunk bitrate: 0 349952
Buffer size: 0 0
[00007f8ab8023718] mp4 demux: Fragment sequence discontinuity detected 0 != 2
Download Time: 293595
[00007f8ab8017a78] mp4 demux: Fragment sequence discontinuity detected 0 != 2
Startup Time: 1050000
Chunk bitrate: 0 3000000
Buffer size: 0 4001
Chunk bitrate: 0 3000000
Buffer size: 1 4001
Download Time: 2270504
Chunk bitrate: 1 3000000
Buffer size: 2 8001
Download Time: 1903437
Chunk bitrate: 2 3000000
Buffer size: 3 12001
Download Time: 2333411
Chunk bitrate: 3 3000000
Buffer size: 4 16001
Download Time: 1942134
Chunk bitrate: 4 3000000
Buffer size: 5 20001
Download Time: 1635530
Chunk bitrate: 5 3000000
Buffer size: 6 24001
Download Time: 843854
Chunk bitrate: 6 3000000
Buffer size: 7 28001
Download Time: 829262
Chunk bitrate: 7 3000000
Buffer size: 8 32001
Download Time: 1310321
Chunk bitrate: 8 3000000
Buffer size: 9 36001
Download Time: 960659
Chunk bitrate: 9 3000000
Buffer size: 10 40001
Download Time: 2175124
Chunk bitrate: 10 3000000
Buffer size: 11 44001
Download Time: 2008662
Chunk bitrate: 11 3000000
Buffer size: 12 48001
Download Time: 2655277
Chunk bitrate: 12 3000000
Buffer size: 13 52001
Download Time: 2225809
Chunk bitrate: 13 3000000
Buffer size: 14 56001
Download Time: 1880509
Chunk bitrate: 14 3000000
Buffer size: 15 60001
Download Time: 1776763
Chunk bitrate: 15 3000000
Buffer size: 16 64001
Download Time: 2083474
Chunk bitrate: 16 3000000
Buffer size: 17 68001
Download Time: 914311
Chunk bitrate: 17 3000000
Buffer size: 18 72001
Download Time: 1139574
Chunk bitrate: 18 3000000
Buffer size: 19 76001
Download Time: 647301
Chunk bitrate: 19 3000000
Buffer size: 20 80001
Download Time: 985037
Chunk bitrate: 20 3000000
Buffer size: 21 84001
Download Time: 603203
Chunk bitrate: 21 3000000
Buffer size: 22 88001
Download Time: 898138
Chunk bitrate: 22 3000000
Buffer size: 23 92001
Download Time: 1174332
Chunk bitrate: 23 3000000
Buffer size: 24 96001
Download Time: 1045767
Chunk bitrate: 24 3000000
Buffer size: 25 100001
Download Time: 1031143
Chunk bitrate: 25 3000000
Buffer size: 26 104001
Download Time: 975780
Chunk bitrate: 26 3000000
Buffer size: 27 108001
Download Time: 1107327
Chunk bitrate: 27 3000000
Buffer size: 28 112001
Download Time: 1944188
Chunk bitrate: 28 3000000
Buffer size: 29 116001
Download Time: 2416009
Chunk bitrate: 29 3000000
Buffer size: 30 120001
Download Time: 1505733
Chunk bitrate: 30 3000000
Buffer size: 31 124001
Download Time: 1527348
Chunk bitrate: 31 3000000
Buffer size: 32 128001
Download Time: 1920506
Chunk bitrate: 32 3000000
Buffer size: 33 132001
Download Time: 1162983
Chunk bitrate: 33 3000000
Buffer size: 34 136001
Download Time: 1136165
Chunk bitrate: 34 3000000
Buffer size: 35 140001
Download Time: 1035839
Chunk bitrate: 35 3000000
Buffer size: 36 144001
Download Time: 835613
Chunk bitrate: 36 3000000
Buffer size: 37 148001
Download Time: 1239524
Chunk bitrate: 37 3000000
Buffer size: 38 152001
Download Time: 1173008
Chunk bitrate: 38 3000000
Buffer size: 39 156001
Download Time: 1013963
Chunk bitrate: 39 3000000
Buffer size: 40 160001
Download Time: 870146
Chunk bitrate: 40 3000000
Buffer size: 41 164001
Download Time: 1772269
Chunk bitrate: 41 3000000
Buffer size: 42 168001
Download Time: 1944784
Chunk bitrate: 42 3000000
Buffer size: 43 172001
Download Time: 2398603
Chunk bitrate: 43 3000000
Buffer size: 44 176001
Download Time: 1764109
Chunk bitrate: 44 3000000
Buffer size: 45 180001
Download Time: 2099858
Chunk bitrate: 45 3000000
Buffer size: 46 184001
Download Time: 1279849
Chunk bitrate: 46 3000000
Buffer size: 47 188001
Download Time: 1046349
Chunk bitrate: 47 3000000
Buffer size: 48 192001
Download Time: 874574
Chunk bitrate: 48 3000000
Buffer size: 49 196001
Download Time: 1237723
Chunk bitrate: 49 3000000
Buffer size: 50 200001
Download Time: 1118143
Chunk bitrate: 50 3000000
Buffer size: 51 204001
Download Time: 1547411
Chunk bitrate: 51 3000000
Buffer size: 52 208001
Download Time: 2269465
Chunk bitrate: 52 3000000
Buffer size: 53 212001
Download Time: 1403497
Chunk bitrate: 53 3000000
Buffer size: 54 216001
Download Time: 1137068
Chunk bitrate: 54 3000000
Buffer size: 55 220001
Download Time: 1025199
Chunk bitrate: 55 3000000
Buffer size: 56 224001
Download Time: 1121356
Chunk bitrate: 56 3000000
Buffer size: 57 228001
Download Time: 774906
Chunk bitrate: 57 3000000
Buffer size: 58 232001
Download Time: 328959
Chunk bitrate: 58 3000000
Buffer size: 59 236001
Download Time: 1198547
Chunk bitrate: 59 3000000
Buffer size: 60 240001
Download Time: 915151
Chunk bitrate: 60 3000000
Buffer size: 61 244001
Download Time: 954303
Chunk bitrate: 61 3000000
Buffer size: 62 248001
Download Time: 322639
Chunk bitrate: 62 3000000
Buffer size: 63 252001
Download Time: 226678
Chunk bitrate: 63 3000000
Buffer size: 64 256001
Download Time: 402335
Chunk bitrate: 64 3000000
Buffer size: 65 260001
[00007f8ab8003378] ps mux: Close
[00007f8ab806ab88] idummy demux: command `quit'
[00000000024b41e8] [cli] lua interface error: Error loading script /home/cs244/vlc/share/lua/intf/cli.luac: lua/intf/modules/host.lua:286: Interrupted.
