[000000000145d1e8] core interface error: no suitable interface module
[0000000001394338] core libvlc error: interface "globalhotkeys,none" initialization failed
[000000000145d1e8] dbus interface error: Failed to connect to the D-Bus session daemon: Unable to autolaunch a dbus-daemon without a $DISPLAY for X11
[000000000145d1e8] core interface error: no suitable interface module
[0000000001394338] core libvlc error: interface "dbus,none" initialization failed
[0000000001394338] core libvlc: Running vlc with the default interface. Use 'cvlc' to use vlc without interface.
[000000000145d1e8] qt interface error: Could not connect to X server
[000000000145d1e8] skins2 interface error: cannot initialize OSFactory
[000000000145d1e8] [cli] lua interface: Listening on host "*console".
VLC media player 3.0.0-git Vetinari
Command Line Interface initialized. Type `help' for help.
> [00007fbb30003378] ps mux: Open
making a DASHManager
new ratebased adaptionlogic
Chunk bitrate: 0 349952
Buffer size: 0 0
Chunk bitrate: 0 349952
Buffer size: 0 0
[00007fbb30027498] mp4 demux: Fragment sequence discontinuity detected 0 != 2
Download Time: 734864
[00007fbb30016e88] mp4 demux: Fragment sequence discontinuity detected 0 != 2
Startup Time: 1050000
Chunk bitrate: 0 1000000
Buffer size: 0 4001
Chunk bitrate: 0 1000000
Buffer size: 1 4001
Download Time: 2014980
Chunk bitrate: 1 1000000
Buffer size: 2 8001
Download Time: 1465506
Chunk bitrate: 2 1000000
Buffer size: 3 12001
Download Time: 1233440
Chunk bitrate: 3 2000000
Buffer size: 3 16001
Chunk bitrate: 3 2000000
Buffer size: 4 16001
Download Time: 1880092
Chunk bitrate: 4 2000000
Buffer size: 5 20001
Download Time: 2351148
Chunk bitrate: 5 3000000
Buffer size: 5 24001
Chunk bitrate: 5 3000000
Buffer size: 6 24001
Download Time: 1685285
Chunk bitrate: 6 3000000
Buffer size: 7 28001
Download Time: 1654293
Chunk bitrate: 7 3000000
Buffer size: 8 32001
Download Time: 1828799
Chunk bitrate: 8 3000000
Buffer size: 9 36001
Download Time: 959529
Chunk bitrate: 9 3000000
Buffer size: 10 40001
Download Time: 1106961
Chunk bitrate: 10 3000000
Buffer size: 11 44001
Download Time: 963247
Chunk bitrate: 11 3000000
Buffer size: 12 48001
Download Time: 2154978
Chunk bitrate: 12 2000000
Buffer size: 12 52001
Chunk bitrate: 12 2000000
Buffer size: 13 52001
Download Time: 2912887
Chunk bitrate: 13 1000000
Buffer size: 13 56001
Chunk bitrate: 13 1000000
Buffer size: 14 56001
Download Time: 1164984
Chunk bitrate: 14 2000000
Buffer size: 14 60001
Chunk bitrate: 14 2000000
Buffer size: 15 60001
Download Time: 1826844
Chunk bitrate: 15 2000000
Buffer size: 16 64001
Download Time: 2196479
Chunk bitrate: 16 2000000
Buffer size: 17 68001
Download Time: 1292938
Chunk bitrate: 17 3000000
Buffer size: 17 72001
Chunk bitrate: 17 3000000
Buffer size: 18 72001
Download Time: 2275964
Chunk bitrate: 18 3000000
Buffer size: 19 76001
Download Time: 1289275
Chunk bitrate: 19 3000000
Buffer size: 20 80001
Download Time: 1963302
Chunk bitrate: 20 3000000
Buffer size: 21 84001
Download Time: 1201334
Chunk bitrate: 21 3000000
Buffer size: 22 88001
Download Time: 1781241
Chunk bitrate: 22 3000000
Buffer size: 23 92001
Download Time: 5223131
Chunk bitrate: 23 3000000
Buffer size: 24 96001
Download Time: 1044260
Chunk bitrate: 24 3000000
Buffer size: 25 100001
Download Time: 1030995
Chunk bitrate: 25 3000000
Buffer size: 26 104001
Download Time: 975613
Chunk bitrate: 26 3000000
Buffer size: 27 108001
Download Time: 620539
Chunk bitrate: 27 3000000
Buffer size: 28 112001
Download Time: 973749
Chunk bitrate: 28 3000000
Buffer size: 29 116001
Download Time: 4705957
Chunk bitrate: 29 1000000
Buffer size: 29 120001
Chunk bitrate: 29 1000000
Buffer size: 30 120001
Download Time: 884757
Chunk bitrate: 30 2000000
Buffer size: 30 124001
Chunk bitrate: 30 2000000
Buffer size: 31 124001
Download Time: 1739851
Chunk bitrate: 31 2000000
Buffer size: 32 128001
Download Time: 2751863
Chunk bitrate: 32 1000000
Buffer size: 32 132001
Chunk bitrate: 32 1000000
Buffer size: 33 132001
Download Time: 1460258
Chunk bitrate: 33 1000000
Buffer size: 34 136001
Download Time: 1598935
Chunk bitrate: 34 1000000
Buffer size: 35 140001
Download Time: 1370157
Chunk bitrate: 35 2000000
Buffer size: 35 144001
Chunk bitrate: 35 2000000
Buffer size: 36 144001
Download Time: 1646336
Chunk bitrate: 36 2000000
Buffer size: 37 148001
Download Time: 2425341
Chunk bitrate: 37 2000000
Buffer size: 38 152001
Download Time: 1741970
Chunk bitrate: 38 3000000
Buffer size: 38 156001
Chunk bitrate: 38 3000000
Buffer size: 39 156001
Download Time: 2023644
Chunk bitrate: 39 3000000
Buffer size: 40 160001
Download Time: 1755117
Chunk bitrate: 40 2000000
Buffer size: 40 164001
Chunk bitrate: 40 2000000
Buffer size: 41 164001
Download Time: 3268382
Chunk bitrate: 41 1000000
Buffer size: 41 168001
Download Time: 13622
Chunk bitrate: 41 1000000
Buffer size: 42 168001
Download Time: 1399920
Chunk bitrate: 42 2000000
Buffer size: 42 172001
Chunk bitrate: 42 2000000
Buffer size: 43 172001
Download Time: 2448120
Chunk bitrate: 43 2000000
Buffer size: 44 176001
Download Time: 1883298
Chunk bitrate: 44 2000000
Buffer size: 45 180001
Download Time: 2541726
Chunk bitrate: 45 1000000
Buffer size: 45 184001
Chunk bitrate: 45 1000000
Buffer size: 46 184001
Download Time: 1466982
[00007fbb30003378] core mux error: cannot add this stream
[00007fbb301fa358] core decoder error: cannot create packetizer output (h264)
Chunk bitrate: 46 1000000
Buffer size: 47 188001
Download Time: 1444473
Chunk bitrate: 47 2000000
Buffer size: 47 192001
Chunk bitrate: 47 2000000
Buffer size: 48 192001
Download Time: 1781114
[00007fbb30003378] core mux error: cannot add this stream
[00007fbb301d7928] core decoder error: cannot create packetizer output (h264)
Chunk bitrate: 48 2000000
Buffer size: 49 196001
Download Time: 2456696
Chunk bitrate: 49 2000000
Buffer size: 50 200001
Download Time: 1464223
Chunk bitrate: 50 3000000
Buffer size: 50 204001
Chunk bitrate: 50 3000000
Buffer size: 51 204001
Download Time: 1547614
[00007fbb30003378] core mux error: cannot add this stream
[00007fbb301a6ac8] core decoder error: cannot create packetizer output (h264)
Chunk bitrate: 51 3000000
Buffer size: 52 208001
Download Time: 2383744
Chunk bitrate: 52 1000000
Buffer size: 52 212001
Chunk bitrate: 52 1000000
Buffer size: 53 212001
Download Time: 1614224
[00007fbb30003378] core mux error: cannot add this stream
[00007fbb300a6658] core decoder error: cannot create packetizer output (h264)
Chunk bitrate: 53 1000000
Buffer size: 54 216001
Download Time: 2003566
Chunk bitrate: 54 1000000
Buffer size: 55 220001
Download Time: 1620035
Chunk bitrate: 55 1000000
Buffer size: 56 224001
Download Time: 1593709
Chunk bitrate: 56 1000000
Buffer size: 57 228001
Download Time: 966392
Chunk bitrate: 57 1000000
Buffer size: 58 232001
Download Time: 450200
Chunk bitrate: 58 1000000
Buffer size: 59 236001
Download Time: 1474694
Chunk bitrate: 59 2000000
Buffer size: 59 240001
Chunk bitrate: 59 2000000
Buffer size: 60 240001
Download Time: 1896037
[00007fbb30003378] core mux error: cannot add this stream
[00007fbb301a6aa8] core decoder error: cannot create packetizer output (h264)
Chunk bitrate: 60 2000000
Buffer size: 61 244001
Download Time: 2033016
Chunk bitrate: 61 2000000
Buffer size: 62 248001
Download Time: 493735
Chunk bitrate: 62 3000000
Buffer size: 62 252001
Chunk bitrate: 62 3000000
Buffer size: 63 252001
Download Time: 449903
[00007fbb30003378] core mux error: cannot add this stream
[00007fbb300b4db8] core decoder error: cannot create packetizer output (h264)
Chunk bitrate: 63 3000000
Buffer size: 64 256001
Download Time: 800729
Chunk bitrate: 64 3000000
Buffer size: 65 260001
[00007fbb30003378] ps mux: Close
[00007fbb28000e98] idummy demux: command `quit'
[000000000145d1e8] [cli] lua interface error: Error loading script /home/cs244/vlc/share/lua/intf/cli.luac: lua/intf/modules/host.lua:286: Interrupted.
