[0000000000c841e8] core interface error: no suitable interface module
[0000000000bbb338] core libvlc error: interface "globalhotkeys,none" initialization failed
[0000000000c841e8] dbus interface error: Failed to connect to the D-Bus session daemon: Unable to autolaunch a dbus-daemon without a $DISPLAY for X11
[0000000000c841e8] core interface error: no suitable interface module
[0000000000bbb338] core libvlc error: interface "dbus,none" initialization failed
[0000000000bbb338] core libvlc: Running vlc with the default interface. Use 'cvlc' to use vlc without interface.
[0000000000c841e8] qt interface error: Could not connect to X server
[0000000000c841e8] skins2 interface error: cannot initialize OSFactory
[0000000000c841e8] [cli] lua interface: Listening on host "*console".
VLC media player 3.0.0-git Vetinari
Command Line Interface initialized. Type `help' for help.
> [00007ff380003378] ps mux: Open
making a DASHManager
new ratebased adaptionlogic
Chunk bitrate: 0 349952
Buffer size: 0 0
Chunk bitrate: 0 349952
Buffer size: 0 0
[00007ff3800192b8] mp4 demux: Fragment sequence discontinuity detected 0 != 2
Download Time: 293555
[00007ff380026ab8] mp4 demux: Fragment sequence discontinuity detected 0 != 2
Startup Time: 1050000
Chunk bitrate: 0 3000000
Buffer size: 0 4001
Chunk bitrate: 0 3000000
Buffer size: 1 4001
Download Time: 2272599
Chunk bitrate: 1 3000000
Buffer size: 2 8001
Download Time: 1902944
Chunk bitrate: 2 3000000
Buffer size: 3 12001
Download Time: 1243152
Chunk bitrate: 3 3000000
Buffer size: 4 16001
Download Time: 972781
Chunk bitrate: 4 3000000
Buffer size: 5 20001
Download Time: 1247722
Chunk bitrate: 5 3000000
Buffer size: 6 24001
Download Time: 844012
Chunk bitrate: 6 3000000
Buffer size: 7 28001
Download Time: 829544
Chunk bitrate: 7 3000000
Buffer size: 8 32001
Download Time: 1310250
Chunk bitrate: 8 3000000
Buffer size: 9 36001
Download Time: 960625
Chunk bitrate: 9 3000000
Buffer size: 10 40001
Download Time: 1106164
Chunk bitrate: 10 3000000
Buffer size: 11 44001
Download Time: 961098
Chunk bitrate: 11 3000000
Buffer size: 12 48001
Download Time: 3205870
Chunk bitrate: 12 2000000
Buffer size: 12 52001
Chunk bitrate: 12 2000000
Buffer size: 13 52001
Download Time: 2153632
Chunk bitrate: 13 3000000
Buffer size: 13 56001
Chunk bitrate: 13 3000000
Buffer size: 14 56001
Download Time: 1880190
Chunk bitrate: 14 3000000
Buffer size: 15 60001
Download Time: 1773524
Chunk bitrate: 15 3000000
Buffer size: 16 64001
Download Time: 2189720
Chunk bitrate: 16 3000000
Buffer size: 17 68001
Download Time: 1825148
Chunk bitrate: 17 3000000
Buffer size: 18 72001
Download Time: 2129780
Chunk bitrate: 18 3000000
Buffer size: 19 76001
Download Time: 650158
Chunk bitrate: 19 3000000
Buffer size: 20 80001
Download Time: 984927
Chunk bitrate: 20 3000000
Buffer size: 21 84001
Download Time: 603169
Chunk bitrate: 21 3000000
Buffer size: 22 88001
Download Time: 892787
Chunk bitrate: 22 3000000
Buffer size: 23 92001
Download Time: 1174159
Chunk bitrate: 23 3000000
Buffer size: 24 96001
Download Time: 2414599
Chunk bitrate: 24 2000000
Buffer size: 24 100001
Chunk bitrate: 24 2000000
Buffer size: 25 100001
Download Time: 2070079
Chunk bitrate: 25 2000000
Buffer size: 26 104001
Download Time: 1521510
Chunk bitrate: 26 3000000
Buffer size: 26 108001
Chunk bitrate: 26 3000000
Buffer size: 27 108001
Download Time: 1237805
Chunk bitrate: 27 3000000
Buffer size: 28 112001
Download Time: 1946572
Chunk bitrate: 28 3000000
Buffer size: 29 116001
Download Time: 2415728
Chunk bitrate: 29 3000000
Buffer size: 30 120001
Download Time: 1506880
Chunk bitrate: 30 3000000
Buffer size: 31 124001
Download Time: 1527270
Chunk bitrate: 31 3000000
Buffer size: 32 128001
Download Time: 1345938
Chunk bitrate: 32 3000000
Buffer size: 33 132001
Download Time: 1164019
Chunk bitrate: 33 3000000
Buffer size: 34 136001
Download Time: 1135477
Chunk bitrate: 34 3000000
Buffer size: 35 140001
Download Time: 1036405
Chunk bitrate: 35 3000000
Buffer size: 36 144001
Download Time: 1821056
Chunk bitrate: 36 2000000
Buffer size: 36 148001
Chunk bitrate: 36 2000000
Buffer size: 37 148001
Download Time: 2427218
Chunk bitrate: 37 2000000
Buffer size: 38 152001
Download Time: 1844598
Chunk bitrate: 38 3000000
Buffer size: 38 156001
Chunk bitrate: 38 3000000
Buffer size: 39 156001
Download Time: 2023824
Chunk bitrate: 39 3000000
Buffer size: 40 160001
Download Time: 1733558
Chunk bitrate: 40 3000000
Buffer size: 41 164001
Download Time: 9540238
Chunk bitrate: 41 600000
Buffer size: 41 168001
Chunk bitrate: 41 600000
Buffer size: 42 168001
Download Time: 2196821
Chunk bitrate: 42 600000
Buffer size: 43 172001
Download Time: 2470180
Chunk bitrate: 43 600000
Buffer size: 44 176001
Download Time: 1494129
Chunk bitrate: 44 1000000
Buffer size: 44 180001
Chunk bitrate: 44 1000000
Buffer size: 45 180001
Download Time: 2477828
Chunk bitrate: 45 1000000
Buffer size: 46 184001
Download Time: 3316365
Chunk bitrate: 46 600000
Buffer size: 46 188001
Chunk bitrate: 46 600000
Buffer size: 47 188001
Download Time: 2079052
Chunk bitrate: 47 600000
Buffer size: 48 192001
Download Time: 1313737
Chunk bitrate: 48 1000000
Buffer size: 48 196001
Chunk bitrate: 48 1000000
Buffer size: 49 196001
Download Time: 2632216
Chunk bitrate: 49 1000000
Buffer size: 50 200001
Download Time: 3529762
Chunk bitrate: 50 600000
Buffer size: 50 204001
Chunk bitrate: 50 600000
Buffer size: 51 204001
Download Time: 1977319
Chunk bitrate: 51 600000
Buffer size: 52 208001
Download Time: 1535845
Chunk bitrate: 52 1000000
Buffer size: 52 212001
Chunk bitrate: 52 1000000
Buffer size: 53 212001
Download Time: 2260053
Chunk bitrate: 53 1000000
Buffer size: 54 216001
Download Time: 3813300
Chunk bitrate: 54 600000
Buffer size: 54 220001
Chunk bitrate: 54 600000
Buffer size: 55 220001
Download Time: 2028469
Chunk bitrate: 55 600000
Buffer size: 56 224001
Download Time: 1511879
Chunk bitrate: 56 1000000
Buffer size: 56 228001
Chunk bitrate: 56 1000000
Buffer size: 57 228001
Download Time: 1694611
Chunk bitrate: 57 1000000
Buffer size: 58 232001
Download Time: 869797
Chunk bitrate: 58 600000
Buffer size: 58 236001
Chunk bitrate: 58 600000
Buffer size: 59 236001
Download Time: 2700673
[00007ff380003378] core mux error: cannot add this stream
[00007ff3801afa08] core decoder error: cannot create packetizer output (h264)
Chunk bitrate: 59 600000
Buffer size: 60 240001
Download Time: 2213627
Chunk bitrate: 60 600000
Buffer size: 61 244001
Download Time: 2396098
Chunk bitrate: 61 600000
Buffer size: 62 248001
Download Time: 767335
Chunk bitrate: 62 600000
Buffer size: 63 252001
Download Time: 635188
Chunk bitrate: 63 600000
Buffer size: 64 256001
Download Time: 1273239
Chunk bitrate: 64 600000
Buffer size: 65 260001
[00007ff380003378] ps mux: Close
[00007ff37c0015c8] idummy demux: command `quit'
[0000000000c841e8] [cli] lua interface error: Error loading script /home/cs244/vlc/share/lua/intf/cli.luac: lua/intf/modules/host.lua:286: Interrupted.
