[0000000000b7f1e8] core interface error: no suitable interface module
[0000000000ab6338] core libvlc error: interface "globalhotkeys,none" initialization failed
[0000000000b7f1e8] dbus interface error: Failed to connect to the D-Bus session daemon: Unable to autolaunch a dbus-daemon without a $DISPLAY for X11
[0000000000b7f1e8] core interface error: no suitable interface module
[0000000000ab6338] core libvlc error: interface "dbus,none" initialization failed
[0000000000ab6338] core libvlc: Running vlc with the default interface. Use 'cvlc' to use vlc without interface.
[0000000000b7f1e8] qt interface error: Could not connect to X server
[0000000000b7f1e8] skins2 interface error: cannot initialize OSFactory
[0000000000b7f1e8] [cli] lua interface: Listening on host "*console".
VLC media player 3.0.0-git Vetinari
Command Line Interface initialized. Type `help' for help.
> [00007ff3d0003378] ps mux: Open
making a DASHManager
new ratebased adaptionlogic
Chunk bitrate: 0 349952
Buffer size: 0 0
Chunk bitrate: 0 349952
Buffer size: 0 0
[00007ff3d001a7d8] mp4 demux: Fragment sequence discontinuity detected 0 != 2
Download Time: 294273
[00007ff3d0023438] mp4 demux: Fragment sequence discontinuity detected 0 != 2
Startup Time: 1050000
Chunk bitrate: 0 3000000
Buffer size: 0 4001
Chunk bitrate: 0 3000000
Buffer size: 1 4001
Download Time: 2269065
Chunk bitrate: 1 3000000
Buffer size: 2 8001
Download Time: 1903146
Chunk bitrate: 2 3000000
Buffer size: 3 12001
Download Time: 1254247
Chunk bitrate: 3 3000000
Buffer size: 4 16001
Download Time: 974263
Chunk bitrate: 4 3000000
Buffer size: 5 20001
Download Time: 1243611
Chunk bitrate: 5 3000000
Buffer size: 6 24001
Download Time: 844041
Chunk bitrate: 6 3000000
Buffer size: 7 28001
Download Time: 828979
Chunk bitrate: 7 3000000
Buffer size: 8 32001
Download Time: 1310776
Chunk bitrate: 8 3000000
Buffer size: 9 36001
Download Time: 960096
Chunk bitrate: 9 3000000
Buffer size: 10 40001
Download Time: 1105609
Chunk bitrate: 10 3000000
Buffer size: 11 44001
Download Time: 963117
Chunk bitrate: 11 3000000
Buffer size: 12 48001
Download Time: 2258788
Chunk bitrate: 12 3000000
Buffer size: 13 52001
Download Time: 2224828
Chunk bitrate: 13 3000000
Buffer size: 14 56001
Download Time: 1878650
Chunk bitrate: 14 3000000
Buffer size: 15 60001
Download Time: 1773986
Chunk bitrate: 15 3000000
Buffer size: 16 64001
Download Time: 2115974
Chunk bitrate: 16 3000000
Buffer size: 17 68001
Download Time: 914789
Chunk bitrate: 17 3000000
Buffer size: 18 72001
Download Time: 1140051
Chunk bitrate: 18 3000000
Buffer size: 19 76001
Download Time: 647797
Chunk bitrate: 19 3000000
Buffer size: 20 80001
Download Time: 983795
Chunk bitrate: 20 3000000
Buffer size: 21 84001
Download Time: 603286
Chunk bitrate: 21 3000000
Buffer size: 22 88001
Download Time: 892648
Chunk bitrate: 22 3000000
Buffer size: 23 92001
Download Time: 1174464
Chunk bitrate: 23 3000000
Buffer size: 24 96001
Download Time: 1044515
Chunk bitrate: 24 3000000
Buffer size: 25 100001
Download Time: 1031329
Chunk bitrate: 25 3000000
Buffer size: 26 104001
Download Time: 975820
Chunk bitrate: 26 3000000
Buffer size: 27 108001
Download Time: 1071126
Chunk bitrate: 27 3000000
Buffer size: 28 112001
Download Time: 1943412
Chunk bitrate: 28 3000000
Buffer size: 29 116001
Download Time: 2415206
Chunk bitrate: 29 3000000
Buffer size: 30 120001
Download Time: 1506089
Chunk bitrate: 30 3000000
Buffer size: 31 124001
Download Time: 1526293
Chunk bitrate: 31 3000000
Buffer size: 32 128001
Download Time: 1956051
Chunk bitrate: 32 3000000
Buffer size: 33 132001
Download Time: 1162045
Chunk bitrate: 33 3000000
Buffer size: 34 136001
Download Time: 1136389
Chunk bitrate: 34 3000000
Buffer size: 35 140001
Download Time: 1035246
Chunk bitrate: 35 3000000
Buffer size: 36 144001
Download Time: 834126
Chunk bitrate: 36 3000000
Buffer size: 37 148001
Download Time: 1240864
Chunk bitrate: 37 3000000
Buffer size: 38 152001
Download Time: 1171873
Chunk bitrate: 38 3000000
Buffer size: 39 156001
Download Time: 1014090
Chunk bitrate: 39 3000000
Buffer size: 40 160001
Download Time: 869492
Chunk bitrate: 40 3000000
Buffer size: 41 164001
Download Time: 1623119
Chunk bitrate: 41 3000000
Buffer size: 42 168001
Download Time: 1945477
Chunk bitrate: 42 3000000
Buffer size: 43 172001
Download Time: 2399126
Chunk bitrate: 43 3000000
Buffer size: 44 176001
Download Time: 1762494
Chunk bitrate: 44 3000000
Buffer size: 45 180001
Download Time: 2099496
Chunk bitrate: 45 3000000
Buffer size: 46 184001
Download Time: 1428476
Chunk bitrate: 46 3000000
Buffer size: 47 188001
Download Time: 1048431
Chunk bitrate: 47 3000000
Buffer size: 48 192001
Download Time: 876929
Chunk bitrate: 48 3000000
Buffer size: 49 196001
Download Time: 1239051
Chunk bitrate: 49 3000000
Buffer size: 50 200001
Download Time: 938680
Chunk bitrate: 50 3000000
Buffer size: 51 204001
Download Time: 775571
Chunk bitrate: 51 3000000
Buffer size: 52 208001
Download Time: 1136796
Chunk bitrate: 52 3000000
Buffer size: 53 212001
Download Time: 1074333
Chunk bitrate: 53 3000000
Buffer size: 54 216001
Download Time: 1136570
Chunk bitrate: 54 3000000
Buffer size: 55 220001
Download Time: 1379820
Chunk bitrate: 55 3000000
Buffer size: 56 224001
Download Time: 2241036
Chunk bitrate: 56 3000000
Buffer size: 57 228001
Download Time: 1547591
Chunk bitrate: 57 3000000
Buffer size: 58 232001
Download Time: 652224
Chunk bitrate: 58 3000000
Buffer size: 59 236001
Download Time: 2394013
Chunk bitrate: 59 3000000
Buffer size: 60 240001
Download Time: 1826743
Chunk bitrate: 60 3000000
Buffer size: 61 244001
Download Time: 1102453
Chunk bitrate: 61 3000000
Buffer size: 62 248001
Download Time: 321495
Chunk bitrate: 62 3000000
Buffer size: 63 252001
Download Time: 227124
Chunk bitrate: 63 3000000
Buffer size: 64 256001
Download Time: 402196
Chunk bitrate: 64 3000000
Buffer size: 65 260001
[00007ff3d0003378] ps mux: Close
[00007ff3cc001728] idummy demux: command `quit'
[0000000000b7f1e8] [cli] lua interface error: Error loading script /home/cs244/vlc/share/lua/intf/cli.luac: lua/intf/modules/host.lua:286: Interrupted.
