[00000000022071e8] core interface error: no suitable interface module
[000000000213e338] core libvlc error: interface "globalhotkeys,none" initialization failed
[00000000022071e8] dbus interface error: Failed to connect to the D-Bus session daemon: Unable to autolaunch a dbus-daemon without a $DISPLAY for X11
[00000000022071e8] core interface error: no suitable interface module
[000000000213e338] core libvlc error: interface "dbus,none" initialization failed
[000000000213e338] core libvlc: Running vlc with the default interface. Use 'cvlc' to use vlc without interface.
[00000000022071e8] qt interface error: Could not connect to X server
[00000000022071e8] skins2 interface error: cannot initialize OSFactory
[00000000022071e8] [cli] lua interface: Listening on host "*console".
VLC media player 3.0.0-git Vetinari
Command Line Interface initialized. Type `help' for help.
> [00007fee48003378] ps mux: Open
making a DASHManager
new ratebased adaptionlogic
Chunk bitrate: 0 349952
Buffer size: 0 0
Chunk bitrate: 0 349952
Buffer size: 0 0
[00007fee480216b8] mp4 demux: Fragment sequence discontinuity detected 0 != 2
Download Time: 1322228
[00007fee48017ed8] mp4 demux: Fragment sequence discontinuity detected 0 != 2
Startup Time: 1050000
Chunk bitrate: 0 600000
Buffer size: 0 4001
Chunk bitrate: 0 600000
Buffer size: 1 4001
Download Time: 2331078
Chunk bitrate: 1 600000
Buffer size: 2 8001
Download Time: 1455837
Chunk bitrate: 2 600000
Buffer size: 3 12001
Download Time: 2005537
Chunk bitrate: 3 600000
Buffer size: 4 16001
Download Time: 1484174
Chunk bitrate: 4 600000
Buffer size: 5 20001
Download Time: 1574454
Chunk bitrate: 5 1000000
Buffer size: 5 24001
Chunk bitrate: 5 1000000
Buffer size: 6 24001
Download Time: 1656056
Chunk bitrate: 6 1000000
Buffer size: 7 28001
Download Time: 1656438
Chunk bitrate: 7 2000000
Buffer size: 7 32001
Chunk bitrate: 7 2000000
Buffer size: 8 32001
Download Time: 2661691
Chunk bitrate: 8 2000000
Buffer size: 9 36001
Download Time: 1941582
Chunk bitrate: 9 2000000
Buffer size: 10 40001
Download Time: 1388742
Chunk bitrate: 10 3000000
Buffer size: 10 44001
Chunk bitrate: 10 3000000
Buffer size: 11 44001
Download Time: 1922067
Chunk bitrate: 11 3000000
Buffer size: 12 48001
Download Time: 5342966
Chunk bitrate: 12 1000000
Buffer size: 12 52001
Chunk bitrate: 12 1000000
Buffer size: 13 52001
Download Time: 2235834
Chunk bitrate: 13 1000000
Buffer size: 14 56001
Download Time: 1666020
Chunk bitrate: 14 1000000
Buffer size: 15 60001
Download Time: 1456549
Chunk bitrate: 15 1000000
Buffer size: 16 64001
Download Time: 1253464
Chunk bitrate: 16 2000000
Buffer size: 16 68001
Chunk bitrate: 16 2000000
Buffer size: 17 68001
Download Time: 1824127
Chunk bitrate: 17 2000000
Buffer size: 18 72001
Download Time: 2050572
Chunk bitrate: 18 3000000
Buffer size: 18 76001
Chunk bitrate: 18 3000000
Buffer size: 19 76001
Download Time: 1292038
Chunk bitrate: 19 3000000
Buffer size: 20 80001
Download Time: 1963115
Chunk bitrate: 20 3000000
Buffer size: 21 84001
Download Time: 1203696
Chunk bitrate: 21 3000000
Buffer size: 22 88001
Download Time: 5475731
Chunk bitrate: 22 1000000
Buffer size: 22 92001
Chunk bitrate: 22 1000000
Buffer size: 23 92001
Download Time: 2085216
Chunk bitrate: 23 1000000
Buffer size: 24 96001
Download Time: 1955736
Chunk bitrate: 24 1000000
Buffer size: 25 100001
Download Time: 1160469
Chunk bitrate: 25 2000000
Buffer size: 25 104001
Chunk bitrate: 25 2000000
Buffer size: 26 104001
Download Time: 1929457
Chunk bitrate: 26 2000000
Buffer size: 27 108001
Download Time: 1302433
Chunk bitrate: 27 2000000
Buffer size: 28 112001
Download Time: 1598296
Chunk bitrate: 28 3000000
Buffer size: 28 116001
Chunk bitrate: 28 3000000
Buffer size: 29 116001
Download Time: 2416059
Chunk bitrate: 29 3000000
Buffer size: 30 120001
Download Time: 1507084
Chunk bitrate: 30 3000000
Buffer size: 31 124001
Download Time: 5197585
Chunk bitrate: 31 1000000
Buffer size: 31 128001
Chunk bitrate: 31 1000000
Buffer size: 32 128001
Download Time: 2124455
Chunk bitrate: 32 1000000
Buffer size: 33 132001
Download Time: 1824214
Chunk bitrate: 33 1000000
Buffer size: 34 136001
Download Time: 1373987
Chunk bitrate: 34 2000000
Buffer size: 34 140001
Chunk bitrate: 34 2000000
Buffer size: 35 140001
Download Time: 2246924
Chunk bitrate: 35 2000000
Buffer size: 36 144001
Download Time: 1644410
Chunk bitrate: 36 3000000
Buffer size: 36 148001
Chunk bitrate: 36 3000000
Buffer size: 37 148001
Download Time: 2477961
Chunk bitrate: 37 3000000
Buffer size: 38 152001
Download Time: 2342096
Chunk bitrate: 38 3000000
Buffer size: 39 156001
Download Time: 6471331
Chunk bitrate: 39 1000000
Buffer size: 39 160001
Chunk bitrate: 39 1000000
Buffer size: 40 160001
Download Time: 1429844
Chunk bitrate: 40 1000000
Buffer size: 41 164001
Download Time: 1922971
Chunk bitrate: 41 2000000
Buffer size: 41 168001
Chunk bitrate: 41 2000000
Buffer size: 42 168001
Download Time: 1922015
Chunk bitrate: 42 2000000
Buffer size: 43 172001
Download Time: 2447180
Chunk bitrate: 43 2000000
Buffer size: 44 176001
Download Time: 1402169
Chunk bitrate: 44 3000000
Buffer size: 44 180001
Chunk bitrate: 44 3000000
Buffer size: 45 180001
Download Time: 2100140
[00007fee48003378] core mux error: cannot add this stream
[00007fee480b6a88] core decoder error: cannot create packetizer output (h264)
Chunk bitrate: 45 3000000
Buffer size: 46 184001
Download Time: 5362047
Chunk bitrate: 46 600000
Buffer size: 46 188001
Chunk bitrate: 46 600000
Buffer size: 47 188001
Download Time: 2096272
[00007fee48003378] core mux error: cannot add this stream
[00007fee480b5408] core decoder error: cannot create packetizer output (h264)
Chunk bitrate: 47 600000
Buffer size: 48 192001
Download Time: 1689997
Chunk bitrate: 48 600000
Buffer size: 49 196001
Download Time: 2187894
Chunk bitrate: 49 600000
Buffer size: 50 200001
Download Time: 2601683
Chunk bitrate: 50 349952
Buffer size: 50 204001
Chunk bitrate: 50 349952
Buffer size: 51 204001
Download Time: 1373504
[00007fee48003378] core mux error: cannot add this stream
[00007fee480ebe28] core decoder error: cannot create packetizer output (h264)
Chunk bitrate: 51 600000
Buffer size: 51 208001
Chunk bitrate: 51 600000
Buffer size: 52 208001
Download Time: 1980061
[00007fee48003378] core mux error: cannot add this stream
[00007fee4815e1f8] core decoder error: cannot create packetizer output (h264)
Chunk bitrate: 52 600000
Buffer size: 53 212001
Download Time: 1796244
Chunk bitrate: 53 600000
Buffer size: 54 216001
Download Time: 2347158
Chunk bitrate: 54 349952
Buffer size: 54 220001
Chunk bitrate: 54 349952
Buffer size: 55 220001
Download Time: 1715605
[00007fee48003378] core mux error: cannot add this stream
[00007fee48072f88] core decoder error: cannot create packetizer output (h264)
Chunk bitrate: 55 349952
Buffer size: 56 224001
Download Time: 1311910
Chunk bitrate: 56 600000
Buffer size: 56 228001
Chunk bitrate: 56 600000
Buffer size: 57 228001
Download Time: 1430474
[00007fee48003378] core mux error: cannot add this stream
[00007fee4804ebd8] core decoder error: cannot create packetizer output (h264)
Chunk bitrate: 57 600000
Buffer size: 58 232001
Download Time: 616921
Chunk bitrate: 58 600000
Buffer size: 59 236001
Download Time: 2427165
Chunk bitrate: 59 600000
Buffer size: 60 240001
Download Time: 1930910
Chunk bitrate: 60 600000
Buffer size: 61 244001
Download Time: 1986655
Chunk bitrate: 61 349952
Buffer size: 61 248001
Chunk bitrate: 61 349952
Buffer size: 62 248001
Download Time: 551025
[00007fee48003378] core mux error: cannot add this stream
[00007fee480eeb28] core decoder error: cannot create packetizer output (h264)
Chunk bitrate: 62 349952
Buffer size: 63 252001
Download Time: 406151
Chunk bitrate: 63 349952
Buffer size: 64 256001
Download Time: 789702
Chunk bitrate: 64 349952
Buffer size: 65 260001
[00007fee48003378] ps mux: Close
[00007fee44001528] idummy demux: command `quit'
[00000000022071e8] [cli] lua interface error: Error loading script /home/cs244/vlc/share/lua/intf/cli.luac: lua/intf/modules/host.lua:286: Interrupted.
