[0000000001f3d1e8] core interface error: no suitable interface module
[0000000001e74338] core libvlc error: interface "globalhotkeys,none" initialization failed
[0000000001f3d1e8] dbus interface error: Failed to connect to the D-Bus session daemon: Unable to autolaunch a dbus-daemon without a $DISPLAY for X11
[0000000001f3d1e8] core interface error: no suitable interface module
[0000000001e74338] core libvlc error: interface "dbus,none" initialization failed
[0000000001e74338] core libvlc: Running vlc with the default interface. Use 'cvlc' to use vlc without interface.
[0000000001f3d1e8] qt interface error: Could not connect to X server
[0000000001f3d1e8] skins2 interface error: cannot initialize OSFactory
[0000000001f3d1e8] [cli] lua interface: Listening on host "*console".
VLC media player 3.0.0-git Vetinari
Command Line Interface initialized. Type `help' for help.
> [00007f0c38003378] ps mux: Open
making a DASHManager
new ratebased adaptionlogic
Chunk bitrate: 0 349952
Buffer size: 0 0
Chunk bitrate: 0 349952
Buffer size: 0 0
[00007f0c38019c78] mp4 demux: Fragment sequence discontinuity detected 0 != 2
Download Time: 148178
Download Time: 6712
[00007f0c3801a038] mp4 demux: Fragment sequence discontinuity detected 0 != 2
Startup Time: 1050000
Chunk bitrate: 0 3000000
Buffer size: 0 4001
Chunk bitrate: 0 3000000
Buffer size: 1 4001
Download Time: 1135940
Chunk bitrate: 1 3000000
Buffer size: 2 8001
Download Time: 952224
Chunk bitrate: 2 3000000
Buffer size: 3 12001
Download Time: 1169592
Chunk bitrate: 3 3000000
Buffer size: 4 16001
Download Time: 973465
Chunk bitrate: 4 3000000
Buffer size: 5 20001
Download Time: 4081922
Chunk bitrate: 5 1000000
Buffer size: 5 24001
Chunk bitrate: 5 1000000
Buffer size: 6 24001
Download Time: 1102728
Chunk bitrate: 6 2000000
Buffer size: 6 28001
Chunk bitrate: 6 2000000
Buffer size: 7 28001
Download Time: 1752217
Chunk bitrate: 7 2000000
Buffer size: 8 32001
Download Time: 2658737
Chunk bitrate: 8 2000000
Buffer size: 9 36001
Download Time: 1407400
Chunk bitrate: 9 3000000
Buffer size: 9 40001
Chunk bitrate: 9 3000000
Buffer size: 10 40001
Download Time: 2207320
Chunk bitrate: 10 3000000
Buffer size: 11 44001
Download Time: 1768407
Chunk bitrate: 11 3000000
Buffer size: 12 48001
Download Time: 1330084
Chunk bitrate: 12 3000000
Buffer size: 13 52001
Download Time: 1114218
Chunk bitrate: 13 3000000
Buffer size: 14 56001
Download Time: 943317
Chunk bitrate: 14 3000000
Buffer size: 15 60001
Download Time: 888379
Chunk bitrate: 15 3000000
Buffer size: 16 64001
Download Time: 3182760
Chunk bitrate: 16 1000000
Buffer size: 16 68001
Chunk bitrate: 16 1000000
Buffer size: 17 68001
Download Time: 1292188
Chunk bitrate: 17 1000000
Buffer size: 18 72001
Download Time: 1333559
Chunk bitrate: 18 2000000
Buffer size: 18 76001
Chunk bitrate: 18 2000000
Buffer size: 19 76001
Download Time: 1380435
Chunk bitrate: 19 2000000
Buffer size: 20 80001
Download Time: 2144824
Chunk bitrate: 20 2000000
Buffer size: 21 84001
Download Time: 852947
Chunk bitrate: 21 3000000
Buffer size: 21 88001
Chunk bitrate: 21 3000000
Buffer size: 22 88001
Download Time: 892579
Chunk bitrate: 22 3000000
Buffer size: 23 92001
Download Time: 1174318
Chunk bitrate: 23 3000000
Buffer size: 24 96001
Download Time: 1044886
Chunk bitrate: 24 3000000
Buffer size: 25 100001
Download Time: 1031952
Chunk bitrate: 25 3000000
Buffer size: 26 104001
Download Time: 976572
Chunk bitrate: 26 3000000
Buffer size: 27 108001
Download Time: 620448
Chunk bitrate: 27 3000000
Buffer size: 28 112001
Download Time: 976169
Chunk bitrate: 28 3000000
Buffer size: 29 116001
Download Time: 1209834
Chunk bitrate: 29 3000000
Buffer size: 30 120001
Download Time: 754900
Chunk bitrate: 30 3000000
Buffer size: 31 124001
Download Time: 765141
Chunk bitrate: 31 3000000
Buffer size: 32 128001
Download Time: 3719071
Chunk bitrate: 32 2000000
Buffer size: 32 132001
Chunk bitrate: 32 2000000
Buffer size: 33 132001
Download Time: 1788231
Chunk bitrate: 33 3000000
Buffer size: 33 136001
Chunk bitrate: 33 3000000
Buffer size: 34 136001
Download Time: 2268174
Chunk bitrate: 34 3000000
Buffer size: 35 140001
Download Time: 1974624
Chunk bitrate: 35 3000000
Buffer size: 36 144001
Download Time: 833720
Chunk bitrate: 36 3000000
Buffer size: 37 148001
Download Time: 1240097
Chunk bitrate: 37 3000000
Buffer size: 38 152001
Download Time: 1175303
Chunk bitrate: 38 3000000
Buffer size: 39 156001
Download Time: 1014325
Chunk bitrate: 39 3000000
Buffer size: 40 160001
Download Time: 869086
Chunk bitrate: 40 3000000
Buffer size: 41 164001
Download Time: 1173593
Chunk bitrate: 41 3000000
Buffer size: 42 168001
Download Time: 975974
Chunk bitrate: 42 3000000
Buffer size: 43 172001
Download Time: 1202584
Chunk bitrate: 43 3000000
Buffer size: 44 176001
Download Time: 883177
Chunk bitrate: 44 3000000
Buffer size: 45 180001
Download Time: 1887440
Chunk bitrate: 45 3000000
Buffer size: 46 184001
Download Time: 2236879
Chunk bitrate: 46 3000000
Buffer size: 47 188001
Download Time: 2089045
Chunk bitrate: 47 3000000
Buffer size: 48 192001
Download Time: 1747091
Chunk bitrate: 48 3000000
Buffer size: 49 196001
Download Time: 2256181
Chunk bitrate: 49 3000000
Buffer size: 50 200001
Download Time: 938869
Chunk bitrate: 50 3000000
Buffer size: 51 204001
Download Time: 776917
Chunk bitrate: 51 3000000
Buffer size: 52 208001
Download Time: 1136461
Chunk bitrate: 52 3000000
Buffer size: 53 212001
Download Time: 1074080
Chunk bitrate: 53 3000000
Buffer size: 54 216001
Download Time: 1138270
Chunk bitrate: 54 3000000
Buffer size: 55 220001
Download Time: 1025424
Chunk bitrate: 55 3000000
Buffer size: 56 224001
Download Time: 1122807
Chunk bitrate: 56 3000000
Buffer size: 57 228001
Download Time: 774723
Chunk bitrate: 57 3000000
Buffer size: 58 232001
Download Time: 328246
Chunk bitrate: 58 3000000
Buffer size: 59 236001
Download Time: 1303985
Chunk bitrate: 59 2000000
Buffer size: 59 240001
Chunk bitrate: 59 2000000
Buffer size: 60 240001
Download Time: 1893463
Chunk bitrate: 60 2000000
Buffer size: 61 244001
Download Time: 2027772
Chunk bitrate: 61 2000000
Buffer size: 62 248001
Download Time: 661428
Chunk bitrate: 62 3000000
Buffer size: 62 252001
Chunk bitrate: 62 3000000
Buffer size: 63 252001
Download Time: 449620
Chunk bitrate: 63 3000000
Buffer size: 64 256001
Download Time: 798315
Chunk bitrate: 64 3000000
Buffer size: 65 260001
[00007f0c38003378] ps mux: Close
[00007f0c240010a8] idummy demux: command `quit'
[0000000001f3d1e8] [cli] lua interface error: Error loading script /home/cs244/vlc/share/lua/intf/cli.luac: lua/intf/modules/host.lua:286: Interrupted.
