[0000000001ec61e8] core interface error: no suitable interface module
[0000000001dfd338] core libvlc error: interface "globalhotkeys,none" initialization failed
[0000000001ec61e8] dbus interface error: Failed to connect to the D-Bus session daemon: Unable to autolaunch a dbus-daemon without a $DISPLAY for X11
[0000000001ec61e8] core interface error: no suitable interface module
[0000000001dfd338] core libvlc error: interface "dbus,none" initialization failed
[0000000001dfd338] core libvlc: Running vlc with the default interface. Use 'cvlc' to use vlc without interface.
[0000000001ec61e8] qt interface error: Could not connect to X server
[0000000001ec61e8] skins2 interface error: cannot initialize OSFactory
[0000000001ec61e8] [cli] lua interface: Listening on host "*console".
VLC media player 3.0.0-git Vetinari
Command Line Interface initialized. Type `help' for help.
> [00007f90cc003378] ps mux: Open
making a DASHManager
new ratebased adaptionlogic
Chunk bitrate: 0 349952
Buffer size: 0 0
Chunk bitrate: 0 349952
Buffer size: 0 0
[00007f90cc0253b8] mp4 demux: Fragment sequence discontinuity detected 0 != 2
Download Time: 148892
[00007f90cc024f18] mp4 demux: Fragment sequence discontinuity detected 0 != 2
Startup Time: 1050000
Chunk bitrate: 0 3000000
Buffer size: 0 4001
Chunk bitrate: 0 3000000
Buffer size: 1 4001
Download Time: 1136597
Chunk bitrate: 1 3000000
Buffer size: 2 8001
Download Time: 952069
Chunk bitrate: 2 3000000
Buffer size: 3 12001
Download Time: 1169835
Chunk bitrate: 3 3000000
Buffer size: 4 16001
Download Time: 972930
Chunk bitrate: 4 3000000
Buffer size: 5 20001
Download Time: 3145428
Chunk bitrate: 5 2000000
Buffer size: 5 24001
Chunk bitrate: 5 2000000
Buffer size: 6 24001
Download Time: 1593765
Chunk bitrate: 6 2000000
Buffer size: 7 28001
Download Time: 1298746
Chunk bitrate: 7 3000000
Buffer size: 7 32001
Chunk bitrate: 7 3000000
Buffer size: 8 32001
Download Time: 2615229
Chunk bitrate: 8 3000000
Buffer size: 9 36001
Download Time: 1642444
Chunk bitrate: 9 3000000
Buffer size: 10 40001
Download Time: 1106362
Chunk bitrate: 10 3000000
Buffer size: 11 44001
Download Time: 961858
Chunk bitrate: 11 3000000
Buffer size: 12 48001
Download Time: 1330948
Chunk bitrate: 12 3000000
Buffer size: 13 52001
Download Time: 1116539
Chunk bitrate: 13 3000000
Buffer size: 14 56001
Download Time: 942213
Chunk bitrate: 14 3000000
Buffer size: 15 60001
Download Time: 888812
Chunk bitrate: 15 3000000
Buffer size: 16 64001
Download Time: 1096572
Chunk bitrate: 16 3000000
Buffer size: 17 68001
Download Time: 914158
Chunk bitrate: 17 3000000
Buffer size: 18 72001
Download Time: 1300141
Chunk bitrate: 18 3000000
Buffer size: 19 76001
Download Time: 1289615
Chunk bitrate: 19 3000000
Buffer size: 20 80001
Download Time: 1963037
Chunk bitrate: 20 3000000
Buffer size: 21 84001
Download Time: 1201784
Chunk bitrate: 21 3000000
Buffer size: 22 88001
Download Time: 1781932
Chunk bitrate: 22 3000000
Buffer size: 23 92001
Download Time: 2344430
Chunk bitrate: 23 3000000
Buffer size: 24 96001
Download Time: 1428688
Chunk bitrate: 24 3000000
Buffer size: 25 100001
Download Time: 1031571
Chunk bitrate: 25 3000000
Buffer size: 26 104001
Download Time: 975898
Chunk bitrate: 26 3000000
Buffer size: 27 108001
Download Time: 621271
Chunk bitrate: 27 3000000
Buffer size: 28 112001
Download Time: 974522
Chunk bitrate: 28 3000000
Buffer size: 29 116001
Download Time: 1209147
Chunk bitrate: 29 3000000
Buffer size: 30 120001
Download Time: 755890
Chunk bitrate: 30 3000000
Buffer size: 31 124001
Download Time: 763722
Chunk bitrate: 31 3000000
Buffer size: 32 128001
Download Time: 1241769
Chunk bitrate: 32 3000000
Buffer size: 33 132001
Download Time: 1163088
Chunk bitrate: 33 3000000
Buffer size: 34 136001
Download Time: 1982481
Chunk bitrate: 34 3000000
Buffer size: 35 140001
Download Time: 2069194
Chunk bitrate: 35 3000000
Buffer size: 36 144001
Download Time: 1666660
Chunk bitrate: 36 3000000
Buffer size: 37 148001
Download Time: 2477090
Chunk bitrate: 37 3000000
Buffer size: 38 152001
Download Time: 2086616
Chunk bitrate: 38 3000000
Buffer size: 39 156001
Download Time: 1014145
Chunk bitrate: 39 3000000
Buffer size: 40 160001
Download Time: 868565
Chunk bitrate: 40 3000000
Buffer size: 41 164001
Download Time: 1174378
Chunk bitrate: 41 3000000
Buffer size: 42 168001
Download Time: 974765
Chunk bitrate: 42 3000000
Buffer size: 43 172001
Download Time: 1201119
Chunk bitrate: 43 3000000
Buffer size: 44 176001
Download Time: 882382
Chunk bitrate: 44 3000000
Buffer size: 45 180001
Download Time: 1051049
Chunk bitrate: 45 3000000
Buffer size: 46 184001
Download Time: 1121397
Chunk bitrate: 46 3000000
Buffer size: 47 188001
Download Time: 1047314
Chunk bitrate: 47 3000000
Buffer size: 48 192001
Download Time: 1641214
Chunk bitrate: 48 3000000
Buffer size: 49 196001
Download Time: 2472310
Chunk bitrate: 49 3000000
Buffer size: 50 200001
Download Time: 3856936
Chunk bitrate: 50 1000000
Buffer size: 50 204001
Chunk bitrate: 50 1000000
Buffer size: 51 204001
Download Time: 1716216
Chunk bitrate: 51 1000000
Buffer size: 52 208001
Download Time: 1438783
Chunk bitrate: 52 1000000
Buffer size: 53 212001
Download Time: 1291914
Chunk bitrate: 53 1000000
Buffer size: 54 216001
Download Time: 1602976
Chunk bitrate: 54 1000000
Buffer size: 55 220001
Download Time: 1184465
Chunk bitrate: 55 2000000
Buffer size: 55 224001
Chunk bitrate: 55 2000000
Buffer size: 56 224001
Download Time: 2457077
Chunk bitrate: 56 2000000
Buffer size: 57 228001
Download Time: 1380188
Chunk bitrate: 57 2000000
Buffer size: 58 232001
Download Time: 502544
Chunk bitrate: 58 3000000
Buffer size: 58 236001
Chunk bitrate: 58 3000000
Buffer size: 59 236001
Download Time: 2393610
Chunk bitrate: 59 3000000
Buffer size: 60 240001
Download Time: 1825192
Chunk bitrate: 60 3000000
Buffer size: 61 244001
Download Time: 2755086
Chunk bitrate: 61 2000000
Buffer size: 61 248001
Chunk bitrate: 61 2000000
Buffer size: 62 248001
Download Time: 663319
Chunk bitrate: 62 2000000
Buffer size: 63 252001
Download Time: 469733
Chunk bitrate: 63 2000000
Buffer size: 64 256001
Download Time: 935886
Chunk bitrate: 64 2000000
Buffer size: 65 260001
[00007f90cc003378] ps mux: Close
[00007f90c80014f8] idummy demux: command `quit'
[0000000001ec61e8] [cli] lua interface error: Error loading script /home/cs244/vlc/share/lua/intf/cli.luac: lua/intf/modules/host.lua:286: Interrupted.
