[00000000010721a8] core interface error: no suitable interface module
[0000000000fa9338] core libvlc error: interface "globalhotkeys,none" initialization failed
[00000000010721a8] dbus interface error: Failed to connect to the D-Bus session daemon: Unable to autolaunch a dbus-daemon without a $DISPLAY for X11
[00000000010721a8] core interface error: no suitable interface module
[0000000000fa9338] core libvlc error: interface "dbus,none" initialization failed
[0000000000fa9338] core libvlc: Running vlc with the default interface. Use 'cvlc' to use vlc without interface.
[00000000010721a8] qt interface error: Could not connect to X server
[00000000010721a8] skins2 interface error: cannot initialize OSFactory
[00007f1028003378] ps mux: Open
[00000000010721a8] [cli] lua interface: Listening on host "*console".
VLC media player 3.0.0-git Vetinari
Command Line Interface initialized. Type `help' for help.
> making a DASHManager
new ratebased adaptionlogic
Chunk bitrate: 0 349952
Buffer size: 0 0
Chunk bitrate: 0 349952
Buffer size: 0 0
[00007f10280254c8] mp4 demux: Fragment sequence discontinuity detected 0 != 2
Download Time: 295151
[00007f1028017848] mp4 demux: Fragment sequence discontinuity detected 0 != 2
Startup Time: 1050000
Chunk bitrate: 0 3000000
Buffer size: 0 4001
Chunk bitrate: 0 3000000
Buffer size: 1 4001
Download Time: 2267908
Chunk bitrate: 1 3000000
Buffer size: 2 8001
Download Time: 1903241
Chunk bitrate: 2 3000000
Buffer size: 3 12001
Download Time: 3400051
Chunk bitrate: 3 2000000
Buffer size: 3 16001
Chunk bitrate: 3 2000000
Buffer size: 4 16001
Download Time: 1881381
Chunk bitrate: 4 2000000
Buffer size: 5 20001
Download Time: 2574660
Chunk bitrate: 5 2000000
Buffer size: 6 24001
Download Time: 1594163
Chunk bitrate: 6 2000000
Buffer size: 7 28001
Download Time: 1311826
Chunk bitrate: 7 3000000
Buffer size: 7 32001
Chunk bitrate: 7 3000000
Buffer size: 8 32001
Download Time: 2615627
Chunk bitrate: 8 3000000
Buffer size: 9 36001
Download Time: 1654078
Chunk bitrate: 9 3000000
Buffer size: 10 40001
Download Time: 1105101
Chunk bitrate: 10 3000000
Buffer size: 11 44001
Download Time: 962053
Chunk bitrate: 11 3000000
Buffer size: 12 48001
Download Time: 1329715
Chunk bitrate: 12 3000000
Buffer size: 13 52001
Download Time: 1113985
Chunk bitrate: 13 3000000
Buffer size: 14 56001
Download Time: 5143926
Chunk bitrate: 14 3000000
Buffer size: 15 60001
Download Time: 1772357
Chunk bitrate: 15 3000000
Buffer size: 16 64001
Download Time: 2189684
Chunk bitrate: 16 3000000
Buffer size: 17 68001
Download Time: 1824835
Chunk bitrate: 17 3000000
Buffer size: 18 72001
Download Time: 2275965
Chunk bitrate: 18 3000000
Buffer size: 19 76001
Download Time: 1291302
Chunk bitrate: 19 3000000
Buffer size: 20 80001
Download Time: 1109565
Chunk bitrate: 20 3000000
Buffer size: 21 84001
Download Time: 603797
Chunk bitrate: 21 3000000
Buffer size: 22 88001
Download Time: 892351
Chunk bitrate: 22 3000000
Buffer size: 23 92001
Download Time: 1174776
Chunk bitrate: 23 3000000
Buffer size: 24 96001
Download Time: 1045724
Chunk bitrate: 24 3000000
Buffer size: 25 100001
Download Time: 2551805
Chunk bitrate: 25 2000000
Buffer size: 25 104001
Chunk bitrate: 25 2000000
Buffer size: 26 104001
Download Time: 1928946
Chunk bitrate: 26 2000000
Buffer size: 27 108001
Download Time: 1077072
Chunk bitrate: 27 3000000
Buffer size: 27 112001
Chunk bitrate: 27 3000000
Buffer size: 28 112001
Download Time: 1943743
Chunk bitrate: 28 3000000
Buffer size: 29 116001
Download Time: 2415561
Chunk bitrate: 29 3000000
Buffer size: 30 120001
Download Time: 1507256
Chunk bitrate: 30 3000000
Buffer size: 31 124001
Download Time: 1525215
Chunk bitrate: 31 3000000
Buffer size: 32 128001
Download Time: 2183682
Chunk bitrate: 32 3000000
Buffer size: 33 132001
Download Time: 1163666
Chunk bitrate: 33 3000000
Buffer size: 34 136001
Download Time: 1136350
Chunk bitrate: 34 3000000
Buffer size: 35 140001
Download Time: 1035895
Chunk bitrate: 35 3000000
Buffer size: 36 144001
Download Time: 835325
Chunk bitrate: 36 3000000
Buffer size: 37 148001
Download Time: 2980430
Chunk bitrate: 37 2000000
Buffer size: 37 152001
Chunk bitrate: 37 2000000
Buffer size: 38 152001
Download Time: 2302242
Chunk bitrate: 38 2000000
Buffer size: 39 156001
Download Time: 1300703
Chunk bitrate: 39 3000000
Buffer size: 39 160001
Chunk bitrate: 39 3000000
Buffer size: 40 160001
Download Time: 1733321
Chunk bitrate: 40 3000000
Buffer size: 41 164001
Download Time: 2343496
Chunk bitrate: 41 3000000
Buffer size: 42 168001
Download Time: 1943720
Chunk bitrate: 42 3000000
Buffer size: 43 172001
Download Time: 2387278
Chunk bitrate: 43 3000000
Buffer size: 44 176001
Download Time: 882760
Chunk bitrate: 44 3000000
Buffer size: 45 180001
Download Time: 1051667
Chunk bitrate: 45 3000000
Buffer size: 46 184001
Download Time: 1121094
Chunk bitrate: 46 3000000
Buffer size: 47 188001
Download Time: 1048323
Chunk bitrate: 47 3000000
Buffer size: 48 192001
Download Time: 1246719
Chunk bitrate: 48 2000000
Buffer size: 48 196001
Chunk bitrate: 48 2000000
Buffer size: 49 196001
Download Time: 2457594
Chunk bitrate: 49 2000000
Buffer size: 50 200001
Download Time: 1963918
Chunk bitrate: 50 3000000
Buffer size: 50 204001
Chunk bitrate: 50 3000000
Buffer size: 51 204001
Download Time: 1547767
Chunk bitrate: 51 3000000
Buffer size: 52 208001
Download Time: 2269575
Chunk bitrate: 52 3000000
Buffer size: 53 212001
Download Time: 2142585
Chunk bitrate: 53 3000000
Buffer size: 54 216001
Download Time: 2269160
Chunk bitrate: 54 3000000
Buffer size: 55 220001
Download Time: 1697923
Chunk bitrate: 55 3000000
Buffer size: 56 224001
Download Time: 1121809
Chunk bitrate: 56 3000000
Buffer size: 57 228001
Download Time: 775504
Chunk bitrate: 57 3000000
Buffer size: 58 232001
Download Time: 328310
Chunk bitrate: 58 3000000
Buffer size: 59 236001
Download Time: 1201877
Download Time: 27134
Chunk bitrate: 59 3000000
Buffer size: 60 240001
Download Time: 915027
Chunk bitrate: 60 3000000
Buffer size: 61 244001
Download Time: 3455364
Chunk bitrate: 61 1000000
Buffer size: 61 248001
Chunk bitrate: 61 1000000
Buffer size: 62 248001
Download Time: 476356
Chunk bitrate: 62 1000000
Buffer size: 63 252001
Download Time: 359224
Chunk bitrate: 63 1000000
Buffer size: 64 256001
Download Time: 592921
Chunk bitrate: 64 3000000
Buffer size: 64 260001
Chunk bitrate: 64 3000000
Buffer size: 65 260001
[00007f1028003378] ps mux: Close
[00007f1024001288] idummy demux: command `quit'
[00000000010721a8] [cli] lua interface error: Error loading script /home/cs244/vlc/share/lua/intf/cli.luac: lua/intf/modules/host.lua:286: Interrupted.
