[0000000000d851e8] core interface error: no suitable interface module
[0000000000cbc338] core libvlc error: interface "globalhotkeys,none" initialization failed
[0000000000d851e8] dbus interface error: Failed to connect to the D-Bus session daemon: Unable to autolaunch a dbus-daemon without a $DISPLAY for X11
[0000000000d851e8] core interface error: no suitable interface module
[0000000000cbc338] core libvlc error: interface "dbus,none" initialization failed
[0000000000cbc338] core libvlc: Running vlc with the default interface. Use 'cvlc' to use vlc without interface.
[0000000000d851e8] qt interface error: Could not connect to X server
[0000000000d851e8] skins2 interface error: cannot initialize OSFactory
[0000000000d851e8] [cli] lua interface: Listening on host "*console".
VLC media player 3.0.0-git Vetinari
Command Line Interface initialized. Type `help' for help.
> [00007fa7c4003378] ps mux: Open
making a DASHManager
new ratebased adaptionlogic
Chunk bitrate: 0 349952
Buffer size: 0 0
Chunk bitrate: 0 349952
Buffer size: 0 0
[00007fa7c4027528] mp4 demux: Fragment sequence discontinuity detected 0 != 2
Download Time: 149456
[00007fa7c4019e88] mp4 demux: Fragment sequence discontinuity detected 0 != 2
Startup Time: 1050000
Chunk bitrate: 0 3000000
Buffer size: 0 4001
Chunk bitrate: 0 3000000
Buffer size: 1 4001
Download Time: 1136846
Chunk bitrate: 1 3000000
Buffer size: 2 8001
Download Time: 953086
Chunk bitrate: 2 3000000
Buffer size: 3 12001
Download Time: 1174364
Chunk bitrate: 3 3000000
Buffer size: 4 16001
Download Time: 972269
Chunk bitrate: 4 3000000
Buffer size: 5 20001
Download Time: 5192171
Chunk bitrate: 5 2000000
Buffer size: 5 24001
Chunk bitrate: 5 2000000
Buffer size: 6 24001
Download Time: 1061715
Chunk bitrate: 6 3000000
Buffer size: 6 28001
Chunk bitrate: 6 3000000
Buffer size: 7 28001
Download Time: 1655593
Chunk bitrate: 7 3000000
Buffer size: 8 32001
Download Time: 2616862
Chunk bitrate: 8 3000000
Buffer size: 9 36001
Download Time: 1915461
Chunk bitrate: 9 3000000
Buffer size: 10 40001
Download Time: 2207434
Chunk bitrate: 10 3000000
Buffer size: 11 44001
Download Time: 1068340
Chunk bitrate: 11 3000000
Buffer size: 12 48001
Download Time: 1329128
Chunk bitrate: 12 3000000
Buffer size: 13 52001
Download Time: 1115376
Chunk bitrate: 13 3000000
Buffer size: 14 56001
Download Time: 941545
Chunk bitrate: 14 3000000
Buffer size: 15 60001
Download Time: 1407164
Chunk bitrate: 15 2000000
Buffer size: 15 64001
Chunk bitrate: 15 2000000
Buffer size: 16 64001
Download Time: 2196186
Chunk bitrate: 16 2000000
Buffer size: 17 68001
Download Time: 1823240
Chunk bitrate: 17 2000000
Buffer size: 18 72001
Download Time: 2075843
Chunk bitrate: 18 2000000
Buffer size: 19 76001
Download Time: 1378347
Chunk bitrate: 19 2000000
Buffer size: 20 80001
Download Time: 1880501
Chunk bitrate: 20 3000000
Buffer size: 20 84001
Chunk bitrate: 20 3000000
Buffer size: 21 84001
Download Time: 1202718
Chunk bitrate: 21 3000000
Buffer size: 22 88001
Download Time: 1779941
Chunk bitrate: 22 3000000
Buffer size: 23 92001
Download Time: 1829527
Chunk bitrate: 23 3000000
Buffer size: 24 96001
Download Time: 1045009
Chunk bitrate: 24 3000000
Buffer size: 25 100001
Download Time: 1031778
Chunk bitrate: 25 3000000
Buffer size: 26 104001
Download Time: 976312
Chunk bitrate: 26 3000000
Buffer size: 27 108001
Download Time: 620565
Chunk bitrate: 27 3000000
Buffer size: 28 112001
Download Time: 1616191
Chunk bitrate: 28 2000000
Buffer size: 28 116001
Chunk bitrate: 28 2000000
Buffer size: 29 116001
Download Time: 2466485
Chunk bitrate: 29 2000000
Buffer size: 30 120001
Download Time: 1533395
Chunk bitrate: 30 3000000
Buffer size: 30 124001
Chunk bitrate: 30 3000000
Buffer size: 31 124001
Download Time: 1525194
Chunk bitrate: 31 3000000
Buffer size: 32 128001
Download Time: 2479054
Chunk bitrate: 32 3000000
Buffer size: 33 132001
Download Time: 2321461
Chunk bitrate: 33 3000000
Buffer size: 34 136001
Download Time: 2266810
Chunk bitrate: 34 3000000
Buffer size: 35 140001
Download Time: 1533538
Chunk bitrate: 35 3000000
Buffer size: 36 144001
Download Time: 835449
Chunk bitrate: 36 3000000
Buffer size: 37 148001
Download Time: 1240109
Chunk bitrate: 37 3000000
Buffer size: 38 152001
Download Time: 1173651
Chunk bitrate: 38 3000000
Buffer size: 39 156001
Download Time: 1015106
Chunk bitrate: 39 3000000
Buffer size: 40 160001
Download Time: 2530204
Chunk bitrate: 40 2000000
Buffer size: 40 164001
Chunk bitrate: 40 2000000
Buffer size: 41 164001
Download Time: 2440450
Chunk bitrate: 41 3000000
Buffer size: 41 168001
Chunk bitrate: 41 3000000
Buffer size: 42 168001
Download Time: 1948764
Chunk bitrate: 42 3000000
Buffer size: 43 172001
Download Time: 2400340
Chunk bitrate: 43 3000000
Buffer size: 44 176001
Download Time: 1762009
Chunk bitrate: 44 3000000
Buffer size: 45 180001
Download Time: 2102277
Chunk bitrate: 45 3000000
Buffer size: 46 184001
Download Time: 1856684
Download Time: 26478
Chunk bitrate: 46 3000000
Buffer size: 47 188001
Download Time: 1048391
Chunk bitrate: 47 3000000
Buffer size: 48 192001
Download Time: 876212
Chunk bitrate: 48 3000000
Buffer size: 49 196001
Download Time: 1237487
Chunk bitrate: 49 3000000
Buffer size: 50 200001
Download Time: 939511
Chunk bitrate: 50 3000000
Buffer size: 51 204001
Download Time: 1622902
Chunk bitrate: 51 2000000
Buffer size: 51 208001
Chunk bitrate: 51 2000000
Buffer size: 52 208001
Download Time: 2235503
Chunk bitrate: 52 2000000
Buffer size: 53 212001
Download Time: 1750389
Chunk bitrate: 53 3000000
Buffer size: 53 216001
Chunk bitrate: 53 3000000
Buffer size: 54 216001
Download Time: 2269915
Chunk bitrate: 54 3000000
Buffer size: 55 220001
Download Time: 2048378
Chunk bitrate: 55 3000000
Buffer size: 56 224001
Download Time: 2239832
Chunk bitrate: 56 3000000
Buffer size: 57 228001
Download Time: 1546434
Chunk bitrate: 57 3000000
Buffer size: 58 232001
Download Time: 651107
Chunk bitrate: 58 3000000
Buffer size: 59 236001
Download Time: 1439127
Chunk bitrate: 59 3000000
Buffer size: 60 240001
Download Time: 915260
Chunk bitrate: 60 3000000
Buffer size: 61 244001
Download Time: 955300
Chunk bitrate: 61 3000000
Buffer size: 62 248001
Download Time: 322079
Chunk bitrate: 62 3000000
Buffer size: 63 252001
Download Time: 227782
Chunk bitrate: 63 3000000
Buffer size: 64 256001
Download Time: 401432
Chunk bitrate: 64 3000000
Buffer size: 65 260001
[00007fa7c4003378] ps mux: Close
[00007fa7c40e9408] idummy demux: command `quit'
[0000000000d851e8] [cli] lua interface error: Error loading script /home/cs244/vlc/share/lua/intf/cli.luac: lua/intf/modules/host.lua:286: Interrupted.
