[000000000133e1e8] core interface error: no suitable interface module
[0000000001275338] core libvlc error: interface "globalhotkeys,none" initialization failed
[000000000133e1e8] dbus interface error: Failed to connect to the D-Bus session daemon: Unable to autolaunch a dbus-daemon without a $DISPLAY for X11
[000000000133e1e8] core interface error: no suitable interface module
[0000000001275338] core libvlc error: interface "dbus,none" initialization failed
[0000000001275338] core libvlc: Running vlc with the default interface. Use 'cvlc' to use vlc without interface.
[000000000133e1e8] qt interface error: Could not connect to X server
[000000000133e1e8] skins2 interface error: cannot initialize OSFactory
[00007fea8c003378] ps mux: Open
[000000000133e1e8] [cli] lua interface: Listening on host "*console".
VLC media player 3.0.0-git Vetinari
Command Line Interface initialized. Type `help' for help.
> making a DASHManager
new ratebased adaptionlogic
Chunk bitrate: 0 349952
Buffer size: 0 0
Chunk bitrate: 0 349952
Buffer size: 0 0
[00007fea8c0248a8] mp4 demux: Fragment sequence discontinuity detected 0 != 2
Download Time: 294709
[00007fea8c0193e8] mp4 demux: Fragment sequence discontinuity detected 0 != 2
Startup Time: 1050000
Chunk bitrate: 0 3000000
Buffer size: 0 4001
Chunk bitrate: 0 3000000
Buffer size: 1 4001
Download Time: 2270371
Chunk bitrate: 1 3000000
Buffer size: 2 8001
Download Time: 1901787
Chunk bitrate: 2 3000000
Buffer size: 3 12001
Download Time: 1185134
Chunk bitrate: 3 3000000
Buffer size: 4 16001
Download Time: 972936
Chunk bitrate: 4 3000000
Buffer size: 5 20001
Download Time: 1243399
Chunk bitrate: 5 3000000
Buffer size: 6 24001
Download Time: 844861
Chunk bitrate: 6 3000000
Buffer size: 7 28001
Download Time: 835836
Chunk bitrate: 7 3000000
Buffer size: 8 32001
Download Time: 1309615
Chunk bitrate: 8 3000000
Buffer size: 9 36001
Download Time: 960987
Chunk bitrate: 9 3000000
Buffer size: 10 40001
Download Time: 1108247
Chunk bitrate: 10 3000000
Buffer size: 11 44001
Download Time: 962051
Chunk bitrate: 11 3000000
Buffer size: 12 48001
Download Time: 3327898
Chunk bitrate: 12 2000000
Buffer size: 12 52001
Chunk bitrate: 12 2000000
Buffer size: 13 52001
Download Time: 2094554
Chunk bitrate: 13 3000000
Buffer size: 13 56001
Chunk bitrate: 13 3000000
Buffer size: 14 56001
Download Time: 1881526
Chunk bitrate: 14 3000000
Buffer size: 15 60001
Download Time: 1775825
Chunk bitrate: 15 3000000
Buffer size: 16 64001
Download Time: 1588925
Chunk bitrate: 16 3000000
Buffer size: 17 68001
Download Time: 913721
Chunk bitrate: 17 3000000
Buffer size: 18 72001
Download Time: 1140604
Chunk bitrate: 18 3000000
Buffer size: 19 76001
Download Time: 647487
Chunk bitrate: 19 3000000
Buffer size: 20 80001
Download Time: 984483
Chunk bitrate: 20 3000000
Buffer size: 21 84001
Download Time: 663640
Chunk bitrate: 21 3000000
Buffer size: 22 88001
Download Time: 1781789
Chunk bitrate: 22 3000000
Buffer size: 23 92001
Download Time: 2342432
Chunk bitrate: 23 3000000
Buffer size: 24 96001
Download Time: 2834492
Chunk bitrate: 24 2000000
Buffer size: 24 100001
Chunk bitrate: 24 2000000
Buffer size: 25 100001
Download Time: 2069729
Chunk bitrate: 25 2000000
Buffer size: 26 104001
Download Time: 1457459
Chunk bitrate: 26 3000000
Buffer size: 26 108001
Chunk bitrate: 26 3000000
Buffer size: 27 108001
Download Time: 1237627
Chunk bitrate: 27 3000000
Buffer size: 28 112001
Download Time: 1946532
Chunk bitrate: 28 3000000
Buffer size: 29 116001
Download Time: 1561403
Chunk bitrate: 29 3000000
Buffer size: 30 120001
Download Time: 754595
Chunk bitrate: 30 3000000
Buffer size: 31 124001
Download Time: 764955
Chunk bitrate: 31 3000000
Buffer size: 32 128001
Download Time: 1241815
Chunk bitrate: 32 3000000
Buffer size: 33 132001
Download Time: 1161493
Chunk bitrate: 33 3000000
Buffer size: 34 136001
Download Time: 1135320
Chunk bitrate: 34 3000000
Buffer size: 35 140001
Download Time: 1039406
Chunk bitrate: 35 3000000
Buffer size: 36 144001
Download Time: 837327
Chunk bitrate: 36 3000000
Buffer size: 37 148001
Download Time: 1240592
Chunk bitrate: 37 3000000
Buffer size: 38 152001
Download Time: 2228592
Chunk bitrate: 38 3000000
Buffer size: 39 156001
Download Time: 3036073
Chunk bitrate: 39 2000000
Buffer size: 39 160001
Download Time: 16065
Chunk bitrate: 39 2000000
Buffer size: 40 160001
Download Time: 1210276
Chunk bitrate: 40 3000000
Buffer size: 40 164001
Chunk bitrate: 40 3000000
Buffer size: 41 164001
Download Time: 2344314
Chunk bitrate: 41 3000000
Buffer size: 42 168001
Download Time: 1768816
Chunk bitrate: 42 3000000
Buffer size: 43 172001
Download Time: 1203596
Chunk bitrate: 43 3000000
Buffer size: 44 176001
Download Time: 884546
Chunk bitrate: 44 3000000
Buffer size: 45 180001
Download Time: 1053105
Chunk bitrate: 45 3000000
Buffer size: 46 184001
Download Time: 1120663
Chunk bitrate: 46 3000000
Buffer size: 47 188001
Download Time: 1058686
Chunk bitrate: 47 3000000
Buffer size: 48 192001
Download Time: 875408
Chunk bitrate: 48 3000000
Buffer size: 49 196001
Download Time: 1238471
Chunk bitrate: 49 3000000
Buffer size: 50 200001
Download Time: 939445
Chunk bitrate: 50 3000000
Buffer size: 51 204001
Download Time: 776046
Chunk bitrate: 51 3000000
Buffer size: 52 208001
Download Time: 1940044
Chunk bitrate: 52 3000000
Buffer size: 53 212001
Download Time: 2142892
Chunk bitrate: 53 3000000
Buffer size: 54 216001
Download Time: 2270608
Chunk bitrate: 54 3000000
Buffer size: 55 220001
Download Time: 2047074
Chunk bitrate: 55 3000000
Buffer size: 56 224001
Download Time: 1991683
Chunk bitrate: 56 3000000
Buffer size: 57 228001
Download Time: 777467
Chunk bitrate: 57 3000000
Buffer size: 58 232001
Download Time: 328592
Chunk bitrate: 58 3000000
Buffer size: 59 236001
Download Time: 1208147
Chunk bitrate: 59 3000000
Buffer size: 60 240001
Download Time: 915087
Chunk bitrate: 60 3000000
Buffer size: 61 244001
Download Time: 960402
Chunk bitrate: 61 3000000
Buffer size: 62 248001
Download Time: 322252
Chunk bitrate: 62 3000000
Buffer size: 63 252001
Download Time: 226879
Chunk bitrate: 63 3000000
Buffer size: 64 256001
Download Time: 403197
Chunk bitrate: 64 3000000
Buffer size: 65 260001
[00007fea8c003378] ps mux: Close
[00007fea880010a8] idummy demux: command `quit'
[000000000133e1e8] [cli] lua interface error: Error loading script /home/cs244/vlc/share/lua/intf/cli.luac: lua/intf/modules/host.lua:286: Interrupted.
