[00000000018431e8] core interface error: no suitable interface module
[000000000177a338] core libvlc error: interface "globalhotkeys,none" initialization failed
[00000000018431e8] dbus interface error: Failed to connect to the D-Bus session daemon: Unable to autolaunch a dbus-daemon without a $DISPLAY for X11
[00000000018431e8] core interface error: no suitable interface module
[000000000177a338] core libvlc error: interface "dbus,none" initialization failed
[000000000177a338] core libvlc: Running vlc with the default interface. Use 'cvlc' to use vlc without interface.
[00000000018431e8] qt interface error: Could not connect to X server
[00000000018431e8] skins2 interface error: cannot initialize OSFactory
[00000000018431e8] [cli] lua interface: Listening on host "*console".
VLC media player 3.0.0-git Vetinari
Command Line Interface initialized. Type `help' for help.
> [00007f6388003378] ps mux: Open
making a DASHManager
new ratebased adaptionlogic
Chunk bitrate: 0 349952
Buffer size: 0 0
Chunk bitrate: 0 349952
Buffer size: 0 0
[00007f6388024ad8] mp4 demux: Fragment sequence discontinuity detected 0 != 2
Download Time: 588175
[00007f6388018708] mp4 demux: Fragment sequence discontinuity detected 0 != 2
Startup Time: 1050000
Chunk bitrate: 0 1000000
Buffer size: 0 4001
Chunk bitrate: 0 1000000
Buffer size: 1 4001
Download Time: 1611720
Chunk bitrate: 1 1000000
Buffer size: 2 8001
Download Time: 1171177
Chunk bitrate: 2 1000000
Buffer size: 3 12001
Download Time: 1444332
Chunk bitrate: 3 2000000
Buffer size: 3 16001
Chunk bitrate: 3 2000000
Buffer size: 4 16001
Download Time: 1880948
Chunk bitrate: 4 2000000
Buffer size: 5 20001
Download Time: 2573429
Chunk bitrate: 5 2000000
Buffer size: 6 24001
Download Time: 1061995
Chunk bitrate: 6 3000000
Buffer size: 6 28001
Chunk bitrate: 6 3000000
Buffer size: 7 28001
Download Time: 1653567
Chunk bitrate: 7 3000000
Buffer size: 8 32001
Download Time: 2615717
Chunk bitrate: 8 3000000
Buffer size: 9 36001
Download Time: 1915826
Chunk bitrate: 9 3000000
Buffer size: 10 40001
Download Time: 2208924
Chunk bitrate: 10 3000000
Buffer size: 11 44001
Download Time: 4415281
Chunk bitrate: 11 1000000
Buffer size: 11 48001
Chunk bitrate: 11 1000000
Buffer size: 12 48001
Download Time: 1282742
Chunk bitrate: 12 3000000
Buffer size: 12 52001
Chunk bitrate: 12 3000000
Buffer size: 13 52001
Download Time: 2226289
Chunk bitrate: 13 3000000
Buffer size: 14 56001
Download Time: 1880062
Chunk bitrate: 14 3000000
Buffer size: 15 60001
Download Time: 1774209
Chunk bitrate: 15 3000000
Buffer size: 16 64001
Download Time: 2191279
Chunk bitrate: 16 3000000
Buffer size: 17 68001
Download Time: 2587257
Chunk bitrate: 17 1000000
Buffer size: 17 72001
Chunk bitrate: 17 1000000
Buffer size: 18 72001
Download Time: 1539729
Chunk bitrate: 18 1000000
Buffer size: 19 76001
Download Time: 850613
Chunk bitrate: 19 1000000
Buffer size: 20 80001
Download Time: 1286587
Chunk bitrate: 20 2000000
Buffer size: 20 84001
Chunk bitrate: 20 2000000
Buffer size: 21 84001
Download Time: 1310347
Chunk bitrate: 21 2000000
Buffer size: 22 88001
Download Time: 1974845
Chunk bitrate: 22 2000000
Buffer size: 23 92001
Download Time: 1972995
Chunk bitrate: 23 3000000
Buffer size: 23 96001
Chunk bitrate: 23 3000000
Buffer size: 24 96001
Download Time: 2087840
Chunk bitrate: 24 3000000
Buffer size: 25 100001
Download Time: 2056915
Chunk bitrate: 25 3000000
Buffer size: 26 104001
Download Time: 1946904
Chunk bitrate: 26 3000000
Buffer size: 27 108001
Download Time: 1238846
Chunk bitrate: 27 3000000
Buffer size: 28 112001
Download Time: 2536077
Chunk bitrate: 28 1000000
Buffer size: 28 116001
Chunk bitrate: 28 1000000
Buffer size: 29 116001
Download Time: 1524090
Chunk bitrate: 29 1000000
Buffer size: 30 120001
Download Time: 1103163
Chunk bitrate: 30 1000000
Buffer size: 31 124001
Download Time: 1145326
Chunk bitrate: 31 2000000
Buffer size: 31 128001
Chunk bitrate: 31 2000000
Buffer size: 32 128001
Download Time: 2672856
Chunk bitrate: 32 2000000
Buffer size: 33 132001
Download Time: 2040520
Chunk bitrate: 33 3000000
Buffer size: 33 136001
Chunk bitrate: 33 3000000
Buffer size: 34 136001
Download Time: 2268093
Chunk bitrate: 34 3000000
Buffer size: 35 140001
Download Time: 2066948
Chunk bitrate: 35 3000000
Buffer size: 36 144001
Download Time: 2991427
Chunk bitrate: 36 1000000
Buffer size: 36 148001
Chunk bitrate: 36 1000000
Buffer size: 37 148001
Download Time: 1636361
Chunk bitrate: 37 1000000
Buffer size: 38 152001
Download Time: 1272105
Chunk bitrate: 38 2000000
Buffer size: 38 156001
Chunk bitrate: 38 2000000
Buffer size: 39 156001
Download Time: 1952919
Chunk bitrate: 39 2000000
Buffer size: 40 160001
Download Time: 1679212
Chunk bitrate: 40 2000000
Buffer size: 41 164001
Download Time: 1739489
Chunk bitrate: 41 3000000
Buffer size: 41 168001
Chunk bitrate: 41 3000000
Buffer size: 42 168001
Download Time: 1945549
Chunk bitrate: 42 3000000
Buffer size: 43 172001
Download Time: 2402441
Chunk bitrate: 43 3000000
Buffer size: 44 176001
Download Time: 1763008
Chunk bitrate: 44 3000000
Buffer size: 45 180001
Download Time: 2100741
Chunk bitrate: 45 3000000
Buffer size: 46 184001
Download Time: 4385625
Chunk bitrate: 46 1000000
Buffer size: 46 188001
Chunk bitrate: 46 1000000
Buffer size: 47 188001
Download Time: 1511909
Chunk bitrate: 47 1000000
Buffer size: 48 192001
Download Time: 1094738
Chunk bitrate: 48 1000000
Buffer size: 49 196001
Download Time: 1501209
Chunk bitrate: 49 1000000
Buffer size: 50 200001
Download Time: 1295004
Chunk bitrate: 50 3000000
Buffer size: 50 204001
Chunk bitrate: 50 3000000
Buffer size: 51 204001
Download Time: 1549937
[00007f6388003378] core mux error: cannot add this stream
[00007f63880d20c8] core decoder error: cannot create packetizer output (h264)
Chunk bitrate: 51 3000000
Buffer size: 52 208001
Download Time: 2270671
Chunk bitrate: 52 3000000
Buffer size: 53 212001
Download Time: 2143606
Chunk bitrate: 53 3000000
Buffer size: 54 216001
Download Time: 2269999
Chunk bitrate: 54 3000000
Buffer size: 55 220001
Download Time: 2714663
Chunk bitrate: 55 1000000
Buffer size: 55 224001
Chunk bitrate: 55 1000000
Buffer size: 56 224001
Download Time: 1595763
[00007f6388003378] core mux error: cannot add this stream
[00007f6388068678] core decoder error: cannot create packetizer output (h264)
Chunk bitrate: 56 1000000
Buffer size: 57 228001
Download Time: 964596
Chunk bitrate: 57 1000000
Buffer size: 58 232001
Download Time: 445162
Chunk bitrate: 58 1000000
Buffer size: 59 236001
Download Time: 1334911
Chunk bitrate: 59 2000000
Buffer size: 59 240001
Chunk bitrate: 59 2000000
Buffer size: 60 240001
Download Time: 1895698
[00007f6388003378] core mux error: cannot add this stream
[00007f6388091fc8] core decoder error: cannot create packetizer output (h264)
Chunk bitrate: 60 2000000
Buffer size: 61 244001
Download Time: 1970829
Chunk bitrate: 61 3000000
Buffer size: 61 248001
Chunk bitrate: 61 3000000
Buffer size: 62 248001
Download Time: 642111
[00007f6388003378] core mux error: cannot add this stream
[00007f638818a208] core decoder error: cannot create packetizer output (h264)
Chunk bitrate: 62 3000000
Buffer size: 63 252001
Download Time: 449459
Chunk bitrate: 63 3000000
Buffer size: 64 256001
Download Time: 800970
Chunk bitrate: 64 3000000
Buffer size: 65 260001
[00007f6388003378] ps mux: Close
[00007f6384001698] idummy demux: command `quit'
[00000000018431e8] [cli] lua interface error: Error loading script /home/cs244/vlc/share/lua/intf/cli.luac: lua/intf/modules/host.lua:286: Interrupted.
