[0000000000a871e8] core interface error: no suitable interface module
[00000000009be338] core libvlc error: interface "globalhotkeys,none" initialization failed
[0000000000a871e8] dbus interface error: Failed to connect to the D-Bus session daemon: Unable to autolaunch a dbus-daemon without a $DISPLAY for X11
[0000000000a871e8] core interface error: no suitable interface module
[00000000009be338] core libvlc error: interface "dbus,none" initialization failed
[00000000009be338] core libvlc: Running vlc with the default interface. Use 'cvlc' to use vlc without interface.
[0000000000a871e8] qt interface error: Could not connect to X server
[0000000000a871e8] skins2 interface error: cannot initialize OSFactory
[0000000000a871e8] [cli] lua interface: Listening on host "*console".
VLC media player 3.0.0-git Vetinari
Command Line Interface initialized. Type `help' for help.
> [00007f390c003378] ps mux: Open
making a DASHManager
new ratebased adaptionlogic
Chunk bitrate: 0 349952
Buffer size: 0 0
Chunk bitrate: 0 349952
Buffer size: 0 0
[00007f390c025a68] mp4 demux: Fragment sequence discontinuity detected 0 != 2
Download Time: 735579
[00007f390c018d18] mp4 demux: Fragment sequence discontinuity detected 0 != 2
Startup Time: 1050000
Chunk bitrate: 0 1000000
Buffer size: 0 4001
Chunk bitrate: 0 1000000
Buffer size: 1 4001
Download Time: 2015064
Chunk bitrate: 1 1000000
Buffer size: 2 8001
Download Time: 1463823
Chunk bitrate: 2 1000000
Buffer size: 3 12001
Download Time: 1564961
Chunk bitrate: 3 1000000
Buffer size: 4 16001
Download Time: 1311958
Chunk bitrate: 4 1000000
Buffer size: 5 20001
Download Time: 1712333
Chunk bitrate: 5 1000000
Buffer size: 6 24001
Download Time: 880764
Chunk bitrate: 6 2000000
Buffer size: 6 28001
Chunk bitrate: 6 2000000
Buffer size: 7 28001
Download Time: 1752086
Chunk bitrate: 7 2000000
Buffer size: 8 32001
Download Time: 2576633
Chunk bitrate: 8 3000000
Buffer size: 8 36001
Chunk bitrate: 8 3000000
Buffer size: 9 36001
Download Time: 1915734
Chunk bitrate: 9 3000000
Buffer size: 10 40001
Download Time: 2207403
Chunk bitrate: 10 3000000
Buffer size: 11 44001
Download Time: 4683880
Chunk bitrate: 11 1000000
Buffer size: 11 48001
Chunk bitrate: 11 1000000
Buffer size: 12 48001
Download Time: 1640782
Chunk bitrate: 12 2000000
Buffer size: 12 52001
Chunk bitrate: 12 2000000
Buffer size: 13 52001
Download Time: 2184760
Chunk bitrate: 13 2000000
Buffer size: 14 56001
Download Time: 2048632
Chunk bitrate: 14 2000000
Buffer size: 15 60001
Download Time: 1825394
Chunk bitrate: 15 2000000
Buffer size: 16 64001
Download Time: 2194587
Chunk bitrate: 16 2000000
Buffer size: 17 68001
Download Time: 1343694
Chunk bitrate: 17 3000000
Buffer size: 17 72001
Chunk bitrate: 17 3000000
Buffer size: 18 72001
Download Time: 2275577
Chunk bitrate: 18 3000000
Buffer size: 19 76001
Download Time: 1289848
Chunk bitrate: 19 3000000
Buffer size: 20 80001
Download Time: 3619368
Chunk bitrate: 20 1000000
Buffer size: 20 84001
Chunk bitrate: 20 1000000
Buffer size: 21 84001
Download Time: 947160
Chunk bitrate: 21 1000000
Buffer size: 22 88001
Download Time: 1120065
Chunk bitrate: 22 2000000
Buffer size: 22 92001
Chunk bitrate: 22 2000000
Buffer size: 23 92001
Download Time: 2495574
Chunk bitrate: 23 2000000
Buffer size: 24 96001
Download Time: 1968467
Chunk bitrate: 24 3000000
Buffer size: 24 100001
Chunk bitrate: 24 3000000
Buffer size: 25 100001
Download Time: 2057856
Chunk bitrate: 25 3000000
Buffer size: 26 104001
Download Time: 1949467
Chunk bitrate: 26 3000000
Buffer size: 27 108001
Download Time: 1237531
Chunk bitrate: 27 3000000
Buffer size: 28 112001
Download Time: 1943471
Chunk bitrate: 28 3000000
Buffer size: 29 116001
Download Time: 2647211
Chunk bitrate: 29 1000000
Buffer size: 29 120001
Chunk bitrate: 29 1000000
Buffer size: 30 120001
Download Time: 1655782
Chunk bitrate: 30 1000000
Buffer size: 31 124001
Download Time: 1850209
Chunk bitrate: 31 1000000
Buffer size: 32 128001
Download Time: 2235456
Chunk bitrate: 32 1000000
Buffer size: 33 132001
Download Time: 1820892
Chunk bitrate: 33 1000000
Buffer size: 34 136001
Download Time: 1624169
Chunk bitrate: 34 3000000
Buffer size: 34 140001
Chunk bitrate: 34 3000000
Buffer size: 35 140001
Download Time: 2068065
Chunk bitrate: 35 3000000
Buffer size: 36 144001
Download Time: 1665725
Chunk bitrate: 36 3000000
Buffer size: 37 148001
Download Time: 1662170
Chunk bitrate: 37 3000000
Buffer size: 38 152001
Download Time: 1173071
Chunk bitrate: 38 3000000
Buffer size: 39 156001
Download Time: 1016678
Chunk bitrate: 39 3000000
Buffer size: 40 160001
Download Time: 869458
Chunk bitrate: 40 3000000
Buffer size: 41 164001
Download Time: 1689936
Chunk bitrate: 41 2000000
Buffer size: 41 168001
Chunk bitrate: 41 2000000
Buffer size: 42 168001
Download Time: 2564263
Chunk bitrate: 42 1000000
Buffer size: 42 172001
Chunk bitrate: 42 1000000
Buffer size: 43 172001
Download Time: 1551630
Chunk bitrate: 43 3000000
Buffer size: 43 176001
Chunk bitrate: 43 3000000
Buffer size: 44 176001
Download Time: 1761885
Chunk bitrate: 44 3000000
Buffer size: 45 180001
Download Time: 2099118
Chunk bitrate: 45 3000000
Buffer size: 46 184001
Download Time: 1582797
Chunk bitrate: 46 3000000
Buffer size: 47 188001
Download Time: 1046435
Chunk bitrate: 47 3000000
Buffer size: 48 192001
Download Time: 881714
Chunk bitrate: 48 3000000
Buffer size: 49 196001
Download Time: 1237539
Chunk bitrate: 49 3000000
Buffer size: 50 200001
Download Time: 938493
Chunk bitrate: 50 3000000
Buffer size: 51 204001
Download Time: 775900
Chunk bitrate: 51 3000000
Buffer size: 52 208001
Download Time: 1137135
Chunk bitrate: 52 3000000
Buffer size: 53 212001
Download Time: 1074307
Chunk bitrate: 53 3000000
Buffer size: 54 216001
Download Time: 1136468
Chunk bitrate: 54 3000000
Buffer size: 55 220001
Download Time: 1619788
Chunk bitrate: 55 2000000
Buffer size: 55 224001
Chunk bitrate: 55 2000000
Buffer size: 56 224001
Download Time: 3276286
Chunk bitrate: 56 1000000
Buffer size: 56 228001
Chunk bitrate: 56 1000000
Buffer size: 57 228001
Download Time: 832127
[00007f390c003378] core mux error: cannot add this stream
[00007f390c1d76f8] core decoder error: cannot create packetizer output (h264)
Chunk bitrate: 57 3000000
Buffer size: 57 232001
Chunk bitrate: 57 3000000
Buffer size: 58 232001
Download Time: 651358
[00007f390c003378] core mux error: cannot add this stream
[00007f390c1df008] core decoder error: cannot create packetizer output (h264)
Chunk bitrate: 58 3000000
Buffer size: 59 236001
Download Time: 2394543
Chunk bitrate: 59 3000000
Buffer size: 60 240001
Download Time: 1740819
Chunk bitrate: 60 3000000
Buffer size: 61 244001
Download Time: 953477
Chunk bitrate: 61 3000000
Buffer size: 62 248001
Download Time: 321608
Chunk bitrate: 62 3000000
Buffer size: 63 252001
Download Time: 227772
Chunk bitrate: 63 3000000
Buffer size: 64 256001
Download Time: 402292
Chunk bitrate: 64 3000000
Buffer size: 65 260001
[00007f390c003378] ps mux: Close
[00007f390c1ab8b8] idummy demux: command `quit'
[0000000000a871e8] [cli] lua interface error: Error loading script /home/cs244/vlc/share/lua/intf/cli.luac: lua/intf/modules/host.lua:286: Interrupted.
