[00000000023591e8] core interface error: no suitable interface module
[0000000002290338] core libvlc error: interface "globalhotkeys,none" initialization failed
[00000000023591e8] dbus interface error: Failed to connect to the D-Bus session daemon: Unable to autolaunch a dbus-daemon without a $DISPLAY for X11
[00000000023591e8] core interface error: no suitable interface module
[0000000002290338] core libvlc error: interface "dbus,none" initialization failed
[0000000002290338] core libvlc: Running vlc with the default interface. Use 'cvlc' to use vlc without interface.
[00000000023591e8] qt interface error: Could not connect to X server
[00000000023591e8] skins2 interface error: cannot initialize OSFactory
[00000000023591e8] [cli] lua interface: Listening on host "*console".
VLC media player 3.0.0-git Vetinari
Command Line Interface initialized. Type `help' for help.
> [00007fc7f0003378] ps mux: Open
making a DASHManager
new ratebased adaptionlogic
Chunk bitrate: 0 349952
Buffer size: 0 0
Chunk bitrate: 0 349952
Buffer size: 0 0
[00007fc7f0025578] mp4 demux: Fragment sequence discontinuity detected 0 != 2
Download Time: 293833
Download Time: 10081
[00007fc7f0018368] mp4 demux: Fragment sequence discontinuity detected 0 != 2
Download Time: 50803
Startup Time: 1050000
Chunk bitrate: 0 3000000
Buffer size: 0 4001
Chunk bitrate: 0 3000000
Buffer size: 1 4001
Download Time: 2271436
Chunk bitrate: 1 3000000
Buffer size: 2 8001
Download Time: 1902424
Chunk bitrate: 2 3000000
Buffer size: 3 12001
Download Time: 6955024
Chunk bitrate: 3 1000000
Buffer size: 3 16001
Chunk bitrate: 3 1000000
Buffer size: 4 16001
Download Time: 1640127
Chunk bitrate: 4 1000000
Buffer size: 5 20001
Download Time: 1819972
Chunk bitrate: 5 2000000
Buffer size: 5 24001
Chunk bitrate: 5 2000000
Buffer size: 6 24001
Download Time: 1592764
Chunk bitrate: 6 2000000
Buffer size: 7 28001
Download Time: 1752273
Chunk bitrate: 7 2000000
Buffer size: 8 32001
Download Time: 2083480
Chunk bitrate: 8 3000000
Buffer size: 8 36001
Chunk bitrate: 8 3000000
Buffer size: 9 36001
Download Time: 1915915
Chunk bitrate: 9 3000000
Buffer size: 10 40001
Download Time: 3208196
Chunk bitrate: 10 1000000
Buffer size: 10 44001
Chunk bitrate: 10 1000000
Buffer size: 11 44001
Download Time: 2449794
Chunk bitrate: 11 1000000
Buffer size: 12 48001
Download Time: 1742906
Chunk bitrate: 12 2000000
Buffer size: 12 52001
Chunk bitrate: 12 2000000
Buffer size: 13 52001
Download Time: 2183864
Chunk bitrate: 13 2000000
Buffer size: 14 56001
Download Time: 1924075
Chunk bitrate: 14 3000000
Buffer size: 14 60001
Chunk bitrate: 14 3000000
Buffer size: 15 60001
Download Time: 1773787
Chunk bitrate: 15 3000000
Buffer size: 16 64001
Download Time: 2189830
Chunk bitrate: 16 3000000
Buffer size: 17 68001
Download Time: 4849785
Chunk bitrate: 17 1000000
Buffer size: 17 72001
Chunk bitrate: 17 1000000
Buffer size: 18 72001
Download Time: 1179755
Chunk bitrate: 18 3000000
Buffer size: 18 76001
Chunk bitrate: 18 3000000
Buffer size: 19 76001
Download Time: 1289759
Chunk bitrate: 19 3000000
Buffer size: 20 80001
Download Time: 1964268
Chunk bitrate: 20 3000000
Buffer size: 21 84001
Download Time: 1595608
Chunk bitrate: 21 1000000
Buffer size: 21 88001
Chunk bitrate: 21 1000000
Buffer size: 22 88001
Download Time: 1650563
Chunk bitrate: 22 1000000
Buffer size: 23 92001
Download Time: 2085020
Chunk bitrate: 23 1000000
Buffer size: 24 96001
Download Time: 1604717
Chunk bitrate: 24 1000000
Buffer size: 25 100001
Download Time: 1356634
Chunk bitrate: 25 1000000
Buffer size: 26 104001
Download Time: 1339318
Chunk bitrate: 26 1000000
Buffer size: 27 108001
Download Time: 751399
Chunk bitrate: 27 2000000
Buffer size: 27 112001
Chunk bitrate: 27 2000000
Buffer size: 28 112001
Download Time: 2037129
Chunk bitrate: 28 2000000
Buffer size: 29 116001
Download Time: 2466434
Chunk bitrate: 29 2000000
Buffer size: 30 120001
Download Time: 1104424
Chunk bitrate: 30 3000000
Buffer size: 30 124001
Chunk bitrate: 30 3000000
Buffer size: 31 124001
Download Time: 1525759
Chunk bitrate: 31 3000000
Buffer size: 32 128001
Download Time: 2650288
Chunk bitrate: 32 1000000
Buffer size: 32 132001
Chunk bitrate: 32 1000000
Buffer size: 33 132001
Download Time: 1824635
Chunk bitrate: 33 1000000
Buffer size: 34 136001
Download Time: 1999423
Chunk bitrate: 34 1000000
Buffer size: 35 140001
Download Time: 1488371
Chunk bitrate: 35 1000000
Buffer size: 36 144001
Download Time: 1153339
Chunk bitrate: 36 1000000
Buffer size: 37 148001
Download Time: 1636091
Chunk bitrate: 37 1000000
Buffer size: 38 152001
Download Time: 1379504
Chunk bitrate: 38 2000000
Buffer size: 38 156001
Chunk bitrate: 38 2000000
Buffer size: 39 156001
Download Time: 1952818
Chunk bitrate: 39 2000000
Buffer size: 40 160001
Download Time: 1677388
Chunk bitrate: 40 2000000
Buffer size: 41 164001
Download Time: 1848620
Chunk bitrate: 41 3000000
Buffer size: 41 168001
Chunk bitrate: 41 3000000
Buffer size: 42 168001
Download Time: 1946381
Chunk bitrate: 42 3000000
Buffer size: 43 172001
Download Time: 3395507
Chunk bitrate: 43 1000000
Buffer size: 43 176001
Chunk bitrate: 43 1000000
Buffer size: 44 176001
Download Time: 1555752
[00007fc7f0003378] core mux error: cannot add this stream
[00007fc7f01459a8] core decoder error: cannot create packetizer output (h264)
Chunk bitrate: 44 1000000
Buffer size: 45 180001
Download Time: 1716468
Chunk bitrate: 45 1000000
Buffer size: 46 184001
Download Time: 1465438
Chunk bitrate: 46 1000000
Buffer size: 47 188001
Download Time: 1510239
Chunk bitrate: 47 1000000
Buffer size: 48 192001
Download Time: 1094072
Chunk bitrate: 48 1000000
Buffer size: 49 196001
Download Time: 1211356
Chunk bitrate: 49 2000000
Buffer size: 49 200001
Chunk bitrate: 49 2000000
Buffer size: 50 200001
Download Time: 2036810
[00007fc7f0003378] core mux error: cannot add this stream
[00007fc7f00cc4b8] core decoder error: cannot create packetizer output (h264)
Chunk bitrate: 50 2000000
Buffer size: 51 204001
Download Time: 1659834
Chunk bitrate: 51 2000000
Buffer size: 52 208001
Download Time: 1554259
Chunk bitrate: 52 3000000
Buffer size: 52 212001
Chunk bitrate: 52 3000000
Buffer size: 53 212001
Download Time: 2144158
[00007fc7f0003378] core mux error: cannot add this stream
[00007fc7f00dc6e8] core decoder error: cannot create packetizer output (h264)
Chunk bitrate: 53 3000000
Buffer size: 54 216001
Download Time: 3608522
Chunk bitrate: 54 1000000
Buffer size: 54 220001
Chunk bitrate: 54 1000000
Buffer size: 55 220001
Download Time: 1824490
[00007fc7f0003378] core mux error: cannot add this stream
[00007fc7f00c13f8] core decoder error: cannot create packetizer output (h264)
Chunk bitrate: 55 1000000
Buffer size: 56 224001
Download Time: 1729939
Chunk bitrate: 56 1000000
Buffer size: 57 228001
Download Time: 966184
Chunk bitrate: 57 1000000
Buffer size: 58 232001
Download Time: 445510
Chunk bitrate: 58 1000000
Buffer size: 59 236001
Download Time: 1698070
Chunk bitrate: 59 1000000
Buffer size: 60 240001
Download Time: 1081015
Chunk bitrate: 60 2000000
Buffer size: 60 244001
Chunk bitrate: 60 2000000
Buffer size: 61 244001
Download Time: 2031227
[00007fc7f0003378] core mux error: cannot add this stream
[00007fc7f0049068] core decoder error: cannot create packetizer output (h264)
Chunk bitrate: 61 2000000
Buffer size: 62 248001
Download Time: 663208
Chunk bitrate: 62 2000000
Buffer size: 63 252001
Download Time: 469967
Chunk bitrate: 63 2000000
Buffer size: 64 256001
Download Time: 918788
Chunk bitrate: 64 3000000
Buffer size: 64 260001
Chunk bitrate: 64 3000000
Buffer size: 65 260001
[00007fc7f0003378] ps mux: Close
[00007fc7fc001558] idummy demux: command `quit'
[00000000023591e8] [cli] lua interface error: Error loading script /home/cs244/vlc/share/lua/intf/cli.luac: lua/intf/modules/host.lua:286: Interrupted.
