[00000000020331e8] core interface error: no suitable interface module
[0000000001f6a338] core libvlc error: interface "globalhotkeys,none" initialization failed
[00000000020331e8] dbus interface error: Failed to connect to the D-Bus session daemon: Unable to autolaunch a dbus-daemon without a $DISPLAY for X11
[00000000020331e8] core interface error: no suitable interface module
[0000000001f6a338] core libvlc error: interface "dbus,none" initialization failed
[0000000001f6a338] core libvlc: Running vlc with the default interface. Use 'cvlc' to use vlc without interface.
[00000000020331e8] qt interface error: Could not connect to X server
[00000000020331e8] skins2 interface error: cannot initialize OSFactory
[00007f42b8003378] ps mux: Open
[00000000020331e8] [cli] lua interface: Listening on host "*console".
VLC media player 3.0.0-git Vetinari
Command Line Interface initialized. Type `help' for help.
> making a DASHManager
new ratebased adaptionlogic
Chunk bitrate: 0 349952
Buffer size: 0 0
Chunk bitrate: 0 349952
Buffer size: 0 0
[00007f42b80233a8] mp4 demux: Fragment sequence discontinuity detected 0 != 2
Download Time: 586970
[00007f42b8018768] mp4 demux: Fragment sequence discontinuity detected 0 != 2
Startup Time: 1050000
Chunk bitrate: 0 1000000
Buffer size: 0 4001
Chunk bitrate: 0 1000000
Buffer size: 1 4001
Download Time: 1611936
Chunk bitrate: 1 1000000
Buffer size: 2 8001
Download Time: 1171159
Chunk bitrate: 2 1000000
Buffer size: 3 12001
Download Time: 1346047
Chunk bitrate: 3 3000000
Buffer size: 3 16001
Chunk bitrate: 3 3000000
Buffer size: 4 16001
Download Time: 1941533
Chunk bitrate: 4 3000000
Buffer size: 5 20001
Download Time: 2486818
Chunk bitrate: 5 3000000
Buffer size: 6 24001
Download Time: 7152760
Chunk bitrate: 6 600000
Buffer size: 6 28001
Chunk bitrate: 6 600000
Buffer size: 7 28001
Download Time: 1527552
Chunk bitrate: 7 600000
Buffer size: 8 32001
Download Time: 2245462
Chunk bitrate: 8 600000
Buffer size: 9 36001
Download Time: 2581025
Chunk bitrate: 9 600000
Buffer size: 10 40001
Download Time: 1953940
Chunk bitrate: 10 600000
Buffer size: 11 44001
Download Time: 1427953
Chunk bitrate: 11 600000
Buffer size: 12 48001
Download Time: 1948812
Chunk bitrate: 12 1000000
Buffer size: 12 52001
Chunk bitrate: 12 1000000
Buffer size: 13 52001
Download Time: 2715882
Chunk bitrate: 13 1000000
Buffer size: 14 56001
Download Time: 2451238
Chunk bitrate: 14 600000
Buffer size: 14 60001
Chunk bitrate: 14 600000
Buffer size: 15 60001
Download Time: 1790548
Chunk bitrate: 15 600000
Buffer size: 16 64001
Download Time: 1947790
Chunk bitrate: 16 600000
Buffer size: 17 68001
Download Time: 1421251
Chunk bitrate: 17 1000000
Buffer size: 17 72001
Chunk bitrate: 17 1000000
Buffer size: 18 72001
Download Time: 2695574
Chunk bitrate: 18 1000000
Buffer size: 19 76001
Download Time: 1075042
Chunk bitrate: 19 1000000
Buffer size: 20 80001
Download Time: 1460840
Chunk bitrate: 20 1000000
Buffer size: 21 84001
Download Time: 947463
Chunk bitrate: 21 1000000
Buffer size: 22 88001
Download Time: 1320250
Chunk bitrate: 22 1000000
Buffer size: 23 92001
Download Time: 3347647
Chunk bitrate: 23 600000
Buffer size: 23 96001
Chunk bitrate: 23 600000
Buffer size: 24 96001
Download Time: 2013068
Chunk bitrate: 24 600000
Buffer size: 25 100001
Download Time: 1514965
Chunk bitrate: 25 1000000
Buffer size: 25 104001
Chunk bitrate: 25 1000000
Buffer size: 26 104001
Download Time: 2344120
Chunk bitrate: 26 1000000
Buffer size: 27 108001
Download Time: 925951
Chunk bitrate: 27 1000000
Buffer size: 28 112001
Download Time: 1580781
Chunk bitrate: 28 1000000
Buffer size: 29 116001
Download Time: 1524453
Chunk bitrate: 29 1000000
Buffer size: 30 120001
Download Time: 1307777
Chunk bitrate: 30 600000
Buffer size: 30 124001
Chunk bitrate: 30 600000
Buffer size: 31 124001
Download Time: 1920742
Chunk bitrate: 31 600000
Buffer size: 32 128001
Download Time: 2347860
Chunk bitrate: 32 600000
Buffer size: 33 132001
Download Time: 1508705
Chunk bitrate: 33 1000000
Buffer size: 33 136001
Chunk bitrate: 33 1000000
Buffer size: 34 136001
Download Time: 2799877
Chunk bitrate: 34 1000000
Buffer size: 35 140001
Download Time: 1741534
Chunk bitrate: 35 1000000
Buffer size: 36 144001
Download Time: 1441381
Chunk bitrate: 36 1000000
Buffer size: 37 148001
Download Time: 2503656
Chunk bitrate: 37 600000
Buffer size: 37 152001
Chunk bitrate: 37 600000
Buffer size: 38 152001
Download Time: 2279503
Chunk bitrate: 38 600000
Buffer size: 39 156001
Download Time: 1737241
Chunk bitrate: 39 600000
Buffer size: 40 160001
Download Time: 1284435
Chunk bitrate: 40 1000000
Buffer size: 40 164001
Chunk bitrate: 40 1000000
Buffer size: 41 164001
Download Time: 2779008
Chunk bitrate: 41 1000000
Buffer size: 42 168001
Download Time: 1049421
Chunk bitrate: 42 2000000
Buffer size: 42 172001
Chunk bitrate: 42 2000000
Buffer size: 43 172001
Download Time: 2444868
Chunk bitrate: 43 2000000
Buffer size: 44 176001
Download Time: 1688479
Chunk bitrate: 44 3000000
Buffer size: 44 180001
Chunk bitrate: 44 3000000
Buffer size: 45 180001
Download Time: 2099480
Chunk bitrate: 45 3000000
Buffer size: 46 184001
Download Time: 2238631
Chunk bitrate: 46 3000000
Buffer size: 47 188001
Download Time: 5743544
Chunk bitrate: 47 1000000
Buffer size: 47 192001
Chunk bitrate: 47 1000000
Buffer size: 48 192001
Download Time: 1095895
Chunk bitrate: 48 1000000
Buffer size: 49 196001
Download Time: 1503851
Chunk bitrate: 49 1000000
Buffer size: 50 200001
Download Time: 1410805
Chunk bitrate: 50 2000000
Buffer size: 50 204001
Chunk bitrate: 50 2000000
Buffer size: 51 204001
Download Time: 1658187
[00007f42b8003378] core mux error: cannot add this stream
[00007f42b8102598] core decoder error: cannot create packetizer output (h264)
Chunk bitrate: 51 2000000
Buffer size: 52 208001
Download Time: 2237155
Chunk bitrate: 52 2000000
Buffer size: 53 212001
Download Time: 1599872
Chunk bitrate: 53 3000000
Buffer size: 53 216001
Chunk bitrate: 53 3000000
Buffer size: 54 216001
Download Time: 2270381
[00007f42b8003378] core mux error: cannot add this stream
[00007f42b8030538] core decoder error: cannot create packetizer output (h264)
Chunk bitrate: 54 3000000
Buffer size: 55 220001
Download Time: 2355150
Chunk bitrate: 55 1000000
Buffer size: 55 224001
Chunk bitrate: 55 1000000
Buffer size: 56 224001
Download Time: 2393776
[00007f42b8003378] core mux error: cannot add this stream
[00007f42b803f598] core decoder error: cannot create packetizer output (h264)
Chunk bitrate: 56 1000000
Buffer size: 57 228001
Download Time: 1448092
Chunk bitrate: 57 1000000
Buffer size: 58 232001
Download Time: 523972
Chunk bitrate: 58 1000000
Buffer size: 59 236001
Download Time: 1698431
Chunk bitrate: 59 1000000
Buffer size: 60 240001
Download Time: 1285405
Chunk bitrate: 60 1000000
Buffer size: 61 244001
Download Time: 1337414
Chunk bitrate: 61 1000000
Buffer size: 62 248001
Download Time: 363488
Chunk bitrate: 62 2000000
Buffer size: 62 252001
Chunk bitrate: 62 2000000
Buffer size: 63 252001
Download Time: 469885
[00007f42b8003378] core mux error: cannot add this stream
[00007f42b8056688] core decoder error: cannot create packetizer output (h264)
Chunk bitrate: 63 2000000
Buffer size: 64 256001
Download Time: 935681
Chunk bitrate: 64 2000000
Buffer size: 65 260001
[00007f42b8003378] ps mux: Close
[00007f42a80010f8] idummy demux: command `quit'
[00000000020331e8] [cli] lua interface error: Error loading script /home/cs244/vlc/share/lua/intf/cli.luac: lua/intf/modules/host.lua:286: Interrupted.
