[000000000183b1e8] core interface error: no suitable interface module
[0000000001772338] core libvlc error: interface "globalhotkeys,none" initialization failed
[000000000183b1e8] dbus interface error: Failed to connect to the D-Bus session daemon: Unable to autolaunch a dbus-daemon without a $DISPLAY for X11
[000000000183b1e8] core interface error: no suitable interface module
[0000000001772338] core libvlc error: interface "dbus,none" initialization failed
[0000000001772338] core libvlc: Running vlc with the default interface. Use 'cvlc' to use vlc without interface.
[000000000183b1e8] qt interface error: Could not connect to X server
[000000000183b1e8] skins2 interface error: cannot initialize OSFactory
[000000000183b1e8] [cli] lua interface: Listening on host "*console".
VLC media player 3.0.0-git Vetinari
Command Line Interface initialized. Type `help' for help.
> [00007fc1dc003378] ps mux: Open
making a DASHManager
new ratebased adaptionlogic
Chunk bitrate: 0 349952
Buffer size: 0 0
Chunk bitrate: 0 349952
Buffer size: 0 0
[00007fc1dc019cc8] mp4 demux: Fragment sequence discontinuity detected 0 != 2
Download Time: 441287
[00007fc1dc026a28] mp4 demux: Fragment sequence discontinuity detected 0 != 2
Startup Time: 1050000
Chunk bitrate: 0 2000000
Buffer size: 0 4001
Chunk bitrate: 0 2000000
Buffer size: 1 4001
Download Time: 2339547
Chunk bitrate: 1 2000000
Buffer size: 2 8001
Download Time: 1782097
Chunk bitrate: 2 2000000
Buffer size: 3 12001
Download Time: 1598082
Chunk bitrate: 3 3000000
Buffer size: 3 16001
Chunk bitrate: 3 3000000
Buffer size: 4 16001
Download Time: 1942091
Chunk bitrate: 4 3000000
Buffer size: 5 20001
Download Time: 3053899
Chunk bitrate: 5 2000000
Buffer size: 5 24001
Chunk bitrate: 5 2000000
Buffer size: 6 24001
Download Time: 1593051
Chunk bitrate: 6 2000000
Buffer size: 7 28001
Download Time: 1601485
Chunk bitrate: 7 3000000
Buffer size: 7 32001
Chunk bitrate: 7 3000000
Buffer size: 8 32001
Download Time: 1311551
Chunk bitrate: 8 3000000
Buffer size: 9 36001
Download Time: 960658
Chunk bitrate: 9 3000000
Buffer size: 10 40001
Download Time: 1105234
Chunk bitrate: 10 3000000
Buffer size: 11 44001
Download Time: 961927
Chunk bitrate: 11 3000000
Buffer size: 12 48001
Download Time: 4063384
Chunk bitrate: 12 1000000
Buffer size: 12 52001
Chunk bitrate: 12 1000000
Buffer size: 13 52001
Download Time: 1473911
Chunk bitrate: 13 2000000
Buffer size: 13 56001
Chunk bitrate: 13 2000000
Buffer size: 14 56001
Download Time: 2049423
Chunk bitrate: 14 2000000
Buffer size: 15 60001
Download Time: 1825862
Chunk bitrate: 15 2000000
Buffer size: 16 64001
Download Time: 1678065
Chunk bitrate: 16 3000000
Buffer size: 16 68001
Chunk bitrate: 16 3000000
Buffer size: 17 68001
Download Time: 1823962
Chunk bitrate: 17 3000000
Buffer size: 18 72001
Download Time: 2150786
Chunk bitrate: 18 3000000
Buffer size: 19 76001
Download Time: 647220
Chunk bitrate: 19 3000000
Buffer size: 20 80001
Download Time: 984645
Chunk bitrate: 20 3000000
Buffer size: 21 84001
Download Time: 601772
Chunk bitrate: 21 3000000
Buffer size: 22 88001
Download Time: 892287
Chunk bitrate: 22 3000000
Buffer size: 23 92001
Download Time: 1173679
Chunk bitrate: 23 3000000
Buffer size: 24 96001
Download Time: 3041492
Chunk bitrate: 24 1000000
Buffer size: 24 100001
Chunk bitrate: 24 1000000
Buffer size: 25 100001
Download Time: 1360087
Chunk bitrate: 25 1000000
Buffer size: 26 104001
Download Time: 1193742
Chunk bitrate: 26 2000000
Buffer size: 26 108001
Chunk bitrate: 26 2000000
Buffer size: 27 108001
Download Time: 1302380
Chunk bitrate: 27 2000000
Buffer size: 28 112001
Download Time: 2036611
Chunk bitrate: 28 2000000
Buffer size: 29 116001
Download Time: 1970127
Chunk bitrate: 29 3000000
Buffer size: 29 120001
Chunk bitrate: 29 3000000
Buffer size: 30 120001
Download Time: 1506358
Chunk bitrate: 30 3000000
Buffer size: 31 124001
Download Time: 1526637
Chunk bitrate: 31 3000000
Buffer size: 32 128001
Download Time: 1632944
Chunk bitrate: 32 3000000
Buffer size: 33 132001
Download Time: 1162719
Chunk bitrate: 33 3000000
Buffer size: 34 136001
Download Time: 1136254
Chunk bitrate: 34 3000000
Buffer size: 35 140001
Download Time: 1036685
Chunk bitrate: 35 3000000
Buffer size: 36 144001
Download Time: 834646
Chunk bitrate: 36 3000000
Buffer size: 37 148001
Download Time: 1240267
Chunk bitrate: 37 3000000
Buffer size: 38 152001
Download Time: 1174052
Chunk bitrate: 38 3000000
Buffer size: 39 156001
Download Time: 1021160
Chunk bitrate: 39 3000000
Buffer size: 40 160001
Download Time: 869629
Chunk bitrate: 40 3000000
Buffer size: 41 164001
Download Time: 2745610
Chunk bitrate: 41 2000000
Buffer size: 41 168001
Chunk bitrate: 41 2000000
Buffer size: 42 168001
Download Time: 1921406
Chunk bitrate: 42 2000000
Buffer size: 43 172001
Download Time: 1815137
Chunk bitrate: 43 3000000
Buffer size: 43 176001
Chunk bitrate: 43 3000000
Buffer size: 44 176001
Download Time: 1761301
Chunk bitrate: 44 3000000
Buffer size: 45 180001
Download Time: 1978880
Chunk bitrate: 45 3000000
Buffer size: 46 184001
Download Time: 1120196
Chunk bitrate: 46 3000000
Buffer size: 47 188001
Download Time: 1047158
Chunk bitrate: 47 3000000
Buffer size: 48 192001
Download Time: 874850
Chunk bitrate: 48 3000000
Buffer size: 49 196001
Download Time: 1237083
Chunk bitrate: 49 3000000
Buffer size: 50 200001
Download Time: 3444541
Chunk bitrate: 50 1000000
Buffer size: 50 204001
Chunk bitrate: 50 1000000
Buffer size: 51 204001
Download Time: 1715819
Chunk bitrate: 51 1000000
Buffer size: 52 208001
Download Time: 1079152
Chunk bitrate: 52 2000000
Buffer size: 52 212001
Chunk bitrate: 52 2000000
Buffer size: 53 212001
Download Time: 1961814
Chunk bitrate: 53 2000000
Buffer size: 54 216001
Download Time: 2076345
Chunk bitrate: 54 3000000
Buffer size: 54 220001
Chunk bitrate: 54 3000000
Buffer size: 55 220001
Download Time: 2045509
Chunk bitrate: 55 3000000
Buffer size: 56 224001
Download Time: 2240765
Chunk bitrate: 56 3000000
Buffer size: 57 228001
Download Time: 882968
Chunk bitrate: 57 3000000
Buffer size: 58 232001
Download Time: 327965
Chunk bitrate: 58 3000000
Buffer size: 59 236001
Download Time: 1199128
Chunk bitrate: 59 3000000
Buffer size: 60 240001
Download Time: 915427
Chunk bitrate: 60 3000000
Buffer size: 61 244001
Download Time: 954129
Chunk bitrate: 61 3000000
Buffer size: 62 248001
Download Time: 322212
Chunk bitrate: 62 3000000
Buffer size: 63 252001
Download Time: 227850
Chunk bitrate: 63 3000000
Buffer size: 64 256001
Download Time: 1100389
Chunk bitrate: 64 1000000
Buffer size: 64 260001
Chunk bitrate: 64 1000000
Buffer size: 65 260001
[00007fc1dc003378] ps mux: Close
[00007fc1d8001668] idummy demux: command `quit'
[000000000183b1e8] [cli] lua interface error: Error loading script /home/cs244/vlc/share/lua/intf/cli.luac: lua/intf/modules/host.lua:286: Interrupted.
