[00000000006de1e8] core interface error: no suitable interface module
[0000000000615338] core libvlc error: interface "globalhotkeys,none" initialization failed
[00000000006de1e8] dbus interface error: Failed to connect to the D-Bus session daemon: Unable to autolaunch a dbus-daemon without a $DISPLAY for X11
[00000000006de1e8] core interface error: no suitable interface module
[0000000000615338] core libvlc error: interface "dbus,none" initialization failed
[0000000000615338] core libvlc: Running vlc with the default interface. Use 'cvlc' to use vlc without interface.
[00000000006de1e8] qt interface error: Could not connect to X server
[00000000006de1e8] skins2 interface error: cannot initialize OSFactory
[00000000006de1e8] [cli] lua interface: Listening on host "*console".
VLC media player 3.0.0-git Vetinari
Command Line Interface initialized. Type `help' for help.
> [00007f0e68003378] ps mux: Open
making a DASHManager
new ratebased adaptionlogic
Chunk bitrate: 0 349952
Buffer size: 0 0
Chunk bitrate: 0 349952
Buffer size: 0 0
[00007f0e68019a78] mp4 demux: Fragment sequence discontinuity detected 0 != 2
Download Time: 729296
[00007f0e680233d8] mp4 demux: Fragment sequence discontinuity detected 0 != 2
Startup Time: 1050000
Chunk bitrate: 0 1000000
Buffer size: 0 4001
Chunk bitrate: 0 1000000
Buffer size: 1 4001
Download Time: 2010127
Chunk bitrate: 1 1000000
Buffer size: 2 8001
Download Time: 1459670
Chunk bitrate: 2 1000000
Buffer size: 3 12001
Download Time: 1265468
Chunk bitrate: 3 2000000
Buffer size: 3 16001
Chunk bitrate: 3 2000000
Buffer size: 4 16001
Download Time: 1880976
Chunk bitrate: 4 2000000
Buffer size: 5 20001
Download Time: 2368561
Chunk bitrate: 5 3000000
Buffer size: 5 24001
Chunk bitrate: 5 3000000
Buffer size: 6 24001
Download Time: 1683836
Chunk bitrate: 6 3000000
Buffer size: 7 28001
Download Time: 1653377
Chunk bitrate: 7 3000000
Buffer size: 8 32001
Download Time: 2614739
Chunk bitrate: 8 3000000
Buffer size: 9 36001
Download Time: 1918321
Chunk bitrate: 9 3000000
Buffer size: 10 40001
Download Time: 3353297
Chunk bitrate: 10 1000000
Buffer size: 10 44001
Chunk bitrate: 10 1000000
Buffer size: 11 44001
Download Time: 1745447
Chunk bitrate: 11 1000000
Buffer size: 12 48001
Download Time: 1945617
Chunk bitrate: 12 1000000
Buffer size: 13 52001
Download Time: 1548260
Chunk bitrate: 13 1000000
Buffer size: 14 56001
Download Time: 1333558
Chunk bitrate: 14 1000000
Buffer size: 15 60001
Download Time: 1068219
Chunk bitrate: 15 3000000
Buffer size: 15 64001
Chunk bitrate: 15 3000000
Buffer size: 16 64001
Download Time: 2192544
Chunk bitrate: 16 3000000
Buffer size: 17 68001
Download Time: 1823062
Chunk bitrate: 17 3000000
Buffer size: 18 72001
Download Time: 2277121
Chunk bitrate: 18 3000000
Buffer size: 19 76001
Download Time: 1289665
Chunk bitrate: 19 3000000
Buffer size: 20 80001
Download Time: 1963596
Chunk bitrate: 20 3000000
Buffer size: 21 84001
Download Time: 2376816
Chunk bitrate: 21 1000000
Buffer size: 21 88001
Chunk bitrate: 21 1000000
Buffer size: 22 88001
Download Time: 1315411
Chunk bitrate: 22 1000000
Buffer size: 23 92001
Download Time: 1526313
Chunk bitrate: 23 2000000
Buffer size: 23 96001
Chunk bitrate: 23 2000000
Buffer size: 24 96001
Download Time: 2087859
Chunk bitrate: 24 2000000
Buffer size: 25 100001
Download Time: 2071128
Chunk bitrate: 25 2000000
Buffer size: 26 104001
Download Time: 3083839
Chunk bitrate: 26 1000000
Buffer size: 26 108001
Chunk bitrate: 26 1000000
Buffer size: 27 108001
Download Time: 994641
Chunk bitrate: 27 1000000
Buffer size: 28 112001
Download Time: 1299804
Chunk bitrate: 28 3000000
Buffer size: 28 116001
Chunk bitrate: 28 3000000
Buffer size: 29 116001
Download Time: 2415534
Chunk bitrate: 29 3000000
Buffer size: 30 120001
Download Time: 1504591
Chunk bitrate: 30 3000000
Buffer size: 31 124001
Download Time: 3116874
Chunk bitrate: 31 1000000
Buffer size: 31 128001
Chunk bitrate: 31 1000000
Buffer size: 32 128001
Download Time: 2120415
Chunk bitrate: 32 1000000
Buffer size: 33 132001
Download Time: 1458716
Chunk bitrate: 33 1000000
Buffer size: 34 136001
Download Time: 1595921
Chunk bitrate: 34 1000000
Buffer size: 35 140001
Download Time: 1388382
Chunk bitrate: 35 1000000
Buffer size: 36 144001
Download Time: 926101
Chunk bitrate: 36 2000000
Buffer size: 36 148001
Chunk bitrate: 36 2000000
Buffer size: 37 148001
Download Time: 2427640
Chunk bitrate: 37 2000000
Buffer size: 38 152001
Download Time: 3716100
Chunk bitrate: 38 1000000
Buffer size: 38 156001
Chunk bitrate: 38 1000000
Buffer size: 39 156001
Download Time: 3017707
Chunk bitrate: 39 600000
Buffer size: 39 160001
Chunk bitrate: 39 600000
Buffer size: 40 160001
Download Time: 2196564
Chunk bitrate: 40 349952
Buffer size: 40 164001
Chunk bitrate: 40 349952
Buffer size: 41 164001
Download Time: 1739168
Chunk bitrate: 41 349952
Buffer size: 42 168001
Download Time: 1122914
Chunk bitrate: 42 600000
Buffer size: 42 172001
Chunk bitrate: 42 600000
Buffer size: 43 172001
Download Time: 2015450
Chunk bitrate: 43 600000
Buffer size: 44 176001
Download Time: 1984526
Chunk bitrate: 44 600000
Buffer size: 45 180001
Download Time: 2444095
Chunk bitrate: 45 349952
Buffer size: 45 184001
Chunk bitrate: 45 349952
Buffer size: 46 184001
Download Time: 1545648
[00007f0e68003378] core mux error: cannot add this stream
[00007f0e6812d488] core decoder error: cannot create packetizer output (h264)
Chunk bitrate: 46 600000
Buffer size: 46 188001
Chunk bitrate: 46 600000
Buffer size: 47 188001
Download Time: 1808898
[00007f0e68003378] core mux error: cannot add this stream
[00007f0e680978a8] core decoder error: cannot create packetizer output (h264)
Chunk bitrate: 47 600000
Buffer size: 48 192001
Download Time: 1680738
Chunk bitrate: 48 600000
Buffer size: 49 196001
Download Time: 2536004
Chunk bitrate: 49 600000
Buffer size: 50 200001
Download Time: 2589691
Chunk bitrate: 50 600000
Buffer size: 51 204001
Download Time: 1707699
Chunk bitrate: 51 600000
Buffer size: 52 208001
Download Time: 1968012
Chunk bitrate: 52 600000
Buffer size: 53 212001
Download Time: 2104321
Chunk bitrate: 53 600000
Buffer size: 54 216001
Download Time: 2467800
Chunk bitrate: 54 349952
Buffer size: 54 220001
Chunk bitrate: 54 349952
Buffer size: 55 220001
Download Time: 1464106
[00007f0e68003378] core mux error: cannot add this stream
[00007f0e680a65a8] core decoder error: cannot create packetizer output (h264)
Chunk bitrate: 55 600000
Buffer size: 55 224001
Chunk bitrate: 55 600000
Buffer size: 56 224001
Download Time: 1944216
[00007f0e68003378] core mux error: cannot add this stream
[00007f0e68053eb8] core decoder error: cannot create packetizer output (h264)
Chunk bitrate: 56 600000
Buffer size: 57 228001
Download Time: 1419022
Chunk bitrate: 57 600000
Buffer size: 58 232001
Download Time: 757187
Chunk bitrate: 58 600000
Buffer size: 59 236001
Download Time: 3225868
Chunk bitrate: 59 349952
Buffer size: 59 240001
Chunk bitrate: 59 349952
Buffer size: 60 240001
Download Time: 1254053
[00007f0e68003378] core mux error: cannot add this stream
[00007f0e680df718] core decoder error: cannot create packetizer output (h264)
Chunk bitrate: 60 600000
Buffer size: 60 244001
Chunk bitrate: 60 600000
Buffer size: 61 244001
Download Time: 1961831
[00007f0e68003378] core mux error: cannot add this stream
[00007f0e680bd9c8] core decoder error: cannot create packetizer output (h264)
Chunk bitrate: 61 600000
Buffer size: 62 248001
Download Time: 616954
Chunk bitrate: 62 600000
Buffer size: 63 252001
Download Time: 519841
Chunk bitrate: 63 600000
Buffer size: 64 256001
Download Time: 1251095
Chunk bitrate: 64 349952
Buffer size: 64 260001
Chunk bitrate: 64 349952
Buffer size: 65 260001
[00007f0e68003378] ps mux: Close
[00007f0e64001558] idummy demux: command `quit'
[00000000006de1e8] [cli] lua interface error: Error loading script /home/cs244/vlc/share/lua/intf/cli.luac: lua/intf/modules/host.lua:286: Interrupted.
