[00000000015c01e8] core interface error: no suitable interface module
[00000000014f7338] core libvlc error: interface "globalhotkeys,none" initialization failed
[00000000015c01e8] dbus interface error: Failed to connect to the D-Bus session daemon: Unable to autolaunch a dbus-daemon without a $DISPLAY for X11
[00000000015c01e8] core interface error: no suitable interface module
[00000000014f7338] core libvlc error: interface "dbus,none" initialization failed
[00000000014f7338] core libvlc: Running vlc with the default interface. Use 'cvlc' to use vlc without interface.
[00000000015c01e8] qt interface error: Could not connect to X server
[00000000015c01e8] skins2 interface error: cannot initialize OSFactory
[00000000015c01e8] [cli] lua interface: Listening on host "*console".
VLC media player 3.0.0-git Vetinari
Command Line Interface initialized. Type `help' for help.
> [00007f8390003378] ps mux: Open
making a DASHManager
new ratebased adaptionlogic
Chunk bitrate: 0 349952
Buffer size: 0 0
Chunk bitrate: 0 349952
Buffer size: 0 0
[00007f83900277a8] mp4 demux: Fragment sequence discontinuity detected 0 != 2
Download Time: 293945
[00007f8390025468] mp4 demux: Fragment sequence discontinuity detected 0 != 2
Startup Time: 1050000
Chunk bitrate: 0 3000000
Buffer size: 0 4001
Chunk bitrate: 0 3000000
Buffer size: 1 4001
Download Time: 2269698
Chunk bitrate: 1 3000000
Buffer size: 2 8001
Download Time: 1901487
Chunk bitrate: 2 3000000
Buffer size: 3 12001
Download Time: 1257066
Chunk bitrate: 3 3000000
Buffer size: 4 16001
Download Time: 972614
Chunk bitrate: 4 3000000
Buffer size: 5 20001
Download Time: 1243868
Chunk bitrate: 5 3000000
Buffer size: 6 24001
Download Time: 844009
Chunk bitrate: 6 3000000
Buffer size: 7 28001
Download Time: 828730
Chunk bitrate: 7 3000000
Buffer size: 8 32001
Download Time: 1309978
Chunk bitrate: 8 3000000
Buffer size: 9 36001
Download Time: 959724
Chunk bitrate: 9 3000000
Buffer size: 10 40001
Download Time: 1106022
Chunk bitrate: 10 3000000
Buffer size: 11 44001
Download Time: 962806
Chunk bitrate: 11 3000000
Buffer size: 12 48001
Download Time: 1330581
Chunk bitrate: 12 3000000
Buffer size: 13 52001
Download Time: 1119016
Chunk bitrate: 13 3000000
Buffer size: 14 56001
Download Time: 941778
Chunk bitrate: 14 3000000
Buffer size: 15 60001
Download Time: 889304
Chunk bitrate: 15 3000000
Buffer size: 16 64001
Download Time: 1189472
Chunk bitrate: 16 3000000
Buffer size: 17 68001
Download Time: 1823265
Chunk bitrate: 17 3000000
Buffer size: 18 72001
Download Time: 2274860
Chunk bitrate: 18 3000000
Buffer size: 19 76001
Download Time: 1289930
Chunk bitrate: 19 3000000
Buffer size: 20 80001
Download Time: 1964447
Chunk bitrate: 20 3000000
Buffer size: 21 84001
Download Time: 1202631
Chunk bitrate: 21 3000000
Buffer size: 22 88001
Download Time: 1359997
Chunk bitrate: 22 3000000
Buffer size: 23 92001
Download Time: 1180542
Chunk bitrate: 23 3000000
Buffer size: 24 96001
Download Time: 1045975
Chunk bitrate: 24 3000000
Buffer size: 25 100001
Download Time: 1030519
Chunk bitrate: 25 3000000
Buffer size: 26 104001
Download Time: 975730
Chunk bitrate: 26 3000000
Buffer size: 27 108001
Download Time: 1488660
Chunk bitrate: 27 2000000
Buffer size: 27 112001
Chunk bitrate: 27 2000000
Buffer size: 28 112001
Download Time: 2037669
Chunk bitrate: 28 2000000
Buffer size: 29 116001
Download Time: 2141487
Chunk bitrate: 29 3000000
Buffer size: 29 120001
Chunk bitrate: 29 3000000
Buffer size: 30 120001
Download Time: 1505470
Chunk bitrate: 30 3000000
Buffer size: 31 124001
Download Time: 1526370
Chunk bitrate: 31 3000000
Buffer size: 32 128001
Download Time: 2480573
Chunk bitrate: 32 3000000
Buffer size: 33 132001
Download Time: 2322576
Chunk bitrate: 33 3000000
Buffer size: 34 136001
Download Time: 1749959
Chunk bitrate: 34 3000000
Buffer size: 35 140001
Download Time: 1036485
Chunk bitrate: 35 3000000
Buffer size: 36 144001
Download Time: 836180
Chunk bitrate: 36 3000000
Buffer size: 37 148001
Download Time: 1240076
Chunk bitrate: 37 3000000
Buffer size: 38 152001
Download Time: 1172570
Chunk bitrate: 38 3000000
Buffer size: 39 156001
Download Time: 3014746
Chunk bitrate: 39 2000000
Buffer size: 39 160001
Chunk bitrate: 39 2000000
Buffer size: 40 160001
Download Time: 1679646
Chunk bitrate: 40 2000000
Buffer size: 41 164001
Download Time: 1687364
Chunk bitrate: 41 3000000
Buffer size: 41 168001
Chunk bitrate: 41 3000000
Buffer size: 42 168001
Download Time: 1946199
Chunk bitrate: 42 3000000
Buffer size: 43 172001
Download Time: 2399610
Chunk bitrate: 43 3000000
Buffer size: 44 176001
Download Time: 1764683
Chunk bitrate: 44 3000000
Buffer size: 45 180001
Download Time: 2099949
Chunk bitrate: 45 3000000
Buffer size: 46 184001
Download Time: 4475024
Chunk bitrate: 46 1000000
Buffer size: 46 188001
Chunk bitrate: 46 1000000
Buffer size: 47 188001
Download Time: 1511471
Chunk bitrate: 47 1000000
Buffer size: 48 192001
Download Time: 1094306
Chunk bitrate: 48 1000000
Buffer size: 49 196001
Download Time: 1504253
Chunk bitrate: 49 1000000
Buffer size: 50 200001
Download Time: 1190633
Chunk bitrate: 50 3000000
Buffer size: 50 204001
Chunk bitrate: 50 3000000
Buffer size: 51 204001
Download Time: 1547257
Chunk bitrate: 51 3000000
Buffer size: 52 208001
Download Time: 2271349
Chunk bitrate: 52 3000000
Buffer size: 53 212001
Download Time: 2143108
Chunk bitrate: 53 3000000
Buffer size: 54 216001
Download Time: 2271055
Chunk bitrate: 54 3000000
Buffer size: 55 220001
Download Time: 2831852
Chunk bitrate: 55 1000000
Buffer size: 55 224001
Chunk bitrate: 55 1000000
Buffer size: 56 224001
Download Time: 1596470
Chunk bitrate: 56 1000000
Buffer size: 57 228001
Download Time: 967059
Chunk bitrate: 57 1000000
Buffer size: 58 232001
Download Time: 448728
Chunk bitrate: 58 1000000
Buffer size: 59 236001
Download Time: 1274991
Chunk bitrate: 59 2000000
Buffer size: 59 240001
Chunk bitrate: 59 2000000
Buffer size: 60 240001
Download Time: 1896077
Chunk bitrate: 60 2000000
Buffer size: 61 244001
Download Time: 1912571
Chunk bitrate: 61 3000000
Buffer size: 61 248001
Chunk bitrate: 61 3000000
Buffer size: 62 248001
Download Time: 640262
Chunk bitrate: 62 3000000
Buffer size: 63 252001
Download Time: 449854
Chunk bitrate: 63 3000000
Buffer size: 64 256001
Download Time: 802717
Chunk bitrate: 64 3000000
Buffer size: 65 260001
[00007f8390003378] ps mux: Close
[00007f83980055c8] idummy demux: command `quit'
[00000000015c01e8] [cli] lua interface error: Error loading script /home/cs244/vlc/share/lua/intf/cli.luac: lua/intf/modules/host.lua:286: Interrupted.
