[0000000001e051e8] core interface error: no suitable interface module
[0000000001d3c338] core libvlc error: interface "globalhotkeys,none" initialization failed
[0000000001e051e8] dbus interface error: Failed to connect to the D-Bus session daemon: Unable to autolaunch a dbus-daemon without a $DISPLAY for X11
[0000000001e051e8] core interface error: no suitable interface module
[0000000001d3c338] core libvlc error: interface "dbus,none" initialization failed
[0000000001d3c338] core libvlc: Running vlc with the default interface. Use 'cvlc' to use vlc without interface.
[0000000001e051e8] qt interface error: Could not connect to X server
[0000000001e051e8] skins2 interface error: cannot initialize OSFactory
[0000000001e051e8] [cli] lua interface: Listening on host "*console".
VLC media player 3.0.0-git Vetinari
Command Line Interface initialized. Type `help' for help.
> [00007f3fe0003378] ps mux: Open
making a DASHManager
new ratebased adaptionlogic
Chunk bitrate: 0 349952
Buffer size: 0 0
Chunk bitrate: 0 349952
Buffer size: 0 0
[00007f3fe00253b8] mp4 demux: Fragment sequence discontinuity detected 0 != 2
Download Time: 294160
[00007f3fe0024af8] mp4 demux: Fragment sequence discontinuity detected 0 != 2
Startup Time: 1050000
Chunk bitrate: 0 3000000
Buffer size: 0 4001
Chunk bitrate: 0 3000000
Buffer size: 1 4001
Download Time: 2269143
Chunk bitrate: 1 3000000
Buffer size: 2 8001
Download Time: 1902012
Chunk bitrate: 2 3000000
Buffer size: 3 12001
Download Time: 1260719
Chunk bitrate: 3 3000000
Buffer size: 4 16001
Download Time: 972762
Chunk bitrate: 4 3000000
Buffer size: 5 20001
Download Time: 1244684
Chunk bitrate: 5 3000000
Buffer size: 6 24001
Download Time: 844090
Chunk bitrate: 6 3000000
Buffer size: 7 28001
Download Time: 1007772
Chunk bitrate: 7 2000000
Buffer size: 7 32001
Chunk bitrate: 7 2000000
Buffer size: 8 32001
Download Time: 2660662
Chunk bitrate: 8 2000000
Buffer size: 9 36001
Download Time: 1941166
Chunk bitrate: 9 2000000
Buffer size: 10 40001
Download Time: 2074702
Chunk bitrate: 10 2000000
Buffer size: 11 44001
Download Time: 1978708
Chunk bitrate: 11 2000000
Buffer size: 12 48001
Download Time: 2010319
Chunk bitrate: 12 3000000
Buffer size: 12 52001
Chunk bitrate: 12 3000000
Buffer size: 13 52001
Download Time: 2225642
Chunk bitrate: 13 3000000
Buffer size: 14 56001
Download Time: 1597659
Chunk bitrate: 14 3000000
Buffer size: 15 60001
Download Time: 889467
Chunk bitrate: 15 3000000
Buffer size: 16 64001
Download Time: 1097334
Chunk bitrate: 16 3000000
Buffer size: 17 68001
Download Time: 914279
Chunk bitrate: 17 3000000
Buffer size: 18 72001
Download Time: 1139992
Chunk bitrate: 18 3000000
Buffer size: 19 76001
Download Time: 898549
Chunk bitrate: 19 2000000
Buffer size: 19 80001
Chunk bitrate: 19 2000000
Buffer size: 20 80001
Download Time: 2147620
Chunk bitrate: 20 2000000
Buffer size: 21 84001
Download Time: 1310748
Chunk bitrate: 21 2000000
Buffer size: 22 88001
Download Time: 1976856
Chunk bitrate: 22 2000000
Buffer size: 23 92001
Download Time: 2491210
Chunk bitrate: 23 2000000
Buffer size: 24 96001
Download Time: 1878476
Chunk bitrate: 24 3000000
Buffer size: 24 100001
Chunk bitrate: 24 3000000
Buffer size: 25 100001
Download Time: 2057763
Chunk bitrate: 25 3000000
Buffer size: 26 104001
Download Time: 1947808
Chunk bitrate: 26 3000000
Buffer size: 27 108001
Download Time: 737321
Chunk bitrate: 27 3000000
Buffer size: 28 112001
Download Time: 973978
Chunk bitrate: 28 3000000
Buffer size: 29 116001
Download Time: 1210640
Chunk bitrate: 29 3000000
Buffer size: 30 120001
Download Time: 755519
Chunk bitrate: 30 3000000
Buffer size: 31 124001
Download Time: 764875
Chunk bitrate: 31 3000000
Buffer size: 32 128001
Download Time: 1241460
Chunk bitrate: 32 3000000
Buffer size: 33 132001
Download Time: 1162472
Chunk bitrate: 33 3000000
Buffer size: 34 136001
Download Time: 1136708
Chunk bitrate: 34 3000000
Buffer size: 35 140001
Download Time: 1035577
Chunk bitrate: 35 3000000
Buffer size: 36 144001
Download Time: 836366
Chunk bitrate: 36 3000000
Buffer size: 37 148001
Download Time: 3580086
Chunk bitrate: 37 2000000
Buffer size: 37 152001
Chunk bitrate: 37 2000000
Buffer size: 38 152001
Download Time: 2002351
Chunk bitrate: 38 2000000
Buffer size: 39 156001
Download Time: 1302223
Chunk bitrate: 39 3000000
Buffer size: 39 160001
Chunk bitrate: 39 3000000
Buffer size: 40 160001
Download Time: 1735725
Chunk bitrate: 40 3000000
Buffer size: 41 164001
Download Time: 1718115
Chunk bitrate: 41 3000000
Buffer size: 42 168001
Download Time: 975645
Chunk bitrate: 42 3000000
Buffer size: 43 172001
Download Time: 1202851
Chunk bitrate: 43 3000000
Buffer size: 44 176001
Download Time: 883029
Chunk bitrate: 44 3000000
Buffer size: 45 180001
Download Time: 1052237
Chunk bitrate: 45 3000000
Buffer size: 46 184001
Download Time: 4178120
Chunk bitrate: 46 1000000
Buffer size: 46 188001
Chunk bitrate: 46 1000000
Buffer size: 47 188001
Download Time: 1334827
Chunk bitrate: 47 2000000
Buffer size: 47 192001
Chunk bitrate: 47 2000000
Buffer size: 48 192001
Download Time: 1781921
Chunk bitrate: 48 2000000
Buffer size: 49 196001
Download Time: 2457420
Chunk bitrate: 49 2000000
Buffer size: 50 200001
Download Time: 1358761
Chunk bitrate: 50 3000000
Buffer size: 50 204001
Chunk bitrate: 50 3000000
Buffer size: 51 204001
Download Time: 1547561
Chunk bitrate: 51 3000000
Buffer size: 52 208001
Download Time: 2118715
Chunk bitrate: 52 3000000
Buffer size: 53 212001
Download Time: 1074940
Chunk bitrate: 53 3000000
Buffer size: 54 216001
Download Time: 1137605
Chunk bitrate: 54 3000000
Buffer size: 55 220001
Download Time: 1024812
Chunk bitrate: 55 3000000
Buffer size: 56 224001
Download Time: 1123031
Chunk bitrate: 56 3000000
Buffer size: 57 228001
Download Time: 2110444
Chunk bitrate: 57 1000000
Buffer size: 57 232001
Chunk bitrate: 57 1000000
Buffer size: 58 232001
Download Time: 451013
Chunk bitrate: 58 1000000
Buffer size: 59 236001
Download Time: 1700626
Chunk bitrate: 59 1000000
Buffer size: 60 240001
Download Time: 1153504
Chunk bitrate: 60 2000000
Buffer size: 60 244001
Chunk bitrate: 60 2000000
Buffer size: 61 244001
Download Time: 2031651
Chunk bitrate: 61 2000000
Buffer size: 62 248001
Download Time: 661945
Chunk bitrate: 62 2000000
Buffer size: 63 252001
Download Time: 472939
Chunk bitrate: 63 2000000
Buffer size: 64 256001
Download Time: 934957
Chunk bitrate: 64 2000000
Buffer size: 65 260001
[00007f3fe0003378] ps mux: Close
[00007f3fdc001698] idummy demux: command `quit'
[0000000001e051e8] [cli] lua interface error: Error loading script /home/cs244/vlc/share/lua/intf/cli.luac: lua/intf/modules/host.lua:286: Interrupted.
