[00000000024541e8] core interface error: no suitable interface module
[000000000238b338] core libvlc error: interface "globalhotkeys,none" initialization failed
[00000000024541e8] dbus interface error: Failed to connect to the D-Bus session daemon: Unable to autolaunch a dbus-daemon without a $DISPLAY for X11
[00000000024541e8] core interface error: no suitable interface module
[000000000238b338] core libvlc error: interface "dbus,none" initialization failed
[000000000238b338] core libvlc: Running vlc with the default interface. Use 'cvlc' to use vlc without interface.
[00000000024541e8] qt interface error: Could not connect to X server
[00000000024541e8] skins2 interface error: cannot initialize OSFactory
[00000000024541e8] [cli] lua interface: Listening on host "*console".
VLC media player 3.0.0-git Vetinari
Command Line Interface initialized. Type `help' for help.
> [00007f2ffc003378] ps mux: Open
making a DASHManager
new ratebased adaptionlogic
Chunk bitrate: 0 349952
Buffer size: 0 0
Chunk bitrate: 0 349952
Buffer size: 0 0
[00007f2ffc018d68] mp4 demux: Fragment sequence discontinuity detected 0 != 2
Download Time: 435310
[00007f2ffc023058] mp4 demux: Fragment sequence discontinuity detected 0 != 2
Startup Time: 1050000
Chunk bitrate: 0 2000000
Buffer size: 0 4001
Chunk bitrate: 0 2000000
Buffer size: 1 4001
Download Time: 2336136
Chunk bitrate: 1 2000000
Buffer size: 2 8001
Download Time: 1780640
Chunk bitrate: 2 2000000
Buffer size: 3 12001
Download Time: 1607193
Chunk bitrate: 3 3000000
Buffer size: 3 16001
Chunk bitrate: 3 3000000
Buffer size: 4 16001
Download Time: 1942097
Chunk bitrate: 4 3000000
Buffer size: 5 20001
Download Time: 1929438
Chunk bitrate: 5 3000000
Buffer size: 6 24001
Download Time: 843438
Chunk bitrate: 6 3000000
Buffer size: 7 28001
Download Time: 828962
Chunk bitrate: 7 3000000
Buffer size: 8 32001
Download Time: 1308958
Chunk bitrate: 8 3000000
Buffer size: 9 36001
Download Time: 960153
Chunk bitrate: 9 3000000
Buffer size: 10 40001
Download Time: 4147001
Chunk bitrate: 10 1000000
Buffer size: 10 44001
Chunk bitrate: 10 1000000
Buffer size: 11 44001
Download Time: 1476923
Chunk bitrate: 11 2000000
Buffer size: 11 48001
Chunk bitrate: 11 2000000
Buffer size: 12 48001
Download Time: 2672907
Chunk bitrate: 12 2000000
Buffer size: 13 52001
Download Time: 1894602
Chunk bitrate: 13 3000000
Buffer size: 13 56001
Chunk bitrate: 13 3000000
Buffer size: 14 56001
Download Time: 941345
Chunk bitrate: 14 3000000
Buffer size: 15 60001
Download Time: 887808
Chunk bitrate: 15 3000000
Buffer size: 16 64001
Download Time: 1097328
Chunk bitrate: 16 3000000
Buffer size: 17 68001
Download Time: 914343
Chunk bitrate: 17 3000000
Buffer size: 18 72001
Download Time: 2319319
Chunk bitrate: 18 1000000
Buffer size: 18 76001
Chunk bitrate: 18 1000000
Buffer size: 19 76001
Download Time: 1059531
Chunk bitrate: 19 1000000
Buffer size: 20 80001
Download Time: 1824690
Chunk bitrate: 20 1000000
Buffer size: 21 84001
Download Time: 811264
Chunk bitrate: 21 2000000
Buffer size: 21 88001
Chunk bitrate: 21 2000000
Buffer size: 22 88001
Download Time: 1977233
Chunk bitrate: 22 2000000
Buffer size: 23 92001
Download Time: 2428292
Chunk bitrate: 23 3000000
Buffer size: 23 96001
Chunk bitrate: 23 3000000
Buffer size: 24 96001
Download Time: 2087307
Chunk bitrate: 24 3000000
Buffer size: 25 100001
Download Time: 2056561
Chunk bitrate: 25 3000000
Buffer size: 26 104001
Download Time: 1947882
Chunk bitrate: 26 3000000
Buffer size: 27 108001
Download Time: 1237273
Chunk bitrate: 27 3000000
Buffer size: 28 112001
Download Time: 1943359
Chunk bitrate: 28 3000000
Buffer size: 29 116001
Download Time: 4550758
Chunk bitrate: 29 1000000
Buffer size: 29 120001
Chunk bitrate: 29 1000000
Buffer size: 30 120001
Download Time: 740479
Chunk bitrate: 30 3000000
Buffer size: 30 124001
Chunk bitrate: 30 3000000
Buffer size: 31 124001
Download Time: 764182
Chunk bitrate: 31 3000000
Buffer size: 32 128001
Download Time: 1242247
Chunk bitrate: 32 3000000
Buffer size: 33 132001
Download Time: 1163671
Chunk bitrate: 33 3000000
Buffer size: 34 136001
Download Time: 1135454
Chunk bitrate: 34 3000000
Buffer size: 35 140001
Download Time: 2923635
Chunk bitrate: 35 2000000
Buffer size: 35 144001
Chunk bitrate: 35 2000000
Buffer size: 36 144001
Download Time: 2187670
Chunk bitrate: 36 1000000
Buffer size: 36 148001
Chunk bitrate: 36 1000000
Buffer size: 37 148001
Download Time: 833317
Chunk bitrate: 37 3000000
Buffer size: 37 152001
Chunk bitrate: 37 3000000
Buffer size: 38 152001
Download Time: 2342401
Chunk bitrate: 38 3000000
Buffer size: 39 156001
Download Time: 2303853
Chunk bitrate: 39 2000000
Buffer size: 39 160001
Chunk bitrate: 39 2000000
Buffer size: 40 160001
Download Time: 2236034
Chunk bitrate: 40 1000000
Buffer size: 40 164001
Chunk bitrate: 40 1000000
Buffer size: 41 164001
Download Time: 1588150
Chunk bitrate: 41 1000000
Buffer size: 42 168001
Download Time: 1121358
Chunk bitrate: 42 2000000
Buffer size: 42 172001
Chunk bitrate: 42 2000000
Buffer size: 43 172001
Download Time: 2445254
[00007f2ffc003378] core mux error: cannot add this stream
[00007f2ffc1ff608] core decoder error: cannot create packetizer output (h264)
Chunk bitrate: 43 2000000
Buffer size: 44 176001
Download Time: 1778390
Chunk bitrate: 44 3000000
Buffer size: 44 180001
Chunk bitrate: 44 3000000
Buffer size: 45 180001
Download Time: 2099553
[00007f2ffc003378] core mux error: cannot add this stream
[00007f2ffc086da8] core decoder error: cannot create packetizer output (h264)
Chunk bitrate: 45 3000000
Buffer size: 46 184001
Download Time: 2238845
Chunk bitrate: 46 3000000
Buffer size: 47 188001
Download Time: 1189918
Chunk bitrate: 47 3000000
Buffer size: 48 192001
Download Time: 875055
Chunk bitrate: 48 3000000
Buffer size: 49 196001
Download Time: 1237883
Chunk bitrate: 49 3000000
Buffer size: 50 200001
Download Time: 938317
Chunk bitrate: 50 3000000
Buffer size: 51 204001
Download Time: 776312
Chunk bitrate: 51 3000000
Buffer size: 52 208001
Download Time: 5156429
Chunk bitrate: 52 2000000
Buffer size: 52 212001
Chunk bitrate: 52 2000000
Buffer size: 53 212001
Download Time: 1958921
[00007f2ffc003378] core mux error: cannot add this stream
[00007f2ffc035628] core decoder error: cannot create packetizer output (h264)
Chunk bitrate: 53 2000000
Buffer size: 54 216001
Download Time: 2237068
Chunk bitrate: 54 2000000
Buffer size: 55 220001
Download Time: 1613318
Chunk bitrate: 55 3000000
Buffer size: 55 224001
Chunk bitrate: 55 3000000
Buffer size: 56 224001
Download Time: 2239896
[00007f2ffc003378] core mux error: cannot add this stream
[00007f2ffc10b358] core decoder error: cannot create packetizer output (h264)
Chunk bitrate: 56 3000000
Buffer size: 57 228001
Download Time: 1545393
Chunk bitrate: 57 3000000
Buffer size: 58 232001
Download Time: 327219
Chunk bitrate: 58 3000000
Buffer size: 59 236001
Download Time: 1198935
Download Time: 27216
Chunk bitrate: 59 3000000
Buffer size: 60 240001
Download Time: 916200
Chunk bitrate: 60 3000000
Buffer size: 61 244001
Download Time: 954641
Chunk bitrate: 61 3000000
Buffer size: 62 248001
Download Time: 321067
Chunk bitrate: 62 3000000
Buffer size: 63 252001
Download Time: 227068
Chunk bitrate: 63 3000000
Buffer size: 64 256001
Download Time: 401474
Chunk bitrate: 64 3000000
Buffer size: 65 260001
[00007f2ffc003378] ps mux: Close
[00007f30000015c8] idummy demux: command `quit'
[00000000024541e8] [cli] lua interface error: Error loading script /home/cs244/vlc/share/lua/intf/cli.luac: lua/intf/modules/host.lua:286: Interrupted.
