[0000000001fd01e8] core interface error: no suitable interface module
[0000000001f07338] core libvlc error: interface "globalhotkeys,none" initialization failed
[0000000001fd01e8] dbus interface error: Failed to connect to the D-Bus session daemon: Unable to autolaunch a dbus-daemon without a $DISPLAY for X11
[0000000001fd01e8] core interface error: no suitable interface module
[0000000001f07338] core libvlc error: interface "dbus,none" initialization failed
[0000000001f07338] core libvlc: Running vlc with the default interface. Use 'cvlc' to use vlc without interface.
[0000000001fd01e8] qt interface error: Could not connect to X server
[0000000001fd01e8] skins2 interface error: cannot initialize OSFactory
[0000000001fd01e8] [cli] lua interface: Listening on host "*console".
VLC media player 3.0.0-git Vetinari
Command Line Interface initialized. Type `help' for help.
> [00007f4c9c003378] ps mux: Open
making a DASHManager
new ratebased adaptionlogic
Chunk bitrate: 0 349952
Buffer size: 0 0
Chunk bitrate: 0 349952
Buffer size: 0 0
[00007f4c9c026168] mp4 demux: Fragment sequence discontinuity detected 0 != 2
Download Time: 148532
[00007f4c9c018538] mp4 demux: Fragment sequence discontinuity detected 0 != 2
Startup Time: 1050000
Chunk bitrate: 0 3000000
Buffer size: 0 4001
Chunk bitrate: 0 3000000
Buffer size: 1 4001
Download Time: 1137356
Chunk bitrate: 1 3000000
Buffer size: 2 8001
Download Time: 951762
Chunk bitrate: 2 3000000
Buffer size: 3 12001
Download Time: 1172358
Chunk bitrate: 3 3000000
Buffer size: 4 16001
Download Time: 972592
Chunk bitrate: 4 3000000
Buffer size: 5 20001
Download Time: 2209164
Chunk bitrate: 5 3000000
Buffer size: 6 24001
Download Time: 1682573
Chunk bitrate: 6 3000000
Buffer size: 7 28001
Download Time: 1657576
Chunk bitrate: 7 3000000
Buffer size: 8 32001
Download Time: 2616488
Chunk bitrate: 8 3000000
Buffer size: 9 36001
Download Time: 1905952
Chunk bitrate: 9 3000000
Buffer size: 10 40001
Download Time: 1105198
Chunk bitrate: 10 3000000
Buffer size: 11 44001
Download Time: 962295
Chunk bitrate: 11 3000000
Buffer size: 12 48001
Download Time: 1330187
Chunk bitrate: 12 3000000
Buffer size: 13 52001
Download Time: 1115095
Chunk bitrate: 13 3000000
Buffer size: 14 56001
Download Time: 1563675
Chunk bitrate: 14 3000000
Buffer size: 15 60001
Download Time: 1775264
Chunk bitrate: 15 3000000
Buffer size: 16 64001
Download Time: 2189660
Chunk bitrate: 16 3000000
Buffer size: 17 68001
Download Time: 1823419
Chunk bitrate: 17 3000000
Buffer size: 18 72001
Download Time: 2275593
Chunk bitrate: 18 3000000
Buffer size: 19 76001
Download Time: 854671
Chunk bitrate: 19 3000000
Buffer size: 20 80001
Download Time: 983941
Chunk bitrate: 20 3000000
Buffer size: 21 84001
Download Time: 602480
Chunk bitrate: 21 3000000
Buffer size: 22 88001
Download Time: 892061
Chunk bitrate: 22 3000000
Buffer size: 23 92001
Download Time: 1174909
Chunk bitrate: 23 3000000
Buffer size: 24 96001
Download Time: 1045440
Chunk bitrate: 24 3000000
Buffer size: 25 100001
Download Time: 1030890
Chunk bitrate: 25 3000000
Buffer size: 26 104001
Download Time: 975934
Chunk bitrate: 26 3000000
Buffer size: 27 108001
Download Time: 620004
Chunk bitrate: 27 3000000
Buffer size: 28 112001
Download Time: 973534
Chunk bitrate: 28 3000000
Buffer size: 29 116001
Download Time: 1475573
Chunk bitrate: 29 3000000
Buffer size: 30 120001
Download Time: 1506461
Chunk bitrate: 30 3000000
Buffer size: 31 124001
Download Time: 1527856
Chunk bitrate: 31 3000000
Buffer size: 32 128001
Download Time: 2479232
Chunk bitrate: 32 3000000
Buffer size: 33 132001
Download Time: 2322055
Chunk bitrate: 33 3000000
Buffer size: 34 136001
Download Time: 1812182
Chunk bitrate: 34 3000000
Buffer size: 35 140001
Download Time: 1035698
Chunk bitrate: 35 3000000
Buffer size: 36 144001
Download Time: 835602
Chunk bitrate: 36 3000000
Buffer size: 37 148001
Download Time: 1239852
Chunk bitrate: 37 3000000
Buffer size: 38 152001
Download Time: 1172391
Chunk bitrate: 38 3000000
Buffer size: 39 156001
Download Time: 1014290
Chunk bitrate: 39 3000000
Buffer size: 40 160001
Download Time: 868578
Chunk bitrate: 40 3000000
Buffer size: 41 164001
Download Time: 1173829
Chunk bitrate: 41 3000000
Buffer size: 42 168001
Download Time: 974628
Chunk bitrate: 42 3000000
Buffer size: 43 172001
Download Time: 1459371
Chunk bitrate: 43 3000000
Buffer size: 44 176001
Download Time: 1760903
Chunk bitrate: 44 3000000
Buffer size: 45 180001
Download Time: 2100704
Chunk bitrate: 45 3000000
Buffer size: 46 184001
Download Time: 2237926
Chunk bitrate: 46 3000000
Buffer size: 47 188001
Download Time: 2090026
Chunk bitrate: 47 3000000
Buffer size: 48 192001
Download Time: 1747615
Chunk bitrate: 48 3000000
Buffer size: 49 196001
Download Time: 2471582
Chunk bitrate: 49 3000000
Buffer size: 50 200001
Download Time: 1784024
Chunk bitrate: 50 3000000
Buffer size: 51 204001
Download Time: 775244
Chunk bitrate: 51 3000000
Buffer size: 52 208001
Download Time: 1135908
Chunk bitrate: 52 3000000
Buffer size: 53 212001
Download Time: 1073854
Chunk bitrate: 53 3000000
Buffer size: 54 216001
Download Time: 1137578
Chunk bitrate: 54 3000000
Buffer size: 55 220001
Download Time: 1425048
Chunk bitrate: 55 3000000
Buffer size: 56 224001
Download Time: 2240215
Chunk bitrate: 56 3000000
Buffer size: 57 228001
Download Time: 1545274
Chunk bitrate: 57 3000000
Buffer size: 58 232001
Download Time: 652995
Chunk bitrate: 58 3000000
Buffer size: 59 236001
Download Time: 2393780
Chunk bitrate: 59 3000000
Buffer size: 60 240001
Download Time: 1826978
Chunk bitrate: 60 3000000
Buffer size: 61 244001
Download Time: 1057470
Chunk bitrate: 61 3000000
Buffer size: 62 248001
Download Time: 321463
Chunk bitrate: 62 3000000
Buffer size: 63 252001
Download Time: 226301
Chunk bitrate: 63 3000000
Buffer size: 64 256001
Download Time: 402897
Chunk bitrate: 64 3000000
Buffer size: 65 260001
[00007f4c9c003378] ps mux: Close
[00007f4ca8007bf8] idummy demux: command `quit'
[0000000001fd01e8] [cli] lua interface error: Error loading script /home/cs244/vlc/share/lua/intf/cli.luac: lua/intf/modules/host.lua:286: Interrupted.
