[0000000000ec11e8] core interface error: no suitable interface module
[0000000000df8338] core libvlc error: interface "globalhotkeys,none" initialization failed
[0000000000ec11e8] dbus interface error: Failed to connect to the D-Bus session daemon: Unable to autolaunch a dbus-daemon without a $DISPLAY for X11
[0000000000ec11e8] core interface error: no suitable interface module
[0000000000df8338] core libvlc error: interface "dbus,none" initialization failed
[0000000000df8338] core libvlc: Running vlc with the default interface. Use 'cvlc' to use vlc without interface.
[0000000000ec11e8] qt interface error: Could not connect to X server
[0000000000ec11e8] skins2 interface error: cannot initialize OSFactory
[0000000000ec11e8] [cli] lua interface: Listening on host "*console".
VLC media player 3.0.0-git Vetinari
Command Line Interface initialized. Type `help' for help.
> [00007ff2d4003378] ps mux: Open
making a DASHManager
new ratebased adaptionlogic
Chunk bitrate: 0 349952
Buffer size: 0 0
Chunk bitrate: 0 349952
Buffer size: 0 0
[00007ff2d4027478] mp4 demux: Fragment sequence discontinuity detected 0 != 2
Download Time: 1322728
[00007ff2d40278b8] mp4 demux: Fragment sequence discontinuity detected 0 != 2
Startup Time: 1050000
Chunk bitrate: 0 600000
Buffer size: 0 4001
Chunk bitrate: 0 600000
Buffer size: 1 4001
Download Time: 2331005
Chunk bitrate: 1 600000
Buffer size: 2 8001
Download Time: 1242118
Chunk bitrate: 2 1000000
Buffer size: 2 12001
Chunk bitrate: 2 1000000
Buffer size: 3 12001
Download Time: 2321225
Chunk bitrate: 3 1000000
Buffer size: 4 16001
Download Time: 1883472
Chunk bitrate: 4 1000000
Buffer size: 5 20001
Download Time: 1708973
Chunk bitrate: 5 1000000
Buffer size: 6 24001
Download Time: 1103504
Chunk bitrate: 6 1000000
Buffer size: 7 28001
Download Time: 1199709
Chunk bitrate: 7 1000000
Buffer size: 8 32001
Download Time: 2577099
Chunk bitrate: 8 1000000
Buffer size: 9 36001
Download Time: 2571624
Chunk bitrate: 9 1000000
Buffer size: 10 40001
Download Time: 1928686
Chunk bitrate: 10 1000000
Buffer size: 11 44001
Download Time: 2096382
Chunk bitrate: 11 1000000
Buffer size: 12 48001
Download Time: 1937305
Chunk bitrate: 12 1000000
Buffer size: 13 52001
Download Time: 1551873
Chunk bitrate: 13 1000000
Buffer size: 14 56001
Download Time: 1328478
Chunk bitrate: 14 1000000
Buffer size: 15 60001
Download Time: 1660218
Chunk bitrate: 15 1000000
Buffer size: 16 64001
Download Time: 2691953
Chunk bitrate: 16 1000000
Buffer size: 17 68001
Download Time: 2050579
Chunk bitrate: 17 1000000
Buffer size: 18 72001
Download Time: 2304607
Chunk bitrate: 18 1000000
Buffer size: 19 76001
Download Time: 1214664
Chunk bitrate: 19 2000000
Buffer size: 19 80001
Chunk bitrate: 19 2000000
Buffer size: 20 80001
Download Time: 2147225
Chunk bitrate: 20 2000000
Buffer size: 21 84001
Download Time: 1310397
Chunk bitrate: 21 2000000
Buffer size: 22 88001
Download Time: 2469715
Chunk bitrate: 22 1000000
Buffer size: 22 92001
Chunk bitrate: 22 1000000
Buffer size: 23 92001
Download Time: 2085138
Chunk bitrate: 23 1000000
Buffer size: 24 96001
Download Time: 1950874
Chunk bitrate: 24 1000000
Buffer size: 25 100001
Download Time: 1696441
Chunk bitrate: 25 1000000
Buffer size: 26 104001
Download Time: 1671309
Chunk bitrate: 26 1000000
Buffer size: 27 108001
Download Time: 888245
Chunk bitrate: 27 2000000
Buffer size: 27 112001
Chunk bitrate: 27 2000000
Buffer size: 28 112001
Download Time: 2036897
Chunk bitrate: 28 2000000
Buffer size: 29 116001
Download Time: 2463710
Chunk bitrate: 29 2000000
Buffer size: 30 120001
Download Time: 2608784
Chunk bitrate: 30 1000000
Buffer size: 30 124001
Chunk bitrate: 30 1000000
Buffer size: 31 124001
Download Time: 1544480
Chunk bitrate: 31 1000000
Buffer size: 32 128001
Download Time: 1835663
Chunk bitrate: 32 1000000
Buffer size: 33 132001
Download Time: 1456854
Chunk bitrate: 33 1000000
Buffer size: 34 136001
Download Time: 1599994
Chunk bitrate: 34 1000000
Buffer size: 35 140001
Download Time: 1165894
Chunk bitrate: 35 2000000
Buffer size: 35 144001
Chunk bitrate: 35 2000000
Buffer size: 36 144001
Download Time: 1644195
Chunk bitrate: 36 2000000
Buffer size: 37 148001
Download Time: 2427309
Chunk bitrate: 37 1000000
Buffer size: 37 152001
Chunk bitrate: 37 1000000
Buffer size: 38 152001
Download Time: 1561558
Chunk bitrate: 38 1000000
Buffer size: 39 156001
Download Time: 1330950
Chunk bitrate: 39 1000000
Buffer size: 40 160001
Download Time: 1144221
Chunk bitrate: 40 1000000
Buffer size: 41 164001
Download Time: 1352583
Chunk bitrate: 41 2000000
Buffer size: 41 168001
Chunk bitrate: 41 2000000
Buffer size: 42 168001
Download Time: 1923058
Chunk bitrate: 42 2000000
Buffer size: 43 172001
Download Time: 2854084
Chunk bitrate: 43 1000000
Buffer size: 43 176001
Chunk bitrate: 43 1000000
Buffer size: 44 176001
Download Time: 2488578
Chunk bitrate: 44 600000
Buffer size: 44 180001
Chunk bitrate: 44 600000
Buffer size: 45 180001
Download Time: 1523463
Chunk bitrate: 45 1000000
Buffer size: 45 184001
Chunk bitrate: 45 1000000
Buffer size: 46 184001
Download Time: 1468404
Chunk bitrate: 46 1000000
Buffer size: 47 188001
Download Time: 1510839
Chunk bitrate: 47 1000000
Buffer size: 48 192001
Download Time: 1095767
Chunk bitrate: 48 1000000
Buffer size: 49 196001
Download Time: 1225282
Chunk bitrate: 49 2000000
Buffer size: 49 200001
Chunk bitrate: 49 2000000
Buffer size: 50 200001
Download Time: 2036158
Chunk bitrate: 50 2000000
Buffer size: 51 204001
Download Time: 1657212
Chunk bitrate: 51 2000000
Buffer size: 52 208001
Download Time: 4908974
Chunk bitrate: 52 1000000
Buffer size: 52 212001
Chunk bitrate: 52 1000000
Buffer size: 53 212001
Download Time: 730940
Chunk bitrate: 53 3000000
Buffer size: 53 216001
Chunk bitrate: 53 3000000
Buffer size: 54 216001
Download Time: 2269930
Chunk bitrate: 54 3000000
Buffer size: 55 220001
Download Time: 2126544
Chunk bitrate: 55 1000000
Buffer size: 55 224001
Chunk bitrate: 55 1000000
Buffer size: 56 224001
Download Time: 1994578
[00007ff2d4003378] core mux error: cannot add this stream
[00007ff2d4052be8] core decoder error: cannot create packetizer output (h264)
Chunk bitrate: 56 1000000
Buffer size: 57 228001
Download Time: 1206610
Chunk bitrate: 57 1000000
Buffer size: 58 232001
Download Time: 556872
Chunk bitrate: 58 1000000
Buffer size: 59 236001
Download Time: 1818119
Chunk bitrate: 59 1000000
Buffer size: 60 240001
Download Time: 1285756
Chunk bitrate: 60 1000000
Buffer size: 61 244001
Download Time: 1340727
Chunk bitrate: 61 1000000
Buffer size: 62 248001
Download Time: 481024
Chunk bitrate: 62 1000000
Buffer size: 63 252001
Download Time: 320129
Chunk bitrate: 63 3000000
Buffer size: 63 256001
Chunk bitrate: 63 3000000
Buffer size: 64 256001
Download Time: 800129
[00007ff2d4003378] core mux error: cannot add this stream
[00007ff2d40baa28] core decoder error: cannot create packetizer output (h264)
Chunk bitrate: 64 3000000
Buffer size: 65 260001
[00007ff2d4003378] ps mux: Close
[00007ff2d00012a8] idummy demux: command `quit'
[0000000000ec11e8] [cli] lua interface error: Error loading script /home/cs244/vlc/share/lua/intf/cli.luac: lua/intf/modules/host.lua:286: Interrupted.
