[0000000001ae01e8] core interface error: no suitable interface module
[0000000001a17338] core libvlc error: interface "globalhotkeys,none" initialization failed
[0000000001ae01e8] dbus interface error: Failed to connect to the D-Bus session daemon: Unable to autolaunch a dbus-daemon without a $DISPLAY for X11
[0000000001ae01e8] core interface error: no suitable interface module
[0000000001a17338] core libvlc error: interface "dbus,none" initialization failed
[0000000001a17338] core libvlc: Running vlc with the default interface. Use 'cvlc' to use vlc without interface.
[0000000001ae01e8] qt interface error: Could not connect to X server
[0000000001ae01e8] skins2 interface error: cannot initialize OSFactory
[0000000001ae01e8] [cli] lua interface: Listening on host "*console".
VLC media player 3.0.0-git Vetinari
Command Line Interface initialized. Type `help' for help.
> [00007fcae0003378] ps mux: Open
making a DASHManager
new ratebased adaptionlogic
Chunk bitrate: 0 349952
Buffer size: 0 0
Chunk bitrate: 0 349952
Buffer size: 0 0
[00007fcae00191c8] mp4 demux: Fragment sequence discontinuity detected 0 != 2
Download Time: 147890
[00007fcae0023cc8] mp4 demux: Fragment sequence discontinuity detected 0 != 2
Startup Time: 1050000
Chunk bitrate: 0 3000000
Buffer size: 0 4001
Chunk bitrate: 0 3000000
Buffer size: 1 4001
Download Time: 1136447
Chunk bitrate: 1 3000000
Buffer size: 2 8001
Download Time: 954651
Chunk bitrate: 2 3000000
Buffer size: 3 12001
Download Time: 1170243
Chunk bitrate: 3 3000000
Buffer size: 4 16001
Download Time: 973741
Chunk bitrate: 4 3000000
Buffer size: 5 20001
Download Time: 4864220
Chunk bitrate: 5 1000000
Buffer size: 5 24001
Chunk bitrate: 5 1000000
Buffer size: 6 24001
Download Time: 842091
Chunk bitrate: 6 2000000
Buffer size: 6 28001
Chunk bitrate: 6 2000000
Buffer size: 7 28001
Download Time: 1751513
Chunk bitrate: 7 2000000
Buffer size: 8 32001
Download Time: 2537707
Chunk bitrate: 8 3000000
Buffer size: 8 36001
Chunk bitrate: 8 3000000
Buffer size: 9 36001
Download Time: 1916000
Chunk bitrate: 9 3000000
Buffer size: 10 40001
Download Time: 2208400
Chunk bitrate: 10 3000000
Buffer size: 11 44001
Download Time: 3388088
Chunk bitrate: 11 1000000
Buffer size: 11 48001
Chunk bitrate: 11 1000000
Buffer size: 12 48001
Download Time: 1732768
Chunk bitrate: 12 1000000
Buffer size: 13 52001
Download Time: 1554015
Chunk bitrate: 13 1000000
Buffer size: 14 56001
Download Time: 1331391
Chunk bitrate: 14 1000000
Buffer size: 15 60001
Download Time: 1168103
Chunk bitrate: 15 1000000
Buffer size: 16 64001
Download Time: 1148127
Chunk bitrate: 16 3000000
Buffer size: 16 68001
Chunk bitrate: 16 3000000
Buffer size: 17 68001
Download Time: 1824295
Chunk bitrate: 17 3000000
Buffer size: 18 72001
Download Time: 2276339
Chunk bitrate: 18 3000000
Buffer size: 19 76001
Download Time: 1291503
Chunk bitrate: 19 3000000
Buffer size: 20 80001
Download Time: 1965946
Chunk bitrate: 20 3000000
Buffer size: 21 84001
Download Time: 1202580
Chunk bitrate: 21 3000000
Buffer size: 22 88001
Download Time: 3417892
Chunk bitrate: 22 1000000
Buffer size: 22 92001
Chunk bitrate: 22 1000000
Buffer size: 23 92001
Download Time: 2084073
Chunk bitrate: 23 1000000
Buffer size: 24 96001
Download Time: 1561221
Chunk bitrate: 24 1000000
Buffer size: 25 100001
Download Time: 1359516
Chunk bitrate: 25 1000000
Buffer size: 26 104001
Download Time: 1343116
Chunk bitrate: 26 1000000
Buffer size: 27 108001
Download Time: 690826
Chunk bitrate: 27 2000000
Buffer size: 27 112001
Chunk bitrate: 27 2000000
Buffer size: 28 112001
Download Time: 2036962
Chunk bitrate: 28 2000000
Buffer size: 29 116001
Download Time: 2466019
Chunk bitrate: 29 3000000
Buffer size: 29 120001
Chunk bitrate: 29 3000000
Buffer size: 30 120001
Download Time: 1506539
Chunk bitrate: 30 3000000
Buffer size: 31 124001
Download Time: 1525172
Chunk bitrate: 31 3000000
Buffer size: 32 128001
Download Time: 3521729
Chunk bitrate: 32 1000000
Buffer size: 32 132001
Chunk bitrate: 32 1000000
Buffer size: 33 132001
Download Time: 1824585
Chunk bitrate: 33 1000000
Buffer size: 34 136001
Download Time: 1662509
Chunk bitrate: 34 2000000
Buffer size: 34 140001
Chunk bitrate: 34 2000000
Buffer size: 35 140001
Download Time: 2246759
Chunk bitrate: 35 2000000
Buffer size: 36 144001
Download Time: 1644134
Chunk bitrate: 36 2000000
Buffer size: 37 148001
Download Time: 1736970
Chunk bitrate: 37 3000000
Buffer size: 37 152001
Chunk bitrate: 37 3000000
Buffer size: 38 152001
Download Time: 2341491
Chunk bitrate: 38 3000000
Buffer size: 39 156001
Download Time: 1588824
Chunk bitrate: 39 3000000
Buffer size: 40 160001
Download Time: 871982
Chunk bitrate: 40 3000000
Buffer size: 41 164001
Download Time: 1173136
Chunk bitrate: 41 3000000
Buffer size: 42 168001
Download Time: 976701
Chunk bitrate: 42 3000000
Buffer size: 43 172001
Download Time: 1243969
Chunk bitrate: 43 3000000
Buffer size: 44 176001
Download Time: 3228125
Chunk bitrate: 44 1000000
Buffer size: 44 180001
Chunk bitrate: 44 1000000
Buffer size: 45 180001
Download Time: 1415615
Chunk bitrate: 45 1000000
Buffer size: 46 184001
Download Time: 1142469
Chunk bitrate: 46 2000000
Buffer size: 46 188001
Chunk bitrate: 46 2000000
Buffer size: 47 188001
Download Time: 1941397
Chunk bitrate: 47 2000000
Buffer size: 48 192001
Download Time: 1779697
Chunk bitrate: 48 2000000
Buffer size: 49 196001
Download Time: 1654707
Chunk bitrate: 49 3000000
Buffer size: 49 200001
Chunk bitrate: 49 3000000
Buffer size: 50 200001
Download Time: 1873425
Chunk bitrate: 50 3000000
Buffer size: 51 204001
Download Time: 1476603
Chunk bitrate: 51 3000000
Buffer size: 52 208001
Download Time: 1136600
Chunk bitrate: 52 3000000
Buffer size: 53 212001
Download Time: 1073588
Chunk bitrate: 53 3000000
Buffer size: 54 216001
Download Time: 1136208
Chunk bitrate: 54 3000000
Buffer size: 55 220001
Download Time: 1028044
Chunk bitrate: 55 3000000
Buffer size: 56 224001
Download Time: 3344494
Chunk bitrate: 56 1000000
Buffer size: 56 228001
Chunk bitrate: 56 1000000
Buffer size: 57 228001
Download Time: 968421
[00007fcae0003378] core mux error: cannot add this stream
[00007fcae01c9258] core decoder error: cannot create packetizer output (h264)
Chunk bitrate: 57 1000000
Buffer size: 58 232001
Download Time: 447710
Chunk bitrate: 58 1000000
Buffer size: 59 236001
Download Time: 1349214
Chunk bitrate: 59 2000000
Buffer size: 59 240001
Chunk bitrate: 59 2000000
Buffer size: 60 240001
Download Time: 1896084
[00007fcae0003378] core mux error: cannot add this stream
[00007fcae00ffcf8] core decoder error: cannot create packetizer output (h264)
Chunk bitrate: 60 2000000
Buffer size: 61 244001
Download Time: 1985375
Chunk bitrate: 61 3000000
Buffer size: 61 248001
Chunk bitrate: 61 3000000
Buffer size: 62 248001
Download Time: 640264
[00007fcae0003378] core mux error: cannot add this stream
[00007fcae003fe98] core decoder error: cannot create packetizer output (h264)
Chunk bitrate: 62 3000000
Buffer size: 63 252001
Download Time: 450674
Chunk bitrate: 63 3000000
Buffer size: 64 256001
Download Time: 800274
Chunk bitrate: 64 3000000
Buffer size: 65 260001
[00007fcae0003378] ps mux: Close
[00007fcad8008d48] idummy demux: command `quit'
[0000000001ae01e8] [cli] lua interface error: Error loading script /home/cs244/vlc/share/lua/intf/cli.luac: lua/intf/modules/host.lua:286: Interrupted.
