[00000000015861e8] core interface error: no suitable interface module
[00000000014bd338] core libvlc error: interface "globalhotkeys,none" initialization failed
[00000000015861e8] dbus interface error: Failed to connect to the D-Bus session daemon: Unable to autolaunch a dbus-daemon without a $DISPLAY for X11
[00000000015861e8] core interface error: no suitable interface module
[00000000014bd338] core libvlc error: interface "dbus,none" initialization failed
[00000000014bd338] core libvlc: Running vlc with the default interface. Use 'cvlc' to use vlc without interface.
[00000000015861e8] qt interface error: Could not connect to X server
[00000000015861e8] skins2 interface error: cannot initialize OSFactory
[00000000015861e8] [cli] lua interface: Listening on host "*console".
VLC media player 3.0.0-git Vetinari
Command Line Interface initialized. Type `help' for help.
> [00007fbc08003378] ps mux: Open
making a DASHManager
new ratebased adaptionlogic
Chunk bitrate: 0 349952
Buffer size: 0 0
Chunk bitrate: 0 349952
Buffer size: 0 0
[00007fbc08024588] mp4 demux: Fragment sequence discontinuity detected 0 != 2
Download Time: 438518
[00007fbc08017f48] mp4 demux: Fragment sequence discontinuity detected 0 != 2
Startup Time: 1050000
Chunk bitrate: 0 2000000
Buffer size: 0 4001
Chunk bitrate: 0 2000000
Buffer size: 1 4001
Download Time: 2339585
Chunk bitrate: 1 2000000
Buffer size: 2 8001
Download Time: 1781993
Chunk bitrate: 2 2000000
Buffer size: 3 12001
Download Time: 1601594
Chunk bitrate: 3 3000000
Buffer size: 3 16001
Chunk bitrate: 3 3000000
Buffer size: 4 16001
Download Time: 1941912
Chunk bitrate: 4 3000000
Buffer size: 5 20001
Download Time: 1921731
Chunk bitrate: 5 3000000
Buffer size: 6 24001
Download Time: 844542
Chunk bitrate: 6 3000000
Buffer size: 7 28001
Download Time: 830851
Chunk bitrate: 7 3000000
Buffer size: 8 32001
Download Time: 1312311
Chunk bitrate: 8 3000000
Buffer size: 9 36001
Download Time: 960612
Chunk bitrate: 9 3000000
Buffer size: 10 40001
Download Time: 4222984
Chunk bitrate: 10 1000000
Buffer size: 10 44001
Chunk bitrate: 10 1000000
Buffer size: 11 44001
Download Time: 1435455
Chunk bitrate: 11 2000000
Buffer size: 11 48001
Chunk bitrate: 11 2000000
Buffer size: 12 48001
Download Time: 2675828
Chunk bitrate: 12 2000000
Buffer size: 13 52001
Download Time: 2017748
Chunk bitrate: 13 3000000
Buffer size: 13 56001
Chunk bitrate: 13 3000000
Buffer size: 14 56001
Download Time: 1880212
Chunk bitrate: 14 3000000
Buffer size: 15 60001
Download Time: 1774423
Chunk bitrate: 15 3000000
Buffer size: 16 64001
Download Time: 4889091
Chunk bitrate: 16 1000000
Buffer size: 16 68001
Chunk bitrate: 16 1000000
Buffer size: 17 68001
Download Time: 1551770
Chunk bitrate: 17 1000000
Buffer size: 18 72001
Download Time: 1538004
Chunk bitrate: 18 1000000
Buffer size: 19 76001
Download Time: 851603
Chunk bitrate: 19 1000000
Buffer size: 20 80001
Download Time: 1459770
Chunk bitrate: 20 2000000
Buffer size: 20 84001
Chunk bitrate: 20 2000000
Buffer size: 21 84001
Download Time: 874636
Chunk bitrate: 21 3000000
Buffer size: 21 88001
Chunk bitrate: 21 3000000
Buffer size: 22 88001
Download Time: 1779311
Chunk bitrate: 22 3000000
Buffer size: 23 92001
Download Time: 2343054
Chunk bitrate: 23 3000000
Buffer size: 24 96001
Download Time: 2086827
Chunk bitrate: 24 3000000
Buffer size: 25 100001
Download Time: 2057810
Chunk bitrate: 25 3000000
Buffer size: 26 104001
Download Time: 4055864
Chunk bitrate: 26 1000000
Buffer size: 26 108001
Chunk bitrate: 26 1000000
Buffer size: 27 108001
Download Time: 1000310
Chunk bitrate: 27 1000000
Buffer size: 28 112001
Download Time: 1621803
Chunk bitrate: 28 1000000
Buffer size: 29 116001
Download Time: 1524726
Chunk bitrate: 29 1000000
Buffer size: 30 120001
Download Time: 1104348
Chunk bitrate: 30 1000000
Buffer size: 31 124001
Download Time: 945615
Chunk bitrate: 31 3000000
Buffer size: 31 128001
Chunk bitrate: 31 3000000
Buffer size: 32 128001
Download Time: 2479294
Chunk bitrate: 32 3000000
Buffer size: 33 132001
Download Time: 2640275
Chunk bitrate: 33 1000000
Buffer size: 33 136001
Chunk bitrate: 33 1000000
Buffer size: 34 136001
Download Time: 1999950
Chunk bitrate: 34 1000000
Buffer size: 35 140001
Download Time: 1737860
Chunk bitrate: 35 1000000
Buffer size: 36 144001
Download Time: 1219899
Chunk bitrate: 36 1000000
Buffer size: 37 148001
Download Time: 1635372
Chunk bitrate: 37 1000000
Buffer size: 38 152001
Download Time: 1563716
Chunk bitrate: 38 2000000
Buffer size: 38 156001
Chunk bitrate: 38 2000000
Buffer size: 39 156001
Download Time: 2104642
Chunk bitrate: 39 2000000
Buffer size: 40 160001
Download Time: 1678251
Chunk bitrate: 40 2000000
Buffer size: 41 164001
Download Time: 2188851
Chunk bitrate: 41 3000000
Buffer size: 41 168001
Chunk bitrate: 41 3000000
Buffer size: 42 168001
Download Time: 1946466
Chunk bitrate: 42 3000000
Buffer size: 43 172001
Download Time: 2400239
Chunk bitrate: 43 1000000
Buffer size: 43 176001
Chunk bitrate: 43 1000000
Buffer size: 44 176001
Download Time: 1555001
Chunk bitrate: 44 1000000
Buffer size: 45 180001
Download Time: 1770171
Chunk bitrate: 45 1000000
Buffer size: 46 184001
Download Time: 1724705
Chunk bitrate: 46 1000000
Buffer size: 47 188001
Download Time: 1512099
Chunk bitrate: 47 1000000
Buffer size: 48 192001
Download Time: 1095780
Chunk bitrate: 48 1000000
Buffer size: 49 196001
Download Time: 1504657
Chunk bitrate: 49 1000000
Buffer size: 50 200001
Download Time: 1074874
Chunk bitrate: 50 2000000
Buffer size: 50 204001
Chunk bitrate: 50 2000000
Buffer size: 51 204001
Download Time: 1659136
Chunk bitrate: 51 2000000
Buffer size: 52 208001
Download Time: 2209602
Chunk bitrate: 52 3000000
Buffer size: 52 212001
Chunk bitrate: 52 3000000
Buffer size: 53 212001
Download Time: 2143607
[00007fbc08003378] core mux error: cannot add this stream
[00007fbc08053048] core decoder error: cannot create packetizer output (h264)
Chunk bitrate: 53 3000000
Buffer size: 54 216001
Download Time: 2269272
Chunk bitrate: 54 3000000
Buffer size: 55 220001
Download Time: 4559925
Chunk bitrate: 55 1000000
Buffer size: 55 224001
Chunk bitrate: 55 1000000
Buffer size: 56 224001
Download Time: 1729925
[00007fbc08003378] core mux error: cannot add this stream
[00007fbc081954a8] core decoder error: cannot create packetizer output (h264)
Chunk bitrate: 56 1000000
Buffer size: 57 228001
Download Time: 968415
Chunk bitrate: 57 1000000
Buffer size: 58 232001
Download Time: 446216
Chunk bitrate: 58 1000000
Buffer size: 59 236001
Download Time: 1696881
Chunk bitrate: 59 1000000
Buffer size: 60 240001
Download Time: 1498588
Chunk bitrate: 60 1000000
Buffer size: 61 244001
Download Time: 1672797
Chunk bitrate: 61 1000000
Buffer size: 62 248001
Download Time: 602155
Chunk bitrate: 62 1000000
Buffer size: 63 252001
Download Time: 452995
Chunk bitrate: 63 1000000
Buffer size: 64 256001
Download Time: 787268
Chunk bitrate: 64 2000000
Buffer size: 64 260001
Chunk bitrate: 64 2000000
Buffer size: 65 260001
[00007fbc08003378] ps mux: Close
[00007fbc140014f8] idummy demux: command `quit'
[00000000015861e8] [cli] lua interface error: Error loading script /home/cs244/vlc/share/lua/intf/cli.luac: lua/intf/modules/host.lua:286: Interrupted.
