[0000000001c121e8] core interface error: no suitable interface module
[0000000001b49338] core libvlc error: interface "globalhotkeys,none" initialization failed
[0000000001c121e8] dbus interface error: Failed to connect to the D-Bus session daemon: Unable to autolaunch a dbus-daemon without a $DISPLAY for X11
[0000000001c121e8] core interface error: no suitable interface module
[0000000001b49338] core libvlc error: interface "dbus,none" initialization failed
[0000000001b49338] core libvlc: Running vlc with the default interface. Use 'cvlc' to use vlc without interface.
[0000000001c121e8] qt interface error: Could not connect to X server
[0000000001c121e8] skins2 interface error: cannot initialize OSFactory
[0000000001c121e8] [cli] lua interface: Listening on host "*console".
VLC media player 3.0.0-git Vetinari
Command Line Interface initialized. Type `help' for help.
> [00007f5258003378] ps mux: Open
making a DASHManager
new ratebased adaptionlogic
Chunk bitrate: 0 349952
Buffer size: 0 0
Chunk bitrate: 0 349952
Buffer size: 0 0
[00007f52580254a8] mp4 demux: Fragment sequence discontinuity detected 0 != 2
Download Time: 292349
[00007f5258019cc8] mp4 demux: Fragment sequence discontinuity detected 0 != 2
Startup Time: 1050000
Chunk bitrate: 0 3000000
Buffer size: 0 4001
Chunk bitrate: 0 3000000
Buffer size: 1 4001
Download Time: 2269878
Chunk bitrate: 1 3000000
Buffer size: 2 8001
Download Time: 1901421
Chunk bitrate: 2 3000000
Buffer size: 3 12001
Download Time: 1199078
Chunk bitrate: 3 3000000
Buffer size: 4 16001
Download Time: 973606
Chunk bitrate: 4 3000000
Buffer size: 5 20001
Download Time: 1246638
Chunk bitrate: 5 3000000
Buffer size: 6 24001
Download Time: 853775
Chunk bitrate: 6 3000000
Buffer size: 7 28001
Download Time: 1348189
Chunk bitrate: 7 2000000
Buffer size: 7 32001
Chunk bitrate: 7 2000000
Buffer size: 8 32001
Download Time: 3543792
Chunk bitrate: 8 1000000
Buffer size: 8 36001
Chunk bitrate: 8 1000000
Buffer size: 9 36001
Download Time: 1239052
Chunk bitrate: 9 2000000
Buffer size: 9 40001
Chunk bitrate: 9 2000000
Buffer size: 10 40001
Download Time: 2075322
Chunk bitrate: 10 2000000
Buffer size: 11 44001
Download Time: 2036266
Chunk bitrate: 11 2000000
Buffer size: 12 48001
Download Time: 1783127
Chunk bitrate: 12 3000000
Buffer size: 12 52001
Download Time: 12707
Chunk bitrate: 12 3000000
Buffer size: 13 52001
Download Time: 2225907
Chunk bitrate: 13 3000000
Buffer size: 14 56001
Download Time: 1360359
Chunk bitrate: 14 3000000
Buffer size: 15 60001
Download Time: 890885
Chunk bitrate: 15 3000000
Buffer size: 16 64001
Download Time: 1098617
Chunk bitrate: 16 3000000
Buffer size: 17 68001
Download Time: 913971
Chunk bitrate: 17 3000000
Buffer size: 18 72001
Download Time: 1216552
Chunk bitrate: 18 3000000
Buffer size: 19 76001
Download Time: 2006067
Chunk bitrate: 19 2000000
Buffer size: 19 80001
Chunk bitrate: 19 2000000
Buffer size: 20 80001
Download Time: 2860105
Chunk bitrate: 20 1000000
Buffer size: 20 84001
Chunk bitrate: 20 1000000
Buffer size: 21 84001
Download Time: 532438
Chunk bitrate: 21 3000000
Buffer size: 21 88001
Chunk bitrate: 21 3000000
Buffer size: 22 88001
Download Time: 1778917
Chunk bitrate: 22 3000000
Buffer size: 23 92001
Download Time: 2345771
Chunk bitrate: 23 3000000
Buffer size: 24 96001
Download Time: 2086610
Chunk bitrate: 24 3000000
Buffer size: 25 100001
Download Time: 2056626
Chunk bitrate: 25 3000000
Buffer size: 26 104001
Download Time: 1491352
Chunk bitrate: 26 3000000
Buffer size: 27 108001
Download Time: 627387
Chunk bitrate: 27 3000000
Buffer size: 28 112001
Download Time: 991208
Chunk bitrate: 28 3000000
Buffer size: 29 116001
Download Time: 1210029
Chunk bitrate: 29 3000000
Buffer size: 30 120001
Download Time: 756485
Chunk bitrate: 30 3000000
Buffer size: 31 124001
Download Time: 765069
Chunk bitrate: 31 3000000
Buffer size: 32 128001
Download Time: 4953111
Chunk bitrate: 32 2000000
Buffer size: 32 132001
Chunk bitrate: 32 2000000
Buffer size: 33 132001
Download Time: 1412640
Chunk bitrate: 33 3000000
Buffer size: 33 136001
Chunk bitrate: 33 3000000
Buffer size: 34 136001
Download Time: 2267973
Chunk bitrate: 34 3000000
Buffer size: 35 140001
Download Time: 2067102
Chunk bitrate: 35 3000000
Buffer size: 36 144001
Download Time: 1666825
Chunk bitrate: 36 3000000
Buffer size: 37 148001
Download Time: 2400633
Chunk bitrate: 37 3000000
Buffer size: 38 152001
Download Time: 1174264
Chunk bitrate: 38 3000000
Buffer size: 39 156001
Download Time: 1013122
Chunk bitrate: 39 3000000
Buffer size: 40 160001
Download Time: 871427
Chunk bitrate: 40 3000000
Buffer size: 41 164001
Download Time: 1176237
Chunk bitrate: 41 3000000
Buffer size: 42 168001
Download Time: 1885113
Chunk bitrate: 42 2000000
Buffer size: 42 172001
Chunk bitrate: 42 2000000
Buffer size: 43 172001
Download Time: 2442409
Chunk bitrate: 43 2000000
Buffer size: 44 176001
Download Time: 2169757
Chunk bitrate: 44 2000000
Buffer size: 45 180001
Download Time: 2692387
Chunk bitrate: 45 1000000
Buffer size: 45 184001
Chunk bitrate: 45 1000000
Buffer size: 46 184001
Download Time: 1211380
Chunk bitrate: 46 3000000
Buffer size: 46 188001
Chunk bitrate: 46 3000000
Buffer size: 47 188001
Download Time: 2089926
Chunk bitrate: 47 3000000
Buffer size: 48 192001
Download Time: 1751435
Chunk bitrate: 48 3000000
Buffer size: 49 196001
Download Time: 1600992
Chunk bitrate: 49 3000000
Buffer size: 50 200001
Download Time: 939431
Chunk bitrate: 50 3000000
Buffer size: 51 204001
Download Time: 775846
Chunk bitrate: 51 3000000
Buffer size: 52 208001
Download Time: 1142138
Chunk bitrate: 52 3000000
Buffer size: 53 212001
Download Time: 1073024
Chunk bitrate: 53 3000000
Buffer size: 54 216001
Download Time: 4465169
Chunk bitrate: 54 2000000
Buffer size: 54 220001
Chunk bitrate: 54 2000000
Buffer size: 55 220001
Download Time: 2263737
Chunk bitrate: 55 2000000
Buffer size: 56 224001
Download Time: 2455145
Chunk bitrate: 56 2000000
Buffer size: 57 228001
Download Time: 1380231
Chunk bitrate: 57 2000000
Buffer size: 58 232001
Download Time: 625817
Chunk bitrate: 58 2000000
Buffer size: 59 236001
Download Time: 2473900
Chunk bitrate: 59 2000000
Buffer size: 60 240001
Download Time: 1192712
Chunk bitrate: 60 3000000
Buffer size: 60 244001
Chunk bitrate: 60 3000000
Buffer size: 61 244001
Download Time: 953685
Chunk bitrate: 61 3000000
Buffer size: 62 248001
Download Time: 321910
Chunk bitrate: 62 3000000
Buffer size: 63 252001
Download Time: 226344
Chunk bitrate: 63 3000000
Buffer size: 64 256001
Download Time: 402991
Chunk bitrate: 64 3000000
Buffer size: 65 260001
[00007f5258003378] ps mux: Close
[00007f5258117838] idummy demux: command `quit'
[0000000001c121e8] [cli] lua interface error: Error loading script /home/cs244/vlc/share/lua/intf/cli.luac: lua/intf/modules/host.lua:286: Interrupted.
