[00000000020131e8] core interface error: no suitable interface module
[0000000001f4a338] core libvlc error: interface "globalhotkeys,none" initialization failed
[00000000020131e8] dbus interface error: Failed to connect to the D-Bus session daemon: Unable to autolaunch a dbus-daemon without a $DISPLAY for X11
[00000000020131e8] core interface error: no suitable interface module
[0000000001f4a338] core libvlc error: interface "dbus,none" initialization failed
[0000000001f4a338] core libvlc: Running vlc with the default interface. Use 'cvlc' to use vlc without interface.
[00000000020131e8] qt interface error: Could not connect to X server
[00000000020131e8] skins2 interface error: cannot initialize OSFactory
[00000000020131e8] [cli] lua interface: Listening on host "*console".
VLC media player 3.0.0-git Vetinari
Command Line Interface initialized. Type `help' for help.
> [00007f3754003378] ps mux: Open
making a DASHManager
new ratebased adaptionlogic
Chunk bitrate: 0 349952
Buffer size: 0 0
Chunk bitrate: 0 349952
Buffer size: 0 0
[00007f375401a558] mp4 demux: Fragment sequence discontinuity detected 0 != 2
Download Time: 293401
[00007f375401a2e8] mp4 demux: Fragment sequence discontinuity detected 0 != 2
Startup Time: 1050000
Chunk bitrate: 0 3000000
Buffer size: 0 4001
Chunk bitrate: 0 3000000
Buffer size: 1 4001
Download Time: 2270599
Chunk bitrate: 1 3000000
Buffer size: 2 8001
Download Time: 1902274
Chunk bitrate: 2 3000000
Buffer size: 3 12001
Download Time: 6983453
Chunk bitrate: 3 1000000
Buffer size: 3 16001
Chunk bitrate: 3 1000000
Buffer size: 4 16001
Download Time: 1312729
Chunk bitrate: 4 1000000
Buffer size: 5 20001
Download Time: 1711001
Chunk bitrate: 5 1000000
Buffer size: 6 24001
Download Time: 1104054
Chunk bitrate: 6 1000000
Buffer size: 7 28001
Download Time: 1196702
Chunk bitrate: 7 1000000
Buffer size: 8 32001
Download Time: 1656800
Chunk bitrate: 8 1000000
Buffer size: 9 36001
Download Time: 1040619
Chunk bitrate: 9 3000000
Buffer size: 9 40001
Chunk bitrate: 9 3000000
Buffer size: 10 40001
Download Time: 2207344
Chunk bitrate: 10 3000000
Buffer size: 11 44001
Download Time: 1919077
Chunk bitrate: 11 3000000
Buffer size: 12 48001
Download Time: 5853949
Chunk bitrate: 12 2000000
Buffer size: 12 52001
Chunk bitrate: 12 2000000
Buffer size: 13 52001
Download Time: 2183533
Chunk bitrate: 13 2000000
Buffer size: 14 56001
Download Time: 2046792
Chunk bitrate: 14 2000000
Buffer size: 15 60001
Download Time: 1825502
Chunk bitrate: 15 2000000
Buffer size: 16 64001
Download Time: 2195158
Chunk bitrate: 16 2000000
Buffer size: 17 68001
Download Time: 1466109
Chunk bitrate: 17 3000000
Buffer size: 17 72001
Chunk bitrate: 17 3000000
Buffer size: 18 72001
Download Time: 2275648
Chunk bitrate: 18 3000000
Buffer size: 19 76001
Download Time: 1291465
Chunk bitrate: 19 3000000
Buffer size: 20 80001
Download Time: 1252852
Chunk bitrate: 20 3000000
Buffer size: 21 84001
Download Time: 602625
Chunk bitrate: 21 3000000
Buffer size: 22 88001
Download Time: 891874
Chunk bitrate: 22 3000000
Buffer size: 23 92001
Download Time: 1173884
Chunk bitrate: 23 3000000
Buffer size: 24 96001
Download Time: 1046130
Chunk bitrate: 24 3000000
Buffer size: 25 100001
Download Time: 1645974
Chunk bitrate: 25 3000000
Buffer size: 26 104001
Download Time: 1948295
Chunk bitrate: 26 3000000
Buffer size: 27 108001
Download Time: 1238728
Chunk bitrate: 27 3000000
Buffer size: 28 112001
Download Time: 1943472
Chunk bitrate: 28 3000000
Buffer size: 29 116001
Download Time: 2414995
Chunk bitrate: 29 3000000
Buffer size: 30 120001
Download Time: 1230086
Chunk bitrate: 30 3000000
Buffer size: 31 124001
Download Time: 764281
Chunk bitrate: 31 3000000
Buffer size: 32 128001
Download Time: 1240839
Chunk bitrate: 32 3000000
Buffer size: 33 132001
Download Time: 1164352
Chunk bitrate: 33 3000000
Buffer size: 34 136001
Download Time: 1136165
Chunk bitrate: 34 3000000
Buffer size: 35 140001
Download Time: 2591055
Chunk bitrate: 35 2000000
Buffer size: 35 144001
Chunk bitrate: 35 2000000
Buffer size: 36 144001
Download Time: 1642236
Chunk bitrate: 36 2000000
Buffer size: 37 148001
Download Time: 1895390
Chunk bitrate: 37 3000000
Buffer size: 37 152001
Chunk bitrate: 37 3000000
Buffer size: 38 152001
Download Time: 2341761
Chunk bitrate: 38 3000000
Buffer size: 39 156001
Download Time: 1749992
Chunk bitrate: 39 3000000
Buffer size: 40 160001
Download Time: 870143
Chunk bitrate: 40 3000000
Buffer size: 41 164001
Download Time: 1174123
Chunk bitrate: 41 3000000
Buffer size: 42 168001
Download Time: 1067596
Chunk bitrate: 42 3000000
Buffer size: 43 172001
Download Time: 1204377
Chunk bitrate: 43 3000000
Buffer size: 44 176001
Download Time: 885415
Chunk bitrate: 44 3000000
Buffer size: 45 180001
Download Time: 1051712
Chunk bitrate: 45 3000000
Buffer size: 46 184001
Download Time: 1121714
Chunk bitrate: 46 3000000
Buffer size: 47 188001
Download Time: 1049752
Chunk bitrate: 47 3000000
Buffer size: 48 192001
Download Time: 882598
Chunk bitrate: 48 3000000
Buffer size: 49 196001
Download Time: 3634948
Chunk bitrate: 49 1000000
Buffer size: 49 200001
Chunk bitrate: 49 1000000
Buffer size: 50 200001
Download Time: 1061560
Chunk bitrate: 50 2000000
Buffer size: 50 204001
Chunk bitrate: 50 2000000
Buffer size: 51 204001
Download Time: 1128305
Chunk bitrate: 51 3000000
Buffer size: 51 208001
Chunk bitrate: 51 3000000
Buffer size: 52 208001
Download Time: 2272064
Chunk bitrate: 52 3000000
Buffer size: 53 212001
Download Time: 2146870
Chunk bitrate: 53 3000000
Buffer size: 54 216001
Download Time: 2272133
Chunk bitrate: 54 3000000
Buffer size: 55 220001
Download Time: 2025458
Chunk bitrate: 55 3000000
Buffer size: 56 224001
Download Time: 1123196
Chunk bitrate: 56 3000000
Buffer size: 57 228001
Download Time: 776998
Chunk bitrate: 57 3000000
Buffer size: 58 232001
Download Time: 330785
Chunk bitrate: 58 3000000
Buffer size: 59 236001
Download Time: 1207263
Chunk bitrate: 59 3000000
Buffer size: 60 240001
Download Time: 916732
Chunk bitrate: 60 3000000
Buffer size: 61 244001
Download Time: 2016231
Chunk bitrate: 61 2000000
Buffer size: 61 248001
Chunk bitrate: 61 2000000
Buffer size: 62 248001
Download Time: 661941
Chunk bitrate: 62 2000000
Buffer size: 63 252001
Download Time: 469487
Chunk bitrate: 63 2000000
Buffer size: 64 256001
Download Time: 934496
Chunk bitrate: 64 2000000
Buffer size: 65 260001
[00007f3754003378] ps mux: Close
[00007f37500012e8] idummy demux: command `quit'
[00000000020131e8] [cli] lua interface error: Error loading script /home/cs244/vlc/share/lua/intf/cli.luac: lua/intf/modules/host.lua:286: Interrupted.
