[0000000000ca81e8] core interface error: no suitable interface module
[0000000000bdf338] core libvlc error: interface "globalhotkeys,none" initialization failed
[0000000000ca81e8] dbus interface error: Failed to connect to the D-Bus session daemon: Unable to autolaunch a dbus-daemon without a $DISPLAY for X11
[0000000000ca81e8] core interface error: no suitable interface module
[0000000000bdf338] core libvlc error: interface "dbus,none" initialization failed
[0000000000bdf338] core libvlc: Running vlc with the default interface. Use 'cvlc' to use vlc without interface.
[0000000000ca81e8] qt interface error: Could not connect to X server
[0000000000ca81e8] skins2 interface error: cannot initialize OSFactory
[0000000000ca81e8] [cli] lua interface: Listening on host "*console".
VLC media player 3.0.0-git Vetinari
Command Line Interface initialized. Type `help' for help.
> [00007ff5d0003378] ps mux: Open
making a DASHManager
new ratebased adaptionlogic
Chunk bitrate: 0 349952
Buffer size: 0 0
Chunk bitrate: 0 349952
Buffer size: 0 0
[00007ff5d00198a8] mp4 demux: Fragment sequence discontinuity detected 0 != 2
Download Time: 3671794
[00007ff5d0018028] mp4 demux: Fragment sequence discontinuity detected 0 != 2
Startup Time: 1050000
Chunk bitrate: 0 349952
Buffer size: 1 4001
Download Time: 3869598
Chunk bitrate: 1 349952
Buffer size: 2 8001
Download Time: 2397090
Chunk bitrate: 2 349952
Buffer size: 3 12001
Download Time: 2851434
Chunk bitrate: 3 1000000
Buffer size: 3 16001
Chunk bitrate: 3 1000000
Buffer size: 4 16001
Download Time: 984536
Chunk bitrate: 4 2000000
Buffer size: 4 20001
Chunk bitrate: 4 2000000
Buffer size: 5 20001
Download Time: 2574004
Chunk bitrate: 5 2000000
Buffer size: 6 24001
Download Time: 1419159
Chunk bitrate: 6 3000000
Buffer size: 6 28001
Chunk bitrate: 6 3000000
Buffer size: 7 28001
Download Time: 1653795
Chunk bitrate: 7 3000000
Buffer size: 8 32001
Download Time: 2615564
Chunk bitrate: 8 3000000
Buffer size: 9 36001
Download Time: 5905598
Chunk bitrate: 9 1000000
Buffer size: 9 40001
Chunk bitrate: 9 1000000
Buffer size: 10 40001
Download Time: 1610148
Chunk bitrate: 10 1000000
Buffer size: 11 44001
Download Time: 1748648
Chunk bitrate: 11 1000000
Buffer size: 12 48001
Download Time: 1517950
Chunk bitrate: 12 2000000
Buffer size: 12 52001
Chunk bitrate: 12 2000000
Buffer size: 13 52001
Download Time: 2183788
Chunk bitrate: 13 2000000
Buffer size: 14 56001
Download Time: 1927828
Chunk bitrate: 14 3000000
Buffer size: 14 60001
Chunk bitrate: 14 3000000
Buffer size: 15 60001
Download Time: 1773864
Chunk bitrate: 15 3000000
Buffer size: 16 64001
Download Time: 2190768
Chunk bitrate: 16 3000000
Buffer size: 17 68001
Download Time: 4848609
Chunk bitrate: 17 1000000
Buffer size: 17 72001
Chunk bitrate: 17 1000000
Buffer size: 18 72001
Download Time: 2087427
Chunk bitrate: 18 1000000
Buffer size: 19 76001
Download Time: 1062108
Chunk bitrate: 19 1000000
Buffer size: 20 80001
Download Time: 1820929
Chunk bitrate: 20 1000000
Buffer size: 21 84001
Download Time: 797019
Chunk bitrate: 21 2000000
Buffer size: 21 88001
Chunk bitrate: 21 2000000
Buffer size: 22 88001
Download Time: 1979870
Chunk bitrate: 22 2000000
Buffer size: 23 92001
Download Time: 2420221
Chunk bitrate: 23 3000000
Buffer size: 23 96001
Chunk bitrate: 23 3000000
Buffer size: 24 96001
Download Time: 2085357
Chunk bitrate: 24 3000000
Buffer size: 25 100001
Download Time: 2058057
Chunk bitrate: 25 3000000
Buffer size: 26 104001
Download Time: 5487993
Chunk bitrate: 26 1000000
Buffer size: 26 108001
Chunk bitrate: 26 1000000
Buffer size: 27 108001
Download Time: 1000431
Chunk bitrate: 27 1000000
Buffer size: 28 112001
Download Time: 1969546
Chunk bitrate: 28 1000000
Buffer size: 29 116001
Download Time: 1809815
Chunk bitrate: 29 2000000
Buffer size: 29 120001
Chunk bitrate: 29 2000000
Buffer size: 30 120001
Download Time: 1599093
Chunk bitrate: 30 2000000
Buffer size: 31 124001
Download Time: 1739351
Chunk bitrate: 31 2000000
Buffer size: 32 128001
Download Time: 2205944
Chunk bitrate: 32 3000000
Buffer size: 32 132001
Chunk bitrate: 32 3000000
Buffer size: 33 132001
Download Time: 2324226
Chunk bitrate: 33 3000000
Buffer size: 34 136001
Download Time: 3882615
Chunk bitrate: 34 1000000
Buffer size: 34 140001
Chunk bitrate: 34 1000000
Buffer size: 35 140001
Download Time: 2436739
Chunk bitrate: 35 1000000
Buffer size: 36 144001
Download Time: 1444543
Chunk bitrate: 36 1000000
Buffer size: 37 148001
Download Time: 2041308
Chunk bitrate: 37 1000000
Buffer size: 38 152001
Download Time: 1610750
Chunk bitrate: 38 1000000
Buffer size: 39 156001
Download Time: 997711
Chunk bitrate: 39 2000000
Buffer size: 39 160001
Chunk bitrate: 39 2000000
Buffer size: 40 160001
Download Time: 1680088
Chunk bitrate: 40 2000000
Buffer size: 41 164001
Download Time: 2178453
Chunk bitrate: 41 3000000
Buffer size: 41 168001
Chunk bitrate: 41 3000000
Buffer size: 42 168001
Download Time: 1945450
Chunk bitrate: 42 3000000
Buffer size: 43 172001
Download Time: 2414762
Chunk bitrate: 43 1000000
Buffer size: 43 176001
Chunk bitrate: 43 1000000
Buffer size: 44 176001
Download Time: 2177047
[00007ff5d0003378] core mux error: cannot add this stream
[00007ff5d01758c8] core decoder error: cannot create packetizer output (h264)
Chunk bitrate: 44 1000000
Buffer size: 45 180001
Download Time: 2461888
Chunk bitrate: 45 1000000
Buffer size: 46 184001
Download Time: 1832301
Chunk bitrate: 46 1000000
Buffer size: 47 188001
Download Time: 1887968
Chunk bitrate: 47 1000000
Buffer size: 48 192001
Download Time: 1174271
Chunk bitrate: 48 2000000
Buffer size: 48 196001
Chunk bitrate: 48 2000000
Buffer size: 49 196001
Download Time: 2457200
[00007ff5d0003378] core mux error: cannot add this stream
[00007ff5d008efa8] core decoder error: cannot create packetizer output (h264)
Chunk bitrate: 49 2000000
Buffer size: 50 200001
Download Time: 2036902
Chunk bitrate: 50 2000000
Buffer size: 51 204001
Download Time: 1105368
Chunk bitrate: 51 3000000
Buffer size: 51 208001
Chunk bitrate: 51 3000000
Buffer size: 52 208001
Download Time: 2269486
[00007ff5d0003378] core mux error: cannot add this stream
[00007ff5d0181ac8] core decoder error: cannot create packetizer output (h264)
Chunk bitrate: 52 3000000
Buffer size: 53 212001
Download Time: 3783812
Chunk bitrate: 53 1000000
Buffer size: 53 216001
Chunk bitrate: 53 1000000
Buffer size: 54 216001
Download Time: 2721286
[00007ff5d0003378] core mux error: cannot add this stream
[00007ff5d01b1558] core decoder error: cannot create packetizer output (h264)
Chunk bitrate: 54 1000000
Buffer size: 55 220001
Download Time: 1821200
Chunk bitrate: 55 1000000
Buffer size: 56 224001
Download Time: 1992550
Chunk bitrate: 56 1000000
Buffer size: 57 228001
Download Time: 1206385
Chunk bitrate: 57 1000000
Buffer size: 58 232001
Download Time: 558184
Chunk bitrate: 58 1000000
Buffer size: 59 236001
Download Time: 2123144
Chunk bitrate: 59 1000000
Buffer size: 60 240001
Download Time: 1503296
Chunk bitrate: 60 2000000
Buffer size: 60 244001
Chunk bitrate: 60 2000000
Buffer size: 61 244001
Download Time: 2030559
[00007ff5d0003378] core mux error: cannot add this stream
[00007ff5d0215688] core decoder error: cannot create packetizer output (h264)
Chunk bitrate: 61 2000000
Buffer size: 62 248001
Download Time: 661656
Chunk bitrate: 62 2000000
Buffer size: 63 252001
Download Time: 469514
Chunk bitrate: 63 2000000
Buffer size: 64 256001
Download Time: 933847
Chunk bitrate: 64 2000000
Buffer size: 65 260001
[00007ff5d0003378] ps mux: Close
[00007ff5c80010f8] idummy demux: command `quit'
[0000000000ca81e8] [cli] lua interface error: Error loading script /home/cs244/vlc/share/lua/intf/cli.luac: lua/intf/modules/host.lua:286: Interrupted.
