[00000000025741e8] core interface error: no suitable interface module
[00000000024ab338] core libvlc error: interface "globalhotkeys,none" initialization failed
[00000000025741e8] dbus interface error: Failed to connect to the D-Bus session daemon: Unable to autolaunch a dbus-daemon without a $DISPLAY for X11
[00000000025741e8] core interface error: no suitable interface module
[00000000024ab338] core libvlc error: interface "dbus,none" initialization failed
[00000000024ab338] core libvlc: Running vlc with the default interface. Use 'cvlc' to use vlc without interface.
[00000000025741e8] qt interface error: Could not connect to X server
[00000000025741e8] skins2 interface error: cannot initialize OSFactory
[00000000025741e8] [cli] lua interface: Listening on host "*console".
VLC media player 3.0.0-git Vetinari
Command Line Interface initialized. Type `help' for help.
> [00007fc2e8003378] ps mux: Open
making a DASHManager
new ratebased adaptionlogic
Chunk bitrate: 0 349952
Buffer size: 0 0
Chunk bitrate: 0 349952
Buffer size: 0 0
[00007fc2e8019ed8] mp4 demux: Fragment sequence discontinuity detected 0 != 2
Download Time: 148704
[00007fc2e8024bd8] mp4 demux: Fragment sequence discontinuity detected 0 != 2
Startup Time: 1050000
Chunk bitrate: 0 3000000
Buffer size: 0 4001
Chunk bitrate: 0 3000000
Buffer size: 1 4001
Download Time: 1137455
Chunk bitrate: 1 3000000
Buffer size: 2 8001
Download Time: 953843
Chunk bitrate: 2 3000000
Buffer size: 3 12001
Download Time: 1169277
Chunk bitrate: 3 3000000
Buffer size: 4 16001
Download Time: 972656
Download Time: 27193
Chunk bitrate: 4 3000000
Buffer size: 5 20001
Download Time: 2197805
Chunk bitrate: 5 3000000
Buffer size: 6 24001
Download Time: 1686260
Chunk bitrate: 6 3000000
Buffer size: 7 28001
Download Time: 1831040
Chunk bitrate: 7 2000000
Buffer size: 7 32001
Chunk bitrate: 7 2000000
Buffer size: 8 32001
Download Time: 2660927
Chunk bitrate: 8 2000000
Buffer size: 9 36001
Download Time: 1840116
Chunk bitrate: 9 3000000
Buffer size: 9 40001
Chunk bitrate: 9 3000000
Buffer size: 10 40001
Download Time: 2207603
Chunk bitrate: 10 3000000
Buffer size: 11 44001
Download Time: 1920376
Chunk bitrate: 11 3000000
Buffer size: 12 48001
Download Time: 1575449
Chunk bitrate: 12 3000000
Buffer size: 13 52001
Download Time: 1114506
Chunk bitrate: 13 3000000
Buffer size: 14 56001
Download Time: 941578
Chunk bitrate: 14 3000000
Buffer size: 15 60001
Download Time: 889070
Chunk bitrate: 15 3000000
Buffer size: 16 64001
Download Time: 1593290
Chunk bitrate: 16 2000000
Buffer size: 16 68001
Chunk bitrate: 16 2000000
Buffer size: 17 68001
Download Time: 1824147
Chunk bitrate: 17 2000000
Buffer size: 18 72001
Download Time: 2075996
Chunk bitrate: 18 2000000
Buffer size: 19 76001
Download Time: 1377580
Chunk bitrate: 19 2000000
Buffer size: 20 80001
Download Time: 2146909
Chunk bitrate: 20 2000000
Buffer size: 21 84001
Download Time: 1309871
Chunk bitrate: 21 2000000
Buffer size: 22 88001
Download Time: 1331440
Chunk bitrate: 22 3000000
Buffer size: 22 92001
Chunk bitrate: 22 3000000
Buffer size: 23 92001
Download Time: 2343508
Chunk bitrate: 23 3000000
Buffer size: 24 96001
Download Time: 1667822
Chunk bitrate: 24 3000000
Buffer size: 25 100001
Download Time: 1031871
Chunk bitrate: 25 3000000
Buffer size: 26 104001
Download Time: 975920
Chunk bitrate: 26 3000000
Buffer size: 27 108001
Download Time: 620892
Chunk bitrate: 27 3000000
Buffer size: 28 112001
Download Time: 974265
Chunk bitrate: 28 3000000
Buffer size: 29 116001
Download Time: 2000897
Chunk bitrate: 29 2000000
Buffer size: 29 120001
Chunk bitrate: 29 2000000
Buffer size: 30 120001
Download Time: 1599193
Chunk bitrate: 30 2000000
Buffer size: 31 124001
Download Time: 1740246
Chunk bitrate: 31 2000000
Buffer size: 32 128001
Download Time: 2671531
Chunk bitrate: 32 2000000
Buffer size: 33 132001
Download Time: 2116986
Chunk bitrate: 33 2000000
Buffer size: 34 136001
Download Time: 1593226
Chunk bitrate: 34 3000000
Buffer size: 34 140001
Chunk bitrate: 34 3000000
Buffer size: 35 140001
Download Time: 2066913
Chunk bitrate: 35 3000000
Buffer size: 36 144001
Download Time: 1748960
Chunk bitrate: 36 2000000
Buffer size: 36 148001
Chunk bitrate: 36 2000000
Buffer size: 37 148001
Download Time: 2427166
Chunk bitrate: 37 2000000
Buffer size: 38 152001
Download Time: 2255233
Chunk bitrate: 38 2000000
Buffer size: 39 156001
Download Time: 1301858
Chunk bitrate: 39 3000000
Buffer size: 39 160001
Chunk bitrate: 39 3000000
Buffer size: 40 160001
Download Time: 1734256
Chunk bitrate: 40 3000000
Buffer size: 41 164001
Download Time: 2343491
Chunk bitrate: 41 3000000
Buffer size: 42 168001
Download Time: 1945097
Chunk bitrate: 42 3000000
Buffer size: 43 172001
Download Time: 2336394
Chunk bitrate: 43 3000000
Buffer size: 44 176001
Download Time: 882536
Chunk bitrate: 44 3000000
Buffer size: 45 180001
Download Time: 1052035
Download Time: 26869
Chunk bitrate: 45 3000000
Buffer size: 46 184001
Download Time: 1120332
Chunk bitrate: 46 3000000
Buffer size: 47 188001
Download Time: 1047319
Chunk bitrate: 47 3000000
Buffer size: 48 192001
Download Time: 1731601
Chunk bitrate: 48 1000000
Buffer size: 48 196001
Chunk bitrate: 48 1000000
Buffer size: 49 196001
Download Time: 1879573
Chunk bitrate: 49 1000000
Buffer size: 50 200001
Download Time: 1764498
Chunk bitrate: 50 1000000
Buffer size: 51 204001
Download Time: 1142187
Chunk bitrate: 51 1000000
Buffer size: 52 208001
Download Time: 1439623
Chunk bitrate: 52 1000000
Buffer size: 53 212001
Download Time: 1292019
Chunk bitrate: 53 1000000
Buffer size: 54 216001
Download Time: 1171845
Chunk bitrate: 54 3000000
Buffer size: 54 220001
Chunk bitrate: 54 3000000
Buffer size: 55 220001
Download Time: 2046148
Chunk bitrate: 55 3000000
Buffer size: 56 224001
Download Time: 2240337
Chunk bitrate: 56 3000000
Buffer size: 57 228001
Download Time: 1546758
Chunk bitrate: 57 3000000
Buffer size: 58 232001
Download Time: 653260
Chunk bitrate: 58 3000000
Buffer size: 59 236001
Download Time: 2395027
Chunk bitrate: 59 3000000
Buffer size: 60 240001
Download Time: 4036696
Chunk bitrate: 60 1000000
Buffer size: 60 244001
Chunk bitrate: 60 1000000
Buffer size: 61 244001
Download Time: 1574151
Chunk bitrate: 61 1000000
Buffer size: 62 248001
Download Time: 482693
Chunk bitrate: 62 1000000
Buffer size: 63 252001
Download Time: 360944
Chunk bitrate: 63 1000000
Buffer size: 64 256001
Download Time: 668101
Chunk bitrate: 64 1000000
Buffer size: 65 260001
[00007fc2e8003378] ps mux: Close
[00007fc2ec0015c8] idummy demux: command `quit'
[00000000025741e8] [cli] lua interface error: Error loading script /home/cs244/vlc/share/lua/intf/cli.luac: lua/intf/modules/host.lua:286: Interrupted.
