[00000000018a61e8] core interface error: no suitable interface module
[00000000017dd338] core libvlc error: interface "globalhotkeys,none" initialization failed
[00000000018a61e8] dbus interface error: Failed to connect to the D-Bus session daemon: Unable to autolaunch a dbus-daemon without a $DISPLAY for X11
[00000000018a61e8] core interface error: no suitable interface module
[00000000017dd338] core libvlc error: interface "dbus,none" initialization failed
[00000000017dd338] core libvlc: Running vlc with the default interface. Use 'cvlc' to use vlc without interface.
[00000000018a61e8] qt interface error: Could not connect to X server
[00000000018a61e8] skins2 interface error: cannot initialize OSFactory
[00000000018a61e8] [cli] lua interface: Listening on host "*console".
VLC media player 3.0.0-git Vetinari
Command Line Interface initialized. Type `help' for help.
> [00007f11d0003378] ps mux: Open
making a DASHManager
new ratebased adaptionlogic
Chunk bitrate: 0 349952
Buffer size: 0 0
Chunk bitrate: 0 349952
Buffer size: 0 0
[00007f11d0026d88] mp4 demux: Fragment sequence discontinuity detected 0 != 2
Download Time: 1615888
[00007f11d00187d8] mp4 demux: Fragment sequence discontinuity detected 0 != 2
Startup Time: 1050000
Chunk bitrate: 0 349952
Buffer size: 1 4001
Download Time: 1687489
Chunk bitrate: 1 600000
Buffer size: 1 8001
Chunk bitrate: 1 600000
Buffer size: 2 8001
Download Time: 1432930
Chunk bitrate: 2 1000000
Buffer size: 2 12001
Chunk bitrate: 2 1000000
Buffer size: 3 12001
Download Time: 2315225
Chunk bitrate: 3 1000000
Buffer size: 4 16001
Download Time: 1911453
Chunk bitrate: 4 1000000
Buffer size: 5 20001
Download Time: 1712309
Chunk bitrate: 5 1000000
Buffer size: 6 24001
Download Time: 1099241
Chunk bitrate: 6 1000000
Buffer size: 7 28001
Download Time: 1197380
Chunk bitrate: 7 1000000
Buffer size: 8 32001
Download Time: 1361958
Chunk bitrate: 8 2000000
Buffer size: 8 36001
Chunk bitrate: 8 2000000
Buffer size: 9 36001
Download Time: 1938158
Chunk bitrate: 9 2000000
Buffer size: 10 40001
Download Time: 2118165
Chunk bitrate: 10 1000000
Buffer size: 10 44001
Chunk bitrate: 10 1000000
Buffer size: 11 44001
Download Time: 2094351
Chunk bitrate: 11 1000000
Buffer size: 12 48001
Download Time: 2548407
Chunk bitrate: 12 2000000
Buffer size: 12 52001
Chunk bitrate: 12 2000000
Buffer size: 13 52001
Download Time: 2183568
Chunk bitrate: 13 2000000
Buffer size: 14 56001
Download Time: 2046588
Chunk bitrate: 14 2000000
Buffer size: 15 60001
Download Time: 1823403
Chunk bitrate: 15 2000000
Buffer size: 16 64001
Download Time: 2194949
Chunk bitrate: 16 2000000
Buffer size: 17 68001
Download Time: 1656873
Chunk bitrate: 17 3000000
Buffer size: 17 72001
Chunk bitrate: 17 3000000
Buffer size: 18 72001
Download Time: 2275054
Chunk bitrate: 18 3000000
Buffer size: 19 76001
Download Time: 1289373
Chunk bitrate: 19 3000000
Buffer size: 20 80001
Download Time: 3506035
Chunk bitrate: 20 1000000
Buffer size: 20 84001
Chunk bitrate: 20 1000000
Buffer size: 21 84001
Download Time: 1179146
Chunk bitrate: 21 1000000
Buffer size: 22 88001
Download Time: 1383974
Chunk bitrate: 22 2000000
Buffer size: 22 92001
Chunk bitrate: 22 2000000
Buffer size: 23 92001
Download Time: 2492538
Chunk bitrate: 23 2000000
Buffer size: 24 96001
Download Time: 2040773
Chunk bitrate: 24 3000000
Buffer size: 24 100001
Chunk bitrate: 24 3000000
Buffer size: 25 100001
Download Time: 2058132
Chunk bitrate: 25 3000000
Buffer size: 26 104001
Download Time: 1952751
Chunk bitrate: 26 3000000
Buffer size: 27 108001
Download Time: 1238980
Chunk bitrate: 27 3000000
Buffer size: 28 112001
Download Time: 1942921
Chunk bitrate: 28 3000000
Buffer size: 29 116001
Download Time: 2414994
Chunk bitrate: 29 2000000
Buffer size: 29 120001
Chunk bitrate: 29 2000000
Buffer size: 30 120001
Download Time: 2663893
Chunk bitrate: 30 1000000
Buffer size: 30 124001
Chunk bitrate: 30 1000000
Buffer size: 31 124001
Download Time: 1540034
Chunk bitrate: 31 1000000
Buffer size: 32 128001
Download Time: 1788499
Chunk bitrate: 32 1000000
Buffer size: 33 132001
Download Time: 1456633
Chunk bitrate: 33 1000000
Buffer size: 34 136001
Download Time: 1599108
Chunk bitrate: 34 1000000
Buffer size: 35 140001
Download Time: 849911
Chunk bitrate: 35 3000000
Buffer size: 35 144001
Chunk bitrate: 35 3000000
Buffer size: 36 144001
Download Time: 1665227
Chunk bitrate: 36 3000000
Buffer size: 37 148001
Download Time: 2476122
Chunk bitrate: 37 3000000
Buffer size: 38 152001
Download Time: 2341826
Chunk bitrate: 38 3000000
Buffer size: 39 156001
Download Time: 2023169
Chunk bitrate: 39 3000000
Buffer size: 40 160001
Download Time: 3318575
Chunk bitrate: 40 1000000
Buffer size: 40 164001
Chunk bitrate: 40 1000000
Buffer size: 41 164001
Download Time: 1984630
Chunk bitrate: 41 1000000
Buffer size: 42 168001
Download Time: 1418204
Chunk bitrate: 42 1000000
Buffer size: 43 172001
Download Time: 1584358
Chunk bitrate: 43 1000000
Buffer size: 44 176001
Download Time: 1244032
Chunk bitrate: 44 1000000
Buffer size: 45 180001
Download Time: 1202042
Chunk bitrate: 45 2000000
Buffer size: 45 184001
Chunk bitrate: 45 2000000
Buffer size: 46 184001
Download Time: 2276038
Chunk bitrate: 46 2000000
Buffer size: 47 188001
Download Time: 1934626
Chunk bitrate: 47 3000000
Buffer size: 47 192001
Chunk bitrate: 47 3000000
Buffer size: 48 192001
Download Time: 1747141
Chunk bitrate: 48 3000000
Buffer size: 49 196001
Download Time: 2472730
Chunk bitrate: 49 3000000
Buffer size: 50 200001
Download Time: 3144742
Chunk bitrate: 50 1000000
Buffer size: 50 204001
Chunk bitrate: 50 1000000
Buffer size: 51 204001
Download Time: 1143497
[00007f11d0003378] core mux error: cannot add this stream
[00007f11d004b2b8] core decoder error: cannot create packetizer output (h264)
Chunk bitrate: 51 1000000
Buffer size: 52 208001
Download Time: 1267817
Chunk bitrate: 52 3000000
Buffer size: 52 212001
Chunk bitrate: 52 3000000
Buffer size: 53 212001
Download Time: 2143741
[00007f11d0003378] core mux error: cannot add this stream
[00007f11d019bc78] core decoder error: cannot create packetizer output (h264)
Chunk bitrate: 53 3000000
Buffer size: 54 216001
Download Time: 2269383
Chunk bitrate: 54 3000000
Buffer size: 55 220001
Download Time: 2044551
Chunk bitrate: 55 3000000
Buffer size: 56 224001
Download Time: 2238376
Chunk bitrate: 56 3000000
Buffer size: 57 228001
Download Time: 2892641
Chunk bitrate: 57 1000000
Buffer size: 57 232001
Chunk bitrate: 57 1000000
Buffer size: 58 232001
Download Time: 666600
[00007f11d0003378] core mux error: cannot add this stream
[00007f11d00a3f08] core decoder error: cannot create packetizer output (h264)
Chunk bitrate: 58 1000000
Buffer size: 59 236001
Download Time: 2451537
Chunk bitrate: 59 1000000
Buffer size: 60 240001
Download Time: 1601890
Chunk bitrate: 60 1000000
Buffer size: 61 244001
Download Time: 1672966
Chunk bitrate: 61 1000000
Buffer size: 62 248001
Download Time: 597234
Chunk bitrate: 62 1000000
Buffer size: 63 252001
Download Time: 545225
Chunk bitrate: 63 1000000
Buffer size: 64 256001
Download Time: 1159219
Chunk bitrate: 64 1000000
Buffer size: 65 260001
[00007f11d0003378] ps mux: Close
[00007f11d0080218] idummy demux: command `quit'
[00000000018a61e8] [cli] lua interface error: Error loading script /home/cs244/vlc/share/lua/intf/cli.luac: lua/intf/modules/host.lua:286: Interrupted.
