[00000000025c21e8] core interface error: no suitable interface module
[00000000024f9338] core libvlc error: interface "globalhotkeys,none" initialization failed
[00000000025c21e8] dbus interface error: Failed to connect to the D-Bus session daemon: Unable to autolaunch a dbus-daemon without a $DISPLAY for X11
[00000000025c21e8] core interface error: no suitable interface module
[00000000024f9338] core libvlc error: interface "dbus,none" initialization failed
[00000000024f9338] core libvlc: Running vlc with the default interface. Use 'cvlc' to use vlc without interface.
[00000000025c21e8] qt interface error: Could not connect to X server
[00000000025c21e8] skins2 interface error: cannot initialize OSFactory
[00000000025c21e8] [cli] lua interface: Listening on host "*console".
VLC media player 3.0.0-git Vetinari
Command Line Interface initialized. Type `help' for help.
> [00007f36dc003378] ps mux: Open
making a DASHManager
new ratebased adaptionlogic
Chunk bitrate: 0 349952
Buffer size: 0 0
Chunk bitrate: 0 349952
Buffer size: 0 0
[00007f36dc024648] mp4 demux: Fragment sequence discontinuity detected 0 != 2
Download Time: 294049
[00007f36dc027938] mp4 demux: Fragment sequence discontinuity detected 0 != 2
Startup Time: 1050000
Chunk bitrate: 0 3000000
Buffer size: 0 4001
Chunk bitrate: 0 3000000
Buffer size: 1 4001
Download Time: 2269256
Chunk bitrate: 1 3000000
Buffer size: 2 8001
Download Time: 1901064
Chunk bitrate: 2 3000000
Buffer size: 3 12001
Download Time: 4450165
Chunk bitrate: 3 1000000
Buffer size: 3 16001
Chunk bitrate: 3 1000000
Buffer size: 4 16001
Download Time: 1312100
Chunk bitrate: 4 1000000
Buffer size: 5 20001
Download Time: 1706065
Chunk bitrate: 5 1000000
Buffer size: 6 24001
Download Time: 1099042
Chunk bitrate: 6 1000000
Buffer size: 7 28001
Download Time: 1201213
Chunk bitrate: 7 2000000
Buffer size: 7 32001
Chunk bitrate: 7 2000000
Buffer size: 8 32001
Download Time: 888314
Chunk bitrate: 8 3000000
Buffer size: 8 36001
Chunk bitrate: 8 3000000
Buffer size: 9 36001
Download Time: 959895
Chunk bitrate: 9 3000000
Buffer size: 10 40001
Download Time: 1105116
Chunk bitrate: 10 3000000
Buffer size: 11 44001
Download Time: 963471
Chunk bitrate: 11 3000000
Buffer size: 12 48001
Download Time: 1330394
Chunk bitrate: 12 3000000
Buffer size: 13 52001
Download Time: 1115211
Chunk bitrate: 13 3000000
Buffer size: 14 56001
Download Time: 943296
Chunk bitrate: 14 3000000
Buffer size: 15 60001
Download Time: 888820
Chunk bitrate: 15 3000000
Buffer size: 16 64001
Download Time: 1097276
Chunk bitrate: 16 3000000
Buffer size: 17 68001
Download Time: 1967880
Chunk bitrate: 17 2000000
Buffer size: 17 72001
Chunk bitrate: 17 2000000
Buffer size: 18 72001
Download Time: 2073288
Chunk bitrate: 18 2000000
Buffer size: 19 76001
Download Time: 1377025
Chunk bitrate: 19 2000000
Buffer size: 20 80001
Download Time: 2143701
Chunk bitrate: 20 2000000
Buffer size: 21 84001
Download Time: 1309654
Chunk bitrate: 21 2000000
Buffer size: 22 88001
Download Time: 1656702
Chunk bitrate: 22 3000000
Buffer size: 22 92001
Chunk bitrate: 22 3000000
Buffer size: 23 92001
Download Time: 2344254
Chunk bitrate: 23 3000000
Buffer size: 24 96001
Download Time: 2085422
Chunk bitrate: 24 3000000
Buffer size: 25 100001
Download Time: 2059841
Chunk bitrate: 25 3000000
Buffer size: 26 104001
Download Time: 1946857
Chunk bitrate: 26 3000000
Buffer size: 27 108001
Download Time: 1530717
Chunk bitrate: 27 2000000
Buffer size: 27 112001
Chunk bitrate: 27 2000000
Buffer size: 28 112001
Download Time: 2034127
Chunk bitrate: 28 2000000
Buffer size: 29 116001
Download Time: 2463640
Chunk bitrate: 29 2000000
Buffer size: 30 120001
Download Time: 1600159
Chunk bitrate: 30 2000000
Buffer size: 31 124001
Download Time: 1736341
Chunk bitrate: 31 2000000
Buffer size: 32 128001
Download Time: 2080680
Chunk bitrate: 32 3000000
Buffer size: 32 132001
Chunk bitrate: 32 3000000
Buffer size: 33 132001
Download Time: 2321716
Chunk bitrate: 33 3000000
Buffer size: 34 136001
Download Time: 1824848
Chunk bitrate: 34 3000000
Buffer size: 35 140001
Download Time: 1036024
Chunk bitrate: 35 3000000
Buffer size: 36 144001
Download Time: 834101
Chunk bitrate: 36 3000000
Buffer size: 37 148001
Download Time: 1240384
Chunk bitrate: 37 3000000
Buffer size: 38 152001
Download Time: 1172508
Chunk bitrate: 38 3000000
Buffer size: 39 156001
Download Time: 3692738
Chunk bitrate: 39 1000000
Buffer size: 39 160001
Chunk bitrate: 39 1000000
Buffer size: 40 160001
Download Time: 1139711
Chunk bitrate: 40 1000000
Buffer size: 41 164001
Download Time: 1206756
Chunk bitrate: 41 2000000
Buffer size: 41 168001
Chunk bitrate: 41 2000000
Buffer size: 42 168001
Download Time: 1920414
Chunk bitrate: 42 2000000
Buffer size: 43 172001
Download Time: 2005243
Chunk bitrate: 43 3000000
Buffer size: 43 176001
Chunk bitrate: 43 3000000
Buffer size: 44 176001
Download Time: 882827
Chunk bitrate: 44 3000000
Buffer size: 45 180001
Download Time: 1051873
Chunk bitrate: 45 3000000
Buffer size: 46 184001
Download Time: 1120014
Chunk bitrate: 46 3000000
Buffer size: 47 188001
Download Time: 1046645
Chunk bitrate: 47 3000000
Buffer size: 48 192001
Download Time: 1628641
Chunk bitrate: 48 2000000
Buffer size: 48 196001
Chunk bitrate: 48 2000000
Buffer size: 49 196001
Download Time: 2457001
Chunk bitrate: 49 2000000
Buffer size: 50 200001
Download Time: 2033108
Chunk bitrate: 50 2000000
Buffer size: 51 204001
Download Time: 1656131
Chunk bitrate: 51 2000000
Buffer size: 52 208001
Download Time: 2234091
Chunk bitrate: 52 2000000
Buffer size: 53 212001
Download Time: 722233
Chunk bitrate: 53 3000000
Buffer size: 53 216001
Chunk bitrate: 53 3000000
Buffer size: 54 216001
Download Time: 1136955
Chunk bitrate: 54 3000000
Buffer size: 55 220001
Download Time: 1024069
Chunk bitrate: 55 3000000
Buffer size: 56 224001
Download Time: 1122428
Chunk bitrate: 56 3000000
Buffer size: 57 228001
Download Time: 774291
Chunk bitrate: 57 3000000
Buffer size: 58 232001
Download Time: 328952
Chunk bitrate: 58 3000000
Buffer size: 59 236001
Download Time: 1199689
Chunk bitrate: 59 3000000
Buffer size: 60 240001
Download Time: 916102
Chunk bitrate: 60 3000000
Buffer size: 61 244001
Download Time: 955066
Chunk bitrate: 61 3000000
Buffer size: 62 248001
Download Time: 321007
Chunk bitrate: 62 3000000
Buffer size: 63 252001
Download Time: 227281
Chunk bitrate: 63 3000000
Buffer size: 64 256001
Download Time: 402661
Chunk bitrate: 64 3000000
Buffer size: 65 260001
[00007f36dc003378] ps mux: Close
[00007f36dc051398] idummy demux: command `quit'
[00000000025c21e8] [cli] lua interface error: Error loading script /home/cs244/vlc/share/lua/intf/cli.luac: lua/intf/modules/host.lua:286: Interrupted.
