[00000000018a81e8] core interface error: no suitable interface module
[00000000017df338] core libvlc error: interface "globalhotkeys,none" initialization failed
[00000000018a81e8] dbus interface error: Failed to connect to the D-Bus session daemon: Unable to autolaunch a dbus-daemon without a $DISPLAY for X11
[00000000018a81e8] core interface error: no suitable interface module
[00000000017df338] core libvlc error: interface "dbus,none" initialization failed
[00000000017df338] core libvlc: Running vlc with the default interface. Use 'cvlc' to use vlc without interface.
[00000000018a81e8] qt interface error: Could not connect to X server
[00000000018a81e8] skins2 interface error: cannot initialize OSFactory
[00000000018a81e8] [cli] lua interface: Listening on host "*console".
VLC media player 3.0.0-git Vetinari
Command Line Interface initialized. Type `help' for help.
> [00007f74a4003378] ps mux: Open
making a DASHManager
new ratebased adaptionlogic
Chunk bitrate: 0 349952
Buffer size: 0 0
Chunk bitrate: 0 349952
Buffer size: 0 0
[00007f74a401a558] mp4 demux: Fragment sequence discontinuity detected 0 != 2
Download Time: 293932
[00007f74a4018c88] mp4 demux: Fragment sequence discontinuity detected 0 != 2
Startup Time: 1050000
Chunk bitrate: 0 3000000
Buffer size: 0 4001
Chunk bitrate: 0 3000000
Buffer size: 1 4001
Download Time: 2270746
Chunk bitrate: 1 3000000
Buffer size: 2 8001
Download Time: 1901364
Chunk bitrate: 2 3000000
Buffer size: 3 12001
Download Time: 4482150
Chunk bitrate: 3 1000000
Buffer size: 3 16001
Chunk bitrate: 3 1000000
Buffer size: 4 16001
Download Time: 1312651
Chunk bitrate: 4 1000000
Buffer size: 5 20001
Download Time: 1710503
Chunk bitrate: 5 1000000
Buffer size: 6 24001
Download Time: 1104654
Chunk bitrate: 6 1000000
Buffer size: 7 28001
Download Time: 1179907
Chunk bitrate: 7 3000000
Buffer size: 7 32001
Chunk bitrate: 7 3000000
Buffer size: 8 32001
Download Time: 2617425
Chunk bitrate: 8 3000000
Buffer size: 9 36001
Download Time: 1915757
Chunk bitrate: 9 3000000
Buffer size: 10 40001
Download Time: 2206979
Chunk bitrate: 10 3000000
Buffer size: 11 44001
Download Time: 1921174
Chunk bitrate: 11 3000000
Buffer size: 12 48001
Download Time: 4281528
Chunk bitrate: 12 1000000
Buffer size: 12 52001
Chunk bitrate: 12 1000000
Buffer size: 13 52001
Download Time: 1550953
Chunk bitrate: 13 1000000
Buffer size: 14 56001
Download Time: 667807
Chunk bitrate: 14 3000000
Buffer size: 14 60001
Chunk bitrate: 14 3000000
Buffer size: 15 60001
Download Time: 1776260
Chunk bitrate: 15 3000000
Buffer size: 16 64001
Download Time: 2189548
Chunk bitrate: 16 3000000
Buffer size: 17 68001
Download Time: 4283270
Chunk bitrate: 17 1000000
Buffer size: 17 72001
Chunk bitrate: 17 1000000
Buffer size: 18 72001
Download Time: 1222716
Chunk bitrate: 18 3000000
Buffer size: 18 76001
Chunk bitrate: 18 3000000
Buffer size: 19 76001
Download Time: 1290793
Chunk bitrate: 19 3000000
Buffer size: 20 80001
Download Time: 1965463
Chunk bitrate: 20 3000000
Buffer size: 21 84001
Download Time: 1202401
Chunk bitrate: 21 3000000
Buffer size: 22 88001
Download Time: 1780756
Chunk bitrate: 22 3000000
Buffer size: 23 92001
Download Time: 2344886
Chunk bitrate: 23 3000000
Buffer size: 24 96001
Download Time: 4302214
Chunk bitrate: 24 1000000
Buffer size: 24 100001
Chunk bitrate: 24 1000000
Buffer size: 25 100001
Download Time: 1592192
Chunk bitrate: 25 1000000
Buffer size: 26 104001
Download Time: 1338702
Chunk bitrate: 26 1000000
Buffer size: 27 108001
Download Time: 799998
Chunk bitrate: 27 1000000
Buffer size: 28 112001
Download Time: 1575872
Chunk bitrate: 28 1000000
Buffer size: 29 116001
Download Time: 988590
Chunk bitrate: 29 3000000
Buffer size: 29 120001
Chunk bitrate: 29 3000000
Buffer size: 30 120001
Download Time: 1506319
Chunk bitrate: 30 3000000
Buffer size: 31 124001
Download Time: 1526338
Chunk bitrate: 31 3000000
Buffer size: 32 128001
Download Time: 3091587
Chunk bitrate: 32 2000000
Buffer size: 32 132001
Chunk bitrate: 32 2000000
Buffer size: 33 132001
Download Time: 2117372
Chunk bitrate: 33 2000000
Buffer size: 34 136001
Download Time: 1790895
Chunk bitrate: 34 3000000
Buffer size: 34 140001
Chunk bitrate: 34 3000000
Buffer size: 35 140001
Download Time: 2069552
Chunk bitrate: 35 3000000
Buffer size: 36 144001
Download Time: 1664776
Chunk bitrate: 36 3000000
Buffer size: 37 148001
Download Time: 1327429
Chunk bitrate: 37 3000000
Buffer size: 38 152001
Download Time: 1173030
Chunk bitrate: 38 3000000
Buffer size: 39 156001
Download Time: 1014699
Chunk bitrate: 39 3000000
Buffer size: 40 160001
Download Time: 869156
Chunk bitrate: 40 3000000
Buffer size: 41 164001
Download Time: 2194670
Chunk bitrate: 41 2000000
Buffer size: 41 168001
Chunk bitrate: 41 2000000
Buffer size: 42 168001
Download Time: 1923129
Chunk bitrate: 42 2000000
Buffer size: 43 172001
Download Time: 2447551
Chunk bitrate: 43 2000000
Buffer size: 44 176001
Download Time: 1881926
Chunk bitrate: 44 2000000
Buffer size: 45 180001
Download Time: 1977710
Chunk bitrate: 45 3000000
Buffer size: 45 184001
Chunk bitrate: 45 3000000
Buffer size: 46 184001
Download Time: 2238155
Chunk bitrate: 46 3000000
Buffer size: 47 188001
Download Time: 2089109
Chunk bitrate: 47 3000000
Buffer size: 48 192001
Download Time: 1080873
Chunk bitrate: 48 3000000
Buffer size: 49 196001
Download Time: 1237912
Chunk bitrate: 49 3000000
Buffer size: 50 200001
Download Time: 939960
Chunk bitrate: 50 3000000
Buffer size: 51 204001
Download Time: 775991
Chunk bitrate: 51 3000000
Buffer size: 52 208001
Download Time: 1138095
Chunk bitrate: 52 3000000
Buffer size: 53 212001
Download Time: 3061485
Chunk bitrate: 53 2000000
Buffer size: 53 216001
Chunk bitrate: 53 2000000
Buffer size: 54 216001
Download Time: 2240985
Chunk bitrate: 54 2000000
Buffer size: 55 220001
Download Time: 2153227
Chunk bitrate: 55 2000000
Buffer size: 56 224001
Download Time: 2430087
Chunk bitrate: 56 3000000
Buffer size: 56 228001
Chunk bitrate: 56 3000000
Buffer size: 57 228001
Download Time: 1544967
Chunk bitrate: 57 3000000
Buffer size: 58 232001
Download Time: 653170
Chunk bitrate: 58 3000000
Buffer size: 59 236001
Download Time: 2394251
Chunk bitrate: 59 3000000
Buffer size: 60 240001
Download Time: 933052
Chunk bitrate: 60 3000000
Buffer size: 61 244001
Download Time: 953606
Chunk bitrate: 61 3000000
Buffer size: 62 248001
Download Time: 322008
Chunk bitrate: 62 3000000
Buffer size: 63 252001
Download Time: 228285
Chunk bitrate: 63 3000000
Buffer size: 64 256001
Download Time: 401975
Chunk bitrate: 64 3000000
Buffer size: 65 260001
[00007f74a4003378] ps mux: Close
[00007f74a0000e98] idummy demux: command `quit'
[00000000018a81e8] [cli] lua interface error: Error loading script /home/cs244/vlc/share/lua/intf/cli.luac: lua/intf/modules/host.lua:286: Interrupted.
