[00000000009e51e8] core interface error: no suitable interface module
[000000000091c338] core libvlc error: interface "globalhotkeys,none" initialization failed
[00000000009e51e8] dbus interface error: Failed to connect to the D-Bus session daemon: Unable to autolaunch a dbus-daemon without a $DISPLAY for X11
[00000000009e51e8] core interface error: no suitable interface module
[000000000091c338] core libvlc error: interface "dbus,none" initialization failed
[000000000091c338] core libvlc: Running vlc with the default interface. Use 'cvlc' to use vlc without interface.
[00000000009e51e8] qt interface error: Could not connect to X server
[00000000009e51e8] skins2 interface error: cannot initialize OSFactory
[00007f22a0003378] ps mux: Open
[00000000009e51e8] [cli] lua interface: Listening on host "*console".
VLC media player 3.0.0-git Vetinari
Command Line Interface initialized. Type `help' for help.
> making a DASHManager
new ratebased adaptionlogic
Chunk bitrate: 0 349952
Buffer size: 0 0
Chunk bitrate: 0 349952
Buffer size: 0 0
[00007f22a0019498] mp4 demux: Fragment sequence discontinuity detected 0 != 2
Download Time: 875842
[00007f22a0023f18] mp4 demux: Fragment sequence discontinuity detected 0 != 2
Startup Time: 1050000
Chunk bitrate: 0 1000000
Buffer size: 0 4001
Chunk bitrate: 0 1000000
Buffer size: 1 4001
Download Time: 2417872
Chunk bitrate: 1 1000000
Buffer size: 2 8001
Download Time: 1580981
Chunk bitrate: 2 1000000
Buffer size: 3 12001
Download Time: 1543471
Chunk bitrate: 3 1000000
Buffer size: 4 16001
Download Time: 1306701
Chunk bitrate: 4 1000000
Buffer size: 5 20001
Download Time: 1965210
Chunk bitrate: 5 600000
Buffer size: 5 24001
Chunk bitrate: 5 600000
Buffer size: 6 24001
Download Time: 1530387
Chunk bitrate: 6 600000
Buffer size: 7 28001
Download Time: 1705681
Chunk bitrate: 7 600000
Buffer size: 8 32001
Download Time: 1592121
Chunk bitrate: 8 1000000
Buffer size: 8 36001
Chunk bitrate: 8 1000000
Buffer size: 9 36001
Download Time: 2201646
Chunk bitrate: 9 1000000
Buffer size: 10 40001
Download Time: 1794691
Chunk bitrate: 10 1000000
Buffer size: 11 44001
Download Time: 1394278
Chunk bitrate: 11 1000000
Buffer size: 12 48001
Download Time: 1728667
Chunk bitrate: 12 1000000
Buffer size: 13 52001
Download Time: 1832413
Chunk bitrate: 13 600000
Buffer size: 13 56001
Chunk bitrate: 13 600000
Buffer size: 14 56001
Download Time: 1970699
Chunk bitrate: 14 600000
Buffer size: 15 60001
Download Time: 1787053
Chunk bitrate: 15 600000
Buffer size: 16 64001
Download Time: 1313313
Chunk bitrate: 16 1000000
Buffer size: 16 68001
Chunk bitrate: 16 1000000
Buffer size: 17 68001
Download Time: 1931146
Chunk bitrate: 17 1000000
Buffer size: 18 72001
Download Time: 2041523
Chunk bitrate: 18 1000000
Buffer size: 19 76001
Download Time: 852707
Chunk bitrate: 19 1000000
Buffer size: 20 80001
Download Time: 1461236
Chunk bitrate: 20 1000000
Buffer size: 21 84001
Download Time: 944551
Chunk bitrate: 21 1000000
Buffer size: 22 88001
Download Time: 1941409
Chunk bitrate: 22 600000
Buffer size: 22 92001
Chunk bitrate: 22 600000
Buffer size: 23 92001
Download Time: 2285891
Chunk bitrate: 23 600000
Buffer size: 24 96001
Download Time: 1765455
Chunk bitrate: 24 1000000
Buffer size: 24 100001
Chunk bitrate: 24 1000000
Buffer size: 25 100001
Download Time: 2039886
Chunk bitrate: 25 1000000
Buffer size: 26 104001
Download Time: 2004205
Chunk bitrate: 26 1000000
Buffer size: 27 108001
Download Time: 795752
Chunk bitrate: 27 1000000
Buffer size: 28 112001
Download Time: 1571940
Chunk bitrate: 28 1000000
Buffer size: 29 116001
Download Time: 1524272
Chunk bitrate: 29 1000000
Buffer size: 30 120001
Download Time: 1579881
Chunk bitrate: 30 600000
Buffer size: 30 124001
Chunk bitrate: 30 600000
Buffer size: 31 124001
Download Time: 1718140
Chunk bitrate: 31 600000
Buffer size: 32 128001
Download Time: 2087099
Chunk bitrate: 32 1000000
Buffer size: 32 132001
Chunk bitrate: 32 1000000
Buffer size: 33 132001
Download Time: 2190332
Chunk bitrate: 33 1000000
Buffer size: 34 136001
Download Time: 2387945
Chunk bitrate: 34 1000000
Buffer size: 35 140001
Download Time: 1388788
Chunk bitrate: 35 1000000
Buffer size: 36 144001
Download Time: 1150768
Chunk bitrate: 36 1000000
Buffer size: 37 148001
Download Time: 1631162
Chunk bitrate: 37 1000000
Buffer size: 38 152001
Download Time: 3094207
Chunk bitrate: 38 1000000
Buffer size: 39 156001
Download Time: 2738693
Chunk bitrate: 39 1000000
Buffer size: 40 160001
Download Time: 1705831
Chunk bitrate: 40 1000000
Buffer size: 41 164001
Download Time: 2372788
Chunk bitrate: 41 1000000
Buffer size: 42 168001
Download Time: 1399756
Chunk bitrate: 42 1000000
Buffer size: 43 172001
Download Time: 1584083
Chunk bitrate: 43 1000000
Buffer size: 44 176001
Download Time: 1244137
Chunk bitrate: 44 1000000
Buffer size: 45 180001
Download Time: 1411560
Chunk bitrate: 45 1000000
Buffer size: 46 184001
Download Time: 1467757
Chunk bitrate: 46 1000000
Buffer size: 47 188001
Download Time: 1508334
Chunk bitrate: 47 1000000
Buffer size: 48 192001
Download Time: 1565057
Chunk bitrate: 48 600000
Buffer size: 48 196001
Chunk bitrate: 48 600000
Buffer size: 49 196001
Download Time: 2290172
Chunk bitrate: 49 600000
Buffer size: 50 200001
Download Time: 1871518
Chunk bitrate: 50 1000000
Buffer size: 50 204001
Chunk bitrate: 50 1000000
Buffer size: 51 204001
Download Time: 1709982
Chunk bitrate: 51 1000000
Buffer size: 52 208001
Download Time: 2152881
Chunk bitrate: 52 1000000
Buffer size: 53 212001
Download Time: 1369800
Chunk bitrate: 53 1000000
Buffer size: 54 216001
Download Time: 1599814
Chunk bitrate: 54 1000000
Buffer size: 55 220001
Download Time: 1455677
Chunk bitrate: 55 1000000
Buffer size: 56 224001
Download Time: 2918412
Chunk bitrate: 56 600000
Buffer size: 56 228001
Chunk bitrate: 56 600000
Buffer size: 57 228001
Download Time: 1421795
Chunk bitrate: 57 600000
Buffer size: 58 232001
Download Time: 606968
Chunk bitrate: 58 600000
Buffer size: 59 236001
Download Time: 1610745
Chunk bitrate: 59 1000000
Buffer size: 59 240001
Chunk bitrate: 59 1000000
Buffer size: 60 240001
Download Time: 1919762
Chunk bitrate: 60 1000000
Buffer size: 61 244001
Download Time: 1706691
Chunk bitrate: 61 1000000
Buffer size: 62 248001
Download Time: 484041
Chunk bitrate: 62 1000000
Buffer size: 63 252001
Download Time: 360447
Chunk bitrate: 63 1000000
Buffer size: 64 256001
Download Time: 664386
Chunk bitrate: 64 1000000
Buffer size: 65 260001
[00007f22a0003378] ps mux: Close
[00007f229c001758] idummy demux: command `quit'
[00000000009e51e8] [cli] lua interface error: Error loading script /home/cs244/vlc/share/lua/intf/cli.luac: lua/intf/modules/host.lua:286: Interrupted.
