[00000000016da548] core interface error: no suitable interface module
[0000000001613338] core libvlc error: interface "globalhotkeys,none" initialization failed
[00000000016da548] dbus interface error: Failed to connect to the D-Bus session daemon: Unable to autolaunch a dbus-daemon without a $DISPLAY for X11
[00000000016da548] core interface error: no suitable interface module
[0000000001613338] core libvlc error: interface "dbus,none" initialization failed
[0000000001613338] core libvlc: Running vlc with the default interface. Use 'cvlc' to use vlc without interface.
[00000000016da548] qt interface error: Could not connect to X server
[00000000016da548] skins2 interface error: cannot initialize OSFactory
[00000000016da548] [cli] lua interface: Listening on host "*console".
VLC media player 3.0.0-git Vetinari
Command Line Interface initialized. Type `help' for help.
> [00007fd994003378] ps mux: Open
making a DASHManager
new ratebased adaptionlogic
Chunk bitrate: 0 349952
Buffer size: 0 0
Chunk bitrate: 0 349952
Buffer size: 0 0
[00007fd99401a3d8] mp4 demux: Fragment sequence discontinuity detected 0 != 2
Download Time: 148781
[00007fd994019908] mp4 demux: Fragment sequence discontinuity detected 0 != 2
Startup Time: 1050000
Chunk bitrate: 0 3000000
Buffer size: 0 4001
Chunk bitrate: 0 3000000
Buffer size: 1 4001
Download Time: 1136905
Chunk bitrate: 1 3000000
Buffer size: 2 8001
Download Time: 952773
Chunk bitrate: 2 3000000
Buffer size: 3 12001
Download Time: 1168823
Chunk bitrate: 3 3000000
Buffer size: 4 16001
Download Time: 976602
Chunk bitrate: 4 3000000
Buffer size: 5 20001
Download Time: 3324148
Chunk bitrate: 5 2000000
Buffer size: 5 24001
Chunk bitrate: 5 2000000
Buffer size: 6 24001
Download Time: 1592719
Chunk bitrate: 6 2000000
Buffer size: 7 28001
Download Time: 1205378
Chunk bitrate: 7 3000000
Buffer size: 7 32001
Chunk bitrate: 7 3000000
Buffer size: 8 32001
Download Time: 2615142
Chunk bitrate: 8 3000000
Buffer size: 9 36001
Download Time: 1546362
Chunk bitrate: 9 3000000
Buffer size: 10 40001
Download Time: 1105849
Download Time: 27604
Chunk bitrate: 10 3000000
Buffer size: 11 44001
Download Time: 962280
Chunk bitrate: 11 3000000
Buffer size: 12 48001
Download Time: 1331006
Chunk bitrate: 12 3000000
Buffer size: 13 52001
Download Time: 1126816
Chunk bitrate: 13 3000000
Buffer size: 14 56001
Download Time: 1880345
Chunk bitrate: 14 3000000
Buffer size: 15 60001
Download Time: 1773305
Chunk bitrate: 15 3000000
Buffer size: 16 64001
Download Time: 2701467
Chunk bitrate: 16 2000000
Buffer size: 16 68001
Chunk bitrate: 16 2000000
Buffer size: 17 68001
Download Time: 1820728
Chunk bitrate: 17 2000000
Buffer size: 18 72001
Download Time: 1875850
Chunk bitrate: 18 3000000
Buffer size: 18 76001
Chunk bitrate: 18 3000000
Buffer size: 19 76001
Download Time: 1289656
Chunk bitrate: 19 3000000
Buffer size: 20 80001
Download Time: 1963741
Chunk bitrate: 20 3000000
Buffer size: 21 84001
Download Time: 1213280
Chunk bitrate: 21 2000000
Buffer size: 21 88001
Chunk bitrate: 21 2000000
Buffer size: 22 88001
Download Time: 1977013
Chunk bitrate: 22 2000000
Buffer size: 23 92001
Download Time: 2492794
Chunk bitrate: 23 2000000
Buffer size: 24 96001
Download Time: 1475473
Chunk bitrate: 24 3000000
Buffer size: 24 100001
Chunk bitrate: 24 3000000
Buffer size: 25 100001
Download Time: 2057792
Chunk bitrate: 25 3000000
Buffer size: 26 104001
Download Time: 1779884
Chunk bitrate: 26 3000000
Buffer size: 27 108001
Download Time: 622364
Chunk bitrate: 27 3000000
Buffer size: 28 112001
Download Time: 974517
Chunk bitrate: 28 3000000
Buffer size: 29 116001
Download Time: 1210425
Chunk bitrate: 29 3000000
Buffer size: 30 120001
Download Time: 754929
Chunk bitrate: 30 3000000
Buffer size: 31 124001
Download Time: 764894
Chunk bitrate: 31 3000000
Buffer size: 32 128001
Download Time: 3101836
Chunk bitrate: 32 2000000
Buffer size: 32 132001
Chunk bitrate: 32 2000000
Buffer size: 33 132001
Download Time: 2114321
Chunk bitrate: 33 2000000
Buffer size: 34 136001
Download Time: 2247716
Chunk bitrate: 34 2000000
Buffer size: 35 140001
Download Time: 2246798
Chunk bitrate: 35 2000000
Buffer size: 36 144001
Download Time: 1188256
Chunk bitrate: 36 3000000
Buffer size: 36 148001
Download Time: 8534
Chunk bitrate: 36 3000000
Buffer size: 37 148001
Download Time: 2475695
Chunk bitrate: 37 3000000
Buffer size: 38 152001
Download Time: 1899264
Chunk bitrate: 38 3000000
Buffer size: 39 156001
Download Time: 1012661
Chunk bitrate: 39 3000000
Buffer size: 40 160001
Download Time: 868729
Chunk bitrate: 40 3000000
Buffer size: 41 164001
Download Time: 1175033
Chunk bitrate: 41 3000000
Buffer size: 42 168001
Download Time: 976264
Chunk bitrate: 42 3000000
Buffer size: 43 172001
Download Time: 2821749
Chunk bitrate: 43 2000000
Buffer size: 43 176001
Chunk bitrate: 43 2000000
Buffer size: 44 176001
Download Time: 1881082
Chunk bitrate: 44 2000000
Buffer size: 45 180001
Download Time: 1518594
Chunk bitrate: 45 3000000
Buffer size: 45 184001
Chunk bitrate: 45 3000000
Buffer size: 46 184001
Download Time: 2238285
Chunk bitrate: 46 3000000
Buffer size: 47 188001
Download Time: 1865084
Chunk bitrate: 47 3000000
Buffer size: 48 192001
Download Time: 875435
Chunk bitrate: 48 3000000
Buffer size: 49 196001
Download Time: 1237356
Chunk bitrate: 49 3000000
Buffer size: 50 200001
Download Time: 939800
Chunk bitrate: 50 3000000
Buffer size: 51 204001
Download Time: 778202
Chunk bitrate: 51 3000000
Buffer size: 52 208001
Download Time: 1825710
Chunk bitrate: 52 2000000
Buffer size: 52 212001
Chunk bitrate: 52 2000000
Buffer size: 53 212001
Download Time: 1961852
Chunk bitrate: 53 2000000
Buffer size: 54 216001
Download Time: 2103068
Chunk bitrate: 54 3000000
Buffer size: 54 220001
Chunk bitrate: 54 3000000
Buffer size: 55 220001
Download Time: 2044516
Chunk bitrate: 55 3000000
Buffer size: 56 224001
Download Time: 2239973
Chunk bitrate: 56 3000000
Buffer size: 57 228001
Download Time: 1546644
Chunk bitrate: 57 3000000
Buffer size: 58 232001
Download Time: 651135
Chunk bitrate: 58 3000000
Buffer size: 59 236001
Download Time: 2393763
Chunk bitrate: 59 3000000
Buffer size: 60 240001
Download Time: 1179529
Chunk bitrate: 60 3000000
Buffer size: 61 244001
Download Time: 954426
Chunk bitrate: 61 3000000
Buffer size: 62 248001
Download Time: 322693
Chunk bitrate: 62 3000000
Buffer size: 63 252001
Download Time: 228475
Chunk bitrate: 63 3000000
Buffer size: 64 256001
Download Time: 402466
Chunk bitrate: 64 3000000
Buffer size: 65 260001
[00007fd994003378] ps mux: Close
[00007fd990001558] idummy demux: command `quit'
[00000000016da548] [cli] lua interface error: Error loading script /home/cs244/vlc/share/lua/intf/cli.luac: lua/intf/modules/host.lua:286: Interrupted.
