[0000000001e811e8] core interface error: no suitable interface module
[0000000001db8338] core libvlc error: interface "globalhotkeys,none" initialization failed
[0000000001e811e8] dbus interface error: Failed to connect to the D-Bus session daemon: Unable to autolaunch a dbus-daemon without a $DISPLAY for X11
[0000000001e811e8] core interface error: no suitable interface module
[0000000001db8338] core libvlc error: interface "dbus,none" initialization failed
[0000000001db8338] core libvlc: Running vlc with the default interface. Use 'cvlc' to use vlc without interface.
[0000000001e811e8] qt interface error: Could not connect to X server
[0000000001e811e8] skins2 interface error: cannot initialize OSFactory
[0000000001e811e8] [cli] lua interface: Listening on host "*console".
VLC media player 3.0.0-git Vetinari
Command Line Interface initialized. Type `help' for help.
> [00007fc8ac003378] ps mux: Open
making a DASHManager
new ratebased adaptionlogic
Chunk bitrate: 0 349952
Buffer size: 0 0
Chunk bitrate: 0 349952
Buffer size: 0 0
[00007fc8ac023718] mp4 demux: Fragment sequence discontinuity detected 0 != 2
Download Time: 881741
[00007fc8ac01a8a8] mp4 demux: Fragment sequence discontinuity detected 0 != 2
Startup Time: 1050000
Chunk bitrate: 0 1000000
Buffer size: 0 4001
Chunk bitrate: 0 1000000
Buffer size: 1 4001
Download Time: 2418678
Chunk bitrate: 1 1000000
Buffer size: 2 8001
Download Time: 1448782
Chunk bitrate: 2 2000000
Buffer size: 2 12001
Chunk bitrate: 2 2000000
Buffer size: 3 12001
Download Time: 2394048
Chunk bitrate: 3 2000000
Buffer size: 4 16001
Download Time: 1880920
Chunk bitrate: 4 2000000
Buffer size: 5 20001
Download Time: 1772390
Chunk bitrate: 5 3000000
Buffer size: 5 24001
Chunk bitrate: 5 3000000
Buffer size: 6 24001
Download Time: 1683995
Chunk bitrate: 6 3000000
Buffer size: 7 28001
Download Time: 1626466
Chunk bitrate: 7 3000000
Buffer size: 8 32001
Download Time: 1310496
Chunk bitrate: 8 3000000
Buffer size: 9 36001
Download Time: 958999
Chunk bitrate: 9 3000000
Buffer size: 10 40001
Download Time: 1106433
Chunk bitrate: 10 3000000
Buffer size: 11 44001
Download Time: 961856
Chunk bitrate: 11 3000000
Buffer size: 12 48001
Download Time: 4759718
Chunk bitrate: 12 1000000
Buffer size: 12 52001
Chunk bitrate: 12 1000000
Buffer size: 13 52001
Download Time: 1665748
Chunk bitrate: 13 1000000
Buffer size: 14 56001
Download Time: 1330191
Chunk bitrate: 14 1000000
Buffer size: 15 60001
Download Time: 1167129
Chunk bitrate: 15 1000000
Buffer size: 16 64001
Download Time: 1322318
Chunk bitrate: 16 3000000
Buffer size: 16 68001
Chunk bitrate: 16 3000000
Buffer size: 17 68001
Download Time: 1824298
Chunk bitrate: 17 3000000
Buffer size: 18 72001
Download Time: 2275249
Chunk bitrate: 18 3000000
Buffer size: 19 76001
Download Time: 902725
Chunk bitrate: 19 3000000
Buffer size: 20 80001
Download Time: 984159
Chunk bitrate: 20 3000000
Buffer size: 21 84001
Download Time: 602515
Chunk bitrate: 21 3000000
Buffer size: 22 88001
Download Time: 892078
Chunk bitrate: 22 3000000
Buffer size: 23 92001
Download Time: 1173737
Chunk bitrate: 23 3000000
Buffer size: 24 96001
Download Time: 1546968
Chunk bitrate: 24 2000000
Buffer size: 24 100001
Chunk bitrate: 24 2000000
Buffer size: 25 100001
Download Time: 2069393
Chunk bitrate: 25 2000000
Buffer size: 26 104001
Download Time: 1929502
Chunk bitrate: 26 2000000
Buffer size: 27 108001
Download Time: 868033
Chunk bitrate: 27 3000000
Buffer size: 27 112001
Chunk bitrate: 27 3000000
Buffer size: 28 112001
Download Time: 1944247
Chunk bitrate: 28 3000000
Buffer size: 29 116001
Download Time: 3095925
Chunk bitrate: 29 1000000
Buffer size: 29 120001
Chunk bitrate: 29 1000000
Buffer size: 30 120001
Download Time: 1656642
Chunk bitrate: 30 1000000
Buffer size: 31 124001
Download Time: 1854664
Chunk bitrate: 31 1000000
Buffer size: 32 128001
Download Time: 1698792
Chunk bitrate: 32 1000000
Buffer size: 33 132001
Download Time: 1456854
Chunk bitrate: 33 1000000
Buffer size: 34 136001
Download Time: 1600485
Chunk bitrate: 34 2000000
Buffer size: 34 140001
Chunk bitrate: 34 2000000
Buffer size: 35 140001
Download Time: 751626
Chunk bitrate: 35 3000000
Buffer size: 35 144001
Chunk bitrate: 35 3000000
Buffer size: 36 144001
Download Time: 834046
Chunk bitrate: 36 3000000
Buffer size: 37 148001
Download Time: 1240077
Chunk bitrate: 37 3000000
Buffer size: 38 152001
Download Time: 1173255
Chunk bitrate: 38 3000000
Buffer size: 39 156001
Download Time: 2083930
Chunk bitrate: 39 1000000
Buffer size: 39 160001
Chunk bitrate: 39 1000000
Buffer size: 40 160001
Download Time: 1716044
Chunk bitrate: 40 1000000
Buffer size: 41 164001
Download Time: 2146049
Chunk bitrate: 41 1000000
Buffer size: 42 168001
Download Time: 1399699
Chunk bitrate: 42 1000000
Buffer size: 43 172001
Download Time: 1588563
Chunk bitrate: 43 1000000
Buffer size: 44 176001
Download Time: 1243857
Chunk bitrate: 44 3000000
Buffer size: 44 180001
Chunk bitrate: 44 3000000
Buffer size: 45 180001
Download Time: 2099025
Chunk bitrate: 45 3000000
Buffer size: 46 184001
Download Time: 2237648
Chunk bitrate: 46 3000000
Buffer size: 47 188001
Download Time: 1293243
Chunk bitrate: 47 3000000
Buffer size: 48 192001
Download Time: 875662
Chunk bitrate: 48 3000000
Buffer size: 49 196001
Download Time: 1237891
Chunk bitrate: 49 3000000
Buffer size: 50 200001
Download Time: 938992
Chunk bitrate: 50 3000000
Buffer size: 51 204001
Download Time: 777617
Chunk bitrate: 51 3000000
Buffer size: 52 208001
Download Time: 1137023
Download Time: 26931
Chunk bitrate: 52 3000000
Buffer size: 53 212001
Download Time: 1077937
Chunk bitrate: 53 3000000
Buffer size: 54 216001
Download Time: 1138164
Chunk bitrate: 54 3000000
Buffer size: 55 220001
Download Time: 1025658
Chunk bitrate: 55 3000000
Buffer size: 56 224001
Download Time: 1122118
Chunk bitrate: 56 3000000
Buffer size: 57 228001
Download Time: 773986
Chunk bitrate: 57 3000000
Buffer size: 58 232001
Download Time: 327559
Download Time: 27132
Chunk bitrate: 58 3000000
Buffer size: 59 236001
Download Time: 1199407
Chunk bitrate: 59 3000000
Buffer size: 60 240001
Download Time: 915581
Chunk bitrate: 60 3000000
Buffer size: 61 244001
Download Time: 956574
Chunk bitrate: 61 3000000
Buffer size: 62 248001
Download Time: 322052
Chunk bitrate: 62 3000000
Buffer size: 63 252001
Download Time: 227052
Chunk bitrate: 63 3000000
Buffer size: 64 256001
Download Time: 403608
Chunk bitrate: 64 3000000
Buffer size: 65 260001
[00007fc8ac003378] ps mux: Close
[00007fc8a80015c8] idummy demux: command `quit'
[0000000001e811e8] [cli] lua interface error: Error loading script /home/cs244/vlc/share/lua/intf/cli.luac: lua/intf/modules/host.lua:286: Interrupted.
