[0000000000b3d1e8] core interface error: no suitable interface module
[0000000000a74338] core libvlc error: interface "globalhotkeys,none" initialization failed
[0000000000b3d1e8] dbus interface error: Failed to connect to the D-Bus session daemon: Unable to autolaunch a dbus-daemon without a $DISPLAY for X11
[0000000000b3d1e8] core interface error: no suitable interface module
[0000000000a74338] core libvlc error: interface "dbus,none" initialization failed
[0000000000a74338] core libvlc: Running vlc with the default interface. Use 'cvlc' to use vlc without interface.
[0000000000b3d1e8] qt interface error: Could not connect to X server
[0000000000b3d1e8] skins2 interface error: cannot initialize OSFactory
[0000000000b3d1e8] [cli] lua interface: Listening on host "*console".
VLC media player 3.0.0-git Vetinari
Command Line Interface initialized. Type `help' for help.
> [00007f2414003378] ps mux: Open
making a DASHManager
new ratebased adaptionlogic
Chunk bitrate: 0 349952
Buffer size: 0 0
Chunk bitrate: 0 349952
Buffer size: 0 0
[00007f24140236e8] mp4 demux: Fragment sequence discontinuity detected 0 != 2
Download Time: 585612
[00007f2414019aa8] mp4 demux: Fragment sequence discontinuity detected 0 != 2
Startup Time: 1050000
Chunk bitrate: 0 1000000
Buffer size: 0 4001
Chunk bitrate: 0 1000000
Buffer size: 1 4001
Download Time: 1611915
Chunk bitrate: 1 1000000
Buffer size: 2 8001
Download Time: 1166516
Chunk bitrate: 2 1000000
Buffer size: 3 12001
Download Time: 1336938
Chunk bitrate: 3 3000000
Buffer size: 3 16001
Chunk bitrate: 3 3000000
Buffer size: 4 16001
Download Time: 1941915
Chunk bitrate: 4 3000000
Buffer size: 5 20001
Download Time: 2483056
Chunk bitrate: 5 3000000
Buffer size: 6 24001
Download Time: 1683252
Chunk bitrate: 6 3000000
Buffer size: 7 28001
Download Time: 1653665
Chunk bitrate: 7 3000000
Buffer size: 8 32001
Download Time: 3906317
Chunk bitrate: 8 1000000
Buffer size: 8 36001
Chunk bitrate: 8 1000000
Buffer size: 9 36001
Download Time: 1835481
Chunk bitrate: 9 1000000
Buffer size: 10 40001
Download Time: 1440635
Chunk bitrate: 10 1000000
Buffer size: 11 44001
Download Time: 1396615
Chunk bitrate: 11 1000000
Buffer size: 12 48001
Download Time: 1728725
Chunk bitrate: 12 1000000
Buffer size: 13 52001
Download Time: 1225819
Chunk bitrate: 13 3000000
Buffer size: 13 56001
Chunk bitrate: 13 3000000
Buffer size: 14 56001
Download Time: 1879778
Chunk bitrate: 14 3000000
Buffer size: 15 60001
Download Time: 1773966
Chunk bitrate: 15 3000000
Buffer size: 16 64001
Download Time: 2189340
Chunk bitrate: 16 3000000
Buffer size: 17 68001
Download Time: 1822692
Chunk bitrate: 17 3000000
Buffer size: 18 72001
Download Time: 3289177
Chunk bitrate: 18 1000000
Buffer size: 18 76001
Chunk bitrate: 18 1000000
Buffer size: 19 76001
Download Time: 1055287
Chunk bitrate: 19 1000000
Buffer size: 20 80001
Download Time: 1825505
Chunk bitrate: 20 1000000
Buffer size: 21 84001
Download Time: 497081
Chunk bitrate: 21 3000000
Buffer size: 21 88001
Chunk bitrate: 21 3000000
Buffer size: 22 88001
Download Time: 1782182
Chunk bitrate: 22 3000000
Buffer size: 23 92001
Download Time: 2343278
Chunk bitrate: 23 3000000
Buffer size: 24 96001
Download Time: 3921611
Chunk bitrate: 24 1000000
Buffer size: 24 100001
Chunk bitrate: 24 1000000
Buffer size: 25 100001
Download Time: 1360238
Chunk bitrate: 25 1000000
Buffer size: 26 104001
Download Time: 1335920
Chunk bitrate: 26 1000000
Buffer size: 27 108001
Download Time: 796107
Chunk bitrate: 27 1000000
Buffer size: 28 112001
Download Time: 1576633
Chunk bitrate: 28 1000000
Buffer size: 29 116001
Download Time: 1140796
Chunk bitrate: 29 3000000
Buffer size: 29 120001
Chunk bitrate: 29 3000000
Buffer size: 30 120001
Download Time: 1506140
Chunk bitrate: 30 3000000
Buffer size: 31 124001
Download Time: 1524728
Chunk bitrate: 31 3000000
Buffer size: 32 128001
Download Time: 2479123
Chunk bitrate: 32 3000000
Buffer size: 33 132001
Download Time: 2323031
Chunk bitrate: 33 3000000
Buffer size: 34 136001
Download Time: 3400717
Chunk bitrate: 34 1000000
Buffer size: 34 140001
Chunk bitrate: 34 1000000
Buffer size: 35 140001
Download Time: 1739847
Chunk bitrate: 35 1000000
Buffer size: 36 144001
Download Time: 1372559
Chunk bitrate: 36 1000000
Buffer size: 37 148001
Download Time: 1631603
Chunk bitrate: 37 1000000
Buffer size: 38 152001
Download Time: 1559058
Chunk bitrate: 38 2000000
Buffer size: 38 156001
Chunk bitrate: 38 2000000
Buffer size: 39 156001
Download Time: 2258762
Chunk bitrate: 39 2000000
Buffer size: 40 160001
Download Time: 1748564
Chunk bitrate: 40 2000000
Buffer size: 41 164001
Download Time: 2321937
Chunk bitrate: 41 3000000
Buffer size: 41 168001
Chunk bitrate: 41 3000000
Buffer size: 42 168001
Download Time: 1947966
Chunk bitrate: 42 3000000
Buffer size: 43 172001
Download Time: 2399993
Chunk bitrate: 43 3000000
Buffer size: 44 176001
Download Time: 2527988
Chunk bitrate: 44 2000000
Buffer size: 44 180001
Chunk bitrate: 44 2000000
Buffer size: 45 180001
Download Time: 2018789
Chunk bitrate: 45 2000000
Buffer size: 46 184001
Download Time: 1098231
Chunk bitrate: 46 3000000
Buffer size: 46 188001
Chunk bitrate: 46 3000000
Buffer size: 47 188001
Download Time: 1046966
Chunk bitrate: 47 3000000
Buffer size: 48 192001
Download Time: 874648
Chunk bitrate: 48 3000000
Buffer size: 49 196001
Download Time: 1238588
Chunk bitrate: 49 3000000
Buffer size: 50 200001
Download Time: 938087
Chunk bitrate: 50 3000000
Buffer size: 51 204001
Download Time: 2681022
Chunk bitrate: 51 1000000
Buffer size: 51 208001
Chunk bitrate: 51 1000000
Buffer size: 52 208001
Download Time: 1439786
Chunk bitrate: 52 1000000
Buffer size: 53 212001
Download Time: 1168248
Chunk bitrate: 53 2000000
Buffer size: 53 216001
Chunk bitrate: 53 2000000
Buffer size: 54 216001
Download Time: 2234427
Chunk bitrate: 54 2000000
Buffer size: 55 220001
Download Time: 2151805
Chunk bitrate: 55 2000000
Buffer size: 56 224001
Download Time: 1640982
Chunk bitrate: 56 3000000
Buffer size: 56 228001
Chunk bitrate: 56 3000000
Buffer size: 57 228001
Download Time: 1545739
[00007f2414003378] core mux error: cannot add this stream
[00007f2414082548] core decoder error: cannot create packetizer output (h264)
Chunk bitrate: 57 3000000
Buffer size: 58 232001
Download Time: 652149
Chunk bitrate: 58 3000000
Buffer size: 59 236001
Download Time: 1652581
Chunk bitrate: 59 3000000
Buffer size: 60 240001
Download Time: 914957
Chunk bitrate: 60 3000000
Buffer size: 61 244001
Download Time: 953819
Chunk bitrate: 61 3000000
Buffer size: 62 248001
Download Time: 321625
Chunk bitrate: 62 3000000
Buffer size: 63 252001
Download Time: 226768
Chunk bitrate: 63 3000000
Buffer size: 64 256001
Download Time: 401904
Chunk bitrate: 64 3000000
Buffer size: 65 260001
[00007f2414003378] ps mux: Close
[00007f24100090e8] idummy demux: command `quit'
[0000000000b3d1e8] [cli] lua interface error: Error loading script /home/cs244/vlc/share/lua/intf/cli.luac: lua/intf/modules/host.lua:286: Interrupted.
