[00000000025fd1e8] core interface error: no suitable interface module
[0000000002534338] core libvlc error: interface "globalhotkeys,none" initialization failed
[00000000025fd1e8] dbus interface error: Failed to connect to the D-Bus session daemon: Unable to autolaunch a dbus-daemon without a $DISPLAY for X11
[00000000025fd1e8] core interface error: no suitable interface module
[0000000002534338] core libvlc error: interface "dbus,none" initialization failed
[0000000002534338] core libvlc: Running vlc with the default interface. Use 'cvlc' to use vlc without interface.
[00000000025fd1e8] qt interface error: Could not connect to X server
[00000000025fd1e8] skins2 interface error: cannot initialize OSFactory
[00000000025fd1e8] [cli] lua interface: Listening on host "*console".
VLC media player 3.0.0-git Vetinari
Command Line Interface initialized. Type `help' for help.
> [00007f01d4003378] ps mux: Open
making a DASHManager
new ratebased adaptionlogic
Chunk bitrate: 0 349952
Buffer size: 0 0
Chunk bitrate: 0 349952
Buffer size: 0 0
[00007f01d4027328] mp4 demux: Fragment sequence discontinuity detected 0 != 2
Download Time: 588328
[00007f01d4016eb8] mp4 demux: Fragment sequence discontinuity detected 0 != 2
Startup Time: 1050000
Chunk bitrate: 0 1000000
Buffer size: 0 4001
Chunk bitrate: 0 1000000
Buffer size: 1 4001
Download Time: 1611996
Chunk bitrate: 1 1000000
Buffer size: 2 8001
Download Time: 1170440
Chunk bitrate: 2 1000000
Buffer size: 3 12001
Download Time: 2058721
Chunk bitrate: 3 600000
Buffer size: 3 16001
Chunk bitrate: 3 600000
Buffer size: 4 16001
Download Time: 1673447
Chunk bitrate: 4 600000
Buffer size: 5 20001
Download Time: 2200750
Chunk bitrate: 5 1000000
Buffer size: 5 24001
Chunk bitrate: 5 1000000
Buffer size: 6 24001
Download Time: 1654636
Chunk bitrate: 6 1000000
Buffer size: 7 28001
Download Time: 1794785
Chunk bitrate: 7 1000000
Buffer size: 8 32001
Download Time: 1924490
Chunk bitrate: 8 1000000
Buffer size: 9 36001
Download Time: 1471876
Chunk bitrate: 9 1000000
Buffer size: 10 40001
Download Time: 1288450
Chunk bitrate: 10 1000000
Buffer size: 11 44001
Download Time: 1542132
Chunk bitrate: 11 1000000
Buffer size: 12 48001
Download Time: 2165570
Chunk bitrate: 12 1000000
Buffer size: 13 52001
Download Time: 1987666
Chunk bitrate: 13 600000
Buffer size: 13 56001
Chunk bitrate: 13 600000
Buffer size: 14 56001
Download Time: 1970694
Chunk bitrate: 14 600000
Buffer size: 15 60001
Download Time: 1786956
Chunk bitrate: 15 600000
Buffer size: 16 64001
Download Time: 1442743
Chunk bitrate: 16 1000000
Buffer size: 16 68001
Chunk bitrate: 16 1000000
Buffer size: 17 68001
Download Time: 1937853
Chunk bitrate: 17 1000000
Buffer size: 18 72001
Download Time: 2305835
Chunk bitrate: 18 1000000
Buffer size: 19 76001
Download Time: 1277304
Chunk bitrate: 19 1000000
Buffer size: 20 80001
Download Time: 2186160
Chunk bitrate: 20 1000000
Buffer size: 21 84001
Download Time: 1113648
Chunk bitrate: 21 1000000
Buffer size: 22 88001
Download Time: 1316824
Chunk bitrate: 22 1000000
Buffer size: 23 92001
Download Time: 1667914
Chunk bitrate: 23 1000000
Buffer size: 24 96001
Download Time: 2139016
Chunk bitrate: 24 600000
Buffer size: 24 100001
Chunk bitrate: 24 600000
Buffer size: 25 100001
Download Time: 1889188
Chunk bitrate: 25 600000
Buffer size: 26 104001
Download Time: 1717271
Chunk bitrate: 26 1000000
Buffer size: 26 108001
Chunk bitrate: 26 1000000
Buffer size: 27 108001
Download Time: 1199502
Chunk bitrate: 27 1000000
Buffer size: 28 112001
Download Time: 2359765
Chunk bitrate: 28 1000000
Buffer size: 29 116001
Download Time: 1735237
Chunk bitrate: 29 1000000
Buffer size: 30 120001
Download Time: 1101417
Chunk bitrate: 30 1000000
Buffer size: 31 124001
Download Time: 1233679
Chunk bitrate: 31 1000000
Buffer size: 32 128001
Download Time: 1699824
Chunk bitrate: 32 1000000
Buffer size: 33 132001
Download Time: 1460787
Chunk bitrate: 33 1000000
Buffer size: 34 136001
Download Time: 1599995
Chunk bitrate: 34 1000000
Buffer size: 35 140001
Download Time: 1627876
Chunk bitrate: 35 600000
Buffer size: 35 144001
Chunk bitrate: 35 600000
Buffer size: 36 144001
Download Time: 1656337
Chunk bitrate: 36 600000
Buffer size: 37 148001
Download Time: 2092154
Chunk bitrate: 37 600000
Buffer size: 38 152001
Download Time: 1367982
Chunk bitrate: 38 1000000
Buffer size: 38 156001
Chunk bitrate: 38 1000000
Buffer size: 39 156001
Download Time: 1998488
Chunk bitrate: 39 1000000
Buffer size: 40 160001
Download Time: 1608315
Chunk bitrate: 40 1000000
Buffer size: 41 164001
Download Time: 1584947
Chunk bitrate: 41 1000000
Buffer size: 42 168001
Download Time: 1400245
Chunk bitrate: 42 1000000
Buffer size: 43 172001
Download Time: 1588516
Chunk bitrate: 43 1000000
Buffer size: 44 176001
Download Time: 1243400
Chunk bitrate: 44 1000000
Buffer size: 45 180001
Download Time: 1416252
Chunk bitrate: 45 1000000
Buffer size: 46 184001
Download Time: 1467218
Chunk bitrate: 46 1000000
Buffer size: 47 188001
Download Time: 2911337
Chunk bitrate: 47 600000
Buffer size: 47 192001
Chunk bitrate: 47 600000
Buffer size: 48 192001
Download Time: 1691575
Chunk bitrate: 48 600000
Buffer size: 49 196001
Download Time: 1479883
Chunk bitrate: 49 1000000
Buffer size: 49 200001
Chunk bitrate: 49 1000000
Buffer size: 50 200001
Download Time: 2117281
Chunk bitrate: 50 1000000
Buffer size: 51 204001
Download Time: 1605620
Chunk bitrate: 51 1000000
Buffer size: 52 208001
Download Time: 1440566
Chunk bitrate: 52 1000000
Buffer size: 53 212001
Download Time: 1291858
Chunk bitrate: 53 1000000
Buffer size: 54 216001
Download Time: 1604080
Chunk bitrate: 54 1000000
Buffer size: 55 220001
Download Time: 1460141
Chunk bitrate: 55 1000000
Buffer size: 56 224001
Download Time: 1596556
Chunk bitrate: 56 1000000
Buffer size: 57 228001
Download Time: 967152
Chunk bitrate: 57 1000000
Buffer size: 58 232001
Download Time: 448150
Chunk bitrate: 58 1000000
Buffer size: 59 236001
Download Time: 3600994
Chunk bitrate: 59 600000
Buffer size: 59 240001
Chunk bitrate: 59 600000
Buffer size: 60 240001
Download Time: 1730273
Chunk bitrate: 60 1000000
Buffer size: 60 244001
Chunk bitrate: 60 1000000
Buffer size: 61 244001
Download Time: 2011478
Chunk bitrate: 61 1000000
Buffer size: 62 248001
Download Time: 721161
Chunk bitrate: 62 1000000
Buffer size: 63 252001
Download Time: 542419
Chunk bitrate: 63 1000000
Buffer size: 64 256001
Download Time: 900242
Chunk bitrate: 64 1000000
Buffer size: 65 260001
[00007f01d4003378] ps mux: Close
[00007f01cc0010a8] idummy demux: command `quit'
[00000000025fd1e8] [cli] lua interface error: Error loading script /home/cs244/vlc/share/lua/intf/cli.luac: lua/intf/modules/host.lua:286: Interrupted.
