[00000000011101e8] core interface error: no suitable interface module
[0000000001047338] core libvlc error: interface "globalhotkeys,none" initialization failed
[00000000011101e8] dbus interface error: Failed to connect to the D-Bus session daemon: Unable to autolaunch a dbus-daemon without a $DISPLAY for X11
[00000000011101e8] core interface error: no suitable interface module
[0000000001047338] core libvlc error: interface "dbus,none" initialization failed
[0000000001047338] core libvlc: Running vlc with the default interface. Use 'cvlc' to use vlc without interface.
[00000000011101e8] qt interface error: Could not connect to X server
[00000000011101e8] skins2 interface error: cannot initialize OSFactory
[00000000011101e8] [cli] lua interface: Listening on host "*console".
VLC media player 3.0.0-git Vetinari
Command Line Interface initialized. Type `help' for help.
> [00007f62b8003378] ps mux: Open
making a DASHManager
new ratebased adaptionlogic
Chunk bitrate: 0 349952
Buffer size: 0 0
Chunk bitrate: 0 349952
Buffer size: 0 0
[00007f62b8024238] mp4 demux: Fragment sequence discontinuity detected 0 != 2
Download Time: 149420
[00007f62b8017118] mp4 demux: Fragment sequence discontinuity detected 0 != 2
Startup Time: 1050000
Chunk bitrate: 0 3000000
Buffer size: 0 4001
Chunk bitrate: 0 3000000
Buffer size: 1 4001
Download Time: 1140147
Chunk bitrate: 1 3000000
Buffer size: 2 8001
Download Time: 952951
Chunk bitrate: 2 3000000
Buffer size: 3 12001
Download Time: 1168543
Chunk bitrate: 3 3000000
Buffer size: 4 16001
Download Time: 972656
Chunk bitrate: 4 3000000
Buffer size: 5 20001
Download Time: 5115658
Chunk bitrate: 5 1000000
Buffer size: 5 24001
Chunk bitrate: 5 1000000
Buffer size: 6 24001
Download Time: 289363
Chunk bitrate: 6 3000000
Buffer size: 6 28001
Chunk bitrate: 6 3000000
Buffer size: 7 28001
Download Time: 828926
Chunk bitrate: 7 3000000
Buffer size: 8 32001
Download Time: 1309605
Chunk bitrate: 8 3000000
Buffer size: 9 36001
Download Time: 959567
Chunk bitrate: 9 3000000
Buffer size: 10 40001
Download Time: 1105048
Chunk bitrate: 10 3000000
Buffer size: 11 44001
Download Time: 2765108
Chunk bitrate: 11 1000000
Buffer size: 11 48001
Chunk bitrate: 11 1000000
Buffer size: 12 48001
Download Time: 1732078
Chunk bitrate: 12 1000000
Buffer size: 13 52001
Download Time: 872729
Chunk bitrate: 13 3000000
Buffer size: 13 56001
Chunk bitrate: 13 3000000
Buffer size: 14 56001
Download Time: 941815
Chunk bitrate: 14 3000000
Buffer size: 15 60001
Download Time: 890826
Chunk bitrate: 15 3000000
Buffer size: 16 64001
Download Time: 1096808
Chunk bitrate: 16 3000000
Buffer size: 17 68001
Download Time: 915529
Chunk bitrate: 17 3000000
Buffer size: 18 72001
Download Time: 1141179
Chunk bitrate: 18 3000000
Buffer size: 19 76001
Download Time: 647260
Chunk bitrate: 19 3000000
Buffer size: 20 80001
Download Time: 983613
Chunk bitrate: 20 3000000
Buffer size: 21 84001
Download Time: 602076
Chunk bitrate: 21 3000000
Buffer size: 22 88001
Download Time: 892079
Chunk bitrate: 22 3000000
Buffer size: 23 92001
Download Time: 1173419
Chunk bitrate: 23 3000000
Buffer size: 24 96001
Download Time: 4681128
Chunk bitrate: 24 1000000
Buffer size: 24 100001
Chunk bitrate: 24 1000000
Buffer size: 25 100001
Download Time: 1144059
Chunk bitrate: 25 2000000
Buffer size: 25 104001
Chunk bitrate: 25 2000000
Buffer size: 26 104001
Download Time: 1928506
Chunk bitrate: 26 2000000
Buffer size: 27 108001
Download Time: 1301858
Chunk bitrate: 27 2000000
Buffer size: 28 112001
Download Time: 2036169
Chunk bitrate: 28 2000000
Buffer size: 29 116001
Download Time: 2464667
Chunk bitrate: 29 2000000
Buffer size: 30 120001
Download Time: 1410848
Chunk bitrate: 30 3000000
Buffer size: 30 124001
Chunk bitrate: 30 3000000
Buffer size: 31 124001
Download Time: 1526060
Chunk bitrate: 31 3000000
Buffer size: 32 128001
Download Time: 2480346
Chunk bitrate: 32 3000000
Buffer size: 33 132001
Download Time: 1385242
Chunk bitrate: 33 3000000
Buffer size: 34 136001
Download Time: 1135799
Chunk bitrate: 34 3000000
Buffer size: 35 140001
Download Time: 1035657
Chunk bitrate: 35 3000000
Buffer size: 36 144001
Download Time: 835611
Chunk bitrate: 36 3000000
Buffer size: 37 148001
Download Time: 2187944
Chunk bitrate: 37 1000000
Buffer size: 37 152001
Chunk bitrate: 37 1000000
Buffer size: 38 152001
Download Time: 1563959
Chunk bitrate: 38 1000000
Buffer size: 39 156001
Download Time: 1330460
Chunk bitrate: 39 1000000
Buffer size: 40 160001
Download Time: 988653
Chunk bitrate: 40 2000000
Buffer size: 40 164001
Chunk bitrate: 40 2000000
Buffer size: 41 164001
Download Time: 2451259
Chunk bitrate: 41 2000000
Buffer size: 42 168001
Download Time: 1920812
Chunk bitrate: 42 3000000
Buffer size: 42 172001
Chunk bitrate: 42 3000000
Buffer size: 43 172001
Download Time: 2399679
Chunk bitrate: 43 3000000
Buffer size: 44 176001
Download Time: 1760997
Chunk bitrate: 44 3000000
Buffer size: 45 180001
Download Time: 1379406
Chunk bitrate: 45 3000000
Buffer size: 46 184001
Download Time: 1121156
Chunk bitrate: 46 3000000
Buffer size: 47 188001
Download Time: 1047295
Chunk bitrate: 47 3000000
Buffer size: 48 192001
Download Time: 876342
Chunk bitrate: 48 3000000
Buffer size: 49 196001
Download Time: 1368651
Chunk bitrate: 49 3000000
Buffer size: 50 200001
Download Time: 1873821
Chunk bitrate: 50 3000000
Buffer size: 51 204001
Download Time: 1547249
Chunk bitrate: 51 3000000
Buffer size: 52 208001
Download Time: 2269403
Chunk bitrate: 52 3000000
Buffer size: 53 212001
Download Time: 2144110
Chunk bitrate: 53 3000000
Buffer size: 54 216001
Download Time: 1949550
Chunk bitrate: 54 3000000
Buffer size: 55 220001
Download Time: 1023856
Chunk bitrate: 55 3000000
Buffer size: 56 224001
Download Time: 1121809
Chunk bitrate: 56 3000000
Buffer size: 57 228001
Download Time: 774828
Chunk bitrate: 57 3000000
Buffer size: 58 232001
Download Time: 328297
Chunk bitrate: 58 3000000
Buffer size: 59 236001
Download Time: 1199505
Chunk bitrate: 59 3000000
Buffer size: 60 240001
Download Time: 914637
Chunk bitrate: 60 3000000
Buffer size: 61 244001
Download Time: 953884
Chunk bitrate: 61 3000000
Buffer size: 62 248001
Download Time: 322334
Chunk bitrate: 62 3000000
Buffer size: 63 252001
Download Time: 226663
Chunk bitrate: 63 3000000
Buffer size: 64 256001
Download Time: 401626
Chunk bitrate: 64 3000000
Buffer size: 65 260001
[00007f62b8003378] ps mux: Close
[00007f62b80bcba8] idummy demux: command `quit'
[00000000011101e8] [cli] lua interface error: Error loading script /home/cs244/vlc/share/lua/intf/cli.luac: lua/intf/modules/host.lua:286: Interrupted.
