[0000000001c1e1e8] core interface error: no suitable interface module
[0000000001b55338] core libvlc error: interface "globalhotkeys,none" initialization failed
[0000000001c1e1e8] dbus interface error: Failed to connect to the D-Bus session daemon: Unable to autolaunch a dbus-daemon without a $DISPLAY for X11
[0000000001c1e1e8] core interface error: no suitable interface module
[0000000001b55338] core libvlc error: interface "dbus,none" initialization failed
[0000000001b55338] core libvlc: Running vlc with the default interface. Use 'cvlc' to use vlc without interface.
[0000000001c1e1e8] qt interface error: Could not connect to X server
[0000000001c1e1e8] skins2 interface error: cannot initialize OSFactory
[0000000001c1e1e8] [cli] lua interface: Listening on host "*console".
VLC media player 3.0.0-git Vetinari
Command Line Interface initialized. Type `help' for help.
> [00007f18dc003378] ps mux: Open
making a DASHManager
new ratebased adaptionlogic
Chunk bitrate: 0 349952
Buffer size: 0 0
Chunk bitrate: 0 349952
Buffer size: 0 0
[00007f18dc024bd8] mp4 demux: Fragment sequence discontinuity detected 0 != 2
Download Time: 1469774
[00007f18dc0236f8] mp4 demux: Fragment sequence discontinuity detected 0 != 2
Startup Time: 1050000
Chunk bitrate: 0 600000
Buffer size: 0 4001
Chunk bitrate: 0 600000
Buffer size: 1 4001
Download Time: 2589131
Chunk bitrate: 1 600000
Buffer size: 2 8001
Download Time: 1417420
Chunk bitrate: 2 600000
Buffer size: 3 12001
Download Time: 2004396
Chunk bitrate: 3 600000
Buffer size: 4 16001
Download Time: 1465857
Chunk bitrate: 4 1000000
Buffer size: 4 20001
Chunk bitrate: 4 1000000
Buffer size: 5 20001
Download Time: 2995819
Chunk bitrate: 5 1000000
Buffer size: 6 24001
Download Time: 1925951
Chunk bitrate: 6 1000000
Buffer size: 7 28001
Download Time: 2096325
Chunk bitrate: 7 1000000
Buffer size: 8 32001
Download Time: 3003252
Chunk bitrate: 8 600000
Buffer size: 8 36001
Chunk bitrate: 8 600000
Buffer size: 9 36001
Download Time: 1879568
Chunk bitrate: 9 600000
Buffer size: 10 40001
Download Time: 1756715
Chunk bitrate: 10 600000
Buffer size: 11 44001
Download Time: 1428666
Chunk bitrate: 11 600000
Buffer size: 12 48001
Download Time: 1949424
Chunk bitrate: 12 600000
Buffer size: 13 52001
Download Time: 1703213
Chunk bitrate: 13 600000
Buffer size: 14 56001
Download Time: 1529910
Chunk bitrate: 14 1000000
Buffer size: 14 60001
Chunk bitrate: 14 1000000
Buffer size: 15 60001
Download Time: 2044125
Chunk bitrate: 15 1000000
Buffer size: 16 64001
Download Time: 2691463
Chunk bitrate: 16 1000000
Buffer size: 17 68001
Download Time: 2256968
Chunk bitrate: 17 600000
Buffer size: 17 72001
Chunk bitrate: 17 600000
Buffer size: 18 72001
Download Time: 1727697
Chunk bitrate: 18 600000
Buffer size: 19 76001
Download Time: 1169599
Chunk bitrate: 19 600000
Buffer size: 20 80001
Download Time: 1989796
Chunk bitrate: 20 600000
Buffer size: 21 84001
Download Time: 1173352
Chunk bitrate: 21 600000
Buffer size: 22 88001
Download Time: 1716714
Chunk bitrate: 22 600000
Buffer size: 23 92001
Download Time: 2036455
Chunk bitrate: 23 600000
Buffer size: 24 96001
Download Time: 1860742
Chunk bitrate: 24 600000
Buffer size: 25 100001
Download Time: 1677816
Chunk bitrate: 25 600000
Buffer size: 26 104001
Download Time: 1676350
Chunk bitrate: 26 600000
Buffer size: 27 108001
Download Time: 1108301
Chunk bitrate: 27 600000
Buffer size: 28 112001
Download Time: 1855075
Chunk bitrate: 28 600000
Buffer size: 29 116001
Download Time: 2477858
Chunk bitrate: 29 600000
Buffer size: 30 120001
Download Time: 1836279
Chunk bitrate: 30 349952
Buffer size: 30 124001
Chunk bitrate: 30 349952
Buffer size: 31 124001
Download Time: 1512281
Chunk bitrate: 31 349952
Buffer size: 32 128001
Download Time: 1815714
Chunk bitrate: 32 349952
Buffer size: 33 132001
Download Time: 1304778
Chunk bitrate: 33 600000
Buffer size: 33 136001
Chunk bitrate: 33 600000
Buffer size: 34 136001
Download Time: 1936365
Chunk bitrate: 34 600000
Buffer size: 35 140001
Download Time: 1691648
Chunk bitrate: 35 600000
Buffer size: 36 144001
Download Time: 832366
Chunk bitrate: 36 1000000
Buffer size: 36 148001
Chunk bitrate: 36 1000000
Buffer size: 37 148001
Download Time: 1636601
Chunk bitrate: 37 1000000
Buffer size: 38 152001
Download Time: 1562657
Chunk bitrate: 38 2000000
Buffer size: 38 156001
Chunk bitrate: 38 2000000
Buffer size: 39 156001
Download Time: 2149017
Chunk bitrate: 39 2000000
Buffer size: 40 160001
Download Time: 1680679
Chunk bitrate: 40 2000000
Buffer size: 41 164001
Download Time: 2232771
Chunk bitrate: 41 3000000
Buffer size: 41 168001
Chunk bitrate: 41 3000000
Buffer size: 42 168001
Download Time: 1945657
Chunk bitrate: 42 3000000
Buffer size: 43 172001
Download Time: 2400393
Chunk bitrate: 43 3000000
Buffer size: 44 176001
Download Time: 901755
Chunk bitrate: 44 3000000
Buffer size: 45 180001
Download Time: 1052274
Chunk bitrate: 45 3000000
Buffer size: 46 184001
Download Time: 1120775
Chunk bitrate: 46 3000000
Buffer size: 47 188001
Download Time: 1046162
Chunk bitrate: 47 3000000
Buffer size: 48 192001
Download Time: 1130513
Chunk bitrate: 48 2000000
Buffer size: 48 196001
Chunk bitrate: 48 2000000
Buffer size: 49 196001
Download Time: 3275711
Chunk bitrate: 49 1000000
Buffer size: 49 200001
Chunk bitrate: 49 1000000
Buffer size: 50 200001
Download Time: 1476822
Chunk bitrate: 50 1000000
Buffer size: 51 204001
Download Time: 1426135
Chunk bitrate: 51 1000000
Buffer size: 52 208001
Download Time: 1796577
Chunk bitrate: 52 1000000
Buffer size: 53 212001
Download Time: 1294248
Chunk bitrate: 53 3000000
Buffer size: 53 216001
Chunk bitrate: 53 3000000
Buffer size: 54 216001
Download Time: 2270234
Chunk bitrate: 54 3000000
Buffer size: 55 220001
Download Time: 2044785
Chunk bitrate: 55 3000000
Buffer size: 56 224001
Download Time: 1266522
Chunk bitrate: 56 3000000
Buffer size: 57 228001
Download Time: 774042
Chunk bitrate: 57 3000000
Buffer size: 58 232001
Download Time: 328091
Chunk bitrate: 58 3000000
Buffer size: 59 236001
Download Time: 1198738
Chunk bitrate: 59 3000000
Buffer size: 60 240001
Download Time: 914573
Chunk bitrate: 60 3000000
Buffer size: 61 244001
Download Time: 1562522
Chunk bitrate: 61 2000000
Buffer size: 61 248001
Chunk bitrate: 61 2000000
Buffer size: 62 248001
Download Time: 663052
Chunk bitrate: 62 2000000
Buffer size: 63 252001
Download Time: 469715
Chunk bitrate: 63 2000000
Buffer size: 64 256001
Download Time: 934784
Chunk bitrate: 64 2000000
Buffer size: 65 260001
[00007f18dc003378] ps mux: Close
[00007f18dc09c398] idummy demux: command `quit'
[0000000001c1e1e8] [cli] lua interface error: Error loading script /home/cs244/vlc/share/lua/intf/cli.luac: lua/intf/modules/host.lua:286: Interrupted.
