[00000000014e21e8] core interface error: no suitable interface module
[0000000001419338] core libvlc error: interface "globalhotkeys,none" initialization failed
[00000000014e21e8] dbus interface error: Failed to connect to the D-Bus session daemon: Unable to autolaunch a dbus-daemon without a $DISPLAY for X11
[00000000014e21e8] core interface error: no suitable interface module
[0000000001419338] core libvlc error: interface "dbus,none" initialization failed
[0000000001419338] core libvlc: Running vlc with the default interface. Use 'cvlc' to use vlc without interface.
[00000000014e21e8] qt interface error: Could not connect to X server
[00000000014e21e8] skins2 interface error: cannot initialize OSFactory
[00000000014e21e8] [cli] lua interface: Listening on host "*console".
VLC media player 3.0.0-git Vetinari
Command Line Interface initialized. Type `help' for help.
> [00007facf0003378] ps mux: Open
making a DASHManager
new ratebased adaptionlogic
Chunk bitrate: 0 349952
Buffer size: 0 0
Chunk bitrate: 0 349952
Buffer size: 0 0
[00007facf0018c48] mp4 demux: Fragment sequence discontinuity detected 0 != 2
Download Time: 293601
[00007facf00243e8] mp4 demux: Fragment sequence discontinuity detected 0 != 2
Startup Time: 1050000
Chunk bitrate: 0 3000000
Buffer size: 0 4001
Chunk bitrate: 0 3000000
Buffer size: 1 4001
Download Time: 2270501
Chunk bitrate: 1 3000000
Buffer size: 2 8001
Download Time: 1900127
Chunk bitrate: 2 3000000
Buffer size: 3 12001
Download Time: 2332884
Chunk bitrate: 3 3000000
Buffer size: 4 16001
Download Time: 1943296
Chunk bitrate: 4 3000000
Buffer size: 5 20001
Download Time: 1663696
Chunk bitrate: 5 3000000
Buffer size: 6 24001
Download Time: 844972
Chunk bitrate: 6 3000000
Buffer size: 7 28001
Download Time: 829537
Chunk bitrate: 7 3000000
Buffer size: 8 32001
Download Time: 1310105
Chunk bitrate: 8 3000000
Buffer size: 9 36001
Download Time: 959781
Chunk bitrate: 9 3000000
Buffer size: 10 40001
Download Time: 3171834
Chunk bitrate: 10 2000000
Buffer size: 10 44001
Chunk bitrate: 10 2000000
Buffer size: 11 44001
Download Time: 2462334
Chunk bitrate: 11 600000
Buffer size: 11 48001
Chunk bitrate: 11 600000
Buffer size: 12 48001
Download Time: 2928123
Chunk bitrate: 12 349952
Buffer size: 12 52001
Chunk bitrate: 12 349952
Buffer size: 13 52001
Download Time: 1325858
Chunk bitrate: 13 600000
Buffer size: 13 56001
Chunk bitrate: 13 600000
Buffer size: 14 56001
Download Time: 1970296
Chunk bitrate: 14 600000
Buffer size: 15 60001
Download Time: 1875816
Chunk bitrate: 15 600000
Buffer size: 16 64001
Download Time: 2373776
Chunk bitrate: 16 600000
Buffer size: 17 68001
Download Time: 2218806
Chunk bitrate: 17 600000
Buffer size: 18 72001
Download Time: 2373113
Chunk bitrate: 18 600000
Buffer size: 19 76001
Download Time: 1602020
Chunk bitrate: 19 600000
Buffer size: 20 80001
Download Time: 3184092
Chunk bitrate: 20 349952
Buffer size: 20 84001
Chunk bitrate: 20 349952
Buffer size: 21 84001
Download Time: 1065833
Chunk bitrate: 21 349952
Buffer size: 22 88001
Download Time: 821732
Chunk bitrate: 22 1000000
Buffer size: 22 92001
Chunk bitrate: 22 1000000
Buffer size: 23 92001
Download Time: 2496660
Chunk bitrate: 23 1000000
Buffer size: 24 96001
Download Time: 2240001
Chunk bitrate: 24 1000000
Buffer size: 25 100001
Download Time: 1701894
Chunk bitrate: 25 1000000
Buffer size: 26 104001
Download Time: 1671038
Chunk bitrate: 26 1000000
Buffer size: 27 108001
Download Time: 1279016
Chunk bitrate: 27 600000
Buffer size: 27 112001
Chunk bitrate: 27 600000
Buffer size: 28 112001
Download Time: 2530310
Chunk bitrate: 28 600000
Buffer size: 29 116001
Download Time: 1995629
Chunk bitrate: 29 1000000
Buffer size: 29 120001
Chunk bitrate: 29 1000000
Buffer size: 30 120001
Download Time: 1379409
Chunk bitrate: 30 1000000
Buffer size: 31 124001
Download Time: 1541107
Chunk bitrate: 31 1000000
Buffer size: 32 128001
Download Time: 1293504
Chunk bitrate: 32 3000000
Buffer size: 32 132001
Chunk bitrate: 32 3000000
Buffer size: 33 132001
Download Time: 1162895
Chunk bitrate: 33 3000000
Buffer size: 34 136001
Download Time: 1136448
Chunk bitrate: 34 3000000
Buffer size: 35 140001
Download Time: 1035140
Chunk bitrate: 35 3000000
Buffer size: 36 144001
Download Time: 833730
Chunk bitrate: 36 3000000
Buffer size: 37 148001
Download Time: 1239199
Chunk bitrate: 37 3000000
Buffer size: 38 152001
Download Time: 1173505
Chunk bitrate: 38 3000000
Buffer size: 39 156001
Download Time: 1014140
Chunk bitrate: 39 3000000
Buffer size: 40 160001
Download Time: 869950
Chunk bitrate: 40 3000000
Buffer size: 41 164001
Download Time: 1447843
Chunk bitrate: 41 3000000
Buffer size: 42 168001
Download Time: 2917146
Chunk bitrate: 42 2000000
Buffer size: 42 172001
Chunk bitrate: 42 2000000
Buffer size: 43 172001
Download Time: 2133363
Chunk bitrate: 43 3000000
Buffer size: 43 176001
Chunk bitrate: 43 3000000
Buffer size: 44 176001
Download Time: 1761734
Chunk bitrate: 44 3000000
Buffer size: 45 180001
Download Time: 2099652
Chunk bitrate: 45 3000000
Buffer size: 46 184001
Download Time: 2236575
Chunk bitrate: 46 3000000
Buffer size: 47 188001
Download Time: 2091163
Chunk bitrate: 47 3000000
Buffer size: 48 192001
Download Time: 1325576
Chunk bitrate: 48 3000000
Buffer size: 49 196001
Download Time: 1237208
Chunk bitrate: 49 3000000
Buffer size: 50 200001
Download Time: 939538
Chunk bitrate: 50 3000000
Buffer size: 51 204001
Download Time: 776134
Chunk bitrate: 51 3000000
Buffer size: 52 208001
Download Time: 1137900
Chunk bitrate: 52 3000000
Buffer size: 53 212001
Download Time: 2560141
Chunk bitrate: 53 2000000
Buffer size: 53 216001
Chunk bitrate: 53 2000000
Buffer size: 54 216001
Download Time: 2237678
Chunk bitrate: 54 2000000
Buffer size: 55 220001
Download Time: 3333894
Chunk bitrate: 55 1000000
Buffer size: 55 224001
Chunk bitrate: 55 1000000
Buffer size: 56 224001
Download Time: 1953841
Chunk bitrate: 56 2000000
Buffer size: 56 228001
Chunk bitrate: 56 2000000
Buffer size: 57 228001
Download Time: 1377538
Chunk bitrate: 57 2000000
Buffer size: 58 232001
Download Time: 627731
Chunk bitrate: 58 2000000
Buffer size: 59 236001
Download Time: 2474980
Chunk bitrate: 59 2000000
Buffer size: 60 240001
Download Time: 1894656
Chunk bitrate: 60 2000000
Buffer size: 61 244001
Download Time: 2028681
Chunk bitrate: 61 2000000
Buffer size: 62 248001
Download Time: 663796
Chunk bitrate: 62 2000000
Buffer size: 63 252001
Download Time: 678175
Chunk bitrate: 63 1000000
Buffer size: 63 256001
Chunk bitrate: 63 1000000
Buffer size: 64 256001
Download Time: 1336274
[00007facf0003378] core mux error: cannot add this stream
[00007facf00f2588] core decoder error: cannot create packetizer output (h264)
Chunk bitrate: 64 600000
Buffer size: 64 260001
Chunk bitrate: 64 600000
Buffer size: 65 260001
[00007facf0003378] ps mux: Close
[00007facec008138] idummy demux: command `quit'
[00000000014e21e8] [cli] lua interface error: Error loading script /home/cs244/vlc/share/lua/intf/cli.luac: lua/intf/modules/host.lua:286: Interrupted.
