[000000000246c1e8] core interface error: no suitable interface module
[00000000023a3338] core libvlc error: interface "globalhotkeys,none" initialization failed
[000000000246c1e8] dbus interface error: Failed to connect to the D-Bus session daemon: Unable to autolaunch a dbus-daemon without a $DISPLAY for X11
[000000000246c1e8] core interface error: no suitable interface module
[00000000023a3338] core libvlc error: interface "dbus,none" initialization failed
[00000000023a3338] core libvlc: Running vlc with the default interface. Use 'cvlc' to use vlc without interface.
[000000000246c1e8] qt interface error: Could not connect to X server
[000000000246c1e8] skins2 interface error: cannot initialize OSFactory
[000000000246c1e8] [cli] lua interface: Listening on host "*console".
VLC media player 3.0.0-git Vetinari
Command Line Interface initialized. Type `help' for help.
> [00007f4f14003378] ps mux: Open
making a DASHManager
new ratebased adaptionlogic
Chunk bitrate: 0 349952
Buffer size: 0 0
Chunk bitrate: 0 349952
Buffer size: 0 0
[00007f4f140193f8] mp4 demux: Fragment sequence discontinuity detected 0 != 2
Download Time: 293503
[00007f4f14017008] mp4 demux: Fragment sequence discontinuity detected 0 != 2
Startup Time: 1050000
Chunk bitrate: 0 3000000
Buffer size: 0 4001
Chunk bitrate: 0 3000000
Buffer size: 1 4001
Download Time: 2270600
Chunk bitrate: 1 3000000
Buffer size: 2 8001
Download Time: 1902960
Chunk bitrate: 2 3000000
Buffer size: 3 12001
Download Time: 2335586
Chunk bitrate: 3 3000000
Buffer size: 4 16001
Download Time: 1941835
Chunk bitrate: 4 3000000
Buffer size: 5 20001
Download Time: 1651661
Chunk bitrate: 5 3000000
Buffer size: 6 24001
Download Time: 844522
Chunk bitrate: 6 3000000
Buffer size: 7 28001
Download Time: 829045
Chunk bitrate: 7 3000000
Buffer size: 8 32001
Download Time: 1310818
Chunk bitrate: 8 3000000
Buffer size: 9 36001
Download Time: 958929
Chunk bitrate: 9 3000000
Buffer size: 10 40001
Download Time: 3176227
Chunk bitrate: 10 2000000
Buffer size: 10 44001
Chunk bitrate: 10 2000000
Buffer size: 11 44001
Download Time: 1921564
Chunk bitrate: 11 3000000
Buffer size: 11 48001
Chunk bitrate: 11 3000000
Buffer size: 12 48001
Download Time: 2658084
Chunk bitrate: 12 3000000
Buffer size: 13 52001
Download Time: 2226031
Chunk bitrate: 13 3000000
Buffer size: 14 56001
Download Time: 1881478
Chunk bitrate: 14 3000000
Buffer size: 15 60001
Download Time: 1773594
Chunk bitrate: 15 3000000
Buffer size: 16 64001
Download Time: 1626980
Chunk bitrate: 16 3000000
Buffer size: 17 68001
Download Time: 913894
Download Time: 27470
Chunk bitrate: 17 3000000
Buffer size: 18 72001
Download Time: 1139450
Chunk bitrate: 18 3000000
Buffer size: 19 76001
Download Time: 647301
Chunk bitrate: 19 3000000
Buffer size: 20 80001
Download Time: 983522
Chunk bitrate: 20 3000000
Buffer size: 21 84001
Download Time: 618916
Chunk bitrate: 21 2000000
Buffer size: 21 88001
Chunk bitrate: 21 2000000
Buffer size: 22 88001
Download Time: 1976193
Chunk bitrate: 22 2000000
Buffer size: 23 92001
Download Time: 2490717
Chunk bitrate: 23 2000000
Buffer size: 24 96001
Download Time: 1477614
Chunk bitrate: 24 3000000
Buffer size: 24 100001
Chunk bitrate: 24 3000000
Buffer size: 25 100001
Download Time: 2057695
Chunk bitrate: 25 3000000
Buffer size: 26 104001
Download Time: 1948399
Chunk bitrate: 26 3000000
Buffer size: 27 108001
Download Time: 1237213
Chunk bitrate: 27 3000000
Buffer size: 28 112001
Download Time: 1943326
Chunk bitrate: 28 3000000
Buffer size: 29 116001
Download Time: 1870168
Chunk bitrate: 29 3000000
Buffer size: 30 120001
Download Time: 753629
Chunk bitrate: 30 3000000
Buffer size: 31 124001
Download Time: 764873
Chunk bitrate: 31 3000000
Buffer size: 32 128001
Download Time: 1241801
Chunk bitrate: 32 3000000
Buffer size: 33 132001
Download Time: 1162427
Chunk bitrate: 33 3000000
Buffer size: 34 136001
Download Time: 2676645
Chunk bitrate: 34 2000000
Buffer size: 34 140001
Chunk bitrate: 34 2000000
Buffer size: 35 140001
Download Time: 2246289
Chunk bitrate: 35 2000000
Buffer size: 36 144001
Download Time: 1188604
Chunk bitrate: 36 3000000
Buffer size: 36 148001
Chunk bitrate: 36 3000000
Buffer size: 37 148001
Download Time: 2476098
Chunk bitrate: 37 3000000
Buffer size: 38 152001
Download Time: 2341721
Chunk bitrate: 38 3000000
Buffer size: 39 156001
Download Time: 2023251
Chunk bitrate: 39 3000000
Buffer size: 40 160001
Download Time: 1732949
Chunk bitrate: 40 3000000
Buffer size: 41 164001
Download Time: 1289896
Chunk bitrate: 41 3000000
Buffer size: 42 168001
Download Time: 974984
Chunk bitrate: 42 3000000
Buffer size: 43 172001
Download Time: 1202574
Chunk bitrate: 43 3000000
Buffer size: 44 176001
Download Time: 882448
Chunk bitrate: 44 3000000
Buffer size: 45 180001
Download Time: 4297659
Chunk bitrate: 45 600000
Buffer size: 45 184001
Chunk bitrate: 45 600000
Buffer size: 46 184001
Download Time: 2747979
Chunk bitrate: 46 349952
Buffer size: 46 188001
Chunk bitrate: 46 349952
Buffer size: 47 188001
Download Time: 1475944
Chunk bitrate: 47 349952
Buffer size: 48 192001
Download Time: 1388439
Chunk bitrate: 48 349952
Buffer size: 49 196001
Download Time: 1545145
Chunk bitrate: 49 349952
Buffer size: 50 200001
Download Time: 1580286
Chunk bitrate: 50 349952
Buffer size: 51 204001
Download Time: 1354924
Chunk bitrate: 51 600000
Buffer size: 51 208001
Chunk bitrate: 51 600000
Buffer size: 52 208001
Download Time: 2419101
Chunk bitrate: 52 600000
Buffer size: 53 212001
Download Time: 2257941
Chunk bitrate: 53 349952
Buffer size: 53 216001
Chunk bitrate: 53 349952
Buffer size: 54 216001
Download Time: 1392701
Chunk bitrate: 54 349952
Buffer size: 55 220001
Download Time: 1712902
Chunk bitrate: 55 349952
Buffer size: 56 224001
Download Time: 1508671
Chunk bitrate: 56 349952
Buffer size: 57 228001
Download Time: 1172830
Chunk bitrate: 57 349952
Buffer size: 58 232001
Download Time: 513046
Chunk bitrate: 58 349952
Buffer size: 59 236001
Download Time: 1905942
Chunk bitrate: 59 600000
Buffer size: 59 240001
Chunk bitrate: 59 600000
Buffer size: 60 240001
Download Time: 2364152
Chunk bitrate: 60 600000
Buffer size: 61 244001
Download Time: 2999371
Chunk bitrate: 61 349952
Buffer size: 61 248001
Chunk bitrate: 61 349952
Buffer size: 62 248001
Download Time: 781465
Chunk bitrate: 62 349952
Buffer size: 63 252001
Download Time: 575853
Chunk bitrate: 63 349952
Buffer size: 64 256001
Download Time: 879036
Chunk bitrate: 64 349952
Buffer size: 65 260001
[00007f4f14003378] ps mux: Close
[00007f4f10001588] idummy demux: command `quit'
[000000000246c1e8] [cli] lua interface error: Error loading script /home/cs244/vlc/share/lua/intf/cli.luac: lua/intf/modules/host.lua:286: Interrupted.
