[00000000023801e8] core interface error: no suitable interface module
[00000000022b7338] core libvlc error: interface "globalhotkeys,none" initialization failed
[00000000023801e8] dbus interface error: Failed to connect to the D-Bus session daemon: Unable to autolaunch a dbus-daemon without a $DISPLAY for X11
[00000000023801e8] core interface error: no suitable interface module
[00000000022b7338] core libvlc error: interface "dbus,none" initialization failed
[00000000022b7338] core libvlc: Running vlc with the default interface. Use 'cvlc' to use vlc without interface.
[00000000023801e8] qt interface error: Could not connect to X server
[00000000023801e8] skins2 interface error: cannot initialize OSFactory
[00000000023801e8] [cli] lua interface: Listening on host "*console".
VLC media player 3.0.0-git Vetinari
Command Line Interface initialized. Type `help' for help.
> [00007eff04003378] ps mux: Open
making a DASHManager
new ratebased adaptionlogic
Chunk bitrate: 0 349952
Buffer size: 0 0
Chunk bitrate: 0 349952
Buffer size: 0 0
[00007eff040241b8] mp4 demux: Fragment sequence discontinuity detected 0 != 2
Download Time: 1029106
[00007eff04026a58] mp4 demux: Fragment sequence discontinuity detected 0 != 2
Startup Time: 1050000
Chunk bitrate: 0 600000
Buffer size: 0 4001
Chunk bitrate: 0 600000
Buffer size: 1 4001
Download Time: 1813886
Chunk bitrate: 1 1000000
Buffer size: 1 8001
Chunk bitrate: 1 1000000
Buffer size: 2 8001
Download Time: 1903212
Chunk bitrate: 2 1000000
Buffer size: 3 12001
Download Time: 1935573
Chunk bitrate: 3 1000000
Buffer size: 4 16001
Download Time: 1636343
Chunk bitrate: 4 1000000
Buffer size: 5 20001
Download Time: 1556250
Chunk bitrate: 5 2000000
Buffer size: 5 24001
Chunk bitrate: 5 2000000
Buffer size: 6 24001
Download Time: 1592852
Chunk bitrate: 6 2000000
Buffer size: 7 28001
Download Time: 1752920
Chunk bitrate: 7 2000000
Buffer size: 8 32001
Download Time: 1953545
Chunk bitrate: 8 3000000
Buffer size: 8 36001
Chunk bitrate: 8 3000000
Buffer size: 9 36001
Download Time: 1915881
Chunk bitrate: 9 3000000
Buffer size: 10 40001
Download Time: 3842845
Chunk bitrate: 10 1000000
Buffer size: 10 44001
Chunk bitrate: 10 1000000
Buffer size: 11 44001
Download Time: 2450292
Chunk bitrate: 11 1000000
Buffer size: 12 48001
Download Time: 1730312
Chunk bitrate: 12 1000000
Buffer size: 13 52001
Download Time: 1552489
Chunk bitrate: 13 1000000
Buffer size: 14 56001
Download Time: 1332536
Chunk bitrate: 14 1000000
Buffer size: 15 60001
Download Time: 880665
Chunk bitrate: 15 2000000
Buffer size: 15 64001
Chunk bitrate: 15 2000000
Buffer size: 16 64001
Download Time: 2196304
Chunk bitrate: 16 2000000
Buffer size: 17 68001
Download Time: 1792797
Chunk bitrate: 17 3000000
Buffer size: 17 72001
Chunk bitrate: 17 3000000
Buffer size: 18 72001
Download Time: 1139934
Chunk bitrate: 18 3000000
Buffer size: 19 76001
Download Time: 646816
Chunk bitrate: 19 3000000
Buffer size: 20 80001
Download Time: 983928
Chunk bitrate: 20 3000000
Buffer size: 21 84001
Download Time: 602730
Chunk bitrate: 21 3000000
Buffer size: 22 88001
Download Time: 892124
Chunk bitrate: 22 3000000
Buffer size: 23 92001
Download Time: 3782809
Chunk bitrate: 23 1000000
Buffer size: 23 96001
Chunk bitrate: 23 1000000
Buffer size: 24 96001
Download Time: 1955325
Chunk bitrate: 24 1000000
Buffer size: 25 100001
Download Time: 1700478
Chunk bitrate: 25 1000000
Buffer size: 26 104001
Download Time: 1671442
Chunk bitrate: 26 1000000
Buffer size: 27 108001
Download Time: 956851
Chunk bitrate: 27 2000000
Buffer size: 27 112001
Chunk bitrate: 27 2000000
Buffer size: 28 112001
Download Time: 2038480
Chunk bitrate: 28 2000000
Buffer size: 29 116001
Download Time: 2464653
Chunk bitrate: 29 2000000
Buffer size: 30 120001
Download Time: 652620
Chunk bitrate: 30 3000000
Buffer size: 30 124001
Chunk bitrate: 30 3000000
Buffer size: 31 124001
Download Time: 765053
Chunk bitrate: 31 3000000
Buffer size: 32 128001
Download Time: 1241725
Chunk bitrate: 32 3000000
Buffer size: 33 132001
Download Time: 1162491
Chunk bitrate: 33 3000000
Buffer size: 34 136001
Download Time: 1135845
Chunk bitrate: 34 3000000
Buffer size: 35 140001
Download Time: 6124399
Chunk bitrate: 35 1000000
Buffer size: 35 144001
Chunk bitrate: 35 1000000
Buffer size: 36 144001
Download Time: 1156017
Chunk bitrate: 36 1000000
Buffer size: 37 148001
Download Time: 1635473
Chunk bitrate: 37 1000000
Buffer size: 38 152001
Download Time: 1354027
Chunk bitrate: 38 2000000
Buffer size: 38 156001
Chunk bitrate: 38 2000000
Buffer size: 39 156001
Download Time: 1953078
Chunk bitrate: 39 2000000
Buffer size: 40 160001
Download Time: 1677874
Chunk bitrate: 40 2000000
Buffer size: 41 164001
Download Time: 1194256
Chunk bitrate: 41 3000000
Buffer size: 41 168001
Chunk bitrate: 41 3000000
Buffer size: 42 168001
Download Time: 975017
Chunk bitrate: 42 3000000
Buffer size: 43 172001
Download Time: 1201752
Chunk bitrate: 43 3000000
Buffer size: 44 176001
Download Time: 883520
Chunk bitrate: 44 3000000
Buffer size: 45 180001
Download Time: 1051959
Download Time: 27484
Chunk bitrate: 45 3000000
Buffer size: 46 184001
Download Time: 5870986
Chunk bitrate: 46 1000000
Buffer size: 46 188001
Chunk bitrate: 46 1000000
Buffer size: 47 188001
Download Time: 1512002
Chunk bitrate: 47 1000000
Buffer size: 48 192001
Download Time: 1094707
Chunk bitrate: 48 1000000
Buffer size: 49 196001
Download Time: 1453105
Chunk bitrate: 49 2000000
Buffer size: 49 200001
Chunk bitrate: 49 2000000
Buffer size: 50 200001
Download Time: 2036434
Chunk bitrate: 50 2000000
Buffer size: 51 204001
Download Time: 1657230
Chunk bitrate: 51 2000000
Buffer size: 52 208001
Download Time: 1791663
Chunk bitrate: 52 3000000
Buffer size: 52 212001
Chunk bitrate: 52 3000000
Buffer size: 53 212001
Download Time: 2143838
[00007eff04003378] core mux error: cannot add this stream
[00007eff040e16b8] core decoder error: cannot create packetizer output (h264)
Chunk bitrate: 53 3000000
Buffer size: 54 216001
Download Time: 3104509
Chunk bitrate: 54 1000000
Buffer size: 54 220001
Chunk bitrate: 54 1000000
Buffer size: 55 220001
Download Time: 2189706
[00007eff04003378] core mux error: cannot add this stream
[00007eff0408fc08] core decoder error: cannot create packetizer output (h264)
Chunk bitrate: 55 1000000
Buffer size: 56 224001
Download Time: 2007171
Chunk bitrate: 56 1000000
Buffer size: 57 228001
Download Time: 966543
Chunk bitrate: 57 1000000
Buffer size: 58 232001
Download Time: 445580
Chunk bitrate: 58 1000000
Buffer size: 59 236001
Download Time: 1697480
Chunk bitrate: 59 1000000
Buffer size: 60 240001
Download Time: 1148256
Chunk bitrate: 60 2000000
Buffer size: 60 244001
Chunk bitrate: 60 2000000
Buffer size: 61 244001
Download Time: 2030855
[00007eff04003378] core mux error: cannot add this stream
[00007eff0417bad8] core decoder error: cannot create packetizer output (h264)
Chunk bitrate: 61 2000000
Buffer size: 62 248001
Download Time: 662137
Chunk bitrate: 62 2000000
Buffer size: 63 252001
Download Time: 469146
Chunk bitrate: 63 2000000
Buffer size: 64 256001
Download Time: 933634
Chunk bitrate: 64 2000000
Buffer size: 65 260001
[00007eff04003378] ps mux: Close
[00007eff00001508] idummy demux: command `quit'
[00000000023801e8] [cli] lua interface error: Error loading script /home/cs244/vlc/share/lua/intf/cli.luac: lua/intf/modules/host.lua:286: Interrupted.
