[0000000001f98548] core interface error: no suitable interface module
[0000000001ed1338] core libvlc error: interface "globalhotkeys,none" initialization failed
[0000000001f98548] dbus interface error: Failed to connect to the D-Bus session daemon: Unable to autolaunch a dbus-daemon without a $DISPLAY for X11
[0000000001f98548] core interface error: no suitable interface module
[0000000001ed1338] core libvlc error: interface "dbus,none" initialization failed
[0000000001ed1338] core libvlc: Running vlc with the default interface. Use 'cvlc' to use vlc without interface.
[0000000001f98548] qt interface error: Could not connect to X server
[0000000001f98548] skins2 interface error: cannot initialize OSFactory
[0000000001f98548] [cli] lua interface: Listening on host "*console".
VLC media player 3.0.0-git Vetinari
Command Line Interface initialized. Type `help' for help.
> [00007f4108003378] ps mux: Open
making a DASHManager
new ratebased adaptionlogic
Chunk bitrate: 0 349952
Buffer size: 0 0
Chunk bitrate: 0 349952
Buffer size: 0 0
[00007f4108027588] mp4 demux: Fragment sequence discontinuity detected 0 != 2
Download Time: 295410
[00007f410801a258] mp4 demux: Fragment sequence discontinuity detected 0 != 2
Startup Time: 1050000
Chunk bitrate: 0 3000000
Buffer size: 0 4001
Chunk bitrate: 0 3000000
Buffer size: 1 4001
Download Time: 2270016
Chunk bitrate: 1 3000000
Buffer size: 2 8001
Download Time: 1902676
Chunk bitrate: 2 3000000
Buffer size: 3 12001
Download Time: 1239117
Chunk bitrate: 3 3000000
Buffer size: 4 16001
Download Time: 973229
Chunk bitrate: 4 3000000
Buffer size: 5 20001
Download Time: 1244097
Chunk bitrate: 5 3000000
Buffer size: 6 24001
Download Time: 843889
Chunk bitrate: 6 3000000
Buffer size: 7 28001
Download Time: 1175687
Chunk bitrate: 7 2000000
Buffer size: 7 32001
Chunk bitrate: 7 2000000
Buffer size: 8 32001
Download Time: 3547845
Chunk bitrate: 8 1000000
Buffer size: 8 36001
Chunk bitrate: 8 1000000
Buffer size: 9 36001
Download Time: 1294011
Chunk bitrate: 9 2000000
Buffer size: 9 40001
Chunk bitrate: 9 2000000
Buffer size: 10 40001
Download Time: 2075313
Chunk bitrate: 10 2000000
Buffer size: 11 44001
Download Time: 1980259
Chunk bitrate: 11 2000000
Buffer size: 12 48001
Download Time: 1837912
Chunk bitrate: 12 3000000
Buffer size: 12 52001
Chunk bitrate: 12 3000000
Buffer size: 13 52001
Download Time: 2226190
Chunk bitrate: 13 3000000
Buffer size: 14 56001
Download Time: 1428788
Chunk bitrate: 14 3000000
Buffer size: 15 60001
Download Time: 889253
Chunk bitrate: 15 3000000
Buffer size: 16 64001
Download Time: 1097148
Chunk bitrate: 16 3000000
Buffer size: 17 68001
Download Time: 915180
Chunk bitrate: 17 3000000
Buffer size: 18 72001
Download Time: 1139767
Chunk bitrate: 18 3000000
Buffer size: 19 76001
Download Time: 1545317
Chunk bitrate: 19 2000000
Buffer size: 19 80001
Chunk bitrate: 19 2000000
Buffer size: 20 80001
Download Time: 2863917
Chunk bitrate: 20 1000000
Buffer size: 20 84001
Chunk bitrate: 20 1000000
Buffer size: 21 84001
Download Time: 887883
Chunk bitrate: 21 2000000
Buffer size: 21 88001
Chunk bitrate: 21 2000000
Buffer size: 22 88001
Download Time: 1976233
Chunk bitrate: 22 2000000
Buffer size: 23 92001
Download Time: 2493159
Chunk bitrate: 23 2000000
Buffer size: 24 96001
Download Time: 1424976
Chunk bitrate: 24 3000000
Buffer size: 24 100001
Chunk bitrate: 24 3000000
Buffer size: 25 100001
Download Time: 2058025
Chunk bitrate: 25 3000000
Buffer size: 26 104001
Download Time: 1724212
Chunk bitrate: 26 3000000
Buffer size: 27 108001
Download Time: 620653
Chunk bitrate: 27 3000000
Buffer size: 28 112001
Download Time: 974024
Chunk bitrate: 28 3000000
Buffer size: 29 116001
Download Time: 1209440
Chunk bitrate: 29 3000000
Buffer size: 30 120001
Download Time: 755991
Chunk bitrate: 30 3000000
Buffer size: 31 124001
Download Time: 765413
Chunk bitrate: 31 3000000
Buffer size: 32 128001
Download Time: 4173553
Chunk bitrate: 32 1000000
Buffer size: 32 132001
Chunk bitrate: 32 1000000
Buffer size: 33 132001
Download Time: 1338664
Chunk bitrate: 33 2000000
Buffer size: 33 136001
Chunk bitrate: 33 2000000
Buffer size: 34 136001
Download Time: 2249604
Chunk bitrate: 34 2000000
Buffer size: 35 140001
Download Time: 2236274
Chunk bitrate: 35 3000000
Buffer size: 35 144001
Chunk bitrate: 35 3000000
Buffer size: 36 144001
Download Time: 1665782
Chunk bitrate: 36 3000000
Buffer size: 37 148001
Download Time: 2476555
Chunk bitrate: 37 3000000
Buffer size: 38 152001
Download Time: 1471999
Chunk bitrate: 38 3000000
Buffer size: 39 156001
Download Time: 1014177
Chunk bitrate: 39 3000000
Buffer size: 40 160001
Download Time: 869120
Chunk bitrate: 40 3000000
Buffer size: 41 164001
Download Time: 1174147
Chunk bitrate: 41 3000000
Buffer size: 42 168001
Download Time: 1040374
Chunk bitrate: 42 2000000
Buffer size: 42 172001
Chunk bitrate: 42 2000000
Buffer size: 43 172001
Download Time: 3259918
Chunk bitrate: 43 1000000
Buffer size: 43 176001
Chunk bitrate: 43 1000000
Buffer size: 44 176001
Download Time: 1243136
Chunk bitrate: 44 1000000
Buffer size: 45 180001
Download Time: 1079609
Chunk bitrate: 45 2000000
Buffer size: 45 184001
Chunk bitrate: 45 2000000
Buffer size: 46 184001
Download Time: 2278359
Chunk bitrate: 46 2000000
Buffer size: 47 188001
Download Time: 1809125
Chunk bitrate: 47 3000000
Buffer size: 47 192001
Chunk bitrate: 47 3000000
Buffer size: 48 192001
Download Time: 1748052
[00007f4108003378] core mux error: cannot add this stream
[00007f41081b4338] core decoder error: cannot create packetizer output (h264)
Chunk bitrate: 48 3000000
Buffer size: 49 196001
Download Time: 2472178
Chunk bitrate: 49 3000000
Buffer size: 50 200001
Download Time: 1110605
Chunk bitrate: 50 3000000
Buffer size: 51 204001
Download Time: 774868
Chunk bitrate: 51 3000000
Buffer size: 52 208001
Download Time: 1136108
Chunk bitrate: 52 3000000
Buffer size: 53 212001
Download Time: 1073802
Chunk bitrate: 53 3000000
Buffer size: 54 216001
Download Time: 1148293
Chunk bitrate: 54 2000000
Buffer size: 54 220001
Chunk bitrate: 54 2000000
Buffer size: 55 220001
Download Time: 3585312
[00007f4108003378] core mux error: cannot add this stream
[00007f4108138798] core decoder error: cannot create packetizer output (h264)
Chunk bitrate: 55 1000000
Buffer size: 55 224001
Chunk bitrate: 55 1000000
Buffer size: 56 224001
Download Time: 1819066
[00007f4108003378] core mux error: cannot add this stream
[00007f4108242758] core decoder error: cannot create packetizer output (h264)
Chunk bitrate: 56 1000000
Buffer size: 57 228001
Download Time: 967913
Chunk bitrate: 57 1000000
Buffer size: 58 232001
Download Time: 445353
Chunk bitrate: 58 1000000
Buffer size: 59 236001
Download Time: 1697648
Chunk bitrate: 59 1000000
Buffer size: 60 240001
Download Time: 1037302
Chunk bitrate: 60 3000000
Buffer size: 60 244001
Chunk bitrate: 60 3000000
Buffer size: 61 244001
Download Time: 1903795
[00007f4108003378] core mux error: cannot add this stream
[00007f410809eec8] core decoder error: cannot create packetizer output (h264)
Chunk bitrate: 61 3000000
Buffer size: 62 248001
Download Time: 639838
Chunk bitrate: 62 3000000
Buffer size: 63 252001
Download Time: 451591
Chunk bitrate: 63 3000000
Buffer size: 64 256001
Download Time: 799911
Chunk bitrate: 64 3000000
Buffer size: 65 260001
[00007f4108003378] ps mux: Close
[00007f41040015c8] idummy demux: command `quit'
[0000000001f98548] [cli] lua interface error: Error loading script /home/cs244/vlc/share/lua/intf/cli.luac: lua/intf/modules/host.lua:286: Interrupted.
