[000000000156f1e8] core interface error: no suitable interface module
[00000000014a6338] core libvlc error: interface "globalhotkeys,none" initialization failed
[000000000156f1e8] dbus interface error: Failed to connect to the D-Bus session daemon: Unable to autolaunch a dbus-daemon without a $DISPLAY for X11
[000000000156f1e8] core interface error: no suitable interface module
[00000000014a6338] core libvlc error: interface "dbus,none" initialization failed
[00000000014a6338] core libvlc: Running vlc with the default interface. Use 'cvlc' to use vlc without interface.
[000000000156f1e8] qt interface error: Could not connect to X server
[000000000156f1e8] skins2 interface error: cannot initialize OSFactory
[00007f9360003378] ps mux: Open
[000000000156f1e8] [cli] lua interface: Listening on host "*console".
VLC media player 3.0.0-git Vetinari
Command Line Interface initialized. Type `help' for help.
> making a DASHManager
new ratebased adaptionlogic
Chunk bitrate: 0 349952
Buffer size: 0 0
Chunk bitrate: 0 349952
Buffer size: 0 0
[00007f936001a3a8] mp4 demux: Fragment sequence discontinuity detected 0 != 2
Download Time: 148179
[00007f9360025988] mp4 demux: Fragment sequence discontinuity detected 0 != 2
Startup Time: 1050000
Chunk bitrate: 0 3000000
Buffer size: 0 4001
Chunk bitrate: 0 3000000
Buffer size: 1 4001
Download Time: 1136438
Chunk bitrate: 1 3000000
Buffer size: 2 8001
Download Time: 953536
Chunk bitrate: 2 3000000
Buffer size: 3 12001
Download Time: 1169162
Chunk bitrate: 3 3000000
Buffer size: 4 16001
Download Time: 973066
Chunk bitrate: 4 3000000
Buffer size: 5 20001
Download Time: 2194554
Chunk bitrate: 5 3000000
Buffer size: 6 24001
Download Time: 1686638
Chunk bitrate: 6 3000000
Buffer size: 7 28001
Download Time: 1476962
Chunk bitrate: 7 3000000
Buffer size: 8 32001
Download Time: 1309329
Chunk bitrate: 8 3000000
Buffer size: 9 36001
Download Time: 960089
Chunk bitrate: 9 3000000
Buffer size: 10 40001
Download Time: 1107560
Chunk bitrate: 10 3000000
Buffer size: 11 44001
Download Time: 962881
Chunk bitrate: 11 3000000
Buffer size: 12 48001
Download Time: 1330409
Chunk bitrate: 12 3000000
Buffer size: 13 52001
Download Time: 1119029
Chunk bitrate: 13 3000000
Buffer size: 14 56001
Download Time: 942912
Chunk bitrate: 14 3000000
Buffer size: 15 60001
Download Time: 888797
Chunk bitrate: 15 3000000
Buffer size: 16 64001
Download Time: 1443256
Chunk bitrate: 16 2000000
Buffer size: 16 68001
Chunk bitrate: 16 2000000
Buffer size: 17 68001
Download Time: 1910404
Chunk bitrate: 17 2000000
Buffer size: 18 72001
Download Time: 2079122
Chunk bitrate: 18 2000000
Buffer size: 19 76001
Download Time: 1001450
Chunk bitrate: 19 3000000
Buffer size: 19 80001
Chunk bitrate: 19 3000000
Buffer size: 20 80001
Download Time: 1963887
Chunk bitrate: 20 3000000
Buffer size: 21 84001
Download Time: 1200902
Chunk bitrate: 21 3000000
Buffer size: 22 88001
Download Time: 1340152
Chunk bitrate: 22 3000000
Buffer size: 23 92001
Download Time: 1173752
Chunk bitrate: 23 3000000
Buffer size: 24 96001
Download Time: 1044988
Chunk bitrate: 24 3000000
Buffer size: 25 100001
Download Time: 1031072
Chunk bitrate: 25 3000000
Buffer size: 26 104001
Download Time: 976599
Chunk bitrate: 26 3000000
Buffer size: 27 108001
Download Time: 620248
Chunk bitrate: 27 3000000
Buffer size: 28 112001
Download Time: 974507
Chunk bitrate: 28 3000000
Buffer size: 29 116001
Download Time: 1209815
Chunk bitrate: 29 3000000
Buffer size: 30 120001
Download Time: 756362
Chunk bitrate: 30 3000000
Buffer size: 31 124001
Download Time: 764390
Chunk bitrate: 31 3000000
Buffer size: 32 128001
Download Time: 1788122
Chunk bitrate: 32 3000000
Buffer size: 33 132001
Download Time: 2320435
Chunk bitrate: 33 3000000
Buffer size: 34 136001
Download Time: 2267233
Chunk bitrate: 34 3000000
Buffer size: 35 140001
Download Time: 2068654
Chunk bitrate: 35 3000000
Buffer size: 36 144001
Download Time: 1664960
Chunk bitrate: 36 3000000
Buffer size: 37 148001
Download Time: 1392824
Chunk bitrate: 37 3000000
Buffer size: 38 152001
Download Time: 1173236
Chunk bitrate: 38 3000000
Buffer size: 39 156001
Download Time: 1013617
Chunk bitrate: 39 3000000
Buffer size: 40 160001
Download Time: 869651
Chunk bitrate: 40 3000000
Buffer size: 41 164001
Download Time: 1174606
Chunk bitrate: 41 3000000
Buffer size: 42 168001
Download Time: 975837
Chunk bitrate: 42 3000000
Buffer size: 43 172001
Download Time: 1209078
Chunk bitrate: 43 3000000
Buffer size: 44 176001
Download Time: 889763
Chunk bitrate: 44 3000000
Buffer size: 45 180001
Download Time: 1052219
Chunk bitrate: 45 3000000
Buffer size: 46 184001
Download Time: 1963985
Chunk bitrate: 46 3000000
Buffer size: 47 188001
Download Time: 2091103
Chunk bitrate: 47 3000000
Buffer size: 48 192001
Download Time: 1432300
Chunk bitrate: 48 3000000
Buffer size: 49 196001
Download Time: 1237733
Chunk bitrate: 49 3000000
Buffer size: 50 200001
Download Time: 938853
Chunk bitrate: 50 3000000
Buffer size: 51 204001
Download Time: 776348
Chunk bitrate: 51 3000000
Buffer size: 52 208001
Download Time: 1137024
Chunk bitrate: 52 3000000
Buffer size: 53 212001
Download Time: 1074226
Chunk bitrate: 53 3000000
Buffer size: 54 216001
Download Time: 1137350
Chunk bitrate: 54 3000000
Buffer size: 55 220001
Download Time: 1029307
Chunk bitrate: 55 3000000
Buffer size: 56 224001
Download Time: 1122351
Chunk bitrate: 56 3000000
Buffer size: 57 228001
Download Time: 775031
Chunk bitrate: 57 3000000
Buffer size: 58 232001
Download Time: 326995
Chunk bitrate: 58 3000000
Buffer size: 59 236001
Download Time: 1199477
Chunk bitrate: 59 3000000
Buffer size: 60 240001
Download Time: 915110
Chunk bitrate: 60 3000000
Buffer size: 61 244001
Download Time: 952639
Chunk bitrate: 61 3000000
Buffer size: 62 248001
Download Time: 322830
Chunk bitrate: 62 3000000
Buffer size: 63 252001
Download Time: 226595
Chunk bitrate: 63 3000000
Buffer size: 64 256001
Download Time: 401849
Chunk bitrate: 64 3000000
Buffer size: 65 260001
[00007f9360003378] ps mux: Close
[00007f93601d1ee8] idummy demux: command `quit'
[000000000156f1e8] [cli] lua interface error: Error loading script /home/cs244/vlc/share/lua/intf/cli.luac: lua/intf/modules/host.lua:286: Interrupted.
