[000000000158d1e8] core interface error: no suitable interface module
[00000000014c4338] core libvlc error: interface "globalhotkeys,none" initialization failed
[000000000158d1e8] dbus interface error: Failed to connect to the D-Bus session daemon: Unable to autolaunch a dbus-daemon without a $DISPLAY for X11
[000000000158d1e8] core interface error: no suitable interface module
[00000000014c4338] core libvlc error: interface "dbus,none" initialization failed
[00000000014c4338] core libvlc: Running vlc with the default interface. Use 'cvlc' to use vlc without interface.
[000000000158d1e8] qt interface error: Could not connect to X server
[000000000158d1e8] skins2 interface error: cannot initialize OSFactory
[000000000158d1e8] [cli] lua interface: Listening on host "*console".
VLC media player 3.0.0-git Vetinari
Command Line Interface initialized. Type `help' for help.
> [00007f8144003378] ps mux: Open
making a DASHManager
new ratebased adaptionlogic
Chunk bitrate: 0 349952
Buffer size: 0 0
Chunk bitrate: 0 349952
Buffer size: 0 0
[00007f81440258f8] mp4 demux: Fragment sequence discontinuity detected 0 != 2
Download Time: 149296
[00007f8144025688] mp4 demux: Fragment sequence discontinuity detected 0 != 2
Startup Time: 1050000
Chunk bitrate: 0 3000000
Buffer size: 0 4001
Chunk bitrate: 0 3000000
Buffer size: 1 4001
Download Time: 1136728
Chunk bitrate: 1 3000000
Buffer size: 2 8001
Download Time: 953393
Chunk bitrate: 2 3000000
Buffer size: 3 12001
Download Time: 1170105
Chunk bitrate: 3 3000000
Buffer size: 4 16001
Download Time: 973501
Chunk bitrate: 4 3000000
Buffer size: 5 20001
Download Time: 1243253
Chunk bitrate: 5 3000000
Buffer size: 6 24001
Download Time: 843072
Chunk bitrate: 6 3000000
Buffer size: 7 28001
Download Time: 829492
Chunk bitrate: 7 3000000
Buffer size: 8 32001
Download Time: 1310218
Chunk bitrate: 8 3000000
Buffer size: 9 36001
Download Time: 986703
Chunk bitrate: 9 2000000
Buffer size: 9 40001
Chunk bitrate: 9 2000000
Buffer size: 10 40001
Download Time: 2076117
Chunk bitrate: 10 2000000
Buffer size: 11 44001
Download Time: 1979761
Chunk bitrate: 11 2000000
Buffer size: 12 48001
Download Time: 2001174
Chunk bitrate: 12 3000000
Buffer size: 12 52001
Chunk bitrate: 12 3000000
Buffer size: 13 52001
Download Time: 2226443
Chunk bitrate: 13 3000000
Buffer size: 14 56001
Download Time: 1593204
Chunk bitrate: 14 3000000
Buffer size: 15 60001
Download Time: 889393
Chunk bitrate: 15 3000000
Buffer size: 16 64001
Download Time: 1095961
Chunk bitrate: 16 3000000
Buffer size: 17 68001
Download Time: 913573
Chunk bitrate: 17 3000000
Buffer size: 18 72001
Download Time: 1140400
Chunk bitrate: 18 3000000
Buffer size: 19 76001
Download Time: 651915
Chunk bitrate: 19 3000000
Buffer size: 20 80001
Download Time: 983478
Chunk bitrate: 20 3000000
Buffer size: 21 84001
Download Time: 603499
Chunk bitrate: 21 3000000
Buffer size: 22 88001
Download Time: 892211
Chunk bitrate: 22 3000000
Buffer size: 23 92001
Download Time: 1174260
Chunk bitrate: 23 3000000
Buffer size: 24 96001
Download Time: 1044761
Chunk bitrate: 24 3000000
Buffer size: 25 100001
Download Time: 3085550
Chunk bitrate: 25 2000000
Buffer size: 25 104001
Chunk bitrate: 25 2000000
Buffer size: 26 104001
Download Time: 1870384
Chunk bitrate: 26 3000000
Buffer size: 26 108001
Chunk bitrate: 26 3000000
Buffer size: 27 108001
Download Time: 1237508
Chunk bitrate: 27 3000000
Buffer size: 28 112001
Download Time: 1944731
Chunk bitrate: 28 3000000
Buffer size: 29 116001
Download Time: 1971628
Chunk bitrate: 29 3000000
Buffer size: 30 120001
Download Time: 756710
Chunk bitrate: 30 3000000
Buffer size: 31 124001
Download Time: 764599
Chunk bitrate: 31 3000000
Buffer size: 32 128001
Download Time: 1242481
Chunk bitrate: 32 3000000
Buffer size: 33 132001
Download Time: 1162609
Chunk bitrate: 33 3000000
Buffer size: 34 136001
Download Time: 1136534
Chunk bitrate: 34 3000000
Buffer size: 35 140001
Download Time: 1036466
Chunk bitrate: 35 3000000
Buffer size: 36 144001
Download Time: 835137
Chunk bitrate: 36 3000000
Buffer size: 37 148001
Download Time: 1239208
Chunk bitrate: 37 3000000
Buffer size: 38 152001
Download Time: 1360898
Chunk bitrate: 38 3000000
Buffer size: 39 156001
Download Time: 3037147
Chunk bitrate: 39 2000000
Buffer size: 39 160001
Chunk bitrate: 39 2000000
Buffer size: 40 160001
Download Time: 1652150
Chunk bitrate: 40 3000000
Buffer size: 40 164001
Chunk bitrate: 40 3000000
Buffer size: 41 164001
Download Time: 2343635
Chunk bitrate: 41 3000000
Buffer size: 42 168001
Download Time: 1945971
Chunk bitrate: 42 3000000
Buffer size: 43 172001
Download Time: 1434876
Chunk bitrate: 43 3000000
Buffer size: 44 176001
Download Time: 882865
Chunk bitrate: 44 3000000
Buffer size: 45 180001
Download Time: 1051667
Chunk bitrate: 45 3000000
Buffer size: 46 184001
Download Time: 1121271
Chunk bitrate: 46 3000000
Buffer size: 47 188001
Download Time: 1859954
Chunk bitrate: 47 1000000
Buffer size: 47 192001
Chunk bitrate: 47 1000000
Buffer size: 48 192001
Download Time: 1370016
Chunk bitrate: 48 1000000
Buffer size: 49 196001
Download Time: 1879063
Chunk bitrate: 49 1000000
Buffer size: 50 200001
Download Time: 1193223
Chunk bitrate: 50 2000000
Buffer size: 50 204001
Chunk bitrate: 50 2000000
Buffer size: 51 204001
Download Time: 1659003
Chunk bitrate: 51 2000000
Buffer size: 52 208001
Download Time: 2234556
Chunk bitrate: 52 2000000
Buffer size: 53 212001
Download Time: 1313071
Chunk bitrate: 53 3000000
Buffer size: 53 216001
Chunk bitrate: 53 3000000
Buffer size: 54 216001
Download Time: 2269911
Chunk bitrate: 54 3000000
Buffer size: 55 220001
Download Time: 1675726
Chunk bitrate: 55 3000000
Buffer size: 56 224001
Download Time: 1121307
Chunk bitrate: 56 3000000
Buffer size: 57 228001
Download Time: 775744
Chunk bitrate: 57 3000000
Buffer size: 58 232001
Download Time: 327954
Chunk bitrate: 58 3000000
Buffer size: 59 236001
Download Time: 1199534
Chunk bitrate: 59 3000000
Buffer size: 60 240001
Download Time: 915719
Chunk bitrate: 60 3000000
Buffer size: 61 244001
Download Time: 3531088
Chunk bitrate: 61 1000000
Buffer size: 61 248001
Chunk bitrate: 61 1000000
Buffer size: 62 248001
Download Time: 483801
Chunk bitrate: 62 1000000
Buffer size: 63 252001
Download Time: 364139
Chunk bitrate: 63 1000000
Buffer size: 64 256001
Download Time: 599530
Chunk bitrate: 64 2000000
Buffer size: 64 260001
Chunk bitrate: 64 2000000
Buffer size: 65 260001
[00007f8144003378] ps mux: Close
[00007f8140001788] idummy demux: command `quit'
[000000000158d1e8] [cli] lua interface error: Error loading script /home/cs244/vlc/share/lua/intf/cli.luac: lua/intf/modules/host.lua:286: Interrupted.
