[0000000000dde1e8] core interface error: no suitable interface module
[0000000000d15338] core libvlc error: interface "globalhotkeys,none" initialization failed
[0000000000dde1e8] dbus interface error: Failed to connect to the D-Bus session daemon: Unable to autolaunch a dbus-daemon without a $DISPLAY for X11
[0000000000dde1e8] core interface error: no suitable interface module
[0000000000d15338] core libvlc error: interface "dbus,none" initialization failed
[0000000000d15338] core libvlc: Running vlc with the default interface. Use 'cvlc' to use vlc without interface.
[0000000000dde1e8] qt interface error: Could not connect to X server
[0000000000dde1e8] skins2 interface error: cannot initialize OSFactory
[0000000000dde1e8] [cli] lua interface: Listening on host "*console".
VLC media player 3.0.0-git Vetinari
Command Line Interface initialized. Type `help' for help.
> [00007fb6e4003378] ps mux: Open
making a DASHManager
new ratebased adaptionlogic
Chunk bitrate: 0 349952
Buffer size: 0 0
Chunk bitrate: 0 349952
Buffer size: 0 0
[00007fb6e40237a8] mp4 demux: Fragment sequence discontinuity detected 0 != 2
Download Time: 734856
[00007fb6e4018308] mp4 demux: Fragment sequence discontinuity detected 0 != 2
Startup Time: 1050000
Chunk bitrate: 0 1000000
Buffer size: 0 4001
Chunk bitrate: 0 1000000
Buffer size: 1 4001
Download Time: 2014926
Chunk bitrate: 1 1000000
Buffer size: 2 8001
Download Time: 1462236
Chunk bitrate: 2 1000000
Buffer size: 3 12001
Download Time: 1233910
Chunk bitrate: 3 2000000
Buffer size: 3 16001
Chunk bitrate: 3 2000000
Buffer size: 4 16001
Download Time: 1880287
Chunk bitrate: 4 2000000
Buffer size: 5 20001
Download Time: 2351522
Chunk bitrate: 5 3000000
Buffer size: 5 24001
Chunk bitrate: 5 3000000
Buffer size: 6 24001
Download Time: 1683779
Chunk bitrate: 6 3000000
Buffer size: 7 28001
Download Time: 1653839
Chunk bitrate: 7 3000000
Buffer size: 8 32001
Download Time: 4981569
Chunk bitrate: 8 1000000
Buffer size: 8 36001
Chunk bitrate: 8 1000000
Buffer size: 9 36001
Download Time: 1654774
Chunk bitrate: 9 1000000
Buffer size: 10 40001
Download Time: 1287792
Chunk bitrate: 10 1000000
Buffer size: 11 44001
Download Time: 1400368
Chunk bitrate: 11 1000000
Buffer size: 12 48001
Download Time: 1615273
Chunk bitrate: 12 2000000
Buffer size: 12 52001
Chunk bitrate: 12 2000000
Buffer size: 13 52001
Download Time: 2183926
Chunk bitrate: 13 2000000
Buffer size: 14 56001
Download Time: 2048203
Chunk bitrate: 14 2000000
Buffer size: 15 60001
Download Time: 1277576
Chunk bitrate: 15 3000000
Buffer size: 15 64001
Chunk bitrate: 15 3000000
Buffer size: 16 64001
Download Time: 2190475
Chunk bitrate: 16 3000000
Buffer size: 17 68001
Download Time: 2289283
Chunk bitrate: 17 1000000
Buffer size: 17 72001
Chunk bitrate: 17 1000000
Buffer size: 18 72001
Download Time: 2310446
Chunk bitrate: 18 1000000
Buffer size: 19 76001
Download Time: 1273890
Chunk bitrate: 19 1000000
Buffer size: 20 80001
Download Time: 1221130
Chunk bitrate: 20 2000000
Buffer size: 20 84001
Chunk bitrate: 20 2000000
Buffer size: 21 84001
Download Time: 1310618
Chunk bitrate: 21 2000000
Buffer size: 22 88001
Download Time: 1977334
Chunk bitrate: 22 2000000
Buffer size: 23 92001
Download Time: 2492032
Chunk bitrate: 23 2000000
Buffer size: 24 96001
Download Time: 2082851
Chunk bitrate: 24 2000000
Buffer size: 25 100001
Download Time: 1637089
Chunk bitrate: 25 3000000
Buffer size: 25 104001
Chunk bitrate: 25 3000000
Buffer size: 26 104001
Download Time: 1947874
Chunk bitrate: 26 3000000
Buffer size: 27 108001
Download Time: 1236636
Chunk bitrate: 27 3000000
Buffer size: 28 112001
Download Time: 4268084
Chunk bitrate: 28 1000000
Buffer size: 28 116001
Chunk bitrate: 28 1000000
Buffer size: 29 116001
Download Time: 1971906
Chunk bitrate: 29 1000000
Buffer size: 30 120001
Download Time: 1103324
Chunk bitrate: 30 1000000
Buffer size: 31 124001
Download Time: 1235760
Chunk bitrate: 31 1000000
Buffer size: 32 128001
Download Time: 1700769
Chunk bitrate: 32 2000000
Buffer size: 32 132001
Chunk bitrate: 32 2000000
Buffer size: 33 132001
Download Time: 2116141
Chunk bitrate: 33 2000000
Buffer size: 34 136001
Download Time: 2248052
Chunk bitrate: 34 2000000
Buffer size: 35 140001
Download Time: 1634367
Chunk bitrate: 35 3000000
Buffer size: 35 144001
Chunk bitrate: 35 3000000
Buffer size: 36 144001
Download Time: 1665815
Chunk bitrate: 36 3000000
Buffer size: 37 148001
Download Time: 3921384
Chunk bitrate: 37 600000
Buffer size: 37 152001
Chunk bitrate: 37 600000
Buffer size: 38 152001
Download Time: 1823743
Chunk bitrate: 38 600000
Buffer size: 39 156001
Download Time: 1186004
Chunk bitrate: 39 1000000
Buffer size: 39 160001
Chunk bitrate: 39 1000000
Buffer size: 40 160001
Download Time: 1143762
Chunk bitrate: 40 1000000
Buffer size: 41 164001
Download Time: 1588079
Chunk bitrate: 41 1000000
Buffer size: 42 168001
Download Time: 1400516
Chunk bitrate: 42 1000000
Buffer size: 43 172001
Download Time: 1212945
Chunk bitrate: 43 2000000
Buffer size: 43 176001
Chunk bitrate: 43 2000000
Buffer size: 44 176001
Download Time: 1883630
Chunk bitrate: 44 2000000
Buffer size: 45 180001
Download Time: 1956766
Chunk bitrate: 45 3000000
Buffer size: 45 184001
Chunk bitrate: 45 3000000
Buffer size: 46 184001
Download Time: 2237895
[00007fb6e4003378] core mux error: cannot add this stream
[00007fb6e4046908] core decoder error: cannot create packetizer output (h264)
Chunk bitrate: 46 3000000
Buffer size: 47 188001
Download Time: 2088806
Chunk bitrate: 47 3000000
Buffer size: 48 192001
Download Time: 4495365
Chunk bitrate: 48 1000000
Buffer size: 48 196001
Chunk bitrate: 48 1000000
Buffer size: 49 196001
Download Time: 1739890
[00007fb6e4003378] core mux error: cannot add this stream
[00007fb6e4073c18] core decoder error: cannot create packetizer output (h264)
Chunk bitrate: 49 1000000
Buffer size: 50 200001
Download Time: 1410565
Chunk bitrate: 50 1000000
Buffer size: 51 204001
Download Time: 1141873
Chunk bitrate: 51 1000000
Buffer size: 52 208001
Download Time: 1358463
Chunk bitrate: 52 2000000
Buffer size: 52 212001
Chunk bitrate: 52 2000000
Buffer size: 53 212001
Download Time: 1961573
[00007fb6e4003378] core mux error: cannot add this stream
[00007fb6e402bcb8] core decoder error: cannot create packetizer output (h264)
Chunk bitrate: 53 2000000
Buffer size: 54 216001
Download Time: 2236044
Chunk bitrate: 54 2000000
Buffer size: 55 220001
Download Time: 2759040
Chunk bitrate: 55 1000000
Buffer size: 55 224001
Chunk bitrate: 55 1000000
Buffer size: 56 224001
Download Time: 1595930
[00007fb6e4003378] core mux error: cannot add this stream
[00007fb6e4073708] core decoder error: cannot create packetizer output (h264)
Chunk bitrate: 56 1000000
Buffer size: 57 228001
Download Time: 913637
Chunk bitrate: 57 2000000
Buffer size: 57 232001
Chunk bitrate: 57 2000000
Buffer size: 58 232001
Download Time: 627286
[00007fb6e4003378] core mux error: cannot add this stream
[00007fb6e417ff18] core decoder error: cannot create packetizer output (h264)
Chunk bitrate: 58 2000000
Buffer size: 59 236001
Download Time: 2475573
Chunk bitrate: 59 2000000
Buffer size: 60 240001
Download Time: 1764875
Chunk bitrate: 60 3000000
Buffer size: 60 244001
Chunk bitrate: 60 3000000
Buffer size: 61 244001
Download Time: 1906075
[00007fb6e4003378] core mux error: cannot add this stream
[00007fb6e415f348] core decoder error: cannot create packetizer output (h264)
Chunk bitrate: 61 3000000
Buffer size: 62 248001
Download Time: 639699
Chunk bitrate: 62 3000000
Buffer size: 63 252001
Download Time: 449626
Chunk bitrate: 63 3000000
Buffer size: 64 256001
Download Time: 798999
Chunk bitrate: 64 3000000
Buffer size: 65 260001
[00007fb6e4003378] ps mux: Close
[00007fb6e0001288] idummy demux: command `quit'
[0000000000dde1e8] [cli] lua interface error: Error loading script /home/cs244/vlc/share/lua/intf/cli.luac: lua/intf/modules/host.lua:286: Interrupted.
