[00000000013011e8] core interface error: no suitable interface module
[0000000001238338] core libvlc error: interface "globalhotkeys,none" initialization failed
[00000000013011e8] dbus interface error: Failed to connect to the D-Bus session daemon: Unable to autolaunch a dbus-daemon without a $DISPLAY for X11
[00000000013011e8] core interface error: no suitable interface module
[0000000001238338] core libvlc error: interface "dbus,none" initialization failed
[0000000001238338] core libvlc: Running vlc with the default interface. Use 'cvlc' to use vlc without interface.
[00000000013011e8] qt interface error: Could not connect to X server
[00000000013011e8] skins2 interface error: cannot initialize OSFactory
[00000000013011e8] [cli] lua interface: Listening on host "*console".
VLC media player 3.0.0-git Vetinari
Command Line Interface initialized. Type `help' for help.
> [00007f4d88003378] ps mux: Open
making a DASHManager
new ratebased adaptionlogic
Chunk bitrate: 0 349952
Buffer size: 0 0
Chunk bitrate: 0 349952
Buffer size: 0 0
[00007f4d88021898] mp4 demux: Fragment sequence discontinuity detected 0 != 2
Download Time: 148298
[00007f4d88019d68] mp4 demux: Fragment sequence discontinuity detected 0 != 2
Startup Time: 1050000
Chunk bitrate: 0 3000000
Buffer size: 0 4001
Chunk bitrate: 0 3000000
Buffer size: 1 4001
Download Time: 1136269
Chunk bitrate: 1 3000000
Buffer size: 2 8001
Download Time: 952277
Chunk bitrate: 2 3000000
Buffer size: 3 12001
Download Time: 1169140
Chunk bitrate: 3 3000000
Buffer size: 4 16001
Download Time: 973140
Download Time: 31833
Chunk bitrate: 4 3000000
Buffer size: 5 20001
Download Time: 1243681
Chunk bitrate: 5 3000000
Buffer size: 6 24001
Download Time: 844177
Chunk bitrate: 6 3000000
Buffer size: 7 28001
Download Time: 830200
Chunk bitrate: 7 3000000
Buffer size: 8 32001
Download Time: 1309869
Chunk bitrate: 8 3000000
Buffer size: 9 36001
Download Time: 959380
Chunk bitrate: 9 3000000
Buffer size: 10 40001
Download Time: 1105707
Chunk bitrate: 10 3000000
Buffer size: 11 44001
Download Time: 962955
Chunk bitrate: 11 3000000
Buffer size: 12 48001
Download Time: 1330879
Chunk bitrate: 12 3000000
Buffer size: 13 52001
Download Time: 1114401
Chunk bitrate: 13 3000000
Buffer size: 14 56001
Download Time: 1582321
Chunk bitrate: 14 3000000
Buffer size: 15 60001
Download Time: 1773310
Chunk bitrate: 15 3000000
Buffer size: 16 64001
Download Time: 2012313
Chunk bitrate: 16 3000000
Buffer size: 17 68001
Download Time: 914381
Chunk bitrate: 17 3000000
Buffer size: 18 72001
Download Time: 1140067
Chunk bitrate: 18 3000000
Buffer size: 19 76001
Download Time: 648781
Chunk bitrate: 19 3000000
Buffer size: 20 80001
Download Time: 985219
Chunk bitrate: 20 3000000
Buffer size: 21 84001
Download Time: 602933
Chunk bitrate: 21 3000000
Buffer size: 22 88001
Download Time: 19135023
Chunk bitrate: 22 600000
Buffer size: 22 92001
Chunk bitrate: 22 600000
Buffer size: 23 92001
Download Time: 2219770
Chunk bitrate: 23 600000
Buffer size: 24 96001
Download Time: 1858012
Chunk bitrate: 24 600000
Buffer size: 25 100001
Download Time: 1737500
Chunk bitrate: 25 600000
Buffer size: 26 104001
Download Time: 1887844
Chunk bitrate: 26 600000
Buffer size: 27 108001
Download Time: 1247798
Chunk bitrate: 27 600000
Buffer size: 28 112001
Download Time: 2065917
Chunk bitrate: 28 600000
Buffer size: 29 116001
Download Time: 2228916
Chunk bitrate: 29 600000
Buffer size: 30 120001
Download Time: 1736746
Chunk bitrate: 30 600000
Buffer size: 31 124001
Download Time: 1916724
Chunk bitrate: 31 600000
Buffer size: 32 128001
Download Time: 2146293
Chunk bitrate: 32 1000000
Buffer size: 32 132001
Chunk bitrate: 32 1000000
Buffer size: 33 132001
Download Time: 2189547
Chunk bitrate: 33 1000000
Buffer size: 34 136001
Download Time: 2492894
Chunk bitrate: 34 600000
Buffer size: 34 140001
Chunk bitrate: 34 600000
Buffer size: 35 140001
Download Time: 1695192
Chunk bitrate: 35 600000
Buffer size: 36 144001
Download Time: 1466724
Chunk bitrate: 36 600000
Buffer size: 37 148001
Download Time: 1473289
Chunk bitrate: 37 1000000
Buffer size: 37 152001
Chunk bitrate: 37 1000000
Buffer size: 38 152001
Download Time: 1955081
Chunk bitrate: 38 1000000
Buffer size: 39 156001
Download Time: 1665447
Chunk bitrate: 39 1000000
Buffer size: 40 160001
Download Time: 3153883
Chunk bitrate: 40 349952
Buffer size: 40 164001
Chunk bitrate: 40 349952
Buffer size: 41 164001
Download Time: 1952043
Chunk bitrate: 41 349952
Buffer size: 42 168001
Download Time: 2746296
Chunk bitrate: 42 349952
Buffer size: 43 172001
Download Time: 2475181
Chunk bitrate: 43 349952
Buffer size: 44 176001
Download Time: 2229245
Chunk bitrate: 44 349952
Buffer size: 45 180001
Download Time: 2405212
Chunk bitrate: 45 349952
Buffer size: 46 184001
Download Time: 2691009
Chunk bitrate: 46 349952
Buffer size: 47 188001
Download Time: 2333684
Chunk bitrate: 47 349952
Buffer size: 48 192001
Download Time: 2561215
Chunk bitrate: 48 349952
Buffer size: 49 196001
Download Time: 3401181
Chunk bitrate: 49 1000000
Buffer size: 49 200001
Chunk bitrate: 49 1000000
Buffer size: 50 200001
Download Time: 1411419
Chunk bitrate: 50 1000000
Buffer size: 51 204001
Download Time: 1144337
Chunk bitrate: 51 1000000
Buffer size: 52 208001
Download Time: 1436793
Chunk bitrate: 52 1000000
Buffer size: 53 212001
Download Time: 3644768
Chunk bitrate: 53 349952
Buffer size: 53 216001
Chunk bitrate: 53 349952
Buffer size: 54 216001
Download Time: 1575621
Chunk bitrate: 54 1000000
Buffer size: 54 220001
Chunk bitrate: 54 1000000
Buffer size: 55 220001
Download Time: 2189500
Chunk bitrate: 55 1000000
Buffer size: 56 224001
Download Time: 2367517
Chunk bitrate: 56 1000000
Buffer size: 57 228001
Download Time: 967506
Chunk bitrate: 57 1000000
Buffer size: 58 232001
Download Time: 447499
Chunk bitrate: 58 1000000
Buffer size: 59 236001
Download Time: 1699764
Chunk bitrate: 59 1000000
Buffer size: 60 240001
Download Time: 1287971
Chunk bitrate: 60 1000000
Buffer size: 61 244001
Download Time: 1337202
Chunk bitrate: 61 1000000
Buffer size: 62 248001
Download Time: 484401
Chunk bitrate: 62 1000000
Buffer size: 63 252001
Download Time: 361447
Chunk bitrate: 63 1000000
Buffer size: 64 256001
Download Time: 669005
Chunk bitrate: 64 1000000
Buffer size: 65 260001
[00007f4d88003378] ps mux: Close
[00007f4d90005c18] idummy demux: command `quit'
[00000000013011e8] [cli] lua interface error: Error loading script /home/cs244/vlc/share/lua/intf/cli.luac: lua/intf/modules/host.lua:286: Interrupted.
