[00000000025cb1e8] core interface error: no suitable interface module
[0000000002502338] core libvlc error: interface "globalhotkeys,none" initialization failed
[00000000025cb1e8] dbus interface error: Failed to connect to the D-Bus session daemon: Unable to autolaunch a dbus-daemon without a $DISPLAY for X11
[00000000025cb1e8] core interface error: no suitable interface module
[0000000002502338] core libvlc error: interface "dbus,none" initialization failed
[0000000002502338] core libvlc: Running vlc with the default interface. Use 'cvlc' to use vlc without interface.
[00000000025cb1e8] qt interface error: Could not connect to X server
[00000000025cb1e8] skins2 interface error: cannot initialize OSFactory
[00000000025cb1e8] [cli] lua interface: Listening on host "*console".
VLC media player 3.0.0-git Vetinari
Command Line Interface initialized. Type `help' for help.
> [00007f48e0003378] ps mux: Open
making a DASHManager
new ratebased adaptionlogic
Chunk bitrate: 0 349952
Buffer size: 0 0
Chunk bitrate: 0 349952
Buffer size: 0 0
[00007f48e00249f8] mp4 demux: Fragment sequence discontinuity detected 0 != 2
Download Time: 441181
[00007f48e0017d98] mp4 demux: Fragment sequence discontinuity detected 0 != 2
Startup Time: 1050000
Chunk bitrate: 0 2000000
Buffer size: 0 4001
Chunk bitrate: 0 2000000
Buffer size: 1 4001
Download Time: 2340081
Chunk bitrate: 1 2000000
Buffer size: 2 8001
Download Time: 1781642
Chunk bitrate: 2 2000000
Buffer size: 3 12001
Download Time: 1598130
Chunk bitrate: 3 3000000
Buffer size: 3 16001
Chunk bitrate: 3 3000000
Buffer size: 4 16001
Download Time: 1941209
Chunk bitrate: 4 3000000
Buffer size: 5 20001
Download Time: 4188119
Chunk bitrate: 5 1000000
Buffer size: 5 24001
Chunk bitrate: 5 1000000
Buffer size: 6 24001
Download Time: 1380566
Chunk bitrate: 6 1000000
Buffer size: 7 28001
Download Time: 668834
Chunk bitrate: 7 3000000
Buffer size: 7 32001
Chunk bitrate: 7 3000000
Buffer size: 8 32001
Download Time: 1309436
Chunk bitrate: 8 3000000
Buffer size: 9 36001
Download Time: 959601
Chunk bitrate: 9 3000000
Buffer size: 10 40001
Download Time: 1107607
Chunk bitrate: 10 3000000
Buffer size: 11 44001
Download Time: 960879
Chunk bitrate: 11 3000000
Buffer size: 12 48001
Download Time: 4452422
Chunk bitrate: 12 1000000
Buffer size: 12 52001
Chunk bitrate: 12 1000000
Buffer size: 13 52001
Download Time: 1344091
Chunk bitrate: 13 2000000
Buffer size: 13 56001
Chunk bitrate: 13 2000000
Buffer size: 14 56001
Download Time: 2048582
Chunk bitrate: 14 2000000
Buffer size: 15 60001
Download Time: 1827785
Chunk bitrate: 15 2000000
Buffer size: 16 64001
Download Time: 1548083
Chunk bitrate: 16 3000000
Buffer size: 16 68001
Chunk bitrate: 16 3000000
Buffer size: 17 68001
Download Time: 1823739
Chunk bitrate: 17 3000000
Buffer size: 18 72001
Download Time: 2275885
Chunk bitrate: 18 3000000
Buffer size: 19 76001
Download Time: 1290622
Chunk bitrate: 19 3000000
Buffer size: 20 80001
Download Time: 1964582
Chunk bitrate: 20 3000000
Buffer size: 21 84001
Download Time: 1398851
Chunk bitrate: 21 1000000
Buffer size: 21 88001
Chunk bitrate: 21 1000000
Buffer size: 22 88001
Download Time: 1649781
Chunk bitrate: 22 1000000
Buffer size: 23 92001
Download Time: 2083481
Chunk bitrate: 23 1000000
Buffer size: 24 96001
Download Time: 1668842
Chunk bitrate: 24 1000000
Buffer size: 25 100001
Download Time: 1360471
Chunk bitrate: 25 1000000
Buffer size: 26 104001
Download Time: 1339994
Chunk bitrate: 26 1000000
Buffer size: 27 108001
Download Time: 800185
Chunk bitrate: 27 2000000
Buffer size: 27 112001
Chunk bitrate: 27 2000000
Buffer size: 28 112001
Download Time: 1357629
Chunk bitrate: 28 3000000
Buffer size: 28 116001
Chunk bitrate: 28 3000000
Buffer size: 29 116001
Download Time: 2416056
Chunk bitrate: 29 3000000
Buffer size: 30 120001
Download Time: 1294469
Chunk bitrate: 30 3000000
Buffer size: 31 124001
Download Time: 764198
Chunk bitrate: 31 3000000
Buffer size: 32 128001
Download Time: 1242345
Chunk bitrate: 32 3000000
Buffer size: 33 132001
Download Time: 1163125
Chunk bitrate: 33 3000000
Buffer size: 34 136001
Download Time: 1135645
Chunk bitrate: 34 3000000
Buffer size: 35 140001
Download Time: 2829900
Chunk bitrate: 35 2000000
Buffer size: 35 144001
Chunk bitrate: 35 2000000
Buffer size: 36 144001
Download Time: 1644404
Chunk bitrate: 36 2000000
Buffer size: 37 148001
Download Time: 2426489
Chunk bitrate: 37 2000000
Buffer size: 38 152001
Download Time: 2340250
Chunk bitrate: 38 2000000
Buffer size: 39 156001
Download Time: 1492511
Chunk bitrate: 39 3000000
Buffer size: 39 160001
Chunk bitrate: 39 3000000
Buffer size: 40 160001
Download Time: 1734352
Chunk bitrate: 40 3000000
Buffer size: 41 164001
Download Time: 2286847
Chunk bitrate: 41 3000000
Buffer size: 42 168001
Download Time: 974366
Chunk bitrate: 42 3000000
Buffer size: 43 172001
Download Time: 1202602
Chunk bitrate: 43 3000000
Buffer size: 44 176001
Download Time: 883440
Download Time: 27791
Chunk bitrate: 44 3000000
Buffer size: 45 180001
Download Time: 1051378
Chunk bitrate: 45 3000000
Buffer size: 46 184001
Download Time: 2013258
Chunk bitrate: 46 2000000
Buffer size: 46 188001
Chunk bitrate: 46 2000000
Buffer size: 47 188001
Download Time: 1940835
Chunk bitrate: 47 2000000
Buffer size: 48 192001
Download Time: 1705294
Chunk bitrate: 48 3000000
Buffer size: 48 196001
Chunk bitrate: 48 3000000
Buffer size: 49 196001
Download Time: 2471441
Chunk bitrate: 49 3000000
Buffer size: 50 200001
Download Time: 1873862
Chunk bitrate: 50 3000000
Buffer size: 51 204001
Download Time: 1547931
Chunk bitrate: 51 3000000
Buffer size: 52 208001
Download Time: 2269572
Chunk bitrate: 52 3000000
Buffer size: 53 212001
Download Time: 1777552
Chunk bitrate: 53 3000000
Buffer size: 54 216001
Download Time: 1137262
Chunk bitrate: 54 3000000
Buffer size: 55 220001
Download Time: 1025440
Chunk bitrate: 55 3000000
Buffer size: 56 224001
Download Time: 1124639
Chunk bitrate: 56 3000000
Buffer size: 57 228001
Download Time: 774395
Chunk bitrate: 57 3000000
Buffer size: 58 232001
Download Time: 329113
Chunk bitrate: 58 3000000
Buffer size: 59 236001
Download Time: 3501694
Chunk bitrate: 59 2000000
Buffer size: 59 240001
Chunk bitrate: 59 2000000
Buffer size: 60 240001
Download Time: 1896070
Chunk bitrate: 60 2000000
Buffer size: 61 244001
Download Time: 2031626
Chunk bitrate: 61 2000000
Buffer size: 62 248001
Download Time: 661712
Chunk bitrate: 62 2000000
Buffer size: 63 252001
Download Time: 471576
Chunk bitrate: 63 2000000
Buffer size: 64 256001
Download Time: 934812
Chunk bitrate: 64 2000000
Buffer size: 65 260001
[00007f48e0003378] ps mux: Close
[00007f48dc0010a8] idummy demux: command `quit'
[00000000025cb1e8] [cli] lua interface error: Error loading script /home/cs244/vlc/share/lua/intf/cli.luac: lua/intf/modules/host.lua:286: Interrupted.
