[00000000009641e8] core interface error: no suitable interface module
[000000000089b338] core libvlc error: interface "globalhotkeys,none" initialization failed
[00000000009641e8] dbus interface error: Failed to connect to the D-Bus session daemon: Unable to autolaunch a dbus-daemon without a $DISPLAY for X11
[00000000009641e8] core interface error: no suitable interface module
[000000000089b338] core libvlc error: interface "dbus,none" initialization failed
[000000000089b338] core libvlc: Running vlc with the default interface. Use 'cvlc' to use vlc without interface.
[00000000009641e8] qt interface error: Could not connect to X server
[00000000009641e8] skins2 interface error: cannot initialize OSFactory
[00000000009641e8] [cli] lua interface: Listening on host "*console".
VLC media player 3.0.0-git Vetinari
Command Line Interface initialized. Type `help' for help.
> [00007f87b4003378] ps mux: Open
making a DASHManager
new ratebased adaptionlogic
Chunk bitrate: 0 349952
Buffer size: 0 0
Chunk bitrate: 0 349952
Buffer size: 0 0
[00007f87b4027a78] mp4 demux: Fragment sequence discontinuity detected 0 != 2
Download Time: 441168
[00007f87b4024a48] mp4 demux: Fragment sequence discontinuity detected 0 != 2
Startup Time: 1050000
Chunk bitrate: 0 2000000
Buffer size: 0 4001
Chunk bitrate: 0 2000000
Buffer size: 1 4001
Download Time: 2339505
Chunk bitrate: 1 2000000
Buffer size: 2 8001
Download Time: 1781982
Chunk bitrate: 2 2000000
Buffer size: 3 12001
Download Time: 1603830
Chunk bitrate: 3 3000000
Buffer size: 3 16001
Chunk bitrate: 3 3000000
Buffer size: 4 16001
Download Time: 1942267
Chunk bitrate: 4 3000000
Buffer size: 5 20001
Download Time: 5294045
Chunk bitrate: 5 1000000
Buffer size: 5 24001
Chunk bitrate: 5 1000000
Buffer size: 6 24001
Download Time: 1625906
Chunk bitrate: 6 1000000
Buffer size: 7 28001
Download Time: 1500739
Chunk bitrate: 7 1000000
Buffer size: 8 32001
Download Time: 2069196
Chunk bitrate: 8 1000000
Buffer size: 9 36001
Download Time: 1216143
Chunk bitrate: 9 2000000
Buffer size: 9 40001
Chunk bitrate: 9 2000000
Buffer size: 10 40001
Download Time: 2075810
Chunk bitrate: 10 2000000
Buffer size: 11 44001
Download Time: 1926538
Chunk bitrate: 11 3000000
Buffer size: 11 48001
Chunk bitrate: 11 3000000
Buffer size: 12 48001
Download Time: 2656374
Chunk bitrate: 12 3000000
Buffer size: 13 52001
Download Time: 2476216
Chunk bitrate: 13 1000000
Buffer size: 13 56001
Chunk bitrate: 13 1000000
Buffer size: 14 56001
Download Time: 2331345
Chunk bitrate: 14 1000000
Buffer size: 15 60001
Download Time: 2013521
Chunk bitrate: 15 1000000
Buffer size: 16 64001
Download Time: 1920949
Chunk bitrate: 16 1000000
Buffer size: 17 68001
Download Time: 1611521
Chunk bitrate: 17 1000000
Buffer size: 18 72001
Download Time: 1565407
Chunk bitrate: 18 2000000
Buffer size: 18 76001
Chunk bitrate: 18 2000000
Buffer size: 19 76001
Download Time: 1380215
Chunk bitrate: 19 2000000
Buffer size: 20 80001
Download Time: 2148487
Chunk bitrate: 20 2000000
Buffer size: 21 84001
Download Time: 1104445
Chunk bitrate: 21 3000000
Buffer size: 21 88001
Chunk bitrate: 21 3000000
Buffer size: 22 88001
Download Time: 1781669
Chunk bitrate: 22 3000000
Buffer size: 23 92001
Download Time: 2344120
Chunk bitrate: 23 3000000
Buffer size: 24 96001
Download Time: 6216304
Chunk bitrate: 24 1000000
Buffer size: 24 100001
Chunk bitrate: 24 1000000
Buffer size: 25 100001
Download Time: 1699623
Chunk bitrate: 25 1000000
Buffer size: 26 104001
Download Time: 1674887
Chunk bitrate: 26 1000000
Buffer size: 27 108001
Download Time: 718118
Chunk bitrate: 27 2000000
Buffer size: 27 112001
Chunk bitrate: 27 2000000
Buffer size: 28 112001
Download Time: 2036759
Chunk bitrate: 28 2000000
Buffer size: 29 116001
Download Time: 2436425
Chunk bitrate: 29 3000000
Buffer size: 29 120001
Chunk bitrate: 29 3000000
Buffer size: 30 120001
Download Time: 1505620
Chunk bitrate: 30 3000000
Buffer size: 31 124001
Download Time: 1528428
Chunk bitrate: 31 3000000
Buffer size: 32 128001
Download Time: 4339483
Chunk bitrate: 32 1000000
Buffer size: 32 132001
Chunk bitrate: 32 1000000
Buffer size: 33 132001
Download Time: 2453013
Chunk bitrate: 33 1000000
Buffer size: 34 136001
Download Time: 1998683
Chunk bitrate: 34 1000000
Buffer size: 35 140001
Download Time: 1737244
Chunk bitrate: 35 1000000
Buffer size: 36 144001
Download Time: 1120554
Chunk bitrate: 36 2000000
Buffer size: 36 148001
Chunk bitrate: 36 2000000
Buffer size: 37 148001
Download Time: 2426942
Chunk bitrate: 37 2000000
Buffer size: 38 152001
Download Time: 2177793
Chunk bitrate: 38 2000000
Buffer size: 39 156001
Download Time: 1303351
Chunk bitrate: 39 3000000
Buffer size: 39 160001
Chunk bitrate: 39 3000000
Buffer size: 40 160001
Download Time: 1733840
Chunk bitrate: 40 3000000
Buffer size: 41 164001
Download Time: 4399055
Chunk bitrate: 41 1000000
Buffer size: 41 168001
Chunk bitrate: 41 1000000
Buffer size: 42 168001
Download Time: 2300464
Chunk bitrate: 42 1000000
Buffer size: 43 172001
Download Time: 1984287
Chunk bitrate: 43 1000000
Buffer size: 44 176001
Download Time: 1551259
Chunk bitrate: 44 1000000
Buffer size: 45 180001
Download Time: 1346041
Chunk bitrate: 45 2000000
Buffer size: 45 184001
Chunk bitrate: 45 2000000
Buffer size: 46 184001
Download Time: 2280179
[00007f87b4003378] core mux error: cannot add this stream
[00007f87b418ded8] core decoder error: cannot create packetizer output (h264)
Chunk bitrate: 46 2000000
Buffer size: 47 188001
Download Time: 1935744
Chunk bitrate: 47 3000000
Buffer size: 47 192001
Chunk bitrate: 47 3000000
Buffer size: 48 192001
Download Time: 1747388
[00007f87b4003378] core mux error: cannot add this stream
[00007f87b409c558] core decoder error: cannot create packetizer output (h264)
Chunk bitrate: 48 3000000
Buffer size: 49 196001
Download Time: 2472057
Chunk bitrate: 49 3000000
Buffer size: 50 200001
Download Time: 5050851
Chunk bitrate: 50 1000000
Buffer size: 50 204001
Chunk bitrate: 50 1000000
Buffer size: 51 204001
Download Time: 1532175
[00007f87b4003378] core mux error: cannot add this stream
[00007f87b41c7e98] core decoder error: cannot create packetizer output (h264)
Chunk bitrate: 51 1000000
Buffer size: 52 208001
Download Time: 1796672
Chunk bitrate: 52 1000000
Buffer size: 53 212001
Download Time: 1612272
Chunk bitrate: 53 1000000
Buffer size: 54 216001
Download Time: 1220444
Chunk bitrate: 54 2000000
Buffer size: 54 220001
Chunk bitrate: 54 2000000
Buffer size: 55 220001
Download Time: 2150221
[00007f87b4003378] core mux error: cannot add this stream
[00007f87b41c20c8] core decoder error: cannot create packetizer output (h264)
Chunk bitrate: 55 2000000
Buffer size: 56 224001
Download Time: 2142746
Chunk bitrate: 56 3000000
Buffer size: 56 228001
Chunk bitrate: 56 3000000
Buffer size: 57 228001
Download Time: 1547920
[00007f87b4003378] core mux error: cannot add this stream
[00007f87b402f3e8] core decoder error: cannot create packetizer output (h264)
Chunk bitrate: 57 3000000
Buffer size: 58 232001
Download Time: 651177
Chunk bitrate: 58 3000000
Buffer size: 59 236001
Download Time: 3373852
Chunk bitrate: 59 1000000
Buffer size: 59 240001
Chunk bitrate: 59 1000000
Buffer size: 60 240001
Download Time: 2253900
[00007f87b4003378] core mux error: cannot add this stream
[00007f87b403c0b8] core decoder error: cannot create packetizer output (h264)
Chunk bitrate: 60 1000000
Buffer size: 61 244001
Download Time: 1959117
Chunk bitrate: 61 1000000
Buffer size: 62 248001
Download Time: 604581
Chunk bitrate: 62 1000000
Buffer size: 63 252001
Download Time: 453073
Chunk bitrate: 63 1000000
Buffer size: 64 256001
Download Time: 832495
Chunk bitrate: 64 1000000
Buffer size: 65 260001
[00007f87b4003378] ps mux: Close
[00007f87bc001348] idummy demux: command `quit'
[00000000009641e8] [cli] lua interface error: Error loading script /home/cs244/vlc/share/lua/intf/cli.luac: lua/intf/modules/host.lua:286: Interrupted.
