[00000000010f71e8] core interface error: no suitable interface module
[000000000102e338] core libvlc error: interface "globalhotkeys,none" initialization failed
[00000000010f71e8] dbus interface error: Failed to connect to the D-Bus session daemon: Unable to autolaunch a dbus-daemon without a $DISPLAY for X11
[00000000010f71e8] core interface error: no suitable interface module
[000000000102e338] core libvlc error: interface "dbus,none" initialization failed
[000000000102e338] core libvlc: Running vlc with the default interface. Use 'cvlc' to use vlc without interface.
[00000000010f71e8] qt interface error: Could not connect to X server
[00000000010f71e8] skins2 interface error: cannot initialize OSFactory
[00000000010f71e8] [cli] lua interface: Listening on host "*console".
VLC media player 3.0.0-git Vetinari
Command Line Interface initialized. Type `help' for help.
> [00007f65f0003378] ps mux: Open
making a DASHManager
new ratebased adaptionlogic
Chunk bitrate: 0 349952
Buffer size: 0 0
Chunk bitrate: 0 349952
Buffer size: 0 0
[00007f65f0024d08] mp4 demux: Fragment sequence discontinuity detected 0 != 2
Download Time: 149566
[00007f65f0027468] mp4 demux: Fragment sequence discontinuity detected 0 != 2
Startup Time: 1050000
Chunk bitrate: 0 3000000
Buffer size: 0 4001
Chunk bitrate: 0 3000000
Buffer size: 1 4001
Download Time: 1136634
Chunk bitrate: 1 3000000
Buffer size: 2 8001
Download Time: 953089
Chunk bitrate: 2 3000000
Buffer size: 3 12001
Download Time: 1168862
Chunk bitrate: 3 3000000
Buffer size: 4 16001
Download Time: 973320
Chunk bitrate: 4 3000000
Buffer size: 5 20001
Download Time: 1244343
Chunk bitrate: 5 3000000
Buffer size: 6 24001
Download Time: 844761
Chunk bitrate: 6 3000000
Buffer size: 7 28001
Download Time: 829286
Chunk bitrate: 7 3000000
Buffer size: 8 32001
Download Time: 1309793
Chunk bitrate: 8 3000000
Buffer size: 9 36001
Download Time: 1060690
Chunk bitrate: 9 3000000
Buffer size: 10 40001
Download Time: 2207743
Chunk bitrate: 10 3000000
Buffer size: 11 44001
Download Time: 1919938
Chunk bitrate: 11 3000000
Buffer size: 12 48001
Download Time: 1582464
Chunk bitrate: 12 3000000
Buffer size: 13 52001
Download Time: 1122421
Chunk bitrate: 13 3000000
Buffer size: 14 56001
Download Time: 942236
Chunk bitrate: 14 3000000
Buffer size: 15 60001
Download Time: 889065
Chunk bitrate: 15 3000000
Buffer size: 16 64001
Download Time: 1594941
Chunk bitrate: 16 2000000
Buffer size: 16 68001
Chunk bitrate: 16 2000000
Buffer size: 17 68001
Download Time: 1823309
Chunk bitrate: 17 2000000
Buffer size: 18 72001
Download Time: 2078624
Chunk bitrate: 18 2000000
Buffer size: 19 76001
Download Time: 1378616
Chunk bitrate: 19 2000000
Buffer size: 20 80001
Download Time: 2147158
Chunk bitrate: 20 2000000
Buffer size: 21 84001
Download Time: 1311108
Chunk bitrate: 21 2000000
Buffer size: 22 88001
Download Time: 1328601
Chunk bitrate: 22 3000000
Buffer size: 22 92001
Chunk bitrate: 22 3000000
Buffer size: 23 92001
Download Time: 2343372
Chunk bitrate: 23 3000000
Buffer size: 24 96001
Download Time: 4191534
Chunk bitrate: 24 1000000
Buffer size: 24 100001
Chunk bitrate: 24 1000000
Buffer size: 25 100001
Download Time: 2080243
Chunk bitrate: 25 2000000
Buffer size: 25 104001
Chunk bitrate: 25 2000000
Buffer size: 26 104001
Download Time: 1928321
Chunk bitrate: 26 2000000
Buffer size: 27 108001
Download Time: 1302573
Chunk bitrate: 27 2000000
Buffer size: 28 112001
Download Time: 1790635
Chunk bitrate: 28 3000000
Buffer size: 28 116001
Chunk bitrate: 28 3000000
Buffer size: 29 116001
Download Time: 2415567
Chunk bitrate: 29 3000000
Buffer size: 30 120001
Download Time: 1506566
Chunk bitrate: 30 3000000
Buffer size: 31 124001
Download Time: 972232
Chunk bitrate: 31 3000000
Buffer size: 32 128001
Download Time: 1241652
Chunk bitrate: 32 3000000
Buffer size: 33 132001
Download Time: 1163502
Chunk bitrate: 33 3000000
Buffer size: 34 136001
Download Time: 1141010
Chunk bitrate: 34 3000000
Buffer size: 35 140001
Download Time: 1558424
Chunk bitrate: 35 2000000
Buffer size: 35 144001
Chunk bitrate: 35 2000000
Buffer size: 36 144001
Download Time: 1643825
Chunk bitrate: 36 2000000
Buffer size: 37 148001
Download Time: 2427204
Chunk bitrate: 37 2000000
Buffer size: 38 152001
Download Time: 2339328
Chunk bitrate: 38 2000000
Buffer size: 39 156001
Download Time: 1952245
Chunk bitrate: 39 2000000
Buffer size: 40 160001
Download Time: 1270629
Chunk bitrate: 40 3000000
Buffer size: 40 164001
Chunk bitrate: 40 3000000
Buffer size: 41 164001
Download Time: 2344356
Chunk bitrate: 41 3000000
Buffer size: 42 168001
Download Time: 1797803
Chunk bitrate: 42 3000000
Buffer size: 43 172001
Download Time: 1201955
Chunk bitrate: 43 3000000
Buffer size: 44 176001
Download Time: 882445
Chunk bitrate: 44 3000000
Buffer size: 45 180001
Download Time: 1052618
Chunk bitrate: 45 3000000
Buffer size: 46 184001
Download Time: 1121636
Chunk bitrate: 46 3000000
Buffer size: 47 188001
Download Time: 2267511
Chunk bitrate: 47 2000000
Buffer size: 47 192001
Chunk bitrate: 47 2000000
Buffer size: 48 192001
Download Time: 1781282
Chunk bitrate: 48 2000000
Buffer size: 49 196001
Download Time: 2457913
Chunk bitrate: 49 2000000
Buffer size: 50 200001
Download Time: 2036311
Chunk bitrate: 50 2000000
Buffer size: 51 204001
Download Time: 1629644
Chunk bitrate: 51 3000000
Buffer size: 51 208001
Chunk bitrate: 51 3000000
Buffer size: 52 208001
Download Time: 2269594
Chunk bitrate: 52 3000000
Buffer size: 53 212001
Download Time: 2143653
Chunk bitrate: 53 3000000
Buffer size: 54 216001
Download Time: 1314575
Chunk bitrate: 54 3000000
Buffer size: 55 220001
Download Time: 1025507
Chunk bitrate: 55 3000000
Buffer size: 56 224001
Download Time: 1124403
Chunk bitrate: 56 3000000
Buffer size: 57 228001
Download Time: 775806
Chunk bitrate: 57 3000000
Buffer size: 58 232001
Download Time: 327506
Chunk bitrate: 58 3000000
Buffer size: 59 236001
Download Time: 3555293
Chunk bitrate: 59 1000000
Buffer size: 59 240001
Chunk bitrate: 59 1000000
Buffer size: 60 240001
Download Time: 1610195
Chunk bitrate: 60 1000000
Buffer size: 61 244001
Download Time: 1079750
Chunk bitrate: 61 2000000
Buffer size: 61 248001
Chunk bitrate: 61 2000000
Buffer size: 62 248001
Download Time: 663462
Chunk bitrate: 62 2000000
Buffer size: 63 252001
Download Time: 469718
Chunk bitrate: 63 2000000
Buffer size: 64 256001
Download Time: 935898
Chunk bitrate: 64 2000000
Buffer size: 65 260001
[00007f65f0003378] ps mux: Close
[00007f65ec001528] idummy demux: command `quit'
[00000000010f71e8] [cli] lua interface error: Error loading script /home/cs244/vlc/share/lua/intf/cli.luac: lua/intf/modules/host.lua:286: Interrupted.
