[000000000090f1e8] core interface error: no suitable interface module
[0000000000846338] core libvlc error: interface "globalhotkeys,none" initialization failed
[000000000090f1e8] dbus interface error: Failed to connect to the D-Bus session daemon: Unable to autolaunch a dbus-daemon without a $DISPLAY for X11
[000000000090f1e8] core interface error: no suitable interface module
[0000000000846338] core libvlc error: interface "dbus,none" initialization failed
[0000000000846338] core libvlc: Running vlc with the default interface. Use 'cvlc' to use vlc without interface.
[000000000090f1e8] qt interface error: Could not connect to X server
[000000000090f1e8] skins2 interface error: cannot initialize OSFactory
[000000000090f1e8] [cli] lua interface: Listening on host "*console".
VLC media player 3.0.0-git Vetinari
Command Line Interface initialized. Type `help' for help.
> [00007fad7c003378] ps mux: Open
making a DASHManager
new ratebased adaptionlogic
Chunk bitrate: 0 349952
Buffer size: 0 0
Chunk bitrate: 0 349952
Buffer size: 0 0
[00007fad7c019268] mp4 demux: Fragment sequence discontinuity detected 0 != 2
Download Time: 440341
[00007fad7c019678] mp4 demux: Fragment sequence discontinuity detected 0 != 2
Startup Time: 1050000
Chunk bitrate: 0 2000000
Buffer size: 0 4001
Chunk bitrate: 0 2000000
Buffer size: 1 4001
Download Time: 2340247
Chunk bitrate: 1 2000000
Buffer size: 2 8001
Download Time: 1783206
Chunk bitrate: 2 2000000
Buffer size: 3 12001
Download Time: 1599798
Chunk bitrate: 3 3000000
Buffer size: 3 16001
Chunk bitrate: 3 3000000
Buffer size: 4 16001
Download Time: 1941890
Chunk bitrate: 4 3000000
Buffer size: 5 20001
Download Time: 2484747
Chunk bitrate: 5 3000000
Buffer size: 6 24001
Download Time: 1683224
Chunk bitrate: 6 3000000
Buffer size: 7 28001
Download Time: 1653926
Chunk bitrate: 7 3000000
Buffer size: 8 32001
Download Time: 1492321
Chunk bitrate: 8 3000000
Buffer size: 9 36001
Download Time: 963037
Chunk bitrate: 9 3000000
Buffer size: 10 40001
Download Time: 1106249
Chunk bitrate: 10 3000000
Buffer size: 11 44001
Download Time: 962724
Chunk bitrate: 11 3000000
Buffer size: 12 48001
Download Time: 2564186
Chunk bitrate: 12 2000000
Buffer size: 12 52001
Chunk bitrate: 12 2000000
Buffer size: 13 52001
Download Time: 2184658
Chunk bitrate: 13 2000000
Buffer size: 14 56001
Download Time: 2049654
Chunk bitrate: 14 2000000
Buffer size: 15 60001
Download Time: 1824958
Chunk bitrate: 15 2000000
Buffer size: 16 64001
Download Time: 2052409
Chunk bitrate: 16 3000000
Buffer size: 16 68001
Chunk bitrate: 16 3000000
Buffer size: 17 68001
Download Time: 1826019
Chunk bitrate: 17 3000000
Buffer size: 18 72001
Download Time: 2276463
Chunk bitrate: 18 3000000
Buffer size: 19 76001
Download Time: 864650
Chunk bitrate: 19 3000000
Buffer size: 20 80001
Download Time: 985162
Chunk bitrate: 20 3000000
Buffer size: 21 84001
Download Time: 602871
Chunk bitrate: 21 3000000
Buffer size: 22 88001
Download Time: 891820
Chunk bitrate: 22 3000000
Buffer size: 23 92001
Download Time: 1173804
Chunk bitrate: 23 3000000
Buffer size: 24 96001
Download Time: 1609798
Chunk bitrate: 24 2000000
Buffer size: 24 100001
Chunk bitrate: 24 2000000
Buffer size: 25 100001
Download Time: 2069219
Chunk bitrate: 25 2000000
Buffer size: 26 104001
Download Time: 1926707
Chunk bitrate: 26 3000000
Buffer size: 26 108001
Chunk bitrate: 26 3000000
Buffer size: 27 108001
Download Time: 1238522
Chunk bitrate: 27 3000000
Buffer size: 28 112001
Download Time: 1945085
Chunk bitrate: 28 3000000
Buffer size: 29 116001
Download Time: 2415106
Chunk bitrate: 29 3000000
Buffer size: 30 120001
Download Time: 1506720
Chunk bitrate: 30 3000000
Buffer size: 31 124001
Download Time: 1526962
Chunk bitrate: 31 3000000
Buffer size: 32 128001
Download Time: 1751621
Chunk bitrate: 32 3000000
Buffer size: 33 132001
Download Time: 1162766
Chunk bitrate: 33 3000000
Buffer size: 34 136001
Download Time: 1135597
Chunk bitrate: 34 3000000
Buffer size: 35 140001
Download Time: 1036668
Chunk bitrate: 35 3000000
Buffer size: 36 144001
Download Time: 925080
Chunk bitrate: 36 2000000
Buffer size: 36 148001
Chunk bitrate: 36 2000000
Buffer size: 37 148001
Download Time: 2427491
Chunk bitrate: 37 2000000
Buffer size: 38 152001
Download Time: 2295631
Chunk bitrate: 38 2000000
Buffer size: 39 156001
Download Time: 1301333
Chunk bitrate: 39 3000000
Buffer size: 39 160001
Chunk bitrate: 39 3000000
Buffer size: 40 160001
Download Time: 1733741
Chunk bitrate: 40 3000000
Buffer size: 41 164001
Download Time: 2343144
Chunk bitrate: 41 3000000
Buffer size: 42 168001
Download Time: 1945163
Chunk bitrate: 42 3000000
Buffer size: 43 172001
Download Time: 2381226
Chunk bitrate: 43 3000000
Buffer size: 44 176001
Download Time: 883789
Chunk bitrate: 44 3000000
Buffer size: 45 180001
Download Time: 1051839
Chunk bitrate: 45 3000000
Buffer size: 46 184001
Download Time: 1121790
Chunk bitrate: 46 3000000
Buffer size: 47 188001
Download Time: 1047470
Chunk bitrate: 47 3000000
Buffer size: 48 192001
Download Time: 1201964
Chunk bitrate: 48 2000000
Buffer size: 48 196001
Chunk bitrate: 48 2000000
Buffer size: 49 196001
Download Time: 2456852
Chunk bitrate: 49 2000000
Buffer size: 50 200001
Download Time: 2037622
Chunk bitrate: 50 2000000
Buffer size: 51 204001
Download Time: 1658938
Chunk bitrate: 51 2000000
Buffer size: 52 208001
Download Time: 2235313
Chunk bitrate: 52 2000000
Buffer size: 53 212001
Download Time: 1549729
Chunk bitrate: 53 3000000
Buffer size: 53 216001
Chunk bitrate: 53 3000000
Buffer size: 54 216001
Download Time: 2269649
Chunk bitrate: 54 3000000
Buffer size: 55 220001
Download Time: 2045249
Chunk bitrate: 55 3000000
Buffer size: 56 224001
Download Time: 2239943
Chunk bitrate: 56 3000000
Buffer size: 57 228001
Download Time: 1546104
Chunk bitrate: 57 3000000
Buffer size: 58 232001
Download Time: 653604
Chunk bitrate: 58 3000000
Buffer size: 59 236001
Download Time: 1234603
Chunk bitrate: 59 3000000
Buffer size: 60 240001
Download Time: 921009
Chunk bitrate: 60 3000000
Buffer size: 61 244001
Download Time: 954148
Chunk bitrate: 61 3000000
Buffer size: 62 248001
Download Time: 321315
Chunk bitrate: 62 3000000
Buffer size: 63 252001
Download Time: 226688
Chunk bitrate: 63 3000000
Buffer size: 64 256001
Download Time: 402297
Chunk bitrate: 64 3000000
Buffer size: 65 260001
[00007fad7c003378] ps mux: Close
[00007fad880015c8] idummy demux: command `quit'
[000000000090f1e8] [cli] lua interface error: Error loading script /home/cs244/vlc/share/lua/intf/cli.luac: lua/intf/modules/host.lua:286: Interrupted.
