[0000000001c6a1e8] core interface error: no suitable interface module
[0000000001ba1338] core libvlc error: interface "globalhotkeys,none" initialization failed
[0000000001c6a1e8] dbus interface error: Failed to connect to the D-Bus session daemon: Unable to autolaunch a dbus-daemon without a $DISPLAY for X11
[0000000001c6a1e8] core interface error: no suitable interface module
[0000000001ba1338] core libvlc error: interface "dbus,none" initialization failed
[0000000001ba1338] core libvlc: Running vlc with the default interface. Use 'cvlc' to use vlc without interface.
[0000000001c6a1e8] qt interface error: Could not connect to X server
[0000000001c6a1e8] skins2 interface error: cannot initialize OSFactory
[0000000001c6a1e8] [cli] lua interface: Listening on host "*console".
VLC media player 3.0.0-git Vetinari
Command Line Interface initialized. Type `help' for help.
> [00007fa23c003378] ps mux: Open
making a DASHManager
new ratebased adaptionlogic
Chunk bitrate: 0 349952
Buffer size: 0 0
Chunk bitrate: 0 349952
Buffer size: 0 0
[00007fa23c025648] mp4 demux: Fragment sequence discontinuity detected 0 != 2
Download Time: 292525
[00007fa23c023108] mp4 demux: Fragment sequence discontinuity detected 0 != 2
Startup Time: 1050000
Chunk bitrate: 0 3000000
Buffer size: 0 4001
Chunk bitrate: 0 3000000
Buffer size: 1 4001
Download Time: 2270083
Chunk bitrate: 1 3000000
Buffer size: 2 8001
Download Time: 1901698
Chunk bitrate: 2 3000000
Buffer size: 3 12001
Download Time: 2334013
Chunk bitrate: 3 3000000
Buffer size: 4 16001
Download Time: 1943051
Chunk bitrate: 4 3000000
Buffer size: 5 20001
Download Time: 5799845
Chunk bitrate: 5 1000000
Buffer size: 5 24001
Chunk bitrate: 5 1000000
Buffer size: 6 24001
Download Time: 1104112
Chunk bitrate: 6 1000000
Buffer size: 7 28001
Download Time: 1199617
Chunk bitrate: 7 1000000
Buffer size: 8 32001
Download Time: 1656039
Chunk bitrate: 8 1000000
Buffer size: 9 36001
Download Time: 1056936
Chunk bitrate: 9 3000000
Buffer size: 9 40001
Chunk bitrate: 9 3000000
Buffer size: 10 40001
Download Time: 2207618
Chunk bitrate: 10 3000000
Buffer size: 11 44001
Download Time: 1920242
Chunk bitrate: 11 3000000
Buffer size: 12 48001
Download Time: 2658392
Chunk bitrate: 12 3000000
Buffer size: 13 52001
Download Time: 2226300
Chunk bitrate: 13 3000000
Buffer size: 14 56001
Download Time: 4258013
Chunk bitrate: 14 1000000
Buffer size: 14 60001
Chunk bitrate: 14 1000000
Buffer size: 15 60001
Download Time: 1345987
Chunk bitrate: 15 1000000
Buffer size: 16 64001
Download Time: 1539058
Chunk bitrate: 16 1000000
Buffer size: 17 68001
Download Time: 1292491
Chunk bitrate: 17 1000000
Buffer size: 18 72001
Download Time: 1508789
Chunk bitrate: 18 2000000
Buffer size: 18 76001
Chunk bitrate: 18 2000000
Buffer size: 19 76001
Download Time: 1379826
Chunk bitrate: 19 2000000
Buffer size: 20 80001
Download Time: 2146622
Chunk bitrate: 20 2000000
Buffer size: 21 84001
Download Time: 1248922
Chunk bitrate: 21 3000000
Buffer size: 21 88001
Chunk bitrate: 21 3000000
Buffer size: 22 88001
Download Time: 1782334
Chunk bitrate: 22 3000000
Buffer size: 23 92001
Download Time: 2344156
Chunk bitrate: 23 3000000
Buffer size: 24 96001
Download Time: 5097780
Chunk bitrate: 24 1000000
Buffer size: 24 100001
Chunk bitrate: 24 1000000
Buffer size: 25 100001
Download Time: 1464643
Chunk bitrate: 25 1000000
Buffer size: 26 104001
Download Time: 1339825
Chunk bitrate: 26 1000000
Buffer size: 27 108001
Download Time: 799995
Chunk bitrate: 27 1000000
Buffer size: 28 112001
Download Time: 1527835
Chunk bitrate: 28 2000000
Buffer size: 28 116001
Chunk bitrate: 28 2000000
Buffer size: 29 116001
Download Time: 2465466
Chunk bitrate: 29 2000000
Buffer size: 30 120001
Download Time: 1599672
Chunk bitrate: 30 2000000
Buffer size: 31 124001
Download Time: 1340686
Chunk bitrate: 31 3000000
Buffer size: 31 128001
Chunk bitrate: 31 3000000
Buffer size: 32 128001
Download Time: 2479300
Chunk bitrate: 32 3000000
Buffer size: 33 132001
Download Time: 3035843
Chunk bitrate: 33 1000000
Buffer size: 33 136001
Chunk bitrate: 33 1000000
Buffer size: 34 136001
Download Time: 1600068
Chunk bitrate: 34 1000000
Buffer size: 35 140001
Download Time: 1391051
Chunk bitrate: 35 1000000
Buffer size: 36 144001
Download Time: 1153078
Chunk bitrate: 36 1000000
Buffer size: 37 148001
Download Time: 1632389
Chunk bitrate: 37 1000000
Buffer size: 38 152001
Download Time: 1563919
Chunk bitrate: 38 2000000
Buffer size: 38 156001
Chunk bitrate: 38 2000000
Buffer size: 39 156001
Download Time: 1605915
Chunk bitrate: 39 3000000
Buffer size: 39 160001
Chunk bitrate: 39 3000000
Buffer size: 40 160001
Download Time: 1734106
Chunk bitrate: 40 3000000
Buffer size: 41 164001
Download Time: 2343171
Chunk bitrate: 41 3000000
Buffer size: 42 168001
Download Time: 1946415
Chunk bitrate: 42 3000000
Buffer size: 43 172001
Download Time: 2400279
Chunk bitrate: 43 3000000
Buffer size: 44 176001
Download Time: 3965670
Chunk bitrate: 44 1000000
Buffer size: 44 180001
Chunk bitrate: 44 1000000
Buffer size: 45 180001
Download Time: 1533612
Chunk bitrate: 45 2000000
Buffer size: 45 184001
Chunk bitrate: 45 2000000
Buffer size: 46 184001
Download Time: 2280057
Chunk bitrate: 46 2000000
Buffer size: 47 188001
Download Time: 1938634
Chunk bitrate: 47 2000000
Buffer size: 48 192001
Download Time: 1248556
Chunk bitrate: 48 3000000
Buffer size: 48 196001
Chunk bitrate: 48 3000000
Buffer size: 49 196001
Download Time: 2471385
Chunk bitrate: 49 3000000
Buffer size: 50 200001
Download Time: 3743482
Chunk bitrate: 50 600000
Buffer size: 50 204001
Chunk bitrate: 50 600000
Buffer size: 51 204001
Download Time: 1718801
[00007fa23c003378] core mux error: cannot add this stream
[00007fa23c16c1e8] core decoder error: cannot create packetizer output (h264)
Chunk bitrate: 51 600000
Buffer size: 52 208001
Download Time: 1451650
Chunk bitrate: 52 1000000
Buffer size: 52 212001
Chunk bitrate: 52 1000000
Buffer size: 53 212001
Download Time: 1937827
[00007fa23c003378] core mux error: cannot add this stream
[00007fa23c04d338] core decoder error: cannot create packetizer output (h264)
Chunk bitrate: 53 600000
Buffer size: 53 216001
Chunk bitrate: 53 600000
Buffer size: 54 216001
Download Time: 1248215
[00007fa23c003378] core mux error: cannot add this stream
[00007fa23c15a618] core decoder error: cannot create packetizer output (h264)
Chunk bitrate: 54 1000000
Buffer size: 54 220001
Chunk bitrate: 54 1000000
Buffer size: 55 220001
Download Time: 1208763
[00007fa23c003378] core mux error: cannot add this stream
[00007fa23c072188] core decoder error: cannot create packetizer output (h264)
Chunk bitrate: 55 2000000
Buffer size: 55 224001
Chunk bitrate: 55 2000000
Buffer size: 56 224001
Download Time: 2457122
[00007fa23c003378] core mux error: cannot add this stream
[00007fa23c03e888] core decoder error: cannot create packetizer output (h264)
Chunk bitrate: 56 2000000
Buffer size: 57 228001
Download Time: 1380436
Chunk bitrate: 57 3000000
Buffer size: 57 232001
Chunk bitrate: 57 3000000
Buffer size: 58 232001
Download Time: 651250
[00007fa23c003378] core mux error: cannot add this stream
[00007fa23c06df38] core decoder error: cannot create packetizer output (h264)
Chunk bitrate: 58 3000000
Buffer size: 59 236001
Download Time: 2394502
Chunk bitrate: 59 3000000
Buffer size: 60 240001
Download Time: 1879588
Chunk bitrate: 60 1000000
Buffer size: 60 244001
Chunk bitrate: 60 1000000
Buffer size: 61 244001
Download Time: 2345074
[00007fa23c003378] core mux error: cannot add this stream
[00007fa23c0a42b8] core decoder error: cannot create packetizer output (h264)
Chunk bitrate: 61 1000000
Buffer size: 62 248001
Download Time: 843750
Chunk bitrate: 62 1000000
Buffer size: 63 252001
Download Time: 635980
Chunk bitrate: 63 1000000
Buffer size: 64 256001
Download Time: 945358
Chunk bitrate: 64 1000000
Buffer size: 65 260001
[00007fa23c003378] ps mux: Close
[00007fa2340010f8] idummy demux: command `quit'
[0000000001c6a1e8] [cli] lua interface error: Error loading script /home/cs244/vlc/share/lua/intf/cli.luac: lua/intf/modules/host.lua:286: Interrupted.
