[0000000001ef81e8] core interface error: no suitable interface module
[0000000001e2f338] core libvlc error: interface "globalhotkeys,none" initialization failed
[0000000001ef81e8] dbus interface error: Failed to connect to the D-Bus session daemon: Unable to autolaunch a dbus-daemon without a $DISPLAY for X11
[0000000001ef81e8] core interface error: no suitable interface module
[0000000001e2f338] core libvlc error: interface "dbus,none" initialization failed
[0000000001e2f338] core libvlc: Running vlc with the default interface. Use 'cvlc' to use vlc without interface.
[0000000001ef81e8] qt interface error: Could not connect to X server
[0000000001ef81e8] skins2 interface error: cannot initialize OSFactory
[0000000001ef81e8] [cli] lua interface: Listening on host "*console".
VLC media player 3.0.0-git Vetinari
Command Line Interface initialized. Type `help' for help.
> [00007f7018003378] ps mux: Open
making a DASHManager
new ratebased adaptionlogic
Chunk bitrate: 0 349952
Buffer size: 0 0
Chunk bitrate: 0 349952
Buffer size: 0 0
[00007f7018025348] mp4 demux: Fragment sequence discontinuity detected 0 != 2
Download Time: 440998
[00007f7018025788] mp4 demux: Fragment sequence discontinuity detected 0 != 2
Startup Time: 1050000
Chunk bitrate: 0 2000000
Buffer size: 0 4001
Chunk bitrate: 0 2000000
Buffer size: 1 4001
Download Time: 2340576
Chunk bitrate: 1 2000000
Buffer size: 2 8001
Download Time: 1781315
Chunk bitrate: 2 2000000
Buffer size: 3 12001
Download Time: 1603038
Chunk bitrate: 3 3000000
Buffer size: 3 16001
Chunk bitrate: 3 3000000
Buffer size: 4 16001
Download Time: 1941985
Chunk bitrate: 4 3000000
Buffer size: 5 20001
Download Time: 2484620
Chunk bitrate: 5 3000000
Buffer size: 6 24001
Download Time: 1683051
Chunk bitrate: 6 3000000
Buffer size: 7 28001
Download Time: 1653548
Chunk bitrate: 7 3000000
Buffer size: 8 32001
Download Time: 1494427
Chunk bitrate: 8 3000000
Buffer size: 9 36001
Download Time: 959742
Chunk bitrate: 9 3000000
Buffer size: 10 40001
Download Time: 1105598
Chunk bitrate: 10 3000000
Buffer size: 11 44001
Download Time: 962838
Chunk bitrate: 11 3000000
Buffer size: 12 48001
Download Time: 2541482
Chunk bitrate: 12 2000000
Buffer size: 12 52001
Chunk bitrate: 12 2000000
Buffer size: 13 52001
Download Time: 2183773
Chunk bitrate: 13 2000000
Buffer size: 14 56001
Download Time: 2053076
Chunk bitrate: 14 2000000
Buffer size: 15 60001
Download Time: 1825501
Chunk bitrate: 15 2000000
Buffer size: 16 64001
Download Time: 2198350
Chunk bitrate: 16 2000000
Buffer size: 17 68001
Download Time: 1822906
Chunk bitrate: 17 2000000
Buffer size: 18 72001
Download Time: 2074996
Chunk bitrate: 18 2000000
Buffer size: 19 76001
Download Time: 1075861
Chunk bitrate: 19 3000000
Buffer size: 19 80001
Chunk bitrate: 19 3000000
Buffer size: 20 80001
Download Time: 1964161
Chunk bitrate: 20 3000000
Buffer size: 21 84001
Download Time: 1201550
Chunk bitrate: 21 3000000
Buffer size: 22 88001
Download Time: 3595131
Chunk bitrate: 22 1000000
Buffer size: 22 92001
Chunk bitrate: 22 1000000
Buffer size: 23 92001
Download Time: 2730825
Chunk bitrate: 23 1000000
Buffer size: 24 96001
Download Time: 1955236
Chunk bitrate: 24 1000000
Buffer size: 25 100001
Download Time: 1696773
Chunk bitrate: 25 1000000
Buffer size: 26 104001
Download Time: 1205226
Chunk bitrate: 26 2000000
Buffer size: 26 108001
Chunk bitrate: 26 2000000
Buffer size: 27 108001
Download Time: 1302247
Chunk bitrate: 27 2000000
Buffer size: 28 112001
Download Time: 2034790
Chunk bitrate: 28 2000000
Buffer size: 29 116001
Download Time: 1883374
Chunk bitrate: 29 3000000
Buffer size: 29 120001
Chunk bitrate: 29 3000000
Buffer size: 30 120001
Download Time: 1505733
Chunk bitrate: 30 3000000
Buffer size: 31 124001
Download Time: 1525326
Chunk bitrate: 31 3000000
Buffer size: 32 128001
Download Time: 6682159
Chunk bitrate: 32 1000000
Buffer size: 32 132001
Chunk bitrate: 32 1000000
Buffer size: 33 132001
Download Time: 1825450
Chunk bitrate: 33 1000000
Buffer size: 34 136001
Download Time: 1943192
Chunk bitrate: 34 2000000
Buffer size: 34 140001
Chunk bitrate: 34 2000000
Buffer size: 35 140001
Download Time: 2246605
Chunk bitrate: 35 2000000
Buffer size: 36 144001
Download Time: 1643911
Chunk bitrate: 36 2000000
Buffer size: 37 148001
Download Time: 1874175
Chunk bitrate: 37 3000000
Buffer size: 37 152001
Chunk bitrate: 37 3000000
Buffer size: 38 152001
Download Time: 2341006
Chunk bitrate: 38 3000000
Buffer size: 39 156001
Download Time: 3500827
Chunk bitrate: 39 1000000
Buffer size: 39 160001
Chunk bitrate: 39 1000000
Buffer size: 40 160001
Download Time: 2002483
Chunk bitrate: 40 1000000
Buffer size: 41 164001
Download Time: 2141887
Chunk bitrate: 41 1000000
Buffer size: 42 168001
Download Time: 1746415
Chunk bitrate: 42 1000000
Buffer size: 43 172001
Download Time: 1760196
Chunk bitrate: 43 2000000
Buffer size: 43 176001
Chunk bitrate: 43 2000000
Buffer size: 44 176001
Download Time: 1883521
Chunk bitrate: 44 2000000
Buffer size: 45 180001
Download Time: 2022442
Chunk bitrate: 45 2000000
Buffer size: 46 184001
Download Time: 1692957
Chunk bitrate: 46 3000000
Buffer size: 46 188001
Chunk bitrate: 46 3000000
Buffer size: 47 188001
Download Time: 2089911
Chunk bitrate: 47 3000000
Buffer size: 48 192001
Download Time: 2082548
Chunk bitrate: 48 1000000
Buffer size: 48 196001
Chunk bitrate: 48 1000000
Buffer size: 49 196001
Download Time: 2631705
Chunk bitrate: 49 1000000
Buffer size: 50 200001
Download Time: 2199576
Chunk bitrate: 50 1000000
Buffer size: 51 204001
Download Time: 1426260
Chunk bitrate: 51 1000000
Buffer size: 52 208001
Download Time: 1800201
Chunk bitrate: 52 1000000
Buffer size: 53 212001
Download Time: 1258905
Chunk bitrate: 53 2000000
Buffer size: 53 216001
Chunk bitrate: 53 2000000
Buffer size: 54 216001
Download Time: 2237712
Chunk bitrate: 54 2000000
Buffer size: 55 220001
Download Time: 2121691
Chunk bitrate: 55 3000000
Buffer size: 55 224001
Chunk bitrate: 55 3000000
Buffer size: 56 224001
Download Time: 2239228
[00007f7018003378] core mux error: cannot add this stream
[00007f70181e5958] core decoder error: cannot create packetizer output (h264)
Chunk bitrate: 56 3000000
Buffer size: 57 228001
Download Time: 1546065
Chunk bitrate: 57 3000000
Buffer size: 58 232001
Download Time: 652055
Chunk bitrate: 58 3000000
Buffer size: 59 236001
Download Time: 6989617
Chunk bitrate: 59 1000000
Buffer size: 59 240001
Chunk bitrate: 59 1000000
Buffer size: 60 240001
Download Time: 1609919
[00007f7018003378] core mux error: cannot add this stream
[00007f7018034fa8] core decoder error: cannot create packetizer output (h264)
Chunk bitrate: 60 1000000
Buffer size: 61 244001
Download Time: 1570265
Chunk bitrate: 61 2000000
Buffer size: 61 248001
Chunk bitrate: 61 2000000
Buffer size: 62 248001
Download Time: 662595
[00007f7018003378] core mux error: cannot add this stream
[00007f7018045db8] core decoder error: cannot create packetizer output (h264)
Chunk bitrate: 62 2000000
Buffer size: 63 252001
Download Time: 471007
Chunk bitrate: 63 2000000
Buffer size: 64 256001
Download Time: 934052
Chunk bitrate: 64 2000000
Buffer size: 65 260001
[00007f7018003378] ps mux: Close
[00007f70140012a8] idummy demux: command `quit'
[0000000001ef81e8] [cli] lua interface error: Error loading script /home/cs244/vlc/share/lua/intf/cli.luac: lua/intf/modules/host.lua:286: Interrupted.
