[00000000021651e8] core interface error: no suitable interface module
[000000000209c338] core libvlc error: interface "globalhotkeys,none" initialization failed
[00000000021651e8] dbus interface error: Failed to connect to the D-Bus session daemon: Unable to autolaunch a dbus-daemon without a $DISPLAY for X11
[00000000021651e8] core interface error: no suitable interface module
[000000000209c338] core libvlc error: interface "dbus,none" initialization failed
[000000000209c338] core libvlc: Running vlc with the default interface. Use 'cvlc' to use vlc without interface.
[00000000021651e8] qt interface error: Could not connect to X server
[00000000021651e8] skins2 interface error: cannot initialize OSFactory
[00000000021651e8] [cli] lua interface: Listening on host "*console".
VLC media player 3.0.0-git Vetinari
Command Line Interface initialized. Type `help' for help.
> [00007f64d4003378] ps mux: Open
making a DASHManager
new ratebased adaptionlogic
Chunk bitrate: 0 349952
Buffer size: 0 0
Chunk bitrate: 0 349952
Buffer size: 0 0
[00007f64d40255c8] mp4 demux: Fragment sequence discontinuity detected 0 != 2
Download Time: 149292
[00007f64d4023c58] mp4 demux: Fragment sequence discontinuity detected 0 != 2
Startup Time: 1050000
Chunk bitrate: 0 3000000
Buffer size: 0 4001
Chunk bitrate: 0 3000000
Buffer size: 1 4001
Download Time: 1137253
Chunk bitrate: 1 3000000
Buffer size: 2 8001
Download Time: 953661
Chunk bitrate: 2 3000000
Buffer size: 3 12001
Download Time: 1171222
Chunk bitrate: 3 3000000
Buffer size: 4 16001
Download Time: 973761
Chunk bitrate: 4 3000000
Buffer size: 5 20001
Download Time: 4141820
Chunk bitrate: 5 1000000
Buffer size: 5 24001
Chunk bitrate: 5 1000000
Buffer size: 6 24001
Download Time: 1082935
Chunk bitrate: 6 2000000
Buffer size: 6 28001
Chunk bitrate: 6 2000000
Buffer size: 7 28001
Download Time: 1751788
Chunk bitrate: 7 2000000
Buffer size: 8 32001
Download Time: 2660792
Chunk bitrate: 8 2000000
Buffer size: 9 36001
Download Time: 1384875
Chunk bitrate: 9 3000000
Buffer size: 9 40001
Chunk bitrate: 9 3000000
Buffer size: 10 40001
Download Time: 2208043
Chunk bitrate: 10 3000000
Buffer size: 11 44001
Download Time: 2804397
Chunk bitrate: 11 1000000
Buffer size: 11 48001
Chunk bitrate: 11 1000000
Buffer size: 12 48001
Download Time: 3030728
Chunk bitrate: 12 1000000
Buffer size: 13 52001
Download Time: 1702549
Chunk bitrate: 13 1000000
Buffer size: 14 56001
Download Time: 1329651
Chunk bitrate: 14 1000000
Buffer size: 15 60001
Download Time: 1164563
Chunk bitrate: 15 1000000
Buffer size: 16 64001
Download Time: 1371158
Chunk bitrate: 16 2000000
Buffer size: 16 68001
Chunk bitrate: 16 2000000
Buffer size: 17 68001
Download Time: 1823658
Chunk bitrate: 17 2000000
Buffer size: 18 72001
Download Time: 2075861
Chunk bitrate: 18 2000000
Buffer size: 19 76001
Download Time: 1034622
Chunk bitrate: 19 3000000
Buffer size: 19 80001
Chunk bitrate: 19 3000000
Buffer size: 20 80001
Download Time: 1963694
Chunk bitrate: 20 3000000
Buffer size: 21 84001
Download Time: 1202666
Chunk bitrate: 21 3000000
Buffer size: 22 88001
Download Time: 3800317
Chunk bitrate: 22 1000000
Buffer size: 22 92001
Chunk bitrate: 22 1000000
Buffer size: 23 92001
Download Time: 2513699
Chunk bitrate: 23 1000000
Buffer size: 24 96001
Download Time: 1563205
Chunk bitrate: 24 1000000
Buffer size: 25 100001
Download Time: 1357262
Chunk bitrate: 25 1000000
Buffer size: 26 104001
Download Time: 1312550
Chunk bitrate: 26 2000000
Buffer size: 26 108001
Chunk bitrate: 26 2000000
Buffer size: 27 108001
Download Time: 1305622
Chunk bitrate: 27 2000000
Buffer size: 28 112001
Download Time: 2034763
Chunk bitrate: 28 2000000
Buffer size: 29 116001
Download Time: 2091287
Chunk bitrate: 29 3000000
Buffer size: 29 120001
Chunk bitrate: 29 3000000
Buffer size: 30 120001
Download Time: 1505485
Chunk bitrate: 30 3000000
Buffer size: 31 124001
Download Time: 1530623
Chunk bitrate: 31 3000000
Buffer size: 32 128001
Download Time: 6060611
Chunk bitrate: 32 1000000
Buffer size: 32 132001
Chunk bitrate: 32 1000000
Buffer size: 33 132001
Download Time: 1459017
Chunk bitrate: 33 1000000
Buffer size: 34 136001
Download Time: 1599128
Chunk bitrate: 34 1000000
Buffer size: 35 140001
Download Time: 1389804
Chunk bitrate: 35 1000000
Buffer size: 36 144001
Download Time: 895305
Chunk bitrate: 36 2000000
Buffer size: 36 148001
Chunk bitrate: 36 2000000
Buffer size: 37 148001
Download Time: 2426784
Chunk bitrate: 37 2000000
Buffer size: 38 152001
Download Time: 2078943
Chunk bitrate: 38 3000000
Buffer size: 38 156001
Chunk bitrate: 38 3000000
Buffer size: 39 156001
Download Time: 2028462
Chunk bitrate: 39 3000000
Buffer size: 40 160001
Download Time: 1734185
Chunk bitrate: 40 3000000
Buffer size: 41 164001
Download Time: 5757060
Chunk bitrate: 41 1000000
Buffer size: 41 168001
Chunk bitrate: 41 1000000
Buffer size: 42 168001
Download Time: 1399998
Chunk bitrate: 42 1000000
Buffer size: 43 172001
Download Time: 1587728
Chunk bitrate: 43 1000000
Buffer size: 44 176001
Download Time: 1243998
Chunk bitrate: 44 1000000
Buffer size: 45 180001
Download Time: 1109614
Chunk bitrate: 45 2000000
Buffer size: 45 184001
Chunk bitrate: 45 2000000
Buffer size: 46 184001
Download Time: 2280199
Chunk bitrate: 46 2000000
Buffer size: 47 188001
Download Time: 1837417
Chunk bitrate: 47 3000000
Buffer size: 47 192001
Chunk bitrate: 47 3000000
Buffer size: 48 192001
Download Time: 1747681
[00007f64d4003378] core mux error: cannot add this stream
[00007f64d40f71f8] core decoder error: cannot create packetizer output (h264)
Chunk bitrate: 48 3000000
Buffer size: 49 196001
Download Time: 2472749
Chunk bitrate: 49 3000000
Buffer size: 50 200001
Download Time: 2603624
Chunk bitrate: 50 2000000
Buffer size: 50 204001
Chunk bitrate: 50 2000000
Buffer size: 51 204001
Download Time: 1659203
[00007f64d4003378] core mux error: cannot add this stream
[00007f64d4038e38] core decoder error: cannot create packetizer output (h264)
Chunk bitrate: 51 2000000
Buffer size: 52 208001
Download Time: 2234357
Chunk bitrate: 52 2000000
Buffer size: 53 212001
Download Time: 1963147
Chunk bitrate: 53 2000000
Buffer size: 54 216001
Download Time: 2039910
Chunk bitrate: 54 3000000
Buffer size: 54 220001
Chunk bitrate: 54 3000000
Buffer size: 55 220001
Download Time: 2046412
[00007f64d4003378] core mux error: cannot add this stream
[00007f64d412cf28] core decoder error: cannot create packetizer output (h264)
Chunk bitrate: 55 3000000
Buffer size: 56 224001
Download Time: 2239977
Chunk bitrate: 56 3000000
Buffer size: 57 228001
Download Time: 845303
Chunk bitrate: 57 3000000
Buffer size: 58 232001
Download Time: 328611
Chunk bitrate: 58 3000000
Buffer size: 59 236001
Download Time: 1200185
Chunk bitrate: 59 3000000
Buffer size: 60 240001
Download Time: 917346
Chunk bitrate: 60 3000000
Buffer size: 61 244001
Download Time: 954415
Chunk bitrate: 61 3000000
Buffer size: 62 248001
Download Time: 321944
Chunk bitrate: 62 3000000
Buffer size: 63 252001
Download Time: 227277
Chunk bitrate: 63 3000000
Buffer size: 64 256001
Download Time: 915717
Chunk bitrate: 64 2000000
Buffer size: 64 260001
Chunk bitrate: 64 2000000
Buffer size: 65 260001
[00007f64d4003378] ps mux: Close
[00007f64d0008e68] idummy demux: command `quit'
[00000000021651e8] [cli] lua interface error: Error loading script /home/cs244/vlc/share/lua/intf/cli.luac: lua/intf/modules/host.lua:286: Interrupted.
