[00000000015ba1e8] core interface error: no suitable interface module
[00000000014f1338] core libvlc error: interface "globalhotkeys,none" initialization failed
[00000000015ba1e8] dbus interface error: Failed to connect to the D-Bus session daemon: Unable to autolaunch a dbus-daemon without a $DISPLAY for X11
[00000000015ba1e8] core interface error: no suitable interface module
[00000000014f1338] core libvlc error: interface "dbus,none" initialization failed
[00000000014f1338] core libvlc: Running vlc with the default interface. Use 'cvlc' to use vlc without interface.
[00000000015ba1e8] qt interface error: Could not connect to X server
[00000000015ba1e8] skins2 interface error: cannot initialize OSFactory
[00007fcd34003378] ps mux: Open
[00000000015ba1e8] [cli] lua interface: Listening on host "*console".
VLC media player 3.0.0-git Vetinari
Command Line Interface initialized. Type `help' for help.
> making a DASHManager
new ratebased adaptionlogic
Chunk bitrate: 0 349952
Buffer size: 0 0
Chunk bitrate: 0 349952
Buffer size: 0 0
[00007fcd340218d8] mp4 demux: Fragment sequence discontinuity detected 0 != 2
Download Time: 587853
[00007fcd34017558] mp4 demux: Fragment sequence discontinuity detected 0 != 2
Startup Time: 1050000
Chunk bitrate: 0 1000000
Buffer size: 0 4001
Chunk bitrate: 0 1000000
Buffer size: 1 4001
Download Time: 1612455
Chunk bitrate: 1 1000000
Buffer size: 2 8001
Download Time: 1170896
Chunk bitrate: 2 1000000
Buffer size: 3 12001
Download Time: 1446600
Chunk bitrate: 3 2000000
Buffer size: 3 16001
Chunk bitrate: 3 2000000
Buffer size: 4 16001
Download Time: 1880902
Chunk bitrate: 4 2000000
Buffer size: 5 20001
Download Time: 2574211
Chunk bitrate: 5 2000000
Buffer size: 6 24001
Download Time: 1062414
Chunk bitrate: 6 3000000
Buffer size: 6 28001
Chunk bitrate: 6 3000000
Buffer size: 7 28001
Download Time: 1654582
Chunk bitrate: 7 3000000
Buffer size: 8 32001
Download Time: 3306699
Chunk bitrate: 8 1000000
Buffer size: 8 36001
Chunk bitrate: 8 1000000
Buffer size: 9 36001
Download Time: 1839914
Chunk bitrate: 9 1000000
Buffer size: 10 40001
Download Time: 1609982
Chunk bitrate: 10 1000000
Buffer size: 11 44001
Download Time: 1750391
Chunk bitrate: 11 1000000
Buffer size: 12 48001
Download Time: 2162730
Chunk bitrate: 12 1000000
Buffer size: 13 52001
Download Time: 1498417
Chunk bitrate: 13 2000000
Buffer size: 13 56001
Chunk bitrate: 13 2000000
Buffer size: 14 56001
Download Time: 2049041
Chunk bitrate: 14 2000000
Buffer size: 15 60001
Download Time: 1827607
Chunk bitrate: 15 2000000
Buffer size: 16 64001
Download Time: 1537406
Chunk bitrate: 16 3000000
Buffer size: 16 68001
Chunk bitrate: 16 3000000
Buffer size: 17 68001
Download Time: 1823638
Chunk bitrate: 17 3000000
Buffer size: 18 72001
Download Time: 3071799
Chunk bitrate: 18 1000000
Buffer size: 18 76001
Chunk bitrate: 18 1000000
Buffer size: 19 76001
Download Time: 1064089
Chunk bitrate: 19 1000000
Buffer size: 20 80001
Download Time: 1825178
Chunk bitrate: 20 1000000
Buffer size: 21 84001
Download Time: 1023331
Chunk bitrate: 21 1000000
Buffer size: 22 88001
Download Time: 1317214
Chunk bitrate: 22 1000000
Buffer size: 23 92001
Download Time: 1667860
Chunk bitrate: 23 1000000
Buffer size: 24 96001
Download Time: 1444650
Chunk bitrate: 24 2000000
Buffer size: 24 100001
Chunk bitrate: 24 2000000
Buffer size: 25 100001
Download Time: 2070416
Chunk bitrate: 25 2000000
Buffer size: 26 104001
Download Time: 1929284
Chunk bitrate: 26 2000000
Buffer size: 27 108001
Download Time: 999218
Chunk bitrate: 27 3000000
Buffer size: 27 112001
Chunk bitrate: 27 3000000
Buffer size: 28 112001
Download Time: 1943420
Chunk bitrate: 28 3000000
Buffer size: 29 116001
Download Time: 2543666
Chunk bitrate: 29 1000000
Buffer size: 29 120001
Chunk bitrate: 29 1000000
Buffer size: 30 120001
Download Time: 1379480
Chunk bitrate: 30 1000000
Buffer size: 31 124001
Download Time: 1541147
Chunk bitrate: 31 1000000
Buffer size: 32 128001
Download Time: 1992485
Chunk bitrate: 32 1000000
Buffer size: 33 132001
Download Time: 1460783
Chunk bitrate: 33 1000000
Buffer size: 34 136001
Download Time: 1597115
Chunk bitrate: 34 1000000
Buffer size: 35 140001
Download Time: 1325901
Chunk bitrate: 35 2000000
Buffer size: 35 144001
Chunk bitrate: 35 2000000
Buffer size: 36 144001
Download Time: 1643957
Chunk bitrate: 36 2000000
Buffer size: 37 148001
Download Time: 2427719
Chunk bitrate: 37 2000000
Buffer size: 38 152001
Download Time: 1698803
Chunk bitrate: 38 3000000
Buffer size: 38 156001
Chunk bitrate: 38 3000000
Buffer size: 39 156001
Download Time: 2023176
Chunk bitrate: 39 3000000
Buffer size: 40 160001
Download Time: 1898056
Chunk bitrate: 40 1000000
Buffer size: 40 164001
Chunk bitrate: 40 1000000
Buffer size: 41 164001
Download Time: 1985241
Chunk bitrate: 41 1000000
Buffer size: 42 168001
Download Time: 1747598
Chunk bitrate: 42 1000000
Buffer size: 43 172001
Download Time: 1703628
Chunk bitrate: 43 1000000
Buffer size: 44 176001
Download Time: 1243169
Chunk bitrate: 44 1000000
Buffer size: 45 180001
Download Time: 1416338
Chunk bitrate: 45 1000000
Buffer size: 46 184001
Download Time: 1333771
Chunk bitrate: 46 2000000
Buffer size: 46 188001
Chunk bitrate: 46 2000000
Buffer size: 47 188001
Download Time: 1940352
Chunk bitrate: 47 2000000
Buffer size: 48 192001
Download Time: 1781113
Chunk bitrate: 48 2000000
Buffer size: 49 196001
Download Time: 1847753
Chunk bitrate: 49 3000000
Buffer size: 49 200001
Chunk bitrate: 49 3000000
Buffer size: 50 200001
Download Time: 1876779
Chunk bitrate: 50 3000000
Buffer size: 51 204001
Download Time: 1548362
Chunk bitrate: 51 3000000
Buffer size: 52 208001
Download Time: 5352732
Chunk bitrate: 52 1000000
Buffer size: 52 212001
Chunk bitrate: 52 1000000
Buffer size: 53 212001
Download Time: 1292219
[00007fcd34003378] core mux error: cannot add this stream
[00007fcd3418b2e8] core decoder error: cannot create packetizer output (h264)
Chunk bitrate: 53 1000000
Buffer size: 54 216001
Download Time: 1603653
Chunk bitrate: 54 1000000
Buffer size: 55 220001
Download Time: 1457248
Chunk bitrate: 55 1000000
Buffer size: 56 224001
Download Time: 1211499
Chunk bitrate: 56 2000000
Buffer size: 56 228001
Chunk bitrate: 56 2000000
Buffer size: 57 228001
Download Time: 1380125
[00007fcd34003378] core mux error: cannot add this stream
[00007fcd3418adf8] core decoder error: cannot create packetizer output (h264)
Chunk bitrate: 57 2000000
Buffer size: 58 232001
Download Time: 629241
Chunk bitrate: 58 2000000
Buffer size: 59 236001
Download Time: 2183956
Chunk bitrate: 59 3000000
Buffer size: 59 240001
Chunk bitrate: 59 3000000
Buffer size: 60 240001
Download Time: 1825399
[00007fcd34003378] core mux error: cannot add this stream
[00007fcd341c3e58] core decoder error: cannot create packetizer output (h264)
Chunk bitrate: 60 3000000
Buffer size: 61 244001
Download Time: 1903482
Chunk bitrate: 61 3000000
Buffer size: 62 248001
Download Time: 818326
Chunk bitrate: 62 1000000
Buffer size: 62 252001
Chunk bitrate: 62 1000000
Buffer size: 63 252001
Download Time: 454619
[00007fcd34003378] core mux error: cannot add this stream
[00007fcd340e0cb8] core decoder error: cannot create packetizer output (h264)
Chunk bitrate: 63 1000000
Buffer size: 64 256001
Download Time: 831961
Chunk bitrate: 64 1000000
Buffer size: 65 260001
[00007fcd34003378] ps mux: Close
[00007fcd34230e18] idummy demux: command `quit'
[00000000015ba1e8] [cli] lua interface error: Error loading script /home/cs244/vlc/share/lua/intf/cli.luac: lua/intf/modules/host.lua:286: Interrupted.
