[00000000008f71e8] core interface error: no suitable interface module
[000000000082e338] core libvlc error: interface "globalhotkeys,none" initialization failed
[00000000008f71e8] dbus interface error: Failed to connect to the D-Bus session daemon: Unable to autolaunch a dbus-daemon without a $DISPLAY for X11
[00000000008f71e8] core interface error: no suitable interface module
[000000000082e338] core libvlc error: interface "dbus,none" initialization failed
[000000000082e338] core libvlc: Running vlc with the default interface. Use 'cvlc' to use vlc without interface.
[00000000008f71e8] qt interface error: Could not connect to X server
[00000000008f71e8] skins2 interface error: cannot initialize OSFactory
[00000000008f71e8] [cli] lua interface: Listening on host "*console".
VLC media player 3.0.0-git Vetinari
Command Line Interface initialized. Type `help' for help.
> [00007f5ec4003378] ps mux: Open
making a DASHManager
new ratebased adaptionlogic
Chunk bitrate: 0 349952
Buffer size: 0 0
Chunk bitrate: 0 349952
Buffer size: 0 0
[00007f5ec4027ac8] mp4 demux: Fragment sequence discontinuity detected 0 != 2
Download Time: 149020
[00007f5ec40188e8] mp4 demux: Fragment sequence discontinuity detected 0 != 2
Startup Time: 1050000
Chunk bitrate: 0 3000000
Buffer size: 0 4001
Chunk bitrate: 0 3000000
Buffer size: 1 4001
Download Time: 1136726
Chunk bitrate: 1 3000000
Buffer size: 2 8001
Download Time: 952148
Chunk bitrate: 2 3000000
Buffer size: 3 12001
Download Time: 1168869
Chunk bitrate: 3 3000000
Buffer size: 4 16001
Download Time: 972121
Chunk bitrate: 4 3000000
Buffer size: 5 20001
Download Time: 3147517
Chunk bitrate: 5 2000000
Buffer size: 5 24001
Chunk bitrate: 5 2000000
Buffer size: 6 24001
Download Time: 1593666
Chunk bitrate: 6 2000000
Buffer size: 7 28001
Download Time: 1294791
Chunk bitrate: 7 3000000
Buffer size: 7 32001
Chunk bitrate: 7 3000000
Buffer size: 8 32001
Download Time: 2616502
Chunk bitrate: 8 3000000
Buffer size: 9 36001
Download Time: 1916451
Chunk bitrate: 9 3000000
Buffer size: 10 40001
Download Time: 2208375
Chunk bitrate: 10 3000000
Buffer size: 11 44001
Download Time: 1919460
Chunk bitrate: 11 3000000
Buffer size: 12 48001
Download Time: 1329034
Chunk bitrate: 12 3000000
Buffer size: 13 52001
Download Time: 1114216
Chunk bitrate: 13 3000000
Buffer size: 14 56001
Download Time: 942288
Chunk bitrate: 14 3000000
Buffer size: 15 60001
Download Time: 888159
Chunk bitrate: 15 3000000
Buffer size: 16 64001
Download Time: 2105353
Chunk bitrate: 16 2000000
Buffer size: 16 68001
Chunk bitrate: 16 2000000
Buffer size: 17 68001
Download Time: 1823522
Chunk bitrate: 17 2000000
Buffer size: 18 72001
Download Time: 1880874
Chunk bitrate: 18 3000000
Buffer size: 18 76001
Chunk bitrate: 18 3000000
Buffer size: 19 76001
Download Time: 1290228
Chunk bitrate: 19 3000000
Buffer size: 20 80001
Download Time: 1964280
Chunk bitrate: 20 3000000
Buffer size: 21 84001
Download Time: 1201686
Chunk bitrate: 21 3000000
Buffer size: 22 88001
Download Time: 1781464
Chunk bitrate: 22 3000000
Buffer size: 23 92001
Download Time: 2343880
Chunk bitrate: 23 3000000
Buffer size: 24 96001
Download Time: 1389008
Download Time: 30467
Chunk bitrate: 24 3000000
Buffer size: 25 100001
Download Time: 1029614
Chunk bitrate: 25 3000000
Buffer size: 26 104001
Download Time: 976639
Chunk bitrate: 26 3000000
Buffer size: 27 108001
Download Time: 621674
Chunk bitrate: 27 3000000
Buffer size: 28 112001
Download Time: 973728
Chunk bitrate: 28 3000000
Buffer size: 29 116001
Download Time: 2548688
Chunk bitrate: 29 2000000
Buffer size: 29 120001
Chunk bitrate: 29 2000000
Buffer size: 30 120001
Download Time: 1599340
Chunk bitrate: 30 2000000
Buffer size: 31 124001
Download Time: 1568064
Chunk bitrate: 31 3000000
Buffer size: 31 128001
Chunk bitrate: 31 3000000
Buffer size: 32 128001
Download Time: 2479316
Chunk bitrate: 32 3000000
Buffer size: 33 132001
Download Time: 2322648
Chunk bitrate: 33 3000000
Buffer size: 34 136001
Download Time: 2267029
Chunk bitrate: 34 3000000
Buffer size: 35 140001
Download Time: 2070239
Chunk bitrate: 35 3000000
Buffer size: 36 144001
Download Time: 953476
Chunk bitrate: 36 3000000
Buffer size: 37 148001
Download Time: 1238880
Chunk bitrate: 37 3000000
Buffer size: 38 152001
Download Time: 1172680
Chunk bitrate: 38 3000000
Buffer size: 39 156001
Download Time: 1019438
Chunk bitrate: 39 3000000
Buffer size: 40 160001
Download Time: 1011981
Chunk bitrate: 40 3000000
Buffer size: 41 164001
Download Time: 2344214
Chunk bitrate: 41 3000000
Buffer size: 42 168001
Download Time: 1945872
Chunk bitrate: 42 3000000
Buffer size: 43 172001
Download Time: 2398541
Chunk bitrate: 43 3000000
Buffer size: 44 176001
Download Time: 1763166
Chunk bitrate: 44 3000000
Buffer size: 45 180001
Download Time: 1543362
Chunk bitrate: 45 3000000
Buffer size: 46 184001
Download Time: 1120834
Chunk bitrate: 46 3000000
Buffer size: 47 188001
Download Time: 1047651
Chunk bitrate: 47 3000000
Buffer size: 48 192001
Download Time: 876073
Chunk bitrate: 48 3000000
Buffer size: 49 196001
Download Time: 1238436
Chunk bitrate: 49 3000000
Buffer size: 50 200001
Download Time: 2809139
Chunk bitrate: 50 2000000
Buffer size: 50 204001
Chunk bitrate: 50 2000000
Buffer size: 51 204001
Download Time: 1658639
Chunk bitrate: 51 2000000
Buffer size: 52 208001
Download Time: 1609791
Chunk bitrate: 52 3000000
Buffer size: 52 212001
Chunk bitrate: 52 3000000
Buffer size: 53 212001
Download Time: 2143489
Chunk bitrate: 53 3000000
Buffer size: 54 216001
Download Time: 2272538
Chunk bitrate: 54 3000000
Buffer size: 55 220001
Download Time: 2046017
Chunk bitrate: 55 3000000
Buffer size: 56 224001
Download Time: 2150716
Chunk bitrate: 56 3000000
Buffer size: 57 228001
Download Time: 774870
Chunk bitrate: 57 3000000
Buffer size: 58 232001
Download Time: 327968
Chunk bitrate: 58 3000000
Buffer size: 59 236001
Download Time: 1199702
Chunk bitrate: 59 3000000
Buffer size: 60 240001
Download Time: 914593
Chunk bitrate: 60 3000000
Buffer size: 61 244001
Download Time: 954391
Chunk bitrate: 61 3000000
Buffer size: 62 248001
Download Time: 322263
Chunk bitrate: 62 3000000
Buffer size: 63 252001
Download Time: 300305
Chunk bitrate: 63 2000000
Buffer size: 63 256001
Chunk bitrate: 63 2000000
Buffer size: 64 256001
Download Time: 935799
Chunk bitrate: 64 2000000
Buffer size: 65 260001
[00007f5ec4003378] ps mux: Close
[00007f5ebc0010f8] idummy demux: command `quit'
[00000000008f71e8] [cli] lua interface error: Error loading script /home/cs244/vlc/share/lua/intf/cli.luac: lua/intf/modules/host.lua:286: Interrupted.
