[0000000001e711e8] core interface error: no suitable interface module
[0000000001da8338] core libvlc error: interface "globalhotkeys,none" initialization failed
[0000000001e711e8] dbus interface error: Failed to connect to the D-Bus session daemon: Unable to autolaunch a dbus-daemon without a $DISPLAY for X11
[0000000001e711e8] core interface error: no suitable interface module
[0000000001da8338] core libvlc error: interface "dbus,none" initialization failed
[0000000001da8338] core libvlc: Running vlc with the default interface. Use 'cvlc' to use vlc without interface.
[0000000001e711e8] qt interface error: Could not connect to X server
[0000000001e711e8] skins2 interface error: cannot initialize OSFactory
[0000000001e711e8] [cli] lua interface: Listening on host "*console".
VLC media player 3.0.0-git Vetinari
Command Line Interface initialized. Type `help' for help.
> [00007f66b0003378] ps mux: Open
making a DASHManager
new ratebased adaptionlogic
Chunk bitrate: 0 349952
Buffer size: 0 0
Chunk bitrate: 0 349952
Buffer size: 0 0
[00007f66b0016ba8] mp4 demux: Fragment sequence discontinuity detected 0 != 2
Download Time: 440303
[00007f66b0024ab8] mp4 demux: Fragment sequence discontinuity detected 0 != 2
Startup Time: 1050000
Chunk bitrate: 0 2000000
Buffer size: 0 4001
Chunk bitrate: 0 2000000
Buffer size: 1 4001
Download Time: 2338816
Chunk bitrate: 1 2000000
Buffer size: 2 8001
Download Time: 1780816
Chunk bitrate: 2 2000000
Buffer size: 3 12001
Download Time: 799710
Chunk bitrate: 3 3000000
Buffer size: 3 16001
Chunk bitrate: 3 3000000
Buffer size: 4 16001
Download Time: 973145
Chunk bitrate: 4 3000000
Buffer size: 5 20001
Download Time: 1243592
Chunk bitrate: 5 3000000
Buffer size: 6 24001
Download Time: 844463
Chunk bitrate: 6 3000000
Buffer size: 7 28001
Download Time: 829385
Chunk bitrate: 7 3000000
Buffer size: 8 32001
Download Time: 4823397
Chunk bitrate: 8 1000000
Buffer size: 8 36001
Chunk bitrate: 8 1000000
Buffer size: 9 36001
Download Time: 1471553
Chunk bitrate: 9 1000000
Buffer size: 10 40001
Download Time: 1287721
Chunk bitrate: 10 1000000
Buffer size: 11 44001
Download Time: 1399724
Chunk bitrate: 11 1000000
Buffer size: 12 48001
Download Time: 1485290
Chunk bitrate: 12 2000000
Buffer size: 12 52001
Chunk bitrate: 12 2000000
Buffer size: 13 52001
Download Time: 2184391
Chunk bitrate: 13 2000000
Buffer size: 14 56001
Download Time: 1953354
Chunk bitrate: 14 3000000
Buffer size: 14 60001
Chunk bitrate: 14 3000000
Buffer size: 15 60001
Download Time: 889220
Chunk bitrate: 15 3000000
Buffer size: 16 64001
Download Time: 1096646
Chunk bitrate: 16 3000000
Buffer size: 17 68001
Download Time: 913085
Chunk bitrate: 17 3000000
Buffer size: 18 72001
Download Time: 1140630
Chunk bitrate: 18 3000000
Buffer size: 19 76001
Download Time: 647794
Chunk bitrate: 19 3000000
Buffer size: 20 80001
Download Time: 3735509
Chunk bitrate: 20 1000000
Buffer size: 20 84001
Chunk bitrate: 20 1000000
Buffer size: 21 84001
Download Time: 948154
Chunk bitrate: 21 1000000
Buffer size: 22 88001
Download Time: 1319097
Chunk bitrate: 22 1000000
Buffer size: 23 92001
Download Time: 1669072
Chunk bitrate: 23 1000000
Buffer size: 24 96001
Download Time: 1564417
Chunk bitrate: 24 1000000
Buffer size: 25 100001
Download Time: 837509
Chunk bitrate: 25 3000000
Buffer size: 25 104001
Chunk bitrate: 25 3000000
Buffer size: 26 104001
Download Time: 1947583
Chunk bitrate: 26 3000000
Buffer size: 27 108001
Download Time: 1236593
Chunk bitrate: 27 3000000
Buffer size: 28 112001
Download Time: 1533028
Chunk bitrate: 28 3000000
Buffer size: 29 116001
Download Time: 1209587
Chunk bitrate: 29 3000000
Buffer size: 30 120001
Download Time: 754743
Chunk bitrate: 30 3000000
Buffer size: 31 124001
Download Time: 764617
Chunk bitrate: 31 3000000
Buffer size: 32 128001
Download Time: 1242005
Chunk bitrate: 32 3000000
Buffer size: 33 132001
Download Time: 1882262
Chunk bitrate: 33 3000000
Buffer size: 34 136001
Download Time: 2267798
Chunk bitrate: 34 3000000
Buffer size: 35 140001
Download Time: 2069168
Chunk bitrate: 35 3000000
Buffer size: 36 144001
Download Time: 1666507
Chunk bitrate: 36 3000000
Buffer size: 37 148001
Download Time: 2416237
Chunk bitrate: 37 3000000
Buffer size: 38 152001
Download Time: 1172774
Chunk bitrate: 38 3000000
Buffer size: 39 156001
Download Time: 1014256
Chunk bitrate: 39 3000000
Buffer size: 40 160001
Download Time: 869575
Chunk bitrate: 40 3000000
Buffer size: 41 164001
Download Time: 1174826
Chunk bitrate: 41 3000000
Buffer size: 42 168001
Download Time: 1398383
Chunk bitrate: 42 3000000
Buffer size: 43 172001
Download Time: 2399467
Chunk bitrate: 43 3000000
Buffer size: 44 176001
Download Time: 1703597
Chunk bitrate: 44 3000000
Buffer size: 45 180001
Download Time: 1050703
Chunk bitrate: 45 3000000
Buffer size: 46 184001
Download Time: 1120814
Chunk bitrate: 46 3000000
Buffer size: 47 188001
Download Time: 1046730
Chunk bitrate: 47 3000000
Buffer size: 48 192001
Download Time: 876755
Chunk bitrate: 48 3000000
Buffer size: 49 196001
Download Time: 1238763
Chunk bitrate: 49 3000000
Buffer size: 50 200001
Download Time: 939025
Chunk bitrate: 50 3000000
Buffer size: 51 204001
Download Time: 775519
Chunk bitrate: 51 3000000
Buffer size: 52 208001
Download Time: 1137732
Chunk bitrate: 52 3000000
Buffer size: 53 212001
Download Time: 1074045
Chunk bitrate: 53 3000000
Buffer size: 54 216001
Download Time: 1899691
Chunk bitrate: 54 3000000
Buffer size: 55 220001
Download Time: 2045823
Chunk bitrate: 55 3000000
Buffer size: 56 224001
Download Time: 2241802
Chunk bitrate: 56 3000000
Buffer size: 57 228001
Download Time: 1546985
Chunk bitrate: 57 3000000
Buffer size: 58 232001
Download Time: 651867
Chunk bitrate: 58 3000000
Buffer size: 59 236001
Download Time: 2056237
Chunk bitrate: 59 3000000
Buffer size: 60 240001
Download Time: 914443
Chunk bitrate: 60 3000000
Buffer size: 61 244001
Download Time: 955861
Chunk bitrate: 61 3000000
Buffer size: 62 248001
Download Time: 324331
Chunk bitrate: 62 3000000
Buffer size: 63 252001
Download Time: 227324
Chunk bitrate: 63 3000000
Buffer size: 64 256001
Download Time: 402752
Chunk bitrate: 64 3000000
Buffer size: 65 260001
[00007f66b0003378] ps mux: Close
[00007f66ac001688] idummy demux: command `quit'
[0000000001e711e8] [cli] lua interface error: Error loading script /home/cs244/vlc/share/lua/intf/cli.luac: lua/intf/modules/host.lua:286: Interrupted.
