[00000000018b91e8] core interface error: no suitable interface module
[00000000017f0338] core libvlc error: interface "globalhotkeys,none" initialization failed
[00000000018b91e8] dbus interface error: Failed to connect to the D-Bus session daemon: Unable to autolaunch a dbus-daemon without a $DISPLAY for X11
[00000000018b91e8] core interface error: no suitable interface module
[00000000017f0338] core libvlc error: interface "dbus,none" initialization failed
[00000000017f0338] core libvlc: Running vlc with the default interface. Use 'cvlc' to use vlc without interface.
[00000000018b91e8] qt interface error: Could not connect to X server
[00000000018b91e8] skins2 interface error: cannot initialize OSFactory
[00000000018b91e8] [cli] lua interface: Listening on host "*console".
VLC media player 3.0.0-git Vetinari
Command Line Interface initialized. Type `help' for help.
> [00007f6a50003378] ps mux: Open
making a DASHManager
new ratebased adaptionlogic
Chunk bitrate: 0 349952
Buffer size: 0 0
Chunk bitrate: 0 349952
Buffer size: 0 0
[00007f6a50019678] mp4 demux: Fragment sequence discontinuity detected 0 != 2
Download Time: 149906
[00007f6a50019898] mp4 demux: Fragment sequence discontinuity detected 0 != 2
Startup Time: 1050000
Chunk bitrate: 0 3000000
Buffer size: 0 4001
Chunk bitrate: 0 3000000
Buffer size: 1 4001
Download Time: 1137769
Chunk bitrate: 1 3000000
Buffer size: 2 8001
Download Time: 953110
Chunk bitrate: 2 3000000
Buffer size: 3 12001
Download Time: 1169121
Chunk bitrate: 3 3000000
Buffer size: 4 16001
Download Time: 972409
Chunk bitrate: 4 3000000
Buffer size: 5 20001
Download Time: 3185068
Chunk bitrate: 5 1000000
Buffer size: 5 24001
Chunk bitrate: 5 1000000
Buffer size: 6 24001
Download Time: 827879
Chunk bitrate: 6 2000000
Buffer size: 6 28001
Chunk bitrate: 6 2000000
Buffer size: 7 28001
Download Time: 1504487
Chunk bitrate: 7 3000000
Buffer size: 7 32001
Chunk bitrate: 7 3000000
Buffer size: 8 32001
Download Time: 2616015
Chunk bitrate: 8 3000000
Buffer size: 9 36001
Download Time: 1843320
Chunk bitrate: 9 3000000
Buffer size: 10 40001
Download Time: 1105207
Chunk bitrate: 10 3000000
Buffer size: 11 44001
Download Time: 961478
Chunk bitrate: 11 3000000
Buffer size: 12 48001
Download Time: 1336887
Chunk bitrate: 12 3000000
Buffer size: 13 52001
Download Time: 1115100
Chunk bitrate: 13 3000000
Buffer size: 14 56001
Download Time: 943954
Chunk bitrate: 14 3000000
Buffer size: 15 60001
Download Time: 889630
Chunk bitrate: 15 3000000
Buffer size: 16 64001
Download Time: 1098822
Chunk bitrate: 16 3000000
Buffer size: 17 68001
Download Time: 915338
Chunk bitrate: 17 3000000
Buffer size: 18 72001
Download Time: 1142335
Chunk bitrate: 18 3000000
Buffer size: 19 76001
Download Time: 1739253
Chunk bitrate: 19 2000000
Buffer size: 19 80001
Chunk bitrate: 19 2000000
Buffer size: 20 80001
Download Time: 2147778
Chunk bitrate: 20 2000000
Buffer size: 21 84001
Download Time: 1223274
Chunk bitrate: 21 3000000
Buffer size: 21 88001
Chunk bitrate: 21 3000000
Buffer size: 22 88001
Download Time: 1779656
Chunk bitrate: 22 3000000
Buffer size: 23 92001
Download Time: 2343295
Chunk bitrate: 23 3000000
Buffer size: 24 96001
Download Time: 2085817
Chunk bitrate: 24 3000000
Buffer size: 25 100001
Download Time: 2060349
Chunk bitrate: 25 3000000
Buffer size: 26 104001
Download Time: 1611696
Chunk bitrate: 26 3000000
Buffer size: 27 108001
Download Time: 624082
Chunk bitrate: 27 3000000
Buffer size: 28 112001
Download Time: 975631
Chunk bitrate: 28 3000000
Buffer size: 29 116001
Download Time: 1210724
Chunk bitrate: 29 3000000
Buffer size: 30 120001
Download Time: 755396
Chunk bitrate: 30 3000000
Buffer size: 31 124001
Download Time: 841931
Chunk bitrate: 31 3000000
Buffer size: 32 128001
Download Time: 3660498
Chunk bitrate: 32 2000000
Buffer size: 32 132001
Chunk bitrate: 32 2000000
Buffer size: 33 132001
Download Time: 1838105
Chunk bitrate: 33 3000000
Buffer size: 33 136001
Chunk bitrate: 33 3000000
Buffer size: 34 136001
Download Time: 2269785
Chunk bitrate: 34 3000000
Buffer size: 35 140001
Download Time: 2125571
Chunk bitrate: 35 2000000
Buffer size: 35 144001
Chunk bitrate: 35 2000000
Buffer size: 36 144001
Download Time: 1643511
Chunk bitrate: 36 2000000
Buffer size: 37 148001
Download Time: 2428371
Chunk bitrate: 37 2000000
Buffer size: 38 152001
Download Time: 1710193
Chunk bitrate: 38 3000000
Buffer size: 38 156001
Chunk bitrate: 38 3000000
Buffer size: 39 156001
Download Time: 2024153
Chunk bitrate: 39 3000000
Buffer size: 40 160001
Download Time: 1689246
Chunk bitrate: 40 3000000
Buffer size: 41 164001
Download Time: 1174048
Chunk bitrate: 41 3000000
Buffer size: 42 168001
Download Time: 1049501
Chunk bitrate: 42 3000000
Buffer size: 43 172001
Download Time: 1203391
Chunk bitrate: 43 3000000
Buffer size: 44 176001
Download Time: 883758
Chunk bitrate: 44 3000000
Buffer size: 45 180001
Download Time: 3318957
Chunk bitrate: 45 1000000
Buffer size: 45 184001
Chunk bitrate: 45 1000000
Buffer size: 46 184001
Download Time: 1834739
Chunk bitrate: 46 1000000
Buffer size: 47 188001
Download Time: 1159177
Chunk bitrate: 47 2000000
Buffer size: 47 192001
Chunk bitrate: 47 2000000
Buffer size: 48 192001
Download Time: 1781888
Chunk bitrate: 48 2000000
Buffer size: 49 196001
Download Time: 2292319
Chunk bitrate: 49 3000000
Buffer size: 49 200001
Chunk bitrate: 49 3000000
Buffer size: 50 200001
Download Time: 1875851
Chunk bitrate: 50 3000000
Buffer size: 51 204001
Download Time: 1548032
Chunk bitrate: 51 3000000
Buffer size: 52 208001
Download Time: 1668770
Chunk bitrate: 52 3000000
Buffer size: 53 212001
Download Time: 1073547
Chunk bitrate: 53 3000000
Buffer size: 54 216001
Download Time: 1137465
Chunk bitrate: 54 3000000
Buffer size: 55 220001
Download Time: 1025403
Chunk bitrate: 55 3000000
Buffer size: 56 224001
Download Time: 1396184
Chunk bitrate: 56 2000000
Buffer size: 56 228001
Chunk bitrate: 56 2000000
Buffer size: 57 228001
Download Time: 1839615
Chunk bitrate: 57 1000000
Buffer size: 57 232001
Chunk bitrate: 57 1000000
Buffer size: 58 232001
Download Time: 447433
Chunk bitrate: 58 1000000
Buffer size: 59 236001
Download Time: 1701197
Chunk bitrate: 59 1000000
Buffer size: 60 240001
Download Time: 1019685
Chunk bitrate: 60 2000000
Buffer size: 60 244001
Chunk bitrate: 60 2000000
Buffer size: 61 244001
Download Time: 2031431
[00007f6a50003378] core mux error: cannot add this stream
[00007f6a500f8d58] core decoder error: cannot create packetizer output (h264)
Chunk bitrate: 61 2000000
Buffer size: 62 248001
Download Time: 663353
Chunk bitrate: 62 2000000
Buffer size: 63 252001
Download Time: 470136
Chunk bitrate: 63 2000000
Buffer size: 64 256001
Download Time: 862234
Chunk bitrate: 64 3000000
Buffer size: 64 260001
Chunk bitrate: 64 3000000
Buffer size: 65 260001
[00007f6a50003378] ps mux: Close
[00007f6a5c009ef8] idummy demux: command `quit'
[00000000018b91e8] [cli] lua interface error: Error loading script /home/cs244/vlc/share/lua/intf/cli.luac: lua/intf/modules/host.lua:286: Interrupted.
