[00000000014c71e8] core interface error: no suitable interface module
[00000000013fe338] core libvlc error: interface "globalhotkeys,none" initialization failed
[00000000014c71e8] dbus interface error: Failed to connect to the D-Bus session daemon: Unable to autolaunch a dbus-daemon without a $DISPLAY for X11
[00000000014c71e8] core interface error: no suitable interface module
[00000000013fe338] core libvlc error: interface "dbus,none" initialization failed
[00000000013fe338] core libvlc: Running vlc with the default interface. Use 'cvlc' to use vlc without interface.
[00000000014c71e8] qt interface error: Could not connect to X server
[00000000014c71e8] skins2 interface error: cannot initialize OSFactory
[00007f2690003378] ps mux: Open
[00000000014c71e8] [cli] lua interface: Listening on host "*console".
VLC media player 3.0.0-git Vetinari
Command Line Interface initialized. Type `help' for help.
> making a DASHManager
new ratebased adaptionlogic
Chunk bitrate: 0 349952
Buffer size: 0 0
Chunk bitrate: 0 349952
Buffer size: 0 0
[00007f2690027448] mp4 demux: Fragment sequence discontinuity detected 0 != 2
Download Time: 734142
[00007f2690027f28] mp4 demux: Fragment sequence discontinuity detected 0 != 2
Startup Time: 1050000
Chunk bitrate: 0 1000000
Buffer size: 0 4001
Chunk bitrate: 0 1000000
Buffer size: 1 4001
Download Time: 2015005
Chunk bitrate: 1 1000000
Buffer size: 2 8001
Download Time: 1464040
Chunk bitrate: 2 1000000
Buffer size: 3 12001
Download Time: 1583847
Chunk bitrate: 3 1000000
Buffer size: 4 16001
Download Time: 1312739
Chunk bitrate: 4 1000000
Buffer size: 5 20001
Download Time: 1708822
Chunk bitrate: 5 1000000
Buffer size: 6 24001
Download Time: 901759
Chunk bitrate: 6 2000000
Buffer size: 6 28001
Chunk bitrate: 6 2000000
Buffer size: 7 28001
Download Time: 1751684
Chunk bitrate: 7 2000000
Buffer size: 8 32001
Download Time: 2598014
Chunk bitrate: 8 3000000
Buffer size: 8 36001
Chunk bitrate: 8 3000000
Buffer size: 9 36001
Download Time: 1914913
Chunk bitrate: 9 3000000
Buffer size: 10 40001
Download Time: 2209124
Chunk bitrate: 10 3000000
Buffer size: 11 44001
Download Time: 3939887
Chunk bitrate: 11 1000000
Buffer size: 11 48001
Chunk bitrate: 11 1000000
Buffer size: 12 48001
Download Time: 2031151
Chunk bitrate: 12 1000000
Buffer size: 13 52001
Download Time: 1552065
Chunk bitrate: 13 1000000
Buffer size: 14 56001
Download Time: 1332658
Chunk bitrate: 14 1000000
Buffer size: 15 60001
Download Time: 1165119
Chunk bitrate: 15 1000000
Buffer size: 16 64001
Download Time: 1159676
Chunk bitrate: 16 2000000
Buffer size: 16 68001
Chunk bitrate: 16 2000000
Buffer size: 17 68001
Download Time: 1823844
Chunk bitrate: 17 2000000
Buffer size: 18 72001
Download Time: 2006003
Chunk bitrate: 18 3000000
Buffer size: 18 76001
Chunk bitrate: 18 3000000
Buffer size: 19 76001
Download Time: 1290256
Chunk bitrate: 19 3000000
Buffer size: 20 80001
Download Time: 1963891
Chunk bitrate: 20 3000000
Buffer size: 21 84001
Download Time: 1202823
Chunk bitrate: 21 3000000
Buffer size: 22 88001
Download Time: 3383406
Chunk bitrate: 22 1000000
Buffer size: 22 92001
Chunk bitrate: 22 1000000
Buffer size: 23 92001
Download Time: 1667381
Chunk bitrate: 23 2000000
Buffer size: 23 96001
Chunk bitrate: 23 2000000
Buffer size: 24 96001
Download Time: 2084960
Chunk bitrate: 24 2000000
Buffer size: 25 100001
Download Time: 2068186
Chunk bitrate: 25 2000000
Buffer size: 26 104001
Download Time: 1928285
Chunk bitrate: 26 2000000
Buffer size: 27 108001
Download Time: 1302916
Chunk bitrate: 27 2000000
Buffer size: 28 112001
Download Time: 2036153
Chunk bitrate: 28 2000000
Buffer size: 29 116001
Download Time: 892761
Chunk bitrate: 29 3000000
Buffer size: 29 120001
Chunk bitrate: 29 3000000
Buffer size: 30 120001
Download Time: 754247
Chunk bitrate: 30 3000000
Buffer size: 31 124001
Download Time: 764142
Chunk bitrate: 31 3000000
Buffer size: 32 128001
Download Time: 1243111
Chunk bitrate: 32 3000000
Buffer size: 33 132001
Download Time: 1163719
Chunk bitrate: 33 3000000
Buffer size: 34 136001
Download Time: 4193359
Chunk bitrate: 34 1000000
Buffer size: 34 140001
Chunk bitrate: 34 1000000
Buffer size: 35 140001
Download Time: 1246278
Chunk bitrate: 35 2000000
Buffer size: 35 144001
Chunk bitrate: 35 2000000
Buffer size: 36 144001
Download Time: 1648897
Chunk bitrate: 36 2000000
Buffer size: 37 148001
Download Time: 2426446
Chunk bitrate: 37 2000000
Buffer size: 38 152001
Download Time: 1607206
Chunk bitrate: 38 3000000
Buffer size: 38 156001
Chunk bitrate: 38 3000000
Buffer size: 39 156001
Download Time: 2024310
Chunk bitrate: 39 3000000
Buffer size: 40 160001
Download Time: 1588465
Chunk bitrate: 40 3000000
Buffer size: 41 164001
Download Time: 1175097
Chunk bitrate: 41 3000000
Buffer size: 42 168001
Download Time: 975713
Chunk bitrate: 42 3000000
Buffer size: 43 172001
Download Time: 1201786
Chunk bitrate: 43 3000000
Buffer size: 44 176001
Download Time: 884447
Chunk bitrate: 44 3000000
Buffer size: 45 180001
Download Time: 2846192
Chunk bitrate: 45 1000000
Buffer size: 45 184001
Chunk bitrate: 45 1000000
Buffer size: 46 184001
Download Time: 1467960
Chunk bitrate: 46 1000000
Buffer size: 47 188001
Download Time: 1362334
Chunk bitrate: 47 2000000
Buffer size: 47 192001
Chunk bitrate: 47 2000000
Buffer size: 48 192001
Download Time: 1782531
Chunk bitrate: 48 2000000
Buffer size: 49 196001
Download Time: 2457231
Chunk bitrate: 49 2000000
Buffer size: 50 200001
Download Time: 2036099
Chunk bitrate: 50 2000000
Buffer size: 51 204001
Download Time: 1658259
Chunk bitrate: 51 2000000
Buffer size: 52 208001
Download Time: 1895221
Chunk bitrate: 52 3000000
Buffer size: 52 212001
Chunk bitrate: 52 3000000
Buffer size: 53 212001
Download Time: 2143372
Chunk bitrate: 53 3000000
Buffer size: 54 216001
Download Time: 2585207
Chunk bitrate: 54 1000000
Buffer size: 54 220001
Chunk bitrate: 54 1000000
Buffer size: 55 220001
Download Time: 1825034
[00007f2690003378] core mux error: cannot add this stream
[00007f2690084178] core decoder error: cannot create packetizer output (h264)
Chunk bitrate: 55 1000000
Buffer size: 56 224001
Download Time: 1991441
Chunk bitrate: 56 1000000
Buffer size: 57 228001
Download Time: 830805
Chunk bitrate: 57 2000000
Buffer size: 57 232001
Chunk bitrate: 57 2000000
Buffer size: 58 232001
Download Time: 630225
[00007f2690003378] core mux error: cannot add this stream
[00007f269024ef18] core decoder error: cannot create packetizer output (h264)
Chunk bitrate: 58 2000000
Buffer size: 59 236001
Download Time: 2475165
Chunk bitrate: 59 2000000
Buffer size: 60 240001
Download Time: 2968027
Chunk bitrate: 60 1000000
Buffer size: 60 244001
Chunk bitrate: 60 1000000
Buffer size: 61 244001
Download Time: 2345295
[00007f2690003378] core mux error: cannot add this stream
[00007f26901e12f8] core decoder error: cannot create packetizer output (h264)
Chunk bitrate: 61 1000000
Buffer size: 62 248001
Download Time: 968230
Chunk bitrate: 62 600000
Buffer size: 62 252001
Chunk bitrate: 62 600000
Buffer size: 63 252001
Download Time: 522439
[00007f2690003378] core mux error: cannot add this stream
[00007f26900f8a78] core decoder error: cannot create packetizer output (h264)
Chunk bitrate: 63 600000
Buffer size: 64 256001
Download Time: 1040589
Chunk bitrate: 64 600000
Buffer size: 65 260001
[00007f2690003378] ps mux: Close
[00007f26880010a8] idummy demux: command `quit'
[00000000014c71e8] [cli] lua interface error: Error loading script /home/cs244/vlc/share/lua/intf/cli.luac: lua/intf/modules/host.lua:286: Interrupted.
