[00000000015551e8] core interface error: no suitable interface module
[000000000148c338] core libvlc error: interface "globalhotkeys,none" initialization failed
[00000000015551e8] dbus interface error: Failed to connect to the D-Bus session daemon: Unable to autolaunch a dbus-daemon without a $DISPLAY for X11
[00000000015551e8] core interface error: no suitable interface module
[000000000148c338] core libvlc error: interface "dbus,none" initialization failed
[000000000148c338] core libvlc: Running vlc with the default interface. Use 'cvlc' to use vlc without interface.
[00000000015551e8] qt interface error: Could not connect to X server
[00000000015551e8] skins2 interface error: cannot initialize OSFactory
[00000000015551e8] [cli] lua interface: Listening on host "*console".
VLC media player 3.0.0-git Vetinari
Command Line Interface initialized. Type `help' for help.
> [00007f2964003378] ps mux: Open
making a DASHManager
new ratebased adaptionlogic
Chunk bitrate: 0 349952
Buffer size: 0 0
Chunk bitrate: 0 349952
Buffer size: 0 0
[00007f2964023528] mp4 demux: Fragment sequence discontinuity detected 0 != 2
Download Time: 587304
[00007f29640172f8] mp4 demux: Fragment sequence discontinuity detected 0 != 2
Startup Time: 1050000
Chunk bitrate: 0 1000000
Buffer size: 0 4001
Chunk bitrate: 0 1000000
Buffer size: 1 4001
Download Time: 1611660
Chunk bitrate: 1 1000000
Buffer size: 2 8001
Download Time: 1170260
Chunk bitrate: 2 1000000
Buffer size: 3 12001
Download Time: 1439380
Chunk bitrate: 3 2000000
Buffer size: 3 16001
Chunk bitrate: 3 2000000
Buffer size: 4 16001
Download Time: 1881199
Chunk bitrate: 4 2000000
Buffer size: 5 20001
Download Time: 2574223
Chunk bitrate: 5 2000000
Buffer size: 6 24001
Download Time: 1591411
Chunk bitrate: 6 2000000
Buffer size: 7 28001
Download Time: 1749918
Chunk bitrate: 7 2000000
Buffer size: 8 32001
Download Time: 2269178
Chunk bitrate: 8 3000000
Buffer size: 8 36001
Chunk bitrate: 8 3000000
Buffer size: 9 36001
Download Time: 1915420
Chunk bitrate: 9 3000000
Buffer size: 10 40001
Download Time: 2252038
Chunk bitrate: 10 1000000
Buffer size: 10 44001
Chunk bitrate: 10 1000000
Buffer size: 11 44001
Download Time: 2100598
Chunk bitrate: 11 1000000
Buffer size: 12 48001
Download Time: 2568362
Chunk bitrate: 12 1000000
Buffer size: 13 52001
Download Time: 1551690
Chunk bitrate: 13 1000000
Buffer size: 14 56001
Download Time: 1328842
Chunk bitrate: 14 1000000
Buffer size: 15 60001
Download Time: 1168307
Chunk bitrate: 15 1000000
Buffer size: 16 64001
Download Time: 2840554
Chunk bitrate: 16 600000
Buffer size: 16 68001
Chunk bitrate: 16 600000
Buffer size: 17 68001
Download Time: 1827072
Chunk bitrate: 17 600000
Buffer size: 18 72001
Download Time: 1411989
Chunk bitrate: 18 1000000
Buffer size: 18 76001
Chunk bitrate: 18 1000000
Buffer size: 19 76001
Download Time: 1277444
Chunk bitrate: 19 1000000
Buffer size: 20 80001
Download Time: 2184974
Chunk bitrate: 20 1000000
Buffer size: 21 84001
Download Time: 949773
Chunk bitrate: 21 1000000
Buffer size: 22 88001
Download Time: 1320459
Chunk bitrate: 22 1000000
Buffer size: 23 92001
Download Time: 1668510
Chunk bitrate: 23 1000000
Buffer size: 24 96001
Download Time: 2352257
Chunk bitrate: 24 600000
Buffer size: 24 100001
Chunk bitrate: 24 600000
Buffer size: 25 100001
Download Time: 1680443
Chunk bitrate: 25 600000
Buffer size: 26 104001
Download Time: 1586729
Chunk bitrate: 26 1000000
Buffer size: 26 108001
Chunk bitrate: 26 1000000
Buffer size: 27 108001
Download Time: 1199988
Chunk bitrate: 27 1000000
Buffer size: 28 112001
Download Time: 2359400
Chunk bitrate: 28 1000000
Buffer size: 29 116001
Download Time: 1757744
Chunk bitrate: 29 1000000
Buffer size: 30 120001
Download Time: 1103674
Chunk bitrate: 30 1000000
Buffer size: 31 124001
Download Time: 1232704
Chunk bitrate: 31 1000000
Buffer size: 32 128001
Download Time: 2180008
Chunk bitrate: 32 600000
Buffer size: 32 132001
Chunk bitrate: 32 600000
Buffer size: 33 132001
Download Time: 1943485
Chunk bitrate: 33 600000
Buffer size: 34 136001
Download Time: 1918167
Chunk bitrate: 34 1000000
Buffer size: 34 140001
Chunk bitrate: 34 1000000
Buffer size: 35 140001
Download Time: 1392009
Chunk bitrate: 35 1000000
Buffer size: 36 144001
Download Time: 1153565
Chunk bitrate: 36 1000000
Buffer size: 37 148001
Download Time: 1635897
Chunk bitrate: 37 1000000
Buffer size: 38 152001
Download Time: 3516850
Chunk bitrate: 38 600000
Buffer size: 38 156001
Chunk bitrate: 38 600000
Buffer size: 39 156001
Download Time: 1584264
Chunk bitrate: 39 1000000
Buffer size: 39 160001
Chunk bitrate: 39 1000000
Buffer size: 40 160001
Download Time: 1716568
Chunk bitrate: 40 1000000
Buffer size: 41 164001
Download Time: 2376869
Chunk bitrate: 41 1000000
Buffer size: 42 168001
Download Time: 1433736
Chunk bitrate: 42 1000000
Buffer size: 43 172001
Download Time: 1586769
Chunk bitrate: 43 1000000
Buffer size: 44 176001
Download Time: 1244473
Chunk bitrate: 44 1000000
Buffer size: 45 180001
Download Time: 3149328
Chunk bitrate: 45 600000
Buffer size: 45 184001
Chunk bitrate: 45 600000
Buffer size: 46 184001
Download Time: 2573274
Chunk bitrate: 46 600000
Buffer size: 47 188001
Download Time: 1803802
Chunk bitrate: 47 600000
Buffer size: 48 192001
Download Time: 1689198
Chunk bitrate: 48 600000
Buffer size: 49 196001
Download Time: 2648955
Chunk bitrate: 49 349952
Buffer size: 49 200001
Chunk bitrate: 49 349952
Buffer size: 50 200001
Download Time: 1583852
Chunk bitrate: 50 349952
Buffer size: 51 204001
Download Time: 1162730
Chunk bitrate: 51 600000
Buffer size: 51 208001
Chunk bitrate: 51 600000
Buffer size: 52 208001
Download Time: 1979958
Chunk bitrate: 52 600000
Buffer size: 53 212001
Download Time: 1793069
Chunk bitrate: 53 600000
Buffer size: 54 216001
Download Time: 2492829
Chunk bitrate: 54 349952
Buffer size: 54 220001
Chunk bitrate: 54 349952
Buffer size: 55 220001
Download Time: 1716598
[00007f2964003378] core mux error: cannot add this stream
[00007f296402a058] core decoder error: cannot create packetizer output (h264)
Chunk bitrate: 55 600000
Buffer size: 55 224001
Chunk bitrate: 55 600000
Buffer size: 56 224001
Download Time: 1943191
[00007f2964003378] core mux error: cannot add this stream
[00007f296407f4a8] core decoder error: cannot create packetizer output (h264)
Chunk bitrate: 56 600000
Buffer size: 57 228001
Download Time: 1427815
Chunk bitrate: 57 600000
Buffer size: 58 232001
Download Time: 618357
Chunk bitrate: 58 600000
Buffer size: 59 236001
Download Time: 3153661
Chunk bitrate: 59 349952
Buffer size: 59 240001
Chunk bitrate: 59 349952
Buffer size: 60 240001
Download Time: 1475917
[00007f2964003378] core mux error: cannot add this stream
[00007f2964071d48] core decoder error: cannot create packetizer output (h264)
Chunk bitrate: 60 349952
Buffer size: 61 244001
Download Time: 1238251
Chunk bitrate: 61 600000
Buffer size: 61 248001
Chunk bitrate: 61 600000
Buffer size: 62 248001
Download Time: 629799
[00007f2964003378] core mux error: cannot add this stream
[00007f296403ed98] core decoder error: cannot create packetizer output (h264)
Chunk bitrate: 62 600000
Buffer size: 63 252001
Download Time: 520366
Chunk bitrate: 63 600000
Buffer size: 64 256001
Download Time: 1042405
Chunk bitrate: 64 600000
Buffer size: 65 260001
[00007f2964003378] ps mux: Close
[00007f2964192c58] idummy demux: command `quit'
[00000000015551e8] [cli] lua interface error: Error loading script /home/cs244/vlc/share/lua/intf/cli.luac: lua/intf/modules/host.lua:286: Interrupted.
