[000000000091b1e8] core interface error: no suitable interface module
[0000000000852338] core libvlc error: interface "globalhotkeys,none" initialization failed
[000000000091b1e8] dbus interface error: Failed to connect to the D-Bus session daemon: Unable to autolaunch a dbus-daemon without a $DISPLAY for X11
[000000000091b1e8] core interface error: no suitable interface module
[0000000000852338] core libvlc error: interface "dbus,none" initialization failed
[0000000000852338] core libvlc: Running vlc with the default interface. Use 'cvlc' to use vlc without interface.
[000000000091b1e8] qt interface error: Could not connect to X server
[000000000091b1e8] skins2 interface error: cannot initialize OSFactory
[000000000091b1e8] [cli] lua interface: Listening on host "*console".
VLC media player 3.0.0-git Vetinari
Command Line Interface initialized. Type `help' for help.
> [00007eff54003378] ps mux: Open
making a DASHManager
new ratebased adaptionlogic
Chunk bitrate: 0 349952
Buffer size: 0 0
Chunk bitrate: 0 349952
Buffer size: 0 0
[00007eff54027608] mp4 demux: Fragment sequence discontinuity detected 0 != 2
Download Time: 440939
[00007eff54027418] mp4 demux: Fragment sequence discontinuity detected 0 != 2
Startup Time: 1050000
Chunk bitrate: 0 2000000
Buffer size: 0 4001
Chunk bitrate: 0 2000000
Buffer size: 1 4001
Download Time: 2340354
Chunk bitrate: 1 2000000
Buffer size: 2 8001
Download Time: 1780930
Chunk bitrate: 2 2000000
Buffer size: 3 12001
Download Time: 1594874
Chunk bitrate: 3 3000000
Buffer size: 3 16001
Chunk bitrate: 3 3000000
Buffer size: 4 16001
Download Time: 1942038
Chunk bitrate: 4 3000000
Buffer size: 5 20001
Download Time: 1910895
Chunk bitrate: 5 3000000
Buffer size: 6 24001
Download Time: 843305
Chunk bitrate: 6 3000000
Buffer size: 7 28001
Download Time: 831221
Chunk bitrate: 7 3000000
Buffer size: 8 32001
Download Time: 1310396
Chunk bitrate: 8 3000000
Buffer size: 9 36001
Download Time: 959866
Chunk bitrate: 9 3000000
Buffer size: 10 40001
Download Time: 1111281
Chunk bitrate: 10 3000000
Buffer size: 11 44001
Download Time: 962665
Chunk bitrate: 11 3000000
Buffer size: 12 48001
Download Time: 1329402
Chunk bitrate: 12 3000000
Buffer size: 13 52001
Download Time: 1115306
Chunk bitrate: 13 3000000
Buffer size: 14 56001
Download Time: 1644282
Chunk bitrate: 14 2000000
Buffer size: 14 60001
Chunk bitrate: 14 2000000
Buffer size: 15 60001
Download Time: 1826650
Chunk bitrate: 15 2000000
Buffer size: 16 64001
Download Time: 2113604
Chunk bitrate: 16 3000000
Buffer size: 16 68001
Chunk bitrate: 16 3000000
Buffer size: 17 68001
Download Time: 1824023
Chunk bitrate: 17 3000000
Buffer size: 18 72001
Download Time: 2274991
Chunk bitrate: 18 3000000
Buffer size: 19 76001
Download Time: 927435
Chunk bitrate: 19 3000000
Buffer size: 20 80001
Download Time: 983601
Chunk bitrate: 20 3000000
Buffer size: 21 84001
Download Time: 603133
Chunk bitrate: 21 3000000
Buffer size: 22 88001
Download Time: 892951
Chunk bitrate: 22 3000000
Buffer size: 23 92001
Download Time: 1175360
Chunk bitrate: 23 3000000
Buffer size: 24 96001
Download Time: 1937593
Chunk bitrate: 24 1000000
Buffer size: 24 100001
Chunk bitrate: 24 1000000
Buffer size: 25 100001
Download Time: 1699422
Chunk bitrate: 25 1000000
Buffer size: 26 104001
Download Time: 1674401
Chunk bitrate: 26 1000000
Buffer size: 27 108001
Download Time: 645685
Chunk bitrate: 27 2000000
Buffer size: 27 112001
Chunk bitrate: 27 2000000
Buffer size: 28 112001
Download Time: 2036812
Chunk bitrate: 28 2000000
Buffer size: 29 116001
Download Time: 2399926
Chunk bitrate: 29 3000000
Buffer size: 29 120001
Chunk bitrate: 29 3000000
Buffer size: 30 120001
Download Time: 1505471
Chunk bitrate: 30 3000000
Buffer size: 31 124001
Download Time: 1525808
Chunk bitrate: 31 3000000
Buffer size: 32 128001
Download Time: 2071632
Chunk bitrate: 32 3000000
Buffer size: 33 132001
Download Time: 1162337
Chunk bitrate: 33 3000000
Buffer size: 34 136001
Download Time: 1135945
Chunk bitrate: 34 3000000
Buffer size: 35 140001
Download Time: 1036179
Chunk bitrate: 35 3000000
Buffer size: 36 144001
Download Time: 835489
Chunk bitrate: 36 3000000
Buffer size: 37 148001
Download Time: 5140610
Chunk bitrate: 37 2000000
Buffer size: 37 152001
Chunk bitrate: 37 2000000
Buffer size: 38 152001
Download Time: 2338902
Chunk bitrate: 38 2000000
Buffer size: 39 156001
Download Time: 1951420
Chunk bitrate: 39 2000000
Buffer size: 40 160001
Download Time: 1298452
Chunk bitrate: 40 3000000
Buffer size: 40 164001
Chunk bitrate: 40 3000000
Buffer size: 41 164001
Download Time: 2344030
Chunk bitrate: 41 3000000
Buffer size: 42 168001
Download Time: 1945728
Chunk bitrate: 42 3000000
Buffer size: 43 172001
Download Time: 2399573
Chunk bitrate: 43 3000000
Buffer size: 44 176001
Download Time: 1761597
Chunk bitrate: 44 3000000
Buffer size: 45 180001
Download Time: 4482973
Chunk bitrate: 45 1000000
Buffer size: 45 184001
Chunk bitrate: 45 1000000
Buffer size: 46 184001
Download Time: 1834986
Chunk bitrate: 46 1000000
Buffer size: 47 188001
Download Time: 1887984
Chunk bitrate: 47 1000000
Buffer size: 48 192001
Download Time: 1366230
Chunk bitrate: 48 1000000
Buffer size: 49 196001
Download Time: 1294407
Chunk bitrate: 49 2000000
Buffer size: 49 200001
Chunk bitrate: 49 2000000
Buffer size: 50 200001
Download Time: 2036976
Chunk bitrate: 50 2000000
Buffer size: 51 204001
Download Time: 1657314
Chunk bitrate: 51 2000000
Buffer size: 52 208001
Download Time: 1552447
Chunk bitrate: 52 3000000
Buffer size: 52 212001
Chunk bitrate: 52 3000000
Buffer size: 53 212001
Download Time: 2143367
Chunk bitrate: 53 3000000
Buffer size: 54 216001
Download Time: 3164285
Chunk bitrate: 54 1000000
Buffer size: 54 220001
Chunk bitrate: 54 1000000
Buffer size: 55 220001
Download Time: 1459427
Chunk bitrate: 55 1000000
Buffer size: 56 224001
Download Time: 1609242
Chunk bitrate: 56 1000000
Buffer size: 57 228001
Download Time: 1206394
Chunk bitrate: 57 1000000
Buffer size: 58 232001
Download Time: 557127
Chunk bitrate: 58 1000000
Buffer size: 59 236001
Download Time: 2122210
Chunk bitrate: 59 1000000
Buffer size: 60 240001
Download Time: 1184273
Chunk bitrate: 60 2000000
Buffer size: 60 244001
Chunk bitrate: 60 2000000
Buffer size: 61 244001
Download Time: 2034220
Chunk bitrate: 61 2000000
Buffer size: 62 248001
Download Time: 660969
Chunk bitrate: 62 2000000
Buffer size: 63 252001
Download Time: 471340
Chunk bitrate: 63 2000000
Buffer size: 64 256001
Download Time: 916166
Chunk bitrate: 64 3000000
Buffer size: 64 260001
Chunk bitrate: 64 3000000
Buffer size: 65 260001
[00007eff54003378] ps mux: Close
[00007eff58001628] idummy demux: command `quit'
[000000000091b1e8] [cli] lua interface error: Error loading script /home/cs244/vlc/share/lua/intf/cli.luac: lua/intf/modules/host.lua:286: Interrupted.
