[0000000001b4e548] core interface error: no suitable interface module
[0000000001a87338] core libvlc error: interface "globalhotkeys,none" initialization failed
[0000000001b4e548] dbus interface error: Failed to connect to the D-Bus session daemon: Unable to autolaunch a dbus-daemon without a $DISPLAY for X11
[0000000001b4e548] core interface error: no suitable interface module
[0000000001a87338] core libvlc error: interface "dbus,none" initialization failed
[0000000001a87338] core libvlc: Running vlc with the default interface. Use 'cvlc' to use vlc without interface.
[0000000001b4e548] qt interface error: Could not connect to X server
[0000000001b4e548] skins2 interface error: cannot initialize OSFactory
[0000000001b4e548] [cli] lua interface: Listening on host "*console".
VLC media player 3.0.0-git Vetinari
Command Line Interface initialized. Type `help' for help.
> [00007f4008003378] ps mux: Open
making a DASHManager
new ratebased adaptionlogic
Chunk bitrate: 0 349952
Buffer size: 0 0
Chunk bitrate: 0 349952
Buffer size: 0 0
[00007f40080215c8] mp4 demux: Fragment sequence discontinuity detected 0 != 2
Download Time: 441037
[00007f4008024388] mp4 demux: Fragment sequence discontinuity detected 0 != 2
Startup Time: 1050000
Chunk bitrate: 0 2000000
Buffer size: 0 4001
Chunk bitrate: 0 2000000
Buffer size: 1 4001
Download Time: 2340261
Chunk bitrate: 1 2000000
Buffer size: 2 8001
Download Time: 1777399
Chunk bitrate: 2 3000000
Buffer size: 2 12001
Chunk bitrate: 2 3000000
Buffer size: 3 12001
Download Time: 2334027
Chunk bitrate: 3 3000000
Buffer size: 4 16001
Download Time: 1942338
Chunk bitrate: 4 3000000
Buffer size: 5 20001
Download Time: 6243635
Chunk bitrate: 5 1000000
Buffer size: 5 24001
Chunk bitrate: 5 1000000
Buffer size: 6 24001
Download Time: 1379309
Chunk bitrate: 6 1000000
Buffer size: 7 28001
Download Time: 1500221
Chunk bitrate: 7 1000000
Buffer size: 8 32001
Download Time: 1646309
Chunk bitrate: 8 2000000
Buffer size: 8 36001
Chunk bitrate: 8 2000000
Buffer size: 9 36001
Download Time: 1941449
Chunk bitrate: 9 2000000
Buffer size: 10 40001
Download Time: 2076403
Chunk bitrate: 10 2000000
Buffer size: 11 44001
Download Time: 1354984
Chunk bitrate: 11 3000000
Buffer size: 11 48001
Chunk bitrate: 11 3000000
Buffer size: 12 48001
Download Time: 2657018
Chunk bitrate: 12 3000000
Buffer size: 13 52001
Download Time: 5334859
Chunk bitrate: 13 1000000
Buffer size: 13 56001
Chunk bitrate: 13 1000000
Buffer size: 14 56001
Download Time: 1255053
Chunk bitrate: 14 2000000
Buffer size: 14 60001
Chunk bitrate: 14 2000000
Buffer size: 15 60001
Download Time: 1827341
Chunk bitrate: 15 2000000
Buffer size: 16 64001
Download Time: 2195679
Chunk bitrate: 16 3000000
Buffer size: 16 68001
Chunk bitrate: 16 3000000
Buffer size: 17 68001
Download Time: 1824311
Chunk bitrate: 17 3000000
Buffer size: 18 72001
Download Time: 2276259
Chunk bitrate: 18 3000000
Buffer size: 19 76001
Download Time: 1004718
Chunk bitrate: 19 3000000
Buffer size: 20 80001
Download Time: 984443
Chunk bitrate: 20 3000000
Buffer size: 21 84001
Download Time: 602872
Chunk bitrate: 21 3000000
Buffer size: 22 88001
Download Time: 891338
Chunk bitrate: 22 3000000
Buffer size: 23 92001
Download Time: 1174021
Chunk bitrate: 23 3000000
Buffer size: 24 96001
Download Time: 1648480
Chunk bitrate: 24 1000000
Buffer size: 24 100001
Chunk bitrate: 24 1000000
Buffer size: 25 100001
Download Time: 1699817
Chunk bitrate: 25 1000000
Buffer size: 26 104001
Download Time: 1675030
Chunk bitrate: 26 1000000
Buffer size: 27 108001
Download Time: 792089
Chunk bitrate: 27 2000000
Buffer size: 27 112001
Chunk bitrate: 27 2000000
Buffer size: 28 112001
Download Time: 2036350
Chunk bitrate: 28 2000000
Buffer size: 29 116001
Download Time: 2464370
Chunk bitrate: 29 3000000
Buffer size: 29 120001
Chunk bitrate: 29 3000000
Buffer size: 30 120001
Download Time: 1506146
Chunk bitrate: 30 3000000
Buffer size: 31 124001
Download Time: 1525902
Chunk bitrate: 31 3000000
Buffer size: 32 128001
Download Time: 2147200
Chunk bitrate: 32 3000000
Buffer size: 33 132001
Download Time: 1161969
Chunk bitrate: 33 3000000
Buffer size: 34 136001
Download Time: 1135203
Chunk bitrate: 34 3000000
Buffer size: 35 140001
Download Time: 1037228
Chunk bitrate: 35 3000000
Buffer size: 36 144001
Download Time: 834970
Chunk bitrate: 36 3000000
Buffer size: 37 148001
Download Time: 4836976
Chunk bitrate: 37 1000000
Buffer size: 37 152001
Chunk bitrate: 37 1000000
Buffer size: 38 152001
Download Time: 1271426
Chunk bitrate: 38 2000000
Buffer size: 38 156001
Chunk bitrate: 38 2000000
Buffer size: 39 156001
Download Time: 1953264
Chunk bitrate: 39 2000000
Buffer size: 40 160001
Download Time: 1681028
Chunk bitrate: 40 2000000
Buffer size: 41 164001
Download Time: 1689280
Chunk bitrate: 41 3000000
Buffer size: 41 168001
Chunk bitrate: 41 3000000
Buffer size: 42 168001
Download Time: 1945703
Chunk bitrate: 42 3000000
Buffer size: 43 172001
Download Time: 1908869
Chunk bitrate: 43 3000000
Buffer size: 44 176001
Download Time: 882409
Chunk bitrate: 44 3000000
Buffer size: 45 180001
Download Time: 1052037
Chunk bitrate: 45 3000000
Buffer size: 46 184001
Download Time: 1121290
Chunk bitrate: 46 3000000
Buffer size: 47 188001
Download Time: 1049136
Chunk bitrate: 47 3000000
Buffer size: 48 192001
Download Time: 3388205
Chunk bitrate: 48 1000000
Buffer size: 48 196001
Chunk bitrate: 48 1000000
Buffer size: 49 196001
Download Time: 1814191
Chunk bitrate: 49 2000000
Buffer size: 49 200001
Chunk bitrate: 49 2000000
Buffer size: 50 200001
Download Time: 2036986
[00007f4008003378] core mux error: cannot add this stream
[00007f4008119b88] core decoder error: cannot create packetizer output (h264)
Chunk bitrate: 50 2000000
Buffer size: 51 204001
Download Time: 1659505
Chunk bitrate: 51 2000000
Buffer size: 52 208001
Download Time: 1812125
Chunk bitrate: 52 3000000
Buffer size: 52 212001
Chunk bitrate: 52 3000000
Buffer size: 53 212001
Download Time: 2143238
[00007f4008003378] core mux error: cannot add this stream
[00007f400817f188] core decoder error: cannot create packetizer output (h264)
Chunk bitrate: 53 3000000
Buffer size: 54 216001
Download Time: 2084404
Chunk bitrate: 54 3000000
Buffer size: 55 220001
Download Time: 1024627
Chunk bitrate: 55 3000000
Buffer size: 56 224001
Download Time: 1122740
Chunk bitrate: 56 3000000
Buffer size: 57 228001
Download Time: 774256
Chunk bitrate: 57 3000000
Buffer size: 58 232001
Download Time: 327066
Chunk bitrate: 58 3000000
Buffer size: 59 236001
Download Time: 1199358
Chunk bitrate: 59 3000000
Buffer size: 60 240001
Download Time: 3819401
Chunk bitrate: 60 1000000
Buffer size: 60 244001
Chunk bitrate: 60 1000000
Buffer size: 61 244001
Download Time: 1585155
[00007f4008003378] core mux error: cannot add this stream
[00007f40080fad28] core decoder error: cannot create packetizer output (h264)
Chunk bitrate: 61 1000000
Buffer size: 62 248001
Download Time: 483978
Chunk bitrate: 62 1000000
Buffer size: 63 252001
Download Time: 362462
Chunk bitrate: 63 1000000
Buffer size: 64 256001
Download Time: 666301
Chunk bitrate: 64 1000000
Buffer size: 65 260001
[00007f4008003378] ps mux: Close
[00007f40040015c8] idummy demux: command `quit'
[0000000001b4e548] [cli] lua interface error: Error loading script /home/cs244/vlc/share/lua/intf/cli.luac: lua/intf/modules/host.lua:286: Interrupted.
