[00000000016681e8] core interface error: no suitable interface module
[000000000159f338] core libvlc error: interface "globalhotkeys,none" initialization failed
[00000000016681e8] dbus interface error: Failed to connect to the D-Bus session daemon: Unable to autolaunch a dbus-daemon without a $DISPLAY for X11
[00000000016681e8] core interface error: no suitable interface module
[000000000159f338] core libvlc error: interface "dbus,none" initialization failed
[000000000159f338] core libvlc: Running vlc with the default interface. Use 'cvlc' to use vlc without interface.
[00000000016681e8] qt interface error: Could not connect to X server
[00000000016681e8] skins2 interface error: cannot initialize OSFactory
[00007ff660003378] ps mux: Open
[00000000016681e8] [cli] lua interface: Listening on host "*console".
VLC media player 3.0.0-git Vetinari
Command Line Interface initialized. Type `help' for help.
> making a DASHManager
new ratebased adaptionlogic
Chunk bitrate: 0 349952
Buffer size: 0 0
Chunk bitrate: 0 349952
Buffer size: 0 0
[00007ff660024848] mp4 demux: Fragment sequence discontinuity detected 0 != 2
Download Time: 147834
[00007ff660017278] mp4 demux: Fragment sequence discontinuity detected 0 != 2
Startup Time: 1050000
Chunk bitrate: 0 3000000
Buffer size: 0 4001
Chunk bitrate: 0 3000000
Buffer size: 1 4001
Download Time: 1136931
Chunk bitrate: 1 3000000
Buffer size: 2 8001
Download Time: 952671
Chunk bitrate: 2 3000000
Buffer size: 3 12001
Download Time: 1169048
Chunk bitrate: 3 3000000
Buffer size: 4 16001
Download Time: 973593
Chunk bitrate: 4 3000000
Buffer size: 5 20001
Download Time: 2178870
Chunk bitrate: 5 3000000
Buffer size: 6 24001
Download Time: 1682941
Chunk bitrate: 6 3000000
Buffer size: 7 28001
Download Time: 1652952
Chunk bitrate: 7 3000000
Buffer size: 8 32001
Download Time: 2617306
Chunk bitrate: 8 3000000
Buffer size: 9 36001
Download Time: 1916213
Chunk bitrate: 9 3000000
Buffer size: 10 40001
Download Time: 1106649
Chunk bitrate: 10 3000000
Buffer size: 11 44001
Download Time: 962177
Chunk bitrate: 11 3000000
Buffer size: 12 48001
Download Time: 1331905
Chunk bitrate: 12 3000000
Buffer size: 13 52001
Download Time: 1115389
Chunk bitrate: 13 3000000
Buffer size: 14 56001
Download Time: 942217
Chunk bitrate: 14 3000000
Buffer size: 15 60001
Download Time: 889142
Chunk bitrate: 15 3000000
Buffer size: 16 64001
Download Time: 1096966
Chunk bitrate: 16 3000000
Buffer size: 17 68001
Download Time: 913872
Chunk bitrate: 17 3000000
Buffer size: 18 72001
Download Time: 1141354
Chunk bitrate: 18 3000000
Buffer size: 19 76001
Download Time: 1089130
Chunk bitrate: 19 3000000
Buffer size: 20 80001
Download Time: 1963657
Chunk bitrate: 20 3000000
Buffer size: 21 84001
Download Time: 1201974
Chunk bitrate: 21 3000000
Buffer size: 22 88001
Download Time: 1284744
Chunk bitrate: 22 3000000
Buffer size: 23 92001
Download Time: 1174167
Chunk bitrate: 23 3000000
Buffer size: 24 96001
Download Time: 1045493
Chunk bitrate: 24 3000000
Buffer size: 25 100001
Download Time: 1030403
Chunk bitrate: 25 3000000
Buffer size: 26 104001
Download Time: 975695
Chunk bitrate: 26 3000000
Buffer size: 27 108001
Download Time: 621941
Chunk bitrate: 27 3000000
Buffer size: 28 112001
Download Time: 973822
Chunk bitrate: 28 3000000
Buffer size: 29 116001
Download Time: 1210206
Chunk bitrate: 29 3000000
Buffer size: 30 120001
Download Time: 754983
Chunk bitrate: 30 3000000
Buffer size: 31 124001
Download Time: 765643
Chunk bitrate: 31 3000000
Buffer size: 32 128001
Download Time: 1851005
Chunk bitrate: 32 3000000
Buffer size: 33 132001
Download Time: 2324529
Chunk bitrate: 33 3000000
Buffer size: 34 136001
Download Time: 2270332
Chunk bitrate: 34 3000000
Buffer size: 35 140001
Download Time: 2072445
Chunk bitrate: 35 3000000
Buffer size: 36 144001
Download Time: 1668957
Chunk bitrate: 36 3000000
Buffer size: 37 148001
Download Time: 1324254
Chunk bitrate: 37 3000000
Buffer size: 38 152001
Download Time: 1173332
Chunk bitrate: 38 3000000
Buffer size: 39 156001
Download Time: 1014316
Chunk bitrate: 39 3000000
Buffer size: 40 160001
Download Time: 897734
Chunk bitrate: 40 3000000
Buffer size: 41 164001
Download Time: 1754932
Chunk bitrate: 41 3000000
Buffer size: 42 168001
Download Time: 1944330
Chunk bitrate: 42 3000000
Buffer size: 43 172001
Download Time: 2094118
Chunk bitrate: 43 3000000
Buffer size: 44 176001
Download Time: 882981
Chunk bitrate: 44 3000000
Buffer size: 45 180001
Download Time: 1052661
Chunk bitrate: 45 3000000
Buffer size: 46 184001
Download Time: 1121075
Chunk bitrate: 46 3000000
Buffer size: 47 188001
Download Time: 1047083
Chunk bitrate: 47 3000000
Buffer size: 48 192001
Download Time: 3097340
Chunk bitrate: 48 1000000
Buffer size: 48 196001
Chunk bitrate: 48 1000000
Buffer size: 49 196001
Download Time: 2210176
Chunk bitrate: 49 2000000
Buffer size: 49 200001
Chunk bitrate: 49 2000000
Buffer size: 50 200001
Download Time: 2037112
Chunk bitrate: 50 2000000
Buffer size: 51 204001
Download Time: 1657615
Chunk bitrate: 51 2000000
Buffer size: 52 208001
Download Time: 1828866
Chunk bitrate: 52 3000000
Buffer size: 52 212001
Chunk bitrate: 52 3000000
Buffer size: 53 212001
Download Time: 2144054
Chunk bitrate: 53 3000000
Buffer size: 54 216001
Download Time: 2098139
Chunk bitrate: 54 3000000
Buffer size: 55 220001
Download Time: 1024360
Chunk bitrate: 55 3000000
Buffer size: 56 224001
Download Time: 1122431
Chunk bitrate: 56 3000000
Buffer size: 57 228001
Download Time: 775141
Chunk bitrate: 57 3000000
Buffer size: 58 232001
Download Time: 327291
Chunk bitrate: 58 3000000
Buffer size: 59 236001
Download Time: 1198579
Chunk bitrate: 59 3000000
Buffer size: 60 240001
Download Time: 4546105
Chunk bitrate: 60 1000000
Buffer size: 60 244001
Chunk bitrate: 60 1000000
Buffer size: 61 244001
Download Time: 1238602
Chunk bitrate: 61 2000000
Buffer size: 61 248001
Chunk bitrate: 61 2000000
Buffer size: 62 248001
Download Time: 663170
Chunk bitrate: 62 2000000
Buffer size: 63 252001
Download Time: 470144
Chunk bitrate: 63 2000000
Buffer size: 64 256001
Download Time: 935759
Chunk bitrate: 64 2000000
Buffer size: 65 260001
[00007ff660003378] ps mux: Close
[00007ff6600ab368] idummy demux: command `quit'
[00000000016681e8] [cli] lua interface error: Error loading script /home/cs244/vlc/share/lua/intf/cli.luac: lua/intf/modules/host.lua:286: Interrupted.
