[00000000019871e8] core interface error: no suitable interface module
[00000000018be338] core libvlc error: interface "globalhotkeys,none" initialization failed
[00000000019871e8] dbus interface error: Failed to connect to the D-Bus session daemon: Unable to autolaunch a dbus-daemon without a $DISPLAY for X11
[00000000019871e8] core interface error: no suitable interface module
[00000000018be338] core libvlc error: interface "dbus,none" initialization failed
[00000000018be338] core libvlc: Running vlc with the default interface. Use 'cvlc' to use vlc without interface.
[00000000019871e8] qt interface error: Could not connect to X server
[00000000019871e8] skins2 interface error: cannot initialize OSFactory
[00000000019871e8] [cli] lua interface: Listening on host "*console".
VLC media player 3.0.0-git Vetinari
Command Line Interface initialized. Type `help' for help.
> [00007f1f60003378] ps mux: Open
making a DASHManager
new ratebased adaptionlogic
Chunk bitrate: 0 349952
Buffer size: 0 0
Chunk bitrate: 0 349952
Buffer size: 0 0
[00007f1f600237c8] mp4 demux: Fragment sequence discontinuity detected 0 != 2
Download Time: 587474
[00007f1f60019ea8] mp4 demux: Fragment sequence discontinuity detected 0 != 2
Startup Time: 1050000
Chunk bitrate: 0 1000000
Buffer size: 0 4001
Chunk bitrate: 0 1000000
Buffer size: 1 4001
Download Time: 1612419
Chunk bitrate: 1 1000000
Buffer size: 2 8001
Download Time: 1170296
Chunk bitrate: 2 1000000
Buffer size: 3 12001
Download Time: 1440414
Chunk bitrate: 3 2000000
Buffer size: 3 16001
Chunk bitrate: 3 2000000
Buffer size: 4 16001
Download Time: 1880821
Chunk bitrate: 4 2000000
Buffer size: 5 20001
Download Time: 2574236
Chunk bitrate: 5 2000000
Buffer size: 6 24001
Download Time: 1063649
Chunk bitrate: 6 3000000
Buffer size: 6 28001
Chunk bitrate: 6 3000000
Buffer size: 7 28001
Download Time: 1653709
Chunk bitrate: 7 3000000
Buffer size: 8 32001
Download Time: 2380079
Chunk bitrate: 8 3000000
Buffer size: 9 36001
Download Time: 960083
Chunk bitrate: 9 3000000
Buffer size: 10 40001
Download Time: 1105358
Chunk bitrate: 10 3000000
Buffer size: 11 44001
Download Time: 964045
Chunk bitrate: 11 3000000
Buffer size: 12 48001
Download Time: 1331950
Chunk bitrate: 12 3000000
Buffer size: 13 52001
Download Time: 3736389
Chunk bitrate: 13 1000000
Buffer size: 13 56001
Chunk bitrate: 13 1000000
Buffer size: 14 56001
Download Time: 1331969
Chunk bitrate: 14 1000000
Buffer size: 15 60001
Download Time: 1165056
Chunk bitrate: 15 1000000
Buffer size: 16 64001
Download Time: 1540664
Chunk bitrate: 16 1000000
Buffer size: 17 68001
Download Time: 1292014
Chunk bitrate: 17 1000000
Buffer size: 18 72001
Download Time: 1319548
Chunk bitrate: 18 2000000
Buffer size: 18 76001
Chunk bitrate: 18 2000000
Buffer size: 19 76001
Download Time: 1380077
Chunk bitrate: 19 2000000
Buffer size: 20 80001
Download Time: 2147564
Chunk bitrate: 20 2000000
Buffer size: 21 84001
Download Time: 1558128
Chunk bitrate: 21 1000000
Buffer size: 21 88001
Chunk bitrate: 21 1000000
Buffer size: 22 88001
Download Time: 1320666
Chunk bitrate: 22 1000000
Buffer size: 23 92001
Download Time: 1666008
Chunk bitrate: 23 1000000
Buffer size: 24 96001
Download Time: 1347687
Chunk bitrate: 24 2000000
Buffer size: 24 100001
Chunk bitrate: 24 2000000
Buffer size: 25 100001
Download Time: 2069563
Chunk bitrate: 25 2000000
Buffer size: 26 104001
Download Time: 1928788
Chunk bitrate: 26 2000000
Buffer size: 27 108001
Download Time: 502092
Chunk bitrate: 27 3000000
Buffer size: 27 112001
Chunk bitrate: 27 3000000
Buffer size: 28 112001
Download Time: 974106
Chunk bitrate: 28 3000000
Buffer size: 29 116001
Download Time: 1210065
Chunk bitrate: 29 3000000
Buffer size: 30 120001
Download Time: 755051
Chunk bitrate: 30 3000000
Buffer size: 31 124001
Download Time: 765350
Chunk bitrate: 31 3000000
Buffer size: 32 128001
Download Time: 2775707
Chunk bitrate: 32 1000000
Buffer size: 32 132001
Chunk bitrate: 32 1000000
Buffer size: 33 132001
Download Time: 1460207
Chunk bitrate: 33 1000000
Buffer size: 34 136001
Download Time: 1516795
Chunk bitrate: 34 2000000
Buffer size: 34 140001
Chunk bitrate: 34 2000000
Buffer size: 35 140001
Download Time: 2246766
Chunk bitrate: 35 2000000
Buffer size: 36 144001
Download Time: 1641965
Chunk bitrate: 36 2000000
Buffer size: 37 148001
Download Time: 1826852
Chunk bitrate: 37 3000000
Buffer size: 37 152001
Chunk bitrate: 37 3000000
Buffer size: 38 152001
Download Time: 2342375
Chunk bitrate: 38 3000000
Buffer size: 39 156001
Download Time: 2023637
Chunk bitrate: 39 3000000
Buffer size: 40 160001
Download Time: 1733651
Chunk bitrate: 40 3000000
Buffer size: 41 164001
Download Time: 2342388
Chunk bitrate: 41 3000000
Buffer size: 42 168001
Download Time: 1946910
Chunk bitrate: 42 3000000
Buffer size: 43 172001
Download Time: 2398855
Chunk bitrate: 43 3000000
Buffer size: 44 176001
Download Time: 3468662
Chunk bitrate: 44 1000000
Buffer size: 44 180001
Chunk bitrate: 44 1000000
Buffer size: 45 180001
Download Time: 1770297
Chunk bitrate: 45 1000000
Buffer size: 46 184001
Download Time: 1146732
Chunk bitrate: 46 2000000
Buffer size: 46 188001
Chunk bitrate: 46 2000000
Buffer size: 47 188001
Download Time: 1940312
Chunk bitrate: 47 2000000
Buffer size: 48 192001
Download Time: 1780112
Chunk bitrate: 48 2000000
Buffer size: 49 196001
Download Time: 1638774
Chunk bitrate: 49 3000000
Buffer size: 49 200001
Chunk bitrate: 49 3000000
Buffer size: 50 200001
Download Time: 1874486
Chunk bitrate: 50 3000000
Buffer size: 51 204001
Download Time: 1802103
Chunk bitrate: 51 1000000
Buffer size: 51 208001
Chunk bitrate: 51 1000000
Buffer size: 52 208001
Download Time: 1799535
Chunk bitrate: 52 1000000
Buffer size: 53 212001
Download Time: 1614822
Chunk bitrate: 53 1000000
Buffer size: 54 216001
Download Time: 2000906
Chunk bitrate: 54 1000000
Buffer size: 55 220001
Download Time: 1821685
Chunk bitrate: 55 1000000
Buffer size: 56 224001
Download Time: 1875565
Chunk bitrate: 56 2000000
Buffer size: 56 228001
Chunk bitrate: 56 2000000
Buffer size: 57 228001
Download Time: 1382198
[00007f1f60003378] core mux error: cannot add this stream
[00007f1f601d2f08] core decoder error: cannot create packetizer output (h264)
Chunk bitrate: 57 2000000
Buffer size: 58 232001
Download Time: 626283
Chunk bitrate: 58 2000000
Buffer size: 59 236001
Download Time: 2474538
Chunk bitrate: 59 2000000
Buffer size: 60 240001
Download Time: 1270468
Chunk bitrate: 60 3000000
Buffer size: 60 244001
Chunk bitrate: 60 3000000
Buffer size: 61 244001
Download Time: 1903373
[00007f1f60003378] core mux error: cannot add this stream
[00007f1f600f1428] core decoder error: cannot create packetizer output (h264)
Chunk bitrate: 61 3000000
Buffer size: 62 248001
Download Time: 642633
Chunk bitrate: 62 3000000
Buffer size: 63 252001
Download Time: 450857
Chunk bitrate: 63 3000000
Buffer size: 64 256001
Download Time: 931255
Chunk bitrate: 64 2000000
Buffer size: 64 260001
Chunk bitrate: 64 2000000
Buffer size: 65 260001
[00007f1f60003378] ps mux: Close
[00007f1f68001678] idummy demux: command `quit'
[00000000019871e8] [cli] lua interface error: Error loading script /home/cs244/vlc/share/lua/intf/cli.luac: lua/intf/modules/host.lua:286: Interrupted.
