[00000000017861e8] core interface error: no suitable interface module
[00000000016bd338] core libvlc error: interface "globalhotkeys,none" initialization failed
[00000000017861e8] dbus interface error: Failed to connect to the D-Bus session daemon: Unable to autolaunch a dbus-daemon without a $DISPLAY for X11
[00000000017861e8] core interface error: no suitable interface module
[00000000016bd338] core libvlc error: interface "dbus,none" initialization failed
[00000000016bd338] core libvlc: Running vlc with the default interface. Use 'cvlc' to use vlc without interface.
[00000000017861e8] qt interface error: Could not connect to X server
[00000000017861e8] skins2 interface error: cannot initialize OSFactory
[00007f1c88003378] ps mux: Open
[00000000017861e8] [cli] lua interface: Listening on host "*console".
VLC media player 3.0.0-git Vetinari
Command Line Interface initialized. Type `help' for help.
> making a DASHManager
new ratebased adaptionlogic
Chunk bitrate: 0 349952
Buffer size: 0 0
Chunk bitrate: 0 349952
Buffer size: 0 0
[00007f1c880249a8] mp4 demux: Fragment sequence discontinuity detected 0 != 2
Download Time: 293348
[00007f1c8801a1f8] mp4 demux: Fragment sequence discontinuity detected 0 != 2
Startup Time: 1050000
Chunk bitrate: 0 3000000
Buffer size: 0 4001
Chunk bitrate: 0 3000000
Buffer size: 1 4001
Download Time: 2269654
Chunk bitrate: 1 3000000
Buffer size: 2 8001
Download Time: 1901428
Chunk bitrate: 2 3000000
Buffer size: 3 12001
Download Time: 2335695
Chunk bitrate: 3 3000000
Buffer size: 4 16001
Download Time: 1943721
Chunk bitrate: 4 3000000
Buffer size: 5 20001
Download Time: 4138110
Chunk bitrate: 5 1000000
Buffer size: 5 24001
Chunk bitrate: 5 1000000
Buffer size: 6 24001
Download Time: 1104381
Chunk bitrate: 6 1000000
Buffer size: 7 28001
Download Time: 995168
Chunk bitrate: 7 2000000
Buffer size: 7 32001
Chunk bitrate: 7 2000000
Buffer size: 8 32001
Download Time: 2658435
Chunk bitrate: 8 2000000
Buffer size: 9 36001
Download Time: 1814674
Chunk bitrate: 9 3000000
Buffer size: 9 40001
Chunk bitrate: 9 3000000
Buffer size: 10 40001
Download Time: 2207740
Chunk bitrate: 10 3000000
Buffer size: 11 44001
Download Time: 1919738
Chunk bitrate: 11 3000000
Buffer size: 12 48001
Download Time: 2656660
Chunk bitrate: 12 3000000
Buffer size: 13 52001
Download Time: 2226186
Chunk bitrate: 13 3000000
Buffer size: 14 56001
Download Time: 3296546
Chunk bitrate: 14 1000000
Buffer size: 14 60001
Chunk bitrate: 14 1000000
Buffer size: 15 60001
Download Time: 1167882
Chunk bitrate: 15 1000000
Buffer size: 16 64001
Download Time: 977644
Chunk bitrate: 16 3000000
Buffer size: 16 68001
Chunk bitrate: 16 3000000
Buffer size: 17 68001
Download Time: 913763
Chunk bitrate: 17 3000000
Buffer size: 18 72001
Download Time: 1139414
Chunk bitrate: 18 3000000
Buffer size: 19 76001
Download Time: 646844
Chunk bitrate: 19 3000000
Buffer size: 20 80001
Download Time: 984194
Chunk bitrate: 20 3000000
Buffer size: 21 84001
Download Time: 602693
Chunk bitrate: 21 3000000
Buffer size: 22 88001
Download Time: 2584452
Chunk bitrate: 22 1000000
Buffer size: 22 92001
Chunk bitrate: 22 1000000
Buffer size: 23 92001
Download Time: 1663990
Chunk bitrate: 23 1000000
Buffer size: 24 96001
Download Time: 1386541
Chunk bitrate: 24 2000000
Buffer size: 24 100001
Chunk bitrate: 24 2000000
Buffer size: 25 100001
Download Time: 2067148
Chunk bitrate: 25 2000000
Buffer size: 26 104001
Download Time: 1926739
Chunk bitrate: 26 2000000
Buffer size: 27 108001
Download Time: 951054
Chunk bitrate: 27 3000000
Buffer size: 27 112001
Chunk bitrate: 27 3000000
Buffer size: 28 112001
Download Time: 1944139
Chunk bitrate: 28 3000000
Buffer size: 29 116001
Download Time: 2335193
Chunk bitrate: 29 3000000
Buffer size: 30 120001
Download Time: 754801
Chunk bitrate: 30 3000000
Buffer size: 31 124001
Download Time: 765189
Chunk bitrate: 31 3000000
Buffer size: 32 128001
Download Time: 1242435
Chunk bitrate: 32 3000000
Buffer size: 33 132001
Download Time: 1162601
Chunk bitrate: 33 3000000
Buffer size: 34 136001
Download Time: 1751353
Chunk bitrate: 34 2000000
Buffer size: 34 140001
Chunk bitrate: 34 2000000
Buffer size: 35 140001
Download Time: 2247179
Chunk bitrate: 35 2000000
Buffer size: 36 144001
Download Time: 1644932
Chunk bitrate: 36 2000000
Buffer size: 37 148001
Download Time: 2425687
Chunk bitrate: 37 2000000
Buffer size: 38 152001
Download Time: 2338662
Chunk bitrate: 38 2000000
Buffer size: 39 156001
Download Time: 1313784
Chunk bitrate: 39 3000000
Buffer size: 39 160001
Chunk bitrate: 39 3000000
Buffer size: 40 160001
Download Time: 1734467
Chunk bitrate: 40 3000000
Buffer size: 41 164001
Download Time: 2108970
Chunk bitrate: 41 3000000
Buffer size: 42 168001
Download Time: 973689
Chunk bitrate: 42 3000000
Buffer size: 43 172001
Download Time: 1202528
Chunk bitrate: 43 3000000
Buffer size: 44 176001
Download Time: 882862
Chunk bitrate: 44 3000000
Buffer size: 45 180001
Download Time: 1051955
Chunk bitrate: 45 3000000
Buffer size: 46 184001
Download Time: 2384253
Chunk bitrate: 46 2000000
Buffer size: 46 188001
Chunk bitrate: 46 2000000
Buffer size: 47 188001
Download Time: 1937146
Chunk bitrate: 47 2000000
Buffer size: 48 192001
Download Time: 1779842
Chunk bitrate: 48 2000000
Buffer size: 49 196001
Download Time: 2456155
Chunk bitrate: 49 2000000
Buffer size: 50 200001
Download Time: 1897400
Chunk bitrate: 50 3000000
Buffer size: 50 204001
Chunk bitrate: 50 3000000
Buffer size: 51 204001
Download Time: 1547992
Chunk bitrate: 51 3000000
Buffer size: 52 208001
Download Time: 2271279
Chunk bitrate: 52 3000000
Buffer size: 53 212001
Download Time: 1438959
Chunk bitrate: 53 3000000
Buffer size: 54 216001
Download Time: 1135480
Chunk bitrate: 54 3000000
Buffer size: 55 220001
Download Time: 1029931
Chunk bitrate: 55 3000000
Buffer size: 56 224001
Download Time: 1122478
Chunk bitrate: 56 3000000
Buffer size: 57 228001
Download Time: 775011
Chunk bitrate: 57 3000000
Buffer size: 58 232001
Download Time: 856094
Chunk bitrate: 58 2000000
Buffer size: 58 236001
Chunk bitrate: 58 2000000
Buffer size: 59 236001
Download Time: 2471190
Chunk bitrate: 59 2000000
Buffer size: 60 240001
Download Time: 1892052
Chunk bitrate: 60 2000000
Buffer size: 61 244001
Download Time: 2032380
Chunk bitrate: 61 2000000
Buffer size: 62 248001
Download Time: 661392
Chunk bitrate: 62 2000000
Buffer size: 63 252001
Download Time: 467746
Chunk bitrate: 63 2000000
Buffer size: 64 256001
Download Time: 934926
Chunk bitrate: 64 2000000
Buffer size: 65 260001
[00007f1c88003378] ps mux: Close
[00007f1c80000e98] idummy demux: command `quit'
[00000000017861e8] [cli] lua interface error: Error loading script /home/cs244/vlc/share/lua/intf/cli.luac: lua/intf/modules/host.lua:286: Interrupted.
