[0000000000c0d1e8] core interface error: no suitable interface module
[0000000000b44338] core libvlc error: interface "globalhotkeys,none" initialization failed
[0000000000c0d1e8] dbus interface error: Failed to connect to the D-Bus session daemon: Unable to autolaunch a dbus-daemon without a $DISPLAY for X11
[0000000000c0d1e8] core interface error: no suitable interface module
[0000000000b44338] core libvlc error: interface "dbus,none" initialization failed
[0000000000b44338] core libvlc: Running vlc with the default interface. Use 'cvlc' to use vlc without interface.
[0000000000c0d1e8] qt interface error: Could not connect to X server
[0000000000c0d1e8] skins2 interface error: cannot initialize OSFactory
[00007f6164003378] ps mux: Open
[0000000000c0d1e8] [cli] lua interface: Listening on host "*console".
VLC media player 3.0.0-git Vetinari
Command Line Interface initialized. Type `help' for help.
> making a DASHManager
new ratebased adaptionlogic
Chunk bitrate: 0 349952
Buffer size: 0 0
Chunk bitrate: 0 349952
Buffer size: 0 0
[00007f616401a908] mp4 demux: Fragment sequence discontinuity detected 0 != 2
Download Time: 294185
[00007f616401a118] mp4 demux: Fragment sequence discontinuity detected 0 != 2
Startup Time: 1050000
Chunk bitrate: 0 3000000
Buffer size: 0 4001
Chunk bitrate: 0 3000000
Buffer size: 1 4001
Download Time: 2269798
Chunk bitrate: 1 3000000
Buffer size: 2 8001
Download Time: 1908625
Chunk bitrate: 2 2000000
Buffer size: 2 12001
Chunk bitrate: 2 2000000
Buffer size: 3 12001
Download Time: 3270145
Chunk bitrate: 3 1000000
Buffer size: 3 16001
Chunk bitrate: 3 1000000
Buffer size: 4 16001
Download Time: 1312203
Chunk bitrate: 4 1000000
Buffer size: 5 20001
Download Time: 1419141
Chunk bitrate: 5 2000000
Buffer size: 5 24001
Chunk bitrate: 5 2000000
Buffer size: 6 24001
Download Time: 1598012
Chunk bitrate: 6 2000000
Buffer size: 7 28001
Download Time: 1755328
Chunk bitrate: 7 2000000
Buffer size: 8 32001
Download Time: 1846017
Chunk bitrate: 8 3000000
Buffer size: 8 36001
Chunk bitrate: 8 3000000
Buffer size: 9 36001
Download Time: 1918742
Chunk bitrate: 9 3000000
Buffer size: 10 40001
Download Time: 1766625
Chunk bitrate: 10 3000000
Buffer size: 11 44001
Download Time: 963087
Chunk bitrate: 11 3000000
Buffer size: 12 48001
Download Time: 1331489
Chunk bitrate: 12 3000000
Buffer size: 13 52001
Download Time: 1115910
Chunk bitrate: 13 3000000
Buffer size: 14 56001
Download Time: 1127493
Chunk bitrate: 14 2000000
Buffer size: 14 60001
Chunk bitrate: 14 2000000
Buffer size: 15 60001
Download Time: 2435704
Chunk bitrate: 15 1000000
Buffer size: 15 64001
Chunk bitrate: 15 1000000
Buffer size: 16 64001
Download Time: 1640223
Chunk bitrate: 16 1000000
Buffer size: 17 68001
Download Time: 1082735
Chunk bitrate: 17 2000000
Buffer size: 17 72001
Chunk bitrate: 17 2000000
Buffer size: 18 72001
Download Time: 2079418
Chunk bitrate: 18 2000000
Buffer size: 19 76001
Download Time: 1379309
Chunk bitrate: 19 2000000
Buffer size: 20 80001
Download Time: 1656375
Chunk bitrate: 20 3000000
Buffer size: 20 84001
Chunk bitrate: 20 3000000
Buffer size: 21 84001
Download Time: 1201520
Chunk bitrate: 21 3000000
Buffer size: 22 88001
Download Time: 1780265
Chunk bitrate: 22 3000000
Buffer size: 23 92001
Download Time: 3841552
Chunk bitrate: 23 1000000
Buffer size: 23 96001
Chunk bitrate: 23 1000000
Buffer size: 24 96001
Download Time: 1563805
Chunk bitrate: 24 1000000
Buffer size: 25 100001
Download Time: 1074671
Chunk bitrate: 25 2000000
Buffer size: 25 104001
Chunk bitrate: 25 2000000
Buffer size: 26 104001
Download Time: 1931883
Chunk bitrate: 26 2000000
Buffer size: 27 108001
Download Time: 1359413
Chunk bitrate: 27 2000000
Buffer size: 28 112001
Download Time: 1562081
Chunk bitrate: 28 3000000
Buffer size: 28 116001
Chunk bitrate: 28 3000000
Buffer size: 29 116001
Download Time: 2416314
Chunk bitrate: 29 3000000
Buffer size: 30 120001
Download Time: 1505438
Chunk bitrate: 30 3000000
Buffer size: 31 124001
Download Time: 764560
Chunk bitrate: 31 3000000
Buffer size: 32 128001
Download Time: 1241469
Chunk bitrate: 32 3000000
Buffer size: 33 132001
Download Time: 1163067
Chunk bitrate: 33 3000000
Buffer size: 34 136001
Download Time: 1135932
Chunk bitrate: 34 3000000
Buffer size: 35 140001
Download Time: 2496854
Chunk bitrate: 35 2000000
Buffer size: 35 144001
Chunk bitrate: 35 2000000
Buffer size: 36 144001
Download Time: 2191623
Chunk bitrate: 36 1000000
Buffer size: 36 148001
Chunk bitrate: 36 1000000
Buffer size: 37 148001
Download Time: 1384274
Chunk bitrate: 37 2000000
Buffer size: 37 152001
Chunk bitrate: 37 2000000
Buffer size: 38 152001
Download Time: 2421604
Chunk bitrate: 38 2000000
Buffer size: 39 156001
Download Time: 1854204
Chunk bitrate: 39 3000000
Buffer size: 39 160001
Chunk bitrate: 39 3000000
Buffer size: 40 160001
Download Time: 1734429
[00007f6164003378] core mux error: cannot add this stream
[00007f616421a508] core decoder error: cannot create packetizer output (h264)
Chunk bitrate: 40 3000000
Buffer size: 41 164001
Download Time: 2343872
Chunk bitrate: 41 3000000
Buffer size: 42 168001
Download Time: 1252362
Chunk bitrate: 42 3000000
Buffer size: 43 172001
Download Time: 1202184
Chunk bitrate: 43 3000000
Buffer size: 44 176001
Download Time: 882453
Chunk bitrate: 44 3000000
Buffer size: 45 180001
Download Time: 1051498
Chunk bitrate: 45 3000000
Buffer size: 46 184001
Download Time: 1315913
Chunk bitrate: 46 2000000
Buffer size: 46 188001
Chunk bitrate: 46 2000000
Buffer size: 47 188001
Download Time: 2586939
[00007f6164003378] core mux error: cannot add this stream
[00007f61641d1778] core decoder error: cannot create packetizer output (h264)
Chunk bitrate: 47 1000000
Buffer size: 47 192001
Chunk bitrate: 47 1000000
Buffer size: 48 192001
Download Time: 1095561
[00007f6164003378] core mux error: cannot add this stream
[00007f6164225638] core decoder error: cannot create packetizer output (h264)
Chunk bitrate: 48 1000000
Buffer size: 49 196001
Download Time: 1311373
Chunk bitrate: 49 2000000
Buffer size: 49 200001
Chunk bitrate: 49 2000000
Buffer size: 50 200001
Download Time: 2037491
[00007f6164003378] core mux error: cannot add this stream
[00007f616405bf58] core decoder error: cannot create packetizer output (h264)
Chunk bitrate: 50 2000000
Buffer size: 51 204001
Download Time: 1659992
Chunk bitrate: 51 2000000
Buffer size: 52 208001
Download Time: 3976312
Chunk bitrate: 52 1000000
Buffer size: 52 212001
Chunk bitrate: 52 1000000
Buffer size: 53 212001
Download Time: 1739481
[00007f6164003378] core mux error: cannot add this stream
[00007f6164225858] core decoder error: cannot create packetizer output (h264)
Chunk bitrate: 53 1000000
Buffer size: 54 216001
Download Time: 1604260
Chunk bitrate: 54 1000000
Buffer size: 55 220001
Download Time: 1458854
Chunk bitrate: 55 1000000
Buffer size: 56 224001
Download Time: 2039015
Chunk bitrate: 56 600000
Buffer size: 56 228001
Chunk bitrate: 56 600000
Buffer size: 57 228001
Download Time: 1430812
[00007f6164003378] core mux error: cannot add this stream
[00007f616412ac88] core decoder error: cannot create packetizer output (h264)
Chunk bitrate: 57 600000
Buffer size: 58 232001
Download Time: 617469
Chunk bitrate: 58 600000
Buffer size: 59 236001
Download Time: 2103755
Chunk bitrate: 59 1000000
Buffer size: 59 240001
Chunk bitrate: 59 1000000
Buffer size: 60 240001
Download Time: 1931958
[00007f6164003378] core mux error: cannot add this stream
[00007f6164166b28] core decoder error: cannot create packetizer output (h264)
Chunk bitrate: 60 1000000
Buffer size: 61 244001
Download Time: 2006974
Chunk bitrate: 61 1000000
Buffer size: 62 248001
Download Time: 481613
Chunk bitrate: 62 1000000
Buffer size: 63 252001
Download Time: 362092
Chunk bitrate: 63 1000000
Buffer size: 64 256001
Download Time: 665686
Chunk bitrate: 64 1000000
Buffer size: 65 260001
[00007f6164003378] ps mux: Close
[00007f6164058608] idummy demux: command `quit'
[0000000000c0d1e8] [cli] lua interface error: Error loading script /home/cs244/vlc/share/lua/intf/cli.luac: lua/intf/modules/host.lua:286: Interrupted.
