[00000000020a11e8] core interface error: no suitable interface module
[0000000001fd8338] core libvlc error: interface "globalhotkeys,none" initialization failed
[00000000020a11e8] dbus interface error: Failed to connect to the D-Bus session daemon: Unable to autolaunch a dbus-daemon without a $DISPLAY for X11
[00000000020a11e8] core interface error: no suitable interface module
[0000000001fd8338] core libvlc error: interface "dbus,none" initialization failed
[0000000001fd8338] core libvlc: Running vlc with the default interface. Use 'cvlc' to use vlc without interface.
[00000000020a11e8] qt interface error: Could not connect to X server
[00000000020a11e8] skins2 interface error: cannot initialize OSFactory
[00007fc36c003378] ps mux: Open
[00000000020a11e8] [cli] lua interface: Listening on host "*console".
VLC media player 3.0.0-git Vetinari
Command Line Interface initialized. Type `help' for help.
> making a DASHManager
new ratebased adaptionlogic
Chunk bitrate: 0 349952
Buffer size: 0 0
Chunk bitrate: 0 349952
Buffer size: 0 0
[00007fc36c0238e8] mp4 demux: Fragment sequence discontinuity detected 0 != 2
Download Time: 292962
[00007fc36c019278] mp4 demux: Fragment sequence discontinuity detected 0 != 2
Startup Time: 1050000
Chunk bitrate: 0 3000000
Buffer size: 0 4001
Chunk bitrate: 0 3000000
Buffer size: 1 4001
Download Time: 2269454
Chunk bitrate: 1 3000000
Buffer size: 2 8001
Download Time: 1904041
Chunk bitrate: 2 3000000
Buffer size: 3 12001
Download Time: 5452509
Chunk bitrate: 3 1000000
Buffer size: 3 16001
Chunk bitrate: 3 1000000
Buffer size: 4 16001
Download Time: 1311150
Chunk bitrate: 4 1000000
Buffer size: 5 20001
Download Time: 1712011
Chunk bitrate: 5 1000000
Buffer size: 6 24001
Download Time: 1104800
Chunk bitrate: 6 1000000
Buffer size: 7 28001
Download Time: 1937249
Chunk bitrate: 7 1000000
Buffer size: 8 32001
Download Time: 2895195
Chunk bitrate: 8 1000000
Buffer size: 9 36001
Download Time: 1850476
Chunk bitrate: 9 1000000
Buffer size: 10 40001
Download Time: 1606197
Chunk bitrate: 10 1000000
Buffer size: 11 44001
Download Time: 1580914
Chunk bitrate: 11 2000000
Buffer size: 11 48001
Chunk bitrate: 11 2000000
Buffer size: 12 48001
Download Time: 2675539
Chunk bitrate: 12 2000000
Buffer size: 13 52001
Download Time: 2091997
Chunk bitrate: 13 3000000
Buffer size: 13 56001
Chunk bitrate: 13 3000000
Buffer size: 14 56001
Download Time: 1879828
Chunk bitrate: 14 3000000
Buffer size: 15 60001
Download Time: 1774454
Chunk bitrate: 15 3000000
Buffer size: 16 64001
Download Time: 5189519
Chunk bitrate: 16 1000000
Buffer size: 16 68001
Chunk bitrate: 16 1000000
Buffer size: 17 68001
Download Time: 1787591
Chunk bitrate: 17 1000000
Buffer size: 18 72001
Download Time: 1924984
Chunk bitrate: 18 1000000
Buffer size: 19 76001
Download Time: 1060455
Chunk bitrate: 19 1000000
Buffer size: 20 80001
Download Time: 1275672
Chunk bitrate: 20 2000000
Buffer size: 20 84001
Chunk bitrate: 20 2000000
Buffer size: 21 84001
Download Time: 1310827
Chunk bitrate: 21 2000000
Buffer size: 22 88001
Download Time: 1977281
Chunk bitrate: 22 2000000
Buffer size: 23 92001
Download Time: 1877274
Chunk bitrate: 23 3000000
Buffer size: 23 96001
Chunk bitrate: 23 3000000
Buffer size: 24 96001
Download Time: 2086424
Chunk bitrate: 24 3000000
Buffer size: 25 100001
Download Time: 3527514
Chunk bitrate: 25 1000000
Buffer size: 25 104001
Chunk bitrate: 25 1000000
Buffer size: 26 104001
Download Time: 2680499
Chunk bitrate: 26 600000
Buffer size: 26 108001
Chunk bitrate: 26 600000
Buffer size: 27 108001
Download Time: 694924
Chunk bitrate: 27 1000000
Buffer size: 27 112001
Chunk bitrate: 27 1000000
Buffer size: 28 112001
Download Time: 1969665
Chunk bitrate: 28 1000000
Buffer size: 29 116001
Download Time: 1905435
Chunk bitrate: 29 1000000
Buffer size: 30 120001
Download Time: 827359
Chunk bitrate: 30 2000000
Buffer size: 30 124001
Chunk bitrate: 30 2000000
Buffer size: 31 124001
Download Time: 1739938
Chunk bitrate: 31 2000000
Buffer size: 32 128001
Download Time: 3236694
Chunk bitrate: 32 1000000
Buffer size: 32 132001
Chunk bitrate: 32 1000000
Buffer size: 33 132001
Download Time: 2555543
Chunk bitrate: 33 1000000
Buffer size: 34 136001
Download Time: 2305841
Chunk bitrate: 34 1000000
Buffer size: 35 140001
Download Time: 1736139
Chunk bitrate: 35 1000000
Buffer size: 36 144001
Download Time: 1441830
Chunk bitrate: 36 1000000
Buffer size: 37 148001
Download Time: 1317552
Chunk bitrate: 37 2000000
Buffer size: 37 152001
Chunk bitrate: 37 2000000
Buffer size: 38 152001
Download Time: 2339422
Chunk bitrate: 38 2000000
Buffer size: 39 156001
Download Time: 1769266
Chunk bitrate: 39 3000000
Buffer size: 39 160001
Chunk bitrate: 39 3000000
Buffer size: 40 160001
Download Time: 1733679
Chunk bitrate: 40 3000000
Buffer size: 41 164001
Download Time: 2344136
Chunk bitrate: 41 3000000
Buffer size: 42 168001
Download Time: 5710907
Chunk bitrate: 42 1000000
Buffer size: 42 172001
Chunk bitrate: 42 1000000
Buffer size: 43 172001
Download Time: 1984450
Chunk bitrate: 43 1000000
Buffer size: 44 176001
Download Time: 1554457
Chunk bitrate: 44 1000000
Buffer size: 45 180001
Download Time: 2176329
Chunk bitrate: 45 1000000
Buffer size: 46 184001
Download Time: 2565556
Chunk bitrate: 46 1000000
Buffer size: 47 188001
Download Time: 2074062
Chunk bitrate: 47 1000000
Buffer size: 48 192001
Download Time: 1366852
Chunk bitrate: 48 1000000
Buffer size: 49 196001
Download Time: 1875548
Chunk bitrate: 49 1000000
Buffer size: 50 200001
Download Time: 1058181
Chunk bitrate: 50 2000000
Buffer size: 50 204001
Chunk bitrate: 50 2000000
Buffer size: 51 204001
Download Time: 1658302
[00007fc36c003378] core mux error: cannot add this stream
[00007fc36c086288] core decoder error: cannot create packetizer output (h264)
Chunk bitrate: 51 2000000
Buffer size: 52 208001
Download Time: 2188154
Chunk bitrate: 52 3000000
Buffer size: 52 212001
Chunk bitrate: 52 3000000
Buffer size: 53 212001
Download Time: 2143786
[00007fc36c003378] core mux error: cannot add this stream
[00007fc36c08bd28] core decoder error: cannot create packetizer output (h264)
Chunk bitrate: 53 3000000
Buffer size: 54 216001
Download Time: 2269257
Chunk bitrate: 54 3000000
Buffer size: 55 220001
Download Time: 2906827
Chunk bitrate: 55 2000000
Buffer size: 55 224001
Chunk bitrate: 55 2000000
Buffer size: 56 224001
Download Time: 2414018
[00007fc36c003378] core mux error: cannot add this stream
[00007fc36c0d9e48] core decoder error: cannot create packetizer output (h264)
Chunk bitrate: 56 3000000
Buffer size: 56 228001
Chunk bitrate: 56 3000000
Buffer size: 57 228001
Download Time: 1546316
[00007fc36c003378] core mux error: cannot add this stream
[00007fc36c107788] core decoder error: cannot create packetizer output (h264)
Chunk bitrate: 57 3000000
Buffer size: 58 232001
Download Time: 652152
Chunk bitrate: 58 3000000
Buffer size: 59 236001
Download Time: 2393370
Chunk bitrate: 59 3000000
Buffer size: 60 240001
Download Time: 4403623
Chunk bitrate: 60 1000000
Buffer size: 60 244001
Chunk bitrate: 60 1000000
Buffer size: 61 244001
Download Time: 1453247
[00007fc36c003378] core mux error: cannot add this stream
[00007fc36c04ea98] core decoder error: cannot create packetizer output (h264)
Chunk bitrate: 61 1000000
Buffer size: 62 248001
Download Time: 481223
Chunk bitrate: 62 1000000
Buffer size: 63 252001
Download Time: 361805
Chunk bitrate: 63 1000000
Buffer size: 64 256001
Download Time: 667426
Chunk bitrate: 64 1000000
Buffer size: 65 260001
[00007fc36c003378] ps mux: Close
[00007fc364000e98] idummy demux: command `quit'
[00000000020a11e8] [cli] lua interface error: Error loading script /home/cs244/vlc/share/lua/intf/cli.luac: lua/intf/modules/host.lua:286: Interrupted.
