[0000000001b651e8] core interface error: no suitable interface module
[0000000001a9c338] core libvlc error: interface "globalhotkeys,none" initialization failed
[0000000001b651e8] dbus interface error: Failed to connect to the D-Bus session daemon: Unable to autolaunch a dbus-daemon without a $DISPLAY for X11
[0000000001b651e8] core interface error: no suitable interface module
[0000000001a9c338] core libvlc error: interface "dbus,none" initialization failed
[0000000001a9c338] core libvlc: Running vlc with the default interface. Use 'cvlc' to use vlc without interface.
[0000000001b651e8] qt interface error: Could not connect to X server
[0000000001b651e8] skins2 interface error: cannot initialize OSFactory
[00007f4bc4003378] ps mux: Open
[0000000001b651e8] [cli] lua interface: Listening on host "*console".
VLC media player 3.0.0-git Vetinari
Command Line Interface initialized. Type `help' for help.
> making a DASHManager
new ratebased adaptionlogic
Chunk bitrate: 0 349952
Buffer size: 0 0
Chunk bitrate: 0 349952
Buffer size: 0 0
[00007f4bc40276f8] mp4 demux: Fragment sequence discontinuity detected 0 != 2
Download Time: 588071
[00007f4bc40188e8] mp4 demux: Fragment sequence discontinuity detected 0 != 2
Startup Time: 1050000
Chunk bitrate: 0 1000000
Buffer size: 0 4001
Chunk bitrate: 0 1000000
Buffer size: 1 4001
Download Time: 1611585
Chunk bitrate: 1 1000000
Buffer size: 2 8001
Download Time: 1169711
Chunk bitrate: 2 1000000
Buffer size: 3 12001
Download Time: 1440986
Chunk bitrate: 3 2000000
Buffer size: 3 16001
Chunk bitrate: 3 2000000
Buffer size: 4 16001
Download Time: 1881067
Chunk bitrate: 4 2000000
Buffer size: 5 20001
Download Time: 2577890
Chunk bitrate: 5 2000000
Buffer size: 6 24001
Download Time: 1063141
Chunk bitrate: 6 3000000
Buffer size: 6 28001
Chunk bitrate: 6 3000000
Buffer size: 7 28001
Download Time: 1653115
Chunk bitrate: 7 3000000
Buffer size: 8 32001
Download Time: 3539381
Chunk bitrate: 8 1000000
Buffer size: 8 36001
Chunk bitrate: 8 1000000
Buffer size: 9 36001
Download Time: 2207303
Chunk bitrate: 9 1000000
Buffer size: 10 40001
Download Time: 1645983
Chunk bitrate: 10 1000000
Buffer size: 11 44001
Download Time: 1400667
Chunk bitrate: 11 1000000
Buffer size: 12 48001
Download Time: 1728955
Chunk bitrate: 12 1000000
Buffer size: 13 52001
Download Time: 1415074
Chunk bitrate: 13 2000000
Buffer size: 13 56001
Chunk bitrate: 13 2000000
Buffer size: 14 56001
Download Time: 2048141
Chunk bitrate: 14 2000000
Buffer size: 15 60001
Download Time: 1825144
Chunk bitrate: 15 2000000
Buffer size: 16 64001
Download Time: 1622627
Chunk bitrate: 16 3000000
Buffer size: 16 68001
Chunk bitrate: 16 3000000
Buffer size: 17 68001
Download Time: 1823520
Chunk bitrate: 17 3000000
Buffer size: 18 72001
Download Time: 2830949
Chunk bitrate: 18 1000000
Buffer size: 18 76001
Chunk bitrate: 18 1000000
Buffer size: 19 76001
Download Time: 1065047
Chunk bitrate: 19 1000000
Buffer size: 20 80001
Download Time: 1820980
Chunk bitrate: 20 1000000
Buffer size: 21 84001
Download Time: 1106982
Chunk bitrate: 21 1000000
Buffer size: 22 88001
Download Time: 1320118
Chunk bitrate: 22 1000000
Buffer size: 23 92001
Download Time: 1668002
Chunk bitrate: 23 1000000
Buffer size: 24 96001
Download Time: 1523513
Chunk bitrate: 24 2000000
Buffer size: 24 100001
Chunk bitrate: 24 2000000
Buffer size: 25 100001
Download Time: 2070208
Chunk bitrate: 25 2000000
Buffer size: 26 104001
Download Time: 1929905
Chunk bitrate: 26 2000000
Buffer size: 27 108001
Download Time: 1078069
Chunk bitrate: 27 3000000
Buffer size: 27 112001
Chunk bitrate: 27 3000000
Buffer size: 28 112001
Download Time: 1943495
Chunk bitrate: 28 3000000
Buffer size: 29 116001
Download Time: 2415576
Chunk bitrate: 29 3000000
Buffer size: 30 120001
Download Time: 4461072
Chunk bitrate: 30 1000000
Buffer size: 30 124001
Chunk bitrate: 30 1000000
Buffer size: 31 124001
Download Time: 1368006
Chunk bitrate: 31 1000000
Buffer size: 32 128001
Download Time: 1698942
Chunk bitrate: 32 1000000
Buffer size: 33 132001
Download Time: 1460074
Chunk bitrate: 33 1000000
Buffer size: 34 136001
Download Time: 1340618
Chunk bitrate: 34 2000000
Buffer size: 34 140001
Chunk bitrate: 34 2000000
Buffer size: 35 140001
Download Time: 2246661
Chunk bitrate: 35 2000000
Buffer size: 36 144001
Download Time: 1644134
Chunk bitrate: 36 2000000
Buffer size: 37 148001
Download Time: 1647482
Chunk bitrate: 37 3000000
Buffer size: 37 152001
Chunk bitrate: 37 3000000
Buffer size: 38 152001
Download Time: 2341656
Chunk bitrate: 38 3000000
Buffer size: 39 156001
Download Time: 4101648
Chunk bitrate: 39 1000000
Buffer size: 39 160001
Chunk bitrate: 39 1000000
Buffer size: 40 160001
Download Time: 1715962
Chunk bitrate: 40 1000000
Buffer size: 41 164001
Download Time: 1587009
Chunk bitrate: 41 1000000
Buffer size: 42 168001
Download Time: 1400368
Chunk bitrate: 42 1000000
Buffer size: 43 172001
Download Time: 1588006
Chunk bitrate: 43 1000000
Buffer size: 44 176001
Download Time: 937796
Chunk bitrate: 44 2000000
Buffer size: 44 180001
Chunk bitrate: 44 2000000
Buffer size: 45 180001
Download Time: 2020021
Chunk bitrate: 45 2000000
Buffer size: 46 184001
Download Time: 2407637
Chunk bitrate: 46 1000000
Buffer size: 46 188001
Chunk bitrate: 46 1000000
Buffer size: 47 188001
Download Time: 1511992
Chunk bitrate: 47 1000000
Buffer size: 48 192001
Download Time: 1095380
Chunk bitrate: 48 1000000
Buffer size: 49 196001
Download Time: 1503991
Chunk bitrate: 49 2000000
Buffer size: 49 200001
Chunk bitrate: 49 2000000
Buffer size: 50 200001
Download Time: 1360297
[00007f4bc4003378] core mux error: cannot add this stream
[00007f4bc410cd68] core decoder error: cannot create packetizer output (h264)
Chunk bitrate: 50 3000000
Buffer size: 50 204001
Chunk bitrate: 50 3000000
Buffer size: 51 204001
Download Time: 1548073
[00007f4bc4003378] core mux error: cannot add this stream
[00007f4bc413d058] core decoder error: cannot create packetizer output (h264)
Chunk bitrate: 51 3000000
Buffer size: 52 208001
Download Time: 2108315
Chunk bitrate: 52 3000000
Buffer size: 53 212001
Download Time: 1074353
Chunk bitrate: 53 3000000
Buffer size: 54 216001
Download Time: 1137558
Chunk bitrate: 54 3000000
Buffer size: 55 220001
Download Time: 1024957
Chunk bitrate: 55 3000000
Buffer size: 56 224001
Download Time: 1122557
Chunk bitrate: 56 3000000
Buffer size: 57 228001
Download Time: 1701837
Chunk bitrate: 57 3000000
Buffer size: 58 232001
Download Time: 78556
Download Time: 976748
Chunk bitrate: 58 2000000
Buffer size: 58 236001
Chunk bitrate: 58 2000000
Buffer size: 59 236001
Download Time: 2475489
[00007f4bc4003378] core mux error: cannot add this stream
[00007f4bc416b358] core decoder error: cannot create packetizer output (h264)
Chunk bitrate: 59 2000000
Buffer size: 60 240001
Download Time: 1894035
Chunk bitrate: 60 2000000
Buffer size: 61 244001
Download Time: 2029170
Chunk bitrate: 61 2000000
Buffer size: 62 248001
Download Time: 660661
Chunk bitrate: 62 2000000
Buffer size: 63 252001
Download Time: 348440
Chunk bitrate: 63 3000000
Buffer size: 63 256001
Chunk bitrate: 63 3000000
Buffer size: 64 256001
Download Time: 800022
[00007f4bc4003378] core mux error: cannot add this stream
[00007f4bc41b4268] core decoder error: cannot create packetizer output (h264)
Chunk bitrate: 64 3000000
Buffer size: 65 260001
[00007f4bc4003378] ps mux: Close
[00007f4bbc0010f8] idummy demux: command `quit'
[0000000001b651e8] [cli] lua interface error: Error loading script /home/cs244/vlc/share/lua/intf/cli.luac: lua/intf/modules/host.lua:286: Interrupted.
