[0000000002498548] core interface error: no suitable interface module
[00000000023d1338] core libvlc error: interface "globalhotkeys,none" initialization failed
[0000000002498548] dbus interface error: Failed to connect to the D-Bus session daemon: Unable to autolaunch a dbus-daemon without a $DISPLAY for X11
[0000000002498548] core interface error: no suitable interface module
[00000000023d1338] core libvlc error: interface "dbus,none" initialization failed
[00000000023d1338] core libvlc: Running vlc with the default interface. Use 'cvlc' to use vlc without interface.
[0000000002498548] qt interface error: Could not connect to X server
[0000000002498548] skins2 interface error: cannot initialize OSFactory
[0000000002498548] [cli] lua interface: Listening on host "*console".
VLC media player 3.0.0-git Vetinari
Command Line Interface initialized. Type `help' for help.
> [00007f34d8003378] ps mux: Open
making a DASHManager
new ratebased adaptionlogic
Chunk bitrate: 0 349952
Buffer size: 0 0
Chunk bitrate: 0 349952
Buffer size: 0 0
[00007f34d80214a8] mp4 demux: Fragment sequence discontinuity detected 0 != 2
Download Time: 294404
[00007f34d8018718] mp4 demux: Fragment sequence discontinuity detected 0 != 2
Startup Time: 1050000
Chunk bitrate: 0 3000000
Buffer size: 0 4001
Chunk bitrate: 0 3000000
Buffer size: 1 4001
Download Time: 2270294
Chunk bitrate: 1 3000000
Buffer size: 2 8001
Download Time: 1900365
Chunk bitrate: 2 3000000
Buffer size: 3 12001
Download Time: 2335185
Chunk bitrate: 3 3000000
Buffer size: 4 16001
Download Time: 1942238
Chunk bitrate: 4 3000000
Buffer size: 5 20001
Download Time: 4200910
Chunk bitrate: 5 1000000
Buffer size: 5 24001
Chunk bitrate: 5 1000000
Buffer size: 6 24001
Download Time: 1104274
Chunk bitrate: 6 1000000
Buffer size: 7 28001
Download Time: 1195057
Chunk bitrate: 7 1000000
Buffer size: 8 32001
Download Time: 1656089
Chunk bitrate: 8 1000000
Buffer size: 9 36001
Download Time: 1468001
Chunk bitrate: 9 1000000
Buffer size: 10 40001
Download Time: 960178
Chunk bitrate: 10 3000000
Buffer size: 10 44001
Chunk bitrate: 10 3000000
Buffer size: 11 44001
Download Time: 1920508
Chunk bitrate: 11 3000000
Buffer size: 12 48001
Download Time: 2654454
Chunk bitrate: 12 3000000
Buffer size: 13 52001
Download Time: 2223874
Chunk bitrate: 13 3000000
Buffer size: 14 56001
Download Time: 1878467
Chunk bitrate: 14 3000000
Buffer size: 15 60001
Download Time: 2826952
Chunk bitrate: 15 1000000
Buffer size: 15 64001
Chunk bitrate: 15 1000000
Buffer size: 16 64001
Download Time: 1540043
Chunk bitrate: 16 1000000
Buffer size: 17 68001
Download Time: 1247027
Chunk bitrate: 17 2000000
Buffer size: 17 72001
Chunk bitrate: 17 2000000
Buffer size: 18 72001
Download Time: 2076178
Chunk bitrate: 18 2000000
Buffer size: 19 76001
Download Time: 1378797
Chunk bitrate: 19 2000000
Buffer size: 20 80001
Download Time: 1823265
Chunk bitrate: 20 3000000
Buffer size: 20 84001
Chunk bitrate: 20 3000000
Buffer size: 21 84001
Download Time: 1201416
Chunk bitrate: 21 3000000
Buffer size: 22 88001
Download Time: 1782213
Chunk bitrate: 22 3000000
Buffer size: 23 92001
Download Time: 2342729
Chunk bitrate: 23 3000000
Buffer size: 24 96001
Download Time: 2086295
Chunk bitrate: 24 3000000
Buffer size: 25 100001
Download Time: 2447134
Chunk bitrate: 25 2000000
Buffer size: 25 104001
Chunk bitrate: 25 2000000
Buffer size: 26 104001
Download Time: 2572376
Chunk bitrate: 26 1000000
Buffer size: 26 108001
Chunk bitrate: 26 1000000
Buffer size: 27 108001
Download Time: 799414
Chunk bitrate: 27 1000000
Buffer size: 28 112001
Download Time: 1570456
Chunk bitrate: 28 1000000
Buffer size: 29 116001
Download Time: 1519290
Chunk bitrate: 29 1000000
Buffer size: 30 120001
Download Time: 1099865
Chunk bitrate: 30 1000000
Buffer size: 31 124001
Download Time: 1146953
Chunk bitrate: 31 3000000
Buffer size: 31 128001
Chunk bitrate: 31 3000000
Buffer size: 32 128001
Download Time: 2479056
Chunk bitrate: 32 3000000
Buffer size: 33 132001
Download Time: 2321213
Chunk bitrate: 33 3000000
Buffer size: 34 136001
Download Time: 2266818
Chunk bitrate: 34 3000000
Buffer size: 35 140001
Download Time: 2068464
Chunk bitrate: 35 3000000
Buffer size: 36 144001
Download Time: 2245280
Chunk bitrate: 36 2000000
Buffer size: 36 148001
Chunk bitrate: 36 2000000
Buffer size: 37 148001
Download Time: 2426561
Chunk bitrate: 37 2000000
Buffer size: 38 152001
Download Time: 3036312
Chunk bitrate: 38 2000000
Buffer size: 39 156001
Download Time: 2577788
Chunk bitrate: 39 3000000
Buffer size: 39 160001
Chunk bitrate: 39 3000000
Buffer size: 40 160001
Download Time: 1733548
Chunk bitrate: 40 3000000
Buffer size: 41 164001
Download Time: 2343835
Chunk bitrate: 41 3000000
Buffer size: 42 168001
Download Time: 3771346
Chunk bitrate: 42 1000000
Buffer size: 42 172001
Chunk bitrate: 42 1000000
Buffer size: 43 172001
Download Time: 1945388
Chunk bitrate: 43 1000000
Buffer size: 44 176001
Download Time: 1237960
Chunk bitrate: 44 1000000
Buffer size: 45 180001
Download Time: 1415879
Chunk bitrate: 45 1000000
Buffer size: 46 184001
Download Time: 1464048
Chunk bitrate: 46 1000000
Buffer size: 47 188001
Download Time: 935140
Chunk bitrate: 47 3000000
Buffer size: 47 192001
Chunk bitrate: 47 3000000
Buffer size: 48 192001
Download Time: 1748027
Chunk bitrate: 48 3000000
Buffer size: 49 196001
Download Time: 2472576
Chunk bitrate: 49 3000000
Buffer size: 50 200001
Download Time: 2797336
Chunk bitrate: 50 2000000
Buffer size: 50 204001
Chunk bitrate: 50 2000000
Buffer size: 51 204001
Download Time: 1655920
Chunk bitrate: 51 2000000
Buffer size: 52 208001
Download Time: 1626286
Chunk bitrate: 52 3000000
Buffer size: 52 212001
Chunk bitrate: 52 3000000
Buffer size: 53 212001
Download Time: 2141984
Chunk bitrate: 53 3000000
Buffer size: 54 216001
Download Time: 1903381
Chunk bitrate: 54 3000000
Buffer size: 55 220001
Download Time: 1024244
Chunk bitrate: 55 3000000
Buffer size: 56 224001
Download Time: 1121479
Chunk bitrate: 56 3000000
Buffer size: 57 228001
Download Time: 775718
Chunk bitrate: 57 3000000
Buffer size: 58 232001
Download Time: 328304
Chunk bitrate: 58 3000000
Buffer size: 59 236001
Download Time: 1199628
Chunk bitrate: 59 3000000
Buffer size: 60 240001
Download Time: 4565043
Chunk bitrate: 60 1000000
Buffer size: 60 244001
Chunk bitrate: 60 1000000
Buffer size: 61 244001
Download Time: 1121228
[00007f34d8003378] core mux error: cannot add this stream
[00007f34d806eca8] core decoder error: cannot create packetizer output (h264)
Chunk bitrate: 61 2000000
Buffer size: 61 248001
Chunk bitrate: 61 2000000
Buffer size: 62 248001
Download Time: 660465
[00007f34d8003378] core mux error: cannot add this stream
[00007f34d81c9948] core decoder error: cannot create packetizer output (h264)
Chunk bitrate: 62 2000000
Buffer size: 63 252001
Download Time: 467954
Chunk bitrate: 63 2000000
Buffer size: 64 256001
Download Time: 933855
Chunk bitrate: 64 2000000
Buffer size: 65 260001
[00007f34d8003378] ps mux: Close
[00007f34d4001288] idummy demux: command `quit'
[0000000002498548] [cli] lua interface error: Error loading script /home/cs244/vlc/share/lua/intf/cli.luac: lua/intf/modules/host.lua:286: Interrupted.
