[00000000012721e8] core interface error: no suitable interface module
[00000000011a9338] core libvlc error: interface "globalhotkeys,none" initialization failed
[00000000012721e8] dbus interface error: Failed to connect to the D-Bus session daemon: Unable to autolaunch a dbus-daemon without a $DISPLAY for X11
[00000000012721e8] core interface error: no suitable interface module
[00000000011a9338] core libvlc error: interface "dbus,none" initialization failed
[00000000011a9338] core libvlc: Running vlc with the default interface. Use 'cvlc' to use vlc without interface.
[00000000012721e8] qt interface error: Could not connect to X server
[00000000012721e8] skins2 interface error: cannot initialize OSFactory
[00000000012721e8] [cli] lua interface: Listening on host "*console".
VLC media player 3.0.0-git Vetinari
Command Line Interface initialized. Type `help' for help.
> [00007ff294003378] ps mux: Open
making a DASHManager
new ratebased adaptionlogic
Chunk bitrate: 0 349952
Buffer size: 0 0
Chunk bitrate: 0 349952
Buffer size: 0 0
[00007ff294021718] mp4 demux: Fragment sequence discontinuity detected 0 != 2
Download Time: 292459
[00007ff294023698] mp4 demux: Fragment sequence discontinuity detected 0 != 2
Startup Time: 1050000
Chunk bitrate: 0 3000000
Buffer size: 0 4001
Chunk bitrate: 0 3000000
Buffer size: 1 4001
Download Time: 2269345
Chunk bitrate: 1 3000000
Buffer size: 2 8001
Download Time: 1900359
Chunk bitrate: 2 3000000
Buffer size: 3 12001
Download Time: 7222521
Chunk bitrate: 3 1000000
Buffer size: 3 16001
Chunk bitrate: 3 1000000
Buffer size: 4 16001
Download Time: 1962287
Chunk bitrate: 4 1000000
Buffer size: 5 20001
Download Time: 1651340
Chunk bitrate: 5 2000000
Buffer size: 5 24001
Chunk bitrate: 5 2000000
Buffer size: 6 24001
Download Time: 1593242
Chunk bitrate: 6 2000000
Buffer size: 7 28001
Download Time: 1749603
Chunk bitrate: 7 2000000
Buffer size: 8 32001
Download Time: 1942824
Chunk bitrate: 8 3000000
Buffer size: 8 36001
Chunk bitrate: 8 3000000
Buffer size: 9 36001
Download Time: 1916037
Chunk bitrate: 9 3000000
Buffer size: 10 40001
Download Time: 3887630
Chunk bitrate: 10 1000000
Buffer size: 10 44001
Chunk bitrate: 10 1000000
Buffer size: 11 44001
Download Time: 2450200
Chunk bitrate: 11 1000000
Buffer size: 12 48001
Download Time: 2160478
Chunk bitrate: 12 1000000
Buffer size: 13 52001
Download Time: 1936601
Chunk bitrate: 13 1000000
Buffer size: 14 56001
Download Time: 1212702
Chunk bitrate: 14 2000000
Buffer size: 14 60001
Chunk bitrate: 14 2000000
Buffer size: 15 60001
Download Time: 1824265
Chunk bitrate: 15 2000000
Buffer size: 16 64001
Download Time: 2193010
Chunk bitrate: 16 2000000
Buffer size: 17 68001
Download Time: 2404610
Chunk bitrate: 17 1000000
Buffer size: 17 72001
Chunk bitrate: 17 1000000
Buffer size: 18 72001
Download Time: 1535237
Chunk bitrate: 18 1000000
Buffer size: 19 76001
Download Time: 847051
Chunk bitrate: 19 1000000
Buffer size: 20 80001
Download Time: 3281703
Chunk bitrate: 20 600000
Buffer size: 20 84001
Chunk bitrate: 20 600000
Buffer size: 21 84001
Download Time: 1312475
Chunk bitrate: 21 600000
Buffer size: 22 88001
Download Time: 1493327
Chunk bitrate: 22 1000000
Buffer size: 22 92001
Chunk bitrate: 22 1000000
Buffer size: 23 92001
Download Time: 2911439
Chunk bitrate: 23 1000000
Buffer size: 24 96001
Download Time: 1631228
Chunk bitrate: 24 1000000
Buffer size: 25 100001
Download Time: 1360458
Chunk bitrate: 25 1000000
Buffer size: 26 104001
Download Time: 1336736
Chunk bitrate: 26 1000000
Buffer size: 27 108001
Download Time: 1178114
Chunk bitrate: 27 600000
Buffer size: 27 112001
Chunk bitrate: 27 600000
Buffer size: 28 112001
Download Time: 2289234
Chunk bitrate: 28 600000
Buffer size: 29 116001
Download Time: 2112322
Chunk bitrate: 29 1000000
Buffer size: 29 120001
Chunk bitrate: 29 1000000
Buffer size: 30 120001
Download Time: 1655737
Chunk bitrate: 30 1000000
Buffer size: 31 124001
Download Time: 1849233
Chunk bitrate: 31 1000000
Buffer size: 32 128001
Download Time: 1856292
Chunk bitrate: 32 1000000
Buffer size: 33 132001
Download Time: 1456104
Chunk bitrate: 33 1000000
Buffer size: 34 136001
Download Time: 1595800
Chunk bitrate: 34 1000000
Buffer size: 35 140001
Download Time: 2776664
Chunk bitrate: 35 600000
Buffer size: 35 144001
Chunk bitrate: 35 600000
Buffer size: 36 144001
Download Time: 1647258
Chunk bitrate: 36 600000
Buffer size: 37 148001
Download Time: 1522943
Chunk bitrate: 37 1000000
Buffer size: 37 152001
Chunk bitrate: 37 1000000
Buffer size: 38 152001
Download Time: 2346071
Chunk bitrate: 38 1000000
Buffer size: 39 156001
Download Time: 1732026
Chunk bitrate: 39 1000000
Buffer size: 40 160001
Download Time: 1140059
Chunk bitrate: 40 1000000
Buffer size: 41 164001
Download Time: 1588442
Chunk bitrate: 41 1000000
Buffer size: 42 168001
Download Time: 1635962
Chunk bitrate: 42 600000
Buffer size: 42 172001
Chunk bitrate: 42 600000
Buffer size: 43 172001
Download Time: 2015806
Chunk bitrate: 43 600000
Buffer size: 44 176001
Download Time: 1840460
Chunk bitrate: 44 600000
Buffer size: 45 180001
Download Time: 1306381
Chunk bitrate: 45 1000000
Buffer size: 45 184001
Chunk bitrate: 45 1000000
Buffer size: 46 184001
Download Time: 2196284
Chunk bitrate: 46 1000000
Buffer size: 47 188001
Download Time: 1916247
Chunk bitrate: 47 1000000
Buffer size: 48 192001
Download Time: 1095924
Chunk bitrate: 48 1000000
Buffer size: 49 196001
Download Time: 1499724
Chunk bitrate: 49 1000000
Buffer size: 50 200001
Download Time: 1407858
Chunk bitrate: 50 600000
Buffer size: 50 204001
Chunk bitrate: 50 600000
Buffer size: 51 204001
Download Time: 1710759
[00007ff294003378] core mux error: cannot add this stream
[00007ff2941321b8] core decoder error: cannot create packetizer output (h264)
Chunk bitrate: 51 600000
Buffer size: 52 208001
Download Time: 2040108
Chunk bitrate: 52 600000
Buffer size: 53 212001
Download Time: 1528121
Chunk bitrate: 53 1000000
Buffer size: 53 216001
Chunk bitrate: 53 1000000
Buffer size: 54 216001
Download Time: 2792831
[00007ff294003378] core mux error: cannot add this stream
[00007ff2940afb38] core decoder error: cannot create packetizer output (h264)
Chunk bitrate: 54 1000000
Buffer size: 55 220001
Download Time: 1846212
Chunk bitrate: 55 1000000
Buffer size: 56 224001
Download Time: 1593934
Chunk bitrate: 56 1000000
Buffer size: 57 228001
Download Time: 966413
Chunk bitrate: 57 1000000
Buffer size: 58 232001
Download Time: 446062
Chunk bitrate: 58 1000000
Buffer size: 59 236001
Download Time: 6498311
Chunk bitrate: 59 1000000
Buffer size: 60 240001
Download Time: 1929481
Chunk bitrate: 60 1000000
Buffer size: 61 244001
Download Time: 1992431
Chunk bitrate: 61 1000000
Buffer size: 62 248001
Download Time: 597113
Chunk bitrate: 62 1000000
Buffer size: 63 252001
Download Time: 451835
Chunk bitrate: 63 1000000
Buffer size: 64 256001
Download Time: 832445
Chunk bitrate: 64 1000000
Buffer size: 65 260001
[00007ff294003378] ps mux: Close
[00007ff28c000e98] idummy demux: command `quit'
[00000000012721e8] [cli] lua interface error: Error loading script /home/cs244/vlc/share/lua/intf/cli.luac: lua/intf/modules/host.lua:286: Interrupted.
