[00000000011e31e8] core interface error: no suitable interface module
[000000000111a338] core libvlc error: interface "globalhotkeys,none" initialization failed
[00000000011e31e8] dbus interface error: Failed to connect to the D-Bus session daemon: Unable to autolaunch a dbus-daemon without a $DISPLAY for X11
[00000000011e31e8] core interface error: no suitable interface module
[000000000111a338] core libvlc error: interface "dbus,none" initialization failed
[000000000111a338] core libvlc: Running vlc with the default interface. Use 'cvlc' to use vlc without interface.
[00000000011e31e8] qt interface error: Could not connect to X server
[00000000011e31e8] skins2 interface error: cannot initialize OSFactory
[00000000011e31e8] [cli] lua interface: Listening on host "*console".
VLC media player 3.0.0-git Vetinari
Command Line Interface initialized. Type `help' for help.
> [00007f9790003378] ps mux: Open
making a DASHManager
new ratebased adaptionlogic
Chunk bitrate: 0 349952
Buffer size: 0 0
Chunk bitrate: 0 349952
Buffer size: 0 0
[00007f9790024aa8] mp4 demux: Fragment sequence discontinuity detected 0 != 2
Download Time: 588181
[00007f9790024e38] mp4 demux: Fragment sequence discontinuity detected 0 != 2
Startup Time: 1050000
Chunk bitrate: 0 1000000
Buffer size: 0 4001
Chunk bitrate: 0 1000000
Buffer size: 1 4001
Download Time: 1611750
Chunk bitrate: 1 1000000
Buffer size: 2 8001
Download Time: 1172528
Chunk bitrate: 2 1000000
Buffer size: 3 12001
Download Time: 1544349
Chunk bitrate: 3 1000000
Buffer size: 4 16001
Download Time: 1309277
Chunk bitrate: 4 1000000
Buffer size: 5 20001
Download Time: 1712258
Chunk bitrate: 5 1000000
Buffer size: 6 24001
Download Time: 1102441
Chunk bitrate: 6 1000000
Buffer size: 7 28001
Download Time: 913844
Chunk bitrate: 7 2000000
Buffer size: 7 32001
Chunk bitrate: 7 2000000
Buffer size: 8 32001
Download Time: 2660841
Chunk bitrate: 8 2000000
Buffer size: 9 36001
Download Time: 1735542
Chunk bitrate: 9 3000000
Buffer size: 9 40001
Chunk bitrate: 9 3000000
Buffer size: 10 40001
Download Time: 2207525
Chunk bitrate: 10 3000000
Buffer size: 11 44001
Download Time: 1920195
Chunk bitrate: 11 3000000
Buffer size: 12 48001
Download Time: 5840395
Chunk bitrate: 12 2000000
Buffer size: 12 52001
Chunk bitrate: 12 2000000
Buffer size: 13 52001
Download Time: 2184381
Chunk bitrate: 13 2000000
Buffer size: 14 56001
Download Time: 2049573
Chunk bitrate: 14 2000000
Buffer size: 15 60001
Download Time: 1826132
Chunk bitrate: 15 2000000
Buffer size: 16 64001
Download Time: 2196667
Chunk bitrate: 16 2000000
Buffer size: 17 68001
Download Time: 1478531
Chunk bitrate: 17 3000000
Buffer size: 17 72001
Chunk bitrate: 17 3000000
Buffer size: 18 72001
Download Time: 2275214
Chunk bitrate: 18 3000000
Buffer size: 19 76001
Download Time: 1289908
Chunk bitrate: 19 3000000
Buffer size: 20 80001
Download Time: 4052163
Chunk bitrate: 20 1000000
Buffer size: 20 84001
Chunk bitrate: 20 1000000
Buffer size: 21 84001
Download Time: 1185156
Chunk bitrate: 21 1000000
Buffer size: 22 88001
Download Time: 1332633
Chunk bitrate: 22 1000000
Buffer size: 23 92001
Download Time: 1667441
Chunk bitrate: 23 1000000
Buffer size: 24 96001
Download Time: 1564794
Chunk bitrate: 24 1000000
Buffer size: 25 100001
Download Time: 1070291
Chunk bitrate: 25 2000000
Buffer size: 25 104001
Chunk bitrate: 25 2000000
Buffer size: 26 104001
Download Time: 1929223
Chunk bitrate: 26 2000000
Buffer size: 27 108001
Download Time: 1302302
Chunk bitrate: 27 2000000
Buffer size: 28 112001
Download Time: 1576715
Chunk bitrate: 28 3000000
Buffer size: 28 116001
Chunk bitrate: 28 3000000
Buffer size: 29 116001
Download Time: 2416321
Chunk bitrate: 29 3000000
Buffer size: 30 120001
Download Time: 1505903
Chunk bitrate: 30 3000000
Buffer size: 31 124001
Download Time: 1525587
Chunk bitrate: 31 3000000
Buffer size: 32 128001
Download Time: 2479600
Chunk bitrate: 32 3000000
Buffer size: 33 132001
Download Time: 1595051
Chunk bitrate: 33 3000000
Buffer size: 34 136001
Download Time: 1135010
Chunk bitrate: 34 3000000
Buffer size: 35 140001
Download Time: 1035750
Chunk bitrate: 35 3000000
Buffer size: 36 144001
Download Time: 835337
Chunk bitrate: 36 3000000
Buffer size: 37 148001
Download Time: 1239676
Chunk bitrate: 37 3000000
Buffer size: 38 152001
Download Time: 1173390
Chunk bitrate: 38 3000000
Buffer size: 39 156001
Download Time: 1014589
Chunk bitrate: 39 3000000
Buffer size: 40 160001
Download Time: 869267
Chunk bitrate: 40 3000000
Buffer size: 41 164001
Download Time: 1178089
Chunk bitrate: 41 3000000
Buffer size: 42 168001
Download Time: 1912653
Chunk bitrate: 42 2000000
Buffer size: 42 172001
Chunk bitrate: 42 2000000
Buffer size: 43 172001
Download Time: 2447787
Chunk bitrate: 43 2000000
Buffer size: 44 176001
Download Time: 1581825
Chunk bitrate: 44 3000000
Buffer size: 44 180001
Chunk bitrate: 44 3000000
Buffer size: 45 180001
Download Time: 2099923
Chunk bitrate: 45 3000000
Buffer size: 46 184001
Download Time: 2239300
Chunk bitrate: 46 3000000
Buffer size: 47 188001
Download Time: 2089431
Chunk bitrate: 47 3000000
Buffer size: 48 192001
Download Time: 1748651
Chunk bitrate: 48 3000000
Buffer size: 49 196001
Download Time: 1702995
Chunk bitrate: 49 3000000
Buffer size: 50 200001
Download Time: 939084
Chunk bitrate: 50 3000000
Buffer size: 51 204001
Download Time: 776285
Chunk bitrate: 51 3000000
Buffer size: 52 208001
Download Time: 1135965
Chunk bitrate: 52 3000000
Buffer size: 53 212001
Download Time: 1074171
Chunk bitrate: 53 3000000
Buffer size: 54 216001
Download Time: 1137440
Chunk bitrate: 54 3000000
Buffer size: 55 220001
Download Time: 1025302
Chunk bitrate: 55 3000000
Buffer size: 56 224001
Download Time: 1122677
Chunk bitrate: 56 3000000
Buffer size: 57 228001
Download Time: 775766
Chunk bitrate: 57 3000000
Buffer size: 58 232001
Download Time: 327960
Chunk bitrate: 58 3000000
Buffer size: 59 236001
Download Time: 1802704
Chunk bitrate: 59 3000000
Buffer size: 60 240001
Download Time: 1826183
Chunk bitrate: 60 3000000
Buffer size: 61 244001
Download Time: 1904649
Chunk bitrate: 61 3000000
Buffer size: 62 248001
Download Time: 642338
Chunk bitrate: 62 3000000
Buffer size: 63 252001
Download Time: 452101
Chunk bitrate: 63 3000000
Buffer size: 64 256001
Download Time: 799064
Chunk bitrate: 64 3000000
Buffer size: 65 260001
[00007f9790003378] ps mux: Close
[00007f979c001528] idummy demux: command `quit'
[00000000011e31e8] [cli] lua interface error: Error loading script /home/cs244/vlc/share/lua/intf/cli.luac: lua/intf/modules/host.lua:286: Interrupted.
