[00000000010b91e8] core interface error: no suitable interface module
[0000000000ff0338] core libvlc error: interface "globalhotkeys,none" initialization failed
[00000000010b91e8] dbus interface error: Failed to connect to the D-Bus session daemon: Unable to autolaunch a dbus-daemon without a $DISPLAY for X11
[00000000010b91e8] core interface error: no suitable interface module
[0000000000ff0338] core libvlc error: interface "dbus,none" initialization failed
[0000000000ff0338] core libvlc: Running vlc with the default interface. Use 'cvlc' to use vlc without interface.
[00000000010b91e8] qt interface error: Could not connect to X server
[00000000010b91e8] skins2 interface error: cannot initialize OSFactory
[00000000010b91e8] [cli] lua interface: Listening on host "*console".
VLC media player 3.0.0-git Vetinari
Command Line Interface initialized. Type `help' for help.
> [00007fea84003378] ps mux: Open
making a DASHManager
new ratebased adaptionlogic
Chunk bitrate: 0 349952
Buffer size: 0 0
Chunk bitrate: 0 349952
Buffer size: 0 0
[00007fea84024a48] mp4 demux: Fragment sequence discontinuity detected 0 != 2
Download Time: 293951
[00007fea84019698] mp4 demux: Fragment sequence discontinuity detected 0 != 2
Startup Time: 1050000
Chunk bitrate: 0 3000000
Buffer size: 0 4001
Chunk bitrate: 0 3000000
Buffer size: 1 4001
Download Time: 2269333
Chunk bitrate: 1 3000000
Buffer size: 2 8001
Download Time: 1900841
Chunk bitrate: 2 3000000
Buffer size: 3 12001
Download Time: 1260608
Chunk bitrate: 3 3000000
Buffer size: 4 16001
Download Time: 973865
Chunk bitrate: 4 3000000
Buffer size: 5 20001
Download Time: 1243591
Chunk bitrate: 5 3000000
Buffer size: 6 24001
Download Time: 842556
Chunk bitrate: 6 3000000
Buffer size: 7 28001
Download Time: 1024905
Chunk bitrate: 7 2000000
Buffer size: 7 32001
Chunk bitrate: 7 2000000
Buffer size: 8 32001
Download Time: 2661793
Chunk bitrate: 8 2000000
Buffer size: 9 36001
Download Time: 1919592
Chunk bitrate: 9 3000000
Buffer size: 9 40001
Chunk bitrate: 9 3000000
Buffer size: 10 40001
Download Time: 2207419
Chunk bitrate: 10 3000000
Buffer size: 11 44001
Download Time: 1919156
Chunk bitrate: 11 3000000
Buffer size: 12 48001
Download Time: 3653593
Chunk bitrate: 12 2000000
Buffer size: 12 52001
Chunk bitrate: 12 2000000
Buffer size: 13 52001
Download Time: 2094856
Chunk bitrate: 13 3000000
Buffer size: 13 56001
Chunk bitrate: 13 3000000
Buffer size: 14 56001
Download Time: 1879556
Chunk bitrate: 14 3000000
Buffer size: 15 60001
Download Time: 1773637
Chunk bitrate: 15 3000000
Buffer size: 16 64001
Download Time: 5169307
Chunk bitrate: 16 1000000
Buffer size: 16 68001
Chunk bitrate: 16 1000000
Buffer size: 17 68001
Download Time: 1795586
Chunk bitrate: 17 1000000
Buffer size: 18 72001
Download Time: 1922456
Chunk bitrate: 18 1000000
Buffer size: 19 76001
Download Time: 1062095
Chunk bitrate: 19 1000000
Buffer size: 20 80001
Download Time: 1283548
Chunk bitrate: 20 2000000
Buffer size: 20 84001
Chunk bitrate: 20 2000000
Buffer size: 21 84001
Download Time: 1310925
Chunk bitrate: 21 2000000
Buffer size: 22 88001
Download Time: 1975312
Chunk bitrate: 22 2000000
Buffer size: 23 92001
Download Time: 1882832
Chunk bitrate: 23 3000000
Buffer size: 23 96001
Chunk bitrate: 23 3000000
Buffer size: 24 96001
Download Time: 2085840
Chunk bitrate: 24 3000000
Buffer size: 25 100001
Download Time: 3500461
Chunk bitrate: 25 1000000
Buffer size: 25 104001
Chunk bitrate: 25 1000000
Buffer size: 26 104001
Download Time: 2679375
Chunk bitrate: 26 600000
Buffer size: 26 108001
Chunk bitrate: 26 600000
Buffer size: 27 108001
Download Time: 695186
Chunk bitrate: 27 1000000
Buffer size: 27 112001
Chunk bitrate: 27 1000000
Buffer size: 28 112001
Download Time: 1969996
Chunk bitrate: 28 1000000
Buffer size: 29 116001
Download Time: 1905596
Chunk bitrate: 29 1000000
Buffer size: 30 120001
Download Time: 277966
Chunk bitrate: 30 3000000
Buffer size: 30 124001
Chunk bitrate: 30 3000000
Buffer size: 31 124001
Download Time: 765778
Chunk bitrate: 31 3000000
Buffer size: 32 128001
Download Time: 1242245
Chunk bitrate: 32 3000000
Buffer size: 33 132001
Download Time: 1162792
Chunk bitrate: 33 3000000
Buffer size: 34 136001
Download Time: 1136437
Chunk bitrate: 34 3000000
Buffer size: 35 140001
Download Time: 1036329
Chunk bitrate: 35 3000000
Buffer size: 36 144001
Download Time: 834932
Chunk bitrate: 36 3000000
Buffer size: 37 148001
Download Time: 1239925
Chunk bitrate: 37 3000000
Buffer size: 38 152001
Download Time: 1171951
Chunk bitrate: 38 3000000
Buffer size: 39 156001
Download Time: 1188079
Chunk bitrate: 39 3000000
Buffer size: 40 160001
Download Time: 1733432
Chunk bitrate: 40 3000000
Buffer size: 41 164001
Download Time: 2343973
Chunk bitrate: 41 3000000
Buffer size: 42 168001
Download Time: 1178551
Chunk bitrate: 42 3000000
Buffer size: 43 172001
Download Time: 1203356
Chunk bitrate: 43 3000000
Buffer size: 44 176001
Download Time: 882612
Chunk bitrate: 44 3000000
Buffer size: 45 180001
Download Time: 1052815
Chunk bitrate: 45 3000000
Buffer size: 46 184001
Download Time: 1582631
Chunk bitrate: 46 2000000
Buffer size: 46 188001
Chunk bitrate: 46 2000000
Buffer size: 47 188001
Download Time: 2587521
Chunk bitrate: 47 1000000
Buffer size: 47 192001
Chunk bitrate: 47 1000000
Buffer size: 48 192001
Download Time: 1096318
Chunk bitrate: 48 1000000
Buffer size: 49 196001
Download Time: 1502938
Chunk bitrate: 49 1000000
Buffer size: 50 200001
Download Time: 1412368
Chunk bitrate: 50 1000000
Buffer size: 51 204001
Download Time: 1143942
Chunk bitrate: 51 1000000
Buffer size: 52 208001
Download Time: 1330898
Chunk bitrate: 52 2000000
Buffer size: 52 212001
Chunk bitrate: 52 2000000
Buffer size: 53 212001
Download Time: 1961911
Chunk bitrate: 53 2000000
Buffer size: 54 216001
Download Time: 2238376
Chunk bitrate: 54 2000000
Buffer size: 55 220001
Download Time: 1510396
Chunk bitrate: 55 3000000
Buffer size: 55 224001
Chunk bitrate: 55 3000000
Buffer size: 56 224001
Download Time: 2239314
[00007fea84003378] core mux error: cannot add this stream
[00007fea8420a4b8] core decoder error: cannot create packetizer output (h264)
Chunk bitrate: 56 3000000
Buffer size: 57 228001
Download Time: 1728414
Chunk bitrate: 57 2000000
Buffer size: 57 232001
Chunk bitrate: 57 2000000
Buffer size: 58 232001
Download Time: 839800
[00007fea84003378] core mux error: cannot add this stream
[00007fea840f4618] core decoder error: cannot create packetizer output (h264)
Chunk bitrate: 58 1000000
Buffer size: 58 236001
Chunk bitrate: 58 1000000
Buffer size: 59 236001
Download Time: 1699989
[00007fea84003378] core mux error: cannot add this stream
[00007fea840972a8] core decoder error: cannot create packetizer output (h264)
Chunk bitrate: 59 1000000
Buffer size: 60 240001
Download Time: 1286365
Chunk bitrate: 60 1000000
Buffer size: 61 244001
Download Time: 1098765
Chunk bitrate: 61 2000000
Buffer size: 61 248001
Chunk bitrate: 61 2000000
Buffer size: 62 248001
Download Time: 663389
[00007fea84003378] core mux error: cannot add this stream
[00007fea84236308] core decoder error: cannot create packetizer output (h264)
Chunk bitrate: 62 2000000
Buffer size: 63 252001
Download Time: 471033
Chunk bitrate: 63 2000000
Buffer size: 64 256001
Download Time: 934274
Chunk bitrate: 64 2000000
Buffer size: 65 260001
[00007fea84003378] ps mux: Close
[00007fea80000e98] idummy demux: command `quit'
[00000000010b91e8] [cli] lua interface error: Error loading script /home/cs244/vlc/share/lua/intf/cli.luac: lua/intf/modules/host.lua:286: Interrupted.
