[0000000001e7c1e8] core interface error: no suitable interface module
[0000000001db3338] core libvlc error: interface "globalhotkeys,none" initialization failed
[0000000001e7c1e8] dbus interface error: Failed to connect to the D-Bus session daemon: Unable to autolaunch a dbus-daemon without a $DISPLAY for X11
[0000000001e7c1e8] core interface error: no suitable interface module
[0000000001db3338] core libvlc error: interface "dbus,none" initialization failed
[0000000001db3338] core libvlc: Running vlc with the default interface. Use 'cvlc' to use vlc without interface.
[0000000001e7c1e8] qt interface error: Could not connect to X server
[0000000001e7c1e8] skins2 interface error: cannot initialize OSFactory
[0000000001e7c1e8] [cli] lua interface: Listening on host "*console".
VLC media player 3.0.0-git Vetinari
Command Line Interface initialized. Type `help' for help.
> [00007fe8c4003378] ps mux: Open
making a DASHManager
new ratebased adaptionlogic
Chunk bitrate: 0 349952
Buffer size: 0 0
Chunk bitrate: 0 349952
Buffer size: 0 0
[00007fe8c40254a8] mp4 demux: Fragment sequence discontinuity detected 0 != 2
Download Time: 148998
[00007fe8c4019148] mp4 demux: Fragment sequence discontinuity detected 0 != 2
Startup Time: 1050000
Chunk bitrate: 0 3000000
Buffer size: 0 4001
Chunk bitrate: 0 3000000
Buffer size: 1 4001
Download Time: 1136081
Chunk bitrate: 1 3000000
Buffer size: 2 8001
Download Time: 951640
Chunk bitrate: 2 3000000
Buffer size: 3 12001
Download Time: 1168784
Chunk bitrate: 3 3000000
Buffer size: 4 16001
Download Time: 973263
Chunk bitrate: 4 3000000
Buffer size: 5 20001
Download Time: 1245044
Chunk bitrate: 5 3000000
Buffer size: 6 24001
Download Time: 844793
Chunk bitrate: 6 3000000
Buffer size: 7 28001
Download Time: 828165
Chunk bitrate: 7 3000000
Buffer size: 8 32001
Download Time: 1309444
Chunk bitrate: 8 3000000
Buffer size: 9 36001
Download Time: 960555
Chunk bitrate: 9 3000000
Buffer size: 10 40001
Download Time: 1106002
Chunk bitrate: 10 3000000
Buffer size: 11 44001
Download Time: 962360
Chunk bitrate: 11 3000000
Buffer size: 12 48001
Download Time: 1330413
Chunk bitrate: 12 3000000
Buffer size: 13 52001
Download Time: 1115369
Chunk bitrate: 13 3000000
Buffer size: 14 56001
Download Time: 942476
Chunk bitrate: 14 3000000
Buffer size: 15 60001
Download Time: 889213
Chunk bitrate: 15 3000000
Buffer size: 16 64001
Download Time: 1096632
Chunk bitrate: 16 3000000
Buffer size: 17 68001
Download Time: 919086
Chunk bitrate: 17 3000000
Buffer size: 18 72001
Download Time: 1140424
Chunk bitrate: 18 3000000
Buffer size: 19 76001
Download Time: 647406
Chunk bitrate: 19 3000000
Buffer size: 20 80001
Download Time: 983691
Chunk bitrate: 20 3000000
Buffer size: 21 84001
Download Time: 603179
Chunk bitrate: 21 3000000
Buffer size: 22 88001
Download Time: 893550
Chunk bitrate: 22 3000000
Buffer size: 23 92001
Download Time: 1174713
Chunk bitrate: 23 3000000
Buffer size: 24 96001
Download Time: 1045505
Chunk bitrate: 24 3000000
Buffer size: 25 100001
Download Time: 1031215
Chunk bitrate: 25 3000000
Buffer size: 26 104001
Download Time: 976731
Chunk bitrate: 26 3000000
Buffer size: 27 108001
Download Time: 621252
Chunk bitrate: 27 3000000
Buffer size: 28 112001
Download Time: 973442
Chunk bitrate: 28 3000000
Buffer size: 29 116001
Download Time: 1209990
Chunk bitrate: 29 3000000
Buffer size: 30 120001
Download Time: 754739
Chunk bitrate: 30 3000000
Buffer size: 31 124001
Download Time: 765765
Chunk bitrate: 31 3000000
Buffer size: 32 128001
Download Time: 1242024
Chunk bitrate: 32 3000000
Buffer size: 33 132001
Download Time: 1163088
Chunk bitrate: 33 3000000
Buffer size: 34 136001
Download Time: 1135225
Chunk bitrate: 34 3000000
Buffer size: 35 140001
Download Time: 1035642
Chunk bitrate: 35 3000000
Buffer size: 36 144001
Download Time: 835124
Chunk bitrate: 36 3000000
Buffer size: 37 148001
Download Time: 1239397
Chunk bitrate: 37 3000000
Buffer size: 38 152001
Download Time: 1173785
Chunk bitrate: 38 3000000
Buffer size: 39 156001
Download Time: 1014338
Chunk bitrate: 39 3000000
Buffer size: 40 160001
Download Time: 869788
Chunk bitrate: 40 3000000
Buffer size: 41 164001
Download Time: 1174753
Chunk bitrate: 41 3000000
Buffer size: 42 168001
Download Time: 975740
Chunk bitrate: 42 3000000
Buffer size: 43 172001
Download Time: 1203322
Chunk bitrate: 43 3000000
Buffer size: 44 176001
Download Time: 881995
Chunk bitrate: 44 3000000
Buffer size: 45 180001
Download Time: 1052822
Chunk bitrate: 45 3000000
Buffer size: 46 184001
Download Time: 1121225
Chunk bitrate: 46 3000000
Buffer size: 47 188001
Download Time: 1047501
Chunk bitrate: 47 3000000
Buffer size: 48 192001
Download Time: 875640
Chunk bitrate: 48 3000000
Buffer size: 49 196001
Download Time: 1238571
Chunk bitrate: 49 3000000
Buffer size: 50 200001
Download Time: 939227
Chunk bitrate: 50 3000000
Buffer size: 51 204001
Download Time: 777061
Chunk bitrate: 51 3000000
Buffer size: 52 208001
Download Time: 1136963
Chunk bitrate: 52 3000000
Buffer size: 53 212001
Download Time: 1074123
Chunk bitrate: 53 3000000
Buffer size: 54 216001
Download Time: 1137371
Chunk bitrate: 54 3000000
Buffer size: 55 220001
Download Time: 1025271
Chunk bitrate: 55 3000000
Buffer size: 56 224001
Download Time: 1121381
Chunk bitrate: 56 3000000
Buffer size: 57 228001
Download Time: 865483
Chunk bitrate: 57 2000000
Buffer size: 57 232001
Chunk bitrate: 57 2000000
Buffer size: 58 232001
Download Time: 835680
Chunk bitrate: 58 1000000
Buffer size: 58 236001
Chunk bitrate: 58 1000000
Buffer size: 59 236001
Download Time: 1696213
Chunk bitrate: 59 1000000
Buffer size: 60 240001
Download Time: 1284933
Chunk bitrate: 60 1000000
Buffer size: 61 244001
Download Time: 1507232
Chunk bitrate: 61 1000000
Buffer size: 62 248001
Download Time: 601319
Chunk bitrate: 62 1000000
Buffer size: 63 252001
Download Time: 452275
Chunk bitrate: 63 1000000
Buffer size: 64 256001
Download Time: 832028
Chunk bitrate: 64 1000000
Buffer size: 65 260001
[00007fe8c4003378] ps mux: Close
[00007fe8c8008958] idummy demux: command `quit'
[0000000001e7c1e8] [cli] lua interface error: Error loading script /home/cs244/vlc/share/lua/intf/cli.luac: lua/intf/modules/host.lua:286: Interrupted.
