[00000000023481e8] core interface error: no suitable interface module
[000000000227f338] core libvlc error: interface "globalhotkeys,none" initialization failed
[00000000023481e8] dbus interface error: Failed to connect to the D-Bus session daemon: Unable to autolaunch a dbus-daemon without a $DISPLAY for X11
[00000000023481e8] core interface error: no suitable interface module
[000000000227f338] core libvlc error: interface "dbus,none" initialization failed
[000000000227f338] core libvlc: Running vlc with the default interface. Use 'cvlc' to use vlc without interface.
[00000000023481e8] qt interface error: Could not connect to X server
[00000000023481e8] skins2 interface error: cannot initialize OSFactory
[00000000023481e8] [cli] lua interface: Listening on host "*console".
VLC media player 3.0.0-git Vetinari
Command Line Interface initialized. Type `help' for help.
> [00007f6eb4003378] ps mux: Open
making a DASHManager
new ratebased adaptionlogic
Chunk bitrate: 0 349952
Buffer size: 0 0
Chunk bitrate: 0 349952
Buffer size: 0 0
[00007f6eb401a2a8] mp4 demux: Fragment sequence discontinuity detected 0 != 2
Download Time: 880980
[00007f6eb4024418] mp4 demux: Fragment sequence discontinuity detected 0 != 2
Startup Time: 1050000
Chunk bitrate: 0 1000000
Buffer size: 0 4001
Chunk bitrate: 0 1000000
Buffer size: 1 4001
Download Time: 2418256
Chunk bitrate: 1 1000000
Buffer size: 2 8001
Download Time: 1556928
Chunk bitrate: 2 1000000
Buffer size: 3 12001
Download Time: 1548030
Chunk bitrate: 3 1000000
Buffer size: 4 16001
Download Time: 1311904
Chunk bitrate: 4 1000000
Buffer size: 5 20001
Download Time: 1579958
Chunk bitrate: 5 3000000
Buffer size: 5 24001
Chunk bitrate: 5 3000000
Buffer size: 6 24001
Download Time: 1684215
Chunk bitrate: 6 3000000
Buffer size: 7 28001
Download Time: 1653757
Chunk bitrate: 7 3000000
Buffer size: 8 32001
Download Time: 6382858
Chunk bitrate: 8 1000000
Buffer size: 8 36001
Chunk bitrate: 8 1000000
Buffer size: 9 36001
Download Time: 2207914
Chunk bitrate: 9 1000000
Buffer size: 10 40001
Download Time: 1927025
Chunk bitrate: 10 1000000
Buffer size: 11 44001
Download Time: 1519778
Chunk bitrate: 11 1000000
Buffer size: 12 48001
Download Time: 1728591
Chunk bitrate: 12 1000000
Buffer size: 13 52001
Download Time: 1551963
Chunk bitrate: 13 1000000
Buffer size: 14 56001
Download Time: 800049
Chunk bitrate: 14 3000000
Buffer size: 14 60001
Chunk bitrate: 14 3000000
Buffer size: 15 60001
Download Time: 1774325
Chunk bitrate: 15 3000000
Buffer size: 16 64001
Download Time: 2188684
Chunk bitrate: 16 3000000
Buffer size: 17 68001
Download Time: 6049291
Chunk bitrate: 17 1000000
Buffer size: 17 72001
Chunk bitrate: 17 1000000
Buffer size: 18 72001
Download Time: 2310007
Chunk bitrate: 18 1000000
Buffer size: 19 76001
Download Time: 1272988
Chunk bitrate: 19 1000000
Buffer size: 20 80001
Download Time: 1533917
Chunk bitrate: 20 1000000
Buffer size: 21 84001
Download Time: 947442
Chunk bitrate: 21 1000000
Buffer size: 22 88001
Download Time: 1316702
Chunk bitrate: 22 1000000
Buffer size: 23 92001
Download Time: 1534270
Chunk bitrate: 23 2000000
Buffer size: 23 96001
Chunk bitrate: 23 2000000
Buffer size: 24 96001
Download Time: 2085305
Chunk bitrate: 24 2000000
Buffer size: 25 100001
Download Time: 2070567
Chunk bitrate: 25 2000000
Buffer size: 26 104001
Download Time: 1350808
Chunk bitrate: 26 3000000
Buffer size: 26 108001
Chunk bitrate: 26 3000000
Buffer size: 27 108001
Download Time: 1238213
Chunk bitrate: 27 3000000
Buffer size: 28 112001
Download Time: 1944140
Chunk bitrate: 28 3000000
Buffer size: 29 116001
Download Time: 5873597
Chunk bitrate: 29 2000000
Buffer size: 29 120001
Download Time: 11401
Chunk bitrate: 29 2000000
Buffer size: 30 120001
Download Time: 1600007
Chunk bitrate: 30 2000000
Buffer size: 31 124001
Download Time: 1737925
Chunk bitrate: 31 2000000
Buffer size: 32 128001
Download Time: 2125376
Chunk bitrate: 32 3000000
Buffer size: 32 132001
Chunk bitrate: 32 3000000
Buffer size: 33 132001
Download Time: 2321447
Chunk bitrate: 33 3000000
Buffer size: 34 136001
Download Time: 3473080
Chunk bitrate: 34 1000000
Buffer size: 34 140001
Chunk bitrate: 34 1000000
Buffer size: 35 140001
Download Time: 1740314
Chunk bitrate: 35 1000000
Buffer size: 36 144001
Download Time: 1538267
Chunk bitrate: 36 1000000
Buffer size: 37 148001
Download Time: 2450454
Chunk bitrate: 37 1000000
Buffer size: 38 152001
Download Time: 1816953
Chunk bitrate: 38 1000000
Buffer size: 39 156001
Download Time: 665514
Chunk bitrate: 39 3000000
Buffer size: 39 160001
Chunk bitrate: 39 3000000
Buffer size: 40 160001
Download Time: 1734050
Chunk bitrate: 40 3000000
Buffer size: 41 164001
Download Time: 2343871
Chunk bitrate: 41 3000000
Buffer size: 42 168001
Download Time: 1945552
Chunk bitrate: 42 3000000
Buffer size: 43 172001
Download Time: 2399239
Chunk bitrate: 43 3000000
Buffer size: 44 176001
Download Time: 4561770
Chunk bitrate: 44 1000000
Buffer size: 44 180001
Chunk bitrate: 44 1000000
Buffer size: 45 180001
Download Time: 1626332
Chunk bitrate: 45 1000000
Buffer size: 46 184001
Download Time: 1465811
Chunk bitrate: 46 1000000
Buffer size: 47 188001
Download Time: 1511479
Chunk bitrate: 47 1000000
Buffer size: 48 192001
Download Time: 1001282
Chunk bitrate: 48 2000000
Buffer size: 48 196001
Chunk bitrate: 48 2000000
Buffer size: 49 196001
Download Time: 2457337
Chunk bitrate: 49 2000000
Buffer size: 50 200001
Download Time: 2035727
Chunk bitrate: 50 2000000
Buffer size: 51 204001
Download Time: 1107002
Chunk bitrate: 51 3000000
Buffer size: 51 208001
Chunk bitrate: 51 3000000
Buffer size: 52 208001
Download Time: 2270009
Chunk bitrate: 52 3000000
Buffer size: 53 212001
Download Time: 3127470
Chunk bitrate: 53 1000000
Buffer size: 53 216001
Chunk bitrate: 53 1000000
Buffer size: 54 216001
Download Time: 2005036
Chunk bitrate: 54 1000000
Buffer size: 55 220001
Download Time: 1676518
Chunk bitrate: 55 1000000
Buffer size: 56 224001
Download Time: 1593312
Chunk bitrate: 56 1000000
Buffer size: 57 228001
Download Time: 968904
Chunk bitrate: 57 1000000
Buffer size: 58 232001
Download Time: 445476
Chunk bitrate: 58 1000000
Buffer size: 59 236001
Download Time: 1523768
Chunk bitrate: 59 2000000
Buffer size: 59 240001
Chunk bitrate: 59 2000000
Buffer size: 60 240001
Download Time: 1895827
[00007f6eb4003378] core mux error: cannot add this stream
[00007f6eb422e468] core decoder error: cannot create packetizer output (h264)
Chunk bitrate: 60 2000000
Buffer size: 61 244001
Download Time: 2029333
Chunk bitrate: 61 2000000
Buffer size: 62 248001
Download Time: 543654
Chunk bitrate: 62 3000000
Buffer size: 62 252001
Chunk bitrate: 62 3000000
Buffer size: 63 252001
Download Time: 450435
[00007f6eb4003378] core mux error: cannot add this stream
[00007f6eb418fac8] core decoder error: cannot create packetizer output (h264)
Chunk bitrate: 63 3000000
Buffer size: 64 256001
Download Time: 800299
Chunk bitrate: 64 3000000
Buffer size: 65 260001
[00007f6eb4003378] ps mux: Close
[00007f6eb0001558] idummy demux: command `quit'
[00000000023481e8] [cli] lua interface error: Error loading script /home/cs244/vlc/share/lua/intf/cli.luac: lua/intf/modules/host.lua:286: Interrupted.
