[00000000011931e8] core interface error: no suitable interface module
[00000000010ca338] core libvlc error: interface "globalhotkeys,none" initialization failed
[00000000011931e8] dbus interface error: Failed to connect to the D-Bus session daemon: Unable to autolaunch a dbus-daemon without a $DISPLAY for X11
[00000000011931e8] core interface error: no suitable interface module
[00000000010ca338] core libvlc error: interface "dbus,none" initialization failed
[00000000010ca338] core libvlc: Running vlc with the default interface. Use 'cvlc' to use vlc without interface.
[00000000011931e8] qt interface error: Could not connect to X server
[00000000011931e8] skins2 interface error: cannot initialize OSFactory
[00000000011931e8] [cli] lua interface: Listening on host "*console".
VLC media player 3.0.0-git Vetinari
Command Line Interface initialized. Type `help' for help.
> [00007f4588003378] ps mux: Open
making a DASHManager
new ratebased adaptionlogic
Chunk bitrate: 0 349952
Buffer size: 0 0
Chunk bitrate: 0 349952
Buffer size: 0 0
[00007f4588024ad8] mp4 demux: Fragment sequence discontinuity detected 0 != 2
Download Time: 2057482
[00007f45880279f8] mp4 demux: Fragment sequence discontinuity detected 0 != 2
Startup Time: 1050000
Chunk bitrate: 0 349952
Buffer size: 1 4001
Download Time: 2164431
Chunk bitrate: 1 349952
Buffer size: 2 8001
Download Time: 1245616
Chunk bitrate: 2 349952
Buffer size: 3 12001
Download Time: 1882650
Chunk bitrate: 3 349952
Buffer size: 4 16001
Download Time: 1077285
Chunk bitrate: 4 2000000
Buffer size: 4 20001
Chunk bitrate: 4 2000000
Buffer size: 5 20001
Download Time: 1716081
Chunk bitrate: 5 3000000
Buffer size: 5 24001
Chunk bitrate: 5 3000000
Buffer size: 6 24001
Download Time: 1682887
Chunk bitrate: 6 3000000
Buffer size: 7 28001
Download Time: 2128711
Chunk bitrate: 7 1000000
Buffer size: 7 32001
Chunk bitrate: 7 1000000
Buffer size: 8 32001
Download Time: 2069368
Chunk bitrate: 8 1000000
Buffer size: 9 36001
Download Time: 1839845
Chunk bitrate: 9 2000000
Buffer size: 9 40001
Chunk bitrate: 9 2000000
Buffer size: 10 40001
Download Time: 1383449
Chunk bitrate: 10 3000000
Buffer size: 10 44001
Chunk bitrate: 10 3000000
Buffer size: 11 44001
Download Time: 1919436
Chunk bitrate: 11 3000000
Buffer size: 12 48001
Download Time: 2655232
Chunk bitrate: 12 3000000
Buffer size: 13 52001
Download Time: 2225552
Chunk bitrate: 13 3000000
Buffer size: 14 56001
Download Time: 1709467
Chunk bitrate: 14 3000000
Buffer size: 15 60001
Download Time: 888283
Chunk bitrate: 15 3000000
Buffer size: 16 64001
Download Time: 1096707
Chunk bitrate: 16 3000000
Buffer size: 17 68001
Download Time: 913861
Chunk bitrate: 17 3000000
Buffer size: 18 72001
Download Time: 1141198
Chunk bitrate: 18 3000000
Buffer size: 19 76001
Download Time: 701401
Chunk bitrate: 19 2000000
Buffer size: 19 80001
Chunk bitrate: 19 2000000
Buffer size: 20 80001
Download Time: 2864212
Chunk bitrate: 20 1000000
Buffer size: 20 84001
Chunk bitrate: 20 1000000
Buffer size: 21 84001
Download Time: 948180
Chunk bitrate: 21 1000000
Buffer size: 22 88001
Download Time: 1051899
Chunk bitrate: 22 3000000
Buffer size: 22 92001
Chunk bitrate: 22 3000000
Buffer size: 23 92001
Download Time: 2343451
Chunk bitrate: 23 3000000
Buffer size: 24 96001
Download Time: 2085743
Chunk bitrate: 24 3000000
Buffer size: 25 100001
Download Time: 2058549
Chunk bitrate: 25 3000000
Buffer size: 26 104001
Download Time: 1947539
Chunk bitrate: 26 3000000
Buffer size: 27 108001
Download Time: 1123387
Chunk bitrate: 27 3000000
Buffer size: 28 112001
Download Time: 974055
Chunk bitrate: 28 3000000
Buffer size: 29 116001
Download Time: 1209976
Chunk bitrate: 29 3000000
Buffer size: 30 120001
Download Time: 755387
Chunk bitrate: 30 3000000
Buffer size: 31 124001
Download Time: 765369
Chunk bitrate: 31 3000000
Buffer size: 32 128001
Download Time: 1915275
Chunk bitrate: 32 2000000
Buffer size: 32 132001
Chunk bitrate: 32 2000000
Buffer size: 33 132001
Download Time: 2823270
Chunk bitrate: 33 1000000
Buffer size: 33 136001
Chunk bitrate: 33 1000000
Buffer size: 34 136001
Download Time: 1323720
Chunk bitrate: 34 3000000
Buffer size: 34 140001
Chunk bitrate: 34 3000000
Buffer size: 35 140001
Download Time: 2069392
Chunk bitrate: 35 3000000
Buffer size: 36 144001
Download Time: 1664771
Chunk bitrate: 36 3000000
Buffer size: 37 148001
Download Time: 1647070
Chunk bitrate: 37 3000000
Buffer size: 38 152001
Download Time: 1171767
Chunk bitrate: 38 3000000
Buffer size: 39 156001
Download Time: 1014223
Chunk bitrate: 39 3000000
Buffer size: 40 160001
Download Time: 869993
Chunk bitrate: 40 3000000
Buffer size: 41 164001
Download Time: 1173833
Chunk bitrate: 41 3000000
Buffer size: 42 168001
Download Time: 975489
Chunk bitrate: 42 3000000
Buffer size: 43 172001
Download Time: 1202649
Chunk bitrate: 43 3000000
Buffer size: 44 176001
Download Time: 882796
Chunk bitrate: 44 3000000
Buffer size: 45 180001
Download Time: 1051697
Chunk bitrate: 45 3000000
Buffer size: 46 184001
Download Time: 2873298
Chunk bitrate: 46 1000000
Buffer size: 46 188001
Chunk bitrate: 46 1000000
Buffer size: 47 188001
Download Time: 1512117
Chunk bitrate: 47 1000000
Buffer size: 48 192001
Download Time: 1015576
Chunk bitrate: 48 3000000
Buffer size: 48 196001
Chunk bitrate: 48 3000000
Buffer size: 49 196001
Download Time: 2471936
Chunk bitrate: 49 3000000
Buffer size: 50 200001
Download Time: 1874915
Chunk bitrate: 50 3000000
Buffer size: 51 204001
Download Time: 975901
Chunk bitrate: 51 3000000
Buffer size: 52 208001
Download Time: 1136823
Chunk bitrate: 52 3000000
Buffer size: 53 212001
Download Time: 1074048
Chunk bitrate: 53 3000000
Buffer size: 54 216001
Download Time: 1138733
Chunk bitrate: 54 3000000
Buffer size: 55 220001
Download Time: 1025401
Chunk bitrate: 55 3000000
Buffer size: 56 224001
Download Time: 1122149
Chunk bitrate: 56 3000000
Buffer size: 57 228001
Download Time: 774377
Chunk bitrate: 57 3000000
Buffer size: 58 232001
Download Time: 328115
Chunk bitrate: 58 3000000
Buffer size: 59 236001
Download Time: 1198678
Chunk bitrate: 59 3000000
Buffer size: 60 240001
Download Time: 914720
Chunk bitrate: 60 3000000
Buffer size: 61 244001
Download Time: 2599135
Chunk bitrate: 61 2000000
Buffer size: 61 248001
Chunk bitrate: 61 2000000
Buffer size: 62 248001
Download Time: 883911
Chunk bitrate: 62 1000000
Buffer size: 62 252001
Chunk bitrate: 62 1000000
Buffer size: 63 252001
Download Time: 363989
Chunk bitrate: 63 1000000
Buffer size: 64 256001
Download Time: 667422
Chunk bitrate: 64 1000000
Buffer size: 65 260001
[00007f4588003378] ps mux: Close
[00007f458c0010a8] idummy demux: command `quit'
[00000000011931e8] [cli] lua interface error: Error loading script /home/cs244/vlc/share/lua/intf/cli.luac: lua/intf/modules/host.lua:286: Interrupted.
