[000000000227a1e8] core interface error: no suitable interface module
[00000000021b1338] core libvlc error: interface "globalhotkeys,none" initialization failed
[000000000227a1e8] dbus interface error: Failed to connect to the D-Bus session daemon: Unable to autolaunch a dbus-daemon without a $DISPLAY for X11
[000000000227a1e8] core interface error: no suitable interface module
[00000000021b1338] core libvlc error: interface "dbus,none" initialization failed
[00000000021b1338] core libvlc: Running vlc with the default interface. Use 'cvlc' to use vlc without interface.
[000000000227a1e8] qt interface error: Could not connect to X server
[000000000227a1e8] skins2 interface error: cannot initialize OSFactory
[000000000227a1e8] [cli] lua interface: Listening on host "*console".
VLC media player 3.0.0-git Vetinari
Command Line Interface initialized. Type `help' for help.
> [00007f2960003378] ps mux: Open
making a DASHManager
new ratebased adaptionlogic
Chunk bitrate: 0 349952
Buffer size: 0 0
Chunk bitrate: 0 349952
Buffer size: 0 0
[00007f2960027198] mp4 demux: Fragment sequence discontinuity detected 0 != 2
Download Time: 1449435
[00007f2960016d68] mp4 demux: Fragment sequence discontinuity detected 0 != 2
Startup Time: 1050000
Chunk bitrate: 0 600000
Buffer size: 0 4001
Chunk bitrate: 0 600000
Buffer size: 1 4001
Download Time: 2569606
Chunk bitrate: 1 600000
Buffer size: 2 8001
Download Time: 1295971
Chunk bitrate: 2 1000000
Buffer size: 2 12001
Chunk bitrate: 2 1000000
Buffer size: 3 12001
Download Time: 2695069
Chunk bitrate: 3 1000000
Buffer size: 4 16001
Download Time: 2098465
Chunk bitrate: 4 1000000
Buffer size: 5 20001
Download Time: 2564588
Chunk bitrate: 5 1000000
Buffer size: 6 24001
Download Time: 2146057
Chunk bitrate: 6 600000
Buffer size: 6 28001
Chunk bitrate: 6 600000
Buffer size: 7 28001
Download Time: 2078847
Chunk bitrate: 7 600000
Buffer size: 8 32001
Download Time: 2062286
Chunk bitrate: 8 1000000
Buffer size: 8 36001
Chunk bitrate: 8 1000000
Buffer size: 9 36001
Download Time: 2568024
Chunk bitrate: 9 1000000
Buffer size: 10 40001
Download Time: 2379834
Chunk bitrate: 10 600000
Buffer size: 10 44001
Chunk bitrate: 10 600000
Buffer size: 11 44001
Download Time: 1416172
Chunk bitrate: 11 600000
Buffer size: 12 48001
Download Time: 1930679
Chunk bitrate: 12 600000
Buffer size: 13 52001
Download Time: 1993546
Chunk bitrate: 13 600000
Buffer size: 14 56001
Download Time: 1949428
Chunk bitrate: 14 600000
Buffer size: 15 60001
Download Time: 1526404
Chunk bitrate: 15 1000000
Buffer size: 15 64001
Chunk bitrate: 15 1000000
Buffer size: 16 64001
Download Time: 2680098
Chunk bitrate: 16 1000000
Buffer size: 17 68001
Download Time: 1919130
Chunk bitrate: 17 1000000
Buffer size: 18 72001
Download Time: 1915443
Chunk bitrate: 18 1000000
Buffer size: 19 76001
Download Time: 1056805
Chunk bitrate: 19 1000000
Buffer size: 20 80001
Download Time: 1624755
Chunk bitrate: 20 1000000
Buffer size: 21 84001
Download Time: 940287
Chunk bitrate: 21 1000000
Buffer size: 22 88001
Download Time: 1317118
Chunk bitrate: 22 1000000
Buffer size: 23 92001
Download Time: 1659758
Chunk bitrate: 23 2000000
Buffer size: 23 96001
Chunk bitrate: 23 2000000
Buffer size: 24 96001
Download Time: 2082571
Chunk bitrate: 24 2000000
Buffer size: 25 100001
Download Time: 2065356
Chunk bitrate: 25 2000000
Buffer size: 26 104001
Download Time: 1927503
Chunk bitrate: 26 2000000
Buffer size: 27 108001
Download Time: 1297172
Chunk bitrate: 27 2000000
Buffer size: 28 112001
Download Time: 2032512
Chunk bitrate: 28 2000000
Buffer size: 29 116001
Download Time: 1695948
Chunk bitrate: 29 3000000
Buffer size: 29 120001
Chunk bitrate: 29 3000000
Buffer size: 30 120001
Download Time: 1506463
Chunk bitrate: 30 3000000
Buffer size: 31 124001
Download Time: 1525531
Chunk bitrate: 31 3000000
Buffer size: 32 128001
Download Time: 2480148
Chunk bitrate: 32 3000000
Buffer size: 33 132001
Download Time: 2321400
Chunk bitrate: 33 3000000
Buffer size: 34 136001
Download Time: 3228505
Chunk bitrate: 34 2000000
Buffer size: 34 140001
Chunk bitrate: 34 2000000
Buffer size: 35 140001
Download Time: 2173562
Chunk bitrate: 35 3000000
Buffer size: 35 144001
Chunk bitrate: 35 3000000
Buffer size: 36 144001
Download Time: 1666331
Chunk bitrate: 36 3000000
Buffer size: 37 148001
Download Time: 2478318
Chunk bitrate: 37 3000000
Buffer size: 38 152001
Download Time: 1417341
Chunk bitrate: 38 3000000
Buffer size: 39 156001
Download Time: 1013559
Chunk bitrate: 39 3000000
Buffer size: 40 160001
Download Time: 869181
Chunk bitrate: 40 3000000
Buffer size: 41 164001
Download Time: 1174088
Chunk bitrate: 41 3000000
Buffer size: 42 168001
Download Time: 1146575
Chunk bitrate: 42 2000000
Buffer size: 42 172001
Chunk bitrate: 42 2000000
Buffer size: 43 172001
Download Time: 3255855
Chunk bitrate: 43 1000000
Buffer size: 43 176001
Chunk bitrate: 43 1000000
Buffer size: 44 176001
Download Time: 1235502
Chunk bitrate: 44 2000000
Buffer size: 44 180001
Chunk bitrate: 44 2000000
Buffer size: 45 180001
Download Time: 2016052
Chunk bitrate: 45 2000000
Buffer size: 46 184001
Download Time: 2274431
Chunk bitrate: 46 2000000
Buffer size: 47 188001
Download Time: 1473923
Chunk bitrate: 47 3000000
Buffer size: 47 192001
Chunk bitrate: 47 3000000
Buffer size: 48 192001
Download Time: 1750190
Chunk bitrate: 48 3000000
Buffer size: 49 196001
Download Time: 2474404
Chunk bitrate: 49 3000000
Buffer size: 50 200001
Download Time: 1874397
Chunk bitrate: 50 3000000
Buffer size: 51 204001
Download Time: 1547730
Chunk bitrate: 51 3000000
Buffer size: 52 208001
Download Time: 3392479
Chunk bitrate: 52 2000000
Buffer size: 52 212001
Chunk bitrate: 52 2000000
Buffer size: 53 212001
Download Time: 2608325
Chunk bitrate: 53 2000000
Buffer size: 54 216001
Download Time: 2235796
Chunk bitrate: 54 2000000
Buffer size: 55 220001
Download Time: 2148993
Chunk bitrate: 55 2000000
Buffer size: 56 224001
Download Time: 1774892
Chunk bitrate: 56 3000000
Buffer size: 56 228001
Chunk bitrate: 56 3000000
Buffer size: 57 228001
Download Time: 1546913
[00007f2960003378] core mux error: cannot add this stream
[00007f29602146e8] core decoder error: cannot create packetizer output (h264)
Chunk bitrate: 57 3000000
Buffer size: 58 232001
Download Time: 652614
Chunk bitrate: 58 3000000
Buffer size: 59 236001
Download Time: 1834717
Chunk bitrate: 59 3000000
Buffer size: 60 240001
Download Time: 915246
Chunk bitrate: 60 3000000
Buffer size: 61 244001
Download Time: 954867
Chunk bitrate: 61 3000000
Buffer size: 62 248001
Download Time: 321567
Chunk bitrate: 62 3000000
Buffer size: 63 252001
Download Time: 226357
Chunk bitrate: 63 3000000
Buffer size: 64 256001
Download Time: 402330
Chunk bitrate: 64 3000000
Buffer size: 65 260001
[00007f2960003378] ps mux: Close
[00007f29600853e8] idummy demux: command `quit'
[000000000227a1e8] [cli] lua interface error: Error loading script /home/cs244/vlc/share/lua/intf/cli.luac: lua/intf/modules/host.lua:286: Interrupted.
