[0000000001f951e8] core interface error: no suitable interface module
[0000000001ecc338] core libvlc error: interface "globalhotkeys,none" initialization failed
[0000000001f951e8] dbus interface error: Failed to connect to the D-Bus session daemon: Unable to autolaunch a dbus-daemon without a $DISPLAY for X11
[0000000001f951e8] core interface error: no suitable interface module
[0000000001ecc338] core libvlc error: interface "dbus,none" initialization failed
[0000000001ecc338] core libvlc: Running vlc with the default interface. Use 'cvlc' to use vlc without interface.
[0000000001f951e8] qt interface error: Could not connect to X server
[0000000001f951e8] skins2 interface error: cannot initialize OSFactory
[0000000001f951e8] [cli] lua interface: Listening on host "*console".
VLC media player 3.0.0-git Vetinari
Command Line Interface initialized. Type `help' for help.
> [00007f6170003378] ps mux: Open
making a DASHManager
new ratebased adaptionlogic
Chunk bitrate: 0 349952
Buffer size: 0 0
Chunk bitrate: 0 349952
Buffer size: 0 0
[00007f6170024738] mp4 demux: Fragment sequence discontinuity detected 0 != 2
Download Time: 588106
[00007f6170025248] mp4 demux: Fragment sequence discontinuity detected 0 != 2
Startup Time: 1050000
Chunk bitrate: 0 1000000
Buffer size: 0 4001
Chunk bitrate: 0 1000000
Buffer size: 1 4001
Download Time: 1611958
Chunk bitrate: 1 1000000
Buffer size: 2 8001
Download Time: 1171131
Chunk bitrate: 2 1000000
Buffer size: 3 12001
Download Time: 1428163
Chunk bitrate: 3 2000000
Buffer size: 3 16001
Chunk bitrate: 3 2000000
Buffer size: 4 16001
Download Time: 1880541
Chunk bitrate: 4 2000000
Buffer size: 5 20001
Download Time: 2574353
Chunk bitrate: 5 3000000
Buffer size: 5 24001
Chunk bitrate: 5 3000000
Buffer size: 6 24001
Download Time: 1684149
Chunk bitrate: 6 3000000
Buffer size: 7 28001
Download Time: 1652603
Chunk bitrate: 7 3000000
Buffer size: 8 32001
Download Time: 5951447
Chunk bitrate: 8 600000
Buffer size: 8 36001
Chunk bitrate: 8 600000
Buffer size: 9 36001
Download Time: 1099875
Chunk bitrate: 9 1000000
Buffer size: 9 40001
Chunk bitrate: 9 1000000
Buffer size: 10 40001
Download Time: 1287068
Chunk bitrate: 10 1000000
Buffer size: 11 44001
Download Time: 1398466
Chunk bitrate: 11 1000000
Buffer size: 12 48001
Download Time: 1600802
Chunk bitrate: 12 2000000
Buffer size: 12 52001
Chunk bitrate: 12 2000000
Buffer size: 13 52001
Download Time: 2184216
Chunk bitrate: 13 2000000
Buffer size: 14 56001
Download Time: 2049055
Chunk bitrate: 14 2000000
Buffer size: 15 60001
Download Time: 1262633
Chunk bitrate: 15 3000000
Buffer size: 15 64001
Chunk bitrate: 15 3000000
Buffer size: 16 64001
Download Time: 2189339
Chunk bitrate: 16 3000000
Buffer size: 17 68001
Download Time: 2216161
Chunk bitrate: 17 1000000
Buffer size: 17 72001
Chunk bitrate: 17 1000000
Buffer size: 18 72001
Download Time: 1924232
Chunk bitrate: 18 1000000
Buffer size: 19 76001
Download Time: 1065473
Chunk bitrate: 19 1000000
Buffer size: 20 80001
Download Time: 1649412
Chunk bitrate: 20 1000000
Buffer size: 21 84001
Download Time: 947618
Chunk bitrate: 21 1000000
Buffer size: 22 88001
Download Time: 1320919
Chunk bitrate: 22 1000000
Buffer size: 23 92001
Download Time: 1669012
Chunk bitrate: 23 1000000
Buffer size: 24 96001
Download Time: 1172734
Chunk bitrate: 24 2000000
Buffer size: 24 100001
Chunk bitrate: 24 2000000
Buffer size: 25 100001
Download Time: 2069758
Chunk bitrate: 25 2000000
Buffer size: 26 104001
Download Time: 1805576
Chunk bitrate: 26 3000000
Buffer size: 26 108001
Chunk bitrate: 26 3000000
Buffer size: 27 108001
Download Time: 1237924
Chunk bitrate: 27 3000000
Buffer size: 28 112001
Download Time: 1943820
Chunk bitrate: 28 3000000
Buffer size: 29 116001
Download Time: 4450988
Chunk bitrate: 29 1000000
Buffer size: 29 120001
Chunk bitrate: 29 1000000
Buffer size: 30 120001
Download Time: 1656917
Chunk bitrate: 30 1000000
Buffer size: 31 124001
Download Time: 1234641
Chunk bitrate: 31 1000000
Buffer size: 32 128001
Download Time: 1701054
Chunk bitrate: 32 1000000
Buffer size: 33 132001
Download Time: 1460351
Chunk bitrate: 33 1000000
Buffer size: 34 136001
Download Time: 1271045
Chunk bitrate: 34 2000000
Buffer size: 34 140001
Chunk bitrate: 34 2000000
Buffer size: 35 140001
Download Time: 2247545
Chunk bitrate: 35 2000000
Buffer size: 36 144001
Download Time: 1627363
Chunk bitrate: 36 3000000
Buffer size: 36 148001
Chunk bitrate: 36 3000000
Buffer size: 37 148001
Download Time: 2475987
Chunk bitrate: 37 3000000
Buffer size: 38 152001
Download Time: 2362214
Chunk bitrate: 38 3000000
Buffer size: 39 156001
Download Time: 5038002
Chunk bitrate: 39 1000000
Buffer size: 39 160001
Chunk bitrate: 39 1000000
Buffer size: 40 160001
Download Time: 1143214
Chunk bitrate: 40 1000000
Buffer size: 41 164001
Download Time: 1585373
Chunk bitrate: 41 1000000
Buffer size: 42 168001
Download Time: 1396868
Chunk bitrate: 42 1000000
Buffer size: 43 172001
Download Time: 983882
Chunk bitrate: 43 3000000
Buffer size: 43 176001
Chunk bitrate: 43 3000000
Buffer size: 44 176001
Download Time: 1762676
Chunk bitrate: 44 3000000
Buffer size: 45 180001
Download Time: 2099867
Chunk bitrate: 45 3000000
Buffer size: 46 184001
Download Time: 5674528
Chunk bitrate: 46 2000000
Buffer size: 46 188001
Chunk bitrate: 46 2000000
Buffer size: 47 188001
Download Time: 1940916
[00007f6170003378] core mux error: cannot add this stream
[00007f61700ff4d8] core decoder error: cannot create packetizer output (h264)
Chunk bitrate: 47 2000000
Buffer size: 48 192001
Download Time: 1782623
Chunk bitrate: 48 2000000
Buffer size: 49 196001
Download Time: 1880063
Chunk bitrate: 49 3000000
Buffer size: 49 200001
Chunk bitrate: 49 3000000
Buffer size: 50 200001
Download Time: 1876114
[00007f6170003378] core mux error: cannot add this stream
[00007f6170164708] core decoder error: cannot create packetizer output (h264)
Chunk bitrate: 50 3000000
Buffer size: 51 204001
Download Time: 1548296
Chunk bitrate: 51 3000000
Buffer size: 52 208001
Download Time: 5287211
Chunk bitrate: 52 1000000
Buffer size: 52 212001
Chunk bitrate: 52 1000000
Buffer size: 53 212001
Download Time: 1292459
[00007f6170003378] core mux error: cannot add this stream
[00007f61700d6418] core decoder error: cannot create packetizer output (h264)
Chunk bitrate: 53 1000000
Buffer size: 54 216001
Download Time: 1604846
Chunk bitrate: 54 1000000
Buffer size: 55 220001
Download Time: 1457049
Chunk bitrate: 55 1000000
Buffer size: 56 224001
Download Time: 549853
Chunk bitrate: 56 3000000
Buffer size: 56 228001
Chunk bitrate: 56 3000000
Buffer size: 57 228001
Download Time: 773844
[00007f6170003378] core mux error: cannot add this stream
[00007f617011ef58] core decoder error: cannot create packetizer output (h264)
Chunk bitrate: 57 3000000
Buffer size: 58 232001
Download Time: 327312
Chunk bitrate: 58 3000000
Buffer size: 59 236001
Download Time: 1199521
Chunk bitrate: 59 3000000
Buffer size: 60 240001
Download Time: 913923
Chunk bitrate: 60 3000000
Buffer size: 61 244001
Download Time: 955910
Chunk bitrate: 61 3000000
Buffer size: 62 248001
Download Time: 396701
Chunk bitrate: 62 2000000
Buffer size: 62 252001
Chunk bitrate: 62 2000000
Buffer size: 63 252001
Download Time: 627662
[00007f6170003378] core mux error: cannot add this stream
[00007f617011bc48] core decoder error: cannot create packetizer output (h264)
Chunk bitrate: 63 1000000
Buffer size: 63 256001
Chunk bitrate: 63 1000000
Buffer size: 64 256001
Download Time: 670984
[00007f6170003378] core mux error: cannot add this stream
[00007f617002b7f8] core decoder error: cannot create packetizer output (h264)
Chunk bitrate: 64 1000000
Buffer size: 65 260001
[00007f6170003378] ps mux: Close
[00007f61780016d8] idummy demux: command `quit'
[0000000001f951e8] [cli] lua interface error: Error loading script /home/cs244/vlc/share/lua/intf/cli.luac: lua/intf/modules/host.lua:286: Interrupted.
