[00000000025c11e8] core interface error: no suitable interface module
[00000000024f8338] core libvlc error: interface "globalhotkeys,none" initialization failed
[00000000025c11e8] dbus interface error: Failed to connect to the D-Bus session daemon: Unable to autolaunch a dbus-daemon without a $DISPLAY for X11
[00000000025c11e8] core interface error: no suitable interface module
[00000000024f8338] core libvlc error: interface "dbus,none" initialization failed
[00000000024f8338] core libvlc: Running vlc with the default interface. Use 'cvlc' to use vlc without interface.
[00000000025c11e8] qt interface error: Could not connect to X server
[00000000025c11e8] skins2 interface error: cannot initialize OSFactory
[00000000025c11e8] [cli] lua interface: Listening on host "*console".
VLC media player 3.0.0-git Vetinari
Command Line Interface initialized. Type `help' for help.
> [00007fc6c8003378] ps mux: Open
making a DASHManager
new ratebased adaptionlogic
Chunk bitrate: 0 349952
Buffer size: 0 0
Chunk bitrate: 0 349952
Buffer size: 0 0
[00007fc6c801a348] mp4 demux: Fragment sequence discontinuity detected 0 != 2
Download Time: 588411
[00007fc6c80180b8] mp4 demux: Fragment sequence discontinuity detected 0 != 2
Startup Time: 1050000
Chunk bitrate: 0 1000000
Buffer size: 0 4001
Chunk bitrate: 0 1000000
Buffer size: 1 4001
Download Time: 1612389
Chunk bitrate: 1 1000000
Buffer size: 2 8001
Download Time: 1169863
Chunk bitrate: 2 1000000
Buffer size: 3 12001
Download Time: 1445473
Chunk bitrate: 3 2000000
Buffer size: 3 16001
Chunk bitrate: 3 2000000
Buffer size: 4 16001
Download Time: 1880510
Chunk bitrate: 4 2000000
Buffer size: 5 20001
Download Time: 2574118
Chunk bitrate: 5 2000000
Buffer size: 6 24001
Download Time: 1061594
Chunk bitrate: 6 3000000
Buffer size: 6 28001
Chunk bitrate: 6 3000000
Buffer size: 7 28001
Download Time: 1653891
Chunk bitrate: 7 3000000
Buffer size: 8 32001
Download Time: 2386912
Chunk bitrate: 8 3000000
Buffer size: 9 36001
Download Time: 960420
Chunk bitrate: 9 3000000
Buffer size: 10 40001
Download Time: 1106897
Chunk bitrate: 10 3000000
Buffer size: 11 44001
Download Time: 963689
Chunk bitrate: 11 3000000
Buffer size: 12 48001
Download Time: 1329532
Chunk bitrate: 12 3000000
Buffer size: 13 52001
Download Time: 3710557
Chunk bitrate: 13 1000000
Buffer size: 13 56001
Chunk bitrate: 13 1000000
Buffer size: 14 56001
Download Time: 1332095
Chunk bitrate: 14 1000000
Buffer size: 15 60001
Download Time: 876622
Chunk bitrate: 15 2000000
Buffer size: 15 64001
Chunk bitrate: 15 2000000
Buffer size: 16 64001
Download Time: 2196414
Chunk bitrate: 16 2000000
Buffer size: 17 68001
Download Time: 1800509
Chunk bitrate: 17 3000000
Buffer size: 17 72001
Chunk bitrate: 17 3000000
Buffer size: 18 72001
Download Time: 2275440
Chunk bitrate: 18 3000000
Buffer size: 19 76001
Download Time: 1289408
Chunk bitrate: 19 3000000
Buffer size: 20 80001
Download Time: 1589760
Chunk bitrate: 20 3000000
Buffer size: 21 84001
Download Time: 602949
Chunk bitrate: 21 3000000
Buffer size: 22 88001
Download Time: 892119
Chunk bitrate: 22 3000000
Buffer size: 23 92001
Download Time: 1174386
Chunk bitrate: 23 3000000
Buffer size: 24 96001
Download Time: 1045804
Chunk bitrate: 24 3000000
Buffer size: 25 100001
Download Time: 1887007
Chunk bitrate: 25 2000000
Buffer size: 25 104001
Chunk bitrate: 25 2000000
Buffer size: 26 104001
Download Time: 2572551
Chunk bitrate: 26 1000000
Buffer size: 26 108001
Chunk bitrate: 26 1000000
Buffer size: 27 108001
Download Time: 800375
Chunk bitrate: 27 1000000
Buffer size: 28 112001
Download Time: 1220971
Chunk bitrate: 28 2000000
Buffer size: 28 116001
Chunk bitrate: 28 2000000
Buffer size: 29 116001
Download Time: 2466192
Chunk bitrate: 29 2000000
Buffer size: 30 120001
Download Time: 1599845
Chunk bitrate: 30 2000000
Buffer size: 31 124001
Download Time: 1739960
Chunk bitrate: 31 2000000
Buffer size: 32 128001
Download Time: 2671963
Chunk bitrate: 32 2000000
Buffer size: 33 132001
Download Time: 1430837
Chunk bitrate: 33 3000000
Buffer size: 33 136001
Chunk bitrate: 33 3000000
Buffer size: 34 136001
Download Time: 2269972
Chunk bitrate: 34 3000000
Buffer size: 35 140001
Download Time: 1654474
Chunk bitrate: 35 3000000
Buffer size: 36 144001
Download Time: 834788
Chunk bitrate: 36 3000000
Buffer size: 37 148001
Download Time: 1240878
Chunk bitrate: 37 3000000
Buffer size: 38 152001
Download Time: 1172868
Chunk bitrate: 38 3000000
Buffer size: 39 156001
Download Time: 1014564
Chunk bitrate: 39 3000000
Buffer size: 40 160001
Download Time: 1570135
Chunk bitrate: 40 3000000
Buffer size: 41 164001
Download Time: 2344997
Chunk bitrate: 41 3000000
Buffer size: 42 168001
Download Time: 1501310
Chunk bitrate: 42 3000000
Buffer size: 43 172001
Download Time: 1202526
Chunk bitrate: 43 3000000
Buffer size: 44 176001
Download Time: 882609
Chunk bitrate: 44 3000000
Buffer size: 45 180001
Download Time: 1051621
Chunk bitrate: 45 3000000
Buffer size: 46 184001
Download Time: 1127865
Chunk bitrate: 46 3000000
Buffer size: 47 188001
Download Time: 2896962
Chunk bitrate: 47 2000000
Buffer size: 47 192001
Chunk bitrate: 47 2000000
Buffer size: 48 192001
Download Time: 1781684
Chunk bitrate: 48 2000000
Buffer size: 49 196001
Download Time: 1728012
Chunk bitrate: 49 3000000
Buffer size: 49 200001
Chunk bitrate: 49 3000000
Buffer size: 50 200001
Download Time: 1873450
Chunk bitrate: 50 3000000
Buffer size: 51 204001
Download Time: 1549541
Chunk bitrate: 51 3000000
Buffer size: 52 208001
Download Time: 1136554
Chunk bitrate: 52 3000000
Buffer size: 53 212001
Download Time: 1074955
Chunk bitrate: 53 3000000
Buffer size: 54 216001
Download Time: 1137305
Chunk bitrate: 54 3000000
Buffer size: 55 220001
Download Time: 1025309
Chunk bitrate: 55 3000000
Buffer size: 56 224001
Download Time: 2427527
Chunk bitrate: 56 2000000
Buffer size: 56 228001
Chunk bitrate: 56 2000000
Buffer size: 57 228001
Download Time: 1379954
Chunk bitrate: 57 2000000
Buffer size: 58 232001
Download Time: 630383
Chunk bitrate: 58 2000000
Buffer size: 59 236001
Download Time: 2548487
Chunk bitrate: 59 2000000
Buffer size: 60 240001
Download Time: 1896272
Chunk bitrate: 60 2000000
Buffer size: 61 244001
Download Time: 1747174
Chunk bitrate: 61 3000000
Buffer size: 61 248001
Chunk bitrate: 61 3000000
Buffer size: 62 248001
Download Time: 639427
Chunk bitrate: 62 3000000
Buffer size: 63 252001
Download Time: 449929
Chunk bitrate: 63 3000000
Buffer size: 64 256001
Download Time: 800308
Chunk bitrate: 64 3000000
Buffer size: 65 260001
[00007fc6c8003378] ps mux: Close
[00007fc6c8045d38] idummy demux: command `quit'
[00000000025c11e8] [cli] lua interface error: Error loading script /home/cs244/vlc/share/lua/intf/cli.luac: lua/intf/modules/host.lua:286: Interrupted.
