[00000000016761e8] core interface error: no suitable interface module
[00000000015ad338] core libvlc error: interface "globalhotkeys,none" initialization failed
[00000000016761e8] dbus interface error: Failed to connect to the D-Bus session daemon: Unable to autolaunch a dbus-daemon without a $DISPLAY for X11
[00000000016761e8] core interface error: no suitable interface module
[00000000015ad338] core libvlc error: interface "dbus,none" initialization failed
[00000000015ad338] core libvlc: Running vlc with the default interface. Use 'cvlc' to use vlc without interface.
[00000000016761e8] qt interface error: Could not connect to X server
[00000000016761e8] skins2 interface error: cannot initialize OSFactory
[00000000016761e8] [cli] lua interface: Listening on host "*console".
VLC media player 3.0.0-git Vetinari
Command Line Interface initialized. Type `help' for help.
> [00007f7580003378] ps mux: Open
making a DASHManager
new ratebased adaptionlogic
Chunk bitrate: 0 349952
Buffer size: 0 0
Chunk bitrate: 0 349952
Buffer size: 0 0
[00007f7580024b48] mp4 demux: Fragment sequence discontinuity detected 0 != 2
Download Time: 1028259
[00007f7580019738] mp4 demux: Fragment sequence discontinuity detected 0 != 2
Startup Time: 1050000
Chunk bitrate: 0 600000
Buffer size: 0 4001
Chunk bitrate: 0 600000
Buffer size: 1 4001
Download Time: 1812502
Chunk bitrate: 1 1000000
Buffer size: 1 8001
Chunk bitrate: 1 1000000
Buffer size: 2 8001
Download Time: 2051586
Chunk bitrate: 2 1000000
Buffer size: 3 12001
Download Time: 2703395
Chunk bitrate: 3 1000000
Buffer size: 4 16001
Download Time: 2292031
Chunk bitrate: 4 1000000
Buffer size: 5 20001
Download Time: 2992024
Chunk bitrate: 5 1000000
Buffer size: 6 24001
Download Time: 1292090
Chunk bitrate: 6 2000000
Buffer size: 6 28001
Chunk bitrate: 6 2000000
Buffer size: 7 28001
Download Time: 1752328
Chunk bitrate: 7 2000000
Buffer size: 8 32001
Download Time: 2737380
Chunk bitrate: 8 1000000
Buffer size: 8 36001
Chunk bitrate: 8 1000000
Buffer size: 9 36001
Download Time: 2576263
Chunk bitrate: 9 1000000
Buffer size: 10 40001
Download Time: 2154899
Chunk bitrate: 10 1000000
Buffer size: 11 44001
Download Time: 1746637
Chunk bitrate: 11 1000000
Buffer size: 12 48001
Download Time: 2161606
Chunk bitrate: 12 1000000
Buffer size: 13 52001
Download Time: 1355953
Chunk bitrate: 13 2000000
Buffer size: 13 56001
Chunk bitrate: 13 2000000
Buffer size: 14 56001
Download Time: 2049470
Chunk bitrate: 14 2000000
Buffer size: 15 60001
Download Time: 1826832
Chunk bitrate: 15 2000000
Buffer size: 16 64001
Download Time: 2195055
Chunk bitrate: 16 2000000
Buffer size: 17 68001
Download Time: 1822570
Chunk bitrate: 17 2000000
Buffer size: 18 72001
Download Time: 3721702
Chunk bitrate: 18 1000000
Buffer size: 18 76001
Chunk bitrate: 18 1000000
Buffer size: 19 76001
Download Time: 1491136
Chunk bitrate: 19 1000000
Buffer size: 20 80001
Download Time: 1894449
Chunk bitrate: 20 1000000
Buffer size: 21 84001
Download Time: 1181553
Chunk bitrate: 21 1000000
Buffer size: 22 88001
Download Time: 1647323
Chunk bitrate: 22 1000000
Buffer size: 23 92001
Download Time: 1697415
Chunk bitrate: 23 1000000
Buffer size: 24 96001
Download Time: 1561258
Chunk bitrate: 24 1000000
Buffer size: 25 100001
Download Time: 1360912
Chunk bitrate: 25 1000000
Buffer size: 26 104001
Download Time: 791597
Chunk bitrate: 26 3000000
Buffer size: 26 108001
Chunk bitrate: 26 3000000
Buffer size: 27 108001
Download Time: 1240045
Chunk bitrate: 27 3000000
Buffer size: 28 112001
Download Time: 1944544
Chunk bitrate: 28 3000000
Buffer size: 29 116001
Download Time: 6271338
Chunk bitrate: 29 1000000
Buffer size: 29 120001
Chunk bitrate: 29 1000000
Buffer size: 30 120001
Download Time: 1380818
Chunk bitrate: 30 1000000
Buffer size: 31 124001
Download Time: 1544251
Chunk bitrate: 31 1000000
Buffer size: 32 128001
Download Time: 1875269
Chunk bitrate: 32 2000000
Buffer size: 32 132001
Chunk bitrate: 32 2000000
Buffer size: 33 132001
Download Time: 2117923
Chunk bitrate: 33 2000000
Buffer size: 34 136001
Download Time: 2249988
Chunk bitrate: 34 2000000
Buffer size: 35 140001
Download Time: 1503763
Chunk bitrate: 35 3000000
Buffer size: 35 144001
Chunk bitrate: 35 3000000
Buffer size: 36 144001
Download Time: 1665722
Chunk bitrate: 36 3000000
Buffer size: 37 148001
Download Time: 4331390
Chunk bitrate: 37 1000000
Buffer size: 37 152001
Chunk bitrate: 37 1000000
Buffer size: 38 152001
Download Time: 2536453
Chunk bitrate: 38 1000000
Buffer size: 39 156001
Download Time: 1661187
Chunk bitrate: 39 1000000
Buffer size: 40 160001
Download Time: 1426362
Chunk bitrate: 40 1000000
Buffer size: 41 164001
Download Time: 1653560
Chunk bitrate: 41 2000000
Buffer size: 41 168001
Chunk bitrate: 41 2000000
Buffer size: 42 168001
Download Time: 1922736
Chunk bitrate: 42 2000000
Buffer size: 43 172001
Download Time: 2434940
Chunk bitrate: 43 3000000
Buffer size: 43 176001
Chunk bitrate: 43 3000000
Buffer size: 44 176001
Download Time: 1762191
Chunk bitrate: 44 3000000
Buffer size: 45 180001
Download Time: 2100441
Chunk bitrate: 45 3000000
Buffer size: 46 184001
Download Time: 5452383
Chunk bitrate: 46 1000000
Buffer size: 46 188001
Chunk bitrate: 46 1000000
Buffer size: 47 188001
Download Time: 1975867
Chunk bitrate: 47 1000000
Buffer size: 48 192001
Download Time: 1369794
Chunk bitrate: 48 1000000
Buffer size: 49 196001
Download Time: 1808769
Chunk bitrate: 49 2000000
Buffer size: 49 200001
Chunk bitrate: 49 2000000
Buffer size: 50 200001
Download Time: 2037071
Chunk bitrate: 50 2000000
Buffer size: 51 204001
Download Time: 1657363
Chunk bitrate: 51 2000000
Buffer size: 52 208001
Download Time: 1808887
Chunk bitrate: 52 3000000
Buffer size: 52 212001
Chunk bitrate: 52 3000000
Buffer size: 53 212001
Download Time: 2144391
[00007f7580003378] core mux error: cannot add this stream
[00007f758009a5a8] core decoder error: cannot create packetizer output (h264)
Chunk bitrate: 53 3000000
Buffer size: 54 216001
Download Time: 3404214
Chunk bitrate: 54 1000000
Buffer size: 54 220001
Chunk bitrate: 54 1000000
Buffer size: 55 220001
Download Time: 2920134
[00007f7580003378] core mux error: cannot add this stream
[00007f758005b048] core decoder error: cannot create packetizer output (h264)
Chunk bitrate: 55 600000
Buffer size: 55 224001
Chunk bitrate: 55 600000
Buffer size: 56 224001
Download Time: 1326248
[00007f7580003378] core mux error: cannot add this stream
[00007f758016a478] core decoder error: cannot create packetizer output (h264)
Chunk bitrate: 56 1000000
Buffer size: 56 228001
Chunk bitrate: 56 1000000
Buffer size: 57 228001
Download Time: 1452335
[00007f7580003378] core mux error: cannot add this stream
[00007f758019bb08] core decoder error: cannot create packetizer output (h264)
Chunk bitrate: 57 1000000
Buffer size: 58 232001
Download Time: 669127
Chunk bitrate: 58 1000000
Buffer size: 59 236001
Download Time: 1878297
Chunk bitrate: 59 2000000
Buffer size: 59 240001
Chunk bitrate: 59 2000000
Buffer size: 60 240001
Download Time: 1895891
[00007f7580003378] core mux error: cannot add this stream
[00007f75800942b8] core decoder error: cannot create packetizer output (h264)
Chunk bitrate: 60 2000000
Buffer size: 61 244001
Download Time: 2030490
Chunk bitrate: 61 2000000
Buffer size: 62 248001
Download Time: 497298
Chunk bitrate: 62 3000000
Buffer size: 62 252001
Chunk bitrate: 62 3000000
Buffer size: 63 252001
Download Time: 450382
[00007f7580003378] core mux error: cannot add this stream
[00007f75800871e8] core decoder error: cannot create packetizer output (h264)
Chunk bitrate: 63 3000000
Buffer size: 64 256001
Download Time: 800718
Chunk bitrate: 64 3000000
Buffer size: 65 260001
[00007f7580003378] ps mux: Close
[00007f75780010a8] idummy demux: command `quit'
[00000000016761e8] [cli] lua interface error: Error loading script /home/cs244/vlc/share/lua/intf/cli.luac: lua/intf/modules/host.lua:286: Interrupted.
