[0000000000e311e8] core interface error: no suitable interface module
[0000000000d68338] core libvlc error: interface "globalhotkeys,none" initialization failed
[0000000000e311e8] dbus interface error: Failed to connect to the D-Bus session daemon: Unable to autolaunch a dbus-daemon without a $DISPLAY for X11
[0000000000e311e8] core interface error: no suitable interface module
[0000000000d68338] core libvlc error: interface "dbus,none" initialization failed
[0000000000d68338] core libvlc: Running vlc with the default interface. Use 'cvlc' to use vlc without interface.
[0000000000e311e8] qt interface error: Could not connect to X server
[0000000000e311e8] skins2 interface error: cannot initialize OSFactory
[0000000000e311e8] [cli] lua interface: Listening on host "*console".
VLC media player 3.0.0-git Vetinari
Command Line Interface initialized. Type `help' for help.
> [00007fd960003378] ps mux: Open
making a DASHManager
new ratebased adaptionlogic
Chunk bitrate: 0 349952
Buffer size: 0 0
Chunk bitrate: 0 349952
Buffer size: 0 0
[00007fd96001a2e8] mp4 demux: Fragment sequence discontinuity detected 0 != 2
Download Time: 295385
[00007fd960023e78] mp4 demux: Fragment sequence discontinuity detected 0 != 2
Startup Time: 1050000
Chunk bitrate: 0 3000000
Buffer size: 0 4001
Chunk bitrate: 0 3000000
Buffer size: 1 4001
Download Time: 2268677
Chunk bitrate: 1 3000000
Buffer size: 2 8001
Download Time: 1899867
Chunk bitrate: 2 3000000
Buffer size: 3 12001
Download Time: 2334541
Chunk bitrate: 3 3000000
Buffer size: 4 16001
Download Time: 1943042
Chunk bitrate: 4 3000000
Buffer size: 5 20001
Download Time: 5204227
Chunk bitrate: 5 1000000
Buffer size: 5 24001
Chunk bitrate: 5 1000000
Buffer size: 6 24001
Download Time: 747878
Chunk bitrate: 6 3000000
Buffer size: 6 28001
Chunk bitrate: 6 3000000
Buffer size: 7 28001
Download Time: 1653780
Chunk bitrate: 7 3000000
Buffer size: 8 32001
Download Time: 2615631
Chunk bitrate: 8 3000000
Buffer size: 9 36001
Download Time: 1915034
Chunk bitrate: 9 3000000
Buffer size: 10 40001
Download Time: 2209044
Chunk bitrate: 10 3000000
Buffer size: 11 44001
Download Time: 2921735
Chunk bitrate: 11 1000000
Buffer size: 11 48001
Chunk bitrate: 11 1000000
Buffer size: 12 48001
Download Time: 1724138
Chunk bitrate: 12 1000000
Buffer size: 13 52001
Download Time: 1426299
Chunk bitrate: 13 2000000
Buffer size: 13 56001
Chunk bitrate: 13 2000000
Buffer size: 14 56001
Download Time: 2043150
Chunk bitrate: 14 2000000
Buffer size: 15 60001
Download Time: 1826453
Chunk bitrate: 15 2000000
Buffer size: 16 64001
Download Time: 1643326
Chunk bitrate: 16 3000000
Buffer size: 16 68001
Chunk bitrate: 16 3000000
Buffer size: 17 68001
Download Time: 1823964
Chunk bitrate: 17 3000000
Buffer size: 18 72001
Download Time: 2760028
Chunk bitrate: 18 1000000
Buffer size: 18 76001
Chunk bitrate: 18 1000000
Buffer size: 19 76001
Download Time: 1054951
Chunk bitrate: 19 1000000
Buffer size: 20 80001
Download Time: 1815867
Chunk bitrate: 20 1000000
Buffer size: 21 84001
Download Time: 1135880
Chunk bitrate: 21 1000000
Buffer size: 22 88001
Download Time: 1312896
Chunk bitrate: 22 1000000
Buffer size: 23 92001
Download Time: 1660524
Chunk bitrate: 23 1000000
Buffer size: 24 96001
Download Time: 1559574
Chunk bitrate: 24 1000000
Buffer size: 25 100001
Download Time: 1356961
Chunk bitrate: 25 1000000
Buffer size: 26 104001
Download Time: 1336862
Chunk bitrate: 26 1000000
Buffer size: 27 108001
Download Time: 794120
Chunk bitrate: 27 1000000
Buffer size: 28 112001
Download Time: 1357326
Chunk bitrate: 28 3000000
Buffer size: 28 116001
Chunk bitrate: 28 3000000
Buffer size: 29 116001
Download Time: 2416542
Chunk bitrate: 29 3000000
Buffer size: 30 120001
Download Time: 1505642
Chunk bitrate: 30 3000000
Buffer size: 31 124001
Download Time: 1526538
Chunk bitrate: 31 3000000
Buffer size: 32 128001
Download Time: 2481536
Chunk bitrate: 32 3000000
Buffer size: 33 132001
Download Time: 3060885
Chunk bitrate: 33 2000000
Buffer size: 33 136001
Chunk bitrate: 33 2000000
Buffer size: 34 136001
Download Time: 2996175
Chunk bitrate: 34 1000000
Buffer size: 34 140001
Chunk bitrate: 34 1000000
Buffer size: 35 140001
Download Time: 1388365
Chunk bitrate: 35 1000000
Buffer size: 36 144001
Download Time: 1149874
Chunk bitrate: 36 1000000
Buffer size: 37 148001
Download Time: 1632777
Chunk bitrate: 37 1000000
Buffer size: 38 152001
Download Time: 1043595
Chunk bitrate: 38 2000000
Buffer size: 38 156001
Chunk bitrate: 38 2000000
Buffer size: 39 156001
Download Time: 1301626
Chunk bitrate: 39 3000000
Buffer size: 39 160001
Chunk bitrate: 39 3000000
Buffer size: 40 160001
Download Time: 1733652
Chunk bitrate: 40 3000000
Buffer size: 41 164001
Download Time: 4391800
Chunk bitrate: 41 1000000
Buffer size: 41 168001
Chunk bitrate: 41 1000000
Buffer size: 42 168001
Download Time: 1986498
Chunk bitrate: 42 1000000
Buffer size: 43 172001
Download Time: 1582086
Chunk bitrate: 43 1000000
Buffer size: 44 176001
Download Time: 1240187
Chunk bitrate: 44 1000000
Buffer size: 45 180001
Download Time: 1408640
Chunk bitrate: 45 1000000
Buffer size: 46 184001
Download Time: 1459961
Chunk bitrate: 46 1000000
Buffer size: 47 188001
Download Time: 1506369
Chunk bitrate: 47 1000000
Buffer size: 48 192001
Download Time: 1088312
Chunk bitrate: 48 1000000
Buffer size: 49 196001
Download Time: 1164326
Chunk bitrate: 49 3000000
Buffer size: 49 200001
Chunk bitrate: 49 3000000
Buffer size: 50 200001
Download Time: 1874594
Chunk bitrate: 50 3000000
Buffer size: 51 204001
Download Time: 1549559
Chunk bitrate: 51 3000000
Buffer size: 52 208001
Download Time: 2269548
Chunk bitrate: 52 3000000
Buffer size: 53 212001
Download Time: 2142633
Chunk bitrate: 53 3000000
Buffer size: 54 216001
Download Time: 2976171
Chunk bitrate: 54 2000000
Buffer size: 54 220001
Chunk bitrate: 54 2000000
Buffer size: 55 220001
Download Time: 2860108
Chunk bitrate: 55 1000000
Buffer size: 55 224001
Chunk bitrate: 55 1000000
Buffer size: 56 224001
Download Time: 1587860
[00007fd960003378] core mux error: cannot add this stream
[00007fd9601dd248] core decoder error: cannot create packetizer output (h264)
Chunk bitrate: 56 1000000
Buffer size: 57 228001
Download Time: 960404
Chunk bitrate: 57 1000000
Buffer size: 58 232001
Download Time: 441514
Chunk bitrate: 58 1000000
Buffer size: 59 236001
Download Time: 1694441
Chunk bitrate: 59 1000000
Buffer size: 60 240001
Download Time: 869269
Chunk bitrate: 60 3000000
Buffer size: 60 244001
Chunk bitrate: 60 3000000
Buffer size: 61 244001
Download Time: 1903495
[00007fd960003378] core mux error: cannot add this stream
[00007fd9601ea0d8] core decoder error: cannot create packetizer output (h264)
Chunk bitrate: 61 3000000
Buffer size: 62 248001
Download Time: 639089
Chunk bitrate: 62 3000000
Buffer size: 63 252001
Download Time: 449108
Chunk bitrate: 63 3000000
Buffer size: 64 256001
Download Time: 799082
Chunk bitrate: 64 3000000
Buffer size: 65 260001
[00007fd960003378] ps mux: Close
[00007fd96012c048] idummy demux: command `quit'
[0000000000e311e8] [cli] lua interface error: Error loading script /home/cs244/vlc/share/lua/intf/cli.luac: lua/intf/modules/host.lua:286: Interrupted.
