[0000000000e011e8] core interface error: no suitable interface module
[0000000000d38338] core libvlc error: interface "globalhotkeys,none" initialization failed
[0000000000e011e8] dbus interface error: Failed to connect to the D-Bus session daemon: Unable to autolaunch a dbus-daemon without a $DISPLAY for X11
[0000000000e011e8] core interface error: no suitable interface module
[0000000000d38338] core libvlc error: interface "dbus,none" initialization failed
[0000000000d38338] core libvlc: Running vlc with the default interface. Use 'cvlc' to use vlc without interface.
[0000000000e011e8] qt interface error: Could not connect to X server
[0000000000e011e8] skins2 interface error: cannot initialize OSFactory
[0000000000e011e8] [cli] lua interface: Listening on host "*console".
VLC media player 3.0.0-git Vetinari
Command Line Interface initialized. Type `help' for help.
> [00007fdef0003378] ps mux: Open
making a DASHManager
new ratebased adaptionlogic
Chunk bitrate: 0 349952
Buffer size: 0 0
Chunk bitrate: 0 349952
Buffer size: 0 0
[00007fdef001a368] mp4 demux: Fragment sequence discontinuity detected 0 != 2
Download Time: 437929
[00007fdef0018ce8] mp4 demux: Fragment sequence discontinuity detected 0 != 2
Startup Time: 1050000
Chunk bitrate: 0 2000000
Buffer size: 0 4001
Chunk bitrate: 0 2000000
Buffer size: 1 4001
Download Time: 2336452
Chunk bitrate: 1 2000000
Buffer size: 2 8001
Download Time: 1777930
Chunk bitrate: 2 2000000
Buffer size: 3 12001
Download Time: 2392692
Chunk bitrate: 3 2000000
Buffer size: 4 16001
Download Time: 1879035
Chunk bitrate: 4 2000000
Buffer size: 5 20001
Download Time: 1260132
Chunk bitrate: 5 3000000
Buffer size: 5 24001
Chunk bitrate: 5 3000000
Buffer size: 6 24001
Download Time: 843606
Chunk bitrate: 6 3000000
Buffer size: 7 28001
Download Time: 827775
Chunk bitrate: 7 3000000
Buffer size: 8 32001
Download Time: 1311093
Chunk bitrate: 8 3000000
Buffer size: 9 36001
Download Time: 960129
Chunk bitrate: 9 3000000
Buffer size: 10 40001
Download Time: 1106087
Chunk bitrate: 10 3000000
Buffer size: 11 44001
Download Time: 960953
Chunk bitrate: 11 3000000
Buffer size: 12 48001
Download Time: 1329420
Chunk bitrate: 12 3000000
Buffer size: 13 52001
Download Time: 1113920
Chunk bitrate: 13 3000000
Buffer size: 14 56001
Download Time: 3486914
Chunk bitrate: 14 1000000
Buffer size: 14 60001
Chunk bitrate: 14 1000000
Buffer size: 15 60001
Download Time: 1752326
Chunk bitrate: 15 1000000
Buffer size: 16 64001
Download Time: 1535701
Chunk bitrate: 16 1000000
Buffer size: 17 68001
Download Time: 1292530
Chunk bitrate: 17 1000000
Buffer size: 18 72001
Download Time: 1536775
Chunk bitrate: 18 1000000
Buffer size: 19 76001
Download Time: 702672
Chunk bitrate: 19 2000000
Buffer size: 19 80001
Chunk bitrate: 19 2000000
Buffer size: 20 80001
Download Time: 2148097
Chunk bitrate: 20 2000000
Buffer size: 21 84001
Download Time: 1308300
Chunk bitrate: 21 2000000
Buffer size: 22 88001
Download Time: 4201339
Chunk bitrate: 22 600000
Buffer size: 22 92001
Chunk bitrate: 22 600000
Buffer size: 23 92001
Download Time: 2003953
Chunk bitrate: 23 1000000
Buffer size: 23 96001
Chunk bitrate: 23 1000000
Buffer size: 24 96001
Download Time: 2338109
Chunk bitrate: 24 1000000
Buffer size: 25 100001
Download Time: 1945898
Chunk bitrate: 25 1000000
Buffer size: 26 104001
Download Time: 1340083
Chunk bitrate: 26 1000000
Buffer size: 27 108001
Download Time: 799908
Chunk bitrate: 27 1000000
Buffer size: 28 112001
Download Time: 1572317
Chunk bitrate: 28 1000000
Buffer size: 29 116001
Download Time: 2534515
Chunk bitrate: 29 600000
Buffer size: 29 120001
Chunk bitrate: 29 600000
Buffer size: 30 120001
Download Time: 1646647
Chunk bitrate: 30 600000
Buffer size: 31 124001
Download Time: 1498131
Chunk bitrate: 31 1000000
Buffer size: 31 128001
Chunk bitrate: 31 1000000
Buffer size: 32 128001
Download Time: 2544690
Chunk bitrate: 32 1000000
Buffer size: 33 132001
Download Time: 2028491
Chunk bitrate: 33 1000000
Buffer size: 34 136001
Download Time: 1596206
Chunk bitrate: 34 1000000
Buffer size: 35 140001
Download Time: 1388322
Chunk bitrate: 35 1000000
Buffer size: 36 144001
Download Time: 1152886
Chunk bitrate: 36 1000000
Buffer size: 37 148001
Download Time: 1265517
Chunk bitrate: 37 2000000
Buffer size: 37 152001
Chunk bitrate: 37 2000000
Buffer size: 38 152001
Download Time: 2336505
Chunk bitrate: 38 2000000
Buffer size: 39 156001
Download Time: 3042626
Chunk bitrate: 39 600000
Buffer size: 39 160001
Chunk bitrate: 39 600000
Buffer size: 40 160001
Download Time: 1646305
Chunk bitrate: 40 600000
Buffer size: 41 164001
Download Time: 1919341
Chunk bitrate: 41 1000000
Buffer size: 41 168001
Chunk bitrate: 41 1000000
Buffer size: 42 168001
Download Time: 2100040
Chunk bitrate: 42 1000000
Buffer size: 43 172001
Download Time: 2220869
Chunk bitrate: 43 1000000
Buffer size: 44 176001
Download Time: 1241493
Chunk bitrate: 44 1000000
Buffer size: 45 180001
Download Time: 1415822
Chunk bitrate: 45 1000000
Buffer size: 46 184001
Download Time: 1463451
Chunk bitrate: 46 1000000
Buffer size: 47 188001
Download Time: 1172821
Chunk bitrate: 47 2000000
Buffer size: 47 192001
Chunk bitrate: 47 2000000
Buffer size: 48 192001
Download Time: 1779021
Chunk bitrate: 48 2000000
Buffer size: 49 196001
Download Time: 3234396
Chunk bitrate: 49 600000
Buffer size: 49 200001
Chunk bitrate: 49 600000
Buffer size: 50 200001
Download Time: 1943687
Chunk bitrate: 50 600000
Buffer size: 51 204001
Download Time: 1614062
Chunk bitrate: 51 1000000
Buffer size: 51 208001
Chunk bitrate: 51 1000000
Buffer size: 52 208001
Download Time: 2153182
Chunk bitrate: 52 1000000
Buffer size: 53 212001
Download Time: 1931089
Chunk bitrate: 53 1000000
Buffer size: 54 216001
Download Time: 1690513
Chunk bitrate: 54 1000000
Buffer size: 55 220001
Download Time: 1456704
Chunk bitrate: 55 1000000
Buffer size: 56 224001
Download Time: 1594514
Chunk bitrate: 56 1000000
Buffer size: 57 228001
Download Time: 788568
Chunk bitrate: 57 2000000
Buffer size: 57 232001
Chunk bitrate: 57 2000000
Buffer size: 58 232001
Download Time: 626279
Chunk bitrate: 58 2000000
Buffer size: 59 236001
Download Time: 2473588
Chunk bitrate: 59 2000000
Buffer size: 60 240001
Download Time: 3435565
Chunk bitrate: 60 600000
Buffer size: 60 244001
Chunk bitrate: 60 600000
Buffer size: 61 244001
Download Time: 1952234
[00007fdef0003378] core mux error: cannot add this stream
[00007fdef01fab58] core decoder error: cannot create packetizer output (h264)
Chunk bitrate: 61 600000
Buffer size: 62 248001
Download Time: 500915
Chunk bitrate: 62 1000000
Buffer size: 62 252001
Chunk bitrate: 62 1000000
Buffer size: 63 252001
Download Time: 539940
[00007fdef0003378] core mux error: cannot add this stream
[00007fdef016d808] core decoder error: cannot create packetizer output (h264)
Chunk bitrate: 63 1000000
Buffer size: 64 256001
Download Time: 998330
Chunk bitrate: 64 1000000
Buffer size: 65 260001
[00007fdef0003378] ps mux: Close
[00007fdef0165a98] idummy demux: command `quit'
[0000000000e011e8] [cli] lua interface error: Error loading script /home/cs244/vlc/share/lua/intf/cli.luac: lua/intf/modules/host.lua:286: Interrupted.
