[0000000001ada1e8] core interface error: no suitable interface module
[0000000001a11338] core libvlc error: interface "globalhotkeys,none" initialization failed
[0000000001ada1e8] dbus interface error: Failed to connect to the D-Bus session daemon: Unable to autolaunch a dbus-daemon without a $DISPLAY for X11
[0000000001ada1e8] core interface error: no suitable interface module
[0000000001a11338] core libvlc error: interface "dbus,none" initialization failed
[0000000001a11338] core libvlc: Running vlc with the default interface. Use 'cvlc' to use vlc without interface.
[0000000001ada1e8] qt interface error: Could not connect to X server
[0000000001ada1e8] skins2 interface error: cannot initialize OSFactory
[0000000001ada1e8] [cli] lua interface: Listening on host "*console".
VLC media player 3.0.0-git Vetinari
Command Line Interface initialized. Type `help' for help.
> [00007f88a0003378] ps mux: Open
making a DASHManager
new ratebased adaptionlogic
Chunk bitrate: 0 349952
Buffer size: 0 0
Chunk bitrate: 0 349952
Buffer size: 0 0
[00007f88a0018d88] mp4 demux: Fragment sequence discontinuity detected 0 != 2
Download Time: 2791874
[00007f88a0022fd8] mp4 demux: Fragment sequence discontinuity detected 0 != 2
Startup Time: 1050000
Chunk bitrate: 0 349952
Buffer size: 1 4001
Download Time: 2099621
Chunk bitrate: 1 600000
Buffer size: 1 8001
Chunk bitrate: 1 600000
Buffer size: 2 8001
Download Time: 1566058
Chunk bitrate: 2 600000
Buffer size: 3 12001
Download Time: 2254756
Chunk bitrate: 3 600000
Buffer size: 4 16001
Download Time: 1670940
Chunk bitrate: 4 600000
Buffer size: 5 20001
Download Time: 2336836
Chunk bitrate: 5 600000
Buffer size: 6 24001
Download Time: 1534961
Chunk bitrate: 6 600000
Buffer size: 7 28001
Download Time: 1716116
Chunk bitrate: 7 600000
Buffer size: 8 32001
Download Time: 2229268
Chunk bitrate: 8 349952
Buffer size: 8 36001
Chunk bitrate: 8 349952
Buffer size: 9 36001
Download Time: 1643858
Chunk bitrate: 9 349952
Buffer size: 10 40001
Download Time: 1602844
Chunk bitrate: 10 349952
Buffer size: 11 44001
Download Time: 1030969
Chunk bitrate: 11 600000
Buffer size: 11 48001
Chunk bitrate: 11 600000
Buffer size: 12 48001
Download Time: 2195841
Chunk bitrate: 12 600000
Buffer size: 13 52001
Download Time: 2011773
Chunk bitrate: 13 600000
Buffer size: 14 56001
Download Time: 1966848
Chunk bitrate: 14 600000
Buffer size: 15 60001
Download Time: 1787417
Chunk bitrate: 15 600000
Buffer size: 16 64001
Download Time: 1948859
Chunk bitrate: 16 600000
Buffer size: 17 68001
Download Time: 1824594
Chunk bitrate: 17 600000
Buffer size: 18 72001
Download Time: 2428864
Chunk bitrate: 18 349952
Buffer size: 18 76001
Chunk bitrate: 18 349952
Buffer size: 19 76001
Download Time: 1139779
Chunk bitrate: 19 349952
Buffer size: 20 80001
Download Time: 1669676
Chunk bitrate: 20 600000
Buffer size: 20 84001
Chunk bitrate: 20 600000
Buffer size: 21 84001
Download Time: 1322223
Chunk bitrate: 21 600000
Buffer size: 22 88001
Download Time: 1931529
Chunk bitrate: 22 600000
Buffer size: 23 92001
Download Time: 2291268
Chunk bitrate: 23 600000
Buffer size: 24 96001
Download Time: 2093905
Chunk bitrate: 24 600000
Buffer size: 25 100001
Download Time: 1886693
Chunk bitrate: 25 600000
Buffer size: 26 104001
Download Time: 1885561
Chunk bitrate: 26 600000
Buffer size: 27 108001
Download Time: 1247403
Chunk bitrate: 27 600000
Buffer size: 28 112001
Download Time: 2594772
Chunk bitrate: 28 349952
Buffer size: 28 116001
Chunk bitrate: 28 349952
Buffer size: 29 116001
Download Time: 1679900
Chunk bitrate: 29 349952
Buffer size: 30 120001
Download Time: 1174812
Chunk bitrate: 30 600000
Buffer size: 30 124001
Chunk bitrate: 30 600000
Buffer size: 31 124001
Download Time: 1727980
Chunk bitrate: 31 600000
Buffer size: 32 128001
Download Time: 2164234
Chunk bitrate: 32 600000
Buffer size: 33 132001
Download Time: 1940324
Chunk bitrate: 33 600000
Buffer size: 34 136001
Download Time: 2174417
Chunk bitrate: 34 600000
Buffer size: 35 140001
Download Time: 1904902
Chunk bitrate: 35 600000
Buffer size: 36 144001
Download Time: 1652113
Chunk bitrate: 36 600000
Buffer size: 37 148001
Download Time: 2375125
Chunk bitrate: 37 349952
Buffer size: 37 152001
Chunk bitrate: 37 349952
Buffer size: 38 152001
Download Time: 1499292
Chunk bitrate: 38 349952
Buffer size: 39 156001
Download Time: 1567940
Chunk bitrate: 39 600000
Buffer size: 39 160001
Chunk bitrate: 39 600000
Buffer size: 40 160001
Download Time: 1656158
Chunk bitrate: 40 600000
Buffer size: 41 164001
Download Time: 2254334
Chunk bitrate: 41 600000
Buffer size: 42 168001
Download Time: 2212900
Chunk bitrate: 42 600000
Buffer size: 43 172001
Download Time: 2471725
Chunk bitrate: 43 600000
Buffer size: 44 176001
Download Time: 1905267
Chunk bitrate: 44 600000
Buffer size: 45 180001
Download Time: 1841337
Chunk bitrate: 45 600000
Buffer size: 46 184001
Download Time: 2375394
Chunk bitrate: 46 349952
Buffer size: 46 188001
Chunk bitrate: 46 349952
Buffer size: 47 188001
Download Time: 1475175
Chunk bitrate: 47 349952
Buffer size: 48 192001
Download Time: 1460665
Chunk bitrate: 48 600000
Buffer size: 48 196001
Chunk bitrate: 48 600000
Buffer size: 49 196001
Download Time: 2070158
Chunk bitrate: 49 600000
Buffer size: 50 200001
Download Time: 1947248
Chunk bitrate: 50 600000
Buffer size: 51 204001
Download Time: 692790
Chunk bitrate: 51 3000000
Buffer size: 51 208001
Chunk bitrate: 51 3000000
Buffer size: 52 208001
Download Time: 2271522
Chunk bitrate: 52 3000000
Buffer size: 53 212001
Download Time: 2144353
Chunk bitrate: 53 3000000
Buffer size: 54 216001
Download Time: 6935135
Chunk bitrate: 54 1000000
Buffer size: 54 220001
Chunk bitrate: 54 1000000
Buffer size: 55 220001
Download Time: 1825264
Chunk bitrate: 55 1000000
Buffer size: 56 224001
Download Time: 1625381
Chunk bitrate: 56 2000000
Buffer size: 56 228001
Chunk bitrate: 56 2000000
Buffer size: 57 228001
Download Time: 1380599
Chunk bitrate: 57 2000000
Buffer size: 58 232001
Download Time: 627579
Chunk bitrate: 58 2000000
Buffer size: 59 236001
Download Time: 2383529
Chunk bitrate: 59 3000000
Buffer size: 59 240001
Chunk bitrate: 59 3000000
Buffer size: 60 240001
Download Time: 1825264
Chunk bitrate: 60 3000000
Buffer size: 61 244001
Download Time: 1904808
Chunk bitrate: 61 3000000
Buffer size: 62 248001
Download Time: 639556
Chunk bitrate: 62 3000000
Buffer size: 63 252001
Download Time: 1013460
Chunk bitrate: 63 1000000
Buffer size: 63 256001
Chunk bitrate: 63 1000000
Buffer size: 64 256001
Download Time: 1168800
[00007f88a0003378] core mux error: cannot add this stream
[00007f88a0108448] core decoder error: cannot create packetizer output (h264)
Chunk bitrate: 64 600000
Buffer size: 64 260001
Chunk bitrate: 64 600000
Buffer size: 65 260001
[00007f88a0003378] ps mux: Close
[00007f88a80015c8] idummy demux: command `quit'
[0000000001ada1e8] [cli] lua interface error: Error loading script /home/cs244/vlc/share/lua/intf/cli.luac: lua/intf/modules/host.lua:286: Interrupted.
