[00000000013c51e8] core interface error: no suitable interface module
[00000000012fc338] core libvlc error: interface "globalhotkeys,none" initialization failed
[00000000013c51e8] dbus interface error: Failed to connect to the D-Bus session daemon: Unable to autolaunch a dbus-daemon without a $DISPLAY for X11
[00000000013c51e8] core interface error: no suitable interface module
[00000000012fc338] core libvlc error: interface "dbus,none" initialization failed
[00000000012fc338] core libvlc: Running vlc with the default interface. Use 'cvlc' to use vlc without interface.
[00000000013c51e8] qt interface error: Could not connect to X server
[00000000013c51e8] skins2 interface error: cannot initialize OSFactory
[00000000013c51e8] [cli] lua interface: Listening on host "*console".
VLC media player 3.0.0-git Vetinari
Command Line Interface initialized. Type `help' for help.
> [00007ff504003378] ps mux: Open
making a DASHManager
new ratebased adaptionlogic
Chunk bitrate: 0 349952
Buffer size: 0 0
Chunk bitrate: 0 349952
Buffer size: 0 0
[00007ff5040249c8] mp4 demux: Fragment sequence discontinuity detected 0 != 2
Download Time: 1322566
[00007ff504022f18] mp4 demux: Fragment sequence discontinuity detected 0 != 2
Startup Time: 1050000
Chunk bitrate: 0 600000
Buffer size: 0 4001
Chunk bitrate: 0 600000
Buffer size: 1 4001
Download Time: 2331571
Chunk bitrate: 1 600000
Buffer size: 2 8001
Download Time: 1881411
Chunk bitrate: 2 349952
Buffer size: 2 12001
Chunk bitrate: 2 349952
Buffer size: 3 12001
Download Time: 1739773
Chunk bitrate: 3 349952
Buffer size: 4 16001
Download Time: 1447109
Chunk bitrate: 4 600000
Buffer size: 4 20001
Chunk bitrate: 4 600000
Buffer size: 5 20001
Download Time: 2339154
Chunk bitrate: 5 600000
Buffer size: 6 24001
Download Time: 1534551
Chunk bitrate: 6 600000
Buffer size: 7 28001
Download Time: 1715551
Chunk bitrate: 7 600000
Buffer size: 8 32001
Download Time: 2066297
Chunk bitrate: 8 600000
Buffer size: 9 36001
Download Time: 2111521
Chunk bitrate: 9 600000
Buffer size: 10 40001
Download Time: 2057496
Chunk bitrate: 10 600000
Buffer size: 11 44001
Download Time: 1649783
Chunk bitrate: 11 349952
Buffer size: 11 48001
Chunk bitrate: 11 349952
Buffer size: 12 48001
Download Time: 1667515
Chunk bitrate: 12 349952
Buffer size: 13 52001
Download Time: 1507872
Chunk bitrate: 13 349952
Buffer size: 14 56001
Download Time: 1404255
Chunk bitrate: 14 600000
Buffer size: 14 60001
Chunk bitrate: 14 600000
Buffer size: 15 60001
Download Time: 1790843
Chunk bitrate: 15 600000
Buffer size: 16 64001
Download Time: 1948710
Chunk bitrate: 16 600000
Buffer size: 17 68001
Download Time: 1824117
Chunk bitrate: 17 600000
Buffer size: 18 72001
Download Time: 1939203
Chunk bitrate: 18 600000
Buffer size: 19 76001
Download Time: 1320275
Chunk bitrate: 19 600000
Buffer size: 20 80001
Download Time: 2238211
Chunk bitrate: 20 600000
Buffer size: 21 84001
Download Time: 1320525
Chunk bitrate: 21 600000
Buffer size: 22 88001
Download Time: 2529213
Chunk bitrate: 22 349952
Buffer size: 22 92001
Chunk bitrate: 22 349952
Buffer size: 23 92001
Download Time: 1547268
Chunk bitrate: 23 349952
Buffer size: 24 96001
Download Time: 1377427
Chunk bitrate: 24 600000
Buffer size: 24 100001
Chunk bitrate: 24 600000
Buffer size: 25 100001
Download Time: 1889189
Chunk bitrate: 25 600000
Buffer size: 26 104001
Download Time: 1885700
Chunk bitrate: 26 600000
Buffer size: 27 108001
Download Time: 1247258
Chunk bitrate: 27 600000
Buffer size: 28 112001
Download Time: 2066174
Chunk bitrate: 28 600000
Buffer size: 29 116001
Download Time: 2228655
Chunk bitrate: 29 600000
Buffer size: 30 120001
Download Time: 1651570
Chunk bitrate: 30 600000
Buffer size: 31 124001
Download Time: 1803310
Chunk bitrate: 31 349952
Buffer size: 31 128001
Chunk bitrate: 31 349952
Buffer size: 32 128001
Download Time: 1559165
Chunk bitrate: 32 349952
Buffer size: 33 132001
Download Time: 1470831
Chunk bitrate: 33 349952
Buffer size: 34 136001
Download Time: 1530290
Chunk bitrate: 34 600000
Buffer size: 34 140001
Chunk bitrate: 34 600000
Buffer size: 35 140001
Download Time: 1905535
Chunk bitrate: 35 600000
Buffer size: 36 144001
Download Time: 1651508
Chunk bitrate: 36 600000
Buffer size: 37 148001
Download Time: 2792608
Chunk bitrate: 37 349952
Buffer size: 37 152001
Chunk bitrate: 37 349952
Buffer size: 38 152001
Download Time: 1500368
Chunk bitrate: 38 349952
Buffer size: 39 156001
Download Time: 1174807
Chunk bitrate: 39 600000
Buffer size: 39 160001
Chunk bitrate: 39 600000
Buffer size: 40 160001
Download Time: 1655748
Chunk bitrate: 40 600000
Buffer size: 41 164001
Download Time: 2380342
Chunk bitrate: 41 600000
Buffer size: 42 168001
Download Time: 2327446
Chunk bitrate: 42 600000
Buffer size: 43 172001
Download Time: 2302061
Chunk bitrate: 43 600000
Buffer size: 44 176001
Download Time: 1850037
Chunk bitrate: 44 600000
Buffer size: 45 180001
Download Time: 1842031
Chunk bitrate: 45 2000000
Buffer size: 45 184001
Chunk bitrate: 45 2000000
Buffer size: 46 184001
Download Time: 1519476
Chunk bitrate: 46 3000000
Buffer size: 46 188001
Chunk bitrate: 46 3000000
Buffer size: 47 188001
Download Time: 2089705
Chunk bitrate: 47 3000000
Buffer size: 48 192001
Download Time: 3624214
Chunk bitrate: 48 600000
Buffer size: 48 196001
Chunk bitrate: 48 600000
Buffer size: 49 196001
Download Time: 2070980
Chunk bitrate: 49 600000
Buffer size: 50 200001
Download Time: 1314796
Chunk bitrate: 50 1000000
Buffer size: 50 204001
Chunk bitrate: 50 1000000
Buffer size: 51 204001
Download Time: 1715181
Chunk bitrate: 51 1000000
Buffer size: 52 208001
Download Time: 1923533
Chunk bitrate: 52 2000000
Buffer size: 52 212001
Chunk bitrate: 52 2000000
Buffer size: 53 212001
Download Time: 1962362
[00007ff504003378] core mux error: cannot add this stream
[00007ff5040c6438] core decoder error: cannot create packetizer output (h264)
Chunk bitrate: 53 2000000
Buffer size: 54 216001
Download Time: 2236120
Chunk bitrate: 54 2000000
Buffer size: 55 220001
Download Time: 1543118
Chunk bitrate: 55 3000000
Buffer size: 55 224001
Chunk bitrate: 55 3000000
Buffer size: 56 224001
Download Time: 2240406
[00007ff504003378] core mux error: cannot add this stream
[00007ff5040970d8] core decoder error: cannot create packetizer output (h264)
Chunk bitrate: 56 3000000
Buffer size: 57 228001
Download Time: 1905619
Chunk bitrate: 57 1000000
Buffer size: 57 232001
Chunk bitrate: 57 1000000
Buffer size: 58 232001
Download Time: 895403
[00007ff504003378] core mux error: cannot add this stream
[00007ff5040d25e8] core decoder error: cannot create packetizer output (h264)
Chunk bitrate: 58 600000
Buffer size: 58 236001
Chunk bitrate: 58 600000
Buffer size: 59 236001
Download Time: 2159673
[00007ff504003378] core mux error: cannot add this stream
[00007ff5040d0de8] core decoder error: cannot create packetizer output (h264)
Chunk bitrate: 59 600000
Buffer size: 60 240001
Download Time: 1480987
Chunk bitrate: 60 1000000
Buffer size: 60 244001
Chunk bitrate: 60 1000000
Buffer size: 61 244001
Download Time: 2009312
[00007ff504003378] core mux error: cannot add this stream
[00007ff504104c58] core decoder error: cannot create packetizer output (h264)
Chunk bitrate: 61 1000000
Buffer size: 62 248001
Download Time: 725124
Chunk bitrate: 62 1000000
Buffer size: 63 252001
Download Time: 543456
Chunk bitrate: 63 1000000
Buffer size: 64 256001
Download Time: 699073
Chunk bitrate: 64 2000000
Buffer size: 64 260001
Chunk bitrate: 64 2000000
Buffer size: 65 260001
[00007ff504003378] ps mux: Close
[00007ff510001288] idummy demux: command `quit'
[00000000013c51e8] [cli] lua interface error: Error loading script /home/cs244/vlc/share/lua/intf/cli.luac: lua/intf/modules/host.lua:286: Interrupted.
