[00000000013a41e8] core interface error: no suitable interface module
[00000000012db338] core libvlc error: interface "globalhotkeys,none" initialization failed
[00000000013a41e8] dbus interface error: Failed to connect to the D-Bus session daemon: Unable to autolaunch a dbus-daemon without a $DISPLAY for X11
[00000000013a41e8] core interface error: no suitable interface module
[00000000012db338] core libvlc error: interface "dbus,none" initialization failed
[00000000012db338] core libvlc: Running vlc with the default interface. Use 'cvlc' to use vlc without interface.
[00000000013a41e8] qt interface error: Could not connect to X server
[00000000013a41e8] skins2 interface error: cannot initialize OSFactory
[00000000013a41e8] [cli] lua interface: Listening on host "*console".
VLC media player 3.0.0-git Vetinari
Command Line Interface initialized. Type `help' for help.
> [00007fbd88003378] ps mux: Open
making a DASHManager
new ratebased adaptionlogic
Chunk bitrate: 0 349952
Buffer size: 0 0
Chunk bitrate: 0 349952
Buffer size: 0 0
[00007fbd880255c8] mp4 demux: Fragment sequence discontinuity detected 0 != 2
Download Time: 1029289
[00007fbd88018548] mp4 demux: Fragment sequence discontinuity detected 0 != 2
Startup Time: 1050000
Chunk bitrate: 0 600000
Buffer size: 0 4001
Chunk bitrate: 0 600000
Buffer size: 1 4001
Download Time: 1813023
Chunk bitrate: 1 1000000
Buffer size: 1 8001
Chunk bitrate: 1 1000000
Buffer size: 2 8001
Download Time: 1680451
Chunk bitrate: 2 3000000
Buffer size: 2 12001
Chunk bitrate: 2 3000000
Buffer size: 3 12001
Download Time: 2334368
Chunk bitrate: 3 3000000
Buffer size: 4 16001
Download Time: 1941554
Chunk bitrate: 4 3000000
Buffer size: 5 20001
Download Time: 6232609
Chunk bitrate: 5 1000000
Buffer size: 5 24001
Chunk bitrate: 5 1000000
Buffer size: 6 24001
Download Time: 1103805
Chunk bitrate: 6 1000000
Buffer size: 7 28001
Download Time: 1199029
Chunk bitrate: 7 1000000
Buffer size: 8 32001
Download Time: 1599729
Chunk bitrate: 8 3000000
Buffer size: 8 36001
Chunk bitrate: 8 3000000
Buffer size: 9 36001
Download Time: 1915277
Chunk bitrate: 9 3000000
Buffer size: 10 40001
Download Time: 2208091
Chunk bitrate: 10 3000000
Buffer size: 11 44001
Download Time: 1919510
Chunk bitrate: 11 3000000
Buffer size: 12 48001
Download Time: 2656716
Chunk bitrate: 12 3000000
Buffer size: 13 52001
Download Time: 4121541
Chunk bitrate: 13 1000000
Buffer size: 13 56001
Chunk bitrate: 13 1000000
Buffer size: 14 56001
Download Time: 1664151
Chunk bitrate: 14 1000000
Buffer size: 15 60001
Download Time: 874468
Chunk bitrate: 15 2000000
Buffer size: 15 64001
Chunk bitrate: 15 2000000
Buffer size: 16 64001
Download Time: 2198825
Chunk bitrate: 16 2000000
Buffer size: 17 68001
Download Time: 1782305
Chunk bitrate: 17 3000000
Buffer size: 17 72001
Chunk bitrate: 17 3000000
Buffer size: 18 72001
Download Time: 2276148
Chunk bitrate: 18 3000000
Buffer size: 19 76001
Download Time: 1293289
Chunk bitrate: 19 3000000
Buffer size: 20 80001
Download Time: 1569516
Chunk bitrate: 20 3000000
Buffer size: 21 84001
Download Time: 603068
Chunk bitrate: 21 3000000
Buffer size: 22 88001
Download Time: 892400
Chunk bitrate: 22 3000000
Buffer size: 23 92001
Download Time: 1174400
Chunk bitrate: 23 3000000
Buffer size: 24 96001
Download Time: 1045378
Chunk bitrate: 24 3000000
Buffer size: 25 100001
Download Time: 1621251
Chunk bitrate: 25 2000000
Buffer size: 25 104001
Chunk bitrate: 25 2000000
Buffer size: 26 104001
Download Time: 1929289
Chunk bitrate: 26 2000000
Buffer size: 27 108001
Download Time: 1299396
Chunk bitrate: 27 2000000
Buffer size: 28 112001
Download Time: 1571479
Chunk bitrate: 28 3000000
Buffer size: 28 116001
Chunk bitrate: 28 3000000
Buffer size: 29 116001
Download Time: 2415362
Chunk bitrate: 29 3000000
Buffer size: 30 120001
Download Time: 1505105
Chunk bitrate: 30 3000000
Buffer size: 31 124001
Download Time: 1525844
Chunk bitrate: 31 3000000
Buffer size: 32 128001
Download Time: 2479655
Chunk bitrate: 32 3000000
Buffer size: 33 132001
Download Time: 1595529
Chunk bitrate: 33 3000000
Buffer size: 34 136001
Download Time: 1136544
Chunk bitrate: 34 3000000
Buffer size: 35 140001
Download Time: 1036456
Chunk bitrate: 35 3000000
Buffer size: 36 144001
Download Time: 836678
Chunk bitrate: 36 3000000
Buffer size: 37 148001
Download Time: 1443845
Chunk bitrate: 37 2000000
Buffer size: 37 152001
Chunk bitrate: 37 2000000
Buffer size: 38 152001
Download Time: 2339479
Chunk bitrate: 38 2000000
Buffer size: 39 156001
Download Time: 1952562
Chunk bitrate: 39 2000000
Buffer size: 40 160001
Download Time: 1170700
Chunk bitrate: 40 3000000
Buffer size: 40 164001
Chunk bitrate: 40 3000000
Buffer size: 41 164001
Download Time: 2343840
Chunk bitrate: 41 3000000
Buffer size: 42 168001
Download Time: 1945212
Chunk bitrate: 42 3000000
Buffer size: 43 172001
Download Time: 2401726
Chunk bitrate: 43 3000000
Buffer size: 44 176001
Download Time: 1763173
Chunk bitrate: 44 3000000
Buffer size: 45 180001
Download Time: 1174058
Chunk bitrate: 45 3000000
Buffer size: 46 184001
Download Time: 1121834
Chunk bitrate: 46 3000000
Buffer size: 47 188001
Download Time: 1047754
Chunk bitrate: 47 3000000
Buffer size: 48 192001
Download Time: 876281
Chunk bitrate: 48 3000000
Buffer size: 49 196001
Download Time: 2249732
Chunk bitrate: 49 2000000
Buffer size: 49 200001
Chunk bitrate: 49 2000000
Buffer size: 50 200001
Download Time: 2716119
Chunk bitrate: 50 1000000
Buffer size: 50 204001
Chunk bitrate: 50 1000000
Buffer size: 51 204001
Download Time: 923442
Chunk bitrate: 51 3000000
Buffer size: 51 208001
Chunk bitrate: 51 3000000
Buffer size: 52 208001
Download Time: 2269560
Chunk bitrate: 52 3000000
Buffer size: 53 212001
Download Time: 2144600
Chunk bitrate: 53 3000000
Buffer size: 54 216001
Download Time: 2271225
Chunk bitrate: 54 3000000
Buffer size: 55 220001
Download Time: 2046560
Chunk bitrate: 55 3000000
Buffer size: 56 224001
Download Time: 1502904
Chunk bitrate: 56 3000000
Buffer size: 57 228001
Download Time: 778008
Chunk bitrate: 57 3000000
Buffer size: 58 232001
Download Time: 328887
Chunk bitrate: 58 3000000
Buffer size: 59 236001
Download Time: 1199376
Chunk bitrate: 59 3000000
Buffer size: 60 240001
Download Time: 915100
Chunk bitrate: 60 3000000
Buffer size: 61 244001
Download Time: 1092917
Chunk bitrate: 61 2000000
Buffer size: 61 248001
Chunk bitrate: 61 2000000
Buffer size: 62 248001
Download Time: 663040
[00007fbd88003378] core mux error: cannot add this stream
[00007fbd881a7f98] core decoder error: cannot create packetizer output (h264)
Chunk bitrate: 62 2000000
Buffer size: 63 252001
Download Time: 470944
Chunk bitrate: 63 2000000
Buffer size: 64 256001
Download Time: 937059
Chunk bitrate: 64 2000000
Buffer size: 65 260001
[00007fbd88003378] ps mux: Close
[00007fbd88073f78] idummy demux: command `quit'
[00000000013a41e8] [cli] lua interface error: Error loading script /home/cs244/vlc/share/lua/intf/cli.luac: lua/intf/modules/host.lua:286: Interrupted.
