[0000000001d991e8] core interface error: no suitable interface module
[0000000001cd0338] core libvlc error: interface "globalhotkeys,none" initialization failed
[0000000001d991e8] dbus interface error: Failed to connect to the D-Bus session daemon: Unable to autolaunch a dbus-daemon without a $DISPLAY for X11
[0000000001d991e8] core interface error: no suitable interface module
[0000000001cd0338] core libvlc error: interface "dbus,none" initialization failed
[0000000001cd0338] core libvlc: Running vlc with the default interface. Use 'cvlc' to use vlc without interface.
[0000000001d991e8] qt interface error: Could not connect to X server
[0000000001d991e8] skins2 interface error: cannot initialize OSFactory
[0000000001d991e8] [cli] lua interface: Listening on host "*console".
VLC media player 3.0.0-git Vetinari
Command Line Interface initialized. Type `help' for help.
> [00007f4df0003378] ps mux: Open
making a DASHManager
new ratebased adaptionlogic
Chunk bitrate: 0 349952
Buffer size: 0 0
Chunk bitrate: 0 349952
Buffer size: 0 0
[00007f4df0023798] mp4 demux: Fragment sequence discontinuity detected 0 != 2
Download Time: 440722
[00007f4df0024a28] mp4 demux: Fragment sequence discontinuity detected 0 != 2
Startup Time: 1050000
Chunk bitrate: 0 2000000
Buffer size: 0 4001
Chunk bitrate: 0 2000000
Buffer size: 1 4001
Download Time: 2339698
Chunk bitrate: 1 2000000
Buffer size: 2 8001
Download Time: 1784562
Chunk bitrate: 2 2000000
Buffer size: 3 12001
Download Time: 7912820
Chunk bitrate: 3 349952
Buffer size: 3 16001
Chunk bitrate: 3 349952
Buffer size: 4 16001
Download Time: 1403752
Chunk bitrate: 4 349952
Buffer size: 5 20001
Download Time: 3092286
Chunk bitrate: 5 349952
Buffer size: 6 24001
Download Time: 1820291
Chunk bitrate: 6 349952
Buffer size: 7 28001
Download Time: 1940742
Chunk bitrate: 7 349952
Buffer size: 8 32001
Download Time: 2243155
Chunk bitrate: 8 349952
Buffer size: 9 36001
Download Time: 1916001
Chunk bitrate: 9 349952
Buffer size: 10 40001
Download Time: 1703086
Chunk bitrate: 10 1000000
Buffer size: 10 44001
Chunk bitrate: 10 1000000
Buffer size: 11 44001
Download Time: 1399905
Chunk bitrate: 11 1000000
Buffer size: 12 48001
Download Time: 1732250
Chunk bitrate: 12 1000000
Buffer size: 13 52001
Download Time: 1669425
Chunk bitrate: 13 600000
Buffer size: 13 56001
Chunk bitrate: 13 600000
Buffer size: 14 56001
Download Time: 2408601
Chunk bitrate: 14 600000
Buffer size: 15 60001
Download Time: 2283482
Chunk bitrate: 15 349952
Buffer size: 15 64001
Chunk bitrate: 15 349952
Buffer size: 16 64001
Download Time: 1847957
Chunk bitrate: 16 349952
Buffer size: 17 68001
Download Time: 1633191
Chunk bitrate: 17 349952
Buffer size: 18 72001
Download Time: 1149073
Chunk bitrate: 18 600000
Buffer size: 18 76001
Chunk bitrate: 18 600000
Buffer size: 19 76001
Download Time: 1322535
Chunk bitrate: 19 600000
Buffer size: 20 80001
Download Time: 2126604
Chunk bitrate: 20 1000000
Buffer size: 20 84001
Chunk bitrate: 20 1000000
Buffer size: 21 84001
Download Time: 947147
Chunk bitrate: 21 1000000
Buffer size: 22 88001
Download Time: 1398337
Chunk bitrate: 22 1000000
Buffer size: 23 92001
Download Time: 1666021
Chunk bitrate: 23 1000000
Buffer size: 24 96001
Download Time: 2918240
Chunk bitrate: 24 600000
Buffer size: 24 100001
Chunk bitrate: 24 600000
Buffer size: 25 100001
Download Time: 1890124
Chunk bitrate: 25 600000
Buffer size: 26 104001
Download Time: 1321449
Chunk bitrate: 26 1000000
Buffer size: 26 108001
Chunk bitrate: 26 1000000
Buffer size: 27 108001
Download Time: 1199654
Chunk bitrate: 27 1000000
Buffer size: 28 112001
Download Time: 2359388
Chunk bitrate: 28 1000000
Buffer size: 29 116001
Download Time: 1523690
Chunk bitrate: 29 1000000
Buffer size: 30 120001
Download Time: 1104186
Chunk bitrate: 30 1000000
Buffer size: 31 124001
Download Time: 1235861
Chunk bitrate: 31 1000000
Buffer size: 32 128001
Download Time: 1701019
Chunk bitrate: 32 1000000
Buffer size: 33 132001
Download Time: 1460293
Chunk bitrate: 33 1000000
Buffer size: 34 136001
Download Time: 1600188
Chunk bitrate: 34 1000000
Buffer size: 35 140001
Download Time: 2297325
Chunk bitrate: 35 600000
Buffer size: 35 144001
Chunk bitrate: 35 600000
Buffer size: 36 144001
Download Time: 1655007
Chunk bitrate: 36 600000
Buffer size: 37 148001
Download Time: 1807228
Chunk bitrate: 37 1000000
Buffer size: 37 152001
Chunk bitrate: 37 1000000
Buffer size: 38 152001
Download Time: 2345800
Chunk bitrate: 38 1000000
Buffer size: 39 156001
Download Time: 1917008
Chunk bitrate: 39 1000000
Buffer size: 40 160001
Download Time: 1144133
Chunk bitrate: 40 1000000
Buffer size: 41 164001
Download Time: 1587983
Chunk bitrate: 41 1000000
Buffer size: 42 168001
Download Time: 1399589
Chunk bitrate: 42 1000000
Buffer size: 43 172001
Download Time: 1587951
Chunk bitrate: 43 1000000
Buffer size: 44 176001
Download Time: 1245044
Chunk bitrate: 44 1000000
Buffer size: 45 180001
Download Time: 1412869
Chunk bitrate: 45 1000000
Buffer size: 46 184001
Download Time: 2686759
Chunk bitrate: 46 600000
Buffer size: 46 188001
Chunk bitrate: 46 600000
Buffer size: 47 188001
Download Time: 2210720
Chunk bitrate: 47 600000
Buffer size: 48 192001
Download Time: 1260332
Chunk bitrate: 48 1000000
Buffer size: 48 196001
Chunk bitrate: 48 1000000
Buffer size: 49 196001
Download Time: 2256123
Chunk bitrate: 49 1000000
Buffer size: 50 200001
Download Time: 1895598
Chunk bitrate: 50 1000000
Buffer size: 51 204001
Download Time: 1145166
Chunk bitrate: 51 1000000
Buffer size: 52 208001
Download Time: 1439680
Chunk bitrate: 52 1000000
Buffer size: 53 212001
Download Time: 1291632
Chunk bitrate: 53 1000000
Buffer size: 54 216001
Download Time: 1604989
Chunk bitrate: 54 1000000
Buffer size: 55 220001
Download Time: 1459751
Chunk bitrate: 55 1000000
Buffer size: 56 224001
Download Time: 1595593
Chunk bitrate: 56 1000000
Buffer size: 57 228001
Download Time: 2094688
Chunk bitrate: 57 600000
Buffer size: 57 232001
Chunk bitrate: 57 600000
Buffer size: 58 232001
Download Time: 758795
Chunk bitrate: 58 600000
Buffer size: 59 236001
Download Time: 2569651
Chunk bitrate: 59 600000
Buffer size: 60 240001
Download Time: 1501924
Chunk bitrate: 60 1000000
Buffer size: 60 244001
Chunk bitrate: 60 1000000
Buffer size: 61 244001
Download Time: 2345073
Chunk bitrate: 61 600000
Buffer size: 61 248001
Chunk bitrate: 61 600000
Buffer size: 62 248001
Download Time: 1184169
[00007f4df0003378] core mux error: cannot add this stream
[00007f4df00993b8] core decoder error: cannot create packetizer output (h264)
Chunk bitrate: 62 349952
Buffer size: 62 252001
Chunk bitrate: 62 349952
Buffer size: 63 252001
Download Time: 543202
[00007f4df0003378] core mux error: cannot add this stream
[00007f4df00c91c8] core decoder error: cannot create packetizer output (h264)
Chunk bitrate: 63 349952
Buffer size: 64 256001
Download Time: 956425
Chunk bitrate: 64 349952
Buffer size: 65 260001
[00007f4df0003378] ps mux: Close
[00007f4de0000e98] idummy demux: command `quit'
[0000000001d991e8] [cli] lua interface error: Error loading script /home/cs244/vlc/share/lua/intf/cli.luac: lua/intf/modules/host.lua:286: Interrupted.
