[00000000015b31e8] core interface error: no suitable interface module
[00000000014ea338] core libvlc error: interface "globalhotkeys,none" initialization failed
[00000000015b31e8] dbus interface error: Failed to connect to the D-Bus session daemon: Unable to autolaunch a dbus-daemon without a $DISPLAY for X11
[00000000015b31e8] core interface error: no suitable interface module
[00000000014ea338] core libvlc error: interface "dbus,none" initialization failed
[00000000014ea338] core libvlc: Running vlc with the default interface. Use 'cvlc' to use vlc without interface.
[00000000015b31e8] qt interface error: Could not connect to X server
[00000000015b31e8] skins2 interface error: cannot initialize OSFactory
[00000000015b31e8] [cli] lua interface: Listening on host "*console".
VLC media player 3.0.0-git Vetinari
Command Line Interface initialized. Type `help' for help.
> [00007febd8003378] ps mux: Open
making a DASHManager
new ratebased adaptionlogic
Chunk bitrate: 0 349952
Buffer size: 0 0
Chunk bitrate: 0 349952
Buffer size: 0 0
[00007febd8025468] mp4 demux: Fragment sequence discontinuity detected 0 != 2
Download Time: 1616788
[00007febd8023dc8] mp4 demux: Fragment sequence discontinuity detected 0 != 2
Startup Time: 1050000
Chunk bitrate: 0 349952
Buffer size: 1 4001
Download Time: 1697316
Chunk bitrate: 1 600000
Buffer size: 1 8001
Chunk bitrate: 1 600000
Buffer size: 2 8001
Download Time: 1914373
Chunk bitrate: 2 600000
Buffer size: 3 12001
Download Time: 2755660
Chunk bitrate: 3 600000
Buffer size: 4 16001
Download Time: 986074
Chunk bitrate: 4 2000000
Buffer size: 4 20001
Chunk bitrate: 4 2000000
Buffer size: 5 20001
Download Time: 2573924
Chunk bitrate: 5 2000000
Buffer size: 6 24001
Download Time: 1592639
Chunk bitrate: 6 2000000
Buffer size: 7 28001
Download Time: 1231272
Chunk bitrate: 7 3000000
Buffer size: 7 32001
Chunk bitrate: 7 3000000
Buffer size: 8 32001
Download Time: 2615725
Chunk bitrate: 8 3000000
Buffer size: 9 36001
Download Time: 1916330
Chunk bitrate: 9 3000000
Buffer size: 10 40001
Download Time: 2208667
Chunk bitrate: 10 3000000
Buffer size: 11 44001
Download Time: 1921015
Chunk bitrate: 11 3000000
Buffer size: 12 48001
Download Time: 5224664
Chunk bitrate: 12 2000000
Buffer size: 12 52001
Chunk bitrate: 12 2000000
Buffer size: 13 52001
Download Time: 2184422
Chunk bitrate: 13 2000000
Buffer size: 14 56001
Download Time: 2049679
Chunk bitrate: 14 2000000
Buffer size: 15 60001
Download Time: 1388710
Chunk bitrate: 15 3000000
Buffer size: 15 64001
Chunk bitrate: 15 3000000
Buffer size: 16 64001
Download Time: 2189911
Chunk bitrate: 16 3000000
Buffer size: 17 68001
Download Time: 1721051
Chunk bitrate: 17 3000000
Buffer size: 18 72001
Download Time: 1141507
Chunk bitrate: 18 3000000
Buffer size: 19 76001
Download Time: 647045
Chunk bitrate: 19 3000000
Buffer size: 20 80001
Download Time: 985203
Chunk bitrate: 20 3000000
Buffer size: 21 84001
Download Time: 603333
Chunk bitrate: 21 3000000
Buffer size: 22 88001
Download Time: 893626
Chunk bitrate: 22 3000000
Buffer size: 23 92001
Download Time: 2648442
Chunk bitrate: 23 2000000
Buffer size: 23 96001
Chunk bitrate: 23 2000000
Buffer size: 24 96001
Download Time: 2086917
Chunk bitrate: 24 2000000
Buffer size: 25 100001
Download Time: 1557258
Chunk bitrate: 25 3000000
Buffer size: 25 104001
Chunk bitrate: 25 3000000
Buffer size: 26 104001
Download Time: 1947730
Chunk bitrate: 26 3000000
Buffer size: 27 108001
Download Time: 1237464
Chunk bitrate: 27 3000000
Buffer size: 28 112001
Download Time: 1943887
Chunk bitrate: 28 3000000
Buffer size: 29 116001
Download Time: 2415215
Chunk bitrate: 29 3000000
Buffer size: 30 120001
Download Time: 1331108
Chunk bitrate: 30 3000000
Buffer size: 31 124001
Download Time: 763879
Chunk bitrate: 31 3000000
Buffer size: 32 128001
Download Time: 1241379
Chunk bitrate: 32 3000000
Buffer size: 33 132001
Download Time: 1162224
Chunk bitrate: 33 3000000
Buffer size: 34 136001
Download Time: 1136227
Chunk bitrate: 34 3000000
Buffer size: 35 140001
Download Time: 2388295
Chunk bitrate: 35 2000000
Buffer size: 35 144001
Chunk bitrate: 35 2000000
Buffer size: 36 144001
Download Time: 1644604
Chunk bitrate: 36 2000000
Buffer size: 37 148001
Download Time: 2005316
Chunk bitrate: 37 3000000
Buffer size: 37 152001
Chunk bitrate: 37 3000000
Buffer size: 38 152001
Download Time: 2341937
Chunk bitrate: 38 3000000
Buffer size: 39 156001
Download Time: 2025186
Chunk bitrate: 39 3000000
Buffer size: 40 160001
Download Time: 1732969
Chunk bitrate: 40 3000000
Buffer size: 41 164001
Download Time: 2343301
Chunk bitrate: 41 3000000
Buffer size: 42 168001
Download Time: 1187694
Chunk bitrate: 42 3000000
Buffer size: 43 172001
Download Time: 1201697
Chunk bitrate: 43 3000000
Buffer size: 44 176001
Download Time: 882658
Chunk bitrate: 44 3000000
Buffer size: 45 180001
Download Time: 1051868
Chunk bitrate: 45 3000000
Buffer size: 46 184001
Download Time: 1407737
Chunk bitrate: 46 2000000
Buffer size: 46 188001
Chunk bitrate: 46 2000000
Buffer size: 47 188001
Download Time: 1943863
Chunk bitrate: 47 2000000
Buffer size: 48 192001
Download Time: 1784378
Chunk bitrate: 48 2000000
Buffer size: 49 196001
Download Time: 1837444
Chunk bitrate: 49 3000000
Buffer size: 49 200001
Chunk bitrate: 49 3000000
Buffer size: 50 200001
Download Time: 1874628
Chunk bitrate: 50 3000000
Buffer size: 51 204001
Download Time: 1548414
Chunk bitrate: 51 3000000
Buffer size: 52 208001
Download Time: 2270488
Chunk bitrate: 52 3000000
Buffer size: 53 212001
Download Time: 2143255
Chunk bitrate: 53 3000000
Buffer size: 54 216001
Download Time: 1458197
Chunk bitrate: 54 3000000
Buffer size: 55 220001
Download Time: 1024811
Chunk bitrate: 55 3000000
Buffer size: 56 224001
Download Time: 1121771
Chunk bitrate: 56 3000000
Buffer size: 57 228001
Download Time: 774486
Chunk bitrate: 57 3000000
Buffer size: 58 232001
Download Time: 327295
Chunk bitrate: 58 3000000
Buffer size: 59 236001
Download Time: 2025426
Chunk bitrate: 59 2000000
Buffer size: 59 240001
Chunk bitrate: 59 2000000
Buffer size: 60 240001
Download Time: 1895858
Chunk bitrate: 60 2000000
Buffer size: 61 244001
Download Time: 1919374
Chunk bitrate: 61 3000000
Buffer size: 61 248001
Chunk bitrate: 61 3000000
Buffer size: 62 248001
Download Time: 640665
Chunk bitrate: 62 3000000
Buffer size: 63 252001
Download Time: 449694
Chunk bitrate: 63 3000000
Buffer size: 64 256001
Download Time: 801546
Chunk bitrate: 64 3000000
Buffer size: 65 260001
[00007febd8003378] ps mux: Close
[00007febd803b638] idummy demux: command `quit'
[00000000015b31e8] [cli] lua interface error: Error loading script /home/cs244/vlc/share/lua/intf/cli.luac: lua/intf/modules/host.lua:286: Interrupted.
