[0000000000e9c1e8] core interface error: no suitable interface module
[0000000000dd3338] core libvlc error: interface "globalhotkeys,none" initialization failed
[0000000000e9c1e8] dbus interface error: Failed to connect to the D-Bus session daemon: Unable to autolaunch a dbus-daemon without a $DISPLAY for X11
[0000000000e9c1e8] core interface error: no suitable interface module
[0000000000dd3338] core libvlc error: interface "dbus,none" initialization failed
[0000000000dd3338] core libvlc: Running vlc with the default interface. Use 'cvlc' to use vlc without interface.
[0000000000e9c1e8] qt interface error: Could not connect to X server
[0000000000e9c1e8] skins2 interface error: cannot initialize OSFactory
[0000000000e9c1e8] [cli] lua interface: Listening on host "*console".
VLC media player 3.0.0-git Vetinari
Command Line Interface initialized. Type `help' for help.
> [00007fb4fc003378] ps mux: Open
making a DASHManager
new ratebased adaptionlogic
Chunk bitrate: 0 349952
Buffer size: 0 0
Chunk bitrate: 0 349952
Buffer size: 0 0
[00007fb4fc0191b8] mp4 demux: Fragment sequence discontinuity detected 0 != 2
Download Time: 2057418
[00007fb4fc0199f8] mp4 demux: Fragment sequence discontinuity detected 0 != 2
Startup Time: 1050000
Chunk bitrate: 0 349952
Buffer size: 1 4001
Download Time: 2150149
Chunk bitrate: 1 349952
Buffer size: 2 8001
Download Time: 1327155
Chunk bitrate: 2 349952
Buffer size: 3 12001
Download Time: 2013526
Chunk bitrate: 3 349952
Buffer size: 4 16001
Download Time: 1620403
Chunk bitrate: 4 349952
Buffer size: 5 20001
Download Time: 2265442
Chunk bitrate: 5 349952
Buffer size: 6 24001
Download Time: 1354444
Chunk bitrate: 6 349952
Buffer size: 7 28001
Download Time: 1494461
Chunk bitrate: 7 349952
Buffer size: 8 32001
Download Time: 1901279
Chunk bitrate: 8 349952
Buffer size: 9 36001
Download Time: 1900370
Chunk bitrate: 9 349952
Buffer size: 10 40001
Download Time: 1858265
Chunk bitrate: 10 349952
Buffer size: 11 44001
Download Time: 1522509
Chunk bitrate: 11 349952
Buffer size: 12 48001
Download Time: 1928223
Chunk bitrate: 12 349952
Buffer size: 13 52001
Download Time: 1746440
Chunk bitrate: 13 349952
Buffer size: 14 56001
Download Time: 1886370
Chunk bitrate: 14 349952
Buffer size: 15 60001
Download Time: 1550784
Chunk bitrate: 15 349952
Buffer size: 16 64001
Download Time: 1844933
Chunk bitrate: 16 349952
Buffer size: 17 68001
Download Time: 1620630
Chunk bitrate: 17 349952
Buffer size: 18 72001
Download Time: 1978564
Chunk bitrate: 18 349952
Buffer size: 19 76001
Download Time: 2466754
Chunk bitrate: 19 349952
Buffer size: 20 80001
Download Time: 2032199
Chunk bitrate: 20 600000
Buffer size: 20 84001
Chunk bitrate: 20 600000
Buffer size: 21 84001
Download Time: 1605685
Chunk bitrate: 21 600000
Buffer size: 22 88001
Download Time: 2147469
Chunk bitrate: 22 600000
Buffer size: 23 92001
Download Time: 2036641
Chunk bitrate: 23 600000
Buffer size: 24 96001
Download Time: 1852766
Chunk bitrate: 24 600000
Buffer size: 25 100001
Download Time: 2500990
Chunk bitrate: 25 349952
Buffer size: 25 104001
Chunk bitrate: 25 349952
Buffer size: 26 104001
Download Time: 1499968
Chunk bitrate: 26 349952
Buffer size: 27 108001
Download Time: 717496
Chunk bitrate: 27 600000
Buffer size: 27 112001
Chunk bitrate: 27 600000
Buffer size: 28 112001
Download Time: 1609675
Chunk bitrate: 28 1000000
Buffer size: 28 116001
Chunk bitrate: 28 1000000
Buffer size: 29 116001
Download Time: 2666783
Chunk bitrate: 29 600000
Buffer size: 29 120001
Chunk bitrate: 29 600000
Buffer size: 30 120001
Download Time: 2012586
Chunk bitrate: 30 600000
Buffer size: 31 124001
Download Time: 2096671
Chunk bitrate: 31 600000
Buffer size: 32 128001
Download Time: 1739767
Chunk bitrate: 32 1000000
Buffer size: 32 132001
Chunk bitrate: 32 1000000
Buffer size: 33 132001
Download Time: 2547976
Chunk bitrate: 33 1000000
Buffer size: 34 136001
Download Time: 2118552
Chunk bitrate: 34 1000000
Buffer size: 35 140001
Download Time: 1735201
Chunk bitrate: 35 1000000
Buffer size: 36 144001
Download Time: 1462652
Chunk bitrate: 36 1000000
Buffer size: 37 148001
Download Time: 2444966
Chunk bitrate: 37 1000000
Buffer size: 38 152001
Download Time: 2581375
Chunk bitrate: 38 1000000
Buffer size: 39 156001
Download Time: 3326565
Chunk bitrate: 39 600000
Buffer size: 39 160001
Chunk bitrate: 39 600000
Buffer size: 40 160001
Download Time: 1530870
Chunk bitrate: 40 1000000
Buffer size: 40 164001
Chunk bitrate: 40 1000000
Buffer size: 41 164001
Download Time: 2771613
Chunk bitrate: 41 1000000
Buffer size: 42 168001
Download Time: 2074765
Chunk bitrate: 42 1000000
Buffer size: 43 172001
Download Time: 1980764
Chunk bitrate: 43 1000000
Buffer size: 44 176001
Download Time: 1555405
Chunk bitrate: 44 1000000
Buffer size: 45 180001
Download Time: 1766078
Chunk bitrate: 45 1000000
Buffer size: 46 184001
Download Time: 1829821
Chunk bitrate: 46 1000000
Buffer size: 47 188001
Download Time: 2440938
Chunk bitrate: 47 600000
Buffer size: 47 192001
Chunk bitrate: 47 600000
Buffer size: 48 192001
Download Time: 1869835
Chunk bitrate: 48 600000
Buffer size: 49 196001
Download Time: 2064297
Chunk bitrate: 49 600000
Buffer size: 50 200001
Download Time: 1507635
Chunk bitrate: 50 1000000
Buffer size: 50 204001
Chunk bitrate: 50 1000000
Buffer size: 51 204001
Download Time: 2064453
Chunk bitrate: 51 1000000
Buffer size: 52 208001
Download Time: 1895182
Chunk bitrate: 52 1000000
Buffer size: 53 212001
Download Time: 1615974
Chunk bitrate: 53 1000000
Buffer size: 54 216001
Download Time: 2000599
Chunk bitrate: 54 1000000
Buffer size: 55 220001
Download Time: 1820305
Chunk bitrate: 55 1000000
Buffer size: 56 224001
Download Time: 1991446
Chunk bitrate: 56 1000000
Buffer size: 57 228001
Download Time: 2170587
Chunk bitrate: 57 600000
Buffer size: 57 232001
Chunk bitrate: 57 600000
Buffer size: 58 232001
Download Time: 689504
Chunk bitrate: 58 600000
Buffer size: 59 236001
Download Time: 2490981
Chunk bitrate: 59 600000
Buffer size: 60 240001
Download Time: 1500819
Chunk bitrate: 60 1000000
Buffer size: 60 244001
Chunk bitrate: 60 1000000
Buffer size: 61 244001
Download Time: 2338191
Chunk bitrate: 61 1000000
Buffer size: 62 248001
Download Time: 746654
Chunk bitrate: 62 1000000
Buffer size: 63 252001
Download Time: 543000
Chunk bitrate: 63 1000000
Buffer size: 64 256001
Download Time: 999049
Chunk bitrate: 64 1000000
Buffer size: 65 260001
[00007fb4fc003378] ps mux: Close
[00007fb508001698] idummy demux: command `quit'
[0000000000e9c1e8] [cli] lua interface error: Error loading script /home/cs244/vlc/share/lua/intf/cli.luac: lua/intf/modules/host.lua:286: Interrupted.
