[000000000246d1e8] core interface error: no suitable interface module
[00000000023a4338] core libvlc error: interface "globalhotkeys,none" initialization failed
[000000000246d1e8] dbus interface error: Failed to connect to the D-Bus session daemon: Unable to autolaunch a dbus-daemon without a $DISPLAY for X11
[000000000246d1e8] core interface error: no suitable interface module
[00000000023a4338] core libvlc error: interface "dbus,none" initialization failed
[00000000023a4338] core libvlc: Running vlc with the default interface. Use 'cvlc' to use vlc without interface.
[000000000246d1e8] qt interface error: Could not connect to X server
[000000000246d1e8] skins2 interface error: cannot initialize OSFactory
[000000000246d1e8] [cli] lua interface: Listening on host "*console".
VLC media player 3.0.0-git Vetinari
Command Line Interface initialized. Type `help' for help.
> [00007f5b88003378] ps mux: Open
making a DASHManager
new ratebased adaptionlogic
Chunk bitrate: 0 349952
Buffer size: 0 0
Chunk bitrate: 0 349952
Buffer size: 0 0
[00007f5b880238d8] mp4 demux: Fragment sequence discontinuity detected 0 != 2
Download Time: 148322
[00007f5b88017008] mp4 demux: Fragment sequence discontinuity detected 0 != 2
Startup Time: 1050000
Chunk bitrate: 0 3000000
Buffer size: 0 4001
Chunk bitrate: 0 3000000
Buffer size: 1 4001
Download Time: 1136275
Chunk bitrate: 1 3000000
Buffer size: 2 8001
Download Time: 954127
Chunk bitrate: 2 3000000
Buffer size: 3 12001
Download Time: 1168211
Chunk bitrate: 3 3000000
Buffer size: 4 16001
Download Time: 973769
Chunk bitrate: 4 3000000
Buffer size: 5 20001
Download Time: 1247044
Chunk bitrate: 5 3000000
Buffer size: 6 24001
Download Time: 844691
Chunk bitrate: 6 3000000
Buffer size: 7 28001
Download Time: 832156
Chunk bitrate: 7 3000000
Buffer size: 8 32001
Download Time: 1318076
Chunk bitrate: 8 3000000
Buffer size: 9 36001
Download Time: 959956
Chunk bitrate: 9 3000000
Buffer size: 10 40001
Download Time: 1105246
Chunk bitrate: 10 3000000
Buffer size: 11 44001
Download Time: 962664
Chunk bitrate: 11 3000000
Buffer size: 12 48001
Download Time: 1336934
Chunk bitrate: 12 3000000
Buffer size: 13 52001
Download Time: 1116558
Chunk bitrate: 13 3000000
Buffer size: 14 56001
Download Time: 942819
Download Time: 26450
Chunk bitrate: 14 3000000
Buffer size: 15 60001
Download Time: 888527
Chunk bitrate: 15 3000000
Buffer size: 16 64001
Download Time: 1097406
Chunk bitrate: 16 3000000
Buffer size: 17 68001
Download Time: 914512
Chunk bitrate: 17 3000000
Buffer size: 18 72001
Download Time: 1330711
Chunk bitrate: 18 1000000
Buffer size: 18 76001
Chunk bitrate: 18 1000000
Buffer size: 19 76001
Download Time: 1490360
Chunk bitrate: 19 1000000
Buffer size: 20 80001
Download Time: 2550692
Chunk bitrate: 20 1000000
Buffer size: 21 84001
Download Time: 1237207
Chunk bitrate: 21 1000000
Buffer size: 22 88001
Download Time: 1645600
Chunk bitrate: 22 1000000
Buffer size: 23 92001
Download Time: 2068735
Chunk bitrate: 23 3000000
Buffer size: 23 96001
Chunk bitrate: 23 3000000
Buffer size: 24 96001
Download Time: 2086652
Chunk bitrate: 24 3000000
Buffer size: 25 100001
Download Time: 2058908
Chunk bitrate: 25 3000000
Buffer size: 26 104001
Download Time: 1308780
Chunk bitrate: 26 3000000
Buffer size: 27 108001
Download Time: 621884
Chunk bitrate: 27 3000000
Buffer size: 28 112001
Download Time: 975832
Chunk bitrate: 28 3000000
Buffer size: 29 116001
Download Time: 1210326
Chunk bitrate: 29 3000000
Buffer size: 30 120001
Download Time: 761222
Chunk bitrate: 30 3000000
Buffer size: 31 124001
Download Time: 771152
Chunk bitrate: 31 3000000
Buffer size: 32 128001
Download Time: 1242808
Chunk bitrate: 32 3000000
Buffer size: 33 132001
Download Time: 1162603
Chunk bitrate: 33 3000000
Buffer size: 34 136001
Download Time: 1136837
Chunk bitrate: 34 3000000
Buffer size: 35 140001
Download Time: 1037969
Chunk bitrate: 35 3000000
Buffer size: 36 144001
Download Time: 836608
Chunk bitrate: 36 3000000
Buffer size: 37 148001
Download Time: 1241496
Chunk bitrate: 37 3000000
Buffer size: 38 152001
Download Time: 1172373
Chunk bitrate: 38 3000000
Buffer size: 39 156001
Download Time: 1013211
Chunk bitrate: 39 3000000
Buffer size: 40 160001
Download Time: 868345
Chunk bitrate: 40 3000000
Buffer size: 41 164001
Download Time: 1172789
Download Time: 25191
Chunk bitrate: 41 3000000
Buffer size: 42 168001
Download Time: 977792
Chunk bitrate: 42 3000000
Buffer size: 43 172001
Download Time: 1201336
Chunk bitrate: 43 3000000
Buffer size: 44 176001
Download Time: 883901
Chunk bitrate: 44 3000000
Buffer size: 45 180001
Download Time: 1052679
Chunk bitrate: 45 3000000
Buffer size: 46 184001
Download Time: 1122763
Chunk bitrate: 46 3000000
Buffer size: 47 188001
Download Time: 1046130
Chunk bitrate: 47 3000000
Buffer size: 48 192001
Download Time: 876185
Chunk bitrate: 48 3000000
Buffer size: 49 196001
Download Time: 1240230
Chunk bitrate: 49 3000000
Buffer size: 50 200001
Download Time: 941725
Chunk bitrate: 50 3000000
Buffer size: 51 204001
Download Time: 775872
Chunk bitrate: 51 3000000
Buffer size: 52 208001
Download Time: 1138695
Chunk bitrate: 52 3000000
Buffer size: 53 212001
Download Time: 1076315
Chunk bitrate: 53 3000000
Buffer size: 54 216001
Download Time: 1389281
Chunk bitrate: 54 3000000
Buffer size: 55 220001
Download Time: 2044651
Chunk bitrate: 55 3000000
Buffer size: 56 224001
Download Time: 2239880
Chunk bitrate: 56 3000000
Buffer size: 57 228001
Download Time: 4546346
Chunk bitrate: 57 1000000
Buffer size: 57 232001
Chunk bitrate: 57 1000000
Buffer size: 58 232001
Download Time: 615247
Chunk bitrate: 58 1000000
Buffer size: 59 236001
Download Time: 2125987
Chunk bitrate: 59 1000000
Buffer size: 60 240001
Download Time: 1610023
Chunk bitrate: 60 1000000
Buffer size: 61 244001
Download Time: 1245824
Chunk bitrate: 61 2000000
Buffer size: 61 248001
Chunk bitrate: 61 2000000
Buffer size: 62 248001
Download Time: 662609
Chunk bitrate: 62 2000000
Buffer size: 63 252001
Download Time: 468872
Chunk bitrate: 63 2000000
Buffer size: 64 256001
Download Time: 934226
Chunk bitrate: 64 2000000
Buffer size: 65 260001
[00007f5b88003378] ps mux: Close
[00007f5b80000e98] idummy demux: command `quit'
[000000000246d1e8] [cli] lua interface error: Error loading script /home/cs244/vlc/share/lua/intf/cli.luac: lua/intf/modules/host.lua:286: Interrupted.
