[0000000001b8f1e8] core interface error: no suitable interface module
[0000000001ac6338] core libvlc error: interface "globalhotkeys,none" initialization failed
[0000000001b8f1e8] dbus interface error: Failed to connect to the D-Bus session daemon: Unable to autolaunch a dbus-daemon without a $DISPLAY for X11
[0000000001b8f1e8] core interface error: no suitable interface module
[0000000001ac6338] core libvlc error: interface "dbus,none" initialization failed
[0000000001ac6338] core libvlc: Running vlc with the default interface. Use 'cvlc' to use vlc without interface.
[0000000001b8f1e8] qt interface error: Could not connect to X server
[0000000001b8f1e8] skins2 interface error: cannot initialize OSFactory
[0000000001b8f1e8] [cli] lua interface: Listening on host "*console".
VLC media player 3.0.0-git Vetinari
Command Line Interface initialized. Type `help' for help.
> [00007f9a38003378] ps mux: Open
making a DASHManager
new ratebased adaptionlogic
Chunk bitrate: 0 349952
Buffer size: 0 0
Chunk bitrate: 0 349952
Buffer size: 0 0
[00007f9a380193c8] mp4 demux: Fragment sequence discontinuity detected 0 != 2
Download Time: 587863
[00007f9a38018db8] mp4 demux: Fragment sequence discontinuity detected 0 != 2
Startup Time: 1050000
Chunk bitrate: 0 1000000
Buffer size: 0 4001
Chunk bitrate: 0 1000000
Buffer size: 1 4001
Download Time: 1611693
Chunk bitrate: 1 1000000
Buffer size: 2 8001
Download Time: 1170074
Chunk bitrate: 2 1000000
Buffer size: 3 12001
Download Time: 2063350
Chunk bitrate: 3 600000
Buffer size: 3 16001
Chunk bitrate: 3 600000
Buffer size: 4 16001
Download Time: 1674160
Chunk bitrate: 4 600000
Buffer size: 5 20001
Download Time: 2197845
Chunk bitrate: 5 1000000
Buffer size: 5 24001
Chunk bitrate: 5 1000000
Buffer size: 6 24001
Download Time: 1656427
Chunk bitrate: 6 1000000
Buffer size: 7 28001
Download Time: 1795380
Chunk bitrate: 7 1000000
Buffer size: 8 32001
Download Time: 1926019
Chunk bitrate: 8 1000000
Buffer size: 9 36001
Download Time: 1471883
Chunk bitrate: 9 1000000
Buffer size: 10 40001
Download Time: 1284539
Chunk bitrate: 10 1000000
Buffer size: 11 44001
Download Time: 2120537
Chunk bitrate: 11 600000
Buffer size: 11 48001
Chunk bitrate: 11 600000
Buffer size: 12 48001
Download Time: 2195590
Chunk bitrate: 12 600000
Buffer size: 13 52001
Download Time: 1683965
Chunk bitrate: 13 1000000
Buffer size: 13 56001
Chunk bitrate: 13 1000000
Buffer size: 14 56001
Download Time: 1998567
Chunk bitrate: 14 1000000
Buffer size: 15 60001
Download Time: 1746671
Chunk bitrate: 15 1000000
Buffer size: 16 64001
Download Time: 1582702
Chunk bitrate: 16 1000000
Buffer size: 17 68001
Download Time: 1292113
Chunk bitrate: 17 1000000
Buffer size: 18 72001
Download Time: 1540470
Chunk bitrate: 18 1000000
Buffer size: 19 76001
Download Time: 1391073
Chunk bitrate: 19 600000
Buffer size: 19 80001
Chunk bitrate: 19 600000
Buffer size: 20 80001
Download Time: 2240996
Chunk bitrate: 20 600000
Buffer size: 21 84001
Download Time: 1315531
Chunk bitrate: 21 1000000
Buffer size: 21 88001
Chunk bitrate: 21 1000000
Buffer size: 22 88001
Download Time: 1980631
Chunk bitrate: 22 1000000
Buffer size: 23 92001
Download Time: 2498567
Chunk bitrate: 23 1000000
Buffer size: 24 96001
Download Time: 1959542
Chunk bitrate: 24 1000000
Buffer size: 25 100001
Download Time: 1696467
Chunk bitrate: 25 1000000
Buffer size: 26 104001
Download Time: 1565269
Chunk bitrate: 26 1000000
Buffer size: 27 108001
Download Time: 799933
Chunk bitrate: 27 1000000
Buffer size: 28 112001
Download Time: 1576986
Chunk bitrate: 28 1000000
Buffer size: 29 116001
Download Time: 1524744
Chunk bitrate: 29 1000000
Buffer size: 30 120001
Download Time: 897806
Chunk bitrate: 30 2000000
Buffer size: 30 124001
Chunk bitrate: 30 2000000
Buffer size: 31 124001
Download Time: 1740106
Chunk bitrate: 31 2000000
Buffer size: 32 128001
Download Time: 2604299
Chunk bitrate: 32 3000000
Buffer size: 32 132001
Chunk bitrate: 32 3000000
Buffer size: 33 132001
Download Time: 2321916
Chunk bitrate: 33 3000000
Buffer size: 34 136001
Download Time: 2267871
Chunk bitrate: 34 3000000
Buffer size: 35 140001
Download Time: 5007619
Chunk bitrate: 35 1000000
Buffer size: 35 144001
Chunk bitrate: 35 1000000
Buffer size: 36 144001
Download Time: 1156031
Chunk bitrate: 36 1000000
Buffer size: 37 148001
Download Time: 1635375
Chunk bitrate: 37 1000000
Buffer size: 38 152001
Download Time: 1563091
Chunk bitrate: 38 2000000
Buffer size: 38 156001
Chunk bitrate: 38 2000000
Buffer size: 39 156001
Download Time: 2027781
Chunk bitrate: 39 2000000
Buffer size: 40 160001
Download Time: 1677970
Chunk bitrate: 40 2000000
Buffer size: 41 164001
Download Time: 2112226
Chunk bitrate: 41 3000000
Buffer size: 41 168001
Chunk bitrate: 41 3000000
Buffer size: 42 168001
Download Time: 1946319
Chunk bitrate: 42 3000000
Buffer size: 43 172001
Download Time: 2603979
Chunk bitrate: 43 1000000
Buffer size: 43 176001
Chunk bitrate: 43 1000000
Buffer size: 44 176001
Download Time: 1554978
Chunk bitrate: 44 1000000
Buffer size: 45 180001
Download Time: 1765322
Chunk bitrate: 45 1000000
Buffer size: 46 184001
Download Time: 1655148
Chunk bitrate: 46 1000000
Buffer size: 47 188001
Download Time: 1512636
Chunk bitrate: 47 1000000
Buffer size: 48 192001
Download Time: 1096909
Chunk bitrate: 48 1000000
Buffer size: 49 196001
Download Time: 1472764
Chunk bitrate: 49 2000000
Buffer size: 49 200001
Chunk bitrate: 49 2000000
Buffer size: 50 200001
Download Time: 2036272
Chunk bitrate: 50 2000000
Buffer size: 51 204001
Download Time: 1656972
Chunk bitrate: 51 2000000
Buffer size: 52 208001
Download Time: 1813093
Chunk bitrate: 52 3000000
Buffer size: 52 212001
Chunk bitrate: 52 3000000
Buffer size: 53 212001
Download Time: 2143659
Chunk bitrate: 53 3000000
Buffer size: 54 216001
Download Time: 2827512
Chunk bitrate: 54 1000000
Buffer size: 54 220001
Chunk bitrate: 54 1000000
Buffer size: 55 220001
Download Time: 1825171
[00007f9a38003378] core mux error: cannot add this stream
[00007f9a380d5fd8] core decoder error: cannot create packetizer output (h264)
Chunk bitrate: 55 1000000
Buffer size: 56 224001
Download Time: 1988964
Chunk bitrate: 56 1000000
Buffer size: 57 228001
Download Time: 966079
Chunk bitrate: 57 1000000
Buffer size: 58 232001
Download Time: 446103
Chunk bitrate: 58 1000000
Buffer size: 59 236001
Download Time: 1700944
Chunk bitrate: 59 1000000
Buffer size: 60 240001
Download Time: 1285974
Chunk bitrate: 60 1000000
Buffer size: 61 244001
Download Time: 1027075
Chunk bitrate: 61 2000000
Buffer size: 61 248001
Chunk bitrate: 61 2000000
Buffer size: 62 248001
Download Time: 662683
[00007f9a38003378] core mux error: cannot add this stream
[00007f9a380a2f18] core decoder error: cannot create packetizer output (h264)
Chunk bitrate: 62 2000000
Buffer size: 63 252001
Download Time: 474932
Chunk bitrate: 63 2000000
Buffer size: 64 256001
Download Time: 941373
Chunk bitrate: 64 2000000
Buffer size: 65 260001
[00007f9a38003378] ps mux: Close
[00007f9a340016e8] idummy demux: command `quit'
[0000000001b8f1e8] [cli] lua interface error: Error loading script /home/cs244/vlc/share/lua/intf/cli.luac: lua/intf/modules/host.lua:286: Interrupted.
