[00000000012de1e8] core interface error: no suitable interface module
[0000000001215338] core libvlc error: interface "globalhotkeys,none" initialization failed
[00000000012de1e8] dbus interface error: Failed to connect to the D-Bus session daemon: Unable to autolaunch a dbus-daemon without a $DISPLAY for X11
[00000000012de1e8] core interface error: no suitable interface module
[0000000001215338] core libvlc error: interface "dbus,none" initialization failed
[0000000001215338] core libvlc: Running vlc with the default interface. Use 'cvlc' to use vlc without interface.
[00000000012de1e8] qt interface error: Could not connect to X server
[00000000012de1e8] skins2 interface error: cannot initialize OSFactory
[00000000012de1e8] [cli] lua interface: Listening on host "*console".
VLC media player 3.0.0-git Vetinari
Command Line Interface initialized. Type `help' for help.
> [00007f43cc003378] ps mux: Open
making a DASHManager
new ratebased adaptionlogic
Chunk bitrate: 0 349952
Buffer size: 0 0
Chunk bitrate: 0 349952
Buffer size: 0 0
[00007f43cc01a168] mp4 demux: Fragment sequence discontinuity detected 0 != 2
Download Time: 293805
[00007f43cc0245e8] mp4 demux: Fragment sequence discontinuity detected 0 != 2
Startup Time: 1050000
Chunk bitrate: 0 3000000
Buffer size: 0 4001
Chunk bitrate: 0 3000000
Buffer size: 1 4001
Download Time: 2269530
Chunk bitrate: 1 3000000
Buffer size: 2 8001
Download Time: 1901841
Chunk bitrate: 2 3000000
Buffer size: 3 12001
Download Time: 16194161
Chunk bitrate: 3 1000000
Buffer size: 3 16001
Chunk bitrate: 3 1000000
Buffer size: 4 16001
Download Time: 1640711
Chunk bitrate: 4 1000000
Buffer size: 5 20001
Download Time: 2140280
Chunk bitrate: 5 600000
Buffer size: 5 24001
Chunk bitrate: 5 600000
Buffer size: 6 24001
Download Time: 1539540
Chunk bitrate: 6 600000
Buffer size: 7 28001
Download Time: 1715229
Chunk bitrate: 7 600000
Buffer size: 8 32001
Download Time: 1836699
Chunk bitrate: 8 1000000
Buffer size: 8 36001
Chunk bitrate: 8 1000000
Buffer size: 9 36001
Download Time: 2576566
Chunk bitrate: 9 1000000
Buffer size: 10 40001
Download Time: 1819241
Chunk bitrate: 10 1000000
Buffer size: 11 44001
Download Time: 1398336
Chunk bitrate: 11 1000000
Buffer size: 12 48001
Download Time: 1732713
Chunk bitrate: 12 1000000
Buffer size: 13 52001
Download Time: 1552602
Chunk bitrate: 13 1000000
Buffer size: 14 56001
Download Time: 1331287
Chunk bitrate: 14 1000000
Buffer size: 15 60001
Download Time: 1167566
Chunk bitrate: 15 1000000
Buffer size: 16 64001
Download Time: 1540834
Chunk bitrate: 16 1000000
Buffer size: 17 68001
Download Time: 2906404
Chunk bitrate: 17 600000
Buffer size: 17 72001
Chunk bitrate: 17 600000
Buffer size: 18 72001
Download Time: 1918081
Chunk bitrate: 18 600000
Buffer size: 19 76001
Download Time: 1024068
Chunk bitrate: 19 1000000
Buffer size: 19 80001
Chunk bitrate: 19 1000000
Buffer size: 20 80001
Download Time: 2555279
Chunk bitrate: 20 1000000
Buffer size: 21 84001
Download Time: 1281638
Chunk bitrate: 21 1000000
Buffer size: 22 88001
Download Time: 1319717
Chunk bitrate: 22 1000000
Buffer size: 23 92001
Download Time: 1667446
Chunk bitrate: 23 1000000
Buffer size: 24 96001
Download Time: 2085991
Chunk bitrate: 24 600000
Buffer size: 24 100001
Chunk bitrate: 24 600000
Buffer size: 25 100001
Download Time: 2100080
Chunk bitrate: 25 600000
Buffer size: 26 104001
Download Time: 1918846
Chunk bitrate: 26 600000
Buffer size: 27 108001
Download Time: 969907
Chunk bitrate: 27 1000000
Buffer size: 27 112001
Chunk bitrate: 27 1000000
Buffer size: 28 112001
Download Time: 2757423
Chunk bitrate: 28 1000000
Buffer size: 29 116001
Download Time: 1656609
Chunk bitrate: 29 1000000
Buffer size: 30 120001
Download Time: 1103491
Chunk bitrate: 30 1000000
Buffer size: 31 124001
Download Time: 1235035
Chunk bitrate: 31 1000000
Buffer size: 32 128001
Download Time: 3397645
Chunk bitrate: 32 349952
Buffer size: 32 132001
Chunk bitrate: 32 349952
Buffer size: 33 132001
Download Time: 1722455
Chunk bitrate: 33 349952
Buffer size: 34 136001
Download Time: 1543524
Chunk bitrate: 34 600000
Buffer size: 34 140001
Chunk bitrate: 34 600000
Buffer size: 35 140001
Download Time: 2120562
Chunk bitrate: 35 600000
Buffer size: 36 144001
Download Time: 1490192
Chunk bitrate: 36 1000000
Buffer size: 36 148001
Chunk bitrate: 36 1000000
Buffer size: 37 148001
Download Time: 2453485
Chunk bitrate: 37 1000000
Buffer size: 38 152001
Download Time: 2087167
Chunk bitrate: 38 1000000
Buffer size: 39 156001
Download Time: 1329517
Chunk bitrate: 39 1000000
Buffer size: 40 160001
Download Time: 1144412
Chunk bitrate: 40 1000000
Buffer size: 41 164001
Download Time: 1589127
Chunk bitrate: 41 1000000
Buffer size: 42 168001
Download Time: 1399496
Chunk bitrate: 42 1000000
Buffer size: 43 172001
Download Time: 1587651
Chunk bitrate: 43 1000000
Buffer size: 44 176001
Download Time: 1243888
Chunk bitrate: 44 1000000
Buffer size: 45 180001
Download Time: 2866217
Chunk bitrate: 45 600000
Buffer size: 45 184001
Chunk bitrate: 45 600000
Buffer size: 46 184001
Download Time: 2478345
Chunk bitrate: 46 600000
Buffer size: 47 188001
Download Time: 1401509
Chunk bitrate: 47 1000000
Buffer size: 47 192001
Chunk bitrate: 47 1000000
Buffer size: 48 192001
Download Time: 1917688
Chunk bitrate: 48 1000000
Buffer size: 49 196001
Download Time: 2181528
Chunk bitrate: 49 1000000
Buffer size: 50 200001
Download Time: 1763403
Chunk bitrate: 50 1000000
Buffer size: 51 204001
Download Time: 1426655
Chunk bitrate: 51 1000000
Buffer size: 52 208001
Download Time: 2091065
Chunk bitrate: 52 1000000
Buffer size: 53 212001
Download Time: 1935005
Chunk bitrate: 53 1000000
Buffer size: 54 216001
Download Time: 2401158
Chunk bitrate: 54 1000000
Buffer size: 55 220001
Download Time: 2186725
Chunk bitrate: 55 1000000
Buffer size: 56 224001
Download Time: 2177563
Chunk bitrate: 56 1000000
Buffer size: 57 228001
Download Time: 1206529
Chunk bitrate: 57 1000000
Buffer size: 58 232001
Download Time: 555898
Chunk bitrate: 58 1000000
Buffer size: 59 236001
Download Time: 2057238
Chunk bitrate: 59 1000000
Buffer size: 60 240001
Download Time: 1288470
Chunk bitrate: 60 1000000
Buffer size: 61 244001
Download Time: 1340230
Chunk bitrate: 61 1000000
Buffer size: 62 248001
Download Time: 484457
Chunk bitrate: 62 1000000
Buffer size: 63 252001
Download Time: 360707
Chunk bitrate: 63 1000000
Buffer size: 64 256001
Download Time: 668849
Chunk bitrate: 64 600000
Buffer size: 64 260001
Chunk bitrate: 64 600000
Buffer size: 65 260001
[00007f43cc003378] ps mux: Close
[00007f43c80016e8] idummy demux: command `quit'
[00000000012de1e8] [cli] lua interface error: Error loading script /home/cs244/vlc/share/lua/intf/cli.luac: lua/intf/modules/host.lua:286: Interrupted.
