[00000000017b31e8] core interface error: no suitable interface module
[00000000016ea338] core libvlc error: interface "globalhotkeys,none" initialization failed
[00000000017b31e8] dbus interface error: Failed to connect to the D-Bus session daemon: Unable to autolaunch a dbus-daemon without a $DISPLAY for X11
[00000000017b31e8] core interface error: no suitable interface module
[00000000016ea338] core libvlc error: interface "dbus,none" initialization failed
[00000000016ea338] core libvlc: Running vlc with the default interface. Use 'cvlc' to use vlc without interface.
[00000000017b31e8] qt interface error: Could not connect to X server
[00000000017b31e8] skins2 interface error: cannot initialize OSFactory
[00007fda00003378] ps mux: Open
[00000000017b31e8] [cli] lua interface: Listening on host "*console".
VLC media player 3.0.0-git Vetinari
Command Line Interface initialized. Type `help' for help.
> making a DASHManager
new ratebased adaptionlogic
Chunk bitrate: 0 349952
Buffer size: 0 0
Chunk bitrate: 0 349952
Buffer size: 0 0
[00007fda00027558] mp4 demux: Fragment sequence discontinuity detected 0 != 2
Download Time: 1304423
[00007fda00024a08] mp4 demux: Fragment sequence discontinuity detected 0 != 2
Startup Time: 1050000
Chunk bitrate: 0 600000
Buffer size: 0 4001
Chunk bitrate: 0 600000
Buffer size: 1 4001
Download Time: 2322701
Chunk bitrate: 1 600000
Buffer size: 2 8001
Download Time: 1275734
Chunk bitrate: 2 1000000
Buffer size: 2 12001
Chunk bitrate: 2 1000000
Buffer size: 3 12001
Download Time: 2315786
Chunk bitrate: 3 1000000
Buffer size: 4 16001
Download Time: 1913360
Chunk bitrate: 4 1000000
Buffer size: 5 20001
Download Time: 1707579
Chunk bitrate: 5 1000000
Buffer size: 6 24001
Download Time: 1099218
Chunk bitrate: 6 1000000
Buffer size: 7 28001
Download Time: 1194241
Chunk bitrate: 7 1000000
Buffer size: 8 32001
Download Time: 1369688
Chunk bitrate: 8 2000000
Buffer size: 8 36001
Chunk bitrate: 8 2000000
Buffer size: 9 36001
Download Time: 1936492
Chunk bitrate: 9 2000000
Buffer size: 10 40001
Download Time: 2072689
Chunk bitrate: 10 3000000
Buffer size: 10 44001
Chunk bitrate: 10 3000000
Buffer size: 11 44001
Download Time: 1920128
Chunk bitrate: 11 3000000
Buffer size: 12 48001
Download Time: 2653841
Chunk bitrate: 12 3000000
Buffer size: 13 52001
Download Time: 2225305
Chunk bitrate: 13 3000000
Buffer size: 14 56001
Download Time: 1878964
Chunk bitrate: 14 3000000
Buffer size: 15 60001
Download Time: 2866933
Chunk bitrate: 15 1000000
Buffer size: 15 64001
Chunk bitrate: 15 1000000
Buffer size: 16 64001
Download Time: 1984980
Chunk bitrate: 16 1000000
Buffer size: 17 68001
Download Time: 1472557
Chunk bitrate: 17 1000000
Buffer size: 18 72001
Download Time: 1532460
Chunk bitrate: 18 1000000
Buffer size: 19 76001
Download Time: 843694
Chunk bitrate: 19 1000000
Buffer size: 20 80001
Download Time: 1451806
Chunk bitrate: 20 1000000
Buffer size: 21 84001
Download Time: 762851
Chunk bitrate: 21 2000000
Buffer size: 21 88001
Chunk bitrate: 21 2000000
Buffer size: 22 88001
Download Time: 1970617
Chunk bitrate: 22 2000000
Buffer size: 23 92001
Download Time: 2439938
Chunk bitrate: 23 3000000
Buffer size: 23 96001
Chunk bitrate: 23 3000000
Buffer size: 24 96001
Download Time: 2086103
Chunk bitrate: 24 3000000
Buffer size: 25 100001
Download Time: 2057782
Chunk bitrate: 25 3000000
Buffer size: 26 104001
Download Time: 3993179
Chunk bitrate: 26 1000000
Buffer size: 26 108001
Chunk bitrate: 26 1000000
Buffer size: 27 108001
Download Time: 989648
Chunk bitrate: 27 1000000
Buffer size: 28 112001
Download Time: 1317912
Chunk bitrate: 28 2000000
Buffer size: 28 116001
Chunk bitrate: 28 2000000
Buffer size: 29 116001
Download Time: 2462941
Chunk bitrate: 29 2000000
Buffer size: 30 120001
Download Time: 1536945
Chunk bitrate: 30 3000000
Buffer size: 30 124001
Chunk bitrate: 30 3000000
Buffer size: 31 124001
Download Time: 1526581
Chunk bitrate: 31 3000000
Buffer size: 32 128001
Download Time: 2479525
Chunk bitrate: 32 3000000
Buffer size: 33 132001
Download Time: 2320237
Chunk bitrate: 33 3000000
Buffer size: 34 136001
Download Time: 2267524
Chunk bitrate: 34 3000000
Buffer size: 35 140001
Download Time: 3650915
Chunk bitrate: 35 1000000
Buffer size: 35 144001
Chunk bitrate: 35 1000000
Buffer size: 36 144001
Download Time: 1440654
Chunk bitrate: 36 1000000
Buffer size: 37 148001
Download Time: 1487502
Chunk bitrate: 37 2000000
Buffer size: 37 152001
Chunk bitrate: 37 2000000
Buffer size: 38 152001
Download Time: 2333938
Chunk bitrate: 38 2000000
Buffer size: 39 156001
Download Time: 1862403
Chunk bitrate: 39 3000000
Buffer size: 39 160001
Chunk bitrate: 39 3000000
Buffer size: 40 160001
Download Time: 1733965
Chunk bitrate: 40 3000000
Buffer size: 41 164001
Download Time: 2344476
Chunk bitrate: 41 3000000
Buffer size: 42 168001
Download Time: 1258584
Chunk bitrate: 42 3000000
Buffer size: 43 172001
Download Time: 1202931
Chunk bitrate: 43 3000000
Buffer size: 44 176001
Download Time: 882521
Chunk bitrate: 44 3000000
Buffer size: 45 180001
Download Time: 1052449
Chunk bitrate: 45 3000000
Buffer size: 46 184001
Download Time: 1433399
Chunk bitrate: 46 2000000
Buffer size: 46 188001
Chunk bitrate: 46 2000000
Buffer size: 47 188001
Download Time: 3229761
Chunk bitrate: 47 1000000
Buffer size: 47 192001
Chunk bitrate: 47 1000000
Buffer size: 48 192001
Download Time: 1264972
Chunk bitrate: 48 2000000
Buffer size: 48 196001
Chunk bitrate: 48 2000000
Buffer size: 49 196001
Download Time: 2453703
[00007fda00003378] core mux error: cannot add this stream
[00007fda000ece78] core decoder error: cannot create packetizer output (h264)
Chunk bitrate: 49 2000000
Buffer size: 50 200001
Download Time: 2034292
Chunk bitrate: 50 2000000
Buffer size: 51 204001
Download Time: 641966
Chunk bitrate: 51 3000000
Buffer size: 51 208001
Chunk bitrate: 51 3000000
Buffer size: 52 208001
Download Time: 1137719
[00007fda00003378] core mux error: cannot add this stream
[00007fda00075b28] core decoder error: cannot create packetizer output (h264)
Chunk bitrate: 52 3000000
Buffer size: 53 212001
Download Time: 1073289
Chunk bitrate: 53 3000000
Buffer size: 54 216001
Download Time: 1136954
Chunk bitrate: 54 3000000
Buffer size: 55 220001
Download Time: 1024681
Chunk bitrate: 55 3000000
Buffer size: 56 224001
Download Time: 1121881
Chunk bitrate: 56 3000000
Buffer size: 57 228001
Download Time: 776261
Chunk bitrate: 57 3000000
Buffer size: 58 232001
Download Time: 328712
Chunk bitrate: 58 3000000
Buffer size: 59 236001
Download Time: 1199892
Download Time: 27254
Chunk bitrate: 59 3000000
Buffer size: 60 240001
Download Time: 914781
Chunk bitrate: 60 3000000
Buffer size: 61 244001
Download Time: 2384829
Chunk bitrate: 61 2000000
Buffer size: 61 248001
Chunk bitrate: 61 2000000
Buffer size: 62 248001
Download Time: 880074
[00007fda00003378] core mux error: cannot add this stream
[00007fda000352a8] core decoder error: cannot create packetizer output (h264)
Chunk bitrate: 62 1000000
Buffer size: 62 252001
Chunk bitrate: 62 1000000
Buffer size: 63 252001
Download Time: 359140
[00007fda00003378] core mux error: cannot add this stream
[00007fda000c8728] core decoder error: cannot create packetizer output (h264)
Chunk bitrate: 63 1000000
Buffer size: 64 256001
Download Time: 660128
Chunk bitrate: 64 1000000
Buffer size: 65 260001
[00007fda00003378] ps mux: Close
[00007fda0004e428] idummy demux: command `quit'
[00000000017b31e8] [cli] lua interface error: Error loading script /home/cs244/vlc/share/lua/intf/cli.luac: lua/intf/modules/host.lua:286: Interrupted.
