[00000000019481e8] core interface error: no suitable interface module
[000000000187f338] core libvlc error: interface "globalhotkeys,none" initialization failed
[00000000019481e8] dbus interface error: Failed to connect to the D-Bus session daemon: Unable to autolaunch a dbus-daemon without a $DISPLAY for X11
[00000000019481e8] core interface error: no suitable interface module
[000000000187f338] core libvlc error: interface "dbus,none" initialization failed
[000000000187f338] core libvlc: Running vlc with the default interface. Use 'cvlc' to use vlc without interface.
[00000000019481e8] qt interface error: Could not connect to X server
[00000000019481e8] skins2 interface error: cannot initialize OSFactory
[00007effcc003378] ps mux: Open
[00000000019481e8] [cli] lua interface: Listening on host "*console".
VLC media player 3.0.0-git Vetinari
Command Line Interface initialized. Type `help' for help.
> making a DASHManager
new ratebased adaptionlogic
Chunk bitrate: 0 349952
Buffer size: 0 0
Chunk bitrate: 0 349952
Buffer size: 0 0
[00007effcc023fe8] mp4 demux: Fragment sequence discontinuity detected 0 != 2
Download Time: 440076
[00007effcc027928] mp4 demux: Fragment sequence discontinuity detected 0 != 2
Startup Time: 1050000
Chunk bitrate: 0 2000000
Buffer size: 0 4001
Chunk bitrate: 0 2000000
Buffer size: 1 4001
Download Time: 2336776
Chunk bitrate: 1 2000000
Buffer size: 2 8001
Download Time: 1778457
Chunk bitrate: 2 2000000
Buffer size: 3 12001
Download Time: 6412685
Chunk bitrate: 3 1000000
Buffer size: 3 16001
Chunk bitrate: 3 1000000
Buffer size: 4 16001
Download Time: 1961778
Chunk bitrate: 4 1000000
Buffer size: 5 20001
Download Time: 2156013
Chunk bitrate: 5 1000000
Buffer size: 6 24001
Download Time: 1104116
Chunk bitrate: 6 1000000
Buffer size: 7 28001
Download Time: 1195963
Chunk bitrate: 7 1000000
Buffer size: 8 32001
Download Time: 1637563
Chunk bitrate: 8 2000000
Buffer size: 8 36001
Chunk bitrate: 8 2000000
Buffer size: 9 36001
Download Time: 1937727
Chunk bitrate: 9 2000000
Buffer size: 10 40001
Download Time: 2073909
Chunk bitrate: 10 2000000
Buffer size: 11 44001
Download Time: 4513809
Chunk bitrate: 11 600000
Buffer size: 11 48001
Chunk bitrate: 11 600000
Buffer size: 12 48001
Download Time: 1778672
Chunk bitrate: 12 1000000
Buffer size: 12 52001
Chunk bitrate: 12 1000000
Buffer size: 13 52001
Download Time: 2322218
Chunk bitrate: 13 1000000
Buffer size: 14 56001
Download Time: 1839469
Chunk bitrate: 14 1000000
Buffer size: 15 60001
Download Time: 1163252
Chunk bitrate: 15 1000000
Buffer size: 16 64001
Download Time: 1534891
Chunk bitrate: 16 1000000
Buffer size: 17 68001
Download Time: 1288203
Chunk bitrate: 17 1000000
Buffer size: 18 72001
Download Time: 1230754
Chunk bitrate: 18 2000000
Buffer size: 18 76001
Chunk bitrate: 18 2000000
Buffer size: 19 76001
Download Time: 1377019
Chunk bitrate: 19 2000000
Buffer size: 20 80001
Download Time: 2145923
Chunk bitrate: 20 2000000
Buffer size: 21 84001
Download Time: 3283658
Chunk bitrate: 21 600000
Buffer size: 21 88001
Chunk bitrate: 21 600000
Buffer size: 22 88001
Download Time: 1878386
Chunk bitrate: 22 1000000
Buffer size: 22 92001
Chunk bitrate: 22 1000000
Buffer size: 23 92001
Download Time: 2502247
Chunk bitrate: 23 1000000
Buffer size: 24 96001
Download Time: 2256120
Chunk bitrate: 24 1000000
Buffer size: 25 100001
Download Time: 1361200
Chunk bitrate: 25 1000000
Buffer size: 26 104001
Download Time: 1335510
Chunk bitrate: 26 1000000
Buffer size: 27 108001
Download Time: 796528
Chunk bitrate: 27 1000000
Buffer size: 28 112001
Download Time: 1571618
Chunk bitrate: 28 1000000
Buffer size: 29 116001
Download Time: 1523912
Chunk bitrate: 29 1000000
Buffer size: 30 120001
Download Time: 1099759
Chunk bitrate: 30 1000000
Buffer size: 31 124001
Download Time: 1231045
Chunk bitrate: 31 1000000
Buffer size: 32 128001
Download Time: 3656716
Chunk bitrate: 32 600000
Buffer size: 32 132001
Chunk bitrate: 32 600000
Buffer size: 33 132001
Download Time: 1700954
Chunk bitrate: 33 1000000
Buffer size: 33 136001
Chunk bitrate: 33 1000000
Buffer size: 34 136001
Download Time: 2393134
Chunk bitrate: 34 1000000
Buffer size: 35 140001
Download Time: 1999754
Chunk bitrate: 35 1000000
Buffer size: 36 144001
Download Time: 1150962
Chunk bitrate: 36 1000000
Buffer size: 37 148001
Download Time: 1635152
Chunk bitrate: 37 1000000
Buffer size: 38 152001
Download Time: 1559407
Chunk bitrate: 38 2000000
Buffer size: 38 156001
Chunk bitrate: 38 2000000
Buffer size: 39 156001
Download Time: 1968684
Chunk bitrate: 39 2000000
Buffer size: 40 160001
Download Time: 1677319
Chunk bitrate: 40 2000000
Buffer size: 41 164001
Download Time: 4801750
Chunk bitrate: 41 600000
Buffer size: 41 168001
Chunk bitrate: 41 600000
Buffer size: 42 168001
Download Time: 1522978
Chunk bitrate: 42 1000000
Buffer size: 42 172001
Chunk bitrate: 42 1000000
Buffer size: 43 172001
Download Time: 1588265
Chunk bitrate: 43 1000000
Buffer size: 44 176001
Download Time: 1238466
Chunk bitrate: 44 1000000
Buffer size: 45 180001
Download Time: 1412071
Chunk bitrate: 45 1000000
Buffer size: 46 184001
Download Time: 1817289
Chunk bitrate: 46 1000000
Buffer size: 47 188001
Download Time: 1886648
Chunk bitrate: 47 1000000
Buffer size: 48 192001
Download Time: 1573742
Chunk bitrate: 48 600000
Buffer size: 48 196001
Chunk bitrate: 48 600000
Buffer size: 49 196001
Download Time: 2141907
Chunk bitrate: 49 600000
Buffer size: 50 200001
Download Time: 1755927
Chunk bitrate: 50 1000000
Buffer size: 50 204001
Chunk bitrate: 50 1000000
Buffer size: 51 204001
Download Time: 1143630
Chunk bitrate: 51 1000000
Buffer size: 52 208001
Download Time: 1434349
Chunk bitrate: 52 1000000
Buffer size: 53 212001
Download Time: 1287027
Chunk bitrate: 53 1000000
Buffer size: 54 216001
Download Time: 1088123
Chunk bitrate: 54 3000000
Buffer size: 54 220001
Chunk bitrate: 54 3000000
Buffer size: 55 220001
Download Time: 2044145
[00007effcc003378] core mux error: cannot add this stream
[00007effcc135d48] core decoder error: cannot create packetizer output (h264)
Chunk bitrate: 55 3000000
Buffer size: 56 224001
Download Time: 2240169
Chunk bitrate: 56 3000000
Buffer size: 57 228001
Download Time: 3800807
Chunk bitrate: 57 1000000
Buffer size: 57 232001
Chunk bitrate: 57 1000000
Buffer size: 58 232001
Download Time: 554147
[00007effcc003378] core mux error: cannot add this stream
[00007effcc126f58] core decoder error: cannot create packetizer output (h264)
Chunk bitrate: 58 1000000
Buffer size: 59 236001
Download Time: 1784153
Chunk bitrate: 59 1000000
Buffer size: 60 240001
Download Time: 1286227
Chunk bitrate: 60 1000000
Buffer size: 61 244001
Download Time: 1337133
Chunk bitrate: 61 1000000
Buffer size: 62 248001
Download Time: 481908
Chunk bitrate: 62 1000000
Buffer size: 63 252001
Download Time: 312234
Chunk bitrate: 63 2000000
Buffer size: 63 256001
Chunk bitrate: 63 2000000
Buffer size: 64 256001
Download Time: 932635
[00007effcc003378] core mux error: cannot add this stream
[00007effcc165bc8] core decoder error: cannot create packetizer output (h264)
Chunk bitrate: 64 2000000
Buffer size: 65 260001
[00007effcc003378] ps mux: Close
[00007effc4000e98] idummy demux: command `quit'
[00000000019481e8] [cli] lua interface error: Error loading script /home/cs244/vlc/share/lua/intf/cli.luac: lua/intf/modules/host.lua:286: Interrupted.
