[0000000001a791e8] core interface error: no suitable interface module
[00000000019b0338] core libvlc error: interface "globalhotkeys,none" initialization failed
[0000000001a791e8] dbus interface error: Failed to connect to the D-Bus session daemon: Unable to autolaunch a dbus-daemon without a $DISPLAY for X11
[0000000001a791e8] core interface error: no suitable interface module
[00000000019b0338] core libvlc error: interface "dbus,none" initialization failed
[00000000019b0338] core libvlc: Running vlc with the default interface. Use 'cvlc' to use vlc without interface.
[0000000001a791e8] qt interface error: Could not connect to X server
[0000000001a791e8] skins2 interface error: cannot initialize OSFactory
[0000000001a791e8] [cli] lua interface: Listening on host "*console".
VLC media player 3.0.0-git Vetinari
Command Line Interface initialized. Type `help' for help.
> [00007ff834003378] ps mux: Open
making a DASHManager
new ratebased adaptionlogic
Chunk bitrate: 0 349952
Buffer size: 0 0
Chunk bitrate: 0 349952
Buffer size: 0 0
[00007ff83401a568] mp4 demux: Fragment sequence discontinuity detected 0 != 2
Download Time: 296542
[00007ff834017f98] mp4 demux: Fragment sequence discontinuity detected 0 != 2
Startup Time: 1050000
Chunk bitrate: 0 3000000
Buffer size: 0 4001
Chunk bitrate: 0 3000000
Buffer size: 1 4001
Download Time: 2272393
Chunk bitrate: 1 3000000
Buffer size: 2 8001
Download Time: 1903356
Chunk bitrate: 2 3000000
Buffer size: 3 12001
Download Time: 6554170
Chunk bitrate: 3 1000000
Buffer size: 3 16001
Chunk bitrate: 3 1000000
Buffer size: 4 16001
Download Time: 1637862
Chunk bitrate: 4 1000000
Buffer size: 5 20001
Download Time: 1925123
Chunk bitrate: 5 2000000
Buffer size: 5 24001
Chunk bitrate: 5 2000000
Buffer size: 6 24001
Download Time: 1593250
Chunk bitrate: 6 2000000
Buffer size: 7 28001
Download Time: 1752566
Chunk bitrate: 7 2000000
Buffer size: 8 32001
Download Time: 2137984
Chunk bitrate: 8 3000000
Buffer size: 8 36001
Chunk bitrate: 8 3000000
Buffer size: 9 36001
Download Time: 1916285
Chunk bitrate: 9 3000000
Buffer size: 10 40001
Download Time: 2779098
Chunk bitrate: 10 1000000
Buffer size: 10 44001
Chunk bitrate: 10 1000000
Buffer size: 11 44001
Download Time: 2100224
Chunk bitrate: 11 1000000
Buffer size: 12 48001
Download Time: 2449213
Chunk bitrate: 12 1000000
Buffer size: 13 52001
Download Time: 1935989
Chunk bitrate: 13 1000000
Buffer size: 14 56001
Download Time: 1660796
Chunk bitrate: 14 1000000
Buffer size: 15 60001
Download Time: 995832
Chunk bitrate: 15 2000000
Buffer size: 15 64001
Chunk bitrate: 15 2000000
Buffer size: 16 64001
Download Time: 2195608
Chunk bitrate: 16 2000000
Buffer size: 17 68001
Download Time: 1823055
Chunk bitrate: 17 2000000
Buffer size: 18 72001
Download Time: 1399450
Chunk bitrate: 18 3000000
Buffer size: 18 76001
Chunk bitrate: 18 3000000
Buffer size: 19 76001
Download Time: 1289377
Chunk bitrate: 19 3000000
Buffer size: 20 80001
Download Time: 1964589
Chunk bitrate: 20 3000000
Buffer size: 21 84001
Download Time: 1200621
Chunk bitrate: 21 3000000
Buffer size: 22 88001
Download Time: 1779682
Chunk bitrate: 22 3000000
Buffer size: 23 92001
Download Time: 2820023
Chunk bitrate: 23 1000000
Buffer size: 23 96001
Chunk bitrate: 23 1000000
Buffer size: 24 96001
Download Time: 2346304
Chunk bitrate: 24 1000000
Buffer size: 25 100001
Download Time: 1966248
Chunk bitrate: 25 1000000
Buffer size: 26 104001
Download Time: 1671039
Chunk bitrate: 26 1000000
Buffer size: 27 108001
Download Time: 996587
Chunk bitrate: 27 1000000
Buffer size: 28 112001
Download Time: 1826106
Chunk bitrate: 28 2000000
Buffer size: 28 116001
Chunk bitrate: 28 2000000
Buffer size: 29 116001
Download Time: 2465960
Chunk bitrate: 29 2000000
Buffer size: 30 120001
Download Time: 1597088
Chunk bitrate: 30 2000000
Buffer size: 31 124001
Download Time: 1318749
Chunk bitrate: 31 3000000
Buffer size: 31 128001
Chunk bitrate: 31 3000000
Buffer size: 32 128001
Download Time: 2530180
Chunk bitrate: 32 3000000
Buffer size: 33 132001
Download Time: 4236009
Chunk bitrate: 33 1000000
Buffer size: 33 136001
Chunk bitrate: 33 1000000
Buffer size: 34 136001
Download Time: 2297792
Chunk bitrate: 34 1000000
Buffer size: 35 140001
Download Time: 1390268
Chunk bitrate: 35 1000000
Buffer size: 36 144001
Download Time: 1156159
Chunk bitrate: 36 1000000
Buffer size: 37 148001
Download Time: 1635241
Chunk bitrate: 37 1000000
Buffer size: 38 152001
Download Time: 1201430
Chunk bitrate: 38 2000000
Buffer size: 38 156001
Chunk bitrate: 38 2000000
Buffer size: 39 156001
Download Time: 1953322
Chunk bitrate: 39 2000000
Buffer size: 40 160001
Download Time: 1677365
Chunk bitrate: 40 2000000
Buffer size: 41 164001
Download Time: 1669310
Chunk bitrate: 41 3000000
Buffer size: 41 168001
Chunk bitrate: 41 3000000
Buffer size: 42 168001
Download Time: 1946478
Chunk bitrate: 42 3000000
Buffer size: 43 172001
Download Time: 4481716
Chunk bitrate: 43 1000000
Buffer size: 43 176001
Chunk bitrate: 43 1000000
Buffer size: 44 176001
Download Time: 1839854
Chunk bitrate: 44 1000000
Buffer size: 45 180001
Download Time: 1770475
Chunk bitrate: 45 1000000
Buffer size: 46 184001
Download Time: 1835634
Chunk bitrate: 46 1000000
Buffer size: 47 188001
Download Time: 1488106
Chunk bitrate: 47 2000000
Buffer size: 47 192001
Chunk bitrate: 47 2000000
Buffer size: 48 192001
Download Time: 1785389
Chunk bitrate: 48 2000000
Buffer size: 49 196001
Download Time: 2453910
Chunk bitrate: 49 3000000
Buffer size: 49 200001
Chunk bitrate: 49 3000000
Buffer size: 50 200001
Download Time: 1876198
[00007ff834003378] core mux error: cannot add this stream
[00007ff8341017d8] core decoder error: cannot create packetizer output (h264)
Chunk bitrate: 50 3000000
Buffer size: 51 204001
Download Time: 1549508
Chunk bitrate: 51 3000000
Buffer size: 52 208001
Download Time: 4006367
Chunk bitrate: 52 1000000
Buffer size: 52 212001
Chunk bitrate: 52 1000000
Buffer size: 53 212001
Download Time: 1938186
[00007ff834003378] core mux error: cannot add this stream
[00007ff8340a79d8] core decoder error: cannot create packetizer output (h264)
Chunk bitrate: 53 1000000
Buffer size: 54 216001
Download Time: 2026050
Chunk bitrate: 54 1000000
Buffer size: 55 220001
Download Time: 1822421
Chunk bitrate: 55 1000000
Buffer size: 56 224001
Download Time: 1613244
Chunk bitrate: 56 2000000
Buffer size: 56 228001
Chunk bitrate: 56 2000000
Buffer size: 57 228001
Download Time: 1379013
[00007ff834003378] core mux error: cannot add this stream
[00007ff8340d7368] core decoder error: cannot create packetizer output (h264)
Chunk bitrate: 57 2000000
Buffer size: 58 232001
Download Time: 625354
Chunk bitrate: 58 2000000
Buffer size: 59 236001
Download Time: 2380788
Chunk bitrate: 59 3000000
Buffer size: 59 240001
Chunk bitrate: 59 3000000
Buffer size: 60 240001
Download Time: 1827401
[00007ff834003378] core mux error: cannot add this stream
[00007ff834148e78] core decoder error: cannot create packetizer output (h264)
Chunk bitrate: 60 3000000
Buffer size: 61 244001
Download Time: 1908471
Chunk bitrate: 61 3000000
Buffer size: 62 248001
Download Time: 641717
Chunk bitrate: 62 3000000
Buffer size: 63 252001
Download Time: 932009
Chunk bitrate: 63 1000000
Buffer size: 63 256001
Chunk bitrate: 63 1000000
Buffer size: 64 256001
Download Time: 1002576
[00007ff834003378] core mux error: cannot add this stream
[00007ff8340e0a38] core decoder error: cannot create packetizer output (h264)
Chunk bitrate: 64 1000000
Buffer size: 65 260001
[00007ff834003378] ps mux: Close
[00007ff8240010f8] idummy demux: command `quit'
[0000000001a791e8] [cli] lua interface error: Error loading script /home/cs244/vlc/share/lua/intf/cli.luac: lua/intf/modules/host.lua:286: Interrupted.
