[0000000001df61e8] core interface error: no suitable interface module
[0000000001d2d338] core libvlc error: interface "globalhotkeys,none" initialization failed
[0000000001df61e8] dbus interface error: Failed to connect to the D-Bus session daemon: Unable to autolaunch a dbus-daemon without a $DISPLAY for X11
[0000000001df61e8] core interface error: no suitable interface module
[0000000001d2d338] core libvlc error: interface "dbus,none" initialization failed
[0000000001d2d338] core libvlc: Running vlc with the default interface. Use 'cvlc' to use vlc without interface.
[0000000001df61e8] qt interface error: Could not connect to X server
[0000000001df61e8] skins2 interface error: cannot initialize OSFactory
[0000000001df61e8] [cli] lua interface: Listening on host "*console".
VLC media player 3.0.0-git Vetinari
Command Line Interface initialized. Type `help' for help.
> [00007f4794003378] ps mux: Open
making a DASHManager
new ratebased adaptionlogic
Chunk bitrate: 0 349952
Buffer size: 0 0
Chunk bitrate: 0 349952
Buffer size: 0 0
[00007f47940275a8] mp4 demux: Fragment sequence discontinuity detected 0 != 2
Download Time: 293110
[00007f479401a9b8] mp4 demux: Fragment sequence discontinuity detected 0 != 2
Startup Time: 1050000
Chunk bitrate: 0 3000000
Buffer size: 0 4001
Chunk bitrate: 0 3000000
Buffer size: 1 4001
Download Time: 2269947
Chunk bitrate: 1 3000000
Buffer size: 2 8001
Download Time: 1901984
Chunk bitrate: 2 3000000
Buffer size: 3 12001
Download Time: 5540789
Chunk bitrate: 3 1000000
Buffer size: 3 16001
Chunk bitrate: 3 1000000
Buffer size: 4 16001
Download Time: 1640329
Chunk bitrate: 4 1000000
Buffer size: 5 20001
Download Time: 2139573
Chunk bitrate: 5 1000000
Buffer size: 6 24001
Download Time: 1019086
Chunk bitrate: 6 2000000
Buffer size: 6 28001
Chunk bitrate: 6 2000000
Buffer size: 7 28001
Download Time: 1752341
Chunk bitrate: 7 2000000
Buffer size: 8 32001
Download Time: 2582850
Chunk bitrate: 8 3000000
Buffer size: 8 36001
Chunk bitrate: 8 3000000
Buffer size: 9 36001
Download Time: 960138
Chunk bitrate: 9 3000000
Buffer size: 10 40001
Download Time: 1106199
Chunk bitrate: 10 3000000
Buffer size: 11 44001
Download Time: 961698
Chunk bitrate: 11 3000000
Buffer size: 12 48001
Download Time: 1329416
Chunk bitrate: 12 3000000
Buffer size: 13 52001
Download Time: 3160152
Chunk bitrate: 13 1000000
Buffer size: 13 56001
Chunk bitrate: 13 1000000
Buffer size: 14 56001
Download Time: 1332201
Chunk bitrate: 14 1000000
Buffer size: 15 60001
Download Time: 1165847
Chunk bitrate: 15 1000000
Buffer size: 16 64001
Download Time: 1540028
Chunk bitrate: 16 1000000
Buffer size: 17 68001
Download Time: 1292097
Chunk bitrate: 17 1000000
Buffer size: 18 72001
Download Time: 1480945
Chunk bitrate: 18 3000000
Buffer size: 18 76001
Chunk bitrate: 18 3000000
Buffer size: 19 76001
Download Time: 1290660
Chunk bitrate: 19 3000000
Buffer size: 20 80001
Download Time: 1963126
Chunk bitrate: 20 3000000
Buffer size: 21 84001
Download Time: 1201339
Chunk bitrate: 21 3000000
Buffer size: 22 88001
Download Time: 1020536
Chunk bitrate: 22 3000000
Buffer size: 23 92001
Download Time: 1173965
Chunk bitrate: 23 3000000
Buffer size: 24 96001
Download Time: 1044439
Chunk bitrate: 24 3000000
Buffer size: 25 100001
Download Time: 1032118
Chunk bitrate: 25 3000000
Buffer size: 26 104001
Download Time: 1535280
Chunk bitrate: 26 1000000
Buffer size: 26 108001
Chunk bitrate: 26 1000000
Buffer size: 27 108001
Download Time: 1199965
Chunk bitrate: 27 1000000
Buffer size: 28 112001
Download Time: 2359749
Chunk bitrate: 28 1000000
Buffer size: 29 116001
Download Time: 1622053
Chunk bitrate: 29 1000000
Buffer size: 30 120001
Download Time: 1103716
Chunk bitrate: 30 1000000
Buffer size: 31 124001
Download Time: 1236033
Chunk bitrate: 31 1000000
Buffer size: 32 128001
Download Time: 1370418
Chunk bitrate: 32 3000000
Buffer size: 32 132001
Chunk bitrate: 32 3000000
Buffer size: 33 132001
Download Time: 2321351
Chunk bitrate: 33 3000000
Buffer size: 34 136001
Download Time: 2250369
Chunk bitrate: 34 3000000
Buffer size: 35 140001
Download Time: 1035982
Chunk bitrate: 35 3000000
Buffer size: 36 144001
Download Time: 834953
Chunk bitrate: 36 3000000
Buffer size: 37 148001
Download Time: 1239756
Chunk bitrate: 37 3000000
Buffer size: 38 152001
Download Time: 1173558
Chunk bitrate: 38 3000000
Buffer size: 39 156001
Download Time: 3893950
Chunk bitrate: 39 1000000
Buffer size: 39 160001
Chunk bitrate: 39 1000000
Buffer size: 40 160001
Download Time: 1761541
Chunk bitrate: 40 1000000
Buffer size: 41 164001
Download Time: 1587121
Chunk bitrate: 41 1000000
Buffer size: 42 168001
Download Time: 1400294
Chunk bitrate: 42 1000000
Buffer size: 43 172001
Download Time: 1637234
Chunk bitrate: 43 1000000
Buffer size: 44 176001
Download Time: 1551179
Chunk bitrate: 44 1000000
Buffer size: 45 180001
Download Time: 1765976
Chunk bitrate: 45 1000000
Buffer size: 46 184001
Download Time: 1527348
Chunk bitrate: 46 2000000
Buffer size: 46 188001
Chunk bitrate: 46 2000000
Buffer size: 47 188001
Download Time: 1940590
Chunk bitrate: 47 2000000
Buffer size: 48 192001
Download Time: 1782234
Chunk bitrate: 48 2000000
Buffer size: 49 196001
Download Time: 1827909
Chunk bitrate: 49 3000000
Buffer size: 49 200001
Chunk bitrate: 49 3000000
Buffer size: 50 200001
Download Time: 1873805
Chunk bitrate: 50 3000000
Buffer size: 51 204001
Download Time: 1547084
Chunk bitrate: 51 3000000
Buffer size: 52 208001
Download Time: 6052539
Chunk bitrate: 52 1000000
Buffer size: 52 212001
Chunk bitrate: 52 1000000
Buffer size: 53 212001
Download Time: 1292420
Chunk bitrate: 53 1000000
Buffer size: 54 216001
Download Time: 1602707
Chunk bitrate: 54 1000000
Buffer size: 55 220001
Download Time: 1170567
Chunk bitrate: 55 3000000
Buffer size: 55 224001
Chunk bitrate: 55 3000000
Buffer size: 56 224001
Download Time: 2239639
Chunk bitrate: 56 3000000
Buffer size: 57 228001
Download Time: 1548090
Chunk bitrate: 57 3000000
Buffer size: 58 232001
Download Time: 652614
Chunk bitrate: 58 3000000
Buffer size: 59 236001
Download Time: 1219647
Chunk bitrate: 59 3000000
Buffer size: 60 240001
Download Time: 915004
Chunk bitrate: 60 3000000
Buffer size: 61 244001
Download Time: 954552
Chunk bitrate: 61 3000000
Buffer size: 62 248001
Download Time: 322867
Chunk bitrate: 62 3000000
Buffer size: 63 252001
Download Time: 226419
Chunk bitrate: 63 3000000
Buffer size: 64 256001
Download Time: 402227
Chunk bitrate: 64 3000000
Buffer size: 65 260001
[00007f4794003378] ps mux: Close
[00007f47900010f8] idummy demux: command `quit'
[0000000001df61e8] [cli] lua interface error: Error loading script /home/cs244/vlc/share/lua/intf/cli.luac: lua/intf/modules/host.lua:286: Interrupted.
