[00000000012191e8] core interface error: no suitable interface module
[0000000001150338] core libvlc error: interface "globalhotkeys,none" initialization failed
[00000000012191e8] dbus interface error: Failed to connect to the D-Bus session daemon: Unable to autolaunch a dbus-daemon without a $DISPLAY for X11
[00000000012191e8] core interface error: no suitable interface module
[0000000001150338] core libvlc error: interface "dbus,none" initialization failed
[0000000001150338] core libvlc: Running vlc with the default interface. Use 'cvlc' to use vlc without interface.
[00000000012191e8] qt interface error: Could not connect to X server
[00000000012191e8] skins2 interface error: cannot initialize OSFactory
[00007f6fd4003378] ps mux: Open
[00000000012191e8] [cli] lua interface: Listening on host "*console".
VLC media player 3.0.0-git Vetinari
Command Line Interface initialized. Type `help' for help.
> making a DASHManager
new ratebased adaptionlogic
Chunk bitrate: 0 349952
Buffer size: 0 0
Chunk bitrate: 0 349952
Buffer size: 0 0
[00007f6fd4024b28] mp4 demux: Fragment sequence discontinuity detected 0 != 2
Download Time: 293426
[00007f6fd40253b8] mp4 demux: Fragment sequence discontinuity detected 0 != 2
Startup Time: 1050000
Chunk bitrate: 0 3000000
Buffer size: 0 4001
Chunk bitrate: 0 3000000
Buffer size: 1 4001
Download Time: 2269258
Chunk bitrate: 1 3000000
Buffer size: 2 8001
Download Time: 1903631
Chunk bitrate: 2 3000000
Buffer size: 3 12001
Download Time: 1276579
Chunk bitrate: 3 3000000
Buffer size: 4 16001
Download Time: 972108
Chunk bitrate: 4 3000000
Buffer size: 5 20001
Download Time: 1243869
Chunk bitrate: 5 3000000
Buffer size: 6 24001
Download Time: 844318
Chunk bitrate: 6 3000000
Buffer size: 7 28001
Download Time: 829005
Chunk bitrate: 7 3000000
Buffer size: 8 32001
Download Time: 1309707
Chunk bitrate: 8 3000000
Buffer size: 9 36001
Download Time: 959485
Chunk bitrate: 9 3000000
Buffer size: 10 40001
Download Time: 1106156
Chunk bitrate: 10 3000000
Buffer size: 11 44001
Download Time: 962496
Chunk bitrate: 11 3000000
Buffer size: 12 48001
Download Time: 1333513
Chunk bitrate: 12 3000000
Buffer size: 13 52001
Download Time: 1118248
Chunk bitrate: 13 3000000
Buffer size: 14 56001
Download Time: 942338
Chunk bitrate: 14 3000000
Buffer size: 15 60001
Download Time: 888858
Chunk bitrate: 15 3000000
Buffer size: 16 64001
Download Time: 1176608
Chunk bitrate: 16 3000000
Buffer size: 17 68001
Download Time: 1823630
Chunk bitrate: 17 3000000
Buffer size: 18 72001
Download Time: 2274619
Chunk bitrate: 18 3000000
Buffer size: 19 76001
Download Time: 936304
Chunk bitrate: 19 3000000
Buffer size: 20 80001
Download Time: 983638
Chunk bitrate: 20 3000000
Buffer size: 21 84001
Download Time: 602311
Chunk bitrate: 21 3000000
Buffer size: 22 88001
Download Time: 891412
Chunk bitrate: 22 3000000
Buffer size: 23 92001
Download Time: 1174530
Chunk bitrate: 23 3000000
Buffer size: 24 96001
Download Time: 1497650
Chunk bitrate: 24 2000000
Buffer size: 24 100001
Chunk bitrate: 24 2000000
Buffer size: 25 100001
Download Time: 2069262
Chunk bitrate: 25 2000000
Buffer size: 26 104001
Download Time: 1927011
Chunk bitrate: 26 2000000
Buffer size: 27 108001
Download Time: 894327
Chunk bitrate: 27 3000000
Buffer size: 27 112001
Chunk bitrate: 27 3000000
Buffer size: 28 112001
Download Time: 1943399
Chunk bitrate: 28 3000000
Buffer size: 29 116001
Download Time: 2859519
Chunk bitrate: 29 1000000
Buffer size: 29 120001
Chunk bitrate: 29 1000000
Buffer size: 30 120001
Download Time: 1379927
Chunk bitrate: 30 1000000
Buffer size: 31 124001
Download Time: 1545286
Chunk bitrate: 31 1000000
Buffer size: 32 128001
Download Time: 1413714
Chunk bitrate: 32 3000000
Buffer size: 32 132001
Chunk bitrate: 32 3000000
Buffer size: 33 132001
Download Time: 2321882
Chunk bitrate: 33 3000000
Buffer size: 34 136001
Download Time: 2357435
Chunk bitrate: 34 2000000
Buffer size: 34 140001
Chunk bitrate: 34 2000000
Buffer size: 35 140001
Download Time: 2249662
Chunk bitrate: 35 2000000
Buffer size: 36 144001
Download Time: 1644010
Chunk bitrate: 36 2000000
Buffer size: 37 148001
Download Time: 3651200
Chunk bitrate: 37 1000000
Buffer size: 37 152001
Chunk bitrate: 37 1000000
Buffer size: 38 152001
Download Time: 1734400
Chunk bitrate: 38 1000000
Buffer size: 39 156001
Download Time: 334765
Chunk bitrate: 39 3000000
Buffer size: 39 160001
Chunk bitrate: 39 3000000
Buffer size: 40 160001
Download Time: 868949
Chunk bitrate: 40 3000000
Buffer size: 41 164001
Download Time: 1175761
Chunk bitrate: 41 3000000
Buffer size: 42 168001
Download Time: 974877
Chunk bitrate: 42 3000000
Buffer size: 43 172001
Download Time: 1202565
Chunk bitrate: 43 3000000
Buffer size: 44 176001
Download Time: 882370
Chunk bitrate: 44 3000000
Buffer size: 45 180001
Download Time: 1052795
Chunk bitrate: 45 3000000
Buffer size: 46 184001
Download Time: 1121320
Chunk bitrate: 46 3000000
Buffer size: 47 188001
Download Time: 1046808
Chunk bitrate: 47 3000000
Buffer size: 48 192001
Download Time: 876057
Chunk bitrate: 48 3000000
Buffer size: 49 196001
Download Time: 2388613
Chunk bitrate: 49 3000000
Buffer size: 50 200001
Download Time: 1875932
Chunk bitrate: 50 3000000
Buffer size: 51 204001
Download Time: 1131067
Chunk bitrate: 51 3000000
Buffer size: 52 208001
Download Time: 1136710
Chunk bitrate: 52 3000000
Buffer size: 53 212001
Download Time: 1074116
Chunk bitrate: 53 3000000
Buffer size: 54 216001
Download Time: 1136340
Chunk bitrate: 54 3000000
Buffer size: 55 220001
Download Time: 1026098
Chunk bitrate: 55 3000000
Buffer size: 56 224001
Download Time: 1122995
Chunk bitrate: 56 3000000
Buffer size: 57 228001
Download Time: 774991
Chunk bitrate: 57 3000000
Buffer size: 58 232001
Download Time: 328139
Chunk bitrate: 58 3000000
Buffer size: 59 236001
Download Time: 1199081
Chunk bitrate: 59 3000000
Buffer size: 60 240001
Download Time: 914859
Chunk bitrate: 60 3000000
Buffer size: 61 244001
Download Time: 954994
Chunk bitrate: 61 3000000
Buffer size: 62 248001
Download Time: 325010
Chunk bitrate: 62 3000000
Buffer size: 63 252001
Download Time: 227797
Chunk bitrate: 63 3000000
Buffer size: 64 256001
Download Time: 403248
Chunk bitrate: 64 3000000
Buffer size: 65 260001
[00007f6fd4003378] ps mux: Close
[00007f6fdc0014d8] idummy demux: command `quit'
[00000000012191e8] [cli] lua interface error: Error loading script /home/cs244/vlc/share/lua/intf/cli.luac: lua/intf/modules/host.lua:286: Interrupted.
