[0000000001ce51e8] core interface error: no suitable interface module
[0000000001c1c338] core libvlc error: interface "globalhotkeys,none" initialization failed
[0000000001ce51e8] dbus interface error: Failed to connect to the D-Bus session daemon: Unable to autolaunch a dbus-daemon without a $DISPLAY for X11
[0000000001ce51e8] core interface error: no suitable interface module
[0000000001c1c338] core libvlc error: interface "dbus,none" initialization failed
[0000000001c1c338] core libvlc: Running vlc with the default interface. Use 'cvlc' to use vlc without interface.
[0000000001ce51e8] qt interface error: Could not connect to X server
[0000000001ce51e8] skins2 interface error: cannot initialize OSFactory
[0000000001ce51e8] [cli] lua interface: Listening on host "*console".
VLC media player 3.0.0-git Vetinari
Command Line Interface initialized. Type `help' for help.
> [00007f4668003378] ps mux: Open
making a DASHManager
new ratebased adaptionlogic
Chunk bitrate: 0 349952
Buffer size: 0 0
Chunk bitrate: 0 349952
Buffer size: 0 0
[00007f46680278f8] mp4 demux: Fragment sequence discontinuity detected 0 != 2
Download Time: 149394
[00007f4668017878] mp4 demux: Fragment sequence discontinuity detected 0 != 2
Startup Time: 1050000
Chunk bitrate: 0 3000000
Buffer size: 0 4001
Chunk bitrate: 0 3000000
Buffer size: 1 4001
Download Time: 1136138
Chunk bitrate: 1 3000000
Buffer size: 2 8001
Download Time: 956674
Chunk bitrate: 2 3000000
Buffer size: 3 12001
Download Time: 1168276
Chunk bitrate: 3 3000000
Buffer size: 4 16001
Download Time: 973705
Chunk bitrate: 4 3000000
Buffer size: 5 20001
Download Time: 2428655
Chunk bitrate: 5 3000000
Buffer size: 6 24001
Download Time: 1683053
Chunk bitrate: 6 3000000
Buffer size: 7 28001
Download Time: 1654879
Chunk bitrate: 7 3000000
Buffer size: 8 32001
Download Time: 2615470
Chunk bitrate: 8 3000000
Buffer size: 9 36001
Download Time: 3065664
Chunk bitrate: 9 1000000
Buffer size: 9 40001
Chunk bitrate: 9 1000000
Buffer size: 10 40001
Download Time: 2253698
Chunk bitrate: 10 1000000
Buffer size: 11 44001
Download Time: 4373300
Chunk bitrate: 11 349952
Buffer size: 11 48001
Chunk bitrate: 11 349952
Buffer size: 12 48001
Download Time: 2985750
Chunk bitrate: 12 349952
Buffer size: 13 52001
Download Time: 7323647
Chunk bitrate: 13 349952
Buffer size: 14 56001
Download Time: 4689750
Chunk bitrate: 14 349952
Buffer size: 15 60001
Download Time: 1772653
Chunk bitrate: 15 349952
Buffer size: 16 64001
Download Time: 2390582
Chunk bitrate: 16 349952
Buffer size: 17 68001
Download Time: 2570294
Chunk bitrate: 17 349952
Buffer size: 18 72001
Download Time: 2472622
Chunk bitrate: 18 349952
Buffer size: 19 76001
Download Time: 1801955
Chunk bitrate: 19 349952
Buffer size: 20 80001
Download Time: 3211857
Chunk bitrate: 20 349952
Buffer size: 21 84001
Download Time: 2048850
Chunk bitrate: 21 349952
Buffer size: 22 88001
Download Time: 3071575
Chunk bitrate: 22 349952
Buffer size: 23 92001
Download Time: 2834668
Chunk bitrate: 23 349952
Buffer size: 24 96001
Download Time: 3712688
Chunk bitrate: 24 349952
Buffer size: 25 100001
Download Time: 3371171
Chunk bitrate: 25 349952
Buffer size: 26 104001
Download Time: 2894541
Chunk bitrate: 26 349952
Buffer size: 27 108001
Download Time: 2050370
Chunk bitrate: 27 349952
Buffer size: 28 112001
Download Time: 5630825
Chunk bitrate: 28 349952
Buffer size: 29 116001
Download Time: 835633
Chunk bitrate: 29 1000000
Buffer size: 29 120001
Chunk bitrate: 29 1000000
Buffer size: 30 120001
Download Time: 1655626
Chunk bitrate: 30 1000000
Buffer size: 31 124001
Download Time: 1850978
Chunk bitrate: 31 1000000
Buffer size: 32 128001
Download Time: 1758728
Chunk bitrate: 32 1000000
Buffer size: 33 132001
Download Time: 1459402
Chunk bitrate: 33 1000000
Buffer size: 34 136001
Download Time: 1600485
Chunk bitrate: 34 1000000
Buffer size: 35 140001
Download Time: 1391057
Chunk bitrate: 35 1000000
Buffer size: 36 144001
Download Time: 1154370
Chunk bitrate: 36 1000000
Buffer size: 37 148001
Download Time: 1636382
Chunk bitrate: 37 1000000
Buffer size: 38 152001
Download Time: 2913664
Chunk bitrate: 38 1000000
Buffer size: 39 156001
Download Time: 2850152
Chunk bitrate: 39 1000000
Buffer size: 40 160001
Download Time: 1711500
Chunk bitrate: 40 1000000
Buffer size: 41 164001
Download Time: 2378130
Chunk bitrate: 41 1000000
Buffer size: 42 168001
Download Time: 1456657
Chunk bitrate: 42 1000000
Buffer size: 43 172001
Download Time: 1585964
Chunk bitrate: 43 1000000
Buffer size: 44 176001
Download Time: 1244039
Chunk bitrate: 44 1000000
Buffer size: 45 180001
Download Time: 1416094
Chunk bitrate: 45 1000000
Buffer size: 46 184001
Download Time: 1466065
Chunk bitrate: 46 1000000
Buffer size: 47 188001
Download Time: 1510044
Chunk bitrate: 47 1000000
Buffer size: 48 192001
Download Time: 1369042
Chunk bitrate: 48 600000
Buffer size: 48 196001
Chunk bitrate: 48 600000
Buffer size: 49 196001
Download Time: 2069551
Chunk bitrate: 49 600000
Buffer size: 50 200001
Download Time: 1948708
Chunk bitrate: 50 1000000
Buffer size: 50 204001
Chunk bitrate: 50 1000000
Buffer size: 51 204001
Download Time: 1715449
Chunk bitrate: 51 1000000
Buffer size: 52 208001
Download Time: 2161471
Chunk bitrate: 52 1000000
Buffer size: 53 212001
Download Time: 1512603
Chunk bitrate: 53 1000000
Buffer size: 54 216001
Download Time: 1604264
Chunk bitrate: 54 1000000
Buffer size: 55 220001
Download Time: 1459783
Chunk bitrate: 55 1000000
Buffer size: 56 224001
Download Time: 1596057
Chunk bitrate: 56 1000000
Buffer size: 57 228001
Download Time: 968467
Chunk bitrate: 57 1000000
Buffer size: 58 232001
Download Time: 447895
Chunk bitrate: 58 1000000
Buffer size: 59 236001
Download Time: 1697389
Chunk bitrate: 59 1000000
Buffer size: 60 240001
Download Time: 2057814
Chunk bitrate: 60 600000
Buffer size: 60 244001
Chunk bitrate: 60 600000
Buffer size: 61 244001
Download Time: 1962362
Chunk bitrate: 61 600000
Buffer size: 62 248001
Download Time: 625437
Chunk bitrate: 62 600000
Buffer size: 63 252001
Download Time: 456163
Chunk bitrate: 63 1000000
Buffer size: 63 256001
Chunk bitrate: 63 1000000
Buffer size: 64 256001
Download Time: 1002490
Chunk bitrate: 64 1000000
Buffer size: 65 260001
[00007f4668003378] ps mux: Close
[00007f466821b808] idummy demux: command `quit'
[0000000001ce51e8] [cli] lua interface error: Error loading script /home/cs244/vlc/share/lua/intf/cli.luac: lua/intf/modules/host.lua:286: Interrupted.
