[00000000024c71e8] core interface error: no suitable interface module
[00000000023fe338] core libvlc error: interface "globalhotkeys,none" initialization failed
[00000000024c71e8] dbus interface error: Failed to connect to the D-Bus session daemon: Unable to autolaunch a dbus-daemon without a $DISPLAY for X11
[00000000024c71e8] core interface error: no suitable interface module
[00000000023fe338] core libvlc error: interface "dbus,none" initialization failed
[00000000023fe338] core libvlc: Running vlc with the default interface. Use 'cvlc' to use vlc without interface.
[00000000024c71e8] qt interface error: Could not connect to X server
[00000000024c71e8] skins2 interface error: cannot initialize OSFactory
[00000000024c71e8] [cli] lua interface: Listening on host "*console".
VLC media player 3.0.0-git Vetinari
Command Line Interface initialized. Type `help' for help.
> [00007f5d48003378] ps mux: Open
making a DASHManager
new ratebased adaptionlogic
Chunk bitrate: 0 349952
Buffer size: 0 0
Chunk bitrate: 0 349952
Buffer size: 0 0
[00007f5d48023558] mp4 demux: Fragment sequence discontinuity detected 0 != 2
Download Time: 1028689
[00007f5d48019e78] mp4 demux: Fragment sequence discontinuity detected 0 != 2
Startup Time: 1050000
Chunk bitrate: 0 600000
Buffer size: 0 4001
Chunk bitrate: 0 600000
Buffer size: 1 4001
Download Time: 1812707
Chunk bitrate: 1 1000000
Buffer size: 1 8001
Chunk bitrate: 1 1000000
Buffer size: 2 8001
Download Time: 2050977
Chunk bitrate: 2 1000000
Buffer size: 3 12001
Download Time: 2704463
Chunk bitrate: 3 1000000
Buffer size: 4 16001
Download Time: 2292703
Chunk bitrate: 4 1000000
Buffer size: 5 20001
Download Time: 2991901
Chunk bitrate: 5 1000000
Buffer size: 6 24001
Download Time: 1927786
Chunk bitrate: 6 1000000
Buffer size: 7 28001
Download Time: 2096565
Chunk bitrate: 7 1000000
Buffer size: 8 32001
Download Time: 2895361
Chunk bitrate: 8 1000000
Buffer size: 9 36001
Download Time: 2572272
Chunk bitrate: 9 1000000
Buffer size: 10 40001
Download Time: 2251535
Chunk bitrate: 10 1000000
Buffer size: 11 44001
Download Time: 2446431
Chunk bitrate: 11 1000000
Buffer size: 12 48001
Download Time: 3028835
Chunk bitrate: 12 1000000
Buffer size: 13 52001
Download Time: 2712648
Chunk bitrate: 13 1000000
Buffer size: 14 56001
Download Time: 2327070
Chunk bitrate: 14 1000000
Buffer size: 15 60001
Download Time: 2039720
Chunk bitrate: 15 1000000
Buffer size: 16 64001
Download Time: 2691383
Chunk bitrate: 16 1000000
Buffer size: 17 68001
Download Time: 2113045
Chunk bitrate: 17 1000000
Buffer size: 18 72001
Download Time: 1540574
Chunk bitrate: 18 1000000
Buffer size: 19 76001
Download Time: 852758
Chunk bitrate: 19 1000000
Buffer size: 20 80001
Download Time: 1460824
Chunk bitrate: 20 1000000
Buffer size: 21 84001
Download Time: 847810
Chunk bitrate: 21 2000000
Buffer size: 21 88001
Chunk bitrate: 21 2000000
Buffer size: 22 88001
Download Time: 1976000
Chunk bitrate: 22 2000000
Buffer size: 23 92001
Download Time: 2492776
Chunk bitrate: 23 2000000
Buffer size: 24 96001
Download Time: 2086432
Chunk bitrate: 24 2000000
Buffer size: 25 100001
Download Time: 2074064
Chunk bitrate: 25 2000000
Buffer size: 26 104001
Download Time: 1511612
Chunk bitrate: 26 3000000
Buffer size: 26 108001
Chunk bitrate: 26 3000000
Buffer size: 27 108001
Download Time: 1237194
Chunk bitrate: 27 3000000
Buffer size: 28 112001
Download Time: 1943446
Chunk bitrate: 28 3000000
Buffer size: 29 116001
Download Time: 1617011
Chunk bitrate: 29 3000000
Buffer size: 30 120001
Download Time: 755146
Chunk bitrate: 30 3000000
Buffer size: 31 124001
Download Time: 765578
Chunk bitrate: 31 3000000
Buffer size: 32 128001
Download Time: 1242315
Chunk bitrate: 32 3000000
Buffer size: 33 132001
Download Time: 1162869
Chunk bitrate: 33 3000000
Buffer size: 34 136001
Download Time: 4202458
Chunk bitrate: 34 1000000
Buffer size: 34 140001
Chunk bitrate: 34 1000000
Buffer size: 35 140001
Download Time: 1242942
Chunk bitrate: 35 2000000
Buffer size: 35 144001
Chunk bitrate: 35 2000000
Buffer size: 36 144001
Download Time: 1643312
Chunk bitrate: 36 2000000
Buffer size: 37 148001
Download Time: 2424392
Chunk bitrate: 37 2000000
Buffer size: 38 152001
Download Time: 1615288
Chunk bitrate: 38 3000000
Buffer size: 38 156001
Chunk bitrate: 38 3000000
Buffer size: 39 156001
Download Time: 2023945
Chunk bitrate: 39 3000000
Buffer size: 40 160001
Download Time: 1598604
Chunk bitrate: 40 3000000
Buffer size: 41 164001
Download Time: 1174777
Chunk bitrate: 41 3000000
Buffer size: 42 168001
Download Time: 975095
Chunk bitrate: 42 3000000
Buffer size: 43 172001
Download Time: 1202003
Chunk bitrate: 43 3000000
Buffer size: 44 176001
Download Time: 883857
Chunk bitrate: 44 3000000
Buffer size: 45 180001
Download Time: 2815612
Chunk bitrate: 45 1000000
Buffer size: 45 184001
Chunk bitrate: 45 1000000
Buffer size: 46 184001
Download Time: 1467050
Chunk bitrate: 46 1000000
Buffer size: 47 188001
Download Time: 1374944
Chunk bitrate: 47 2000000
Buffer size: 47 192001
Chunk bitrate: 47 2000000
Buffer size: 48 192001
Download Time: 1781743
Chunk bitrate: 48 2000000
Buffer size: 49 196001
Download Time: 2455194
Chunk bitrate: 49 2000000
Buffer size: 50 200001
Download Time: 1391521
Chunk bitrate: 50 3000000
Buffer size: 50 204001
Chunk bitrate: 50 3000000
Buffer size: 51 204001
Download Time: 1547757
Chunk bitrate: 51 3000000
Buffer size: 52 208001
Download Time: 2157605
Chunk bitrate: 52 3000000
Buffer size: 53 212001
Download Time: 1073906
Chunk bitrate: 53 3000000
Buffer size: 54 216001
Download Time: 1136771
Chunk bitrate: 54 3000000
Buffer size: 55 220001
Download Time: 1026148
Chunk bitrate: 55 3000000
Buffer size: 56 224001
Download Time: 1122066
Chunk bitrate: 56 3000000
Buffer size: 57 228001
Download Time: 1977865
Chunk bitrate: 57 2000000
Buffer size: 57 232001
Chunk bitrate: 57 2000000
Buffer size: 58 232001
Download Time: 835669
Chunk bitrate: 58 1000000
Buffer size: 58 236001
Chunk bitrate: 58 1000000
Buffer size: 59 236001
Download Time: 1699978
Chunk bitrate: 59 1000000
Buffer size: 60 240001
Download Time: 1098101
Chunk bitrate: 60 2000000
Buffer size: 60 244001
Chunk bitrate: 60 2000000
Buffer size: 61 244001
Download Time: 2030197
Chunk bitrate: 61 2000000
Buffer size: 62 248001
Download Time: 662723
Chunk bitrate: 62 2000000
Buffer size: 63 252001
Download Time: 470162
Chunk bitrate: 63 2000000
Buffer size: 64 256001
Download Time: 935579
Chunk bitrate: 64 3000000
Buffer size: 64 260001
Chunk bitrate: 64 3000000
Buffer size: 65 260001
[00007f5d48003378] ps mux: Close
[00007f5d480a96f8] idummy demux: command `quit'
[00000000024c71e8] [cli] lua interface error: Error loading script /home/cs244/vlc/share/lua/intf/cli.luac: lua/intf/modules/host.lua:286: Interrupted.
