[00000000018ad1e8] core interface error: no suitable interface module
[00000000017e4338] core libvlc error: interface "globalhotkeys,none" initialization failed
[00000000018ad1e8] dbus interface error: Failed to connect to the D-Bus session daemon: Unable to autolaunch a dbus-daemon without a $DISPLAY for X11
[00000000018ad1e8] core interface error: no suitable interface module
[00000000017e4338] core libvlc error: interface "dbus,none" initialization failed
[00000000017e4338] core libvlc: Running vlc with the default interface. Use 'cvlc' to use vlc without interface.
[00000000018ad1e8] qt interface error: Could not connect to X server
[00000000018ad1e8] skins2 interface error: cannot initialize OSFactory
[00007f97f4003378] ps mux: Open
[00000000018ad1e8] [cli] lua interface: Listening on host "*console".
VLC media player 3.0.0-git Vetinari
Command Line Interface initialized. Type `help' for help.
> making a DASHManager
new ratebased adaptionlogic
Chunk bitrate: 0 349952
Buffer size: 0 0
Chunk bitrate: 0 349952
Buffer size: 0 0
[00007f97f40253b8] mp4 demux: Fragment sequence discontinuity detected 0 != 2
Download Time: 881937
[00007f97f4025778] mp4 demux: Fragment sequence discontinuity detected 0 != 2
Startup Time: 1050000
Chunk bitrate: 0 1000000
Buffer size: 0 4001
Chunk bitrate: 0 1000000
Buffer size: 1 4001
Download Time: 2418722
Chunk bitrate: 1 1000000
Buffer size: 2 8001
Download Time: 1268801
Chunk bitrate: 2 3000000
Buffer size: 2 12001
Chunk bitrate: 2 3000000
Buffer size: 3 12001
Download Time: 1169241
Chunk bitrate: 3 3000000
Buffer size: 4 16001
Download Time: 973131
Chunk bitrate: 4 3000000
Buffer size: 5 20001
Download Time: 1244796
Chunk bitrate: 5 3000000
Buffer size: 6 24001
Download Time: 844285
Chunk bitrate: 6 3000000
Buffer size: 7 28001
Download Time: 829794
Chunk bitrate: 7 3000000
Buffer size: 8 32001
Download Time: 1309969
Chunk bitrate: 8 3000000
Buffer size: 9 36001
Download Time: 960509
Chunk bitrate: 9 3000000
Buffer size: 10 40001
Download Time: 1106479
Chunk bitrate: 10 3000000
Buffer size: 11 44001
Download Time: 961733
Chunk bitrate: 11 3000000
Buffer size: 12 48001
Download Time: 3626730
Chunk bitrate: 12 2000000
Buffer size: 12 52001
Chunk bitrate: 12 2000000
Buffer size: 13 52001
Download Time: 1944309
Chunk bitrate: 13 3000000
Buffer size: 13 56001
Chunk bitrate: 13 3000000
Buffer size: 14 56001
Download Time: 1879918
Chunk bitrate: 14 3000000
Buffer size: 15 60001
Download Time: 1773813
Chunk bitrate: 15 3000000
Buffer size: 16 64001
Download Time: 1442233
Chunk bitrate: 16 3000000
Buffer size: 17 68001
Download Time: 914415
Chunk bitrate: 17 3000000
Buffer size: 18 72001
Download Time: 1139804
Chunk bitrate: 18 3000000
Buffer size: 19 76001
Download Time: 646098
Chunk bitrate: 19 3000000
Buffer size: 20 80001
Download Time: 984865
Chunk bitrate: 20 3000000
Buffer size: 21 84001
Download Time: 603243
Chunk bitrate: 21 3000000
Buffer size: 22 88001
Download Time: 891883
Chunk bitrate: 22 3000000
Buffer size: 23 92001
Download Time: 1173621
Chunk bitrate: 23 3000000
Buffer size: 24 96001
Download Time: 1044784
Chunk bitrate: 24 3000000
Buffer size: 25 100001
Download Time: 1031242
Chunk bitrate: 25 3000000
Buffer size: 26 104001
Download Time: 2374916
Chunk bitrate: 26 2000000
Buffer size: 26 108001
Chunk bitrate: 26 2000000
Buffer size: 27 108001
Download Time: 1736182
Chunk bitrate: 27 1000000
Buffer size: 27 112001
Chunk bitrate: 27 1000000
Buffer size: 28 112001
Download Time: 1371596
Chunk bitrate: 28 3000000
Buffer size: 28 116001
Chunk bitrate: 28 3000000
Buffer size: 29 116001
Download Time: 2416182
Chunk bitrate: 29 3000000
Buffer size: 30 120001
Download Time: 1506104
Chunk bitrate: 30 3000000
Buffer size: 31 124001
Download Time: 1109986
Chunk bitrate: 31 3000000
Buffer size: 32 128001
Download Time: 1241101
Chunk bitrate: 32 3000000
Buffer size: 33 132001
Download Time: 1163054
Chunk bitrate: 33 3000000
Buffer size: 34 136001
Download Time: 1136315
Chunk bitrate: 34 3000000
Buffer size: 35 140001
Download Time: 1270645
Chunk bitrate: 35 2000000
Buffer size: 35 144001
Chunk bitrate: 35 2000000
Buffer size: 36 144001
Download Time: 1644528
Chunk bitrate: 36 2000000
Buffer size: 37 148001
Download Time: 2425136
Chunk bitrate: 37 2000000
Buffer size: 38 152001
Download Time: 2340286
Chunk bitrate: 38 2000000
Buffer size: 39 156001
Download Time: 1951921
Chunk bitrate: 39 2000000
Buffer size: 40 160001
Download Time: 1415989
Chunk bitrate: 40 3000000
Buffer size: 40 164001
Chunk bitrate: 40 3000000
Buffer size: 41 164001
Download Time: 2344130
Chunk bitrate: 41 3000000
Buffer size: 42 168001
Download Time: 1946642
Chunk bitrate: 42 3000000
Buffer size: 43 172001
Download Time: 1205660
Chunk bitrate: 43 3000000
Buffer size: 44 176001
Download Time: 883289
Chunk bitrate: 44 3000000
Buffer size: 45 180001
Download Time: 1051594
Chunk bitrate: 45 3000000
Buffer size: 46 184001
Download Time: 1121170
Chunk bitrate: 46 3000000
Buffer size: 47 188001
Download Time: 1889613
Chunk bitrate: 47 2000000
Buffer size: 47 192001
Chunk bitrate: 47 2000000
Buffer size: 48 192001
Download Time: 1782207
Chunk bitrate: 48 2000000
Buffer size: 49 196001
Download Time: 2233124
Chunk bitrate: 49 3000000
Buffer size: 49 200001
Chunk bitrate: 49 3000000
Buffer size: 50 200001
Download Time: 1874315
Chunk bitrate: 50 3000000
Buffer size: 51 204001
Download Time: 1550063
Chunk bitrate: 51 3000000
Buffer size: 52 208001
Download Time: 2271520
Chunk bitrate: 52 3000000
Buffer size: 53 212001
Download Time: 2143575
Chunk bitrate: 53 3000000
Buffer size: 54 216001
Download Time: 1847643
Chunk bitrate: 54 3000000
Buffer size: 55 220001
Download Time: 1025509
Chunk bitrate: 55 3000000
Buffer size: 56 224001
Download Time: 1122019
Chunk bitrate: 56 3000000
Buffer size: 57 228001
Download Time: 775707
Chunk bitrate: 57 3000000
Buffer size: 58 232001
Download Time: 328666
Chunk bitrate: 58 3000000
Buffer size: 59 236001
Download Time: 1265882
Chunk bitrate: 59 2000000
Buffer size: 59 240001
Chunk bitrate: 59 2000000
Buffer size: 60 240001
Download Time: 1895753
Chunk bitrate: 60 2000000
Buffer size: 61 244001
Download Time: 2031999
Chunk bitrate: 61 2000000
Buffer size: 62 248001
Download Time: 661268
Chunk bitrate: 62 2000000
Buffer size: 63 252001
Download Time: 469248
Chunk bitrate: 63 2000000
Buffer size: 64 256001
Download Time: 936785
Chunk bitrate: 64 2000000
Buffer size: 65 260001
[00007f97f4003378] ps mux: Close
[00007f97ec000e98] idummy demux: command `quit'
[00000000018ad1e8] [cli] lua interface error: Error loading script /home/cs244/vlc/share/lua/intf/cli.luac: lua/intf/modules/host.lua:286: Interrupted.
