[00000000009f0548] core interface error: no suitable interface module
[0000000000929338] core libvlc error: interface "globalhotkeys,none" initialization failed
[00000000009f0548] dbus interface error: Failed to connect to the D-Bus session daemon: Unable to autolaunch a dbus-daemon without a $DISPLAY for X11
[00000000009f0548] core interface error: no suitable interface module
[0000000000929338] core libvlc error: interface "dbus,none" initialization failed
[0000000000929338] core libvlc: Running vlc with the default interface. Use 'cvlc' to use vlc without interface.
[00000000009f0548] qt interface error: Could not connect to X server
[00000000009f0548] skins2 interface error: cannot initialize OSFactory
[00000000009f0548] [cli] lua interface: Listening on host "*console".
VLC media player 3.0.0-git Vetinari
Command Line Interface initialized. Type `help' for help.
> [00007f06f0003378] ps mux: Open
making a DASHManager
new ratebased adaptionlogic
Chunk bitrate: 0 349952
Buffer size: 0 0
Chunk bitrate: 0 349952
Buffer size: 0 0
[00007f06f00279a8] mp4 demux: Fragment sequence discontinuity detected 0 != 2
Download Time: 293341
[00007f06f0025328] mp4 demux: Fragment sequence discontinuity detected 0 != 2
Startup Time: 1050000
Chunk bitrate: 0 3000000
Buffer size: 0 4001
Chunk bitrate: 0 3000000
Buffer size: 1 4001
Download Time: 2270911
Chunk bitrate: 1 3000000
Buffer size: 2 8001
Download Time: 1901936
Chunk bitrate: 2 1000000
Buffer size: 2 12001
Chunk bitrate: 2 1000000
Buffer size: 3 12001
Download Time: 2709152
Chunk bitrate: 3 1000000
Buffer size: 4 16001
Download Time: 2207727
Chunk bitrate: 4 1000000
Buffer size: 5 20001
Download Time: 2137371
Chunk bitrate: 5 1000000
Buffer size: 6 24001
Download Time: 1375800
Chunk bitrate: 6 1000000
Buffer size: 7 28001
Download Time: 1260502
Chunk bitrate: 7 2000000
Buffer size: 7 32001
Chunk bitrate: 7 2000000
Buffer size: 8 32001
Download Time: 2660878
Chunk bitrate: 8 2000000
Buffer size: 9 36001
Download Time: 2104743
Chunk bitrate: 9 1000000
Buffer size: 9 40001
Chunk bitrate: 9 1000000
Buffer size: 10 40001
Download Time: 2253565
Chunk bitrate: 10 1000000
Buffer size: 11 44001
Download Time: 2700196
Chunk bitrate: 11 600000
Buffer size: 11 48001
Chunk bitrate: 11 600000
Buffer size: 12 48001
Download Time: 2927823
Chunk bitrate: 12 349952
Buffer size: 12 52001
Chunk bitrate: 12 349952
Buffer size: 13 52001
Download Time: 1329257
Chunk bitrate: 13 600000
Buffer size: 13 56001
Chunk bitrate: 13 600000
Buffer size: 14 56001
Download Time: 2051832
Chunk bitrate: 14 600000
Buffer size: 15 60001
Download Time: 1787191
Chunk bitrate: 15 600000
Buffer size: 16 64001
Download Time: 2599633
Chunk bitrate: 16 349952
Buffer size: 16 68001
Chunk bitrate: 16 349952
Buffer size: 17 68001
Download Time: 1404122
Chunk bitrate: 17 349952
Buffer size: 18 72001
Download Time: 1210504
Chunk bitrate: 18 600000
Buffer size: 18 76001
Chunk bitrate: 18 600000
Buffer size: 19 76001
Download Time: 1340374
Chunk bitrate: 19 600000
Buffer size: 20 80001
Download Time: 2245900
Chunk bitrate: 20 349952
Buffer size: 20 84001
Chunk bitrate: 20 349952
Buffer size: 21 84001
Download Time: 995820
Chunk bitrate: 21 349952
Buffer size: 22 88001
Download Time: 1267824
Chunk bitrate: 22 349952
Buffer size: 23 92001
Download Time: 1544823
Chunk bitrate: 23 600000
Buffer size: 23 96001
Chunk bitrate: 23 600000
Buffer size: 24 96001
Download Time: 2097474
Chunk bitrate: 24 600000
Buffer size: 25 100001
Download Time: 1886313
Chunk bitrate: 25 600000
Buffer size: 26 104001
Download Time: 2354641
Chunk bitrate: 26 349952
Buffer size: 26 108001
Chunk bitrate: 26 349952
Buffer size: 27 108001
Download Time: 947580
Chunk bitrate: 27 349952
Buffer size: 28 112001
Download Time: 1872102
Chunk bitrate: 28 349952
Buffer size: 29 116001
Download Time: 3076050
Chunk bitrate: 29 349952
Buffer size: 30 120001
Download Time: 1616567
Chunk bitrate: 30 349952
Buffer size: 31 124001
Download Time: 1291525
Chunk bitrate: 31 349952
Buffer size: 32 128001
Download Time: 1556529
Chunk bitrate: 32 349952
Buffer size: 33 132001
Download Time: 1147924
Chunk bitrate: 33 600000
Buffer size: 33 136001
Chunk bitrate: 33 600000
Buffer size: 34 136001
Download Time: 2177109
Chunk bitrate: 34 600000
Buffer size: 35 140001
Download Time: 1433127
Chunk bitrate: 35 3000000
Buffer size: 35 144001
Chunk bitrate: 35 3000000
Buffer size: 36 144001
Download Time: 836669
Chunk bitrate: 36 3000000
Buffer size: 37 148001
Download Time: 1240439
Chunk bitrate: 37 3000000
Buffer size: 38 152001
Download Time: 1172881
Chunk bitrate: 38 3000000
Buffer size: 39 156001
Download Time: 1014634
Chunk bitrate: 39 3000000
Buffer size: 40 160001
Download Time: 1990100
Chunk bitrate: 40 2000000
Buffer size: 40 164001
Chunk bitrate: 40 2000000
Buffer size: 41 164001
Download Time: 3268028
Chunk bitrate: 41 1000000
Buffer size: 41 168001
Chunk bitrate: 41 1000000
Buffer size: 42 168001
Download Time: 1050305
[00007f06f0003378] core mux error: cannot add this stream
[00007f06f00f95f8] core decoder error: cannot create packetizer output (h264)
Chunk bitrate: 42 2000000
Buffer size: 42 172001
Chunk bitrate: 42 2000000
Buffer size: 43 172001
Download Time: 2447156
[00007f06f0003378] core mux error: cannot add this stream
[00007f06f002e088] core decoder error: cannot create packetizer output (h264)
Chunk bitrate: 43 2000000
Buffer size: 44 176001
Download Time: 1700263
Chunk bitrate: 44 3000000
Buffer size: 44 180001
Chunk bitrate: 44 3000000
Buffer size: 45 180001
Download Time: 2100064
[00007f06f0003378] core mux error: cannot add this stream
[00007f06f00ec758] core decoder error: cannot create packetizer output (h264)
Chunk bitrate: 45 3000000
Buffer size: 46 184001
Download Time: 2237664
Chunk bitrate: 46 3000000
Buffer size: 47 188001
Download Time: 2090921
Chunk bitrate: 47 3000000
Buffer size: 48 192001
Download Time: 1747872
Chunk bitrate: 48 3000000
Buffer size: 49 196001
Download Time: 3749429
Chunk bitrate: 49 1000000
Buffer size: 49 200001
Chunk bitrate: 49 1000000
Buffer size: 50 200001
Download Time: 1415730
[00007f06f0003378] core mux error: cannot add this stream
[00007f06f0080ca8] core decoder error: cannot create packetizer output (h264)
Chunk bitrate: 50 1000000
Buffer size: 51 204001
Download Time: 1142026
Chunk bitrate: 51 1000000
Buffer size: 52 208001
Download Time: 1437573
Chunk bitrate: 52 1000000
Buffer size: 53 212001
Download Time: 1288555
Chunk bitrate: 53 1000000
Buffer size: 54 216001
Download Time: 1601686
Chunk bitrate: 54 2000000
Buffer size: 54 220001
Chunk bitrate: 54 2000000
Buffer size: 55 220001
Download Time: 1435844
[00007f06f0003378] core mux error: cannot add this stream
[00007f06f0198448] core decoder error: cannot create packetizer output (h264)
Chunk bitrate: 55 3000000
Buffer size: 55 224001
Chunk bitrate: 55 3000000
Buffer size: 56 224001
Download Time: 2240398
[00007f06f0003378] core mux error: cannot add this stream
[00007f06f00ec988] core decoder error: cannot create packetizer output (h264)
Chunk bitrate: 56 2000000
Buffer size: 56 228001
Chunk bitrate: 56 2000000
Buffer size: 57 228001
Download Time: 919238
[00007f06f0003378] core mux error: cannot add this stream
[00007f06f00cecd8] core decoder error: cannot create packetizer output (h264)
Chunk bitrate: 57 3000000
Buffer size: 57 232001
Chunk bitrate: 57 3000000
Buffer size: 58 232001
Download Time: 411149
[00007f06f0003378] core mux error: cannot add this stream
[00007f06f00ecc58] core decoder error: cannot create packetizer output (h264)
Chunk bitrate: 58 3000000
Buffer size: 59 236001
Download Time: 1202217
Chunk bitrate: 59 3000000
Buffer size: 60 240001
Download Time: 918692
Chunk bitrate: 60 3000000
Buffer size: 61 244001
Download Time: 957598
Chunk bitrate: 61 3000000
Buffer size: 62 248001
Download Time: 322459
Chunk bitrate: 62 3000000
Buffer size: 63 252001
Download Time: 226700
Chunk bitrate: 63 3000000
Buffer size: 64 256001
Download Time: 401814
Chunk bitrate: 64 3000000
Buffer size: 65 260001
[00007f06f0003378] ps mux: Close
[00007f06f005b948] idummy demux: command `quit'
[00000000009f0548] [cli] lua interface error: Error loading script /home/cs244/vlc/share/lua/intf/cli.luac: lua/intf/modules/host.lua:286: Interrupted.
