[0000000000ba91e8] core interface error: no suitable interface module
[0000000000ae0338] core libvlc error: interface "globalhotkeys,none" initialization failed
[0000000000ba91e8] dbus interface error: Failed to connect to the D-Bus session daemon: Unable to autolaunch a dbus-daemon without a $DISPLAY for X11
[0000000000ba91e8] core interface error: no suitable interface module
[0000000000ae0338] core libvlc error: interface "dbus,none" initialization failed
[0000000000ae0338] core libvlc: Running vlc with the default interface. Use 'cvlc' to use vlc without interface.
[0000000000ba91e8] qt interface error: Could not connect to X server
[0000000000ba91e8] skins2 interface error: cannot initialize OSFactory
[0000000000ba91e8] [cli] lua interface: Listening on host "*console".
VLC media player 3.0.0-git Vetinari
Command Line Interface initialized. Type `help' for help.
> [00007ff54c003378] ps mux: Open
making a DASHManager
new ratebased adaptionlogic
Chunk bitrate: 0 349952
Buffer size: 0 0
Chunk bitrate: 0 349952
Buffer size: 0 0
[00007ff54c027738] mp4 demux: Fragment sequence discontinuity detected 0 != 2
Download Time: 440572
[00007ff54c025268] mp4 demux: Fragment sequence discontinuity detected 0 != 2
Startup Time: 1050000
Chunk bitrate: 0 2000000
Buffer size: 0 4001
Chunk bitrate: 0 2000000
Buffer size: 1 4001
Download Time: 2340265
Chunk bitrate: 1 2000000
Buffer size: 2 8001
Download Time: 1782044
Chunk bitrate: 2 2000000
Buffer size: 3 12001
Download Time: 2392525
Chunk bitrate: 3 2000000
Buffer size: 4 16001
Download Time: 1879544
Chunk bitrate: 4 2000000
Buffer size: 5 20001
Download Time: 1906398
Chunk bitrate: 5 3000000
Buffer size: 5 24001
Chunk bitrate: 5 3000000
Buffer size: 6 24001
Download Time: 1684135
Chunk bitrate: 6 3000000
Buffer size: 7 28001
Download Time: 1656618
Chunk bitrate: 7 3000000
Buffer size: 8 32001
Download Time: 5082767
Chunk bitrate: 8 1000000
Buffer size: 8 36001
Chunk bitrate: 8 1000000
Buffer size: 9 36001
Download Time: 1104218
Chunk bitrate: 9 2000000
Buffer size: 9 40001
Chunk bitrate: 9 2000000
Buffer size: 10 40001
Download Time: 2076097
Chunk bitrate: 10 2000000
Buffer size: 11 44001
Download Time: 1738453
Chunk bitrate: 11 3000000
Buffer size: 11 48001
Chunk bitrate: 11 3000000
Buffer size: 12 48001
Download Time: 1329745
Chunk bitrate: 12 3000000
Buffer size: 13 52001
Download Time: 1113948
Chunk bitrate: 13 3000000
Buffer size: 14 56001
Download Time: 941632
Chunk bitrate: 14 3000000
Buffer size: 15 60001
Download Time: 888826
Chunk bitrate: 15 3000000
Buffer size: 16 64001
Download Time: 2427657
Chunk bitrate: 16 2000000
Buffer size: 16 68001
Chunk bitrate: 16 2000000
Buffer size: 17 68001
Download Time: 1824565
Chunk bitrate: 17 2000000
Buffer size: 18 72001
Download Time: 2075510
Chunk bitrate: 18 2000000
Buffer size: 19 76001
Download Time: 1381836
Chunk bitrate: 19 2000000
Buffer size: 20 80001
Download Time: 2147250
Chunk bitrate: 20 2000000
Buffer size: 21 84001
Download Time: 931887
Chunk bitrate: 21 3000000
Buffer size: 21 88001
Chunk bitrate: 21 3000000
Buffer size: 22 88001
Download Time: 1779655
Chunk bitrate: 22 3000000
Buffer size: 23 92001
Download Time: 2344093
Chunk bitrate: 23 3000000
Buffer size: 24 96001
Download Time: 1046827
Chunk bitrate: 24 3000000
Buffer size: 25 100001
Download Time: 1031448
Chunk bitrate: 25 3000000
Buffer size: 26 104001
Download Time: 975841
Chunk bitrate: 26 3000000
Buffer size: 27 108001
Download Time: 621353
Chunk bitrate: 27 3000000
Buffer size: 28 112001
Download Time: 973809
Chunk bitrate: 28 3000000
Buffer size: 29 116001
Download Time: 4342327
Chunk bitrate: 29 1000000
Buffer size: 29 120001
Chunk bitrate: 29 1000000
Buffer size: 30 120001
Download Time: 1004474
Chunk bitrate: 30 2000000
Buffer size: 30 124001
Chunk bitrate: 30 2000000
Buffer size: 31 124001
Download Time: 1740112
Chunk bitrate: 31 2000000
Buffer size: 32 128001
Download Time: 2673831
Chunk bitrate: 32 2000000
Buffer size: 33 132001
Download Time: 1426527
Chunk bitrate: 33 3000000
Buffer size: 33 136001
Chunk bitrate: 33 3000000
Buffer size: 34 136001
Download Time: 2267802
Chunk bitrate: 34 3000000
Buffer size: 35 140001
Download Time: 1649021
Chunk bitrate: 35 3000000
Buffer size: 36 144001
Download Time: 834333
Chunk bitrate: 36 3000000
Buffer size: 37 148001
Download Time: 1239954
Chunk bitrate: 37 3000000
Buffer size: 38 152001
Download Time: 1173005
Chunk bitrate: 38 3000000
Buffer size: 39 156001
Download Time: 1013908
Chunk bitrate: 39 3000000
Buffer size: 40 160001
Download Time: 2995796
Chunk bitrate: 40 1000000
Buffer size: 40 164001
Chunk bitrate: 40 1000000
Buffer size: 41 164001
Download Time: 1587894
Chunk bitrate: 41 1000000
Buffer size: 42 168001
Download Time: 1398870
Chunk bitrate: 42 1000000
Buffer size: 43 172001
Download Time: 1588107
Chunk bitrate: 43 1000000
Buffer size: 44 176001
Download Time: 1244667
Chunk bitrate: 44 1000000
Buffer size: 45 180001
Download Time: 1121363
Chunk bitrate: 45 3000000
Buffer size: 45 184001
Chunk bitrate: 45 3000000
Buffer size: 46 184001
Download Time: 2238295
Chunk bitrate: 46 3000000
Buffer size: 47 188001
Download Time: 2091814
Chunk bitrate: 47 3000000
Buffer size: 48 192001
Download Time: 978266
Chunk bitrate: 48 3000000
Buffer size: 49 196001
Download Time: 1240075
Chunk bitrate: 49 3000000
Buffer size: 50 200001
Download Time: 939129
Chunk bitrate: 50 3000000
Buffer size: 51 204001
Download Time: 775762
Chunk bitrate: 51 3000000
Buffer size: 52 208001
Download Time: 1137839
Chunk bitrate: 52 2000000
Buffer size: 52 212001
Chunk bitrate: 52 2000000
Buffer size: 53 212001
Download Time: 2614859
Chunk bitrate: 53 1000000
Buffer size: 53 216001
Chunk bitrate: 53 1000000
Buffer size: 54 216001
Download Time: 1604406
Chunk bitrate: 54 1000000
Buffer size: 55 220001
Download Time: 1209284
Chunk bitrate: 55 2000000
Buffer size: 55 224001
Chunk bitrate: 55 2000000
Buffer size: 56 224001
Download Time: 2457524
Chunk bitrate: 56 2000000
Buffer size: 57 228001
Download Time: 1382443
Chunk bitrate: 57 2000000
Buffer size: 58 232001
Download Time: 472630
Chunk bitrate: 58 3000000
Buffer size: 58 236001
Chunk bitrate: 58 3000000
Buffer size: 59 236001
Download Time: 2393899
[00007ff54c003378] core mux error: cannot add this stream
[00007ff54c230ef8] core decoder error: cannot create packetizer output (h264)
Chunk bitrate: 59 3000000
Buffer size: 60 240001
Download Time: 1827359
Chunk bitrate: 60 3000000
Buffer size: 61 244001
Download Time: 1102785
Chunk bitrate: 61 3000000
Buffer size: 62 248001
Download Time: 321010
Chunk bitrate: 62 3000000
Buffer size: 63 252001
Download Time: 226944
Chunk bitrate: 63 3000000
Buffer size: 64 256001
Download Time: 401626
Chunk bitrate: 64 3000000
Buffer size: 65 260001
[00007ff54c003378] ps mux: Close
[00007ff5540014c8] idummy demux: command `quit'
[0000000000ba91e8] [cli] lua interface error: Error loading script /home/cs244/vlc/share/lua/intf/cli.luac: lua/intf/modules/host.lua:286: Interrupted.
