[0000000001cf71e8] core interface error: no suitable interface module
[0000000001c2e338] core libvlc error: interface "globalhotkeys,none" initialization failed
[0000000001cf71e8] dbus interface error: Failed to connect to the D-Bus session daemon: Unable to autolaunch a dbus-daemon without a $DISPLAY for X11
[0000000001cf71e8] core interface error: no suitable interface module
[0000000001c2e338] core libvlc error: interface "dbus,none" initialization failed
[0000000001c2e338] core libvlc: Running vlc with the default interface. Use 'cvlc' to use vlc without interface.
[0000000001cf71e8] qt interface error: Could not connect to X server
[0000000001cf71e8] skins2 interface error: cannot initialize OSFactory
[0000000001cf71e8] [cli] lua interface: Listening on host "*console".
VLC media player 3.0.0-git Vetinari
Command Line Interface initialized. Type `help' for help.
> [00007f100c003378] ps mux: Open
making a DASHManager
new ratebased adaptionlogic
Chunk bitrate: 0 349952
Buffer size: 0 0
Chunk bitrate: 0 349952
Buffer size: 0 0
[00007f100c023638] mp4 demux: Fragment sequence discontinuity detected 0 != 2
Download Time: 293679
[00007f100c021b38] mp4 demux: Fragment sequence discontinuity detected 0 != 2
Startup Time: 1050000
Chunk bitrate: 0 3000000
Buffer size: 0 4001
Chunk bitrate: 0 3000000
Buffer size: 1 4001
Download Time: 2270621
Chunk bitrate: 1 3000000
Buffer size: 2 8001
Download Time: 1903474
Chunk bitrate: 2 3000000
Buffer size: 3 12001
Download Time: 5463889
Chunk bitrate: 3 1000000
Buffer size: 3 16001
Chunk bitrate: 3 1000000
Buffer size: 4 16001
Download Time: 1307668
Chunk bitrate: 4 1000000
Buffer size: 5 20001
Download Time: 1707677
Chunk bitrate: 5 1000000
Buffer size: 6 24001
Download Time: 1104706
Chunk bitrate: 6 1000000
Buffer size: 7 28001
Download Time: 708223
Chunk bitrate: 7 3000000
Buffer size: 7 32001
Chunk bitrate: 7 3000000
Buffer size: 8 32001
Download Time: 2615649
Chunk bitrate: 8 3000000
Buffer size: 9 36001
Download Time: 1846519
Chunk bitrate: 9 3000000
Buffer size: 10 40001
Download Time: 1105661
Chunk bitrate: 10 3000000
Buffer size: 11 44001
Download Time: 963712
Chunk bitrate: 11 3000000
Buffer size: 12 48001
Download Time: 1329778
Chunk bitrate: 12 3000000
Buffer size: 13 52001
Download Time: 1114829
Chunk bitrate: 13 3000000
Buffer size: 14 56001
Download Time: 3678376
Chunk bitrate: 14 1000000
Buffer size: 14 60001
Chunk bitrate: 14 1000000
Buffer size: 15 60001
Download Time: 1455670
Chunk bitrate: 15 1000000
Buffer size: 16 64001
Download Time: 1534341
Chunk bitrate: 16 1000000
Buffer size: 17 68001
Download Time: 1288394
Chunk bitrate: 17 1000000
Buffer size: 18 72001
Download Time: 1535434
Chunk bitrate: 18 1000000
Buffer size: 19 76001
Download Time: 543675
Chunk bitrate: 19 3000000
Buffer size: 19 80001
Chunk bitrate: 19 3000000
Buffer size: 20 80001
Download Time: 1963352
Chunk bitrate: 20 3000000
Buffer size: 21 84001
Download Time: 1200743
Chunk bitrate: 21 3000000
Buffer size: 22 88001
Download Time: 1780727
Chunk bitrate: 22 3000000
Buffer size: 23 92001
Download Time: 2349118
Chunk bitrate: 23 3000000
Buffer size: 24 96001
Download Time: 2085233
Chunk bitrate: 24 3000000
Buffer size: 25 100001
Download Time: 4111269
Chunk bitrate: 25 1000000
Buffer size: 25 104001
Chunk bitrate: 25 1000000
Buffer size: 26 104001
Download Time: 1194689
Chunk bitrate: 26 2000000
Buffer size: 26 108001
Chunk bitrate: 26 2000000
Buffer size: 27 108001
Download Time: 1302154
Chunk bitrate: 27 2000000
Buffer size: 28 112001
Download Time: 2034156
Chunk bitrate: 28 2000000
Buffer size: 29 116001
Download Time: 1975493
Chunk bitrate: 29 3000000
Buffer size: 29 120001
Chunk bitrate: 29 3000000
Buffer size: 30 120001
Download Time: 1504269
Chunk bitrate: 30 3000000
Buffer size: 31 124001
Download Time: 1524256
Chunk bitrate: 31 3000000
Buffer size: 32 128001
Download Time: 2480726
Chunk bitrate: 32 3000000
Buffer size: 33 132001
Download Time: 2320006
Chunk bitrate: 33 3000000
Buffer size: 34 136001
Download Time: 4288691
Chunk bitrate: 34 1000000
Buffer size: 34 140001
Chunk bitrate: 34 1000000
Buffer size: 35 140001
Download Time: 1636841
Chunk bitrate: 35 2000000
Buffer size: 35 144001
Chunk bitrate: 35 2000000
Buffer size: 36 144001
Download Time: 1643560
Chunk bitrate: 36 2000000
Buffer size: 37 148001
Download Time: 2424332
Chunk bitrate: 37 2000000
Buffer size: 38 152001
Download Time: 1717422
Chunk bitrate: 38 3000000
Buffer size: 38 156001
Chunk bitrate: 38 3000000
Buffer size: 39 156001
Download Time: 2023338
Chunk bitrate: 39 3000000
Buffer size: 40 160001
Download Time: 1703633
Chunk bitrate: 40 3000000
Buffer size: 41 164001
Download Time: 1173118
Chunk bitrate: 41 3000000
Buffer size: 42 168001
Download Time: 975440
Chunk bitrate: 42 3000000
Buffer size: 43 172001
Download Time: 1201670
Chunk bitrate: 43 3000000
Buffer size: 44 176001
Download Time: 882855
Chunk bitrate: 44 3000000
Buffer size: 45 180001
Download Time: 2481015
Chunk bitrate: 45 2000000
Buffer size: 45 184001
Chunk bitrate: 45 2000000
Buffer size: 46 184001
Download Time: 3036511
Chunk bitrate: 46 1000000
Buffer size: 46 188001
Chunk bitrate: 46 1000000
Buffer size: 47 188001
Download Time: 1508077
Chunk bitrate: 47 1000000
Buffer size: 48 192001
Download Time: 1091748
Chunk bitrate: 48 1000000
Buffer size: 49 196001
Download Time: 1499894
Chunk bitrate: 49 1000000
Buffer size: 50 200001
Download Time: 927494
Chunk bitrate: 50 3000000
Buffer size: 50 204001
Chunk bitrate: 50 3000000
Buffer size: 51 204001
Download Time: 1548106
Chunk bitrate: 51 3000000
Buffer size: 52 208001
Download Time: 2270385
Chunk bitrate: 52 3000000
Buffer size: 53 212001
Download Time: 2145455
Chunk bitrate: 53 3000000
Buffer size: 54 216001
Download Time: 2269546
Chunk bitrate: 54 3000000
Buffer size: 55 220001
Download Time: 1529679
Chunk bitrate: 55 3000000
Buffer size: 56 224001
Download Time: 1124967
Chunk bitrate: 56 3000000
Buffer size: 57 228001
Download Time: 774823
Chunk bitrate: 57 3000000
Buffer size: 58 232001
Download Time: 328085
Chunk bitrate: 58 3000000
Buffer size: 59 236001
Download Time: 1199073
Chunk bitrate: 59 3000000
Buffer size: 60 240001
Download Time: 954223
Chunk bitrate: 60 2000000
Buffer size: 60 244001
Chunk bitrate: 60 2000000
Buffer size: 61 244001
Download Time: 2704454
Chunk bitrate: 61 1000000
Buffer size: 61 248001
Chunk bitrate: 61 1000000
Buffer size: 62 248001
Download Time: 479223
[00007f100c003378] core mux error: cannot add this stream
[00007f100c159898] core decoder error: cannot create packetizer output (h264)
Chunk bitrate: 62 1000000
Buffer size: 63 252001
Download Time: 364839
Chunk bitrate: 63 1000000
Buffer size: 64 256001
Download Time: 662470
Chunk bitrate: 64 1000000
Buffer size: 65 260001
[00007f100c003378] ps mux: Close
[00007f100c161d38] idummy demux: command `quit'
[0000000001cf71e8] [cli] lua interface error: Error loading script /home/cs244/vlc/share/lua/intf/cli.luac: lua/intf/modules/host.lua:286: Interrupted.
