[00000000013f21e8] core interface error: no suitable interface module
[0000000001329338] core libvlc error: interface "globalhotkeys,none" initialization failed
[00000000013f21e8] dbus interface error: Failed to connect to the D-Bus session daemon: Unable to autolaunch a dbus-daemon without a $DISPLAY for X11
[00000000013f21e8] core interface error: no suitable interface module
[0000000001329338] core libvlc error: interface "dbus,none" initialization failed
[0000000001329338] core libvlc: Running vlc with the default interface. Use 'cvlc' to use vlc without interface.
[00000000013f21e8] qt interface error: Could not connect to X server
[00000000013f21e8] skins2 interface error: cannot initialize OSFactory
[00000000013f21e8] [cli] lua interface: Listening on host "*console".
VLC media player 3.0.0-git Vetinari
Command Line Interface initialized. Type `help' for help.
> [00007f8e40003378] ps mux: Open
making a DASHManager
new ratebased adaptionlogic
Chunk bitrate: 0 349952
Buffer size: 0 0
Chunk bitrate: 0 349952
Buffer size: 0 0
[00007f8e4001a368] mp4 demux: Fragment sequence discontinuity detected 0 != 2
Download Time: 148474
[00007f8e400193f8] mp4 demux: Fragment sequence discontinuity detected 0 != 2
Startup Time: 1050000
Chunk bitrate: 0 3000000
Buffer size: 0 4001
Chunk bitrate: 0 3000000
Buffer size: 1 4001
Download Time: 1136517
Chunk bitrate: 1 3000000
Buffer size: 2 8001
Download Time: 952200
Chunk bitrate: 2 3000000
Buffer size: 3 12001
Download Time: 1169519
Chunk bitrate: 3 3000000
Buffer size: 4 16001
Download Time: 973537
Chunk bitrate: 4 3000000
Buffer size: 5 20001
Download Time: 1244347
Chunk bitrate: 5 3000000
Buffer size: 6 24001
Download Time: 844647
Chunk bitrate: 6 3000000
Buffer size: 7 28001
Download Time: 829602
Chunk bitrate: 7 3000000
Buffer size: 8 32001
Download Time: 1309387
Chunk bitrate: 8 3000000
Buffer size: 9 36001
Download Time: 998927
Chunk bitrate: 9 3000000
Buffer size: 10 40001
Download Time: 2206837
Chunk bitrate: 10 3000000
Buffer size: 11 44001
Download Time: 1921588
Chunk bitrate: 11 3000000
Buffer size: 12 48001
Download Time: 2660702
Chunk bitrate: 12 3000000
Buffer size: 13 52001
Download Time: 2226428
Chunk bitrate: 13 3000000
Buffer size: 14 56001
Download Time: 1231223
Chunk bitrate: 14 3000000
Buffer size: 15 60001
Download Time: 889587
Chunk bitrate: 15 3000000
Buffer size: 16 64001
Download Time: 1097549
Chunk bitrate: 16 3000000
Buffer size: 17 68001
Download Time: 913582
Chunk bitrate: 17 3000000
Buffer size: 18 72001
Download Time: 1140309
Chunk bitrate: 18 3000000
Buffer size: 19 76001
Download Time: 647285
Chunk bitrate: 19 3000000
Buffer size: 20 80001
Download Time: 983724
Chunk bitrate: 20 3000000
Buffer size: 21 84001
Download Time: 601534
Chunk bitrate: 21 3000000
Buffer size: 22 88001
Download Time: 892289
Chunk bitrate: 22 3000000
Buffer size: 23 92001
Download Time: 1174091
Chunk bitrate: 23 3000000
Buffer size: 24 96001
Download Time: 1479023
Chunk bitrate: 24 3000000
Buffer size: 25 100001
Download Time: 2059478
Chunk bitrate: 25 3000000
Buffer size: 26 104001
Download Time: 1947313
Chunk bitrate: 26 3000000
Buffer size: 27 108001
Download Time: 1241146
Chunk bitrate: 27 3000000
Buffer size: 28 112001
Download Time: 1943291
Chunk bitrate: 28 3000000
Buffer size: 29 116001
Download Time: 2043724
Chunk bitrate: 29 3000000
Buffer size: 30 120001
Download Time: 755865
Chunk bitrate: 30 3000000
Buffer size: 31 124001
Download Time: 765080
Chunk bitrate: 31 3000000
Buffer size: 32 128001
Download Time: 1241492
Chunk bitrate: 32 3000000
Buffer size: 33 132001
Download Time: 1163946
Chunk bitrate: 33 3000000
Buffer size: 34 136001
Download Time: 1140466
Chunk bitrate: 34 3000000
Buffer size: 35 140001
Download Time: 1037037
Chunk bitrate: 35 3000000
Buffer size: 36 144001
Download Time: 834713
Download Time: 27050
Chunk bitrate: 36 3000000
Buffer size: 37 148001
Download Time: 1239491
Chunk bitrate: 37 3000000
Buffer size: 38 152001
Download Time: 1211147
Chunk bitrate: 38 3000000
Buffer size: 39 156001
Download Time: 2023967
Chunk bitrate: 39 3000000
Buffer size: 40 160001
Download Time: 1734326
Chunk bitrate: 40 3000000
Buffer size: 41 164001
Download Time: 2346272
Chunk bitrate: 41 3000000
Buffer size: 42 168001
Download Time: 1946546
Chunk bitrate: 42 3000000
Buffer size: 43 172001
Download Time: 2400703
Chunk bitrate: 43 3000000
Buffer size: 44 176001
Download Time: 1762255
Chunk bitrate: 44 3000000
Buffer size: 45 180001
Download Time: 2100066
Chunk bitrate: 45 3000000
Buffer size: 46 184001
Download Time: 1226108
Chunk bitrate: 46 3000000
Buffer size: 47 188001
Download Time: 1048046
Chunk bitrate: 47 3000000
Buffer size: 48 192001
Download Time: 876463
Chunk bitrate: 48 3000000
Buffer size: 49 196001
Download Time: 1239005
Chunk bitrate: 49 3000000
Buffer size: 50 200001
Download Time: 938601
Chunk bitrate: 50 3000000
Buffer size: 51 204001
Download Time: 775948
Chunk bitrate: 51 3000000
Buffer size: 52 208001
Download Time: 1137376
Chunk bitrate: 52 3000000
Buffer size: 53 212001
Download Time: 1074417
Chunk bitrate: 53 3000000
Buffer size: 54 216001
Download Time: 1138452
Chunk bitrate: 54 3000000
Buffer size: 55 220001
Download Time: 1024784
Chunk bitrate: 55 3000000
Buffer size: 56 224001
Download Time: 1121508
Chunk bitrate: 56 3000000
Buffer size: 57 228001
Download Time: 775019
Chunk bitrate: 57 3000000
Buffer size: 58 232001
Download Time: 329502
Chunk bitrate: 58 3000000
Buffer size: 59 236001
Download Time: 1198968
Chunk bitrate: 59 3000000
Buffer size: 60 240001
Download Time: 915489
Chunk bitrate: 60 3000000
Buffer size: 61 244001
Download Time: 952650
Chunk bitrate: 61 3000000
Buffer size: 62 248001
Download Time: 321969
Chunk bitrate: 62 3000000
Buffer size: 63 252001
Download Time: 226205
Chunk bitrate: 63 3000000
Buffer size: 64 256001
Download Time: 401772
Chunk bitrate: 64 3000000
Buffer size: 65 260001
[00007f8e40003378] ps mux: Close
[00007f8e44001348] idummy demux: command `quit'
[00000000013f21e8] [cli] lua interface error: Error loading script /home/cs244/vlc/share/lua/intf/cli.luac: lua/intf/modules/host.lua:286: Interrupted.
