[0000000001d2d1e8] core interface error: no suitable interface module
[0000000001c64338] core libvlc error: interface "globalhotkeys,none" initialization failed
[0000000001d2d1e8] dbus interface error: Failed to connect to the D-Bus session daemon: Unable to autolaunch a dbus-daemon without a $DISPLAY for X11
[0000000001d2d1e8] core interface error: no suitable interface module
[0000000001c64338] core libvlc error: interface "dbus,none" initialization failed
[0000000001c64338] core libvlc: Running vlc with the default interface. Use 'cvlc' to use vlc without interface.
[0000000001d2d1e8] qt interface error: Could not connect to X server
[0000000001d2d1e8] skins2 interface error: cannot initialize OSFactory
[0000000001d2d1e8] [cli] lua interface: Listening on host "*console".
VLC media player 3.0.0-git Vetinari
Command Line Interface initialized. Type `help' for help.
> [00007f7590003378] ps mux: Open
making a DASHManager
new ratebased adaptionlogic
Chunk bitrate: 0 349952
Buffer size: 0 0
Chunk bitrate: 0 349952
Buffer size: 0 0
[00007f7590024818] mp4 demux: Fragment sequence discontinuity detected 0 != 2
Download Time: 293802
[00007f759001a758] mp4 demux: Fragment sequence discontinuity detected 0 != 2
Startup Time: 1050000
Chunk bitrate: 0 3000000
Buffer size: 0 4001
Chunk bitrate: 0 3000000
Buffer size: 1 4001
Download Time: 2270775
Chunk bitrate: 1 3000000
Buffer size: 2 8001
Download Time: 1901406
Chunk bitrate: 2 3000000
Buffer size: 3 12001
Download Time: 4450587
Chunk bitrate: 3 1000000
Buffer size: 3 16001
Chunk bitrate: 3 1000000
Buffer size: 4 16001
Download Time: 1146008
Chunk bitrate: 4 2000000
Buffer size: 4 20001
Chunk bitrate: 4 2000000
Buffer size: 5 20001
Download Time: 2573940
Chunk bitrate: 5 2000000
Buffer size: 6 24001
Download Time: 1591550
Chunk bitrate: 6 2000000
Buffer size: 7 28001
Download Time: 1197920
Chunk bitrate: 7 3000000
Buffer size: 7 32001
Chunk bitrate: 7 3000000
Buffer size: 8 32001
Download Time: 2616281
Chunk bitrate: 8 3000000
Buffer size: 9 36001
Download Time: 2298670
Chunk bitrate: 9 2000000
Buffer size: 9 40001
Chunk bitrate: 9 2000000
Buffer size: 10 40001
Download Time: 2154287
Chunk bitrate: 10 2000000
Buffer size: 11 44001
Download Time: 1980519
Chunk bitrate: 11 2000000
Buffer size: 12 48001
Download Time: 2675332
Chunk bitrate: 12 2000000
Buffer size: 13 52001
Download Time: 2028780
Chunk bitrate: 13 3000000
Buffer size: 13 56001
Chunk bitrate: 13 3000000
Buffer size: 14 56001
Download Time: 1880181
Chunk bitrate: 14 3000000
Buffer size: 15 60001
Download Time: 1773517
Chunk bitrate: 15 3000000
Buffer size: 16 64001
Download Time: 4214415
Chunk bitrate: 16 1000000
Buffer size: 16 68001
Chunk bitrate: 16 1000000
Buffer size: 17 68001
Download Time: 1551612
Chunk bitrate: 17 3000000
Buffer size: 17 72001
Chunk bitrate: 17 3000000
Buffer size: 18 72001
Download Time: 2276034
Chunk bitrate: 18 3000000
Buffer size: 19 76001
Download Time: 1289216
Chunk bitrate: 19 3000000
Buffer size: 20 80001
Download Time: 3091621
Chunk bitrate: 20 1000000
Buffer size: 20 84001
Chunk bitrate: 20 1000000
Buffer size: 21 84001
Download Time: 1185587
Chunk bitrate: 21 1000000
Buffer size: 22 88001
Download Time: 1648675
Chunk bitrate: 22 1000000
Buffer size: 23 92001
Download Time: 2081533
Chunk bitrate: 23 1000000
Buffer size: 24 96001
Download Time: 1954079
Chunk bitrate: 24 1000000
Buffer size: 25 100001
Download Time: 1261109
Chunk bitrate: 25 2000000
Buffer size: 25 104001
Chunk bitrate: 25 2000000
Buffer size: 26 104001
Download Time: 1929272
Chunk bitrate: 26 2000000
Buffer size: 27 108001
Download Time: 1302231
Chunk bitrate: 27 2000000
Buffer size: 28 112001
Download Time: 1647393
Chunk bitrate: 28 3000000
Buffer size: 28 116001
Chunk bitrate: 28 3000000
Buffer size: 29 116001
Download Time: 2416454
Chunk bitrate: 29 3000000
Buffer size: 30 120001
Download Time: 1506121
Chunk bitrate: 30 3000000
Buffer size: 31 124001
Download Time: 4321489
Chunk bitrate: 31 1000000
Buffer size: 31 128001
Chunk bitrate: 31 1000000
Buffer size: 32 128001
Download Time: 1912290
Chunk bitrate: 32 1000000
Buffer size: 33 132001
Download Time: 1459699
Chunk bitrate: 33 1000000
Buffer size: 34 136001
Download Time: 1597456
Chunk bitrate: 34 1000000
Buffer size: 35 140001
Download Time: 1136436
Chunk bitrate: 35 2000000
Buffer size: 35 144001
Chunk bitrate: 35 2000000
Buffer size: 36 144001
Download Time: 1643942
Chunk bitrate: 36 2000000
Buffer size: 37 148001
Download Time: 2424283
Chunk bitrate: 37 3000000
Buffer size: 37 152001
Chunk bitrate: 37 3000000
Buffer size: 38 152001
Download Time: 2342102
Chunk bitrate: 38 3000000
Buffer size: 39 156001
Download Time: 2023245
Chunk bitrate: 39 3000000
Buffer size: 40 160001
Download Time: 4306007
Chunk bitrate: 40 1000000
Buffer size: 40 164001
Chunk bitrate: 40 1000000
Buffer size: 41 164001
Download Time: 1912612
Chunk bitrate: 41 1000000
Buffer size: 42 168001
Download Time: 1398670
Chunk bitrate: 42 1000000
Buffer size: 43 172001
Download Time: 1588841
Chunk bitrate: 43 1000000
Buffer size: 44 176001
Download Time: 1125251
Chunk bitrate: 44 2000000
Buffer size: 44 180001
Chunk bitrate: 44 2000000
Buffer size: 45 180001
Download Time: 2021103
[00007f7590003378] core mux error: cannot add this stream
[00007f75902184d8] core decoder error: cannot create packetizer output (h264)
Chunk bitrate: 45 2000000
Buffer size: 46 184001
Download Time: 2279799
Chunk bitrate: 46 2000000
Buffer size: 47 188001
Download Time: 1328581
Chunk bitrate: 47 3000000
Buffer size: 47 192001
Chunk bitrate: 47 3000000
Buffer size: 48 192001
Download Time: 1747934
[00007f7590003378] core mux error: cannot add this stream
[00007f75900abf38] core decoder error: cannot create packetizer output (h264)
Chunk bitrate: 48 3000000
Buffer size: 49 196001
Download Time: 3872149
Chunk bitrate: 49 1000000
Buffer size: 49 200001
Chunk bitrate: 49 1000000
Buffer size: 50 200001
Download Time: 2470624
[00007f7590003378] core mux error: cannot add this stream
[00007f75901ab208] core decoder error: cannot create packetizer output (h264)
Chunk bitrate: 50 1000000
Buffer size: 51 204001
Download Time: 1228817
Chunk bitrate: 51 1000000
Buffer size: 52 208001
Download Time: 1437312
Chunk bitrate: 52 1000000
Buffer size: 53 212001
Download Time: 1288971
Chunk bitrate: 53 1000000
Buffer size: 54 216001
Download Time: 1438073
Download Time: 72835
Chunk bitrate: 54 2000000
Buffer size: 54 220001
Chunk bitrate: 54 2000000
Buffer size: 55 220001
Download Time: 2150241
[00007f7590003378] core mux error: cannot add this stream
[00007f7590048508] core decoder error: cannot create packetizer output (h264)
Chunk bitrate: 55 2000000
Buffer size: 56 224001
Download Time: 2368704
Chunk bitrate: 56 3000000
Buffer size: 56 228001
Chunk bitrate: 56 3000000
Buffer size: 57 228001
Download Time: 1545915
[00007f7590003378] core mux error: cannot add this stream
[00007f75900a4a68] core decoder error: cannot create packetizer output (h264)
Chunk bitrate: 57 3000000
Buffer size: 58 232001
Download Time: 651874
Chunk bitrate: 58 3000000
Buffer size: 59 236001
Download Time: 2393798
Chunk bitrate: 59 3000000
Buffer size: 60 240001
Download Time: 4544462
Chunk bitrate: 60 1000000
Buffer size: 60 244001
Chunk bitrate: 60 1000000
Buffer size: 61 244001
Download Time: 1406418
[00007f7590003378] core mux error: cannot add this stream
[00007f7590145018] core decoder error: cannot create packetizer output (h264)
Chunk bitrate: 61 1000000
Buffer size: 62 248001
Download Time: 483904
Chunk bitrate: 62 1000000
Buffer size: 63 252001
Download Time: 361530
Chunk bitrate: 63 1000000
Buffer size: 64 256001
Download Time: 665746
Chunk bitrate: 64 1000000
Buffer size: 65 260001
[00007f7590003378] ps mux: Close
[00007f75901394a8] idummy demux: command `quit'
[0000000001d2d1e8] [cli] lua interface error: Error loading script /home/cs244/vlc/share/lua/intf/cli.luac: lua/intf/modules/host.lua:286: Interrupted.
