[000000000187b1e8] core interface error: no suitable interface module
[00000000017b2338] core libvlc error: interface "globalhotkeys,none" initialization failed
[000000000187b1e8] dbus interface error: Failed to connect to the D-Bus session daemon: Unable to autolaunch a dbus-daemon without a $DISPLAY for X11
[000000000187b1e8] core interface error: no suitable interface module
[00000000017b2338] core libvlc error: interface "dbus,none" initialization failed
[00000000017b2338] core libvlc: Running vlc with the default interface. Use 'cvlc' to use vlc without interface.
[000000000187b1e8] qt interface error: Could not connect to X server
[000000000187b1e8] skins2 interface error: cannot initialize OSFactory
[000000000187b1e8] [cli] lua interface: Listening on host "*console".
VLC media player 3.0.0-git Vetinari
Command Line Interface initialized. Type `help' for help.
> [00007feff4003378] ps mux: Open
making a DASHManager
new ratebased adaptionlogic
Chunk bitrate: 0 349952
Buffer size: 0 0
Chunk bitrate: 0 349952
Buffer size: 0 0
[00007feff4025338] mp4 demux: Fragment sequence discontinuity detected 0 != 2
Download Time: 440517
[00007feff4023c28] mp4 demux: Fragment sequence discontinuity detected 0 != 2
Startup Time: 1050000
Chunk bitrate: 0 2000000
Buffer size: 0 4001
Chunk bitrate: 0 2000000
Buffer size: 1 4001
Download Time: 2339728
Chunk bitrate: 1 2000000
Buffer size: 2 8001
Download Time: 1781706
Chunk bitrate: 2 2000000
Buffer size: 3 12001
Download Time: 1607534
Chunk bitrate: 3 3000000
Buffer size: 3 16001
Chunk bitrate: 3 3000000
Buffer size: 4 16001
Download Time: 1941529
Chunk bitrate: 4 3000000
Buffer size: 5 20001
Download Time: 4726793
Chunk bitrate: 5 1000000
Buffer size: 5 24001
Chunk bitrate: 5 1000000
Buffer size: 6 24001
Download Time: 1557081
Chunk bitrate: 6 2000000
Buffer size: 6 28001
Chunk bitrate: 6 2000000
Buffer size: 7 28001
Download Time: 1751523
Chunk bitrate: 7 2000000
Buffer size: 8 32001
Download Time: 2660480
Chunk bitrate: 8 2000000
Buffer size: 9 36001
Download Time: 1372685
Chunk bitrate: 9 3000000
Buffer size: 9 40001
Chunk bitrate: 9 3000000
Buffer size: 10 40001
Download Time: 2209613
Chunk bitrate: 10 3000000
Buffer size: 11 44001
Download Time: 2875521
Chunk bitrate: 11 1000000
Buffer size: 11 48001
Chunk bitrate: 11 1000000
Buffer size: 12 48001
Download Time: 3030679
Chunk bitrate: 12 1000000
Buffer size: 13 52001
Download Time: 1660330
Chunk bitrate: 13 1000000
Buffer size: 14 56001
Download Time: 1331658
Chunk bitrate: 14 1000000
Buffer size: 15 60001
Download Time: 1167425
Chunk bitrate: 15 1000000
Buffer size: 16 64001
Download Time: 1353206
Chunk bitrate: 16 2000000
Buffer size: 16 68001
Chunk bitrate: 16 2000000
Buffer size: 17 68001
Download Time: 1824524
Chunk bitrate: 17 2000000
Buffer size: 18 72001
Download Time: 2076172
Chunk bitrate: 18 2000000
Buffer size: 19 76001
Download Time: 1020885
Chunk bitrate: 19 3000000
Buffer size: 19 80001
Chunk bitrate: 19 3000000
Buffer size: 20 80001
Download Time: 1963632
Chunk bitrate: 20 3000000
Buffer size: 21 84001
Download Time: 1201481
Chunk bitrate: 21 3000000
Buffer size: 22 88001
Download Time: 2194947
Chunk bitrate: 22 2000000
Buffer size: 22 92001
Chunk bitrate: 22 2000000
Buffer size: 23 92001
Download Time: 2493083
Chunk bitrate: 23 2000000
Buffer size: 24 96001
Download Time: 1754492
Chunk bitrate: 24 3000000
Buffer size: 24 100001
Chunk bitrate: 24 3000000
Buffer size: 25 100001
Download Time: 2057961
Chunk bitrate: 25 3000000
Buffer size: 26 104001
Download Time: 1947783
Chunk bitrate: 26 3000000
Buffer size: 27 108001
Download Time: 4483586
Chunk bitrate: 27 600000
Buffer size: 27 112001
Chunk bitrate: 27 600000
Buffer size: 28 112001
Download Time: 1318104
Chunk bitrate: 28 1000000
Buffer size: 28 116001
Chunk bitrate: 28 1000000
Buffer size: 29 116001
Download Time: 1904713
Chunk bitrate: 29 1000000
Buffer size: 30 120001
Download Time: 1379903
Chunk bitrate: 30 1000000
Buffer size: 31 124001
Download Time: 1105313
Chunk bitrate: 31 2000000
Buffer size: 31 128001
Chunk bitrate: 31 2000000
Buffer size: 32 128001
Download Time: 2673073
Chunk bitrate: 32 2000000
Buffer size: 33 132001
Download Time: 1913409
Chunk bitrate: 33 3000000
Buffer size: 33 136001
Chunk bitrate: 33 3000000
Buffer size: 34 136001
Download Time: 2267290
Chunk bitrate: 34 3000000
Buffer size: 35 140001
Download Time: 2068688
Chunk bitrate: 35 3000000
Buffer size: 36 144001
Download Time: 4833341
Chunk bitrate: 36 1000000
Buffer size: 36 148001
Chunk bitrate: 36 1000000
Buffer size: 37 148001
Download Time: 2057653
Chunk bitrate: 37 1000000
Buffer size: 38 152001
Download Time: 1955322
Chunk bitrate: 38 1000000
Buffer size: 39 156001
Download Time: 1325027
Chunk bitrate: 39 2000000
Buffer size: 39 160001
Chunk bitrate: 39 2000000
Buffer size: 40 160001
Download Time: 1677295
[00007feff4003378] core mux error: cannot add this stream
[00007feff40b7268] core decoder error: cannot create packetizer output (h264)
Chunk bitrate: 40 2000000
Buffer size: 41 164001
Download Time: 2449357
Chunk bitrate: 41 2000000
Buffer size: 42 168001
Download Time: 1324801
Chunk bitrate: 42 3000000
Buffer size: 42 172001
Chunk bitrate: 42 3000000
Buffer size: 43 172001
Download Time: 2401451
[00007feff4003378] core mux error: cannot add this stream
[00007feff402d1b8] core decoder error: cannot create packetizer output (h264)
Chunk bitrate: 43 3000000
Buffer size: 44 176001
Download Time: 2716962
Chunk bitrate: 44 1000000
Buffer size: 44 180001
Chunk bitrate: 44 1000000
Buffer size: 45 180001
Download Time: 2123247
[00007feff4003378] core mux error: cannot add this stream
[00007feff41e41f8] core decoder error: cannot create packetizer output (h264)
Chunk bitrate: 45 1000000
Buffer size: 46 184001
Download Time: 2018927
Chunk bitrate: 46 1000000
Buffer size: 47 188001
Download Time: 1888065
Chunk bitrate: 47 1000000
Buffer size: 48 192001
Download Time: 1368611
Chunk bitrate: 48 1000000
Buffer size: 49 196001
Download Time: 1318555
Chunk bitrate: 49 2000000
Buffer size: 49 200001
Chunk bitrate: 49 2000000
Buffer size: 50 200001
Download Time: 2037222
[00007feff4003378] core mux error: cannot add this stream
[00007feff41b8678] core decoder error: cannot create packetizer output (h264)
Chunk bitrate: 50 2000000
Buffer size: 51 204001
Download Time: 1659786
Chunk bitrate: 51 2000000
Buffer size: 52 208001
Download Time: 1567652
Chunk bitrate: 52 3000000
Buffer size: 52 212001
Chunk bitrate: 52 3000000
Buffer size: 53 212001
Download Time: 2143170
[00007feff4003378] core mux error: cannot add this stream
[00007feff408a248] core decoder error: cannot create packetizer output (h264)
Chunk bitrate: 53 3000000
Buffer size: 54 216001
Download Time: 4008584
Chunk bitrate: 54 1000000
Buffer size: 54 220001
Chunk bitrate: 54 1000000
Buffer size: 55 220001
Download Time: 2189523
[00007feff4003378] core mux error: cannot add this stream
[00007feff40a8898] core decoder error: cannot create packetizer output (h264)
Chunk bitrate: 55 1000000
Buffer size: 56 224001
Download Time: 1993128
Chunk bitrate: 56 1000000
Buffer size: 57 228001
Download Time: 1207878
Chunk bitrate: 57 1000000
Buffer size: 58 232001
Download Time: 557554
Chunk bitrate: 58 1000000
Buffer size: 59 236001
Download Time: 1469944
Chunk bitrate: 59 2000000
Buffer size: 59 240001
Chunk bitrate: 59 2000000
Buffer size: 60 240001
Download Time: 1896405
[00007feff4003378] core mux error: cannot add this stream
[00007feff40afbe8] core decoder error: cannot create packetizer output (h264)
Chunk bitrate: 60 2000000
Buffer size: 61 244001
Download Time: 2007293
Chunk bitrate: 61 3000000
Buffer size: 61 248001
Chunk bitrate: 61 3000000
Buffer size: 62 248001
Download Time: 640015
[00007feff4003378] core mux error: cannot add this stream
[00007feff420aa08] core decoder error: cannot create packetizer output (h264)
Chunk bitrate: 62 3000000
Buffer size: 63 252001
Download Time: 449752
Chunk bitrate: 63 3000000
Buffer size: 64 256001
Download Time: 799043
Chunk bitrate: 64 3000000
Buffer size: 65 260001
[00007feff4003378] ps mux: Close
[00007feff00012a8] idummy demux: command `quit'
[000000000187b1e8] [cli] lua interface error: Error loading script /home/cs244/vlc/share/lua/intf/cli.luac: lua/intf/modules/host.lua:286: Interrupted.
