[00000000018bc1e8] core interface error: no suitable interface module
[00000000017f3338] core libvlc error: interface "globalhotkeys,none" initialization failed
[00000000018bc1e8] dbus interface error: Failed to connect to the D-Bus session daemon: Unable to autolaunch a dbus-daemon without a $DISPLAY for X11
[00000000018bc1e8] core interface error: no suitable interface module
[00000000017f3338] core libvlc error: interface "dbus,none" initialization failed
[00000000017f3338] core libvlc: Running vlc with the default interface. Use 'cvlc' to use vlc without interface.
[00000000018bc1e8] qt interface error: Could not connect to X server
[00000000018bc1e8] skins2 interface error: cannot initialize OSFactory
[00007f4748003378] ps mux: Open
[00000000018bc1e8] [cli] lua interface: Listening on host "*console".
VLC media player 3.0.0-git Vetinari
Command Line Interface initialized. Type `help' for help.
> making a DASHManager
new ratebased adaptionlogic
Chunk bitrate: 0 349952
Buffer size: 0 0
Chunk bitrate: 0 349952
Buffer size: 0 0
[00007f47480248a8] mp4 demux: Fragment sequence discontinuity detected 0 != 2
Download Time: 147899
[00007f4748024f18] mp4 demux: Fragment sequence discontinuity detected 0 != 2
Startup Time: 1050000
Chunk bitrate: 0 3000000
Buffer size: 0 4001
Chunk bitrate: 0 3000000
Buffer size: 1 4001
Download Time: 1137296
Chunk bitrate: 1 3000000
Buffer size: 2 8001
Download Time: 953183
Chunk bitrate: 2 3000000
Buffer size: 3 12001
Download Time: 1168854
Chunk bitrate: 3 3000000
Buffer size: 4 16001
Download Time: 972846
Chunk bitrate: 4 3000000
Buffer size: 5 20001
Download Time: 3089549
Chunk bitrate: 5 2000000
Buffer size: 5 24001
Chunk bitrate: 5 2000000
Buffer size: 6 24001
Download Time: 1595759
Chunk bitrate: 6 2000000
Buffer size: 7 28001
Download Time: 1324897
Chunk bitrate: 7 3000000
Buffer size: 7 32001
Chunk bitrate: 7 3000000
Buffer size: 8 32001
Download Time: 2615636
Chunk bitrate: 8 3000000
Buffer size: 9 36001
Download Time: 1664041
Chunk bitrate: 9 3000000
Buffer size: 10 40001
Download Time: 1106163
Chunk bitrate: 10 3000000
Buffer size: 11 44001
Download Time: 962383
Chunk bitrate: 11 3000000
Buffer size: 12 48001
Download Time: 1331479
Chunk bitrate: 12 3000000
Buffer size: 13 52001
Download Time: 1115179
Chunk bitrate: 13 3000000
Buffer size: 14 56001
Download Time: 5341527
Chunk bitrate: 14 1000000
Buffer size: 14 60001
Chunk bitrate: 14 1000000
Buffer size: 15 60001
Download Time: 1167916
Chunk bitrate: 15 1000000
Buffer size: 16 64001
Download Time: 1538153
Chunk bitrate: 16 1000000
Buffer size: 17 68001
Download Time: 1289338
Chunk bitrate: 17 1000000
Buffer size: 18 72001
Download Time: 1221720
Chunk bitrate: 18 2000000
Buffer size: 18 76001
Chunk bitrate: 18 2000000
Buffer size: 19 76001
Download Time: 1379798
Chunk bitrate: 19 2000000
Buffer size: 20 80001
Download Time: 2148670
Chunk bitrate: 20 2000000
Buffer size: 21 84001
Download Time: 967337
Chunk bitrate: 21 3000000
Buffer size: 21 88001
Chunk bitrate: 21 3000000
Buffer size: 22 88001
Download Time: 1780036
Chunk bitrate: 22 3000000
Buffer size: 23 92001
Download Time: 2345362
Chunk bitrate: 23 3000000
Buffer size: 24 96001
Download Time: 5153557
Chunk bitrate: 24 1000000
Buffer size: 24 100001
Chunk bitrate: 24 1000000
Buffer size: 25 100001
Download Time: 1360476
Chunk bitrate: 25 1000000
Buffer size: 26 104001
Download Time: 1338611
Chunk bitrate: 26 1000000
Buffer size: 27 108001
Download Time: 799548
Chunk bitrate: 27 1000000
Buffer size: 28 112001
Download Time: 1262187
Chunk bitrate: 28 3000000
Buffer size: 28 116001
Chunk bitrate: 28 3000000
Buffer size: 29 116001
Download Time: 2416344
Chunk bitrate: 29 3000000
Buffer size: 30 120001
Download Time: 1507483
Chunk bitrate: 30 3000000
Buffer size: 31 124001
Download Time: 3856392
Chunk bitrate: 31 1000000
Buffer size: 31 128001
Chunk bitrate: 31 1000000
Buffer size: 32 128001
Download Time: 2565484
Chunk bitrate: 32 1000000
Buffer size: 33 132001
Download Time: 1825097
Chunk bitrate: 33 1000000
Buffer size: 34 136001
Download Time: 1959236
Chunk bitrate: 34 2000000
Buffer size: 34 140001
Chunk bitrate: 34 2000000
Buffer size: 35 140001
Download Time: 2247565
Chunk bitrate: 35 2000000
Buffer size: 36 144001
Download Time: 1644319
Chunk bitrate: 36 2000000
Buffer size: 37 148001
Download Time: 1886665
Chunk bitrate: 37 3000000
Buffer size: 37 152001
Chunk bitrate: 37 3000000
Buffer size: 38 152001
Download Time: 2341603
Chunk bitrate: 38 3000000
Buffer size: 39 156001
Download Time: 2870215
Chunk bitrate: 39 1000000
Buffer size: 39 160001
Chunk bitrate: 39 1000000
Buffer size: 40 160001
Download Time: 1429130
Chunk bitrate: 40 1000000
Buffer size: 41 164001
Download Time: 1947579
Chunk bitrate: 41 2000000
Buffer size: 41 168001
Chunk bitrate: 41 2000000
Buffer size: 42 168001
Download Time: 1923279
Chunk bitrate: 42 2000000
Buffer size: 43 172001
Download Time: 2445652
Chunk bitrate: 43 2000000
Buffer size: 44 176001
Download Time: 1365236
Chunk bitrate: 44 3000000
Buffer size: 44 180001
Chunk bitrate: 44 3000000
Buffer size: 45 180001
Download Time: 2099355
Chunk bitrate: 45 3000000
Buffer size: 46 184001
Download Time: 3217705
Chunk bitrate: 46 1000000
Buffer size: 46 188001
Chunk bitrate: 46 1000000
Buffer size: 47 188001
Download Time: 2268675
Chunk bitrate: 47 1000000
Buffer size: 48 192001
Download Time: 1407718
Chunk bitrate: 48 1000000
Buffer size: 49 196001
Download Time: 1503940
Chunk bitrate: 49 1000000
Buffer size: 50 200001
Download Time: 1408690
Chunk bitrate: 50 1000000
Buffer size: 51 204001
Download Time: 1140919
Chunk bitrate: 51 1000000
Buffer size: 52 208001
Download Time: 1099089
Chunk bitrate: 52 2000000
Buffer size: 52 212001
Chunk bitrate: 52 2000000
Buffer size: 53 212001
Download Time: 1962324
[00007f4748003378] core mux error: cannot add this stream
[00007f47480a0ae8] core decoder error: cannot create packetizer output (h264)
Chunk bitrate: 53 2000000
Buffer size: 54 216001
Download Time: 2113335
Chunk bitrate: 54 3000000
Buffer size: 54 220001
Chunk bitrate: 54 3000000
Buffer size: 55 220001
Download Time: 2047924
[00007f4748003378] core mux error: cannot add this stream
[00007f47480f8f68] core decoder error: cannot create packetizer output (h264)
Chunk bitrate: 55 3000000
Buffer size: 56 224001
Download Time: 2242259
Chunk bitrate: 56 3000000
Buffer size: 57 228001
Download Time: 4060804
Chunk bitrate: 57 1000000
Buffer size: 57 232001
Chunk bitrate: 57 1000000
Buffer size: 58 232001
Download Time: 671697
[00007f4748003378] core mux error: cannot add this stream
[00007f4748199f98] core decoder error: cannot create packetizer output (h264)
Chunk bitrate: 58 1000000
Buffer size: 59 236001
Download Time: 1779519
Chunk bitrate: 59 1000000
Buffer size: 60 240001
Download Time: 1284970
Chunk bitrate: 60 1000000
Buffer size: 61 244001
Download Time: 1337595
Chunk bitrate: 61 1000000
Buffer size: 62 248001
Download Time: 480936
Chunk bitrate: 62 1000000
Buffer size: 63 252001
Download Time: 272157
Chunk bitrate: 63 2000000
Buffer size: 63 256001
Chunk bitrate: 63 2000000
Buffer size: 64 256001
Download Time: 936278
[00007f4748003378] core mux error: cannot add this stream
[00007f4748054548] core decoder error: cannot create packetizer output (h264)
Chunk bitrate: 64 2000000
Buffer size: 65 260001
[00007f4748003378] ps mux: Close
[00007f4744006f28] idummy demux: command `quit'
[00000000018bc1e8] [cli] lua interface error: Error loading script /home/cs244/vlc/share/lua/intf/cli.luac: lua/intf/modules/host.lua:286: Interrupted.
