[0000000000e5e1e8] core interface error: no suitable interface module
[0000000000d95338] core libvlc error: interface "globalhotkeys,none" initialization failed
[0000000000e5e1e8] dbus interface error: Failed to connect to the D-Bus session daemon: Unable to autolaunch a dbus-daemon without a $DISPLAY for X11
[0000000000e5e1e8] core interface error: no suitable interface module
[0000000000d95338] core libvlc error: interface "dbus,none" initialization failed
[0000000000d95338] core libvlc: Running vlc with the default interface. Use 'cvlc' to use vlc without interface.
[0000000000e5e1e8] qt interface error: Could not connect to X server
[0000000000e5e1e8] skins2 interface error: cannot initialize OSFactory
[0000000000e5e1e8] [cli] lua interface: Listening on host "*console".
VLC media player 3.0.0-git Vetinari
Command Line Interface initialized. Type `help' for help.
> [00007fa664003378] ps mux: Open
making a DASHManager
new ratebased adaptionlogic
Chunk bitrate: 0 349952
Buffer size: 0 0
Chunk bitrate: 0 349952
Buffer size: 0 0
[00007fa664025828] mp4 demux: Fragment sequence discontinuity detected 0 != 2
Download Time: 437301
[00007fa664027608] mp4 demux: Fragment sequence discontinuity detected 0 != 2
Startup Time: 1050000
Chunk bitrate: 0 2000000
Buffer size: 0 4001
Chunk bitrate: 0 2000000
Buffer size: 1 4001
Download Time: 2337424
Chunk bitrate: 1 2000000
Buffer size: 2 8001
Download Time: 1779692
Chunk bitrate: 2 2000000
Buffer size: 3 12001
Download Time: 1613015
Chunk bitrate: 3 3000000
Buffer size: 3 16001
Chunk bitrate: 3 3000000
Buffer size: 4 16001
Download Time: 1942145
Chunk bitrate: 4 3000000
Buffer size: 5 20001
Download Time: 1937891
Chunk bitrate: 5 3000000
Buffer size: 6 24001
Download Time: 844035
Chunk bitrate: 6 3000000
Buffer size: 7 28001
Download Time: 828873
Chunk bitrate: 7 3000000
Buffer size: 8 32001
Download Time: 1310584
Chunk bitrate: 8 3000000
Buffer size: 9 36001
Download Time: 961236
Chunk bitrate: 9 3000000
Buffer size: 10 40001
Download Time: 3365747
Chunk bitrate: 10 1000000
Buffer size: 10 44001
Chunk bitrate: 10 1000000
Buffer size: 11 44001
Download Time: 1399800
Chunk bitrate: 11 1000000
Buffer size: 12 48001
Download Time: 1387141
Chunk bitrate: 12 2000000
Buffer size: 12 52001
Chunk bitrate: 12 2000000
Buffer size: 13 52001
Download Time: 2185087
Chunk bitrate: 13 2000000
Buffer size: 14 56001
Download Time: 2046787
Chunk bitrate: 14 2000000
Buffer size: 15 60001
Download Time: 1825631
Chunk bitrate: 15 2000000
Buffer size: 16 64001
Download Time: 2194557
Chunk bitrate: 16 2000000
Buffer size: 17 68001
Download Time: 1322231
Chunk bitrate: 17 3000000
Buffer size: 17 72001
Chunk bitrate: 17 3000000
Buffer size: 18 72001
Download Time: 2275820
Chunk bitrate: 18 3000000
Buffer size: 19 76001
Download Time: 1288762
Chunk bitrate: 19 3000000
Buffer size: 20 80001
Download Time: 7013600
Chunk bitrate: 20 1000000
Buffer size: 20 84001
Chunk bitrate: 20 1000000
Buffer size: 21 84001
Download Time: 1180764
Chunk bitrate: 21 1000000
Buffer size: 22 88001
Download Time: 1644164
Chunk bitrate: 22 1000000
Buffer size: 23 92001
Download Time: 1678096
Chunk bitrate: 23 1000000
Buffer size: 24 96001
Download Time: 1563553
Chunk bitrate: 24 1000000
Buffer size: 25 100001
Download Time: 1360488
Chunk bitrate: 25 1000000
Buffer size: 26 104001
Download Time: 3117307
Chunk bitrate: 26 600000
Buffer size: 26 108001
Chunk bitrate: 26 600000
Buffer size: 27 108001
Download Time: 1377669
Chunk bitrate: 27 600000
Buffer size: 28 112001
Download Time: 1215385
Chunk bitrate: 28 1000000
Buffer size: 28 116001
Chunk bitrate: 28 1000000
Buffer size: 29 116001
Download Time: 1900019
Chunk bitrate: 29 1000000
Buffer size: 30 120001
Download Time: 1374653
Chunk bitrate: 30 1000000
Buffer size: 31 124001
Download Time: 779326
Chunk bitrate: 31 3000000
Buffer size: 31 128001
Chunk bitrate: 31 3000000
Buffer size: 32 128001
Download Time: 2479427
Chunk bitrate: 32 3000000
Buffer size: 33 132001
Download Time: 2110069
Chunk bitrate: 33 3000000
Buffer size: 34 136001
Download Time: 1136422
Chunk bitrate: 34 3000000
Buffer size: 35 140001
Download Time: 1035340
Chunk bitrate: 35 3000000
Buffer size: 36 144001
Download Time: 835269
Chunk bitrate: 36 3000000
Buffer size: 37 148001
Download Time: 1240328
Chunk bitrate: 37 3000000
Buffer size: 38 152001
Download Time: 3618271
Chunk bitrate: 38 3000000
Buffer size: 39 156001
Download Time: 3466438
Chunk bitrate: 39 2000000
Buffer size: 39 160001
Chunk bitrate: 39 2000000
Buffer size: 40 160001
Download Time: 1676280
Chunk bitrate: 40 2000000
Buffer size: 41 164001
Download Time: 2106886
Chunk bitrate: 41 3000000
Buffer size: 41 168001
Chunk bitrate: 41 3000000
Buffer size: 42 168001
Download Time: 1945591
Chunk bitrate: 42 3000000
Buffer size: 43 172001
Download Time: 2328748
Chunk bitrate: 43 3000000
Buffer size: 44 176001
Download Time: 882533
Chunk bitrate: 44 3000000
Buffer size: 45 180001
Download Time: 1052286
Chunk bitrate: 45 3000000
Buffer size: 46 184001
Download Time: 1121078
Chunk bitrate: 46 3000000
Buffer size: 47 188001
Download Time: 1047389
Chunk bitrate: 47 3000000
Buffer size: 48 192001
Download Time: 1527376
Chunk bitrate: 48 2000000
Buffer size: 48 196001
Chunk bitrate: 48 2000000
Buffer size: 49 196001
Download Time: 3271871
Chunk bitrate: 49 1000000
Buffer size: 49 200001
Chunk bitrate: 49 1000000
Buffer size: 50 200001
Download Time: 1215677
Chunk bitrate: 50 2000000
Buffer size: 50 204001
Chunk bitrate: 50 2000000
Buffer size: 51 204001
Download Time: 1655268
Chunk bitrate: 51 2000000
Buffer size: 52 208001
Download Time: 2234235
Chunk bitrate: 52 2000000
Buffer size: 53 212001
Download Time: 1406919
Chunk bitrate: 53 3000000
Buffer size: 53 216001
Chunk bitrate: 53 3000000
Buffer size: 54 216001
Download Time: 2269734
Chunk bitrate: 54 3000000
Buffer size: 55 220001
Download Time: 2046102
Chunk bitrate: 55 3000000
Buffer size: 56 224001
Download Time: 2240981
Chunk bitrate: 56 3000000
Buffer size: 57 228001
Download Time: 1546840
Chunk bitrate: 57 3000000
Buffer size: 58 232001
Download Time: 791189
Chunk bitrate: 58 2000000
Buffer size: 58 236001
Chunk bitrate: 58 2000000
Buffer size: 59 236001
Download Time: 3300047
[00007fa664003378] core mux error: cannot add this stream
[00007fa6640d9e48] core decoder error: cannot create packetizer output (h264)
Chunk bitrate: 59 1000000
Buffer size: 59 240001
Chunk bitrate: 59 1000000
Buffer size: 60 240001
Download Time: 1288453
[00007fa664003378] core mux error: cannot add this stream
[00007fa6641e1048] core decoder error: cannot create packetizer output (h264)
Chunk bitrate: 60 1000000
Buffer size: 61 244001
Download Time: 1339758
Chunk bitrate: 61 1000000
Buffer size: 62 248001
Download Time: 482307
Chunk bitrate: 62 1000000
Buffer size: 63 252001
Download Time: 361400
Chunk bitrate: 63 1000000
Buffer size: 64 256001
Download Time: 665941
Chunk bitrate: 64 1000000
Buffer size: 65 260001
[00007fa664003378] ps mux: Close
[00007fa65c0010f8] idummy demux: command `quit'
[0000000000e5e1e8] [cli] lua interface error: Error loading script /home/cs244/vlc/share/lua/intf/cli.luac: lua/intf/modules/host.lua:286: Interrupted.
