[00000000012911e8] core interface error: no suitable interface module
[00000000011c8338] core libvlc error: interface "globalhotkeys,none" initialization failed
[00000000012911e8] dbus interface error: Failed to connect to the D-Bus session daemon: Unable to autolaunch a dbus-daemon without a $DISPLAY for X11
[00000000012911e8] core interface error: no suitable interface module
[00000000011c8338] core libvlc error: interface "dbus,none" initialization failed
[00000000011c8338] core libvlc: Running vlc with the default interface. Use 'cvlc' to use vlc without interface.
[00000000012911e8] qt interface error: Could not connect to X server
[00000000012911e8] skins2 interface error: cannot initialize OSFactory
[00000000012911e8] [cli] lua interface: Listening on host "*console".
VLC media player 3.0.0-git Vetinari
Command Line Interface initialized. Type `help' for help.
> [00007fc01c003378] ps mux: Open
making a DASHManager
new ratebased adaptionlogic
Chunk bitrate: 0 349952
Buffer size: 0 0
Chunk bitrate: 0 349952
Buffer size: 0 0
[00007fc01c019078] mp4 demux: Fragment sequence discontinuity detected 0 != 2
Download Time: 587989
[00007fc01c01a478] mp4 demux: Fragment sequence discontinuity detected 0 != 2
Startup Time: 1050000
Chunk bitrate: 0 1000000
Buffer size: 0 4001
Chunk bitrate: 0 1000000
Buffer size: 1 4001
Download Time: 1611692
Chunk bitrate: 1 1000000
Buffer size: 2 8001
Download Time: 1169514
Chunk bitrate: 2 1000000
Buffer size: 3 12001
Download Time: 1432839
Chunk bitrate: 3 2000000
Buffer size: 3 16001
Chunk bitrate: 3 2000000
Buffer size: 4 16001
Download Time: 1881503
Chunk bitrate: 4 2000000
Buffer size: 5 20001
Download Time: 2574528
Chunk bitrate: 5 2000000
Buffer size: 6 24001
Download Time: 1061461
Chunk bitrate: 6 3000000
Buffer size: 6 28001
Chunk bitrate: 6 3000000
Buffer size: 7 28001
Download Time: 1654861
Chunk bitrate: 7 3000000
Buffer size: 8 32001
Download Time: 2374271
Chunk bitrate: 8 3000000
Buffer size: 9 36001
Download Time: 960232
Chunk bitrate: 9 3000000
Buffer size: 10 40001
Download Time: 1106375
Chunk bitrate: 10 3000000
Buffer size: 11 44001
Download Time: 961597
Chunk bitrate: 11 3000000
Buffer size: 12 48001
Download Time: 1329917
Chunk bitrate: 12 3000000
Buffer size: 13 52001
Download Time: 3746283
Chunk bitrate: 13 1000000
Buffer size: 13 56001
Chunk bitrate: 13 1000000
Buffer size: 14 56001
Download Time: 1332168
Chunk bitrate: 14 2000000
Buffer size: 14 60001
Chunk bitrate: 14 2000000
Buffer size: 15 60001
Download Time: 1826922
Chunk bitrate: 15 2000000
Buffer size: 16 64001
Download Time: 2196447
Chunk bitrate: 16 2000000
Buffer size: 17 68001
Download Time: 1472029
Chunk bitrate: 17 3000000
Buffer size: 17 72001
Chunk bitrate: 17 3000000
Buffer size: 18 72001
Download Time: 2277153
Chunk bitrate: 18 3000000
Buffer size: 19 76001
Download Time: 1292655
Chunk bitrate: 19 3000000
Buffer size: 20 80001
Download Time: 1256366
Chunk bitrate: 20 3000000
Buffer size: 21 84001
Download Time: 605954
Chunk bitrate: 21 3000000
Buffer size: 22 88001
Download Time: 892481
Chunk bitrate: 22 3000000
Buffer size: 23 92001
Download Time: 1174093
Chunk bitrate: 23 3000000
Buffer size: 24 96001
Download Time: 1045252
Chunk bitrate: 24 3000000
Buffer size: 25 100001
Download Time: 2884377
Chunk bitrate: 25 1000000
Buffer size: 25 104001
Chunk bitrate: 25 1000000
Buffer size: 26 104001
Download Time: 1340279
Chunk bitrate: 26 1000000
Buffer size: 27 108001
Download Time: 798069
Chunk bitrate: 27 1000000
Buffer size: 28 112001
Download Time: 1197091
Chunk bitrate: 28 2000000
Buffer size: 28 116001
Chunk bitrate: 28 2000000
Buffer size: 29 116001
Download Time: 2466576
Chunk bitrate: 29 2000000
Buffer size: 30 120001
Download Time: 1478710
Chunk bitrate: 30 3000000
Buffer size: 30 124001
Chunk bitrate: 30 3000000
Buffer size: 31 124001
Download Time: 1525988
Chunk bitrate: 31 3000000
Buffer size: 32 128001
Download Time: 2480413
Chunk bitrate: 32 3000000
Buffer size: 33 132001
Download Time: 1450504
Chunk bitrate: 33 3000000
Buffer size: 34 136001
Download Time: 1135580
Chunk bitrate: 34 3000000
Buffer size: 35 140001
Download Time: 1035317
Chunk bitrate: 35 3000000
Buffer size: 36 144001
Download Time: 834892
Chunk bitrate: 36 3000000
Buffer size: 37 148001
Download Time: 1733883
Chunk bitrate: 37 2000000
Buffer size: 37 152001
Chunk bitrate: 37 2000000
Buffer size: 38 152001
Download Time: 2340011
Chunk bitrate: 38 2000000
Buffer size: 39 156001
Download Time: 1886989
Chunk bitrate: 39 3000000
Buffer size: 39 160001
Chunk bitrate: 39 3000000
Buffer size: 40 160001
Download Time: 1737324
Chunk bitrate: 40 3000000
Buffer size: 41 164001
Download Time: 2344091
Chunk bitrate: 41 3000000
Buffer size: 42 168001
Download Time: 1277808
Chunk bitrate: 42 3000000
Buffer size: 43 172001
Download Time: 1200944
Chunk bitrate: 43 3000000
Buffer size: 44 176001
Download Time: 882606
Chunk bitrate: 44 3000000
Buffer size: 45 180001
Download Time: 1051953
Chunk bitrate: 45 3000000
Buffer size: 46 184001
Download Time: 1279118
Chunk bitrate: 46 2000000
Buffer size: 46 188001
Chunk bitrate: 46 2000000
Buffer size: 47 188001
Download Time: 2588106
Chunk bitrate: 47 1000000
Buffer size: 47 192001
Chunk bitrate: 47 1000000
Buffer size: 48 192001
Download Time: 1095253
Chunk bitrate: 48 1000000
Buffer size: 49 196001
Download Time: 1319501
Chunk bitrate: 49 2000000
Buffer size: 49 200001
Chunk bitrate: 49 2000000
Buffer size: 50 200001
Download Time: 2037314
Chunk bitrate: 50 2000000
Buffer size: 51 204001
Download Time: 1657876
Chunk bitrate: 51 2000000
Buffer size: 52 208001
Download Time: 1656612
Chunk bitrate: 52 3000000
Buffer size: 52 212001
Chunk bitrate: 52 3000000
Buffer size: 53 212001
Download Time: 2144061
Chunk bitrate: 53 3000000
Buffer size: 54 216001
Download Time: 1926468
Chunk bitrate: 54 3000000
Buffer size: 55 220001
Download Time: 1028796
Chunk bitrate: 55 3000000
Buffer size: 56 224001
Download Time: 1123153
Chunk bitrate: 56 3000000
Buffer size: 57 228001
Download Time: 775969
Chunk bitrate: 57 3000000
Buffer size: 58 232001
Download Time: 327566
Chunk bitrate: 58 3000000
Buffer size: 59 236001
Download Time: 1199916
Chunk bitrate: 59 3000000
Buffer size: 60 240001
Download Time: 3633163
Chunk bitrate: 60 1000000
Buffer size: 60 244001
Chunk bitrate: 60 1000000
Buffer size: 61 244001
Download Time: 1320444
[00007fc01c003378] core mux error: cannot add this stream
[00007fc01c0bc1a8] core decoder error: cannot create packetizer output (h264)
Chunk bitrate: 61 2000000
Buffer size: 61 248001
Chunk bitrate: 61 2000000
Buffer size: 62 248001
Download Time: 666053
[00007fc01c003378] core mux error: cannot add this stream
[00007fc01c0c6e98] core decoder error: cannot create packetizer output (h264)
Chunk bitrate: 62 2000000
Buffer size: 63 252001
Download Time: 470581
Chunk bitrate: 63 2000000
Buffer size: 64 256001
Download Time: 936006
Chunk bitrate: 64 2000000
Buffer size: 65 260001
[00007fc01c003378] ps mux: Close
[00007fc018001558] idummy demux: command `quit'
[00000000012911e8] [cli] lua interface error: Error loading script /home/cs244/vlc/share/lua/intf/cli.luac: lua/intf/modules/host.lua:286: Interrupted.
