[00000000016431e8] core interface error: no suitable interface module
[000000000157a338] core libvlc error: interface "globalhotkeys,none" initialization failed
[00000000016431e8] dbus interface error: Failed to connect to the D-Bus session daemon: Unable to autolaunch a dbus-daemon without a $DISPLAY for X11
[00000000016431e8] core interface error: no suitable interface module
[000000000157a338] core libvlc error: interface "dbus,none" initialization failed
[000000000157a338] core libvlc: Running vlc with the default interface. Use 'cvlc' to use vlc without interface.
[00000000016431e8] qt interface error: Could not connect to X server
[00000000016431e8] skins2 interface error: cannot initialize OSFactory
[00000000016431e8] [cli] lua interface: Listening on host "*console".
VLC media player 3.0.0-git Vetinari
Command Line Interface initialized. Type `help' for help.
> [00007f5588003378] ps mux: Open
making a DASHManager
new ratebased adaptionlogic
Chunk bitrate: 0 349952
Buffer size: 0 0
Chunk bitrate: 0 349952
Buffer size: 0 0
[00007f558801a138] mp4 demux: Fragment sequence discontinuity detected 0 != 2
Download Time: 296762
[00007f5588019428] mp4 demux: Fragment sequence discontinuity detected 0 != 2
Startup Time: 1050000
Chunk bitrate: 0 3000000
Buffer size: 0 4001
Chunk bitrate: 0 3000000
Buffer size: 1 4001
Download Time: 2269458
Chunk bitrate: 1 3000000
Buffer size: 2 8001
Download Time: 1900840
Chunk bitrate: 2 3000000
Buffer size: 3 12001
Download Time: 5395207
Chunk bitrate: 3 2000000
Buffer size: 3 16001
Chunk bitrate: 3 2000000
Buffer size: 4 16001
Download Time: 1882078
Chunk bitrate: 4 2000000
Buffer size: 5 20001
Download Time: 2572190
Chunk bitrate: 5 2000000
Buffer size: 6 24001
Download Time: 1099847
Chunk bitrate: 6 3000000
Buffer size: 6 28001
Chunk bitrate: 6 3000000
Buffer size: 7 28001
Download Time: 1653294
Chunk bitrate: 7 3000000
Buffer size: 8 32001
Download Time: 2432720
Chunk bitrate: 8 3000000
Buffer size: 9 36001
Download Time: 959468
Chunk bitrate: 9 3000000
Buffer size: 10 40001
Download Time: 1105567
Chunk bitrate: 10 3000000
Buffer size: 11 44001
Download Time: 961807
Chunk bitrate: 11 3000000
Buffer size: 12 48001
Download Time: 1329676
Chunk bitrate: 12 3000000
Buffer size: 13 52001
Download Time: 3548708
Chunk bitrate: 13 1000000
Buffer size: 13 56001
Chunk bitrate: 13 1000000
Buffer size: 14 56001
Download Time: 1328148
Chunk bitrate: 14 1000000
Buffer size: 15 60001
Download Time: 1162049
Chunk bitrate: 15 1000000
Buffer size: 16 64001
Download Time: 1535200
Chunk bitrate: 16 1000000
Buffer size: 17 68001
Download Time: 1288678
Chunk bitrate: 17 1000000
Buffer size: 18 72001
Download Time: 1692194
Chunk bitrate: 18 1000000
Buffer size: 19 76001
Download Time: 1061162
Chunk bitrate: 19 1000000
Buffer size: 20 80001
Download Time: 1821393
Chunk bitrate: 20 1000000
Buffer size: 21 84001
Download Time: 1106543
Chunk bitrate: 21 2000000
Buffer size: 21 88001
Chunk bitrate: 21 2000000
Buffer size: 22 88001
Download Time: 1974665
Chunk bitrate: 22 2000000
Buffer size: 23 92001
Download Time: 2493035
Chunk bitrate: 23 2000000
Buffer size: 24 96001
Download Time: 3353457
Chunk bitrate: 24 1000000
Buffer size: 24 100001
Chunk bitrate: 24 1000000
Buffer size: 25 100001
Download Time: 1698411
Chunk bitrate: 25 2000000
Buffer size: 25 104001
Chunk bitrate: 25 2000000
Buffer size: 26 104001
Download Time: 1926177
Chunk bitrate: 26 2000000
Buffer size: 27 108001
Download Time: 1302878
Chunk bitrate: 27 2000000
Buffer size: 28 112001
Download Time: 1696840
Chunk bitrate: 28 3000000
Buffer size: 28 116001
Chunk bitrate: 28 3000000
Buffer size: 29 116001
Download Time: 1209145
Chunk bitrate: 29 3000000
Buffer size: 30 120001
Download Time: 755051
Chunk bitrate: 30 3000000
Buffer size: 31 124001
Download Time: 765483
Chunk bitrate: 31 3000000
Buffer size: 32 128001
Download Time: 1241621
Chunk bitrate: 32 3000000
Buffer size: 33 132001
Download Time: 2573881
Chunk bitrate: 33 2000000
Buffer size: 33 136001
Chunk bitrate: 33 2000000
Buffer size: 34 136001
Download Time: 2995400
Chunk bitrate: 34 1000000
Buffer size: 34 140001
Chunk bitrate: 34 1000000
Buffer size: 35 140001
Download Time: 1387443
Chunk bitrate: 35 1000000
Buffer size: 36 144001
Download Time: 1152550
Chunk bitrate: 36 1000000
Buffer size: 37 148001
Download Time: 1632369
Chunk bitrate: 37 1000000
Buffer size: 38 152001
Download Time: 948837
Chunk bitrate: 38 3000000
Buffer size: 38 156001
Chunk bitrate: 38 3000000
Buffer size: 39 156001
Download Time: 2022014
Chunk bitrate: 39 3000000
Buffer size: 40 160001
Download Time: 1734941
Chunk bitrate: 40 3000000
Buffer size: 41 164001
Download Time: 2345336
Chunk bitrate: 41 3000000
Buffer size: 42 168001
Download Time: 1945086
Chunk bitrate: 42 3000000
Buffer size: 43 172001
Download Time: 1757907
Chunk bitrate: 43 3000000
Buffer size: 44 176001
Download Time: 883571
Chunk bitrate: 44 3000000
Buffer size: 45 180001
Download Time: 1052229
Chunk bitrate: 45 3000000
Buffer size: 46 184001
Download Time: 1121474
Chunk bitrate: 46 3000000
Buffer size: 47 188001
Download Time: 1047272
Chunk bitrate: 47 3000000
Buffer size: 48 192001
Download Time: 3225661
Chunk bitrate: 48 1000000
Buffer size: 48 196001
Chunk bitrate: 48 1000000
Buffer size: 49 196001
Download Time: 1504349
Chunk bitrate: 49 1000000
Buffer size: 50 200001
Download Time: 1092981
Chunk bitrate: 50 2000000
Buffer size: 50 204001
Chunk bitrate: 50 2000000
Buffer size: 51 204001
Download Time: 1655290
Chunk bitrate: 51 2000000
Buffer size: 52 208001
Download Time: 2234840
Chunk bitrate: 52 2000000
Buffer size: 53 212001
Download Time: 1307412
Chunk bitrate: 53 3000000
Buffer size: 53 216001
Chunk bitrate: 53 3000000
Buffer size: 54 216001
Download Time: 2270118
Chunk bitrate: 54 3000000
Buffer size: 55 220001
Download Time: 2850601
Chunk bitrate: 55 1000000
Buffer size: 55 224001
Chunk bitrate: 55 1000000
Buffer size: 56 224001
Download Time: 1592409
Chunk bitrate: 56 1000000
Buffer size: 57 228001
Download Time: 966068
Chunk bitrate: 57 1000000
Buffer size: 58 232001
Download Time: 448168
Chunk bitrate: 58 1000000
Buffer size: 59 236001
Download Time: 1274083
Chunk bitrate: 59 2000000
Buffer size: 59 240001
Chunk bitrate: 59 2000000
Buffer size: 60 240001
Download Time: 1895948
[00007f5588003378] core mux error: cannot add this stream
[00007f558808c6f8] core decoder error: cannot create packetizer output (h264)
Chunk bitrate: 60 2000000
Buffer size: 61 244001
Download Time: 2027109
Chunk bitrate: 61 2000000
Buffer size: 62 248001
Download Time: 659526
Chunk bitrate: 62 2000000
Buffer size: 63 252001
Download Time: 468338
Chunk bitrate: 63 2000000
Buffer size: 64 256001
Download Time: 937168
Chunk bitrate: 64 2000000
Buffer size: 65 260001
[00007f5588003378] ps mux: Close
[00007f55880de928] idummy demux: command `quit'
[00000000016431e8] [cli] lua interface error: Error loading script /home/cs244/vlc/share/lua/intf/cli.luac: lua/intf/modules/host.lua:286: Interrupted.
