[0000000000e991e8] core interface error: no suitable interface module
[0000000000dd0338] core libvlc error: interface "globalhotkeys,none" initialization failed
[0000000000e991e8] dbus interface error: Failed to connect to the D-Bus session daemon: Unable to autolaunch a dbus-daemon without a $DISPLAY for X11
[0000000000e991e8] core interface error: no suitable interface module
[0000000000dd0338] core libvlc error: interface "dbus,none" initialization failed
[0000000000dd0338] core libvlc: Running vlc with the default interface. Use 'cvlc' to use vlc without interface.
[0000000000e991e8] qt interface error: Could not connect to X server
[0000000000e991e8] skins2 interface error: cannot initialize OSFactory
[0000000000e991e8] [cli] lua interface: Listening on host "*console".
VLC media player 3.0.0-git Vetinari
Command Line Interface initialized. Type `help' for help.
> [00007f35cc003378] ps mux: Open
making a DASHManager
new ratebased adaptionlogic
Chunk bitrate: 0 349952
Buffer size: 0 0
Chunk bitrate: 0 349952
Buffer size: 0 0
[00007f35cc01a458] mp4 demux: Fragment sequence discontinuity detected 0 != 2
Download Time: 875764
[00007f35cc023fd8] mp4 demux: Fragment sequence discontinuity detected 0 != 2
Startup Time: 1050000
Chunk bitrate: 0 1000000
Buffer size: 0 4001
Chunk bitrate: 0 1000000
Buffer size: 1 4001
Download Time: 2411489
Chunk bitrate: 1 1000000
Buffer size: 2 8001
Download Time: 1569694
Chunk bitrate: 2 1000000
Buffer size: 3 12001
Download Time: 1543371
Chunk bitrate: 3 1000000
Buffer size: 4 16001
Download Time: 1307606
Chunk bitrate: 4 1000000
Buffer size: 5 20001
Download Time: 1997386
Chunk bitrate: 5 600000
Buffer size: 5 24001
Chunk bitrate: 5 600000
Buffer size: 6 24001
Download Time: 1538822
Chunk bitrate: 6 600000
Buffer size: 7 28001
Download Time: 1706020
Chunk bitrate: 7 600000
Buffer size: 8 32001
Download Time: 1557518
Chunk bitrate: 8 1000000
Buffer size: 8 36001
Chunk bitrate: 8 1000000
Buffer size: 9 36001
Download Time: 2202456
Chunk bitrate: 9 1000000
Buffer size: 10 40001
Download Time: 1779429
Chunk bitrate: 10 1000000
Buffer size: 11 44001
Download Time: 1399714
Chunk bitrate: 11 1000000
Buffer size: 12 48001
Download Time: 1733696
Chunk bitrate: 12 1000000
Buffer size: 13 52001
Download Time: 1897059
Chunk bitrate: 13 600000
Buffer size: 13 56001
Chunk bitrate: 13 600000
Buffer size: 14 56001
Download Time: 1971104
Chunk bitrate: 14 600000
Buffer size: 15 60001
Download Time: 1777211
Chunk bitrate: 15 600000
Buffer size: 16 64001
Download Time: 1298088
Chunk bitrate: 16 1000000
Buffer size: 16 68001
Chunk bitrate: 16 1000000
Buffer size: 17 68001
Download Time: 1931251
Chunk bitrate: 17 1000000
Buffer size: 18 72001
Download Time: 2007314
Chunk bitrate: 18 1000000
Buffer size: 19 76001
Download Time: 847820
Chunk bitrate: 19 1000000
Buffer size: 20 80001
Download Time: 1456304
Chunk bitrate: 20 1000000
Buffer size: 21 84001
Download Time: 947555
Chunk bitrate: 21 1000000
Buffer size: 22 88001
Download Time: 2000790
Chunk bitrate: 22 600000
Buffer size: 22 92001
Chunk bitrate: 22 600000
Buffer size: 23 92001
Download Time: 2294717
Chunk bitrate: 23 600000
Buffer size: 24 96001
Download Time: 1730052
Chunk bitrate: 24 1000000
Buffer size: 24 100001
Chunk bitrate: 24 1000000
Buffer size: 25 100001
Download Time: 2040125
Chunk bitrate: 25 1000000
Buffer size: 26 104001
Download Time: 1979404
Chunk bitrate: 26 1000000
Buffer size: 27 108001
Download Time: 795966
Chunk bitrate: 27 1000000
Buffer size: 28 112001
Download Time: 1571998
Chunk bitrate: 28 1000000
Buffer size: 29 116001
Download Time: 1518486
Chunk bitrate: 29 1000000
Buffer size: 30 120001
Download Time: 1644965
Chunk bitrate: 30 600000
Buffer size: 30 124001
Chunk bitrate: 30 600000
Buffer size: 31 124001
Download Time: 1717921
Chunk bitrate: 31 600000
Buffer size: 32 128001
Download Time: 2045099
Chunk bitrate: 32 1000000
Buffer size: 32 132001
Chunk bitrate: 32 1000000
Buffer size: 33 132001
Download Time: 2190182
Chunk bitrate: 33 1000000
Buffer size: 34 136001
Download Time: 2355834
Chunk bitrate: 34 1000000
Buffer size: 35 140001
Download Time: 1387853
Chunk bitrate: 35 1000000
Buffer size: 36 144001
Download Time: 1156473
Chunk bitrate: 36 1000000
Buffer size: 37 148001
Download Time: 1630879
Chunk bitrate: 37 1000000
Buffer size: 38 152001
Download Time: 3184789
Chunk bitrate: 38 1000000
Buffer size: 39 156001
Download Time: 2659721
Chunk bitrate: 39 1000000
Buffer size: 40 160001
Download Time: 1712474
Chunk bitrate: 40 1000000
Buffer size: 41 164001
Download Time: 2366932
Chunk bitrate: 41 1000000
Buffer size: 42 168001
Download Time: 1396367
Chunk bitrate: 42 1000000
Buffer size: 43 172001
Download Time: 1583511
Chunk bitrate: 43 1000000
Buffer size: 44 176001
Download Time: 1240208
Chunk bitrate: 44 1000000
Buffer size: 45 180001
Download Time: 2182923
Chunk bitrate: 45 1000000
Buffer size: 46 184001
Download Time: 2565568
Chunk bitrate: 46 1000000
Buffer size: 47 188001
Download Time: 1305768
Chunk bitrate: 47 2000000
Buffer size: 47 192001
Chunk bitrate: 47 2000000
Buffer size: 48 192001
Download Time: 1779168
Chunk bitrate: 48 2000000
Buffer size: 49 196001
Download Time: 2458591
Chunk bitrate: 49 2000000
Buffer size: 50 200001
Download Time: 2033428
Chunk bitrate: 50 2000000
Buffer size: 51 204001
Download Time: 1655467
Chunk bitrate: 51 2000000
Buffer size: 52 208001
Download Time: 6385004
Chunk bitrate: 52 1000000
Buffer size: 52 212001
Chunk bitrate: 52 1000000
Buffer size: 53 212001
Download Time: 2260385
Chunk bitrate: 53 1000000
Buffer size: 54 216001
Download Time: 2640258
Chunk bitrate: 54 1000000
Buffer size: 55 220001
Download Time: 2186295
Chunk bitrate: 55 1000000
Buffer size: 56 224001
Download Time: 1833755
Chunk bitrate: 56 3000000
Buffer size: 56 228001
Chunk bitrate: 56 3000000
Buffer size: 57 228001
Download Time: 1546012
Chunk bitrate: 57 3000000
Buffer size: 58 232001
Download Time: 652540
Chunk bitrate: 58 3000000
Buffer size: 59 236001
Download Time: 2464232
Chunk bitrate: 59 1000000
Buffer size: 59 240001
Chunk bitrate: 59 1000000
Buffer size: 60 240001
Download Time: 1931755
Chunk bitrate: 60 1000000
Buffer size: 61 244001
Download Time: 2004942
Chunk bitrate: 61 1000000
Buffer size: 62 248001
Download Time: 678507
Chunk bitrate: 62 1000000
Buffer size: 63 252001
Download Time: 450847
Chunk bitrate: 63 1000000
Buffer size: 64 256001
Download Time: 829238
Chunk bitrate: 64 1000000
Buffer size: 65 260001
[00007f35cc003378] ps mux: Close
[00007f35c4000e98] idummy demux: command `quit'
[0000000000e991e8] [cli] lua interface error: Error loading script /home/cs244/vlc/share/lua/intf/cli.luac: lua/intf/modules/host.lua:286: Interrupted.
