[00000000015541e8] core interface error: no suitable interface module
[000000000148b338] core libvlc error: interface "globalhotkeys,none" initialization failed
[00000000015541e8] dbus interface error: Failed to connect to the D-Bus session daemon: Unable to autolaunch a dbus-daemon without a $DISPLAY for X11
[00000000015541e8] core interface error: no suitable interface module
[000000000148b338] core libvlc error: interface "dbus,none" initialization failed
[000000000148b338] core libvlc: Running vlc with the default interface. Use 'cvlc' to use vlc without interface.
[00000000015541e8] qt interface error: Could not connect to X server
[00000000015541e8] skins2 interface error: cannot initialize OSFactory
[00000000015541e8] [cli] lua interface: Listening on host "*console".
VLC media player 3.0.0-git Vetinari
Command Line Interface initialized. Type `help' for help.
> [00007facbc003378] ps mux: Open
making a DASHManager
new ratebased adaptionlogic
Chunk bitrate: 0 349952
Buffer size: 0 0
Chunk bitrate: 0 349952
Buffer size: 0 0
[00007facbc018ff8] mp4 demux: Fragment sequence discontinuity detected 0 != 2
Download Time: 734603
[00007facbc024228] mp4 demux: Fragment sequence discontinuity detected 0 != 2
Startup Time: 1050000
Chunk bitrate: 0 1000000
Buffer size: 0 4001
Chunk bitrate: 0 1000000
Buffer size: 1 4001
Download Time: 2014705
Chunk bitrate: 1 1000000
Buffer size: 2 8001
Download Time: 1464042
Chunk bitrate: 2 1000000
Buffer size: 3 12001
Download Time: 1235348
Chunk bitrate: 3 2000000
Buffer size: 3 16001
Chunk bitrate: 3 2000000
Buffer size: 4 16001
Download Time: 1880670
Chunk bitrate: 4 2000000
Buffer size: 5 20001
Download Time: 2350872
Chunk bitrate: 5 3000000
Buffer size: 5 24001
Chunk bitrate: 5 3000000
Buffer size: 6 24001
Download Time: 1684312
Chunk bitrate: 6 3000000
Buffer size: 7 28001
Download Time: 1653736
Chunk bitrate: 7 3000000
Buffer size: 8 32001
Download Time: 6401462
Chunk bitrate: 8 1000000
Buffer size: 8 36001
Chunk bitrate: 8 1000000
Buffer size: 9 36001
Download Time: 1839896
Chunk bitrate: 9 1000000
Buffer size: 10 40001
Download Time: 1609442
Chunk bitrate: 10 1000000
Buffer size: 11 44001
Download Time: 2705030
Chunk bitrate: 11 600000
Buffer size: 11 48001
Chunk bitrate: 11 600000
Buffer size: 12 48001
Download Time: 2439690
Chunk bitrate: 12 600000
Buffer size: 13 52001
Download Time: 1602115
Chunk bitrate: 13 1000000
Buffer size: 13 56001
Chunk bitrate: 13 1000000
Buffer size: 14 56001
Download Time: 2331645
Chunk bitrate: 14 1000000
Buffer size: 15 60001
Download Time: 1516772
Chunk bitrate: 15 1000000
Buffer size: 16 64001
Download Time: 1540842
Chunk bitrate: 16 1000000
Buffer size: 17 68001
Download Time: 1292136
Chunk bitrate: 17 1000000
Buffer size: 18 72001
Download Time: 2092257
Chunk bitrate: 18 600000
Buffer size: 18 76001
Chunk bitrate: 18 600000
Buffer size: 19 76001
Download Time: 1469288
Chunk bitrate: 19 600000
Buffer size: 20 80001
Download Time: 2364909
Chunk bitrate: 20 600000
Buffer size: 21 84001
Download Time: 1024519
Chunk bitrate: 21 1000000
Buffer size: 21 88001
Chunk bitrate: 21 1000000
Buffer size: 22 88001
Download Time: 2309833
Chunk bitrate: 22 1000000
Buffer size: 23 92001
Download Time: 2025258
Chunk bitrate: 23 1000000
Buffer size: 24 96001
Download Time: 1562957
Chunk bitrate: 24 1000000
Buffer size: 25 100001
Download Time: 1359365
Chunk bitrate: 25 1000000
Buffer size: 26 104001
Download Time: 2472596
Chunk bitrate: 26 600000
Buffer size: 26 108001
Chunk bitrate: 26 600000
Buffer size: 27 108001
Download Time: 1389810
Chunk bitrate: 27 600000
Buffer size: 28 112001
Download Time: 1968529
Chunk bitrate: 28 600000
Buffer size: 29 116001
Download Time: 1732010
Chunk bitrate: 29 1000000
Buffer size: 29 120001
Chunk bitrate: 29 1000000
Buffer size: 30 120001
Download Time: 1931820
Chunk bitrate: 30 1000000
Buffer size: 31 124001
Download Time: 1246232
Chunk bitrate: 31 1000000
Buffer size: 32 128001
Download Time: 1701035
Chunk bitrate: 32 1000000
Buffer size: 33 132001
Download Time: 1458791
Chunk bitrate: 33 1000000
Buffer size: 34 136001
Download Time: 3194609
Chunk bitrate: 34 600000
Buffer size: 34 140001
Chunk bitrate: 34 600000
Buffer size: 35 140001
Download Time: 1900225
Chunk bitrate: 35 600000
Buffer size: 36 144001
Download Time: 1284639
Chunk bitrate: 36 1000000
Buffer size: 36 148001
Chunk bitrate: 36 1000000
Buffer size: 37 148001
Download Time: 2863017
Chunk bitrate: 37 1000000
Buffer size: 38 152001
Download Time: 1614355
Chunk bitrate: 38 1000000
Buffer size: 39 156001
Download Time: 1328690
Chunk bitrate: 39 1000000
Buffer size: 40 160001
Download Time: 1144617
Chunk bitrate: 40 1000000
Buffer size: 41 164001
Download Time: 2728536
Chunk bitrate: 41 600000
Buffer size: 41 168001
Chunk bitrate: 41 600000
Buffer size: 42 168001
Download Time: 2119479
Chunk bitrate: 42 600000
Buffer size: 43 172001
Download Time: 1708658
Chunk bitrate: 43 600000
Buffer size: 44 176001
Download Time: 1438236
Chunk bitrate: 44 1000000
Buffer size: 44 180001
Chunk bitrate: 44 1000000
Buffer size: 45 180001
Download Time: 2246737
Chunk bitrate: 45 1000000
Buffer size: 46 184001
Download Time: 1467734
Chunk bitrate: 46 1000000
Buffer size: 47 188001
Download Time: 1511615
Chunk bitrate: 47 1000000
Buffer size: 48 192001
Download Time: 1093937
Chunk bitrate: 48 1000000
Buffer size: 49 196001
Download Time: 3109060
Chunk bitrate: 49 600000
Buffer size: 49 200001
Chunk bitrate: 49 600000
Buffer size: 50 200001
Download Time: 1930299
Chunk bitrate: 50 600000
Buffer size: 51 204001
Download Time: 1333427
Chunk bitrate: 51 1000000
Buffer size: 51 208001
Chunk bitrate: 51 1000000
Buffer size: 52 208001
Download Time: 2519826
[00007facbc003378] core mux error: cannot add this stream
[00007facbc0595b8] core decoder error: cannot create packetizer output (h264)
Chunk bitrate: 52 1000000
Buffer size: 53 212001
Download Time: 1516397
Chunk bitrate: 53 1000000
Buffer size: 54 216001
Download Time: 1601640
Chunk bitrate: 54 1000000
Buffer size: 55 220001
Download Time: 1458071
Chunk bitrate: 55 1000000
Buffer size: 56 224001
Download Time: 2997370
Chunk bitrate: 56 600000
Buffer size: 56 228001
Chunk bitrate: 56 600000
Buffer size: 57 228001
Download Time: 1590499
[00007facbc003378] core mux error: cannot add this stream
[00007facbc14e328] core decoder error: cannot create packetizer output (h264)
Chunk bitrate: 57 600000
Buffer size: 58 232001
Download Time: 630917
Chunk bitrate: 58 1000000
Buffer size: 58 236001
Chunk bitrate: 58 1000000
Buffer size: 59 236001
Download Time: 2550056
[00007facbc003378] core mux error: cannot add this stream
[00007facbc094f88] core decoder error: cannot create packetizer output (h264)
Chunk bitrate: 59 1000000
Buffer size: 60 240001
Download Time: 1928795
Chunk bitrate: 60 1000000
Buffer size: 61 244001
Download Time: 1337708
Chunk bitrate: 61 1000000
Buffer size: 62 248001
Download Time: 482761
Chunk bitrate: 62 1000000
Buffer size: 63 252001
Download Time: 362193
Chunk bitrate: 63 1000000
Buffer size: 64 256001
Download Time: 665460
Chunk bitrate: 64 1000000
Buffer size: 65 260001
[00007facbc003378] ps mux: Close
[00007facb8001558] idummy demux: command `quit'
[00000000015541e8] [cli] lua interface error: Error loading script /home/cs244/vlc/share/lua/intf/cli.luac: lua/intf/modules/host.lua:286: Interrupted.
