[00000000012501e8] core interface error: no suitable interface module
[0000000001187338] core libvlc error: interface "globalhotkeys,none" initialization failed
[00000000012501e8] dbus interface error: Failed to connect to the D-Bus session daemon: Unable to autolaunch a dbus-daemon without a $DISPLAY for X11
[00000000012501e8] core interface error: no suitable interface module
[0000000001187338] core libvlc error: interface "dbus,none" initialization failed
[0000000001187338] core libvlc: Running vlc with the default interface. Use 'cvlc' to use vlc without interface.
[00000000012501e8] qt interface error: Could not connect to X server
[00000000012501e8] skins2 interface error: cannot initialize OSFactory
[00000000012501e8] [cli] lua interface: Listening on host "*console".
VLC media player 3.0.0-git Vetinari
Command Line Interface initialized. Type `help' for help.
> [00007f2a5c003378] ps mux: Open
making a DASHManager
new ratebased adaptionlogic
Chunk bitrate: 0 349952
Buffer size: 0 0
Chunk bitrate: 0 349952
Buffer size: 0 0
[00007f2a5c0235b8] mp4 demux: Fragment sequence discontinuity detected 0 != 2
Download Time: 729578
[00007f2a5c019878] mp4 demux: Fragment sequence discontinuity detected 0 != 2
Startup Time: 1050000
Chunk bitrate: 0 1000000
Buffer size: 0 4001
Chunk bitrate: 0 1000000
Buffer size: 1 4001
Download Time: 2010487
Chunk bitrate: 1 1000000
Buffer size: 2 8001
Download Time: 1465869
Chunk bitrate: 2 1000000
Buffer size: 3 12001
Download Time: 1247544
Chunk bitrate: 3 2000000
Buffer size: 3 16001
Chunk bitrate: 3 2000000
Buffer size: 4 16001
Download Time: 1881069
Chunk bitrate: 4 2000000
Buffer size: 5 20001
Download Time: 2570083
Chunk bitrate: 5 2000000
Buffer size: 6 24001
Download Time: 1590919
Chunk bitrate: 6 2000000
Buffer size: 7 28001
Download Time: 1762936
Chunk bitrate: 7 2000000
Buffer size: 8 32001
Download Time: 6217821
Chunk bitrate: 8 1000000
Buffer size: 8 36001
Chunk bitrate: 8 1000000
Buffer size: 9 36001
Download Time: 2201154
Chunk bitrate: 9 1000000
Buffer size: 10 40001
Download Time: 1925100
Chunk bitrate: 10 1000000
Buffer size: 11 44001
Download Time: 1047312
Chunk bitrate: 11 2000000
Buffer size: 11 48001
Chunk bitrate: 11 2000000
Buffer size: 12 48001
Download Time: 2763852
Chunk bitrate: 12 2000000
Buffer size: 13 52001
Download Time: 1790187
Chunk bitrate: 13 3000000
Buffer size: 13 56001
Chunk bitrate: 13 3000000
Buffer size: 14 56001
Download Time: 1880018
Chunk bitrate: 14 3000000
Buffer size: 15 60001
Download Time: 1774618
Chunk bitrate: 15 3000000
Buffer size: 16 64001
Download Time: 6319579
Chunk bitrate: 16 1000000
Buffer size: 16 68001
Chunk bitrate: 16 1000000
Buffer size: 17 68001
Download Time: 1609878
Chunk bitrate: 17 1000000
Buffer size: 18 72001
Download Time: 1919331
Chunk bitrate: 18 1000000
Buffer size: 19 76001
Download Time: 690477
Chunk bitrate: 19 2000000
Buffer size: 19 80001
Chunk bitrate: 19 2000000
Buffer size: 20 80001
Download Time: 2144462
Chunk bitrate: 20 2000000
Buffer size: 21 84001
Download Time: 1308109
Chunk bitrate: 21 2000000
Buffer size: 22 88001
Download Time: 1568620
Chunk bitrate: 22 3000000
Buffer size: 22 92001
Chunk bitrate: 22 3000000
Buffer size: 23 92001
Download Time: 2344120
Chunk bitrate: 23 3000000
Buffer size: 24 96001
Download Time: 2981235
Chunk bitrate: 24 1000000
Buffer size: 24 100001
Chunk bitrate: 24 1000000
Buffer size: 25 100001
Download Time: 2379388
Chunk bitrate: 25 1000000
Buffer size: 26 104001
Download Time: 1957574
Chunk bitrate: 26 1000000
Buffer size: 27 108001
Download Time: 995389
Chunk bitrate: 27 1000000
Buffer size: 28 112001
Download Time: 1962378
Chunk bitrate: 28 1000000
Buffer size: 29 116001
Download Time: 1435834
Chunk bitrate: 29 2000000
Buffer size: 29 120001
Chunk bitrate: 29 2000000
Buffer size: 30 120001
Download Time: 1599995
Chunk bitrate: 30 2000000
Buffer size: 31 124001
Download Time: 1736573
Chunk bitrate: 31 2000000
Buffer size: 32 128001
Download Time: 2021318
Chunk bitrate: 32 3000000
Buffer size: 32 132001
Chunk bitrate: 32 3000000
Buffer size: 33 132001
Download Time: 2319902
Chunk bitrate: 33 3000000
Buffer size: 34 136001
Download Time: 4275248
Chunk bitrate: 34 1000000
Buffer size: 34 140001
Chunk bitrate: 34 1000000
Buffer size: 35 140001
Download Time: 1996278
Chunk bitrate: 35 1000000
Buffer size: 36 144001
Download Time: 1149732
Chunk bitrate: 36 1000000
Buffer size: 37 148001
Download Time: 1632311
Chunk bitrate: 37 1000000
Buffer size: 38 152001
Download Time: 1559743
Chunk bitrate: 38 2000000
Buffer size: 38 156001
Chunk bitrate: 38 2000000
Buffer size: 39 156001
Download Time: 1338019
Chunk bitrate: 39 3000000
Buffer size: 39 160001
Chunk bitrate: 39 3000000
Buffer size: 40 160001
Download Time: 1733471
Chunk bitrate: 40 3000000
Buffer size: 41 164001
Download Time: 2344264
Chunk bitrate: 41 3000000
Buffer size: 42 168001
Download Time: 1945650
Chunk bitrate: 42 3000000
Buffer size: 43 172001
Download Time: 2399291
Chunk bitrate: 43 3000000
Buffer size: 44 176001
Download Time: 5144023
Chunk bitrate: 44 1000000
Buffer size: 44 180001
Chunk bitrate: 44 1000000
Buffer size: 45 180001
Download Time: 1412095
Chunk bitrate: 45 1000000
Buffer size: 46 184001
Download Time: 1463097
Chunk bitrate: 46 1000000
Buffer size: 47 188001
Download Time: 1507479
Chunk bitrate: 47 1000000
Buffer size: 48 192001
Download Time: 601594
Chunk bitrate: 48 3000000
Buffer size: 48 196001
Chunk bitrate: 48 3000000
Buffer size: 49 196001
Download Time: 2471932
[00007f2a5c003378] core mux error: cannot add this stream
[00007f2a5c18af98] core decoder error: cannot create packetizer output (h264)
Chunk bitrate: 49 3000000
Buffer size: 50 200001
Download Time: 1875461
Chunk bitrate: 50 3000000
Buffer size: 51 204001
Download Time: 1547550
Chunk bitrate: 51 3000000
Buffer size: 52 208001
Download Time: 2270874
Chunk bitrate: 52 3000000
Buffer size: 53 212001
Download Time: 4267897
Chunk bitrate: 53 1000000
Buffer size: 53 216001
Chunk bitrate: 53 1000000
Buffer size: 54 216001
Download Time: 2279804
[00007f2a5c003378] core mux error: cannot add this stream
[00007f2a5c15e3c8] core decoder error: cannot create packetizer output (h264)
Chunk bitrate: 54 1000000
Buffer size: 55 220001
Download Time: 1821474
Chunk bitrate: 55 1000000
Buffer size: 56 224001
Download Time: 1987901
Chunk bitrate: 56 1000000
Buffer size: 57 228001
Download Time: 599957
Chunk bitrate: 57 3000000
Buffer size: 57 232001
Chunk bitrate: 57 3000000
Buffer size: 58 232001
Download Time: 649753
[00007f2a5c003378] core mux error: cannot add this stream
[00007f2a5c0a2f48] core decoder error: cannot create packetizer output (h264)
Chunk bitrate: 58 3000000
Buffer size: 59 236001
Download Time: 2391862
Chunk bitrate: 59 3000000
Buffer size: 60 240001
Download Time: 1824444
Chunk bitrate: 60 3000000
Buffer size: 61 244001
Download Time: 1904682
Chunk bitrate: 61 3000000
Buffer size: 62 248001
Download Time: 638704
Chunk bitrate: 62 3000000
Buffer size: 63 252001
Download Time: 449484
Chunk bitrate: 63 3000000
Buffer size: 64 256001
Download Time: 799484
Chunk bitrate: 64 3000000
Buffer size: 65 260001
[00007f2a5c003378] ps mux: Close
[00007f2a5c04d948] idummy demux: command `quit'
[00000000012501e8] [cli] lua interface error: Error loading script /home/cs244/vlc/share/lua/intf/cli.luac: lua/intf/modules/host.lua:286: Interrupted.
