[00000000012e4548] core interface error: no suitable interface module
[000000000121d338] core libvlc error: interface "globalhotkeys,none" initialization failed
[00000000012e4548] dbus interface error: Failed to connect to the D-Bus session daemon: Unable to autolaunch a dbus-daemon without a $DISPLAY for X11
[00000000012e4548] core interface error: no suitable interface module
[000000000121d338] core libvlc error: interface "dbus,none" initialization failed
[000000000121d338] core libvlc: Running vlc with the default interface. Use 'cvlc' to use vlc without interface.
[00000000012e4548] qt interface error: Could not connect to X server
[00000000012e4548] skins2 interface error: cannot initialize OSFactory
[00000000012e4548] [cli] lua interface: Listening on host "*console".
VLC media player 3.0.0-git Vetinari
Command Line Interface initialized. Type `help' for help.
> [00007f6300003378] ps mux: Open
making a DASHManager
new ratebased adaptionlogic
Chunk bitrate: 0 349952
Buffer size: 0 0
Chunk bitrate: 0 349952
Buffer size: 0 0
[00007f6300025708] mp4 demux: Fragment sequence discontinuity detected 0 != 2
Download Time: 584833
[00007f6300027608] mp4 demux: Fragment sequence discontinuity detected 0 != 2
Startup Time: 1050000
Chunk bitrate: 0 1000000
Buffer size: 0 4001
Chunk bitrate: 0 1000000
Buffer size: 1 4001
Download Time: 1611553
Chunk bitrate: 1 1000000
Buffer size: 2 8001
Download Time: 1167830
Chunk bitrate: 2 1000000
Buffer size: 3 12001
Download Time: 1427561
Chunk bitrate: 3 2000000
Buffer size: 3 16001
Chunk bitrate: 3 2000000
Buffer size: 4 16001
Download Time: 1877629
Chunk bitrate: 4 2000000
Buffer size: 5 20001
Download Time: 2570109
Chunk bitrate: 5 3000000
Buffer size: 5 24001
Chunk bitrate: 5 3000000
Buffer size: 6 24001
Download Time: 1683308
Chunk bitrate: 6 3000000
Buffer size: 7 28001
Download Time: 1655106
Chunk bitrate: 7 3000000
Buffer size: 8 32001
Download Time: 2058794
Chunk bitrate: 8 3000000
Buffer size: 9 36001
Download Time: 961854
Chunk bitrate: 9 3000000
Buffer size: 10 40001
Download Time: 1106532
Chunk bitrate: 10 3000000
Buffer size: 11 44001
Download Time: 961391
Chunk bitrate: 11 3000000
Buffer size: 12 48001
Download Time: 1502926
Chunk bitrate: 12 2000000
Buffer size: 12 52001
Chunk bitrate: 12 2000000
Buffer size: 13 52001
Download Time: 3634901
Chunk bitrate: 13 1000000
Buffer size: 13 56001
Chunk bitrate: 13 1000000
Buffer size: 14 56001
Download Time: 1502100
Chunk bitrate: 14 1000000
Buffer size: 15 60001
Download Time: 1165505
Chunk bitrate: 15 1000000
Buffer size: 16 64001
Download Time: 1540624
Chunk bitrate: 16 1000000
Buffer size: 17 68001
Download Time: 1287556
Chunk bitrate: 17 2000000
Buffer size: 17 72001
Chunk bitrate: 17 2000000
Buffer size: 18 72001
Download Time: 1383567
Chunk bitrate: 18 3000000
Buffer size: 18 76001
Chunk bitrate: 18 3000000
Buffer size: 19 76001
Download Time: 1289843
Chunk bitrate: 19 3000000
Buffer size: 20 80001
Download Time: 1962174
Chunk bitrate: 20 3000000
Buffer size: 21 84001
Download Time: 690850
Chunk bitrate: 21 3000000
Buffer size: 22 88001
Download Time: 890888
Chunk bitrate: 22 3000000
Buffer size: 23 92001
Download Time: 1174282
Chunk bitrate: 23 3000000
Buffer size: 24 96001
Download Time: 1046502
Chunk bitrate: 24 3000000
Buffer size: 25 100001
Download Time: 1031106
Chunk bitrate: 25 3000000
Buffer size: 26 104001
Download Time: 3367062
Chunk bitrate: 26 1000000
Buffer size: 26 108001
Chunk bitrate: 26 1000000
Buffer size: 27 108001
Download Time: 796676
Chunk bitrate: 27 1000000
Buffer size: 28 112001
Download Time: 1380263
Chunk bitrate: 28 2000000
Buffer size: 28 116001
Chunk bitrate: 28 2000000
Buffer size: 29 116001
Download Time: 2462673
Chunk bitrate: 29 2000000
Buffer size: 30 120001
Download Time: 1595516
Chunk bitrate: 30 2000000
Buffer size: 31 124001
Download Time: 1197996
Chunk bitrate: 31 3000000
Buffer size: 31 128001
Chunk bitrate: 31 3000000
Buffer size: 32 128001
Download Time: 2479709
Chunk bitrate: 32 3000000
Buffer size: 33 132001
Download Time: 1701809
Chunk bitrate: 33 3000000
Buffer size: 34 136001
Download Time: 1136200
Chunk bitrate: 34 3000000
Buffer size: 35 140001
Download Time: 1035765
Chunk bitrate: 35 3000000
Buffer size: 36 144001
Download Time: 835104
Chunk bitrate: 36 3000000
Buffer size: 37 148001
Download Time: 1240525
Chunk bitrate: 37 1000000
Buffer size: 37 152001
Chunk bitrate: 37 1000000
Buffer size: 38 152001
Download Time: 1949370
Chunk bitrate: 38 1000000
Buffer size: 39 156001
Download Time: 1660115
Chunk bitrate: 39 1000000
Buffer size: 40 160001
Download Time: 1259813
Chunk bitrate: 40 2000000
Buffer size: 40 164001
Chunk bitrate: 40 2000000
Buffer size: 41 164001
Download Time: 2447235
Chunk bitrate: 41 2000000
Buffer size: 42 168001
Download Time: 1920068
Chunk bitrate: 42 2000000
Buffer size: 43 172001
Download Time: 1682407
Chunk bitrate: 43 3000000
Buffer size: 43 176001
Chunk bitrate: 43 3000000
Buffer size: 44 176001
Download Time: 1761832
Chunk bitrate: 44 3000000
Buffer size: 45 180001
Download Time: 2098514
Chunk bitrate: 45 3000000
Buffer size: 46 184001
Download Time: 2238427
Chunk bitrate: 46 3000000
Buffer size: 47 188001
Download Time: 2089700
Chunk bitrate: 47 3000000
Buffer size: 48 192001
Download Time: 4362268
Chunk bitrate: 48 1000000
Buffer size: 48 196001
Chunk bitrate: 48 1000000
Buffer size: 49 196001
Download Time: 1331844
Chunk bitrate: 49 2000000
Buffer size: 49 200001
Chunk bitrate: 49 2000000
Buffer size: 50 200001
Download Time: 2037246
Chunk bitrate: 50 2000000
Buffer size: 51 204001
Download Time: 1655056
Chunk bitrate: 51 2000000
Buffer size: 52 208001
Download Time: 1550519
Chunk bitrate: 52 3000000
Buffer size: 52 212001
Chunk bitrate: 52 3000000
Buffer size: 53 212001
Download Time: 2142713
[00007f6300003378] core mux error: cannot add this stream
[00007f630005b998] core decoder error: cannot create packetizer output (h264)
Chunk bitrate: 53 3000000
Buffer size: 54 216001
Download Time: 1824877
Chunk bitrate: 54 3000000
Buffer size: 55 220001
Download Time: 1025359
Chunk bitrate: 55 3000000
Buffer size: 56 224001
Download Time: 1121982
Chunk bitrate: 56 3000000
Buffer size: 57 228001
Download Time: 774648
Chunk bitrate: 57 3000000
Buffer size: 58 232001
Download Time: 328539
Chunk bitrate: 58 3000000
Buffer size: 59 236001
Download Time: 1252266
Chunk bitrate: 59 3000000
Buffer size: 60 240001
Download Time: 1826650
Chunk bitrate: 60 3000000
Buffer size: 61 244001
Download Time: 1902462
Chunk bitrate: 61 3000000
Buffer size: 62 248001
Download Time: 638414
Chunk bitrate: 62 3000000
Buffer size: 63 252001
Download Time: 450135
Chunk bitrate: 63 3000000
Buffer size: 64 256001
Download Time: 799190
Chunk bitrate: 64 3000000
Buffer size: 65 260001
[00007f6300003378] ps mux: Close
[00007f6300025708] idummy demux: command `quit'
[00000000012e4548] [cli] lua interface error: Error loading script /home/cs244/vlc/share/lua/intf/cli.luac: lua/intf/modules/host.lua:286: Interrupted.
