[0000000001b871e8] core interface error: no suitable interface module
[0000000001abe338] core libvlc error: interface "globalhotkeys,none" initialization failed
[0000000001b871e8] dbus interface error: Failed to connect to the D-Bus session daemon: Unable to autolaunch a dbus-daemon without a $DISPLAY for X11
[0000000001b871e8] core interface error: no suitable interface module
[0000000001abe338] core libvlc error: interface "dbus,none" initialization failed
[0000000001abe338] core libvlc: Running vlc with the default interface. Use 'cvlc' to use vlc without interface.
[0000000001b871e8] qt interface error: Could not connect to X server
[0000000001b871e8] skins2 interface error: cannot initialize OSFactory
[0000000001b871e8] [cli] lua interface: Listening on host "*console".
VLC media player 3.0.0-git Vetinari
Command Line Interface initialized. Type `help' for help.
> [00007f30c0003378] ps mux: Open
making a DASHManager
new ratebased adaptionlogic
Chunk bitrate: 0 349952
Buffer size: 0 0
Chunk bitrate: 0 349952
Buffer size: 0 0
[00007f30c0024e08] mp4 demux: Fragment sequence discontinuity detected 0 != 2
Download Time: 882139
[00007f30c00252d8] mp4 demux: Fragment sequence discontinuity detected 0 != 2
Startup Time: 1050000
Chunk bitrate: 0 1000000
Buffer size: 0 4001
Chunk bitrate: 0 1000000
Buffer size: 1 4001
Download Time: 2417401
Chunk bitrate: 1 1000000
Buffer size: 2 8001
Download Time: 5322232
Chunk bitrate: 2 349952
Buffer size: 2 12001
Chunk bitrate: 2 349952
Buffer size: 3 12001
Download Time: 3769222
Chunk bitrate: 3 349952
Buffer size: 4 16001
Download Time: 794420
Chunk bitrate: 4 1000000
Buffer size: 4 20001
Chunk bitrate: 4 1000000
Buffer size: 5 20001
Download Time: 1712189
Chunk bitrate: 5 1000000
Buffer size: 6 24001
Download Time: 1104641
Chunk bitrate: 6 1000000
Buffer size: 7 28001
Download Time: 1200523
Chunk bitrate: 7 1000000
Buffer size: 8 32001
Download Time: 3899252
Chunk bitrate: 8 600000
Buffer size: 8 36001
Chunk bitrate: 8 600000
Buffer size: 9 36001
Download Time: 1664196
Chunk bitrate: 9 1000000
Buffer size: 9 40001
Chunk bitrate: 9 1000000
Buffer size: 10 40001
Download Time: 1609685
Chunk bitrate: 10 1000000
Buffer size: 11 44001
Download Time: 1751013
Chunk bitrate: 11 1000000
Buffer size: 12 48001
Download Time: 1522113
Chunk bitrate: 12 2000000
Buffer size: 12 52001
Chunk bitrate: 12 2000000
Buffer size: 13 52001
Download Time: 2184898
Chunk bitrate: 13 2000000
Buffer size: 14 56001
Download Time: 1928198
Chunk bitrate: 14 3000000
Buffer size: 14 60001
Chunk bitrate: 14 3000000
Buffer size: 15 60001
Download Time: 1773151
Chunk bitrate: 15 3000000
Buffer size: 16 64001
Download Time: 2190966
Chunk bitrate: 16 3000000
Buffer size: 17 68001
Download Time: 4854258
Chunk bitrate: 17 1000000
Buffer size: 17 72001
Chunk bitrate: 17 1000000
Buffer size: 18 72001
Download Time: 2084669
Chunk bitrate: 18 1000000
Buffer size: 19 76001
Download Time: 1064599
Chunk bitrate: 19 1000000
Buffer size: 20 80001
Download Time: 1824320
Chunk bitrate: 20 1000000
Buffer size: 21 84001
Download Time: 793212
Chunk bitrate: 21 2000000
Buffer size: 21 88001
Chunk bitrate: 21 2000000
Buffer size: 22 88001
Download Time: 1977222
Chunk bitrate: 22 2000000
Buffer size: 23 92001
Download Time: 2419900
Chunk bitrate: 23 3000000
Buffer size: 23 96001
Chunk bitrate: 23 3000000
Buffer size: 24 96001
Download Time: 2085494
Chunk bitrate: 24 3000000
Buffer size: 25 100001
Download Time: 2057842
Chunk bitrate: 25 3000000
Buffer size: 26 104001
Download Time: 4759317
Chunk bitrate: 26 1000000
Buffer size: 26 108001
Chunk bitrate: 26 1000000
Buffer size: 27 108001
Download Time: 1101534
Chunk bitrate: 27 1000000
Buffer size: 28 112001
Download Time: 1970647
Chunk bitrate: 28 1000000
Buffer size: 29 116001
Download Time: 1901592
Chunk bitrate: 29 1000000
Buffer size: 30 120001
Download Time: 932222
Chunk bitrate: 30 2000000
Buffer size: 30 124001
Chunk bitrate: 30 2000000
Buffer size: 31 124001
Download Time: 1739121
Chunk bitrate: 31 2000000
Buffer size: 32 128001
Download Time: 2591902
Chunk bitrate: 32 3000000
Buffer size: 32 132001
Chunk bitrate: 32 3000000
Buffer size: 33 132001
Download Time: 2322032
Chunk bitrate: 33 3000000
Buffer size: 34 136001
Download Time: 2268286
Chunk bitrate: 34 3000000
Buffer size: 35 140001
Download Time: 5895164
Chunk bitrate: 35 1000000
Buffer size: 35 144001
Chunk bitrate: 35 1000000
Buffer size: 36 144001
Download Time: 1444585
Chunk bitrate: 36 1000000
Buffer size: 37 148001
Download Time: 2045226
Chunk bitrate: 37 1000000
Buffer size: 38 152001
Download Time: 1242781
Chunk bitrate: 38 2000000
Buffer size: 38 156001
Chunk bitrate: 38 2000000
Buffer size: 39 156001
Download Time: 1952604
Chunk bitrate: 39 2000000
Buffer size: 40 160001
Download Time: 1680040
Chunk bitrate: 40 2000000
Buffer size: 41 164001
Download Time: 1675737
Chunk bitrate: 41 3000000
Buffer size: 41 168001
Chunk bitrate: 41 3000000
Buffer size: 42 168001
Download Time: 1945396
[00007f30c0003378] core mux error: cannot add this stream
[00007f30c0071d08] core decoder error: cannot create packetizer output (h264)
Chunk bitrate: 42 3000000
Buffer size: 43 172001
Download Time: 3908372
Chunk bitrate: 43 1000000
Buffer size: 43 176001
Chunk bitrate: 43 1000000
Buffer size: 44 176001
Download Time: 1554726
[00007f30c0003378] core mux error: cannot add this stream
[00007f30c0165ba8] core decoder error: cannot create packetizer output (h264)
Chunk bitrate: 44 1000000
Buffer size: 45 180001
Download Time: 1768646
Chunk bitrate: 45 1000000
Buffer size: 46 184001
Download Time: 1832711
Chunk bitrate: 46 1000000
Buffer size: 47 188001
Download Time: 1858717
Chunk bitrate: 47 2000000
Buffer size: 47 192001
Chunk bitrate: 47 2000000
Buffer size: 48 192001
Download Time: 1782205
[00007f30c0003378] core mux error: cannot add this stream
[00007f30c019a968] core decoder error: cannot create packetizer output (h264)
Chunk bitrate: 48 2000000
Buffer size: 49 196001
Download Time: 2455074
Chunk bitrate: 49 2000000
Buffer size: 50 200001
Download Time: 1576573
Chunk bitrate: 50 3000000
Buffer size: 50 204001
Chunk bitrate: 50 3000000
Buffer size: 51 204001
Download Time: 1548255
[00007f30c0003378] core mux error: cannot add this stream
[00007f30c01129f8] core decoder error: cannot create packetizer output (h264)
Chunk bitrate: 51 3000000
Buffer size: 52 208001
Download Time: 2314563
Chunk bitrate: 52 1000000
Buffer size: 52 212001
Chunk bitrate: 52 1000000
Buffer size: 53 212001
Download Time: 1615169
[00007f30c0003378] core mux error: cannot add this stream
[00007f30c0151308] core decoder error: cannot create packetizer output (h264)
Chunk bitrate: 53 1000000
Buffer size: 54 216001
Download Time: 2001875
Chunk bitrate: 54 1000000
Buffer size: 55 220001
Download Time: 1821820
Chunk bitrate: 55 1000000
Buffer size: 56 224001
Download Time: 1992358
Chunk bitrate: 56 1000000
Buffer size: 57 228001
Download Time: 1210792
Chunk bitrate: 57 1000000
Buffer size: 58 232001
Download Time: 545486
Chunk bitrate: 58 2000000
Buffer size: 58 236001
Chunk bitrate: 58 2000000
Buffer size: 59 236001
Download Time: 2475413
[00007f30c0003378] core mux error: cannot add this stream
[00007f30c019a8f8] core decoder error: cannot create packetizer output (h264)
Chunk bitrate: 59 2000000
Buffer size: 60 240001
Download Time: 1894302
Chunk bitrate: 60 2000000
Buffer size: 61 244001
Download Time: 1478614
Chunk bitrate: 61 3000000
Buffer size: 61 248001
Chunk bitrate: 61 3000000
Buffer size: 62 248001
Download Time: 639967
[00007f30c0003378] core mux error: cannot add this stream
[00007f30c01e0c28] core decoder error: cannot create packetizer output (h264)
Chunk bitrate: 62 3000000
Buffer size: 63 252001
Download Time: 450126
Chunk bitrate: 63 3000000
Buffer size: 64 256001
Download Time: 799069
Chunk bitrate: 64 3000000
Buffer size: 65 260001
[00007f30c0003378] ps mux: Close
[00007f30c8001668] idummy demux: command `quit'
[0000000001b871e8] [cli] lua interface error: Error loading script /home/cs244/vlc/share/lua/intf/cli.luac: lua/intf/modules/host.lua:286: Interrupted.
