[0000000000b161e8] core interface error: no suitable interface module
[0000000000a4d338] core libvlc error: interface "globalhotkeys,none" initialization failed
[0000000000b161e8] dbus interface error: Failed to connect to the D-Bus session daemon: Unable to autolaunch a dbus-daemon without a $DISPLAY for X11
[0000000000b161e8] core interface error: no suitable interface module
[0000000000a4d338] core libvlc error: interface "dbus,none" initialization failed
[0000000000a4d338] core libvlc: Running vlc with the default interface. Use 'cvlc' to use vlc without interface.
[0000000000b161e8] qt interface error: Could not connect to X server
[0000000000b161e8] skins2 interface error: cannot initialize OSFactory
[0000000000b161e8] [cli] lua interface: Listening on host "*console".
VLC media player 3.0.0-git Vetinari
Command Line Interface initialized. Type `help' for help.
> [00007f3d9c003378] ps mux: Open
making a DASHManager
new ratebased adaptionlogic
Chunk bitrate: 0 349952
Buffer size: 0 0
Chunk bitrate: 0 349952
Buffer size: 0 0
[00007f3d9c024c88] mp4 demux: Fragment sequence discontinuity detected 0 != 2
Download Time: 440252
[00007f3d9c01a9d8] mp4 demux: Fragment sequence discontinuity detected 0 != 2
Startup Time: 1050000
Chunk bitrate: 0 2000000
Buffer size: 0 4001
Chunk bitrate: 0 2000000
Buffer size: 1 4001
Download Time: 2339664
Chunk bitrate: 1 2000000
Buffer size: 2 8001
Download Time: 1780849
Chunk bitrate: 2 2000000
Buffer size: 3 12001
Download Time: 1597271
Chunk bitrate: 3 3000000
Buffer size: 3 16001
Chunk bitrate: 3 3000000
Buffer size: 4 16001
Download Time: 1941835
Chunk bitrate: 4 3000000
Buffer size: 5 20001
Download Time: 1917782
Chunk bitrate: 5 3000000
Buffer size: 6 24001
Download Time: 843698
Chunk bitrate: 6 3000000
Buffer size: 7 28001
Download Time: 829640
Chunk bitrate: 7 3000000
Buffer size: 8 32001
Download Time: 1311154
Chunk bitrate: 8 3000000
Buffer size: 9 36001
Download Time: 959365
Chunk bitrate: 9 3000000
Buffer size: 10 40001
Download Time: 3418341
Chunk bitrate: 10 1000000
Buffer size: 10 44001
Chunk bitrate: 10 1000000
Buffer size: 11 44001
Download Time: 1400131
Chunk bitrate: 11 1000000
Buffer size: 12 48001
Download Time: 1374226
Chunk bitrate: 12 2000000
Buffer size: 12 52001
Chunk bitrate: 12 2000000
Buffer size: 13 52001
Download Time: 2186448
Chunk bitrate: 13 2000000
Buffer size: 14 56001
Download Time: 1890538
Chunk bitrate: 14 3000000
Buffer size: 14 60001
Chunk bitrate: 14 3000000
Buffer size: 15 60001
Download Time: 1773947
Chunk bitrate: 15 3000000
Buffer size: 16 64001
Download Time: 2189504
Chunk bitrate: 16 3000000
Buffer size: 17 68001
Download Time: 1184055
Chunk bitrate: 17 3000000
Buffer size: 18 72001
Download Time: 1140273
Chunk bitrate: 18 3000000
Buffer size: 19 76001
Download Time: 653486
Chunk bitrate: 19 3000000
Buffer size: 20 80001
Download Time: 984727
Chunk bitrate: 20 3000000
Buffer size: 21 84001
Download Time: 603958
Chunk bitrate: 21 3000000
Buffer size: 22 88001
Download Time: 1102184
Chunk bitrate: 22 2000000
Buffer size: 22 92001
Chunk bitrate: 22 2000000
Buffer size: 23 92001
Download Time: 3324203
Chunk bitrate: 23 1000000
Buffer size: 23 96001
Chunk bitrate: 23 1000000
Buffer size: 24 96001
Download Time: 1463389
Chunk bitrate: 24 2000000
Buffer size: 24 100001
Chunk bitrate: 24 2000000
Buffer size: 25 100001
Download Time: 2069694
Chunk bitrate: 25 2000000
Buffer size: 26 104001
Download Time: 1929476
Chunk bitrate: 26 2000000
Buffer size: 27 108001
Download Time: 1018861
Chunk bitrate: 27 3000000
Buffer size: 27 112001
Chunk bitrate: 27 3000000
Buffer size: 28 112001
Download Time: 1943815
Chunk bitrate: 28 3000000
Buffer size: 29 116001
Download Time: 2393525
Chunk bitrate: 29 3000000
Buffer size: 30 120001
Download Time: 754638
Chunk bitrate: 30 3000000
Buffer size: 31 124001
Download Time: 765083
Chunk bitrate: 31 3000000
Buffer size: 32 128001
Download Time: 1242828
Chunk bitrate: 32 3000000
Buffer size: 33 132001
Download Time: 1162694
Chunk bitrate: 33 3000000
Buffer size: 34 136001
Download Time: 1856281
Chunk bitrate: 34 2000000
Buffer size: 34 140001
Chunk bitrate: 34 2000000
Buffer size: 35 140001
Download Time: 2996466
Chunk bitrate: 35 1000000
Buffer size: 35 144001
Chunk bitrate: 35 1000000
Buffer size: 36 144001
Download Time: 1069699
Chunk bitrate: 36 2000000
Buffer size: 36 148001
Chunk bitrate: 36 2000000
Buffer size: 37 148001
Download Time: 2427048
Chunk bitrate: 37 2000000
Buffer size: 38 152001
Download Time: 2251131
Chunk bitrate: 38 2000000
Buffer size: 39 156001
Download Time: 1304331
Chunk bitrate: 39 3000000
Buffer size: 39 160001
Chunk bitrate: 39 3000000
Buffer size: 40 160001
Download Time: 1733927
Chunk bitrate: 40 3000000
Buffer size: 41 164001
Download Time: 2004468
Chunk bitrate: 41 3000000
Buffer size: 42 168001
Download Time: 975644
Chunk bitrate: 42 3000000
Buffer size: 43 172001
Download Time: 1201800
Chunk bitrate: 43 3000000
Buffer size: 44 176001
Download Time: 882648
Chunk bitrate: 44 3000000
Buffer size: 45 180001
Download Time: 1051665
Chunk bitrate: 45 3000000
Buffer size: 46 184001
Download Time: 3322397
Chunk bitrate: 46 1000000
Buffer size: 46 188001
Chunk bitrate: 46 1000000
Buffer size: 47 188001
Download Time: 1511929
Chunk bitrate: 47 1000000
Buffer size: 48 192001
Download Time: 905445
Chunk bitrate: 48 2000000
Buffer size: 48 196001
Chunk bitrate: 48 2000000
Buffer size: 49 196001
Download Time: 2456659
Chunk bitrate: 49 2000000
Buffer size: 50 200001
Download Time: 1959292
Chunk bitrate: 50 3000000
Buffer size: 50 204001
Chunk bitrate: 50 3000000
Buffer size: 51 204001
Download Time: 1547824
[00007f3d9c003378] core mux error: cannot add this stream
[00007f3d9c0a76f8] core decoder error: cannot create packetizer output (h264)
Chunk bitrate: 51 3000000
Buffer size: 52 208001
Download Time: 2271674
Chunk bitrate: 52 3000000
Buffer size: 53 212001
Download Time: 1500928
Chunk bitrate: 53 3000000
Buffer size: 54 216001
Download Time: 1136748
Chunk bitrate: 54 3000000
Buffer size: 55 220001
Download Time: 1024791
Chunk bitrate: 55 3000000
Buffer size: 56 224001
Download Time: 1121575
Chunk bitrate: 56 3000000
Buffer size: 57 228001
Download Time: 774971
Chunk bitrate: 57 3000000
Buffer size: 58 232001
Download Time: 1218572
Chunk bitrate: 58 1000000
Buffer size: 58 236001
Chunk bitrate: 58 1000000
Buffer size: 59 236001
Download Time: 2549705
[00007f3d9c003378] core mux error: cannot add this stream
[00007f3d9c074988] core decoder error: cannot create packetizer output (h264)
Chunk bitrate: 59 1000000
Buffer size: 60 240001
Download Time: 1493014
Chunk bitrate: 60 2000000
Buffer size: 60 244001
Chunk bitrate: 60 2000000
Buffer size: 61 244001
Download Time: 2031391
[00007f3d9c003378] core mux error: cannot add this stream
[00007f3d9c0f6be8] core decoder error: cannot create packetizer output (h264)
Chunk bitrate: 61 2000000
Buffer size: 62 248001
Download Time: 662977
Chunk bitrate: 62 2000000
Buffer size: 63 252001
Download Time: 469417
Chunk bitrate: 63 2000000
Buffer size: 64 256001
Download Time: 936515
Chunk bitrate: 64 2000000
Buffer size: 65 260001
[00007f3d9c003378] ps mux: Close
[00007f3d9c024c88] idummy demux: command `quit'
[0000000000b161e8] [cli] lua interface error: Error loading script /home/cs244/vlc/share/lua/intf/cli.luac: lua/intf/modules/host.lua:286: Interrupted.
