[0000000001a9a1e8] core interface error: no suitable interface module
[00000000019d1338] core libvlc error: interface "globalhotkeys,none" initialization failed
[0000000001a9a1e8] dbus interface error: Failed to connect to the D-Bus session daemon: Unable to autolaunch a dbus-daemon without a $DISPLAY for X11
[0000000001a9a1e8] core interface error: no suitable interface module
[00000000019d1338] core libvlc error: interface "dbus,none" initialization failed
[00000000019d1338] core libvlc: Running vlc with the default interface. Use 'cvlc' to use vlc without interface.
[0000000001a9a1e8] qt interface error: Could not connect to X server
[0000000001a9a1e8] skins2 interface error: cannot initialize OSFactory
[0000000001a9a1e8] [cli] lua interface: Listening on host "*console".
VLC media player 3.0.0-git Vetinari
Command Line Interface initialized. Type `help' for help.
> [00007f0ba0003378] ps mux: Open
making a DASHManager
new ratebased adaptionlogic
Chunk bitrate: 0 349952
Buffer size: 0 0
Chunk bitrate: 0 349952
Buffer size: 0 0
[00007f0ba0023558] mp4 demux: Fragment sequence discontinuity detected 0 != 2
Download Time: 293543
[00007f0ba0021718] mp4 demux: Fragment sequence discontinuity detected 0 != 2
Startup Time: 1050000
Chunk bitrate: 0 3000000
Buffer size: 0 4001
Chunk bitrate: 0 3000000
Buffer size: 1 4001
Download Time: 2269684
Chunk bitrate: 1 3000000
Buffer size: 2 8001
Download Time: 1901650
Chunk bitrate: 2 3000000
Buffer size: 3 12001
Download Time: 1253659
Chunk bitrate: 3 3000000
Buffer size: 4 16001
Download Time: 972725
Chunk bitrate: 4 3000000
Buffer size: 5 20001
Download Time: 1243783
Chunk bitrate: 5 3000000
Buffer size: 6 24001
Download Time: 844641
Chunk bitrate: 6 3000000
Buffer size: 7 28001
Download Time: 1117303
Chunk bitrate: 7 2000000
Buffer size: 7 32001
Chunk bitrate: 7 2000000
Buffer size: 8 32001
Download Time: 3547879
Chunk bitrate: 8 1000000
Buffer size: 8 36001
Chunk bitrate: 8 1000000
Buffer size: 9 36001
Download Time: 1312484
Chunk bitrate: 9 2000000
Buffer size: 9 40001
Chunk bitrate: 9 2000000
Buffer size: 10 40001
Download Time: 2075708
Chunk bitrate: 10 2000000
Buffer size: 11 44001
Download Time: 1979824
Chunk bitrate: 11 2000000
Buffer size: 12 48001
Download Time: 1027603
Chunk bitrate: 12 3000000
Buffer size: 12 52001
Chunk bitrate: 12 3000000
Buffer size: 13 52001
Download Time: 1115129
Chunk bitrate: 13 3000000
Buffer size: 14 56001
Download Time: 942507
Chunk bitrate: 14 3000000
Buffer size: 15 60001
Download Time: 889484
Chunk bitrate: 15 3000000
Buffer size: 16 64001
Download Time: 1663651
Chunk bitrate: 16 2000000
Buffer size: 16 68001
Chunk bitrate: 16 2000000
Buffer size: 17 68001
Download Time: 2431564
Chunk bitrate: 17 1000000
Buffer size: 17 72001
Chunk bitrate: 17 1000000
Buffer size: 18 72001
Download Time: 1519262
Chunk bitrate: 18 2000000
Buffer size: 18 76001
Chunk bitrate: 18 2000000
Buffer size: 19 76001
Download Time: 1379432
Chunk bitrate: 19 2000000
Buffer size: 20 80001
Download Time: 2148313
Chunk bitrate: 20 2000000
Buffer size: 21 84001
Download Time: 1262920
Chunk bitrate: 21 3000000
Buffer size: 21 88001
Chunk bitrate: 21 3000000
Buffer size: 22 88001
Download Time: 1778958
Chunk bitrate: 22 3000000
Buffer size: 23 92001
Download Time: 2344415
Chunk bitrate: 23 3000000
Buffer size: 24 96001
Download Time: 2088162
Chunk bitrate: 24 3000000
Buffer size: 25 100001
Download Time: 2057363
Chunk bitrate: 25 3000000
Buffer size: 26 104001
Download Time: 2844123
Chunk bitrate: 26 1000000
Buffer size: 26 108001
Chunk bitrate: 26 1000000
Buffer size: 27 108001
Download Time: 999151
Chunk bitrate: 27 1000000
Buffer size: 28 112001
Download Time: 1970447
Chunk bitrate: 28 1000000
Buffer size: 29 116001
Download Time: 1552742
Chunk bitrate: 29 1000000
Buffer size: 30 120001
Download Time: 1100504
Chunk bitrate: 30 1000000
Buffer size: 31 124001
Download Time: 1233116
Chunk bitrate: 31 1000000
Buffer size: 32 128001
Download Time: 1327855
Chunk bitrate: 32 3000000
Buffer size: 32 132001
Chunk bitrate: 32 3000000
Buffer size: 33 132001
Download Time: 2324407
Chunk bitrate: 33 3000000
Buffer size: 34 136001
Download Time: 2506663
Chunk bitrate: 34 1000000
Buffer size: 34 140001
Chunk bitrate: 34 1000000
Buffer size: 35 140001
Download Time: 2848320
Chunk bitrate: 35 600000
Buffer size: 35 144001
Chunk bitrate: 35 600000
Buffer size: 36 144001
Download Time: 1424660
Chunk bitrate: 36 1000000
Buffer size: 36 148001
Chunk bitrate: 36 1000000
Buffer size: 37 148001
Download Time: 1636307
Chunk bitrate: 37 1000000
Buffer size: 38 152001
Download Time: 1563654
Chunk bitrate: 38 2000000
Buffer size: 38 156001
Chunk bitrate: 38 2000000
Buffer size: 39 156001
Download Time: 4088527
Chunk bitrate: 39 600000
Buffer size: 39 160001
Chunk bitrate: 39 600000
Buffer size: 40 160001
Download Time: 1664705
[00007f0ba0003378] core mux error: cannot add this stream
[00007f0ba00d7768] core decoder error: cannot create packetizer output (h264)
Chunk bitrate: 40 600000
Buffer size: 41 164001
Download Time: 1532764
Chunk bitrate: 41 1000000
Buffer size: 41 168001
Chunk bitrate: 41 1000000
Buffer size: 42 168001
Download Time: 2099843
[00007f0ba0003378] core mux error: cannot add this stream
[00007f0ba004e9c8] core decoder error: cannot create packetizer output (h264)
Chunk bitrate: 42 1000000
Buffer size: 43 172001
Download Time: 3413635
Chunk bitrate: 43 600000
Buffer size: 43 176001
Chunk bitrate: 43 600000
Buffer size: 44 176001
Download Time: 2265819
[00007f0ba0003378] core mux error: cannot add this stream
[00007f0ba0169ff8] core decoder error: cannot create packetizer output (h264)
Chunk bitrate: 44 600000
Buffer size: 45 180001
Download Time: 1840686
Chunk bitrate: 45 600000
Buffer size: 46 184001
Download Time: 2058889
Chunk bitrate: 46 600000
Buffer size: 47 188001
Download Time: 1388671
Chunk bitrate: 47 1000000
Buffer size: 47 192001
Chunk bitrate: 47 1000000
Buffer size: 48 192001
Download Time: 1644275
[00007f0ba0003378] core mux error: cannot add this stream
[00007f0ba01d9aa8] core decoder error: cannot create packetizer output (h264)
Chunk bitrate: 48 1000000
Buffer size: 49 196001
Download Time: 2232044
Chunk bitrate: 49 1000000
Buffer size: 50 200001
Download Time: 1410756
Chunk bitrate: 50 1000000
Buffer size: 51 204001
Download Time: 1141120
Chunk bitrate: 51 1000000
Buffer size: 52 208001
Download Time: 1437824
Chunk bitrate: 52 1000000
Buffer size: 53 212001
Download Time: 2180071
Chunk bitrate: 53 600000
Buffer size: 53 216001
Chunk bitrate: 53 600000
Buffer size: 54 216001
Download Time: 1871380
[00007f0ba0003378] core mux error: cannot add this stream
[00007f0ba016e818] core decoder error: cannot create packetizer output (h264)
Chunk bitrate: 54 600000
Buffer size: 55 220001
Download Time: 1738608
Chunk bitrate: 55 1000000
Buffer size: 55 224001
Chunk bitrate: 55 1000000
Buffer size: 56 224001
Download Time: 2393845
[00007f0ba0003378] core mux error: cannot add this stream
[00007f0ba0050dc8] core decoder error: cannot create packetizer output (h264)
Chunk bitrate: 56 1000000
Buffer size: 57 228001
Download Time: 1447697
Chunk bitrate: 57 1000000
Buffer size: 58 232001
Download Time: 447875
Chunk bitrate: 58 1000000
Buffer size: 59 236001
Download Time: 1697950
Chunk bitrate: 59 1000000
Buffer size: 60 240001
Download Time: 1285532
Chunk bitrate: 60 1000000
Buffer size: 61 244001
Download Time: 1412881
Chunk bitrate: 61 600000
Buffer size: 61 248001
Chunk bitrate: 61 600000
Buffer size: 62 248001
Download Time: 629011
[00007f0ba0003378] core mux error: cannot add this stream
[00007f0ba018ad38] core decoder error: cannot create packetizer output (h264)
Chunk bitrate: 62 600000
Buffer size: 63 252001
Download Time: 520021
Chunk bitrate: 63 600000
Buffer size: 64 256001
Download Time: 1042698
Chunk bitrate: 64 600000
Buffer size: 65 260001
[00007f0ba0003378] ps mux: Close
[00007f0ba017e4a8] idummy demux: command `quit'
[0000000001a9a1e8] [cli] lua interface error: Error loading script /home/cs244/vlc/share/lua/intf/cli.luac: lua/intf/modules/host.lua:286: Interrupted.
