[00000000020911e8] core interface error: no suitable interface module
[0000000001fc8338] core libvlc error: interface "globalhotkeys,none" initialization failed
[00000000020911e8] dbus interface error: Failed to connect to the D-Bus session daemon: Unable to autolaunch a dbus-daemon without a $DISPLAY for X11
[00000000020911e8] core interface error: no suitable interface module
[0000000001fc8338] core libvlc error: interface "dbus,none" initialization failed
[0000000001fc8338] core libvlc: Running vlc with the default interface. Use 'cvlc' to use vlc without interface.
[00000000020911e8] qt interface error: Could not connect to X server
[00000000020911e8] skins2 interface error: cannot initialize OSFactory
[00000000020911e8] [cli] lua interface: Listening on host "*console".
VLC media player 3.0.0-git Vetinari
Command Line Interface initialized. Type `help' for help.
> [00007f1c38003378] ps mux: Open
making a DASHManager
new ratebased adaptionlogic
Chunk bitrate: 0 349952
Buffer size: 0 0
Chunk bitrate: 0 349952
Buffer size: 0 0
[00007f1c380249c8] mp4 demux: Fragment sequence discontinuity detected 0 != 2
Download Time: 583364
[00007f1c38018398] mp4 demux: Fragment sequence discontinuity detected 0 != 2
Startup Time: 1050000
Chunk bitrate: 0 1000000
Buffer size: 0 4001
Chunk bitrate: 0 1000000
Buffer size: 1 4001
Download Time: 1608615
Chunk bitrate: 1 1000000
Buffer size: 2 8001
Download Time: 1169072
Chunk bitrate: 2 1000000
Buffer size: 3 12001
Download Time: 1438443
Chunk bitrate: 3 2000000
Buffer size: 3 16001
Chunk bitrate: 3 2000000
Buffer size: 4 16001
Download Time: 1877700
Chunk bitrate: 4 2000000
Buffer size: 5 20001
Download Time: 2572628
Chunk bitrate: 5 2000000
Buffer size: 6 24001
Download Time: 1062039
Chunk bitrate: 6 3000000
Buffer size: 6 28001
Chunk bitrate: 6 3000000
Buffer size: 7 28001
Download Time: 1653825
Chunk bitrate: 7 3000000
Buffer size: 8 32001
Download Time: 2390432
Chunk bitrate: 8 3000000
Buffer size: 9 36001
Download Time: 960379
Chunk bitrate: 9 3000000
Buffer size: 10 40001
Download Time: 1105326
Chunk bitrate: 10 3000000
Buffer size: 11 44001
Download Time: 962324
Chunk bitrate: 11 3000000
Buffer size: 12 48001
Download Time: 1330524
Chunk bitrate: 12 3000000
Buffer size: 13 52001
Download Time: 3707478
Chunk bitrate: 13 1000000
Buffer size: 13 56001
Chunk bitrate: 13 1000000
Buffer size: 14 56001
Download Time: 1328043
Chunk bitrate: 14 1000000
Buffer size: 15 60001
Download Time: 941832
Chunk bitrate: 15 2000000
Buffer size: 15 64001
Chunk bitrate: 15 2000000
Buffer size: 16 64001
Download Time: 2196314
Chunk bitrate: 16 2000000
Buffer size: 17 68001
Download Time: 1784834
Chunk bitrate: 17 3000000
Buffer size: 17 72001
Chunk bitrate: 17 3000000
Buffer size: 18 72001
Download Time: 2275962
Chunk bitrate: 18 3000000
Buffer size: 19 76001
Download Time: 1289365
Chunk bitrate: 19 3000000
Buffer size: 20 80001
Download Time: 1577890
Download Time: 27995
Chunk bitrate: 20 3000000
Buffer size: 21 84001
Download Time: 603900
Chunk bitrate: 21 3000000
Buffer size: 22 88001
Download Time: 892100
Chunk bitrate: 22 3000000
Buffer size: 23 92001
Download Time: 1174329
Chunk bitrate: 23 3000000
Buffer size: 24 96001
Download Time: 1044089
Chunk bitrate: 24 3000000
Buffer size: 25 100001
Download Time: 1904009
Chunk bitrate: 25 2000000
Buffer size: 25 104001
Chunk bitrate: 25 2000000
Buffer size: 26 104001
Download Time: 2566889
Chunk bitrate: 26 1000000
Buffer size: 26 108001
Chunk bitrate: 26 1000000
Buffer size: 27 108001
Download Time: 795213
Chunk bitrate: 27 1000000
Buffer size: 28 112001
Download Time: 1218500
Chunk bitrate: 28 2000000
Buffer size: 28 116001
Chunk bitrate: 28 2000000
Buffer size: 29 116001
Download Time: 2465840
Chunk bitrate: 29 2000000
Buffer size: 30 120001
Download Time: 1693718
Chunk bitrate: 30 1000000
Buffer size: 30 124001
Chunk bitrate: 30 1000000
Buffer size: 31 124001
Download Time: 1236371
Chunk bitrate: 31 1000000
Buffer size: 32 128001
Download Time: 1694196
Chunk bitrate: 32 1000000
Buffer size: 33 132001
Download Time: 1439939
Chunk bitrate: 33 2000000
Buffer size: 33 136001
Chunk bitrate: 33 2000000
Buffer size: 34 136001
Download Time: 2247414
Chunk bitrate: 34 2000000
Buffer size: 35 140001
Download Time: 2244126
Chunk bitrate: 35 2000000
Buffer size: 36 144001
Download Time: 1160835
Chunk bitrate: 36 3000000
Buffer size: 36 148001
Chunk bitrate: 36 3000000
Buffer size: 37 148001
Download Time: 2474607
Chunk bitrate: 37 3000000
Buffer size: 38 152001
Download Time: 1867705
Chunk bitrate: 38 3000000
Buffer size: 39 156001
Download Time: 1015008
Chunk bitrate: 39 3000000
Buffer size: 40 160001
Download Time: 868187
Chunk bitrate: 40 3000000
Buffer size: 41 164001
Download Time: 1178197
Chunk bitrate: 41 3000000
Buffer size: 42 168001
Download Time: 975124
Chunk bitrate: 42 3000000
Buffer size: 43 172001
Download Time: 3743396
Chunk bitrate: 43 1000000
Buffer size: 43 176001
Chunk bitrate: 43 1000000
Buffer size: 44 176001
Download Time: 1236578
Chunk bitrate: 44 1000000
Buffer size: 45 180001
Download Time: 1103441
Chunk bitrate: 45 2000000
Buffer size: 45 184001
Chunk bitrate: 45 2000000
Buffer size: 46 184001
Download Time: 2276284
Chunk bitrate: 46 2000000
Buffer size: 47 188001
Download Time: 1835383
Chunk bitrate: 47 3000000
Buffer size: 47 192001
Chunk bitrate: 47 3000000
Buffer size: 48 192001
Download Time: 1748551
Chunk bitrate: 48 3000000
Buffer size: 49 196001
Download Time: 2472154
Chunk bitrate: 49 3000000
Buffer size: 50 200001
Download Time: 1136428
Chunk bitrate: 50 3000000
Buffer size: 51 204001
Download Time: 776417
Chunk bitrate: 51 3000000
Buffer size: 52 208001
Download Time: 1136544
Chunk bitrate: 52 3000000
Buffer size: 53 212001
Download Time: 1074591
Chunk bitrate: 53 3000000
Buffer size: 54 216001
Download Time: 1137379
Chunk bitrate: 54 2000000
Buffer size: 54 220001
Chunk bitrate: 54 2000000
Buffer size: 55 220001
Download Time: 2887514
[00007f1c38003378] core mux error: cannot add this stream
[00007f1c38210528] core decoder error: cannot create packetizer output (h264)
Chunk bitrate: 55 1000000
Buffer size: 55 224001
Chunk bitrate: 55 1000000
Buffer size: 56 224001
Download Time: 1591486
[00007f1c38003378] core mux error: cannot add this stream
[00007f1c38139418] core decoder error: cannot create packetizer output (h264)
Chunk bitrate: 56 1000000
Buffer size: 57 228001
Download Time: 827021
Chunk bitrate: 57 2000000
Buffer size: 57 232001
Chunk bitrate: 57 2000000
Buffer size: 58 232001
Download Time: 623824
[00007f1c38003378] core mux error: cannot add this stream
[00007f1c38138ef8] core decoder error: cannot create packetizer output (h264)
Chunk bitrate: 58 2000000
Buffer size: 59 236001
Download Time: 2546772
Chunk bitrate: 59 2000000
Buffer size: 60 240001
Download Time: 1590181
Chunk bitrate: 60 3000000
Buffer size: 60 244001
Chunk bitrate: 60 3000000
Buffer size: 61 244001
Download Time: 1903686
[00007f1c38003378] core mux error: cannot add this stream
[00007f1c381de998] core decoder error: cannot create packetizer output (h264)
Chunk bitrate: 61 3000000
Buffer size: 62 248001
Download Time: 639296
Chunk bitrate: 62 3000000
Buffer size: 63 252001
Download Time: 451024
Chunk bitrate: 63 3000000
Buffer size: 64 256001
Download Time: 803189
Chunk bitrate: 64 3000000
Buffer size: 65 260001
[00007f1c38003378] ps mux: Close
[00007f1c44001568] idummy demux: command `quit'
[00000000020911e8] [cli] lua interface error: Error loading script /home/cs244/vlc/share/lua/intf/cli.luac: lua/intf/modules/host.lua:286: Interrupted.
