[000000000149e1e8] core interface error: no suitable interface module
[00000000013d5338] core libvlc error: interface "globalhotkeys,none" initialization failed
[000000000149e1e8] dbus interface error: Failed to connect to the D-Bus session daemon: Unable to autolaunch a dbus-daemon without a $DISPLAY for X11
[000000000149e1e8] core interface error: no suitable interface module
[00000000013d5338] core libvlc error: interface "dbus,none" initialization failed
[00000000013d5338] core libvlc: Running vlc with the default interface. Use 'cvlc' to use vlc without interface.
[000000000149e1e8] qt interface error: Could not connect to X server
[000000000149e1e8] skins2 interface error: cannot initialize OSFactory
[000000000149e1e8] [cli] lua interface: Listening on host "*console".
VLC media player 3.0.0-git Vetinari
Command Line Interface initialized. Type `help' for help.
> [00007f2348003378] ps mux: Open
making a DASHManager
new ratebased adaptionlogic
Chunk bitrate: 0 349952
Buffer size: 0 0
Chunk bitrate: 0 349952
Buffer size: 0 0
[00007f234801a368] mp4 demux: Fragment sequence discontinuity detected 0 != 2
Download Time: 440259
[00007f23480256c8] mp4 demux: Fragment sequence discontinuity detected 0 != 2
Startup Time: 1050000
Chunk bitrate: 0 2000000
Buffer size: 0 4001
Chunk bitrate: 0 2000000
Buffer size: 1 4001
Download Time: 2342909
Chunk bitrate: 1 2000000
Buffer size: 2 8001
Download Time: 1854794
Chunk bitrate: 2 3000000
Buffer size: 2 12001
Chunk bitrate: 2 3000000
Buffer size: 3 12001
Download Time: 2334021
Chunk bitrate: 3 3000000
Buffer size: 4 16001
Download Time: 1943479
Chunk bitrate: 4 3000000
Buffer size: 5 20001
Download Time: 1517651
Chunk bitrate: 5 2000000
Buffer size: 5 24001
Chunk bitrate: 5 2000000
Buffer size: 6 24001
Download Time: 617732
Chunk bitrate: 6 3000000
Buffer size: 6 28001
Chunk bitrate: 6 3000000
Buffer size: 7 28001
Download Time: 827997
Chunk bitrate: 7 3000000
Buffer size: 8 32001
Download Time: 1309137
Chunk bitrate: 8 3000000
Buffer size: 9 36001
Download Time: 959614
Chunk bitrate: 9 3000000
Buffer size: 10 40001
Download Time: 4416511
Chunk bitrate: 10 1000000
Buffer size: 10 44001
Chunk bitrate: 10 1000000
Buffer size: 11 44001
Download Time: 2875065
Chunk bitrate: 11 349952
Buffer size: 11 48001
Chunk bitrate: 11 349952
Buffer size: 12 48001
Download Time: 6770136
Download Time: 1480402
Chunk bitrate: 12 349952
Buffer size: 13 52001
Download Time: 876163
Chunk bitrate: 13 349952
Buffer size: 14 56001
Download Time: 1239953
Chunk bitrate: 14 600000
Buffer size: 14 60001
Chunk bitrate: 14 600000
Buffer size: 15 60001
Download Time: 1791163
Chunk bitrate: 15 600000
Buffer size: 16 64001
Download Time: 1645237
Chunk bitrate: 16 1000000
Buffer size: 16 68001
Chunk bitrate: 16 1000000
Buffer size: 17 68001
Download Time: 1937527
Chunk bitrate: 17 1000000
Buffer size: 18 72001
Download Time: 2189527
Chunk bitrate: 18 3000000
Buffer size: 18 76001
Chunk bitrate: 18 3000000
Buffer size: 19 76001
Download Time: 1334257
Chunk bitrate: 19 3000000
Buffer size: 20 80001
Download Time: 1965043
Chunk bitrate: 20 3000000
Buffer size: 21 84001
Download Time: 1203965
Chunk bitrate: 21 3000000
Buffer size: 22 88001
Download Time: 30243550
Chunk bitrate: 22 349952
Buffer size: 22 92001
Chunk bitrate: 22 349952
Buffer size: 23 92001
Download Time: 504113
Chunk bitrate: 23 349952
Buffer size: 24 96001
Download Time: 364662
Chunk bitrate: 24 3000000
Buffer size: 24 100001
Chunk bitrate: 24 3000000
Buffer size: 25 100001
Download Time: 2060102
Chunk bitrate: 25 3000000
Buffer size: 26 104001
Download Time: 1949671
Chunk bitrate: 26 3000000
Buffer size: 27 108001
Download Time: 953300
Chunk bitrate: 27 3000000
Buffer size: 28 112001
Download Time: 976209
Chunk bitrate: 28 3000000
Buffer size: 29 116001
Download Time: 1271956
Chunk bitrate: 29 3000000
Buffer size: 30 120001
Download Time: 755524
Chunk bitrate: 30 3000000
Buffer size: 31 124001
Download Time: 765622
Chunk bitrate: 31 3000000
Buffer size: 32 128001
Download Time: 2655778
Chunk bitrate: 32 2000000
Buffer size: 32 132001
Chunk bitrate: 32 2000000
Buffer size: 33 132001
Download Time: 2824480
Chunk bitrate: 33 1000000
Buffer size: 33 136001
Chunk bitrate: 33 1000000
Buffer size: 34 136001
Download Time: 1215077
Chunk bitrate: 34 2000000
Buffer size: 34 140001
Chunk bitrate: 34 2000000
Buffer size: 35 140001
Download Time: 2247442
Chunk bitrate: 35 2000000
Buffer size: 36 144001
Download Time: 1574059
Chunk bitrate: 36 3000000
Buffer size: 36 148001
Chunk bitrate: 36 3000000
Buffer size: 37 148001
Download Time: 2475785
Chunk bitrate: 37 3000000
Buffer size: 38 152001
Download Time: 2273941
Chunk bitrate: 38 3000000
Buffer size: 39 156001
Download Time: 1013359
Chunk bitrate: 39 3000000
Buffer size: 40 160001
Download Time: 869500
Chunk bitrate: 40 3000000
Buffer size: 41 164001
Download Time: 1174471
Chunk bitrate: 41 3000000
Buffer size: 42 168001
Download Time: 976402
Chunk bitrate: 42 3000000
Buffer size: 43 172001
Download Time: 2503781
Chunk bitrate: 43 2000000
Buffer size: 43 176001
Chunk bitrate: 43 2000000
Buffer size: 44 176001
Download Time: 2511941
[00007f2348003378] core mux error: cannot add this stream
[00007f23481e3db8] core decoder error: cannot create packetizer output (h264)
Chunk bitrate: 44 1000000
Buffer size: 44 180001
Chunk bitrate: 44 1000000
Buffer size: 45 180001
Download Time: 1191708
[00007f2348003378] core mux error: cannot add this stream
[00007f2348027d48] core decoder error: cannot create packetizer output (h264)
Chunk bitrate: 45 2000000
Buffer size: 45 184001
Chunk bitrate: 45 2000000
Buffer size: 46 184001
Download Time: 2282819
[00007f2348003378] core mux error: cannot add this stream
[00007f23481ee928] core decoder error: cannot create packetizer output (h264)
Chunk bitrate: 46 2000000
Buffer size: 47 188001
Download Time: 1919422
Chunk bitrate: 47 3000000
Buffer size: 47 192001
Chunk bitrate: 47 3000000
Buffer size: 48 192001
Download Time: 1748878
[00007f2348003378] core mux error: cannot add this stream
[00007f23482461c8] core decoder error: cannot create packetizer output (h264)
Chunk bitrate: 48 3000000
Buffer size: 49 196001
Download Time: 2471258
Chunk bitrate: 49 3000000
Buffer size: 50 200001
Download Time: 3174612
Chunk bitrate: 50 1000000
Buffer size: 50 204001
Chunk bitrate: 50 1000000
Buffer size: 51 204001
Download Time: 1143936
[00007f2348003378] core mux error: cannot add this stream
[00007f23480372a8] core decoder error: cannot create packetizer output (h264)
Chunk bitrate: 51 1000000
Buffer size: 52 208001
Download Time: 1927190
Chunk bitrate: 52 600000
Buffer size: 52 212001
Chunk bitrate: 52 600000
Buffer size: 53 212001
Download Time: 1799835
[00007f2348003378] core mux error: cannot add this stream
[00007f23480f5a28] core decoder error: cannot create packetizer output (h264)
Chunk bitrate: 53 600000
Buffer size: 54 216001
Download Time: 1779768
Chunk bitrate: 54 1000000
Buffer size: 54 220001
Chunk bitrate: 54 1000000
Buffer size: 55 220001
Download Time: 2189557
[00007f2348003378] core mux error: cannot add this stream
[00007f2348052678] core decoder error: cannot create packetizer output (h264)
Chunk bitrate: 55 1000000
Buffer size: 56 224001
Download Time: 2364557
Chunk bitrate: 56 1000000
Buffer size: 57 228001
Download Time: 965258
Chunk bitrate: 57 1000000
Buffer size: 58 232001
Download Time: 445827
Chunk bitrate: 58 1000000
Buffer size: 59 236001
Download Time: 1698282
Chunk bitrate: 59 1000000
Buffer size: 60 240001
Download Time: 1285989
Chunk bitrate: 60 1000000
Buffer size: 61 244001
Download Time: 2932475
Chunk bitrate: 61 600000
Buffer size: 61 248001
Chunk bitrate: 61 600000
Buffer size: 62 248001
Download Time: 630191
[00007f2348003378] core mux error: cannot add this stream
[00007f234821f448] core decoder error: cannot create packetizer output (h264)
Chunk bitrate: 62 600000
Buffer size: 63 252001
Download Time: 519646
Chunk bitrate: 63 600000
Buffer size: 64 256001
Download Time: 789846
Chunk bitrate: 64 1000000
Buffer size: 64 260001
Chunk bitrate: 64 1000000
Buffer size: 65 260001
[00007f2348003378] ps mux: Close
[00007f23400010a8] idummy demux: command `quit'
[000000000149e1e8] [cli] lua interface error: Error loading script /home/cs244/vlc/share/lua/intf/cli.luac: lua/intf/modules/host.lua:286: Interrupted.
