[0000000000e64548] core interface error: no suitable interface module
[0000000000d9d338] core libvlc error: interface "globalhotkeys,none" initialization failed
[0000000000e64548] dbus interface error: Failed to connect to the D-Bus session daemon: Unable to autolaunch a dbus-daemon without a $DISPLAY for X11
[0000000000e64548] core interface error: no suitable interface module
[0000000000d9d338] core libvlc error: interface "dbus,none" initialization failed
[0000000000d9d338] core libvlc: Running vlc with the default interface. Use 'cvlc' to use vlc without interface.
[0000000000e64548] qt interface error: Could not connect to X server
[0000000000e64548] skins2 interface error: cannot initialize OSFactory
[0000000000e64548] [cli] lua interface: Listening on host "*console".
VLC media player 3.0.0-git Vetinari
Command Line Interface initialized. Type `help' for help.
> [00007f5e0c003378] ps mux: Open
making a DASHManager
new ratebased adaptionlogic
Chunk bitrate: 0 349952
Buffer size: 0 0
Chunk bitrate: 0 349952
Buffer size: 0 0
[00007f5e0c0256d8] mp4 demux: Fragment sequence discontinuity detected 0 != 2
Download Time: 440773
[00007f5e0c018ce8] mp4 demux: Fragment sequence discontinuity detected 0 != 2
Startup Time: 1050000
Chunk bitrate: 0 2000000
Buffer size: 0 4001
Chunk bitrate: 0 2000000
Buffer size: 1 4001
Download Time: 2339922
Chunk bitrate: 1 2000000
Buffer size: 2 8001
Download Time: 1705218
Chunk bitrate: 2 3000000
Buffer size: 2 12001
Chunk bitrate: 2 3000000
Buffer size: 3 12001
Download Time: 1168710
Chunk bitrate: 3 3000000
Buffer size: 4 16001
Download Time: 973472
Chunk bitrate: 4 3000000
Buffer size: 5 20001
Download Time: 1245222
Chunk bitrate: 5 3000000
Buffer size: 6 24001
Download Time: 844561
Chunk bitrate: 6 3000000
Buffer size: 7 28001
Download Time: 843638
Chunk bitrate: 7 3000000
Buffer size: 8 32001
Download Time: 1312812
Chunk bitrate: 8 3000000
Buffer size: 9 36001
Download Time: 968339
Chunk bitrate: 9 3000000
Buffer size: 10 40001
Download Time: 1106790
Chunk bitrate: 10 3000000
Buffer size: 11 44001
Download Time: 965050
Chunk bitrate: 11 3000000
Buffer size: 12 48001
Download Time: 3636198
Chunk bitrate: 12 2000000
Buffer size: 12 52001
Chunk bitrate: 12 2000000
Buffer size: 13 52001
Download Time: 2185996
Chunk bitrate: 13 2000000
Buffer size: 14 56001
Download Time: 2049350
Chunk bitrate: 14 2000000
Buffer size: 15 60001
Download Time: 1825434
Chunk bitrate: 15 2000000
Buffer size: 16 64001
Download Time: 1571411
Chunk bitrate: 16 3000000
Buffer size: 16 68001
Chunk bitrate: 16 3000000
Buffer size: 17 68001
Download Time: 1825374
Chunk bitrate: 17 3000000
Buffer size: 18 72001
Download Time: 2277886
Chunk bitrate: 18 3000000
Buffer size: 19 76001
Download Time: 1289780
Chunk bitrate: 19 3000000
Buffer size: 20 80001
Download Time: 1963084
Chunk bitrate: 20 3000000
Buffer size: 21 84001
Download Time: 1347496
Chunk bitrate: 21 2000000
Buffer size: 21 88001
Chunk bitrate: 21 2000000
Buffer size: 22 88001
Download Time: 1977277
Chunk bitrate: 22 2000000
Buffer size: 23 92001
Download Time: 2467442
Chunk bitrate: 23 3000000
Buffer size: 23 96001
Chunk bitrate: 23 3000000
Buffer size: 24 96001
Download Time: 2085459
Chunk bitrate: 24 3000000
Buffer size: 25 100001
Download Time: 2059960
Chunk bitrate: 25 3000000
Buffer size: 26 104001
Download Time: 1290621
Chunk bitrate: 26 3000000
Buffer size: 27 108001
Download Time: 621105
Chunk bitrate: 27 3000000
Buffer size: 28 112001
Download Time: 977025
Chunk bitrate: 28 3000000
Buffer size: 29 116001
Download Time: 1210009
Chunk bitrate: 29 3000000
Buffer size: 30 120001
Download Time: 756614
Chunk bitrate: 30 3000000
Buffer size: 31 124001
Download Time: 1221590
Chunk bitrate: 31 2000000
Buffer size: 31 128001
Chunk bitrate: 31 2000000
Buffer size: 32 128001
Download Time: 3599460
Chunk bitrate: 32 1000000
Buffer size: 32 132001
Chunk bitrate: 32 1000000
Buffer size: 33 132001
Download Time: 1460537
Chunk bitrate: 33 1000000
Buffer size: 34 136001
Download Time: 1598505
Chunk bitrate: 34 1000000
Buffer size: 35 140001
Download Time: 1391857
Chunk bitrate: 35 1000000
Buffer size: 36 144001
Download Time: 975894
Chunk bitrate: 36 3000000
Buffer size: 36 148001
Chunk bitrate: 36 3000000
Buffer size: 37 148001
Download Time: 2475925
Chunk bitrate: 37 3000000
Buffer size: 38 152001
Download Time: 2344611
Chunk bitrate: 38 3000000
Buffer size: 39 156001
Download Time: 2023519
Chunk bitrate: 39 3000000
Buffer size: 40 160001
Download Time: 1734909
Chunk bitrate: 40 3000000
Buffer size: 41 164001
Download Time: 4429150
Chunk bitrate: 41 1000000
Buffer size: 41 168001
Chunk bitrate: 41 1000000
Buffer size: 42 168001
Download Time: 1458015
Chunk bitrate: 42 3000000
Buffer size: 42 172001
Chunk bitrate: 42 3000000
Buffer size: 43 172001
Download Time: 1201387
Chunk bitrate: 43 3000000
Buffer size: 44 176001
Download Time: 885146
Download Time: 26370
Chunk bitrate: 44 3000000
Buffer size: 45 180001
Download Time: 1051596
Chunk bitrate: 45 3000000
Buffer size: 46 184001
Download Time: 1124229
Chunk bitrate: 46 3000000
Buffer size: 47 188001
Download Time: 1047186
Chunk bitrate: 47 3000000
Buffer size: 48 192001
Download Time: 882809
Chunk bitrate: 48 3000000
Buffer size: 49 196001
Download Time: 1238855
Chunk bitrate: 49 3000000
Buffer size: 50 200001
Download Time: 955003
Chunk bitrate: 50 3000000
Buffer size: 51 204001
Download Time: 776702
Chunk bitrate: 51 3000000
Buffer size: 52 208001
Download Time: 1140315
Chunk bitrate: 52 3000000
Buffer size: 53 212001
Download Time: 1078697
Chunk bitrate: 53 3000000
Buffer size: 54 216001
Download Time: 1138472
Chunk bitrate: 54 3000000
Buffer size: 55 220001
Download Time: 1089673
Chunk bitrate: 55 3000000
Buffer size: 56 224001
Download Time: 1380839
Chunk bitrate: 56 3000000
Buffer size: 57 228001
Download Time: 1547819
Chunk bitrate: 57 3000000
Buffer size: 58 232001
Download Time: 655770
Chunk bitrate: 58 3000000
Buffer size: 59 236001
Download Time: 2396137
Chunk bitrate: 59 3000000
Buffer size: 60 240001
Download Time: 1826982
Chunk bitrate: 60 3000000
Buffer size: 61 244001
Download Time: 1906588
Chunk bitrate: 61 3000000
Buffer size: 62 248001
Download Time: 643157
Chunk bitrate: 62 3000000
Buffer size: 63 252001
Download Time: 281895
Chunk bitrate: 63 3000000
Buffer size: 64 256001
Download Time: 403660
Chunk bitrate: 64 3000000
Buffer size: 65 260001
[00007f5e0c003378] ps mux: Close
[00007f5e080012a8] idummy demux: command `quit'
[0000000000e64548] [cli] lua interface error: Error loading script /home/cs244/vlc/share/lua/intf/cli.luac: lua/intf/modules/host.lua:286: Interrupted.
