[00000000007ce1e8] core interface error: no suitable interface module
[0000000000705338] core libvlc error: interface "globalhotkeys,none" initialization failed
[00000000007ce1e8] dbus interface error: Failed to connect to the D-Bus session daemon: Unable to autolaunch a dbus-daemon without a $DISPLAY for X11
[00000000007ce1e8] core interface error: no suitable interface module
[0000000000705338] core libvlc error: interface "dbus,none" initialization failed
[0000000000705338] core libvlc: Running vlc with the default interface. Use 'cvlc' to use vlc without interface.
[00000000007ce1e8] qt interface error: Could not connect to X server
[00000000007ce1e8] skins2 interface error: cannot initialize OSFactory
[00000000007ce1e8] [cli] lua interface: Listening on host "*console".
VLC media player 3.0.0-git Vetinari
Command Line Interface initialized. Type `help' for help.
> [00007f941c003378] ps mux: Open
making a DASHManager
new ratebased adaptionlogic
Chunk bitrate: 0 349952
Buffer size: 0 0
Chunk bitrate: 0 349952
Buffer size: 0 0
[00007f941c019478] mp4 demux: Fragment sequence discontinuity detected 0 != 2
Download Time: 587680
[00007f941c019ff8] mp4 demux: Fragment sequence discontinuity detected 0 != 2
Startup Time: 1050000
Chunk bitrate: 0 1000000
Buffer size: 0 4001
Chunk bitrate: 0 1000000
Buffer size: 1 4001
Download Time: 1612379
Chunk bitrate: 1 1000000
Buffer size: 2 8001
Download Time: 1169186
Chunk bitrate: 2 1000000
Buffer size: 3 12001
Download Time: 1438845
Chunk bitrate: 3 2000000
Buffer size: 3 16001
Chunk bitrate: 3 2000000
Buffer size: 4 16001
Download Time: 1881256
Chunk bitrate: 4 2000000
Buffer size: 5 20001
Download Time: 2574187
Chunk bitrate: 5 2000000
Buffer size: 6 24001
Download Time: 1062978
Chunk bitrate: 6 3000000
Buffer size: 6 28001
Chunk bitrate: 6 3000000
Buffer size: 7 28001
Download Time: 1654496
Chunk bitrate: 7 3000000
Buffer size: 8 32001
Download Time: 3320394
Chunk bitrate: 8 1000000
Buffer size: 8 36001
Chunk bitrate: 8 1000000
Buffer size: 9 36001
Download Time: 1840252
Chunk bitrate: 9 1000000
Buffer size: 10 40001
Download Time: 1610257
Chunk bitrate: 10 1000000
Buffer size: 11 44001
Download Time: 2096975
Chunk bitrate: 11 1000000
Buffer size: 12 48001
Download Time: 2594317
Chunk bitrate: 12 1000000
Buffer size: 13 52001
Download Time: 1162896
Chunk bitrate: 13 2000000
Buffer size: 13 56001
Chunk bitrate: 13 2000000
Buffer size: 14 56001
Download Time: 2049034
Chunk bitrate: 14 2000000
Buffer size: 15 60001
Download Time: 1755860
Chunk bitrate: 15 3000000
Buffer size: 15 64001
Chunk bitrate: 15 3000000
Buffer size: 16 64001
Download Time: 2197803
Chunk bitrate: 16 3000000
Buffer size: 17 68001
Download Time: 1824680
Chunk bitrate: 17 3000000
Buffer size: 18 72001
Download Time: 5511019
Chunk bitrate: 18 1000000
Buffer size: 18 76001
Chunk bitrate: 18 1000000
Buffer size: 19 76001
Download Time: 851589
Chunk bitrate: 19 1000000
Buffer size: 20 80001
Download Time: 1458793
Chunk bitrate: 20 1000000
Buffer size: 21 84001
Download Time: 945125
Chunk bitrate: 21 1000000
Buffer size: 22 88001
Download Time: 1316625
Chunk bitrate: 22 1000000
Buffer size: 23 92001
Download Time: 1664639
Chunk bitrate: 23 1000000
Buffer size: 24 96001
Download Time: 1564510
Chunk bitrate: 24 1000000
Buffer size: 25 100001
Download Time: 1356874
Chunk bitrate: 25 1000000
Buffer size: 26 104001
Download Time: 1028003
Chunk bitrate: 26 2000000
Buffer size: 26 108001
Chunk bitrate: 26 2000000
Buffer size: 27 108001
Download Time: 1302087
Chunk bitrate: 27 2000000
Buffer size: 28 112001
Download Time: 2035493
Chunk bitrate: 28 2000000
Buffer size: 29 116001
Download Time: 1803545
Chunk bitrate: 29 3000000
Buffer size: 29 120001
Chunk bitrate: 29 3000000
Buffer size: 30 120001
Download Time: 1506073
Chunk bitrate: 30 3000000
Buffer size: 31 124001
Download Time: 1527076
Chunk bitrate: 31 3000000
Buffer size: 32 128001
Download Time: 1476255
Chunk bitrate: 32 3000000
Buffer size: 33 132001
Download Time: 1163704
Chunk bitrate: 33 3000000
Buffer size: 34 136001
Download Time: 1135632
Chunk bitrate: 34 3000000
Buffer size: 35 140001
Download Time: 1035832
Chunk bitrate: 35 3000000
Buffer size: 36 144001
Download Time: 1740693
Chunk bitrate: 36 2000000
Buffer size: 36 148001
Chunk bitrate: 36 2000000
Buffer size: 37 148001
Download Time: 3236016
Chunk bitrate: 37 1000000
Buffer size: 37 152001
Chunk bitrate: 37 1000000
Buffer size: 38 152001
Download Time: 1229683
Chunk bitrate: 38 2000000
Buffer size: 38 156001
Chunk bitrate: 38 2000000
Buffer size: 39 156001
Download Time: 1953362
Chunk bitrate: 39 2000000
Buffer size: 40 160001
Download Time: 1679837
Chunk bitrate: 40 2000000
Buffer size: 41 164001
Download Time: 1697341
Chunk bitrate: 41 3000000
Buffer size: 41 168001
Chunk bitrate: 41 3000000
Buffer size: 42 168001
Download Time: 1946091
Chunk bitrate: 42 3000000
Buffer size: 43 172001
Download Time: 1914615
Chunk bitrate: 43 3000000
Buffer size: 44 176001
Download Time: 884108
Chunk bitrate: 44 3000000
Buffer size: 45 180001
Download Time: 1058043
Chunk bitrate: 45 3000000
Buffer size: 46 184001
Download Time: 1121247
Chunk bitrate: 46 3000000
Buffer size: 47 188001
Download Time: 1046787
Chunk bitrate: 47 3000000
Buffer size: 48 192001
Download Time: 2772059
Chunk bitrate: 48 1000000
Buffer size: 48 196001
Chunk bitrate: 48 1000000
Buffer size: 49 196001
Download Time: 1503935
Chunk bitrate: 49 1000000
Buffer size: 50 200001
Download Time: 1234218
Chunk bitrate: 50 2000000
Buffer size: 50 204001
Chunk bitrate: 50 2000000
Buffer size: 51 204001
Download Time: 1658658
Chunk bitrate: 51 2000000
Buffer size: 52 208001
Download Time: 2235706
Chunk bitrate: 52 2000000
Buffer size: 53 212001
Download Time: 1402024
Chunk bitrate: 53 3000000
Buffer size: 53 216001
Chunk bitrate: 53 3000000
Buffer size: 54 216001
Download Time: 2269757
[00007f941c003378] core mux error: cannot add this stream
[00007f941c1dc408] core decoder error: cannot create packetizer output (h264)
Chunk bitrate: 54 3000000
Buffer size: 55 220001
Download Time: 2045695
Chunk bitrate: 55 3000000
Buffer size: 56 224001
Download Time: 2238729
Chunk bitrate: 56 3000000
Buffer size: 57 228001
Download Time: 1546407
Chunk bitrate: 57 3000000
Buffer size: 58 232001
Download Time: 882812
Chunk bitrate: 58 1000000
Buffer size: 58 236001
Chunk bitrate: 58 1000000
Buffer size: 59 236001
Download Time: 2124507
[00007f941c003378] core mux error: cannot add this stream
[00007f941c0f3ed8] core decoder error: cannot create packetizer output (h264)
Chunk bitrate: 59 1000000
Buffer size: 60 240001
Download Time: 1609126
Chunk bitrate: 60 1000000
Buffer size: 61 244001
Download Time: 1201063
Chunk bitrate: 61 2000000
Buffer size: 61 248001
Chunk bitrate: 61 2000000
Buffer size: 62 248001
Download Time: 665865
[00007f941c003378] core mux error: cannot add this stream
[00007f941c17c608] core decoder error: cannot create packetizer output (h264)
Chunk bitrate: 62 2000000
Buffer size: 63 252001
Download Time: 471387
Chunk bitrate: 63 2000000
Buffer size: 64 256001
Download Time: 933993
Chunk bitrate: 64 2000000
Buffer size: 65 260001
[00007f941c003378] ps mux: Close
[00007f9418001288] idummy demux: command `quit'
[00000000007ce1e8] [cli] lua interface error: Error loading script /home/cs244/vlc/share/lua/intf/cli.luac: lua/intf/modules/host.lua:286: Interrupted.
