[0000000001b941e8] core interface error: no suitable interface module
[0000000001acb338] core libvlc error: interface "globalhotkeys,none" initialization failed
[0000000001b941e8] dbus interface error: Failed to connect to the D-Bus session daemon: Unable to autolaunch a dbus-daemon without a $DISPLAY for X11
[0000000001b941e8] core interface error: no suitable interface module
[0000000001acb338] core libvlc error: interface "dbus,none" initialization failed
[0000000001acb338] core libvlc: Running vlc with the default interface. Use 'cvlc' to use vlc without interface.
[0000000001b941e8] qt interface error: Could not connect to X server
[0000000001b941e8] skins2 interface error: cannot initialize OSFactory
[0000000001b941e8] [cli] lua interface: Listening on host "*console".
VLC media player 3.0.0-git Vetinari
Command Line Interface initialized. Type `help' for help.
> [00007f8e00003378] ps mux: Open
making a DASHManager
new ratebased adaptionlogic
Chunk bitrate: 0 349952
Buffer size: 0 0
Chunk bitrate: 0 349952
Buffer size: 0 0
[00007f8e00025738] mp4 demux: Fragment sequence discontinuity detected 0 != 2
Download Time: 587934
[00007f8e00023688] mp4 demux: Fragment sequence discontinuity detected 0 != 2
Startup Time: 1050000
Chunk bitrate: 0 1000000
Buffer size: 0 4001
Chunk bitrate: 0 1000000
Buffer size: 1 4001
Download Time: 1611209
Chunk bitrate: 1 1000000
Buffer size: 2 8001
Download Time: 1169562
Chunk bitrate: 2 1000000
Buffer size: 3 12001
Download Time: 1445379
Chunk bitrate: 3 2000000
Buffer size: 3 16001
Chunk bitrate: 3 2000000
Buffer size: 4 16001
Download Time: 1880582
Chunk bitrate: 4 2000000
Buffer size: 5 20001
Download Time: 2574242
Chunk bitrate: 5 2000000
Buffer size: 6 24001
Download Time: 1062048
Chunk bitrate: 6 3000000
Buffer size: 6 28001
Chunk bitrate: 6 3000000
Buffer size: 7 28001
Download Time: 1653929
Chunk bitrate: 7 3000000
Buffer size: 8 32001
Download Time: 3527873
Chunk bitrate: 8 1000000
Buffer size: 8 36001
Chunk bitrate: 8 1000000
Buffer size: 9 36001
Download Time: 2207869
Chunk bitrate: 9 1000000
Buffer size: 10 40001
Download Time: 1656203
Chunk bitrate: 10 1000000
Buffer size: 11 44001
Download Time: 1399958
Chunk bitrate: 11 1000000
Buffer size: 12 48001
Download Time: 1731420
Chunk bitrate: 12 1000000
Buffer size: 13 52001
Download Time: 1418168
Chunk bitrate: 13 2000000
Buffer size: 13 56001
Chunk bitrate: 13 2000000
Buffer size: 14 56001
Download Time: 2049368
Chunk bitrate: 14 2000000
Buffer size: 15 60001
Download Time: 1826326
Chunk bitrate: 15 2000000
Buffer size: 16 64001
Download Time: 1623461
Chunk bitrate: 16 3000000
Buffer size: 16 68001
Chunk bitrate: 16 3000000
Buffer size: 17 68001
Download Time: 1824393
Chunk bitrate: 17 3000000
Buffer size: 18 72001
Download Time: 3001862
Chunk bitrate: 18 1000000
Buffer size: 18 76001
Chunk bitrate: 18 1000000
Buffer size: 19 76001
Download Time: 1277992
Chunk bitrate: 19 1000000
Buffer size: 20 80001
Download Time: 2184759
Chunk bitrate: 20 1000000
Buffer size: 21 84001
Download Time: 1181544
Chunk bitrate: 21 1000000
Buffer size: 22 88001
Download Time: 1646765
Chunk bitrate: 22 1000000
Buffer size: 23 92001
Download Time: 2010673
Chunk bitrate: 23 2000000
Buffer size: 23 96001
Chunk bitrate: 23 2000000
Buffer size: 24 96001
Download Time: 2084746
Chunk bitrate: 24 2000000
Buffer size: 25 100001
Download Time: 2068938
Chunk bitrate: 25 2000000
Buffer size: 26 104001
Download Time: 1451785
Chunk bitrate: 26 3000000
Buffer size: 26 108001
Chunk bitrate: 26 3000000
Buffer size: 27 108001
Download Time: 1238396
Chunk bitrate: 27 3000000
Buffer size: 28 112001
Download Time: 1944162
Chunk bitrate: 28 3000000
Buffer size: 29 116001
Download Time: 6301628
Chunk bitrate: 29 3000000
Buffer size: 30 120001
Download Time: 1506213
Chunk bitrate: 30 3000000
Buffer size: 31 124001
Download Time: 1526158
Chunk bitrate: 31 3000000
Buffer size: 32 128001
Download Time: 6305970
Chunk bitrate: 32 1000000
Buffer size: 32 132001
Chunk bitrate: 32 1000000
Buffer size: 33 132001
Download Time: 2189552
Chunk bitrate: 33 1000000
Buffer size: 34 136001
Download Time: 2386312
Chunk bitrate: 34 2000000
Buffer size: 34 140001
Chunk bitrate: 34 2000000
Buffer size: 35 140001
Download Time: 2247438
Chunk bitrate: 35 2000000
Buffer size: 36 144001
Download Time: 1643861
Chunk bitrate: 36 2000000
Buffer size: 37 148001
Download Time: 1903271
Chunk bitrate: 37 3000000
Buffer size: 37 152001
Chunk bitrate: 37 3000000
Buffer size: 38 152001
Download Time: 2342106
Chunk bitrate: 38 3000000
Buffer size: 39 156001
Download Time: 3871762
Chunk bitrate: 39 600000
Buffer size: 39 160001
Chunk bitrate: 39 600000
Buffer size: 40 160001
Download Time: 1656062
Chunk bitrate: 40 600000
Buffer size: 41 164001
Download Time: 1470392
Chunk bitrate: 41 1000000
Buffer size: 41 168001
Chunk bitrate: 41 1000000
Buffer size: 42 168001
Download Time: 1750274
Chunk bitrate: 42 1000000
Buffer size: 43 172001
Download Time: 1985499
Chunk bitrate: 43 2000000
Buffer size: 43 176001
Chunk bitrate: 43 2000000
Buffer size: 44 176001
Download Time: 1883757
Chunk bitrate: 44 2000000
Buffer size: 45 180001
Download Time: 2019772
Chunk bitrate: 45 2000000
Buffer size: 46 184001
Download Time: 1807220
Chunk bitrate: 46 3000000
Buffer size: 46 188001
Chunk bitrate: 46 3000000
Buffer size: 47 188001
Download Time: 2091090
[00007f8e00003378] core mux error: cannot add this stream
[00007f8e001500c8] core decoder error: cannot create packetizer output (h264)
Chunk bitrate: 47 3000000
Buffer size: 48 192001
Download Time: 1747675
Chunk bitrate: 48 3000000
Buffer size: 49 196001
Download Time: 7973096
Chunk bitrate: 49 1000000
Buffer size: 49 200001
Chunk bitrate: 49 1000000
Buffer size: 50 200001
Download Time: 1765280
[00007f8e00003378] core mux error: cannot add this stream
[00007f8e000cc8b8] core decoder error: cannot create packetizer output (h264)
Chunk bitrate: 50 1000000
Buffer size: 51 204001
Download Time: 1703348
Chunk bitrate: 51 1000000
Buffer size: 52 208001
Download Time: 2158389
Chunk bitrate: 52 1000000
Buffer size: 53 212001
Download Time: 1244123
Chunk bitrate: 53 3000000
Buffer size: 53 216001
Chunk bitrate: 53 3000000
Buffer size: 54 216001
Download Time: 2269447
[00007f8e00003378] core mux error: cannot add this stream
[00007f8e000c6ca8] core decoder error: cannot create packetizer output (h264)
Chunk bitrate: 54 3000000
Buffer size: 55 220001
Download Time: 2045616
Chunk bitrate: 55 3000000
Buffer size: 56 224001
Download Time: 4310688
Chunk bitrate: 56 1000000
Buffer size: 56 228001
Chunk bitrate: 56 1000000
Buffer size: 57 228001
Download Time: 1021271
[00007f8e00003378] core mux error: cannot add this stream
[00007f8e0010b988] core decoder error: cannot create packetizer output (h264)
Chunk bitrate: 57 1000000
Buffer size: 58 232001
Download Time: 560166
Chunk bitrate: 58 1000000
Buffer size: 59 236001
Download Time: 2123437
Chunk bitrate: 59 1000000
Buffer size: 60 240001
Download Time: 1607538
Chunk bitrate: 60 1000000
Buffer size: 61 244001
Download Time: 668759
Chunk bitrate: 61 3000000
Buffer size: 61 248001
Chunk bitrate: 61 3000000
Buffer size: 62 248001
Download Time: 639137
[00007f8e00003378] core mux error: cannot add this stream
[00007f8e00118228] core decoder error: cannot create packetizer output (h264)
Chunk bitrate: 62 3000000
Buffer size: 63 252001
Download Time: 450586
Chunk bitrate: 63 3000000
Buffer size: 64 256001
Download Time: 799683
Chunk bitrate: 64 3000000
Buffer size: 65 260001
[00007f8e00003378] ps mux: Close
[00007f8dfc001698] idummy demux: command `quit'
[0000000001b941e8] [cli] lua interface error: Error loading script /home/cs244/vlc/share/lua/intf/cli.luac: lua/intf/modules/host.lua:286: Interrupted.
