[000000000217b1e8] core interface error: no suitable interface module
[00000000020b2338] core libvlc error: interface "globalhotkeys,none" initialization failed
[000000000217b1e8] dbus interface error: Failed to connect to the D-Bus session daemon: Unable to autolaunch a dbus-daemon without a $DISPLAY for X11
[000000000217b1e8] core interface error: no suitable interface module
[00000000020b2338] core libvlc error: interface "dbus,none" initialization failed
[00000000020b2338] core libvlc: Running vlc with the default interface. Use 'cvlc' to use vlc without interface.
[000000000217b1e8] qt interface error: Could not connect to X server
[000000000217b1e8] skins2 interface error: cannot initialize OSFactory
[000000000217b1e8] [cli] lua interface: Listening on host "*console".
VLC media player 3.0.0-git Vetinari
Command Line Interface initialized. Type `help' for help.
> [00007f5c9c003378] ps mux: Open
making a DASHManager
new ratebased adaptionlogic
Chunk bitrate: 0 349952
Buffer size: 0 0
Chunk bitrate: 0 349952
Buffer size: 0 0
[00007f5c9c027a18] mp4 demux: Fragment sequence discontinuity detected 0 != 2
Download Time: 440738
[00007f5c9c018968] mp4 demux: Fragment sequence discontinuity detected 0 != 2
Startup Time: 1050000
Chunk bitrate: 0 2000000
Buffer size: 0 4001
Chunk bitrate: 0 2000000
Buffer size: 1 4001
Download Time: 2340162
Chunk bitrate: 1 2000000
Buffer size: 2 8001
Download Time: 1780115
Chunk bitrate: 2 2000000
Buffer size: 3 12001
Download Time: 1600355
Chunk bitrate: 3 3000000
Buffer size: 3 16001
Chunk bitrate: 3 3000000
Buffer size: 4 16001
Download Time: 1944111
Chunk bitrate: 4 3000000
Buffer size: 5 20001
Download Time: 2483925
Chunk bitrate: 5 3000000
Buffer size: 6 24001
Download Time: 1684159
Chunk bitrate: 6 3000000
Buffer size: 7 28001
Download Time: 1654915
Chunk bitrate: 7 3000000
Buffer size: 8 32001
Download Time: 2614573
Chunk bitrate: 8 3000000
Buffer size: 9 36001
Download Time: 1915044
Chunk bitrate: 9 3000000
Buffer size: 10 40001
Download Time: 2952111
Chunk bitrate: 10 2000000
Buffer size: 10 44001
Chunk bitrate: 10 2000000
Buffer size: 11 44001
Download Time: 1979877
Chunk bitrate: 11 2000000
Buffer size: 12 48001
Download Time: 1990627
Chunk bitrate: 12 3000000
Buffer size: 12 52001
Chunk bitrate: 12 3000000
Buffer size: 13 52001
Download Time: 2225441
Chunk bitrate: 13 3000000
Buffer size: 14 56001
Download Time: 1879722
Chunk bitrate: 14 3000000
Buffer size: 15 60001
Download Time: 1774093
Chunk bitrate: 15 3000000
Buffer size: 16 64001
Download Time: 2191306
Chunk bitrate: 16 3000000
Buffer size: 17 68001
Download Time: 2603248
Chunk bitrate: 17 2000000
Buffer size: 17 72001
Chunk bitrate: 17 2000000
Buffer size: 18 72001
Download Time: 2075533
Chunk bitrate: 18 2000000
Buffer size: 19 76001
Download Time: 1378913
Chunk bitrate: 19 2000000
Buffer size: 20 80001
Download Time: 2147430
Chunk bitrate: 20 2000000
Buffer size: 21 84001
Download Time: 1308893
Chunk bitrate: 21 2000000
Buffer size: 22 88001
Download Time: 1975498
Chunk bitrate: 22 2000000
Buffer size: 23 92001
Download Time: 2491835
Chunk bitrate: 23 2000000
Buffer size: 24 96001
Download Time: 1620394
Chunk bitrate: 24 3000000
Buffer size: 24 100001
Chunk bitrate: 24 3000000
Buffer size: 25 100001
Download Time: 2056991
Chunk bitrate: 25 3000000
Buffer size: 26 104001
Download Time: 1948217
Chunk bitrate: 26 3000000
Buffer size: 27 108001
Download Time: 1238188
Chunk bitrate: 27 3000000
Buffer size: 28 112001
Download Time: 1943412
Chunk bitrate: 28 3000000
Buffer size: 29 116001
Download Time: 3630720
Chunk bitrate: 29 1000000
Buffer size: 29 120001
Chunk bitrate: 29 1000000
Buffer size: 30 120001
Download Time: 1379926
Chunk bitrate: 30 1000000
Buffer size: 31 124001
Download Time: 1499359
Chunk bitrate: 31 1000000
Buffer size: 32 128001
Download Time: 1699787
Chunk bitrate: 32 1000000
Buffer size: 33 132001
Download Time: 1459515
Chunk bitrate: 33 1000000
Buffer size: 34 136001
Download Time: 1481536
Chunk bitrate: 34 3000000
Buffer size: 34 140001
Chunk bitrate: 34 3000000
Buffer size: 35 140001
Download Time: 2069497
Chunk bitrate: 35 3000000
Buffer size: 36 144001
Download Time: 1667505
Chunk bitrate: 36 3000000
Buffer size: 37 148001
Download Time: 1722261
Chunk bitrate: 37 3000000
Buffer size: 38 152001
Download Time: 1172345
Chunk bitrate: 38 3000000
Buffer size: 39 156001
Download Time: 1014450
Chunk bitrate: 39 3000000
Buffer size: 40 160001
Download Time: 868961
Chunk bitrate: 40 3000000
Buffer size: 41 164001
Download Time: 1626362
Chunk bitrate: 41 2000000
Buffer size: 41 168001
Chunk bitrate: 41 2000000
Buffer size: 42 168001
Download Time: 3204976
Chunk bitrate: 42 1000000
Buffer size: 42 172001
Chunk bitrate: 42 1000000
Buffer size: 43 172001
Download Time: 1566937
Chunk bitrate: 43 2000000
Buffer size: 43 176001
Chunk bitrate: 43 2000000
Buffer size: 44 176001
Download Time: 1883101
Chunk bitrate: 44 2000000
Buffer size: 45 180001
Download Time: 2021396
Chunk bitrate: 45 2000000
Buffer size: 46 184001
Download Time: 1592419
Chunk bitrate: 46 3000000
Buffer size: 46 188001
Chunk bitrate: 46 3000000
Buffer size: 47 188001
Download Time: 2090558
Chunk bitrate: 47 3000000
Buffer size: 48 192001
Download Time: 1748803
Chunk bitrate: 48 3000000
Buffer size: 49 196001
Download Time: 2472605
Chunk bitrate: 49 3000000
Buffer size: 50 200001
Download Time: 1876747
Chunk bitrate: 50 3000000
Buffer size: 51 204001
Download Time: 2937169
Chunk bitrate: 51 1000000
Buffer size: 51 208001
Chunk bitrate: 51 1000000
Buffer size: 52 208001
Download Time: 1439938
Chunk bitrate: 52 1000000
Buffer size: 53 212001
Download Time: 1290065
Chunk bitrate: 53 1000000
Buffer size: 54 216001
Download Time: 1603999
Chunk bitrate: 54 1000000
Buffer size: 55 220001
Download Time: 1459773
Chunk bitrate: 55 1000000
Buffer size: 56 224001
Download Time: 1251635
Chunk bitrate: 56 3000000
Buffer size: 56 228001
Chunk bitrate: 56 3000000
Buffer size: 57 228001
Download Time: 1547468
Chunk bitrate: 57 3000000
Buffer size: 58 232001
Download Time: 652755
Chunk bitrate: 58 3000000
Buffer size: 59 236001
Download Time: 2393431
Chunk bitrate: 59 3000000
Buffer size: 60 240001
Download Time: 1825495
Chunk bitrate: 60 3000000
Buffer size: 61 244001
Download Time: 1904808
Chunk bitrate: 61 3000000
Buffer size: 62 248001
Download Time: 639285
Chunk bitrate: 62 3000000
Buffer size: 63 252001
Download Time: 672146
Chunk bitrate: 63 1000000
Buffer size: 63 256001
Chunk bitrate: 63 1000000
Buffer size: 64 256001
Download Time: 835314
Chunk bitrate: 64 1000000
Buffer size: 65 260001
[00007f5c9c003378] ps mux: Close
[00007f5ca0000e98] idummy demux: command `quit'
[000000000217b1e8] [cli] lua interface error: Error loading script /home/cs244/vlc/share/lua/intf/cli.luac: lua/intf/modules/host.lua:286: Interrupted.
