[0000000001dd61e8] core interface error: no suitable interface module
[0000000001d0d338] core libvlc error: interface "globalhotkeys,none" initialization failed
[0000000001dd61e8] dbus interface error: Failed to connect to the D-Bus session daemon: Unable to autolaunch a dbus-daemon without a $DISPLAY for X11
[0000000001dd61e8] core interface error: no suitable interface module
[0000000001d0d338] core libvlc error: interface "dbus,none" initialization failed
[0000000001d0d338] core libvlc: Running vlc with the default interface. Use 'cvlc' to use vlc without interface.
[0000000001dd61e8] qt interface error: Could not connect to X server
[0000000001dd61e8] skins2 interface error: cannot initialize OSFactory
[0000000001dd61e8] [cli] lua interface: Listening on host "*console".
VLC media player 3.0.0-git Vetinari
Command Line Interface initialized. Type `help' for help.
> [00007fec00003378] ps mux: Open
making a DASHManager
new ratebased adaptionlogic
Chunk bitrate: 0 349952
Buffer size: 0 0
Chunk bitrate: 0 349952
Buffer size: 0 0
[00007fec00022048] mp4 demux: Fragment sequence discontinuity detected 0 != 2
Download Time: 440901
[00007fec00017fc8] mp4 demux: Fragment sequence discontinuity detected 0 != 2
Startup Time: 1050000
Chunk bitrate: 0 2000000
Buffer size: 0 4001
Chunk bitrate: 0 2000000
Buffer size: 1 4001
Download Time: 2340012
Chunk bitrate: 1 2000000
Buffer size: 2 8001
Download Time: 1781718
Chunk bitrate: 2 2000000
Buffer size: 3 12001
Download Time: 1601298
Chunk bitrate: 3 3000000
Buffer size: 3 16001
Chunk bitrate: 3 3000000
Buffer size: 4 16001
Download Time: 1941710
Chunk bitrate: 4 3000000
Buffer size: 5 20001
Download Time: 2483519
Download Time: 48796
Chunk bitrate: 5 3000000
Buffer size: 6 24001
Download Time: 1686528
Chunk bitrate: 6 3000000
Buffer size: 7 28001
Download Time: 1655150
Chunk bitrate: 7 3000000
Buffer size: 8 32001
Download Time: 5741970
Chunk bitrate: 8 2000000
Buffer size: 8 36001
Chunk bitrate: 8 2000000
Buffer size: 9 36001
Download Time: 1941351
Chunk bitrate: 9 2000000
Buffer size: 10 40001
Download Time: 2074194
Chunk bitrate: 10 2000000
Buffer size: 11 44001
Download Time: 1438808
Chunk bitrate: 11 3000000
Buffer size: 11 48001
Chunk bitrate: 11 3000000
Buffer size: 12 48001
Download Time: 2659212
Chunk bitrate: 12 3000000
Buffer size: 13 52001
Download Time: 2227582
Chunk bitrate: 13 3000000
Buffer size: 14 56001
Download Time: 1882533
Chunk bitrate: 14 3000000
Buffer size: 15 60001
Download Time: 1775191
Chunk bitrate: 15 3000000
Buffer size: 16 64001
Download Time: 4281076
Chunk bitrate: 16 1000000
Buffer size: 16 68001
Chunk bitrate: 16 1000000
Buffer size: 17 68001
Download Time: 995860
Chunk bitrate: 17 3000000
Buffer size: 17 72001
Chunk bitrate: 17 3000000
Buffer size: 18 72001
Download Time: 2276068
Chunk bitrate: 18 3000000
Buffer size: 19 76001
Download Time: 1289707
Chunk bitrate: 19 3000000
Buffer size: 20 80001
Download Time: 1964226
Chunk bitrate: 20 3000000
Buffer size: 21 84001
Download Time: 1202535
Chunk bitrate: 21 3000000
Buffer size: 22 88001
Download Time: 1782916
Chunk bitrate: 22 3000000
Buffer size: 23 92001
Download Time: 6602513
Chunk bitrate: 23 1000000
Buffer size: 23 96001
Chunk bitrate: 23 1000000
Buffer size: 24 96001
Download Time: 2346368
Chunk bitrate: 24 1000000
Buffer size: 25 100001
Download Time: 2189918
Chunk bitrate: 25 600000
Buffer size: 25 104001
Chunk bitrate: 25 600000
Buffer size: 26 104001
Download Time: 1680300
Chunk bitrate: 26 600000
Buffer size: 27 108001
Download Time: 1107680
Chunk bitrate: 27 600000
Buffer size: 28 112001
Download Time: 1515633
Chunk bitrate: 28 1000000
Buffer size: 28 116001
Chunk bitrate: 28 1000000
Buffer size: 29 116001
Download Time: 1904153
Chunk bitrate: 29 1000000
Buffer size: 30 120001
Download Time: 1379966
Chunk bitrate: 30 1000000
Buffer size: 31 124001
Download Time: 1241699
Chunk bitrate: 31 2000000
Buffer size: 31 128001
Chunk bitrate: 31 2000000
Buffer size: 32 128001
Download Time: 2672720
Chunk bitrate: 32 2000000
Buffer size: 33 132001
Download Time: 1981672
Chunk bitrate: 33 3000000
Buffer size: 33 136001
Chunk bitrate: 33 3000000
Buffer size: 34 136001
Download Time: 2268411
Chunk bitrate: 34 3000000
Buffer size: 35 140001
Download Time: 2069516
Chunk bitrate: 35 3000000
Buffer size: 36 144001
Download Time: 5715570
Chunk bitrate: 36 1000000
Buffer size: 36 148001
Chunk bitrate: 36 1000000
Buffer size: 37 148001
Download Time: 2045507
Chunk bitrate: 37 1000000
Buffer size: 38 152001
Download Time: 1954511
Chunk bitrate: 38 1000000
Buffer size: 39 156001
Download Time: 1041530
Chunk bitrate: 39 2000000
Buffer size: 39 160001
Chunk bitrate: 39 2000000
Buffer size: 40 160001
Download Time: 1677357
Chunk bitrate: 40 2000000
Buffer size: 41 164001
Download Time: 2373968
Chunk bitrate: 41 3000000
Buffer size: 41 168001
Chunk bitrate: 41 3000000
Buffer size: 42 168001
Download Time: 1945844
Chunk bitrate: 42 3000000
Buffer size: 43 172001
Download Time: 2399039
Chunk bitrate: 43 3000000
Buffer size: 44 176001
Download Time: 5880306
Chunk bitrate: 44 1000000
Buffer size: 44 180001
Chunk bitrate: 44 1000000
Buffer size: 45 180001
Download Time: 2123597
Chunk bitrate: 45 1000000
Buffer size: 46 184001
Download Time: 2134242
Chunk bitrate: 46 1000000
Buffer size: 47 188001
Download Time: 1508822
Chunk bitrate: 47 1000000
Buffer size: 48 192001
Download Time: 1093206
Chunk bitrate: 48 1000000
Buffer size: 49 196001
Download Time: 1504558
Chunk bitrate: 49 1000000
Buffer size: 50 200001
Download Time: 889280
Chunk bitrate: 50 3000000
Buffer size: 50 204001
Chunk bitrate: 50 3000000
Buffer size: 51 204001
Download Time: 1548384
[00007fec00003378] core mux error: cannot add this stream
[00007fec001fcf78] core decoder error: cannot create packetizer output (h264)
Chunk bitrate: 51 3000000
Buffer size: 52 208001
Download Time: 2269926
Chunk bitrate: 52 3000000
Buffer size: 53 212001
Download Time: 6692745
Chunk bitrate: 53 1000000
Buffer size: 53 216001
Chunk bitrate: 53 1000000
Buffer size: 54 216001
Download Time: 2405952
[00007fec00003378] core mux error: cannot add this stream
[00007fec001dbf88] core decoder error: cannot create packetizer output (h264)
Chunk bitrate: 54 1000000
Buffer size: 55 220001
Download Time: 1816702
Chunk bitrate: 55 1000000
Buffer size: 56 224001
Download Time: 1593439
Chunk bitrate: 56 1000000
Buffer size: 57 228001
Download Time: 966163
Chunk bitrate: 57 1000000
Buffer size: 58 232001
Download Time: 445647
Chunk bitrate: 58 1000000
Buffer size: 59 236001
Download Time: 2325164
Chunk bitrate: 59 1000000
Buffer size: 60 240001
Download Time: 2252363
Chunk bitrate: 60 1000000
Buffer size: 61 244001
Download Time: 1542479
Chunk bitrate: 61 2000000
Buffer size: 61 248001
Chunk bitrate: 61 2000000
Buffer size: 62 248001
Download Time: 662791
[00007fec00003378] core mux error: cannot add this stream
[00007fec00155d58] core decoder error: cannot create packetizer output (h264)
Chunk bitrate: 62 2000000
Buffer size: 63 252001
Download Time: 468625
Chunk bitrate: 63 2000000
Buffer size: 64 256001
Download Time: 934168
Chunk bitrate: 64 2000000
Buffer size: 65 260001
[00007fec00003378] ps mux: Close
[00007fec00056658] idummy demux: command `quit'
[0000000001dd61e8] [cli] lua interface error: Error loading script /home/cs244/vlc/share/lua/intf/cli.luac: lua/intf/modules/host.lua:286: Interrupted.
