[00000000017421e8] core interface error: no suitable interface module
[0000000001679338] core libvlc error: interface "globalhotkeys,none" initialization failed
[00000000017421e8] dbus interface error: Failed to connect to the D-Bus session daemon: Unable to autolaunch a dbus-daemon without a $DISPLAY for X11
[00000000017421e8] core interface error: no suitable interface module
[0000000001679338] core libvlc error: interface "dbus,none" initialization failed
[0000000001679338] core libvlc: Running vlc with the default interface. Use 'cvlc' to use vlc without interface.
[00000000017421e8] qt interface error: Could not connect to X server
[00000000017421e8] skins2 interface error: cannot initialize OSFactory
[00000000017421e8] [cli] lua interface: Listening on host "*console".
VLC media player 3.0.0-git Vetinari
Command Line Interface initialized. Type `help' for help.
> [00007f31d4003378] ps mux: Open
making a DASHManager
new ratebased adaptionlogic
Chunk bitrate: 0 349952
Buffer size: 0 0
Chunk bitrate: 0 349952
Buffer size: 0 0
[00007f31d40251e8] mp4 demux: Fragment sequence discontinuity detected 0 != 2
Download Time: 1322804
[00007f31d4026e88] mp4 demux: Fragment sequence discontinuity detected 0 != 2
Startup Time: 1050000
Chunk bitrate: 0 600000
Buffer size: 0 4001
Chunk bitrate: 0 600000
Buffer size: 1 4001
Download Time: 2331231
Chunk bitrate: 1 600000
Buffer size: 2 8001
Download Time: 1238319
Chunk bitrate: 2 1000000
Buffer size: 2 12001
Chunk bitrate: 2 1000000
Buffer size: 3 12001
Download Time: 2321258
Chunk bitrate: 3 1000000
Buffer size: 4 16001
Download Time: 1879846
Chunk bitrate: 4 1000000
Buffer size: 5 20001
Download Time: 1711996
Chunk bitrate: 5 1000000
Buffer size: 6 24001
Download Time: 1103745
Chunk bitrate: 6 1000000
Buffer size: 7 28001
Download Time: 1197013
Chunk bitrate: 7 1000000
Buffer size: 8 32001
Download Time: 3212014
Chunk bitrate: 8 600000
Buffer size: 8 36001
Chunk bitrate: 8 600000
Buffer size: 9 36001
Download Time: 2057839
Chunk bitrate: 9 1000000
Buffer size: 9 40001
Chunk bitrate: 9 1000000
Buffer size: 10 40001
Download Time: 1932321
Chunk bitrate: 10 1000000
Buffer size: 11 44001
Download Time: 2095468
Chunk bitrate: 11 1000000
Buffer size: 12 48001
Download Time: 1860946
Chunk bitrate: 12 1000000
Buffer size: 13 52001
Download Time: 1551486
Chunk bitrate: 13 1000000
Buffer size: 14 56001
Download Time: 1332260
Chunk bitrate: 14 1000000
Buffer size: 15 60001
Download Time: 2192954
Chunk bitrate: 15 600000
Buffer size: 15 64001
Chunk bitrate: 15 600000
Buffer size: 16 64001
Download Time: 1952489
Chunk bitrate: 16 600000
Buffer size: 17 68001
Download Time: 1455989
Chunk bitrate: 17 1000000
Buffer size: 17 72001
Chunk bitrate: 17 1000000
Buffer size: 18 72001
Download Time: 2310835
Chunk bitrate: 18 1000000
Buffer size: 19 76001
Download Time: 1273137
Chunk bitrate: 19 1000000
Buffer size: 20 80001
Download Time: 1531273
Chunk bitrate: 20 1000000
Buffer size: 21 84001
Download Time: 949175
Chunk bitrate: 21 1000000
Buffer size: 22 88001
Download Time: 1319863
Chunk bitrate: 22 1000000
Buffer size: 23 92001
Download Time: 2344950
Chunk bitrate: 23 600000
Buffer size: 23 96001
Chunk bitrate: 23 600000
Buffer size: 24 96001
Download Time: 2097014
Chunk bitrate: 24 600000
Buffer size: 25 100001
Download Time: 1659066
Chunk bitrate: 25 1000000
Buffer size: 25 104001
Chunk bitrate: 25 1000000
Buffer size: 26 104001
Download Time: 2009803
Chunk bitrate: 26 1000000
Buffer size: 27 108001
Download Time: 1195260
Chunk bitrate: 27 1000000
Buffer size: 28 112001
Download Time: 1864431
Chunk bitrate: 28 1000000
Buffer size: 29 116001
Download Time: 1524374
Chunk bitrate: 29 1000000
Buffer size: 30 120001
Download Time: 1103867
Chunk bitrate: 30 1000000
Buffer size: 31 124001
Download Time: 1430632
Chunk bitrate: 31 600000
Buffer size: 31 128001
Chunk bitrate: 31 600000
Buffer size: 32 128001
Download Time: 2169122
Chunk bitrate: 32 600000
Buffer size: 33 132001
Download Time: 1939216
Chunk bitrate: 33 1000000
Buffer size: 33 136001
Chunk bitrate: 33 1000000
Buffer size: 34 136001
Download Time: 799415
Chunk bitrate: 34 3000000
Buffer size: 34 140001
Chunk bitrate: 34 3000000
Buffer size: 35 140001
Download Time: 2068303
Chunk bitrate: 35 3000000
Buffer size: 36 144001
Download Time: 1666205
Chunk bitrate: 36 3000000
Buffer size: 37 148001
Download Time: 4715002
Chunk bitrate: 37 1000000
Buffer size: 37 152001
Chunk bitrate: 37 1000000
Buffer size: 38 152001
Download Time: 1250128
Chunk bitrate: 38 2000000
Buffer size: 38 156001
Chunk bitrate: 38 2000000
Buffer size: 39 156001
Download Time: 1952765
Chunk bitrate: 39 2000000
Buffer size: 40 160001
Download Time: 1676677
Chunk bitrate: 40 2000000
Buffer size: 41 164001
Download Time: 1717297
Chunk bitrate: 41 3000000
Buffer size: 41 168001
Chunk bitrate: 41 3000000
Buffer size: 42 168001
Download Time: 1946326
Chunk bitrate: 42 3000000
Buffer size: 43 172001
Download Time: 2399033
Chunk bitrate: 43 3000000
Buffer size: 44 176001
Download Time: 1761862
Chunk bitrate: 44 3000000
Buffer size: 45 180001
Download Time: 2100348
Chunk bitrate: 45 3000000
Buffer size: 46 184001
Download Time: 4439072
Chunk bitrate: 46 1000000
Buffer size: 46 188001
Chunk bitrate: 46 1000000
Buffer size: 47 188001
Download Time: 1252971
Chunk bitrate: 47 2000000
Buffer size: 47 192001
Chunk bitrate: 47 2000000
Buffer size: 48 192001
Download Time: 1782125
[00007f31d4003378] core mux error: cannot add this stream
[00007f31d40b4eb8] core decoder error: cannot create packetizer output (h264)
Chunk bitrate: 48 2000000
Buffer size: 49 196001
Download Time: 2395278
Chunk bitrate: 49 3000000
Buffer size: 49 200001
Chunk bitrate: 49 3000000
Buffer size: 50 200001
Download Time: 1875303
[00007f31d4003378] core mux error: cannot add this stream
[00007f31d4064ba8] core decoder error: cannot create packetizer output (h264)
Chunk bitrate: 50 3000000
Buffer size: 51 204001
Download Time: 1547123
Chunk bitrate: 51 3000000
Buffer size: 52 208001
Download Time: 1777026
Chunk bitrate: 52 3000000
Buffer size: 53 212001
Download Time: 1074039
Chunk bitrate: 53 3000000
Buffer size: 54 216001
Download Time: 1137315
Chunk bitrate: 54 3000000
Buffer size: 55 220001
Download Time: 1024869
Chunk bitrate: 55 3000000
Buffer size: 56 224001
Download Time: 1121128
Chunk bitrate: 56 3000000
Buffer size: 57 228001
Download Time: 3084101
Chunk bitrate: 57 1000000
Buffer size: 57 232001
Chunk bitrate: 57 1000000
Buffer size: 58 232001
Download Time: 447273
[00007f31d4003378] core mux error: cannot add this stream
[00007f31d4109aa8] core decoder error: cannot create packetizer output (h264)
Chunk bitrate: 58 1000000
Buffer size: 59 236001
Download Time: 1590615
Chunk bitrate: 59 2000000
Buffer size: 59 240001
Chunk bitrate: 59 2000000
Buffer size: 60 240001
Download Time: 1896760
[00007f31d4003378] core mux error: cannot add this stream
[00007f31d415bea8] core decoder error: cannot create packetizer output (h264)
Chunk bitrate: 60 2000000
Buffer size: 61 244001
Download Time: 2029952
Chunk bitrate: 61 2000000
Buffer size: 62 248001
Download Time: 610015
Chunk bitrate: 62 3000000
Buffer size: 62 252001
Chunk bitrate: 62 3000000
Buffer size: 63 252001
Download Time: 449549
[00007f31d4003378] core mux error: cannot add this stream
[00007f31d402f3d8] core decoder error: cannot create packetizer output (h264)
Chunk bitrate: 63 3000000
Buffer size: 64 256001
Download Time: 800582
Chunk bitrate: 64 3000000
Buffer size: 65 260001
[00007f31d4003378] ps mux: Close
[00007f31d408e058] idummy demux: command `quit'
[00000000017421e8] [cli] lua interface error: Error loading script /home/cs244/vlc/share/lua/intf/cli.luac: lua/intf/modules/host.lua:286: Interrupted.
