[0000000000cae1e8] core interface error: no suitable interface module
[0000000000be5338] core libvlc error: interface "globalhotkeys,none" initialization failed
[0000000000cae1e8] dbus interface error: Failed to connect to the D-Bus session daemon: Unable to autolaunch a dbus-daemon without a $DISPLAY for X11
[0000000000cae1e8] core interface error: no suitable interface module
[0000000000be5338] core libvlc error: interface "dbus,none" initialization failed
[0000000000be5338] core libvlc: Running vlc with the default interface. Use 'cvlc' to use vlc without interface.
[0000000000cae1e8] qt interface error: Could not connect to X server
[0000000000cae1e8] skins2 interface error: cannot initialize OSFactory
[0000000000cae1e8] [cli] lua interface: Listening on host "*console".
VLC media player 3.0.0-git Vetinari
Command Line Interface initialized. Type `help' for help.
> [00007f68e0003378] ps mux: Open
making a DASHManager
new ratebased adaptionlogic
Chunk bitrate: 0 349952
Buffer size: 0 0
Chunk bitrate: 0 349952
Buffer size: 0 0
[00007f68e00276c8] mp4 demux: Fragment sequence discontinuity detected 0 != 2
Download Time: 1028691
[00007f68e0024448] mp4 demux: Fragment sequence discontinuity detected 0 != 2
Startup Time: 1050000
Chunk bitrate: 0 600000
Buffer size: 0 4001
Chunk bitrate: 0 600000
Buffer size: 1 4001
Download Time: 1813127
Chunk bitrate: 1 1000000
Buffer size: 1 8001
Chunk bitrate: 1 1000000
Buffer size: 2 8001
Download Time: 1900519
Chunk bitrate: 2 1000000
Buffer size: 3 12001
Download Time: 1935108
Chunk bitrate: 3 1000000
Buffer size: 4 16001
Download Time: 1639696
Chunk bitrate: 4 1000000
Buffer size: 5 20001
Download Time: 1551665
Chunk bitrate: 5 2000000
Buffer size: 5 24001
Chunk bitrate: 5 2000000
Buffer size: 6 24001
Download Time: 1591930
Chunk bitrate: 6 2000000
Buffer size: 7 28001
Download Time: 1751526
Chunk bitrate: 7 2000000
Buffer size: 8 32001
Download Time: 1951856
Chunk bitrate: 8 3000000
Buffer size: 8 36001
Chunk bitrate: 8 3000000
Buffer size: 9 36001
Download Time: 1915439
Chunk bitrate: 9 3000000
Buffer size: 10 40001
Download Time: 3852700
Chunk bitrate: 10 1000000
Buffer size: 10 44001
Chunk bitrate: 10 1000000
Buffer size: 11 44001
Download Time: 2450245
Chunk bitrate: 11 1000000
Buffer size: 12 48001
Download Time: 2161783
Chunk bitrate: 12 1000000
Buffer size: 13 52001
Download Time: 1935947
Chunk bitrate: 13 1000000
Buffer size: 14 56001
Download Time: 1003709
Chunk bitrate: 14 3000000
Buffer size: 14 60001
Chunk bitrate: 14 3000000
Buffer size: 15 60001
Download Time: 1773914
Chunk bitrate: 15 3000000
Buffer size: 16 64001
Download Time: 2189572
Chunk bitrate: 16 3000000
Buffer size: 17 68001
Download Time: 3928173
Chunk bitrate: 17 1000000
Buffer size: 17 72001
Chunk bitrate: 17 1000000
Buffer size: 18 72001
Download Time: 1695062
Chunk bitrate: 18 2000000
Buffer size: 18 76001
Chunk bitrate: 18 2000000
Buffer size: 19 76001
Download Time: 1379814
Chunk bitrate: 19 2000000
Buffer size: 20 80001
Download Time: 2150694
Chunk bitrate: 20 2000000
Buffer size: 21 84001
Download Time: 1166854
Chunk bitrate: 21 3000000
Buffer size: 21 88001
Chunk bitrate: 21 3000000
Buffer size: 22 88001
Download Time: 1779380
Chunk bitrate: 22 3000000
Buffer size: 23 92001
Download Time: 2345011
Chunk bitrate: 23 3000000
Buffer size: 24 96001
Download Time: 1251790
Chunk bitrate: 24 3000000
Buffer size: 25 100001
Download Time: 1029752
Chunk bitrate: 25 3000000
Buffer size: 26 104001
Download Time: 975422
Chunk bitrate: 26 3000000
Buffer size: 27 108001
Download Time: 620126
Chunk bitrate: 27 3000000
Buffer size: 28 112001
Download Time: 973800
Chunk bitrate: 28 3000000
Buffer size: 29 116001
Download Time: 3608986
Chunk bitrate: 29 1000000
Buffer size: 29 120001
Chunk bitrate: 29 1000000
Buffer size: 30 120001
Download Time: 1104620
Chunk bitrate: 30 1000000
Buffer size: 31 124001
Download Time: 1045963
Chunk bitrate: 31 2000000
Buffer size: 31 128001
Chunk bitrate: 31 2000000
Buffer size: 32 128001
Download Time: 2673395
Chunk bitrate: 32 2000000
Buffer size: 33 132001
Download Time: 1942533
Chunk bitrate: 33 3000000
Buffer size: 33 136001
Chunk bitrate: 33 3000000
Buffer size: 34 136001
Download Time: 2268266
Chunk bitrate: 34 3000000
Buffer size: 35 140001
Download Time: 2070813
Chunk bitrate: 35 3000000
Buffer size: 36 144001
Download Time: 1666632
Chunk bitrate: 36 3000000
Buffer size: 37 148001
Download Time: 2476470
Chunk bitrate: 37 3000000
Buffer size: 38 152001
Download Time: 3846610
Chunk bitrate: 38 2000000
Buffer size: 38 156001
Chunk bitrate: 38 2000000
Buffer size: 39 156001
Download Time: 2445663
Chunk bitrate: 39 2000000
Buffer size: 40 160001
Download Time: 1676004
Chunk bitrate: 40 2000000
Buffer size: 41 164001
Download Time: 2449458
Chunk bitrate: 41 2000000
Buffer size: 42 168001
Download Time: 1337008
Chunk bitrate: 42 3000000
Buffer size: 42 172001
Chunk bitrate: 42 3000000
Buffer size: 43 172001
Download Time: 2400239
Chunk bitrate: 43 3000000
Buffer size: 44 176001
Download Time: 1538556
Chunk bitrate: 44 3000000
Buffer size: 45 180001
Download Time: 1050874
Download Time: 27246
Chunk bitrate: 45 3000000
Buffer size: 46 184001
Download Time: 1121347
Chunk bitrate: 46 3000000
Buffer size: 47 188001
Download Time: 1046252
Chunk bitrate: 47 3000000
Buffer size: 48 192001
Download Time: 876378
Chunk bitrate: 48 3000000
Buffer size: 49 196001
Download Time: 3394454
Chunk bitrate: 49 1000000
Buffer size: 49 200001
Chunk bitrate: 49 1000000
Buffer size: 50 200001
Download Time: 1411933
Chunk bitrate: 50 1000000
Buffer size: 51 204001
Download Time: 980114
Chunk bitrate: 51 2000000
Buffer size: 51 208001
Chunk bitrate: 51 2000000
Buffer size: 52 208001
Download Time: 2234860
[00007f68e0003378] core mux error: cannot add this stream
[00007f68e01a22f8] core decoder error: cannot create packetizer output (h264)
Chunk bitrate: 52 2000000
Buffer size: 53 212001
Download Time: 1961747
Chunk bitrate: 53 2000000
Buffer size: 54 216001
Download Time: 1518424
Chunk bitrate: 54 3000000
Buffer size: 54 220001
Chunk bitrate: 54 3000000
Buffer size: 55 220001
Download Time: 2046056
[00007f68e0003378] core mux error: cannot add this stream
[00007f68e016c9e8] core decoder error: cannot create packetizer output (h264)
Chunk bitrate: 55 3000000
Buffer size: 56 224001
Download Time: 2240959
Chunk bitrate: 56 3000000
Buffer size: 57 228001
Download Time: 1547614
Chunk bitrate: 57 3000000
Buffer size: 58 232001
Download Time: 651738
Chunk bitrate: 58 3000000
Buffer size: 59 236001
Download Time: 2986555
Chunk bitrate: 59 1000000
Buffer size: 59 240001
Chunk bitrate: 59 1000000
Buffer size: 60 240001
Download Time: 1288284
[00007f68e0003378] core mux error: cannot add this stream
[00007f68e019e288] core decoder error: cannot create packetizer output (h264)
Chunk bitrate: 60 1000000
Buffer size: 61 244001
Download Time: 1337283
Chunk bitrate: 61 1000000
Buffer size: 62 248001
Download Time: 482233
Chunk bitrate: 62 1000000
Buffer size: 63 252001
Download Time: 345987
Chunk bitrate: 63 2000000
Buffer size: 63 256001
Chunk bitrate: 63 2000000
Buffer size: 64 256001
Download Time: 935872
[00007f68e0003378] core mux error: cannot add this stream
[00007f68e002b828] core decoder error: cannot create packetizer output (h264)
Chunk bitrate: 64 2000000
Buffer size: 65 260001
[00007f68e0003378] ps mux: Close
[00007f68dc0015c8] idummy demux: command `quit'
[0000000000cae1e8] [cli] lua interface error: Error loading script /home/cs244/vlc/share/lua/intf/cli.luac: lua/intf/modules/host.lua:286: Interrupted.
