[0000000001eec1e8] core interface error: no suitable interface module
[0000000001e23338] core libvlc error: interface "globalhotkeys,none" initialization failed
[0000000001eec1e8] dbus interface error: Failed to connect to the D-Bus session daemon: Unable to autolaunch a dbus-daemon without a $DISPLAY for X11
[0000000001eec1e8] core interface error: no suitable interface module
[0000000001e23338] core libvlc error: interface "dbus,none" initialization failed
[0000000001e23338] core libvlc: Running vlc with the default interface. Use 'cvlc' to use vlc without interface.
[0000000001eec1e8] qt interface error: Could not connect to X server
[0000000001eec1e8] skins2 interface error: cannot initialize OSFactory
[0000000001eec1e8] [cli] lua interface: Listening on host "*console".
VLC media player 3.0.0-git Vetinari
Command Line Interface initialized. Type `help' for help.
> [00007f7b30003378] ps mux: Open
making a DASHManager
new ratebased adaptionlogic
Chunk bitrate: 0 349952
Buffer size: 0 0
Chunk bitrate: 0 349952
Buffer size: 0 0
[00007f7b3001a778] mp4 demux: Fragment sequence discontinuity detected 0 != 2
Download Time: 293971
[00007f7b3001a8c8] mp4 demux: Fragment sequence discontinuity detected 0 != 2
Startup Time: 1050000
Chunk bitrate: 0 3000000
Buffer size: 0 4001
Chunk bitrate: 0 3000000
Buffer size: 1 4001
Download Time: 2269539
Chunk bitrate: 1 3000000
Buffer size: 2 8001
Download Time: 1902792
Chunk bitrate: 2 3000000
Buffer size: 3 12001
Download Time: 6960563
Chunk bitrate: 3 1000000
Buffer size: 3 16001
Chunk bitrate: 3 1000000
Buffer size: 4 16001
Download Time: 1639699
Chunk bitrate: 4 1000000
Buffer size: 5 20001
Download Time: 1815595
Chunk bitrate: 5 2000000
Buffer size: 5 24001
Chunk bitrate: 5 2000000
Buffer size: 6 24001
Download Time: 1593096
Chunk bitrate: 6 2000000
Buffer size: 7 28001
Download Time: 1752285
Chunk bitrate: 7 2000000
Buffer size: 8 32001
Download Time: 2081881
Chunk bitrate: 8 3000000
Buffer size: 8 36001
Chunk bitrate: 8 3000000
Buffer size: 9 36001
Download Time: 1916094
Chunk bitrate: 9 3000000
Buffer size: 10 40001
Download Time: 3197992
Chunk bitrate: 10 1000000
Buffer size: 10 44001
Chunk bitrate: 10 1000000
Buffer size: 11 44001
Download Time: 2449849
Chunk bitrate: 11 1000000
Buffer size: 12 48001
Download Time: 2386077
Chunk bitrate: 12 1000000
Buffer size: 13 52001
Download Time: 1941113
Chunk bitrate: 13 1000000
Buffer size: 14 56001
Download Time: 1481735
Chunk bitrate: 14 2000000
Buffer size: 14 60001
Chunk bitrate: 14 2000000
Buffer size: 15 60001
Download Time: 1830028
Chunk bitrate: 15 2000000
Buffer size: 16 64001
Download Time: 2196773
Chunk bitrate: 16 2000000
Buffer size: 17 68001
Download Time: 1367577
Chunk bitrate: 17 3000000
Buffer size: 17 72001
Chunk bitrate: 17 3000000
Buffer size: 18 72001
Download Time: 2277762
Chunk bitrate: 18 3000000
Buffer size: 19 76001
Download Time: 1289541
Chunk bitrate: 19 3000000
Buffer size: 20 80001
Download Time: 5812286
Chunk bitrate: 20 1000000
Buffer size: 20 84001
Chunk bitrate: 20 1000000
Buffer size: 21 84001
Download Time: 1184339
Chunk bitrate: 21 1000000
Buffer size: 22 88001
Download Time: 1650293
Chunk bitrate: 22 1000000
Buffer size: 23 92001
Download Time: 1615850
Chunk bitrate: 23 3000000
Buffer size: 23 96001
Chunk bitrate: 23 3000000
Buffer size: 24 96001
Download Time: 2085260
Chunk bitrate: 24 3000000
Buffer size: 25 100001
Download Time: 2057702
Chunk bitrate: 25 3000000
Buffer size: 26 104001
Download Time: 5741618
Chunk bitrate: 26 1000000
Buffer size: 26 108001
Chunk bitrate: 26 1000000
Buffer size: 27 108001
Download Time: 999696
Chunk bitrate: 27 1000000
Buffer size: 28 112001
Download Time: 1969778
Chunk bitrate: 28 1000000
Buffer size: 29 116001
Download Time: 1645226
Chunk bitrate: 29 2000000
Buffer size: 29 120001
Chunk bitrate: 29 2000000
Buffer size: 30 120001
Download Time: 1598492
Chunk bitrate: 30 2000000
Buffer size: 31 124001
Download Time: 1739151
Chunk bitrate: 31 2000000
Buffer size: 32 128001
Download Time: 7941063
Chunk bitrate: 32 1000000
Buffer size: 32 132001
Chunk bitrate: 32 1000000
Buffer size: 33 132001
Download Time: 2189959
Chunk bitrate: 33 1000000
Buffer size: 34 136001
Download Time: 1789723
Chunk bitrate: 34 1000000
Buffer size: 35 140001
Download Time: 1392817
Chunk bitrate: 35 1000000
Buffer size: 36 144001
Download Time: 1156268
Chunk bitrate: 36 1000000
Buffer size: 37 148001
Download Time: 1459721
Chunk bitrate: 37 2000000
Buffer size: 37 152001
Chunk bitrate: 37 2000000
Buffer size: 38 152001
Download Time: 2339821
Chunk bitrate: 38 2000000
Buffer size: 39 156001
Download Time: 1953951
Chunk bitrate: 39 1000000
Buffer size: 39 160001
Chunk bitrate: 39 1000000
Buffer size: 40 160001
Download Time: 2859037
Chunk bitrate: 40 600000
Buffer size: 40 164001
Chunk bitrate: 40 600000
Buffer size: 41 164001
Download Time: 1993973
Chunk bitrate: 41 1000000
Buffer size: 41 168001
Chunk bitrate: 41 1000000
Buffer size: 42 168001
Download Time: 1400529
[00007f7b30003378] core mux error: cannot add this stream
[00007f7b300b76f8] core decoder error: cannot create packetizer output (h264)
Chunk bitrate: 42 1000000
Buffer size: 43 172001
Download Time: 1588491
Chunk bitrate: 43 1000000
Buffer size: 44 176001
Download Time: 1241826
Chunk bitrate: 44 1000000
Buffer size: 45 180001
Download Time: 713646
Chunk bitrate: 45 3000000
Buffer size: 45 184001
Chunk bitrate: 45 3000000
Buffer size: 46 184001
Download Time: 2237141
[00007f7b30003378] core mux error: cannot add this stream
[00007f7b3003b6b8] core decoder error: cannot create packetizer output (h264)
Chunk bitrate: 46 3000000
Buffer size: 47 188001
Download Time: 2510784
Chunk bitrate: 47 1000000
Buffer size: 47 192001
Chunk bitrate: 47 1000000
Buffer size: 48 192001
Download Time: 2191503
[00007f7b30003378] core mux error: cannot add this stream
[00007f7b30075ae8] core decoder error: cannot create packetizer output (h264)
Chunk bitrate: 48 600000
Buffer size: 48 196001
Chunk bitrate: 48 600000
Buffer size: 49 196001
Download Time: 1830078
[00007f7b30003378] core mux error: cannot add this stream
[00007f7b300bacf8] core decoder error: cannot create packetizer output (h264)
Chunk bitrate: 49 1000000
Buffer size: 49 200001
Chunk bitrate: 49 1000000
Buffer size: 50 200001
Download Time: 2117450
[00007f7b30003378] core mux error: cannot add this stream
[00007f7b301c1a28] core decoder error: cannot create packetizer output (h264)
Chunk bitrate: 50 1000000
Buffer size: 51 204001
Download Time: 1713843
Chunk bitrate: 51 1000000
Buffer size: 52 208001
Download Time: 1663640
Chunk bitrate: 52 1000000
Buffer size: 53 212001
Download Time: 1290143
Chunk bitrate: 53 1000000
Buffer size: 54 216001
Download Time: 1602150
Chunk bitrate: 54 1000000
Buffer size: 55 220001
Download Time: 1141477
Chunk bitrate: 55 3000000
Buffer size: 55 224001
Chunk bitrate: 55 3000000
Buffer size: 56 224001
Download Time: 2239995
[00007f7b30003378] core mux error: cannot add this stream
[00007f7b300b70f8] core decoder error: cannot create packetizer output (h264)
Chunk bitrate: 56 3000000
Buffer size: 57 228001
Download Time: 1546054
Chunk bitrate: 57 3000000
Buffer size: 58 232001
Download Time: 650808
Chunk bitrate: 58 3000000
Buffer size: 59 236001
Download Time: 8372417
Chunk bitrate: 59 1000000
Buffer size: 59 240001
Chunk bitrate: 59 1000000
Buffer size: 60 240001
Download Time: 1783538
[00007f7b30003378] core mux error: cannot add this stream
[00007f7b301bee88] core decoder error: cannot create packetizer output (h264)
Chunk bitrate: 60 1000000
Buffer size: 61 244001
Download Time: 1336543
Chunk bitrate: 61 1000000
Buffer size: 62 248001
Download Time: 481330
Chunk bitrate: 62 1000000
Buffer size: 63 252001
Download Time: 362080
Chunk bitrate: 63 1000000
Buffer size: 64 256001
Download Time: 666086
Chunk bitrate: 64 1000000
Buffer size: 65 260001
[00007f7b30003378] ps mux: Close
[00007f7b2c001698] idummy demux: command `quit'
[0000000001eec1e8] [cli] lua interface error: Error loading script /home/cs244/vlc/share/lua/intf/cli.luac: lua/intf/modules/host.lua:286: Interrupted.
