[0000000000ff31e8] core interface error: no suitable interface module
[0000000000f2a338] core libvlc error: interface "globalhotkeys,none" initialization failed
[0000000000ff31e8] dbus interface error: Failed to connect to the D-Bus session daemon: Unable to autolaunch a dbus-daemon without a $DISPLAY for X11
[0000000000ff31e8] core interface error: no suitable interface module
[0000000000f2a338] core libvlc error: interface "dbus,none" initialization failed
[0000000000f2a338] core libvlc: Running vlc with the default interface. Use 'cvlc' to use vlc without interface.
[0000000000ff31e8] qt interface error: Could not connect to X server
[0000000000ff31e8] skins2 interface error: cannot initialize OSFactory
[0000000000ff31e8] [cli] lua interface: Listening on host "*console".
VLC media player 3.0.0-git Vetinari
Command Line Interface initialized. Type `help' for help.
> [00007f00c4003378] ps mux: Open
making a DASHManager
new ratebased adaptionlogic
Chunk bitrate: 0 349952
Buffer size: 0 0
Chunk bitrate: 0 349952
Buffer size: 0 0
[00007f00c401a0f8] mp4 demux: Fragment sequence discontinuity detected 0 != 2
Download Time: 580076
[00007f00c4022dc8] mp4 demux: Fragment sequence discontinuity detected 0 != 2
Startup Time: 1050000
Chunk bitrate: 0 1000000
Buffer size: 0 4001
Chunk bitrate: 0 1000000
Buffer size: 1 4001
Download Time: 1603522
Chunk bitrate: 1 1000000
Buffer size: 2 8001
Download Time: 1169572
Chunk bitrate: 2 1000000
Buffer size: 3 12001
Download Time: 1364606
Chunk bitrate: 3 3000000
Buffer size: 3 16001
Chunk bitrate: 3 3000000
Buffer size: 4 16001
Download Time: 1941908
Chunk bitrate: 4 3000000
Buffer size: 5 20001
Download Time: 2485097
Chunk bitrate: 5 3000000
Buffer size: 6 24001
Download Time: 1686415
Chunk bitrate: 6 3000000
Buffer size: 7 28001
Download Time: 1653528
Chunk bitrate: 7 3000000
Buffer size: 8 32001
Download Time: 3452916
Chunk bitrate: 8 2000000
Buffer size: 8 36001
Chunk bitrate: 8 2000000
Buffer size: 9 36001
Download Time: 2580283
Chunk bitrate: 9 1000000
Buffer size: 9 40001
Chunk bitrate: 9 1000000
Buffer size: 10 40001
Download Time: 1280009
Chunk bitrate: 10 1000000
Buffer size: 11 44001
Download Time: 1394969
Chunk bitrate: 11 1000000
Buffer size: 12 48001
Download Time: 1724769
Chunk bitrate: 12 1000000
Buffer size: 13 52001
Download Time: 1203401
Chunk bitrate: 13 3000000
Buffer size: 13 56001
Chunk bitrate: 13 3000000
Buffer size: 14 56001
Download Time: 1879442
Chunk bitrate: 14 3000000
Buffer size: 15 60001
Download Time: 1775478
Chunk bitrate: 15 3000000
Buffer size: 16 64001
Download Time: 2189781
Chunk bitrate: 16 3000000
Buffer size: 17 68001
Download Time: 1823384
Chunk bitrate: 17 3000000
Buffer size: 18 72001
Download Time: 3121759
Chunk bitrate: 18 1000000
Buffer size: 18 76001
Chunk bitrate: 18 1000000
Buffer size: 19 76001
Download Time: 1054622
Chunk bitrate: 19 1000000
Buffer size: 20 80001
Download Time: 1814476
Chunk bitrate: 20 1000000
Buffer size: 21 84001
Download Time: 1011045
Chunk bitrate: 21 1000000
Buffer size: 22 88001
Download Time: 1312748
Chunk bitrate: 22 1000000
Buffer size: 23 92001
Download Time: 1659615
Chunk bitrate: 23 1000000
Buffer size: 24 96001
Download Time: 1322880
Chunk bitrate: 24 3000000
Buffer size: 24 100001
Chunk bitrate: 24 3000000
Buffer size: 25 100001
Download Time: 2057602
Chunk bitrate: 25 3000000
Buffer size: 26 104001
Download Time: 1947012
Chunk bitrate: 26 3000000
Buffer size: 27 108001
Download Time: 1239874
Chunk bitrate: 27 3000000
Buffer size: 28 112001
Download Time: 1943017
Chunk bitrate: 28 3000000
Buffer size: 29 116001
Download Time: 2542531
Chunk bitrate: 29 2000000
Buffer size: 29 120001
Chunk bitrate: 29 2000000
Buffer size: 30 120001
Download Time: 2123785
Chunk bitrate: 30 1000000
Buffer size: 30 124001
Chunk bitrate: 30 1000000
Buffer size: 31 124001
Download Time: 1227825
Chunk bitrate: 31 1000000
Buffer size: 32 128001
Download Time: 1542963
Chunk bitrate: 32 2000000
Buffer size: 32 132001
Chunk bitrate: 32 2000000
Buffer size: 33 132001
Download Time: 2114904
Chunk bitrate: 33 2000000
Buffer size: 34 136001
Download Time: 2249257
Chunk bitrate: 34 3000000
Buffer size: 34 140001
Chunk bitrate: 34 3000000
Buffer size: 35 140001
Download Time: 2069564
Chunk bitrate: 35 3000000
Buffer size: 36 144001
Download Time: 1666341
Chunk bitrate: 36 3000000
Buffer size: 37 148001
Download Time: 2475374
Chunk bitrate: 37 3000000
Buffer size: 38 152001
Download Time: 2341436
Chunk bitrate: 38 3000000
Buffer size: 39 156001
Download Time: 2897562
Chunk bitrate: 39 2000000
Buffer size: 39 160001
Chunk bitrate: 39 2000000
Buffer size: 40 160001
Download Time: 2232387
Chunk bitrate: 40 1000000
Buffer size: 40 164001
Chunk bitrate: 40 1000000
Buffer size: 41 164001
Download Time: 1579697
Chunk bitrate: 41 1000000
Buffer size: 42 168001
Download Time: 1394552
Chunk bitrate: 42 1000000
Buffer size: 43 172001
Download Time: 1578924
Chunk bitrate: 43 1000000
Buffer size: 44 176001
Download Time: 1102343
Chunk bitrate: 44 3000000
Buffer size: 44 180001
Chunk bitrate: 44 3000000
Buffer size: 45 180001
Download Time: 2100037
Chunk bitrate: 45 3000000
Buffer size: 46 184001
Download Time: 2237159
Chunk bitrate: 46 3000000
Buffer size: 47 188001
Download Time: 2092548
Chunk bitrate: 47 3000000
Buffer size: 48 192001
Download Time: 1747367
Chunk bitrate: 48 3000000
Buffer size: 49 196001
Download Time: 3547430
Chunk bitrate: 49 2000000
Buffer size: 49 200001
Chunk bitrate: 49 2000000
Buffer size: 50 200001
Download Time: 2707405
Chunk bitrate: 50 1000000
Buffer size: 50 204001
Chunk bitrate: 50 1000000
Buffer size: 51 204001
Download Time: 1136345
[00007f00c4003378] core mux error: cannot add this stream
[00007f00c40b15e8] core decoder error: cannot create packetizer output (h264)
Chunk bitrate: 51 1000000
Buffer size: 52 208001
Download Time: 1431257
Chunk bitrate: 52 1000000
Buffer size: 53 212001
Download Time: 1284974
Chunk bitrate: 53 1000000
Buffer size: 54 216001
Download Time: 1201135
Chunk bitrate: 54 3000000
Buffer size: 54 220001
Chunk bitrate: 54 3000000
Buffer size: 55 220001
Download Time: 2045473
[00007f00c4003378] core mux error: cannot add this stream
[00007f00c41b5b98] core decoder error: cannot create packetizer output (h264)
Chunk bitrate: 55 3000000
Buffer size: 56 224001
Download Time: 2240100
Chunk bitrate: 56 3000000
Buffer size: 57 228001
Download Time: 1545351
Chunk bitrate: 57 3000000
Buffer size: 58 232001
Download Time: 652557
Chunk bitrate: 58 3000000
Buffer size: 59 236001
Download Time: 2394366
Chunk bitrate: 59 3000000
Buffer size: 60 240001
Download Time: 3248758
Chunk bitrate: 60 1000000
Buffer size: 60 244001
Chunk bitrate: 60 1000000
Buffer size: 61 244001
Download Time: 1331463
[00007f00c4003378] core mux error: cannot add this stream
[00007f00c410f1f8] core decoder error: cannot create packetizer output (h264)
Chunk bitrate: 61 1000000
Buffer size: 62 248001
Download Time: 476104
Chunk bitrate: 62 1000000
Buffer size: 63 252001
Download Time: 357932
Chunk bitrate: 63 1000000
Buffer size: 64 256001
Download Time: 664853
Chunk bitrate: 64 1000000
Buffer size: 65 260001
[00007f00c4003378] ps mux: Close
[00007f00c00014c8] idummy demux: command `quit'
[0000000000ff31e8] [cli] lua interface error: Error loading script /home/cs244/vlc/share/lua/intf/cli.luac: lua/intf/modules/host.lua:286: Interrupted.
