[0000000000fc5548] core interface error: no suitable interface module
[0000000000efe338] core libvlc error: interface "globalhotkeys,none" initialization failed
[0000000000fc5548] dbus interface error: Failed to connect to the D-Bus session daemon: Unable to autolaunch a dbus-daemon without a $DISPLAY for X11
[0000000000fc5548] core interface error: no suitable interface module
[0000000000efe338] core libvlc error: interface "dbus,none" initialization failed
[0000000000efe338] core libvlc: Running vlc with the default interface. Use 'cvlc' to use vlc without interface.
[0000000000fc5548] qt interface error: Could not connect to X server
[0000000000fc5548] skins2 interface error: cannot initialize OSFactory
[0000000000fc5548] [cli] lua interface: Listening on host "*console".
VLC media player 3.0.0-git Vetinari
Command Line Interface initialized. Type `help' for help.
> [00007f9f54003378] ps mux: Open
making a DASHManager
new ratebased adaptionlogic
Chunk bitrate: 0 349952
Buffer size: 0 0
Chunk bitrate: 0 349952
Buffer size: 0 0
[00007f9f54027828] mp4 demux: Fragment sequence discontinuity detected 0 != 2
Download Time: 734209
[00007f9f54024618] mp4 demux: Fragment sequence discontinuity detected 0 != 2
Startup Time: 1050000
Chunk bitrate: 0 1000000
Buffer size: 0 4001
Chunk bitrate: 0 1000000
Buffer size: 1 4001
Download Time: 2014762
Chunk bitrate: 1 1000000
Buffer size: 2 8001
Download Time: 1463817
Chunk bitrate: 2 1000000
Buffer size: 3 12001
Download Time: 1567884
Chunk bitrate: 3 1000000
Buffer size: 4 16001
Download Time: 1310824
Chunk bitrate: 4 1000000
Buffer size: 5 20001
Download Time: 1710735
Chunk bitrate: 5 1000000
Buffer size: 6 24001
Download Time: 883966
Chunk bitrate: 6 2000000
Buffer size: 6 28001
Chunk bitrate: 6 2000000
Buffer size: 7 28001
Download Time: 1752245
Chunk bitrate: 7 2000000
Buffer size: 8 32001
Download Time: 2581286
Chunk bitrate: 8 3000000
Buffer size: 8 36001
Chunk bitrate: 8 3000000
Buffer size: 9 36001
Download Time: 1916328
Chunk bitrate: 9 3000000
Buffer size: 10 40001
Download Time: 2207386
Chunk bitrate: 10 3000000
Buffer size: 11 44001
Download Time: 2611111
Chunk bitrate: 11 2000000
Buffer size: 11 48001
Chunk bitrate: 11 2000000
Buffer size: 12 48001
Download Time: 2676436
Chunk bitrate: 12 2000000
Buffer size: 13 52001
Download Time: 1484551
Chunk bitrate: 13 3000000
Buffer size: 13 56001
Chunk bitrate: 13 3000000
Buffer size: 14 56001
Download Time: 1879583
Chunk bitrate: 14 3000000
Buffer size: 15 60001
Download Time: 1688697
Chunk bitrate: 15 3000000
Buffer size: 16 64001
Download Time: 1096951
Chunk bitrate: 16 3000000
Buffer size: 17 68001
Download Time: 914406
Chunk bitrate: 17 3000000
Buffer size: 18 72001
Download Time: 1139984
Chunk bitrate: 18 3000000
Buffer size: 19 76001
Download Time: 647515
Chunk bitrate: 19 3000000
Buffer size: 20 80001
Download Time: 1041739
Chunk bitrate: 20 2000000
Buffer size: 20 84001
Chunk bitrate: 20 2000000
Buffer size: 21 84001
Download Time: 1314144
Chunk bitrate: 21 2000000
Buffer size: 22 88001
Download Time: 1976761
Chunk bitrate: 22 2000000
Buffer size: 23 92001
Download Time: 2492558
Chunk bitrate: 23 2000000
Buffer size: 24 96001
Download Time: 2083998
Chunk bitrate: 24 2000000
Buffer size: 25 100001
Download Time: 1928419
Chunk bitrate: 25 3000000
Buffer size: 25 104001
Chunk bitrate: 25 3000000
Buffer size: 26 104001
Download Time: 1947944
Chunk bitrate: 26 3000000
Buffer size: 27 108001
Download Time: 1237710
Chunk bitrate: 27 3000000
Buffer size: 28 112001
Download Time: 1654366
Chunk bitrate: 28 3000000
Buffer size: 29 116001
Download Time: 1209730
Chunk bitrate: 29 3000000
Buffer size: 30 120001
Download Time: 755549
Chunk bitrate: 30 3000000
Buffer size: 31 124001
Download Time: 765129
Chunk bitrate: 31 3000000
Buffer size: 32 128001
Download Time: 1241549
Chunk bitrate: 32 3000000
Buffer size: 33 132001
Download Time: 2927084
Chunk bitrate: 33 2000000
Buffer size: 33 136001
Chunk bitrate: 33 2000000
Buffer size: 34 136001
Download Time: 2765721
Chunk bitrate: 34 3000000
Buffer size: 34 140001
Chunk bitrate: 34 3000000
Buffer size: 35 140001
Download Time: 2067834
Chunk bitrate: 35 3000000
Buffer size: 36 144001
Download Time: 1666204
Chunk bitrate: 36 3000000
Buffer size: 37 148001
Download Time: 1666799
Chunk bitrate: 37 3000000
Buffer size: 38 152001
Download Time: 1172460
Chunk bitrate: 38 3000000
Buffer size: 39 156001
Download Time: 1015020
Chunk bitrate: 39 3000000
Buffer size: 40 160001
Download Time: 869573
Chunk bitrate: 40 3000000
Buffer size: 41 164001
Download Time: 1173296
Chunk bitrate: 41 3000000
Buffer size: 42 168001
Download Time: 975609
Chunk bitrate: 42 3000000
Buffer size: 43 172001
Download Time: 1201828
Chunk bitrate: 43 3000000
Buffer size: 44 176001
Download Time: 882220
Chunk bitrate: 44 3000000
Buffer size: 45 180001
Download Time: 1053063
Chunk bitrate: 45 3000000
Buffer size: 46 184001
Download Time: 2359611
Chunk bitrate: 46 2000000
Buffer size: 46 188001
Chunk bitrate: 46 2000000
Buffer size: 47 188001
Download Time: 1944033
Chunk bitrate: 47 2000000
Buffer size: 48 192001
Download Time: 1529758
Chunk bitrate: 48 3000000
Buffer size: 48 196001
Chunk bitrate: 48 3000000
Buffer size: 49 196001
Download Time: 2472249
Chunk bitrate: 49 3000000
Buffer size: 50 200001
Download Time: 1874104
Chunk bitrate: 50 3000000
Buffer size: 51 204001
Download Time: 1548337
Chunk bitrate: 51 3000000
Buffer size: 52 208001
Download Time: 2272369
Chunk bitrate: 52 3000000
Buffer size: 53 212001
Download Time: 1565763
Chunk bitrate: 53 3000000
Buffer size: 54 216001
Download Time: 1138065
Chunk bitrate: 54 3000000
Buffer size: 55 220001
Download Time: 1025337
Chunk bitrate: 55 3000000
Buffer size: 56 224001
Download Time: 1121873
Chunk bitrate: 56 3000000
Buffer size: 57 228001
Download Time: 775279
Chunk bitrate: 57 3000000
Buffer size: 58 232001
Download Time: 802028
Chunk bitrate: 58 2000000
Buffer size: 58 236001
Chunk bitrate: 58 2000000
Buffer size: 59 236001
Download Time: 2474264
Chunk bitrate: 59 2000000
Buffer size: 60 240001
Download Time: 1895845
Chunk bitrate: 60 2000000
Buffer size: 61 244001
Download Time: 2031194
Chunk bitrate: 61 2000000
Buffer size: 62 248001
Download Time: 663368
Chunk bitrate: 62 2000000
Buffer size: 63 252001
Download Time: 469484
Chunk bitrate: 63 2000000
Buffer size: 64 256001
Download Time: 935743
Chunk bitrate: 64 2000000
Buffer size: 65 260001
[00007f9f54003378] ps mux: Close
[00007f9f500031e8] idummy demux: command `quit'
[0000000000fc5548] [cli] lua interface error: Error loading script /home/cs244/vlc/share/lua/intf/cli.luac: lua/intf/modules/host.lua:286: Interrupted.
