[00000000018441e8] core interface error: no suitable interface module
[000000000177b338] core libvlc error: interface "globalhotkeys,none" initialization failed
[00000000018441e8] dbus interface error: Failed to connect to the D-Bus session daemon: Unable to autolaunch a dbus-daemon without a $DISPLAY for X11
[00000000018441e8] core interface error: no suitable interface module
[000000000177b338] core libvlc error: interface "dbus,none" initialization failed
[000000000177b338] core libvlc: Running vlc with the default interface. Use 'cvlc' to use vlc without interface.
[00000000018441e8] qt interface error: Could not connect to X server
[00000000018441e8] skins2 interface error: cannot initialize OSFactory
[00000000018441e8] [cli] lua interface: Listening on host "*console".
VLC media player 3.0.0-git Vetinari
Command Line Interface initialized. Type `help' for help.
> [00007f327c003378] ps mux: Open
making a DASHManager
new ratebased adaptionlogic
Chunk bitrate: 0 349952
Buffer size: 0 0
Chunk bitrate: 0 349952
Buffer size: 0 0
[00007f327c025238] mp4 demux: Fragment sequence discontinuity detected 0 != 2
Download Time: 441243
[00007f327c023d78] mp4 demux: Fragment sequence discontinuity detected 0 != 2
Startup Time: 1050000
Chunk bitrate: 0 2000000
Buffer size: 0 4001
Chunk bitrate: 0 2000000
Buffer size: 1 4001
Download Time: 2339281
Chunk bitrate: 1 2000000
Buffer size: 2 8001
Download Time: 1779361
Chunk bitrate: 2 2000000
Buffer size: 3 12001
Download Time: 1596282
Chunk bitrate: 3 3000000
Buffer size: 3 16001
Chunk bitrate: 3 3000000
Buffer size: 4 16001
Download Time: 1941838
Chunk bitrate: 4 3000000
Buffer size: 5 20001
Download Time: 1908558
Chunk bitrate: 5 3000000
Buffer size: 6 24001
Download Time: 843199
Chunk bitrate: 6 3000000
Buffer size: 7 28001
Download Time: 829082
Chunk bitrate: 7 3000000
Buffer size: 8 32001
Download Time: 1310299
Chunk bitrate: 8 3000000
Buffer size: 9 36001
Download Time: 960540
Chunk bitrate: 9 3000000
Buffer size: 10 40001
Download Time: 3464613
Chunk bitrate: 10 1000000
Buffer size: 10 44001
Chunk bitrate: 10 1000000
Buffer size: 11 44001
Download Time: 1400843
Chunk bitrate: 11 1000000
Buffer size: 12 48001
Download Time: 1357897
Chunk bitrate: 12 2000000
Buffer size: 12 52001
Chunk bitrate: 12 2000000
Buffer size: 13 52001
Download Time: 2184276
Chunk bitrate: 13 2000000
Buffer size: 14 56001
Download Time: 1876841
Chunk bitrate: 14 3000000
Buffer size: 14 60001
Chunk bitrate: 14 3000000
Buffer size: 15 60001
Download Time: 1774016
Chunk bitrate: 15 3000000
Buffer size: 16 64001
Download Time: 2191125
Chunk bitrate: 16 3000000
Buffer size: 17 68001
Download Time: 1169145
Chunk bitrate: 17 3000000
Buffer size: 18 72001
Download Time: 1140153
Chunk bitrate: 18 3000000
Buffer size: 19 76001
Download Time: 647834
Chunk bitrate: 19 3000000
Buffer size: 20 80001
Download Time: 985384
Chunk bitrate: 20 3000000
Buffer size: 21 84001
Download Time: 603082
Chunk bitrate: 21 3000000
Buffer size: 22 88001
Download Time: 1064748
Chunk bitrate: 22 2000000
Buffer size: 22 92001
Chunk bitrate: 22 2000000
Buffer size: 23 92001
Download Time: 2492883
Chunk bitrate: 23 2000000
Buffer size: 24 96001
Download Time: 2085388
Chunk bitrate: 24 3000000
Buffer size: 24 100001
Chunk bitrate: 24 3000000
Buffer size: 25 100001
Download Time: 2057737
Chunk bitrate: 25 3000000
Buffer size: 26 104001
Download Time: 1947350
Chunk bitrate: 26 3000000
Buffer size: 27 108001
Download Time: 1239854
Chunk bitrate: 27 3000000
Buffer size: 28 112001
Download Time: 1943432
Chunk bitrate: 28 3000000
Buffer size: 29 116001
Download Time: 2415513
Chunk bitrate: 29 3000000
Buffer size: 30 120001
Download Time: 780717
Chunk bitrate: 30 3000000
Buffer size: 31 124001
Download Time: 767679
Chunk bitrate: 31 3000000
Buffer size: 32 128001
Download Time: 1242006
Chunk bitrate: 32 3000000
Buffer size: 33 132001
Download Time: 1162180
Chunk bitrate: 33 3000000
Buffer size: 34 136001
Download Time: 1454884
Chunk bitrate: 34 2000000
Buffer size: 34 140001
Chunk bitrate: 34 2000000
Buffer size: 35 140001
Download Time: 2246660
Chunk bitrate: 35 2000000
Buffer size: 36 144001
Download Time: 1646622
Chunk bitrate: 36 2000000
Buffer size: 37 148001
Download Time: 1658925
Chunk bitrate: 37 3000000
Buffer size: 37 152001
Chunk bitrate: 37 3000000
Buffer size: 38 152001
Download Time: 2342587
Chunk bitrate: 38 3000000
Buffer size: 39 156001
Download Time: 2022862
Chunk bitrate: 39 3000000
Buffer size: 40 160001
Download Time: 1735168
Chunk bitrate: 40 3000000
Buffer size: 41 164001
Download Time: 2239944
Chunk bitrate: 41 3000000
Buffer size: 42 168001
Download Time: 974543
Chunk bitrate: 42 3000000
Buffer size: 43 172001
Download Time: 1202566
Chunk bitrate: 43 3000000
Buffer size: 44 176001
Download Time: 882296
Chunk bitrate: 44 3000000
Buffer size: 45 180001
Download Time: 1051594
Chunk bitrate: 45 3000000
Buffer size: 46 184001
Download Time: 2606366
Chunk bitrate: 46 2000000
Buffer size: 46 188001
Chunk bitrate: 46 2000000
Buffer size: 47 188001
Download Time: 2587214
Chunk bitrate: 47 1000000
Buffer size: 47 192001
Chunk bitrate: 47 1000000
Buffer size: 48 192001
Download Time: 870604
Chunk bitrate: 48 2000000
Buffer size: 48 196001
Chunk bitrate: 48 2000000
Buffer size: 49 196001
Download Time: 2456657
Chunk bitrate: 49 2000000
Buffer size: 50 200001
Download Time: 1924263
Chunk bitrate: 50 3000000
Buffer size: 50 204001
Chunk bitrate: 50 3000000
Buffer size: 51 204001
Download Time: 1547795
Chunk bitrate: 51 3000000
Buffer size: 52 208001
Download Time: 2269978
Chunk bitrate: 52 3000000
Buffer size: 53 212001
Download Time: 2144068
Chunk bitrate: 53 3000000
Buffer size: 54 216001
Download Time: 2269681
Chunk bitrate: 54 3000000
Buffer size: 55 220001
Download Time: 1648186
Chunk bitrate: 55 3000000
Buffer size: 56 224001
Download Time: 1122516
Chunk bitrate: 56 3000000
Buffer size: 57 228001
Download Time: 775475
Chunk bitrate: 57 3000000
Buffer size: 58 232001
Download Time: 328541
Chunk bitrate: 58 3000000
Buffer size: 59 236001
Download Time: 1199548
Chunk bitrate: 59 3000000
Buffer size: 60 240001
Download Time: 914673
Chunk bitrate: 60 3000000
Buffer size: 61 244001
Download Time: 2721082
Chunk bitrate: 61 2000000
Buffer size: 61 248001
Chunk bitrate: 61 2000000
Buffer size: 62 248001
Download Time: 663543
Chunk bitrate: 62 2000000
Buffer size: 63 252001
Download Time: 470238
Chunk bitrate: 63 2000000
Buffer size: 64 256001
Download Time: 935598
Chunk bitrate: 64 2000000
Buffer size: 65 260001
[00007f327c003378] ps mux: Close
[00007f327c025088] idummy demux: command `quit'
[00000000018441e8] [cli] lua interface error: Error loading script /home/cs244/vlc/share/lua/intf/cli.luac: lua/intf/modules/host.lua:286: Interrupted.
