[00000000023d61e8] core interface error: no suitable interface module
[000000000230d338] core libvlc error: interface "globalhotkeys,none" initialization failed
[00000000023d61e8] dbus interface error: Failed to connect to the D-Bus session daemon: Unable to autolaunch a dbus-daemon without a $DISPLAY for X11
[00000000023d61e8] core interface error: no suitable interface module
[000000000230d338] core libvlc error: interface "dbus,none" initialization failed
[000000000230d338] core libvlc: Running vlc with the default interface. Use 'cvlc' to use vlc without interface.
[00000000023d61e8] qt interface error: Could not connect to X server
[00000000023d61e8] skins2 interface error: cannot initialize OSFactory
[00007f0eac003378] ps mux: Open
[00000000023d61e8] [cli] lua interface: Listening on host "*console".
VLC media player 3.0.0-git Vetinari
Command Line Interface initialized. Type `help' for help.
> making a DASHManager
new ratebased adaptionlogic
Chunk bitrate: 0 349952
Buffer size: 0 0
Chunk bitrate: 0 349952
Buffer size: 0 0
[00007f0eac0238e8] mp4 demux: Fragment sequence discontinuity detected 0 != 2
Download Time: 293421
[00007f0eac023a78] mp4 demux: Fragment sequence discontinuity detected 0 != 2
Startup Time: 1050000
Chunk bitrate: 0 3000000
Buffer size: 0 4001
Chunk bitrate: 0 3000000
Buffer size: 1 4001
Download Time: 2270099
Chunk bitrate: 1 3000000
Buffer size: 2 8001
Download Time: 1900815
Chunk bitrate: 2 3000000
Buffer size: 3 12001
Download Time: 1257708
Chunk bitrate: 3 3000000
Buffer size: 4 16001
Download Time: 973206
Chunk bitrate: 4 3000000
Buffer size: 5 20001
Download Time: 1245069
Chunk bitrate: 5 3000000
Buffer size: 6 24001
Download Time: 843980
Chunk bitrate: 6 3000000
Buffer size: 7 28001
Download Time: 829094
Chunk bitrate: 7 3000000
Buffer size: 8 32001
Download Time: 1310251
Chunk bitrate: 8 3000000
Buffer size: 9 36001
Download Time: 959964
Chunk bitrate: 9 3000000
Buffer size: 10 40001
Download Time: 1106224
Chunk bitrate: 10 3000000
Buffer size: 11 44001
Download Time: 962377
Chunk bitrate: 11 3000000
Buffer size: 12 48001
Download Time: 2238305
Chunk bitrate: 12 3000000
Buffer size: 13 52001
Download Time: 2227641
Chunk bitrate: 13 3000000
Buffer size: 14 56001
Download Time: 1879617
Chunk bitrate: 14 3000000
Buffer size: 15 60001
Download Time: 1774726
Chunk bitrate: 15 3000000
Buffer size: 16 64001
Download Time: 2136092
Chunk bitrate: 16 3000000
Buffer size: 17 68001
Download Time: 913228
Chunk bitrate: 17 3000000
Buffer size: 18 72001
Download Time: 1139089
Chunk bitrate: 18 3000000
Buffer size: 19 76001
Download Time: 647467
Chunk bitrate: 19 3000000
Buffer size: 20 80001
Download Time: 983613
Chunk bitrate: 20 3000000
Buffer size: 21 84001
Download Time: 603058
Chunk bitrate: 21 3000000
Buffer size: 22 88001
Download Time: 892698
Chunk bitrate: 22 3000000
Buffer size: 23 92001
Download Time: 1174201
Chunk bitrate: 23 3000000
Buffer size: 24 96001
Download Time: 1044374
Chunk bitrate: 24 3000000
Buffer size: 25 100001
Download Time: 1033533
Chunk bitrate: 25 3000000
Buffer size: 26 104001
Download Time: 975283
Chunk bitrate: 26 3000000
Buffer size: 27 108001
Download Time: 1238916
Chunk bitrate: 27 3000000
Buffer size: 28 112001
Download Time: 1943837
Chunk bitrate: 28 3000000
Buffer size: 29 116001
Download Time: 2414791
Chunk bitrate: 29 3000000
Buffer size: 30 120001
Download Time: 1506756
Chunk bitrate: 30 3000000
Buffer size: 31 124001
Download Time: 1525889
Chunk bitrate: 31 3000000
Buffer size: 32 128001
Download Time: 1786526
Chunk bitrate: 32 3000000
Buffer size: 33 132001
Download Time: 1163377
Chunk bitrate: 33 3000000
Buffer size: 34 136001
Download Time: 1135155
Chunk bitrate: 34 3000000
Buffer size: 35 140001
Download Time: 1035859
Chunk bitrate: 35 3000000
Buffer size: 36 144001
Download Time: 834793
Chunk bitrate: 36 3000000
Buffer size: 37 148001
Download Time: 1240327
Chunk bitrate: 37 3000000
Buffer size: 38 152001
Download Time: 1173016
Chunk bitrate: 38 3000000
Buffer size: 39 156001
Download Time: 1013533
Chunk bitrate: 39 3000000
Buffer size: 40 160001
Download Time: 869074
Chunk bitrate: 40 3000000
Buffer size: 41 164001
Download Time: 1791909
Chunk bitrate: 41 3000000
Buffer size: 42 168001
Download Time: 1946858
Chunk bitrate: 42 3000000
Buffer size: 43 172001
Download Time: 2400847
Chunk bitrate: 43 3000000
Buffer size: 44 176001
Download Time: 1762656
Chunk bitrate: 44 3000000
Buffer size: 45 180001
Download Time: 2103617
Chunk bitrate: 45 3000000
Buffer size: 46 184001
Download Time: 1254427
Chunk bitrate: 46 3000000
Buffer size: 47 188001
Download Time: 1045807
Chunk bitrate: 47 3000000
Buffer size: 48 192001
Download Time: 876215
Chunk bitrate: 48 3000000
Buffer size: 49 196001
Download Time: 1238802
Chunk bitrate: 49 3000000
Buffer size: 50 200001
Download Time: 939790
Chunk bitrate: 50 3000000
Buffer size: 51 204001
Download Time: 776940
Chunk bitrate: 51 3000000
Buffer size: 52 208001
Download Time: 1136975
Chunk bitrate: 52 3000000
Buffer size: 53 212001
Download Time: 1074653
Chunk bitrate: 53 3000000
Buffer size: 54 216001
Download Time: 1136457
Chunk bitrate: 54 3000000
Buffer size: 55 220001
Download Time: 1546184
Download Time: 50179
Chunk bitrate: 55 3000000
Buffer size: 56 224001
Download Time: 2241890
Chunk bitrate: 56 3000000
Buffer size: 57 228001
Download Time: 1548699
Chunk bitrate: 57 3000000
Buffer size: 58 232001
Download Time: 652240
Chunk bitrate: 58 3000000
Buffer size: 59 236001
Download Time: 2394925
Chunk bitrate: 59 3000000
Buffer size: 60 240001
Download Time: 1826821
Chunk bitrate: 60 3000000
Buffer size: 61 244001
Download Time: 954162
Chunk bitrate: 61 3000000
Buffer size: 62 248001
Download Time: 322073
Chunk bitrate: 62 3000000
Buffer size: 63 252001
Download Time: 227760
Chunk bitrate: 63 3000000
Buffer size: 64 256001
Download Time: 401651
Chunk bitrate: 64 3000000
Buffer size: 65 260001
[00007f0eac003378] ps mux: Close
[00007f0e9c000e98] idummy demux: command `quit'
[00000000023d61e8] [cli] lua interface error: Error loading script /home/cs244/vlc/share/lua/intf/cli.luac: lua/intf/modules/host.lua:286: Interrupted.
