[0000000000a461e8] core interface error: no suitable interface module
[000000000097d338] core libvlc error: interface "globalhotkeys,none" initialization failed
[0000000000a461e8] dbus interface error: Failed to connect to the D-Bus session daemon: Unable to autolaunch a dbus-daemon without a $DISPLAY for X11
[0000000000a461e8] core interface error: no suitable interface module
[000000000097d338] core libvlc error: interface "dbus,none" initialization failed
[000000000097d338] core libvlc: Running vlc with the default interface. Use 'cvlc' to use vlc without interface.
[0000000000a461e8] qt interface error: Could not connect to X server
[0000000000a461e8] skins2 interface error: cannot initialize OSFactory
[0000000000a461e8] [cli] lua interface: Listening on host "*console".
VLC media player 3.0.0-git Vetinari
Command Line Interface initialized. Type `help' for help.
> [00007f1be0003378] ps mux: Open
making a DASHManager
new ratebased adaptionlogic
Chunk bitrate: 0 349952
Buffer size: 0 0
Chunk bitrate: 0 349952
Buffer size: 0 0
[00007f1be0019498] mp4 demux: Fragment sequence discontinuity detected 0 != 2
Download Time: 583346
[00007f1be0019328] mp4 demux: Fragment sequence discontinuity detected 0 != 2
Startup Time: 1050000
Chunk bitrate: 0 1000000
Buffer size: 0 4001
Chunk bitrate: 0 1000000
Buffer size: 1 4001
Download Time: 1607783
Chunk bitrate: 1 1000000
Buffer size: 2 8001
Download Time: 1171128
Chunk bitrate: 2 1000000
Buffer size: 3 12001
Download Time: 1547842
Chunk bitrate: 3 1000000
Buffer size: 4 16001
Download Time: 1307392
Chunk bitrate: 4 1000000
Buffer size: 5 20001
Download Time: 1707777
Chunk bitrate: 5 1000000
Buffer size: 6 24001
Download Time: 1099104
Chunk bitrate: 6 1000000
Buffer size: 7 28001
Download Time: 925517
Chunk bitrate: 7 2000000
Buffer size: 7 32001
Chunk bitrate: 7 2000000
Buffer size: 8 32001
Download Time: 2661214
Chunk bitrate: 8 2000000
Buffer size: 9 36001
Download Time: 1746665
Chunk bitrate: 9 3000000
Buffer size: 9 40001
Chunk bitrate: 9 3000000
Buffer size: 10 40001
Download Time: 2207790
Chunk bitrate: 10 3000000
Buffer size: 11 44001
Download Time: 1919997
Chunk bitrate: 11 3000000
Buffer size: 12 48001
Download Time: 2659246
Chunk bitrate: 12 3000000
Buffer size: 13 52001
Download Time: 2227155
Chunk bitrate: 13 3000000
Buffer size: 14 56001
Download Time: 3434838
Chunk bitrate: 14 1000000
Buffer size: 14 60001
Chunk bitrate: 14 1000000
Buffer size: 15 60001
Download Time: 1163853
Chunk bitrate: 15 1000000
Buffer size: 16 64001
Download Time: 1281815
Chunk bitrate: 16 2000000
Buffer size: 16 68001
Chunk bitrate: 16 2000000
Buffer size: 17 68001
Download Time: 1824262
Chunk bitrate: 17 2000000
Buffer size: 18 72001
Download Time: 2072562
Chunk bitrate: 18 2000000
Buffer size: 19 76001
Download Time: 955000
Chunk bitrate: 19 3000000
Buffer size: 19 80001
Chunk bitrate: 19 3000000
Buffer size: 20 80001
Download Time: 1964467
Chunk bitrate: 20 3000000
Buffer size: 21 84001
Download Time: 1202856
Chunk bitrate: 21 3000000
Buffer size: 22 88001
Download Time: 1779518
Chunk bitrate: 22 3000000
Buffer size: 23 92001
Download Time: 2343189
Chunk bitrate: 23 3000000
Buffer size: 24 96001
Download Time: 3081472
Chunk bitrate: 24 1000000
Buffer size: 24 100001
Chunk bitrate: 24 1000000
Buffer size: 25 100001
Download Time: 2039360
Chunk bitrate: 25 1000000
Buffer size: 26 104001
Download Time: 1446963
Chunk bitrate: 26 3000000
Buffer size: 26 108001
Chunk bitrate: 26 3000000
Buffer size: 27 108001
Download Time: 1240143
Chunk bitrate: 27 3000000
Buffer size: 28 112001
Download Time: 1943489
Chunk bitrate: 28 3000000
Buffer size: 29 116001
Download Time: 1892847
Chunk bitrate: 29 3000000
Buffer size: 30 120001
Download Time: 753764
Chunk bitrate: 30 3000000
Buffer size: 31 124001
Download Time: 765225
Chunk bitrate: 31 3000000
Buffer size: 32 128001
Download Time: 1241798
Chunk bitrate: 32 3000000
Buffer size: 33 132001
Download Time: 1163461
Chunk bitrate: 33 3000000
Buffer size: 34 136001
Download Time: 1878703
Chunk bitrate: 34 3000000
Buffer size: 35 140001
Download Time: 2068414
Chunk bitrate: 35 3000000
Buffer size: 36 144001
Download Time: 1665883
Chunk bitrate: 36 3000000
Buffer size: 37 148001
Download Time: 2475895
Chunk bitrate: 37 3000000
Buffer size: 38 152001
Download Time: 2195341
Chunk bitrate: 38 3000000
Buffer size: 39 156001
Download Time: 1013682
Chunk bitrate: 39 3000000
Buffer size: 40 160001
Download Time: 868692
Chunk bitrate: 40 3000000
Buffer size: 41 164001
Download Time: 1173702
Chunk bitrate: 41 3000000
Buffer size: 42 168001
Download Time: 974641
Chunk bitrate: 42 3000000
Buffer size: 43 172001
Download Time: 2231519
Chunk bitrate: 43 2000000
Buffer size: 43 176001
Chunk bitrate: 43 2000000
Buffer size: 44 176001
Download Time: 1880290
Chunk bitrate: 44 2000000
Buffer size: 45 180001
Download Time: 1817000
Chunk bitrate: 45 3000000
Buffer size: 45 184001
Chunk bitrate: 45 3000000
Buffer size: 46 184001
Download Time: 2238040
Chunk bitrate: 46 3000000
Buffer size: 47 188001
Download Time: 2089584
Chunk bitrate: 47 3000000
Buffer size: 48 192001
Download Time: 1747939
Chunk bitrate: 48 3000000
Buffer size: 49 196001
Download Time: 2472129
Chunk bitrate: 49 3000000
Buffer size: 50 200001
Download Time: 1872574
Chunk bitrate: 50 3000000
Buffer size: 51 204001
Download Time: 1547714
Chunk bitrate: 51 3000000
Buffer size: 52 208001
Download Time: 2291121
Chunk bitrate: 52 2000000
Buffer size: 52 212001
Chunk bitrate: 52 2000000
Buffer size: 53 212001
Download Time: 2608704
Chunk bitrate: 53 1000000
Buffer size: 53 216001
Chunk bitrate: 53 1000000
Buffer size: 54 216001
Download Time: 1599906
Chunk bitrate: 54 1000000
Buffer size: 55 220001
Download Time: 938450
Chunk bitrate: 55 3000000
Buffer size: 55 224001
Chunk bitrate: 55 3000000
Buffer size: 56 224001
Download Time: 2239734
Chunk bitrate: 56 3000000
Buffer size: 57 228001
Download Time: 1544898
Chunk bitrate: 57 3000000
Buffer size: 58 232001
Download Time: 650615
Chunk bitrate: 58 3000000
Buffer size: 59 236001
Download Time: 2393758
Chunk bitrate: 59 3000000
Buffer size: 60 240001
Download Time: 1825199
Chunk bitrate: 60 3000000
Buffer size: 61 244001
Download Time: 1903886
Chunk bitrate: 61 3000000
Buffer size: 62 248001
Download Time: 641158
Chunk bitrate: 62 3000000
Buffer size: 63 252001
Download Time: 450030
Chunk bitrate: 63 3000000
Buffer size: 64 256001
Download Time: 799497
Chunk bitrate: 64 3000000
Buffer size: 65 260001
[00007f1be0003378] ps mux: Close
[00007f1bdc031d78] idummy demux: command `quit'
[0000000000a461e8] [cli] lua interface error: Error loading script /home/cs244/vlc/share/lua/intf/cli.luac: lua/intf/modules/host.lua:286: Interrupted.
