[00000000024a7548] core interface error: no suitable interface module
[00000000023e0338] core libvlc error: interface "globalhotkeys,none" initialization failed
[00000000024a7548] dbus interface error: Failed to connect to the D-Bus session daemon: Unable to autolaunch a dbus-daemon without a $DISPLAY for X11
[00000000024a7548] core interface error: no suitable interface module
[00000000023e0338] core libvlc error: interface "dbus,none" initialization failed
[00000000023e0338] core libvlc: Running vlc with the default interface. Use 'cvlc' to use vlc without interface.
[00000000024a7548] qt interface error: Could not connect to X server
[00000000024a7548] skins2 interface error: cannot initialize OSFactory
[00000000024a7548] [cli] lua interface: Listening on host "*console".
VLC media player 3.0.0-git Vetinari
Command Line Interface initialized. Type `help' for help.
> [00007f3fc0003378] ps mux: Open
making a DASHManager
new ratebased adaptionlogic
Chunk bitrate: 0 349952
Buffer size: 0 0
Chunk bitrate: 0 349952
Buffer size: 0 0
[00007f3fc0023cb8] mp4 demux: Fragment sequence discontinuity detected 0 != 2
Download Time: 148398
[00007f3fc0027718] mp4 demux: Fragment sequence discontinuity detected 0 != 2
Startup Time: 1050000
Chunk bitrate: 0 3000000
Buffer size: 0 4001
Chunk bitrate: 0 3000000
Buffer size: 1 4001
Download Time: 1136257
Chunk bitrate: 1 3000000
Buffer size: 2 8001
Download Time: 952615
Chunk bitrate: 2 3000000
Buffer size: 3 12001
Download Time: 1169603
Chunk bitrate: 3 3000000
Buffer size: 4 16001
Download Time: 974489
Chunk bitrate: 4 3000000
Buffer size: 5 20001
Download Time: 1244446
Download Time: 27510
Chunk bitrate: 5 3000000
Buffer size: 6 24001
Download Time: 844441
Chunk bitrate: 6 3000000
Buffer size: 7 28001
Download Time: 829593
Chunk bitrate: 7 3000000
Buffer size: 8 32001
Download Time: 1309902
Chunk bitrate: 8 3000000
Buffer size: 9 36001
Download Time: 1090467
Chunk bitrate: 9 3000000
Buffer size: 10 40001
Download Time: 2210586
Chunk bitrate: 10 3000000
Buffer size: 11 44001
Download Time: 1920186
Chunk bitrate: 11 3000000
Buffer size: 12 48001
Download Time: 1549703
Chunk bitrate: 12 3000000
Buffer size: 13 52001
Download Time: 1114578
Chunk bitrate: 13 3000000
Buffer size: 14 56001
Download Time: 942994
Chunk bitrate: 14 3000000
Buffer size: 15 60001
Download Time: 889440
Chunk bitrate: 15 3000000
Buffer size: 16 64001
Download Time: 1097584
Chunk bitrate: 16 3000000
Buffer size: 17 68001
Download Time: 913931
Chunk bitrate: 17 3000000
Buffer size: 18 72001
Download Time: 1140912
Chunk bitrate: 18 3000000
Buffer size: 19 76001
Download Time: 647103
Download Time: 27693
Chunk bitrate: 19 3000000
Buffer size: 20 80001
Download Time: 989058
Chunk bitrate: 20 3000000
Buffer size: 21 84001
Download Time: 602654
Chunk bitrate: 21 3000000
Buffer size: 22 88001
Download Time: 892377
Chunk bitrate: 22 3000000
Buffer size: 23 92001
Download Time: 1174317
Chunk bitrate: 23 3000000
Buffer size: 24 96001
Download Time: 1045151
Chunk bitrate: 24 3000000
Buffer size: 25 100001
Download Time: 1031707
Chunk bitrate: 25 3000000
Buffer size: 26 104001
Download Time: 976431
Chunk bitrate: 26 3000000
Buffer size: 27 108001
Download Time: 621320
Chunk bitrate: 27 3000000
Buffer size: 28 112001
Download Time: 974636
Chunk bitrate: 28 3000000
Buffer size: 29 116001
Download Time: 1208474
Chunk bitrate: 29 3000000
Buffer size: 30 120001
Download Time: 756699
Chunk bitrate: 30 3000000
Buffer size: 31 124001
Download Time: 764510
Chunk bitrate: 31 3000000
Buffer size: 32 128001
Download Time: 1241768
Chunk bitrate: 32 3000000
Buffer size: 33 132001
Download Time: 1163297
Chunk bitrate: 33 3000000
Buffer size: 34 136001
Download Time: 1136238
Chunk bitrate: 34 3000000
Buffer size: 35 140001
Download Time: 1036248
Chunk bitrate: 35 3000000
Buffer size: 36 144001
Download Time: 834810
Chunk bitrate: 36 3000000
Buffer size: 37 148001
Download Time: 1240672
Chunk bitrate: 37 3000000
Buffer size: 38 152001
Download Time: 1173375
Chunk bitrate: 38 3000000
Buffer size: 39 156001
Download Time: 1014103
Chunk bitrate: 39 3000000
Buffer size: 40 160001
Download Time: 868887
Chunk bitrate: 40 3000000
Buffer size: 41 164001
Download Time: 1173659
Chunk bitrate: 41 3000000
Buffer size: 42 168001
Download Time: 974301
Chunk bitrate: 42 3000000
Buffer size: 43 172001
Download Time: 1202334
Chunk bitrate: 43 3000000
Buffer size: 44 176001
Download Time: 884080
Chunk bitrate: 44 3000000
Buffer size: 45 180001
Download Time: 1051783
Chunk bitrate: 45 3000000
Buffer size: 46 184001
Download Time: 2237386
Chunk bitrate: 46 3000000
Buffer size: 47 188001
Download Time: 2092695
Chunk bitrate: 47 3000000
Buffer size: 48 192001
Download Time: 1126859
Chunk bitrate: 48 3000000
Buffer size: 49 196001
Download Time: 1237069
Chunk bitrate: 49 3000000
Buffer size: 50 200001
Download Time: 938826
Chunk bitrate: 50 3000000
Buffer size: 51 204001
Download Time: 776193
Chunk bitrate: 51 3000000
Buffer size: 52 208001
Download Time: 1136184
Chunk bitrate: 52 3000000
Buffer size: 53 212001
Download Time: 1074175
Chunk bitrate: 53 3000000
Buffer size: 54 216001
Download Time: 1136805
Chunk bitrate: 54 3000000
Buffer size: 55 220001
Download Time: 1025132
Chunk bitrate: 55 3000000
Buffer size: 56 224001
Download Time: 1123735
Chunk bitrate: 56 3000000
Buffer size: 57 228001
Download Time: 913089
Chunk bitrate: 57 3000000
Buffer size: 58 232001
Download Time: 652760
Chunk bitrate: 58 3000000
Buffer size: 59 236001
Download Time: 2392918
Chunk bitrate: 59 3000000
Buffer size: 60 240001
Download Time: 1672427
Chunk bitrate: 60 3000000
Buffer size: 61 244001
Download Time: 953297
Chunk bitrate: 61 3000000
Buffer size: 62 248001
Download Time: 324573
Chunk bitrate: 62 3000000
Buffer size: 63 252001
Download Time: 226812
Chunk bitrate: 63 3000000
Buffer size: 64 256001
Download Time: 402727
Chunk bitrate: 64 3000000
Buffer size: 65 260001
[00007f3fc0003378] ps mux: Close
[00007f3fcc001288] idummy demux: command `quit'
[00000000024a7548] [cli] lua interface error: Error loading script /home/cs244/vlc/share/lua/intf/cli.luac: lua/intf/modules/host.lua:286: Interrupted.
