[000000000168a1e8] core interface error: no suitable interface module
[00000000015c1338] core libvlc error: interface "globalhotkeys,none" initialization failed
[000000000168a1e8] dbus interface error: Failed to connect to the D-Bus session daemon: Unable to autolaunch a dbus-daemon without a $DISPLAY for X11
[000000000168a1e8] core interface error: no suitable interface module
[00000000015c1338] core libvlc error: interface "dbus,none" initialization failed
[00000000015c1338] core libvlc: Running vlc with the default interface. Use 'cvlc' to use vlc without interface.
[000000000168a1e8] qt interface error: Could not connect to X server
[000000000168a1e8] skins2 interface error: cannot initialize OSFactory
[000000000168a1e8] [cli] lua interface: Listening on host "*console".
VLC media player 3.0.0-git Vetinari
Command Line Interface initialized. Type `help' for help.
> [00007fdb0c003378] ps mux: Open
making a DASHManager
new ratebased adaptionlogic
Chunk bitrate: 0 349952
Buffer size: 0 0
Chunk bitrate: 0 349952
Buffer size: 0 0
[00007fdb0c019cb8] mp4 demux: Fragment sequence discontinuity detected 0 != 2
Download Time: 587446
[00007fdb0c024a58] mp4 demux: Fragment sequence discontinuity detected 0 != 2
Startup Time: 1050000
Chunk bitrate: 0 1000000
Buffer size: 0 4001
Chunk bitrate: 0 1000000
Buffer size: 1 4001
Download Time: 1611681
Chunk bitrate: 1 1000000
Buffer size: 2 8001
Download Time: 1170223
Chunk bitrate: 2 1000000
Buffer size: 3 12001
Download Time: 1444864
Chunk bitrate: 3 2000000
Buffer size: 3 16001
Chunk bitrate: 3 2000000
Buffer size: 4 16001
Download Time: 1881511
Chunk bitrate: 4 2000000
Buffer size: 5 20001
Download Time: 2574136
Chunk bitrate: 5 2000000
Buffer size: 6 24001
Download Time: 1062204
Chunk bitrate: 6 3000000
Buffer size: 6 28001
Chunk bitrate: 6 3000000
Buffer size: 7 28001
Download Time: 1653460
Chunk bitrate: 7 3000000
Buffer size: 8 32001
Download Time: 3512068
Chunk bitrate: 8 1000000
Buffer size: 8 36001
Chunk bitrate: 8 1000000
Buffer size: 9 36001
Download Time: 2207803
Chunk bitrate: 9 1000000
Buffer size: 10 40001
Download Time: 1660109
Chunk bitrate: 10 1000000
Buffer size: 11 44001
Download Time: 1396606
Chunk bitrate: 11 1000000
Buffer size: 12 48001
Download Time: 1734667
Chunk bitrate: 12 1000000
Buffer size: 13 52001
Download Time: 1423656
Chunk bitrate: 13 2000000
Buffer size: 13 56001
Chunk bitrate: 13 2000000
Buffer size: 14 56001
Download Time: 2048976
Chunk bitrate: 14 2000000
Buffer size: 15 60001
Download Time: 1827906
Chunk bitrate: 15 2000000
Buffer size: 16 64001
Download Time: 1628413
Chunk bitrate: 16 3000000
Buffer size: 16 68001
Chunk bitrate: 16 3000000
Buffer size: 17 68001
Download Time: 1824014
Chunk bitrate: 17 3000000
Buffer size: 18 72001
Download Time: 2803312
Chunk bitrate: 18 1000000
Buffer size: 18 76001
Chunk bitrate: 18 1000000
Buffer size: 19 76001
Download Time: 1065057
Chunk bitrate: 19 1000000
Buffer size: 20 80001
Download Time: 1820843
Chunk bitrate: 20 1000000
Buffer size: 21 84001
Download Time: 910356
Chunk bitrate: 21 3000000
Buffer size: 21 88001
Chunk bitrate: 21 3000000
Buffer size: 22 88001
Download Time: 892119
Chunk bitrate: 22 3000000
Buffer size: 23 92001
Download Time: 1173885
Chunk bitrate: 23 3000000
Buffer size: 24 96001
Download Time: 1044848
Chunk bitrate: 24 3000000
Buffer size: 25 100001
Download Time: 1031584
Chunk bitrate: 25 3000000
Buffer size: 26 104001
Download Time: 976443
Chunk bitrate: 26 3000000
Buffer size: 27 108001
Download Time: 619967
Chunk bitrate: 27 3000000
Buffer size: 28 112001
Download Time: 973766
Chunk bitrate: 28 3000000
Buffer size: 29 116001
Download Time: 1210422
Chunk bitrate: 29 3000000
Buffer size: 30 120001
Download Time: 755208
Chunk bitrate: 30 3000000
Buffer size: 31 124001
Download Time: 765420
Chunk bitrate: 31 3000000
Buffer size: 32 128001
Download Time: 1242042
Chunk bitrate: 32 3000000
Buffer size: 33 132001
Download Time: 1163156
Chunk bitrate: 33 3000000
Buffer size: 34 136001
Download Time: 1135237
Chunk bitrate: 34 3000000
Buffer size: 35 140001
Download Time: 1035158
Chunk bitrate: 35 3000000
Buffer size: 36 144001
Download Time: 835198
Chunk bitrate: 36 3000000
Buffer size: 37 148001
Download Time: 1240516
Chunk bitrate: 37 3000000
Buffer size: 38 152001
Download Time: 1172427
Chunk bitrate: 38 3000000
Buffer size: 39 156001
Download Time: 1014787
Chunk bitrate: 39 3000000
Buffer size: 40 160001
Download Time: 872625
Chunk bitrate: 40 3000000
Buffer size: 41 164001
Download Time: 3282533
Chunk bitrate: 41 2000000
Buffer size: 41 168001
Chunk bitrate: 41 2000000
Buffer size: 42 168001
Download Time: 1865039
Chunk bitrate: 42 3000000
Buffer size: 42 172001
Chunk bitrate: 42 3000000
Buffer size: 43 172001
Download Time: 2402352
Chunk bitrate: 43 3000000
Buffer size: 44 176001
Download Time: 1761564
Chunk bitrate: 44 3000000
Buffer size: 45 180001
Download Time: 2100124
Chunk bitrate: 45 3000000
Buffer size: 46 184001
Download Time: 2238790
Chunk bitrate: 46 3000000
Buffer size: 47 188001
Download Time: 2587511
Chunk bitrate: 47 2000000
Buffer size: 47 192001
Chunk bitrate: 47 2000000
Buffer size: 48 192001
Download Time: 1781662
Chunk bitrate: 48 2000000
Buffer size: 49 196001
Download Time: 2156691
Chunk bitrate: 49 3000000
Buffer size: 49 200001
Chunk bitrate: 49 3000000
Buffer size: 50 200001
Download Time: 1874530
Chunk bitrate: 50 3000000
Buffer size: 51 204001
Download Time: 1548215
Chunk bitrate: 51 3000000
Buffer size: 52 208001
Download Time: 5896033
Chunk bitrate: 52 1000000
Buffer size: 52 212001
Chunk bitrate: 52 1000000
Buffer size: 53 212001
Download Time: 1614681
Chunk bitrate: 53 1000000
Buffer size: 54 216001
Download Time: 2004224
Chunk bitrate: 54 1000000
Buffer size: 55 220001
Download Time: 1448542
Chunk bitrate: 55 2000000
Buffer size: 55 224001
Chunk bitrate: 55 2000000
Buffer size: 56 224001
Download Time: 2456796
Chunk bitrate: 56 2000000
Buffer size: 57 228001
Download Time: 1379270
Chunk bitrate: 57 2000000
Buffer size: 58 232001
Download Time: 539465
Chunk bitrate: 58 3000000
Buffer size: 58 236001
Chunk bitrate: 58 3000000
Buffer size: 59 236001
Download Time: 2393561
Chunk bitrate: 59 3000000
Buffer size: 60 240001
Download Time: 1827579
Chunk bitrate: 60 3000000
Buffer size: 61 244001
Download Time: 5986149
Chunk bitrate: 61 1000000
Buffer size: 61 248001
Chunk bitrate: 61 1000000
Buffer size: 62 248001
Download Time: 606988
[00007fdb0c003378] core mux error: cannot add this stream
[00007fdb0c087d68] core decoder error: cannot create packetizer output (h264)
Chunk bitrate: 62 1000000
Buffer size: 63 252001
Download Time: 452811
Chunk bitrate: 63 1000000
Buffer size: 64 256001
Download Time: 832992
Chunk bitrate: 64 1000000
Buffer size: 65 260001
[00007fdb0c003378] ps mux: Close
[00007fdb08031d28] idummy demux: command `quit'
[000000000168a1e8] [cli] lua interface error: Error loading script /home/cs244/vlc/share/lua/intf/cli.luac: lua/intf/modules/host.lua:286: Interrupted.
